Run: 2
/cm/local/apps/slurm/var/spool/job993457/slurm_script: line 26: 
pip install -e tpot2
pip install -r tpot2/ImputerExperiments/requirements_.txt
: No such file or directory
RunStart
Version 0.1.7a0 of tpot2 is outdated. Version 0.1.8a0 was released Tuesday September 17, 2024.
starting loops
../data/r/23515/23515.pkl
working on 
../data/r/23515/reg_full_MCAR_0.1_1
0.8369977474212646
running experiment 1/3 - Does large hyperparameter space improve reconstruction accuracy over simple
[I 2024-10-08 10:25:37,406] A new study created in memory with name: no-name-e281948f-2f27-41a1-928b-60bea552961f
running
running
running
running
running
running
running
running
running
running
running
running
running
running
running
running
[I 2024-10-08 10:25:37,716] Trial 6 finished with value: 0.16944246452091843 and parameters: {'model_name': 'SimpleImputer', 'strategy': 'mean'}. Best is trial 6 with value: 0.16944246452091843.
[I 2024-10-08 10:25:37,831] Trial 4 finished with value: 0.16944246452091843 and parameters: {'model_name': 'SimpleImputer', 'strategy': 'mean'}. Best is trial 6 with value: 0.16944246452091843.
running
[I 2024-10-08 10:25:37,973] Trial 10 finished with value: 0.4640946099061547 and parameters: {'model_name': 'SimpleImputer', 'strategy': 'constant'}. Best is trial 6 with value: 0.16944246452091843.
running
running
[I 2024-10-08 10:25:38,128] Trial 5 finished with value: 0.4640946099061547 and parameters: {'model_name': 'SimpleImputer', 'strategy': 'most_frequent'}. Best is trial 6 with value: 0.16944246452091843.
running
[I 2024-10-08 10:25:41,495] Trial 13 finished with value: 0.1473187428573282 and parameters: {'model_name': 'KNNImputer', 'n_neighbors': 2530, 'weights': 'uniform'}. Best is trial 13 with value: 0.1473187428573282.
running
[I 2024-10-08 10:25:41,756] Trial 14 finished with value: 0.14743810331050555 and parameters: {'model_name': 'KNNImputer', 'n_neighbors': 2557, 'weights': 'uniform'}. Best is trial 13 with value: 0.1473187428573282.
running
[I 2024-10-08 10:25:41,899] Trial 7 finished with value: 0.16587294545545755 and parameters: {'model_name': 'KNNImputer', 'n_neighbors': 5507, 'weights': 'uniform'}. Best is trial 13 with value: 0.1473187428573282.
running
[I 2024-10-08 10:25:42,269] Trial 17 finished with value: 0.14887133063794095 and parameters: {'model_name': 'KNNImputer', 'n_neighbors': 7864, 'weights': 'distance'}. Best is trial 13 with value: 0.1473187428573282.
[I 2024-10-08 10:25:42,380] Trial 18 finished with value: 0.15693300142087838 and parameters: {'model_name': 'KNNImputer', 'n_neighbors': 4250, 'weights': 'uniform'}. Best is trial 13 with value: 0.1473187428573282.
running
running
[I 2024-10-08 10:25:42,896] Trial 1 finished with value: 0.14223454102483277 and parameters: {'model_name': 'KNNImputer', 'n_neighbors': 4308, 'weights': 'distance'}. Best is trial 1 with value: 0.14223454102483277.
running
[I 2024-10-08 10:25:43,299] Trial 9 finished with value: 0.14553537749403564 and parameters: {'model_name': 'IterativeImputer', 'estimator': 'Ridge', 'initial_strategy': 'constant', 'n_nearest_features': 4, 'imputation_order': 'roman'}. Best is trial 1 with value: 0.14223454102483277.
running
[I 2024-10-08 10:25:45,380] Trial 20 finished with value: inf and parameters: {'model_name': 'GAIN', 'batch_size': 2, 'hint_rate': 0.47139970538980386, 'alpha': 66, 'iterations': 6, 'learning_rate': 0.062439050718664665, 'p_miss': 0.15182417599341655}. Best is trial 1 with value: 0.14223454102483277.
running
[I 2024-10-08 10:25:46,425] Trial 21 finished with value: inf and parameters: {'model_name': 'GAIN', 'batch_size': 6, 'hint_rate': 0.8883833455286692, 'alpha': 14, 'iterations': 37, 'learning_rate': 0.0010654733683231924, 'p_miss': 0.04121624375634867}. Best is trial 1 with value: 0.14223454102483277.
running
[I 2024-10-08 10:25:48,992] Trial 24 finished with value: 0.4140031294090158 and parameters: {'model_name': 'GAIN', 'batch_size': 267, 'hint_rate': 0.9182091722942382, 'alpha': 81, 'iterations': 13, 'learning_rate': 0.0013096939897987321, 'p_miss': 0.2210062607152626}. Best is trial 1 with value: 0.14223454102483277.
running
[I 2024-10-08 10:25:50,130] Trial 26 finished with value: 0.14553537749403564 and parameters: {'model_name': 'IterativeImputer', 'estimator': 'Ridge', 'initial_strategy': 'constant', 'n_nearest_features': 4, 'imputation_order': 'roman'}. Best is trial 1 with value: 0.14223454102483277.
running
[I 2024-10-08 10:25:50,725] Trial 0 finished with value: inf and parameters: {'model_name': 'GAIN', 'batch_size': 1, 'hint_rate': 0.32364699074832215, 'alpha': 32, 'iterations': 119, 'learning_rate': 0.0017814410538305226, 'p_miss': 0.0634669190610909}. Best is trial 1 with value: 0.14223454102483277.
running
[I 2024-10-08 10:25:54,125] Trial 27 finished with value: 0.14553537749403564 and parameters: {'model_name': 'IterativeImputer', 'estimator': 'Ridge', 'initial_strategy': 'constant', 'n_nearest_features': 4, 'imputation_order': 'roman'}. Best is trial 1 with value: 0.14223454102483277.
running
[I 2024-10-08 10:25:54,603] Trial 28 finished with value: 0.14553537749403564 and parameters: {'model_name': 'IterativeImputer', 'estimator': 'Ridge', 'initial_strategy': 'constant', 'n_nearest_features': 4, 'imputation_order': 'roman'}. Best is trial 1 with value: 0.14223454102483277.
running
[I 2024-10-08 10:25:55,669] Trial 15 finished with value: 0.2420748529797579 and parameters: {'model_name': 'IterativeImputer', 'estimator': 'Bayesian', 'initial_strategy': 'most_frequent', 'n_nearest_features': 2, 'imputation_order': 'roman', 'sample_posterior': True}. Best is trial 1 with value: 0.14223454102483277.
running
[I 2024-10-08 10:25:57,591] Trial 29 finished with value: 0.14553537749403564 and parameters: {'model_name': 'IterativeImputer', 'estimator': 'Ridge', 'initial_strategy': 'constant', 'n_nearest_features': 4, 'imputation_order': 'roman'}. Best is trial 1 with value: 0.14223454102483277.
running
[I 2024-10-08 10:26:01,400] Trial 3 finished with value: 0.4250964048534952 and parameters: {'model_name': 'GAIN', 'batch_size': 224, 'hint_rate': 0.26978785642726894, 'alpha': 21, 'iterations': 52, 'learning_rate': 0.0008177763810016501, 'p_miss': 0.15360593196407282}. Best is trial 1 with value: 0.14223454102483277.
running
[I 2024-10-08 10:26:04,553] Trial 2 finished with value: 0.41458969819193425 and parameters: {'model_name': 'GAIN', 'batch_size': 59, 'hint_rate': 0.09203961056146608, 'alpha': 46, 'iterations': 60, 'learning_rate': 0.007540681517292184, 'p_miss': 0.25415690338802305}. Best is trial 1 with value: 0.14223454102483277.
running
[I 2024-10-08 10:26:06,306] Trial 22 finished with value: 0.2372730227400981 and parameters: {'model_name': 'IterativeImputer', 'estimator': 'Bayesian', 'initial_strategy': 'constant', 'n_nearest_features': 4, 'imputation_order': 'random', 'sample_posterior': True}. Best is trial 1 with value: 0.14223454102483277.
running
slurmstepd: error: *** JOB 993457 ON esplhpc-cp050 CANCELLED AT 2024-10-08T10:26:44 ***
slurmstepd: error: *** STEP 993457.0 ON esplhpc-cp050 CANCELLED AT 2024-10-08T10:26:44 ***
