Run: 57
/cm/local/apps/slurm/var/spool/job1067667/slurm_script: line 27: 
pip install -e tpot2
pip install -r tpot2/ImputerExperiments/requirements_.txt
: No such file or directory
RunStart
Version 0.1.7a0 of tpot2 is outdated. Version 0.1.8a0 was released Tuesday September 17, 2024.
starting loops
../data/c/40677/40677.pkl
working on 
../data/c/40677/class_full_MNAR_0.01_3
0.8805251121520996
running experiment 1/3 - Does large hyperparameter space improve reconstruction accuracy over simple
[I 2024-11-20 15:17:31,784] A new study created in memory with name: no-name-5a299977-59e3-4908-a4b3-73d6456ef0f0
running
running
running
running
running
running
running
running
running
running
running
running
running
running
running
running
[I 2024-11-20 15:17:32,178] Trial 5 finished with value: 0.6717492937425578 and parameters: {'model_name': 'SimpleImputer', 'strategy': 'median'}. Best is trial 5 with value: 0.6717492937425578.
running
[I 2024-11-20 15:17:33,708] Trial 12 finished with value: 0.4878481308266278 and parameters: {'model_name': 'KNNImputer', 'n_neighbors': 2280, 'weights': 'uniform'}. Best is trial 12 with value: 0.4878481308266278.
running
[I 2024-11-20 15:17:34,078] Trial 17 finished with value: 0.6717492937425578 and parameters: {'model_name': 'SimpleImputer', 'strategy': 'median'}. Best is trial 12 with value: 0.4878481308266278.
running
[I 2024-11-20 15:17:34,389] Trial 6 finished with value: 0.4878481308266278 and parameters: {'model_name': 'KNNImputer', 'n_neighbors': 2292, 'weights': 'uniform'}. Best is trial 12 with value: 0.4878481308266278.
running
[I 2024-11-20 15:17:34,756] Trial 1 finished with value: 0.4870254476449885 and parameters: {'model_name': 'KNNImputer', 'n_neighbors': 1752, 'weights': 'uniform'}. Best is trial 1 with value: 0.4870254476449885.
running
[I 2024-11-20 15:17:36,199] Trial 18 finished with value: 0.4815684945666884 and parameters: {'model_name': 'KNNImputer', 'n_neighbors': 471, 'weights': 'distance'}. Best is trial 18 with value: 0.4815684945666884.
running
[I 2024-11-20 15:17:39,657] Trial 0 finished with value: 0.47716498289533593 and parameters: {'model_name': 'IterativeImputer', 'estimator': 'Ridge', 'initial_strategy': 'median', 'n_nearest_features': 24, 'imputation_order': 'arabic'}. Best is trial 0 with value: 0.47716498289533593.
running
[I 2024-11-20 15:17:40,985] Trial 22 finished with value: 0.48024412268362865 and parameters: {'model_name': 'KNNImputer', 'n_neighbors': 269, 'weights': 'distance'}. Best is trial 0 with value: 0.47716498289533593.
running
[I 2024-11-20 15:17:44,163] Trial 3 finished with value: 0.4767896892905041 and parameters: {'model_name': 'IterativeImputer', 'estimator': 'Ridge', 'initial_strategy': 'mean', 'n_nearest_features': 14, 'imputation_order': 'random'}. Best is trial 3 with value: 0.4767896892905041.
running
[I 2024-11-20 15:17:46,632] Trial 21 finished with value: 0.4751464444633934 and parameters: {'model_name': 'IterativeImputer', 'estimator': 'Ridge', 'initial_strategy': 'median', 'n_nearest_features': 9, 'imputation_order': 'random'}. Best is trial 21 with value: 0.4751464444633934.
running
[I 2024-11-20 15:17:50,431] Trial 8 finished with value: 0.7289378883075438 and parameters: {'model_name': 'GAIN', 'batch_size': 11, 'hint_rate': 0.09178362240616646, 'alpha': 99, 'iterations': 1, 'learning_rate': 0.055922660921149205, 'p_miss': 0.10167580677122648}. Best is trial 21 with value: 0.4751464444633934.
running
[I 2024-11-20 15:17:54,209] Trial 16 finished with value: 0.5223673877663264 and parameters: {'model_name': 'IterativeImputer', 'estimator': 'KNN', 'initial_strategy': 'median', 'n_nearest_features': 6, 'imputation_order': 'roman'}. Best is trial 21 with value: 0.4751464444633934.
running
[I 2024-11-20 15:17:58,240] Trial 2 finished with value: 0.5047297839917958 and parameters: {'model_name': 'VAE', 'batch_size': 338, 'iterations': 2, 'learning_rate': 0.00043025795338405413, 'p_miss': 0.06901001059162831}. Best is trial 21 with value: 0.4751464444633934.
running
[I 2024-11-20 15:18:07,215] Trial 10 finished with value: 0.7307369495783208 and parameters: {'model_name': 'GAIN', 'batch_size': 480, 'hint_rate': 0.8388976459176666, 'alpha': 31, 'iterations': 9, 'learning_rate': 0.0795579002480193, 'p_miss': 0.09263042927544332}. Best is trial 21 with value: 0.4751464444633934.
running
[I 2024-11-20 15:18:18,304] Trial 23 finished with value: 0.6148133008105067 and parameters: {'model_name': 'VAE', 'batch_size': 1, 'iterations': 26, 'learning_rate': 0.07611785680243412, 'p_miss': 0.24554423302757414}. Best is trial 21 with value: 0.4751464444633934.
running
[I 2024-11-20 15:18:25,284] Trial 13 finished with value: 0.5186511114211872 and parameters: {'model_name': 'VAE', 'batch_size': 4, 'iterations': 31, 'learning_rate': 0.04502167995856149, 'p_miss': 0.27593417206168364}. Best is trial 21 with value: 0.4751464444633934.
running
[I 2024-11-20 15:18:43,266] Trial 26 finished with value: 0.47621830993404607 and parameters: {'model_name': 'IterativeImputer', 'estimator': 'Ridge', 'initial_strategy': 'mean', 'n_nearest_features': 9, 'imputation_order': 'random'}. Best is trial 21 with value: 0.4751464444633934.
running
[I 2024-11-20 15:18:53,113] Trial 28 finished with value: 0.47711935504886815 and parameters: {'model_name': 'IterativeImputer', 'estimator': 'Ridge', 'initial_strategy': 'mean', 'n_nearest_features': 13, 'imputation_order': 'random'}. Best is trial 21 with value: 0.4751464444633934.
running
[I 2024-11-20 15:18:58,860] Trial 29 finished with value: 0.47673123434007036 and parameters: {'model_name': 'IterativeImputer', 'estimator': 'Ridge', 'initial_strategy': 'mean', 'n_nearest_features': 12, 'imputation_order': 'random'}. Best is trial 21 with value: 0.4751464444633934.
running
[I 2024-11-20 15:19:01,691] Trial 25 finished with value: 0.7241898654190162 and parameters: {'model_name': 'GAIN', 'batch_size': 52, 'hint_rate': 0.016996427356622046, 'alpha': 80, 'iterations': 105, 'learning_rate': 0.0017839695021636122, 'p_miss': 0.14455000778854218}. Best is trial 21 with value: 0.4751464444633934.
running
[I 2024-11-20 15:19:09,825] Trial 30 finished with value: 0.47711935504886815 and parameters: {'model_name': 'IterativeImputer', 'estimator': 'Ridge', 'initial_strategy': 'mean', 'n_nearest_features': 13, 'imputation_order': 'random'}. Best is trial 21 with value: 0.4751464444633934.
running
[I 2024-11-20 15:19:17,801] Trial 31 finished with value: 0.47673123434007036 and parameters: {'model_name': 'IterativeImputer', 'estimator': 'Ridge', 'initial_strategy': 'mean', 'n_nearest_features': 12, 'imputation_order': 'random'}. Best is trial 21 with value: 0.4751464444633934.
running
[I 2024-11-20 15:19:36,687] Trial 32 finished with value: 0.4772697484824146 and parameters: {'model_name': 'IterativeImputer', 'estimator': 'Ridge', 'initial_strategy': 'constant', 'n_nearest_features': 9, 'imputation_order': 'random'}. Best is trial 21 with value: 0.4751464444633934.
running
[I 2024-11-20 15:19:38,532] Trial 34 finished with value: 0.4789366815649793 and parameters: {'model_name': 'IterativeImputer', 'estimator': 'Bayesian', 'initial_strategy': 'most_frequent', 'n_nearest_features': 4, 'imputation_order': 'descending', 'sample_posterior': False}. Best is trial 21 with value: 0.4751464444633934.
running
[I 2024-11-20 15:20:12,293] Trial 38 finished with value: 0.4806727506135635 and parameters: {'model_name': 'IterativeImputer', 'estimator': 'Bayesian', 'initial_strategy': 'most_frequent', 'n_nearest_features': 3, 'imputation_order': 'ascending', 'sample_posterior': False}. Best is trial 21 with value: 0.4751464444633934.
running
[I 2024-11-20 15:20:18,040] Trial 19 finished with value: 0.729636505708205 and parameters: {'model_name': 'GAIN', 'batch_size': 314, 'hint_rate': 0.3410376256965426, 'alpha': 23, 'iterations': 138, 'learning_rate': 0.03970163225674968, 'p_miss': 0.15946068782976439}. Best is trial 21 with value: 0.4751464444633934.
running
[I 2024-11-20 15:20:21,640] Trial 14 finished with value: 0.4905033271528394 and parameters: {'model_name': 'VAE', 'batch_size': 114, 'iterations': 127, 'learning_rate': 0.015090441996834847, 'p_miss': 0.19152260282953876}. Best is trial 21 with value: 0.4751464444633934.
running
[I 2024-11-20 15:21:45,392] Trial 7 finished with value: 0.4896960716470849 and parameters: {'model_name': 'VAE', 'batch_size': 115, 'iterations': 208, 'learning_rate': 0.030232440241711168, 'p_miss': 0.22995089801796528}. Best is trial 21 with value: 0.4751464444633934.
running
[I 2024-11-20 15:21:58,198] Trial 24 finished with value: 0.4753559140695353 and parameters: {'model_name': 'IterativeImputer', 'estimator': 'Bayesian', 'initial_strategy': 'mean', 'n_nearest_features': 15, 'imputation_order': 'arabic', 'sample_posterior': False}. Best is trial 21 with value: 0.4751464444633934.
running
[I 2024-11-20 15:22:17,474] Trial 36 finished with value: 0.47711868026894877 and parameters: {'model_name': 'IterativeImputer', 'estimator': 'Bayesian', 'initial_strategy': 'constant', 'n_nearest_features': 6, 'imputation_order': 'random', 'sample_posterior': False}. Best is trial 21 with value: 0.4751464444633934.
running
[I 2024-11-20 15:22:18,900] Trial 45 finished with value: 0.6717492937425578 and parameters: {'model_name': 'SimpleImputer', 'strategy': 'most_frequent'}. Best is trial 21 with value: 0.4751464444633934.
running
[I 2024-11-20 15:22:25,851] Trial 37 finished with value: 0.47561947234860413 and parameters: {'model_name': 'IterativeImputer', 'estimator': 'Bayesian', 'initial_strategy': 'most_frequent', 'n_nearest_features': 6, 'imputation_order': 'descending', 'sample_posterior': False}. Best is trial 21 with value: 0.4751464444633934.
running
[I 2024-11-20 15:22:26,220] Trial 11 finished with value: 0.7298194698230409 and parameters: {'model_name': 'GAIN', 'batch_size': 57, 'hint_rate': 0.27324831858892495, 'alpha': 51, 'iterations': 463, 'learning_rate': 0.00324800855270127, 'p_miss': 0.2893579568874843}. Best is trial 21 with value: 0.4751464444633934.
running
[I 2024-11-20 15:53:34,066] Trial 20 finished with value: 0.730897172405834 and parameters: {'model_name': 'GAIN', 'batch_size': 5, 'hint_rate': 0.28097206973041405, 'alpha': 42, 'iterations': 1039, 'learning_rate': 0.0002970435850042617, 'p_miss': 0.25195974952642936}. Best is trial 21 with value: 0.4751464444633934.
running
[I 2024-11-20 16:16:29,465] Trial 35 finished with value: 0.4919649622362103 and parameters: {'model_name': 'IterativeImputer', 'estimator': 'RFR', 'initial_strategy': 'constant', 'n_nearest_features': 4, 'imputation_order': 'ascending'}. Best is trial 21 with value: 0.4751464444633934.
running
[I 2024-11-20 16:21:02,901] Trial 33 finished with value: 0.4953052669224206 and parameters: {'model_name': 'IterativeImputer', 'estimator': 'RFR', 'initial_strategy': 'most_frequent', 'n_nearest_features': 6, 'imputation_order': 'random'}. Best is trial 21 with value: 0.4751464444633934.
running
[I 2024-11-20 16:23:39,797] Trial 50 finished with value: 0.6673965792946697 and parameters: {'model_name': 'IterativeImputer', 'estimator': 'Bayesian', 'initial_strategy': 'median', 'n_nearest_features': 18, 'imputation_order': 'descending', 'sample_posterior': True}. Best is trial 21 with value: 0.4751464444633934.
running
[I 2024-11-20 16:25:05,820] Trial 4 finished with value: 0.5207606327302781 and parameters: {'model_name': 'IterativeImputer', 'estimator': 'RFR', 'initial_strategy': 'constant', 'n_nearest_features': 9, 'imputation_order': 'descending'}. Best is trial 21 with value: 0.4751464444633934.
running
[I 2024-11-20 16:26:14,035] Trial 39 finished with value: 0.5036559229641753 and parameters: {'model_name': 'IterativeImputer', 'estimator': 'RFR', 'initial_strategy': 'median', 'n_nearest_features': 8, 'imputation_order': 'ascending'}. Best is trial 21 with value: 0.4751464444633934.
running
[I 2024-11-20 16:28:17,507] Trial 51 finished with value: 0.6673965792946697 and parameters: {'model_name': 'IterativeImputer', 'estimator': 'Bayesian', 'initial_strategy': 'median', 'n_nearest_features': 18, 'imputation_order': 'descending', 'sample_posterior': True}. Best is trial 21 with value: 0.4751464444633934.
running
[I 2024-11-20 16:28:18,508] Trial 55 finished with value: 0.4878481308266278 and parameters: {'model_name': 'SimpleImputer', 'strategy': 'mean'}. Best is trial 21 with value: 0.4751464444633934.
running
[I 2024-11-20 16:28:29,615] Trial 52 finished with value: 0.47551365071737095 and parameters: {'model_name': 'IterativeImputer', 'estimator': 'Bayesian', 'initial_strategy': 'median', 'n_nearest_features': 9, 'imputation_order': 'arabic', 'sample_posterior': False}. Best is trial 21 with value: 0.4751464444633934.
running
[I 2024-11-20 16:29:22,624] Trial 40 finished with value: 0.5172663534723143 and parameters: {'model_name': 'IterativeImputer', 'estimator': 'RFR', 'initial_strategy': 'median', 'n_nearest_features': 9, 'imputation_order': 'random'}. Best is trial 21 with value: 0.4751464444633934.
running
[I 2024-11-20 16:29:34,956] Trial 56 finished with value: 0.4769117382408731 and parameters: {'model_name': 'IterativeImputer', 'estimator': 'Ridge', 'initial_strategy': 'mean', 'n_nearest_features': 10, 'imputation_order': 'arabic'}. Best is trial 21 with value: 0.4751464444633934.
running
[I 2024-11-20 16:29:50,719] Trial 53 finished with value: 0.47551365071737095 and parameters: {'model_name': 'IterativeImputer', 'estimator': 'Bayesian', 'initial_strategy': 'median', 'n_nearest_features': 9, 'imputation_order': 'arabic', 'sample_posterior': False}. Best is trial 21 with value: 0.4751464444633934.
running
[I 2024-11-20 16:30:57,649] Trial 41 finished with value: 0.5170958972496421 and parameters: {'model_name': 'IterativeImputer', 'estimator': 'RFR', 'initial_strategy': 'median', 'n_nearest_features': 9, 'imputation_order': 'random'}. Best is trial 21 with value: 0.4751464444633934.
running
[I 2024-11-20 16:31:44,113] Trial 54 finished with value: 0.47482810382861074 and parameters: {'model_name': 'IterativeImputer', 'estimator': 'Bayesian', 'initial_strategy': 'most_frequent', 'n_nearest_features': 16, 'imputation_order': 'arabic', 'sample_posterior': False}. Best is trial 54 with value: 0.47482810382861074.
running
[I 2024-11-20 16:31:45,211] Trial 42 finished with value: 0.5172430744896759 and parameters: {'model_name': 'IterativeImputer', 'estimator': 'RFR', 'initial_strategy': 'median', 'n_nearest_features': 9, 'imputation_order': 'random'}. Best is trial 54 with value: 0.47482810382861074.
running
[I 2024-11-20 16:31:48,750] Trial 61 finished with value: 0.4840728758685535 and parameters: {'model_name': 'IterativeImputer', 'estimator': 'Bayesian', 'initial_strategy': 'most_frequent', 'n_nearest_features': 1, 'imputation_order': 'arabic', 'sample_posterior': False}. Best is trial 54 with value: 0.47482810382861074.
running
[I 2024-11-20 16:31:54,225] Trial 63 finished with value: 0.4852578588997879 and parameters: {'model_name': 'KNNImputer', 'n_neighbors': 1167, 'weights': 'distance'}. Best is trial 54 with value: 0.47482810382861074.
running
[I 2024-11-20 16:32:00,352] Trial 43 finished with value: 0.5170082591496212 and parameters: {'model_name': 'IterativeImputer', 'estimator': 'RFR', 'initial_strategy': 'median', 'n_nearest_features': 9, 'imputation_order': 'random'}. Best is trial 54 with value: 0.47482810382861074.
running
[I 2024-11-20 16:32:45,356] Trial 57 finished with value: 0.47538894876362503 and parameters: {'model_name': 'IterativeImputer', 'estimator': 'Bayesian', 'initial_strategy': 'most_frequent', 'n_nearest_features': 10, 'imputation_order': 'arabic', 'sample_posterior': False}. Best is trial 54 with value: 0.47482810382861074.
running
[I 2024-11-20 16:33:43,558] Trial 58 finished with value: 0.47482810382861074 and parameters: {'model_name': 'IterativeImputer', 'estimator': 'Bayesian', 'initial_strategy': 'most_frequent', 'n_nearest_features': 16, 'imputation_order': 'arabic', 'sample_posterior': False}. Best is trial 54 with value: 0.47482810382861074.
running
[I 2024-11-20 16:33:50,884] Trial 59 finished with value: 0.47482810382861074 and parameters: {'model_name': 'IterativeImputer', 'estimator': 'Bayesian', 'initial_strategy': 'most_frequent', 'n_nearest_features': 16, 'imputation_order': 'arabic', 'sample_posterior': False}. Best is trial 54 with value: 0.47482810382861074.
running
[I 2024-11-20 16:34:09,404] Trial 60 finished with value: 0.47482810382861074 and parameters: {'model_name': 'IterativeImputer', 'estimator': 'Bayesian', 'initial_strategy': 'median', 'n_nearest_features': 16, 'imputation_order': 'arabic', 'sample_posterior': False}. Best is trial 54 with value: 0.47482810382861074.
running
[I 2024-11-20 16:36:01,496] Trial 62 finished with value: 0.47482810382861074 and parameters: {'model_name': 'IterativeImputer', 'estimator': 'Bayesian', 'initial_strategy': 'median', 'n_nearest_features': 16, 'imputation_order': 'arabic', 'sample_posterior': False}. Best is trial 54 with value: 0.47482810382861074.
running
[I 2024-11-20 16:36:16,164] Trial 66 finished with value: 0.47482810382861074 and parameters: {'model_name': 'IterativeImputer', 'estimator': 'Bayesian', 'initial_strategy': 'most_frequent', 'n_nearest_features': 16, 'imputation_order': 'arabic', 'sample_posterior': False}. Best is trial 54 with value: 0.47482810382861074.
running
[I 2024-11-20 16:37:38,247] Trial 47 finished with value: 0.48767554997780477 and parameters: {'model_name': 'IterativeImputer', 'estimator': 'RFR', 'initial_strategy': 'most_frequent', 'n_nearest_features': 17, 'imputation_order': 'arabic'}. Best is trial 54 with value: 0.47482810382861074.
running
[I 2024-11-20 16:37:48,938] Trial 44 finished with value: 0.4869362320970616 and parameters: {'model_name': 'IterativeImputer', 'estimator': 'RFR', 'initial_strategy': 'median', 'n_nearest_features': 17, 'imputation_order': 'arabic'}. Best is trial 54 with value: 0.47482810382861074.
running
[I 2024-11-20 16:37:55,407] Trial 46 finished with value: 0.48765606956140284 and parameters: {'model_name': 'IterativeImputer', 'estimator': 'RFR', 'initial_strategy': 'mean', 'n_nearest_features': 18, 'imputation_order': 'arabic'}. Best is trial 54 with value: 0.47482810382861074.
running
[I 2024-11-20 16:38:09,184] Trial 48 finished with value: 0.4850382649439478 and parameters: {'model_name': 'IterativeImputer', 'estimator': 'RFR', 'initial_strategy': 'most_frequent', 'n_nearest_features': 19, 'imputation_order': 'arabic'}. Best is trial 54 with value: 0.47482810382861074.
running
[I 2024-11-20 16:51:31,445] Trial 49 finished with value: 0.4859532217844607 and parameters: {'model_name': 'IterativeImputer', 'estimator': 'RFR', 'initial_strategy': 'median', 'n_nearest_features': 18, 'imputation_order': 'arabic'}. Best is trial 54 with value: 0.47482810382861074.
running
[I 2024-11-20 17:04:58,930] Trial 9 finished with value: 0.50985900941325 and parameters: {'model_name': 'VAE', 'batch_size': 4, 'iterations': 1708, 'learning_rate': 0.002982452823869503, 'p_miss': 0.11124381794854832}. Best is trial 54 with value: 0.47482810382861074.
running
[I 2024-11-20 17:47:18,783] Trial 15 finished with value: 0.48889048822056197 and parameters: {'model_name': 'VAE', 'batch_size': 560, 'iterations': 2117, 'learning_rate': 0.015743302240285532, 'p_miss': 0.2937178830139728}. Best is trial 54 with value: 0.47482810382861074.
running
[I 2024-11-20 17:47:19,069] Trial 79 finished with value: 0.7325565525998946 and parameters: {'model_name': 'SimpleImputer', 'strategy': 'constant'}. Best is trial 54 with value: 0.47482810382861074.
running
[I 2024-11-20 22:26:00,240] Trial 73 finished with value: 0.5844678396042817 and parameters: {'model_name': 'VAE', 'batch_size': 1, 'iterations': 6828, 'learning_rate': 0.00012197062682419342, 'p_miss': 0.02627736428066635}. Best is trial 54 with value: 0.47482810382861074.
running
[I 2024-11-20 22:26:04,792] Trial 81 finished with value: 0.4849771122673673 and parameters: {'model_name': 'KNNImputer', 'n_neighbors': 1256, 'weights': 'uniform'}. Best is trial 54 with value: 0.47482810382861074.
running
[I 2024-11-20 22:26:17,660] Trial 82 finished with value: 0.7334492561644317 and parameters: {'model_name': 'GAIN', 'batch_size': 19, 'hint_rate': 0.9443297641647277, 'alpha': 1, 'iterations': 8, 'learning_rate': 0.000945957871438993, 'p_miss': 0.01627245121405993}. Best is trial 54 with value: 0.47482810382861074.
running
[I 2024-11-20 22:26:40,760] Trial 83 finished with value: 0.49585122554005523 and parameters: {'model_name': 'VAE', 'batch_size': 993, 'iterations': 4, 'learning_rate': 0.008949646558066628, 'p_miss': 0.1886777222481668}. Best is trial 54 with value: 0.47482810382861074.
running
[I 2024-11-20 22:27:24,970] Trial 84 finished with value: 0.5176203020472052 and parameters: {'model_name': 'IterativeImputer', 'estimator': 'KNN', 'initial_strategy': 'most_frequent', 'n_nearest_features': 15, 'imputation_order': 'roman'}. Best is trial 54 with value: 0.47482810382861074.
running
[I 2024-11-20 22:29:03,780] Trial 85 finished with value: 0.47493737643173406 and parameters: {'model_name': 'IterativeImputer', 'estimator': 'Bayesian', 'initial_strategy': 'most_frequent', 'n_nearest_features': 15, 'imputation_order': 'arabic', 'sample_posterior': False}. Best is trial 54 with value: 0.47482810382861074.
running
[I 2024-11-20 22:30:34,306] Trial 86 finished with value: 0.47493737643173406 and parameters: {'model_name': 'IterativeImputer', 'estimator': 'Bayesian', 'initial_strategy': 'most_frequent', 'n_nearest_features': 15, 'imputation_order': 'arabic', 'sample_posterior': False}. Best is trial 54 with value: 0.47482810382861074.
running
[I 2024-11-20 22:31:12,368] Trial 72 finished with value: 0.5741180168684158 and parameters: {'model_name': 'VAE', 'batch_size': 1, 'iterations': 6489, 'learning_rate': 0.0001398948669077198, 'p_miss': 0.012654898385314056}. Best is trial 54 with value: 0.47482810382861074.
running
[I 2024-11-20 22:31:30,972] Trial 68 finished with value: 0.572412575549383 and parameters: {'model_name': 'VAE', 'batch_size': 1, 'iterations': 6667, 'learning_rate': 0.00010265938048656639, 'p_miss': 0.016777646344961622}. Best is trial 54 with value: 0.47482810382861074.
running
[I 2024-11-20 22:31:52,567] Trial 87 finished with value: 0.47493737643173406 and parameters: {'model_name': 'IterativeImputer', 'estimator': 'Bayesian', 'initial_strategy': 'most_frequent', 'n_nearest_features': 15, 'imputation_order': 'arabic', 'sample_posterior': False}. Best is trial 54 with value: 0.47482810382861074.
running
[I 2024-11-20 22:32:45,420] Trial 88 finished with value: 0.47493737643173406 and parameters: {'model_name': 'IterativeImputer', 'estimator': 'Bayesian', 'initial_strategy': 'most_frequent', 'n_nearest_features': 15, 'imputation_order': 'arabic', 'sample_posterior': False}. Best is trial 54 with value: 0.47482810382861074.
running
[I 2024-11-20 22:33:11,886] Trial 89 finished with value: 0.47493737643173406 and parameters: {'model_name': 'IterativeImputer', 'estimator': 'Bayesian', 'initial_strategy': 'most_frequent', 'n_nearest_features': 15, 'imputation_order': 'arabic', 'sample_posterior': False}. Best is trial 54 with value: 0.47482810382861074.
running
[I 2024-11-20 22:33:16,099] Trial 92 finished with value: inf and parameters: {'model_name': 'GAIN', 'batch_size': 2, 'hint_rate': 0.6392143295034757, 'alpha': 65, 'iterations': 30, 'learning_rate': 0.00601225001276046, 'p_miss': 0.06849542268965224}. Best is trial 54 with value: 0.47482810382861074.
running
[I 2024-11-20 22:33:50,309] Trial 90 finished with value: 0.47482810382861074 and parameters: {'model_name': 'IterativeImputer', 'estimator': 'Bayesian', 'initial_strategy': 'most_frequent', 'n_nearest_features': 16, 'imputation_order': 'arabic', 'sample_posterior': False}. Best is trial 54 with value: 0.47482810382861074.
running
[I 2024-11-20 22:35:17,924] Trial 91 finished with value: 0.4752170523753594 and parameters: {'model_name': 'IterativeImputer', 'estimator': 'Bayesian', 'initial_strategy': 'most_frequent', 'n_nearest_features': 21, 'imputation_order': 'arabic', 'sample_posterior': False}. Best is trial 54 with value: 0.47482810382861074.
running
[I 2024-11-20 22:35:21,085] Trial 95 finished with value: 0.47955008075619326 and parameters: {'model_name': 'KNNImputer', 'n_neighbors': 58, 'weights': 'distance'}. Best is trial 54 with value: 0.47482810382861074.
running
[I 2024-11-20 22:35:52,473] Trial 93 finished with value: 0.4752170523753594 and parameters: {'model_name': 'IterativeImputer', 'estimator': 'Bayesian', 'initial_strategy': 'most_frequent', 'n_nearest_features': 21, 'imputation_order': 'arabic', 'sample_posterior': False}. Best is trial 54 with value: 0.47482810382861074.
running
[I 2024-11-20 22:36:23,358] Trial 94 finished with value: 0.4750495022171625 and parameters: {'model_name': 'IterativeImputer', 'estimator': 'Bayesian', 'initial_strategy': 'most_frequent', 'n_nearest_features': 20, 'imputation_order': 'arabic', 'sample_posterior': False}. Best is trial 54 with value: 0.47482810382861074.
running
[I 2024-11-20 22:37:33,210] Trial 96 finished with value: 0.47482810382861074 and parameters: {'model_name': 'IterativeImputer', 'estimator': 'Bayesian', 'initial_strategy': 'most_frequent', 'n_nearest_features': 16, 'imputation_order': 'arabic', 'sample_posterior': False}. Best is trial 54 with value: 0.47482810382861074.
running
[I 2024-11-20 22:38:06,770] Trial 97 finished with value: 0.47482810382861074 and parameters: {'model_name': 'IterativeImputer', 'estimator': 'Bayesian', 'initial_strategy': 'most_frequent', 'n_nearest_features': 16, 'imputation_order': 'arabic', 'sample_posterior': False}. Best is trial 54 with value: 0.47482810382861074.
running
[I 2024-11-20 22:38:22,129] Trial 98 finished with value: 0.47482810382861074 and parameters: {'model_name': 'IterativeImputer', 'estimator': 'Bayesian', 'initial_strategy': 'most_frequent', 'n_nearest_features': 16, 'imputation_order': 'arabic', 'sample_posterior': False}. Best is trial 54 with value: 0.47482810382861074.
running
[I 2024-11-20 22:38:49,091] Trial 99 finished with value: 0.47482810382861074 and parameters: {'model_name': 'IterativeImputer', 'estimator': 'Bayesian', 'initial_strategy': 'most_frequent', 'n_nearest_features': 16, 'imputation_order': 'arabic', 'sample_posterior': False}. Best is trial 54 with value: 0.47482810382861074.
running
[I 2024-11-20 22:38:59,901] Trial 101 finished with value: 0.5124122050928888 and parameters: {'model_name': 'IterativeImputer', 'estimator': 'KNN', 'initial_strategy': 'most_frequent', 'n_nearest_features': 13, 'imputation_order': 'roman'}. Best is trial 54 with value: 0.47482810382861074.
running
[I 2024-11-20 22:39:00,298] Trial 103 finished with value: 0.4878481308266278 and parameters: {'model_name': 'SimpleImputer', 'strategy': 'mean'}. Best is trial 54 with value: 0.47482810382861074.
running
[I 2024-11-20 22:39:28,016] Trial 102 finished with value: 0.5124122050928888 and parameters: {'model_name': 'IterativeImputer', 'estimator': 'KNN', 'initial_strategy': 'most_frequent', 'n_nearest_features': 13, 'imputation_order': 'roman'}. Best is trial 54 with value: 0.47482810382861074.
running
[I 2024-11-20 22:39:52,662] Trial 104 finished with value: 0.4747917046964331 and parameters: {'model_name': 'IterativeImputer', 'estimator': 'Bayesian', 'initial_strategy': 'most_frequent', 'n_nearest_features': 17, 'imputation_order': 'arabic', 'sample_posterior': False}. Best is trial 104 with value: 0.4747917046964331.
running
[I 2024-11-20 22:40:14,335] Trial 105 finished with value: 0.47523188846565506 and parameters: {'model_name': 'IterativeImputer', 'estimator': 'Bayesian', 'initial_strategy': 'constant', 'n_nearest_features': 17, 'imputation_order': 'arabic', 'sample_posterior': False}. Best is trial 104 with value: 0.4747917046964331.
running
[I 2024-11-20 22:40:41,259] Trial 106 finished with value: 0.47479170469643306 and parameters: {'model_name': 'IterativeImputer', 'estimator': 'Bayesian', 'initial_strategy': 'most_frequent', 'n_nearest_features': 17, 'imputation_order': 'arabic', 'sample_posterior': False}. Best is trial 106 with value: 0.47479170469643306.
running
[I 2024-11-20 22:41:00,937] Trial 107 finished with value: 0.4748281038286108 and parameters: {'model_name': 'IterativeImputer', 'estimator': 'Bayesian', 'initial_strategy': 'most_frequent', 'n_nearest_features': 16, 'imputation_order': 'arabic', 'sample_posterior': False}. Best is trial 106 with value: 0.47479170469643306.
running
[I 2024-11-20 22:41:26,695] Trial 108 finished with value: 0.4754109076955556 and parameters: {'model_name': 'IterativeImputer', 'estimator': 'Bayesian', 'initial_strategy': 'most_frequent', 'n_nearest_features': 14, 'imputation_order': 'arabic', 'sample_posterior': False}. Best is trial 106 with value: 0.47479170469643306.
running
[I 2024-11-20 22:41:45,442] Trial 109 finished with value: 0.4754109076955556 and parameters: {'model_name': 'IterativeImputer', 'estimator': 'Bayesian', 'initial_strategy': 'most_frequent', 'n_nearest_features': 14, 'imputation_order': 'arabic', 'sample_posterior': False}. Best is trial 106 with value: 0.47479170469643306.
running
[I 2024-11-20 22:42:14,023] Trial 110 finished with value: 0.47479170469643306 and parameters: {'model_name': 'IterativeImputer', 'estimator': 'Bayesian', 'initial_strategy': 'most_frequent', 'n_nearest_features': 17, 'imputation_order': 'arabic', 'sample_posterior': False}. Best is trial 106 with value: 0.47479170469643306.
running
[I 2024-11-20 22:42:34,125] Trial 111 finished with value: 0.4747917046964331 and parameters: {'model_name': 'IterativeImputer', 'estimator': 'Bayesian', 'initial_strategy': 'most_frequent', 'n_nearest_features': 17, 'imputation_order': 'arabic', 'sample_posterior': False}. Best is trial 106 with value: 0.47479170469643306.
running
[I 2024-11-20 22:43:03,308] Trial 112 finished with value: 0.47473882313871896 and parameters: {'model_name': 'IterativeImputer', 'estimator': 'Bayesian', 'initial_strategy': 'most_frequent', 'n_nearest_features': 17, 'imputation_order': 'ascending', 'sample_posterior': False}. Best is trial 112 with value: 0.47473882313871896.
running
[I 2024-11-20 22:43:06,028] Trial 114 finished with value: 0.7267983714142161 and parameters: {'model_name': 'GAIN', 'batch_size': 11, 'hint_rate': 0.6173333987492923, 'alpha': 4, 'iterations': 1, 'learning_rate': 0.0006710586123150609, 'p_miss': 0.21413987134505777}. Best is trial 112 with value: 0.47473882313871896.
running
[I 2024-11-20 22:43:08,621] Trial 100 finished with value: 0.5196365722135841 and parameters: {'model_name': 'IterativeImputer', 'estimator': 'KNN', 'initial_strategy': 'most_frequent', 'n_nearest_features': 17, 'imputation_order': 'roman'}. Best is trial 112 with value: 0.47473882313871896.
running
[I 2024-11-20 22:43:40,668] Trial 113 finished with value: 0.4749697642039291 and parameters: {'model_name': 'IterativeImputer', 'estimator': 'Bayesian', 'initial_strategy': 'constant', 'n_nearest_features': 19, 'imputation_order': 'ascending', 'sample_posterior': False}. Best is trial 112 with value: 0.47473882313871896.
running
[I 2024-11-20 22:45:17,991] Trial 116 finished with value: 0.47500497464042535 and parameters: {'model_name': 'IterativeImputer', 'estimator': 'Bayesian', 'initial_strategy': 'most_frequent', 'n_nearest_features': 19, 'imputation_order': 'ascending', 'sample_posterior': False}. Best is trial 112 with value: 0.47473882313871896.
running
[I 2024-11-20 22:45:19,868] Trial 115 finished with value: 0.6765080606842071 and parameters: {'model_name': 'IterativeImputer', 'estimator': 'Bayesian', 'initial_strategy': 'constant', 'n_nearest_features': 19, 'imputation_order': 'ascending', 'sample_posterior': True}. Best is trial 112 with value: 0.47473882313871896.
running
[I 2024-11-20 22:45:44,070] Trial 117 finished with value: 0.47473882313871896 and parameters: {'model_name': 'IterativeImputer', 'estimator': 'Bayesian', 'initial_strategy': 'most_frequent', 'n_nearest_features': 17, 'imputation_order': 'ascending', 'sample_posterior': False}. Best is trial 112 with value: 0.47473882313871896.
running
[I 2024-11-20 22:47:36,830] Trial 118 finished with value: 0.47473882313871896 and parameters: {'model_name': 'IterativeImputer', 'estimator': 'Bayesian', 'initial_strategy': 'most_frequent', 'n_nearest_features': 17, 'imputation_order': 'ascending', 'sample_posterior': False}. Best is trial 112 with value: 0.47473882313871896.
running
[I 2024-11-20 22:47:38,073] Trial 119 finished with value: 0.4747917046964331 and parameters: {'model_name': 'IterativeImputer', 'estimator': 'Bayesian', 'initial_strategy': 'most_frequent', 'n_nearest_features': 17, 'imputation_order': 'arabic', 'sample_posterior': False}. Best is trial 112 with value: 0.47473882313871896.
running
[I 2024-11-20 22:48:00,795] Trial 120 finished with value: 0.47473882313871896 and parameters: {'model_name': 'IterativeImputer', 'estimator': 'Bayesian', 'initial_strategy': 'most_frequent', 'n_nearest_features': 17, 'imputation_order': 'ascending', 'sample_posterior': False}. Best is trial 112 with value: 0.47473882313871896.
running
[I 2024-11-20 22:48:01,691] Trial 123 finished with value: 0.6717492937425578 and parameters: {'model_name': 'SimpleImputer', 'strategy': 'most_frequent'}. Best is trial 112 with value: 0.47473882313871896.
running
[I 2024-11-20 22:49:43,728] Trial 121 finished with value: 0.47473882313871896 and parameters: {'model_name': 'IterativeImputer', 'estimator': 'Bayesian', 'initial_strategy': 'most_frequent', 'n_nearest_features': 17, 'imputation_order': 'ascending', 'sample_posterior': False}. Best is trial 112 with value: 0.47473882313871896.
running
[I 2024-11-20 22:49:47,273] Trial 125 finished with value: 0.4830437786155848 and parameters: {'model_name': 'KNNImputer', 'n_neighbors': 809, 'weights': 'uniform'}. Best is trial 112 with value: 0.47473882313871896.
running
[I 2024-11-20 22:49:48,129] Trial 122 finished with value: 0.4749917539148954 and parameters: {'model_name': 'IterativeImputer', 'estimator': 'Bayesian', 'initial_strategy': 'most_frequent', 'n_nearest_features': 18, 'imputation_order': 'ascending', 'sample_posterior': False}. Best is trial 112 with value: 0.47473882313871896.
running
[I 2024-11-20 22:50:15,433] Trial 124 finished with value: 0.4749917539148954 and parameters: {'model_name': 'IterativeImputer', 'estimator': 'Bayesian', 'initial_strategy': 'most_frequent', 'n_nearest_features': 18, 'imputation_order': 'ascending', 'sample_posterior': False}. Best is trial 112 with value: 0.47473882313871896.
running
[I 2024-11-20 22:52:03,789] Trial 126 finished with value: 0.47473882313871896 and parameters: {'model_name': 'IterativeImputer', 'estimator': 'Bayesian', 'initial_strategy': 'most_frequent', 'n_nearest_features': 17, 'imputation_order': 'ascending', 'sample_posterior': False}. Best is trial 112 with value: 0.47473882313871896.
running
[I 2024-11-20 22:52:07,106] Trial 127 finished with value: 0.47473882313871896 and parameters: {'model_name': 'IterativeImputer', 'estimator': 'Bayesian', 'initial_strategy': 'most_frequent', 'n_nearest_features': 17, 'imputation_order': 'ascending', 'sample_posterior': False}. Best is trial 112 with value: 0.47473882313871896.
running
[I 2024-11-20 22:52:45,255] Trial 130 finished with value: 0.47652701280174165 and parameters: {'model_name': 'IterativeImputer', 'estimator': 'Ridge', 'initial_strategy': 'most_frequent', 'n_nearest_features': 17, 'imputation_order': 'ascending'}. Best is trial 112 with value: 0.47473882313871896.
running
[I 2024-11-20 22:52:52,399] Trial 74 finished with value: 0.5665936277526542 and parameters: {'model_name': 'VAE', 'batch_size': 1, 'iterations': 7743, 'learning_rate': 0.004577766355725773, 'p_miss': 0.026806474829515037}. Best is trial 112 with value: 0.47473882313871896.
running
[I 2024-11-20 22:52:55,814] Trial 128 finished with value: 0.6626914110762522 and parameters: {'model_name': 'IterativeImputer', 'estimator': 'Bayesian', 'initial_strategy': 'most_frequent', 'n_nearest_features': 17, 'imputation_order': 'ascending', 'sample_posterior': True}. Best is trial 112 with value: 0.47473882313871896.
running
[I 2024-11-20 22:53:23,412] Trial 64 finished with value: 0.5740784726607331 and parameters: {'model_name': 'VAE', 'batch_size': 1, 'iterations': 8140, 'learning_rate': 0.00012592664380205526, 'p_miss': 0.027566276930673178}. Best is trial 112 with value: 0.47473882313871896.
running
[I 2024-11-20 22:53:31,802] Trial 70 finished with value: 0.5745096787770547 and parameters: {'model_name': 'VAE', 'batch_size': 1, 'iterations': 7929, 'learning_rate': 0.00011677463423595952, 'p_miss': 0.01287991915377798}. Best is trial 112 with value: 0.47473882313871896.
running
[I 2024-11-20 22:53:33,459] Trial 77 finished with value: 0.5738141475469802 and parameters: {'model_name': 'VAE', 'batch_size': 1, 'iterations': 7875, 'learning_rate': 0.0001161703248044696, 'p_miss': 0.030321484335263993}. Best is trial 112 with value: 0.47473882313871896.
running
[I 2024-11-20 22:54:34,062] Trial 129 finished with value: 0.6626914110762522 and parameters: {'model_name': 'IterativeImputer', 'estimator': 'Bayesian', 'initial_strategy': 'most_frequent', 'n_nearest_features': 17, 'imputation_order': 'ascending', 'sample_posterior': True}. Best is trial 112 with value: 0.47473882313871896.
running
[I 2024-11-20 22:54:59,843] Trial 133 finished with value: 0.47473882313871896 and parameters: {'model_name': 'IterativeImputer', 'estimator': 'Bayesian', 'initial_strategy': 'most_frequent', 'n_nearest_features': 17, 'imputation_order': 'ascending', 'sample_posterior': False}. Best is trial 112 with value: 0.47473882313871896.
running
[I 2024-11-20 22:55:03,165] Trial 131 finished with value: 0.6626914110762522 and parameters: {'model_name': 'IterativeImputer', 'estimator': 'Bayesian', 'initial_strategy': 'most_frequent', 'n_nearest_features': 17, 'imputation_order': 'ascending', 'sample_posterior': True}. Best is trial 112 with value: 0.47473882313871896.
running
[I 2024-11-20 22:55:08,757] Trial 132 finished with value: 0.6626914110762522 and parameters: {'model_name': 'IterativeImputer', 'estimator': 'Bayesian', 'initial_strategy': 'most_frequent', 'n_nearest_features': 17, 'imputation_order': 'ascending', 'sample_posterior': True}. Best is trial 112 with value: 0.47473882313871896.
running
[I 2024-11-20 22:55:20,050] Trial 134 finished with value: 0.47473882313871896 and parameters: {'model_name': 'IterativeImputer', 'estimator': 'Bayesian', 'initial_strategy': 'most_frequent', 'n_nearest_features': 17, 'imputation_order': 'ascending', 'sample_posterior': False}. Best is trial 112 with value: 0.47473882313871896.
running
[I 2024-11-20 22:55:28,380] Trial 135 finished with value: 0.47473882313871896 and parameters: {'model_name': 'IterativeImputer', 'estimator': 'Bayesian', 'initial_strategy': 'most_frequent', 'n_nearest_features': 17, 'imputation_order': 'ascending', 'sample_posterior': False}. Best is trial 112 with value: 0.47473882313871896.
running
[I 2024-11-20 22:55:30,399] Trial 136 finished with value: 0.47473882313871896 and parameters: {'model_name': 'IterativeImputer', 'estimator': 'Bayesian', 'initial_strategy': 'most_frequent', 'n_nearest_features': 17, 'imputation_order': 'ascending', 'sample_posterior': False}. Best is trial 112 with value: 0.47473882313871896.
running
[I 2024-11-20 22:56:30,482] Trial 137 finished with value: 0.4749917539148954 and parameters: {'model_name': 'IterativeImputer', 'estimator': 'Bayesian', 'initial_strategy': 'most_frequent', 'n_nearest_features': 18, 'imputation_order': 'ascending', 'sample_posterior': False}. Best is trial 112 with value: 0.47473882313871896.
running
[I 2024-11-20 22:56:53,164] Trial 138 finished with value: 0.4749917539148954 and parameters: {'model_name': 'IterativeImputer', 'estimator': 'Bayesian', 'initial_strategy': 'most_frequent', 'n_nearest_features': 18, 'imputation_order': 'ascending', 'sample_posterior': False}. Best is trial 112 with value: 0.47473882313871896.
running
[I 2024-11-20 22:56:57,797] Trial 139 finished with value: 0.4749917539148954 and parameters: {'model_name': 'IterativeImputer', 'estimator': 'Bayesian', 'initial_strategy': 'most_frequent', 'n_nearest_features': 18, 'imputation_order': 'ascending', 'sample_posterior': False}. Best is trial 112 with value: 0.47473882313871896.
running
[I 2024-11-20 22:57:01,166] Trial 140 finished with value: 0.4749917539148954 and parameters: {'model_name': 'IterativeImputer', 'estimator': 'Bayesian', 'initial_strategy': 'most_frequent', 'n_nearest_features': 18, 'imputation_order': 'ascending', 'sample_posterior': False}. Best is trial 112 with value: 0.47473882313871896.
running
[I 2024-11-20 22:57:23,178] Trial 141 finished with value: 0.4749917539148954 and parameters: {'model_name': 'IterativeImputer', 'estimator': 'Bayesian', 'initial_strategy': 'most_frequent', 'n_nearest_features': 18, 'imputation_order': 'ascending', 'sample_posterior': False}. Best is trial 112 with value: 0.47473882313871896.
running
[I 2024-11-20 22:57:31,215] Trial 142 finished with value: 0.4751001531580755 and parameters: {'model_name': 'IterativeImputer', 'estimator': 'Bayesian', 'initial_strategy': 'mean', 'n_nearest_features': 18, 'imputation_order': 'ascending', 'sample_posterior': False}. Best is trial 112 with value: 0.47473882313871896.
running
[I 2024-11-20 22:57:33,560] Trial 143 finished with value: 0.4751001531580755 and parameters: {'model_name': 'IterativeImputer', 'estimator': 'Bayesian', 'initial_strategy': 'mean', 'n_nearest_features': 18, 'imputation_order': 'ascending', 'sample_posterior': False}. Best is trial 112 with value: 0.47473882313871896.
running
[I 2024-11-20 22:58:08,309] Trial 145 finished with value: 0.4749263980637302 and parameters: {'model_name': 'IterativeImputer', 'estimator': 'Bayesian', 'initial_strategy': 'mean', 'n_nearest_features': 24, 'imputation_order': 'ascending', 'sample_posterior': False}. Best is trial 112 with value: 0.47473882313871896.
running
[I 2024-11-20 22:58:35,242] Trial 144 finished with value: 0.4750800594719215 and parameters: {'model_name': 'IterativeImputer', 'estimator': 'Bayesian', 'initial_strategy': 'mean', 'n_nearest_features': 19, 'imputation_order': 'ascending', 'sample_posterior': False}. Best is trial 112 with value: 0.47473882313871896.
running
[I 2024-11-20 22:59:06,756] Trial 146 finished with value: 0.4750800594719215 and parameters: {'model_name': 'IterativeImputer', 'estimator': 'Bayesian', 'initial_strategy': 'mean', 'n_nearest_features': 19, 'imputation_order': 'ascending', 'sample_posterior': False}. Best is trial 112 with value: 0.47473882313871896.
running
[I 2024-11-20 22:59:11,414] Trial 147 finished with value: 0.4750800594719215 and parameters: {'model_name': 'IterativeImputer', 'estimator': 'Bayesian', 'initial_strategy': 'mean', 'n_nearest_features': 19, 'imputation_order': 'ascending', 'sample_posterior': False}. Best is trial 112 with value: 0.47473882313871896.
running
[I 2024-11-20 22:59:14,805] Trial 152 finished with value: 0.47681633157405506 and parameters: {'model_name': 'IterativeImputer', 'estimator': 'Ridge', 'initial_strategy': 'most_frequent', 'n_nearest_features': 20, 'imputation_order': 'ascending'}. Best is trial 112 with value: 0.47473882313871896.
running
[I 2024-11-20 22:59:27,415] Trial 148 finished with value: 0.4750800594719215 and parameters: {'model_name': 'IterativeImputer', 'estimator': 'Bayesian', 'initial_strategy': 'mean', 'n_nearest_features': 19, 'imputation_order': 'ascending', 'sample_posterior': False}. Best is trial 112 with value: 0.47473882313871896.
running
[I 2024-11-20 22:59:29,046] Trial 71 finished with value: 0.5685488663136292 and parameters: {'model_name': 'VAE', 'batch_size': 1, 'iterations': 8024, 'learning_rate': 0.00014939335729601965, 'p_miss': 0.02942956973505753}. Best is trial 112 with value: 0.47473882313871896.
running
[I 2024-11-20 22:59:42,209] Trial 149 finished with value: 0.47500497464042535 and parameters: {'model_name': 'IterativeImputer', 'estimator': 'Bayesian', 'initial_strategy': 'most_frequent', 'n_nearest_features': 19, 'imputation_order': 'ascending', 'sample_posterior': False}. Best is trial 112 with value: 0.47473882313871896.
running
[I 2024-11-20 22:59:46,521] Trial 150 finished with value: 0.4747675419566737 and parameters: {'model_name': 'IterativeImputer', 'estimator': 'Bayesian', 'initial_strategy': 'most_frequent', 'n_nearest_features': 20, 'imputation_order': 'ascending', 'sample_posterior': False}. Best is trial 112 with value: 0.47473882313871896.
running
[I 2024-11-20 23:00:24,308] Trial 151 finished with value: 0.7245206851141617 and parameters: {'model_name': 'GAIN', 'batch_size': 37, 'hint_rate': 0.7385846179373489, 'alpha': 100, 'iterations': 337, 'learning_rate': 0.0013502406784298262, 'p_miss': 0.14043795418767815}. Best is trial 112 with value: 0.47473882313871896.
running
[I 2024-11-20 23:01:29,822] Trial 157 finished with value: 0.47494767657399173 and parameters: {'model_name': 'IterativeImputer', 'estimator': 'Bayesian', 'initial_strategy': 'most_frequent', 'n_nearest_features': 17, 'imputation_order': 'descending', 'sample_posterior': False}. Best is trial 112 with value: 0.47473882313871896.
running
[I 2024-11-20 23:01:51,847] Trial 160 finished with value: 0.47492626665791693 and parameters: {'model_name': 'IterativeImputer', 'estimator': 'Bayesian', 'initial_strategy': 'most_frequent', 'n_nearest_features': 23, 'imputation_order': 'ascending', 'sample_posterior': False}. Best is trial 112 with value: 0.47473882313871896.
running
[I 2024-11-20 23:01:54,920] Trial 154 finished with value: 0.7295910902097019 and parameters: {'model_name': 'GAIN', 'batch_size': 150, 'hint_rate': 0.4956530595552224, 'alpha': 95, 'iterations': 280, 'learning_rate': 0.0013412184771712462, 'p_miss': 0.14887458288573321}. Best is trial 112 with value: 0.47473882313871896.
running
[I 2024-11-20 23:01:55,619] Trial 162 finished with value: 0.4873814614486019 and parameters: {'model_name': 'KNNImputer', 'n_neighbors': 1729, 'weights': 'distance'}. Best is trial 112 with value: 0.47473882313871896.
running
[I 2024-11-20 23:01:55,934] Trial 164 finished with value: 0.7325565525998946 and parameters: {'model_name': 'SimpleImputer', 'strategy': 'constant'}. Best is trial 112 with value: 0.47473882313871896.
running
[I 2024-11-20 23:01:59,550] Trial 163 finished with value: 0.4875482670156563 and parameters: {'model_name': 'KNNImputer', 'n_neighbors': 1767, 'weights': 'distance'}. Best is trial 112 with value: 0.47473882313871896.
running
[I 2024-11-20 23:02:16,892] Trial 156 finished with value: 0.723133635571116 and parameters: {'model_name': 'GAIN', 'batch_size': 38, 'hint_rate': 0.4789181522828344, 'alpha': 97, 'iterations': 394, 'learning_rate': 0.0014601194240147631, 'p_miss': 0.14371651239509564}. Best is trial 112 with value: 0.47473882313871896.
running
[I 2024-11-20 23:02:52,281] Trial 155 finished with value: 0.7277726661501913 and parameters: {'model_name': 'GAIN', 'batch_size': 151, 'hint_rate': 0.48851093727402845, 'alpha': 93, 'iterations': 390, 'learning_rate': 0.0016914391027057216, 'p_miss': 0.15693437090756893}. Best is trial 112 with value: 0.47473882313871896.
running
[I 2024-11-20 23:02:56,502] Trial 75 finished with value: 0.5741570996706685 and parameters: {'model_name': 'VAE', 'batch_size': 1, 'iterations': 8664, 'learning_rate': 0.0056205101654177, 'p_miss': 0.023189562823992954}. Best is trial 112 with value: 0.47473882313871896.
running
[I 2024-11-20 23:03:19,501] Trial 158 finished with value: 0.7273166616193547 and parameters: {'model_name': 'GAIN', 'batch_size': 160, 'hint_rate': 0.7465975331385702, 'alpha': 88, 'iterations': 394, 'learning_rate': 0.0012566656758123, 'p_miss': 0.14293533548471796}. Best is trial 112 with value: 0.47473882313871896.
running
[I 2024-11-20 23:03:23,687] Trial 153 finished with value: 0.7255387167508816 and parameters: {'model_name': 'GAIN', 'batch_size': 40, 'hint_rate': 0.7250607585725565, 'alpha': 100, 'iterations': 595, 'learning_rate': 0.0016528389035856523, 'p_miss': 0.14071368218976554}. Best is trial 112 with value: 0.47473882313871896.
running
[I 2024-11-20 23:03:51,377] Trial 161 finished with value: 0.4747675419566737 and parameters: {'model_name': 'IterativeImputer', 'estimator': 'Bayesian', 'initial_strategy': 'most_frequent', 'n_nearest_features': 20, 'imputation_order': 'ascending', 'sample_posterior': False}. Best is trial 112 with value: 0.47473882313871896.
running
[I 2024-11-20 23:03:54,261] Trial 159 finished with value: 0.7270959345252741 and parameters: {'model_name': 'GAIN', 'batch_size': 154, 'hint_rate': 0.4675578049307979, 'alpha': 90, 'iterations': 441, 'learning_rate': 0.0013713449802367956, 'p_miss': 0.13402146407638044}. Best is trial 112 with value: 0.47473882313871896.
running
[I 2024-11-20 23:03:58,072] Trial 76 finished with value: 0.57557720805433 and parameters: {'model_name': 'VAE', 'batch_size': 1, 'iterations': 9289, 'learning_rate': 0.004174024834497402, 'p_miss': 0.011022903094309866}. Best is trial 112 with value: 0.47473882313871896.
running
[I 2024-11-20 23:03:59,798] Trial 166 finished with value: 0.47473882313871896 and parameters: {'model_name': 'IterativeImputer', 'estimator': 'Bayesian', 'initial_strategy': 'most_frequent', 'n_nearest_features': 17, 'imputation_order': 'ascending', 'sample_posterior': False}. Best is trial 112 with value: 0.47473882313871896.
running
[I 2024-11-20 23:04:12,006] Trial 165 finished with value: 0.4747675419566737 and parameters: {'model_name': 'IterativeImputer', 'estimator': 'Bayesian', 'initial_strategy': 'most_frequent', 'n_nearest_features': 20, 'imputation_order': 'ascending', 'sample_posterior': False}. Best is trial 112 with value: 0.47473882313871896.
running
[I 2024-11-20 23:04:22,807] Trial 167 finished with value: 0.47473882313871896 and parameters: {'model_name': 'IterativeImputer', 'estimator': 'Bayesian', 'initial_strategy': 'most_frequent', 'n_nearest_features': 17, 'imputation_order': 'ascending', 'sample_posterior': False}. Best is trial 112 with value: 0.47473882313871896.
running
[I 2024-11-20 23:04:53,144] Trial 168 finished with value: 0.47473882313871896 and parameters: {'model_name': 'IterativeImputer', 'estimator': 'Bayesian', 'initial_strategy': 'most_frequent', 'n_nearest_features': 17, 'imputation_order': 'ascending', 'sample_posterior': False}. Best is trial 112 with value: 0.47473882313871896.
running
[I 2024-11-20 23:04:55,850] Trial 169 finished with value: 0.47473882313871896 and parameters: {'model_name': 'IterativeImputer', 'estimator': 'Bayesian', 'initial_strategy': 'most_frequent', 'n_nearest_features': 17, 'imputation_order': 'ascending', 'sample_posterior': False}. Best is trial 112 with value: 0.47473882313871896.
running
[I 2024-11-20 23:05:19,199] Trial 170 finished with value: 0.47473882313871896 and parameters: {'model_name': 'IterativeImputer', 'estimator': 'Bayesian', 'initial_strategy': 'most_frequent', 'n_nearest_features': 17, 'imputation_order': 'ascending', 'sample_posterior': False}. Best is trial 112 with value: 0.47473882313871896.
running
[I 2024-11-20 23:05:21,536] Trial 171 finished with value: 0.47473882313871896 and parameters: {'model_name': 'IterativeImputer', 'estimator': 'Bayesian', 'initial_strategy': 'most_frequent', 'n_nearest_features': 17, 'imputation_order': 'ascending', 'sample_posterior': False}. Best is trial 112 with value: 0.47473882313871896.
running
[I 2024-11-20 23:05:40,025] Trial 67 finished with value: 0.5775725161999645 and parameters: {'model_name': 'VAE', 'batch_size': 1, 'iterations': 9182, 'learning_rate': 0.00010617620299182878, 'p_miss': 0.03252833338436213}. Best is trial 112 with value: 0.47473882313871896.
running
[I 2024-11-20 23:05:53,710] Trial 172 finished with value: 0.4747675419566737 and parameters: {'model_name': 'IterativeImputer', 'estimator': 'Bayesian', 'initial_strategy': 'most_frequent', 'n_nearest_features': 20, 'imputation_order': 'ascending', 'sample_posterior': False}. Best is trial 112 with value: 0.47473882313871896.
running
[I 2024-11-20 23:06:00,611] Trial 173 finished with value: 0.4747675419566737 and parameters: {'model_name': 'IterativeImputer', 'estimator': 'Bayesian', 'initial_strategy': 'most_frequent', 'n_nearest_features': 20, 'imputation_order': 'ascending', 'sample_posterior': False}. Best is trial 112 with value: 0.47473882313871896.
running
[I 2024-11-20 23:06:01,293] Trial 174 finished with value: 0.4747675419566737 and parameters: {'model_name': 'IterativeImputer', 'estimator': 'Bayesian', 'initial_strategy': 'most_frequent', 'n_nearest_features': 20, 'imputation_order': 'ascending', 'sample_posterior': False}. Best is trial 112 with value: 0.47473882313871896.
running
[I 2024-11-20 23:06:03,214] Trial 175 finished with value: 0.4747675419566737 and parameters: {'model_name': 'IterativeImputer', 'estimator': 'Bayesian', 'initial_strategy': 'most_frequent', 'n_nearest_features': 20, 'imputation_order': 'ascending', 'sample_posterior': False}. Best is trial 112 with value: 0.47473882313871896.
running
[I 2024-11-20 23:06:12,039] Trial 176 finished with value: 0.4747675419566737 and parameters: {'model_name': 'IterativeImputer', 'estimator': 'Bayesian', 'initial_strategy': 'most_frequent', 'n_nearest_features': 20, 'imputation_order': 'ascending', 'sample_posterior': False}. Best is trial 112 with value: 0.47473882313871896.
running
[I 2024-11-20 23:06:19,992] Trial 177 finished with value: 0.4747675419566737 and parameters: {'model_name': 'IterativeImputer', 'estimator': 'Bayesian', 'initial_strategy': 'most_frequent', 'n_nearest_features': 20, 'imputation_order': 'ascending', 'sample_posterior': False}. Best is trial 112 with value: 0.47473882313871896.
running
[I 2024-11-20 23:06:22,034] Trial 65 finished with value: 0.5755227086272077 and parameters: {'model_name': 'VAE', 'batch_size': 1, 'iterations': 9259, 'learning_rate': 0.0001157237468157384, 'p_miss': 0.03007601261321191}. Best is trial 112 with value: 0.47473882313871896.
running
[I 2024-11-20 23:06:37,601] Trial 179 finished with value: 0.47496462015555985 and parameters: {'model_name': 'IterativeImputer', 'estimator': 'Bayesian', 'initial_strategy': 'most_frequent', 'n_nearest_features': 16, 'imputation_order': 'ascending', 'sample_posterior': False}. Best is trial 112 with value: 0.47473882313871896.
running
[I 2024-11-20 23:06:54,686] Trial 178 finished with value: 0.47507678451778973 and parameters: {'model_name': 'IterativeImputer', 'estimator': 'Bayesian', 'initial_strategy': 'most_frequent', 'n_nearest_features': 21, 'imputation_order': 'ascending', 'sample_posterior': False}. Best is trial 112 with value: 0.47473882313871896.
running
[I 2024-11-20 23:06:57,502] Trial 180 finished with value: 0.47496462015555985 and parameters: {'model_name': 'IterativeImputer', 'estimator': 'Bayesian', 'initial_strategy': 'most_frequent', 'n_nearest_features': 16, 'imputation_order': 'ascending', 'sample_posterior': False}. Best is trial 112 with value: 0.47473882313871896.
running
[I 2024-11-20 23:06:59,078] Trial 181 finished with value: 0.47496462015555985 and parameters: {'model_name': 'IterativeImputer', 'estimator': 'Bayesian', 'initial_strategy': 'most_frequent', 'n_nearest_features': 16, 'imputation_order': 'ascending', 'sample_posterior': False}. Best is trial 112 with value: 0.47473882313871896.
running
[I 2024-11-20 23:07:16,708] Trial 182 finished with value: 0.47496462015555985 and parameters: {'model_name': 'IterativeImputer', 'estimator': 'Bayesian', 'initial_strategy': 'most_frequent', 'n_nearest_features': 16, 'imputation_order': 'ascending', 'sample_posterior': False}. Best is trial 112 with value: 0.47473882313871896.
running
[I 2024-11-20 23:07:28,050] Trial 183 finished with value: 0.47496462015555985 and parameters: {'model_name': 'IterativeImputer', 'estimator': 'Bayesian', 'initial_strategy': 'most_frequent', 'n_nearest_features': 16, 'imputation_order': 'ascending', 'sample_posterior': False}. Best is trial 112 with value: 0.47473882313871896.
running
[I 2024-11-20 23:07:32,115] Trial 185 finished with value: 0.47496462015555985 and parameters: {'model_name': 'IterativeImputer', 'estimator': 'Bayesian', 'initial_strategy': 'most_frequent', 'n_nearest_features': 16, 'imputation_order': 'ascending', 'sample_posterior': False}. Best is trial 112 with value: 0.47473882313871896.
running
[I 2024-11-20 23:07:33,696] Trial 186 finished with value: 0.47496462015555985 and parameters: {'model_name': 'IterativeImputer', 'estimator': 'Bayesian', 'initial_strategy': 'most_frequent', 'n_nearest_features': 16, 'imputation_order': 'ascending', 'sample_posterior': False}. Best is trial 112 with value: 0.47473882313871896.
running
[I 2024-11-20 23:07:35,463] Trial 184 finished with value: 0.47496462015555985 and parameters: {'model_name': 'IterativeImputer', 'estimator': 'Bayesian', 'initial_strategy': 'most_frequent', 'n_nearest_features': 16, 'imputation_order': 'ascending', 'sample_posterior': False}. Best is trial 112 with value: 0.47473882313871896.
running
[I 2024-11-20 23:07:40,400] Trial 187 finished with value: 0.47496462015555985 and parameters: {'model_name': 'IterativeImputer', 'estimator': 'Bayesian', 'initial_strategy': 'most_frequent', 'n_nearest_features': 16, 'imputation_order': 'ascending', 'sample_posterior': False}. Best is trial 112 with value: 0.47473882313871896.
running
[I 2024-11-20 23:07:44,851] Trial 188 finished with value: 0.47496462015555985 and parameters: {'model_name': 'IterativeImputer', 'estimator': 'Bayesian', 'initial_strategy': 'most_frequent', 'n_nearest_features': 16, 'imputation_order': 'ascending', 'sample_posterior': False}. Best is trial 112 with value: 0.47473882313871896.
[I 2024-11-20 23:07:45,580] Trial 189 finished with value: 0.47496462015555985 and parameters: {'model_name': 'IterativeImputer', 'estimator': 'Bayesian', 'initial_strategy': 'most_frequent', 'n_nearest_features': 16, 'imputation_order': 'ascending', 'sample_posterior': False}. Best is trial 112 with value: 0.47473882313871896.
[I 2024-11-20 23:07:52,227] Trial 190 finished with value: 0.47496462015555985 and parameters: {'model_name': 'IterativeImputer', 'estimator': 'Bayesian', 'initial_strategy': 'most_frequent', 'n_nearest_features': 16, 'imputation_order': 'ascending', 'sample_posterior': False}. Best is trial 112 with value: 0.47473882313871896.
[I 2024-11-20 23:07:59,053] Trial 191 finished with value: 0.47496462015555985 and parameters: {'model_name': 'IterativeImputer', 'estimator': 'Bayesian', 'initial_strategy': 'most_frequent', 'n_nearest_features': 16, 'imputation_order': 'ascending', 'sample_posterior': False}. Best is trial 112 with value: 0.47473882313871896.
[I 2024-11-20 23:07:59,947] Trial 192 finished with value: 0.47495378221366236 and parameters: {'model_name': 'IterativeImputer', 'estimator': 'Bayesian', 'initial_strategy': 'most_frequent', 'n_nearest_features': 15, 'imputation_order': 'ascending', 'sample_posterior': False}. Best is trial 112 with value: 0.47473882313871896.
[I 2024-11-20 23:08:04,474] Trial 193 finished with value: 0.5158413115444971 and parameters: {'model_name': 'IterativeImputer', 'estimator': 'KNN', 'initial_strategy': 'most_frequent', 'n_nearest_features': 17, 'imputation_order': 'ascending'}. Best is trial 112 with value: 0.47473882313871896.
[I 2024-11-20 23:08:06,709] Trial 195 finished with value: 0.5158413115444971 and parameters: {'model_name': 'IterativeImputer', 'estimator': 'KNN', 'initial_strategy': 'most_frequent', 'n_nearest_features': 17, 'imputation_order': 'ascending'}. Best is trial 112 with value: 0.47473882313871896.
[I 2024-11-20 23:08:06,881] Trial 194 finished with value: 0.47473882313871896 and parameters: {'model_name': 'IterativeImputer', 'estimator': 'Bayesian', 'initial_strategy': 'most_frequent', 'n_nearest_features': 17, 'imputation_order': 'ascending', 'sample_posterior': False}. Best is trial 112 with value: 0.47473882313871896.
[I 2024-11-20 23:08:07,880] Trial 197 finished with value: 0.5158413115444971 and parameters: {'model_name': 'IterativeImputer', 'estimator': 'KNN', 'initial_strategy': 'most_frequent', 'n_nearest_features': 17, 'imputation_order': 'ascending'}. Best is trial 112 with value: 0.47473882313871896.
[I 2024-11-20 23:08:09,878] Trial 196 finished with value: 0.47473882313871896 and parameters: {'model_name': 'IterativeImputer', 'estimator': 'Bayesian', 'initial_strategy': 'most_frequent', 'n_nearest_features': 17, 'imputation_order': 'ascending', 'sample_posterior': False}. Best is trial 112 with value: 0.47473882313871896.
[I 2024-11-20 23:08:10,191] Trial 198 finished with value: 0.5158413115444971 and parameters: {'model_name': 'IterativeImputer', 'estimator': 'KNN', 'initial_strategy': 'most_frequent', 'n_nearest_features': 17, 'imputation_order': 'ascending'}. Best is trial 112 with value: 0.47473882313871896.
[I 2024-11-20 23:08:22,292] Trial 199 finished with value: 0.5158413115444971 and parameters: {'model_name': 'IterativeImputer', 'estimator': 'KNN', 'initial_strategy': 'most_frequent', 'n_nearest_features': 17, 'imputation_order': 'ascending'}. Best is trial 112 with value: 0.47473882313871896.
[I 2024-11-20 23:08:39,707] Trial 69 finished with value: 0.5719492476902481 and parameters: {'model_name': 'VAE', 'batch_size': 1, 'iterations': 9564, 'learning_rate': 0.00010266405967318832, 'p_miss': 0.013831519579529106}. Best is trial 112 with value: 0.47473882313871896.
[I 2024-11-20 23:10:21,600] Trial 78 finished with value: 0.5680803900933606 and parameters: {'model_name': 'VAE', 'batch_size': 1, 'iterations': 9680, 'learning_rate': 0.00015936415848563315, 'p_miss': 0.02421494963605017}. Best is trial 112 with value: 0.47473882313871896.
[I 2024-11-20 23:10:31,972] Trial 27 finished with value: 0.4892166445039141 and parameters: {'model_name': 'VAE', 'batch_size': 850, 'iterations': 6456, 'learning_rate': 0.0001658055164284754, 'p_miss': 0.2991562563495905}. Best is trial 112 with value: 0.47473882313871896.
[I 2024-11-20 23:10:38,392] Trial 80 finished with value: 0.4931628199438049 and parameters: {'model_name': 'VAE', 'batch_size': 18, 'iterations': 8990, 'learning_rate': 0.00010817999649591964, 'p_miss': 0.011661526170249126}. Best is trial 112 with value: 0.47473882313871896.
fit
auto fit
auto transform
0     0
1     0
2     0
3     0
4     0
5     0
6     0
7     0
8     0
9     0
10    0
11    0
12    0
13    0
14    0
15    0
16    0
17    0
18    0
19    0
20    0
21    0
22    0
23    0
dtype: int64
0     0
1     0
2     0
3     0
4     0
5     0
6     0
7     0
8     0
9     0
10    0
11    0
12    0
13    0
14    0
15    0
16    0
17    0
18    0
19    0
20    0
21    0
22    0
23    0
dtype: int64
0.47473882313871896
{'model_name': 'IterativeImputer', 'estimator': 'Bayesian', 'initial_strategy': 'most_frequent', 'n_nearest_features': 17, 'imputation_order': 'ascending', 'sample_posterior': False}
running experiment 2/3 - Does reconstruction give good automl predictions
Start est fit
Version 0.1.7a0 of tpot2 is outdated. Version 0.1.8a0 was released Tuesday September 17, 2024.
Version 0.1.7a0 of tpot2 is outdated. Version 0.1.8a0 was released Tuesday September 17, 2024.
Version 0.1.7a0 of tpot2 is outdated. Version 0.1.8a0 was released Tuesday September 17, 2024.
Version 0.1.7a0 of tpot2 is outdated. Version 0.1.8a0 was released Tuesday September 17, 2024.
Version 0.1.7a0 of tpot2 is outdated. Version 0.1.8a0 was released Tuesday September 17, 2024.
Version 0.1.7a0 of tpot2 is outdated. Version 0.1.8a0 was released Tuesday September 17, 2024.
Version 0.1.7a0 of tpot2 is outdated. Version 0.1.8a0 was released Tuesday September 17, 2024.
Version 0.1.7a0 of tpot2 is outdated. Version 0.1.8a0 was released Tuesday September 17, 2024.
Version 0.1.7a0 of tpot2 is outdated. Version 0.1.8a0 was released Tuesday September 17, 2024.
Version 0.1.7a0 of tpot2 is outdated. Version 0.1.8a0 was released Tuesday September 17, 2024.
Version 0.1.7a0 of tpot2 is outdated. Version 0.1.8a0 was released Tuesday September 17, 2024.
Version 0.1.7a0 of tpot2 is outdated. Version 0.1.8a0 was released Tuesday September 17, 2024.
Version 0.1.7a0 of tpot2 is outdated. Version 0.1.8a0 was released Tuesday September 17, 2024.
Version 0.1.7a0 of tpot2 is outdated. Version 0.1.8a0 was released Tuesday September 17, 2024.
Version 0.1.7a0 of tpot2 is outdated. Version 0.1.8a0 was released Tuesday September 17, 2024.
Version 0.1.7a0 of tpot2 is outdated. Version 0.1.8a0 was released Tuesday September 17, 2024.
  0%|          | 0/25 [00:00<?, ?it/s]Generation:   0%|          | 0/25 [00:00<?, ?it/s]Generation:  1
Best f1_score score: 0.7137205458535604
Generation:   4%|         | 1/25 [03:04<1:13:47, 184.49s/it]Generation:  2
Best f1_score score: 0.7204776925150396
Generation:   8%|         | 2/25 [03:23<33:28, 87.31s/it]   Generation:  3
Best f1_score score: 0.7204776925150396
Generation:  12%|        | 3/25 [03:33<19:05, 52.07s/it]Generation:  4
Best f1_score score: 0.7204776925150396
Generation:  16%|        | 4/25 [03:51<13:24, 38.33s/it]Generation:  5
Best f1_score score: 0.7204776925150396
Generation:  20%|        | 5/25 [04:05<09:56, 29.84s/it]Generation:  6
Best f1_score score: 0.7204776925150396
Generation:  24%|       | 6/25 [04:46<10:38, 33.59s/it]Generation:  7
Best f1_score score: 0.7212147645577082
Generation:  28%|       | 7/25 [04:55<07:40, 25.56s/it]Generation:  8
Best f1_score score: 0.7212147645577082
Generation:  32%|      | 8/25 [05:05<05:50, 20.62s/it]Generation:  9
Best f1_score score: 0.723392711682952
Generation:  36%|      | 9/25 [05:25<05:25, 20.36s/it]Generation:  10
Best f1_score score: 0.723392711682952
Generation:  40%|      | 10/25 [05:44<04:58, 19.88s/it]Generation:  11
Best f1_score score: 0.723392711682952
Generation:  44%|     | 11/25 [06:04<04:38, 19.92s/it]Generation:  12
Best f1_score score: 0.723392711682952
Generation:  48%|     | 12/25 [06:16<03:48, 17.57s/it]Generation:  13
Best f1_score score: 0.723392711682952
Generation:  52%|    | 13/25 [06:29<03:13, 16.10s/it]Generation:  14
Best f1_score score: 0.723392711682952
Generation:  56%|    | 14/25 [06:46<03:00, 16.38s/it]Generation:  15
Best f1_score score: 0.723392711682952
Generation:  60%|    | 15/25 [08:43<07:48, 46.85s/it]Generation:  16
Best f1_score score: 0.723392711682952
Generation:  64%|   | 16/25 [09:15<06:20, 42.29s/it]Generation:  17
Best f1_score score: 0.723392711682952
Generation:  68%|   | 17/25 [09:39<04:54, 36.86s/it]Generation:  18
Best f1_score score: 0.723392711682952
Generation:  72%|  | 18/25 [10:05<03:53, 33.36s/it]Generation:  19
Best f1_score score: 0.723392711682952
Generation:  76%|  | 19/25 [13:07<07:48, 78.07s/it]Generation:  20
Best f1_score score: 0.723392711682952
Generation:  80%|  | 20/25 [13:43<05:27, 65.58s/it]Generation:  21
Best f1_score score: 0.723392711682952
Generation:  84%| | 21/25 [14:06<03:30, 52.65s/it]Generation:  22
Best f1_score score: 0.723392711682952
Generation:  88%| | 22/25 [14:26<02:08, 42.93s/it]WARNING THIS INDIVIDUAL CAUSED AND EXCEPTION 
 <tpot2.search_spaces.pipelines.sequential.SequentialPipelineIndividual object at 0x155465647df0> 
 Argument 'metric' has incorrect type (expected str, got numpy.str_) 
 Traceback (most recent call last):
  File "/common/ketrong/tpotexp/tpot2/tpot2/utils/eval_utils.py", line 53, in objective_nan_wrapper
    value = func_timeout.func_timeout(timeout, objective_function, args=[individual], kwargs=objective_kwargs)
  File "/common/ketrong/tpotexp/env/lib/python3.10/site-packages/func_timeout/dafunc.py", line 108, in func_timeout
    raise_exception(exception)
  File "/common/ketrong/tpotexp/env/lib/python3.10/site-packages/func_timeout/py3_raise.py", line 7, in raise_exception
    raise exception[0] from None
  File "/common/ketrong/tpotexp/tpot2/tpot2/tpot_estimator/estimator.py", line 623, in objective_function
    return objective_function_generator(
  File "/common/ketrong/tpotexp/tpot2/tpot2/tpot_estimator/estimator_utils.py", line 55, in objective_function_generator
    cv_obj_scores = cross_val_score_objective(sklearn.base.clone(pipeline),x,y,scorers=scorers, cv=cv , fold=step)
  File "/common/ketrong/tpotexp/tpot2/tpot2/tpot_estimator/cross_val_utils.py", line 31, in cross_val_score_objective
    this_fold_scores = [sklearn.metrics.get_scorer(scorer)(this_fold_pipeline, X_test, y_test) for scorer in scorers]
  File "/common/ketrong/tpotexp/tpot2/tpot2/tpot_estimator/cross_val_utils.py", line 31, in <listcomp>
    this_fold_scores = [sklearn.metrics.get_scorer(scorer)(this_fold_pipeline, X_test, y_test) for scorer in scorers]
  File "/common/ketrong/tpotexp/env/lib/python3.10/site-packages/sklearn/metrics/_scorer.py", line 279, in __call__
    return self._score(partial(_cached_call, None), estimator, X, y_true, **_kwargs)
  File "/common/ketrong/tpotexp/env/lib/python3.10/site-packages/sklearn/metrics/_scorer.py", line 371, in _score
    y_pred = method_caller(
  File "/common/ketrong/tpotexp/env/lib/python3.10/site-packages/sklearn/metrics/_scorer.py", line 89, in _cached_call
    result, _ = _get_response_values(
  File "/common/ketrong/tpotexp/env/lib/python3.10/site-packages/sklearn/utils/_response.py", line 211, in _get_response_values
    y_pred = prediction_method(X)
  File "/common/ketrong/tpotexp/env/lib/python3.10/site-packages/sklearn/pipeline.py", line 601, in predict
    return self.steps[-1][1].predict(Xt, **params)
  File "/common/ketrong/tpotexp/env/lib/python3.10/site-packages/sklearn/neighbors/_classification.py", line 259, in predict
    probabilities = self.predict_proba(X)
  File "/common/ketrong/tpotexp/env/lib/python3.10/site-packages/sklearn/neighbors/_classification.py", line 343, in predict_proba
    probabilities = ArgKminClassMode.compute(
  File "/common/ketrong/tpotexp/env/lib/python3.10/site-packages/sklearn/metrics/_pairwise_distances_reduction/_dispatcher.py", line 584, in compute
    return ArgKminClassMode64.compute(
TypeError: Argument 'metric' has incorrect type (expected str, got numpy.str_)

Generation:  23
Best f1_score score: 0.723392711682952
Generation:  92%|| 23/25 [15:05<01:23, 41.62s/it]Generation:  24
Best f1_score score: 0.723392711682952
Generation:  96%|| 24/25 [15:37<00:38, 38.87s/it]Generation:  25
Best f1_score score: 0.723392711682952
Generation: 100%|| 25/25 [15:56<00:00, 32.87s/it]Generation: 100%|| 25/25 [16:01<00:00, 38.47s/it]
2024-11-20 23:28:12,593 - distributed.scheduler - ERROR - Removing worker 'tcp://127.0.0.1:37467' caused the cluster to lose scattered data, which can't be recovered: {'ndarray-99f2798f9f14d868b61a2d1d4f98d239', 'ndarray-f164f99589c317fd70cfff5e1e03bbdd'} (stimulus_id='handle-worker-cleanup-1732174092.5931203')
Fitted
Pipeline(steps=[('lgbmclassifier',
                 LGBMClassifier(boosting_type='dart', class_weight='balanced',
                                max_depth=1, n_estimators=32, n_jobs=1,
                                num_leaves=97, verbose=-1))])
score start
train score: {'auroc': 0.9508985991785392, 'accuracy': 0.730078125, 'balanced_accuracy': 0.7291860100481621, 'logloss': 1.0988109940506703, 'f1': 0.7285566666163674}
original test score: {'auroc': 0.954456305957272, 'accuracy': 0.7390625, 'balanced_accuracy': 0.7381742179552795, 'logloss': 1.0821263219643722, 'f1': 0.737283395730336}
imputed test score: {'auroc': 0.9541767426544885, 'accuracy': 0.73125, 'balanced_accuracy': 0.7299140689667611, 'logloss': 1.088013305679468, 'f1': 0.7286606018883183}
score end
check intended
EXP2 Finished
running experiment 3/3 - What is the best automl settings?
<tpot2.search_spaces.pipelines.sequential.SequentialPipeline object at 0x155435014610>
Start tpot fit
Version 0.1.7a0 of tpot2 is outdated. Version 0.1.8a0 was released Tuesday September 17, 2024.
Version 0.1.7a0 of tpot2 is outdated. Version 0.1.8a0 was released Tuesday September 17, 2024.
Version 0.1.7a0 of tpot2 is outdated. Version 0.1.8a0 was released Tuesday September 17, 2024.
Version 0.1.7a0 of tpot2 is outdated. Version 0.1.8a0 was released Tuesday September 17, 2024.
Version 0.1.7a0 of tpot2 is outdated. Version 0.1.8a0 was released Tuesday September 17, 2024.
Version 0.1.7a0 of tpot2 is outdated. Version 0.1.8a0 was released Tuesday September 17, 2024.
Version 0.1.7a0 of tpot2 is outdated. Version 0.1.8a0 was released Tuesday September 17, 2024.
Version 0.1.7a0 of tpot2 is outdated. Version 0.1.8a0 was released Tuesday September 17, 2024.
Version 0.1.7a0 of tpot2 is outdated. Version 0.1.8a0 was released Tuesday September 17, 2024.
Version 0.1.7a0 of tpot2 is outdated. Version 0.1.8a0 was released Tuesday September 17, 2024.
Version 0.1.7a0 of tpot2 is outdated. Version 0.1.8a0 was released Tuesday September 17, 2024.
Version 0.1.7a0 of tpot2 is outdated. Version 0.1.8a0 was released Tuesday September 17, 2024.
Version 0.1.7a0 of tpot2 is outdated. Version 0.1.8a0 was released Tuesday September 17, 2024.
Version 0.1.7a0 of tpot2 is outdated. Version 0.1.8a0 was released Tuesday September 17, 2024.
Version 0.1.7a0 of tpot2 is outdated. Version 0.1.8a0 was released Tuesday September 17, 2024.
Version 0.1.7a0 of tpot2 is outdated. Version 0.1.8a0 was released Tuesday September 17, 2024.
  0%|          | 0/25 [00:00<?, ?it/s]Generation:   0%|          | 0/25 [00:00<?, ?it/s]WARNING THIS INDIVIDUAL CAUSED AND EXCEPTION 
 <tpot2.search_spaces.pipelines.sequential.SequentialPipelineIndividual object at 0x155474cd0fd0> 
 Input X contains NaN.
QuadraticDiscriminantAnalysis does not accept missing values encoded as NaN natively. For supervised learning, you might want to consider sklearn.ensemble.HistGradientBoostingClassifier and Regressor which accept missing values encoded as NaNs natively. Alternatively, it is possible to preprocess the data, for instance by using an imputer transformer in a pipeline or drop samples with missing values. See https://scikit-learn.org/stable/modules/impute.html You can find a list of all estimators that handle NaN values at the following page: https://scikit-learn.org/stable/modules/impute.html#estimators-that-handle-nan-values 
 Traceback (most recent call last):
  File "/common/ketrong/tpotexp/tpot2/tpot2/utils/eval_utils.py", line 53, in objective_nan_wrapper
    value = func_timeout.func_timeout(timeout, objective_function, args=[individual], kwargs=objective_kwargs)
  File "/common/ketrong/tpotexp/env/lib/python3.10/site-packages/func_timeout/dafunc.py", line 108, in func_timeout
    raise_exception(exception)
  File "/common/ketrong/tpotexp/env/lib/python3.10/site-packages/func_timeout/py3_raise.py", line 7, in raise_exception
    raise exception[0] from None
  File "/common/ketrong/tpotexp/tpot2/tpot2/tpot_estimator/estimator.py", line 623, in objective_function
    return objective_function_generator(
  File "/common/ketrong/tpotexp/tpot2/tpot2/tpot_estimator/estimator_utils.py", line 55, in objective_function_generator
    cv_obj_scores = cross_val_score_objective(sklearn.base.clone(pipeline),x,y,scorers=scorers, cv=cv , fold=step)
  File "/common/ketrong/tpotexp/tpot2/tpot2/tpot_estimator/cross_val_utils.py", line 28, in cross_val_score_objective
    this_fold_pipeline.fit(X_train,y_train)
  File "/common/ketrong/tpotexp/env/lib/python3.10/site-packages/sklearn/base.py", line 1473, in wrapper
    return fit_method(estimator, *args, **kwargs)
  File "/common/ketrong/tpotexp/env/lib/python3.10/site-packages/sklearn/pipeline.py", line 473, in fit
    self._final_estimator.fit(Xt, y, **last_step_params["fit"])
  File "/common/ketrong/tpotexp/env/lib/python3.10/site-packages/sklearn/base.py", line 1473, in wrapper
    return fit_method(estimator, *args, **kwargs)
  File "/common/ketrong/tpotexp/env/lib/python3.10/site-packages/sklearn/discriminant_analysis.py", line 911, in fit
    X, y = self._validate_data(X, y)
  File "/common/ketrong/tpotexp/env/lib/python3.10/site-packages/sklearn/base.py", line 650, in _validate_data
    X, y = check_X_y(X, y, **check_params)
  File "/common/ketrong/tpotexp/env/lib/python3.10/site-packages/sklearn/utils/validation.py", line 1301, in check_X_y
    X = check_array(
  File "/common/ketrong/tpotexp/env/lib/python3.10/site-packages/sklearn/utils/validation.py", line 1064, in check_array
    _assert_all_finite(
  File "/common/ketrong/tpotexp/env/lib/python3.10/site-packages/sklearn/utils/validation.py", line 123, in _assert_all_finite
    _assert_all_finite_element_wise(
  File "/common/ketrong/tpotexp/env/lib/python3.10/site-packages/sklearn/utils/validation.py", line 172, in _assert_all_finite_element_wise
    raise ValueError(msg_err)
ValueError: Input X contains NaN.
QuadraticDiscriminantAnalysis does not accept missing values encoded as NaN natively. For supervised learning, you might want to consider sklearn.ensemble.HistGradientBoostingClassifier and Regressor which accept missing values encoded as NaNs natively. Alternatively, it is possible to preprocess the data, for instance by using an imputer transformer in a pipeline or drop samples with missing values. See https://scikit-learn.org/stable/modules/impute.html You can find a list of all estimators that handle NaN values at the following page: https://scikit-learn.org/stable/modules/impute.html#estimators-that-handle-nan-values

Generation:  1
Best f1_score score: 0.7163473470736427
Generation:   4%|         | 1/25 [07:41<3:04:28, 461.17s/it]WARNING THIS INDIVIDUAL CAUSED AND EXCEPTION 
 <tpot2.search_spaces.pipelines.sequential.SequentialPipelineIndividual object at 0x155474d59570> 
 Input X contains NaN.
LinearDiscriminantAnalysis does not accept missing values encoded as NaN natively. For supervised learning, you might want to consider sklearn.ensemble.HistGradientBoostingClassifier and Regressor which accept missing values encoded as NaNs natively. Alternatively, it is possible to preprocess the data, for instance by using an imputer transformer in a pipeline or drop samples with missing values. See https://scikit-learn.org/stable/modules/impute.html You can find a list of all estimators that handle NaN values at the following page: https://scikit-learn.org/stable/modules/impute.html#estimators-that-handle-nan-values 
 Traceback (most recent call last):
  File "/common/ketrong/tpotexp/tpot2/tpot2/utils/eval_utils.py", line 53, in objective_nan_wrapper
    value = func_timeout.func_timeout(timeout, objective_function, args=[individual], kwargs=objective_kwargs)
  File "/common/ketrong/tpotexp/env/lib/python3.10/site-packages/func_timeout/dafunc.py", line 108, in func_timeout
    raise_exception(exception)
  File "/common/ketrong/tpotexp/env/lib/python3.10/site-packages/func_timeout/py3_raise.py", line 7, in raise_exception
    raise exception[0] from None
  File "/common/ketrong/tpotexp/tpot2/tpot2/tpot_estimator/estimator.py", line 623, in objective_function
    return objective_function_generator(
  File "/common/ketrong/tpotexp/tpot2/tpot2/tpot_estimator/estimator_utils.py", line 55, in objective_function_generator
    cv_obj_scores = cross_val_score_objective(sklearn.base.clone(pipeline),x,y,scorers=scorers, cv=cv , fold=step)
  File "/common/ketrong/tpotexp/tpot2/tpot2/tpot_estimator/cross_val_utils.py", line 28, in cross_val_score_objective
    this_fold_pipeline.fit(X_train,y_train)
  File "/common/ketrong/tpotexp/env/lib/python3.10/site-packages/sklearn/base.py", line 1473, in wrapper
    return fit_method(estimator, *args, **kwargs)
  File "/common/ketrong/tpotexp/env/lib/python3.10/site-packages/sklearn/pipeline.py", line 473, in fit
    self._final_estimator.fit(Xt, y, **last_step_params["fit"])
  File "/common/ketrong/tpotexp/env/lib/python3.10/site-packages/sklearn/base.py", line 1473, in wrapper
    return fit_method(estimator, *args, **kwargs)
  File "/common/ketrong/tpotexp/env/lib/python3.10/site-packages/sklearn/discriminant_analysis.py", line 589, in fit
    X, y = self._validate_data(
  File "/common/ketrong/tpotexp/env/lib/python3.10/site-packages/sklearn/base.py", line 650, in _validate_data
    X, y = check_X_y(X, y, **check_params)
  File "/common/ketrong/tpotexp/env/lib/python3.10/site-packages/sklearn/utils/validation.py", line 1301, in check_X_y
    X = check_array(
  File "/common/ketrong/tpotexp/env/lib/python3.10/site-packages/sklearn/utils/validation.py", line 1064, in check_array
    _assert_all_finite(
  File "/common/ketrong/tpotexp/env/lib/python3.10/site-packages/sklearn/utils/validation.py", line 123, in _assert_all_finite
    _assert_all_finite_element_wise(
  File "/common/ketrong/tpotexp/env/lib/python3.10/site-packages/sklearn/utils/validation.py", line 172, in _assert_all_finite_element_wise
    raise ValueError(msg_err)
ValueError: Input X contains NaN.
LinearDiscriminantAnalysis does not accept missing values encoded as NaN natively. For supervised learning, you might want to consider sklearn.ensemble.HistGradientBoostingClassifier and Regressor which accept missing values encoded as NaNs natively. Alternatively, it is possible to preprocess the data, for instance by using an imputer transformer in a pipeline or drop samples with missing values. See https://scikit-learn.org/stable/modules/impute.html You can find a list of all estimators that handle NaN values at the following page: https://scikit-learn.org/stable/modules/impute.html#estimators-that-handle-nan-values

Generation:  2
Best f1_score score: 0.7192979930197445
Generation:   8%|         | 2/25 [07:55<1:16:02, 198.36s/it]Generation:  3
Best f1_score score: 0.7192979930197445
Generation:  12%|        | 3/25 [08:16<43:00, 117.31s/it]  Generation:  4
Best f1_score score: 0.7198817180587496
Generation:  16%|        | 4/25 [08:24<26:00, 74.31s/it] Generation:  5
Best f1_score score: 0.7211818827288992
Generation:  20%|        | 5/25 [09:05<20:41, 62.09s/it]Generation:  6
Best f1_score score: 0.7211818827288992
Generation:  24%|       | 6/25 [16:48<1:02:51, 198.48s/it]Generation:  7
Best f1_score score: 0.7220448651354084
Generation:  28%|       | 7/25 [24:31<1:25:31, 285.07s/it]Generation:  8
Best f1_score score: 0.7220448651354084
Generation:  32%|      | 8/25 [32:13<1:36:41, 341.29s/it]Generation:  9
Best f1_score score: 0.7220448651354084
Generation:  36%|      | 9/25 [39:58<1:41:19, 379.96s/it]Generation:  10
Best f1_score score: 0.7230768975572982
Generation:  40%|      | 10/25 [47:42<1:41:28, 405.92s/it]Generation:  11
Best f1_score score: 0.7230768975572982
Generation:  44%|     | 11/25 [55:27<1:38:57, 424.10s/it]Generation:  12
Best f1_score score: 0.7230768975572982
Generation:  48%|     | 12/25 [1:03:12<1:34:32, 436.34s/it]Generation:  13
Best f1_score score: 0.7230768975572982
Generation:  52%|    | 13/25 [1:11:05<1:29:29, 447.46s/it]Generation:  14
Best f1_score score: 0.7230768975572982
Generation:  56%|    | 14/25 [1:18:47<1:22:52, 452.08s/it]Generation:  15
Best f1_score score: 0.7230768975572982
Generation:  60%|    | 15/25 [1:26:36<1:16:09, 456.91s/it]Generation:  16
Best f1_score score: 0.7230768975572982
Generation:  64%|   | 16/25 [1:29:51<56:44, 378.24s/it]  Generation:  17
Best f1_score score: 0.7230768975572982
Generation:  68%|   | 17/25 [1:37:40<54:04, 405.51s/it]Generation:  18
Best f1_score score: 0.7230768975572982
Generation:  72%|  | 18/25 [1:45:24<49:22, 423.20s/it]Generation:  19
Best f1_score score: 0.7230768975572982
Generation:  76%|  | 19/25 [1:53:10<43:35, 435.95s/it]Generation:  20
Best f1_score score: 0.7244811645598147
Generation:  80%|  | 20/25 [2:00:50<36:55, 443.09s/it]Generation:  21
Best f1_score score: 0.7244811645598147
Generation:  84%| | 21/25 [2:08:35<29:59, 449.75s/it]Generation:  22
Best f1_score score: 0.7244811645598147
Generation:  88%| | 22/25 [2:16:21<22:43, 454.46s/it]Generation:  23
Best f1_score score: 0.7265372587457642
Generation:  92%|| 23/25 [2:21:56<13:57, 418.82s/it]Generation:  24
Best f1_score score: 0.7265372587457642
Generation:  96%|| 24/25 [2:29:42<07:12, 432.82s/it]Generation:  25
Best f1_score score: 0.7265372587457642
Generation: 100%|| 25/25 [2:37:25<00:00, 442.01s/it]Generation: 100%|| 25/25 [2:37:25<00:00, 377.83s/it]
2024-11-21 02:05:47,745 - distributed.scheduler - ERROR - Removing worker 'tcp://127.0.0.1:36077' caused the cluster to lose scattered data, which can't be recovered: {'DataFrame-d4e9a8c7e3b9a726824ed56967fba963', 'ndarray-f164f99589c317fd70cfff5e1e03bbdd'} (stimulus_id='handle-worker-cleanup-1732183547.7453535')
Fitted
Pipeline(steps=[('iterativeimputer',
                 IterativeImputer(estimator=KNeighborsRegressor(),
                                  imputation_order='arabic',
                                  initial_strategy='constant',
                                  n_nearest_features=84)),
                ('lgbmclassifier',
                 LGBMClassifier(boosting_type='goss', max_depth=1,
                                n_estimators=47, n_jobs=1, num_leaves=211,
                                verbose=-1))])
transform worked
try transform
transform worked
score start
train score: {'auroc': 0.9547652024189534, 'accuracy': 0.728515625, 'balanced_accuracy': 0.7278084164810318, 'logloss': 0.8872495890790534, 'f1': 0.7262834298016081}
test score: {'auroc': 0.9581624960159839, 'accuracy': 0.7375, 'balanced_accuracy': 0.7363438999842691, 'logloss': 0.8748392567901959, 'f1': 0.7345657221640947}
original test score: {'auroc': 0.9587384516500101, 'accuracy': 0.74375, 'balanced_accuracy': 0.7428226426893415, 'logloss': 0.8662495552224609, 'f1': 0.7413369329275377}
score end
40677
lvl
0.01
type
MNAR
num_run
3
class_full
finished
all finished
full run takes
10.812587542732556
hours
DONE
