Run: 5
/cm/local/apps/slurm/var/spool/job969115/slurm_script: line 26: 
pip install -e tpot2
pip install -r tpot2/ImputerExperiments/requirements_.txt
: No such file or directory
RunStart
Version 0.1.7a0 of tpot2 is outdated. Version 0.1.8a0 was released 6 days ago.
starting loops
../data/r/216/216.pkl
working on 
../data/r/216/reg_full_MAR_0.01_1
1.1521637439727783
running experiment 1/3 - Does large hyperparameter space improve reconstruction accuracy over simple
[I 2024-09-23 18:32:12,751] A new study created in memory with name: no-name-09ffeb7c-8e10-4887-81d7-2a4f1e37a2e5
running
running
running
running
running
running
running
running
running
running
running
running
running
running
running
running
[I 2024-09-23 18:32:13,968] Trial 8 finished with value: 0.5318561733585909 and parameters: {'model_name': 'SimpleImputer', 'strategy': 'constant'}. Best is trial 8 with value: 0.5318561733585909.
running
[I 2024-09-23 18:32:14,317] Trial 11 finished with value: 0.11940927271989014 and parameters: {'model_name': 'SimpleImputer', 'strategy': 'median'}. Best is trial 11 with value: 0.11940927271989014.
running
[I 2024-09-23 18:32:22,611] Trial 4 finished with value: 0.09561008475044115 and parameters: {'model_name': 'KNNImputer', 'n_neighbors': 2843, 'weights': 'uniform'}. Best is trial 4 with value: 0.09561008475044115.
running
[I 2024-09-23 18:32:24,212] Trial 0 finished with value: 0.10130507943891678 and parameters: {'model_name': 'KNNImputer', 'n_neighbors': 4817, 'weights': 'uniform'}. Best is trial 4 with value: 0.09561008475044115.
running
slurmstepd: error: *** JOB 969115 ON esplhpc-cp021 CANCELLED AT 2024-09-27T10:37:21 ***
slurmstepd: error: *** STEP 969115.0 ON esplhpc-cp021 CANCELLED AT 2024-09-27T10:37:22 ***
