Run: 40
/cm/local/apps/slurm/var/spool/job1061503/slurm_script: line 27: 
pip install -e tpot2
pip install -r tpot2/ImputerExperiments/requirements_.txt
: No such file or directory
RunStart
Version 0.1.7a0 of tpot2 is outdated. Version 0.1.8a0 was released Tuesday September 17, 2024.
starting loops
../data/c/40498/40498.pkl
working on 
../data/c/40498/class_simple_MCAR_0.5_2
2.7840445041656494
running experiment 1/3 - Does large hyperparameter space improve reconstruction accuracy over simple
[I 2024-11-17 09:34:02,564] A new study created in memory with name: no-name-5e0f72ad-bf5a-467f-9c22-b2de715e648b
running
running
running
running
running
running
running
running
running
running
running
running
running
running
running
running
[I 2024-11-17 09:34:02,786] Trial 3 finished with value: 0.22152045199101056 and parameters: {'model_name': 'SimpleImputer', 'strategy': 'constant'}. Best is trial 3 with value: 0.22152045199101056.
running
[I 2024-11-17 09:34:03,065] Trial 1 finished with value: 0.13410879529423944 and parameters: {'model_name': 'SimpleImputer', 'strategy': 'mean'}. Best is trial 1 with value: 0.13410879529423944.
[I 2024-11-17 09:34:03,242] Trial 0 finished with value: 0.13410879529423944 and parameters: {'model_name': 'SimpleImputer', 'strategy': 'mean'}. Best is trial 1 with value: 0.13410879529423944.
running
running
[I 2024-11-17 09:34:03,491] Trial 6 finished with value: 0.13410879529423944 and parameters: {'model_name': 'SimpleImputer', 'strategy': 'mean'}. Best is trial 1 with value: 0.13410879529423944.
[I 2024-11-17 09:34:03,650] Trial 7 finished with value: 0.13410879529423944 and parameters: {'model_name': 'SimpleImputer', 'strategy': 'mean'}. Best is trial 1 with value: 0.13410879529423944.
running
running
[I 2024-11-17 09:34:03,832] Trial 9 finished with value: 0.13410879529423944 and parameters: {'model_name': 'SimpleImputer', 'strategy': 'mean'}. Best is trial 1 with value: 0.13410879529423944.
[I 2024-11-17 09:34:03,947] Trial 5 finished with value: 0.18884085170278433 and parameters: {'model_name': 'SimpleImputer', 'strategy': 'median'}. Best is trial 1 with value: 0.13410879529423944.
running
running
[I 2024-11-17 09:34:04,108] Trial 16 finished with value: 0.13410879529423944 and parameters: {'model_name': 'SimpleImputer', 'strategy': 'mean'}. Best is trial 1 with value: 0.13410879529423944.
running
[I 2024-11-17 09:34:04,387] Trial 14 finished with value: 0.18884085170278433 and parameters: {'model_name': 'SimpleImputer', 'strategy': 'median'}. Best is trial 1 with value: 0.13410879529423944.
running
[I 2024-11-17 09:34:04,575] Trial 17 finished with value: 0.13410879529423944 and parameters: {'model_name': 'SimpleImputer', 'strategy': 'mean'}. Best is trial 1 with value: 0.13410879529423944.
[I 2024-11-17 09:34:04,773] Trial 21 finished with value: 0.22152045199101056 and parameters: {'model_name': 'SimpleImputer', 'strategy': 'constant'}. Best is trial 1 with value: 0.13410879529423944.
running
running
[I 2024-11-17 09:34:05,142] Trial 2 finished with value: 0.22152045199101056 and parameters: {'model_name': 'SimpleImputer', 'strategy': 'most_frequent'}. Best is trial 1 with value: 0.13410879529423944.
running
[I 2024-11-17 09:34:05,423] Trial 20 finished with value: 0.18884085170278433 and parameters: {'model_name': 'SimpleImputer', 'strategy': 'median'}. Best is trial 1 with value: 0.13410879529423944.
running
[I 2024-11-17 09:34:05,742] Trial 12 finished with value: 0.22152045199101056 and parameters: {'model_name': 'SimpleImputer', 'strategy': 'most_frequent'}. Best is trial 1 with value: 0.13410879529423944.
[I 2024-11-17 09:34:05,853] Trial 8 finished with value: 0.22152045199101056 and parameters: {'model_name': 'SimpleImputer', 'strategy': 'most_frequent'}. Best is trial 1 with value: 0.13410879529423944.
[I 2024-11-17 09:34:06,030] Trial 13 finished with value: 0.22152045199101056 and parameters: {'model_name': 'SimpleImputer', 'strategy': 'most_frequent'}. Best is trial 1 with value: 0.13410879529423944.
running
running
running
[I 2024-11-17 09:34:06,241] Trial 10 finished with value: 0.22152045199101056 and parameters: {'model_name': 'SimpleImputer', 'strategy': 'most_frequent'}. Best is trial 1 with value: 0.13410879529423944.
[I 2024-11-17 09:34:06,380] Trial 15 finished with value: 0.22152045199101056 and parameters: {'model_name': 'SimpleImputer', 'strategy': 'most_frequent'}. Best is trial 1 with value: 0.13410879529423944.
running
[I 2024-11-17 09:34:06,515] Trial 4 finished with value: 0.22152045199101056 and parameters: {'model_name': 'SimpleImputer', 'strategy': 'most_frequent'}. Best is trial 1 with value: 0.13410879529423944.
running
running
[I 2024-11-17 09:34:06,936] Trial 33 finished with value: 0.13410879529423944 and parameters: {'model_name': 'SimpleImputer', 'strategy': 'mean'}. Best is trial 1 with value: 0.13410879529423944.
running
[I 2024-11-17 09:34:07,138] Trial 11 finished with value: 0.22152045199101056 and parameters: {'model_name': 'SimpleImputer', 'strategy': 'most_frequent'}. Best is trial 1 with value: 0.13410879529423944.
[I 2024-11-17 09:34:07,360] Trial 23 finished with value: 0.22152045199101056 and parameters: {'model_name': 'SimpleImputer', 'strategy': 'most_frequent'}. Best is trial 1 with value: 0.13410879529423944.
[I 2024-11-17 09:34:07,504] Trial 22 finished with value: 0.22152045199101056 and parameters: {'model_name': 'SimpleImputer', 'strategy': 'most_frequent'}. Best is trial 1 with value: 0.13410879529423944.
running
running
running
[I 2024-11-17 09:34:07,666] Trial 30 finished with value: 0.13410879529423944 and parameters: {'model_name': 'SimpleImputer', 'strategy': 'mean'}. Best is trial 1 with value: 0.13410879529423944.
running
[I 2024-11-17 09:34:07,886] Trial 32 finished with value: 0.13410879529423944 and parameters: {'model_name': 'SimpleImputer', 'strategy': 'mean'}. Best is trial 1 with value: 0.13410879529423944.
running
[I 2024-11-17 09:34:08,062] Trial 31 finished with value: 0.13410879529423944 and parameters: {'model_name': 'SimpleImputer', 'strategy': 'mean'}. Best is trial 1 with value: 0.13410879529423944.
running
[I 2024-11-17 09:34:08,273] Trial 29 finished with value: 0.13410879529423944 and parameters: {'model_name': 'SimpleImputer', 'strategy': 'mean'}. Best is trial 1 with value: 0.13410879529423944.
[I 2024-11-17 09:34:08,387] Trial 19 finished with value: 0.22152045199101056 and parameters: {'model_name': 'SimpleImputer', 'strategy': 'most_frequent'}. Best is trial 1 with value: 0.13410879529423944.
running
running
[I 2024-11-17 09:34:08,597] Trial 18 finished with value: 0.22152045199101056 and parameters: {'model_name': 'SimpleImputer', 'strategy': 'most_frequent'}. Best is trial 1 with value: 0.13410879529423944.
[I 2024-11-17 09:34:08,749] Trial 24 finished with value: 0.22152045199101056 and parameters: {'model_name': 'SimpleImputer', 'strategy': 'most_frequent'}. Best is trial 1 with value: 0.13410879529423944.
running
[I 2024-11-17 09:34:08,891] Trial 34 finished with value: 0.13410879529423944 and parameters: {'model_name': 'SimpleImputer', 'strategy': 'mean'}. Best is trial 1 with value: 0.13410879529423944.
running
running
[I 2024-11-17 09:34:09,109] Trial 38 finished with value: 0.13410879529423944 and parameters: {'model_name': 'SimpleImputer', 'strategy': 'mean'}. Best is trial 1 with value: 0.13410879529423944.
[I 2024-11-17 09:34:09,269] Trial 35 finished with value: 0.13410879529423944 and parameters: {'model_name': 'SimpleImputer', 'strategy': 'mean'}. Best is trial 1 with value: 0.13410879529423944.
[I 2024-11-17 09:34:09,404] Trial 36 finished with value: 0.13410879529423944 and parameters: {'model_name': 'SimpleImputer', 'strategy': 'mean'}. Best is trial 1 with value: 0.13410879529423944.
[I 2024-11-17 09:34:09,531] Trial 25 finished with value: 0.22152045199101056 and parameters: {'model_name': 'SimpleImputer', 'strategy': 'most_frequent'}. Best is trial 1 with value: 0.13410879529423944.
[I 2024-11-17 09:34:09,690] Trial 28 finished with value: 0.22152045199101056 and parameters: {'model_name': 'SimpleImputer', 'strategy': 'most_frequent'}. Best is trial 1 with value: 0.13410879529423944.
[I 2024-11-17 09:34:09,822] Trial 26 finished with value: 0.22152045199101056 and parameters: {'model_name': 'SimpleImputer', 'strategy': 'most_frequent'}. Best is trial 1 with value: 0.13410879529423944.
[I 2024-11-17 09:34:09,929] Trial 41 finished with value: 0.13410879529423944 and parameters: {'model_name': 'SimpleImputer', 'strategy': 'mean'}. Best is trial 1 with value: 0.13410879529423944.
running
running
running
[I 2024-11-17 09:34:10,068] Trial 40 finished with value: 0.13410879529423944 and parameters: {'model_name': 'SimpleImputer', 'strategy': 'mean'}. Best is trial 1 with value: 0.13410879529423944.
running
running
running
running
[I 2024-11-17 09:34:10,226] Trial 37 finished with value: 0.13410879529423944 and parameters: {'model_name': 'SimpleImputer', 'strategy': 'mean'}. Best is trial 1 with value: 0.13410879529423944.
running
running
[I 2024-11-17 09:34:10,396] Trial 39 finished with value: 0.13410879529423944 and parameters: {'model_name': 'SimpleImputer', 'strategy': 'mean'}. Best is trial 1 with value: 0.13410879529423944.
running
[I 2024-11-17 09:34:10,524] Trial 27 finished with value: 0.22152045199101056 and parameters: {'model_name': 'SimpleImputer', 'strategy': 'most_frequent'}. Best is trial 1 with value: 0.13410879529423944.
running
[I 2024-11-17 09:34:10,729] Trial 42 finished with value: 0.13410879529423944 and parameters: {'model_name': 'SimpleImputer', 'strategy': 'mean'}. Best is trial 1 with value: 0.13410879529423944.
[I 2024-11-17 09:34:10,916] Trial 44 finished with value: 0.13410879529423944 and parameters: {'model_name': 'SimpleImputer', 'strategy': 'mean'}. Best is trial 1 with value: 0.13410879529423944.
running
[I 2024-11-17 09:34:11,022] Trial 43 finished with value: 0.13410879529423944 and parameters: {'model_name': 'SimpleImputer', 'strategy': 'mean'}. Best is trial 1 with value: 0.13410879529423944.
running
running
[I 2024-11-17 09:34:11,281] Trial 56 finished with value: 0.22152045199101056 and parameters: {'model_name': 'SimpleImputer', 'strategy': 'constant'}. Best is trial 1 with value: 0.13410879529423944.
[I 2024-11-17 09:34:11,398] Trial 49 finished with value: 0.22152045199101056 and parameters: {'model_name': 'SimpleImputer', 'strategy': 'constant'}. Best is trial 1 with value: 0.13410879529423944.
[I 2024-11-17 09:34:11,493] Trial 48 finished with value: 0.22152045199101056 and parameters: {'model_name': 'SimpleImputer', 'strategy': 'constant'}. Best is trial 1 with value: 0.13410879529423944.
[I 2024-11-17 09:34:11,639] Trial 45 finished with value: 0.13410879529423944 and parameters: {'model_name': 'SimpleImputer', 'strategy': 'mean'}. Best is trial 1 with value: 0.13410879529423944.
running
[I 2024-11-17 09:34:11,762] Trial 51 finished with value: 0.22152045199101056 and parameters: {'model_name': 'SimpleImputer', 'strategy': 'constant'}. Best is trial 1 with value: 0.13410879529423944.
running
running
running
[I 2024-11-17 09:34:11,953] Trial 46 finished with value: 0.13410879529423944 and parameters: {'model_name': 'SimpleImputer', 'strategy': 'mean'}. Best is trial 1 with value: 0.13410879529423944.
running
running
[I 2024-11-17 09:34:12,115] Trial 47 finished with value: 0.22152045199101056 and parameters: {'model_name': 'SimpleImputer', 'strategy': 'constant'}. Best is trial 1 with value: 0.13410879529423944.
[I 2024-11-17 09:34:12,273] Trial 52 finished with value: 0.22152045199101056 and parameters: {'model_name': 'SimpleImputer', 'strategy': 'constant'}. Best is trial 1 with value: 0.13410879529423944.
running
[I 2024-11-17 09:34:12,382] Trial 50 finished with value: 0.22152045199101056 and parameters: {'model_name': 'SimpleImputer', 'strategy': 'constant'}. Best is trial 1 with value: 0.13410879529423944.
running
[I 2024-11-17 09:34:12,503] Trial 54 finished with value: 0.22152045199101056 and parameters: {'model_name': 'SimpleImputer', 'strategy': 'constant'}. Best is trial 1 with value: 0.13410879529423944.
running
[I 2024-11-17 09:34:12,598] Trial 55 finished with value: 0.22152045199101056 and parameters: {'model_name': 'SimpleImputer', 'strategy': 'constant'}. Best is trial 1 with value: 0.13410879529423944.
running
running
[I 2024-11-17 09:34:12,733] Trial 53 finished with value: 0.22152045199101056 and parameters: {'model_name': 'SimpleImputer', 'strategy': 'constant'}. Best is trial 1 with value: 0.13410879529423944.
running
[I 2024-11-17 09:34:12,842] Trial 58 finished with value: 0.22152045199101056 and parameters: {'model_name': 'SimpleImputer', 'strategy': 'constant'}. Best is trial 1 with value: 0.13410879529423944.
running
[I 2024-11-17 09:34:13,025] Trial 60 finished with value: 0.22152045199101056 and parameters: {'model_name': 'SimpleImputer', 'strategy': 'constant'}. Best is trial 1 with value: 0.13410879529423944.
running
[I 2024-11-17 09:34:13,282] Trial 59 finished with value: 0.22152045199101056 and parameters: {'model_name': 'SimpleImputer', 'strategy': 'constant'}. Best is trial 1 with value: 0.13410879529423944.
running
[I 2024-11-17 09:34:13,468] Trial 57 finished with value: 0.22152045199101056 and parameters: {'model_name': 'SimpleImputer', 'strategy': 'constant'}. Best is trial 1 with value: 0.13410879529423944.
running
[I 2024-11-17 09:34:13,789] Trial 64 finished with value: 0.18884085170278433 and parameters: {'model_name': 'SimpleImputer', 'strategy': 'median'}. Best is trial 1 with value: 0.13410879529423944.
running
[I 2024-11-17 09:34:14,043] Trial 61 finished with value: 0.18884085170278433 and parameters: {'model_name': 'SimpleImputer', 'strategy': 'median'}. Best is trial 1 with value: 0.13410879529423944.
[I 2024-11-17 09:34:14,151] Trial 70 finished with value: 0.13410879529423944 and parameters: {'model_name': 'SimpleImputer', 'strategy': 'mean'}. Best is trial 1 with value: 0.13410879529423944.
running
[I 2024-11-17 09:34:14,265] Trial 69 finished with value: 0.18884085170278433 and parameters: {'model_name': 'SimpleImputer', 'strategy': 'median'}. Best is trial 1 with value: 0.13410879529423944.
running
running
[I 2024-11-17 09:34:14,399] Trial 63 finished with value: 0.18884085170278433 and parameters: {'model_name': 'SimpleImputer', 'strategy': 'median'}. Best is trial 1 with value: 0.13410879529423944.
[I 2024-11-17 09:34:14,492] Trial 71 finished with value: 0.18884085170278433 and parameters: {'model_name': 'SimpleImputer', 'strategy': 'median'}. Best is trial 1 with value: 0.13410879529423944.
running
running
[I 2024-11-17 09:34:14,624] Trial 68 finished with value: 0.18884085170278433 and parameters: {'model_name': 'SimpleImputer', 'strategy': 'median'}. Best is trial 1 with value: 0.13410879529423944.
[I 2024-11-17 09:34:14,741] Trial 72 finished with value: 0.18884085170278433 and parameters: {'model_name': 'SimpleImputer', 'strategy': 'median'}. Best is trial 1 with value: 0.13410879529423944.
running
[I 2024-11-17 09:34:14,845] Trial 62 finished with value: 0.18884085170278433 and parameters: {'model_name': 'SimpleImputer', 'strategy': 'median'}. Best is trial 1 with value: 0.13410879529423944.
[I 2024-11-17 09:34:14,947] Trial 67 finished with value: 0.18884085170278433 and parameters: {'model_name': 'SimpleImputer', 'strategy': 'median'}. Best is trial 1 with value: 0.13410879529423944.
[I 2024-11-17 09:34:15,041] Trial 66 finished with value: 0.18884085170278433 and parameters: {'model_name': 'SimpleImputer', 'strategy': 'median'}. Best is trial 1 with value: 0.13410879529423944.
[I 2024-11-17 09:34:15,192] Trial 65 finished with value: 0.18884085170278433 and parameters: {'model_name': 'SimpleImputer', 'strategy': 'median'}. Best is trial 1 with value: 0.13410879529423944.
running
running
running
running
running
[I 2024-11-17 09:34:15,384] Trial 73 finished with value: 0.18884085170278433 and parameters: {'model_name': 'SimpleImputer', 'strategy': 'median'}. Best is trial 1 with value: 0.13410879529423944.
running
[I 2024-11-17 09:34:15,554] Trial 74 finished with value: 0.18884085170278433 and parameters: {'model_name': 'SimpleImputer', 'strategy': 'median'}. Best is trial 1 with value: 0.13410879529423944.
running
[I 2024-11-17 09:34:15,699] Trial 79 finished with value: 0.13410879529423944 and parameters: {'model_name': 'SimpleImputer', 'strategy': 'mean'}. Best is trial 1 with value: 0.13410879529423944.
running
[I 2024-11-17 09:34:15,857] Trial 81 finished with value: 0.13410879529423944 and parameters: {'model_name': 'SimpleImputer', 'strategy': 'mean'}. Best is trial 1 with value: 0.13410879529423944.
running
[I 2024-11-17 09:34:16,012] Trial 76 finished with value: 0.18884085170278433 and parameters: {'model_name': 'SimpleImputer', 'strategy': 'median'}. Best is trial 1 with value: 0.13410879529423944.
[I 2024-11-17 09:34:16,114] Trial 75 finished with value: 0.18884085170278433 and parameters: {'model_name': 'SimpleImputer', 'strategy': 'median'}. Best is trial 1 with value: 0.13410879529423944.
running
[I 2024-11-17 09:34:16,210] Trial 80 finished with value: 0.13410879529423944 and parameters: {'model_name': 'SimpleImputer', 'strategy': 'mean'}. Best is trial 1 with value: 0.13410879529423944.
running
[I 2024-11-17 09:34:16,448] Trial 77 finished with value: 0.13410879529423944 and parameters: {'model_name': 'SimpleImputer', 'strategy': 'mean'}. Best is trial 1 with value: 0.13410879529423944.
running
[I 2024-11-17 09:34:16,630] Trial 78 finished with value: 0.13410879529423944 and parameters: {'model_name': 'SimpleImputer', 'strategy': 'mean'}. Best is trial 1 with value: 0.13410879529423944.
[I 2024-11-17 09:34:16,792] Trial 83 finished with value: 0.13410879529423944 and parameters: {'model_name': 'SimpleImputer', 'strategy': 'mean'}. Best is trial 1 with value: 0.13410879529423944.
running
running
running
[I 2024-11-17 09:34:16,972] Trial 84 finished with value: 0.13410879529423944 and parameters: {'model_name': 'SimpleImputer', 'strategy': 'mean'}. Best is trial 1 with value: 0.13410879529423944.
running
[I 2024-11-17 09:34:17,135] Trial 82 finished with value: 0.13410879529423944 and parameters: {'model_name': 'SimpleImputer', 'strategy': 'mean'}. Best is trial 1 with value: 0.13410879529423944.
running
[I 2024-11-17 09:34:17,299] Trial 85 finished with value: 0.13410879529423944 and parameters: {'model_name': 'SimpleImputer', 'strategy': 'mean'}. Best is trial 1 with value: 0.13410879529423944.
running
[I 2024-11-17 09:34:17,470] Trial 92 finished with value: 0.13410879529423944 and parameters: {'model_name': 'SimpleImputer', 'strategy': 'mean'}. Best is trial 1 with value: 0.13410879529423944.
[I 2024-11-17 09:34:17,598] Trial 86 finished with value: 0.13410879529423944 and parameters: {'model_name': 'SimpleImputer', 'strategy': 'mean'}. Best is trial 1 with value: 0.13410879529423944.
running
[I 2024-11-17 09:34:17,733] Trial 97 finished with value: 0.13410879529423944 and parameters: {'model_name': 'SimpleImputer', 'strategy': 'mean'}. Best is trial 1 with value: 0.13410879529423944.
running
running
[I 2024-11-17 09:34:17,857] Trial 88 finished with value: 0.13410879529423944 and parameters: {'model_name': 'SimpleImputer', 'strategy': 'mean'}. Best is trial 1 with value: 0.13410879529423944.
[I 2024-11-17 09:34:18,012] Trial 90 finished with value: 0.13410879529423944 and parameters: {'model_name': 'SimpleImputer', 'strategy': 'mean'}. Best is trial 1 with value: 0.13410879529423944.
running
running
[I 2024-11-17 09:34:18,164] Trial 89 finished with value: 0.13410879529423944 and parameters: {'model_name': 'SimpleImputer', 'strategy': 'mean'}. Best is trial 1 with value: 0.13410879529423944.
[I 2024-11-17 09:34:18,284] Trial 91 finished with value: 0.13410879529423944 and parameters: {'model_name': 'SimpleImputer', 'strategy': 'mean'}. Best is trial 1 with value: 0.13410879529423944.
running
[I 2024-11-17 09:34:18,449] Trial 96 finished with value: 0.13410879529423944 and parameters: {'model_name': 'SimpleImputer', 'strategy': 'mean'}. Best is trial 1 with value: 0.13410879529423944.
running
[I 2024-11-17 09:34:18,666] Trial 87 finished with value: 0.13410879529423944 and parameters: {'model_name': 'SimpleImputer', 'strategy': 'mean'}. Best is trial 1 with value: 0.13410879529423944.
running
running
[I 2024-11-17 09:34:18,874] Trial 99 finished with value: 0.13410879529423944 and parameters: {'model_name': 'SimpleImputer', 'strategy': 'mean'}. Best is trial 1 with value: 0.13410879529423944.
running
[I 2024-11-17 09:34:18,994] Trial 94 finished with value: 0.13410879529423944 and parameters: {'model_name': 'SimpleImputer', 'strategy': 'mean'}. Best is trial 1 with value: 0.13410879529423944.
running
[I 2024-11-17 09:34:19,123] Trial 93 finished with value: 0.13410879529423944 and parameters: {'model_name': 'SimpleImputer', 'strategy': 'mean'}. Best is trial 1 with value: 0.13410879529423944.
[I 2024-11-17 09:34:19,228] Trial 95 finished with value: 0.13410879529423944 and parameters: {'model_name': 'SimpleImputer', 'strategy': 'mean'}. Best is trial 1 with value: 0.13410879529423944.
running
running
[I 2024-11-17 09:34:19,406] Trial 101 finished with value: 0.13410879529423944 and parameters: {'model_name': 'SimpleImputer', 'strategy': 'mean'}. Best is trial 1 with value: 0.13410879529423944.
[I 2024-11-17 09:34:19,579] Trial 103 finished with value: 0.13410879529423944 and parameters: {'model_name': 'SimpleImputer', 'strategy': 'mean'}. Best is trial 1 with value: 0.13410879529423944.
[I 2024-11-17 09:34:19,687] Trial 100 finished with value: 0.13410879529423944 and parameters: {'model_name': 'SimpleImputer', 'strategy': 'mean'}. Best is trial 1 with value: 0.13410879529423944.
running
running
[I 2024-11-17 09:34:19,885] Trial 104 finished with value: 0.13410879529423944 and parameters: {'model_name': 'SimpleImputer', 'strategy': 'mean'}. Best is trial 1 with value: 0.13410879529423944.
running
[I 2024-11-17 09:34:19,995] Trial 98 finished with value: 0.13410879529423944 and parameters: {'model_name': 'SimpleImputer', 'strategy': 'mean'}. Best is trial 1 with value: 0.13410879529423944.
running
running
[I 2024-11-17 09:34:20,178] Trial 112 finished with value: 0.13410879529423944 and parameters: {'model_name': 'SimpleImputer', 'strategy': 'mean'}. Best is trial 1 with value: 0.13410879529423944.
running
[I 2024-11-17 09:34:20,299] Trial 105 finished with value: 0.13410879529423944 and parameters: {'model_name': 'SimpleImputer', 'strategy': 'mean'}. Best is trial 1 with value: 0.13410879529423944.
running
[I 2024-11-17 09:34:20,434] Trial 109 finished with value: 0.13410879529423944 and parameters: {'model_name': 'SimpleImputer', 'strategy': 'mean'}. Best is trial 1 with value: 0.13410879529423944.
[I 2024-11-17 09:34:20,589] Trial 106 finished with value: 0.13410879529423944 and parameters: {'model_name': 'SimpleImputer', 'strategy': 'mean'}. Best is trial 1 with value: 0.13410879529423944.
running
[I 2024-11-17 09:34:20,745] Trial 102 finished with value: 0.13410879529423944 and parameters: {'model_name': 'SimpleImputer', 'strategy': 'mean'}. Best is trial 1 with value: 0.13410879529423944.
running
running
[I 2024-11-17 09:34:20,918] Trial 111 finished with value: 0.13410879529423944 and parameters: {'model_name': 'SimpleImputer', 'strategy': 'mean'}. Best is trial 1 with value: 0.13410879529423944.
[I 2024-11-17 09:34:21,032] Trial 110 finished with value: 0.13410879529423944 and parameters: {'model_name': 'SimpleImputer', 'strategy': 'mean'}. Best is trial 1 with value: 0.13410879529423944.
running
running
[I 2024-11-17 09:34:21,321] Trial 114 finished with value: 0.13410879529423944 and parameters: {'model_name': 'SimpleImputer', 'strategy': 'mean'}. Best is trial 1 with value: 0.13410879529423944.
[I 2024-11-17 09:34:21,494] Trial 107 finished with value: 0.13410879529423944 and parameters: {'model_name': 'SimpleImputer', 'strategy': 'mean'}. Best is trial 1 with value: 0.13410879529423944.
[I 2024-11-17 09:34:21,599] Trial 115 finished with value: 0.13410879529423944 and parameters: {'model_name': 'SimpleImputer', 'strategy': 'mean'}. Best is trial 1 with value: 0.13410879529423944.
running
running
[I 2024-11-17 09:34:21,715] Trial 108 finished with value: 0.13410879529423944 and parameters: {'model_name': 'SimpleImputer', 'strategy': 'mean'}. Best is trial 1 with value: 0.13410879529423944.
running
[I 2024-11-17 09:34:21,909] Trial 116 finished with value: 0.13410879529423944 and parameters: {'model_name': 'SimpleImputer', 'strategy': 'mean'}. Best is trial 1 with value: 0.13410879529423944.
running
[I 2024-11-17 09:34:22,088] Trial 118 finished with value: 0.13410879529423944 and parameters: {'model_name': 'SimpleImputer', 'strategy': 'mean'}. Best is trial 1 with value: 0.13410879529423944.
[I 2024-11-17 09:34:22,187] Trial 113 finished with value: 0.13410879529423944 and parameters: {'model_name': 'SimpleImputer', 'strategy': 'mean'}. Best is trial 1 with value: 0.13410879529423944.
running
running
running
[I 2024-11-17 09:34:22,409] Trial 123 finished with value: 0.13410879529423944 and parameters: {'model_name': 'SimpleImputer', 'strategy': 'mean'}. Best is trial 1 with value: 0.13410879529423944.
running
[I 2024-11-17 09:34:22,619] Trial 120 finished with value: 0.13410879529423944 and parameters: {'model_name': 'SimpleImputer', 'strategy': 'mean'}. Best is trial 1 with value: 0.13410879529423944.
running
[I 2024-11-17 09:34:22,823] Trial 117 finished with value: 0.13410879529423944 and parameters: {'model_name': 'SimpleImputer', 'strategy': 'mean'}. Best is trial 1 with value: 0.13410879529423944.
[I 2024-11-17 09:34:23,040] Trial 119 finished with value: 0.13410879529423944 and parameters: {'model_name': 'SimpleImputer', 'strategy': 'mean'}. Best is trial 1 with value: 0.13410879529423944.
running
running
[I 2024-11-17 09:34:23,270] Trial 121 finished with value: 0.13410879529423944 and parameters: {'model_name': 'SimpleImputer', 'strategy': 'mean'}. Best is trial 1 with value: 0.13410879529423944.
[I 2024-11-17 09:34:23,377] Trial 129 finished with value: 0.13410879529423944 and parameters: {'model_name': 'SimpleImputer', 'strategy': 'mean'}. Best is trial 1 with value: 0.13410879529423944.
running
running
[I 2024-11-17 09:34:23,728] Trial 130 finished with value: 0.13410879529423944 and parameters: {'model_name': 'SimpleImputer', 'strategy': 'mean'}. Best is trial 1 with value: 0.13410879529423944.
running
[I 2024-11-17 09:34:24,098] Trial 134 finished with value: 0.13410879529423944 and parameters: {'model_name': 'SimpleImputer', 'strategy': 'mean'}. Best is trial 1 with value: 0.13410879529423944.
running
[I 2024-11-17 09:34:24,353] Trial 139 finished with value: 0.13410879529423944 and parameters: {'model_name': 'SimpleImputer', 'strategy': 'mean'}. Best is trial 1 with value: 0.13410879529423944.
running
[I 2024-11-17 09:34:24,554] Trial 127 finished with value: 0.22152045199101056 and parameters: {'model_name': 'SimpleImputer', 'strategy': 'most_frequent'}. Best is trial 1 with value: 0.13410879529423944.
running
[I 2024-11-17 09:34:24,778] Trial 132 finished with value: 0.22152045199101056 and parameters: {'model_name': 'SimpleImputer', 'strategy': 'most_frequent'}. Best is trial 1 with value: 0.13410879529423944.
running
[I 2024-11-17 09:34:25,147] Trial 126 finished with value: 0.22152045199101056 and parameters: {'model_name': 'SimpleImputer', 'strategy': 'most_frequent'}. Best is trial 1 with value: 0.13410879529423944.
running
[I 2024-11-17 09:34:25,332] Trial 133 finished with value: 0.22152045199101056 and parameters: {'model_name': 'SimpleImputer', 'strategy': 'most_frequent'}. Best is trial 1 with value: 0.13410879529423944.
[I 2024-11-17 09:34:25,447] Trial 125 finished with value: 0.22152045199101056 and parameters: {'model_name': 'SimpleImputer', 'strategy': 'most_frequent'}. Best is trial 1 with value: 0.13410879529423944.
running
running
[I 2024-11-17 09:34:25,555] Trial 124 finished with value: 0.22152045199101056 and parameters: {'model_name': 'SimpleImputer', 'strategy': 'most_frequent'}. Best is trial 1 with value: 0.13410879529423944.
[I 2024-11-17 09:34:25,746] Trial 122 finished with value: 0.22152045199101056 and parameters: {'model_name': 'SimpleImputer', 'strategy': 'most_frequent'}. Best is trial 1 with value: 0.13410879529423944.
[I 2024-11-17 09:34:25,855] Trial 131 finished with value: 0.22152045199101056 and parameters: {'model_name': 'SimpleImputer', 'strategy': 'most_frequent'}. Best is trial 1 with value: 0.13410879529423944.
running
running
running
[I 2024-11-17 09:34:26,082] Trial 135 finished with value: 0.22152045199101056 and parameters: {'model_name': 'SimpleImputer', 'strategy': 'most_frequent'}. Best is trial 1 with value: 0.13410879529423944.
running
[I 2024-11-17 09:34:26,321] Trial 128 finished with value: 0.22152045199101056 and parameters: {'model_name': 'SimpleImputer', 'strategy': 'most_frequent'}. Best is trial 1 with value: 0.13410879529423944.
running
[I 2024-11-17 09:34:26,490] Trial 144 finished with value: 0.13410879529423944 and parameters: {'model_name': 'SimpleImputer', 'strategy': 'mean'}. Best is trial 1 with value: 0.13410879529423944.
running
[I 2024-11-17 09:34:26,670] Trial 143 finished with value: 0.13410879529423944 and parameters: {'model_name': 'SimpleImputer', 'strategy': 'mean'}. Best is trial 1 with value: 0.13410879529423944.
[I 2024-11-17 09:34:26,781] Trial 136 finished with value: 0.22152045199101056 and parameters: {'model_name': 'SimpleImputer', 'strategy': 'most_frequent'}. Best is trial 1 with value: 0.13410879529423944.
running
[I 2024-11-17 09:34:26,973] Trial 137 finished with value: 0.22152045199101056 and parameters: {'model_name': 'SimpleImputer', 'strategy': 'most_frequent'}. Best is trial 1 with value: 0.13410879529423944.
running
running
[I 2024-11-17 09:34:27,199] Trial 146 finished with value: 0.13410879529423944 and parameters: {'model_name': 'SimpleImputer', 'strategy': 'mean'}. Best is trial 1 with value: 0.13410879529423944.
running
[I 2024-11-17 09:34:27,383] Trial 147 finished with value: 0.13410879529423944 and parameters: {'model_name': 'SimpleImputer', 'strategy': 'mean'}. Best is trial 1 with value: 0.13410879529423944.
running
[I 2024-11-17 09:34:27,575] Trial 150 finished with value: 0.13410879529423944 and parameters: {'model_name': 'SimpleImputer', 'strategy': 'mean'}. Best is trial 1 with value: 0.13410879529423944.
[I 2024-11-17 09:34:27,744] Trial 148 finished with value: 0.13410879529423944 and parameters: {'model_name': 'SimpleImputer', 'strategy': 'mean'}. Best is trial 1 with value: 0.13410879529423944.
[I 2024-11-17 09:34:27,868] Trial 149 finished with value: 0.13410879529423944 and parameters: {'model_name': 'SimpleImputer', 'strategy': 'mean'}. Best is trial 1 with value: 0.13410879529423944.
[I 2024-11-17 09:34:27,970] Trial 145 finished with value: 0.13410879529423944 and parameters: {'model_name': 'SimpleImputer', 'strategy': 'mean'}. Best is trial 1 with value: 0.13410879529423944.
running
[I 2024-11-17 09:34:28,138] Trial 140 finished with value: 0.22152045199101056 and parameters: {'model_name': 'SimpleImputer', 'strategy': 'most_frequent'}. Best is trial 1 with value: 0.13410879529423944.
running
[I 2024-11-17 09:34:28,270] Trial 141 finished with value: 0.22152045199101056 and parameters: {'model_name': 'SimpleImputer', 'strategy': 'most_frequent'}. Best is trial 1 with value: 0.13410879529423944.
running
running
running
[I 2024-11-17 09:34:28,450] Trial 142 finished with value: 0.22152045199101056 and parameters: {'model_name': 'SimpleImputer', 'strategy': 'most_frequent'}. Best is trial 1 with value: 0.13410879529423944.
[I 2024-11-17 09:34:28,623] Trial 156 finished with value: 0.13410879529423944 and parameters: {'model_name': 'SimpleImputer', 'strategy': 'mean'}. Best is trial 1 with value: 0.13410879529423944.
[I 2024-11-17 09:34:28,735] Trial 151 finished with value: 0.13410879529423944 and parameters: {'model_name': 'SimpleImputer', 'strategy': 'mean'}. Best is trial 1 with value: 0.13410879529423944.
running
[I 2024-11-17 09:34:28,962] Trial 152 finished with value: 0.13410879529423944 and parameters: {'model_name': 'SimpleImputer', 'strategy': 'mean'}. Best is trial 1 with value: 0.13410879529423944.
running
running
[I 2024-11-17 09:34:29,129] Trial 138 finished with value: 0.22152045199101056 and parameters: {'model_name': 'SimpleImputer', 'strategy': 'most_frequent'}. Best is trial 1 with value: 0.13410879529423944.
running
running
running
[I 2024-11-17 09:34:29,332] Trial 155 finished with value: 0.13410879529423944 and parameters: {'model_name': 'SimpleImputer', 'strategy': 'mean'}. Best is trial 1 with value: 0.13410879529423944.
running
[I 2024-11-17 09:34:29,500] Trial 154 finished with value: 0.13410879529423944 and parameters: {'model_name': 'SimpleImputer', 'strategy': 'mean'}. Best is trial 1 with value: 0.13410879529423944.
[I 2024-11-17 09:34:29,602] Trial 153 finished with value: 0.13410879529423944 and parameters: {'model_name': 'SimpleImputer', 'strategy': 'mean'}. Best is trial 1 with value: 0.13410879529423944.
running
[I 2024-11-17 09:34:29,725] Trial 157 finished with value: 0.13410879529423944 and parameters: {'model_name': 'SimpleImputer', 'strategy': 'mean'}. Best is trial 1 with value: 0.13410879529423944.
running
running
[I 2024-11-17 09:34:29,913] Trial 160 finished with value: 0.13410879529423944 and parameters: {'model_name': 'SimpleImputer', 'strategy': 'mean'}. Best is trial 1 with value: 0.13410879529423944.
running
[I 2024-11-17 09:34:30,068] Trial 165 finished with value: 0.13410879529423944 and parameters: {'model_name': 'SimpleImputer', 'strategy': 'mean'}. Best is trial 1 with value: 0.13410879529423944.
[I 2024-11-17 09:34:30,178] Trial 161 finished with value: 0.13410879529423944 and parameters: {'model_name': 'SimpleImputer', 'strategy': 'mean'}. Best is trial 1 with value: 0.13410879529423944.
[I 2024-11-17 09:34:30,288] Trial 166 finished with value: 0.13410879529423944 and parameters: {'model_name': 'SimpleImputer', 'strategy': 'mean'}. Best is trial 1 with value: 0.13410879529423944.
[I 2024-11-17 09:34:30,432] Trial 170 finished with value: 0.13410879529423944 and parameters: {'model_name': 'SimpleImputer', 'strategy': 'mean'}. Best is trial 1 with value: 0.13410879529423944.
running
[I 2024-11-17 09:34:30,543] Trial 163 finished with value: 0.13410879529423944 and parameters: {'model_name': 'SimpleImputer', 'strategy': 'mean'}. Best is trial 1 with value: 0.13410879529423944.
[I 2024-11-17 09:34:30,693] Trial 159 finished with value: 0.13410879529423944 and parameters: {'model_name': 'SimpleImputer', 'strategy': 'mean'}. Best is trial 1 with value: 0.13410879529423944.
[I 2024-11-17 09:34:30,797] Trial 158 finished with value: 0.13410879529423944 and parameters: {'model_name': 'SimpleImputer', 'strategy': 'mean'}. Best is trial 1 with value: 0.13410879529423944.
running
running
[I 2024-11-17 09:34:30,920] Trial 167 finished with value: 0.13410879529423944 and parameters: {'model_name': 'SimpleImputer', 'strategy': 'mean'}. Best is trial 1 with value: 0.13410879529423944.
running
running
[I 2024-11-17 09:34:31,140] Trial 162 finished with value: 0.13410879529423944 and parameters: {'model_name': 'SimpleImputer', 'strategy': 'mean'}. Best is trial 1 with value: 0.13410879529423944.
running
[I 2024-11-17 09:34:31,291] Trial 168 finished with value: 0.13410879529423944 and parameters: {'model_name': 'SimpleImputer', 'strategy': 'mean'}. Best is trial 1 with value: 0.13410879529423944.
running
running
[I 2024-11-17 09:34:31,464] Trial 171 finished with value: 0.13410879529423944 and parameters: {'model_name': 'SimpleImputer', 'strategy': 'mean'}. Best is trial 1 with value: 0.13410879529423944.
[I 2024-11-17 09:34:31,599] Trial 169 finished with value: 0.13410879529423944 and parameters: {'model_name': 'SimpleImputer', 'strategy': 'mean'}. Best is trial 1 with value: 0.13410879529423944.
running
[I 2024-11-17 09:34:31,717] Trial 164 finished with value: 0.13410879529423944 and parameters: {'model_name': 'SimpleImputer', 'strategy': 'mean'}. Best is trial 1 with value: 0.13410879529423944.
running
running
[I 2024-11-17 09:34:31,901] Trial 172 finished with value: 0.13410879529423944 and parameters: {'model_name': 'SimpleImputer', 'strategy': 'mean'}. Best is trial 1 with value: 0.13410879529423944.
running
running
[I 2024-11-17 09:34:32,053] Trial 174 finished with value: 0.13410879529423944 and parameters: {'model_name': 'SimpleImputer', 'strategy': 'mean'}. Best is trial 1 with value: 0.13410879529423944.
running
running
[I 2024-11-17 09:34:32,321] Trial 175 finished with value: 0.13410879529423944 and parameters: {'model_name': 'SimpleImputer', 'strategy': 'mean'}. Best is trial 1 with value: 0.13410879529423944.
[I 2024-11-17 09:34:32,466] Trial 173 finished with value: 0.13410879529423944 and parameters: {'model_name': 'SimpleImputer', 'strategy': 'mean'}. Best is trial 1 with value: 0.13410879529423944.
running
running
[I 2024-11-17 09:34:32,641] Trial 176 finished with value: 0.13410879529423944 and parameters: {'model_name': 'SimpleImputer', 'strategy': 'mean'}. Best is trial 1 with value: 0.13410879529423944.
running
[I 2024-11-17 09:34:32,833] Trial 180 finished with value: 0.13410879529423944 and parameters: {'model_name': 'SimpleImputer', 'strategy': 'mean'}. Best is trial 1 with value: 0.13410879529423944.
[I 2024-11-17 09:34:32,964] Trial 185 finished with value: 0.13410879529423944 and parameters: {'model_name': 'SimpleImputer', 'strategy': 'mean'}. Best is trial 1 with value: 0.13410879529423944.
running
running
[I 2024-11-17 09:34:33,129] Trial 181 finished with value: 0.13410879529423944 and parameters: {'model_name': 'SimpleImputer', 'strategy': 'mean'}. Best is trial 1 with value: 0.13410879529423944.
running
[I 2024-11-17 09:34:33,311] Trial 179 finished with value: 0.13410879529423944 and parameters: {'model_name': 'SimpleImputer', 'strategy': 'mean'}. Best is trial 1 with value: 0.13410879529423944.
running
[I 2024-11-17 09:34:33,471] Trial 182 finished with value: 0.13410879529423944 and parameters: {'model_name': 'SimpleImputer', 'strategy': 'mean'}. Best is trial 1 with value: 0.13410879529423944.
[I 2024-11-17 09:34:33,586] Trial 178 finished with value: 0.13410879529423944 and parameters: {'model_name': 'SimpleImputer', 'strategy': 'mean'}. Best is trial 1 with value: 0.13410879529423944.
running
running
[I 2024-11-17 09:34:33,763] Trial 189 finished with value: 0.13410879529423944 and parameters: {'model_name': 'SimpleImputer', 'strategy': 'mean'}. Best is trial 1 with value: 0.13410879529423944.
[I 2024-11-17 09:34:33,897] Trial 187 finished with value: 0.13410879529423944 and parameters: {'model_name': 'SimpleImputer', 'strategy': 'mean'}. Best is trial 1 with value: 0.13410879529423944.
running
[I 2024-11-17 09:34:34,050] Trial 183 finished with value: 0.13410879529423944 and parameters: {'model_name': 'SimpleImputer', 'strategy': 'mean'}. Best is trial 1 with value: 0.13410879529423944.
[I 2024-11-17 09:34:34,195] Trial 188 finished with value: 0.13410879529423944 and parameters: {'model_name': 'SimpleImputer', 'strategy': 'mean'}. Best is trial 1 with value: 0.13410879529423944.
[I 2024-11-17 09:34:34,321] Trial 190 finished with value: 0.13410879529423944 and parameters: {'model_name': 'SimpleImputer', 'strategy': 'mean'}. Best is trial 1 with value: 0.13410879529423944.
[I 2024-11-17 09:34:34,434] Trial 177 finished with value: 0.13410879529423944 and parameters: {'model_name': 'SimpleImputer', 'strategy': 'mean'}. Best is trial 1 with value: 0.13410879529423944.
[I 2024-11-17 09:34:34,600] Trial 191 finished with value: 0.13410879529423944 and parameters: {'model_name': 'SimpleImputer', 'strategy': 'mean'}. Best is trial 1 with value: 0.13410879529423944.
[I 2024-11-17 09:34:34,787] Trial 186 finished with value: 0.13410879529423944 and parameters: {'model_name': 'SimpleImputer', 'strategy': 'mean'}. Best is trial 1 with value: 0.13410879529423944.
[I 2024-11-17 09:34:34,930] Trial 197 finished with value: 0.13410879529423944 and parameters: {'model_name': 'SimpleImputer', 'strategy': 'mean'}. Best is trial 1 with value: 0.13410879529423944.
[I 2024-11-17 09:34:35,060] Trial 184 finished with value: 0.13410879529423944 and parameters: {'model_name': 'SimpleImputer', 'strategy': 'mean'}. Best is trial 1 with value: 0.13410879529423944.
[I 2024-11-17 09:34:35,192] Trial 196 finished with value: 0.13410879529423944 and parameters: {'model_name': 'SimpleImputer', 'strategy': 'mean'}. Best is trial 1 with value: 0.13410879529423944.
[I 2024-11-17 09:34:35,340] Trial 198 finished with value: 0.13410879529423944 and parameters: {'model_name': 'SimpleImputer', 'strategy': 'mean'}. Best is trial 1 with value: 0.13410879529423944.
[I 2024-11-17 09:34:35,462] Trial 195 finished with value: 0.13410879529423944 and parameters: {'model_name': 'SimpleImputer', 'strategy': 'mean'}. Best is trial 1 with value: 0.13410879529423944.
[I 2024-11-17 09:34:35,575] Trial 194 finished with value: 0.13410879529423944 and parameters: {'model_name': 'SimpleImputer', 'strategy': 'mean'}. Best is trial 1 with value: 0.13410879529423944.
[I 2024-11-17 09:34:35,706] Trial 193 finished with value: 0.13410879529423944 and parameters: {'model_name': 'SimpleImputer', 'strategy': 'mean'}. Best is trial 1 with value: 0.13410879529423944.
[I 2024-11-17 09:34:35,837] Trial 192 finished with value: 0.13410879529423944 and parameters: {'model_name': 'SimpleImputer', 'strategy': 'mean'}. Best is trial 1 with value: 0.13410879529423944.
[I 2024-11-17 09:34:35,949] Trial 199 finished with value: 0.22152045199101056 and parameters: {'model_name': 'SimpleImputer', 'strategy': 'constant'}. Best is trial 1 with value: 0.13410879529423944.
fit
simple fit
simple transform
0     0
1     0
2     0
3     0
4     0
5     0
6     0
7     0
8     0
9     0
10    0
dtype: int64
0     0
1     0
2     0
3     0
4     0
5     0
6     0
7     0
8     0
9     0
10    0
dtype: int64
0.13410879529423944
{'model_name': 'SimpleImputer', 'strategy': 'mean'}
running experiment 2/3 - Does reconstruction give good automl predictions
Start est fit
Version 0.1.7a0 of tpot2 is outdated. Version 0.1.8a0 was released Tuesday September 17, 2024.
Version 0.1.7a0 of tpot2 is outdated. Version 0.1.8a0 was released Tuesday September 17, 2024.
Version 0.1.7a0 of tpot2 is outdated. Version 0.1.8a0 was released Tuesday September 17, 2024.
Version 0.1.7a0 of tpot2 is outdated. Version 0.1.8a0 was released Tuesday September 17, 2024.
Version 0.1.7a0 of tpot2 is outdated. Version 0.1.8a0 was released Tuesday September 17, 2024.
Version 0.1.7a0 of tpot2 is outdated. Version 0.1.8a0 was released Tuesday September 17, 2024.
Version 0.1.7a0 of tpot2 is outdated. Version 0.1.8a0 was released Tuesday September 17, 2024.
Version 0.1.7a0 of tpot2 is outdated. Version 0.1.8a0 was released Tuesday September 17, 2024.
Version 0.1.7a0 of tpot2 is outdated. Version 0.1.8a0 was released Tuesday September 17, 2024.
Version 0.1.7a0 of tpot2 is outdated. Version 0.1.8a0 was released Tuesday September 17, 2024.
Version 0.1.7a0 of tpot2 is outdated. Version 0.1.8a0 was released Tuesday September 17, 2024.
Version 0.1.7a0 of tpot2 is outdated. Version 0.1.8a0 was released Tuesday September 17, 2024.
Version 0.1.7a0 of tpot2 is outdated. Version 0.1.8a0 was released Tuesday September 17, 2024.
Version 0.1.7a0 of tpot2 is outdated. Version 0.1.8a0 was released Tuesday September 17, 2024.
Version 0.1.7a0 of tpot2 is outdated. Version 0.1.8a0 was released Tuesday September 17, 2024.
Version 0.1.7a0 of tpot2 is outdated. Version 0.1.8a0 was released Tuesday September 17, 2024.
  0%|          | 0/25 [00:00<?, ?it/s]Generation:   0%|          | 0/25 [00:00<?, ?it/s]Generation:  1
Best f1_score score: 0.2819577071444699
Generation:   4%|▍         | 1/25 [06:32<2:36:51, 392.13s/it]Generation:  2
Best f1_score score: 0.2819577071444699
Generation:   8%|▊         | 2/25 [08:23<1:27:02, 227.08s/it]Generation:  3
Best f1_score score: 0.2819577071444699
Generation:  12%|█▏        | 3/25 [10:33<1:06:55, 182.54s/it]Generation:  4
Best f1_score score: 0.2819577071444699
Generation:  16%|█▌        | 4/25 [12:04<51:18, 146.58s/it]  Generation:  5
Best f1_score score: 0.2819577071444699
Generation:  20%|██        | 5/25 [12:55<37:23, 112.17s/it]Generation:  6
Best f1_score score: 0.3224597407316089
Generation:  24%|██▍       | 6/25 [14:28<33:26, 105.62s/it]Generation:  7
Best f1_score score: 0.3224597407316089
Generation:  28%|██▊       | 7/25 [15:01<24:33, 81.84s/it] Generation:  8
Best f1_score score: 0.3224597407316089
Generation:  32%|███▏      | 8/25 [15:26<18:02, 63.70s/it]Generation:  9
Best f1_score score: 0.3224597407316089
Generation:  36%|███▌      | 9/25 [15:42<13:01, 48.86s/it]Generation:  10
Best f1_score score: 0.3224597407316089
Generation:  40%|████      | 10/25 [16:00<09:48, 39.24s/it]Generation:  11
Best f1_score score: 0.3224597407316089
Generation:  44%|████▍     | 11/25 [16:19<07:41, 32.96s/it]Generation:  12
Best f1_score score: 0.3224597407316089
Generation:  48%|████▊     | 12/25 [18:49<14:53, 68.75s/it]Generation:  13
Best f1_score score: 0.3224597407316089
Generation:  52%|█████▏    | 13/25 [19:07<10:38, 53.17s/it]Generation:  14
Best f1_score score: 0.3224597407316089
Generation:  56%|█████▌    | 14/25 [19:27<07:57, 43.36s/it]Generation:  15
Best f1_score score: 0.3224597407316089
Generation:  60%|██████    | 15/25 [19:46<05:59, 35.96s/it]Generation:  16
Best f1_score score: 0.3224597407316089
Generation:  64%|██████▍   | 16/25 [21:28<08:23, 55.91s/it]Generation:  17
Best f1_score score: 0.3224597407316089
Generation:  68%|██████▊   | 17/25 [21:47<05:58, 44.79s/it]Generation:  18
Best f1_score score: 0.3224597407316089
Generation:  72%|███████▏  | 18/25 [27:43<16:06, 138.14s/it]Generation:  19
Best f1_score score: 0.3224597407316089
Generation:  76%|███████▌  | 19/25 [29:03<12:04, 120.82s/it]Generation:  20
Best f1_score score: 0.3224597407316089
Generation:  80%|████████  | 20/25 [29:40<07:58, 95.65s/it] Generation:  21
Best f1_score score: 0.3224597407316089
Generation:  84%|████████▍ | 21/25 [29:59<04:50, 72.60s/it]Generation:  22
Best f1_score score: 0.3224597407316089
Generation:  88%|████████▊ | 22/25 [30:23<02:53, 57.90s/it]Generation:  23
Best f1_score score: 0.3224597407316089
Generation:  92%|█████████▏| 23/25 [32:53<02:51, 85.65s/it]Generation:  24
Best f1_score score: 0.3224597407316089
Generation:  96%|█████████▌| 24/25 [33:31<01:11, 71.43s/it]Generation:  25
Best f1_score score: 0.3224597407316089
Generation: 100%|██████████| 25/25 [33:59<00:00, 58.38s/it]Generation: 100%|██████████| 25/25 [34:02<00:00, 81.72s/it]
2024-11-17 10:08:45,723 - distributed.scheduler - ERROR - Removing worker 'tcp://127.0.0.1:41565' caused the cluster to lose scattered data, which can't be recovered: {'ndarray-e69974166875d1f509dc09e74322b864', 'ndarray-453a6c1882b0f66cb296036f202f3e20'} (stimulus_id='handle-worker-cleanup-1731866925.723516')
Fitted
Pipeline(steps=[('randomforestclassifier',
                 RandomForestClassifier(class_weight='balanced',
                                        max_features=0.3371953795603,
                                        min_samples_split=20,
                                        n_estimators=128))])
score start
train score: {'auroc': 0.9773234456292254, 'accuracy': 0.8399693721286371, 'balanced_accuracy': 0.9336060406821162, 'logloss': 0.8560384887217298, 'f1': 0.854975763168898}
original test score: {'auroc': 0.7929577538333878, 'accuracy': 0.513265306122449, 'balanced_accuracy': 0.3864519378510542, 'logloss': 1.2513019946648323, 'f1': 0.34122247355324553}
imputed test score: {'auroc': 0.7521529904415516, 'accuracy': 0.45918367346938777, 'balanced_accuracy': 0.26022241136379576, 'logloss': 1.2897835616418751, 'f1': 0.2535712662660749}
score end
check intended
EXP2 Finished
running experiment 3/3 - What is the best automl settings?
<tpot2.search_spaces.pipelines.sequential.SequentialPipeline object at 0x15543504f9d0>
Start tpot fit
Version 0.1.7a0 of tpot2 is outdated. Version 0.1.8a0 was released Tuesday September 17, 2024.
Version 0.1.7a0 of tpot2 is outdated. Version 0.1.8a0 was released Tuesday September 17, 2024.
Version 0.1.7a0 of tpot2 is outdated. Version 0.1.8a0 was released Tuesday September 17, 2024.
Version 0.1.7a0 of tpot2 is outdated. Version 0.1.8a0 was released Tuesday September 17, 2024.
Version 0.1.7a0 of tpot2 is outdated. Version 0.1.8a0 was released Tuesday September 17, 2024.
Version 0.1.7a0 of tpot2 is outdated. Version 0.1.8a0 was released Tuesday September 17, 2024.
Version 0.1.7a0 of tpot2 is outdated. Version 0.1.8a0 was released Tuesday September 17, 2024.
Version 0.1.7a0 of tpot2 is outdated. Version 0.1.8a0 was released Tuesday September 17, 2024.
Version 0.1.7a0 of tpot2 is outdated. Version 0.1.8a0 was released Tuesday September 17, 2024.
Version 0.1.7a0 of tpot2 is outdated. Version 0.1.8a0 was released Tuesday September 17, 2024.
Version 0.1.7a0 of tpot2 is outdated. Version 0.1.8a0 was released Tuesday September 17, 2024.
Version 0.1.7a0 of tpot2 is outdated. Version 0.1.8a0 was released Tuesday September 17, 2024.
Version 0.1.7a0 of tpot2 is outdated. Version 0.1.8a0 was released Tuesday September 17, 2024.
Version 0.1.7a0 of tpot2 is outdated. Version 0.1.8a0 was released Tuesday September 17, 2024.
Version 0.1.7a0 of tpot2 is outdated. Version 0.1.8a0 was released Tuesday September 17, 2024.
Version 0.1.7a0 of tpot2 is outdated. Version 0.1.8a0 was released Tuesday September 17, 2024.
  0%|          | 0/25 [00:00<?, ?it/s]Generation:   0%|          | 0/25 [00:00<?, ?it/s]Generation:  1
Best f1_score score: 0.2575220287708331
Generation:   4%|▍         | 1/25 [00:33<13:19, 33.30s/it]Generation:  2
Best f1_score score: 0.2575220287708331
Generation:   8%|▊         | 2/25 [00:42<07:22, 19.24s/it]Generation:  3
Best f1_score score: 0.2575220287708331
Generation:  12%|█▏        | 3/25 [02:06<17:53, 48.78s/it]Generation:  4
Best f1_score score: 0.2575220287708331
Generation:  16%|█▌        | 4/25 [02:32<13:56, 39.83s/it]Generation:  5
Best f1_score score: 0.27507719233210565
Generation:  20%|██        | 5/25 [02:41<09:36, 28.80s/it]Generation:  6
Best f1_score score: 0.27507719233210565
Generation:  24%|██▍       | 6/25 [02:50<06:56, 21.91s/it]Generation:  7
Best f1_score score: 0.27507719233210565
Generation:  28%|██▊       | 7/25 [03:20<07:22, 24.59s/it]Generation:  8
Best f1_score score: 0.2959427000672926
Generation:  32%|███▏      | 8/25 [03:38<06:20, 22.39s/it]Generation:  9
Best f1_score score: 0.3102222338791332
Generation:  36%|███▌      | 9/25 [03:48<04:58, 18.63s/it]Generation:  10
Best f1_score score: 0.3184360117973626
Generation:  40%|████      | 10/25 [03:55<03:45, 15.05s/it]Generation:  11
Best f1_score score: 0.3184360117973626
Generation:  44%|████▍     | 11/25 [04:01<02:51, 12.24s/it]Generation:  12
Best f1_score score: 0.3184360117973626
Generation:  48%|████▊     | 12/25 [04:52<05:12, 24.02s/it]Generation:  13
Best f1_score score: 0.3197117133759619
Generation:  52%|█████▏    | 13/25 [05:05<04:07, 20.66s/it]Generation:  14
Best f1_score score: 0.3197117133759619
Generation:  56%|█████▌    | 14/25 [05:14<03:09, 17.20s/it]Generation:  15
Best f1_score score: 0.322659081110891
Generation:  60%|██████    | 15/25 [05:26<02:35, 15.55s/it]Generation:  16
Best f1_score score: 0.322659081110891
Generation:  64%|██████▍   | 16/25 [07:23<06:53, 46.00s/it]Generation:  17
Best f1_score score: 0.322659081110891
Generation:  68%|██████▊   | 17/25 [07:41<05:01, 37.74s/it]Generation:  18
Best f1_score score: 0.33083888387906657
Generation:  72%|███████▏  | 18/25 [07:58<03:40, 31.50s/it]Generation:  19
Best f1_score score: 0.33083888387906657
Generation:  76%|███████▌  | 19/25 [08:18<02:47, 28.00s/it]Generation:  20
Best f1_score score: 0.33083888387906657
Generation:  80%|████████  | 20/25 [08:28<01:52, 22.59s/it]Generation:  21
Best f1_score score: 0.33083888387906657
Generation:  84%|████████▍ | 21/25 [08:49<01:28, 22.18s/it]Generation:  22
Best f1_score score: 0.33083888387906657
Generation:  88%|████████▊ | 22/25 [09:07<01:02, 20.94s/it]Generation:  23
Best f1_score score: 0.33083888387906657
Generation:  92%|█████████▏| 23/25 [09:38<00:48, 24.03s/it]Generation:  24
Best f1_score score: 0.3319160129509364
Generation:  96%|█████████▌| 24/25 [09:50<00:20, 20.40s/it]Generation:  25
Best f1_score score: 0.3319160129509364
Generation: 100%|██████████| 25/25 [10:22<00:00, 23.69s/it]Generation: 100%|██████████| 25/25 [10:22<00:00, 24.89s/it]
2024-11-17 10:19:17,630 - distributed.scheduler - ERROR - Removing worker 'tcp://127.0.0.1:42993' caused the cluster to lose scattered data, which can't be recovered: {'DataFrame-19c89997ac39adfccf84a37178e2083f', 'ndarray-453a6c1882b0f66cb296036f202f3e20'} (stimulus_id='handle-worker-cleanup-1731867557.6302588')
Fitted
Pipeline(steps=[('simpleimputer', SimpleImputer(strategy='median')),
                ('extratreesclassifier',
                 ExtraTreesClassifier(bootstrap=True, class_weight='balanced',
                                      criterion='entropy',
                                      max_features=0.6417043115383,
                                      min_samples_leaf=2, min_samples_split=13,
                                      n_jobs=1))])
transform worked
try transform
transform worked
score start
train score: {'auroc': 0.9751391555837713, 'accuracy': 0.8259315977539561, 'balanced_accuracy': 0.9312936168999825, 'logloss': 0.9020561541000022, 'f1': 0.8673051091376388}
test score: {'auroc': 0.760552998640745, 'accuracy': 0.43673469387755104, 'balanced_accuracy': 0.2492297528195908, 'logloss': 1.2520634976379987, 'f1': 0.24257900530868468}
original test score: {'auroc': 0.7801666508821041, 'accuracy': 0.49081632653061225, 'balanced_accuracy': 0.3817410375584161, 'logloss': 1.2953192415587809, 'f1': 0.34238942286411317}
score end
40498
lvl
0.5
type
MCAR
num_run
2
class_simple
finished
all finished
full run takes
0.75897444791264
hours
DONE
