Run: 54
/cm/local/apps/slurm/var/spool/job1008475/slurm_script: line 26: 
pip install -e tpot2
pip install -r tpot2/ImputerExperiments/requirements_.txt
: No such file or directory
RunStart
Version 0.1.7a0 of tpot2 is outdated. Version 0.1.8a0 was released Tuesday September 17, 2024.
starting loops
../data/c/184/184.pkl
working on 
../data/c/184/class_full_MAR_0.1_3
2.3442513942718506
running experiment 1/3 - Does large hyperparameter space improve reconstruction accuracy over simple
[I 2024-10-19 09:51:42,050] A new study created in memory with name: no-name-c2f8a570-6356-485d-a899-40aa685c97ba
running
running
running
running
running
running
running
running
running
running
running
running
running
running
running
running
[I 2024-10-19 09:51:42,539] Trial 9 finished with value: 0.3144389779255106 and parameters: {'model_name': 'SimpleImputer', 'strategy': 'mean'}. Best is trial 9 with value: 0.3144389779255106.
running
[I 2024-10-19 09:51:50,822] Trial 6 finished with value: 0.3144389779255106 and parameters: {'model_name': 'KNNImputer', 'n_neighbors': 22349, 'weights': 'uniform'}. Best is trial 9 with value: 0.3144389779255106.
running
[I 2024-10-19 09:51:51,171] Trial 4 finished with value: 0.3144389779255106 and parameters: {'model_name': 'KNNImputer', 'n_neighbors': 22373, 'weights': 'uniform'}. Best is trial 9 with value: 0.3144389779255106.
running
[I 2024-10-19 09:51:51,390] Trial 13 finished with value: 0.3144389779255106 and parameters: {'model_name': 'KNNImputer', 'n_neighbors': 20491, 'weights': 'uniform'}. Best is trial 9 with value: 0.3144389779255106.
running
[I 2024-10-19 09:51:51,853] Trial 11 finished with value: 0.3144389779255106 and parameters: {'model_name': 'KNNImputer', 'n_neighbors': 21028, 'weights': 'uniform'}. Best is trial 9 with value: 0.3144389779255106.
running
[I 2024-10-19 09:51:51,999] Trial 3 finished with value: 0.31053732301579995 and parameters: {'model_name': 'KNNImputer', 'n_neighbors': 10185, 'weights': 'uniform'}. Best is trial 3 with value: 0.31053732301579995.
running
[I 2024-10-19 09:51:54,149] Trial 10 finished with value: 0.38063323325740095 and parameters: {'model_name': 'KNNImputer', 'n_neighbors': 22397, 'weights': 'distance'}. Best is trial 3 with value: 0.31053732301579995.
running
[I 2024-10-19 09:51:54,668] Trial 1 finished with value: 0.3081590467993855 and parameters: {'model_name': 'IterativeImputer', 'estimator': 'Bayesian', 'initial_strategy': 'most_frequent', 'n_nearest_features': 6, 'imputation_order': 'roman', 'sample_posterior': False}. Best is trial 1 with value: 0.3081590467993855.
running
[I 2024-10-19 09:51:55,403] Trial 8 finished with value: 0.30815900872161534 and parameters: {'model_name': 'IterativeImputer', 'estimator': 'Bayesian', 'initial_strategy': 'most_frequent', 'n_nearest_features': 5, 'imputation_order': 'random', 'sample_posterior': False}. Best is trial 8 with value: 0.30815900872161534.
running
[I 2024-10-19 09:51:56,028] Trial 19 finished with value: inf and parameters: {'model_name': 'GAIN', 'batch_size': 2, 'hint_rate': 0.09921548295293466, 'alpha': 3, 'iterations': 1, 'learning_rate': 0.03626760391516211, 'p_miss': 0.057891037302060945}. Best is trial 8 with value: 0.30815900872161534.
running
[I 2024-10-19 09:51:56,633] Trial 23 finished with value: inf and parameters: {'model_name': 'GAIN', 'batch_size': 3, 'hint_rate': 0.49310953887763953, 'alpha': 29, 'iterations': 2, 'learning_rate': 0.0102172721319327, 'p_miss': 0.01335708280134512}. Best is trial 8 with value: 0.30815900872161534.
running
[I 2024-10-19 09:51:58,179] Trial 21 finished with value: 0.5720872439838456 and parameters: {'model_name': 'GAIN', 'batch_size': 12, 'hint_rate': 0.039952291497191754, 'alpha': 29, 'iterations': 3, 'learning_rate': 0.06854939082783025, 'p_miss': 0.05967473959941379}. Best is trial 8 with value: 0.30815900872161534.
running
[I 2024-10-19 09:51:58,427] Trial 24 finished with value: inf and parameters: {'model_name': 'GAIN', 'batch_size': 9, 'hint_rate': 0.15954298552383567, 'alpha': 80, 'iterations': 26, 'learning_rate': 0.0002988935998929762, 'p_miss': 0.08695570289507407}. Best is trial 8 with value: 0.30815900872161534.
running
[I 2024-10-19 09:52:00,036] Trial 0 finished with value: 0.3291749402825913 and parameters: {'model_name': 'VAE', 'batch_size': 11, 'iterations': 4, 'learning_rate': 0.01308828872538141, 'p_miss': 0.2059964090134076}. Best is trial 8 with value: 0.30815900872161534.
running
[I 2024-10-19 09:52:00,837] Trial 12 finished with value: 0.33976439765648647 and parameters: {'model_name': 'VAE', 'batch_size': 94, 'iterations': 5, 'learning_rate': 0.0004971841460976881, 'p_miss': 0.13119962143937713}. Best is trial 8 with value: 0.30815900872161534.
running
[I 2024-10-19 09:52:03,356] Trial 17 finished with value: 0.3804694546388968 and parameters: {'model_name': 'KNNImputer', 'n_neighbors': 10164, 'weights': 'distance'}. Best is trial 8 with value: 0.30815900872161534.
running
[I 2024-10-19 09:52:03,780] Trial 16 finished with value: 0.3313038110368132 and parameters: {'model_name': 'VAE', 'batch_size': 9, 'iterations': 12, 'learning_rate': 0.005276313216962633, 'p_miss': 0.029058550116358252}. Best is trial 8 with value: 0.30815900872161534.
running
[I 2024-10-19 09:52:04,157] Trial 22 finished with value: 0.5708855263496023 and parameters: {'model_name': 'GAIN', 'batch_size': 246, 'hint_rate': 0.7298228162198159, 'alpha': 30, 'iterations': 20, 'learning_rate': 0.0008048681537074596, 'p_miss': 0.10854752342021637}. Best is trial 8 with value: 0.30815900872161534.
running
[I 2024-10-19 09:52:04,311] Trial 14 finished with value: 0.5717208465721981 and parameters: {'model_name': 'GAIN', 'batch_size': 170, 'hint_rate': 0.9549767091691735, 'alpha': 31, 'iterations': 18, 'learning_rate': 0.001239428178678219, 'p_miss': 0.011937970382493246}. Best is trial 8 with value: 0.30815900872161534.
running
[I 2024-10-19 09:52:09,356] Trial 27 finished with value: 0.3081590467993855 and parameters: {'model_name': 'IterativeImputer', 'estimator': 'Bayesian', 'initial_strategy': 'most_frequent', 'n_nearest_features': 6, 'imputation_order': 'roman', 'sample_posterior': False}. Best is trial 8 with value: 0.30815900872161534.
running
[I 2024-10-19 09:52:09,785] Trial 26 finished with value: 0.3081590352164548 and parameters: {'model_name': 'IterativeImputer', 'estimator': 'Bayesian', 'initial_strategy': 'most_frequent', 'n_nearest_features': 6, 'imputation_order': 'random', 'sample_posterior': False}. Best is trial 8 with value: 0.30815900872161534.
running
[I 2024-10-19 09:52:10,044] Trial 28 finished with value: 0.3081590467993855 and parameters: {'model_name': 'IterativeImputer', 'estimator': 'Bayesian', 'initial_strategy': 'most_frequent', 'n_nearest_features': 6, 'imputation_order': 'roman', 'sample_posterior': False}. Best is trial 8 with value: 0.30815900872161534.
running
[I 2024-10-19 09:52:10,461] Trial 18 finished with value: 0.30914937518509544 and parameters: {'model_name': 'IterativeImputer', 'estimator': 'Bayesian', 'initial_strategy': 'constant', 'n_nearest_features': 4, 'imputation_order': 'random', 'sample_posterior': False}. Best is trial 8 with value: 0.30815900872161534.
running
[I 2024-10-19 09:52:10,678] Trial 20 finished with value: 0.3729253991690229 and parameters: {'model_name': 'VAE', 'batch_size': 1, 'iterations': 29, 'learning_rate': 0.02441231284863191, 'p_miss': 0.11468931113692792}. Best is trial 8 with value: 0.30815900872161534.
running
[I 2024-10-19 09:52:11,326] Trial 30 finished with value: 0.3081590352164548 and parameters: {'model_name': 'IterativeImputer', 'estimator': 'Bayesian', 'initial_strategy': 'most_frequent', 'n_nearest_features': 6, 'imputation_order': 'random', 'sample_posterior': False}. Best is trial 8 with value: 0.30815900872161534.
running
[I 2024-10-19 09:52:11,674] Trial 29 finished with value: 0.3081590467993855 and parameters: {'model_name': 'IterativeImputer', 'estimator': 'Bayesian', 'initial_strategy': 'most_frequent', 'n_nearest_features': 6, 'imputation_order': 'roman', 'sample_posterior': False}. Best is trial 8 with value: 0.30815900872161534.
running
[I 2024-10-19 09:52:13,011] Trial 31 finished with value: 0.3081590352164548 and parameters: {'model_name': 'IterativeImputer', 'estimator': 'Bayesian', 'initial_strategy': 'most_frequent', 'n_nearest_features': 6, 'imputation_order': 'random', 'sample_posterior': False}. Best is trial 8 with value: 0.30815900872161534.
[I 2024-10-19 09:52:13,184] Trial 33 finished with value: 0.3081590467993855 and parameters: {'model_name': 'IterativeImputer', 'estimator': 'Bayesian', 'initial_strategy': 'most_frequent', 'n_nearest_features': 6, 'imputation_order': 'roman', 'sample_posterior': False}. Best is trial 8 with value: 0.30815900872161534.
running
running
[I 2024-10-19 09:52:13,547] Trial 32 finished with value: 0.3081590467993855 and parameters: {'model_name': 'IterativeImputer', 'estimator': 'Bayesian', 'initial_strategy': 'most_frequent', 'n_nearest_features': 6, 'imputation_order': 'roman', 'sample_posterior': False}. Best is trial 8 with value: 0.30815900872161534.
running
[I 2024-10-19 09:52:13,752] Trial 42 finished with value: 0.31636201716344253 and parameters: {'model_name': 'SimpleImputer', 'strategy': 'median'}. Best is trial 8 with value: 0.30815900872161534.
running
[I 2024-10-19 09:52:13,866] Trial 43 finished with value: 0.31636201716344253 and parameters: {'model_name': 'SimpleImputer', 'strategy': 'median'}. Best is trial 8 with value: 0.30815900872161534.
running
[I 2024-10-19 09:52:14,293] Trial 7 finished with value: 0.3321429884785524 and parameters: {'model_name': 'IterativeImputer', 'estimator': 'KNN', 'initial_strategy': 'most_frequent', 'n_nearest_features': 3, 'imputation_order': 'arabic'}. Best is trial 8 with value: 0.30815900872161534.
running
[I 2024-10-19 09:52:14,548] Trial 44 finished with value: 0.31636201716344253 and parameters: {'model_name': 'SimpleImputer', 'strategy': 'median'}. Best is trial 8 with value: 0.30815900872161534.
running
[I 2024-10-19 09:52:14,781] Trial 34 finished with value: 0.3081590352164548 and parameters: {'model_name': 'IterativeImputer', 'estimator': 'Bayesian', 'initial_strategy': 'most_frequent', 'n_nearest_features': 6, 'imputation_order': 'random', 'sample_posterior': False}. Best is trial 8 with value: 0.30815900872161534.
running
[I 2024-10-19 09:52:20,031] Trial 36 finished with value: 0.3081590352164548 and parameters: {'model_name': 'IterativeImputer', 'estimator': 'Bayesian', 'initial_strategy': 'most_frequent', 'n_nearest_features': 6, 'imputation_order': 'random', 'sample_posterior': False}. Best is trial 8 with value: 0.30815900872161534.
running
[I 2024-10-19 09:52:20,552] Trial 37 finished with value: 0.3081590352164548 and parameters: {'model_name': 'IterativeImputer', 'estimator': 'Bayesian', 'initial_strategy': 'most_frequent', 'n_nearest_features': 6, 'imputation_order': 'random', 'sample_posterior': False}. Best is trial 8 with value: 0.30815900872161534.
running
[I 2024-10-19 09:52:20,941] Trial 38 finished with value: 0.3081590352164548 and parameters: {'model_name': 'IterativeImputer', 'estimator': 'Bayesian', 'initial_strategy': 'most_frequent', 'n_nearest_features': 6, 'imputation_order': 'random', 'sample_posterior': False}. Best is trial 8 with value: 0.30815900872161534.
running
[I 2024-10-19 09:52:21,397] Trial 35 finished with value: 0.30815900872161534 and parameters: {'model_name': 'IterativeImputer', 'estimator': 'Bayesian', 'initial_strategy': 'most_frequent', 'n_nearest_features': 5, 'imputation_order': 'random', 'sample_posterior': False}. Best is trial 8 with value: 0.30815900872161534.
running
[I 2024-10-19 09:52:24,136] Trial 46 finished with value: 0.3080520636915885 and parameters: {'model_name': 'IterativeImputer', 'estimator': 'Ridge', 'initial_strategy': 'mean', 'n_nearest_features': 4, 'imputation_order': 'random'}. Best is trial 46 with value: 0.3080520636915885.
running
[I 2024-10-19 09:52:24,652] Trial 47 finished with value: 0.3080520636915885 and parameters: {'model_name': 'IterativeImputer', 'estimator': 'Ridge', 'initial_strategy': 'mean', 'n_nearest_features': 4, 'imputation_order': 'random'}. Best is trial 46 with value: 0.3080520636915885.
running
[I 2024-10-19 09:52:25,430] Trial 5 finished with value: 0.32919345021402513 and parameters: {'model_name': 'IterativeImputer', 'estimator': 'KNN', 'initial_strategy': 'mean', 'n_nearest_features': 6, 'imputation_order': 'random'}. Best is trial 46 with value: 0.3080520636915885.
running
[I 2024-10-19 09:52:25,944] Trial 45 finished with value: 0.3077480130058808 and parameters: {'model_name': 'IterativeImputer', 'estimator': 'Ridge', 'initial_strategy': 'median', 'n_nearest_features': 4, 'imputation_order': 'random'}. Best is trial 45 with value: 0.3077480130058808.
running
[I 2024-10-19 09:52:26,662] Trial 49 finished with value: 0.3077480130058808 and parameters: {'model_name': 'IterativeImputer', 'estimator': 'Ridge', 'initial_strategy': 'median', 'n_nearest_features': 4, 'imputation_order': 'random'}. Best is trial 45 with value: 0.3077480130058808.
running
[I 2024-10-19 09:52:28,654] Trial 15 finished with value: 0.33945084692339056 and parameters: {'model_name': 'VAE', 'batch_size': 5, 'iterations': 67, 'learning_rate': 0.024484070828867673, 'p_miss': 0.21187038673632888}. Best is trial 45 with value: 0.3077480130058808.
running
[I 2024-10-19 09:52:31,559] Trial 52 finished with value: 0.30816692045339833 and parameters: {'model_name': 'IterativeImputer', 'estimator': 'Ridge', 'initial_strategy': 'mean', 'n_nearest_features': 4, 'imputation_order': 'ascending'}. Best is trial 45 with value: 0.3077480130058808.
running
[I 2024-10-19 09:52:31,793] Trial 51 finished with value: 0.3076790506309582 and parameters: {'model_name': 'IterativeImputer', 'estimator': 'Ridge', 'initial_strategy': 'mean', 'n_nearest_features': 4, 'imputation_order': 'descending'}. Best is trial 51 with value: 0.3076790506309582.
running
[I 2024-10-19 09:52:32,327] Trial 50 finished with value: 0.3077480130058808 and parameters: {'model_name': 'IterativeImputer', 'estimator': 'Ridge', 'initial_strategy': 'median', 'n_nearest_features': 4, 'imputation_order': 'random'}. Best is trial 51 with value: 0.3076790506309582.
running
[I 2024-10-19 09:52:34,616] Trial 39 finished with value: 0.4336903356226829 and parameters: {'model_name': 'IterativeImputer', 'estimator': 'Bayesian', 'initial_strategy': 'most_frequent', 'n_nearest_features': 6, 'imputation_order': 'random', 'sample_posterior': True}. Best is trial 51 with value: 0.3076790506309582.
running
[I 2024-10-19 09:52:35,203] Trial 54 finished with value: 0.30816692045339833 and parameters: {'model_name': 'IterativeImputer', 'estimator': 'Ridge', 'initial_strategy': 'mean', 'n_nearest_features': 4, 'imputation_order': 'ascending'}. Best is trial 51 with value: 0.3076790506309582.
running
[I 2024-10-19 09:52:36,041] Trial 55 finished with value: 0.3076790506309582 and parameters: {'model_name': 'IterativeImputer', 'estimator': 'Ridge', 'initial_strategy': 'mean', 'n_nearest_features': 4, 'imputation_order': 'descending'}. Best is trial 51 with value: 0.3076790506309582.
running
[I 2024-10-19 09:52:36,578] Trial 57 finished with value: 0.30819268252962856 and parameters: {'model_name': 'IterativeImputer', 'estimator': 'Ridge', 'initial_strategy': 'median', 'n_nearest_features': 4, 'imputation_order': 'ascending'}. Best is trial 51 with value: 0.3076790506309582.
running
[I 2024-10-19 09:52:36,963] Trial 56 finished with value: 0.3076790506309582 and parameters: {'model_name': 'IterativeImputer', 'estimator': 'Ridge', 'initial_strategy': 'mean', 'n_nearest_features': 4, 'imputation_order': 'descending'}. Best is trial 51 with value: 0.3076790506309582.
running
[I 2024-10-19 09:52:37,787] Trial 58 finished with value: 0.30819268252962856 and parameters: {'model_name': 'IterativeImputer', 'estimator': 'Ridge', 'initial_strategy': 'median', 'n_nearest_features': 4, 'imputation_order': 'ascending'}. Best is trial 51 with value: 0.3076790506309582.
running
[I 2024-10-19 09:52:39,914] Trial 59 finished with value: 0.30819268252962856 and parameters: {'model_name': 'IterativeImputer', 'estimator': 'Ridge', 'initial_strategy': 'median', 'n_nearest_features': 4, 'imputation_order': 'ascending'}. Best is trial 51 with value: 0.3076790506309582.
running
[I 2024-10-19 09:52:40,620] Trial 25 finished with value: 0.3369257695587713 and parameters: {'model_name': 'IterativeImputer', 'estimator': 'KNN', 'initial_strategy': 'most_frequent', 'n_nearest_features': 3, 'imputation_order': 'random'}. Best is trial 51 with value: 0.3076790506309582.
running
[I 2024-10-19 09:52:41,122] Trial 62 finished with value: 0.31399537116943843 and parameters: {'model_name': 'IterativeImputer', 'estimator': 'Ridge', 'initial_strategy': 'median', 'n_nearest_features': 1, 'imputation_order': 'descending'}. Best is trial 51 with value: 0.3076790506309582.
running
[I 2024-10-19 09:52:43,037] Trial 63 finished with value: 0.31399537116943843 and parameters: {'model_name': 'IterativeImputer', 'estimator': 'Ridge', 'initial_strategy': 'median', 'n_nearest_features': 1, 'imputation_order': 'descending'}. Best is trial 51 with value: 0.3076790506309582.
running
[I 2024-10-19 09:52:44,966] Trial 64 finished with value: 0.31399537116943843 and parameters: {'model_name': 'IterativeImputer', 'estimator': 'Ridge', 'initial_strategy': 'median', 'n_nearest_features': 1, 'imputation_order': 'descending'}. Best is trial 51 with value: 0.3076790506309582.
running
[I 2024-10-19 09:52:45,507] Trial 60 finished with value: 0.30797215834960723 and parameters: {'model_name': 'IterativeImputer', 'estimator': 'Ridge', 'initial_strategy': 'median', 'n_nearest_features': 4, 'imputation_order': 'descending'}. Best is trial 51 with value: 0.3076790506309582.
running
[I 2024-10-19 09:52:46,557] Trial 65 finished with value: 0.31399537116943843 and parameters: {'model_name': 'IterativeImputer', 'estimator': 'Ridge', 'initial_strategy': 'median', 'n_nearest_features': 1, 'imputation_order': 'descending'}. Best is trial 51 with value: 0.3076790506309582.
running
[I 2024-10-19 09:52:47,414] Trial 61 finished with value: 0.30797215834960723 and parameters: {'model_name': 'IterativeImputer', 'estimator': 'Ridge', 'initial_strategy': 'median', 'n_nearest_features': 4, 'imputation_order': 'descending'}. Best is trial 51 with value: 0.3076790506309582.
running
[I 2024-10-19 09:52:51,154] Trial 68 finished with value: 0.37980272912612306 and parameters: {'model_name': 'KNNImputer', 'n_neighbors': 816, 'weights': 'distance'}. Best is trial 51 with value: 0.3076790506309582.
running
[I 2024-10-19 09:52:52,369] Trial 69 finished with value: 0.37956603784232174 and parameters: {'model_name': 'KNNImputer', 'n_neighbors': 406, 'weights': 'distance'}. Best is trial 51 with value: 0.3076790506309582.
running
[I 2024-10-19 09:52:52,688] Trial 71 finished with value: 0.37960239207361524 and parameters: {'model_name': 'KNNImputer', 'n_neighbors': 442, 'weights': 'distance'}. Best is trial 51 with value: 0.3076790506309582.
running
[I 2024-10-19 09:52:53,249] Trial 72 finished with value: 0.37962649854833186 and parameters: {'model_name': 'KNNImputer', 'n_neighbors': 499, 'weights': 'distance'}. Best is trial 51 with value: 0.3076790506309582.
running
[I 2024-10-19 09:52:53,530] Trial 70 finished with value: 0.3797470924729027 and parameters: {'model_name': 'KNNImputer', 'n_neighbors': 677, 'weights': 'distance'}. Best is trial 51 with value: 0.3076790506309582.
running
[I 2024-10-19 09:52:54,765] Trial 73 finished with value: 0.37962122673165416 and parameters: {'model_name': 'KNNImputer', 'n_neighbors': 497, 'weights': 'distance'}. Best is trial 51 with value: 0.3076790506309582.
running
[I 2024-10-19 09:52:54,944] Trial 74 finished with value: 0.37890822257294915 and parameters: {'model_name': 'KNNImputer', 'n_neighbors': 124, 'weights': 'distance'}. Best is trial 51 with value: 0.3076790506309582.
running
[I 2024-10-19 09:52:55,888] Trial 66 finished with value: 0.3089086296984719 and parameters: {'model_name': 'IterativeImputer', 'estimator': 'Ridge', 'initial_strategy': 'median', 'n_nearest_features': 3, 'imputation_order': 'descending'}. Best is trial 51 with value: 0.3076790506309582.
running
[I 2024-10-19 09:52:56,426] Trial 75 finished with value: 0.3795990572328569 and parameters: {'model_name': 'KNNImputer', 'n_neighbors': 445, 'weights': 'distance'}. Best is trial 51 with value: 0.3076790506309582.
running
[I 2024-10-19 09:52:56,923] Trial 76 finished with value: 0.37967828777052076 and parameters: {'model_name': 'KNNImputer', 'n_neighbors': 575, 'weights': 'distance'}. Best is trial 51 with value: 0.3076790506309582.
running
[I 2024-10-19 09:52:57,813] Trial 67 finished with value: 0.3089086296984719 and parameters: {'model_name': 'IterativeImputer', 'estimator': 'Ridge', 'initial_strategy': 'median', 'n_nearest_features': 3, 'imputation_order': 'descending'}. Best is trial 51 with value: 0.3076790506309582.
running
[I 2024-10-19 09:52:58,859] Trial 41 finished with value: 0.32700083035249083 and parameters: {'model_name': 'IterativeImputer', 'estimator': 'KNN', 'initial_strategy': 'median', 'n_nearest_features': 4, 'imputation_order': 'random'}. Best is trial 51 with value: 0.3076790506309582.
running
[I 2024-10-19 09:59:56,470] Trial 40 finished with value: 0.31236897149843196 and parameters: {'model_name': 'IterativeImputer', 'estimator': 'RFR', 'initial_strategy': 'mean', 'n_nearest_features': 4, 'imputation_order': 'random'}. Best is trial 51 with value: 0.3076790506309582.
running
[I 2024-10-19 10:00:01,579] Trial 48 finished with value: 0.3096921862284451 and parameters: {'model_name': 'IterativeImputer', 'estimator': 'RFR', 'initial_strategy': 'median', 'n_nearest_features': 4, 'imputation_order': 'random'}. Best is trial 51 with value: 0.3076790506309582.
running
[I 2024-10-19 10:00:02,461] Trial 53 finished with value: 0.30808661857851644 and parameters: {'model_name': 'IterativeImputer', 'estimator': 'RFR', 'initial_strategy': 'mean', 'n_nearest_features': 4, 'imputation_order': 'descending'}. Best is trial 51 with value: 0.3076790506309582.
running
[I 2024-10-19 10:03:31,946] Trial 2 finished with value: 0.3476386715773003 and parameters: {'model_name': 'IterativeImputer', 'estimator': 'RFR', 'initial_strategy': 'constant', 'n_nearest_features': 5, 'imputation_order': 'ascending'}. Best is trial 51 with value: 0.3076790506309582.
running
[I 2024-10-19 10:21:45,910] Trial 90 finished with value: 0.5829728055504549 and parameters: {'model_name': 'GAIN', 'batch_size': 752, 'hint_rate': 0.36261366804563866, 'alpha': 98, 'iterations': 7994, 'learning_rate': 0.0001230188507013167, 'p_miss': 0.2834997331267938}. Best is trial 51 with value: 0.3076790506309582.
running
[I 2024-10-19 10:21:51,934] Trial 93 finished with value: 0.30818286076600476 and parameters: {'model_name': 'IterativeImputer', 'estimator': 'Ridge', 'initial_strategy': 'constant', 'n_nearest_features': 5, 'imputation_order': 'arabic'}. Best is trial 51 with value: 0.3076790506309582.
running
[I 2024-10-19 10:30:21,782] Trial 94 finished with value: 0.3215823351457156 and parameters: {'model_name': 'VAE', 'batch_size': 51, 'iterations': 792, 'learning_rate': 0.0022417259842478833, 'p_miss': 0.2917619949602167}. Best is trial 51 with value: 0.3076790506309582.
running
[I 2024-10-19 10:43:06,970] Trial 84 finished with value: 0.3207022626389212 and parameters: {'model_name': 'VAE', 'batch_size': 47, 'iterations': 5908, 'learning_rate': 0.0034224445021493483, 'p_miss': 0.29144919172728273}. Best is trial 51 with value: 0.3076790506309582.
running
[I 2024-10-19 10:43:17,709] Trial 96 finished with value: 0.3092121775071828 and parameters: {'model_name': 'IterativeImputer', 'estimator': 'Ridge', 'initial_strategy': 'mean', 'n_nearest_features': 3, 'imputation_order': 'descending'}. Best is trial 51 with value: 0.3076790506309582.
running
[I 2024-10-19 10:43:22,747] Trial 97 finished with value: 0.3081828546314752 and parameters: {'model_name': 'IterativeImputer', 'estimator': 'Ridge', 'initial_strategy': 'mean', 'n_nearest_features': 5, 'imputation_order': 'descending'}. Best is trial 51 with value: 0.3076790506309582.
running
[I 2024-10-19 10:43:33,700] Trial 98 finished with value: 0.3076790506309582 and parameters: {'model_name': 'IterativeImputer', 'estimator': 'Ridge', 'initial_strategy': 'mean', 'n_nearest_features': 4, 'imputation_order': 'descending'}. Best is trial 51 with value: 0.3076790506309582.
running
[I 2024-10-19 10:43:43,988] Trial 99 finished with value: 0.3076790506309582 and parameters: {'model_name': 'IterativeImputer', 'estimator': 'Ridge', 'initial_strategy': 'mean', 'n_nearest_features': 4, 'imputation_order': 'descending'}. Best is trial 51 with value: 0.3076790506309582.
running
[I 2024-10-19 10:43:44,130] Trial 100 finished with value: 0.5708049987826983 and parameters: {'model_name': 'SimpleImputer', 'strategy': 'constant'}. Best is trial 51 with value: 0.3076790506309582.
running
[I 2024-10-19 10:43:49,295] Trial 101 finished with value: 0.3081828546314752 and parameters: {'model_name': 'IterativeImputer', 'estimator': 'Ridge', 'initial_strategy': 'mean', 'n_nearest_features': 5, 'imputation_order': 'descending'}. Best is trial 51 with value: 0.3076790506309582.
running
[I 2024-10-19 10:43:59,801] Trial 102 finished with value: 0.3076790506309582 and parameters: {'model_name': 'IterativeImputer', 'estimator': 'Ridge', 'initial_strategy': 'mean', 'n_nearest_features': 4, 'imputation_order': 'descending'}. Best is trial 51 with value: 0.3076790506309582.
running
[I 2024-10-19 10:44:10,676] Trial 103 finished with value: 0.3092121775071828 and parameters: {'model_name': 'IterativeImputer', 'estimator': 'Ridge', 'initial_strategy': 'mean', 'n_nearest_features': 3, 'imputation_order': 'descending'}. Best is trial 51 with value: 0.3076790506309582.
running
[I 2024-10-19 10:44:20,033] Trial 104 finished with value: 0.3085262260128728 and parameters: {'model_name': 'IterativeImputer', 'estimator': 'Ridge', 'initial_strategy': 'mean', 'n_nearest_features': 4, 'imputation_order': 'arabic'}. Best is trial 51 with value: 0.3076790506309582.
running
[I 2024-10-19 10:44:25,159] Trial 105 finished with value: 0.3228345958412495 and parameters: {'model_name': 'IterativeImputer', 'estimator': 'KNN', 'initial_strategy': 'mean', 'n_nearest_features': 4, 'imputation_order': 'descending'}. Best is trial 51 with value: 0.3076790506309582.
running
[I 2024-10-19 10:44:35,821] Trial 106 finished with value: 0.3076790506309582 and parameters: {'model_name': 'IterativeImputer', 'estimator': 'Ridge', 'initial_strategy': 'mean', 'n_nearest_features': 4, 'imputation_order': 'descending'}. Best is trial 51 with value: 0.3076790506309582.
running
[I 2024-10-19 10:44:40,377] Trial 107 finished with value: 0.3081828546314752 and parameters: {'model_name': 'IterativeImputer', 'estimator': 'Ridge', 'initial_strategy': 'mean', 'n_nearest_features': 5, 'imputation_order': 'descending'}. Best is trial 51 with value: 0.3076790506309582.
running
[I 2024-10-19 10:44:50,187] Trial 108 finished with value: 0.3076790506309582 and parameters: {'model_name': 'IterativeImputer', 'estimator': 'Ridge', 'initial_strategy': 'mean', 'n_nearest_features': 4, 'imputation_order': 'descending'}. Best is trial 51 with value: 0.3076790506309582.
running
[I 2024-10-19 10:45:01,167] Trial 109 finished with value: 0.3076790506309582 and parameters: {'model_name': 'IterativeImputer', 'estimator': 'Ridge', 'initial_strategy': 'mean', 'n_nearest_features': 4, 'imputation_order': 'descending'}. Best is trial 51 with value: 0.3076790506309582.
running
[I 2024-10-19 10:45:11,437] Trial 110 finished with value: 0.3076790506309582 and parameters: {'model_name': 'IterativeImputer', 'estimator': 'Ridge', 'initial_strategy': 'mean', 'n_nearest_features': 4, 'imputation_order': 'descending'}. Best is trial 51 with value: 0.3076790506309582.
running
[I 2024-10-19 10:46:54,190] Trial 111 finished with value: 0.5678147759984478 and parameters: {'model_name': 'GAIN', 'batch_size': 918, 'hint_rate': 0.9471310040010579, 'alpha': 64, 'iterations': 650, 'learning_rate': 0.09485121491816995, 'p_miss': 0.18900912418966825}. Best is trial 51 with value: 0.3076790506309582.
running
[I 2024-10-19 10:47:04,443] Trial 112 finished with value: 0.3076790506309582 and parameters: {'model_name': 'IterativeImputer', 'estimator': 'Ridge', 'initial_strategy': 'mean', 'n_nearest_features': 4, 'imputation_order': 'descending'}. Best is trial 51 with value: 0.3076790506309582.
running
[I 2024-10-19 10:48:59,874] Trial 113 finished with value: 0.3386703331965805 and parameters: {'model_name': 'VAE', 'batch_size': 1, 'iterations': 377, 'learning_rate': 0.00015015351436200761, 'p_miss': 0.24717700271433646}. Best is trial 51 with value: 0.3076790506309582.
running
[I 2024-10-19 10:49:10,073] Trial 114 finished with value: 0.3076790506309582 and parameters: {'model_name': 'IterativeImputer', 'estimator': 'Ridge', 'initial_strategy': 'mean', 'n_nearest_features': 4, 'imputation_order': 'descending'}. Best is trial 51 with value: 0.3076790506309582.
running
[I 2024-10-19 10:49:20,328] Trial 115 finished with value: 0.3092121775071828 and parameters: {'model_name': 'IterativeImputer', 'estimator': 'Ridge', 'initial_strategy': 'mean', 'n_nearest_features': 3, 'imputation_order': 'descending'}. Best is trial 51 with value: 0.3076790506309582.
running
[I 2024-10-19 10:49:31,302] Trial 116 finished with value: 0.3076790506309582 and parameters: {'model_name': 'IterativeImputer', 'estimator': 'Ridge', 'initial_strategy': 'mean', 'n_nearest_features': 4, 'imputation_order': 'descending'}. Best is trial 51 with value: 0.3076790506309582.
running
[I 2024-10-19 10:49:42,168] Trial 117 finished with value: 0.3076790506309582 and parameters: {'model_name': 'IterativeImputer', 'estimator': 'Ridge', 'initial_strategy': 'mean', 'n_nearest_features': 4, 'imputation_order': 'descending'}. Best is trial 51 with value: 0.3076790506309582.
running
[I 2024-10-19 10:49:51,948] Trial 91 finished with value: 0.3190861171346311 and parameters: {'model_name': 'VAE', 'batch_size': 51, 'iterations': 4789, 'learning_rate': 0.00010107190639233315, 'p_miss': 0.23991260683552168}. Best is trial 51 with value: 0.3076790506309582.
running
[I 2024-10-19 10:49:53,058] Trial 118 finished with value: 0.3076790506309582 and parameters: {'model_name': 'IterativeImputer', 'estimator': 'Ridge', 'initial_strategy': 'mean', 'n_nearest_features': 4, 'imputation_order': 'descending'}. Best is trial 51 with value: 0.3076790506309582.
running
[I 2024-10-19 10:50:04,008] Trial 119 finished with value: 0.3076790506309582 and parameters: {'model_name': 'IterativeImputer', 'estimator': 'Ridge', 'initial_strategy': 'mean', 'n_nearest_features': 4, 'imputation_order': 'descending'}. Best is trial 51 with value: 0.3076790506309582.
running
[I 2024-10-19 10:50:04,352] Trial 120 finished with value: 0.3076790506309582 and parameters: {'model_name': 'IterativeImputer', 'estimator': 'Ridge', 'initial_strategy': 'mean', 'n_nearest_features': 4, 'imputation_order': 'descending'}. Best is trial 51 with value: 0.3076790506309582.
running
[I 2024-10-19 10:50:11,917] Trial 122 finished with value: 0.3228345958412495 and parameters: {'model_name': 'IterativeImputer', 'estimator': 'KNN', 'initial_strategy': 'mean', 'n_nearest_features': 4, 'imputation_order': 'descending'}. Best is trial 51 with value: 0.3076790506309582.
running
[I 2024-10-19 10:50:12,053] Trial 121 finished with value: 0.3228345958412495 and parameters: {'model_name': 'IterativeImputer', 'estimator': 'KNN', 'initial_strategy': 'mean', 'n_nearest_features': 4, 'imputation_order': 'descending'}. Best is trial 51 with value: 0.3076790506309582.
running
[I 2024-10-19 10:50:12,413] Trial 123 finished with value: 0.4864982477860596 and parameters: {'model_name': 'SimpleImputer', 'strategy': 'most_frequent'}. Best is trial 51 with value: 0.3076790506309582.
running
[I 2024-10-19 10:50:23,527] Trial 125 finished with value: 0.3083821643622354 and parameters: {'model_name': 'IterativeImputer', 'estimator': 'Ridge', 'initial_strategy': 'constant', 'n_nearest_features': 4, 'imputation_order': 'descending'}. Best is trial 51 with value: 0.3076790506309582.
running
[I 2024-10-19 10:50:24,481] Trial 124 finished with value: 0.3083821643622354 and parameters: {'model_name': 'IterativeImputer', 'estimator': 'Ridge', 'initial_strategy': 'constant', 'n_nearest_features': 4, 'imputation_order': 'descending'}. Best is trial 51 with value: 0.3076790506309582.
running
[I 2024-10-19 10:50:34,716] Trial 126 finished with value: 0.3076790506309582 and parameters: {'model_name': 'IterativeImputer', 'estimator': 'Ridge', 'initial_strategy': 'mean', 'n_nearest_features': 4, 'imputation_order': 'descending'}. Best is trial 51 with value: 0.3076790506309582.
running
[I 2024-10-19 10:50:36,784] Trial 127 finished with value: 0.3076790506309582 and parameters: {'model_name': 'IterativeImputer', 'estimator': 'Ridge', 'initial_strategy': 'mean', 'n_nearest_features': 4, 'imputation_order': 'descending'}. Best is trial 51 with value: 0.3076790506309582.
running
[I 2024-10-19 10:50:45,737] Trial 128 finished with value: 0.3076790506309582 and parameters: {'model_name': 'IterativeImputer', 'estimator': 'Ridge', 'initial_strategy': 'mean', 'n_nearest_features': 4, 'imputation_order': 'descending'}. Best is trial 51 with value: 0.3076790506309582.
running
[I 2024-10-19 10:57:49,300] Trial 129 finished with value: 0.30932661509833187 and parameters: {'model_name': 'IterativeImputer', 'estimator': 'RFR', 'initial_strategy': 'mean', 'n_nearest_features': 4, 'imputation_order': 'descending'}. Best is trial 51 with value: 0.3076790506309582.
running
[I 2024-10-19 10:57:58,259] Trial 130 finished with value: 0.30751840728298246 and parameters: {'model_name': 'IterativeImputer', 'estimator': 'RFR', 'initial_strategy': 'mean', 'n_nearest_features': 4, 'imputation_order': 'descending'}. Best is trial 130 with value: 0.30751840728298246.
running
[I 2024-10-19 10:58:00,413] Trial 131 finished with value: 0.307916477929944 and parameters: {'model_name': 'IterativeImputer', 'estimator': 'Ridge', 'initial_strategy': 'mean', 'n_nearest_features': 4, 'imputation_order': 'roman'}. Best is trial 130 with value: 0.30751840728298246.
running
[I 2024-10-19 11:01:48,114] Trial 82 finished with value: 0.3226583385432443 and parameters: {'model_name': 'VAE', 'batch_size': 48, 'iterations': 8086, 'learning_rate': 0.00010397518802988213, 'p_miss': 0.28589733419423324}. Best is trial 130 with value: 0.30751840728298246.
running
[I 2024-10-19 11:04:47,336] Trial 85 finished with value: 0.32445656424790575 and parameters: {'model_name': 'VAE', 'batch_size': 34, 'iterations': 9706, 'learning_rate': 0.0001347078033945464, 'p_miss': 0.2882620438685718}. Best is trial 130 with value: 0.30751840728298246.
running
[I 2024-10-19 11:09:10,988] Trial 132 finished with value: 0.3475721858587285 and parameters: {'model_name': 'IterativeImputer', 'estimator': 'RFR', 'initial_strategy': 'mean', 'n_nearest_features': 5, 'imputation_order': 'descending'}. Best is trial 130 with value: 0.30751840728298246.
running
[I 2024-10-19 11:09:12,697] Trial 133 finished with value: 0.3471932873581074 and parameters: {'model_name': 'IterativeImputer', 'estimator': 'RFR', 'initial_strategy': 'mean', 'n_nearest_features': 5, 'imputation_order': 'descending'}. Best is trial 130 with value: 0.30751840728298246.
running
[I 2024-10-19 11:09:24,457] Trial 137 finished with value: 0.3076790506309582 and parameters: {'model_name': 'IterativeImputer', 'estimator': 'Ridge', 'initial_strategy': 'mean', 'n_nearest_features': 4, 'imputation_order': 'descending'}. Best is trial 130 with value: 0.30751840728298246.
running
[I 2024-10-19 11:13:15,652] Trial 134 finished with value: 0.34724705198405986 and parameters: {'model_name': 'IterativeImputer', 'estimator': 'RFR', 'initial_strategy': 'mean', 'n_nearest_features': 5, 'imputation_order': 'descending'}. Best is trial 130 with value: 0.30751840728298246.
running
[I 2024-10-19 11:13:27,472] Trial 139 finished with value: 0.3076790506309582 and parameters: {'model_name': 'IterativeImputer', 'estimator': 'Ridge', 'initial_strategy': 'mean', 'n_nearest_features': 4, 'imputation_order': 'descending'}. Best is trial 130 with value: 0.30751840728298246.
running
[I 2024-10-19 11:13:39,668] Trial 140 finished with value: 0.3076790506309582 and parameters: {'model_name': 'IterativeImputer', 'estimator': 'Ridge', 'initial_strategy': 'mean', 'n_nearest_features': 4, 'imputation_order': 'descending'}. Best is trial 130 with value: 0.30751840728298246.
running
[I 2024-10-19 11:13:51,893] Trial 141 finished with value: 0.3076790506309582 and parameters: {'model_name': 'IterativeImputer', 'estimator': 'Ridge', 'initial_strategy': 'mean', 'n_nearest_features': 4, 'imputation_order': 'descending'}. Best is trial 130 with value: 0.30751840728298246.
running
[I 2024-10-19 11:14:20,218] Trial 142 finished with value: 0.5693956608577434 and parameters: {'model_name': 'GAIN', 'batch_size': 383, 'hint_rate': 0.7072301196540639, 'alpha': 5, 'iterations': 198, 'learning_rate': 0.0014953766247429712, 'p_miss': 0.16033326231349598}. Best is trial 130 with value: 0.30751840728298246.
running
[I 2024-10-19 11:14:30,513] Trial 143 finished with value: 0.3085262260128728 and parameters: {'model_name': 'IterativeImputer', 'estimator': 'Ridge', 'initial_strategy': 'mean', 'n_nearest_features': 4, 'imputation_order': 'arabic'}. Best is trial 130 with value: 0.30751840728298246.
running
[I 2024-10-19 11:14:42,575] Trial 144 finished with value: 0.3076790506309582 and parameters: {'model_name': 'IterativeImputer', 'estimator': 'Ridge', 'initial_strategy': 'mean', 'n_nearest_features': 4, 'imputation_order': 'descending'}. Best is trial 130 with value: 0.30751840728298246.
running
[I 2024-10-19 11:14:42,743] Trial 145 finished with value: 0.3144389779255106 and parameters: {'model_name': 'SimpleImputer', 'strategy': 'mean'}. Best is trial 130 with value: 0.30751840728298246.
running
[I 2024-10-19 11:14:54,710] Trial 146 finished with value: 0.3076790506309582 and parameters: {'model_name': 'IterativeImputer', 'estimator': 'Ridge', 'initial_strategy': 'mean', 'n_nearest_features': 4, 'imputation_order': 'descending'}. Best is trial 130 with value: 0.30751840728298246.
running
[I 2024-10-19 11:15:07,145] Trial 147 finished with value: 0.3076790506309582 and parameters: {'model_name': 'IterativeImputer', 'estimator': 'Ridge', 'initial_strategy': 'mean', 'n_nearest_features': 4, 'imputation_order': 'descending'}. Best is trial 130 with value: 0.30751840728298246.
running
[I 2024-10-19 11:15:19,364] Trial 148 finished with value: 0.3076790506309582 and parameters: {'model_name': 'IterativeImputer', 'estimator': 'Ridge', 'initial_strategy': 'mean', 'n_nearest_features': 4, 'imputation_order': 'descending'}. Best is trial 130 with value: 0.30751840728298246.
running
[I 2024-10-19 11:15:31,058] Trial 149 finished with value: 0.3076790506309582 and parameters: {'model_name': 'IterativeImputer', 'estimator': 'Ridge', 'initial_strategy': 'mean', 'n_nearest_features': 4, 'imputation_order': 'descending'}. Best is trial 130 with value: 0.30751840728298246.
running
[I 2024-10-19 11:15:43,163] Trial 150 finished with value: 0.3076790506309582 and parameters: {'model_name': 'IterativeImputer', 'estimator': 'Ridge', 'initial_strategy': 'mean', 'n_nearest_features': 4, 'imputation_order': 'descending'}. Best is trial 130 with value: 0.30751840728298246.
running
[I 2024-10-19 11:15:55,483] Trial 151 finished with value: 0.307916477929944 and parameters: {'model_name': 'IterativeImputer', 'estimator': 'Ridge', 'initial_strategy': 'mean', 'n_nearest_features': 4, 'imputation_order': 'roman'}. Best is trial 130 with value: 0.30751840728298246.
running
[I 2024-10-19 11:17:50,308] Trial 135 finished with value: 0.3460682852856179 and parameters: {'model_name': 'IterativeImputer', 'estimator': 'RFR', 'initial_strategy': 'mean', 'n_nearest_features': 5, 'imputation_order': 'descending'}. Best is trial 130 with value: 0.30751840728298246.
running
[I 2024-10-19 11:18:02,002] Trial 153 finished with value: 0.3092121775071828 and parameters: {'model_name': 'IterativeImputer', 'estimator': 'Ridge', 'initial_strategy': 'mean', 'n_nearest_features': 3, 'imputation_order': 'descending'}. Best is trial 130 with value: 0.30751840728298246.
running
[I 2024-10-19 11:18:13,955] Trial 154 finished with value: 0.3076790506309582 and parameters: {'model_name': 'IterativeImputer', 'estimator': 'Ridge', 'initial_strategy': 'mean', 'n_nearest_features': 4, 'imputation_order': 'descending'}. Best is trial 130 with value: 0.30751840728298246.
running
[I 2024-10-19 11:18:26,066] Trial 155 finished with value: 0.3076790506309582 and parameters: {'model_name': 'IterativeImputer', 'estimator': 'Ridge', 'initial_strategy': 'mean', 'n_nearest_features': 4, 'imputation_order': 'descending'}. Best is trial 130 with value: 0.30751840728298246.
running
[I 2024-10-19 11:18:38,229] Trial 156 finished with value: 0.3076790506309582 and parameters: {'model_name': 'IterativeImputer', 'estimator': 'Ridge', 'initial_strategy': 'mean', 'n_nearest_features': 4, 'imputation_order': 'descending'}. Best is trial 130 with value: 0.30751840728298246.
running
[I 2024-10-19 11:18:49,750] Trial 157 finished with value: 0.3076790506309582 and parameters: {'model_name': 'IterativeImputer', 'estimator': 'Ridge', 'initial_strategy': 'mean', 'n_nearest_features': 4, 'imputation_order': 'descending'}. Best is trial 130 with value: 0.30751840728298246.
running
[I 2024-10-19 11:19:02,006] Trial 158 finished with value: 0.3076790506309582 and parameters: {'model_name': 'IterativeImputer', 'estimator': 'Ridge', 'initial_strategy': 'mean', 'n_nearest_features': 4, 'imputation_order': 'descending'}. Best is trial 130 with value: 0.30751840728298246.
running
[I 2024-10-19 11:19:13,415] Trial 159 finished with value: 0.3076790506309582 and parameters: {'model_name': 'IterativeImputer', 'estimator': 'Ridge', 'initial_strategy': 'mean', 'n_nearest_features': 4, 'imputation_order': 'descending'}. Best is trial 130 with value: 0.30751840728298246.
running
[I 2024-10-19 11:19:24,402] Trial 160 finished with value: 0.3076790506309582 and parameters: {'model_name': 'IterativeImputer', 'estimator': 'Ridge', 'initial_strategy': 'mean', 'n_nearest_features': 4, 'imputation_order': 'descending'}. Best is trial 130 with value: 0.30751840728298246.
running
[I 2024-10-19 11:19:37,297] Trial 161 finished with value: 0.3076790506309582 and parameters: {'model_name': 'IterativeImputer', 'estimator': 'Ridge', 'initial_strategy': 'mean', 'n_nearest_features': 4, 'imputation_order': 'descending'}. Best is trial 130 with value: 0.30751840728298246.
running
[I 2024-10-19 11:19:44,286] Trial 136 finished with value: 0.3076285017367817 and parameters: {'model_name': 'IterativeImputer', 'estimator': 'RFR', 'initial_strategy': 'mean', 'n_nearest_features': 4, 'imputation_order': 'descending'}. Best is trial 130 with value: 0.30751840728298246.
running
[I 2024-10-19 11:19:49,858] Trial 162 finished with value: 0.3076790506309582 and parameters: {'model_name': 'IterativeImputer', 'estimator': 'Ridge', 'initial_strategy': 'mean', 'n_nearest_features': 4, 'imputation_order': 'descending'}. Best is trial 130 with value: 0.30751840728298246.
running
[I 2024-10-19 11:19:54,032] Trial 138 finished with value: 0.3084804813467053 and parameters: {'model_name': 'IterativeImputer', 'estimator': 'RFR', 'initial_strategy': 'mean', 'n_nearest_features': 4, 'imputation_order': 'descending'}. Best is trial 130 with value: 0.30751840728298246.
running
[I 2024-10-19 11:20:08,097] Trial 165 finished with value: 0.5684252250696682 and parameters: {'model_name': 'GAIN', 'batch_size': 19, 'hint_rate': 0.3000653136073025, 'alpha': 58, 'iterations': 87, 'learning_rate': 0.007707510004960194, 'p_miss': 0.15719406903611635}. Best is trial 130 with value: 0.30751840728298246.
running
[I 2024-10-19 11:22:10,830] Trial 152 finished with value: 0.30845162715043606 and parameters: {'model_name': 'IterativeImputer', 'estimator': 'RFR', 'initial_strategy': 'mean', 'n_nearest_features': 3, 'imputation_order': 'descending'}. Best is trial 130 with value: 0.30751840728298246.
running
[I 2024-10-19 11:23:11,053] Trial 164 finished with value: 0.5738536032119625 and parameters: {'model_name': 'GAIN', 'batch_size': 20, 'hint_rate': 0.2910246817234472, 'alpha': 58, 'iterations': 1424, 'learning_rate': 0.0064769179160033925, 'p_miss': 0.16293197164344958}. Best is trial 130 with value: 0.30751840728298246.
running
[I 2024-10-19 11:27:13,489] Trial 163 finished with value: 0.31417261448332445 and parameters: {'model_name': 'IterativeImputer', 'estimator': 'RFR', 'initial_strategy': 'mean', 'n_nearest_features': 4, 'imputation_order': 'arabic'}. Best is trial 130 with value: 0.30751840728298246.
running
[I 2024-10-19 11:27:23,168] Trial 95 finished with value: 0.32264896279018124 and parameters: {'model_name': 'VAE', 'batch_size': 988, 'iterations': 782, 'learning_rate': 0.0001038772044284001, 'p_miss': 0.1801073680979614}. Best is trial 130 with value: 0.30751840728298246.
running
[I 2024-10-19 11:27:26,146] Trial 169 finished with value: 0.3083821643622354 and parameters: {'model_name': 'IterativeImputer', 'estimator': 'Ridge', 'initial_strategy': 'constant', 'n_nearest_features': 4, 'imputation_order': 'descending'}. Best is trial 130 with value: 0.30751840728298246.
running
[I 2024-10-19 11:27:36,427] Trial 170 finished with value: 0.3083821643622354 and parameters: {'model_name': 'IterativeImputer', 'estimator': 'Ridge', 'initial_strategy': 'constant', 'n_nearest_features': 4, 'imputation_order': 'descending'}. Best is trial 130 with value: 0.30751840728298246.
running
[I 2024-10-19 11:27:38,499] Trial 171 finished with value: 0.30816692045339833 and parameters: {'model_name': 'IterativeImputer', 'estimator': 'Ridge', 'initial_strategy': 'mean', 'n_nearest_features': 4, 'imputation_order': 'ascending'}. Best is trial 130 with value: 0.30751840728298246.
running
[I 2024-10-19 11:27:44,562] Trial 173 finished with value: 0.3228345958412495 and parameters: {'model_name': 'IterativeImputer', 'estimator': 'KNN', 'initial_strategy': 'mean', 'n_nearest_features': 4, 'imputation_order': 'descending'}. Best is trial 130 with value: 0.30751840728298246.
running
[I 2024-10-19 11:27:52,239] Trial 166 finished with value: 0.308157462416166 and parameters: {'model_name': 'IterativeImputer', 'estimator': 'RFR', 'initial_strategy': 'mean', 'n_nearest_features': 4, 'imputation_order': 'descending'}. Best is trial 130 with value: 0.30751840728298246.
running
[I 2024-10-19 11:27:52,395] Trial 175 finished with value: 0.5708049987826983 and parameters: {'model_name': 'SimpleImputer', 'strategy': 'constant'}. Best is trial 130 with value: 0.30751840728298246.
running
[I 2024-10-19 11:28:05,223] Trial 176 finished with value: 0.3076790506309582 and parameters: {'model_name': 'IterativeImputer', 'estimator': 'Ridge', 'initial_strategy': 'mean', 'n_nearest_features': 4, 'imputation_order': 'descending'}. Best is trial 130 with value: 0.30751840728298246.
running
[I 2024-10-19 11:28:18,499] Trial 177 finished with value: 0.3076790506309582 and parameters: {'model_name': 'IterativeImputer', 'estimator': 'Ridge', 'initial_strategy': 'mean', 'n_nearest_features': 4, 'imputation_order': 'descending'}. Best is trial 130 with value: 0.30751840728298246.
running
[I 2024-10-19 11:28:31,378] Trial 178 finished with value: 0.3076790506309582 and parameters: {'model_name': 'IterativeImputer', 'estimator': 'Ridge', 'initial_strategy': 'mean', 'n_nearest_features': 4, 'imputation_order': 'descending'}. Best is trial 130 with value: 0.30751840728298246.
running
[I 2024-10-19 11:28:43,125] Trial 179 finished with value: 0.3076790506309582 and parameters: {'model_name': 'IterativeImputer', 'estimator': 'Ridge', 'initial_strategy': 'mean', 'n_nearest_features': 4, 'imputation_order': 'descending'}. Best is trial 130 with value: 0.30751840728298246.
running
[I 2024-10-19 11:28:56,269] Trial 180 finished with value: 0.3076790506309582 and parameters: {'model_name': 'IterativeImputer', 'estimator': 'Ridge', 'initial_strategy': 'mean', 'n_nearest_features': 4, 'imputation_order': 'descending'}. Best is trial 130 with value: 0.30751840728298246.
running
[I 2024-10-19 11:29:27,399] Trial 181 finished with value: 0.4363386064493149 and parameters: {'model_name': 'IterativeImputer', 'estimator': 'Bayesian', 'initial_strategy': 'mean', 'n_nearest_features': 4, 'imputation_order': 'descending', 'sample_posterior': True}. Best is trial 130 with value: 0.30751840728298246.
running
[I 2024-10-19 11:29:37,684] Trial 86 finished with value: 0.32124466869244095 and parameters: {'model_name': 'VAE', 'batch_size': 49, 'iterations': 9286, 'learning_rate': 0.00015960273592446647, 'p_miss': 0.2812867565139626}. Best is trial 130 with value: 0.30751840728298246.
running
[I 2024-10-19 11:29:40,053] Trial 182 finished with value: 0.307916477929944 and parameters: {'model_name': 'IterativeImputer', 'estimator': 'Ridge', 'initial_strategy': 'mean', 'n_nearest_features': 4, 'imputation_order': 'roman'}. Best is trial 130 with value: 0.30751840728298246.
running
[I 2024-10-19 11:29:50,901] Trial 183 finished with value: 0.307916477929944 and parameters: {'model_name': 'IterativeImputer', 'estimator': 'Ridge', 'initial_strategy': 'mean', 'n_nearest_features': 4, 'imputation_order': 'roman'}. Best is trial 130 with value: 0.30751840728298246.
running
[I 2024-10-19 11:31:33,378] Trial 167 finished with value: 0.30982005640814664 and parameters: {'model_name': 'IterativeImputer', 'estimator': 'RFR', 'initial_strategy': 'mean', 'n_nearest_features': 4, 'imputation_order': 'descending'}. Best is trial 130 with value: 0.30751840728298246.
running
[I 2024-10-19 11:31:46,649] Trial 186 finished with value: 0.3076790506309582 and parameters: {'model_name': 'IterativeImputer', 'estimator': 'Ridge', 'initial_strategy': 'mean', 'n_nearest_features': 4, 'imputation_order': 'descending'}. Best is trial 130 with value: 0.30751840728298246.
running
[I 2024-10-19 11:32:00,633] Trial 187 finished with value: 0.3076790506309582 and parameters: {'model_name': 'IterativeImputer', 'estimator': 'Ridge', 'initial_strategy': 'mean', 'n_nearest_features': 4, 'imputation_order': 'descending'}. Best is trial 130 with value: 0.30751840728298246.
running
[I 2024-10-19 11:32:13,535] Trial 188 finished with value: 0.3076790506309582 and parameters: {'model_name': 'IterativeImputer', 'estimator': 'Ridge', 'initial_strategy': 'mean', 'n_nearest_features': 4, 'imputation_order': 'descending'}. Best is trial 130 with value: 0.30751840728298246.
running
[I 2024-10-19 11:32:27,080] Trial 189 finished with value: 0.3080744670121337 and parameters: {'model_name': 'IterativeImputer', 'estimator': 'Ridge', 'initial_strategy': 'most_frequent', 'n_nearest_features': 4, 'imputation_order': 'descending'}. Best is trial 130 with value: 0.30751840728298246.
running
[I 2024-10-19 11:32:41,013] Trial 190 finished with value: 0.3076790506309582 and parameters: {'model_name': 'IterativeImputer', 'estimator': 'Ridge', 'initial_strategy': 'mean', 'n_nearest_features': 4, 'imputation_order': 'descending'}. Best is trial 130 with value: 0.30751840728298246.
running
[I 2024-10-19 11:32:53,890] Trial 191 finished with value: 0.3108074294943682 and parameters: {'model_name': 'IterativeImputer', 'estimator': 'Ridge', 'initial_strategy': 'mean', 'n_nearest_features': 2, 'imputation_order': 'descending'}. Best is trial 130 with value: 0.30751840728298246.
running
[I 2024-10-19 11:33:07,629] Trial 192 finished with value: 0.3076790506309582 and parameters: {'model_name': 'IterativeImputer', 'estimator': 'Ridge', 'initial_strategy': 'mean', 'n_nearest_features': 4, 'imputation_order': 'descending'}. Best is trial 130 with value: 0.30751840728298246.
running
[I 2024-10-19 11:33:21,070] Trial 193 finished with value: 0.3076790506309582 and parameters: {'model_name': 'IterativeImputer', 'estimator': 'Ridge', 'initial_strategy': 'mean', 'n_nearest_features': 4, 'imputation_order': 'descending'}. Best is trial 130 with value: 0.30751840728298246.
running
[I 2024-10-19 11:33:57,578] Trial 168 finished with value: 0.30834284315183824 and parameters: {'model_name': 'IterativeImputer', 'estimator': 'RFR', 'initial_strategy': 'mean', 'n_nearest_features': 4, 'imputation_order': 'descending'}. Best is trial 130 with value: 0.30751840728298246.
running
[I 2024-10-19 11:34:10,788] Trial 195 finished with value: 0.3076790506309582 and parameters: {'model_name': 'IterativeImputer', 'estimator': 'Ridge', 'initial_strategy': 'mean', 'n_nearest_features': 4, 'imputation_order': 'descending'}. Best is trial 130 with value: 0.30751840728298246.
running
[I 2024-10-19 11:34:24,534] Trial 196 finished with value: 0.3076790506309582 and parameters: {'model_name': 'IterativeImputer', 'estimator': 'Ridge', 'initial_strategy': 'mean', 'n_nearest_features': 4, 'imputation_order': 'descending'}. Best is trial 130 with value: 0.30751840728298246.
running
[I 2024-10-19 11:34:37,759] Trial 197 finished with value: 0.3076790506309582 and parameters: {'model_name': 'IterativeImputer', 'estimator': 'Ridge', 'initial_strategy': 'mean', 'n_nearest_features': 4, 'imputation_order': 'descending'}. Best is trial 130 with value: 0.30751840728298246.
running
[I 2024-10-19 11:34:50,541] Trial 198 finished with value: 0.3076790506309582 and parameters: {'model_name': 'IterativeImputer', 'estimator': 'Ridge', 'initial_strategy': 'mean', 'n_nearest_features': 4, 'imputation_order': 'descending'}. Best is trial 130 with value: 0.30751840728298246.
running
[I 2024-10-19 11:35:04,904] Trial 199 finished with value: 0.3076790506309582 and parameters: {'model_name': 'IterativeImputer', 'estimator': 'Ridge', 'initial_strategy': 'mean', 'n_nearest_features': 4, 'imputation_order': 'descending'}. Best is trial 130 with value: 0.30751840728298246.
[I 2024-10-19 11:35:13,258] Trial 185 finished with value: 0.3101653542260558 and parameters: {'model_name': 'IterativeImputer', 'estimator': 'RFR', 'initial_strategy': 'most_frequent', 'n_nearest_features': 2, 'imputation_order': 'descending'}. Best is trial 130 with value: 0.30751840728298246.
[I 2024-10-19 11:38:53,101] Trial 172 finished with value: 0.3075047297234059 and parameters: {'model_name': 'IterativeImputer', 'estimator': 'RFR', 'initial_strategy': 'mean', 'n_nearest_features': 4, 'imputation_order': 'ascending'}. Best is trial 172 with value: 0.3075047297234059.
[I 2024-10-19 11:39:03,998] Trial 174 finished with value: 0.30969290038268393 and parameters: {'model_name': 'IterativeImputer', 'estimator': 'RFR', 'initial_strategy': 'mean', 'n_nearest_features': 4, 'imputation_order': 'descending'}. Best is trial 172 with value: 0.3075047297234059.
[I 2024-10-19 11:39:37,716] Trial 184 finished with value: 0.30703134919647485 and parameters: {'model_name': 'IterativeImputer', 'estimator': 'RFR', 'initial_strategy': 'mean', 'n_nearest_features': 4, 'imputation_order': 'descending'}. Best is trial 184 with value: 0.30703134919647485.
[I 2024-10-19 11:41:36,549] Trial 194 finished with value: 0.3089711807177909 and parameters: {'model_name': 'IterativeImputer', 'estimator': 'RFR', 'initial_strategy': 'mean', 'n_nearest_features': 4, 'imputation_order': 'descending'}. Best is trial 184 with value: 0.30703134919647485.
[I 2024-10-19 11:44:39,502] Trial 89 finished with value: 0.31867130973048996 and parameters: {'model_name': 'VAE', 'batch_size': 625, 'iterations': 2369, 'learning_rate': 0.00010879144008281162, 'p_miss': 0.27946425125992447}. Best is trial 184 with value: 0.30703134919647485.
[I 2024-10-19 12:03:31,587] Trial 78 finished with value: 0.3188502625414957 and parameters: {'model_name': 'VAE', 'batch_size': 736, 'iterations': 2631, 'learning_rate': 0.00014686191387656527, 'p_miss': 0.2993855458120583}. Best is trial 184 with value: 0.30703134919647485.
[I 2024-10-19 13:05:08,602] Trial 88 finished with value: 0.31888781708596425 and parameters: {'model_name': 'VAE', 'batch_size': 966, 'iterations': 3885, 'learning_rate': 0.0023398668630819487, 'p_miss': 0.2946800374692}. Best is trial 184 with value: 0.30703134919647485.
[I 2024-10-19 13:30:49,984] Trial 77 finished with value: 0.3189816599728266 and parameters: {'model_name': 'VAE', 'batch_size': 725, 'iterations': 6592, 'learning_rate': 0.0001587357663724302, 'p_miss': 0.29535355268861446}. Best is trial 184 with value: 0.30703134919647485.
[I 2024-10-19 14:03:15,130] Trial 83 finished with value: 0.3183750884794718 and parameters: {'model_name': 'VAE', 'batch_size': 794, 'iterations': 7975, 'learning_rate': 0.0021339363979114762, 'p_miss': 0.29743846935640195}. Best is trial 184 with value: 0.30703134919647485.
[I 2024-10-19 14:05:14,962] Trial 92 finished with value: 0.3189459000867303 and parameters: {'model_name': 'VAE', 'batch_size': 684, 'iterations': 8120, 'learning_rate': 0.0001247880008419672, 'p_miss': 0.2886021721983246}. Best is trial 184 with value: 0.30703134919647485.
[I 2024-10-19 14:17:32,867] Trial 81 finished with value: 0.3188950439954662 and parameters: {'model_name': 'VAE', 'batch_size': 839, 'iterations': 7974, 'learning_rate': 0.00011026057961315457, 'p_miss': 0.2999018023682351}. Best is trial 184 with value: 0.30703134919647485.
[I 2024-10-19 14:30:11,470] Trial 79 finished with value: 0.31871213140406773 and parameters: {'model_name': 'VAE', 'batch_size': 728, 'iterations': 9438, 'learning_rate': 0.0001179318264078067, 'p_miss': 0.2992840657103568}. Best is trial 184 with value: 0.30703134919647485.
[I 2024-10-19 14:34:24,864] Trial 87 finished with value: 0.3186827226629988 and parameters: {'model_name': 'VAE', 'batch_size': 963, 'iterations': 9644, 'learning_rate': 0.0026325744201628797, 'p_miss': 0.2946435555166903}. Best is trial 184 with value: 0.30703134919647485.
[I 2024-10-19 14:37:37,509] Trial 80 finished with value: 0.31862680390744524 and parameters: {'model_name': 'VAE', 'batch_size': 1000, 'iterations': 9995, 'learning_rate': 0.0001575670558418264, 'p_miss': 0.17515136381214355}. Best is trial 184 with value: 0.30703134919647485.
fit
auto fit
auto transform
0    0
1    0
2    0
3    0
4    0
5    0
dtype: int64
0    0
1    0
2    0
3    0
4    0
5    0
dtype: int64
0.30703134919647485
{'model_name': 'IterativeImputer', 'estimator': 'RFR', 'initial_strategy': 'mean', 'n_nearest_features': 4, 'imputation_order': 'descending'}
running experiment 2/3 - Does reconstruction give good automl predictions
Start est fit
Version 0.1.7a0 of tpot2 is outdated. Version 0.1.8a0 was released Tuesday September 17, 2024.
Version 0.1.7a0 of tpot2 is outdated. Version 0.1.8a0 was released Tuesday September 17, 2024.
Version 0.1.7a0 of tpot2 is outdated. Version 0.1.8a0 was released Tuesday September 17, 2024.
Version 0.1.7a0 of tpot2 is outdated. Version 0.1.8a0 was released Tuesday September 17, 2024.
Version 0.1.7a0 of tpot2 is outdated. Version 0.1.8a0 was released Tuesday September 17, 2024.
Version 0.1.7a0 of tpot2 is outdated. Version 0.1.8a0 was released Tuesday September 17, 2024.
Version 0.1.7a0 of tpot2 is outdated. Version 0.1.8a0 was released Tuesday September 17, 2024.
Version 0.1.7a0 of tpot2 is outdated. Version 0.1.8a0 was released Tuesday September 17, 2024.
Version 0.1.7a0 of tpot2 is outdated. Version 0.1.8a0 was released Tuesday September 17, 2024.
Version 0.1.7a0 of tpot2 is outdated. Version 0.1.8a0 was released Tuesday September 17, 2024.
Version 0.1.7a0 of tpot2 is outdated. Version 0.1.8a0 was released Tuesday September 17, 2024.
Version 0.1.7a0 of tpot2 is outdated. Version 0.1.8a0 was released Tuesday September 17, 2024.
Version 0.1.7a0 of tpot2 is outdated. Version 0.1.8a0 was released Tuesday September 17, 2024.
Version 0.1.7a0 of tpot2 is outdated. Version 0.1.8a0 was released Tuesday September 17, 2024.
Version 0.1.7a0 of tpot2 is outdated. Version 0.1.8a0 was released Tuesday September 17, 2024.
Version 0.1.7a0 of tpot2 is outdated. Version 0.1.8a0 was released Tuesday September 17, 2024.
  0%|          | 0/25 [00:00<?, ?it/s]Generation:   0%|          | 0/25 [00:00<?, ?it/s]Generation:  1
Best f1_score score: 0.6182797309037624
Generation:   4%|         | 1/25 [04:27<1:46:49, 267.07s/it]WARNING AN INDIVIDUAL TIMED OUT: 
 <tpot2.search_spaces.pipelines.sequential.SequentialPipelineIndividual object at 0x155474179120> 

Generation:  2
Best f1_score score: 0.6182797309037624
Generation:   8%|         | 2/25 [14:30<2:58:18, 465.17s/it]WARNING AN INDIVIDUAL TIMED OUT: 
 <tpot2.search_spaces.pipelines.sequential.SequentialPipelineIndividual object at 0x15546fbbff40> 

Generation:  3
Best f1_score score: 0.6182797309037624
Generation:  12%|        | 3/25 [24:35<3:13:53, 528.78s/it]WARNING THIS INDIVIDUAL CAUSED AND EXCEPTION 
 <tpot2.search_spaces.pipelines.sequential.SequentialPipelineIndividual object at 0x1554741aa740> 
 The 'min_samples_split' parameter of DecisionTreeClassifier must be an int in the range [2, inf) or a float in the range (0.0, 1.0]. Got 1 instead. 
 Traceback (most recent call last):
  File "/common/ketrong/tpotexp/tpot2/tpot2/utils/eval_utils.py", line 53, in objective_nan_wrapper
    value = func_timeout.func_timeout(timeout, objective_function, args=[individual], kwargs=objective_kwargs)
  File "/common/ketrong/tpotexp/env/lib/python3.10/site-packages/func_timeout/dafunc.py", line 108, in func_timeout
    raise_exception(exception)
  File "/common/ketrong/tpotexp/env/lib/python3.10/site-packages/func_timeout/py3_raise.py", line 7, in raise_exception
    raise exception[0] from None
  File "/common/ketrong/tpotexp/tpot2/tpot2/tpot_estimator/estimator.py", line 623, in objective_function
    return objective_function_generator(
  File "/common/ketrong/tpotexp/tpot2/tpot2/tpot_estimator/estimator_utils.py", line 55, in objective_function_generator
    cv_obj_scores = cross_val_score_objective(sklearn.base.clone(pipeline),x,y,scorers=scorers, cv=cv , fold=step)
  File "/common/ketrong/tpotexp/tpot2/tpot2/tpot_estimator/cross_val_utils.py", line 28, in cross_val_score_objective
    this_fold_pipeline.fit(X_train,y_train)
  File "/common/ketrong/tpotexp/env/lib/python3.10/site-packages/sklearn/base.py", line 1473, in wrapper
    return fit_method(estimator, *args, **kwargs)
  File "/common/ketrong/tpotexp/env/lib/python3.10/site-packages/sklearn/pipeline.py", line 473, in fit
    self._final_estimator.fit(Xt, y, **last_step_params["fit"])
  File "/common/ketrong/tpotexp/env/lib/python3.10/site-packages/sklearn/base.py", line 1466, in wrapper
    estimator._validate_params()
  File "/common/ketrong/tpotexp/env/lib/python3.10/site-packages/sklearn/base.py", line 666, in _validate_params
    validate_parameter_constraints(
  File "/common/ketrong/tpotexp/env/lib/python3.10/site-packages/sklearn/utils/_param_validation.py", line 95, in validate_parameter_constraints
    raise InvalidParameterError(
sklearn.utils._param_validation.InvalidParameterError: The 'min_samples_split' parameter of DecisionTreeClassifier must be an int in the range [2, inf) or a float in the range (0.0, 1.0]. Got 1 instead.

Generation:  4
Best f1_score score: 0.7259636743231612
Generation:  16%|        | 4/25 [26:37<2:08:53, 368.25s/it]Generation:  5
Best f1_score score: 0.7259636743231612
Generation:  20%|        | 5/25 [28:52<1:34:39, 283.99s/it]Generation:  6
Best f1_score score: 0.7259636743231612
Generation:  24%|       | 6/25 [29:24<1:02:48, 198.33s/it]Generation:  7
Best f1_score score: 0.7259636743231612
Generation:  28%|       | 7/25 [30:20<45:35, 151.98s/it]  Generation:  8
Best f1_score score: 0.7263067151687352
Generation:  32%|      | 8/25 [31:41<36:37, 129.26s/it]Generation:  9
Best f1_score score: 0.7263067151687352
Generation:  36%|      | 9/25 [39:40<1:03:39, 238.69s/it]WARNING AN INDIVIDUAL TIMED OUT: 
 <tpot2.search_spaces.pipelines.sequential.SequentialPipelineIndividual object at 0x1554741f5c90> 

Generation:  10
Best f1_score score: 0.7277795963050095
Generation:  40%|      | 10/25 [49:47<1:28:02, 352.20s/it]Generation:  11
Best f1_score score: 0.7277795963050095
Generation:  44%|     | 11/25 [51:22<1:03:50, 273.60s/it]Generation:  12
Best f1_score score: 0.7277795963050095
Generation:  48%|     | 12/25 [55:39<58:13, 268.72s/it]  Generation:  13
Best f1_score score: 0.7277795963050095
Generation:  52%|    | 13/25 [57:42<44:52, 224.36s/it]Generation:  14
Best f1_score score: 0.7277795963050095
Generation:  56%|    | 14/25 [59:26<34:30, 188.22s/it]Generation:  15
Best f1_score score: 0.7277795963050095
Generation:  60%|    | 15/25 [1:03:53<35:19, 211.94s/it]Generation:  16
Best f1_score score: 0.7277795963050095
Generation:  64%|   | 16/25 [1:05:40<27:01, 180.19s/it]Generation:  17
Best f1_score score: 0.7277795963050095
Generation:  68%|   | 17/25 [1:07:05<20:12, 151.60s/it]Generation:  18
Best f1_score score: 0.7277795963050095
Generation:  72%|  | 18/25 [1:08:54<16:10, 138.67s/it]Generation:  19
Best f1_score score: 0.7277795963050095
Generation:  76%|  | 19/25 [1:10:36<12:46, 127.81s/it]Generation:  20
Best f1_score score: 0.7277795963050095
Generation:  80%|  | 20/25 [1:18:20<19:03, 228.64s/it]Generation:  21
Best f1_score score: 0.7277795963050095
Generation:  84%| | 21/25 [1:19:46<12:24, 186.06s/it]WARNING AN INDIVIDUAL TIMED OUT: 
 <tpot2.search_spaces.pipelines.sequential.SequentialPipelineIndividual object at 0x15546f6c9660> 

Generation:  22
Best f1_score score: 0.7277795963050095
Generation:  88%| | 22/25 [1:29:59<15:42, 314.09s/it]Generation:  23
Best f1_score score: 0.7277795963050095
Generation:  92%|| 23/25 [1:34:09<09:49, 294.91s/it]Generation:  24
Best f1_score score: 0.7277795963050095
Generation:  96%|| 24/25 [1:36:04<04:00, 240.92s/it]Generation:  25
Best f1_score score: 0.7277795963050095
Generation: 100%|| 25/25 [1:40:59<00:00, 257.13s/it]Generation: 100%|| 25/25 [1:41:03<00:00, 242.54s/it]
2024-10-19 16:21:02,983 - distributed.scheduler - ERROR - Removing worker 'tcp://127.0.0.1:39711' caused the cluster to lose scattered data, which can't be recovered: {'ndarray-e6a0bf6ab5eddd1f3b7bbf1cee526317', 'ndarray-cd678781cf2258b87255f3d121c1c1f7'} (stimulus_id='handle-worker-cleanup-1729380062.9830158')
Fitted
Pipeline(steps=[('histgradientboostingclassifier',
                 HistGradientBoostingClassifier(early_stopping=False,
                                                l2_regularization=0.1182718182594,
                                                learning_rate=0.0822190007173,
                                                max_features=0.6197722162118,
                                                max_leaf_nodes=1337,
                                                min_samples_leaf=65, tol=0.0001,
                                                validation_fraction=None))])
score start
train score: {'auroc': 0.9988876030062962, 'accuracy': 0.9374888611655676, 'balanced_accuracy': 0.9546611942414341, 'logloss': 0.2915164404390501, 'f1': 0.9513899988505966}
original test score: {'auroc': 0.9939062778477348, 'accuracy': 0.8595866001425517, 'balanced_accuracy': 0.87518978353763, 'logloss': 0.4503681240666279, 'f1': 0.8681276590153529}
imputed test score: {'auroc': 0.9778458559543751, 'accuracy': 0.75784034212402, 'balanced_accuracy': 0.7759879178026615, 'logloss': 0.793976765888003, 'f1': 0.772803121381207}
score end
check intended
EXP2 Finished
running experiment 3/3 - What is the best automl settings?
<tpot2.search_spaces.pipelines.sequential.SequentialPipeline object at 0x155434ce8550>
Start tpot fit
Version 0.1.7a0 of tpot2 is outdated. Version 0.1.8a0 was released Tuesday September 17, 2024.
Version 0.1.7a0 of tpot2 is outdated. Version 0.1.8a0 was released Tuesday September 17, 2024.
Version 0.1.7a0 of tpot2 is outdated. Version 0.1.8a0 was released Tuesday September 17, 2024.
Version 0.1.7a0 of tpot2 is outdated. Version 0.1.8a0 was released Tuesday September 17, 2024.
Version 0.1.7a0 of tpot2 is outdated. Version 0.1.8a0 was released Tuesday September 17, 2024.
Version 0.1.7a0 of tpot2 is outdated. Version 0.1.8a0 was released Tuesday September 17, 2024.
Version 0.1.7a0 of tpot2 is outdated. Version 0.1.8a0 was released Tuesday September 17, 2024.
Version 0.1.7a0 of tpot2 is outdated. Version 0.1.8a0 was released Tuesday September 17, 2024.
Version 0.1.7a0 of tpot2 is outdated. Version 0.1.8a0 was released Tuesday September 17, 2024.
Version 0.1.7a0 of tpot2 is outdated. Version 0.1.8a0 was released Tuesday September 17, 2024.
Version 0.1.7a0 of tpot2 is outdated. Version 0.1.8a0 was released Tuesday September 17, 2024.
Version 0.1.7a0 of tpot2 is outdated. Version 0.1.8a0 was released Tuesday September 17, 2024.
Version 0.1.7a0 of tpot2 is outdated. Version 0.1.8a0 was released Tuesday September 17, 2024.
Version 0.1.7a0 of tpot2 is outdated. Version 0.1.8a0 was released Tuesday September 17, 2024.
Version 0.1.7a0 of tpot2 is outdated. Version 0.1.8a0 was released Tuesday September 17, 2024.
Version 0.1.7a0 of tpot2 is outdated. Version 0.1.8a0 was released Tuesday September 17, 2024.
  0%|          | 0/25 [00:00<?, ?it/s]Generation:   0%|          | 0/25 [00:00<?, ?it/s]WARNING AN INDIVIDUAL TIMED OUT: 
 <tpot2.search_spaces.pipelines.sequential.SequentialPipelineIndividual object at 0x155474124af0> 

Generation:  1
Best f1_score score: 0.5953674182294291
Generation:   4%|         | 1/25 [10:02<4:00:55, 602.31s/it]WARNING THIS INDIVIDUAL CAUSED AND EXCEPTION 
 <tpot2.search_spaces.pipelines.sequential.SequentialPipelineIndividual object at 0x15546ec69a50> 
 Negative values in data passed to MultinomialNB (input X) 
 Traceback (most recent call last):
  File "/common/ketrong/tpotexp/tpot2/tpot2/utils/eval_utils.py", line 53, in objective_nan_wrapper
    value = func_timeout.func_timeout(timeout, objective_function, args=[individual], kwargs=objective_kwargs)
  File "/common/ketrong/tpotexp/env/lib/python3.10/site-packages/func_timeout/dafunc.py", line 108, in func_timeout
    raise_exception(exception)
  File "/common/ketrong/tpotexp/env/lib/python3.10/site-packages/func_timeout/py3_raise.py", line 7, in raise_exception
    raise exception[0] from None
  File "/common/ketrong/tpotexp/tpot2/tpot2/tpot_estimator/estimator.py", line 623, in objective_function
    return objective_function_generator(
  File "/common/ketrong/tpotexp/tpot2/tpot2/tpot_estimator/estimator_utils.py", line 55, in objective_function_generator
    cv_obj_scores = cross_val_score_objective(sklearn.base.clone(pipeline),x,y,scorers=scorers, cv=cv , fold=step)
  File "/common/ketrong/tpotexp/tpot2/tpot2/tpot_estimator/cross_val_utils.py", line 28, in cross_val_score_objective
    this_fold_pipeline.fit(X_train,y_train)
  File "/common/ketrong/tpotexp/env/lib/python3.10/site-packages/sklearn/base.py", line 1473, in wrapper
    return fit_method(estimator, *args, **kwargs)
  File "/common/ketrong/tpotexp/env/lib/python3.10/site-packages/sklearn/pipeline.py", line 473, in fit
    self._final_estimator.fit(Xt, y, **last_step_params["fit"])
  File "/common/ketrong/tpotexp/env/lib/python3.10/site-packages/sklearn/base.py", line 1473, in wrapper
    return fit_method(estimator, *args, **kwargs)
  File "/common/ketrong/tpotexp/env/lib/python3.10/site-packages/sklearn/naive_bayes.py", line 759, in fit
    self._count(X, Y)
  File "/common/ketrong/tpotexp/env/lib/python3.10/site-packages/sklearn/naive_bayes.py", line 881, in _count
    check_non_negative(X, "MultinomialNB (input X)")
  File "/common/ketrong/tpotexp/env/lib/python3.10/site-packages/sklearn/utils/validation.py", line 1689, in check_non_negative
    raise ValueError("Negative values in data passed to %s" % whom)
ValueError: Negative values in data passed to MultinomialNB (input X)

Generation:  2
Best f1_score score: 0.6726815975049563
Generation:   8%|         | 2/25 [19:26<3:42:24, 580.17s/it]Generation:  3
Best f1_score score: 0.7034237629019414
Generation:  12%|        | 3/25 [22:06<2:22:16, 388.01s/it]Generation:  4
Best f1_score score: 0.7079569961466025
Generation:  16%|        | 4/25 [31:42<2:41:46, 462.22s/it]Generation:  5
Best f1_score score: 0.7079569961466025
Generation:  20%|        | 5/25 [41:18<2:47:47, 503.36s/it]Generation:  6
Best f1_score score: 0.7079569961466025
Generation:  24%|       | 6/25 [50:48<2:46:31, 525.85s/it]WARNING THIS INDIVIDUAL CAUSED AND EXCEPTION 
 <tpot2.search_spaces.pipelines.sequential.SequentialPipelineIndividual object at 0x15546f67bac0> 
 Input X contains NaN.
LinearSVC does not accept missing values encoded as NaN natively. For supervised learning, you might want to consider sklearn.ensemble.HistGradientBoostingClassifier and Regressor which accept missing values encoded as NaNs natively. Alternatively, it is possible to preprocess the data, for instance by using an imputer transformer in a pipeline or drop samples with missing values. See https://scikit-learn.org/stable/modules/impute.html You can find a list of all estimators that handle NaN values at the following page: https://scikit-learn.org/stable/modules/impute.html#estimators-that-handle-nan-values 
 Traceback (most recent call last):
  File "/common/ketrong/tpotexp/tpot2/tpot2/utils/eval_utils.py", line 53, in objective_nan_wrapper
    value = func_timeout.func_timeout(timeout, objective_function, args=[individual], kwargs=objective_kwargs)
  File "/common/ketrong/tpotexp/env/lib/python3.10/site-packages/func_timeout/dafunc.py", line 108, in func_timeout
    raise_exception(exception)
  File "/common/ketrong/tpotexp/env/lib/python3.10/site-packages/func_timeout/py3_raise.py", line 7, in raise_exception
    raise exception[0] from None
  File "/common/ketrong/tpotexp/tpot2/tpot2/tpot_estimator/estimator.py", line 623, in objective_function
    return objective_function_generator(
  File "/common/ketrong/tpotexp/tpot2/tpot2/tpot_estimator/estimator_utils.py", line 55, in objective_function_generator
    cv_obj_scores = cross_val_score_objective(sklearn.base.clone(pipeline),x,y,scorers=scorers, cv=cv , fold=step)
  File "/common/ketrong/tpotexp/tpot2/tpot2/tpot_estimator/cross_val_utils.py", line 28, in cross_val_score_objective
    this_fold_pipeline.fit(X_train,y_train)
  File "/common/ketrong/tpotexp/env/lib/python3.10/site-packages/sklearn/base.py", line 1473, in wrapper
    return fit_method(estimator, *args, **kwargs)
  File "/common/ketrong/tpotexp/env/lib/python3.10/site-packages/sklearn/pipeline.py", line 473, in fit
    self._final_estimator.fit(Xt, y, **last_step_params["fit"])
  File "/common/ketrong/tpotexp/env/lib/python3.10/site-packages/sklearn/base.py", line 1473, in wrapper
    return fit_method(estimator, *args, **kwargs)
  File "/common/ketrong/tpotexp/env/lib/python3.10/site-packages/sklearn/svm/_classes.py", line 302, in fit
    X, y = self._validate_data(
  File "/common/ketrong/tpotexp/env/lib/python3.10/site-packages/sklearn/base.py", line 650, in _validate_data
    X, y = check_X_y(X, y, **check_params)
  File "/common/ketrong/tpotexp/env/lib/python3.10/site-packages/sklearn/utils/validation.py", line 1301, in check_X_y
    X = check_array(
  File "/common/ketrong/tpotexp/env/lib/python3.10/site-packages/sklearn/utils/validation.py", line 1064, in check_array
    _assert_all_finite(
  File "/common/ketrong/tpotexp/env/lib/python3.10/site-packages/sklearn/utils/validation.py", line 123, in _assert_all_finite
    _assert_all_finite_element_wise(
  File "/common/ketrong/tpotexp/env/lib/python3.10/site-packages/sklearn/utils/validation.py", line 172, in _assert_all_finite_element_wise
    raise ValueError(msg_err)
ValueError: Input X contains NaN.
LinearSVC does not accept missing values encoded as NaN natively. For supervised learning, you might want to consider sklearn.ensemble.HistGradientBoostingClassifier and Regressor which accept missing values encoded as NaNs natively. Alternatively, it is possible to preprocess the data, for instance by using an imputer transformer in a pipeline or drop samples with missing values. See https://scikit-learn.org/stable/modules/impute.html You can find a list of all estimators that handle NaN values at the following page: https://scikit-learn.org/stable/modules/impute.html#estimators-that-handle-nan-values

WARNING AN INDIVIDUAL TIMED OUT: 
 <tpot2.search_spaces.pipelines.sequential.SequentialPipelineIndividual object at 0x155474125de0> 

Generation:  7
Best f1_score score: 0.7079569961466025
Generation:  28%|       | 7/25 [1:00:53<2:45:34, 551.94s/it]WARNING AN INDIVIDUAL TIMED OUT: 
 <tpot2.search_spaces.pipelines.sequential.SequentialPipelineIndividual object at 0x15546fa05d80> 

WARNING AN INDIVIDUAL TIMED OUT: 
 <tpot2.search_spaces.pipelines.sequential.SequentialPipelineIndividual object at 0x15546f917880> 

Generation:  8
Best f1_score score: 0.7197093817435729
Generation:  32%|      | 8/25 [1:10:59<2:41:14, 569.09s/it]WARNING AN INDIVIDUAL TIMED OUT: 
 <tpot2.search_spaces.pipelines.sequential.SequentialPipelineIndividual object at 0x15546d556e00> 

Generation:  9
Best f1_score score: 0.7200660441859605
Generation:  36%|      | 9/25 [1:21:05<2:34:50, 580.67s/it]Generation:  10
Best f1_score score: 0.7200660441859605
Generation:  40%|      | 10/25 [1:22:24<1:46:25, 425.70s/it]Generation:  11
Best f1_score score: 0.7398352591128697
Generation:  44%|     | 11/25 [1:24:22<1:17:23, 331.68s/it]Generation:  12
Best f1_score score: 0.7398352591128697
Generation:  48%|     | 12/25 [1:25:44<55:21, 255.48s/it]  Generation:  13
Best f1_score score: 0.7398352591128697
Generation:  52%|    | 13/25 [1:27:01<40:17, 201.45s/it]Generation:  14
Best f1_score score: 0.7410365808621513
Generation:  56%|    | 14/25 [1:28:41<31:20, 170.93s/it]Generation:  15
Best f1_score score: 0.7410365808621513
Generation:  60%|    | 15/25 [1:38:24<49:11, 295.12s/it]Generation:  16
Best f1_score score: 0.7439257250670245
Generation:  64%|   | 16/25 [1:40:09<35:41, 237.90s/it]WARNING AN INDIVIDUAL TIMED OUT: 
 <tpot2.search_spaces.pipelines.sequential.SequentialPipelineIndividual object at 0x155458dff970> 

Generation:  17
Best f1_score score: 0.7439257250670245
Generation:  68%|   | 17/25 [1:50:15<46:29, 348.69s/it]Generation:  18
Best f1_score score: 0.7439257250670245
Generation:  72%|  | 18/25 [1:51:56<31:59, 274.26s/it]WARNING AN INDIVIDUAL TIMED OUT: 
 <tpot2.search_spaces.pipelines.sequential.SequentialPipelineIndividual object at 0x155459cfe050> 

Generation:  19
Best f1_score score: 0.7454058373971673
Generation:  76%|  | 19/25 [2:02:04<37:25, 374.29s/it]WARNING AN INDIVIDUAL TIMED OUT: 
 <tpot2.search_spaces.pipelines.sequential.SequentialPipelineIndividual object at 0x1554746d7f10> 

WARNING AN INDIVIDUAL TIMED OUT: 
 <tpot2.search_spaces.pipelines.sequential.SequentialPipelineIndividual object at 0x15546f3cace0> 

Generation:  20
Best f1_score score: 0.7454058373971673
Generation:  80%|  | 20/25 [2:12:09<36:58, 443.64s/it]WARNING AN INDIVIDUAL TIMED OUT: 
 <tpot2.search_spaces.pipelines.sequential.SequentialPipelineIndividual object at 0x15546ec33fd0> 

Generation:  21
Best f1_score score: 0.7454058373971673
Generation:  84%| | 21/25 [2:22:15<32:49, 492.46s/it]Generation:  22
Best f1_score score: 0.7454058373971673
Generation:  88%| | 22/25 [2:23:55<18:43, 374.44s/it]WARNING AN INDIVIDUAL TIMED OUT: 
 <tpot2.search_spaces.pipelines.sequential.SequentialPipelineIndividual object at 0x15546f306890> 

WARNING AN INDIVIDUAL TIMED OUT: 
 <tpot2.search_spaces.pipelines.sequential.SequentialPipelineIndividual object at 0x1554741f4b50> 

Generation:  23
Best f1_score score: 0.7454058373971673
Generation:  92%|| 23/25 [2:34:00<14:47, 443.80s/it]WARNING AN INDIVIDUAL TIMED OUT: 
 <tpot2.search_spaces.pipelines.sequential.SequentialPipelineIndividual object at 0x15546cb6e890> 

WARNING AN INDIVIDUAL TIMED OUT: 
 <tpot2.search_spaces.pipelines.sequential.SequentialPipelineIndividual object at 0x155458e57160> 

Generation:  24
Best f1_score score: 0.7454058373971673
Generation:  96%|| 24/25 [2:44:07<08:12, 492.87s/it]WARNING AN INDIVIDUAL TIMED OUT: 
 <tpot2.search_spaces.pipelines.sequential.SequentialPipelineIndividual object at 0x1554746d0df0> 

WARNING AN INDIVIDUAL TIMED OUT: 
 <tpot2.search_spaces.pipelines.sequential.SequentialPipelineIndividual object at 0x15545b8f63e0> 

Generation:  25
Best f1_score score: 0.7454058373971673
Generation: 100%|| 25/25 [2:54:13<00:00, 526.72s/it]Generation: 100%|| 25/25 [2:54:13<00:00, 418.14s/it]
2024-10-19 19:15:53,343 - distributed.scheduler - ERROR - Removing worker 'tcp://127.0.0.1:43619' caused the cluster to lose scattered data, which can't be recovered: {'ndarray-e6a0bf6ab5eddd1f3b7bbf1cee526317', 'DataFrame-a67cc0ca3b49d28d374955e3d49a3977'} (stimulus_id='handle-worker-cleanup-1729390553.3434308')
Fitted
Pipeline(steps=[('iterativeimputer',
                 IterativeImputer(estimator=BayesianRidge(),
                                  imputation_order='random',
                                  initial_strategy='median',
                                  n_nearest_features=7)),
                ('histgradientboostingclassifier',
                 HistGradientBoostingClassifier(early_stopping=False,
                                                l2_regularization=0.8231708782227,
                                                learning_rate=0.2583455575369,
                                                max_features=0.8884935113439,
                                                max_leaf_nodes=1076,
                                                min_samples_leaf=34, tol=0.0001,
                                                validation_fraction=None))])
transform worked
try transform
transform worked
score start
train score: {'auroc': 0.999856516966022, 'accuracy': 0.9666726073783639, 'balanced_accuracy': 0.9727994707751133, 'logloss': 0.07607826935268557, 'f1': 0.969771784535707}
test score: {'auroc': 0.9785486196625636, 'accuracy': 0.7742337847469708, 'balanced_accuracy': 0.7837063305594434, 'logloss': 0.8961304822228945, 'f1': 0.7819871454127081}
original test score: {'auroc': 0.9956360817676916, 'accuracy': 0.8856022808267997, 'balanced_accuracy': 0.8950228608032104, 'logloss': 0.3416099081017228, 'f1': 0.8932880117951084}
score end
184
lvl
0.1
type
MAR
num_run
3
class_full
finished
all finished
full run takes
9.407397095428573
hours
DONE
