Run: 59
/cm/local/apps/slurm/var/spool/job970770/slurm_script: line 26: 
pip install -e tpot2
pip install -r tpot2/ImputerExperiments/requirements_.txt
: No such file or directory
RunStart
Version 0.1.7a0 of tpot2 is outdated. Version 0.1.8a0 was released 7 days ago.
starting loops
../data/r/218/218.pkl
working on 
../data/r/218/reg_full_MNAR_0.3_3
0.17858242988586426
running experiment 1/3 - Does large hyperparameter space improve reconstruction accuracy over simple
[I 2024-09-25 11:23:48,666] A new study created in memory with name: no-name-23843888-b214-4ab6-b8c5-0714d68f0933
running
running
running
running
running
running
running
running
running
running
running
running
running
running
running
running
[I 2024-09-25 11:23:49,291] Trial 9 finished with value: 0.33510018794547036 and parameters: {'model_name': 'SimpleImputer', 'strategy': 'constant'}. Best is trial 9 with value: 0.33510018794547036.
running
[I 2024-09-25 11:23:49,475] Trial 0 finished with value: 0.12629800015949183 and parameters: {'model_name': 'SimpleImputer', 'strategy': 'median'}. Best is trial 0 with value: 0.12629800015949183.
running
[I 2024-09-25 11:23:49,742] Trial 12 finished with value: 0.12629800015949183 and parameters: {'model_name': 'SimpleImputer', 'strategy': 'median'}. Best is trial 0 with value: 0.12629800015949183.
running
[I 2024-09-25 11:23:49,904] Trial 13 finished with value: 0.33510018794547036 and parameters: {'model_name': 'SimpleImputer', 'strategy': 'constant'}. Best is trial 0 with value: 0.12629800015949183.
running
[I 2024-09-25 11:23:50,058] Trial 4 finished with value: 0.33510018794547036 and parameters: {'model_name': 'SimpleImputer', 'strategy': 'most_frequent'}. Best is trial 0 with value: 0.12629800015949183.
running
[I 2024-09-25 11:23:50,277] Trial 18 finished with value: 0.33510018794547036 and parameters: {'model_name': 'SimpleImputer', 'strategy': 'constant'}. Best is trial 0 with value: 0.12629800015949183.
running
[I 2024-09-25 11:23:50,484] Trial 17 finished with value: 0.12629800015949183 and parameters: {'model_name': 'SimpleImputer', 'strategy': 'median'}. Best is trial 0 with value: 0.12629800015949183.
running
[I 2024-09-25 11:23:50,806] Trial 8 finished with value: 0.33510018794547036 and parameters: {'model_name': 'SimpleImputer', 'strategy': 'most_frequent'}. Best is trial 0 with value: 0.12629800015949183.
running
[I 2024-09-25 11:23:51,610] Trial 23 finished with value: 0.12629800015949183 and parameters: {'model_name': 'SimpleImputer', 'strategy': 'median'}. Best is trial 0 with value: 0.12629800015949183.
running
[I 2024-09-25 11:24:06,024] Trial 1 finished with value: 0.14811565589013603 and parameters: {'model_name': 'KNNImputer', 'n_neighbors': 17535, 'weights': 'uniform'}. Best is trial 0 with value: 0.12629800015949183.
running
[I 2024-09-25 11:24:06,934] Trial 10 finished with value: 0.14811565589013603 and parameters: {'model_name': 'KNNImputer', 'n_neighbors': 15565, 'weights': 'uniform'}. Best is trial 0 with value: 0.12629800015949183.
running
[I 2024-09-25 11:24:11,643] Trial 6 finished with value: 0.14571214360088663 and parameters: {'model_name': 'IterativeImputer', 'estimator': 'Ridge', 'initial_strategy': 'median', 'n_nearest_features': 5, 'imputation_order': 'random'}. Best is trial 0 with value: 0.12629800015949183.
running
[I 2024-09-25 11:24:12,802] Trial 15 finished with value: 0.152734183789291 and parameters: {'model_name': 'KNNImputer', 'n_neighbors': 15892, 'weights': 'distance'}. Best is trial 0 with value: 0.12629800015949183.
running
[I 2024-09-25 11:24:12,914] Trial 7 finished with value: 0.1456886756296846 and parameters: {'model_name': 'IterativeImputer', 'estimator': 'Ridge', 'initial_strategy': 'median', 'n_nearest_features': 6, 'imputation_order': 'random'}. Best is trial 0 with value: 0.12629800015949183.
running
[I 2024-09-25 11:24:13,137] Trial 3 finished with value: 0.152734183789291 and parameters: {'model_name': 'KNNImputer', 'n_neighbors': 16489, 'weights': 'distance'}. Best is trial 0 with value: 0.12629800015949183.
running
[I 2024-09-25 11:24:13,354] Trial 19 finished with value: 0.152734183789291 and parameters: {'model_name': 'KNNImputer', 'n_neighbors': 14487, 'weights': 'distance'}. Best is trial 0 with value: 0.12629800015949183.
running
[I 2024-09-25 11:24:13,735] Trial 24 finished with value: 0.152734183789291 and parameters: {'model_name': 'KNNImputer', 'n_neighbors': 13957, 'weights': 'distance'}. Best is trial 0 with value: 0.12629800015949183.
running
[I 2024-09-25 11:24:13,902] Trial 21 finished with value: 0.15227499051120236 and parameters: {'model_name': 'KNNImputer', 'n_neighbors': 6886, 'weights': 'distance'}. Best is trial 0 with value: 0.12629800015949183.
running
[I 2024-09-25 11:24:15,228] Trial 22 finished with value: 0.1526288901515886 and parameters: {'model_name': 'KNNImputer', 'n_neighbors': 13247, 'weights': 'distance'}. Best is trial 0 with value: 0.12629800015949183.
running
[I 2024-09-25 11:24:18,027] Trial 20 finished with value: 0.1623288531250215 and parameters: {'model_name': 'IterativeImputer', 'estimator': 'KNN', 'initial_strategy': 'constant', 'n_nearest_features': 1, 'imputation_order': 'arabic'}. Best is trial 0 with value: 0.12629800015949183.
running
[I 2024-09-25 11:24:18,829] Trial 26 finished with value: 0.1577407543320461 and parameters: {'model_name': 'IterativeImputer', 'estimator': 'KNN', 'initial_strategy': 'median', 'n_nearest_features': 4, 'imputation_order': 'arabic'}. Best is trial 0 with value: 0.12629800015949183.
running
[I 2024-09-25 11:24:28,548] Trial 29 finished with value: 0.33118748074990095 and parameters: {'model_name': 'GAIN', 'batch_size': 33, 'hint_rate': 0.5502703526424142, 'alpha': 55, 'iterations': 1, 'learning_rate': 0.000636200130799005, 'p_miss': 0.05534319952950377}. Best is trial 0 with value: 0.12629800015949183.
running
[I 2024-09-25 11:24:29,204] Trial 30 finished with value: 0.3320654464618272 and parameters: {'model_name': 'GAIN', 'batch_size': 8, 'hint_rate': 0.9034456095610146, 'alpha': 82, 'iterations': 1, 'learning_rate': 0.0016259979183993628, 'p_miss': 0.029416171767283533}. Best is trial 0 with value: 0.12629800015949183.
running
[I 2024-09-25 11:24:29,558] Trial 5 finished with value: 0.31588913196580004 and parameters: {'model_name': 'GAIN', 'batch_size': 810, 'hint_rate': 0.4950734682806576, 'alpha': 51, 'iterations': 1, 'learning_rate': 0.0005207137457799146, 'p_miss': 0.26562584524144983}. Best is trial 0 with value: 0.12629800015949183.
running
[I 2024-09-25 11:24:32,652] Trial 28 finished with value: 0.3227477364576479 and parameters: {'model_name': 'GAIN', 'batch_size': 532, 'hint_rate': 0.7534514486984343, 'alpha': 67, 'iterations': 3, 'learning_rate': 0.003102240824453702, 'p_miss': 0.16974201904171043}. Best is trial 0 with value: 0.12629800015949183.
running
[I 2024-09-25 11:24:38,104] Trial 33 finished with value: 0.24388154861196898 and parameters: {'model_name': 'VAE', 'batch_size': 111, 'iterations': 1, 'learning_rate': 0.018937779611871153, 'p_miss': 0.2185481427688657}. Best is trial 0 with value: 0.12629800015949183.
running
[I 2024-09-25 11:24:39,022] Trial 41 finished with value: 0.12629800015949183 and parameters: {'model_name': 'SimpleImputer', 'strategy': 'median'}. Best is trial 0 with value: 0.12629800015949183.
running
[I 2024-09-25 11:25:39,417] Trial 11 finished with value: 0.3074692421052151 and parameters: {'model_name': 'GAIN', 'batch_size': 8, 'hint_rate': 0.8863295288676944, 'alpha': 74, 'iterations': 51, 'learning_rate': 0.005495266624626449, 'p_miss': 0.2514727031829569}. Best is trial 0 with value: 0.12629800015949183.
running
[I 2024-09-25 11:25:56,324] Trial 27 finished with value: 0.31550636673836696 and parameters: {'model_name': 'GAIN', 'batch_size': 14, 'hint_rate': 0.6703422652096066, 'alpha': 68, 'iterations': 61, 'learning_rate': 0.012696950268424208, 'p_miss': 0.17904679377775928}. Best is trial 0 with value: 0.12629800015949183.
running
[I 2024-09-25 11:26:08,814] Trial 2 finished with value: 0.32686393904342054 and parameters: {'model_name': 'GAIN', 'batch_size': 18, 'hint_rate': 0.6624583761648792, 'alpha': 68, 'iterations': 68, 'learning_rate': 0.0835887465309819, 'p_miss': 0.0786597247280925}. Best is trial 0 with value: 0.12629800015949183.
running
[I 2024-09-25 11:26:42,613] Trial 32 finished with value: 0.3280570781990673 and parameters: {'model_name': 'GAIN', 'batch_size': 90, 'hint_rate': 0.6764709190074744, 'alpha': 59, 'iterations': 92, 'learning_rate': 0.004011648794936421, 'p_miss': 0.09330044189657444}. Best is trial 0 with value: 0.12629800015949183.
running
[I 2024-09-25 11:26:43,636] Trial 46 finished with value: 0.12629800015949183 and parameters: {'model_name': 'SimpleImputer', 'strategy': 'median'}. Best is trial 0 with value: 0.12629800015949183.
running
[I 2024-09-25 11:26:44,795] Trial 47 finished with value: 0.12629800015949183 and parameters: {'model_name': 'SimpleImputer', 'strategy': 'median'}. Best is trial 0 with value: 0.12629800015949183.
running
[I 2024-09-25 11:26:45,555] Trial 48 finished with value: 0.12629800015949183 and parameters: {'model_name': 'SimpleImputer', 'strategy': 'median'}. Best is trial 0 with value: 0.12629800015949183.
running
[I 2024-09-25 11:26:58,634] Trial 31 finished with value: 0.2087231944409204 and parameters: {'model_name': 'VAE', 'batch_size': 2, 'iterations': 46, 'learning_rate': 0.0033841640391787733, 'p_miss': 0.26102280789465043}. Best is trial 0 with value: 0.12629800015949183.
running
[I 2024-09-25 11:26:59,815] Trial 50 finished with value: 0.12629800015949183 and parameters: {'model_name': 'SimpleImputer', 'strategy': 'median'}. Best is trial 0 with value: 0.12629800015949183.
running
[I 2024-09-25 11:27:00,627] Trial 51 finished with value: 0.14811565589013603 and parameters: {'model_name': 'SimpleImputer', 'strategy': 'mean'}. Best is trial 0 with value: 0.12629800015949183.
running
[I 2024-09-25 11:27:01,117] Trial 36 finished with value: 0.33496687918257917 and parameters: {'model_name': 'GAIN', 'batch_size': 93, 'hint_rate': 0.41481778330015334, 'alpha': 70, 'iterations': 103, 'learning_rate': 0.08055435866016118, 'p_miss': 0.06681064709468895}. Best is trial 0 with value: 0.12629800015949183.
running
[I 2024-09-25 11:27:01,689] Trial 52 finished with value: 0.12629800015949183 and parameters: {'model_name': 'SimpleImputer', 'strategy': 'median'}. Best is trial 0 with value: 0.12629800015949183.
running
[I 2024-09-25 11:27:02,001] Trial 53 finished with value: 0.12629800015949183 and parameters: {'model_name': 'SimpleImputer', 'strategy': 'median'}. Best is trial 0 with value: 0.12629800015949183.
running
[I 2024-09-25 11:27:02,656] Trial 54 finished with value: 0.12629800015949183 and parameters: {'model_name': 'SimpleImputer', 'strategy': 'median'}. Best is trial 0 with value: 0.12629800015949183.
running
[I 2024-09-25 11:27:03,225] Trial 55 finished with value: 0.12629800015949183 and parameters: {'model_name': 'SimpleImputer', 'strategy': 'median'}. Best is trial 0 with value: 0.12629800015949183.
running
[I 2024-09-25 11:27:03,590] Trial 56 finished with value: 0.12629800015949183 and parameters: {'model_name': 'SimpleImputer', 'strategy': 'median'}. Best is trial 0 with value: 0.12629800015949183.
running
[I 2024-09-25 11:27:04,244] Trial 57 finished with value: 0.12629800015949183 and parameters: {'model_name': 'SimpleImputer', 'strategy': 'median'}. Best is trial 0 with value: 0.12629800015949183.
running
[I 2024-09-25 11:27:04,714] Trial 58 finished with value: 0.12629800015949183 and parameters: {'model_name': 'SimpleImputer', 'strategy': 'median'}. Best is trial 0 with value: 0.12629800015949183.
running
[I 2024-09-25 11:27:05,362] Trial 60 finished with value: 0.14811565589013603 and parameters: {'model_name': 'SimpleImputer', 'strategy': 'mean'}. Best is trial 0 with value: 0.12629800015949183.
running
[I 2024-09-25 11:27:05,671] Trial 59 finished with value: 0.12629800015949183 and parameters: {'model_name': 'SimpleImputer', 'strategy': 'median'}. Best is trial 0 with value: 0.12629800015949183.
running
[I 2024-09-25 11:27:19,062] Trial 14 finished with value: 0.31140772849991727 and parameters: {'model_name': 'GAIN', 'batch_size': 4, 'hint_rate': 0.6056897787661237, 'alpha': 54, 'iterations': 120, 'learning_rate': 0.0007468753892687056, 'p_miss': 0.2936703326464744}. Best is trial 0 with value: 0.12629800015949183.
running
[I 2024-09-25 11:29:16,617] Trial 35 finished with value: 0.1552694421836891 and parameters: {'model_name': 'VAE', 'batch_size': 843, 'iterations': 55, 'learning_rate': 0.01275122567418867, 'p_miss': 0.12612517847627053}. Best is trial 0 with value: 0.12629800015949183.
running
[I 2024-09-25 11:29:17,561] Trial 64 finished with value: 0.12629800015949183 and parameters: {'model_name': 'SimpleImputer', 'strategy': 'median'}. Best is trial 0 with value: 0.12629800015949183.
running
[I 2024-09-25 11:37:21,108] Trial 34 finished with value: 0.35510294306564766 and parameters: {'model_name': 'GAIN', 'batch_size': 480, 'hint_rate': 0.4393970649567991, 'alpha': 62, 'iterations': 478, 'learning_rate': 0.034846771212684834, 'p_miss': 0.2892775870137867}. Best is trial 0 with value: 0.12629800015949183.
running
[I 2024-09-25 11:37:21,893] Trial 66 finished with value: 0.12629800015949183 and parameters: {'model_name': 'SimpleImputer', 'strategy': 'median'}. Best is trial 0 with value: 0.12629800015949183.
running
[I 2024-09-25 11:37:22,607] Trial 67 finished with value: 0.12629800015949183 and parameters: {'model_name': 'SimpleImputer', 'strategy': 'median'}. Best is trial 0 with value: 0.12629800015949183.
running
[I 2024-09-25 11:37:23,354] Trial 68 finished with value: 0.12629800015949183 and parameters: {'model_name': 'SimpleImputer', 'strategy': 'median'}. Best is trial 0 with value: 0.12629800015949183.
running
[I 2024-09-25 11:37:24,255] Trial 69 finished with value: 0.12629800015949183 and parameters: {'model_name': 'SimpleImputer', 'strategy': 'median'}. Best is trial 0 with value: 0.12629800015949183.
running
[I 2024-09-25 11:38:34,743] Trial 70 finished with value: 0.22786050839764083 and parameters: {'model_name': 'IterativeImputer', 'estimator': 'Bayesian', 'initial_strategy': 'mean', 'n_nearest_features': 8, 'imputation_order': 'ascending', 'sample_posterior': True}. Best is trial 0 with value: 0.12629800015949183.
running
[I 2024-09-25 11:38:35,654] Trial 71 finished with value: 0.12629800015949183 and parameters: {'model_name': 'SimpleImputer', 'strategy': 'median'}. Best is trial 0 with value: 0.12629800015949183.
running
[I 2024-09-25 11:38:36,948] Trial 72 finished with value: 0.12629800015949183 and parameters: {'model_name': 'SimpleImputer', 'strategy': 'median'}. Best is trial 0 with value: 0.12629800015949183.
running
[I 2024-09-25 11:38:37,825] Trial 73 finished with value: 0.14811565589013603 and parameters: {'model_name': 'SimpleImputer', 'strategy': 'mean'}. Best is trial 0 with value: 0.12629800015949183.
running
[I 2024-09-25 12:04:06,889] Trial 16 finished with value: 0.33527382046415816 and parameters: {'model_name': 'GAIN', 'batch_size': 12, 'hint_rate': 0.8495422381631712, 'alpha': 30, 'iterations': 1782, 'learning_rate': 0.0019579108324366806, 'p_miss': 0.2525708210039466}. Best is trial 0 with value: 0.12629800015949183.
running
[I 2024-09-25 12:29:21,721] Trial 75 finished with value: 0.16849199082762528 and parameters: {'model_name': 'IterativeImputer', 'estimator': 'RFR', 'initial_strategy': 'most_frequent', 'n_nearest_features': 1, 'imputation_order': 'roman'}. Best is trial 0 with value: 0.12629800015949183.
running
[I 2024-09-25 12:29:22,513] Trial 76 finished with value: 0.12629800015949183 and parameters: {'model_name': 'SimpleImputer', 'strategy': 'median'}. Best is trial 0 with value: 0.12629800015949183.
running
[I 2024-09-25 12:29:23,787] Trial 77 finished with value: 0.33510018794547036 and parameters: {'model_name': 'SimpleImputer', 'strategy': 'most_frequent'}. Best is trial 0 with value: 0.12629800015949183.
running
[I 2024-09-25 12:29:24,545] Trial 78 finished with value: 0.12629800015949183 and parameters: {'model_name': 'SimpleImputer', 'strategy': 'median'}. Best is trial 0 with value: 0.12629800015949183.
running
[I 2024-09-25 12:33:04,919] Trial 65 finished with value: 0.14518175162679403 and parameters: {'model_name': 'IterativeImputer', 'estimator': 'RFR', 'initial_strategy': 'mean', 'n_nearest_features': 8, 'imputation_order': 'descending'}. Best is trial 0 with value: 0.12629800015949183.
running
[I 2024-09-25 14:44:58,812] Trial 49 finished with value: 0.2131204449482349 and parameters: {'model_name': 'VAE', 'batch_size': 1, 'iterations': 4739, 'learning_rate': 0.00012765521642376263, 'p_miss': 0.11910709310176132}. Best is trial 0 with value: 0.12629800015949183.
running
[I 2024-09-25 14:45:00,128] Trial 81 finished with value: 0.33510018794547036 and parameters: {'model_name': 'SimpleImputer', 'strategy': 'most_frequent'}. Best is trial 0 with value: 0.12629800015949183.
running
[I 2024-09-25 14:45:01,460] Trial 82 finished with value: 0.12629800015949183 and parameters: {'model_name': 'SimpleImputer', 'strategy': 'median'}. Best is trial 0 with value: 0.12629800015949183.
running
[I 2024-09-25 14:45:12,087] Trial 83 finished with value: 0.14186357149261936 and parameters: {'model_name': 'KNNImputer', 'n_neighbors': 1674, 'weights': 'uniform'}. Best is trial 0 with value: 0.12629800015949183.
running
[I 2024-09-25 14:45:13,014] Trial 84 finished with value: 0.12629800015949183 and parameters: {'model_name': 'SimpleImputer', 'strategy': 'median'}. Best is trial 0 with value: 0.12629800015949183.
running
[I 2024-09-25 14:45:13,638] Trial 85 finished with value: 0.33510018794547036 and parameters: {'model_name': 'SimpleImputer', 'strategy': 'constant'}. Best is trial 0 with value: 0.12629800015949183.
running
[I 2024-09-25 14:45:14,723] Trial 86 finished with value: 0.12629800015949183 and parameters: {'model_name': 'SimpleImputer', 'strategy': 'median'}. Best is trial 0 with value: 0.12629800015949183.
running
[I 2024-09-25 14:45:15,682] Trial 87 finished with value: 0.12629800015949183 and parameters: {'model_name': 'SimpleImputer', 'strategy': 'median'}. Best is trial 0 with value: 0.12629800015949183.
running
[I 2024-09-25 14:45:16,868] Trial 88 finished with value: 0.12629800015949183 and parameters: {'model_name': 'SimpleImputer', 'strategy': 'median'}. Best is trial 0 with value: 0.12629800015949183.
running
[I 2024-09-25 14:45:42,375] Trial 89 finished with value: 0.29873882285765596 and parameters: {'model_name': 'VAE', 'batch_size': 1, 'iterations': 8, 'learning_rate': 0.00033706364148974345, 'p_miss': 0.011436396161237011}. Best is trial 0 with value: 0.12629800015949183.
running
[I 2024-09-25 14:45:43,585] Trial 90 finished with value: 0.12629800015949183 and parameters: {'model_name': 'SimpleImputer', 'strategy': 'median'}. Best is trial 0 with value: 0.12629800015949183.
running
[I 2024-09-25 14:45:44,251] Trial 91 finished with value: 0.33510018794547036 and parameters: {'model_name': 'SimpleImputer', 'strategy': 'constant'}. Best is trial 0 with value: 0.12629800015949183.
running
[I 2024-09-25 14:45:45,336] Trial 92 finished with value: 0.12629800015949183 and parameters: {'model_name': 'SimpleImputer', 'strategy': 'median'}. Best is trial 0 with value: 0.12629800015949183.
running
[I 2024-09-25 14:45:53,928] Trial 93 finished with value: 0.14011976556905253 and parameters: {'model_name': 'KNNImputer', 'n_neighbors': 687, 'weights': 'uniform'}. Best is trial 0 with value: 0.12629800015949183.
running
[I 2024-09-25 14:45:55,355] Trial 94 finished with value: 0.33510018794547036 and parameters: {'model_name': 'SimpleImputer', 'strategy': 'most_frequent'}. Best is trial 0 with value: 0.12629800015949183.
running
[I 2024-09-25 14:45:56,285] Trial 95 finished with value: 0.12629800015949183 and parameters: {'model_name': 'SimpleImputer', 'strategy': 'median'}. Best is trial 0 with value: 0.12629800015949183.
running
[I 2024-09-25 14:45:57,152] Trial 96 finished with value: 0.12629800015949183 and parameters: {'model_name': 'SimpleImputer', 'strategy': 'median'}. Best is trial 0 with value: 0.12629800015949183.
running
[I 2024-09-25 14:45:58,079] Trial 97 finished with value: 0.12629800015949183 and parameters: {'model_name': 'SimpleImputer', 'strategy': 'median'}. Best is trial 0 with value: 0.12629800015949183.
running
[I 2024-09-25 14:45:58,993] Trial 98 finished with value: 0.12629800015949183 and parameters: {'model_name': 'SimpleImputer', 'strategy': 'median'}. Best is trial 0 with value: 0.12629800015949183.
running
[I 2024-09-25 14:45:59,984] Trial 99 finished with value: 0.12629800015949183 and parameters: {'model_name': 'SimpleImputer', 'strategy': 'median'}. Best is trial 0 with value: 0.12629800015949183.
running
[I 2024-09-25 14:46:44,726] Trial 100 finished with value: 0.29474730284804374 and parameters: {'model_name': 'VAE', 'batch_size': 254, 'iterations': 12, 'learning_rate': 0.00012067582028597783, 'p_miss': 0.1971908047123385}. Best is trial 0 with value: 0.12629800015949183.
running
[I 2024-09-25 14:46:45,466] Trial 101 finished with value: 0.14811565589013603 and parameters: {'model_name': 'SimpleImputer', 'strategy': 'mean'}. Best is trial 0 with value: 0.12629800015949183.
running
[I 2024-09-25 14:46:46,537] Trial 102 finished with value: 0.12629800015949183 and parameters: {'model_name': 'SimpleImputer', 'strategy': 'median'}. Best is trial 0 with value: 0.12629800015949183.
running
[I 2024-09-25 14:46:47,391] Trial 103 finished with value: 0.12629800015949183 and parameters: {'model_name': 'SimpleImputer', 'strategy': 'median'}. Best is trial 0 with value: 0.12629800015949183.
running
[I 2024-09-25 14:46:48,330] Trial 104 finished with value: 0.12629800015949183 and parameters: {'model_name': 'SimpleImputer', 'strategy': 'median'}. Best is trial 0 with value: 0.12629800015949183.
running
[I 2024-09-25 14:47:27,583] Trial 105 finished with value: 0.14670084509342565 and parameters: {'model_name': 'IterativeImputer', 'estimator': 'Bayesian', 'initial_strategy': 'constant', 'n_nearest_features': 3, 'imputation_order': 'descending', 'sample_posterior': False}. Best is trial 0 with value: 0.12629800015949183.
running
[I 2024-09-25 14:47:28,560] Trial 106 finished with value: 0.12629800015949183 and parameters: {'model_name': 'SimpleImputer', 'strategy': 'median'}. Best is trial 0 with value: 0.12629800015949183.
running
[I 2024-09-25 14:47:29,682] Trial 107 finished with value: 0.12629800015949183 and parameters: {'model_name': 'SimpleImputer', 'strategy': 'median'}. Best is trial 0 with value: 0.12629800015949183.
running
[I 2024-09-25 14:47:30,674] Trial 108 finished with value: 0.12629800015949183 and parameters: {'model_name': 'SimpleImputer', 'strategy': 'median'}. Best is trial 0 with value: 0.12629800015949183.
running
[I 2024-09-25 14:47:31,668] Trial 109 finished with value: 0.12629800015949183 and parameters: {'model_name': 'SimpleImputer', 'strategy': 'median'}. Best is trial 0 with value: 0.12629800015949183.
running
[I 2024-09-25 14:47:32,816] Trial 110 finished with value: 0.12629800015949183 and parameters: {'model_name': 'SimpleImputer', 'strategy': 'median'}. Best is trial 0 with value: 0.12629800015949183.
running
[I 2024-09-25 14:47:33,666] Trial 111 finished with value: 0.12629800015949183 and parameters: {'model_name': 'SimpleImputer', 'strategy': 'median'}. Best is trial 0 with value: 0.12629800015949183.
running
[I 2024-09-25 14:47:44,263] Trial 112 finished with value: 0.14412368370182002 and parameters: {'model_name': 'KNNImputer', 'n_neighbors': 7874, 'weights': 'uniform'}. Best is trial 0 with value: 0.12629800015949183.
running
[I 2024-09-25 14:47:45,177] Trial 113 finished with value: 0.33510018794547036 and parameters: {'model_name': 'SimpleImputer', 'strategy': 'constant'}. Best is trial 0 with value: 0.12629800015949183.
running
