Run: 21
/cm/local/apps/slurm/var/spool/job1011630/slurm_script: line 26: 
pip install -e tpot2
pip install -r tpot2/ImputerExperiments/requirements_.txt
: No such file or directory
RunStart
Version 0.1.7a0 of tpot2 is outdated. Version 0.1.8a0 was released Tuesday September 17, 2024.
starting loops
../data/c/725/725.pkl
working on 
../data/c/725/class_simple_MNAR_0.01_1
2.6426613330841064
running experiment 1/3 - Does large hyperparameter space improve reconstruction accuracy over simple
[I 2024-10-23 11:58:10,695] A new study created in memory with name: no-name-f4a27a48-9fc2-4cb7-8e8e-ee2469d38612
running
running
running
running
running
running
running
running
running
running
running
running
running
running
running
running
[I 2024-10-23 11:58:10,897] Trial 1 finished with value: 0.5089452323053232 and parameters: {'model_name': 'SimpleImputer', 'strategy': 'constant'}. Best is trial 1 with value: 0.5089452323053232.
running
[I 2024-10-23 11:58:11,047] Trial 2 finished with value: 0.25229288019869506 and parameters: {'model_name': 'SimpleImputer', 'strategy': 'mean'}. Best is trial 2 with value: 0.25229288019869506.
[I 2024-10-23 11:58:11,171] Trial 11 finished with value: 0.5089452323053232 and parameters: {'model_name': 'SimpleImputer', 'strategy': 'constant'}. Best is trial 2 with value: 0.25229288019869506.
running
running
[I 2024-10-23 11:58:11,273] Trial 0 finished with value: 0.25229288019869506 and parameters: {'model_name': 'SimpleImputer', 'strategy': 'mean'}. Best is trial 2 with value: 0.25229288019869506.
running
[I 2024-10-23 11:58:11,474] Trial 9 finished with value: 0.5089452323053232 and parameters: {'model_name': 'SimpleImputer', 'strategy': 'constant'}. Best is trial 2 with value: 0.25229288019869506.
[I 2024-10-23 11:58:11,560] Trial 6 finished with value: 0.25229288019869506 and parameters: {'model_name': 'SimpleImputer', 'strategy': 'mean'}. Best is trial 2 with value: 0.25229288019869506.
running
running
[I 2024-10-23 11:58:11,734] Trial 15 finished with value: 0.25229288019869506 and parameters: {'model_name': 'SimpleImputer', 'strategy': 'mean'}. Best is trial 2 with value: 0.25229288019869506.
running
[I 2024-10-23 11:58:11,846] Trial 17 finished with value: 0.25229288019869506 and parameters: {'model_name': 'SimpleImputer', 'strategy': 'mean'}. Best is trial 2 with value: 0.25229288019869506.
running
[I 2024-10-23 11:58:11,979] Trial 14 finished with value: 0.5089452323053232 and parameters: {'model_name': 'SimpleImputer', 'strategy': 'constant'}. Best is trial 2 with value: 0.25229288019869506.
[I 2024-10-23 11:58:11,981] Trial 12 finished with value: 0.25229288019869506 and parameters: {'model_name': 'SimpleImputer', 'strategy': 'mean'}. Best is trial 2 with value: 0.25229288019869506.
[I 2024-10-23 11:58:12,156] Trial 20 finished with value: 0.5089452323053232 and parameters: {'model_name': 'SimpleImputer', 'strategy': 'constant'}. Best is trial 2 with value: 0.25229288019869506.
running
running
running
[I 2024-10-23 11:58:12,437] Trial 8 finished with value: 0.259400381649635 and parameters: {'model_name': 'SimpleImputer', 'strategy': 'median'}. Best is trial 2 with value: 0.25229288019869506.
[I 2024-10-23 11:58:12,538] Trial 3 finished with value: 0.259400381649635 and parameters: {'model_name': 'SimpleImputer', 'strategy': 'median'}. Best is trial 2 with value: 0.25229288019869506.
[I 2024-10-23 11:58:12,623] Trial 7 finished with value: 0.5112505246921456 and parameters: {'model_name': 'SimpleImputer', 'strategy': 'most_frequent'}. Best is trial 2 with value: 0.25229288019869506.
running
running
running
[I 2024-10-23 11:58:12,818] Trial 22 finished with value: 0.5089452323053232 and parameters: {'model_name': 'SimpleImputer', 'strategy': 'constant'}. Best is trial 2 with value: 0.25229288019869506.
[I 2024-10-23 11:58:12,910] Trial 16 finished with value: 0.259400381649635 and parameters: {'model_name': 'SimpleImputer', 'strategy': 'median'}. Best is trial 2 with value: 0.25229288019869506.
running
running
[I 2024-10-23 11:58:13,035] Trial 18 finished with value: 0.259400381649635 and parameters: {'model_name': 'SimpleImputer', 'strategy': 'median'}. Best is trial 2 with value: 0.25229288019869506.
running
[I 2024-10-23 11:58:13,240] Trial 23 finished with value: 0.25229288019869506 and parameters: {'model_name': 'SimpleImputer', 'strategy': 'mean'}. Best is trial 2 with value: 0.25229288019869506.
running
[I 2024-10-23 11:58:13,370] Trial 13 finished with value: 0.5112505246921456 and parameters: {'model_name': 'SimpleImputer', 'strategy': 'most_frequent'}. Best is trial 2 with value: 0.25229288019869506.
running
[I 2024-10-23 11:58:13,504] Trial 10 finished with value: 0.5112505246921456 and parameters: {'model_name': 'SimpleImputer', 'strategy': 'most_frequent'}. Best is trial 2 with value: 0.25229288019869506.
[I 2024-10-23 11:58:13,593] Trial 4 finished with value: 0.5112505246921456 and parameters: {'model_name': 'SimpleImputer', 'strategy': 'most_frequent'}. Best is trial 2 with value: 0.25229288019869506.
running
[I 2024-10-23 11:58:13,693] Trial 27 finished with value: 0.25229288019869506 and parameters: {'model_name': 'SimpleImputer', 'strategy': 'mean'}. Best is trial 2 with value: 0.25229288019869506.
[I 2024-10-23 11:58:13,775] Trial 5 finished with value: 0.5112505246921456 and parameters: {'model_name': 'SimpleImputer', 'strategy': 'most_frequent'}. Best is trial 2 with value: 0.25229288019869506.
running
[I 2024-10-23 11:58:13,877] Trial 29 finished with value: 0.25229288019869506 and parameters: {'model_name': 'SimpleImputer', 'strategy': 'mean'}. Best is trial 2 with value: 0.25229288019869506.
[I 2024-10-23 11:58:13,960] Trial 19 finished with value: 0.259400381649635 and parameters: {'model_name': 'SimpleImputer', 'strategy': 'median'}. Best is trial 2 with value: 0.25229288019869506.
running
[I 2024-10-23 11:58:14,080] Trial 30 finished with value: 0.25229288019869506 and parameters: {'model_name': 'SimpleImputer', 'strategy': 'mean'}. Best is trial 2 with value: 0.25229288019869506.
running
[I 2024-10-23 11:58:14,081] Trial 26 finished with value: 0.259400381649635 and parameters: {'model_name': 'SimpleImputer', 'strategy': 'median'}. Best is trial 2 with value: 0.25229288019869506.
running
[I 2024-10-23 11:58:14,267] Trial 28 finished with value: 0.25229288019869506 and parameters: {'model_name': 'SimpleImputer', 'strategy': 'mean'}. Best is trial 2 with value: 0.25229288019869506.
running
running
running
running
[I 2024-10-23 11:58:14,417] Trial 31 finished with value: 0.25229288019869506 and parameters: {'model_name': 'SimpleImputer', 'strategy': 'mean'}. Best is trial 2 with value: 0.25229288019869506.
[I 2024-10-23 11:58:14,606] Trial 21 finished with value: 0.5112505246921456 and parameters: {'model_name': 'SimpleImputer', 'strategy': 'most_frequent'}. Best is trial 2 with value: 0.25229288019869506.
running
running
[I 2024-10-23 11:58:14,816] Trial 34 finished with value: 0.25229288019869506 and parameters: {'model_name': 'SimpleImputer', 'strategy': 'mean'}. Best is trial 2 with value: 0.25229288019869506.
running
[I 2024-10-23 11:58:14,990] Trial 32 finished with value: 0.25229288019869506 and parameters: {'model_name': 'SimpleImputer', 'strategy': 'mean'}. Best is trial 2 with value: 0.25229288019869506.
[I 2024-10-23 11:58:15,093] Trial 42 finished with value: 0.25229288019869506 and parameters: {'model_name': 'SimpleImputer', 'strategy': 'mean'}. Best is trial 2 with value: 0.25229288019869506.
[I 2024-10-23 11:58:15,191] Trial 41 finished with value: 0.25229288019869506 and parameters: {'model_name': 'SimpleImputer', 'strategy': 'mean'}. Best is trial 2 with value: 0.25229288019869506.
[I 2024-10-23 11:58:15,276] Trial 24 finished with value: 0.5112505246921456 and parameters: {'model_name': 'SimpleImputer', 'strategy': 'most_frequent'}. Best is trial 2 with value: 0.25229288019869506.
running
running
[I 2024-10-23 11:58:15,370] Trial 25 finished with value: 0.5112505246921456 and parameters: {'model_name': 'SimpleImputer', 'strategy': 'most_frequent'}. Best is trial 2 with value: 0.25229288019869506.
[I 2024-10-23 11:58:15,460] Trial 36 finished with value: 0.25229288019869506 and parameters: {'model_name': 'SimpleImputer', 'strategy': 'mean'}. Best is trial 2 with value: 0.25229288019869506.
running
running
[I 2024-10-23 11:58:15,576] Trial 40 finished with value: 0.25229288019869506 and parameters: {'model_name': 'SimpleImputer', 'strategy': 'mean'}. Best is trial 2 with value: 0.25229288019869506.
[I 2024-10-23 11:58:15,658] Trial 38 finished with value: 0.25229288019869506 and parameters: {'model_name': 'SimpleImputer', 'strategy': 'mean'}. Best is trial 2 with value: 0.25229288019869506.
running
running
[I 2024-10-23 11:58:15,773] Trial 35 finished with value: 0.25229288019869506 and parameters: {'model_name': 'SimpleImputer', 'strategy': 'mean'}. Best is trial 2 with value: 0.25229288019869506.
running
running
running
[I 2024-10-23 11:58:15,899] Trial 39 finished with value: 0.25229288019869506 and parameters: {'model_name': 'SimpleImputer', 'strategy': 'mean'}. Best is trial 2 with value: 0.25229288019869506.
running
[I 2024-10-23 11:58:16,026] Trial 44 finished with value: 0.25229288019869506 and parameters: {'model_name': 'SimpleImputer', 'strategy': 'mean'}. Best is trial 2 with value: 0.25229288019869506.
[I 2024-10-23 11:58:16,108] Trial 43 finished with value: 0.25229288019869506 and parameters: {'model_name': 'SimpleImputer', 'strategy': 'mean'}. Best is trial 2 with value: 0.25229288019869506.
running
running
[I 2024-10-23 11:58:16,292] Trial 37 finished with value: 0.25229288019869506 and parameters: {'model_name': 'SimpleImputer', 'strategy': 'mean'}. Best is trial 2 with value: 0.25229288019869506.
running
[I 2024-10-23 11:58:16,456] Trial 48 finished with value: 0.25229288019869506 and parameters: {'model_name': 'SimpleImputer', 'strategy': 'mean'}. Best is trial 2 with value: 0.25229288019869506.
running
[I 2024-10-23 11:58:16,562] Trial 50 finished with value: 0.25229288019869506 and parameters: {'model_name': 'SimpleImputer', 'strategy': 'mean'}. Best is trial 2 with value: 0.25229288019869506.
running
[I 2024-10-23 11:58:16,732] Trial 46 finished with value: 0.25229288019869506 and parameters: {'model_name': 'SimpleImputer', 'strategy': 'mean'}. Best is trial 2 with value: 0.25229288019869506.
[I 2024-10-23 11:58:16,854] Trial 47 finished with value: 0.25229288019869506 and parameters: {'model_name': 'SimpleImputer', 'strategy': 'mean'}. Best is trial 2 with value: 0.25229288019869506.
running
[I 2024-10-23 11:58:16,978] Trial 54 finished with value: 0.25229288019869506 and parameters: {'model_name': 'SimpleImputer', 'strategy': 'mean'}. Best is trial 2 with value: 0.25229288019869506.
[I 2024-10-23 11:58:17,063] Trial 53 finished with value: 0.25229288019869506 and parameters: {'model_name': 'SimpleImputer', 'strategy': 'mean'}. Best is trial 2 with value: 0.25229288019869506.
running
[I 2024-10-23 11:58:17,156] Trial 55 finished with value: 0.25229288019869506 and parameters: {'model_name': 'SimpleImputer', 'strategy': 'mean'}. Best is trial 2 with value: 0.25229288019869506.
[I 2024-10-23 11:58:17,236] Trial 49 finished with value: 0.25229288019869506 and parameters: {'model_name': 'SimpleImputer', 'strategy': 'mean'}. Best is trial 2 with value: 0.25229288019869506.
running
[I 2024-10-23 11:58:17,341] Trial 45 finished with value: 0.25229288019869506 and parameters: {'model_name': 'SimpleImputer', 'strategy': 'mean'}. Best is trial 2 with value: 0.25229288019869506.
running
running
[I 2024-10-23 11:58:17,443] Trial 57 finished with value: 0.25229288019869506 and parameters: {'model_name': 'SimpleImputer', 'strategy': 'mean'}. Best is trial 2 with value: 0.25229288019869506.
[I 2024-10-23 11:58:17,526] Trial 51 finished with value: 0.25229288019869506 and parameters: {'model_name': 'SimpleImputer', 'strategy': 'mean'}. Best is trial 2 with value: 0.25229288019869506.
running
running
[I 2024-10-23 11:58:17,613] Trial 52 finished with value: 0.25229288019869506 and parameters: {'model_name': 'SimpleImputer', 'strategy': 'mean'}. Best is trial 2 with value: 0.25229288019869506.
[I 2024-10-23 11:58:17,705] Trial 33 finished with value: 0.5112505246921456 and parameters: {'model_name': 'SimpleImputer', 'strategy': 'most_frequent'}. Best is trial 2 with value: 0.25229288019869506.
[I 2024-10-23 11:58:17,790] Trial 56 finished with value: 0.25229288019869506 and parameters: {'model_name': 'SimpleImputer', 'strategy': 'mean'}. Best is trial 2 with value: 0.25229288019869506.
running
[I 2024-10-23 11:58:17,873] Trial 60 finished with value: 0.25229288019869506 and parameters: {'model_name': 'SimpleImputer', 'strategy': 'mean'}. Best is trial 2 with value: 0.25229288019869506.
running
[I 2024-10-23 11:58:17,961] Trial 61 finished with value: 0.25229288019869506 and parameters: {'model_name': 'SimpleImputer', 'strategy': 'mean'}. Best is trial 2 with value: 0.25229288019869506.
[I 2024-10-23 11:58:18,079] Trial 58 finished with value: 0.25229288019869506 and parameters: {'model_name': 'SimpleImputer', 'strategy': 'mean'}. Best is trial 2 with value: 0.25229288019869506.
running
running
[I 2024-10-23 11:58:18,206] Trial 59 finished with value: 0.25229288019869506 and parameters: {'model_name': 'SimpleImputer', 'strategy': 'mean'}. Best is trial 2 with value: 0.25229288019869506.
running
running
running
running
running
[I 2024-10-23 11:58:18,454] Trial 62 finished with value: 0.5089452323053232 and parameters: {'model_name': 'SimpleImputer', 'strategy': 'constant'}. Best is trial 2 with value: 0.25229288019869506.
running
[I 2024-10-23 11:58:18,584] Trial 66 finished with value: 0.5089452323053232 and parameters: {'model_name': 'SimpleImputer', 'strategy': 'constant'}. Best is trial 2 with value: 0.25229288019869506.
[I 2024-10-23 11:58:18,674] Trial 63 finished with value: 0.5089452323053232 and parameters: {'model_name': 'SimpleImputer', 'strategy': 'constant'}. Best is trial 2 with value: 0.25229288019869506.
running
[I 2024-10-23 11:58:18,757] Trial 65 finished with value: 0.5089452323053232 and parameters: {'model_name': 'SimpleImputer', 'strategy': 'constant'}. Best is trial 2 with value: 0.25229288019869506.
[I 2024-10-23 11:58:18,845] Trial 71 finished with value: 0.5089452323053232 and parameters: {'model_name': 'SimpleImputer', 'strategy': 'constant'}. Best is trial 2 with value: 0.25229288019869506.
running
running
[I 2024-10-23 11:58:18,945] Trial 64 finished with value: 0.5089452323053232 and parameters: {'model_name': 'SimpleImputer', 'strategy': 'constant'}. Best is trial 2 with value: 0.25229288019869506.
running
running
[I 2024-10-23 11:58:19,050] Trial 70 finished with value: 0.5089452323053232 and parameters: {'model_name': 'SimpleImputer', 'strategy': 'constant'}. Best is trial 2 with value: 0.25229288019869506.
[I 2024-10-23 11:58:19,147] Trial 68 finished with value: 0.5089452323053232 and parameters: {'model_name': 'SimpleImputer', 'strategy': 'constant'}. Best is trial 2 with value: 0.25229288019869506.
running
[I 2024-10-23 11:58:19,237] Trial 67 finished with value: 0.5089452323053232 and parameters: {'model_name': 'SimpleImputer', 'strategy': 'constant'}. Best is trial 2 with value: 0.25229288019869506.
running
running
[I 2024-10-23 11:58:19,369] Trial 72 finished with value: 0.5089452323053232 and parameters: {'model_name': 'SimpleImputer', 'strategy': 'constant'}. Best is trial 2 with value: 0.25229288019869506.
[I 2024-10-23 11:58:19,458] Trial 69 finished with value: 0.5089452323053232 and parameters: {'model_name': 'SimpleImputer', 'strategy': 'constant'}. Best is trial 2 with value: 0.25229288019869506.
running
running
[I 2024-10-23 11:58:19,564] Trial 76 finished with value: 0.5089452323053232 and parameters: {'model_name': 'SimpleImputer', 'strategy': 'constant'}. Best is trial 2 with value: 0.25229288019869506.
running
[I 2024-10-23 11:58:19,687] Trial 74 finished with value: 0.5089452323053232 and parameters: {'model_name': 'SimpleImputer', 'strategy': 'constant'}. Best is trial 2 with value: 0.25229288019869506.
running
[I 2024-10-23 11:58:19,797] Trial 75 finished with value: 0.5089452323053232 and parameters: {'model_name': 'SimpleImputer', 'strategy': 'constant'}. Best is trial 2 with value: 0.25229288019869506.
[I 2024-10-23 11:58:19,879] Trial 77 finished with value: 0.5089452323053232 and parameters: {'model_name': 'SimpleImputer', 'strategy': 'constant'}. Best is trial 2 with value: 0.25229288019869506.
running
running
[I 2024-10-23 11:58:20,045] Trial 78 finished with value: 0.5089452323053232 and parameters: {'model_name': 'SimpleImputer', 'strategy': 'constant'}. Best is trial 2 with value: 0.25229288019869506.
running
[I 2024-10-23 11:58:20,289] Trial 73 finished with value: 0.259400381649635 and parameters: {'model_name': 'SimpleImputer', 'strategy': 'median'}. Best is trial 2 with value: 0.25229288019869506.
running
[I 2024-10-23 11:58:20,417] Trial 80 finished with value: 0.259400381649635 and parameters: {'model_name': 'SimpleImputer', 'strategy': 'median'}. Best is trial 2 with value: 0.25229288019869506.
running
[I 2024-10-23 11:58:20,557] Trial 79 finished with value: 0.259400381649635 and parameters: {'model_name': 'SimpleImputer', 'strategy': 'median'}. Best is trial 2 with value: 0.25229288019869506.
running
[I 2024-10-23 11:58:20,688] Trial 84 finished with value: 0.259400381649635 and parameters: {'model_name': 'SimpleImputer', 'strategy': 'median'}. Best is trial 2 with value: 0.25229288019869506.
[I 2024-10-23 11:58:20,776] Trial 83 finished with value: 0.259400381649635 and parameters: {'model_name': 'SimpleImputer', 'strategy': 'median'}. Best is trial 2 with value: 0.25229288019869506.
running
[I 2024-10-23 11:58:20,882] Trial 82 finished with value: 0.259400381649635 and parameters: {'model_name': 'SimpleImputer', 'strategy': 'median'}. Best is trial 2 with value: 0.25229288019869506.
running
[I 2024-10-23 11:58:20,967] Trial 88 finished with value: 0.259400381649635 and parameters: {'model_name': 'SimpleImputer', 'strategy': 'median'}. Best is trial 2 with value: 0.25229288019869506.
running
running
[I 2024-10-23 11:58:21,079] Trial 86 finished with value: 0.259400381649635 and parameters: {'model_name': 'SimpleImputer', 'strategy': 'median'}. Best is trial 2 with value: 0.25229288019869506.
running
[I 2024-10-23 11:58:21,204] Trial 81 finished with value: 0.259400381649635 and parameters: {'model_name': 'SimpleImputer', 'strategy': 'median'}. Best is trial 2 with value: 0.25229288019869506.
[I 2024-10-23 11:58:21,292] Trial 87 finished with value: 0.259400381649635 and parameters: {'model_name': 'SimpleImputer', 'strategy': 'median'}. Best is trial 2 with value: 0.25229288019869506.
running
[I 2024-10-23 11:58:21,395] Trial 89 finished with value: 0.259400381649635 and parameters: {'model_name': 'SimpleImputer', 'strategy': 'median'}. Best is trial 2 with value: 0.25229288019869506.
running
running
[I 2024-10-23 11:58:21,495] Trial 85 finished with value: 0.259400381649635 and parameters: {'model_name': 'SimpleImputer', 'strategy': 'median'}. Best is trial 2 with value: 0.25229288019869506.
running
[I 2024-10-23 11:58:21,616] Trial 92 finished with value: 0.259400381649635 and parameters: {'model_name': 'SimpleImputer', 'strategy': 'median'}. Best is trial 2 with value: 0.25229288019869506.
[I 2024-10-23 11:58:21,725] Trial 91 finished with value: 0.259400381649635 and parameters: {'model_name': 'SimpleImputer', 'strategy': 'median'}. Best is trial 2 with value: 0.25229288019869506.
[I 2024-10-23 11:58:21,812] Trial 93 finished with value: 0.259400381649635 and parameters: {'model_name': 'SimpleImputer', 'strategy': 'median'}. Best is trial 2 with value: 0.25229288019869506.
running
running
running
[I 2024-10-23 11:58:22,025] Trial 98 finished with value: 0.25229288019869506 and parameters: {'model_name': 'SimpleImputer', 'strategy': 'mean'}. Best is trial 2 with value: 0.25229288019869506.
running
[I 2024-10-23 11:58:22,165] Trial 96 finished with value: 0.25229288019869506 and parameters: {'model_name': 'SimpleImputer', 'strategy': 'mean'}. Best is trial 2 with value: 0.25229288019869506.
running
[I 2024-10-23 11:58:22,295] Trial 97 finished with value: 0.25229288019869506 and parameters: {'model_name': 'SimpleImputer', 'strategy': 'mean'}. Best is trial 2 with value: 0.25229288019869506.
running
[I 2024-10-23 11:58:22,426] Trial 99 finished with value: 0.25229288019869506 and parameters: {'model_name': 'SimpleImputer', 'strategy': 'mean'}. Best is trial 2 with value: 0.25229288019869506.
running
[I 2024-10-23 11:58:22,560] Trial 102 finished with value: 0.25229288019869506 and parameters: {'model_name': 'SimpleImputer', 'strategy': 'mean'}. Best is trial 2 with value: 0.25229288019869506.
running
[I 2024-10-23 11:58:22,662] Trial 103 finished with value: 0.25229288019869506 and parameters: {'model_name': 'SimpleImputer', 'strategy': 'mean'}. Best is trial 2 with value: 0.25229288019869506.
[I 2024-10-23 11:58:22,755] Trial 105 finished with value: 0.25229288019869506 and parameters: {'model_name': 'SimpleImputer', 'strategy': 'mean'}. Best is trial 2 with value: 0.25229288019869506.
running
[I 2024-10-23 11:58:22,886] Trial 106 finished with value: 0.25229288019869506 and parameters: {'model_name': 'SimpleImputer', 'strategy': 'mean'}. Best is trial 2 with value: 0.25229288019869506.
[I 2024-10-23 11:58:22,980] Trial 101 finished with value: 0.25229288019869506 and parameters: {'model_name': 'SimpleImputer', 'strategy': 'mean'}. Best is trial 2 with value: 0.25229288019869506.
running
running
[I 2024-10-23 11:58:23,094] Trial 108 finished with value: 0.25229288019869506 and parameters: {'model_name': 'SimpleImputer', 'strategy': 'mean'}. Best is trial 2 with value: 0.25229288019869506.
running
[I 2024-10-23 11:58:23,178] Trial 100 finished with value: 0.25229288019869506 and parameters: {'model_name': 'SimpleImputer', 'strategy': 'mean'}. Best is trial 2 with value: 0.25229288019869506.
running
[I 2024-10-23 11:58:23,269] Trial 104 finished with value: 0.25229288019869506 and parameters: {'model_name': 'SimpleImputer', 'strategy': 'mean'}. Best is trial 2 with value: 0.25229288019869506.
[I 2024-10-23 11:58:23,357] Trial 107 finished with value: 0.25229288019869506 and parameters: {'model_name': 'SimpleImputer', 'strategy': 'mean'}. Best is trial 2 with value: 0.25229288019869506.
running
running
running
[I 2024-10-23 11:58:23,497] Trial 90 finished with value: 0.5112505246921456 and parameters: {'model_name': 'SimpleImputer', 'strategy': 'most_frequent'}. Best is trial 2 with value: 0.25229288019869506.
[I 2024-10-23 11:58:23,615] Trial 109 finished with value: 0.25229288019869506 and parameters: {'model_name': 'SimpleImputer', 'strategy': 'mean'}. Best is trial 2 with value: 0.25229288019869506.
running
[I 2024-10-23 11:58:23,720] Trial 111 finished with value: 0.25229288019869506 and parameters: {'model_name': 'SimpleImputer', 'strategy': 'mean'}. Best is trial 2 with value: 0.25229288019869506.
running
[I 2024-10-23 11:58:23,817] Trial 94 finished with value: 0.5112505246921456 and parameters: {'model_name': 'SimpleImputer', 'strategy': 'most_frequent'}. Best is trial 2 with value: 0.25229288019869506.
running
running
[I 2024-10-23 11:58:23,963] Trial 110 finished with value: 0.25229288019869506 and parameters: {'model_name': 'SimpleImputer', 'strategy': 'mean'}. Best is trial 2 with value: 0.25229288019869506.
running
[I 2024-10-23 11:58:24,096] Trial 112 finished with value: 0.25229288019869506 and parameters: {'model_name': 'SimpleImputer', 'strategy': 'mean'}. Best is trial 2 with value: 0.25229288019869506.
running
[I 2024-10-23 11:58:24,227] Trial 95 finished with value: 0.5112505246921456 and parameters: {'model_name': 'SimpleImputer', 'strategy': 'most_frequent'}. Best is trial 2 with value: 0.25229288019869506.
running
[I 2024-10-23 11:58:24,581] Trial 123 finished with value: 0.25229288019869506 and parameters: {'model_name': 'SimpleImputer', 'strategy': 'mean'}. Best is trial 2 with value: 0.25229288019869506.
[I 2024-10-23 11:58:24,680] Trial 125 finished with value: 0.25229288019869506 and parameters: {'model_name': 'SimpleImputer', 'strategy': 'mean'}. Best is trial 2 with value: 0.25229288019869506.
running
running
[I 2024-10-23 11:58:24,869] Trial 124 finished with value: 0.25229288019869506 and parameters: {'model_name': 'SimpleImputer', 'strategy': 'mean'}. Best is trial 2 with value: 0.25229288019869506.
[I 2024-10-23 11:58:24,989] Trial 126 finished with value: 0.25229288019869506 and parameters: {'model_name': 'SimpleImputer', 'strategy': 'mean'}. Best is trial 2 with value: 0.25229288019869506.
running
running
[I 2024-10-23 11:58:25,134] Trial 122 finished with value: 0.25229288019869506 and parameters: {'model_name': 'SimpleImputer', 'strategy': 'mean'}. Best is trial 2 with value: 0.25229288019869506.
running
[I 2024-10-23 11:58:25,267] Trial 127 finished with value: 0.25229288019869506 and parameters: {'model_name': 'SimpleImputer', 'strategy': 'mean'}. Best is trial 2 with value: 0.25229288019869506.
[I 2024-10-23 11:58:25,375] Trial 130 finished with value: 0.25229288019869506 and parameters: {'model_name': 'SimpleImputer', 'strategy': 'mean'}. Best is trial 2 with value: 0.25229288019869506.
running
running
[I 2024-10-23 11:58:25,541] Trial 132 finished with value: 0.25229288019869506 and parameters: {'model_name': 'SimpleImputer', 'strategy': 'mean'}. Best is trial 2 with value: 0.25229288019869506.
[I 2024-10-23 11:58:25,629] Trial 116 finished with value: 0.5112505246921456 and parameters: {'model_name': 'SimpleImputer', 'strategy': 'most_frequent'}. Best is trial 2 with value: 0.25229288019869506.
[I 2024-10-23 11:58:25,708] Trial 128 finished with value: 0.25229288019869506 and parameters: {'model_name': 'SimpleImputer', 'strategy': 'mean'}. Best is trial 2 with value: 0.25229288019869506.
running
[I 2024-10-23 11:58:25,790] Trial 121 finished with value: 0.5112505246921456 and parameters: {'model_name': 'SimpleImputer', 'strategy': 'most_frequent'}. Best is trial 2 with value: 0.25229288019869506.
running
[I 2024-10-23 11:58:25,868] Trial 117 finished with value: 0.5112505246921456 and parameters: {'model_name': 'SimpleImputer', 'strategy': 'most_frequent'}. Best is trial 2 with value: 0.25229288019869506.
running
running
running
[I 2024-10-23 11:58:26,055] Trial 115 finished with value: 0.5112505246921456 and parameters: {'model_name': 'SimpleImputer', 'strategy': 'most_frequent'}. Best is trial 2 with value: 0.25229288019869506.
running
[I 2024-10-23 11:58:26,175] Trial 119 finished with value: 0.5112505246921456 and parameters: {'model_name': 'SimpleImputer', 'strategy': 'most_frequent'}. Best is trial 2 with value: 0.25229288019869506.
[I 2024-10-23 11:58:26,271] Trial 114 finished with value: 0.5112505246921456 and parameters: {'model_name': 'SimpleImputer', 'strategy': 'most_frequent'}. Best is trial 2 with value: 0.25229288019869506.
running
[I 2024-10-23 11:58:26,410] Trial 113 finished with value: 0.5112505246921456 and parameters: {'model_name': 'SimpleImputer', 'strategy': 'most_frequent'}. Best is trial 2 with value: 0.25229288019869506.
running
[I 2024-10-23 11:58:26,513] Trial 129 finished with value: 0.25229288019869506 and parameters: {'model_name': 'SimpleImputer', 'strategy': 'mean'}. Best is trial 2 with value: 0.25229288019869506.
[I 2024-10-23 11:58:26,627] Trial 131 finished with value: 0.25229288019869506 and parameters: {'model_name': 'SimpleImputer', 'strategy': 'mean'}. Best is trial 2 with value: 0.25229288019869506.
[I 2024-10-23 11:58:26,711] Trial 120 finished with value: 0.5112505246921456 and parameters: {'model_name': 'SimpleImputer', 'strategy': 'most_frequent'}. Best is trial 2 with value: 0.25229288019869506.
running
running
running
running
[I 2024-10-23 11:58:26,884] Trial 118 finished with value: 0.5112505246921456 and parameters: {'model_name': 'SimpleImputer', 'strategy': 'most_frequent'}. Best is trial 2 with value: 0.25229288019869506.
[I 2024-10-23 11:58:26,980] Trial 133 finished with value: 0.25229288019869506 and parameters: {'model_name': 'SimpleImputer', 'strategy': 'mean'}. Best is trial 2 with value: 0.25229288019869506.
running
running
[I 2024-10-23 11:58:27,099] Trial 134 finished with value: 0.25229288019869506 and parameters: {'model_name': 'SimpleImputer', 'strategy': 'mean'}. Best is trial 2 with value: 0.25229288019869506.
[I 2024-10-23 11:58:27,192] Trial 139 finished with value: 0.25229288019869506 and parameters: {'model_name': 'SimpleImputer', 'strategy': 'mean'}. Best is trial 2 with value: 0.25229288019869506.
[I 2024-10-23 11:58:27,278] Trial 135 finished with value: 0.25229288019869506 and parameters: {'model_name': 'SimpleImputer', 'strategy': 'mean'}. Best is trial 2 with value: 0.25229288019869506.
running
running
running
[I 2024-10-23 11:58:27,413] Trial 137 finished with value: 0.25229288019869506 and parameters: {'model_name': 'SimpleImputer', 'strategy': 'mean'}. Best is trial 2 with value: 0.25229288019869506.
running
[I 2024-10-23 11:58:27,540] Trial 138 finished with value: 0.25229288019869506 and parameters: {'model_name': 'SimpleImputer', 'strategy': 'mean'}. Best is trial 2 with value: 0.25229288019869506.
running
[I 2024-10-23 11:58:27,705] Trial 140 finished with value: 0.25229288019869506 and parameters: {'model_name': 'SimpleImputer', 'strategy': 'mean'}. Best is trial 2 with value: 0.25229288019869506.
[I 2024-10-23 11:58:27,800] Trial 141 finished with value: 0.25229288019869506 and parameters: {'model_name': 'SimpleImputer', 'strategy': 'mean'}. Best is trial 2 with value: 0.25229288019869506.
running
running
[I 2024-10-23 11:58:27,931] Trial 136 finished with value: 0.25229288019869506 and parameters: {'model_name': 'SimpleImputer', 'strategy': 'mean'}. Best is trial 2 with value: 0.25229288019869506.
running
[I 2024-10-23 11:58:28,064] Trial 142 finished with value: 0.25229288019869506 and parameters: {'model_name': 'SimpleImputer', 'strategy': 'mean'}. Best is trial 2 with value: 0.25229288019869506.
[I 2024-10-23 11:58:28,154] Trial 143 finished with value: 0.25229288019869506 and parameters: {'model_name': 'SimpleImputer', 'strategy': 'mean'}. Best is trial 2 with value: 0.25229288019869506.
running
running
[I 2024-10-23 11:58:28,299] Trial 146 finished with value: 0.25229288019869506 and parameters: {'model_name': 'SimpleImputer', 'strategy': 'mean'}. Best is trial 2 with value: 0.25229288019869506.
running
[I 2024-10-23 11:58:28,461] Trial 147 finished with value: 0.25229288019869506 and parameters: {'model_name': 'SimpleImputer', 'strategy': 'mean'}. Best is trial 2 with value: 0.25229288019869506.
running
[I 2024-10-23 11:58:28,614] Trial 148 finished with value: 0.25229288019869506 and parameters: {'model_name': 'SimpleImputer', 'strategy': 'mean'}. Best is trial 2 with value: 0.25229288019869506.
running
[I 2024-10-23 11:58:28,721] Trial 151 finished with value: 0.25229288019869506 and parameters: {'model_name': 'SimpleImputer', 'strategy': 'mean'}. Best is trial 2 with value: 0.25229288019869506.
[I 2024-10-23 11:58:28,807] Trial 144 finished with value: 0.25229288019869506 and parameters: {'model_name': 'SimpleImputer', 'strategy': 'mean'}. Best is trial 2 with value: 0.25229288019869506.
running
[I 2024-10-23 11:58:28,914] Trial 150 finished with value: 0.25229288019869506 and parameters: {'model_name': 'SimpleImputer', 'strategy': 'mean'}. Best is trial 2 with value: 0.25229288019869506.
[I 2024-10-23 11:58:29,002] Trial 153 finished with value: 0.25229288019869506 and parameters: {'model_name': 'SimpleImputer', 'strategy': 'mean'}. Best is trial 2 with value: 0.25229288019869506.
running
[I 2024-10-23 11:58:29,105] Trial 152 finished with value: 0.25229288019869506 and parameters: {'model_name': 'SimpleImputer', 'strategy': 'mean'}. Best is trial 2 with value: 0.25229288019869506.
running
running
[I 2024-10-23 11:58:29,222] Trial 145 finished with value: 0.25229288019869506 and parameters: {'model_name': 'SimpleImputer', 'strategy': 'mean'}. Best is trial 2 with value: 0.25229288019869506.
[I 2024-10-23 11:58:29,314] Trial 155 finished with value: 0.25229288019869506 and parameters: {'model_name': 'SimpleImputer', 'strategy': 'mean'}. Best is trial 2 with value: 0.25229288019869506.
running
[I 2024-10-23 11:58:29,340] Trial 154 finished with value: 0.25229288019869506 and parameters: {'model_name': 'SimpleImputer', 'strategy': 'mean'}. Best is trial 2 with value: 0.25229288019869506.
running
[I 2024-10-23 11:58:29,557] Trial 149 finished with value: 0.25229288019869506 and parameters: {'model_name': 'SimpleImputer', 'strategy': 'mean'}. Best is trial 2 with value: 0.25229288019869506.
running
[I 2024-10-23 11:58:29,665] Trial 157 finished with value: 0.25229288019869506 and parameters: {'model_name': 'SimpleImputer', 'strategy': 'mean'}. Best is trial 2 with value: 0.25229288019869506.
running
running
running
[I 2024-10-23 11:58:29,793] Trial 160 finished with value: 0.25229288019869506 and parameters: {'model_name': 'SimpleImputer', 'strategy': 'mean'}. Best is trial 2 with value: 0.25229288019869506.
[I 2024-10-23 11:58:29,892] Trial 156 finished with value: 0.25229288019869506 and parameters: {'model_name': 'SimpleImputer', 'strategy': 'mean'}. Best is trial 2 with value: 0.25229288019869506.
[I 2024-10-23 11:58:29,971] Trial 159 finished with value: 0.25229288019869506 and parameters: {'model_name': 'SimpleImputer', 'strategy': 'mean'}. Best is trial 2 with value: 0.25229288019869506.
running
running
[I 2024-10-23 11:58:30,109] Trial 158 finished with value: 0.25229288019869506 and parameters: {'model_name': 'SimpleImputer', 'strategy': 'mean'}. Best is trial 2 with value: 0.25229288019869506.
running
running
[I 2024-10-23 11:58:30,307] Trial 166 finished with value: 0.25229288019869506 and parameters: {'model_name': 'SimpleImputer', 'strategy': 'mean'}. Best is trial 2 with value: 0.25229288019869506.
running
[I 2024-10-23 11:58:30,424] Trial 164 finished with value: 0.25229288019869506 and parameters: {'model_name': 'SimpleImputer', 'strategy': 'mean'}. Best is trial 2 with value: 0.25229288019869506.
running
[I 2024-10-23 11:58:30,625] Trial 162 finished with value: 0.25229288019869506 and parameters: {'model_name': 'SimpleImputer', 'strategy': 'mean'}. Best is trial 2 with value: 0.25229288019869506.
[I 2024-10-23 11:58:30,631] Trial 165 finished with value: 0.25229288019869506 and parameters: {'model_name': 'SimpleImputer', 'strategy': 'mean'}. Best is trial 2 with value: 0.25229288019869506.
[I 2024-10-23 11:58:30,731] Trial 174 finished with value: 0.25229288019869506 and parameters: {'model_name': 'SimpleImputer', 'strategy': 'mean'}. Best is trial 2 with value: 0.25229288019869506.
running
[I 2024-10-23 11:58:30,822] Trial 168 finished with value: 0.25229288019869506 and parameters: {'model_name': 'SimpleImputer', 'strategy': 'mean'}. Best is trial 2 with value: 0.25229288019869506.
[I 2024-10-23 11:58:30,903] Trial 167 finished with value: 0.25229288019869506 and parameters: {'model_name': 'SimpleImputer', 'strategy': 'mean'}. Best is trial 2 with value: 0.25229288019869506.
[I 2024-10-23 11:58:31,094] Trial 161 finished with value: 0.25229288019869506 and parameters: {'model_name': 'SimpleImputer', 'strategy': 'mean'}. Best is trial 2 with value: 0.25229288019869506.
running
[I 2024-10-23 11:58:31,184] Trial 172 finished with value: 0.25229288019869506 and parameters: {'model_name': 'SimpleImputer', 'strategy': 'mean'}. Best is trial 2 with value: 0.25229288019869506.
[I 2024-10-23 11:58:31,288] Trial 169 finished with value: 0.25229288019869506 and parameters: {'model_name': 'SimpleImputer', 'strategy': 'mean'}. Best is trial 2 with value: 0.25229288019869506.
[I 2024-10-23 11:58:31,381] Trial 163 finished with value: 0.25229288019869506 and parameters: {'model_name': 'SimpleImputer', 'strategy': 'mean'}. Best is trial 2 with value: 0.25229288019869506.
running
running
running
running
running
running
running
[I 2024-10-23 11:58:31,590] Trial 170 finished with value: 0.25229288019869506 and parameters: {'model_name': 'SimpleImputer', 'strategy': 'mean'}. Best is trial 2 with value: 0.25229288019869506.
[I 2024-10-23 11:58:31,714] Trial 175 finished with value: 0.25229288019869506 and parameters: {'model_name': 'SimpleImputer', 'strategy': 'mean'}. Best is trial 2 with value: 0.25229288019869506.
running
[I 2024-10-23 11:58:31,806] Trial 171 finished with value: 0.25229288019869506 and parameters: {'model_name': 'SimpleImputer', 'strategy': 'mean'}. Best is trial 2 with value: 0.25229288019869506.
running
[I 2024-10-23 11:58:31,938] Trial 176 finished with value: 0.25229288019869506 and parameters: {'model_name': 'SimpleImputer', 'strategy': 'mean'}. Best is trial 2 with value: 0.25229288019869506.
running
running
[I 2024-10-23 11:58:32,067] Trial 177 finished with value: 0.25229288019869506 and parameters: {'model_name': 'SimpleImputer', 'strategy': 'mean'}. Best is trial 2 with value: 0.25229288019869506.
running
[I 2024-10-23 11:58:32,231] Trial 182 finished with value: 0.25229288019869506 and parameters: {'model_name': 'SimpleImputer', 'strategy': 'mean'}. Best is trial 2 with value: 0.25229288019869506.
[I 2024-10-23 11:58:32,337] Trial 178 finished with value: 0.25229288019869506 and parameters: {'model_name': 'SimpleImputer', 'strategy': 'mean'}. Best is trial 2 with value: 0.25229288019869506.
running
[I 2024-10-23 11:58:32,445] Trial 173 finished with value: 0.25229288019869506 and parameters: {'model_name': 'SimpleImputer', 'strategy': 'mean'}. Best is trial 2 with value: 0.25229288019869506.
running
running
[I 2024-10-23 11:58:32,570] Trial 179 finished with value: 0.25229288019869506 and parameters: {'model_name': 'SimpleImputer', 'strategy': 'mean'}. Best is trial 2 with value: 0.25229288019869506.
[I 2024-10-23 11:58:32,693] Trial 186 finished with value: 0.25229288019869506 and parameters: {'model_name': 'SimpleImputer', 'strategy': 'mean'}. Best is trial 2 with value: 0.25229288019869506.
[I 2024-10-23 11:58:32,782] Trial 181 finished with value: 0.25229288019869506 and parameters: {'model_name': 'SimpleImputer', 'strategy': 'mean'}. Best is trial 2 with value: 0.25229288019869506.
running
running
running
[I 2024-10-23 11:58:32,908] Trial 189 finished with value: 0.25229288019869506 and parameters: {'model_name': 'SimpleImputer', 'strategy': 'mean'}. Best is trial 2 with value: 0.25229288019869506.
running
[I 2024-10-23 11:58:33,068] Trial 180 finished with value: 0.25229288019869506 and parameters: {'model_name': 'SimpleImputer', 'strategy': 'mean'}. Best is trial 2 with value: 0.25229288019869506.
[I 2024-10-23 11:58:33,195] Trial 187 finished with value: 0.25229288019869506 and parameters: {'model_name': 'SimpleImputer', 'strategy': 'mean'}. Best is trial 2 with value: 0.25229288019869506.
[I 2024-10-23 11:58:33,288] Trial 185 finished with value: 0.25229288019869506 and parameters: {'model_name': 'SimpleImputer', 'strategy': 'mean'}. Best is trial 2 with value: 0.25229288019869506.
[I 2024-10-23 11:58:33,471] Trial 188 finished with value: 0.25229288019869506 and parameters: {'model_name': 'SimpleImputer', 'strategy': 'mean'}. Best is trial 2 with value: 0.25229288019869506.
[I 2024-10-23 11:58:33,571] Trial 196 finished with value: 0.25229288019869506 and parameters: {'model_name': 'SimpleImputer', 'strategy': 'mean'}. Best is trial 2 with value: 0.25229288019869506.
[I 2024-10-23 11:58:33,663] Trial 183 finished with value: 0.25229288019869506 and parameters: {'model_name': 'SimpleImputer', 'strategy': 'mean'}. Best is trial 2 with value: 0.25229288019869506.
[I 2024-10-23 11:58:33,744] Trial 193 finished with value: 0.25229288019869506 and parameters: {'model_name': 'SimpleImputer', 'strategy': 'mean'}. Best is trial 2 with value: 0.25229288019869506.
[I 2024-10-23 11:58:33,830] Trial 195 finished with value: 0.25229288019869506 and parameters: {'model_name': 'SimpleImputer', 'strategy': 'mean'}. Best is trial 2 with value: 0.25229288019869506.
[I 2024-10-23 11:58:33,928] Trial 184 finished with value: 0.25229288019869506 and parameters: {'model_name': 'SimpleImputer', 'strategy': 'mean'}. Best is trial 2 with value: 0.25229288019869506.
[I 2024-10-23 11:58:34,020] Trial 192 finished with value: 0.25229288019869506 and parameters: {'model_name': 'SimpleImputer', 'strategy': 'mean'}. Best is trial 2 with value: 0.25229288019869506.
[I 2024-10-23 11:58:34,115] Trial 190 finished with value: 0.25229288019869506 and parameters: {'model_name': 'SimpleImputer', 'strategy': 'mean'}. Best is trial 2 with value: 0.25229288019869506.
[I 2024-10-23 11:58:34,210] Trial 197 finished with value: 0.25229288019869506 and parameters: {'model_name': 'SimpleImputer', 'strategy': 'mean'}. Best is trial 2 with value: 0.25229288019869506.
[I 2024-10-23 11:58:34,297] Trial 191 finished with value: 0.25229288019869506 and parameters: {'model_name': 'SimpleImputer', 'strategy': 'mean'}. Best is trial 2 with value: 0.25229288019869506.
[I 2024-10-23 11:58:34,393] Trial 199 finished with value: 0.25229288019869506 and parameters: {'model_name': 'SimpleImputer', 'strategy': 'mean'}. Best is trial 2 with value: 0.25229288019869506.
[I 2024-10-23 11:58:34,480] Trial 194 finished with value: 0.25229288019869506 and parameters: {'model_name': 'SimpleImputer', 'strategy': 'mean'}. Best is trial 2 with value: 0.25229288019869506.
[I 2024-10-23 11:58:34,564] Trial 198 finished with value: 0.25229288019869506 and parameters: {'model_name': 'SimpleImputer', 'strategy': 'mean'}. Best is trial 2 with value: 0.25229288019869506.
fit
simple fit
simple transform
0    0
1    0
2    0
3    0
4    0
5    0
6    0
7    0
dtype: int64
0    0
1    0
2    0
3    0
4    0
5    0
6    0
7    0
dtype: int64
0.25229288019869506
{'model_name': 'SimpleImputer', 'strategy': 'mean'}
running experiment 2/3 - Does reconstruction give good automl predictions
Start est fit
Version 0.1.7a0 of tpot2 is outdated. Version 0.1.8a0 was released Tuesday September 17, 2024.
Version 0.1.7a0 of tpot2 is outdated. Version 0.1.8a0 was released Tuesday September 17, 2024.
Version 0.1.7a0 of tpot2 is outdated. Version 0.1.8a0 was released Tuesday September 17, 2024.
Version 0.1.7a0 of tpot2 is outdated. Version 0.1.8a0 was released Tuesday September 17, 2024.
Version 0.1.7a0 of tpot2 is outdated. Version 0.1.8a0 was released Tuesday September 17, 2024.
Version 0.1.7a0 of tpot2 is outdated. Version 0.1.8a0 was released Tuesday September 17, 2024.
Version 0.1.7a0 of tpot2 is outdated. Version 0.1.8a0 was released Tuesday September 17, 2024.
Version 0.1.7a0 of tpot2 is outdated. Version 0.1.8a0 was released Tuesday September 17, 2024.
Version 0.1.7a0 of tpot2 is outdated. Version 0.1.8a0 was released Tuesday September 17, 2024.
Version 0.1.7a0 of tpot2 is outdated. Version 0.1.8a0 was released Tuesday September 17, 2024.
Version 0.1.7a0 of tpot2 is outdated. Version 0.1.8a0 was released Tuesday September 17, 2024.
Version 0.1.7a0 of tpot2 is outdated. Version 0.1.8a0 was released Tuesday September 17, 2024.
Version 0.1.7a0 of tpot2 is outdated. Version 0.1.8a0 was released Tuesday September 17, 2024.
Version 0.1.7a0 of tpot2 is outdated. Version 0.1.8a0 was released Tuesday September 17, 2024.
Version 0.1.7a0 of tpot2 is outdated. Version 0.1.8a0 was released Tuesday September 17, 2024.
Version 0.1.7a0 of tpot2 is outdated. Version 0.1.8a0 was released Tuesday September 17, 2024.
  0%|          | 0/25 [00:00<?, ?it/s]Generation:   0%|          | 0/25 [00:00<?, ?it/s]Generation:  1
Best f1_score score: 0.933738371777982
Generation:   4%|▍         | 1/25 [01:01<24:33, 61.41s/it]Generation:  2
Best f1_score score: 0.9352467932923503
Generation:   8%|▊         | 2/25 [03:33<44:05, 115.02s/it]WARNING THIS INDIVIDUAL CAUSED AND EXCEPTION 
 <tpot2.search_spaces.pipelines.sequential.SequentialPipelineIndividual object at 0x155474cd4b20> 
 The 'min_samples_split' parameter of DecisionTreeClassifier must be an int in the range [2, inf) or a float in the range (0.0, 1.0]. Got 1 instead. 
 Traceback (most recent call last):
  File "/common/ketrong/tpotexp/tpot2/tpot2/utils/eval_utils.py", line 53, in objective_nan_wrapper
    value = func_timeout.func_timeout(timeout, objective_function, args=[individual], kwargs=objective_kwargs)
  File "/common/ketrong/tpotexp/env/lib/python3.10/site-packages/func_timeout/dafunc.py", line 108, in func_timeout
    raise_exception(exception)
  File "/common/ketrong/tpotexp/env/lib/python3.10/site-packages/func_timeout/py3_raise.py", line 7, in raise_exception
    raise exception[0] from None
  File "/common/ketrong/tpotexp/tpot2/tpot2/tpot_estimator/estimator.py", line 623, in objective_function
    return objective_function_generator(
  File "/common/ketrong/tpotexp/tpot2/tpot2/tpot_estimator/estimator_utils.py", line 55, in objective_function_generator
    cv_obj_scores = cross_val_score_objective(sklearn.base.clone(pipeline),x,y,scorers=scorers, cv=cv , fold=step)
  File "/common/ketrong/tpotexp/tpot2/tpot2/tpot_estimator/cross_val_utils.py", line 28, in cross_val_score_objective
    this_fold_pipeline.fit(X_train,y_train)
  File "/common/ketrong/tpotexp/env/lib/python3.10/site-packages/sklearn/base.py", line 1473, in wrapper
    return fit_method(estimator, *args, **kwargs)
  File "/common/ketrong/tpotexp/env/lib/python3.10/site-packages/sklearn/pipeline.py", line 473, in fit
    self._final_estimator.fit(Xt, y, **last_step_params["fit"])
  File "/common/ketrong/tpotexp/env/lib/python3.10/site-packages/sklearn/base.py", line 1466, in wrapper
    estimator._validate_params()
  File "/common/ketrong/tpotexp/env/lib/python3.10/site-packages/sklearn/base.py", line 666, in _validate_params
    validate_parameter_constraints(
  File "/common/ketrong/tpotexp/env/lib/python3.10/site-packages/sklearn/utils/_param_validation.py", line 95, in validate_parameter_constraints
    raise InvalidParameterError(
sklearn.utils._param_validation.InvalidParameterError: The 'min_samples_split' parameter of DecisionTreeClassifier must be an int in the range [2, inf) or a float in the range (0.0, 1.0]. Got 1 instead.

Generation:  3
Best f1_score score: 0.9364138578180302
Generation:  12%|█▏        | 3/25 [03:56<26:42, 72.85s/it] Generation:  4
Best f1_score score: 0.9380948775178493
Generation:  16%|█▌        | 4/25 [06:34<37:14, 106.39s/it]Generation:  5
Best f1_score score: 0.9391174798769942
Generation:  20%|██        | 5/25 [14:42<1:21:18, 243.91s/it]Generation:  6
Best f1_score score: 0.9395661694805953
Generation:  24%|██▍       | 6/25 [16:34<1:03:03, 199.13s/it]Generation:  7
Best f1_score score: 0.9395661694805953
Generation:  28%|██▊       | 7/25 [19:45<58:58, 196.58s/it]  Generation:  8
Best f1_score score: 0.9395661694805953
Generation:  32%|███▏      | 8/25 [25:49<1:10:45, 249.76s/it]Generation:  9
Best f1_score score: 0.9395661694805953
Generation:  36%|███▌      | 9/25 [32:53<1:21:08, 304.28s/it]Generation:  10
Best f1_score score: 0.9395661694805953
Generation:  40%|████      | 10/25 [37:14<1:12:45, 291.07s/it]Generation:  11
Best f1_score score: 0.9395661694805953
Generation:  44%|████▍     | 11/25 [42:23<1:09:11, 296.56s/it]Generation:  12
Best f1_score score: 0.9395661694805953
Generation:  48%|████▊     | 12/25 [43:09<47:41, 220.14s/it]  Generation:  13
Best f1_score score: 0.9395661694805953
Generation:  52%|█████▏    | 13/25 [48:03<48:29, 242.43s/it]Generation:  14
Best f1_score score: 0.9395661694805953
Generation:  56%|█████▌    | 14/25 [49:14<35:00, 190.93s/it]WARNING AN INDIVIDUAL TIMED OUT: 
 <tpot2.search_spaces.pipelines.sequential.SequentialPipelineIndividual object at 0x1554741b9d50> 

Generation:  15
Best f1_score score: 0.9395661694805953
Generation:  60%|██████    | 15/25 [59:24<52:51, 317.13s/it]Generation:  16
Best f1_score score: 0.9395661694805953
Generation:  64%|██████▍   | 16/25 [1:08:59<59:11, 394.66s/it]Generation:  17
Best f1_score score: 0.9395661694805953
Generation:  68%|██████▊   | 17/25 [1:15:25<52:16, 392.01s/it]Generation:  18
Best f1_score score: 0.9395661694805953
Generation:  72%|███████▏  | 18/25 [1:22:35<47:05, 403.66s/it]Generation:  19
Best f1_score score: 0.9395661694805953
Generation:  76%|███████▌  | 19/25 [1:28:50<39:30, 395.03s/it]Generation:  20
Best f1_score score: 0.9395661694805953
Generation:  80%|████████  | 20/25 [1:31:25<26:54, 322.89s/it]Generation:  21
Best f1_score score: 0.9395661694805953
Generation:  84%|████████▍ | 21/25 [1:37:15<22:04, 331.05s/it]Generation:  22
Best f1_score score: 0.9395661694805953
Generation:  88%|████████▊ | 22/25 [1:38:02<12:17, 245.70s/it]Generation:  23
Best f1_score score: 0.9395661694805953
Generation:  92%|█████████▏| 23/25 [1:40:12<07:01, 210.94s/it]Generation:  24
Best f1_score score: 0.9395661694805953
Generation:  96%|█████████▌| 24/25 [1:40:50<02:39, 159.20s/it]Generation:  25
Best f1_score score: 0.9395661694805953
Generation: 100%|██████████| 25/25 [1:43:35<00:00, 160.96s/it]Generation: 100%|██████████| 25/25 [1:43:39<00:00, 248.77s/it]
2024-10-23 13:42:22,993 - distributed.worker - ERROR - Failed to communicate with scheduler during heartbeat.
Traceback (most recent call last):
  File "/common/ketrong/tpotexp/env/lib/python3.10/site-packages/distributed/comm/tcp.py", line 225, in read
    frames_nosplit_nbytes_bin = await stream.read_bytes(fmt_size)
tornado.iostream.StreamClosedError: Stream is closed

The above exception was the direct cause of the following exception:

Traceback (most recent call last):
  File "/common/ketrong/tpotexp/env/lib/python3.10/site-packages/distributed/worker.py", line 1250, in heartbeat
    response = await retry_operation(
  File "/common/ketrong/tpotexp/env/lib/python3.10/site-packages/distributed/utils_comm.py", line 459, in retry_operation
    return await retry(
  File "/common/ketrong/tpotexp/env/lib/python3.10/site-packages/distributed/utils_comm.py", line 438, in retry
    return await coro()
  File "/common/ketrong/tpotexp/env/lib/python3.10/site-packages/distributed/core.py", line 1256, in send_recv_from_rpc
    return await send_recv(comm=comm, op=key, **kwargs)
  File "/common/ketrong/tpotexp/env/lib/python3.10/site-packages/distributed/core.py", line 1015, in send_recv
    response = await comm.read(deserializers=deserializers)
  File "/common/ketrong/tpotexp/env/lib/python3.10/site-packages/distributed/comm/tcp.py", line 236, in read
    convert_stream_closed_error(self, e)
  File "/common/ketrong/tpotexp/env/lib/python3.10/site-packages/distributed/comm/tcp.py", line 142, in convert_stream_closed_error
    raise CommClosedError(f"in {obj}: {exc}") from exc
distributed.comm.core.CommClosedError: in <TCP (closed) ConnectionPool.heartbeat_worker local=tcp://127.0.0.1:50980 remote=tcp://127.0.0.1:38093>: Stream is closed
2024-10-23 13:42:23,000 - distributed.scheduler - ERROR - Removing worker 'tcp://127.0.0.1:43733' caused the cluster to lose scattered data, which can't be recovered: {'ndarray-422b2c53f5e51e71a00dd009dc06b86a', 'ndarray-b6c90c79ca4bb2c81c09799cbca63264'} (stimulus_id='handle-worker-cleanup-1729716142.9999785')
Fitted
Pipeline(steps=[('mlpclassifier',
                 MLPClassifier(activation='tanh', alpha=0.0040088997975,
                               early_stopping=True,
                               hidden_layer_sizes=[122, 122],
                               learning_rate='adaptive',
                               learning_rate_init=0.0245391748027,
                               n_iter_no_change=32))])
score start
train score: {'auroc': 0.9879530718820199, 'accuracy': 0.9395696627498855, 'balanced_accuracy': 0.9377269833776094, 'logloss': 0.13828095442378546, 'f1': 0.9372991388558671}
original test score: {'auroc': 0.991803937696939, 'accuracy': 0.9499694935936547, 'balanced_accuracy': 0.947807116550758, 'logloss': 0.11735670316742289, 'f1': 0.9480252390719892}
imputed test score: {'auroc': 0.9908004960001484, 'accuracy': 0.9481391092129348, 'balanced_accuracy': 0.9452977392412187, 'logloss': 0.12271265415104426, 'f1': 0.9460570726741699}
score end
check intended
EXP2 Finished
running experiment 3/3 - What is the best automl settings?
<tpot2.search_spaces.pipelines.sequential.SequentialPipeline object at 0x15543504f9d0>
Start tpot fit
Version 0.1.7a0 of tpot2 is outdated. Version 0.1.8a0 was released Tuesday September 17, 2024.
Version 0.1.7a0 of tpot2 is outdated. Version 0.1.8a0 was released Tuesday September 17, 2024.
Version 0.1.7a0 of tpot2 is outdated. Version 0.1.8a0 was released Tuesday September 17, 2024.
Version 0.1.7a0 of tpot2 is outdated. Version 0.1.8a0 was released Tuesday September 17, 2024.
Version 0.1.7a0 of tpot2 is outdated. Version 0.1.8a0 was released Tuesday September 17, 2024.
Version 0.1.7a0 of tpot2 is outdated. Version 0.1.8a0 was released Tuesday September 17, 2024.
Version 0.1.7a0 of tpot2 is outdated. Version 0.1.8a0 was released Tuesday September 17, 2024.
Version 0.1.7a0 of tpot2 is outdated. Version 0.1.8a0 was released Tuesday September 17, 2024.
Version 0.1.7a0 of tpot2 is outdated. Version 0.1.8a0 was released Tuesday September 17, 2024.
Version 0.1.7a0 of tpot2 is outdated. Version 0.1.8a0 was released Tuesday September 17, 2024.
Version 0.1.7a0 of tpot2 is outdated. Version 0.1.8a0 was released Tuesday September 17, 2024.
Version 0.1.7a0 of tpot2 is outdated. Version 0.1.8a0 was released Tuesday September 17, 2024.
Version 0.1.7a0 of tpot2 is outdated. Version 0.1.8a0 was released Tuesday September 17, 2024.
Version 0.1.7a0 of tpot2 is outdated. Version 0.1.8a0 was released Tuesday September 17, 2024.
Version 0.1.7a0 of tpot2 is outdated. Version 0.1.8a0 was released Tuesday September 17, 2024.
Version 0.1.7a0 of tpot2 is outdated. Version 0.1.8a0 was released Tuesday September 17, 2024.
  0%|          | 0/25 [00:00<?, ?it/s]Generation:   0%|          | 0/25 [00:00<?, ?it/s]Generation:  1
Best f1_score score: 0.9341572453565107
Generation:   4%|▍         | 1/25 [00:38<15:26, 38.60s/it]Generation:  2
Best f1_score score: 0.9358361354513984
Generation:   8%|▊         | 2/25 [01:20<15:34, 40.62s/it]Generation:  3
Best f1_score score: 0.9358361354513984
Generation:  12%|█▏        | 3/25 [02:02<15:03, 41.06s/it]Generation:  4
Best f1_score score: 0.938076878684012
Generation:  16%|█▌        | 4/25 [02:34<13:08, 37.56s/it]Generation:  5
Best f1_score score: 0.9382345805764098
Generation:  20%|██        | 5/25 [03:27<14:21, 43.06s/it]Generation:  6
Best f1_score score: 0.9382345805764098
Generation:  24%|██▍       | 6/25 [07:09<32:52, 103.84s/it]Generation:  7
Best f1_score score: 0.9382345805764098
Generation:  28%|██▊       | 7/25 [10:47<42:20, 141.15s/it]Generation:  8
Best f1_score score: 0.9382345805764098
Generation:  32%|███▏      | 8/25 [18:09<1:07:09, 237.01s/it]Generation:  9
Best f1_score score: 0.9382345805764098
Generation:  36%|███▌      | 9/25 [19:17<49:06, 184.16s/it]  Generation:  10
Best f1_score score: 0.9397971151246157
Generation:  40%|████      | 10/25 [22:58<48:52, 195.47s/it]Generation:  11
Best f1_score score: 0.9397971151246157
Generation:  44%|████▍     | 11/25 [26:09<45:17, 194.13s/it]WARNING AN INDIVIDUAL TIMED OUT: 
 <tpot2.search_spaces.pipelines.sequential.SequentialPipelineIndividual object at 0x155465b13a00> 

Generation:  12
Best f1_score score: 0.9397971151246157
Generation:  48%|████▊     | 12/25 [36:13<1:09:06, 318.93s/it]Generation:  13
Best f1_score score: 0.9397971151246157
Generation:  52%|█████▏    | 13/25 [42:34<1:07:32, 337.68s/it]Generation:  14
Best f1_score score: 0.9397971151246157
Generation:  56%|█████▌    | 14/25 [52:29<1:16:09, 415.37s/it]Generation:  15
Best f1_score score: 0.9397971151246157
Generation:  60%|██████    | 15/25 [54:37<54:47, 328.71s/it]  WARNING AN INDIVIDUAL TIMED OUT: 
 <tpot2.search_spaces.pipelines.sequential.SequentialPipelineIndividual object at 0x155465aa0e50> 

Generation:  16
Best f1_score score: 0.9397971151246157
Generation:  64%|██████▍   | 16/25 [1:04:42<1:01:46, 411.87s/it]Generation:  17
Best f1_score score: 0.9397971151246157
Generation:  68%|██████▊   | 17/25 [1:05:39<40:43, 305.41s/it]  Generation:  18
Best f1_score score: 0.9397971151246157
Generation:  72%|███████▏  | 18/25 [1:09:26<32:52, 281.78s/it]Generation:  19
Best f1_score score: 0.9397971151246157
Generation:  76%|███████▌  | 19/25 [1:11:58<24:16, 242.79s/it]Generation:  20
Best f1_score score: 0.9397971151246157
Generation:  80%|████████  | 20/25 [1:14:53<18:32, 222.42s/it]Generation:  21
Best f1_score score: 0.9397971151246157
Generation:  84%|████████▍ | 21/25 [1:21:05<17:49, 267.43s/it]Generation:  22
Best f1_score score: 0.9397971151246157
Generation:  88%|████████▊ | 22/25 [1:24:40<12:34, 251.54s/it]Generation:  23
Best f1_score score: 0.9397971151246157
Generation:  92%|█████████▏| 23/25 [1:27:29<07:33, 226.74s/it]Generation:  24
Best f1_score score: 0.9397971151246157
Generation:  96%|█████████▌| 24/25 [1:32:14<04:04, 244.35s/it]WARNING AN INDIVIDUAL TIMED OUT: 
 <tpot2.search_spaces.pipelines.sequential.SequentialPipelineIndividual object at 0x155465271ae0> 

Generation:  25
Best f1_score score: 0.9397971151246157
Generation: 100%|██████████| 25/25 [1:42:18<00:00, 352.12s/it]Generation: 100%|██████████| 25/25 [1:42:18<00:00, 245.53s/it]
2024-10-23 15:24:50,049 - distributed.scheduler - ERROR - Removing worker 'tcp://127.0.0.1:35711' caused the cluster to lose scattered data, which can't be recovered: {'ndarray-422b2c53f5e51e71a00dd009dc06b86a', 'DataFrame-78b74baabfddf2997a1c567a1aeae782'} (stimulus_id='handle-worker-cleanup-1729722290.0493526')
Fitted
Pipeline(steps=[('simpleimputer', SimpleImputer()),
                ('mlpclassifier',
                 MLPClassifier(alpha=0.0077066718734, early_stopping=True,
                               hidden_layer_sizes=[100],
                               learning_rate='adaptive',
                               learning_rate_init=0.0109996944946,
                               n_iter_no_change=32))])
transform worked
try transform
transform worked
score start
train score: {'auroc': 0.9892862878337878, 'accuracy': 0.938806653441172, 'balanced_accuracy': 0.9299393614571825, 'logloss': 0.13784830665876754, 'f1': 0.9355361975336942}
test score: {'auroc': 0.9907541119463676, 'accuracy': 0.9456985967053081, 'balanced_accuracy': 0.9386238469697298, 'logloss': 0.1292351990762919, 'f1': 0.9430099019958313}
original test score: {'auroc': 0.9919570050744155, 'accuracy': 0.9487492373398414, 'balanced_accuracy': 0.9426437982973961, 'logloss': 0.12085519918111369, 'f1': 0.946315099901736}
score end
725
lvl
0.01
type
MNAR
num_run
1
class_simple
finished
all finished
full run takes
3.4482467450698215
hours
DONE
