Run: 51
/cm/local/apps/slurm/var/spool/job957151/slurm_script: line 26: 
pip install -e tpot2
pip install -r tpot2/ImputerExperiments/requirements_.txt
: No such file or directory
RunStart
Version 0.1.7a0 of tpot2 is outdated. Version 0.1.8a0 was released 1 day ago.
starting loops
../data/r/197/197.pkl
working on 
../data/r/197/reg_full_MCAR_0.3_3
2.4860341548919678
running experiment 1/3 - Does large hyperparameter space improve reconstruction accuracy over simple
[I 2024-09-18 19:50:16,771] A new study created in memory with name: no-name-af2d4619-a893-44dc-a11e-2f135fad5ead
running
running
running
running
running
running
running
running
running
running
running
running
running
running
running
running
[I 2024-09-18 19:50:17,566] Trial 13 finished with value: 0.0967500864668701 and parameters: {'model_name': 'SimpleImputer', 'strategy': 'median'}. Best is trial 13 with value: 0.0967500864668701.
running
[I 2024-09-18 19:50:17,942] Trial 5 finished with value: 0.15167902692042573 and parameters: {'model_name': 'SimpleImputer', 'strategy': 'most_frequent'}. Best is trial 13 with value: 0.0967500864668701.
running
[I 2024-09-18 19:50:18,249] Trial 17 finished with value: 0.09119865359727272 and parameters: {'model_name': 'SimpleImputer', 'strategy': 'mean'}. Best is trial 17 with value: 0.09119865359727272.
running
[I 2024-09-18 19:50:25,383] Trial 7 finished with value: 0.09058505672680135 and parameters: {'model_name': 'KNNImputer', 'n_neighbors': 3252, 'weights': 'uniform'}. Best is trial 7 with value: 0.09058505672680135.
running
[I 2024-09-18 19:50:27,315] Trial 4 finished with value: 0.08877493157711587 and parameters: {'model_name': 'KNNImputer', 'n_neighbors': 5144, 'weights': 'distance'}. Best is trial 4 with value: 0.08877493157711587.
running
[I 2024-09-18 19:50:27,733] Trial 0 finished with value: 0.08877493157711587 and parameters: {'model_name': 'KNNImputer', 'n_neighbors': 5533, 'weights': 'distance'}. Best is trial 4 with value: 0.08877493157711587.
running
[I 2024-09-18 19:50:34,361] Trial 15 finished with value: 0.07650741638077369 and parameters: {'model_name': 'IterativeImputer', 'estimator': 'Ridge', 'initial_strategy': 'mean', 'n_nearest_features': 12, 'imputation_order': 'roman'}. Best is trial 15 with value: 0.07650741638077369.
running
[I 2024-09-18 19:50:34,855] Trial 21 finished with value: 0.08824225380427426 and parameters: {'model_name': 'KNNImputer', 'n_neighbors': 3323, 'weights': 'distance'}. Best is trial 15 with value: 0.07650741638077369.
running
[I 2024-09-18 19:50:48,081] Trial 8 finished with value: inf and parameters: {'model_name': 'GAIN', 'batch_size': 1, 'hint_rate': 0.5915361180667547, 'alpha': 89, 'iterations': 2, 'learning_rate': 0.0004207458364410485, 'p_miss': 0.047557729581494144}. Best is trial 15 with value: 0.07650741638077369.
running
[I 2024-09-18 19:50:57,879] Trial 24 finished with value: 0.09119865359727272 and parameters: {'model_name': 'KNNImputer', 'n_neighbors': 5159, 'weights': 'uniform'}. Best is trial 15 with value: 0.07650741638077369.
running
[I 2024-09-18 19:51:10,583] Trial 6 finished with value: 0.15099566423015492 and parameters: {'model_name': 'GAIN', 'batch_size': 84, 'hint_rate': 0.47078275330849434, 'alpha': 79, 'iterations': 31, 'learning_rate': 0.007939975742470894, 'p_miss': 0.058876031466652545}. Best is trial 15 with value: 0.07650741638077369.
running
[I 2024-09-18 19:52:01,030] Trial 23 finished with value: 0.07908307219790456 and parameters: {'model_name': 'IterativeImputer', 'estimator': 'Bayesian', 'initial_strategy': 'constant', 'n_nearest_features': 5, 'imputation_order': 'random', 'sample_posterior': False}. Best is trial 15 with value: 0.07650741638077369.
running
[I 2024-09-18 19:52:09,300] Trial 25 finished with value: 0.07650741638077369 and parameters: {'model_name': 'IterativeImputer', 'estimator': 'Ridge', 'initial_strategy': 'mean', 'n_nearest_features': 12, 'imputation_order': 'roman'}. Best is trial 15 with value: 0.07650741638077369.
running
[I 2024-09-18 19:52:21,946] Trial 26 finished with value: 0.07650741638077369 and parameters: {'model_name': 'IterativeImputer', 'estimator': 'Ridge', 'initial_strategy': 'mean', 'n_nearest_features': 12, 'imputation_order': 'roman'}. Best is trial 15 with value: 0.07650741638077369.
running
[I 2024-09-18 19:52:24,529] Trial 3 finished with value: 0.0962965749813837 and parameters: {'model_name': 'VAE', 'batch_size': 110, 'iterations': 6, 'learning_rate': 0.0025039703130302275, 'p_miss': 0.02728048366895288}. Best is trial 15 with value: 0.07650741638077369.
running
[I 2024-09-18 19:52:29,923] Trial 12 finished with value: 0.07503783766326846 and parameters: {'model_name': 'IterativeImputer', 'estimator': 'Bayesian', 'initial_strategy': 'mean', 'n_nearest_features': 15, 'imputation_order': 'random', 'sample_posterior': False}. Best is trial 12 with value: 0.07503783766326846.
running
[I 2024-09-18 19:53:31,356] Trial 28 finished with value: 0.07508828550509736 and parameters: {'model_name': 'IterativeImputer', 'estimator': 'Ridge', 'initial_strategy': 'mean', 'n_nearest_features': 15, 'imputation_order': 'roman'}. Best is trial 12 with value: 0.07503783766326846.
running
[I 2024-09-18 19:53:46,767] Trial 30 finished with value: 0.07504877200272864 and parameters: {'model_name': 'IterativeImputer', 'estimator': 'Ridge', 'initial_strategy': 'mean', 'n_nearest_features': 16, 'imputation_order': 'roman'}. Best is trial 12 with value: 0.07503783766326846.
running
[I 2024-09-18 19:53:54,147] Trial 10 finished with value: 0.09382874109310821 and parameters: {'model_name': 'VAE', 'batch_size': 387, 'iterations': 12, 'learning_rate': 0.04617733519941354, 'p_miss': 0.23641083426376627}. Best is trial 12 with value: 0.07503783766326846.
running
[I 2024-09-18 19:55:39,701] Trial 27 finished with value: 0.07594539394743942 and parameters: {'model_name': 'IterativeImputer', 'estimator': 'Bayesian', 'initial_strategy': 'constant', 'n_nearest_features': 9, 'imputation_order': 'random', 'sample_posterior': False}. Best is trial 12 with value: 0.07503783766326846.
running
[I 2024-09-18 19:57:01,770] Trial 31 finished with value: 0.11101436173006787 and parameters: {'model_name': 'IterativeImputer', 'estimator': 'Bayesian', 'initial_strategy': 'mean', 'n_nearest_features': 19, 'imputation_order': 'ascending', 'sample_posterior': True}. Best is trial 12 with value: 0.07503783766326846.
running
[I 2024-09-18 20:04:39,284] Trial 20 finished with value: 0.174360169160491 and parameters: {'model_name': 'GAIN', 'batch_size': 78, 'hint_rate': 0.10304743422316147, 'alpha': 31, 'iterations': 844, 'learning_rate': 0.03808862430561374, 'p_miss': 0.29107245440611207}. Best is trial 12 with value: 0.07503783766326846.
running
[I 2024-09-18 20:10:38,967] Trial 37 finished with value: 0.08246115815825202 and parameters: {'model_name': 'IterativeImputer', 'estimator': 'KNN', 'initial_strategy': 'median', 'n_nearest_features': 18, 'imputation_order': 'arabic'}. Best is trial 12 with value: 0.07503783766326846.
running
[I 2024-09-18 20:34:22,345] Trial 19 finished with value: 0.09330526531846592 and parameters: {'model_name': 'VAE', 'batch_size': 275, 'iterations': 125, 'learning_rate': 0.003950891434621722, 'p_miss': 0.2657162881230761}. Best is trial 12 with value: 0.07503783766326846.
running
[I 2024-09-18 20:49:52,189] Trial 18 finished with value: 0.08088056433368848 and parameters: {'model_name': 'IterativeImputer', 'estimator': 'RFR', 'initial_strategy': 'most_frequent', 'n_nearest_features': 4, 'imputation_order': 'ascending'}. Best is trial 12 with value: 0.07503783766326846.
running
[I 2024-09-18 20:51:08,848] Trial 40 finished with value: 0.0750953040130046 and parameters: {'model_name': 'IterativeImputer', 'estimator': 'Ridge', 'initial_strategy': 'mean', 'n_nearest_features': 16, 'imputation_order': 'descending'}. Best is trial 12 with value: 0.07503783766326846.
running
[I 2024-09-18 20:52:22,392] Trial 41 finished with value: 0.07508828550509736 and parameters: {'model_name': 'IterativeImputer', 'estimator': 'Ridge', 'initial_strategy': 'mean', 'n_nearest_features': 15, 'imputation_order': 'roman'}. Best is trial 12 with value: 0.07503783766326846.
running
[I 2024-09-18 20:53:31,312] Trial 11 finished with value: 0.09471827911977224 and parameters: {'model_name': 'VAE', 'batch_size': 3, 'iterations': 4, 'learning_rate': 0.006297360890747026, 'p_miss': 0.2238436612771391}. Best is trial 12 with value: 0.07503783766326846.
running
[I 2024-09-18 20:54:24,599] Trial 42 finished with value: 0.0801389647518759 and parameters: {'model_name': 'IterativeImputer', 'estimator': 'KNN', 'initial_strategy': 'mean', 'n_nearest_features': 21, 'imputation_order': 'random'}. Best is trial 12 with value: 0.07503783766326846.
running
[I 2024-09-18 20:55:32,728] Trial 43 finished with value: 0.0801389647518759 and parameters: {'model_name': 'IterativeImputer', 'estimator': 'KNN', 'initial_strategy': 'mean', 'n_nearest_features': 21, 'imputation_order': 'random'}. Best is trial 12 with value: 0.07503783766326846.
running
[I 2024-09-18 21:23:35,681] Trial 9 finished with value: 0.06775697522231743 and parameters: {'model_name': 'IterativeImputer', 'estimator': 'RFR', 'initial_strategy': 'constant', 'n_nearest_features': 11, 'imputation_order': 'ascending'}. Best is trial 9 with value: 0.06775697522231743.
running
[I 2024-09-18 21:29:54,882] Trial 2 finished with value: 0.09403814943655422 and parameters: {'model_name': 'VAE', 'batch_size': 3, 'iterations': 7, 'learning_rate': 0.004492218333056781, 'p_miss': 0.15782477968121694}. Best is trial 9 with value: 0.06775697522231743.
running
[I 2024-09-18 21:38:50,204] Trial 16 finished with value: 0.09256961995136835 and parameters: {'model_name': 'VAE', 'batch_size': 15, 'iterations': 35, 'learning_rate': 0.016509263760678697, 'p_miss': 0.2744057893455989}. Best is trial 9 with value: 0.06775697522231743.
running
[I 2024-09-18 21:48:53,962] Trial 22 finished with value: 0.06773020129069171 and parameters: {'model_name': 'IterativeImputer', 'estimator': 'RFR', 'initial_strategy': 'mean', 'n_nearest_features': 16, 'imputation_order': 'descending'}. Best is trial 22 with value: 0.06773020129069171.
running
[I 2024-09-18 22:03:16,808] Trial 38 finished with value: 0.06763324619483989 and parameters: {'model_name': 'IterativeImputer', 'estimator': 'RFR', 'initial_strategy': 'most_frequent', 'n_nearest_features': 16, 'imputation_order': 'descending'}. Best is trial 38 with value: 0.06763324619483989.
running
[I 2024-09-18 22:06:50,521] Trial 36 finished with value: 0.06663434638389101 and parameters: {'model_name': 'IterativeImputer', 'estimator': 'RFR', 'initial_strategy': 'most_frequent', 'n_nearest_features': 19, 'imputation_order': 'arabic'}. Best is trial 36 with value: 0.06663434638389101.
running
[I 2024-09-18 22:07:13,206] Trial 34 finished with value: 0.06699285153743945 and parameters: {'model_name': 'IterativeImputer', 'estimator': 'RFR', 'initial_strategy': 'most_frequent', 'n_nearest_features': 21, 'imputation_order': 'descending'}. Best is trial 36 with value: 0.06663434638389101.
running
[I 2024-09-18 22:07:13,842] Trial 52 finished with value: 0.15167902692042573 and parameters: {'model_name': 'SimpleImputer', 'strategy': 'constant'}. Best is trial 36 with value: 0.06663434638389101.
running
[I 2024-09-18 22:07:44,823] Trial 32 finished with value: 0.06719964829672642 and parameters: {'model_name': 'IterativeImputer', 'estimator': 'RFR', 'initial_strategy': 'most_frequent', 'n_nearest_features': 21, 'imputation_order': 'arabic'}. Best is trial 36 with value: 0.06663434638389101.
running
[I 2024-09-18 22:09:07,952] Trial 35 finished with value: 0.06685760720602818 and parameters: {'model_name': 'IterativeImputer', 'estimator': 'RFR', 'initial_strategy': 'median', 'n_nearest_features': 21, 'imputation_order': 'descending'}. Best is trial 36 with value: 0.06663434638389101.
running
[I 2024-09-18 22:28:11,687] Trial 14 finished with value: 0.09487303298401614 and parameters: {'model_name': 'VAE', 'batch_size': 97, 'iterations': 287, 'learning_rate': 0.05745794034032186, 'p_miss': 0.18142960839485503}. Best is trial 36 with value: 0.06663434638389101.
running
[I 2024-09-18 22:30:06,375] Trial 39 finished with value: 0.06747128740887126 and parameters: {'model_name': 'IterativeImputer', 'estimator': 'RFR', 'initial_strategy': 'most_frequent', 'n_nearest_features': 16, 'imputation_order': 'descending'}. Best is trial 36 with value: 0.06663434638389101.
running
[I 2024-09-18 22:45:34,556] Trial 44 finished with value: 0.0672985263319143 and parameters: {'model_name': 'IterativeImputer', 'estimator': 'RFR', 'initial_strategy': 'most_frequent', 'n_nearest_features': 15, 'imputation_order': 'roman'}. Best is trial 36 with value: 0.06663434638389101.
running
[I 2024-09-18 22:52:53,825] Trial 45 finished with value: 0.06688738816110379 and parameters: {'model_name': 'IterativeImputer', 'estimator': 'RFR', 'initial_strategy': 'median', 'n_nearest_features': 16, 'imputation_order': 'roman'}. Best is trial 36 with value: 0.06663434638389101.
running
[I 2024-09-18 22:56:24,185] Trial 1 finished with value: 0.17910050990378518 and parameters: {'model_name': 'GAIN', 'batch_size': 961, 'hint_rate': 0.6565378852425369, 'alpha': 69, 'iterations': 4503, 'learning_rate': 0.009136976136612601, 'p_miss': 0.13271891361830826}. Best is trial 36 with value: 0.06663434638389101.
running
[I 2024-09-18 22:56:32,545] Trial 60 finished with value: 0.1593142856752966 and parameters: {'model_name': 'GAIN', 'batch_size': 16, 'hint_rate': 0.9667449100974019, 'alpha': 6, 'iterations': 1, 'learning_rate': 0.00012699657966041652, 'p_miss': 0.09534320410931016}. Best is trial 36 with value: 0.06663434638389101.
running
[I 2024-09-18 22:56:41,879] Trial 61 finished with value: 0.08169803754469898 and parameters: {'model_name': 'KNNImputer', 'n_neighbors': 232, 'weights': 'uniform'}. Best is trial 36 with value: 0.06663434638389101.
running
[I 2024-09-18 23:11:31,845] Trial 49 finished with value: 0.07173395152535922 and parameters: {'model_name': 'IterativeImputer', 'estimator': 'RFR', 'initial_strategy': 'constant', 'n_nearest_features': 8, 'imputation_order': 'descending'}. Best is trial 36 with value: 0.06663434638389101.
running
[I 2024-09-18 23:13:57,275] Trial 53 finished with value: 0.19018123327233166 and parameters: {'model_name': 'GAIN', 'batch_size': 828, 'hint_rate': 0.9809576578957941, 'alpha': 2, 'iterations': 1439, 'learning_rate': 0.0001542519364853327, 'p_miss': 0.11765501647731422}. Best is trial 36 with value: 0.06663434638389101.
running
[I 2024-09-18 23:13:57,758] Trial 64 finished with value: 0.15167902692042573 and parameters: {'model_name': 'SimpleImputer', 'strategy': 'constant'}. Best is trial 36 with value: 0.06663434638389101.
running
[I 2024-09-18 23:16:36,341] Trial 46 finished with value: 0.06812108639314794 and parameters: {'model_name': 'IterativeImputer', 'estimator': 'RFR', 'initial_strategy': 'constant', 'n_nearest_features': 15, 'imputation_order': 'ascending'}. Best is trial 36 with value: 0.06663434638389101.
running
[I 2024-09-18 23:25:24,569] Trial 47 finished with value: 0.06772097041839528 and parameters: {'model_name': 'IterativeImputer', 'estimator': 'RFR', 'initial_strategy': 'constant', 'n_nearest_features': 15, 'imputation_order': 'ascending'}. Best is trial 36 with value: 0.06663434638389101.
running
[I 2024-09-18 23:32:34,545] Trial 50 finished with value: 0.07188122797506132 and parameters: {'model_name': 'IterativeImputer', 'estimator': 'RFR', 'initial_strategy': 'most_frequent', 'n_nearest_features': 9, 'imputation_order': 'descending'}. Best is trial 36 with value: 0.06663434638389101.
running
[I 2024-09-18 23:36:30,286] Trial 51 finished with value: 0.07219247738554799 and parameters: {'model_name': 'IterativeImputer', 'estimator': 'RFR', 'initial_strategy': 'most_frequent', 'n_nearest_features': 9, 'imputation_order': 'descending'}. Best is trial 36 with value: 0.06663434638389101.
running
[I 2024-09-18 23:38:12,577] Trial 48 finished with value: 0.06702424549470973 and parameters: {'model_name': 'IterativeImputer', 'estimator': 'RFR', 'initial_strategy': 'constant', 'n_nearest_features': 16, 'imputation_order': 'roman'}. Best is trial 36 with value: 0.06663434638389101.
running
[I 2024-09-18 23:39:52,555] Trial 57 finished with value: 0.18277109924940232 and parameters: {'model_name': 'GAIN', 'batch_size': 984, 'hint_rate': 0.9347024831081686, 'alpha': 4, 'iterations': 1407, 'learning_rate': 0.00011178476626057489, 'p_miss': 0.09287943603429913}. Best is trial 36 with value: 0.06663434638389101.
running
[I 2024-09-18 23:42:45,549] Trial 63 finished with value: inf and parameters: {'model_name': 'GAIN', 'batch_size': 1, 'hint_rate': 0.09106321302299691, 'alpha': 43, 'iterations': 8062, 'learning_rate': 0.0016297472299901384, 'p_miss': 0.10183052285795582}. Best is trial 36 with value: 0.06663434638389101.
running
[I 2024-09-19 00:21:16,457] Trial 55 finished with value: 0.1701718649028976 and parameters: {'model_name': 'GAIN', 'batch_size': 17, 'hint_rate': 0.9597913473937383, 'alpha': 11, 'iterations': 7112, 'learning_rate': 0.00010826261431391654, 'p_miss': 0.12023253998495684}. Best is trial 36 with value: 0.06663434638389101.
running
[I 2024-09-19 00:23:47,908] Trial 54 finished with value: 0.17443429860299284 and parameters: {'model_name': 'GAIN', 'batch_size': 14, 'hint_rate': 0.9789856184288293, 'alpha': 7, 'iterations': 7455, 'learning_rate': 0.00011757461704043347, 'p_miss': 0.11962640495846073}. Best is trial 36 with value: 0.06663434638389101.
running
[I 2024-09-19 01:08:15,452] Trial 62 finished with value: 0.06736999075463337 and parameters: {'model_name': 'IterativeImputer', 'estimator': 'RFR', 'initial_strategy': 'median', 'n_nearest_features': 19, 'imputation_order': 'arabic'}. Best is trial 36 with value: 0.06663434638389101.
running
[I 2024-09-19 01:24:04,510] Trial 65 finished with value: 0.06635807463296675 and parameters: {'model_name': 'IterativeImputer', 'estimator': 'RFR', 'initial_strategy': 'median', 'n_nearest_features': 19, 'imputation_order': 'arabic'}. Best is trial 65 with value: 0.06635807463296675.
running
[I 2024-09-19 01:25:56,626] Trial 66 finished with value: 0.0671874071952843 and parameters: {'model_name': 'IterativeImputer', 'estimator': 'RFR', 'initial_strategy': 'median', 'n_nearest_features': 19, 'imputation_order': 'arabic'}. Best is trial 65 with value: 0.06635807463296675.
running
[I 2024-09-19 01:35:11,325] Trial 67 finished with value: 0.06667821390153775 and parameters: {'model_name': 'IterativeImputer', 'estimator': 'RFR', 'initial_strategy': 'median', 'n_nearest_features': 19, 'imputation_order': 'arabic'}. Best is trial 65 with value: 0.06635807463296675.
running
[I 2024-09-19 01:42:13,680] Trial 68 finished with value: 0.06715095468657337 and parameters: {'model_name': 'IterativeImputer', 'estimator': 'RFR', 'initial_strategy': 'median', 'n_nearest_features': 19, 'imputation_order': 'arabic'}. Best is trial 65 with value: 0.06635807463296675.
running
[I 2024-09-19 01:45:44,590] Trial 69 finished with value: 0.06658330776142417 and parameters: {'model_name': 'IterativeImputer', 'estimator': 'RFR', 'initial_strategy': 'median', 'n_nearest_features': 19, 'imputation_order': 'arabic'}. Best is trial 65 with value: 0.06635807463296675.
running
[I 2024-09-19 01:47:00,188] Trial 70 finished with value: 0.0672001033096074 and parameters: {'model_name': 'IterativeImputer', 'estimator': 'RFR', 'initial_strategy': 'median', 'n_nearest_features': 19, 'imputation_order': 'arabic'}. Best is trial 65 with value: 0.06635807463296675.
running
[I 2024-09-19 01:48:15,719] Trial 58 finished with value: 0.18051787566317035 and parameters: {'model_name': 'GAIN', 'batch_size': 932, 'hint_rate': 0.9882869129445762, 'alpha': 11, 'iterations': 4166, 'learning_rate': 0.00010255145699019867, 'p_miss': 0.09182954985364745}. Best is trial 65 with value: 0.06635807463296675.
running
[I 2024-09-19 01:48:22,995] Trial 82 finished with value: 0.08432264639334848 and parameters: {'model_name': 'KNNImputer', 'n_neighbors': 478, 'weights': 'uniform'}. Best is trial 65 with value: 0.06635807463296675.
running
[I 2024-09-19 01:49:34,285] Trial 71 finished with value: 0.06685351025382409 and parameters: {'model_name': 'IterativeImputer', 'estimator': 'RFR', 'initial_strategy': 'median', 'n_nearest_features': 19, 'imputation_order': 'arabic'}. Best is trial 65 with value: 0.06635807463296675.
running
[I 2024-09-19 01:52:23,505] Trial 72 finished with value: 0.06701468388363593 and parameters: {'model_name': 'IterativeImputer', 'estimator': 'RFR', 'initial_strategy': 'median', 'n_nearest_features': 19, 'imputation_order': 'arabic'}. Best is trial 65 with value: 0.06635807463296675.
running
[I 2024-09-19 03:33:02,994] Trial 76 finished with value: 0.06651638895357077 and parameters: {'model_name': 'IterativeImputer', 'estimator': 'RFR', 'initial_strategy': 'median', 'n_nearest_features': 20, 'imputation_order': 'arabic'}. Best is trial 65 with value: 0.06635807463296675.
running
[I 2024-09-19 04:36:59,303] Trial 59 finished with value: 0.18327358780071426 and parameters: {'model_name': 'GAIN', 'batch_size': 814, 'hint_rate': 0.9669798264658568, 'alpha': 3, 'iterations': 8023, 'learning_rate': 0.00011303911996107006, 'p_miss': 0.09845799462890996}. Best is trial 65 with value: 0.06635807463296675.
running
[I 2024-09-19 05:12:09,250] Trial 56 finished with value: 0.18007612139228352 and parameters: {'model_name': 'GAIN', 'batch_size': 817, 'hint_rate': 0.8969012065800246, 'alpha': 5, 'iterations': 9326, 'learning_rate': 0.00010087909278330167, 'p_miss': 0.09748372695808374}. Best is trial 65 with value: 0.06635807463296675.
running
[I 2024-09-19 06:36:31,735] Trial 87 finished with value: 0.06735063682421064 and parameters: {'model_name': 'IterativeImputer', 'estimator': 'RFR', 'initial_strategy': 'median', 'n_nearest_features': 18, 'imputation_order': 'arabic'}. Best is trial 65 with value: 0.06635807463296675.
running
