Run: 4
/cm/local/apps/slurm/var/spool/job1030457/slurm_script: line 27: 
pip install -e tpot2
pip install -r tpot2/ImputerExperiments/requirements_.txt
: No such file or directory
RunStart
Version 0.1.7a0 of tpot2 is outdated. Version 0.1.8a0 was released Tuesday September 17, 2024.
starting loops
../data/c/847/847.pkl
working on 
../data/c/847/class_full_MCAR_0.5_1
2.828939914703369
running experiment 1/3 - Does large hyperparameter space improve reconstruction accuracy over simple
[I 2024-10-29 10:50:06,357] A new study created in memory with name: no-name-dc03e734-8cde-4633-8f04-cd949e54ec62
running
running
running
running
running
running
running
running
running
running
running
running
running
running
running
running
[I 2024-10-29 10:50:06,618] Trial 0 finished with value: 0.18424198889523571 and parameters: {'model_name': 'SimpleImputer', 'strategy': 'mean'}. Best is trial 0 with value: 0.18424198889523571.
running
[I 2024-10-29 10:50:06,879] Trial 5 finished with value: 0.2811794839898531 and parameters: {'model_name': 'SimpleImputer', 'strategy': 'constant'}. Best is trial 0 with value: 0.18424198889523571.
[I 2024-10-29 10:50:06,991] Trial 14 finished with value: 0.18424198889523571 and parameters: {'model_name': 'SimpleImputer', 'strategy': 'mean'}. Best is trial 0 with value: 0.18424198889523571.
running
running
[I 2024-10-29 10:50:07,226] Trial 6 finished with value: 0.2811794839898531 and parameters: {'model_name': 'SimpleImputer', 'strategy': 'most_frequent'}. Best is trial 0 with value: 0.18424198889523571.
running
[I 2024-10-29 10:50:07,598] Trial 19 finished with value: 0.2811794839898531 and parameters: {'model_name': 'SimpleImputer', 'strategy': 'most_frequent'}. Best is trial 0 with value: 0.18424198889523571.
running
[I 2024-10-29 10:50:10,301] Trial 8 finished with value: 0.18535089665478668 and parameters: {'model_name': 'KNNImputer', 'n_neighbors': 4618, 'weights': 'distance'}. Best is trial 0 with value: 0.18424198889523571.
running
[I 2024-10-29 10:50:11,059] Trial 20 finished with value: 0.18517114402297774 and parameters: {'model_name': 'KNNImputer', 'n_neighbors': 3832, 'weights': 'uniform'}. Best is trial 0 with value: 0.18424198889523571.
running
[I 2024-10-29 10:50:11,543] Trial 22 finished with value: 0.274742681008929 and parameters: {'model_name': 'SimpleImputer', 'strategy': 'median'}. Best is trial 0 with value: 0.18424198889523571.
running
[I 2024-10-29 10:50:13,963] Trial 1 finished with value: 0.18146723320294317 and parameters: {'model_name': 'VAE', 'batch_size': 11, 'iterations': 2, 'learning_rate': 0.013003006879854758, 'p_miss': 0.057377181370736705}. Best is trial 1 with value: 0.18146723320294317.
running
[I 2024-10-29 10:50:16,722] Trial 23 finished with value: 0.18869611091301206 and parameters: {'model_name': 'KNNImputer', 'n_neighbors': 1956, 'weights': 'distance'}. Best is trial 1 with value: 0.18146723320294317.
running
[I 2024-10-29 10:50:18,242] Trial 25 finished with value: 0.18872018491390702 and parameters: {'model_name': 'VAE', 'batch_size': 10, 'iterations': 1, 'learning_rate': 0.01971445275011571, 'p_miss': 0.042266691178243276}. Best is trial 1 with value: 0.18146723320294317.
running
[I 2024-10-29 10:50:23,047] Trial 18 finished with value: 0.17692348871305422 and parameters: {'model_name': 'IterativeImputer', 'estimator': 'Ridge', 'initial_strategy': 'median', 'n_nearest_features': 5, 'imputation_order': 'random'}. Best is trial 18 with value: 0.17692348871305422.
running
[I 2024-10-29 10:50:23,692] Trial 4 finished with value: 0.2731583499213176 and parameters: {'model_name': 'GAIN', 'batch_size': 48, 'hint_rate': 0.5953243538917635, 'alpha': 73, 'iterations': 25, 'learning_rate': 0.04211961839688122, 'p_miss': 0.28694661218061535}. Best is trial 18 with value: 0.17692348871305422.
running
[I 2024-10-29 10:50:25,360] Trial 26 finished with value: 0.27704826563232005 and parameters: {'model_name': 'GAIN', 'batch_size': 579, 'hint_rate': 0.3364589499104713, 'alpha': 28, 'iterations': 8, 'learning_rate': 0.0007143248241117111, 'p_miss': 0.09812482357380188}. Best is trial 18 with value: 0.17692348871305422.
running
[I 2024-10-29 10:50:39,782] Trial 24 finished with value: 0.17396534785410087 and parameters: {'model_name': 'IterativeImputer', 'estimator': 'Ridge', 'initial_strategy': 'constant', 'n_nearest_features': 12, 'imputation_order': 'descending'}. Best is trial 24 with value: 0.17396534785410087.
running
[I 2024-10-29 10:50:48,100] Trial 16 finished with value: 0.158023891790841 and parameters: {'model_name': 'VAE', 'batch_size': 682, 'iterations': 8, 'learning_rate': 0.005627354149032779, 'p_miss': 0.21078897860225568}. Best is trial 16 with value: 0.158023891790841.
running
[I 2024-10-29 10:50:48,936] Trial 28 finished with value: 0.17722409656812438 and parameters: {'model_name': 'IterativeImputer', 'estimator': 'Ridge', 'initial_strategy': 'median', 'n_nearest_features': 4, 'imputation_order': 'random'}. Best is trial 16 with value: 0.158023891790841.
running
[I 2024-10-29 10:50:50,585] Trial 27 finished with value: 0.17692348871305422 and parameters: {'model_name': 'IterativeImputer', 'estimator': 'Ridge', 'initial_strategy': 'median', 'n_nearest_features': 5, 'imputation_order': 'random'}. Best is trial 16 with value: 0.158023891790841.
running
[I 2024-10-29 10:50:52,020] Trial 29 finished with value: 0.17692348871305422 and parameters: {'model_name': 'IterativeImputer', 'estimator': 'Ridge', 'initial_strategy': 'median', 'n_nearest_features': 5, 'imputation_order': 'random'}. Best is trial 16 with value: 0.158023891790841.
running
[I 2024-10-29 10:51:07,513] Trial 30 finished with value: 0.1759722778871047 and parameters: {'model_name': 'IterativeImputer', 'estimator': 'Ridge', 'initial_strategy': 'median', 'n_nearest_features': 7, 'imputation_order': 'descending'}. Best is trial 16 with value: 0.158023891790841.
running
[I 2024-10-29 10:51:17,575] Trial 7 finished with value: 0.17461492708888912 and parameters: {'model_name': 'IterativeImputer', 'estimator': 'Bayesian', 'initial_strategy': 'mean', 'n_nearest_features': 9, 'imputation_order': 'descending', 'sample_posterior': False}. Best is trial 16 with value: 0.158023891790841.
running
[I 2024-10-29 10:51:19,729] Trial 9 finished with value: 0.2356153740933224 and parameters: {'model_name': 'IterativeImputer', 'estimator': 'Bayesian', 'initial_strategy': 'mean', 'n_nearest_features': 5, 'imputation_order': 'ascending', 'sample_posterior': True}. Best is trial 16 with value: 0.158023891790841.
running
[I 2024-10-29 10:51:20,814] Trial 21 finished with value: 0.19435701772953806 and parameters: {'model_name': 'IterativeImputer', 'estimator': 'KNN', 'initial_strategy': 'median', 'n_nearest_features': 14, 'imputation_order': 'arabic'}. Best is trial 16 with value: 0.158023891790841.
running
[I 2024-10-29 10:52:31,716] Trial 31 finished with value: 0.23655011656434946 and parameters: {'model_name': 'IterativeImputer', 'estimator': 'Bayesian', 'initial_strategy': 'constant', 'n_nearest_features': 14, 'imputation_order': 'descending', 'sample_posterior': True}. Best is trial 16 with value: 0.158023891790841.
running
[I 2024-10-29 10:57:37,972] Trial 15 finished with value: 0.18749265655118888 and parameters: {'model_name': 'VAE', 'batch_size': 101, 'iterations': 188, 'learning_rate': 0.015004396184906657, 'p_miss': 0.18001177281345304}. Best is trial 16 with value: 0.158023891790841.
running
[I 2024-10-29 10:58:16,812] Trial 3 finished with value: 0.28870914897339706 and parameters: {'model_name': 'GAIN', 'batch_size': 714, 'hint_rate': 0.12713613742750965, 'alpha': 44, 'iterations': 268, 'learning_rate': 0.0016867450605158518, 'p_miss': 0.15658705566827935}. Best is trial 16 with value: 0.158023891790841.
running
[I 2024-10-29 11:05:58,043] Trial 11 finished with value: inf and parameters: {'model_name': 'GAIN', 'batch_size': 1, 'hint_rate': 0.03293938860330223, 'alpha': 24, 'iterations': 3741, 'learning_rate': 0.03390379994540642, 'p_miss': 0.22408716629715342}. Best is trial 16 with value: 0.158023891790841.
running
[I 2024-10-29 11:06:49,738] Trial 12 finished with value: 0.26694092956228255 and parameters: {'model_name': 'GAIN', 'batch_size': 37, 'hint_rate': 0.023439155489742285, 'alpha': 100, 'iterations': 739, 'learning_rate': 0.0002141333969535615, 'p_miss': 0.290728067307704}. Best is trial 16 with value: 0.158023891790841.
running
[I 2024-10-29 11:08:17,950] Trial 43 finished with value: 0.16732489201461004 and parameters: {'model_name': 'VAE', 'batch_size': 220, 'iterations': 14, 'learning_rate': 0.004003080819320199, 'p_miss': 0.22207428753522168}. Best is trial 16 with value: 0.158023891790841.
running
[I 2024-10-29 11:09:38,232] Trial 44 finished with value: 0.1593338333727125 and parameters: {'model_name': 'VAE', 'batch_size': 195, 'iterations': 14, 'learning_rate': 0.0036226037256795484, 'p_miss': 0.2230834903052553}. Best is trial 16 with value: 0.158023891790841.
running
[I 2024-10-29 11:11:08,172] Trial 45 finished with value: 0.16694355919020806 and parameters: {'model_name': 'VAE', 'batch_size': 190, 'iterations': 14, 'learning_rate': 0.004186420333266808, 'p_miss': 0.2210548531353798}. Best is trial 16 with value: 0.158023891790841.
running
[I 2024-10-29 11:12:32,354] Trial 46 finished with value: 0.16094941796806478 and parameters: {'model_name': 'VAE', 'batch_size': 219, 'iterations': 15, 'learning_rate': 0.003993647441305869, 'p_miss': 0.22321804320432662}. Best is trial 16 with value: 0.158023891790841.
running
[I 2024-10-29 11:13:15,728] Trial 47 finished with value: 0.1715068839027129 and parameters: {'model_name': 'VAE', 'batch_size': 197, 'iterations': 6, 'learning_rate': 0.004012629358023831, 'p_miss': 0.2252881868927191}. Best is trial 16 with value: 0.158023891790841.
running
[I 2024-10-29 11:18:42,720] Trial 48 finished with value: 0.18900262839334103 and parameters: {'model_name': 'VAE', 'batch_size': 976, 'iterations': 41, 'learning_rate': 0.004764452783868107, 'p_miss': 0.20300840552790683}. Best is trial 16 with value: 0.158023891790841.
running
[I 2024-10-29 11:19:12,375] Trial 49 finished with value: 0.19565315090928478 and parameters: {'model_name': 'VAE', 'batch_size': 238, 'iterations': 4, 'learning_rate': 0.0015452571729473266, 'p_miss': 0.2491768125519369}. Best is trial 16 with value: 0.158023891790841.
running
[I 2024-10-29 11:22:53,581] Trial 50 finished with value: 0.18969924700771348 and parameters: {'model_name': 'VAE', 'batch_size': 314, 'iterations': 34, 'learning_rate': 0.006586506970490452, 'p_miss': 0.2520381495996767}. Best is trial 16 with value: 0.158023891790841.
running
[I 2024-10-29 11:24:02,436] Trial 51 finished with value: 0.1802802407844593 and parameters: {'model_name': 'VAE', 'batch_size': 87, 'iterations': 12, 'learning_rate': 0.0017651788968777399, 'p_miss': 0.17345060256394704}. Best is trial 16 with value: 0.158023891790841.
running
[I 2024-10-29 11:31:27,891] Trial 52 finished with value: 0.18875241431262987 and parameters: {'model_name': 'VAE', 'batch_size': 419, 'iterations': 71, 'learning_rate': 0.006937802133845516, 'p_miss': 0.25644446037763846}. Best is trial 16 with value: 0.158023891790841.
running
[I 2024-10-29 11:31:44,535] Trial 53 finished with value: 0.19543640788052652 and parameters: {'model_name': 'VAE', 'batch_size': 114, 'iterations': 3, 'learning_rate': 0.002138493621992229, 'p_miss': 0.12411115211551327}. Best is trial 16 with value: 0.158023891790841.
running
[I 2024-10-29 11:38:13,774] Trial 54 finished with value: 0.15921094442100142 and parameters: {'model_name': 'VAE', 'batch_size': 415, 'iterations': 74, 'learning_rate': 0.0006955992054335961, 'p_miss': 0.1926490406319143}. Best is trial 16 with value: 0.158023891790841.
running
[I 2024-10-29 11:40:09,569] Trial 2 finished with value: 0.17231810270539555 and parameters: {'model_name': 'IterativeImputer', 'estimator': 'RFR', 'initial_strategy': 'median', 'n_nearest_features': 8, 'imputation_order': 'descending'}. Best is trial 16 with value: 0.158023891790841.
running
[I 2024-10-29 11:46:16,394] Trial 55 finished with value: 0.16497639342279902 and parameters: {'model_name': 'VAE', 'batch_size': 513, 'iterations': 87, 'learning_rate': 0.0006602666216793008, 'p_miss': 0.18581101025851043}. Best is trial 16 with value: 0.158023891790841.
running
[I 2024-10-29 11:46:31,236] Trial 56 finished with value: 0.18365327662780737 and parameters: {'model_name': 'VAE', 'batch_size': 383, 'iterations': 74, 'learning_rate': 0.0003224713726833415, 'p_miss': 0.19597581647045245}. Best is trial 16 with value: 0.158023891790841.
running
[I 2024-10-29 11:54:07,453] Trial 57 finished with value: 0.16034222401542453 and parameters: {'model_name': 'VAE', 'batch_size': 492, 'iterations': 95, 'learning_rate': 0.0005618118308673381, 'p_miss': 0.19011131279588156}. Best is trial 16 with value: 0.158023891790841.
running
[I 2024-10-29 12:04:37,724] Trial 58 finished with value: 0.18551498644267983 and parameters: {'model_name': 'VAE', 'batch_size': 993, 'iterations': 152, 'learning_rate': 0.0009288887114717034, 'p_miss': 0.19601292574235163}. Best is trial 16 with value: 0.158023891790841.
running
[I 2024-10-29 12:06:55,590] Trial 41 finished with value: 0.15724612892489204 and parameters: {'model_name': 'VAE', 'batch_size': 1, 'iterations': 1084, 'learning_rate': 0.00012411445098773212, 'p_miss': 0.24863895058446012}. Best is trial 41 with value: 0.15724612892489204.
running
[I 2024-10-29 12:25:10,225] Trial 59 finished with value: 0.18650960172252676 and parameters: {'model_name': 'VAE', 'batch_size': 919, 'iterations': 288, 'learning_rate': 0.0006143197534364553, 'p_miss': 0.1515371471183121}. Best is trial 41 with value: 0.15724612892489204.
running
[I 2024-10-29 12:49:55,138] Trial 60 finished with value: 0.1882769293973065 and parameters: {'model_name': 'VAE', 'batch_size': 414, 'iterations': 547, 'learning_rate': 0.00040730173265388666, 'p_miss': 0.14632986650885635}. Best is trial 41 with value: 0.15724612892489204.
running
[I 2024-10-29 12:49:59,590] Trial 63 finished with value: 0.1894596334474275 and parameters: {'model_name': 'KNNImputer', 'n_neighbors': 293, 'weights': 'uniform'}. Best is trial 41 with value: 0.15724612892489204.
running
[I 2024-10-29 13:06:04,089] Trial 61 finished with value: 0.1614695395384071 and parameters: {'model_name': 'VAE', 'batch_size': 1, 'iterations': 973, 'learning_rate': 0.00011770687426071387, 'p_miss': 0.146877764265071}. Best is trial 41 with value: 0.15724612892489204.
running
[I 2024-10-29 13:14:58,245] Trial 36 finished with value: 0.18812384274674215 and parameters: {'model_name': 'VAE', 'batch_size': 820, 'iterations': 1589, 'learning_rate': 0.00017882937132948686, 'p_miss': 0.23758978559673177}. Best is trial 41 with value: 0.15724612892489204.
running
[I 2024-10-29 13:16:23,372] Trial 66 finished with value: 0.16966014100197802 and parameters: {'model_name': 'VAE', 'batch_size': 3, 'iterations': 24, 'learning_rate': 0.008598571358649344, 'p_miss': 0.20870215339089926}. Best is trial 41 with value: 0.15724612892489204.
running
[I 2024-10-29 13:37:27,852] Trial 38 finished with value: 0.18807476210585455 and parameters: {'model_name': 'VAE', 'batch_size': 635, 'iterations': 1764, 'learning_rate': 0.0001358077397174897, 'p_miss': 0.24865730446131962}. Best is trial 41 with value: 0.15724612892489204.
running
[I 2024-10-29 13:51:50,454] Trial 62 finished with value: 0.16341685966661534 and parameters: {'model_name': 'VAE', 'batch_size': 1, 'iterations': 1292, 'learning_rate': 0.00012965759708303428, 'p_miss': 0.2662222032137436}. Best is trial 41 with value: 0.15724612892489204.
running
[I 2024-10-29 13:59:29,413] Trial 13 finished with value: 0.28908042897664155 and parameters: {'model_name': 'GAIN', 'batch_size': 50, 'hint_rate': 0.596394019579259, 'alpha': 44, 'iterations': 6505, 'learning_rate': 0.0020744542509007883, 'p_miss': 0.13635771456454368}. Best is trial 41 with value: 0.15724612892489204.
running
[I 2024-10-29 13:59:29,767] Trial 70 finished with value: 0.2811794839898531 and parameters: {'model_name': 'SimpleImputer', 'strategy': 'constant'}. Best is trial 41 with value: 0.15724612892489204.
running
[I 2024-10-29 13:59:38,744] Trial 71 finished with value: 0.19780011094536212 and parameters: {'model_name': 'VAE', 'batch_size': 4, 'iterations': 2, 'learning_rate': 0.0011575823755639657, 'p_miss': 0.17691333940877324}. Best is trial 41 with value: 0.15724612892489204.
running
[I 2024-10-29 14:00:48,811] Trial 72 finished with value: 0.28604476443473525 and parameters: {'model_name': 'GAIN', 'batch_size': 157, 'hint_rate': 0.9712339745435643, 'alpha': 1, 'iterations': 35, 'learning_rate': 0.08918168861451531, 'p_miss': 0.2073040666033555}. Best is trial 41 with value: 0.15724612892489204.
running
[I 2024-10-29 14:01:17,795] Trial 73 finished with value: 0.1883173304339159 and parameters: {'model_name': 'VAE', 'batch_size': 14, 'iterations': 7, 'learning_rate': 0.0024119247315560846, 'p_miss': 0.2382979443932747}. Best is trial 41 with value: 0.15724612892489204.
running
[I 2024-10-29 14:01:22,851] Trial 74 finished with value: 0.18889464121390473 and parameters: {'model_name': 'KNNImputer', 'n_neighbors': 107, 'weights': 'uniform'}. Best is trial 41 with value: 0.15724612892489204.
running
[I 2024-10-29 14:03:09,622] Trial 75 finished with value: 0.19296944384672587 and parameters: {'model_name': 'VAE', 'batch_size': 316, 'iterations': 20, 'learning_rate': 0.00034136169443316233, 'p_miss': 0.27299732977659863}. Best is trial 41 with value: 0.15724612892489204.
running
[I 2024-10-29 14:07:58,591] Trial 39 finished with value: 0.18891747411368148 and parameters: {'model_name': 'VAE', 'batch_size': 958, 'iterations': 1892, 'learning_rate': 0.0001755716356900531, 'p_miss': 0.23289083128780014}. Best is trial 41 with value: 0.15724612892489204.
running
[I 2024-10-29 14:11:11,454] Trial 33 finished with value: 0.18856777709590974 and parameters: {'model_name': 'VAE', 'batch_size': 735, 'iterations': 2583, 'learning_rate': 0.000124872932030196, 'p_miss': 0.20903889056076064}. Best is trial 41 with value: 0.15724612892489204.
running
[I 2024-10-29 14:16:56,185] Trial 17 finished with value: 0.2915355720539027 and parameters: {'model_name': 'GAIN', 'batch_size': 148, 'hint_rate': 0.3791862008478478, 'alpha': 97, 'iterations': 6681, 'learning_rate': 0.0017418901855889648, 'p_miss': 0.24891482381453223}. Best is trial 41 with value: 0.15724612892489204.
running
[I 2024-10-29 14:21:18,955] Trial 34 finished with value: 0.18796509817097534 and parameters: {'model_name': 'VAE', 'batch_size': 990, 'iterations': 2129, 'learning_rate': 0.0001005456264206056, 'p_miss': 0.21016904467988912}. Best is trial 41 with value: 0.15724612892489204.
running
[I 2024-10-29 14:22:41,165] Trial 76 finished with value: 0.17362900692304642 and parameters: {'model_name': 'VAE', 'batch_size': 2, 'iterations': 337, 'learning_rate': 0.0001978234335281121, 'p_miss': 0.17057134541275112}. Best is trial 41 with value: 0.15724612892489204.
running
[I 2024-10-29 14:22:41,768] Trial 81 finished with value: 0.274742681008929 and parameters: {'model_name': 'SimpleImputer', 'strategy': 'median'}. Best is trial 41 with value: 0.15724612892489204.
running
[I 2024-10-29 14:28:26,222] Trial 77 finished with value: 0.17936725796440348 and parameters: {'model_name': 'VAE', 'batch_size': 2, 'iterations': 318, 'learning_rate': 0.00010240160778663929, 'p_miss': 0.15961101382872822}. Best is trial 41 with value: 0.15724612892489204.
running
[I 2024-10-29 14:30:41,783] Trial 10 finished with value: 0.19145006577344797 and parameters: {'model_name': 'VAE', 'batch_size': 2, 'iterations': 3273, 'learning_rate': 0.0005951968189429813, 'p_miss': 0.20288618538173103}. Best is trial 41 with value: 0.15724612892489204.
running
[I 2024-10-29 14:31:15,497] Trial 78 finished with value: 0.18858453853169738 and parameters: {'model_name': 'VAE', 'batch_size': 1, 'iterations': 359, 'learning_rate': 0.00010029659495822177, 'p_miss': 0.16003942696569312}. Best is trial 41 with value: 0.15724612892489204.
running
[I 2024-10-29 14:36:16,271] Trial 80 finished with value: 0.19022393074891775 and parameters: {'model_name': 'VAE', 'batch_size': 2, 'iterations': 270, 'learning_rate': 0.0028280177802200357, 'p_miss': 0.16360121317999682}. Best is trial 41 with value: 0.15724612892489204.
running
[I 2024-10-29 14:37:59,011] Trial 65 finished with value: 0.27266874158399335 and parameters: {'model_name': 'GAIN', 'batch_size': 3, 'hint_rate': 0.9470527231008932, 'alpha': 7, 'iterations': 3509, 'learning_rate': 0.0001858666999703239, 'p_miss': 0.2610671062584018}. Best is trial 41 with value: 0.15724612892489204.
running
[I 2024-10-29 14:38:30,435] Trial 85 finished with value: 0.1837274075576708 and parameters: {'model_name': 'VAE', 'batch_size': 6, 'iterations': 146, 'learning_rate': 0.0026450331250624055, 'p_miss': 0.11402997417226185}. Best is trial 41 with value: 0.15724612892489204.
running
[I 2024-10-29 14:40:55,170] Trial 32 finished with value: 0.18840215009104477 and parameters: {'model_name': 'VAE', 'batch_size': 968, 'iterations': 2743, 'learning_rate': 0.0001956005921344119, 'p_miss': 0.21894453614188747}. Best is trial 41 with value: 0.15724612892489204.
running
[I 2024-10-29 14:49:24,766] Trial 79 finished with value: 0.16107433838363935 and parameters: {'model_name': 'VAE', 'batch_size': 2, 'iterations': 608, 'learning_rate': 0.00024266084579461797, 'p_miss': 0.1320673506284962}. Best is trial 41 with value: 0.15724612892489204.
running
[I 2024-10-29 15:00:20,186] Trial 82 finished with value: 0.19158479491378194 and parameters: {'model_name': 'VAE', 'batch_size': 2, 'iterations': 713, 'learning_rate': 0.0029451224688074366, 'p_miss': 0.12509800609600077}. Best is trial 41 with value: 0.15724612892489204.
running
[I 2024-10-29 15:00:28,822] Trial 91 finished with value: 0.18808067997965056 and parameters: {'model_name': 'KNNImputer', 'n_neighbors': 2575, 'weights': 'distance'}. Best is trial 41 with value: 0.15724612892489204.
running
[I 2024-10-29 15:14:12,992] Trial 83 finished with value: 0.2070757538622115 and parameters: {'model_name': 'VAE', 'batch_size': 1, 'iterations': 843, 'learning_rate': 0.002800283416317659, 'p_miss': 0.18607460185314795}. Best is trial 41 with value: 0.15724612892489204.
running
[I 2024-10-29 15:16:55,884] Trial 84 finished with value: 0.20234000471212993 and parameters: {'model_name': 'VAE', 'batch_size': 1, 'iterations': 849, 'learning_rate': 0.0027463304145316984, 'p_miss': 0.10142909694487896}. Best is trial 41 with value: 0.15724612892489204.
running
[I 2024-10-29 15:20:08,106] Trial 90 finished with value: 0.18273459615710433 and parameters: {'model_name': 'VAE', 'batch_size': 33, 'iterations': 656, 'learning_rate': 0.00027539656017438996, 'p_miss': 0.13449081029388313}. Best is trial 41 with value: 0.15724612892489204.
running
[I 2024-10-29 15:20:09,619] Trial 95 finished with value: 0.2811794839898531 and parameters: {'model_name': 'SimpleImputer', 'strategy': 'most_frequent'}. Best is trial 41 with value: 0.15724612892489204.
running
[I 2024-10-29 15:20:22,043] Trial 89 finished with value: 0.1739942130059147 and parameters: {'model_name': 'VAE', 'batch_size': 1, 'iterations': 774, 'learning_rate': 0.0002449149000597264, 'p_miss': 0.2693170211087387}. Best is trial 41 with value: 0.15724612892489204.
running
[I 2024-10-29 15:22:34,458] Trial 64 finished with value: 0.18811817855133994 and parameters: {'model_name': 'VAE', 'batch_size': 4, 'iterations': 2351, 'learning_rate': 0.00014750607645506208, 'p_miss': 0.2612088895868726}. Best is trial 41 with value: 0.15724612892489204.
running
[I 2024-10-29 15:22:41,191] Trial 86 finished with value: 0.17106038991184885 and parameters: {'model_name': 'VAE', 'batch_size': 1, 'iterations': 911, 'learning_rate': 0.00024045822619500273, 'p_miss': 0.28456566217402735}. Best is trial 41 with value: 0.15724612892489204.
running
[I 2024-10-29 15:23:04,342] Trial 94 finished with value: 0.17704572611766484 and parameters: {'model_name': 'VAE', 'batch_size': 33, 'iterations': 116, 'learning_rate': 0.00027794631162979456, 'p_miss': 0.07857996704972937}. Best is trial 41 with value: 0.15724612892489204.
running
[I 2024-10-29 15:26:13,982] Trial 88 finished with value: 0.18552502476715557 and parameters: {'model_name': 'VAE', 'batch_size': 1, 'iterations': 938, 'learning_rate': 0.0002797345149683623, 'p_miss': 0.2701695733613309}. Best is trial 41 with value: 0.15724612892489204.
running
[I 2024-10-29 15:29:47,967] Trial 87 finished with value: 0.18115985836630927 and parameters: {'model_name': 'VAE', 'batch_size': 1, 'iterations': 995, 'learning_rate': 0.0002716407239487188, 'p_miss': 0.279338770621538}. Best is trial 41 with value: 0.15724612892489204.
running
[I 2024-10-29 15:32:57,431] Trial 37 finished with value: 0.18827110681109765 and parameters: {'model_name': 'VAE', 'batch_size': 980, 'iterations': 3434, 'learning_rate': 0.00017386992787080655, 'p_miss': 0.220924507313749}. Best is trial 41 with value: 0.15724612892489204.
running
[I 2024-10-29 15:43:39,628] Trial 35 finished with value: 0.18866481413362102 and parameters: {'model_name': 'VAE', 'batch_size': 774, 'iterations': 3323, 'learning_rate': 0.00012527849146383587, 'p_miss': 0.21519832666518815}. Best is trial 41 with value: 0.15724612892489204.
running
[I 2024-10-29 15:49:19,747] Trial 92 finished with value: 0.18876360876612 and parameters: {'model_name': 'VAE', 'batch_size': 48, 'iterations': 972, 'learning_rate': 0.00027278920467337895, 'p_miss': 0.07500642067819885}. Best is trial 41 with value: 0.15724612892489204.
running
[I 2024-10-29 15:49:44,318] Trial 105 finished with value: 0.2718926244570364 and parameters: {'model_name': 'GAIN', 'batch_size': 505, 'hint_rate': 0.7363562421030613, 'alpha': 73, 'iterations': 10, 'learning_rate': 0.0004448457812574344, 'p_miss': 0.2334605944958839}. Best is trial 41 with value: 0.15724612892489204.
running
[I 2024-10-29 16:11:15,577] Trial 93 finished with value: 0.18818369899634407 and parameters: {'model_name': 'VAE', 'batch_size': 38, 'iterations': 1046, 'learning_rate': 0.0002718428860312289, 'p_miss': 0.13649334691735265}. Best is trial 41 with value: 0.15724612892489204.
running
[I 2024-10-29 16:20:18,771] Trial 107 finished with value: 0.18814930779632105 and parameters: {'model_name': 'VAE', 'batch_size': 574, 'iterations': 98, 'learning_rate': 0.005554197041517543, 'p_miss': 0.18829722908589144}. Best is trial 41 with value: 0.15724612892489204.
running
[I 2024-10-29 16:24:21,571] Trial 108 finished with value: 0.17019928705767634 and parameters: {'model_name': 'VAE', 'batch_size': 275, 'iterations': 52, 'learning_rate': 0.0009335882740897284, 'p_miss': 0.2946288534545463}. Best is trial 41 with value: 0.15724612892489204.
running
[I 2024-10-29 16:24:48,157] Trial 109 finished with value: 0.1967870282290827 and parameters: {'model_name': 'VAE', 'batch_size': 509, 'iterations': 5, 'learning_rate': 0.00015107370240973318, 'p_miss': 0.19567124619884194}. Best is trial 41 with value: 0.15724612892489204.
running
[I 2024-10-29 16:29:12,231] Trial 97 finished with value: 0.1845367110574148 and parameters: {'model_name': 'VAE', 'batch_size': 276, 'iterations': 1277, 'learning_rate': 0.0001481056750306563, 'p_miss': 0.29921898713968326}. Best is trial 41 with value: 0.15724612892489204.
running
[I 2024-10-29 16:37:37,403] Trial 98 finished with value: 0.18863157029492927 and parameters: {'model_name': 'VAE', 'batch_size': 562, 'iterations': 1021, 'learning_rate': 0.0004535655150631939, 'p_miss': 0.29902225599140336}. Best is trial 41 with value: 0.15724612892489204.
running
[I 2024-10-29 16:42:21,642] Trial 112 finished with value: 0.18902152694751226 and parameters: {'model_name': 'VAE', 'batch_size': 360, 'iterations': 56, 'learning_rate': 0.009604255611850633, 'p_miss': 0.21415129775854702}. Best is trial 41 with value: 0.15724612892489204.
running
[I 2024-10-29 16:42:51,911] Trial 113 finished with value: 0.18640009431453958 and parameters: {'model_name': 'IterativeImputer', 'estimator': 'KNN', 'initial_strategy': 'most_frequent', 'n_nearest_features': 1, 'imputation_order': 'roman'}. Best is trial 41 with value: 0.15724612892489204.
running
[I 2024-10-29 16:42:58,625] Trial 114 finished with value: 0.18897123924244266 and parameters: {'model_name': 'KNNImputer', 'n_neighbors': 1410, 'weights': 'uniform'}. Best is trial 41 with value: 0.15724612892489204.
running
[I 2024-10-29 16:44:48,948] Trial 115 finished with value: 0.18853238142487935 and parameters: {'model_name': 'VAE', 'batch_size': 753, 'iterations': 17, 'learning_rate': 0.0005667797575982704, 'p_miss': 0.24326353900950876}. Best is trial 41 with value: 0.15724612892489204.
running
[I 2024-10-29 16:45:47,512] Trial 116 finished with value: 0.1653074575639498 and parameters: {'model_name': 'VAE', 'batch_size': 207, 'iterations': 11, 'learning_rate': 0.0037107491106840224, 'p_miss': 0.22503012264120245}. Best is trial 41 with value: 0.15724612892489204.
running
[I 2024-10-29 16:59:44,236] Trial 117 finished with value: 0.1873097354428194 and parameters: {'model_name': 'VAE', 'batch_size': 85, 'iterations': 211, 'learning_rate': 0.003513373965529386, 'p_miss': 0.2211369430642973}. Best is trial 41 with value: 0.15724612892489204.
running
[I 2024-10-29 17:05:29,660] Trial 110 finished with value: 0.18830589784379465 and parameters: {'model_name': 'VAE', 'batch_size': 695, 'iterations': 495, 'learning_rate': 0.010334340098718071, 'p_miss': 0.23928436225958144}. Best is trial 41 with value: 0.15724612892489204.
running
[I 2024-10-29 17:06:22,716] Trial 119 finished with value: 0.15867846511627362 and parameters: {'model_name': 'VAE', 'batch_size': 152, 'iterations': 10, 'learning_rate': 0.004864905745315991, 'p_miss': 0.19838265762328994}. Best is trial 41 with value: 0.15724612892489204.
running
[I 2024-10-29 17:07:15,904] Trial 120 finished with value: 0.15951696930549303 and parameters: {'model_name': 'VAE', 'batch_size': 148, 'iterations': 9, 'learning_rate': 0.005752535148600429, 'p_miss': 0.1858929305047008}. Best is trial 41 with value: 0.15724612892489204.
running
[I 2024-10-29 17:07:37,257] Trial 121 finished with value: 0.18370807760286478 and parameters: {'model_name': 'VAE', 'batch_size': 109, 'iterations': 4, 'learning_rate': 0.005136160230479432, 'p_miss': 0.19592511182379085}. Best is trial 41 with value: 0.15724612892489204.
running
[I 2024-10-29 17:07:42,312] Trial 111 finished with value: 0.18839644697345798 and parameters: {'model_name': 'VAE', 'batch_size': 391, 'iterations': 469, 'learning_rate': 0.0005133849784496556, 'p_miss': 0.18619354654946416}. Best is trial 41 with value: 0.15724612892489204.
running
[I 2024-10-29 17:07:42,697] Trial 123 finished with value: 0.2811794839898531 and parameters: {'model_name': 'SimpleImputer', 'strategy': 'constant'}. Best is trial 41 with value: 0.15724612892489204.
running
[I 2024-10-29 17:08:43,752] Trial 124 finished with value: 0.19921837674832812 and parameters: {'model_name': 'VAE', 'batch_size': 160, 'iterations': 9, 'learning_rate': 0.01661579479906756, 'p_miss': 0.23019022926717958}. Best is trial 41 with value: 0.15724612892489204.
running
[I 2024-10-29 17:10:39,637] Trial 99 finished with value: 0.18913285233400928 and parameters: {'model_name': 'VAE', 'batch_size': 519, 'iterations': 1293, 'learning_rate': 0.0004685758023555846, 'p_miss': 0.23241077438219776}. Best is trial 41 with value: 0.15724612892489204.
running
[I 2024-10-29 17:11:44,852] Trial 126 finished with value: 0.19406531581185377 and parameters: {'model_name': 'VAE', 'batch_size': 122, 'iterations': 15, 'learning_rate': 0.0008312661488707402, 'p_miss': 0.2033216855089908}. Best is trial 41 with value: 0.15724612892489204.
running
[I 2024-10-29 17:12:07,558] Trial 40 finished with value: 0.21071592414506662 and parameters: {'model_name': 'VAE', 'batch_size': 1, 'iterations': 6747, 'learning_rate': 0.00011407119337190532, 'p_miss': 0.2381114651364875}. Best is trial 41 with value: 0.15724612892489204.
running
[I 2024-10-29 17:13:38,183] Trial 127 finished with value: 0.19553391764195638 and parameters: {'model_name': 'VAE', 'batch_size': 71, 'iterations': 24, 'learning_rate': 0.00713350114606526, 'p_miss': 0.16950789682612327}. Best is trial 41 with value: 0.15724612892489204.
running
[I 2024-10-29 17:14:22,402] Trial 101 finished with value: 0.1889326114787674 and parameters: {'model_name': 'VAE', 'batch_size': 464, 'iterations': 1527, 'learning_rate': 0.0004841999096986023, 'p_miss': 0.012661591311192766}. Best is trial 41 with value: 0.15724612892489204.
running
[I 2024-10-29 17:14:32,494] Trial 129 finished with value: 0.16582382359907347 and parameters: {'model_name': 'VAE', 'batch_size': 184, 'iterations': 8, 'learning_rate': 0.0045630217026905945, 'p_miss': 0.14600457177909443}. Best is trial 41 with value: 0.15724612892489204.
running
[I 2024-10-29 17:14:38,757] Trial 131 finished with value: 0.2756479179281518 and parameters: {'model_name': 'GAIN', 'batch_size': 261, 'hint_rate': 0.2663272377867829, 'alpha': 67, 'iterations': 1, 'learning_rate': 0.005634505695568362, 'p_miss': 0.1770986919460388}. Best is trial 41 with value: 0.15724612892489204.
running
[I 2024-10-29 17:15:04,991] Trial 132 finished with value: 0.1980122166301757 and parameters: {'model_name': 'VAE', 'batch_size': 139, 'iterations': 6, 'learning_rate': 0.00011586420469494891, 'p_miss': 0.19287942109499365}. Best is trial 41 with value: 0.15724612892489204.
running
[I 2024-10-29 17:16:21,355] Trial 96 finished with value: 0.1871217937497667 and parameters: {'model_name': 'VAE', 'batch_size': 513, 'iterations': 1153, 'learning_rate': 0.00014700282844253316, 'p_miss': 0.28153119437877977}. Best is trial 41 with value: 0.15724612892489204.
running
[I 2024-10-29 17:21:44,262] Trial 100 finished with value: 0.18829315073175953 and parameters: {'model_name': 'VAE', 'batch_size': 587, 'iterations': 1311, 'learning_rate': 0.0004516313389604509, 'p_miss': 0.23631407742788052}. Best is trial 41 with value: 0.15724612892489204.
running
[I 2024-10-29 17:22:06,232] Trial 68 finished with value: 0.29122458553880304 and parameters: {'model_name': 'GAIN', 'batch_size': 6, 'hint_rate': 0.9796271326312875, 'alpha': 5, 'iterations': 8151, 'learning_rate': 0.0026094026073205513, 'p_miss': 0.21438689543648412}. Best is trial 41 with value: 0.15724612892489204.
running
[I 2024-10-29 17:23:29,241] Trial 136 finished with value: 0.16288212305222036 and parameters: {'model_name': 'VAE', 'batch_size': 201, 'iterations': 12, 'learning_rate': 0.0035298983636429713, 'p_miss': 0.22702315721708424}. Best is trial 41 with value: 0.15724612892489204.
running
[I 2024-10-29 17:29:59,871] Trial 137 finished with value: 0.17573937295085293 and parameters: {'model_name': 'VAE', 'batch_size': 180, 'iterations': 87, 'learning_rate': 0.0014102041694287579, 'p_miss': 0.20584850100889943}. Best is trial 41 with value: 0.15724612892489204.
running
[I 2024-10-29 17:31:26,904] Trial 138 finished with value: 0.16565271523288297 and parameters: {'model_name': 'VAE', 'batch_size': 325, 'iterations': 13, 'learning_rate': 0.003341612506462604, 'p_miss': 0.21303768068657003}. Best is trial 41 with value: 0.15724612892489204.
running
[I 2024-10-29 17:34:33,137] Trial 139 finished with value: 0.1645884460384975 and parameters: {'model_name': 'VAE', 'batch_size': 233, 'iterations': 31, 'learning_rate': 0.002115445507200373, 'p_miss': 0.20062354848292574}. Best is trial 41 with value: 0.15724612892489204.
running
[I 2024-10-29 17:39:54,904] Trial 102 finished with value: 0.18665698215600574 and parameters: {'model_name': 'VAE', 'batch_size': 583, 'iterations': 1356, 'learning_rate': 0.00013786216323251395, 'p_miss': 0.2970123475955362}. Best is trial 41 with value: 0.15724612892489204.
running
[I 2024-10-29 17:41:20,258] Trial 134 finished with value: 0.18429592633047978 and parameters: {'model_name': 'IterativeImputer', 'estimator': 'RFR', 'initial_strategy': 'most_frequent', 'n_nearest_features': 1, 'imputation_order': 'ascending'}. Best is trial 41 with value: 0.15724612892489204.
running
[I 2024-10-29 17:43:21,666] Trial 142 finished with value: 0.1612384011451346 and parameters: {'model_name': 'VAE', 'batch_size': 137, 'iterations': 30, 'learning_rate': 0.002194782138562105, 'p_miss': 0.20097153494645265}. Best is trial 41 with value: 0.15724612892489204.
running
[I 2024-10-29 17:45:38,553] Trial 143 finished with value: 0.1909343507008211 and parameters: {'model_name': 'VAE', 'batch_size': 160, 'iterations': 22, 'learning_rate': 0.006253307731520916, 'p_miss': 0.22639130605871274}. Best is trial 41 with value: 0.15724612892489204.
running
[I 2024-10-29 17:45:49,930] Trial 144 finished with value: 0.18535089665478668 and parameters: {'model_name': 'KNNImputer', 'n_neighbors': 5186, 'weights': 'distance'}. Best is trial 41 with value: 0.15724612892489204.
running
[I 2024-10-29 17:46:30,669] Trial 106 finished with value: 0.18813192446940155 and parameters: {'model_name': 'VAE', 'batch_size': 560, 'iterations': 1393, 'learning_rate': 0.000870335804909235, 'p_miss': 0.1900912377036252}. Best is trial 41 with value: 0.15724612892489204.
running
[I 2024-10-29 17:46:43,669] Trial 135 finished with value: 0.183323923409378 and parameters: {'model_name': 'IterativeImputer', 'estimator': 'RFR', 'initial_strategy': 'most_frequent', 'n_nearest_features': 1, 'imputation_order': 'roman'}. Best is trial 41 with value: 0.15724612892489204.
running
[I 2024-10-29 17:48:45,841] Trial 145 finished with value: 0.18404687844974377 and parameters: {'model_name': 'VAE', 'batch_size': 128, 'iterations': 31, 'learning_rate': 0.004296078915598549, 'p_miss': 0.24454669227511894}. Best is trial 41 with value: 0.15724612892489204.
running
[I 2024-10-29 17:49:25,888] Trial 147 finished with value: 0.18560355066254894 and parameters: {'model_name': 'VAE', 'batch_size': 132, 'iterations': 32, 'learning_rate': 0.004165555241031161, 'p_miss': 0.20253700646043324}. Best is trial 41 with value: 0.15724612892489204.
running
[I 2024-10-29 17:49:30,582] Trial 146 finished with value: 0.18498037870310496 and parameters: {'model_name': 'VAE', 'batch_size': 226, 'iterations': 33, 'learning_rate': 0.004087033701503237, 'p_miss': 0.1992362527164117}. Best is trial 41 with value: 0.15724612892489204.
running
[I 2024-10-29 17:50:07,238] Trial 148 finished with value: 0.17620576443213304 and parameters: {'model_name': 'VAE', 'batch_size': 230, 'iterations': 16, 'learning_rate': 0.001854203718265862, 'p_miss': 0.1988871949526673}. Best is trial 41 with value: 0.15724612892489204.
running
[I 2024-10-29 17:50:34,403] Trial 150 finished with value: 0.17701952261588386 and parameters: {'model_name': 'VAE', 'batch_size': 98, 'iterations': 18, 'learning_rate': 0.0020672566978957455, 'p_miss': 0.21756665354979368}. Best is trial 41 with value: 0.15724612892489204.
running
[I 2024-10-29 17:51:15,606] Trial 149 finished with value: 0.16934622375998382 and parameters: {'model_name': 'VAE', 'batch_size': 225, 'iterations': 17, 'learning_rate': 0.0020089950402776206, 'p_miss': 0.2000024043480453}. Best is trial 41 with value: 0.15724612892489204.
running
[I 2024-10-29 17:54:04,915] Trial 151 finished with value: 0.17549301093554698 and parameters: {'model_name': 'VAE', 'batch_size': 81, 'iterations': 51, 'learning_rate': 0.0021547899085689404, 'p_miss': 0.18245989282572173}. Best is trial 41 with value: 0.15724612892489204.
running
[I 2024-10-29 17:54:10,780] Trial 152 finished with value: 0.18808459368265668 and parameters: {'model_name': 'VAE', 'batch_size': 22, 'iterations': 45, 'learning_rate': 0.007638743001160901, 'p_miss': 0.20948934702054836}. Best is trial 41 with value: 0.15724612892489204.
running
[I 2024-10-29 17:54:11,754] Trial 155 finished with value: 0.274742681008929 and parameters: {'model_name': 'SimpleImputer', 'strategy': 'median'}. Best is trial 41 with value: 0.15724612892489204.
running
[I 2024-10-29 17:54:18,958] Trial 69 finished with value: 0.30134103143213165 and parameters: {'model_name': 'GAIN', 'batch_size': 9, 'hint_rate': 0.9757650561077926, 'alpha': 2, 'iterations': 8583, 'learning_rate': 0.0025589884558310594, 'p_miss': 0.2722735283601215}. Best is trial 41 with value: 0.15724612892489204.
running
[I 2024-10-29 17:55:04,173] Trial 153 finished with value: 0.15958947104603177 and parameters: {'model_name': 'VAE', 'batch_size': 342, 'iterations': 46, 'learning_rate': 0.001299074321575289, 'p_miss': 0.263491327982219}. Best is trial 41 with value: 0.15724612892489204.
running
[I 2024-10-29 17:55:25,065] Trial 157 finished with value: 0.19289929633374642 and parameters: {'model_name': 'VAE', 'batch_size': 302, 'iterations': 12, 'learning_rate': 0.0006455189453246306, 'p_miss': 0.150016848273257}. Best is trial 41 with value: 0.15724612892489204.
running
[I 2024-10-29 17:56:03,291] Trial 159 finished with value: 0.19185630097595285 and parameters: {'model_name': 'VAE', 'batch_size': 181, 'iterations': 7, 'learning_rate': 0.0011786505600593967, 'p_miss': 0.2534507773277935}. Best is trial 41 with value: 0.15724612892489204.
running
[I 2024-10-29 18:00:17,002] Trial 140 finished with value: 0.18599419241603168 and parameters: {'model_name': 'IterativeImputer', 'estimator': 'RFR', 'initial_strategy': 'most_frequent', 'n_nearest_features': 1, 'imputation_order': 'arabic'}. Best is trial 41 with value: 0.15724612892489204.
running
[I 2024-10-29 18:00:31,976] Trial 158 finished with value: 0.164078291886544 and parameters: {'model_name': 'VAE', 'batch_size': 325, 'iterations': 62, 'learning_rate': 0.0012485492222903253, 'p_miss': 0.26439004297025326}. Best is trial 41 with value: 0.15724612892489204.
running
[I 2024-10-29 18:05:59,207] Trial 141 finished with value: 0.18597885435224634 and parameters: {'model_name': 'IterativeImputer', 'estimator': 'RFR', 'initial_strategy': 'most_frequent', 'n_nearest_features': 1, 'imputation_order': 'arabic'}. Best is trial 41 with value: 0.15724612892489204.
running
[I 2024-10-29 18:06:46,930] Trial 104 finished with value: 0.18907453237936458 and parameters: {'model_name': 'VAE', 'batch_size': 654, 'iterations': 1482, 'learning_rate': 0.0004545843971626848, 'p_miss': 0.2958676395994496}. Best is trial 41 with value: 0.15724612892489204.
running
[I 2024-10-29 18:11:34,138] Trial 163 finished with value: 0.17657767361673857 and parameters: {'model_name': 'VAE', 'batch_size': 430, 'iterations': 60, 'learning_rate': 0.0015679223957549302, 'p_miss': 0.2633480413263073}. Best is trial 41 with value: 0.15724612892489204.
running
[I 2024-10-29 18:12:03,156] Trial 164 finished with value: 0.1674102799413273 and parameters: {'model_name': 'VAE', 'batch_size': 412, 'iterations': 61, 'learning_rate': 0.001496523705944277, 'p_miss': 0.26198264132114224}. Best is trial 41 with value: 0.15724612892489204.
running
[I 2024-10-29 18:42:25,553] Trial 125 finished with value: 0.18874563569049538 and parameters: {'model_name': 'VAE', 'batch_size': 156, 'iterations': 1486, 'learning_rate': 0.0067940209333807195, 'p_miss': 0.20214760450996694}. Best is trial 41 with value: 0.15724612892489204.
running
[I 2024-10-29 18:44:28,955] Trial 122 finished with value: 0.18787526104135402 and parameters: {'model_name': 'VAE', 'batch_size': 148, 'iterations': 1467, 'learning_rate': 0.005672441930318037, 'p_miss': 0.20286602121049213}. Best is trial 41 with value: 0.15724612892489204.
running
[I 2024-10-29 20:04:30,673] Trial 154 finished with value: 0.18793412013042787 and parameters: {'model_name': 'VAE', 'batch_size': 308, 'iterations': 1846, 'learning_rate': 0.001344624622992869, 'p_miss': 0.20957353725206868}. Best is trial 41 with value: 0.15724612892489204.
running
[I 2024-10-29 20:07:08,334] Trial 169 finished with value: 0.19002708692750875 and parameters: {'model_name': 'VAE', 'batch_size': 335, 'iterations': 27, 'learning_rate': 0.00036598388566023044, 'p_miss': 0.2762846390547571}. Best is trial 41 with value: 0.15724612892489204.
running
[I 2024-10-29 20:09:49,533] Trial 170 finished with value: 0.17694411075814914 and parameters: {'model_name': 'VAE', 'batch_size': 246, 'iterations': 38, 'learning_rate': 0.0031537778282738514, 'p_miss': 0.13183318335910535}. Best is trial 41 with value: 0.15724612892489204.
running
[I 2024-10-29 20:10:41,322] Trial 171 finished with value: 0.19193694729338712 and parameters: {'model_name': 'VAE', 'batch_size': 275, 'iterations': 10, 'learning_rate': 0.000762206575224514, 'p_miss': 0.2566974758915417}. Best is trial 41 with value: 0.15724612892489204.
running
[I 2024-10-29 20:16:59,753] Trial 172 finished with value: 0.18431229985045205 and parameters: {'model_name': 'VAE', 'batch_size': 61, 'iterations': 74, 'learning_rate': 0.00021512574653099263, 'p_miss': 0.26691468397638324}. Best is trial 41 with value: 0.15724612892489204.
running
[I 2024-10-29 20:24:42,811] Trial 165 finished with value: 0.18877013057162517 and parameters: {'model_name': 'VAE', 'batch_size': 319, 'iterations': 1948, 'learning_rate': 0.0012409907400461884, 'p_miss': 0.276442842210354}. Best is trial 41 with value: 0.15724612892489204.
running
[I 2024-10-29 20:29:38,886] Trial 166 finished with value: 0.1881394059029662 and parameters: {'model_name': 'VAE', 'batch_size': 239, 'iterations': 1929, 'learning_rate': 0.001168316111593959, 'p_miss': 0.1374803847820726}. Best is trial 41 with value: 0.15724612892489204.
running
[I 2024-10-29 20:31:53,699] Trial 174 finished with value: 0.17452485219187103 and parameters: {'model_name': 'VAE', 'batch_size': 199, 'iterations': 119, 'learning_rate': 0.0010758045143033181, 'p_miss': 0.1411564889243964}. Best is trial 41 with value: 0.15724612892489204.
running
[I 2024-10-29 20:33:01,708] Trial 175 finished with value: 0.19165197531392547 and parameters: {'model_name': 'VAE', 'batch_size': 190, 'iterations': 44, 'learning_rate': 0.00016935482020029598, 'p_miss': 0.21931625010401398}. Best is trial 41 with value: 0.15724612892489204.
running
[I 2024-10-29 20:35:41,947] Trial 176 finished with value: 0.17398043559745108 and parameters: {'model_name': 'VAE', 'batch_size': 445, 'iterations': 45, 'learning_rate': 0.002341830679580403, 'p_miss': 0.18403537367337083}. Best is trial 41 with value: 0.15724612892489204.
running
[I 2024-10-29 20:42:00,538] Trial 177 finished with value: 0.192085587505669 and parameters: {'model_name': 'VAE', 'batch_size': 784, 'iterations': 86, 'learning_rate': 0.00012102320955725776, 'p_miss': 0.16788266197615193}. Best is trial 41 with value: 0.15724612892489204.
running
[I 2024-10-29 20:43:34,840] Trial 178 finished with value: 0.1885477890144494 and parameters: {'model_name': 'VAE', 'batch_size': 874, 'iterations': 74, 'learning_rate': 0.004885474261486858, 'p_miss': 0.1931090513261711}. Best is trial 41 with value: 0.15724612892489204.
running
[I 2024-10-29 20:47:00,131] Trial 162 finished with value: 0.18877392660993858 and parameters: {'model_name': 'VAE', 'batch_size': 350, 'iterations': 2177, 'learning_rate': 0.0014519528208138466, 'p_miss': 0.26529507523844925}. Best is trial 41 with value: 0.15724612892489204.
running
[I 2024-10-29 20:48:59,657] Trial 181 finished with value: 0.18794066679280821 and parameters: {'model_name': 'VAE', 'batch_size': 688, 'iterations': 20, 'learning_rate': 0.0006751070015981609, 'p_miss': 0.24779987282490173}. Best is trial 41 with value: 0.15724612892489204.
running
[I 2024-10-29 20:49:08,906] Trial 182 finished with value: 0.18619977485677788 and parameters: {'model_name': 'KNNImputer', 'n_neighbors': 3493, 'weights': 'uniform'}. Best is trial 41 with value: 0.15724612892489204.
running
[I 2024-10-29 20:50:06,756] Trial 183 finished with value: 0.17076492180313518 and parameters: {'model_name': 'VAE', 'batch_size': 377, 'iterations': 7, 'learning_rate': 0.0037731421089442444, 'p_miss': 0.1768004142711075}. Best is trial 41 with value: 0.15724612892489204.
running
[I 2024-10-29 20:50:46,595] Trial 184 finished with value: 0.19574149017556594 and parameters: {'model_name': 'VAE', 'batch_size': 3, 'iterations': 9, 'learning_rate': 0.0010208653411104699, 'p_miss': 0.1236533513407101}. Best is trial 41 with value: 0.15724612892489204.
running
[I 2024-10-29 20:51:48,568] Trial 42 finished with value: 0.1883943009608286 and parameters: {'model_name': 'VAE', 'batch_size': 157, 'iterations': 9565, 'learning_rate': 0.0001132517252392399, 'p_miss': 0.2990345408880898}. Best is trial 41 with value: 0.15724612892489204.
running
[I 2024-10-29 20:52:50,686] Trial 186 finished with value: 0.16765962965245595 and parameters: {'model_name': 'VAE', 'batch_size': 200, 'iterations': 11, 'learning_rate': 0.0036305775748445806, 'p_miss': 0.22426381305371168}. Best is trial 41 with value: 0.15724612892489204.
running
[I 2024-10-29 21:01:53,879] Trial 185 finished with value: 0.18102995564244825 and parameters: {'model_name': 'VAE', 'batch_size': 268, 'iterations': 140, 'learning_rate': 0.0001660293477760128, 'p_miss': 0.18988165505193447}. Best is trial 41 with value: 0.15724612892489204.
running
[I 2024-10-29 21:02:25,143] Trial 167 finished with value: 0.18857034541250817 and parameters: {'model_name': 'VAE', 'batch_size': 336, 'iterations': 1870, 'learning_rate': 0.0012627434965991854, 'p_miss': 0.1392655219343883}. Best is trial 41 with value: 0.15724612892489204.
running
[I 2024-10-29 21:03:36,280] Trial 189 finished with value: 0.1685708084976072 and parameters: {'model_name': 'VAE', 'batch_size': 219, 'iterations': 13, 'learning_rate': 0.003129595148717292, 'p_miss': 0.2299413158328281}. Best is trial 41 with value: 0.15724612892489204.
running
[I 2024-10-29 21:03:52,878] Trial 188 finished with value: 0.17056443223091194 and parameters: {'model_name': 'VAE', 'batch_size': 474, 'iterations': 13, 'learning_rate': 0.0047040679760461165, 'p_miss': 0.22511328589118346}. Best is trial 41 with value: 0.15724612892489204.
running
[I 2024-10-29 21:05:50,393] Trial 190 finished with value: 0.19043506627175838 and parameters: {'model_name': 'VAE', 'batch_size': 461, 'iterations': 26, 'learning_rate': 0.0005837928682238465, 'p_miss': 0.21578341612429938}. Best is trial 41 with value: 0.15724612892489204.
running
[I 2024-10-29 21:06:07,798] Trial 192 finished with value: 0.19812289972267252 and parameters: {'model_name': 'VAE', 'batch_size': 167, 'iterations': 4, 'learning_rate': 0.0007646133284462199, 'p_miss': 0.15482897313338112}. Best is trial 41 with value: 0.15724612892489204.
running
[I 2024-10-29 21:06:08,595] Trial 193 finished with value: 0.18424198889523571 and parameters: {'model_name': 'SimpleImputer', 'strategy': 'mean'}. Best is trial 41 with value: 0.15724612892489204.
running
[I 2024-10-29 21:08:34,905] Trial 168 finished with value: 0.18775928347501303 and parameters: {'model_name': 'VAE', 'batch_size': 259, 'iterations': 2023, 'learning_rate': 0.0011841907572679462, 'p_miss': 0.2762374399578111}. Best is trial 41 with value: 0.15724612892489204.
running
[I 2024-10-29 21:09:07,588] Trial 195 finished with value: 0.19092962252202236 and parameters: {'model_name': 'VAE', 'batch_size': 101, 'iterations': 8, 'learning_rate': 0.0017533092691119788, 'p_miss': 0.20677665616683508}. Best is trial 41 with value: 0.15724612892489204.
running
[I 2024-10-29 21:09:55,926] Trial 196 finished with value: 0.17255407818166751 and parameters: {'model_name': 'VAE', 'batch_size': 137, 'iterations': 10, 'learning_rate': 0.003419460104814118, 'p_miss': 0.2100612014031343}. Best is trial 41 with value: 0.15724612892489204.
running
[I 2024-10-29 21:10:26,819] Trial 197 finished with value: 0.1844745906109221 and parameters: {'model_name': 'VAE', 'batch_size': 211, 'iterations': 6, 'learning_rate': 0.003287427294453285, 'p_miss': 0.21369647409506248}. Best is trial 41 with value: 0.15724612892489204.
running
[I 2024-10-29 21:41:32,937] Trial 194 finished with value: 0.18783120683489613 and parameters: {'model_name': 'VAE', 'batch_size': 102, 'iterations': 623, 'learning_rate': 0.0018121338506562135, 'p_miss': 0.20877274768353515}. Best is trial 41 with value: 0.15724612892489204.
running
[I 2024-10-29 21:43:03,333] Trial 199 finished with value: 0.17319163559979622 and parameters: {'model_name': 'VAE', 'batch_size': 375, 'iterations': 12, 'learning_rate': 0.0059305763219029365, 'p_miss': 0.22766496333000757}. Best is trial 41 with value: 0.15724612892489204.
[I 2024-10-29 21:47:21,836] Trial 130 finished with value: 0.18839905210664393 and parameters: {'model_name': 'VAE', 'batch_size': 263, 'iterations': 4553, 'learning_rate': 0.001294214425028639, 'p_miss': 0.18511375392049115}. Best is trial 41 with value: 0.15724612892489204.
[I 2024-10-29 22:00:03,526] Trial 198 finished with value: 0.18910712502335159 and parameters: {'model_name': 'VAE', 'batch_size': 381, 'iterations': 589, 'learning_rate': 0.0024259484029024387, 'p_miss': 0.18239664908420689}. Best is trial 41 with value: 0.15724612892489204.
[I 2024-10-29 22:05:47,008] Trial 67 finished with value: 0.1891214332678653 and parameters: {'model_name': 'VAE', 'batch_size': 146, 'iterations': 8110, 'learning_rate': 0.0027087751355762027, 'p_miss': 0.2739561619135975}. Best is trial 41 with value: 0.15724612892489204.
[I 2024-10-29 22:14:11,596] Trial 118 finished with value: 0.18780227211001682 and parameters: {'model_name': 'VAE', 'batch_size': 161, 'iterations': 4726, 'learning_rate': 0.004854180055470852, 'p_miss': 0.2312884026749018}. Best is trial 41 with value: 0.15724612892489204.
[I 2024-10-29 22:14:34,320] Trial 128 finished with value: 0.18609051653031577 and parameters: {'model_name': 'VAE', 'batch_size': 68, 'iterations': 4620, 'learning_rate': 0.006335343544857871, 'p_miss': 0.1809629111064971}. Best is trial 41 with value: 0.15724612892489204.
[I 2024-10-29 22:33:50,723] Trial 161 finished with value: 0.1887407604973327 and parameters: {'model_name': 'VAE', 'batch_size': 252, 'iterations': 4778, 'learning_rate': 0.0030820890188416484, 'p_miss': 0.21694186475021576}. Best is trial 41 with value: 0.15724612892489204.
[I 2024-10-29 22:59:01,436] Trial 156 finished with value: 0.18933522043573422 and parameters: {'model_name': 'VAE', 'batch_size': 346, 'iterations': 4940, 'learning_rate': 0.00036812447932196325, 'p_miss': 0.1807511640737104}. Best is trial 41 with value: 0.15724612892489204.
[I 2024-10-29 23:03:59,499] Trial 160 finished with value: 0.1889232251206344 and parameters: {'model_name': 'VAE', 'batch_size': 437, 'iterations': 4277, 'learning_rate': 0.0015489715233102802, 'p_miss': 0.2612929709419354}. Best is trial 41 with value: 0.15724612892489204.
[I 2024-10-29 23:05:30,894] Trial 191 finished with value: 0.1886519039519375 and parameters: {'model_name': 'VAE', 'batch_size': 173, 'iterations': 2853, 'learning_rate': 0.005988305350417939, 'p_miss': 0.2158358455365761}. Best is trial 41 with value: 0.15724612892489204.
[I 2024-10-29 23:10:35,001] Trial 179 finished with value: 0.18884774122003645 and parameters: {'model_name': 'VAE', 'batch_size': 346, 'iterations': 2854, 'learning_rate': 0.0006847020740759942, 'p_miss': 0.19206998714369894}. Best is trial 41 with value: 0.15724612892489204.
[I 2024-10-29 23:27:42,534] Trial 173 finished with value: 0.1883585266809625 and parameters: {'model_name': 'VAE', 'batch_size': 210, 'iterations': 4884, 'learning_rate': 0.00016394205875284608, 'p_miss': 0.24727433790364495}. Best is trial 41 with value: 0.15724612892489204.
[I 2024-10-29 23:28:25,290] Trial 187 finished with value: 0.18793913448395858 and parameters: {'model_name': 'VAE', 'batch_size': 209, 'iterations': 5186, 'learning_rate': 0.0030383828848578117, 'p_miss': 0.22804828221071824}. Best is trial 41 with value: 0.15724612892489204.
[I 2024-10-29 23:33:10,674] Trial 180 finished with value: 0.18844506697476 and parameters: {'model_name': 'VAE', 'batch_size': 374, 'iterations': 5125, 'learning_rate': 0.0017222070715878913, 'p_miss': 0.17976136059806813}. Best is trial 41 with value: 0.15724612892489204.
[I 2024-10-29 23:37:04,103] Trial 133 finished with value: 0.18917477334726102 and parameters: {'model_name': 'VAE', 'batch_size': 334, 'iterations': 9740, 'learning_rate': 0.0006673790273257097, 'p_miss': 0.21256918816373}. Best is trial 41 with value: 0.15724612892489204.
[I 2024-10-29 23:42:46,659] Trial 103 finished with value: 0.1883729752788191 and parameters: {'model_name': 'VAE', 'batch_size': 581, 'iterations': 9682, 'learning_rate': 0.0004458213845699226, 'p_miss': 0.23501768550996965}. Best is trial 41 with value: 0.15724612892489204.
fit
auto fit
auto transform
0     0
1     0
2     0
3     0
4     0
5     0
6     0
7     0
8     0
9     0
10    0
11    0
12    0
13    0
dtype: int64
0     0
1     0
2     0
3     0
4     0
5     0
6     0
7     0
8     0
9     0
10    0
11    0
12    0
13    0
dtype: int64
0.15724612892489204
{'model_name': 'VAE', 'batch_size': 1, 'iterations': 1084, 'learning_rate': 0.00012411445098773212, 'p_miss': 0.24863895058446012}
running experiment 2/3 - Does reconstruction give good automl predictions
Start est fit
Version 0.1.7a0 of tpot2 is outdated. Version 0.1.8a0 was released Tuesday September 17, 2024.
Version 0.1.7a0 of tpot2 is outdated. Version 0.1.8a0 was released Tuesday September 17, 2024.
Version 0.1.7a0 of tpot2 is outdated. Version 0.1.8a0 was released Tuesday September 17, 2024.
Version 0.1.7a0 of tpot2 is outdated. Version 0.1.8a0 was released Tuesday September 17, 2024.
Version 0.1.7a0 of tpot2 is outdated. Version 0.1.8a0 was released Tuesday September 17, 2024.
Version 0.1.7a0 of tpot2 is outdated. Version 0.1.8a0 was released Tuesday September 17, 2024.
Version 0.1.7a0 of tpot2 is outdated. Version 0.1.8a0 was released Tuesday September 17, 2024.
Version 0.1.7a0 of tpot2 is outdated. Version 0.1.8a0 was released Tuesday September 17, 2024.
Version 0.1.7a0 of tpot2 is outdated. Version 0.1.8a0 was released Tuesday September 17, 2024.
Version 0.1.7a0 of tpot2 is outdated. Version 0.1.8a0 was released Tuesday September 17, 2024.
Version 0.1.7a0 of tpot2 is outdated. Version 0.1.8a0 was released Tuesday September 17, 2024.
Version 0.1.7a0 of tpot2 is outdated. Version 0.1.8a0 was released Tuesday September 17, 2024.
Version 0.1.7a0 of tpot2 is outdated. Version 0.1.8a0 was released Tuesday September 17, 2024.
Version 0.1.7a0 of tpot2 is outdated. Version 0.1.8a0 was released Tuesday September 17, 2024.
Version 0.1.7a0 of tpot2 is outdated. Version 0.1.8a0 was released Tuesday September 17, 2024.
Version 0.1.7a0 of tpot2 is outdated. Version 0.1.8a0 was released Tuesday September 17, 2024.
  0%|          | 0/25 [00:00<?, ?it/s]Generation:   0%|          | 0/25 [00:00<?, ?it/s]Generation:  1
Best f1_score score: 0.516659263345262
Generation:   4%|         | 1/25 [00:15<06:05, 15.25s/it]Generation:  2
Best f1_score score: 0.5196238211439896
Generation:   8%|         | 2/25 [00:41<08:13, 21.44s/it]WARNING THIS INDIVIDUAL CAUSED AND EXCEPTION 
 <tpot2.search_spaces.pipelines.sequential.SequentialPipelineIndividual object at 0x155467f27bb0> 
 Negative values in data passed to MultinomialNB (input X) 
 Traceback (most recent call last):
  File "/common/ketrong/tpotexp/tpot2/tpot2/utils/eval_utils.py", line 53, in objective_nan_wrapper
    value = func_timeout.func_timeout(timeout, objective_function, args=[individual], kwargs=objective_kwargs)
  File "/common/ketrong/tpotexp/env/lib/python3.10/site-packages/func_timeout/dafunc.py", line 108, in func_timeout
    raise_exception(exception)
  File "/common/ketrong/tpotexp/env/lib/python3.10/site-packages/func_timeout/py3_raise.py", line 7, in raise_exception
    raise exception[0] from None
  File "/common/ketrong/tpotexp/tpot2/tpot2/tpot_estimator/estimator.py", line 623, in objective_function
    return objective_function_generator(
  File "/common/ketrong/tpotexp/tpot2/tpot2/tpot_estimator/estimator_utils.py", line 55, in objective_function_generator
    cv_obj_scores = cross_val_score_objective(sklearn.base.clone(pipeline),x,y,scorers=scorers, cv=cv , fold=step)
  File "/common/ketrong/tpotexp/tpot2/tpot2/tpot_estimator/cross_val_utils.py", line 28, in cross_val_score_objective
    this_fold_pipeline.fit(X_train,y_train)
  File "/common/ketrong/tpotexp/env/lib/python3.10/site-packages/sklearn/base.py", line 1473, in wrapper
    return fit_method(estimator, *args, **kwargs)
  File "/common/ketrong/tpotexp/env/lib/python3.10/site-packages/sklearn/pipeline.py", line 473, in fit
    self._final_estimator.fit(Xt, y, **last_step_params["fit"])
  File "/common/ketrong/tpotexp/env/lib/python3.10/site-packages/sklearn/base.py", line 1473, in wrapper
    return fit_method(estimator, *args, **kwargs)
  File "/common/ketrong/tpotexp/env/lib/python3.10/site-packages/sklearn/naive_bayes.py", line 759, in fit
    self._count(X, Y)
  File "/common/ketrong/tpotexp/env/lib/python3.10/site-packages/sklearn/naive_bayes.py", line 881, in _count
    check_non_negative(X, "MultinomialNB (input X)")
  File "/common/ketrong/tpotexp/env/lib/python3.10/site-packages/sklearn/utils/validation.py", line 1689, in check_non_negative
    raise ValueError("Negative values in data passed to %s" % whom)
ValueError: Negative values in data passed to MultinomialNB (input X)

WARNING THIS INDIVIDUAL CAUSED AND EXCEPTION 
 <tpot2.search_spaces.pipelines.sequential.SequentialPipelineIndividual object at 0x1554747321d0> 
 Negative values in data passed to MultinomialNB (input X) 
 Traceback (most recent call last):
  File "/common/ketrong/tpotexp/tpot2/tpot2/utils/eval_utils.py", line 53, in objective_nan_wrapper
    value = func_timeout.func_timeout(timeout, objective_function, args=[individual], kwargs=objective_kwargs)
  File "/common/ketrong/tpotexp/env/lib/python3.10/site-packages/func_timeout/dafunc.py", line 108, in func_timeout
    raise_exception(exception)
  File "/common/ketrong/tpotexp/env/lib/python3.10/site-packages/func_timeout/py3_raise.py", line 7, in raise_exception
    raise exception[0] from None
  File "/common/ketrong/tpotexp/tpot2/tpot2/tpot_estimator/estimator.py", line 623, in objective_function
    return objective_function_generator(
  File "/common/ketrong/tpotexp/tpot2/tpot2/tpot_estimator/estimator_utils.py", line 55, in objective_function_generator
    cv_obj_scores = cross_val_score_objective(sklearn.base.clone(pipeline),x,y,scorers=scorers, cv=cv , fold=step)
  File "/common/ketrong/tpotexp/tpot2/tpot2/tpot_estimator/cross_val_utils.py", line 28, in cross_val_score_objective
    this_fold_pipeline.fit(X_train,y_train)
  File "/common/ketrong/tpotexp/env/lib/python3.10/site-packages/sklearn/base.py", line 1473, in wrapper
    return fit_method(estimator, *args, **kwargs)
  File "/common/ketrong/tpotexp/env/lib/python3.10/site-packages/sklearn/pipeline.py", line 473, in fit
    self._final_estimator.fit(Xt, y, **last_step_params["fit"])
  File "/common/ketrong/tpotexp/env/lib/python3.10/site-packages/sklearn/base.py", line 1473, in wrapper
    return fit_method(estimator, *args, **kwargs)
  File "/common/ketrong/tpotexp/env/lib/python3.10/site-packages/sklearn/naive_bayes.py", line 759, in fit
    self._count(X, Y)
  File "/common/ketrong/tpotexp/env/lib/python3.10/site-packages/sklearn/naive_bayes.py", line 881, in _count
    check_non_negative(X, "MultinomialNB (input X)")
  File "/common/ketrong/tpotexp/env/lib/python3.10/site-packages/sklearn/utils/validation.py", line 1689, in check_non_negative
    raise ValueError("Negative values in data passed to %s" % whom)
ValueError: Negative values in data passed to MultinomialNB (input X)

Generation:  3
Best f1_score score: 0.5196238211439896
Generation:  12%|        | 3/25 [01:19<10:37, 28.99s/it]Generation:  4
Best f1_score score: 0.5236862341387477
Generation:  16%|        | 4/25 [03:51<27:15, 77.86s/it]WARNING THIS INDIVIDUAL CAUSED AND EXCEPTION 
 <tpot2.search_spaces.pipelines.sequential.SequentialPipelineIndividual object at 0x155474718b80> 
 Negative values in data passed to MultinomialNB (input X) 
 Traceback (most recent call last):
  File "/common/ketrong/tpotexp/tpot2/tpot2/utils/eval_utils.py", line 53, in objective_nan_wrapper
    value = func_timeout.func_timeout(timeout, objective_function, args=[individual], kwargs=objective_kwargs)
  File "/common/ketrong/tpotexp/env/lib/python3.10/site-packages/func_timeout/dafunc.py", line 108, in func_timeout
    raise_exception(exception)
  File "/common/ketrong/tpotexp/env/lib/python3.10/site-packages/func_timeout/py3_raise.py", line 7, in raise_exception
    raise exception[0] from None
  File "/common/ketrong/tpotexp/tpot2/tpot2/tpot_estimator/estimator.py", line 623, in objective_function
    return objective_function_generator(
  File "/common/ketrong/tpotexp/tpot2/tpot2/tpot_estimator/estimator_utils.py", line 55, in objective_function_generator
    cv_obj_scores = cross_val_score_objective(sklearn.base.clone(pipeline),x,y,scorers=scorers, cv=cv , fold=step)
  File "/common/ketrong/tpotexp/tpot2/tpot2/tpot_estimator/cross_val_utils.py", line 28, in cross_val_score_objective
    this_fold_pipeline.fit(X_train,y_train)
  File "/common/ketrong/tpotexp/env/lib/python3.10/site-packages/sklearn/base.py", line 1473, in wrapper
    return fit_method(estimator, *args, **kwargs)
  File "/common/ketrong/tpotexp/env/lib/python3.10/site-packages/sklearn/pipeline.py", line 473, in fit
    self._final_estimator.fit(Xt, y, **last_step_params["fit"])
  File "/common/ketrong/tpotexp/env/lib/python3.10/site-packages/sklearn/base.py", line 1473, in wrapper
    return fit_method(estimator, *args, **kwargs)
  File "/common/ketrong/tpotexp/env/lib/python3.10/site-packages/sklearn/naive_bayes.py", line 759, in fit
    self._count(X, Y)
  File "/common/ketrong/tpotexp/env/lib/python3.10/site-packages/sklearn/naive_bayes.py", line 881, in _count
    check_non_negative(X, "MultinomialNB (input X)")
  File "/common/ketrong/tpotexp/env/lib/python3.10/site-packages/sklearn/utils/validation.py", line 1689, in check_non_negative
    raise ValueError("Negative values in data passed to %s" % whom)
ValueError: Negative values in data passed to MultinomialNB (input X)

Generation:  5
Best f1_score score: 0.5236862341387477
Generation:  20%|        | 5/25 [04:17<19:38, 58.93s/it]Generation:  6
Best f1_score score: 0.5236862341387477
Generation:  24%|       | 6/25 [04:37<14:30, 45.83s/it]Generation:  7
Best f1_score score: 0.5236862341387477
Generation:  28%|       | 7/25 [04:48<10:22, 34.59s/it]Generation:  8
Best f1_score score: 0.5236862341387477
Generation:  32%|      | 8/25 [06:12<14:13, 50.20s/it]Generation:  9
Best f1_score score: 0.5236862341387477
Generation:  36%|      | 9/25 [06:32<10:51, 40.69s/it]Generation:  10
Best f1_score score: 0.5236862341387477
Generation:  40%|      | 10/25 [08:04<14:07, 56.49s/it]Generation:  11
Best f1_score score: 0.5236862341387477
Generation:  44%|     | 11/25 [08:22<10:25, 44.69s/it]WARNING THIS INDIVIDUAL CAUSED AND EXCEPTION 
 <tpot2.search_spaces.pipelines.sequential.SequentialPipelineIndividual object at 0x155465b4cb20> 
 Negative values in data passed to MultinomialNB (input X) 
 Traceback (most recent call last):
  File "/common/ketrong/tpotexp/tpot2/tpot2/utils/eval_utils.py", line 53, in objective_nan_wrapper
    value = func_timeout.func_timeout(timeout, objective_function, args=[individual], kwargs=objective_kwargs)
  File "/common/ketrong/tpotexp/env/lib/python3.10/site-packages/func_timeout/dafunc.py", line 108, in func_timeout
    raise_exception(exception)
  File "/common/ketrong/tpotexp/env/lib/python3.10/site-packages/func_timeout/py3_raise.py", line 7, in raise_exception
    raise exception[0] from None
  File "/common/ketrong/tpotexp/tpot2/tpot2/tpot_estimator/estimator.py", line 623, in objective_function
    return objective_function_generator(
  File "/common/ketrong/tpotexp/tpot2/tpot2/tpot_estimator/estimator_utils.py", line 55, in objective_function_generator
    cv_obj_scores = cross_val_score_objective(sklearn.base.clone(pipeline),x,y,scorers=scorers, cv=cv , fold=step)
  File "/common/ketrong/tpotexp/tpot2/tpot2/tpot_estimator/cross_val_utils.py", line 28, in cross_val_score_objective
    this_fold_pipeline.fit(X_train,y_train)
  File "/common/ketrong/tpotexp/env/lib/python3.10/site-packages/sklearn/base.py", line 1473, in wrapper
    return fit_method(estimator, *args, **kwargs)
  File "/common/ketrong/tpotexp/env/lib/python3.10/site-packages/sklearn/pipeline.py", line 473, in fit
    self._final_estimator.fit(Xt, y, **last_step_params["fit"])
  File "/common/ketrong/tpotexp/env/lib/python3.10/site-packages/sklearn/base.py", line 1473, in wrapper
    return fit_method(estimator, *args, **kwargs)
  File "/common/ketrong/tpotexp/env/lib/python3.10/site-packages/sklearn/naive_bayes.py", line 759, in fit
    self._count(X, Y)
  File "/common/ketrong/tpotexp/env/lib/python3.10/site-packages/sklearn/naive_bayes.py", line 881, in _count
    check_non_negative(X, "MultinomialNB (input X)")
  File "/common/ketrong/tpotexp/env/lib/python3.10/site-packages/sklearn/utils/validation.py", line 1689, in check_non_negative
    raise ValueError("Negative values in data passed to %s" % whom)
ValueError: Negative values in data passed to MultinomialNB (input X)

WARNING THIS INDIVIDUAL CAUSED AND EXCEPTION 
 <tpot2.search_spaces.pipelines.sequential.SequentialPipelineIndividual object at 0x155467fc4be0> 
 Negative values in data passed to MultinomialNB (input X) 
 Traceback (most recent call last):
  File "/common/ketrong/tpotexp/tpot2/tpot2/utils/eval_utils.py", line 53, in objective_nan_wrapper
    value = func_timeout.func_timeout(timeout, objective_function, args=[individual], kwargs=objective_kwargs)
  File "/common/ketrong/tpotexp/env/lib/python3.10/site-packages/func_timeout/dafunc.py", line 108, in func_timeout
    raise_exception(exception)
  File "/common/ketrong/tpotexp/env/lib/python3.10/site-packages/func_timeout/py3_raise.py", line 7, in raise_exception
    raise exception[0] from None
  File "/common/ketrong/tpotexp/tpot2/tpot2/tpot_estimator/estimator.py", line 623, in objective_function
    return objective_function_generator(
  File "/common/ketrong/tpotexp/tpot2/tpot2/tpot_estimator/estimator_utils.py", line 55, in objective_function_generator
    cv_obj_scores = cross_val_score_objective(sklearn.base.clone(pipeline),x,y,scorers=scorers, cv=cv , fold=step)
  File "/common/ketrong/tpotexp/tpot2/tpot2/tpot_estimator/cross_val_utils.py", line 28, in cross_val_score_objective
    this_fold_pipeline.fit(X_train,y_train)
  File "/common/ketrong/tpotexp/env/lib/python3.10/site-packages/sklearn/base.py", line 1473, in wrapper
    return fit_method(estimator, *args, **kwargs)
  File "/common/ketrong/tpotexp/env/lib/python3.10/site-packages/sklearn/pipeline.py", line 473, in fit
    self._final_estimator.fit(Xt, y, **last_step_params["fit"])
  File "/common/ketrong/tpotexp/env/lib/python3.10/site-packages/sklearn/base.py", line 1473, in wrapper
    return fit_method(estimator, *args, **kwargs)
  File "/common/ketrong/tpotexp/env/lib/python3.10/site-packages/sklearn/naive_bayes.py", line 759, in fit
    self._count(X, Y)
  File "/common/ketrong/tpotexp/env/lib/python3.10/site-packages/sklearn/naive_bayes.py", line 881, in _count
    check_non_negative(X, "MultinomialNB (input X)")
  File "/common/ketrong/tpotexp/env/lib/python3.10/site-packages/sklearn/utils/validation.py", line 1689, in check_non_negative
    raise ValueError("Negative values in data passed to %s" % whom)
ValueError: Negative values in data passed to MultinomialNB (input X)

Generation:  12
Best f1_score score: 0.524603760199947
Generation:  48%|     | 12/25 [08:45<08:15, 38.12s/it]Generation:  13
Best f1_score score: 0.5248955961557814
Generation:  52%|    | 13/25 [09:03<06:25, 32.11s/it]Generation:  14
Best f1_score score: 0.5248955961557814
Generation:  56%|    | 14/25 [09:46<06:28, 35.30s/it]Generation:  15
Best f1_score score: 0.5248955961557814
Generation:  60%|    | 15/25 [10:10<05:21, 32.12s/it]Generation:  16
Best f1_score score: 0.5248955961557814
Generation:  64%|   | 16/25 [11:30<06:57, 46.44s/it]WARNING THIS INDIVIDUAL CAUSED AND EXCEPTION 
 <tpot2.search_spaces.pipelines.sequential.SequentialPipelineIndividual object at 0x155467ac4550> 
 Negative values in data passed to MultinomialNB (input X) 
 Traceback (most recent call last):
  File "/common/ketrong/tpotexp/tpot2/tpot2/utils/eval_utils.py", line 53, in objective_nan_wrapper
    value = func_timeout.func_timeout(timeout, objective_function, args=[individual], kwargs=objective_kwargs)
  File "/common/ketrong/tpotexp/env/lib/python3.10/site-packages/func_timeout/dafunc.py", line 108, in func_timeout
    raise_exception(exception)
  File "/common/ketrong/tpotexp/env/lib/python3.10/site-packages/func_timeout/py3_raise.py", line 7, in raise_exception
    raise exception[0] from None
  File "/common/ketrong/tpotexp/tpot2/tpot2/tpot_estimator/estimator.py", line 623, in objective_function
    return objective_function_generator(
  File "/common/ketrong/tpotexp/tpot2/tpot2/tpot_estimator/estimator_utils.py", line 55, in objective_function_generator
    cv_obj_scores = cross_val_score_objective(sklearn.base.clone(pipeline),x,y,scorers=scorers, cv=cv , fold=step)
  File "/common/ketrong/tpotexp/tpot2/tpot2/tpot_estimator/cross_val_utils.py", line 28, in cross_val_score_objective
    this_fold_pipeline.fit(X_train,y_train)
  File "/common/ketrong/tpotexp/env/lib/python3.10/site-packages/sklearn/base.py", line 1473, in wrapper
    return fit_method(estimator, *args, **kwargs)
  File "/common/ketrong/tpotexp/env/lib/python3.10/site-packages/sklearn/pipeline.py", line 473, in fit
    self._final_estimator.fit(Xt, y, **last_step_params["fit"])
  File "/common/ketrong/tpotexp/env/lib/python3.10/site-packages/sklearn/base.py", line 1473, in wrapper
    return fit_method(estimator, *args, **kwargs)
  File "/common/ketrong/tpotexp/env/lib/python3.10/site-packages/sklearn/naive_bayes.py", line 759, in fit
    self._count(X, Y)
  File "/common/ketrong/tpotexp/env/lib/python3.10/site-packages/sklearn/naive_bayes.py", line 881, in _count
    check_non_negative(X, "MultinomialNB (input X)")
  File "/common/ketrong/tpotexp/env/lib/python3.10/site-packages/sklearn/utils/validation.py", line 1689, in check_non_negative
    raise ValueError("Negative values in data passed to %s" % whom)
ValueError: Negative values in data passed to MultinomialNB (input X)

WARNING THIS INDIVIDUAL CAUSED AND EXCEPTION 
 <tpot2.search_spaces.pipelines.sequential.SequentialPipelineIndividual object at 0x155474733790> 
 Negative values in data passed to MultinomialNB (input X) 
 Traceback (most recent call last):
  File "/common/ketrong/tpotexp/tpot2/tpot2/utils/eval_utils.py", line 53, in objective_nan_wrapper
    value = func_timeout.func_timeout(timeout, objective_function, args=[individual], kwargs=objective_kwargs)
  File "/common/ketrong/tpotexp/env/lib/python3.10/site-packages/func_timeout/dafunc.py", line 108, in func_timeout
    raise_exception(exception)
  File "/common/ketrong/tpotexp/env/lib/python3.10/site-packages/func_timeout/py3_raise.py", line 7, in raise_exception
    raise exception[0] from None
  File "/common/ketrong/tpotexp/tpot2/tpot2/tpot_estimator/estimator.py", line 623, in objective_function
    return objective_function_generator(
  File "/common/ketrong/tpotexp/tpot2/tpot2/tpot_estimator/estimator_utils.py", line 55, in objective_function_generator
    cv_obj_scores = cross_val_score_objective(sklearn.base.clone(pipeline),x,y,scorers=scorers, cv=cv , fold=step)
  File "/common/ketrong/tpotexp/tpot2/tpot2/tpot_estimator/cross_val_utils.py", line 28, in cross_val_score_objective
    this_fold_pipeline.fit(X_train,y_train)
  File "/common/ketrong/tpotexp/env/lib/python3.10/site-packages/sklearn/base.py", line 1473, in wrapper
    return fit_method(estimator, *args, **kwargs)
  File "/common/ketrong/tpotexp/env/lib/python3.10/site-packages/sklearn/pipeline.py", line 473, in fit
    self._final_estimator.fit(Xt, y, **last_step_params["fit"])
  File "/common/ketrong/tpotexp/env/lib/python3.10/site-packages/sklearn/base.py", line 1473, in wrapper
    return fit_method(estimator, *args, **kwargs)
  File "/common/ketrong/tpotexp/env/lib/python3.10/site-packages/sklearn/naive_bayes.py", line 759, in fit
    self._count(X, Y)
  File "/common/ketrong/tpotexp/env/lib/python3.10/site-packages/sklearn/naive_bayes.py", line 881, in _count
    check_non_negative(X, "MultinomialNB (input X)")
  File "/common/ketrong/tpotexp/env/lib/python3.10/site-packages/sklearn/utils/validation.py", line 1689, in check_non_negative
    raise ValueError("Negative values in data passed to %s" % whom)
ValueError: Negative values in data passed to MultinomialNB (input X)

Generation:  17
Best f1_score score: 0.5289415463203415
Generation:  68%|   | 17/25 [11:50<05:08, 38.57s/it]Generation:  18
Best f1_score score: 0.5289415463203415
Generation:  72%|  | 18/25 [12:30<04:32, 38.98s/it]WARNING THIS INDIVIDUAL CAUSED AND EXCEPTION 
 <tpot2.search_spaces.pipelines.sequential.SequentialPipelineIndividual object at 0x1554746fead0> 
 Negative values in data passed to MultinomialNB (input X) 
 Traceback (most recent call last):
  File "/common/ketrong/tpotexp/tpot2/tpot2/utils/eval_utils.py", line 53, in objective_nan_wrapper
    value = func_timeout.func_timeout(timeout, objective_function, args=[individual], kwargs=objective_kwargs)
  File "/common/ketrong/tpotexp/env/lib/python3.10/site-packages/func_timeout/dafunc.py", line 108, in func_timeout
    raise_exception(exception)
  File "/common/ketrong/tpotexp/env/lib/python3.10/site-packages/func_timeout/py3_raise.py", line 7, in raise_exception
    raise exception[0] from None
  File "/common/ketrong/tpotexp/tpot2/tpot2/tpot_estimator/estimator.py", line 623, in objective_function
    return objective_function_generator(
  File "/common/ketrong/tpotexp/tpot2/tpot2/tpot_estimator/estimator_utils.py", line 55, in objective_function_generator
    cv_obj_scores = cross_val_score_objective(sklearn.base.clone(pipeline),x,y,scorers=scorers, cv=cv , fold=step)
  File "/common/ketrong/tpotexp/tpot2/tpot2/tpot_estimator/cross_val_utils.py", line 28, in cross_val_score_objective
    this_fold_pipeline.fit(X_train,y_train)
  File "/common/ketrong/tpotexp/env/lib/python3.10/site-packages/sklearn/base.py", line 1473, in wrapper
    return fit_method(estimator, *args, **kwargs)
  File "/common/ketrong/tpotexp/env/lib/python3.10/site-packages/sklearn/pipeline.py", line 473, in fit
    self._final_estimator.fit(Xt, y, **last_step_params["fit"])
  File "/common/ketrong/tpotexp/env/lib/python3.10/site-packages/sklearn/base.py", line 1473, in wrapper
    return fit_method(estimator, *args, **kwargs)
  File "/common/ketrong/tpotexp/env/lib/python3.10/site-packages/sklearn/naive_bayes.py", line 759, in fit
    self._count(X, Y)
  File "/common/ketrong/tpotexp/env/lib/python3.10/site-packages/sklearn/naive_bayes.py", line 881, in _count
    check_non_negative(X, "MultinomialNB (input X)")
  File "/common/ketrong/tpotexp/env/lib/python3.10/site-packages/sklearn/utils/validation.py", line 1689, in check_non_negative
    raise ValueError("Negative values in data passed to %s" % whom)
ValueError: Negative values in data passed to MultinomialNB (input X)

Generation:  19
Best f1_score score: 0.5289415463203415
Generation:  76%|  | 19/25 [13:03<03:42, 37.14s/it]Generation:  20
Best f1_score score: 0.5289415463203415
Generation:  80%|  | 20/25 [13:57<03:31, 42.27s/it]Generation:  21
Best f1_score score: 0.5289415463203415
Generation:  84%| | 21/25 [14:31<02:38, 39.63s/it]Generation:  22
Best f1_score score: 0.5289415463203415
Generation:  88%| | 22/25 [15:18<02:05, 41.89s/it]Generation:  23
Best f1_score score: 0.5289415463203415
Generation:  92%|| 23/25 [16:21<01:36, 48.07s/it]Generation:  24
Best f1_score score: 0.5289415463203415
Generation:  96%|| 24/25 [20:43<01:52, 112.35s/it]Generation:  25
Best f1_score score: 0.5289415463203415
Generation: 100%|| 25/25 [21:00<00:00, 83.84s/it] Generation: 100%|| 25/25 [21:05<00:00, 50.62s/it]
2024-10-30 00:04:07,767 - distributed.scheduler - ERROR - Removing worker 'tcp://127.0.0.1:41203' caused the cluster to lose scattered data, which can't be recovered: {'ndarray-27714b3ba982b21cd493c41cba47b65d', 'ndarray-75556c436dd71b66be36a6e72cf17556'} (stimulus_id='handle-worker-cleanup-1730271847.7676528')
Fitted
Pipeline(steps=[('extratreesclassifier',
                 ExtraTreesClassifier(bootstrap=True, class_weight='balanced',
                                      max_features=0.5165928285221,
                                      min_samples_leaf=8, min_samples_split=16,
                                      n_jobs=1))])
score start
train score: {'auroc': 0.9036266252695407, 'accuracy': 0.8256322494770869, 'balanced_accuracy': 0.8251239894853315, 'logloss': 0.6199592135017824, 'f1': 0.8249678926528481}
original test score: {'auroc': 0.5994192799070849, 'accuracy': 0.5771863117870722, 'balanced_accuracy': 0.5493495934959349, 'logloss': 0.6833035967036879, 'f1': 0.4597977326193094}
imputed test score: {'auroc': 0.542959349593496, 'accuracy': 0.5346007604562738, 'balanced_accuracy': 0.5304761904761905, 'logloss': 0.6889659587004618, 'f1': 0.5300785246154349}
score end
check intended
EXP2 Finished
running experiment 3/3 - What is the best automl settings?
<tpot2.search_spaces.pipelines.sequential.SequentialPipeline object at 0x1554350185b0>
Start tpot fit
Version 0.1.7a0 of tpot2 is outdated. Version 0.1.8a0 was released Tuesday September 17, 2024.
Version 0.1.7a0 of tpot2 is outdated. Version 0.1.8a0 was released Tuesday September 17, 2024.
Version 0.1.7a0 of tpot2 is outdated. Version 0.1.8a0 was released Tuesday September 17, 2024.
Version 0.1.7a0 of tpot2 is outdated. Version 0.1.8a0 was released Tuesday September 17, 2024.
Version 0.1.7a0 of tpot2 is outdated. Version 0.1.8a0 was released Tuesday September 17, 2024.
Version 0.1.7a0 of tpot2 is outdated. Version 0.1.8a0 was released Tuesday September 17, 2024.
Version 0.1.7a0 of tpot2 is outdated. Version 0.1.8a0 was released Tuesday September 17, 2024.
Version 0.1.7a0 of tpot2 is outdated. Version 0.1.8a0 was released Tuesday September 17, 2024.
Version 0.1.7a0 of tpot2 is outdated. Version 0.1.8a0 was released Tuesday September 17, 2024.
Version 0.1.7a0 of tpot2 is outdated. Version 0.1.8a0 was released Tuesday September 17, 2024.
Version 0.1.7a0 of tpot2 is outdated. Version 0.1.8a0 was released Tuesday September 17, 2024.
Version 0.1.7a0 of tpot2 is outdated. Version 0.1.8a0 was released Tuesday September 17, 2024.
Version 0.1.7a0 of tpot2 is outdated. Version 0.1.8a0 was released Tuesday September 17, 2024.
Version 0.1.7a0 of tpot2 is outdated. Version 0.1.8a0 was released Tuesday September 17, 2024.
Version 0.1.7a0 of tpot2 is outdated. Version 0.1.8a0 was released Tuesday September 17, 2024.
Version 0.1.7a0 of tpot2 is outdated. Version 0.1.8a0 was released Tuesday September 17, 2024.
  0%|          | 0/25 [00:00<?, ?it/s]Generation:   0%|          | 0/25 [00:00<?, ?it/s]Generation:  1
Best f1_score score: 0.8191727169645645
Generation:   4%|         | 1/25 [01:22<32:56, 82.36s/it]WARNING AN INDIVIDUAL TIMED OUT: 
 <tpot2.search_spaces.pipelines.sequential.SequentialPipelineIndividual object at 0x155474d40460> 

Generation:  2
Best f1_score score: 0.8220019170422542
Generation:   8%|         | 2/25 [11:27<2:29:29, 389.97s/it]Generation:  3
Best f1_score score: 0.8223580112534666
Generation:  12%|        | 3/25 [12:02<1:23:34, 227.93s/it]WARNING AN INDIVIDUAL TIMED OUT: 
 <tpot2.search_spaces.pipelines.sequential.SequentialPipelineIndividual object at 0x1554746507f0> 

Generation:  4
Best f1_score score: 0.8227761315810451
Generation:  16%|        | 4/25 [22:08<2:12:01, 377.24s/it]Generation:  5
Best f1_score score: 0.8255169788059369
Generation:  20%|        | 5/25 [24:06<1:34:29, 283.46s/it]WARNING THIS INDIVIDUAL CAUSED AND EXCEPTION 
 <tpot2.search_spaces.pipelines.sequential.SequentialPipelineIndividual object at 0x155474246200> 
 Negative values in data passed to MultinomialNB (input X) 
 Traceback (most recent call last):
  File "/common/ketrong/tpotexp/tpot2/tpot2/utils/eval_utils.py", line 53, in objective_nan_wrapper
    value = func_timeout.func_timeout(timeout, objective_function, args=[individual], kwargs=objective_kwargs)
  File "/common/ketrong/tpotexp/env/lib/python3.10/site-packages/func_timeout/dafunc.py", line 108, in func_timeout
    raise_exception(exception)
  File "/common/ketrong/tpotexp/env/lib/python3.10/site-packages/func_timeout/py3_raise.py", line 7, in raise_exception
    raise exception[0] from None
  File "/common/ketrong/tpotexp/tpot2/tpot2/tpot_estimator/estimator.py", line 623, in objective_function
    return objective_function_generator(
  File "/common/ketrong/tpotexp/tpot2/tpot2/tpot_estimator/estimator_utils.py", line 55, in objective_function_generator
    cv_obj_scores = cross_val_score_objective(sklearn.base.clone(pipeline),x,y,scorers=scorers, cv=cv , fold=step)
  File "/common/ketrong/tpotexp/tpot2/tpot2/tpot_estimator/cross_val_utils.py", line 28, in cross_val_score_objective
    this_fold_pipeline.fit(X_train,y_train)
  File "/common/ketrong/tpotexp/env/lib/python3.10/site-packages/sklearn/base.py", line 1473, in wrapper
    return fit_method(estimator, *args, **kwargs)
  File "/common/ketrong/tpotexp/env/lib/python3.10/site-packages/sklearn/pipeline.py", line 473, in fit
    self._final_estimator.fit(Xt, y, **last_step_params["fit"])
  File "/common/ketrong/tpotexp/env/lib/python3.10/site-packages/sklearn/base.py", line 1473, in wrapper
    return fit_method(estimator, *args, **kwargs)
  File "/common/ketrong/tpotexp/env/lib/python3.10/site-packages/sklearn/naive_bayes.py", line 759, in fit
    self._count(X, Y)
  File "/common/ketrong/tpotexp/env/lib/python3.10/site-packages/sklearn/naive_bayes.py", line 881, in _count
    check_non_negative(X, "MultinomialNB (input X)")
  File "/common/ketrong/tpotexp/env/lib/python3.10/site-packages/sklearn/utils/validation.py", line 1689, in check_non_negative
    raise ValueError("Negative values in data passed to %s" % whom)
ValueError: Negative values in data passed to MultinomialNB (input X)

Generation:  6
Best f1_score score: 0.8295770127550164
Generation:  24%|       | 6/25 [24:44<1:03:21, 200.06s/it]Generation:  7
Best f1_score score: 0.8295770127550164
Generation:  28%|       | 7/25 [25:33<45:12, 150.68s/it]  WARNING AN INDIVIDUAL TIMED OUT: 
 <tpot2.search_spaces.pipelines.sequential.SequentialPipelineIndividual object at 0x155474d202e0> 

Generation:  8
Best f1_score score: 0.8295770127550164
Generation:  32%|      | 8/25 [35:39<1:23:49, 295.86s/it]WARNING AN INDIVIDUAL TIMED OUT: 
 <tpot2.search_spaces.pipelines.sequential.SequentialPipelineIndividual object at 0x15544c8f6980> 

Generation:  9
Best f1_score score: 0.8295770127550164
Generation:  36%|      | 9/25 [45:43<1:44:33, 392.10s/it]WARNING AN INDIVIDUAL TIMED OUT: 
 <tpot2.search_spaces.pipelines.sequential.SequentialPipelineIndividual object at 0x15545dec7100> 

Generation:  10
Best f1_score score: 0.8295770127550164
Generation:  40%|      | 10/25 [55:49<1:54:32, 458.19s/it]WARNING AN INDIVIDUAL TIMED OUT: 
 <tpot2.search_spaces.pipelines.sequential.SequentialPipelineIndividual object at 0x15545de6fd00> 

Generation:  11
Best f1_score score: 0.8295770127550164
Generation:  44%|     | 11/25 [1:05:55<1:57:25, 503.22s/it]WARNING AN INDIVIDUAL TIMED OUT: 
 <tpot2.search_spaces.pipelines.sequential.SequentialPipelineIndividual object at 0x155474d1e140> 

Generation:  12
Best f1_score score: 0.8295770127550164
Generation:  48%|     | 12/25 [1:16:01<1:55:48, 534.49s/it]WARNING AN INDIVIDUAL TIMED OUT: 
 <tpot2.search_spaces.pipelines.sequential.SequentialPipelineIndividual object at 0x15545fee27a0> 

Generation:  13
Best f1_score score: 0.8295770127550164
Generation:  52%|    | 13/25 [1:26:07<1:51:13, 556.11s/it]Generation:  14
Best f1_score score: 0.8295770127550164
Generation:  56%|    | 14/25 [1:26:39<1:12:56, 397.83s/it]WARNING AN INDIVIDUAL TIMED OUT: 
 <tpot2.search_spaces.pipelines.sequential.SequentialPipelineIndividual object at 0x15545ef014e0> 

WARNING AN INDIVIDUAL TIMED OUT: 
 <tpot2.search_spaces.pipelines.sequential.SequentialPipelineIndividual object at 0x155362e1aef0> 

Generation:  15
Best f1_score score: 0.8295770127550164
Generation:  60%|    | 15/25 [1:36:46<1:16:48, 460.89s/it]WARNING AN INDIVIDUAL TIMED OUT: 
 <tpot2.search_spaces.pipelines.sequential.SequentialPipelineIndividual object at 0x155457088430> 

WARNING AN INDIVIDUAL TIMED OUT: 
 <tpot2.search_spaces.pipelines.sequential.SequentialPipelineIndividual object at 0x15546425f820> 

Generation:  16
Best f1_score score: 0.8295770127550164
Generation:  64%|   | 16/25 [1:46:51<1:15:40, 504.51s/it]WARNING AN INDIVIDUAL TIMED OUT: 
 <tpot2.search_spaces.pipelines.sequential.SequentialPipelineIndividual object at 0x15545daba290> 

Generation:  17
Best f1_score score: 0.8295770127550164
Generation:  68%|   | 17/25 [1:56:58<1:11:22, 535.29s/it]WARNING AN INDIVIDUAL TIMED OUT: 
 <tpot2.search_spaces.pipelines.sequential.SequentialPipelineIndividual object at 0x155474cd6380> 

WARNING AN INDIVIDUAL TIMED OUT: 
 <tpot2.search_spaces.pipelines.sequential.SequentialPipelineIndividual object at 0x1554745cc2b0> 

Generation:  18
Best f1_score score: 0.8295770127550164
Generation:  72%|  | 18/25 [2:07:04<1:04:54, 556.36s/it]Generation:  19
Best f1_score score: 0.8295770127550164
Generation:  76%|  | 19/25 [2:11:08<46:15, 462.61s/it]  WARNING AN INDIVIDUAL TIMED OUT: 
 <tpot2.search_spaces.pipelines.sequential.SequentialPipelineIndividual object at 0x15546417d330> 

Generation:  20
Best f1_score score: 0.8295770127550164
Generation:  80%|  | 20/25 [2:21:13<42:07, 505.41s/it]Generation:  21
Best f1_score score: 0.8295770127550164
Generation:  84%| | 21/25 [2:21:45<24:13, 363.32s/it]Generation:  22
Best f1_score score: 0.8295770127550164
Generation:  88%| | 22/25 [2:22:53<13:43, 274.64s/it]Generation:  23
Best f1_score score: 0.8295770127550164
Generation:  92%|| 23/25 [2:25:03<07:42, 231.25s/it]WARNING AN INDIVIDUAL TIMED OUT: 
 <tpot2.search_spaces.pipelines.sequential.SequentialPipelineIndividual object at 0x155474d61270> 

Generation:  24
Best f1_score score: 0.8295770127550164
Generation:  96%|| 24/25 [2:35:08<05:43, 343.53s/it]Generation:  25
Best f1_score score: 0.8295770127550164
Generation: 100%|| 25/25 [2:36:58<00:00, 273.32s/it]Generation: 100%|| 25/25 [2:36:58<00:00, 376.74s/it]
2024-10-30 02:41:15,978 - distributed.scheduler - ERROR - Removing worker 'tcp://127.0.0.1:38765' caused the cluster to lose scattered data, which can't be recovered: {'DataFrame-f89a8d010d2f8b4dde2a353537462fd8', 'ndarray-75556c436dd71b66be36a6e72cf17556'} (stimulus_id='handle-worker-cleanup-1730281275.9781058')
Fitted
Pipeline(steps=[('iterativeimputer',
                 IterativeImputer(estimator=Ridge(), imputation_order='random',
                                  initial_strategy='most_frequent',
                                  n_nearest_features=97)),
                ('histgradientboostingclassifier',
                 HistGradientBoostingClassifier(early_stopping=True,
                                                l2_regularization=3.604e-10,
                                                learning_rate=0.040037103067,
                                                max_features=0.6819363868668,
                                                max_leaf_nodes=672,
                                                min_samples_leaf=182,
                                                n_iter_no_change=3, tol=0.0001,
                                                validation_fraction=None))])
transform worked
try transform
transform worked
score start
train score: {'auroc': 0.9325082666919202, 'accuracy': 0.8495911770298535, 'balanced_accuracy': 0.8486372558446376, 'logloss': 0.33623816831222936, 'f1': 0.8488510702680439}
test score: {'auroc': 0.8954006968641115, 'accuracy': 0.8212927756653993, 'balanced_accuracy': 0.8201974448315912, 'logloss': 0.40777205752826795, 'f1': 0.8204137587962536}
original test score: {'auroc': 0.9253774680603949, 'accuracy': 0.838022813688213, 'balanced_accuracy': 0.8368002322880372, 'logloss': 0.3511495269966527, 'f1': 0.8371549218637809}
score end
847
lvl
0.5
type
MCAR
num_run
1
class_full
finished
all finished
full run takes
15.8556275859144
hours
DONE
