Run: 36
/cm/local/apps/slurm/var/spool/job922468/slurm_script: line 26: 
pip install -e tpot2
pip install -r tpot2/ImputerExperiments/requirements_.txt
: No such file or directory
RunStart
starting loops
../data/c/30/30.pkl
working on 
../data/c/30/class_full_MNAR_0.5_2
3.5391111373901367
running experiment 1/3 - Does large hyperparameter space improve reconstruction accuracy over simple
[I 2024-08-13 21:53:22,560] A new study created in memory with name: no-name-087e098c-81b0-4b64-9073-35acb1a82e35
running
running
running
running
running
running
running
running
running
running
running
running
running
running
running
running
[I 2024-08-13 21:53:23,146] Trial 8 finished with value: 0.21329596479533333 and parameters: {'model_name': 'SimpleImputer', 'strategy': 'most_frequent'}. Best is trial 8 with value: 0.21329596479533333.
running
[I 2024-08-13 21:53:23,387] Trial 4 finished with value: 0.21329596479533333 and parameters: {'model_name': 'SimpleImputer', 'strategy': 'most_frequent'}. Best is trial 8 with value: 0.21329596479533333.
running
[I 2024-08-13 21:53:23,553] Trial 9 finished with value: 0.21329596479533333 and parameters: {'model_name': 'SimpleImputer', 'strategy': 'most_frequent'}. Best is trial 8 with value: 0.21329596479533333.
running
[I 2024-08-13 21:53:23,689] Trial 13 finished with value: 0.21329596479533333 and parameters: {'model_name': 'SimpleImputer', 'strategy': 'most_frequent'}. Best is trial 8 with value: 0.21329596479533333.
running
[I 2024-08-13 21:53:23,807] Trial 14 finished with value: 0.21329596479533333 and parameters: {'model_name': 'SimpleImputer', 'strategy': 'most_frequent'}. Best is trial 8 with value: 0.21329596479533333.
running
[I 2024-08-13 21:53:25,734] Trial 15 finished with value: 0.11378430440879535 and parameters: {'model_name': 'KNNImputer', 'n_neighbors': 2670, 'weights': 'uniform'}. Best is trial 15 with value: 0.11378430440879535.
running
[I 2024-08-13 21:53:25,918] Trial 0 finished with value: 0.1140284048711726 and parameters: {'model_name': 'KNNImputer', 'n_neighbors': 2495, 'weights': 'uniform'}. Best is trial 15 with value: 0.11378430440879535.
running
[I 2024-08-13 21:53:26,142] Trial 3 finished with value: 0.1148175240012322 and parameters: {'model_name': 'KNNImputer', 'n_neighbors': 3783, 'weights': 'uniform'}. Best is trial 15 with value: 0.11378430440879535.
running
[I 2024-08-13 21:53:26,731] Trial 23 finished with value: 0.21329596479533333 and parameters: {'model_name': 'SimpleImputer', 'strategy': 'most_frequent'}. Best is trial 15 with value: 0.11378430440879535.
running
[I 2024-08-13 21:53:26,878] Trial 16 finished with value: 0.11754626912987538 and parameters: {'model_name': 'KNNImputer', 'n_neighbors': 4691, 'weights': 'distance'}. Best is trial 15 with value: 0.11378430440879535.
running
[I 2024-08-13 21:53:27,179] Trial 24 finished with value: 0.11622920830662878 and parameters: {'model_name': 'SimpleImputer', 'strategy': 'mean'}. Best is trial 15 with value: 0.11378430440879535.
running
[I 2024-08-13 21:53:28,389] Trial 20 finished with value: 0.11734585979117687 and parameters: {'model_name': 'KNNImputer', 'n_neighbors': 4005, 'weights': 'distance'}. Best is trial 15 with value: 0.11378430440879535.
running
[I 2024-08-13 21:53:28,670] Trial 6 finished with value: inf and parameters: {'model_name': 'GAIN', 'batch_size': 1, 'hint_rate': 0.08656658148641923, 'alpha': 22, 'iterations': 2, 'learning_rate': 0.024923087731550275, 'p_miss': 0.07704520604992322}. Best is trial 15 with value: 0.11378430440879535.
running
[I 2024-08-13 21:53:31,650] Trial 19 finished with value: 0.21617211814746135 and parameters: {'model_name': 'GAIN', 'batch_size': 286, 'hint_rate': 0.9625726551830964, 'alpha': 37, 'iterations': 1, 'learning_rate': 0.008086450574847324, 'p_miss': 0.21758669792261884}. Best is trial 15 with value: 0.11378430440879535.
running
[I 2024-08-13 21:53:31,953] Trial 22 finished with value: 0.11724538175982388 and parameters: {'model_name': 'KNNImputer', 'n_neighbors': 1652, 'weights': 'distance'}. Best is trial 15 with value: 0.11378430440879535.
[I 2024-08-13 21:53:32,087] Trial 26 finished with value: 0.11469514337927138 and parameters: {'model_name': 'KNNImputer', 'n_neighbors': 1470, 'weights': 'uniform'}. Best is trial 15 with value: 0.11378430440879535.
running
running
[I 2024-08-13 21:53:32,657] Trial 2 finished with value: 0.21969327137467168 and parameters: {'model_name': 'GAIN', 'batch_size': 280, 'hint_rate': 0.9061416429923519, 'alpha': 35, 'iterations': 2, 'learning_rate': 0.0018893499300662278, 'p_miss': 0.1730592146658338}. Best is trial 15 with value: 0.11378430440879535.
running
[I 2024-08-13 21:53:42,575] Trial 12 finished with value: 0.2118051180777943 and parameters: {'model_name': 'GAIN', 'batch_size': 284, 'hint_rate': 0.8115293606094779, 'alpha': 56, 'iterations': 11, 'learning_rate': 0.00012169026860722977, 'p_miss': 0.1596602548358646}. Best is trial 15 with value: 0.11378430440879535.
running
[I 2024-08-13 21:53:42,930] Trial 17 finished with value: inf and parameters: {'model_name': 'GAIN', 'batch_size': 2, 'hint_rate': 0.901626178424408, 'alpha': 45, 'iterations': 186, 'learning_rate': 0.00031535186160897943, 'p_miss': 0.07893996608659792}. Best is trial 15 with value: 0.11378430440879535.
running
[I 2024-08-13 21:54:02,700] Trial 28 finished with value: 0.1165077003520616 and parameters: {'model_name': 'IterativeImputer', 'estimator': 'Ridge', 'initial_strategy': 'median', 'n_nearest_features': 5, 'imputation_order': 'ascending'}. Best is trial 15 with value: 0.11378430440879535.
running
[I 2024-08-13 21:54:03,609] Trial 10 finished with value: 0.2131226210342514 and parameters: {'model_name': 'GAIN', 'batch_size': 431, 'hint_rate': 0.04667088274332603, 'alpha': 37, 'iterations': 29, 'learning_rate': 0.02706771752118265, 'p_miss': 0.0341398028979403}. Best is trial 15 with value: 0.11378430440879535.
running
[I 2024-08-13 21:54:06,901] Trial 31 finished with value: 0.11678463181131157 and parameters: {'model_name': 'IterativeImputer', 'estimator': 'Ridge', 'initial_strategy': 'mean', 'n_nearest_features': 6, 'imputation_order': 'descending'}. Best is trial 15 with value: 0.11378430440879535.
running
[I 2024-08-13 21:54:09,669] Trial 36 finished with value: 0.11448519425629547 and parameters: {'model_name': 'KNNImputer', 'n_neighbors': 2166, 'weights': 'uniform'}. Best is trial 15 with value: 0.11378430440879535.
running
[I 2024-08-13 21:54:13,391] Trial 37 finished with value: 0.11448860157271357 and parameters: {'model_name': 'KNNImputer', 'n_neighbors': 2170, 'weights': 'uniform'}. Best is trial 15 with value: 0.11378430440879535.
running
[I 2024-08-13 21:54:15,882] Trial 38 finished with value: 0.11362560974543465 and parameters: {'model_name': 'KNNImputer', 'n_neighbors': 2762, 'weights': 'uniform'}. Best is trial 38 with value: 0.11362560974543465.
running
[I 2024-08-13 21:54:17,642] Trial 32 finished with value: 0.11783003262454243 and parameters: {'model_name': 'IterativeImputer', 'estimator': 'KNN', 'initial_strategy': 'most_frequent', 'n_nearest_features': 1, 'imputation_order': 'descending'}. Best is trial 38 with value: 0.11362560974543465.
running
[I 2024-08-13 21:54:17,863] Trial 1 finished with value: inf and parameters: {'model_name': 'GAIN', 'batch_size': 14, 'hint_rate': 0.03390066191311272, 'alpha': 22, 'iterations': 656, 'learning_rate': 0.0176068136342005, 'p_miss': 0.032590788662432826}. Best is trial 38 with value: 0.11362560974543465.
running
[I 2024-08-13 21:54:19,923] Trial 39 finished with value: 0.11355375012138766 and parameters: {'model_name': 'KNNImputer', 'n_neighbors': 2899, 'weights': 'uniform'}. Best is trial 39 with value: 0.11355375012138766.
running
[I 2024-08-13 21:54:21,919] Trial 40 finished with value: 0.11363827191556417 and parameters: {'model_name': 'KNNImputer', 'n_neighbors': 3079, 'weights': 'uniform'}. Best is trial 39 with value: 0.11355375012138766.
running
[I 2024-08-13 21:54:24,413] Trial 41 finished with value: 0.1137730669619148 and parameters: {'model_name': 'KNNImputer', 'n_neighbors': 3189, 'weights': 'uniform'}. Best is trial 39 with value: 0.11355375012138766.
running
[I 2024-08-13 21:54:24,903] Trial 42 finished with value: 0.11363879833509946 and parameters: {'model_name': 'KNNImputer', 'n_neighbors': 3037, 'weights': 'uniform'}. Best is trial 39 with value: 0.11355375012138766.
running
[I 2024-08-13 21:54:26,476] Trial 43 finished with value: 0.11364170322666609 and parameters: {'model_name': 'KNNImputer', 'n_neighbors': 3078, 'weights': 'uniform'}. Best is trial 39 with value: 0.11355375012138766.
running
[I 2024-08-13 21:54:28,517] Trial 44 finished with value: 0.11366334734906292 and parameters: {'model_name': 'KNNImputer', 'n_neighbors': 3099, 'weights': 'uniform'}. Best is trial 39 with value: 0.11355375012138766.
running
[I 2024-08-13 21:54:30,955] Trial 25 finished with value: 0.2192092610475715 and parameters: {'model_name': 'GAIN', 'batch_size': 161, 'hint_rate': 0.5715909815377495, 'alpha': 31, 'iterations': 78, 'learning_rate': 0.006552604079325265, 'p_miss': 0.11060624259931998}. Best is trial 39 with value: 0.11355375012138766.
running
[I 2024-08-13 21:54:31,314] Trial 45 finished with value: 0.11475460104734561 and parameters: {'model_name': 'KNNImputer', 'n_neighbors': 721, 'weights': 'uniform'}. Best is trial 39 with value: 0.11355375012138766.
running
[I 2024-08-13 21:54:32,025] Trial 46 finished with value: 0.11371249837845279 and parameters: {'model_name': 'KNNImputer', 'n_neighbors': 3126, 'weights': 'uniform'}. Best is trial 39 with value: 0.11355375012138766.
running
[I 2024-08-13 21:54:33,029] Trial 21 finished with value: 0.1260269520508051 and parameters: {'model_name': 'IterativeImputer', 'estimator': 'KNN', 'initial_strategy': 'constant', 'n_nearest_features': 8, 'imputation_order': 'random'}. Best is trial 39 with value: 0.11355375012138766.
running
[I 2024-08-13 21:54:34,062] Trial 47 finished with value: 0.1142033875384008 and parameters: {'model_name': 'KNNImputer', 'n_neighbors': 3493, 'weights': 'uniform'}. Best is trial 39 with value: 0.11355375012138766.
running
[I 2024-08-13 21:54:35,734] Trial 48 finished with value: 0.11447251859840604 and parameters: {'model_name': 'KNNImputer', 'n_neighbors': 3628, 'weights': 'uniform'}. Best is trial 39 with value: 0.11355375012138766.
running
[I 2024-08-13 21:54:36,707] Trial 49 finished with value: 0.11459402301544892 and parameters: {'model_name': 'KNNImputer', 'n_neighbors': 615, 'weights': 'uniform'}. Best is trial 39 with value: 0.11355375012138766.
running
[I 2024-08-13 21:54:37,719] Trial 50 finished with value: 0.11444524728911754 and parameters: {'model_name': 'KNNImputer', 'n_neighbors': 3612, 'weights': 'uniform'}. Best is trial 39 with value: 0.11355375012138766.
running
[I 2024-08-13 21:54:38,346] Trial 51 finished with value: 0.11474541297866178 and parameters: {'model_name': 'KNNImputer', 'n_neighbors': 3750, 'weights': 'uniform'}. Best is trial 39 with value: 0.11355375012138766.
running
[I 2024-08-13 21:54:39,654] Trial 52 finished with value: 0.1143038944181353 and parameters: {'model_name': 'KNNImputer', 'n_neighbors': 3546, 'weights': 'uniform'}. Best is trial 39 with value: 0.11355375012138766.
running
[I 2024-08-13 21:54:40,438] Trial 53 finished with value: 0.11377583289888664 and parameters: {'model_name': 'KNNImputer', 'n_neighbors': 2673, 'weights': 'uniform'}. Best is trial 39 with value: 0.11355375012138766.
running
[I 2024-08-13 21:54:41,837] Trial 54 finished with value: 0.1138973204876756 and parameters: {'model_name': 'KNNImputer', 'n_neighbors': 2573, 'weights': 'uniform'}. Best is trial 39 with value: 0.11355375012138766.
running
[I 2024-08-13 21:54:43,551] Trial 55 finished with value: 0.1137795303253687 and parameters: {'model_name': 'KNNImputer', 'n_neighbors': 2672, 'weights': 'uniform'}. Best is trial 39 with value: 0.11355375012138766.
running
[I 2024-08-13 21:54:44,467] Trial 56 finished with value: 0.11355465453006089 and parameters: {'model_name': 'KNNImputer', 'n_neighbors': 2867, 'weights': 'uniform'}. Best is trial 39 with value: 0.11355375012138766.
running
[I 2024-08-13 21:54:44,915] Trial 57 finished with value: 0.11364029223829888 and parameters: {'model_name': 'KNNImputer', 'n_neighbors': 2755, 'weights': 'uniform'}. Best is trial 39 with value: 0.11355375012138766.
running
[I 2024-08-13 21:54:46,807] Trial 59 finished with value: 0.11360481748700257 and parameters: {'model_name': 'KNNImputer', 'n_neighbors': 2978, 'weights': 'uniform'}. Best is trial 39 with value: 0.11355375012138766.
running
[I 2024-08-13 21:54:47,193] Trial 58 finished with value: 0.11360477012537007 and parameters: {'model_name': 'KNNImputer', 'n_neighbors': 2780, 'weights': 'uniform'}. Best is trial 39 with value: 0.11355375012138766.
running
[I 2024-08-13 21:54:48,608] Trial 60 finished with value: 0.11356174787321863 and parameters: {'model_name': 'KNNImputer', 'n_neighbors': 2888, 'weights': 'uniform'}. Best is trial 39 with value: 0.11355375012138766.
running
[I 2024-08-13 21:54:49,747] Trial 18 finished with value: 0.21539716222336575 and parameters: {'model_name': 'GAIN', 'batch_size': 158, 'hint_rate': 0.46827317098081966, 'alpha': 49, 'iterations': 98, 'learning_rate': 0.00020996299778965996, 'p_miss': 0.21592279836941067}. Best is trial 39 with value: 0.11355375012138766.
running
[I 2024-08-13 21:54:52,199] Trial 61 finished with value: 0.11681588038881974 and parameters: {'model_name': 'KNNImputer', 'n_neighbors': 3058, 'weights': 'distance'}. Best is trial 39 with value: 0.11355375012138766.
running
[I 2024-08-13 21:54:52,469] Trial 63 finished with value: 0.11710400706398542 and parameters: {'model_name': 'KNNImputer', 'n_neighbors': 2242, 'weights': 'distance'}. Best is trial 39 with value: 0.11355375012138766.
running
[I 2024-08-13 21:54:52,470] Trial 62 finished with value: 0.11712393847222473 and parameters: {'model_name': 'KNNImputer', 'n_neighbors': 2095, 'weights': 'distance'}. Best is trial 39 with value: 0.11355375012138766.
running
[I 2024-08-13 21:54:53,100] Trial 69 finished with value: 0.21329596479533333 and parameters: {'model_name': 'SimpleImputer', 'strategy': 'constant'}. Best is trial 39 with value: 0.11355375012138766.
running
[I 2024-08-13 21:54:53,314] Trial 70 finished with value: 0.21329596479533333 and parameters: {'model_name': 'SimpleImputer', 'strategy': 'constant'}. Best is trial 39 with value: 0.11355375012138766.
running
[I 2024-08-13 21:54:54,841] Trial 64 finished with value: 0.11712777500323197 and parameters: {'model_name': 'KNNImputer', 'n_neighbors': 2125, 'weights': 'distance'}. Best is trial 39 with value: 0.11355375012138766.
running
[I 2024-08-13 21:54:55,965] Trial 65 finished with value: 0.11709233672723329 and parameters: {'model_name': 'KNNImputer', 'n_neighbors': 2274, 'weights': 'distance'}. Best is trial 39 with value: 0.11355375012138766.
running
[I 2024-08-13 21:54:56,596] Trial 66 finished with value: 0.11711767455839048 and parameters: {'model_name': 'KNNImputer', 'n_neighbors': 2191, 'weights': 'distance'}. Best is trial 39 with value: 0.11355375012138766.
running
[I 2024-08-13 21:54:57,939] Trial 67 finished with value: 0.11709686821520922 and parameters: {'model_name': 'KNNImputer', 'n_neighbors': 2264, 'weights': 'distance'}. Best is trial 39 with value: 0.11355375012138766.
running
[I 2024-08-13 21:54:59,526] Trial 68 finished with value: 0.11446969783496866 and parameters: {'model_name': 'KNNImputer', 'n_neighbors': 2188, 'weights': 'uniform'}. Best is trial 39 with value: 0.11355375012138766.
running
[I 2024-08-13 21:54:59,802] Trial 72 finished with value: 0.11413142495070021 and parameters: {'model_name': 'KNNImputer', 'n_neighbors': 2408, 'weights': 'uniform'}. Best is trial 39 with value: 0.11355375012138766.
running
[I 2024-08-13 21:55:00,187] Trial 71 finished with value: 0.11410456658973815 and parameters: {'model_name': 'KNNImputer', 'n_neighbors': 2424, 'weights': 'uniform'}. Best is trial 39 with value: 0.11355375012138766.
running
[I 2024-08-13 21:55:28,844] Trial 30 finished with value: 0.15561096660896284 and parameters: {'model_name': 'IterativeImputer', 'estimator': 'Bayesian', 'initial_strategy': 'mean', 'n_nearest_features': 3, 'imputation_order': 'descending', 'sample_posterior': True}. Best is trial 39 with value: 0.11355375012138766.
running
[I 2024-08-13 21:55:29,454] Trial 29 finished with value: 0.11622884840467966 and parameters: {'model_name': 'IterativeImputer', 'estimator': 'Bayesian', 'initial_strategy': 'mean', 'n_nearest_features': 6, 'imputation_order': 'random', 'sample_posterior': False}. Best is trial 39 with value: 0.11355375012138766.
running
[I 2024-08-13 21:55:36,408] Trial 81 finished with value: 0.1135645010041157 and parameters: {'model_name': 'KNNImputer', 'n_neighbors': 2835, 'weights': 'uniform'}. Best is trial 39 with value: 0.11355375012138766.
running
[I 2024-08-13 21:55:42,350] Trial 82 finished with value: 0.11361509110195271 and parameters: {'model_name': 'KNNImputer', 'n_neighbors': 2769, 'weights': 'uniform'}. Best is trial 39 with value: 0.11355375012138766.
running
[I 2024-08-13 21:55:55,713] Trial 73 finished with value: 0.11662770487431498 and parameters: {'model_name': 'IterativeImputer', 'estimator': 'Bayesian', 'initial_strategy': 'most_frequent', 'n_nearest_features': 10, 'imputation_order': 'arabic', 'sample_posterior': False}. Best is trial 39 with value: 0.11355375012138766.
running
[I 2024-08-13 21:56:02,534] Trial 77 finished with value: 0.11662770487431498 and parameters: {'model_name': 'IterativeImputer', 'estimator': 'Bayesian', 'initial_strategy': 'most_frequent', 'n_nearest_features': 10, 'imputation_order': 'arabic', 'sample_posterior': False}. Best is trial 39 with value: 0.11355375012138766.
running
[I 2024-08-13 21:56:37,341] Trial 35 finished with value: 0.1559836120374956 and parameters: {'model_name': 'IterativeImputer', 'estimator': 'Bayesian', 'initial_strategy': 'most_frequent', 'n_nearest_features': 10, 'imputation_order': 'arabic', 'sample_posterior': True}. Best is trial 39 with value: 0.11355375012138766.
running
[I 2024-08-13 21:57:39,753] Trial 74 finished with value: 0.1559836120374956 and parameters: {'model_name': 'IterativeImputer', 'estimator': 'Bayesian', 'initial_strategy': 'most_frequent', 'n_nearest_features': 10, 'imputation_order': 'arabic', 'sample_posterior': True}. Best is trial 39 with value: 0.11355375012138766.
running
[I 2024-08-13 21:57:44,474] Trial 75 finished with value: 0.1559836120374956 and parameters: {'model_name': 'IterativeImputer', 'estimator': 'Bayesian', 'initial_strategy': 'most_frequent', 'n_nearest_features': 10, 'imputation_order': 'arabic', 'sample_posterior': True}. Best is trial 39 with value: 0.11355375012138766.
running
[I 2024-08-13 22:01:26,876] Trial 5 finished with value: inf and parameters: {'model_name': 'GAIN', 'batch_size': 54, 'hint_rate': 0.5687734347220489, 'alpha': 73, 'iterations': 2022, 'learning_rate': 0.07595096916063977, 'p_miss': 0.014259221390648693}. Best is trial 39 with value: 0.11355375012138766.
running
[I 2024-08-13 22:27:24,397] Trial 11 finished with value: inf and parameters: {'model_name': 'GAIN', 'batch_size': 3, 'hint_rate': 0.8053281758740306, 'alpha': 55, 'iterations': 9666, 'learning_rate': 0.0003923336691047976, 'p_miss': 0.28820683500255373}. Best is trial 39 with value: 0.11355375012138766.
running
[I 2024-08-13 22:27:48,310] Trial 90 finished with value: 0.2139799366681449 and parameters: {'model_name': 'GAIN', 'batch_size': 12, 'hint_rate': 0.29513714802895413, 'alpha': 0, 'iterations': 8, 'learning_rate': 0.0010984026862070242, 'p_miss': 0.28532508070866935}. Best is trial 39 with value: 0.11355375012138766.
running
[I 2024-08-13 22:27:54,904] Trial 91 finished with value: 0.11355839306041837 and parameters: {'model_name': 'KNNImputer', 'n_neighbors': 2828, 'weights': 'uniform'}. Best is trial 39 with value: 0.11355375012138766.
running
[I 2024-08-13 22:28:02,097] Trial 92 finished with value: 0.1139598505823276 and parameters: {'model_name': 'KNNImputer', 'n_neighbors': 3332, 'weights': 'uniform'}. Best is trial 39 with value: 0.11355375012138766.
running
[I 2024-08-13 22:28:09,032] Trial 93 finished with value: 0.1135742035965936 and parameters: {'model_name': 'KNNImputer', 'n_neighbors': 2951, 'weights': 'uniform'}. Best is trial 39 with value: 0.11355375012138766.
running
[I 2024-08-13 22:28:16,619] Trial 94 finished with value: 0.11534114188323914 and parameters: {'model_name': 'KNNImputer', 'n_neighbors': 3977, 'weights': 'uniform'}. Best is trial 39 with value: 0.11355375012138766.
running
[I 2024-08-13 22:28:23,930] Trial 95 finished with value: 0.11355825603195949 and parameters: {'model_name': 'KNNImputer', 'n_neighbors': 2884, 'weights': 'uniform'}. Best is trial 39 with value: 0.11355375012138766.
running
[I 2024-08-13 22:28:30,745] Trial 96 finished with value: 0.11356174787321863 and parameters: {'model_name': 'KNNImputer', 'n_neighbors': 2888, 'weights': 'uniform'}. Best is trial 39 with value: 0.11355375012138766.
running
[I 2024-08-13 22:28:37,966] Trial 97 finished with value: 0.11355580430273796 and parameters: {'model_name': 'KNNImputer', 'n_neighbors': 2853, 'weights': 'uniform'}. Best is trial 39 with value: 0.11355375012138766.
running
[I 2024-08-13 22:28:44,950] Trial 98 finished with value: 0.11398930011623187 and parameters: {'model_name': 'KNNImputer', 'n_neighbors': 3348, 'weights': 'uniform'}. Best is trial 39 with value: 0.11355375012138766.
running
[I 2024-08-13 22:28:52,099] Trial 99 finished with value: 0.1135530142713745 and parameters: {'model_name': 'KNNImputer', 'n_neighbors': 2903, 'weights': 'uniform'}. Best is trial 99 with value: 0.1135530142713745.
running
[I 2024-08-13 22:34:34,035] Trial 34 finished with value: 0.1281460948814943 and parameters: {'model_name': 'IterativeImputer', 'estimator': 'RFR', 'initial_strategy': 'median', 'n_nearest_features': 2, 'imputation_order': 'ascending'}. Best is trial 99 with value: 0.1135530142713745.
running
[I 2024-08-13 22:34:40,718] Trial 101 finished with value: 0.11391038887661169 and parameters: {'model_name': 'KNNImputer', 'n_neighbors': 3297, 'weights': 'uniform'}. Best is trial 99 with value: 0.1135530142713745.
running
[I 2024-08-13 22:39:56,637] Trial 7 finished with value: 0.12413294077132293 and parameters: {'model_name': 'IterativeImputer', 'estimator': 'RFR', 'initial_strategy': 'constant', 'n_nearest_features': 3, 'imputation_order': 'roman'}. Best is trial 99 with value: 0.1135530142713745.
running
[I 2024-08-13 22:40:54,363] Trial 33 finished with value: 0.12197133664115034 and parameters: {'model_name': 'IterativeImputer', 'estimator': 'RFR', 'initial_strategy': 'mean', 'n_nearest_features': 3, 'imputation_order': 'arabic'}. Best is trial 99 with value: 0.1135530142713745.
running
[I 2024-08-13 22:52:24,849] Trial 27 finished with value: 0.11785333601870755 and parameters: {'model_name': 'IterativeImputer', 'estimator': 'RFR', 'initial_strategy': 'mean', 'n_nearest_features': 6, 'imputation_order': 'descending'}. Best is trial 99 with value: 0.1135530142713745.
running
[I 2024-08-13 23:02:11,591] Trial 100 finished with value: 0.2496195556459185 and parameters: {'model_name': 'GAIN', 'batch_size': 942, 'hint_rate': 0.25161596125096597, 'alpha': 98, 'iterations': 641, 'learning_rate': 0.0009034764534280817, 'p_miss': 0.231169021426654}. Best is trial 99 with value: 0.1135530142713745.
running
[I 2024-08-13 23:02:17,460] Trial 106 finished with value: 0.11355559149484376 and parameters: {'model_name': 'KNNImputer', 'n_neighbors': 2931, 'weights': 'uniform'}. Best is trial 99 with value: 0.1135530142713745.
running
[I 2024-08-13 23:02:23,460] Trial 107 finished with value: 0.11355693822461639 and parameters: {'model_name': 'KNNImputer', 'n_neighbors': 2875, 'weights': 'uniform'}. Best is trial 99 with value: 0.1135530142713745.
running
[I 2024-08-13 23:02:28,270] Trial 108 finished with value: 0.11402809380876175 and parameters: {'model_name': 'KNNImputer', 'n_neighbors': 2485, 'weights': 'uniform'}. Best is trial 99 with value: 0.1135530142713745.
running
[I 2024-08-13 23:02:33,730] Trial 109 finished with value: 0.113560541605818 and parameters: {'model_name': 'KNNImputer', 'n_neighbors': 2921, 'weights': 'uniform'}. Best is trial 99 with value: 0.1135530142713745.
running
[I 2024-08-13 23:02:39,301] Trial 110 finished with value: 0.11381287810961112 and parameters: {'model_name': 'KNNImputer', 'n_neighbors': 3224, 'weights': 'uniform'}. Best is trial 99 with value: 0.1135530142713745.
running
[I 2024-08-13 23:02:44,758] Trial 111 finished with value: 0.11388194307947322 and parameters: {'model_name': 'KNNImputer', 'n_neighbors': 2581, 'weights': 'uniform'}. Best is trial 99 with value: 0.1135530142713745.
running
[I 2024-08-13 23:02:50,484] Trial 112 finished with value: 0.11622920830662878 and parameters: {'model_name': 'KNNImputer', 'n_neighbors': 4753, 'weights': 'uniform'}. Best is trial 99 with value: 0.1135530142713745.
running
[I 2024-08-13 23:02:51,397] Trial 113 finished with value: 0.17562864336919684 and parameters: {'model_name': 'SimpleImputer', 'strategy': 'median'}. Best is trial 99 with value: 0.1135530142713745.
running
[I 2024-08-13 23:02:56,901] Trial 114 finished with value: 0.11356115645959093 and parameters: {'model_name': 'KNNImputer', 'n_neighbors': 2915, 'weights': 'uniform'}. Best is trial 99 with value: 0.1135530142713745.
running
[I 2024-08-13 23:03:02,310] Trial 115 finished with value: 0.1137644722974422 and parameters: {'model_name': 'KNNImputer', 'n_neighbors': 3174, 'weights': 'uniform'}. Best is trial 99 with value: 0.1135530142713745.
running
[I 2024-08-13 23:03:07,863] Trial 116 finished with value: 0.11355893092074545 and parameters: {'model_name': 'KNNImputer', 'n_neighbors': 2907, 'weights': 'uniform'}. Best is trial 99 with value: 0.1135530142713745.
running
[I 2024-08-13 23:03:13,257] Trial 117 finished with value: 0.11357813077917094 and parameters: {'model_name': 'KNNImputer', 'n_neighbors': 2952, 'weights': 'uniform'}. Best is trial 99 with value: 0.1135530142713745.
running
[I 2024-08-13 23:03:18,889] Trial 118 finished with value: 0.11384479053348265 and parameters: {'model_name': 'KNNImputer', 'n_neighbors': 2619, 'weights': 'uniform'}. Best is trial 99 with value: 0.1135530142713745.
running
[I 2024-08-13 23:03:25,170] Trial 119 finished with value: 0.11372918619097745 and parameters: {'model_name': 'KNNImputer', 'n_neighbors': 3138, 'weights': 'uniform'}. Best is trial 99 with value: 0.1135530142713745.
running
[I 2024-08-13 23:03:31,014] Trial 120 finished with value: 0.11356132906258443 and parameters: {'model_name': 'KNNImputer', 'n_neighbors': 2851, 'weights': 'uniform'}. Best is trial 99 with value: 0.1135530142713745.
running
[I 2024-08-13 23:03:36,254] Trial 121 finished with value: 0.11363538363089212 and parameters: {'model_name': 'KNNImputer', 'n_neighbors': 3027, 'weights': 'uniform'}. Best is trial 99 with value: 0.1135530142713745.
running
[I 2024-08-13 23:03:41,635] Trial 122 finished with value: 0.1136957468398557 and parameters: {'model_name': 'KNNImputer', 'n_neighbors': 2719, 'weights': 'uniform'}. Best is trial 99 with value: 0.1135530142713745.
running
[I 2024-08-13 23:03:47,430] Trial 123 finished with value: 0.11406471040877282 and parameters: {'model_name': 'KNNImputer', 'n_neighbors': 3400, 'weights': 'uniform'}. Best is trial 99 with value: 0.1135530142713745.
running
[I 2024-08-13 23:03:53,496] Trial 124 finished with value: 0.11405262750051393 and parameters: {'model_name': 'KNNImputer', 'n_neighbors': 2468, 'weights': 'uniform'}. Best is trial 99 with value: 0.1135530142713745.
running
[I 2024-08-13 23:03:59,258] Trial 125 finished with value: 0.11362740733575027 and parameters: {'model_name': 'KNNImputer', 'n_neighbors': 3001, 'weights': 'uniform'}. Best is trial 99 with value: 0.1135530142713745.
running
[I 2024-08-13 23:04:05,190] Trial 126 finished with value: 0.11355894746560588 and parameters: {'model_name': 'KNNImputer', 'n_neighbors': 2822, 'weights': 'uniform'}. Best is trial 99 with value: 0.1135530142713745.
running
[I 2024-08-13 23:04:10,880] Trial 127 finished with value: 0.11370849997431202 and parameters: {'model_name': 'KNNImputer', 'n_neighbors': 2714, 'weights': 'uniform'}. Best is trial 99 with value: 0.1135530142713745.
running
[I 2024-08-13 23:04:16,245] Trial 128 finished with value: 0.11356608159043739 and parameters: {'model_name': 'KNNImputer', 'n_neighbors': 2843, 'weights': 'uniform'}. Best is trial 99 with value: 0.1135530142713745.
running
[I 2024-08-13 23:04:21,982] Trial 129 finished with value: 0.11372130695508025 and parameters: {'model_name': 'KNNImputer', 'n_neighbors': 3133, 'weights': 'uniform'}. Best is trial 99 with value: 0.1135530142713745.
running
[I 2024-08-13 23:04:27,157] Trial 130 finished with value: 0.11387224774749649 and parameters: {'model_name': 'KNNImputer', 'n_neighbors': 2584, 'weights': 'uniform'}. Best is trial 99 with value: 0.1135530142713745.
running
[I 2024-08-13 23:05:47,273] Trial 76 finished with value: 0.11508872000334928 and parameters: {'model_name': 'IterativeImputer', 'estimator': 'RFR', 'initial_strategy': 'most_frequent', 'n_nearest_features': 10, 'imputation_order': 'roman'}. Best is trial 99 with value: 0.1135530142713745.
running
[I 2024-08-13 23:06:10,029] Trial 79 finished with value: 0.11506612476181985 and parameters: {'model_name': 'IterativeImputer', 'estimator': 'RFR', 'initial_strategy': 'most_frequent', 'n_nearest_features': 10, 'imputation_order': 'roman'}. Best is trial 99 with value: 0.1135530142713745.
running
[I 2024-08-13 23:06:21,792] Trial 78 finished with value: 0.11456708647304423 and parameters: {'model_name': 'IterativeImputer', 'estimator': 'RFR', 'initial_strategy': 'most_frequent', 'n_nearest_features': 10, 'imputation_order': 'roman'}. Best is trial 99 with value: 0.1135530142713745.
running
[I 2024-08-13 23:06:26,288] Trial 80 finished with value: 0.11662859805342965 and parameters: {'model_name': 'IterativeImputer', 'estimator': 'RFR', 'initial_strategy': 'constant', 'n_nearest_features': 10, 'imputation_order': 'roman'}. Best is trial 99 with value: 0.1135530142713745.
running
[I 2024-08-13 23:26:27,445] Trial 85 finished with value: 0.20192337440499003 and parameters: {'model_name': 'GAIN', 'batch_size': 15, 'hint_rate': 0.287163872294694, 'alpha': 98, 'iterations': 2208, 'learning_rate': 0.09098805760221305, 'p_miss': 0.288796938463476}. Best is trial 99 with value: 0.1135530142713745.
running
[I 2024-08-13 23:26:31,003] Trial 136 finished with value: 0.11356358851567945 and parameters: {'model_name': 'KNNImputer', 'n_neighbors': 2844, 'weights': 'uniform'}. Best is trial 99 with value: 0.1135530142713745.
running
[I 2024-08-13 23:26:34,947] Trial 137 finished with value: 0.11356404914063349 and parameters: {'model_name': 'KNNImputer', 'n_neighbors': 2937, 'weights': 'uniform'}. Best is trial 99 with value: 0.1135530142713745.
running
[I 2024-08-13 23:26:38,940] Trial 138 finished with value: 0.1136976688125618 and parameters: {'model_name': 'KNNImputer', 'n_neighbors': 2718, 'weights': 'uniform'}. Best is trial 99 with value: 0.1135530142713745.
running
[I 2024-08-13 23:26:43,292] Trial 139 finished with value: 0.11364350232618496 and parameters: {'model_name': 'KNNImputer', 'n_neighbors': 3075, 'weights': 'uniform'}. Best is trial 99 with value: 0.1135530142713745.
running
[I 2024-08-13 23:26:46,439] Trial 140 finished with value: 0.11466798533511693 and parameters: {'model_name': 'KNNImputer', 'n_neighbors': 949, 'weights': 'uniform'}. Best is trial 99 with value: 0.1135530142713745.
running
[I 2024-08-13 23:26:51,100] Trial 141 finished with value: 0.11355693822461639 and parameters: {'model_name': 'KNNImputer', 'n_neighbors': 2875, 'weights': 'uniform'}. Best is trial 99 with value: 0.1135530142713745.
running
[I 2024-08-13 23:26:51,502] Trial 142 finished with value: 0.11622920830662878 and parameters: {'model_name': 'SimpleImputer', 'strategy': 'mean'}. Best is trial 99 with value: 0.1135530142713745.
running
[I 2024-08-13 23:26:55,812] Trial 143 finished with value: 0.11416748731032542 and parameters: {'model_name': 'KNNImputer', 'n_neighbors': 3472, 'weights': 'uniform'}. Best is trial 99 with value: 0.1135530142713745.
running
[I 2024-08-13 23:26:58,860] Trial 144 finished with value: 0.11331749423348489 and parameters: {'model_name': 'KNNImputer', 'n_neighbors': 222, 'weights': 'uniform'}. Best is trial 144 with value: 0.11331749423348489.
running
[I 2024-08-13 23:27:01,883] Trial 145 finished with value: 0.11542016635014549 and parameters: {'model_name': 'KNNImputer', 'n_neighbors': 1842, 'weights': 'uniform'}. Best is trial 144 with value: 0.11331749423348489.
running
[I 2024-08-13 23:27:05,834] Trial 146 finished with value: 0.11385462205643426 and parameters: {'model_name': 'KNNImputer', 'n_neighbors': 3246, 'weights': 'uniform'}. Best is trial 144 with value: 0.11331749423348489.
running
[I 2024-08-13 23:27:09,828] Trial 147 finished with value: 0.11357813077917094 and parameters: {'model_name': 'KNNImputer', 'n_neighbors': 2952, 'weights': 'uniform'}. Best is trial 144 with value: 0.11331749423348489.
running
[I 2024-08-13 23:27:12,534] Trial 148 finished with value: 0.11324789462914497 and parameters: {'model_name': 'KNNImputer', 'n_neighbors': 55, 'weights': 'uniform'}. Best is trial 148 with value: 0.11324789462914497.
running
[I 2024-08-13 23:27:15,483] Trial 149 finished with value: 0.11430228223068646 and parameters: {'model_name': 'KNNImputer', 'n_neighbors': 1093, 'weights': 'uniform'}. Best is trial 148 with value: 0.11324789462914497.
running
[I 2024-08-13 23:27:18,300] Trial 150 finished with value: 0.1133026620801371 and parameters: {'model_name': 'KNNImputer', 'n_neighbors': 220, 'weights': 'uniform'}. Best is trial 148 with value: 0.11324789462914497.
running
[I 2024-08-13 23:27:21,670] Trial 151 finished with value: 0.11622920830662878 and parameters: {'model_name': 'KNNImputer', 'n_neighbors': 4516, 'weights': 'uniform'}. Best is trial 148 with value: 0.11324789462914497.
running
[I 2024-08-13 23:27:24,715] Trial 152 finished with value: 0.11359950710435514 and parameters: {'model_name': 'KNNImputer', 'n_neighbors': 118, 'weights': 'uniform'}. Best is trial 148 with value: 0.11324789462914497.
running
[I 2024-08-13 23:27:28,003] Trial 153 finished with value: 0.11391156407915422 and parameters: {'model_name': 'KNNImputer', 'n_neighbors': 355, 'weights': 'uniform'}. Best is trial 148 with value: 0.11324789462914497.
running
[I 2024-08-13 23:32:08,894] Trial 131 finished with value: inf and parameters: {'model_name': 'GAIN', 'batch_size': 5, 'hint_rate': 0.39289036597546484, 'alpha': 94, 'iterations': 7062, 'learning_rate': 0.07632832214465542, 'p_miss': 0.10499206075766494}. Best is trial 148 with value: 0.11324789462914497.
running
[I 2024-08-13 23:32:11,620] Trial 155 finished with value: 0.11352487935370441 and parameters: {'model_name': 'KNNImputer', 'n_neighbors': 126, 'weights': 'uniform'}. Best is trial 148 with value: 0.11324789462914497.
running
[I 2024-08-13 23:32:13,733] Trial 156 finished with value: 0.1564609669552473 and parameters: {'model_name': 'KNNImputer', 'n_neighbors': 1, 'weights': 'uniform'}. Best is trial 148 with value: 0.11324789462914497.
running
[I 2024-08-13 23:32:16,389] Trial 157 finished with value: 0.11356321485185536 and parameters: {'model_name': 'KNNImputer', 'n_neighbors': 264, 'weights': 'uniform'}. Best is trial 148 with value: 0.11324789462914497.
running
[I 2024-08-13 23:32:19,417] Trial 158 finished with value: 0.1137015657547416 and parameters: {'model_name': 'KNNImputer', 'n_neighbors': 281, 'weights': 'uniform'}. Best is trial 148 with value: 0.11324789462914497.
running
[I 2024-08-13 23:32:21,960] Trial 159 finished with value: 0.1141759615657016 and parameters: {'model_name': 'KNNImputer', 'n_neighbors': 466, 'weights': 'uniform'}. Best is trial 148 with value: 0.11324789462914497.
running
[I 2024-08-13 23:32:24,197] Trial 160 finished with value: 0.1564609669552473 and parameters: {'model_name': 'KNNImputer', 'n_neighbors': 1, 'weights': 'uniform'}. Best is trial 148 with value: 0.11324789462914497.
running
[I 2024-08-13 23:32:26,662] Trial 161 finished with value: 0.11354133883285837 and parameters: {'model_name': 'KNNImputer', 'n_neighbors': 137, 'weights': 'uniform'}. Best is trial 148 with value: 0.11324789462914497.
running
[I 2024-08-13 23:32:29,228] Trial 162 finished with value: 0.11353476172057544 and parameters: {'model_name': 'KNNImputer', 'n_neighbors': 131, 'weights': 'uniform'}. Best is trial 148 with value: 0.11324789462914497.
running
[I 2024-08-13 23:32:31,856] Trial 163 finished with value: 0.11348751785354147 and parameters: {'model_name': 'KNNImputer', 'n_neighbors': 125, 'weights': 'uniform'}. Best is trial 148 with value: 0.11324789462914497.
running
[I 2024-08-13 23:32:34,340] Trial 164 finished with value: 0.11323779308569688 and parameters: {'model_name': 'KNNImputer', 'n_neighbors': 150, 'weights': 'uniform'}. Best is trial 164 with value: 0.11323779308569688.
running
[I 2024-08-13 23:32:36,752] Trial 165 finished with value: 0.11331315807978708 and parameters: {'model_name': 'KNNImputer', 'n_neighbors': 144, 'weights': 'uniform'}. Best is trial 164 with value: 0.11323779308569688.
running
[I 2024-08-13 23:32:39,041] Trial 166 finished with value: 0.11322985136974988 and parameters: {'model_name': 'KNNImputer', 'n_neighbors': 149, 'weights': 'uniform'}. Best is trial 166 with value: 0.11322985136974988.
running
[I 2024-08-13 23:32:41,244] Trial 167 finished with value: 0.11338253014026933 and parameters: {'model_name': 'KNNImputer', 'n_neighbors': 139, 'weights': 'uniform'}. Best is trial 166 with value: 0.11322985136974988.
running
[I 2024-08-13 23:32:43,912] Trial 168 finished with value: 0.11324063709655978 and parameters: {'model_name': 'KNNImputer', 'n_neighbors': 181, 'weights': 'uniform'}. Best is trial 166 with value: 0.11322985136974988.
running
[I 2024-08-13 23:32:47,308] Trial 169 finished with value: 0.11626554291166573 and parameters: {'model_name': 'KNNImputer', 'n_neighbors': 187, 'weights': 'distance'}. Best is trial 166 with value: 0.11322985136974988.
running
[I 2024-08-13 23:32:48,090] Trial 170 finished with value: 0.17562864336919684 and parameters: {'model_name': 'SimpleImputer', 'strategy': 'median'}. Best is trial 166 with value: 0.11322985136974988.
running
[I 2024-08-13 23:32:50,616] Trial 171 finished with value: 0.11416073255793395 and parameters: {'model_name': 'KNNImputer', 'n_neighbors': 437, 'weights': 'uniform'}. Best is trial 166 with value: 0.11322985136974988.
running
[I 2024-08-13 23:32:53,427] Trial 172 finished with value: 0.11307008158111435 and parameters: {'model_name': 'KNNImputer', 'n_neighbors': 153, 'weights': 'uniform'}. Best is trial 172 with value: 0.11307008158111435.
running
[I 2024-08-13 23:32:55,733] Trial 173 finished with value: 0.11373200293158434 and parameters: {'model_name': 'KNNImputer', 'n_neighbors': 77, 'weights': 'uniform'}. Best is trial 172 with value: 0.11307008158111435.
running
[I 2024-08-13 23:32:58,652] Trial 174 finished with value: 0.11452872482523255 and parameters: {'model_name': 'KNNImputer', 'n_neighbors': 587, 'weights': 'uniform'}. Best is trial 172 with value: 0.11307008158111435.
running
[I 2024-08-13 23:33:01,362] Trial 175 finished with value: 0.11327447501686569 and parameters: {'model_name': 'KNNImputer', 'n_neighbors': 180, 'weights': 'uniform'}. Best is trial 172 with value: 0.11307008158111435.
running
[I 2024-08-13 23:33:03,727] Trial 176 finished with value: 0.11333452665212465 and parameters: {'model_name': 'KNNImputer', 'n_neighbors': 168, 'weights': 'uniform'}. Best is trial 172 with value: 0.11307008158111435.
running
[I 2024-08-13 23:33:06,281] Trial 177 finished with value: 0.11326777568035884 and parameters: {'model_name': 'KNNImputer', 'n_neighbors': 177, 'weights': 'uniform'}. Best is trial 172 with value: 0.11307008158111435.
running
[I 2024-08-13 23:33:09,371] Trial 178 finished with value: 0.11326665121416994 and parameters: {'model_name': 'KNNImputer', 'n_neighbors': 171, 'weights': 'uniform'}. Best is trial 172 with value: 0.11307008158111435.
running
[I 2024-08-13 23:33:12,333] Trial 179 finished with value: 0.11326887441530815 and parameters: {'model_name': 'KNNImputer', 'n_neighbors': 185, 'weights': 'uniform'}. Best is trial 172 with value: 0.11307008158111435.
running
[I 2024-08-13 23:33:15,188] Trial 180 finished with value: 0.11345330268558389 and parameters: {'model_name': 'KNNImputer', 'n_neighbors': 244, 'weights': 'uniform'}. Best is trial 172 with value: 0.11307008158111435.
running
[I 2024-08-13 23:33:18,209] Trial 181 finished with value: 0.113460871639447 and parameters: {'model_name': 'KNNImputer', 'n_neighbors': 252, 'weights': 'uniform'}. Best is trial 172 with value: 0.11307008158111435.
running
[I 2024-08-13 23:33:20,908] Trial 182 finished with value: 0.11374734847288606 and parameters: {'model_name': 'KNNImputer', 'n_neighbors': 285, 'weights': 'uniform'}. Best is trial 172 with value: 0.11307008158111435.
running
[I 2024-08-13 23:33:50,799] Trial 183 finished with value: 0.21521039891863203 and parameters: {'model_name': 'GAIN', 'batch_size': 34, 'hint_rate': 0.6525406587448679, 'alpha': 76, 'iterations': 10, 'learning_rate': 0.003548012477521513, 'p_miss': 0.19095048414315588}. Best is trial 172 with value: 0.11307008158111435.
running
[I 2024-08-13 23:33:53,535] Trial 184 finished with value: 0.11405496318301253 and parameters: {'model_name': 'KNNImputer', 'n_neighbors': 389, 'weights': 'uniform'}. Best is trial 172 with value: 0.11307008158111435.
running
[I 2024-08-13 23:33:56,665] Trial 185 finished with value: 0.11436278047906974 and parameters: {'model_name': 'KNNImputer', 'n_neighbors': 550, 'weights': 'uniform'}. Best is trial 172 with value: 0.11307008158111435.
running
[I 2024-08-13 23:33:59,456] Trial 186 finished with value: 0.1133026620801371 and parameters: {'model_name': 'KNNImputer', 'n_neighbors': 220, 'weights': 'uniform'}. Best is trial 172 with value: 0.11307008158111435.
running
[I 2024-08-13 23:34:02,006] Trial 187 finished with value: 0.11368086681359561 and parameters: {'model_name': 'KNNImputer', 'n_neighbors': 277, 'weights': 'uniform'}. Best is trial 172 with value: 0.11307008158111435.
running
[I 2024-08-13 23:34:04,689] Trial 188 finished with value: 0.11330830525919558 and parameters: {'model_name': 'KNNImputer', 'n_neighbors': 206, 'weights': 'uniform'}. Best is trial 172 with value: 0.11307008158111435.
running
[I 2024-08-13 23:34:07,793] Trial 189 finished with value: 0.11329000989548259 and parameters: {'model_name': 'KNNImputer', 'n_neighbors': 218, 'weights': 'uniform'}. Best is trial 172 with value: 0.11307008158111435.
running
[I 2024-08-13 23:34:11,318] Trial 190 finished with value: 0.1139886515704834 and parameters: {'model_name': 'KNNImputer', 'n_neighbors': 365, 'weights': 'uniform'}. Best is trial 172 with value: 0.11307008158111435.
running
[I 2024-08-13 23:34:14,119] Trial 191 finished with value: 0.1132876303385743 and parameters: {'model_name': 'KNNImputer', 'n_neighbors': 205, 'weights': 'uniform'}. Best is trial 172 with value: 0.11307008158111435.
running
[I 2024-08-13 23:34:17,569] Trial 192 finished with value: 0.11474487243202283 and parameters: {'model_name': 'KNNImputer', 'n_neighbors': 695, 'weights': 'uniform'}. Best is trial 172 with value: 0.11307008158111435.
running
[I 2024-08-13 23:34:20,572] Trial 193 finished with value: 0.11421733397925893 and parameters: {'model_name': 'KNNImputer', 'n_neighbors': 484, 'weights': 'uniform'}. Best is trial 172 with value: 0.11307008158111435.
running
[I 2024-08-13 23:34:23,149] Trial 194 finished with value: 0.11806343157397114 and parameters: {'model_name': 'KNNImputer', 'n_neighbors': 29, 'weights': 'distance'}. Best is trial 172 with value: 0.11307008158111435.
running
[I 2024-08-13 23:34:26,046] Trial 195 finished with value: 0.11336204291049079 and parameters: {'model_name': 'KNNImputer', 'n_neighbors': 197, 'weights': 'uniform'}. Best is trial 172 with value: 0.11307008158111435.
running
[I 2024-08-13 23:34:28,800] Trial 196 finished with value: 0.11323745288594682 and parameters: {'model_name': 'KNNImputer', 'n_neighbors': 216, 'weights': 'uniform'}. Best is trial 172 with value: 0.11307008158111435.
running
[I 2024-08-13 23:34:32,095] Trial 197 finished with value: 0.113969796939593 and parameters: {'model_name': 'KNNImputer', 'n_neighbors': 367, 'weights': 'uniform'}. Best is trial 172 with value: 0.11307008158111435.
running
[I 2024-08-13 23:34:35,185] Trial 198 finished with value: 0.11341690150969178 and parameters: {'model_name': 'KNNImputer', 'n_neighbors': 237, 'weights': 'uniform'}. Best is trial 172 with value: 0.11307008158111435.
running
[I 2024-08-13 23:34:38,130] Trial 199 finished with value: 0.11332278364456146 and parameters: {'model_name': 'KNNImputer', 'n_neighbors': 188, 'weights': 'uniform'}. Best is trial 172 with value: 0.11307008158111435.
[I 2024-08-13 23:40:24,317] Trial 83 finished with value: 0.20150372584728463 and parameters: {'model_name': 'GAIN', 'batch_size': 18, 'hint_rate': 0.3343961787920863, 'alpha': 93, 'iterations': 2650, 'learning_rate': 0.0819872783199162, 'p_miss': 0.25199599831641994}. Best is trial 172 with value: 0.11307008158111435.
[I 2024-08-13 23:55:31,144] Trial 88 finished with value: 0.20703224084822724 and parameters: {'model_name': 'GAIN', 'batch_size': 19, 'hint_rate': 0.3154690565756999, 'alpha': 95, 'iterations': 2958, 'learning_rate': 0.0785137775800306, 'p_miss': 0.27699623718988714}. Best is trial 172 with value: 0.11307008158111435.
[I 2024-08-14 00:23:05,077] Trial 84 finished with value: 0.2070744051117271 and parameters: {'model_name': 'GAIN', 'batch_size': 23, 'hint_rate': 0.35897115644579586, 'alpha': 99, 'iterations': 3858, 'learning_rate': 0.07443805317401236, 'p_miss': 0.2696521491744264}. Best is trial 172 with value: 0.11307008158111435.
[I 2024-08-14 01:31:29,616] Trial 87 finished with value: 0.2549111186902359 and parameters: {'model_name': 'GAIN', 'batch_size': 24, 'hint_rate': 0.2887804172067404, 'alpha': 100, 'iterations': 6138, 'learning_rate': 0.0012937175665400215, 'p_miss': 0.27879634851658996}. Best is trial 172 with value: 0.11307008158111435.
[I 2024-08-14 01:39:18,241] Trial 86 finished with value: 0.26385052109367674 and parameters: {'model_name': 'GAIN', 'batch_size': 19, 'hint_rate': 0.38958677664703184, 'alpha': 96, 'iterations': 6520, 'learning_rate': 0.0012737732434612162, 'p_miss': 0.299532359666351}. Best is trial 172 with value: 0.11307008158111435.
[I 2024-08-14 01:43:50,070] Trial 105 finished with value: 0.21052780230748783 and parameters: {'model_name': 'GAIN', 'batch_size': 42, 'hint_rate': 0.29863392053886334, 'alpha': 98, 'iterations': 5539, 'learning_rate': 0.07914872057542338, 'p_miss': 0.23557840588005635}. Best is trial 172 with value: 0.11307008158111435.
[I 2024-08-14 01:46:41,393] Trial 132 finished with value: 0.21305031901519328 and parameters: {'model_name': 'GAIN', 'batch_size': 40, 'hint_rate': 0.6851696564340216, 'alpha': 100, 'iterations': 5242, 'learning_rate': 0.08914596377846677, 'p_miss': 0.1155027368624161}. Best is trial 172 with value: 0.11307008158111435.
[I 2024-08-14 01:54:06,830] Trial 134 finished with value: 0.21162257684954974 and parameters: {'model_name': 'GAIN', 'batch_size': 38, 'hint_rate': 0.6973523791753209, 'alpha': 96, 'iterations': 5550, 'learning_rate': 0.08983503255400446, 'p_miss': 0.1169715631648347}. Best is trial 172 with value: 0.11307008158111435.
[I 2024-08-14 01:55:02,733] Trial 89 finished with value: 0.23749861092702346 and parameters: {'model_name': 'GAIN', 'batch_size': 6, 'hint_rate': 0.27438854147684655, 'alpha': 100, 'iterations': 7340, 'learning_rate': 0.0008824708806010653, 'p_miss': 0.26953208516671834}. Best is trial 172 with value: 0.11307008158111435.
[I 2024-08-14 01:55:18,322] Trial 104 finished with value: 0.2670306912058484 and parameters: {'model_name': 'GAIN', 'batch_size': 994, 'hint_rate': 0.2622733772799686, 'alpha': 100, 'iterations': 5202, 'learning_rate': 0.0007339735249219199, 'p_miss': 0.23982343109623122}. Best is trial 172 with value: 0.11307008158111435.
[I 2024-08-14 01:58:01,781] Trial 133 finished with value: 0.22911609529869992 and parameters: {'model_name': 'GAIN', 'batch_size': 43, 'hint_rate': 0.7054347914540395, 'alpha': 96, 'iterations': 6470, 'learning_rate': 0.0037929801414858296, 'p_miss': 0.12677340221620234}. Best is trial 172 with value: 0.11307008158111435.
[I 2024-08-14 01:59:31,113] Trial 103 finished with value: 0.21103736311732532 and parameters: {'model_name': 'GAIN', 'batch_size': 41, 'hint_rate': 0.2961560887710096, 'alpha': 100, 'iterations': 7622, 'learning_rate': 0.09209266143908414, 'p_miss': 0.23632525453642161}. Best is trial 172 with value: 0.11307008158111435.
[I 2024-08-14 02:02:48,054] Trial 154 finished with value: 0.22573420026495078 and parameters: {'model_name': 'GAIN', 'batch_size': 43, 'hint_rate': 0.7361976357454384, 'alpha': 76, 'iterations': 8914, 'learning_rate': 0.004347289539210908, 'p_miss': 0.10290825500100523}. Best is trial 172 with value: 0.11307008158111435.
[I 2024-08-14 02:02:50,100] Trial 135 finished with value: 0.20810099509513136 and parameters: {'model_name': 'GAIN', 'batch_size': 36, 'hint_rate': 0.6986933431088502, 'alpha': 98, 'iterations': 9400, 'learning_rate': 0.07176385151818285, 'p_miss': 0.12833573821169444}. Best is trial 172 with value: 0.11307008158111435.
[I 2024-08-14 02:02:59,953] Trial 102 finished with value: 0.2586900057572806 and parameters: {'model_name': 'GAIN', 'batch_size': 838, 'hint_rate': 0.2898144464618423, 'alpha': 99, 'iterations': 9151, 'learning_rate': 0.0007961361728924562, 'p_miss': 0.22704327575295}. Best is trial 172 with value: 0.11307008158111435.
fit
auto fit
auto transform
0    0
1    0
2    0
3    0
4    0
5    0
6    0
7    0
8    0
9    0
dtype: int64
0    0
1    0
2    0
3    0
4    0
5    0
6    0
7    0
8    0
9    0
dtype: int64
0.11307008158111435
{'model_name': 'KNNImputer', 'n_neighbors': 153, 'weights': 'uniform'}
running experiment 2/3 - Does reconstruction give good automl predictions
Start est fit
  0%|          | 0/25 [00:00<?, ?it/s]Generation:   0%|          | 0/25 [00:00<?, ?it/s]Generation:  1
Best f1_score score: 0.947014305302823
Generation:   4%|         | 1/25 [02:44<1:05:56, 164.87s/it]Generation:  2
Best f1_score score: 0.9478285679415066
Generation:   8%|         | 2/25 [03:42<39:05, 101.97s/it]  Generation:  3
Best f1_score score: 0.9483819481325966
Generation:  12%|        | 3/25 [05:37<39:33, 107.89s/it]Generation:  4
Best f1_score score: 0.9486774257059633
Generation:  16%|        | 4/25 [05:56<25:30, 72.86s/it] Generation:  5
Best f1_score score: 0.9489280654755948
Generation:  20%|        | 5/25 [08:01<30:28, 91.41s/it]Generation:  6
Best f1_score score: 0.9496768044593125
Generation:  24%|       | 6/25 [08:19<21:04, 66.55s/it]Generation:  7
Best f1_score score: 0.9496768044593125
Generation:  28%|       | 7/25 [08:43<15:50, 52.79s/it]Generation:  8
Best f1_score score: 0.9496768044593125
Generation:  32%|      | 8/25 [09:24<13:52, 48.95s/it]Generation:  9
Best f1_score score: 0.9496768044593125
Generation:  36%|      | 9/25 [09:36<09:58, 37.38s/it]WARNING THIS INDIVIDUAL CAUSED AND EXCEPTION 
 <tpot2.search_spaces.pipelines.sequential.SequentialPipelineIndividual object at 0x155475444250> 
 The 'min_samples_split' parameter of DecisionTreeClassifier must be an int in the range [2, inf) or a float in the range (0.0, 1.0]. Got 1 instead. 
 Traceback (most recent call last):
  File "/common/ketrong/tpotexp/tpot2/tpot2/utils/eval_utils.py", line 53, in objective_nan_wrapper
    value = func_timeout.func_timeout(timeout, objective_function, args=[individual], kwargs=objective_kwargs)
  File "/common/ketrong/tpotexp/env/lib/python3.10/site-packages/func_timeout/dafunc.py", line 108, in func_timeout
    raise_exception(exception)
  File "/common/ketrong/tpotexp/env/lib/python3.10/site-packages/func_timeout/py3_raise.py", line 7, in raise_exception
    raise exception[0] from None
  File "/common/ketrong/tpotexp/tpot2/tpot2/tpot_estimator/estimator.py", line 623, in objective_function
    return objective_function_generator(
  File "/common/ketrong/tpotexp/tpot2/tpot2/tpot_estimator/estimator_utils.py", line 55, in objective_function_generator
    cv_obj_scores = cross_val_score_objective(sklearn.base.clone(pipeline),x,y,scorers=scorers, cv=cv , fold=step)
  File "/common/ketrong/tpotexp/tpot2/tpot2/tpot_estimator/cross_val_utils.py", line 28, in cross_val_score_objective
    this_fold_pipeline.fit(X_train,y_train)
  File "/common/ketrong/tpotexp/env/lib/python3.10/site-packages/sklearn/base.py", line 1473, in wrapper
    return fit_method(estimator, *args, **kwargs)
  File "/common/ketrong/tpotexp/env/lib/python3.10/site-packages/sklearn/pipeline.py", line 473, in fit
    self._final_estimator.fit(Xt, y, **last_step_params["fit"])
  File "/common/ketrong/tpotexp/env/lib/python3.10/site-packages/sklearn/base.py", line 1466, in wrapper
    estimator._validate_params()
  File "/common/ketrong/tpotexp/env/lib/python3.10/site-packages/sklearn/base.py", line 666, in _validate_params
    validate_parameter_constraints(
  File "/common/ketrong/tpotexp/env/lib/python3.10/site-packages/sklearn/utils/_param_validation.py", line 95, in validate_parameter_constraints
    raise InvalidParameterError(
sklearn.utils._param_validation.InvalidParameterError: The 'min_samples_split' parameter of DecisionTreeClassifier must be an int in the range [2, inf) or a float in the range (0.0, 1.0]. Got 1 instead.

Generation:  10
Best f1_score score: 0.9496768044593125
Generation:  40%|      | 10/25 [10:16<09:30, 38.02s/it]Generation:  11
Best f1_score score: 0.9496768044593125
Generation:  44%|     | 11/25 [11:37<11:56, 51.20s/it]Generation:  12
Best f1_score score: 0.9496768044593125
Generation:  48%|     | 12/25 [12:00<09:14, 42.64s/it]Generation:  13
Best f1_score score: 0.9496768044593125
Generation:  52%|    | 13/25 [12:24<07:25, 37.10s/it]Generation:  14
Best f1_score score: 0.9496768044593125
Generation:  56%|    | 14/25 [15:48<16:01, 87.37s/it]Generation:  15
Best f1_score score: 0.9496768044593125
Generation:  60%|    | 15/25 [17:38<15:41, 94.18s/it]Generation:  16
Best f1_score score: 0.9496768044593125
Generation:  64%|   | 16/25 [18:14<11:30, 76.68s/it]Generation:  17
Best f1_score score: 0.9496768044593125
Generation:  68%|   | 17/25 [18:42<08:17, 62.20s/it]Generation:  18
Best f1_score score: 0.9496768044593125
Generation:  72%|  | 18/25 [19:44<07:15, 62.21s/it]Generation:  19
Best f1_score score: 0.9496768044593125
Generation:  76%|  | 19/25 [20:26<05:36, 56.06s/it]Generation:  20
Best f1_score score: 0.9496768044593125
Generation:  80%|  | 20/25 [20:42<03:40, 44.08s/it]Generation:  21
Best f1_score score: 0.9496768044593125
Generation:  84%| | 21/25 [21:56<03:32, 53.11s/it]Generation:  22
Best f1_score score: 0.9496768044593125
Generation:  88%| | 22/25 [22:58<02:46, 55.59s/it]Generation:  23
Best f1_score score: 0.9496768044593125
Generation:  92%|| 23/25 [23:18<01:30, 45.03s/it]Generation:  24
Best f1_score score: 0.9496768044593125
Generation:  96%|| 24/25 [23:44<00:39, 39.14s/it]Generation:  25
Best f1_score score: 0.9496768044593125
Generation: 100%|| 25/25 [24:14<00:00, 36.62s/it]Generation: 100%|| 25/25 [24:17<00:00, 58.31s/it]
2024-08-14 02:27:34,867 - distributed.scheduler - ERROR - Removing worker 'tcp://127.0.0.1:43079' caused the cluster to lose scattered data, which can't be recovered: {'ndarray-23f0eef1ec7034d09b67651117ebaf48', 'ndarray-15d9d9a2af620443557ae598de4a9b2a'} (stimulus_id='handle-worker-cleanup-1723627654.8674192')
Fitted
Pipeline(steps=[('lgbmclassifier',
                 LGBMClassifier(boosting_type='goss', class_weight='balanced',
                                max_depth=10, n_estimators=92, n_jobs=1,
                                num_leaves=45, verbose=-1))])
score start
train score: {'auroc': 0.9999991047041042, 'accuracy': 0.9985786802030456, 'balanced_accuracy': 0.9996833295634472, 'logloss': 0.008751992959089107, 'f1': 0.9985847146430984}
original test score: {'auroc': 0.9891739797093312, 'accuracy': 0.9671532846715328, 'balanced_accuracy': 0.8949248583394924, 'logloss': 0.1258231854340659, 'f1': 0.9678666960278242}
imputed test score: {'auroc': 0.9428610797467488, 'accuracy': 0.9288321167883211, 'balanced_accuracy': 0.5324833702882483, 'logloss': 0.2395490226760896, 'f1': 0.9264037855498183}
score end
check intended
EXP2 Finished
running experiment 3/3 - What is the best automl settings?
<tpot2.search_spaces.pipelines.sequential.SequentialPipeline object at 0x155436506230>
Start tpot fit
  0%|          | 0/25 [00:00<?, ?it/s]Generation:   0%|          | 0/25 [00:00<?, ?it/s]WARNING AN INDIVIDUAL TIMED OUT: 
 <tpot2.search_spaces.pipelines.sequential.SequentialPipelineIndividual object at 0x155475d3e500> 

Generation:  1
Best f1_score score: 0.9429564151634624
Generation:   4%|         | 1/25 [10:01<4:00:37, 601.58s/it]WARNING AN INDIVIDUAL TIMED OUT: 
 <tpot2.search_spaces.pipelines.sequential.SequentialPipelineIndividual object at 0x155475daa890> 

WARNING AN INDIVIDUAL TIMED OUT: 
 <tpot2.search_spaces.pipelines.sequential.SequentialPipelineIndividual object at 0x155475dae8c0> 

Generation:  2
Best f1_score score: 0.9430884788861802
Generation:   8%|         | 2/25 [20:05<3:51:02, 602.70s/it]Generation:  3
Best f1_score score: 0.9438478031069636
Generation:  12%|        | 3/25 [20:44<2:06:37, 345.36s/it]WARNING AN INDIVIDUAL TIMED OUT: 
 <tpot2.search_spaces.pipelines.sequential.SequentialPipelineIndividual object at 0x155475dfeda0> 

Generation:  4
Best f1_score score: 0.9462966774812223
Generation:  16%|        | 4/25 [30:46<2:36:26, 446.97s/it]Generation:  5
Best f1_score score: 0.9495701237900714
Generation:  20%|        | 5/25 [32:07<1:44:57, 314.88s/it]WARNING AN INDIVIDUAL TIMED OUT: 
 <tpot2.search_spaces.pipelines.sequential.SequentialPipelineIndividual object at 0x1554542d8370> 

Generation:  6
Best f1_score score: 0.9510748100232995
Generation:  24%|       | 6/25 [42:10<2:10:41, 412.71s/it]Generation:  7
Best f1_score score: 0.9510748100232995
Generation:  28%|       | 7/25 [42:40<1:26:17, 287.65s/it]Generation:  8
Best f1_score score: 0.9510748100232995
Generation:  32%|      | 8/25 [43:36<1:00:39, 214.09s/it]Generation:  9
Best f1_score score: 0.9534208577711866
Generation:  36%|      | 9/25 [44:37<44:18, 166.17s/it]  WARNING AN INDIVIDUAL TIMED OUT: 
 <tpot2.search_spaces.pipelines.sequential.SequentialPipelineIndividual object at 0x155458847940> 

WARNING AN INDIVIDUAL TIMED OUT: 
 <tpot2.search_spaces.pipelines.sequential.SequentialPipelineIndividual object at 0x1554753ec070> 

WARNING AN INDIVIDUAL TIMED OUT: 
 <tpot2.search_spaces.pipelines.sequential.SequentialPipelineIndividual object at 0x155475d3dab0> 

Generation:  10
Best f1_score score: 0.9534208577711866
Generation:  40%|      | 10/25 [54:41<1:15:16, 301.12s/it]corrupted size vs. prev_size
2024-08-14 03:24:57,678 - distributed.nanny - WARNING - Restarting worker
WARNING AN INDIVIDUAL TIMED OUT: 
 <tpot2.search_spaces.pipelines.sequential.SequentialPipelineIndividual object at 0x155475a49300> 

WARNING AN INDIVIDUAL TIMED OUT: 
 <tpot2.search_spaces.pipelines.sequential.SequentialPipelineIndividual object at 0x1554103ad5a0> 

Generation:  11
Best f1_score score: 0.9547717949042308
Generation:  44%|     | 11/25 [1:07:13<1:42:29, 439.22s/it]Generation:  12
Best f1_score score: 0.9547717949042308
Generation:  48%|     | 12/25 [1:07:53<1:08:52, 317.85s/it]WARNING AN INDIVIDUAL TIMED OUT: 
 <tpot2.search_spaces.pipelines.sequential.SequentialPipelineIndividual object at 0x1554754e1b40> 

Generation:  13
Best f1_score score: 0.9547717949042308
Generation:  52%|    | 13/25 [1:17:56<1:20:49, 404.13s/it]Generation:  14
Best f1_score score: 0.9547717949042308
Generation:  56%|    | 14/25 [1:24:03<1:12:03, 393.03s/it]WARNING AN INDIVIDUAL TIMED OUT: 
 <tpot2.search_spaces.pipelines.sequential.SequentialPipelineIndividual object at 0x1554541307f0> 

WARNING AN INDIVIDUAL TIMED OUT: 
 <tpot2.search_spaces.pipelines.sequential.SequentialPipelineIndividual object at 0x15547506f850> 

Generation:  15
Best f1_score score: 0.9547717949042308
Generation:  60%|    | 15/25 [1:34:07<1:16:05, 456.50s/it]WARNING AN INDIVIDUAL TIMED OUT: 
 <tpot2.search_spaces.pipelines.sequential.SequentialPipelineIndividual object at 0x1554755cc370> 

Generation:  16
Best f1_score score: 0.9547717949042308
Generation:  64%|   | 16/25 [1:44:10<1:15:06, 500.73s/it]Generation:  17
Best f1_score score: 0.9547717949042308
Generation:  68%|   | 17/25 [1:44:35<47:40, 357.56s/it]  Generation:  18
Best f1_score score: 0.9554593014156524
Generation:  72%|  | 18/25 [1:45:05<30:13, 259.08s/it]Generation:  19
Best f1_score score: 0.9554593014156524
Generation:  76%|  | 19/25 [1:51:47<30:12, 302.10s/it]WARNING AN INDIVIDUAL TIMED OUT: 
 <tpot2.search_spaces.pipelines.sequential.SequentialPipelineIndividual object at 0x155475dabfd0> 

Generation:  20
Best f1_score score: 0.9554593014156524
Generation:  80%|  | 20/25 [2:01:50<32:42, 392.51s/it]WARNING AN INDIVIDUAL TIMED OUT: 
 <tpot2.search_spaces.pipelines.sequential.SequentialPipelineIndividual object at 0x1553eda561d0> 

WARNING AN INDIVIDUAL TIMED OUT: 
 <tpot2.search_spaces.pipelines.sequential.SequentialPipelineIndividual object at 0x155474d3c520> 

Generation:  21
Best f1_score score: 0.9554593014156524
Generation:  84%| | 21/25 [2:11:55<30:24, 456.24s/it]WARNING AN INDIVIDUAL TIMED OUT: 
 <tpot2.search_spaces.pipelines.sequential.SequentialPipelineIndividual object at 0x1553f27af220> 

Generation:  22
Best f1_score score: 0.9554593014156524
Generation:  88%| | 22/25 [2:21:59<25:01, 500.52s/it]WARNING AN INDIVIDUAL TIMED OUT: 
 <tpot2.search_spaces.pipelines.sequential.SequentialPipelineIndividual object at 0x1554484747c0> 

Generation:  23
Best f1_score score: 0.9554593014156524
Generation:  92%|| 23/25 [2:32:03<17:42, 531.48s/it]WARNING AN INDIVIDUAL TIMED OUT: 
 <tpot2.search_spaces.pipelines.sequential.SequentialPipelineIndividual object at 0x1553da7fa890> 

Generation:  24
Best f1_score score: 0.9554593014156524
Generation:  96%|| 24/25 [2:42:05<09:12, 552.83s/it]WARNING AN INDIVIDUAL TIMED OUT: 
 <tpot2.search_spaces.pipelines.sequential.SequentialPipelineIndividual object at 0x1554564130a0> 

Generation:  25
Best f1_score score: 0.9554593014156524
Generation: 100%|| 25/25 [2:52:10<00:00, 568.41s/it]Generation: 100%|| 25/25 [2:52:10<00:00, 413.22s/it]
2024-08-14 05:19:57,198 - distributed.scheduler - ERROR - Removing worker 'tcp://127.0.0.1:36931' caused the cluster to lose scattered data, which can't be recovered: {'DataFrame-ce36e5ba2fe465704914c2a57396670f', 'ndarray-23f0eef1ec7034d09b67651117ebaf48'} (stimulus_id='handle-worker-cleanup-1723637997.1983125')
Fitted
Pipeline(steps=[('iterativeimputer',
                 IterativeImputer(estimator=KNeighborsRegressor(),
                                  imputation_order='roman',
                                  initial_strategy='constant',
                                  n_nearest_features=35)),
                ('lgbmclassifier',
                 LGBMClassifier(boosting_type='dart', max_depth=4,
                                n_estimators=91, n_jobs=1, num_leaves=225,
                                verbose=-1))])
transform worked
try transform
transform worked
score start
train score: {'auroc': 0.998440071156736, 'accuracy': 0.9839593908629441, 'balanced_accuracy': 0.9318716903162114, 'logloss': 0.06380797154269152, 'f1': 0.983698470248768}
test score: {'auroc': 0.9643718206376108, 'accuracy': 0.9452554744525548, 'balanced_accuracy': 0.6993717664449371, 'logloss': 0.19511536519123163, 'f1': 0.9431958605012648}
original test score: {'auroc': 0.9976011650692808, 'accuracy': 0.9762773722627737, 'balanced_accuracy': 0.8541266321754126, 'logloss': 0.08643675602596716, 'f1': 0.9764055367038547}
score end
30
lvl
0.5
type
MNAR
num_run
2
class_full
finished
all finished
full run takes
7.449117001891136
hours
DONE
