Run: 59
/cm/local/apps/slurm/var/spool/job984711/slurm_script: line 26: 
pip install -e tpot2
pip install -r tpot2/ImputerExperiments/requirements_.txt
: No such file or directory
RunStart
Version 0.1.7a0 of tpot2 is outdated. Version 0.1.8a0 was released Tuesday September 17, 2024.
starting loops
../data/r/1200/1200.pkl
working on 
../data/r/1200/reg_full_MNAR_0.3_3
4.494352579116821
running experiment 1/3 - Does large hyperparameter space improve reconstruction accuracy over simple
[I 2024-10-02 09:10:03,144] A new study created in memory with name: no-name-4378940d-445a-48ca-b576-dcc049ee5016
running
running
running
running
running
running
running
running
running
running
running
running
running
running
running
running
[I 2024-10-02 09:10:03,635] Trial 3 finished with value: 0.47666433054721563 and parameters: {'model_name': 'SimpleImputer', 'strategy': 'constant'}. Best is trial 3 with value: 0.47666433054721563.
running
[I 2024-10-02 09:10:03,883] Trial 6 finished with value: 0.21730855197847032 and parameters: {'model_name': 'SimpleImputer', 'strategy': 'mean'}. Best is trial 6 with value: 0.21730855197847032.
running
[I 2024-10-02 09:10:04,826] Trial 16 finished with value: 0.47666433054721563 and parameters: {'model_name': 'SimpleImputer', 'strategy': 'constant'}. Best is trial 6 with value: 0.21730855197847032.
running
[I 2024-10-02 09:10:05,117] Trial 4 finished with value: 0.47666433054721563 and parameters: {'model_name': 'SimpleImputer', 'strategy': 'most_frequent'}. Best is trial 6 with value: 0.21730855197847032.
running
[I 2024-10-02 09:10:05,394] Trial 1 finished with value: 0.47666433054721563 and parameters: {'model_name': 'SimpleImputer', 'strategy': 'most_frequent'}. Best is trial 6 with value: 0.21730855197847032.
running
[I 2024-10-02 09:10:05,534] Trial 10 finished with value: 0.47666433054721563 and parameters: {'model_name': 'SimpleImputer', 'strategy': 'most_frequent'}. Best is trial 6 with value: 0.21730855197847032.
running
[I 2024-10-02 09:10:16,621] Trial 20 finished with value: 0.41332954506877523 and parameters: {'model_name': 'GAIN', 'batch_size': 27, 'hint_rate': 0.9407058358153256, 'alpha': 21, 'iterations': 1, 'learning_rate': 0.00047793514612577546, 'p_miss': 0.28093787775791684}. Best is trial 6 with value: 0.21730855197847032.
running
[I 2024-10-02 09:10:27,196] Trial 7 finished with value: 0.20878149452974565 and parameters: {'model_name': 'IterativeImputer', 'estimator': 'Ridge', 'initial_strategy': 'constant', 'n_nearest_features': 3, 'imputation_order': 'random'}. Best is trial 7 with value: 0.20878149452974565.
running
[I 2024-10-02 09:10:28,642] Trial 11 finished with value: 0.20878149452974565 and parameters: {'model_name': 'IterativeImputer', 'estimator': 'Ridge', 'initial_strategy': 'constant', 'n_nearest_features': 3, 'imputation_order': 'random'}. Best is trial 7 with value: 0.20878149452974565.
running
[I 2024-10-02 09:10:36,280] Trial 5 finished with value: 0.20300300267664131 and parameters: {'model_name': 'IterativeImputer', 'estimator': 'Ridge', 'initial_strategy': 'most_frequent', 'n_nearest_features': 6, 'imputation_order': 'ascending'}. Best is trial 5 with value: 0.20300300267664131.
running
[I 2024-10-02 09:10:38,996] Trial 9 finished with value: 0.4570724246808927 and parameters: {'model_name': 'GAIN', 'batch_size': 40, 'hint_rate': 0.7979662005359515, 'alpha': 56, 'iterations': 40, 'learning_rate': 0.01276179814312961, 'p_miss': 0.056025790188826884}. Best is trial 5 with value: 0.20300300267664131.
running
[I 2024-10-02 09:10:45,959] Trial 22 finished with value: 0.18984959160154083 and parameters: {'model_name': 'VAE', 'batch_size': 5, 'iterations': 25, 'learning_rate': 0.000793425422430848, 'p_miss': 0.27634219941560495}. Best is trial 22 with value: 0.18984959160154083.
running
[I 2024-10-02 09:10:47,157] Trial 21 finished with value: 0.18968264859391473 and parameters: {'model_name': 'VAE', 'batch_size': 14, 'iterations': 34, 'learning_rate': 0.0014057088833383147, 'p_miss': 0.0729541288954443}. Best is trial 21 with value: 0.18968264859391473.
running
[I 2024-10-02 09:11:04,340] Trial 15 finished with value: 0.20239704340297854 and parameters: {'model_name': 'IterativeImputer', 'estimator': 'Bayesian', 'initial_strategy': 'median', 'n_nearest_features': 5, 'imputation_order': 'descending', 'sample_posterior': False}. Best is trial 21 with value: 0.18968264859391473.
running
[I 2024-10-02 09:11:13,979] Trial 2 finished with value: 0.213062547263179 and parameters: {'model_name': 'KNNImputer', 'n_neighbors': 21193, 'weights': 'uniform'}. Best is trial 21 with value: 0.18968264859391473.
running
[I 2024-10-02 09:11:19,660] Trial 26 finished with value: 0.2013451325513813 and parameters: {'model_name': 'IterativeImputer', 'estimator': 'Ridge', 'initial_strategy': 'most_frequent', 'n_nearest_features': 7, 'imputation_order': 'ascending'}. Best is trial 21 with value: 0.18968264859391473.
running
[I 2024-10-02 09:11:42,489] Trial 0 finished with value: 0.3110539003127727 and parameters: {'model_name': 'IterativeImputer', 'estimator': 'Bayesian', 'initial_strategy': 'constant', 'n_nearest_features': 8, 'imputation_order': 'roman', 'sample_posterior': True}. Best is trial 21 with value: 0.18968264859391473.
running
[I 2024-10-02 09:11:45,656] Trial 24 finished with value: 0.21528889858976283 and parameters: {'model_name': 'KNNImputer', 'n_neighbors': 36807, 'weights': 'distance'}. Best is trial 21 with value: 0.18968264859391473.
running
[I 2024-10-02 09:12:29,254] Trial 28 finished with value: 0.18618883783173218 and parameters: {'model_name': 'VAE', 'batch_size': 1, 'iterations': 61, 'learning_rate': 0.0008039025317455454, 'p_miss': 0.1063398673381751}. Best is trial 28 with value: 0.18618883783173218.
running
[I 2024-10-02 09:13:01,612] Trial 29 finished with value: 0.18854926779106065 and parameters: {'model_name': 'VAE', 'batch_size': 1, 'iterations': 63, 'learning_rate': 0.0007923692356368658, 'p_miss': 0.10496426632394254}. Best is trial 28 with value: 0.18618883783173218.
running
[I 2024-10-02 09:14:07,415] Trial 33 finished with value: 0.1874636747792354 and parameters: {'model_name': 'VAE', 'batch_size': 1, 'iterations': 54, 'learning_rate': 0.0006627436045156778, 'p_miss': 0.10520585352473472}. Best is trial 28 with value: 0.18618883783173218.
running
[I 2024-10-02 09:14:09,086] Trial 31 finished with value: 0.1890590418112167 and parameters: {'model_name': 'VAE', 'batch_size': 1, 'iterations': 70, 'learning_rate': 0.0007162598584440719, 'p_miss': 0.10726381397127975}. Best is trial 28 with value: 0.18618883783173218.
running
[I 2024-10-02 09:14:38,278] Trial 32 finished with value: 0.18839011785984505 and parameters: {'model_name': 'VAE', 'batch_size': 1, 'iterations': 57, 'learning_rate': 0.0006963873414579198, 'p_miss': 0.11395031968133176}. Best is trial 28 with value: 0.18618883783173218.
running
[I 2024-10-02 09:14:39,307] Trial 30 finished with value: 0.18610300694659931 and parameters: {'model_name': 'VAE', 'batch_size': 1, 'iterations': 76, 'learning_rate': 0.0007266210493156805, 'p_miss': 0.10967983635442205}. Best is trial 30 with value: 0.18610300694659931.
running
[I 2024-10-02 09:15:02,384] Trial 17 finished with value: 0.2718095604678303 and parameters: {'model_name': 'VAE', 'batch_size': 2, 'iterations': 184, 'learning_rate': 0.009774161780427323, 'p_miss': 0.23256330342684717}. Best is trial 30 with value: 0.18610300694659931.
running
[I 2024-10-02 09:17:02,951] Trial 12 finished with value: 0.2623902810111028 and parameters: {'model_name': 'VAE', 'batch_size': 2, 'iterations': 231, 'learning_rate': 0.00346842033250561, 'p_miss': 0.10587981886330733}. Best is trial 30 with value: 0.18610300694659931.
running
[I 2024-10-02 09:21:36,610] Trial 8 finished with value: 0.44166270511972944 and parameters: {'model_name': 'GAIN', 'batch_size': 8, 'hint_rate': 0.8979052082869124, 'alpha': 0, 'iterations': 604, 'learning_rate': 0.0008647036948125855, 'p_miss': 0.25700146209283997}. Best is trial 30 with value: 0.18610300694659931.
running
[I 2024-10-02 09:37:56,924] Trial 19 finished with value: 0.2515982567632377 and parameters: {'model_name': 'VAE', 'batch_size': 4, 'iterations': 749, 'learning_rate': 0.009342497375214729, 'p_miss': 0.29537912809136657}. Best is trial 30 with value: 0.18610300694659931.
running
[I 2024-10-02 09:38:21,001] Trial 43 finished with value: 0.19243188517410367 and parameters: {'model_name': 'VAE', 'batch_size': 556, 'iterations': 5, 'learning_rate': 0.00015951402742415881, 'p_miss': 0.17667518826742862}. Best is trial 30 with value: 0.18610300694659931.
running
[I 2024-10-02 09:38:45,792] Trial 44 finished with value: 0.18887272405342373 and parameters: {'model_name': 'VAE', 'batch_size': 163, 'iterations': 8, 'learning_rate': 0.00019122894182562567, 'p_miss': 0.014774225713275774}. Best is trial 30 with value: 0.18610300694659931.
running
[I 2024-10-02 09:39:23,594] Trial 45 finished with value: 0.19974839648529252 and parameters: {'model_name': 'KNNImputer', 'n_neighbors': 2144, 'weights': 'uniform'}. Best is trial 30 with value: 0.18610300694659931.
running
[I 2024-10-02 09:56:53,707] Trial 36 finished with value: 0.18763036414212855 and parameters: {'model_name': 'VAE', 'batch_size': 1, 'iterations': 745, 'learning_rate': 0.0001122503013292271, 'p_miss': 0.13459565371715876}. Best is trial 30 with value: 0.18610300694659931.
running
[I 2024-10-02 10:35:37,206] Trial 40 finished with value: 0.2245532610441628 and parameters: {'model_name': 'VAE', 'batch_size': 659, 'iterations': 1376, 'learning_rate': 0.00013981538022763004, 'p_miss': 0.15888372430191583}. Best is trial 30 with value: 0.18610300694659931.
running
[I 2024-10-02 10:39:04,123] Trial 13 finished with value: 0.23241284122348044 and parameters: {'model_name': 'IterativeImputer', 'estimator': 'RFR', 'initial_strategy': 'constant', 'n_nearest_features': 2, 'imputation_order': 'arabic'}. Best is trial 30 with value: 0.18610300694659931.
running
[I 2024-10-02 10:39:30,043] Trial 23 finished with value: 0.23302968528919435 and parameters: {'model_name': 'IterativeImputer', 'estimator': 'RFR', 'initial_strategy': 'constant', 'n_nearest_features': 2, 'imputation_order': 'arabic'}. Best is trial 30 with value: 0.18610300694659931.
running
[I 2024-10-02 10:40:41,867] Trial 18 finished with value: 0.23392527772673533 and parameters: {'model_name': 'IterativeImputer', 'estimator': 'RFR', 'initial_strategy': 'constant', 'n_nearest_features': 2, 'imputation_order': 'ascending'}. Best is trial 30 with value: 0.18610300694659931.
running
[I 2024-10-02 10:52:03,828] Trial 37 finished with value: 0.22131164068072273 and parameters: {'model_name': 'VAE', 'batch_size': 1, 'iterations': 1671, 'learning_rate': 0.00010693467863005528, 'p_miss': 0.15194198897491423}. Best is trial 30 with value: 0.18610300694659931.
running
[I 2024-10-02 11:03:23,761] Trial 38 finished with value: 0.22431134930732424 and parameters: {'model_name': 'VAE', 'batch_size': 565, 'iterations': 1735, 'learning_rate': 0.00010698116420549521, 'p_miss': 0.1562264144558213}. Best is trial 30 with value: 0.18610300694659931.
running
[I 2024-10-02 11:06:11,528] Trial 52 finished with value: 0.25804685567772156 and parameters: {'model_name': 'VAE', 'batch_size': 2, 'iterations': 288, 'learning_rate': 0.0027922289586259793, 'p_miss': 0.13523225646225087}. Best is trial 30 with value: 0.18610300694659931.
running
[I 2024-10-02 11:07:04,103] Trial 54 finished with value: 0.21528889858976283 and parameters: {'model_name': 'KNNImputer', 'n_neighbors': 44087, 'weights': 'distance'}. Best is trial 30 with value: 0.18610300694659931.
running
[I 2024-10-02 11:14:30,404] Trial 34 finished with value: 0.2729761945693973 and parameters: {'model_name': 'VAE', 'batch_size': 1, 'iterations': 2053, 'learning_rate': 0.0025111649125805937, 'p_miss': 0.08335727826688567}. Best is trial 30 with value: 0.18610300694659931.
running
[I 2024-10-02 11:14:59,391] Trial 53 finished with value: 0.2665831614777868 and parameters: {'model_name': 'VAE', 'batch_size': 2, 'iterations': 220, 'learning_rate': 0.07642805441442173, 'p_miss': 0.12706131619340696}. Best is trial 30 with value: 0.18610300694659931.
running
[I 2024-10-02 11:15:29,265] Trial 56 finished with value: 0.2750881548335231 and parameters: {'model_name': 'VAE', 'batch_size': 2, 'iterations': 18, 'learning_rate': 0.0769894930131992, 'p_miss': 0.12757965416512806}. Best is trial 30 with value: 0.18610300694659931.
running
[I 2024-10-02 11:15:44,018] Trial 57 finished with value: 0.19158398600066212 and parameters: {'model_name': 'VAE', 'batch_size': 1, 'iterations': 12, 'learning_rate': 0.00031831639903004595, 'p_miss': 0.12243090649395418}. Best is trial 30 with value: 0.18610300694659931.
running
[I 2024-10-02 11:49:40,159] Trial 59 finished with value: inf and parameters: {'model_name': 'GAIN', 'batch_size': 4, 'hint_rate': 0.22383656937320484, 'alpha': 97, 'iterations': 6751, 'learning_rate': 0.0002949076098703304, 'p_miss': 0.07387049724321611}. Best is trial 30 with value: 0.18610300694659931.
running
[I 2024-10-02 11:55:03,427] Trial 60 finished with value: 0.20132326968149963 and parameters: {'model_name': 'VAE', 'batch_size': 1, 'iterations': 86, 'learning_rate': 0.0014039359262959011, 'p_miss': 0.19177986919134532}. Best is trial 30 with value: 0.18610300694659931.
running
[I 2024-10-02 11:58:59,455] Trial 61 finished with value: 0.1866454463184759 and parameters: {'model_name': 'VAE', 'batch_size': 3, 'iterations': 84, 'learning_rate': 0.0003479976333849747, 'p_miss': 0.0900427905055653}. Best is trial 30 with value: 0.18610300694659931.
running
[I 2024-10-02 11:59:00,698] Trial 62 finished with value: 0.20801334044930386 and parameters: {'model_name': 'SimpleImputer', 'strategy': 'median'}. Best is trial 30 with value: 0.18610300694659931.
running
[I 2024-10-02 12:04:22,136] Trial 39 finished with value: 0.22688351648573074 and parameters: {'model_name': 'VAE', 'batch_size': 658, 'iterations': 2281, 'learning_rate': 0.00011998995770578533, 'p_miss': 0.18014892172502514}. Best is trial 30 with value: 0.18610300694659931.
running
[I 2024-10-02 12:04:57,142] Trial 64 finished with value: inf and parameters: {'model_name': 'GAIN', 'batch_size': 3, 'hint_rate': 0.04474037195712127, 'alpha': 98, 'iterations': 101, 'learning_rate': 0.000311523659165051, 'p_miss': 0.049666813047220475}. Best is trial 30 with value: 0.18610300694659931.
running
[I 2024-10-02 12:05:34,986] Trial 63 finished with value: 0.1894714558692431 and parameters: {'model_name': 'VAE', 'batch_size': 3, 'iterations': 129, 'learning_rate': 0.0003385127078218221, 'p_miss': 0.04182138570480515}. Best is trial 30 with value: 0.18610300694659931.
running
[I 2024-10-02 12:07:30,494] Trial 66 finished with value: 0.1881431572532697 and parameters: {'model_name': 'VAE', 'batch_size': 1, 'iterations': 36, 'learning_rate': 0.0005432289497964269, 'p_miss': 0.09770217898404542}. Best is trial 30 with value: 0.18610300694659931.
running
[I 2024-10-02 12:11:23,009] Trial 65 finished with value: 0.19169530166125429 and parameters: {'model_name': 'VAE', 'batch_size': 7, 'iterations': 132, 'learning_rate': 0.00023222300345640095, 'p_miss': 0.08944483146781548}. Best is trial 30 with value: 0.18610300694659931.
running
[I 2024-10-02 12:12:32,889] Trial 41 finished with value: 0.22713725250138944 and parameters: {'model_name': 'VAE', 'batch_size': 375, 'iterations': 2681, 'learning_rate': 0.0002162174899084445, 'p_miss': 0.17330470883461785}. Best is trial 30 with value: 0.18610300694659931.
running
[I 2024-10-02 12:28:11,565] Trial 67 finished with value: 0.22468822811877648 and parameters: {'model_name': 'VAE', 'batch_size': 10, 'iterations': 366, 'learning_rate': 0.001327732127188682, 'p_miss': 0.08588315139523177}. Best is trial 30 with value: 0.18610300694659931.
running
[I 2024-10-02 12:28:12,526] Trial 70 finished with value: 0.21730855197847032 and parameters: {'model_name': 'SimpleImputer', 'strategy': 'mean'}. Best is trial 30 with value: 0.18610300694659931.
running
[I 2024-10-02 12:29:57,826] Trial 71 finished with value: 0.1895699996746933 and parameters: {'model_name': 'VAE', 'batch_size': 57, 'iterations': 36, 'learning_rate': 0.0005031083740318753, 'p_miss': 0.09738541812626489}. Best is trial 30 with value: 0.18610300694659931.
running
[I 2024-10-02 12:30:33,667] Trial 72 finished with value: 0.19216849402573158 and parameters: {'model_name': 'KNNImputer', 'n_neighbors': 580, 'weights': 'distance'}. Best is trial 30 with value: 0.18610300694659931.
running
[I 2024-10-02 12:31:05,958] Trial 68 finished with value: 0.2174558796796703 and parameters: {'model_name': 'VAE', 'batch_size': 2, 'iterations': 385, 'learning_rate': 0.0005027057083836936, 'p_miss': 0.09332507005507655}. Best is trial 30 with value: 0.18610300694659931.
running
[I 2024-10-02 12:31:19,982] Trial 74 finished with value: 0.1896479176014814 and parameters: {'model_name': 'VAE', 'batch_size': 3, 'iterations': 4, 'learning_rate': 0.00101031004214389, 'p_miss': 0.13486908176318396}. Best is trial 30 with value: 0.18610300694659931.
running
[I 2024-10-02 12:31:27,211] Trial 75 finished with value: inf and parameters: {'model_name': 'GAIN', 'batch_size': 1, 'hint_rate': 0.4539797493701814, 'alpha': 58, 'iterations': 20, 'learning_rate': 0.0019996343704242374, 'p_miss': 0.06570709464715416}. Best is trial 30 with value: 0.18610300694659931.
running
[I 2024-10-02 12:33:43,040] Trial 76 finished with value: 0.18952771860278247 and parameters: {'model_name': 'VAE', 'batch_size': 1, 'iterations': 41, 'learning_rate': 0.0006271293486795527, 'p_miss': 0.11141767205030755}. Best is trial 30 with value: 0.18610300694659931.
running
[I 2024-10-02 12:36:32,162] Trial 77 finished with value: 0.18759123558506616 and parameters: {'model_name': 'VAE', 'batch_size': 2, 'iterations': 54, 'learning_rate': 0.0010543178170098874, 'p_miss': 0.11231570475857718}. Best is trial 30 with value: 0.18610300694659931.
running
[I 2024-10-02 12:37:16,883] Trial 69 finished with value: 0.25966821703281984 and parameters: {'model_name': 'VAE', 'batch_size': 2, 'iterations': 512, 'learning_rate': 0.001308874748767257, 'p_miss': 0.09064656852125416}. Best is trial 30 with value: 0.18610300694659931.
running
[I 2024-10-02 12:38:51,276] Trial 14 finished with value: 0.26698756153803954 and parameters: {'model_name': 'VAE', 'batch_size': 1, 'iterations': 3380, 'learning_rate': 0.012172072029682932, 'p_miss': 0.18168022478956578}. Best is trial 30 with value: 0.18610300694659931.
running
[I 2024-10-02 12:39:06,796] Trial 78 finished with value: 0.19316832163791436 and parameters: {'model_name': 'VAE', 'batch_size': 2, 'iterations': 49, 'learning_rate': 0.0010806363412504418, 'p_miss': 0.13721073157366898}. Best is trial 30 with value: 0.18610300694659931.
running
[I 2024-10-02 12:39:57,528] Trial 79 finished with value: 0.1886142026823862 and parameters: {'model_name': 'VAE', 'batch_size': 2, 'iterations': 48, 'learning_rate': 0.00046419224217012146, 'p_miss': 0.14299449863333946}. Best is trial 30 with value: 0.18610300694659931.
running
[I 2024-10-02 12:39:58,852] Trial 82 finished with value: 0.20801334044930386 and parameters: {'model_name': 'SimpleImputer', 'strategy': 'median'}. Best is trial 30 with value: 0.18610300694659931.
running
[I 2024-10-02 12:40:32,734] Trial 81 finished with value: 0.19040643580408587 and parameters: {'model_name': 'VAE', 'batch_size': 3, 'iterations': 28, 'learning_rate': 0.0005187148265520591, 'p_miss': 0.11283128876752764}. Best is trial 30 with value: 0.18610300694659931.
running
[I 2024-10-02 12:41:24,388] Trial 80 finished with value: 0.23386898971684097 and parameters: {'model_name': 'VAE', 'batch_size': 2, 'iterations': 49, 'learning_rate': 0.004684645907801133, 'p_miss': 0.14654836944804128}. Best is trial 30 with value: 0.18610300694659931.
running
[I 2024-10-02 12:42:01,250] Trial 84 finished with value: 0.20726865347571533 and parameters: {'model_name': 'IterativeImputer', 'estimator': 'KNN', 'initial_strategy': 'mean', 'n_nearest_features': 9, 'imputation_order': 'descending'}. Best is trial 30 with value: 0.18610300694659931.
running
[I 2024-10-02 12:42:30,068] Trial 35 finished with value: 0.26282177281614405 and parameters: {'model_name': 'VAE', 'batch_size': 1, 'iterations': 3763, 'learning_rate': 0.00011051892982049142, 'p_miss': 0.14815222761841612}. Best is trial 30 with value: 0.18610300694659931.
running
[I 2024-10-02 12:42:48,709] Trial 85 finished with value: 0.20726865347571533 and parameters: {'model_name': 'IterativeImputer', 'estimator': 'KNN', 'initial_strategy': 'mean', 'n_nearest_features': 9, 'imputation_order': 'descending'}. Best is trial 30 with value: 0.18610300694659931.
running
[I 2024-10-02 12:45:39,975] Trial 49 finished with value: 0.2728263473415467 and parameters: {'model_name': 'VAE', 'batch_size': 2, 'iterations': 2604, 'learning_rate': 0.0023553886727914787, 'p_miss': 0.12941164166760774}. Best is trial 30 with value: 0.18610300694659931.
running
[I 2024-10-02 12:49:46,051] Trial 83 finished with value: 0.2375205343229077 and parameters: {'model_name': 'VAE', 'batch_size': 6, 'iterations': 164, 'learning_rate': 0.00185037223978219, 'p_miss': 0.11556665663994713}. Best is trial 30 with value: 0.18610300694659931.
running
[I 2024-10-02 12:51:28,999] Trial 87 finished with value: 0.20135743647708262 and parameters: {'model_name': 'VAE', 'batch_size': 1, 'iterations': 154, 'learning_rate': 0.0008308251140077691, 'p_miss': 0.11713167165032233}. Best is trial 30 with value: 0.18610300694659931.
running
[I 2024-10-02 12:53:16,950] Trial 86 finished with value: 0.206093667792218 and parameters: {'model_name': 'VAE', 'batch_size': 1, 'iterations': 169, 'learning_rate': 0.0008879032548766896, 'p_miss': 0.1182700191706163}. Best is trial 30 with value: 0.18610300694659931.
running
[I 2024-10-02 12:53:46,047] Trial 88 finished with value: 0.20102334471425226 and parameters: {'model_name': 'VAE', 'batch_size': 1, 'iterations': 167, 'learning_rate': 0.0008210788951795496, 'p_miss': 0.1175770833046104}. Best is trial 30 with value: 0.18610300694659931.
running
[I 2024-10-02 12:53:47,219] Trial 90 finished with value: 0.18821533956934475 and parameters: {'model_name': 'VAE', 'batch_size': 1, 'iterations': 71, 'learning_rate': 0.0008005322236556848, 'p_miss': 0.0759448742937338}. Best is trial 30 with value: 0.18610300694659931.
running
[I 2024-10-02 12:54:33,184] Trial 94 finished with value: 0.21275441860495695 and parameters: {'model_name': 'KNNImputer', 'n_neighbors': 20363, 'weights': 'uniform'}. Best is trial 30 with value: 0.18610300694659931.
running
[I 2024-10-02 12:55:24,590] Trial 91 finished with value: 0.19335070012582573 and parameters: {'model_name': 'VAE', 'batch_size': 19, 'iterations': 85, 'learning_rate': 0.0006309556807926514, 'p_miss': 0.10205433424431617}. Best is trial 30 with value: 0.18610300694659931.
running
[I 2024-10-02 12:56:23,330] Trial 73 finished with value: 0.22323239660619584 and parameters: {'model_name': 'VAE', 'batch_size': 2, 'iterations': 541, 'learning_rate': 0.00048428179653667406, 'p_miss': 0.13879257498458358}. Best is trial 30 with value: 0.18610300694659931.
running
[I 2024-10-02 12:56:35,406] Trial 89 finished with value: 0.19793934474372918 and parameters: {'model_name': 'VAE', 'batch_size': 1, 'iterations': 176, 'learning_rate': 0.0007840531723327568, 'p_miss': 0.11714824973994838}. Best is trial 30 with value: 0.18610300694659931.
running
[I 2024-10-02 12:57:53,041] Trial 92 finished with value: 0.19020676004606504 and parameters: {'model_name': 'VAE', 'batch_size': 4, 'iterations': 77, 'learning_rate': 0.0006749066097117109, 'p_miss': 0.10398752585444189}. Best is trial 30 with value: 0.18610300694659931.
running
[I 2024-10-02 12:58:14,815] Trial 93 finished with value: 0.19164591229727362 and parameters: {'model_name': 'VAE', 'batch_size': 23, 'iterations': 72, 'learning_rate': 0.0006313804975672669, 'p_miss': 0.07322442679840194}. Best is trial 30 with value: 0.18610300694659931.
running
[I 2024-10-02 12:58:26,887] Trial 95 finished with value: 0.23340013172030663 and parameters: {'model_name': 'VAE', 'batch_size': 4, 'iterations': 78, 'learning_rate': 0.0040671095454143085, 'p_miss': 0.102274022910074}. Best is trial 30 with value: 0.18610300694659931.
running
[I 2024-10-02 12:59:01,844] Trial 96 finished with value: 0.18843055320862634 and parameters: {'model_name': 'VAE', 'batch_size': 38, 'iterations': 60, 'learning_rate': 0.0003934906895042239, 'p_miss': 0.1035899119264034}. Best is trial 30 with value: 0.18610300694659931.
running
[I 2024-10-02 12:59:03,489] Trial 97 finished with value: 0.19011005394436792 and parameters: {'model_name': 'VAE', 'batch_size': 55, 'iterations': 56, 'learning_rate': 0.0003676301060437544, 'p_miss': 0.06865030892819345}. Best is trial 30 with value: 0.18610300694659931.
running
[I 2024-10-02 12:59:14,015] Trial 103 finished with value: inf and parameters: {'model_name': 'GAIN', 'batch_size': 1, 'hint_rate': 0.5945395757924486, 'alpha': 30, 'iterations': 28, 'learning_rate': 0.0010842213688612506, 'p_miss': 0.08078316843889104}. Best is trial 30 with value: 0.18610300694659931.
running
[I 2024-10-02 12:59:58,164] Trial 98 finished with value: 0.18586272947766067 and parameters: {'model_name': 'VAE', 'batch_size': 4, 'iterations': 70, 'learning_rate': 0.00041511745457919005, 'p_miss': 0.07686570761096101}. Best is trial 98 with value: 0.18586272947766067.
running
[I 2024-10-02 12:59:59,078] Trial 101 finished with value: 0.19165873206598047 and parameters: {'model_name': 'VAE', 'batch_size': 70, 'iterations': 27, 'learning_rate': 0.00039003102119482285, 'p_miss': 0.08289748691032492}. Best is trial 98 with value: 0.18586272947766067.
running
[I 2024-10-02 13:00:20,483] Trial 104 finished with value: 0.18632466796642508 and parameters: {'model_name': 'VAE', 'batch_size': 3, 'iterations': 20, 'learning_rate': 0.001730559571946309, 'p_miss': 0.0811601088212029}. Best is trial 98 with value: 0.18586272947766067.
running
[I 2024-10-02 13:00:47,413] Trial 106 finished with value: 0.19106904019828636 and parameters: {'model_name': 'VAE', 'batch_size': 3, 'iterations': 14, 'learning_rate': 0.00026364716493747307, 'p_miss': 0.05623746282693096}. Best is trial 98 with value: 0.18586272947766067.
running
[I 2024-10-02 13:00:55,176] Trial 102 finished with value: 0.19180504631653958 and parameters: {'model_name': 'VAE', 'batch_size': 1, 'iterations': 29, 'learning_rate': 0.0011825071482207484, 'p_miss': 0.07731385742881491}. Best is trial 98 with value: 0.18586272947766067.
running
[I 2024-10-02 13:01:12,138] Trial 107 finished with value: 0.19423360951699378 and parameters: {'model_name': 'VAE', 'batch_size': 3, 'iterations': 14, 'learning_rate': 0.0018423836318093027, 'p_miss': 0.05729641160841559}. Best is trial 98 with value: 0.18586272947766067.
running
[I 2024-10-02 13:01:12,850] Trial 110 finished with value: 0.47666433054721563 and parameters: {'model_name': 'SimpleImputer', 'strategy': 'constant'}. Best is trial 98 with value: 0.18586272947766067.
running
[I 2024-10-02 13:01:26,232] Trial 99 finished with value: 0.1901964476843992 and parameters: {'model_name': 'VAE', 'batch_size': 59, 'iterations': 62, 'learning_rate': 0.0003817264106818697, 'p_miss': 0.07560899476662768}. Best is trial 98 with value: 0.18586272947766067.
running
[I 2024-10-02 13:06:48,238] Trial 111 finished with value: 0.18760554119938594 and parameters: {'model_name': 'VAE', 'batch_size': 5, 'iterations': 101, 'learning_rate': 0.00017948297896664813, 'p_miss': 0.06485745564907924}. Best is trial 98 with value: 0.18586272947766067.
running
[I 2024-10-02 13:06:58,388] Trial 109 finished with value: 0.2188826282893456 and parameters: {'model_name': 'VAE', 'batch_size': 10, 'iterations': 105, 'learning_rate': 0.0017340396692318214, 'p_miss': 0.0632044706906035}. Best is trial 98 with value: 0.18586272947766067.
running
[I 2024-10-02 13:07:34,306] Trial 108 finished with value: 0.22465953279889414 and parameters: {'model_name': 'VAE', 'batch_size': 10, 'iterations': 113, 'learning_rate': 0.0015586230528401206, 'p_miss': 0.06025324497616426}. Best is trial 98 with value: 0.18586272947766067.
running
[I 2024-10-02 13:07:47,037] Trial 114 finished with value: 0.20770881990891424 and parameters: {'model_name': 'KNNImputer', 'n_neighbors': 11470, 'weights': 'distance'}. Best is trial 98 with value: 0.18586272947766067.
running
[I 2024-10-02 13:08:23,821] Trial 115 finished with value: 0.20832882056611254 and parameters: {'model_name': 'KNNImputer', 'n_neighbors': 12778, 'weights': 'distance'}. Best is trial 98 with value: 0.18586272947766067.
running
[I 2024-10-02 13:10:06,214] Trial 116 finished with value: 0.1894147268425462 and parameters: {'model_name': 'VAE', 'batch_size': 6, 'iterations': 38, 'learning_rate': 0.000144769071186572, 'p_miss': 0.09321679467261647}. Best is trial 98 with value: 0.18586272947766067.
running
[I 2024-10-02 13:10:15,916] Trial 117 finished with value: 0.1890079711963117 and parameters: {'model_name': 'VAE', 'batch_size': 5, 'iterations': 39, 'learning_rate': 0.0001701006671357212, 'p_miss': 0.0399150683003548}. Best is trial 98 with value: 0.18586272947766067.
running
[I 2024-10-02 13:11:57,416] Trial 113 finished with value: 0.18859219164257077 and parameters: {'model_name': 'VAE', 'batch_size': 11, 'iterations': 101, 'learning_rate': 0.00017367359838406225, 'p_miss': 0.04381680635697275}. Best is trial 98 with value: 0.18586272947766067.
running
[I 2024-10-02 13:27:07,566] Trial 118 finished with value: 0.19202128614676858 and parameters: {'model_name': 'VAE', 'batch_size': 5, 'iterations': 269, 'learning_rate': 0.00019180841229104377, 'p_miss': 0.04935518620406335}. Best is trial 98 with value: 0.18586272947766067.
running
[I 2024-10-02 13:28:05,288] Trial 121 finished with value: 0.1912159042797786 and parameters: {'model_name': 'VAE', 'batch_size': 4, 'iterations': 18, 'learning_rate': 0.00025450365931758875, 'p_miss': 0.027958925335540404}. Best is trial 98 with value: 0.18586272947766067.
running
[I 2024-10-02 13:28:44,263] Trial 122 finished with value: 0.1875026340461412 and parameters: {'model_name': 'VAE', 'batch_size': 3, 'iterations': 10, 'learning_rate': 0.0005627315915633158, 'p_miss': 0.09604229039204423}. Best is trial 98 with value: 0.18586272947766067.
running
[I 2024-10-02 13:29:36,272] Trial 123 finished with value: 0.21461242067462583 and parameters: {'model_name': 'IterativeImputer', 'estimator': 'KNN', 'initial_strategy': 'median', 'n_nearest_features': 4, 'imputation_order': 'roman'}. Best is trial 98 with value: 0.18586272947766067.
running
