Run: 11
/cm/local/apps/slurm/var/spool/job1061391/slurm_script: line 27: 
pip install -e tpot2
pip install -r tpot2/ImputerExperiments/requirements_.txt
: No such file or directory
RunStart
Version 0.1.7a0 of tpot2 is outdated. Version 0.1.8a0 was released Tuesday September 17, 2024.
starting loops
../data/c/40498/40498.pkl
working on 
../data/c/40498/class_full_MNAR_0.3_1
0.21210432052612305
running experiment 1/3 - Does large hyperparameter space improve reconstruction accuracy over simple
[I 2024-11-16 19:53:33,877] A new study created in memory with name: no-name-2ec1ff02-42dd-412e-8ec6-3ca6ff5fb4a0
running
running
running
running
running
running
running
running
running
running
running
running
running
running
running
running
[I 2024-11-16 19:53:34,077] Trial 3 finished with value: 0.13103139448985068 and parameters: {'model_name': 'SimpleImputer', 'strategy': 'mean'}. Best is trial 3 with value: 0.13103139448985068.
running
[I 2024-11-16 19:53:34,392] Trial 4 finished with value: 0.13119115273829027 and parameters: {'model_name': 'SimpleImputer', 'strategy': 'median'}. Best is trial 3 with value: 0.13103139448985068.
running
[I 2024-11-16 19:53:34,519] Trial 1 finished with value: 0.13119115273829027 and parameters: {'model_name': 'SimpleImputer', 'strategy': 'median'}. Best is trial 3 with value: 0.13103139448985068.
running
[I 2024-11-16 19:53:34,845] Trial 18 finished with value: 0.13103139448985068 and parameters: {'model_name': 'SimpleImputer', 'strategy': 'mean'}. Best is trial 3 with value: 0.13103139448985068.
[I 2024-11-16 19:53:34,945] Trial 9 finished with value: 0.2668378192498916 and parameters: {'model_name': 'SimpleImputer', 'strategy': 'most_frequent'}. Best is trial 3 with value: 0.13103139448985068.
running
running
[I 2024-11-16 19:53:37,136] Trial 7 finished with value: 0.12885630425783004 and parameters: {'model_name': 'KNNImputer', 'n_neighbors': 3512, 'weights': 'distance'}. Best is trial 7 with value: 0.12885630425783004.
running
[I 2024-11-16 19:53:37,422] Trial 2 finished with value: 0.12885630425783004 and parameters: {'model_name': 'KNNImputer', 'n_neighbors': 3811, 'weights': 'distance'}. Best is trial 7 with value: 0.12885630425783004.
running
[I 2024-11-16 19:53:37,839] Trial 5 finished with value: 0.12799252143423726 and parameters: {'model_name': 'KNNImputer', 'n_neighbors': 2213, 'weights': 'uniform'}. Best is trial 5 with value: 0.12799252143423726.
running
[I 2024-11-16 19:53:38,064] Trial 17 finished with value: 0.12013274526667908 and parameters: {'model_name': 'KNNImputer', 'n_neighbors': 295, 'weights': 'distance'}. Best is trial 17 with value: 0.12013274526667908.
running
[I 2024-11-16 19:53:38,276] Trial 19 finished with value: 0.1294907322464624 and parameters: {'model_name': 'KNNImputer', 'n_neighbors': 2631, 'weights': 'uniform'}. Best is trial 17 with value: 0.12013274526667908.
running
[I 2024-11-16 19:53:38,404] Trial 22 finished with value: 0.2668378192498916 and parameters: {'model_name': 'SimpleImputer', 'strategy': 'most_frequent'}. Best is trial 17 with value: 0.12013274526667908.
running
[I 2024-11-16 19:53:42,059] Trial 8 finished with value: 0.1201502000293226 and parameters: {'model_name': 'IterativeImputer', 'estimator': 'Ridge', 'initial_strategy': 'most_frequent', 'n_nearest_features': 10, 'imputation_order': 'random'}. Best is trial 17 with value: 0.12013274526667908.
running
[I 2024-11-16 19:53:42,725] Trial 15 finished with value: 0.1253573482785045 and parameters: {'model_name': 'IterativeImputer', 'estimator': 'Ridge', 'initial_strategy': 'median', 'n_nearest_features': 3, 'imputation_order': 'roman'}. Best is trial 17 with value: 0.12013274526667908.
[I 2024-11-16 19:53:42,853] Trial 12 finished with value: 0.12905969778041892 and parameters: {'model_name': 'IterativeImputer', 'estimator': 'Bayesian', 'initial_strategy': 'median', 'n_nearest_features': 1, 'imputation_order': 'arabic', 'sample_posterior': False}. Best is trial 17 with value: 0.12013274526667908.
running
running
[I 2024-11-16 19:53:44,898] Trial 23 finished with value: inf and parameters: {'model_name': 'GAIN', 'batch_size': 3, 'hint_rate': 0.7807816379244549, 'alpha': 95, 'iterations': 14, 'learning_rate': 0.0003053246792312283, 'p_miss': 0.06254713129661545}. Best is trial 17 with value: 0.12013274526667908.
running
[I 2024-11-16 19:53:46,841] Trial 24 finished with value: 0.25945711732505444 and parameters: {'model_name': 'GAIN', 'batch_size': 5, 'hint_rate': 0.4901497359679368, 'alpha': 84, 'iterations': 4, 'learning_rate': 0.0003534731755071839, 'p_miss': 0.12370983530545045}. Best is trial 17 with value: 0.12013274526667908.
running
[I 2024-11-16 19:53:49,532] Trial 28 finished with value: 0.24198017069361924 and parameters: {'model_name': 'VAE', 'batch_size': 23, 'iterations': 5, 'learning_rate': 0.0003410815003338405, 'p_miss': 0.17626392775367902}. Best is trial 17 with value: 0.12013274526667908.
running
[I 2024-11-16 19:53:50,415] Trial 16 finished with value: 0.25690635285272906 and parameters: {'model_name': 'GAIN', 'batch_size': 271, 'hint_rate': 0.36251100507740375, 'alpha': 23, 'iterations': 6, 'learning_rate': 0.0002464762657470001, 'p_miss': 0.09533311540080601}. Best is trial 17 with value: 0.12013274526667908.
running
[I 2024-11-16 19:53:54,257] Trial 27 finished with value: 0.12014986756486809 and parameters: {'model_name': 'IterativeImputer', 'estimator': 'Ridge', 'initial_strategy': 'most_frequent', 'n_nearest_features': 11, 'imputation_order': 'random'}. Best is trial 17 with value: 0.12013274526667908.
running
[I 2024-11-16 19:53:55,153] Trial 29 finished with value: 0.2500237511128074 and parameters: {'model_name': 'GAIN', 'batch_size': 4, 'hint_rate': 0.7831341143618665, 'alpha': 20, 'iterations': 18, 'learning_rate': 0.005524915982376334, 'p_miss': 0.200893794355158}. Best is trial 17 with value: 0.12013274526667908.
running
[I 2024-11-16 19:53:55,356] Trial 14 finished with value: 0.18092354424517038 and parameters: {'model_name': 'IterativeImputer', 'estimator': 'Bayesian', 'initial_strategy': 'mean', 'n_nearest_features': 1, 'imputation_order': 'ascending', 'sample_posterior': True}. Best is trial 17 with value: 0.12013274526667908.
running
[I 2024-11-16 19:54:02,150] Trial 32 finished with value: 0.12014986756486809 and parameters: {'model_name': 'IterativeImputer', 'estimator': 'Ridge', 'initial_strategy': 'most_frequent', 'n_nearest_features': 11, 'imputation_order': 'random'}. Best is trial 17 with value: 0.12013274526667908.
running
[I 2024-11-16 19:54:03,826] Trial 33 finished with value: 0.12014986756486809 and parameters: {'model_name': 'IterativeImputer', 'estimator': 'Ridge', 'initial_strategy': 'most_frequent', 'n_nearest_features': 11, 'imputation_order': 'random'}. Best is trial 17 with value: 0.12013274526667908.
running
[I 2024-11-16 19:54:07,525] Trial 36 finished with value: 0.12014986756486809 and parameters: {'model_name': 'IterativeImputer', 'estimator': 'Ridge', 'initial_strategy': 'most_frequent', 'n_nearest_features': 11, 'imputation_order': 'random'}. Best is trial 17 with value: 0.12013274526667908.
running
[I 2024-11-16 19:54:14,429] Trial 37 finished with value: 0.12014986756486809 and parameters: {'model_name': 'IterativeImputer', 'estimator': 'Ridge', 'initial_strategy': 'most_frequent', 'n_nearest_features': 11, 'imputation_order': 'random'}. Best is trial 17 with value: 0.12013274526667908.
running
[I 2024-11-16 19:54:24,064] Trial 21 finished with value: 0.1282485568261646 and parameters: {'model_name': 'IterativeImputer', 'estimator': 'KNN', 'initial_strategy': 'mean', 'n_nearest_features': 10, 'imputation_order': 'arabic'}. Best is trial 17 with value: 0.12013274526667908.
running
[I 2024-11-16 19:54:39,084] Trial 25 finished with value: 0.20717920880458393 and parameters: {'model_name': 'VAE', 'batch_size': 4, 'iterations': 55, 'learning_rate': 0.0009150280566056978, 'p_miss': 0.08244658029436805}. Best is trial 17 with value: 0.12013274526667908.
running
[I 2024-11-16 19:54:42,566] Trial 42 finished with value: 0.11777619889430038 and parameters: {'model_name': 'KNNImputer', 'n_neighbors': 72, 'weights': 'distance'}. Best is trial 42 with value: 0.11777619889430038.
running
[I 2024-11-16 19:54:45,833] Trial 43 finished with value: 0.1185820813750847 and parameters: {'model_name': 'KNNImputer', 'n_neighbors': 127, 'weights': 'distance'}. Best is trial 42 with value: 0.11777619889430038.
running
[I 2024-11-16 19:54:48,381] Trial 20 finished with value: 0.1817149983853509 and parameters: {'model_name': 'IterativeImputer', 'estimator': 'Bayesian', 'initial_strategy': 'constant', 'n_nearest_features': 8, 'imputation_order': 'descending', 'sample_posterior': True}. Best is trial 42 with value: 0.11777619889430038.
running
[I 2024-11-16 19:54:48,652] Trial 44 finished with value: 0.16884059542635815 and parameters: {'model_name': 'KNNImputer', 'n_neighbors': 1, 'weights': 'distance'}. Best is trial 42 with value: 0.11777619889430038.
running
[I 2024-11-16 19:54:51,797] Trial 45 finished with value: 0.12812914895924093 and parameters: {'model_name': 'KNNImputer', 'n_neighbors': 4, 'weights': 'distance'}. Best is trial 42 with value: 0.11777619889430038.
running
[I 2024-11-16 19:54:53,380] Trial 46 finished with value: 0.1192812599329637 and parameters: {'model_name': 'KNNImputer', 'n_neighbors': 187, 'weights': 'distance'}. Best is trial 42 with value: 0.11777619889430038.
running
[I 2024-11-16 19:54:57,769] Trial 47 finished with value: 0.12298629156330136 and parameters: {'model_name': 'KNNImputer', 'n_neighbors': 935, 'weights': 'distance'}. Best is trial 42 with value: 0.11777619889430038.
running
[I 2024-11-16 19:54:59,226] Trial 48 finished with value: 0.12227593336373761 and parameters: {'model_name': 'KNNImputer', 'n_neighbors': 732, 'weights': 'distance'}. Best is trial 42 with value: 0.11777619889430038.
running
[I 2024-11-16 19:55:02,556] Trial 49 finished with value: 0.1224085621963997 and parameters: {'model_name': 'KNNImputer', 'n_neighbors': 765, 'weights': 'distance'}. Best is trial 42 with value: 0.11777619889430038.
running
[I 2024-11-16 19:55:04,414] Trial 50 finished with value: 0.12225279772367736 and parameters: {'model_name': 'KNNImputer', 'n_neighbors': 729, 'weights': 'distance'}. Best is trial 42 with value: 0.11777619889430038.
running
[I 2024-11-16 19:55:07,033] Trial 51 finished with value: 0.12046344245590582 and parameters: {'model_name': 'KNNImputer', 'n_neighbors': 357, 'weights': 'distance'}. Best is trial 42 with value: 0.11777619889430038.
running
[I 2024-11-16 19:55:08,490] Trial 52 finished with value: 0.1177605705673254 and parameters: {'model_name': 'KNNImputer', 'n_neighbors': 65, 'weights': 'distance'}. Best is trial 52 with value: 0.1177605705673254.
running
[I 2024-11-16 19:55:13,325] Trial 53 finished with value: 0.12418441541276934 and parameters: {'model_name': 'KNNImputer', 'n_neighbors': 1325, 'weights': 'distance'}. Best is trial 52 with value: 0.1177605705673254.
running
[I 2024-11-16 19:55:14,963] Trial 54 finished with value: 0.12415255686372276 and parameters: {'model_name': 'KNNImputer', 'n_neighbors': 1310, 'weights': 'distance'}. Best is trial 52 with value: 0.1177605705673254.
running
[I 2024-11-16 19:55:18,364] Trial 55 finished with value: 0.12032408082626092 and parameters: {'model_name': 'KNNImputer', 'n_neighbors': 326, 'weights': 'distance'}. Best is trial 52 with value: 0.1177605705673254.
running
[I 2024-11-16 19:55:19,139] Trial 56 finished with value: 0.11959208383786904 and parameters: {'model_name': 'KNNImputer', 'n_neighbors': 230, 'weights': 'distance'}. Best is trial 52 with value: 0.1177605705673254.
running
[I 2024-11-16 19:55:22,428] Trial 58 finished with value: 0.11789016606413785 and parameters: {'model_name': 'KNNImputer', 'n_neighbors': 28, 'weights': 'distance'}. Best is trial 52 with value: 0.1177605705673254.
running
[I 2024-11-16 19:55:22,996] Trial 57 finished with value: 0.1200718691774511 and parameters: {'model_name': 'KNNImputer', 'n_neighbors': 284, 'weights': 'distance'}. Best is trial 52 with value: 0.1177605705673254.
running
[I 2024-11-16 19:55:26,643] Trial 59 finished with value: 0.11807206810385999 and parameters: {'model_name': 'KNNImputer', 'n_neighbors': 68, 'weights': 'uniform'}. Best is trial 52 with value: 0.1177605705673254.
running
[I 2024-11-16 20:02:42,665] Trial 13 finished with value: 0.13519808269196737 and parameters: {'model_name': 'VAE', 'batch_size': 108, 'iterations': 187, 'learning_rate': 0.07096515793681518, 'p_miss': 0.2192166712716282}. Best is trial 52 with value: 0.1177605705673254.
running
[I 2024-11-16 20:02:46,847] Trial 62 finished with value: 0.12186018657791413 and parameters: {'model_name': 'KNNImputer', 'n_neighbors': 516, 'weights': 'uniform'}. Best is trial 52 with value: 0.1177605705673254.
running
[I 2024-11-16 20:02:49,814] Trial 63 finished with value: 0.12135760749457788 and parameters: {'model_name': 'KNNImputer', 'n_neighbors': 11, 'weights': 'uniform'}. Best is trial 52 with value: 0.1177605705673254.
running
[I 2024-11-16 20:12:45,562] Trial 26 finished with value: 0.12882699682092374 and parameters: {'model_name': 'IterativeImputer', 'estimator': 'RFR', 'initial_strategy': 'most_frequent', 'n_nearest_features': 1, 'imputation_order': 'roman'}. Best is trial 52 with value: 0.1177605705673254.
running
[I 2024-11-16 20:12:46,028] Trial 65 finished with value: 0.2668378192498916 and parameters: {'model_name': 'SimpleImputer', 'strategy': 'constant'}. Best is trial 52 with value: 0.1177605705673254.
running
[I 2024-11-16 20:12:49,271] Trial 66 finished with value: 0.11827926551847519 and parameters: {'model_name': 'KNNImputer', 'n_neighbors': 75, 'weights': 'uniform'}. Best is trial 52 with value: 0.1177605705673254.
running
[I 2024-11-16 20:12:53,625] Trial 67 finished with value: 0.1218201514414877 and parameters: {'model_name': 'KNNImputer', 'n_neighbors': 503, 'weights': 'uniform'}. Best is trial 52 with value: 0.1177605705673254.
running
[I 2024-11-16 20:12:56,847] Trial 68 finished with value: 0.12135760749457788 and parameters: {'model_name': 'KNNImputer', 'n_neighbors': 11, 'weights': 'uniform'}. Best is trial 52 with value: 0.1177605705673254.
running
[I 2024-11-16 20:13:01,246] Trial 69 finished with value: 0.12200047744123363 and parameters: {'model_name': 'KNNImputer', 'n_neighbors': 533, 'weights': 'uniform'}. Best is trial 52 with value: 0.1177605705673254.
running
[I 2024-11-16 20:18:02,294] Trial 0 finished with value: 0.13339994821848963 and parameters: {'model_name': 'IterativeImputer', 'estimator': 'RFR', 'initial_strategy': 'mean', 'n_nearest_features': 2, 'imputation_order': 'arabic'}. Best is trial 52 with value: 0.1177605705673254.
running
[I 2024-11-16 20:23:54,459] Trial 11 finished with value: 0.13598499972424072 and parameters: {'model_name': 'VAE', 'batch_size': 443, 'iterations': 446, 'learning_rate': 0.005485756090509358, 'p_miss': 0.1178849471063334}. Best is trial 52 with value: 0.1177605705673254.
running
[I 2024-11-16 20:23:58,634] Trial 72 finished with value: 0.12452107224352946 and parameters: {'model_name': 'KNNImputer', 'n_neighbors': 1157, 'weights': 'uniform'}. Best is trial 52 with value: 0.1177605705673254.
running
[I 2024-11-16 20:24:00,996] Trial 73 finished with value: 0.12343328924741201 and parameters: {'model_name': 'KNNImputer', 'n_neighbors': 6, 'weights': 'uniform'}. Best is trial 52 with value: 0.1177605705673254.
running
[I 2024-11-16 20:43:25,240] Trial 6 finished with value: 0.13995809792119424 and parameters: {'model_name': 'VAE', 'batch_size': 5, 'iterations': 1044, 'learning_rate': 0.048535182066536654, 'p_miss': 0.14118788737025625}. Best is trial 52 with value: 0.1177605705673254.
running
[I 2024-11-16 20:43:29,100] Trial 75 finished with value: 0.12171708015676737 and parameters: {'model_name': 'KNNImputer', 'n_neighbors': 478, 'weights': 'uniform'}. Best is trial 52 with value: 0.1177605705673254.
running
[I 2024-11-16 20:43:33,164] Trial 76 finished with value: 0.11947790858983984 and parameters: {'model_name': 'KNNImputer', 'n_neighbors': 211, 'weights': 'distance'}. Best is trial 52 with value: 0.1177605705673254.
running
[I 2024-11-16 20:43:37,093] Trial 77 finished with value: 0.11961871413322396 and parameters: {'model_name': 'KNNImputer', 'n_neighbors': 235, 'weights': 'distance'}. Best is trial 52 with value: 0.1177605705673254.
running
[I 2024-11-16 20:43:40,600] Trial 78 finished with value: 0.11939379557899747 and parameters: {'model_name': 'KNNImputer', 'n_neighbors': 204, 'weights': 'distance'}. Best is trial 52 with value: 0.1177605705673254.
running
[I 2024-11-16 20:43:44,777] Trial 79 finished with value: 0.12154098641643891 and parameters: {'model_name': 'KNNImputer', 'n_neighbors': 574, 'weights': 'distance'}. Best is trial 52 with value: 0.1177605705673254.
running
[I 2024-11-17 00:49:43,579] Trial 10 finished with value: 0.17521248579163073 and parameters: {'model_name': 'VAE', 'batch_size': 1, 'iterations': 5124, 'learning_rate': 0.0007550779150130282, 'p_miss': 0.12895637632320098}. Best is trial 52 with value: 0.1177605705673254.
running
[I 2024-11-17 00:49:43,949] Trial 81 finished with value: 0.2668378192498916 and parameters: {'model_name': 'SimpleImputer', 'strategy': 'constant'}. Best is trial 52 with value: 0.1177605705673254.
running
[I 2024-11-17 00:49:48,748] Trial 82 finished with value: 0.23958452183875587 and parameters: {'model_name': 'GAIN', 'batch_size': 46, 'hint_rate': 0.045380353257260364, 'alpha': 55, 'iterations': 1, 'learning_rate': 0.02081478082448731, 'p_miss': 0.290336347271412}. Best is trial 52 with value: 0.1177605705673254.
running
[I 2024-11-17 01:46:00,818] Trial 39 finished with value: 0.13642275460585832 and parameters: {'model_name': 'VAE', 'batch_size': 414, 'iterations': 5294, 'learning_rate': 0.09117478051846505, 'p_miss': 0.2797876464177959}. Best is trial 52 with value: 0.1177605705673254.
running
[I 2024-11-17 01:46:07,068] Trial 84 finished with value: 0.12527449869926266 and parameters: {'model_name': 'KNNImputer', 'n_neighbors': 1726, 'weights': 'distance'}. Best is trial 52 with value: 0.1177605705673254.
running
[I 2024-11-17 01:46:14,582] Trial 85 finished with value: 0.12874578003843135 and parameters: {'model_name': 'KNNImputer', 'n_neighbors': 2938, 'weights': 'distance'}. Best is trial 52 with value: 0.1177605705673254.
running
[I 2024-11-17 01:46:18,683] Trial 86 finished with value: 0.11885993320708402 and parameters: {'model_name': 'KNNImputer', 'n_neighbors': 156, 'weights': 'distance'}. Best is trial 52 with value: 0.1177605705673254.
running
[I 2024-11-17 01:46:22,465] Trial 87 finished with value: 0.11925952721613435 and parameters: {'model_name': 'KNNImputer', 'n_neighbors': 180, 'weights': 'distance'}. Best is trial 52 with value: 0.1177605705673254.
running
[I 2024-11-17 01:46:26,393] Trial 88 finished with value: 0.1187752322917213 and parameters: {'model_name': 'KNNImputer', 'n_neighbors': 146, 'weights': 'distance'}. Best is trial 52 with value: 0.1177605705673254.
running
[I 2024-11-17 01:46:28,987] Trial 89 finished with value: 0.13407463170887632 and parameters: {'model_name': 'KNNImputer', 'n_neighbors': 3, 'weights': 'uniform'}. Best is trial 52 with value: 0.1177605705673254.
running
[I 2024-11-17 01:46:35,438] Trial 90 finished with value: 0.12885630425783004 and parameters: {'model_name': 'KNNImputer', 'n_neighbors': 3842, 'weights': 'distance'}. Best is trial 52 with value: 0.1177605705673254.
running
[I 2024-11-17 01:46:45,238] Trial 91 finished with value: 0.2305606627704476 and parameters: {'model_name': 'VAE', 'batch_size': 952, 'iterations': 1, 'learning_rate': 0.016844095986444468, 'p_miss': 0.017379493334320206}. Best is trial 52 with value: 0.1177605705673254.
running
[I 2024-11-17 01:52:16,044] Trial 92 finished with value: inf and parameters: {'model_name': 'GAIN', 'batch_size': 1, 'hint_rate': 0.9651766429812896, 'alpha': 0, 'iterations': 966, 'learning_rate': 0.0019104209478482785, 'p_miss': 0.23917626423585753}. Best is trial 52 with value: 0.1177605705673254.
running
[I 2024-11-17 01:52:20,323] Trial 93 finished with value: 0.12068247400345782 and parameters: {'model_name': 'KNNImputer', 'n_neighbors': 404, 'weights': 'distance'}. Best is trial 52 with value: 0.1177605705673254.
running
[I 2024-11-17 01:52:24,283] Trial 94 finished with value: 0.11877619474319215 and parameters: {'model_name': 'KNNImputer', 'n_neighbors': 150, 'weights': 'distance'}. Best is trial 52 with value: 0.1177605705673254.
running
[I 2024-11-17 01:52:24,768] Trial 95 finished with value: 0.13119115273829027 and parameters: {'model_name': 'SimpleImputer', 'strategy': 'median'}. Best is trial 52 with value: 0.1177605705673254.
running
[I 2024-11-17 01:52:28,507] Trial 96 finished with value: 0.11875682760638917 and parameters: {'model_name': 'KNNImputer', 'n_neighbors': 147, 'weights': 'distance'}. Best is trial 52 with value: 0.1177605705673254.
running
[I 2024-11-17 01:52:32,559] Trial 97 finished with value: 0.11885993320708402 and parameters: {'model_name': 'KNNImputer', 'n_neighbors': 156, 'weights': 'distance'}. Best is trial 52 with value: 0.1177605705673254.
running
[I 2024-11-17 01:52:36,827] Trial 98 finished with value: 0.12059380434370008 and parameters: {'model_name': 'KNNImputer', 'n_neighbors': 375, 'weights': 'distance'}. Best is trial 52 with value: 0.1177605705673254.
running
[I 2024-11-17 01:52:40,642] Trial 99 finished with value: 0.11858291195485719 and parameters: {'model_name': 'KNNImputer', 'n_neighbors': 126, 'weights': 'distance'}. Best is trial 52 with value: 0.1177605705673254.
running
[I 2024-11-17 01:52:45,394] Trial 100 finished with value: 0.12183664499401385 and parameters: {'model_name': 'KNNImputer', 'n_neighbors': 631, 'weights': 'distance'}. Best is trial 52 with value: 0.1177605705673254.
running
[I 2024-11-17 01:52:51,816] Trial 101 finished with value: 0.12670952377985006 and parameters: {'model_name': 'KNNImputer', 'n_neighbors': 2244, 'weights': 'distance'}. Best is trial 52 with value: 0.1177605705673254.
running
[I 2024-11-17 01:52:59,021] Trial 102 finished with value: 0.12885630425783004 and parameters: {'model_name': 'KNNImputer', 'n_neighbors': 3539, 'weights': 'distance'}. Best is trial 52 with value: 0.1177605705673254.
running
[I 2024-11-17 01:57:31,389] Trial 103 finished with value: 0.23471214702604856 and parameters: {'model_name': 'VAE', 'batch_size': 16, 'iterations': 82, 'learning_rate': 0.00012688810679475942, 'p_miss': 0.017117063254960346}. Best is trial 52 with value: 0.1177605705673254.
running
[I 2024-11-17 01:57:36,202] Trial 104 finished with value: 0.12121342280846278 and parameters: {'model_name': 'KNNImputer', 'n_neighbors': 400, 'weights': 'uniform'}. Best is trial 52 with value: 0.1177605705673254.
running
[I 2024-11-17 01:57:40,270] Trial 105 finished with value: 0.1181311017517556 and parameters: {'model_name': 'KNNImputer', 'n_neighbors': 101, 'weights': 'distance'}. Best is trial 52 with value: 0.1177605705673254.
running
[I 2024-11-17 01:57:43,756] Trial 106 finished with value: 0.11799081995875718 and parameters: {'model_name': 'KNNImputer', 'n_neighbors': 96, 'weights': 'distance'}. Best is trial 52 with value: 0.1177605705673254.
running
[I 2024-11-17 01:57:47,608] Trial 107 finished with value: 0.11777619889430038 and parameters: {'model_name': 'KNNImputer', 'n_neighbors': 72, 'weights': 'distance'}. Best is trial 52 with value: 0.1177605705673254.
running
[I 2024-11-17 01:57:50,366] Trial 108 finished with value: 0.16884059542635815 and parameters: {'model_name': 'KNNImputer', 'n_neighbors': 1, 'weights': 'distance'}. Best is trial 52 with value: 0.1177605705673254.
running
[I 2024-11-17 01:57:54,454] Trial 109 finished with value: 0.12034962034581212 and parameters: {'model_name': 'KNNImputer', 'n_neighbors': 329, 'weights': 'distance'}. Best is trial 52 with value: 0.1177605705673254.
running
[I 2024-11-17 01:57:58,470] Trial 110 finished with value: 0.12034640469235244 and parameters: {'model_name': 'KNNImputer', 'n_neighbors': 328, 'weights': 'distance'}. Best is trial 52 with value: 0.1177605705673254.
running
[I 2024-11-17 01:58:02,174] Trial 111 finished with value: 0.11825744988499134 and parameters: {'model_name': 'KNNImputer', 'n_neighbors': 111, 'weights': 'distance'}. Best is trial 52 with value: 0.1177605705673254.
running
[I 2024-11-17 02:13:54,681] Trial 41 finished with value: 0.1363210686824728 and parameters: {'model_name': 'VAE', 'batch_size': 848, 'iterations': 5135, 'learning_rate': 0.07610613992750113, 'p_miss': 0.29359339467802675}. Best is trial 52 with value: 0.1177605705673254.
running
[I 2024-11-17 02:21:01,721] Trial 70 finished with value: 0.13633063960992725 and parameters: {'model_name': 'VAE', 'batch_size': 954, 'iterations': 4666, 'learning_rate': 0.08762599309226202, 'p_miss': 0.29166508264756785}. Best is trial 52 with value: 0.1177605705673254.
running
[I 2024-11-17 02:22:22,678] Trial 114 finished with value: 0.26513591526999364 and parameters: {'model_name': 'GAIN', 'batch_size': 87, 'hint_rate': 0.049874181025237, 'alpha': 63, 'iterations': 44, 'learning_rate': 0.01614033527813648, 'p_miss': 0.25247045869363266}. Best is trial 52 with value: 0.1177605705673254.
running
[I 2024-11-17 02:22:26,176] Trial 115 finished with value: 0.12071609254471558 and parameters: {'model_name': 'KNNImputer', 'n_neighbors': 303, 'weights': 'uniform'}. Best is trial 52 with value: 0.1177605705673254.
running
[I 2024-11-17 02:22:29,726] Trial 116 finished with value: 0.11788986884394223 and parameters: {'model_name': 'KNNImputer', 'n_neighbors': 92, 'weights': 'distance'}. Best is trial 52 with value: 0.1177605705673254.
running
[I 2024-11-17 02:22:32,994] Trial 117 finished with value: 0.11780016230998476 and parameters: {'model_name': 'KNNImputer', 'n_neighbors': 78, 'weights': 'distance'}. Best is trial 52 with value: 0.1177605705673254.
running
[I 2024-11-17 02:22:37,036] Trial 118 finished with value: 0.1180464564490935 and parameters: {'model_name': 'KNNImputer', 'n_neighbors': 98, 'weights': 'distance'}. Best is trial 52 with value: 0.1177605705673254.
running
[I 2024-11-17 02:22:40,713] Trial 119 finished with value: 0.12003191570642002 and parameters: {'model_name': 'KNNImputer', 'n_neighbors': 280, 'weights': 'distance'}. Best is trial 52 with value: 0.1177605705673254.
running
[I 2024-11-17 02:22:44,146] Trial 120 finished with value: 0.1181311017517556 and parameters: {'model_name': 'KNNImputer', 'n_neighbors': 101, 'weights': 'distance'}. Best is trial 52 with value: 0.1177605705673254.
running
[I 2024-11-17 02:22:46,586] Trial 121 finished with value: 0.14377557954580045 and parameters: {'model_name': 'KNNImputer', 'n_neighbors': 2, 'weights': 'distance'}. Best is trial 52 with value: 0.1177605705673254.
running
[I 2024-11-17 02:22:47,034] Trial 122 finished with value: 0.2668378192498916 and parameters: {'model_name': 'SimpleImputer', 'strategy': 'constant'}. Best is trial 52 with value: 0.1177605705673254.
running
[I 2024-11-17 02:22:52,130] Trial 123 finished with value: 0.12265798007133535 and parameters: {'model_name': 'KNNImputer', 'n_neighbors': 839, 'weights': 'distance'}. Best is trial 52 with value: 0.1177605705673254.
running
[I 2024-11-17 02:22:56,402] Trial 124 finished with value: 0.12069547892829184 and parameters: {'model_name': 'KNNImputer', 'n_neighbors': 405, 'weights': 'distance'}. Best is trial 52 with value: 0.1177605705673254.
running
[I 2024-11-17 02:23:00,351] Trial 125 finished with value: 0.1200228898833537 and parameters: {'model_name': 'KNNImputer', 'n_neighbors': 275, 'weights': 'distance'}. Best is trial 52 with value: 0.1177605705673254.
running
[I 2024-11-17 02:23:03,936] Trial 126 finished with value: 0.11797671090207543 and parameters: {'model_name': 'KNNImputer', 'n_neighbors': 95, 'weights': 'distance'}. Best is trial 52 with value: 0.1177605705673254.
running
[I 2024-11-17 02:23:07,418] Trial 127 finished with value: 0.1182277701629795 and parameters: {'model_name': 'KNNImputer', 'n_neighbors': 104, 'weights': 'distance'}. Best is trial 52 with value: 0.1177605705673254.
running
[I 2024-11-17 02:23:11,149] Trial 128 finished with value: 0.11962511801103089 and parameters: {'model_name': 'KNNImputer', 'n_neighbors': 240, 'weights': 'distance'}. Best is trial 52 with value: 0.1177605705673254.
running
[I 2024-11-17 02:23:14,022] Trial 129 finished with value: 0.11777468416860873 and parameters: {'model_name': 'KNNImputer', 'n_neighbors': 83, 'weights': 'distance'}. Best is trial 52 with value: 0.1177605705673254.
running
[I 2024-11-17 02:23:16,969] Trial 130 finished with value: 0.1256537068989594 and parameters: {'model_name': 'KNNImputer', 'n_neighbors': 5, 'weights': 'distance'}. Best is trial 52 with value: 0.1177605705673254.
running
[I 2024-11-17 02:23:43,964] Trial 131 finished with value: 0.12649928421120435 and parameters: {'model_name': 'IterativeImputer', 'estimator': 'KNN', 'initial_strategy': 'constant', 'n_nearest_features': 5, 'imputation_order': 'ascending'}. Best is trial 52 with value: 0.1177605705673254.
running
[I 2024-11-17 02:23:48,585] Trial 132 finished with value: 0.12107405829034952 and parameters: {'model_name': 'KNNImputer', 'n_neighbors': 469, 'weights': 'distance'}. Best is trial 52 with value: 0.1177605705673254.
running
[I 2024-11-17 02:23:52,945] Trial 133 finished with value: 0.12179732749208858 and parameters: {'model_name': 'KNNImputer', 'n_neighbors': 624, 'weights': 'distance'}. Best is trial 52 with value: 0.1177605705673254.
running
[I 2024-11-17 02:23:57,600] Trial 134 finished with value: 0.11960318671214971 and parameters: {'model_name': 'KNNImputer', 'n_neighbors': 227, 'weights': 'distance'}. Best is trial 52 with value: 0.1177605705673254.
running
[I 2024-11-17 02:24:00,860] Trial 135 finished with value: 0.1179132762042493 and parameters: {'model_name': 'KNNImputer', 'n_neighbors': 76, 'weights': 'distance'}. Best is trial 52 with value: 0.1177605705673254.
running
[I 2024-11-17 02:24:04,283] Trial 136 finished with value: 0.11798994360951669 and parameters: {'model_name': 'KNNImputer', 'n_neighbors': 97, 'weights': 'distance'}. Best is trial 52 with value: 0.1177605705673254.
running
[I 2024-11-17 02:24:08,183] Trial 137 finished with value: 0.11957415738254137 and parameters: {'model_name': 'KNNImputer', 'n_neighbors': 231, 'weights': 'distance'}. Best is trial 52 with value: 0.1177605705673254.
running
[I 2024-11-17 02:24:11,771] Trial 138 finished with value: 0.11774754124510825 and parameters: {'model_name': 'KNNImputer', 'n_neighbors': 85, 'weights': 'distance'}. Best is trial 138 with value: 0.11774754124510825.
running
[I 2024-11-17 02:24:15,235] Trial 139 finished with value: 0.1177364156388431 and parameters: {'model_name': 'KNNImputer', 'n_neighbors': 87, 'weights': 'distance'}. Best is trial 139 with value: 0.1177364156388431.
running
[I 2024-11-17 02:24:19,178] Trial 140 finished with value: 0.11974475748827022 and parameters: {'model_name': 'KNNImputer', 'n_neighbors': 251, 'weights': 'distance'}. Best is trial 139 with value: 0.1177364156388431.
running
[I 2024-11-17 03:00:44,666] Trial 141 finished with value: 0.25223562734176946 and parameters: {'model_name': 'GAIN', 'batch_size': 12, 'hint_rate': 0.3169272556611033, 'alpha': 35, 'iterations': 1289, 'learning_rate': 0.00011661663496439809, 'p_miss': 0.17097489511895989}. Best is trial 139 with value: 0.1177364156388431.
running
[I 2024-11-17 03:00:48,042] Trial 142 finished with value: 0.11771392038788979 and parameters: {'model_name': 'KNNImputer', 'n_neighbors': 80, 'weights': 'distance'}. Best is trial 142 with value: 0.11771392038788979.
running
[I 2024-11-17 03:00:52,614] Trial 143 finished with value: 0.12099867160185385 and parameters: {'model_name': 'KNNImputer', 'n_neighbors': 450, 'weights': 'distance'}. Best is trial 142 with value: 0.11771392038788979.
running
[I 2024-11-17 03:00:59,621] Trial 144 finished with value: 0.1286428234264824 and parameters: {'model_name': 'KNNImputer', 'n_neighbors': 2904, 'weights': 'distance'}. Best is trial 142 with value: 0.11771392038788979.
running
[I 2024-11-17 03:01:04,176] Trial 145 finished with value: 0.11931374509642441 and parameters: {'model_name': 'KNNImputer', 'n_neighbors': 199, 'weights': 'distance'}. Best is trial 142 with value: 0.11771392038788979.
running
[I 2024-11-17 03:01:07,956] Trial 146 finished with value: 0.11771919136054247 and parameters: {'model_name': 'KNNImputer', 'n_neighbors': 63, 'weights': 'distance'}. Best is trial 142 with value: 0.11771392038788979.
running
[I 2024-11-17 03:01:11,398] Trial 147 finished with value: 0.1177605705673254 and parameters: {'model_name': 'KNNImputer', 'n_neighbors': 65, 'weights': 'distance'}. Best is trial 142 with value: 0.11771392038788979.
running
[I 2024-11-17 03:01:14,130] Trial 148 finished with value: 0.12296100853012612 and parameters: {'model_name': 'KNNImputer', 'n_neighbors': 8, 'weights': 'distance'}. Best is trial 142 with value: 0.11771392038788979.
running
[I 2024-11-17 03:01:19,624] Trial 149 finished with value: 0.12510669689915713 and parameters: {'model_name': 'KNNImputer', 'n_neighbors': 1662, 'weights': 'distance'}. Best is trial 142 with value: 0.11771392038788979.
running
[I 2024-11-17 03:01:20,795] Trial 150 finished with value: 0.2668378192498916 and parameters: {'model_name': 'SimpleImputer', 'strategy': 'most_frequent'}. Best is trial 142 with value: 0.11771392038788979.
running
[I 2024-11-17 03:01:25,072] Trial 151 finished with value: 0.12027034518428437 and parameters: {'model_name': 'KNNImputer', 'n_neighbors': 311, 'weights': 'distance'}. Best is trial 142 with value: 0.11771392038788979.
running
[I 2024-11-17 03:01:29,253] Trial 152 finished with value: 0.1192875738059409 and parameters: {'model_name': 'KNNImputer', 'n_neighbors': 183, 'weights': 'distance'}. Best is trial 142 with value: 0.11771392038788979.
running
[I 2024-11-17 03:05:32,213] Trial 113 finished with value: 0.27894207201253673 and parameters: {'model_name': 'GAIN', 'batch_size': 70, 'hint_rate': 0.0619457637768841, 'alpha': 57, 'iterations': 1864, 'learning_rate': 0.011467168955584856, 'p_miss': 0.25119417920185255}. Best is trial 142 with value: 0.11771392038788979.
running
[I 2024-11-17 03:06:00,214] Trial 154 finished with value: 0.12453903535308344 and parameters: {'model_name': 'IterativeImputer', 'estimator': 'KNN', 'initial_strategy': 'constant', 'n_nearest_features': 6, 'imputation_order': 'descending'}. Best is trial 142 with value: 0.11771392038788979.
running
[I 2024-11-17 03:06:04,189] Trial 155 finished with value: 0.11893714873090336 and parameters: {'model_name': 'KNNImputer', 'n_neighbors': 162, 'weights': 'distance'}. Best is trial 142 with value: 0.11771392038788979.
running
[I 2024-11-17 03:06:07,716] Trial 156 finished with value: 0.11780016230998476 and parameters: {'model_name': 'KNNImputer', 'n_neighbors': 78, 'weights': 'distance'}. Best is trial 142 with value: 0.11771392038788979.
running
[I 2024-11-17 03:06:11,337] Trial 157 finished with value: 0.11771392038788979 and parameters: {'model_name': 'KNNImputer', 'n_neighbors': 80, 'weights': 'distance'}. Best is trial 142 with value: 0.11771392038788979.
running
[I 2024-11-17 03:06:14,915] Trial 158 finished with value: 0.11768232051877278 and parameters: {'model_name': 'KNNImputer', 'n_neighbors': 49, 'weights': 'distance'}. Best is trial 158 with value: 0.11768232051877278.
running
[I 2024-11-17 03:06:17,714] Trial 159 finished with value: 0.12296100853012612 and parameters: {'model_name': 'KNNImputer', 'n_neighbors': 8, 'weights': 'distance'}. Best is trial 158 with value: 0.11768232051877278.
running
[I 2024-11-17 03:06:22,047] Trial 160 finished with value: 0.12044357166530481 and parameters: {'model_name': 'KNNImputer', 'n_neighbors': 353, 'weights': 'distance'}. Best is trial 158 with value: 0.11768232051877278.
running
[I 2024-11-17 03:17:07,676] Trial 74 finished with value: 0.17895198163322212 and parameters: {'model_name': 'VAE', 'batch_size': 1, 'iterations': 7213, 'learning_rate': 0.04154157346806939, 'p_miss': 0.010429797709438526}. Best is trial 158 with value: 0.11768232051877278.
running
[I 2024-11-17 03:17:11,832] Trial 162 finished with value: 0.11933252443580014 and parameters: {'model_name': 'KNNImputer', 'n_neighbors': 197, 'weights': 'distance'}. Best is trial 158 with value: 0.11768232051877278.
running
[I 2024-11-17 03:17:13,557] Trial 161 finished with value: 0.13553054908392378 and parameters: {'model_name': 'VAE', 'batch_size': 188, 'iterations': 148, 'learning_rate': 0.0021038508418559695, 'p_miss': 0.1923451371368492}. Best is trial 158 with value: 0.11768232051877278.
running
[I 2024-11-17 03:17:15,814] Trial 163 finished with value: 0.117729600019749 and parameters: {'model_name': 'KNNImputer', 'n_neighbors': 70, 'weights': 'distance'}. Best is trial 158 with value: 0.11768232051877278.
running
[I 2024-11-17 03:17:17,304] Trial 164 finished with value: 0.11777468416860873 and parameters: {'model_name': 'KNNImputer', 'n_neighbors': 83, 'weights': 'distance'}. Best is trial 158 with value: 0.11768232051877278.
running
[I 2024-11-17 03:17:19,056] Trial 165 finished with value: 0.11774549371885441 and parameters: {'model_name': 'KNNImputer', 'n_neighbors': 82, 'weights': 'distance'}. Best is trial 158 with value: 0.11768232051877278.
running
[I 2024-11-17 03:17:21,211] Trial 166 finished with value: 0.11780016230998476 and parameters: {'model_name': 'KNNImputer', 'n_neighbors': 78, 'weights': 'distance'}. Best is trial 158 with value: 0.11768232051877278.
running
[I 2024-11-17 03:17:23,346] Trial 167 finished with value: 0.11933252443580014 and parameters: {'model_name': 'KNNImputer', 'n_neighbors': 197, 'weights': 'distance'}. Best is trial 158 with value: 0.11768232051877278.
running
[I 2024-11-17 03:17:25,529] Trial 168 finished with value: 0.11928838220949119 and parameters: {'model_name': 'KNNImputer', 'n_neighbors': 185, 'weights': 'distance'}. Best is trial 158 with value: 0.11768232051877278.
running
[I 2024-11-17 03:17:27,738] Trial 169 finished with value: 0.12008789786089406 and parameters: {'model_name': 'KNNImputer', 'n_neighbors': 287, 'weights': 'distance'}. Best is trial 158 with value: 0.11768232051877278.
running
[I 2024-11-17 03:17:30,350] Trial 170 finished with value: 0.12013274526667908 and parameters: {'model_name': 'KNNImputer', 'n_neighbors': 295, 'weights': 'distance'}. Best is trial 158 with value: 0.11768232051877278.
running
[I 2024-11-17 03:17:31,470] Trial 171 finished with value: 0.11764202360006426 and parameters: {'model_name': 'KNNImputer', 'n_neighbors': 52, 'weights': 'distance'}. Best is trial 171 with value: 0.11764202360006426.
running
[I 2024-11-17 03:17:34,423] Trial 172 finished with value: 0.11778728014546629 and parameters: {'model_name': 'KNNImputer', 'n_neighbors': 59, 'weights': 'distance'}. Best is trial 171 with value: 0.11764202360006426.
running
[I 2024-11-17 03:17:35,124] Trial 173 finished with value: 0.11767852251157447 and parameters: {'model_name': 'KNNImputer', 'n_neighbors': 60, 'weights': 'distance'}. Best is trial 171 with value: 0.11764202360006426.
running
[I 2024-11-17 03:17:38,212] Trial 174 finished with value: 0.1206046059361724 and parameters: {'model_name': 'KNNImputer', 'n_neighbors': 376, 'weights': 'distance'}. Best is trial 171 with value: 0.11764202360006426.
running
[I 2024-11-17 03:17:39,977] Trial 175 finished with value: 0.12351007435801264 and parameters: {'model_name': 'KNNImputer', 'n_neighbors': 1099, 'weights': 'distance'}. Best is trial 171 with value: 0.11764202360006426.
running
[I 2024-11-17 03:17:41,821] Trial 176 finished with value: 0.12375140424687114 and parameters: {'model_name': 'KNNImputer', 'n_neighbors': 6, 'weights': 'distance'}. Best is trial 171 with value: 0.11764202360006426.
running
[I 2024-11-17 03:17:43,580] Trial 177 finished with value: 0.11870840286840738 and parameters: {'model_name': 'KNNImputer', 'n_neighbors': 136, 'weights': 'distance'}. Best is trial 171 with value: 0.11764202360006426.
running
[I 2024-11-17 03:17:45,944] Trial 178 finished with value: 0.11873031582780809 and parameters: {'model_name': 'KNNImputer', 'n_neighbors': 137, 'weights': 'distance'}. Best is trial 171 with value: 0.11764202360006426.
running
[I 2024-11-17 03:17:47,461] Trial 179 finished with value: 0.11903390607200466 and parameters: {'model_name': 'KNNImputer', 'n_neighbors': 167, 'weights': 'distance'}. Best is trial 171 with value: 0.11764202360006426.
running
[I 2024-11-17 03:17:49,753] Trial 180 finished with value: 0.11774289023047171 and parameters: {'model_name': 'KNNImputer', 'n_neighbors': 66, 'weights': 'distance'}. Best is trial 171 with value: 0.11764202360006426.
running
[I 2024-11-17 03:17:51,031] Trial 181 finished with value: 0.11778728014546629 and parameters: {'model_name': 'KNNImputer', 'n_neighbors': 59, 'weights': 'distance'}. Best is trial 171 with value: 0.11764202360006426.
running
[I 2024-11-17 03:17:53,471] Trial 182 finished with value: 0.11965951432226354 and parameters: {'model_name': 'KNNImputer', 'n_neighbors': 243, 'weights': 'distance'}. Best is trial 171 with value: 0.11764202360006426.
running
[I 2024-11-17 03:17:53,815] Trial 184 finished with value: 0.13103139448985068 and parameters: {'model_name': 'SimpleImputer', 'strategy': 'mean'}. Best is trial 171 with value: 0.11764202360006426.
running
[I 2024-11-17 03:17:55,666] Trial 183 finished with value: 0.11995831734890786 and parameters: {'model_name': 'KNNImputer', 'n_neighbors': 272, 'weights': 'distance'}. Best is trial 171 with value: 0.11764202360006426.
running
[I 2024-11-17 03:17:57,040] Trial 185 finished with value: 0.14377557954580045 and parameters: {'model_name': 'KNNImputer', 'n_neighbors': 2, 'weights': 'distance'}. Best is trial 171 with value: 0.11764202360006426.
running
[I 2024-11-17 03:17:58,576] Trial 186 finished with value: 0.16884059542635815 and parameters: {'model_name': 'KNNImputer', 'n_neighbors': 1, 'weights': 'distance'}. Best is trial 171 with value: 0.11764202360006426.
running
[I 2024-11-17 03:18:01,188] Trial 187 finished with value: 0.117729600019749 and parameters: {'model_name': 'KNNImputer', 'n_neighbors': 70, 'weights': 'distance'}. Best is trial 171 with value: 0.11764202360006426.
running
[I 2024-11-17 03:18:02,483] Trial 188 finished with value: 0.11777619889430038 and parameters: {'model_name': 'KNNImputer', 'n_neighbors': 72, 'weights': 'distance'}. Best is trial 171 with value: 0.11764202360006426.
running
[I 2024-11-17 03:18:05,262] Trial 189 finished with value: 0.11875682760638917 and parameters: {'model_name': 'KNNImputer', 'n_neighbors': 147, 'weights': 'distance'}. Best is trial 171 with value: 0.11764202360006426.
running
[I 2024-11-17 03:18:06,528] Trial 190 finished with value: 0.11928383910439955 and parameters: {'model_name': 'KNNImputer', 'n_neighbors': 188, 'weights': 'distance'}. Best is trial 171 with value: 0.11764202360006426.
running
[I 2024-11-17 03:18:10,145] Trial 192 finished with value: 0.1187510453464979 and parameters: {'model_name': 'KNNImputer', 'n_neighbors': 149, 'weights': 'distance'}. Best is trial 171 with value: 0.11764202360006426.
running
[I 2024-11-17 03:18:11,864] Trial 191 finished with value: 0.12678308356004564 and parameters: {'model_name': 'KNNImputer', 'n_neighbors': 2274, 'weights': 'distance'}. Best is trial 171 with value: 0.11764202360006426.
running
[I 2024-11-17 03:18:14,124] Trial 193 finished with value: 0.11777770361438766 and parameters: {'model_name': 'KNNImputer', 'n_neighbors': 71, 'weights': 'distance'}. Best is trial 171 with value: 0.11764202360006426.
running
[I 2024-11-17 03:18:18,346] Trial 195 finished with value: 0.11989412041106855 and parameters: {'model_name': 'KNNImputer', 'n_neighbors': 261, 'weights': 'distance'}. Best is trial 171 with value: 0.11764202360006426.
running
[I 2024-11-17 03:18:22,170] Trial 196 finished with value: 0.11774754124510825 and parameters: {'model_name': 'KNNImputer', 'n_neighbors': 85, 'weights': 'distance'}. Best is trial 171 with value: 0.11764202360006426.
running
[I 2024-11-17 03:18:26,263] Trial 197 finished with value: 0.11818300526132837 and parameters: {'model_name': 'KNNImputer', 'n_neighbors': 102, 'weights': 'distance'}. Best is trial 171 with value: 0.11764202360006426.
running
[I 2024-11-17 03:33:01,783] Trial 153 finished with value: 0.11510941571151298 and parameters: {'model_name': 'IterativeImputer', 'estimator': 'RFR', 'initial_strategy': 'median', 'n_nearest_features': 6, 'imputation_order': 'descending'}. Best is trial 153 with value: 0.11510941571151298.
running
[I 2024-11-17 03:46:23,894] Trial 198 finished with value: 0.12831238413559892 and parameters: {'model_name': 'IterativeImputer', 'estimator': 'RFR', 'initial_strategy': 'median', 'n_nearest_features': 4, 'imputation_order': 'descending'}. Best is trial 153 with value: 0.11510941571151298.
[I 2024-11-17 03:46:28,671] Trial 194 finished with value: 0.12481415064077628 and parameters: {'model_name': 'IterativeImputer', 'estimator': 'RFR', 'initial_strategy': 'median', 'n_nearest_features': 4, 'imputation_order': 'roman'}. Best is trial 153 with value: 0.11510941571151298.
[I 2024-11-17 04:00:16,267] Trial 199 finished with value: 0.12699755182495628 and parameters: {'model_name': 'IterativeImputer', 'estimator': 'RFR', 'initial_strategy': 'median', 'n_nearest_features': 4, 'imputation_order': 'descending'}. Best is trial 153 with value: 0.11510941571151298.
[I 2024-11-17 04:06:31,475] Trial 34 finished with value: 0.13659641293263963 and parameters: {'model_name': 'VAE', 'batch_size': 854, 'iterations': 6452, 'learning_rate': 0.08383760821238641, 'p_miss': 0.2892229717781728}. Best is trial 153 with value: 0.11510941571151298.
[I 2024-11-17 04:20:34,731] Trial 64 finished with value: 0.13621172413122878 and parameters: {'model_name': 'VAE', 'batch_size': 653, 'iterations': 7365, 'learning_rate': 0.09498809111021148, 'p_miss': 0.2969709722994155}. Best is trial 153 with value: 0.11510941571151298.
[I 2024-11-17 04:26:48,466] Trial 38 finished with value: 0.13590266657381034 and parameters: {'model_name': 'VAE', 'batch_size': 446, 'iterations': 8148, 'learning_rate': 0.06159271651259818, 'p_miss': 0.29099088993777}. Best is trial 153 with value: 0.11510941571151298.
[I 2024-11-17 04:29:41,862] Trial 80 finished with value: 0.1819048887062695 and parameters: {'model_name': 'VAE', 'batch_size': 1, 'iterations': 9509, 'learning_rate': 0.001773663843503312, 'p_miss': 0.29754482782088787}. Best is trial 153 with value: 0.11510941571151298.
[I 2024-11-17 04:33:05,383] Trial 31 finished with value: 0.13704482696653483 and parameters: {'model_name': 'VAE', 'batch_size': 810, 'iterations': 6982, 'learning_rate': 0.07868599430934788, 'p_miss': 0.2978868782979445}. Best is trial 153 with value: 0.11510941571151298.
[I 2024-11-17 04:50:33,825] Trial 60 finished with value: 0.1365712127687954 and parameters: {'model_name': 'VAE', 'batch_size': 561, 'iterations': 7924, 'learning_rate': 0.08878080342610606, 'p_miss': 0.2795197032782509}. Best is trial 153 with value: 0.11510941571151298.
[I 2024-11-17 04:57:06,609] Trial 71 finished with value: 0.13666796197406633 and parameters: {'model_name': 'VAE', 'batch_size': 633, 'iterations': 7811, 'learning_rate': 0.09415650388525663, 'p_miss': 0.28452638052449686}. Best is trial 153 with value: 0.11510941571151298.
[I 2024-11-17 05:02:03,160] Trial 112 finished with value: 0.26919924576194726 and parameters: {'model_name': 'GAIN', 'batch_size': 118, 'hint_rate': 0.01936114848389736, 'alpha': 62, 'iterations': 8072, 'learning_rate': 0.015878499753363206, 'p_miss': 0.1732039926477938}. Best is trial 153 with value: 0.11510941571151298.
[I 2024-11-17 05:03:14,632] Trial 30 finished with value: 0.1363998492306992 and parameters: {'model_name': 'VAE', 'batch_size': 672, 'iterations': 8751, 'learning_rate': 0.08342115652376257, 'p_miss': 0.2880166498560579}. Best is trial 153 with value: 0.11510941571151298.
[I 2024-11-17 05:15:37,221] Trial 40 finished with value: 0.13635201279850911 and parameters: {'model_name': 'VAE', 'batch_size': 627, 'iterations': 8867, 'learning_rate': 0.0777506237936398, 'p_miss': 0.28517366692118534}. Best is trial 153 with value: 0.11510941571151298.
[I 2024-11-17 05:19:54,213] Trial 35 finished with value: 0.13576409098691047 and parameters: {'model_name': 'VAE', 'batch_size': 983, 'iterations': 9092, 'learning_rate': 0.08411875838521973, 'p_miss': 0.2864952833139267}. Best is trial 153 with value: 0.11510941571151298.
[I 2024-11-17 05:23:14,159] Trial 61 finished with value: 0.13648801372772512 and parameters: {'model_name': 'VAE', 'batch_size': 860, 'iterations': 9797, 'learning_rate': 0.0714623079795093, 'p_miss': 0.27451982312208145}. Best is trial 153 with value: 0.11510941571151298.
[I 2024-11-17 05:23:48,924] Trial 83 finished with value: 0.13593614400308493 and parameters: {'model_name': 'VAE', 'batch_size': 984, 'iterations': 6579, 'learning_rate': 0.0152315343958044, 'p_miss': 0.29519850723182794}. Best is trial 153 with value: 0.11510941571151298.
fit
auto fit
auto transform
0     0
1     0
2     0
3     0
4     0
5     0
6     0
7     0
8     0
9     0
10    0
dtype: int64
0     0
1     0
2     0
3     0
4     0
5     0
6     0
7     0
8     0
9     0
10    0
dtype: int64
0.11510941571151298
{'model_name': 'IterativeImputer', 'estimator': 'RFR', 'initial_strategy': 'median', 'n_nearest_features': 6, 'imputation_order': 'descending'}
running experiment 2/3 - Does reconstruction give good automl predictions
Start est fit
Version 0.1.7a0 of tpot2 is outdated. Version 0.1.8a0 was released Tuesday September 17, 2024.
Version 0.1.7a0 of tpot2 is outdated. Version 0.1.8a0 was released Tuesday September 17, 2024.
Version 0.1.7a0 of tpot2 is outdated. Version 0.1.8a0 was released Tuesday September 17, 2024.
Version 0.1.7a0 of tpot2 is outdated. Version 0.1.8a0 was released Tuesday September 17, 2024.
Version 0.1.7a0 of tpot2 is outdated. Version 0.1.8a0 was released Tuesday September 17, 2024.
Version 0.1.7a0 of tpot2 is outdated. Version 0.1.8a0 was released Tuesday September 17, 2024.
Version 0.1.7a0 of tpot2 is outdated. Version 0.1.8a0 was released Tuesday September 17, 2024.
Version 0.1.7a0 of tpot2 is outdated. Version 0.1.8a0 was released Tuesday September 17, 2024.
Version 0.1.7a0 of tpot2 is outdated. Version 0.1.8a0 was released Tuesday September 17, 2024.
Version 0.1.7a0 of tpot2 is outdated. Version 0.1.8a0 was released Tuesday September 17, 2024.
Version 0.1.7a0 of tpot2 is outdated. Version 0.1.8a0 was released Tuesday September 17, 2024.
Version 0.1.7a0 of tpot2 is outdated. Version 0.1.8a0 was released Tuesday September 17, 2024.
Version 0.1.7a0 of tpot2 is outdated. Version 0.1.8a0 was released Tuesday September 17, 2024.
Version 0.1.7a0 of tpot2 is outdated. Version 0.1.8a0 was released Tuesday September 17, 2024.
Version 0.1.7a0 of tpot2 is outdated. Version 0.1.8a0 was released Tuesday September 17, 2024.
Version 0.1.7a0 of tpot2 is outdated. Version 0.1.8a0 was released Tuesday September 17, 2024.
  0%|          | 0/25 [00:00<?, ?it/s]Generation:   0%|          | 0/25 [00:00<?, ?it/s]Generation:  1
Best f1_score score: 0.41222022135835035
Generation:   4%|         | 1/25 [00:11<04:31, 11.33s/it]Generation:  2
Best f1_score score: 0.41222022135835035
Generation:   8%|         | 2/25 [00:39<08:14, 21.49s/it]Generation:  3
Best f1_score score: 0.41222022135835035
Generation:  12%|        | 3/25 [01:01<07:58, 21.75s/it]Generation:  4
Best f1_score score: 0.41222022135835035
Generation:  16%|        | 4/25 [02:54<20:11, 57.67s/it]Generation:  5
Best f1_score score: 0.41222022135835035
Generation:  20%|        | 5/25 [03:20<15:21, 46.06s/it]Generation:  6
Best f1_score score: 0.41222022135835035
Generation:  24%|       | 6/25 [03:52<13:05, 41.35s/it]Generation:  7
Best f1_score score: 0.41222022135835035
Generation:  28%|       | 7/25 [04:20<11:05, 36.95s/it]Generation:  8
Best f1_score score: 0.41222022135835035
Generation:  32%|      | 8/25 [04:49<09:47, 34.57s/it]Generation:  9
Best f1_score score: 0.41222022135835035
Generation:  36%|      | 9/25 [05:11<08:07, 30.46s/it]Generation:  10
Best f1_score score: 0.41222022135835035
Generation:  40%|      | 10/25 [05:52<08:26, 33.77s/it]Generation:  11
Best f1_score score: 0.41222022135835035
Generation:  44%|     | 11/25 [06:15<07:07, 30.51s/it]Generation:  12
Best f1_score score: 0.41222022135835035
Generation:  48%|     | 12/25 [06:39<06:09, 28.42s/it]Generation:  13
Best f1_score score: 0.41222022135835035
Generation:  52%|    | 13/25 [07:03<05:25, 27.11s/it]Generation:  14
Best f1_score score: 0.41222022135835035
Generation:  56%|    | 14/25 [07:27<04:47, 26.10s/it]Generation:  15
Best f1_score score: 0.41222022135835035
Generation:  60%|    | 15/25 [08:08<05:07, 30.72s/it]Generation:  16
Best f1_score score: 0.41222022135835035
Generation:  64%|   | 16/25 [08:31<04:16, 28.46s/it]Generation:  17
Best f1_score score: 0.41222022135835035
Generation:  68%|   | 17/25 [08:56<03:39, 27.39s/it]Generation:  18
Best f1_score score: 0.41222022135835035
Generation:  72%|  | 18/25 [09:21<03:07, 26.72s/it]Generation:  19
Best f1_score score: 0.41222022135835035
Generation:  76%|  | 19/25 [09:45<02:35, 25.95s/it]Generation:  20
Best f1_score score: 0.41222022135835035
Generation:  80%|  | 20/25 [10:15<02:15, 27.14s/it]Generation:  21
Best f1_score score: 0.41222022135835035
Generation:  84%| | 21/25 [10:44<01:50, 27.61s/it]Generation:  22
Best f1_score score: 0.41222022135835035
Generation:  88%| | 22/25 [11:25<01:34, 31.66s/it]Generation:  23
Best f1_score score: 0.41222022135835035
Generation:  92%|| 23/25 [11:58<01:03, 31.95s/it]Generation:  24
Best f1_score score: 0.41222022135835035
Generation:  96%|| 24/25 [12:21<00:29, 29.31s/it]Generation:  25
Best f1_score score: 0.41222022135835035
Generation: 100%|| 25/25 [13:00<00:00, 32.26s/it]Generation: 100%|| 25/25 [13:04<00:00, 31.36s/it]
2024-11-17 05:38:57,520 - distributed.scheduler - ERROR - Removing worker 'tcp://127.0.0.1:43871' caused the cluster to lose scattered data, which can't be recovered: {'ndarray-f9dd7c32f85c90f5f6615d598a7e662c', 'ndarray-453a6c1882b0f66cb296036f202f3e20'} (stimulus_id='handle-worker-cleanup-1731850737.519966')
Fitted
Pipeline(steps=[('randomforestclassifier',
                 RandomForestClassifier(bootstrap=False,
                                        class_weight='balanced',
                                        max_features=0.2479311975915,
                                        min_samples_leaf=5,
                                        min_samples_split=10,
                                        n_estimators=128))])
score start
train score: {'auroc': 0.9966576245801739, 'accuracy': 0.9310872894333844, 'balanced_accuracy': 0.9734343933670597, 'logloss': 0.566556411079596, 'f1': 0.9014783678645918}
original test score: {'auroc': 0.7820121839199582, 'accuracy': 0.6081632653061224, 'balanced_accuracy': 0.40784640004080364, 'logloss': 1.0703978213514722, 'f1': 0.42619713055596564}
imputed test score: {'auroc': 0.7572492563677725, 'accuracy': 0.55, 'balanced_accuracy': 0.3437421500934019, 'logloss': 1.109353990950637, 'f1': 0.35166824936070223}
score end
check intended
EXP2 Finished
running experiment 3/3 - What is the best automl settings?
<tpot2.search_spaces.pipelines.sequential.SequentialPipeline object at 0x155435014610>
Start tpot fit
Version 0.1.7a0 of tpot2 is outdated. Version 0.1.8a0 was released Tuesday September 17, 2024.
Version 0.1.7a0 of tpot2 is outdated. Version 0.1.8a0 was released Tuesday September 17, 2024.
Version 0.1.7a0 of tpot2 is outdated. Version 0.1.8a0 was released Tuesday September 17, 2024.
Version 0.1.7a0 of tpot2 is outdated. Version 0.1.8a0 was released Tuesday September 17, 2024.
Version 0.1.7a0 of tpot2 is outdated. Version 0.1.8a0 was released Tuesday September 17, 2024.
Version 0.1.7a0 of tpot2 is outdated. Version 0.1.8a0 was released Tuesday September 17, 2024.
Version 0.1.7a0 of tpot2 is outdated. Version 0.1.8a0 was released Tuesday September 17, 2024.
Version 0.1.7a0 of tpot2 is outdated. Version 0.1.8a0 was released Tuesday September 17, 2024.
Version 0.1.7a0 of tpot2 is outdated. Version 0.1.8a0 was released Tuesday September 17, 2024.
Version 0.1.7a0 of tpot2 is outdated. Version 0.1.8a0 was released Tuesday September 17, 2024.
Version 0.1.7a0 of tpot2 is outdated. Version 0.1.8a0 was released Tuesday September 17, 2024.
Version 0.1.7a0 of tpot2 is outdated. Version 0.1.8a0 was released Tuesday September 17, 2024.
Version 0.1.7a0 of tpot2 is outdated. Version 0.1.8a0 was released Tuesday September 17, 2024.
Version 0.1.7a0 of tpot2 is outdated. Version 0.1.8a0 was released Tuesday September 17, 2024.
Version 0.1.7a0 of tpot2 is outdated. Version 0.1.8a0 was released Tuesday September 17, 2024.
Version 0.1.7a0 of tpot2 is outdated. Version 0.1.8a0 was released Tuesday September 17, 2024.
  0%|          | 0/25 [00:00<?, ?it/s]Generation:   0%|          | 0/25 [00:00<?, ?it/s]corrupted size vs. prev_size
2024-11-17 05:41:31,877 - distributed.scheduler - ERROR - Removing worker 'tcp://127.0.0.1:41221' caused the cluster to lose scattered data, which can't be recovered: {'DataFrame-f4b126d7b422d7d02a07626609b3adb3', 'ndarray-453a6c1882b0f66cb296036f202f3e20'} (stimulus_id='handle-worker-cleanup-1731850891.8770323')
Cancelled future (likely memory related)
2024-11-17 05:41:31,902 - distributed.nanny - WARNING - Restarting worker
Generation:  1
Best f1_score score: 0.32644316488333247
Generation:   4%|         | 1/25 [02:25<58:17, 145.71s/it]Cancelled future (likely memory related)
Cancelled future (likely memory related)
Cancelled future (likely memory related)
Cancelled future (likely memory related)
Cancelled future (likely memory related)
Cancelled future (likely memory related)
Cancelled future (likely memory related)
Cancelled future (likely memory related)
Cancelled future (likely memory related)
Cancelled future (likely memory related)
Cancelled future (likely memory related)
Cancelled future (likely memory related)
Cancelled future (likely memory related)
Cancelled future (likely memory related)
Cancelled future (likely memory related)
Cancelled future (likely memory related)
Generation:  2
Best f1_score score: 0.32644316488333247
Generation:   8%|         | 2/25 [02:29<23:56, 62.45s/it] Version 0.1.7a0 of tpot2 is outdated. Version 0.1.8a0 was released Tuesday September 17, 2024.
Cancelled future (likely memory related)
Cancelled future (likely memory related)
Cancelled future (likely memory related)
Cancelled future (likely memory related)
Cancelled future (likely memory related)
Cancelled future (likely memory related)
Cancelled future (likely memory related)
Cancelled future (likely memory related)
Cancelled future (likely memory related)
Cancelled future (likely memory related)
Cancelled future (likely memory related)
Cancelled future (likely memory related)
Cancelled future (likely memory related)
Cancelled future (likely memory related)
Cancelled future (likely memory related)
Cancelled future (likely memory related)
Generation:  3
Best f1_score score: 0.32644316488333247
Generation:  12%|        | 3/25 [02:32<12:53, 35.14s/it]Cancelled future (likely memory related)
Cancelled future (likely memory related)
Cancelled future (likely memory related)
Cancelled future (likely memory related)
Cancelled future (likely memory related)
Cancelled future (likely memory related)
Cancelled future (likely memory related)
Cancelled future (likely memory related)
Cancelled future (likely memory related)
Cancelled future (likely memory related)
Cancelled future (likely memory related)
Cancelled future (likely memory related)
Cancelled future (likely memory related)
Cancelled future (likely memory related)
Cancelled future (likely memory related)
Cancelled future (likely memory related)
Generation:  4
Best f1_score score: 0.32644316488333247
Generation:  16%|        | 4/25 [02:36<07:57, 22.75s/it]Cancelled future (likely memory related)
Cancelled future (likely memory related)
Cancelled future (likely memory related)
Cancelled future (likely memory related)
Cancelled future (likely memory related)
Cancelled future (likely memory related)
Cancelled future (likely memory related)
Cancelled future (likely memory related)
Cancelled future (likely memory related)
Cancelled future (likely memory related)
Cancelled future (likely memory related)
Cancelled future (likely memory related)
Cancelled future (likely memory related)
Cancelled future (likely memory related)
Cancelled future (likely memory related)
Cancelled future (likely memory related)
Generation:  5
Best f1_score score: 0.32644316488333247
Generation:  20%|        | 5/25 [02:39<05:17, 15.87s/it]Cancelled future (likely memory related)
Cancelled future (likely memory related)
Cancelled future (likely memory related)
Cancelled future (likely memory related)
Cancelled future (likely memory related)
Cancelled future (likely memory related)
Cancelled future (likely memory related)
Cancelled future (likely memory related)
Cancelled future (likely memory related)
Cancelled future (likely memory related)
Cancelled future (likely memory related)
Cancelled future (likely memory related)
Cancelled future (likely memory related)
Cancelled future (likely memory related)
Cancelled future (likely memory related)
Cancelled future (likely memory related)
Generation:  6
Best f1_score score: 0.32644316488333247
Generation:  24%|       | 6/25 [02:42<03:36, 11.39s/it]Cancelled future (likely memory related)
Cancelled future (likely memory related)
Cancelled future (likely memory related)
Cancelled future (likely memory related)
Cancelled future (likely memory related)
Cancelled future (likely memory related)
Cancelled future (likely memory related)
Cancelled future (likely memory related)
Cancelled future (likely memory related)
Cancelled future (likely memory related)
Cancelled future (likely memory related)
Cancelled future (likely memory related)
Cancelled future (likely memory related)
Cancelled future (likely memory related)
Cancelled future (likely memory related)
Cancelled future (likely memory related)
Generation:  7
Best f1_score score: 0.32644316488333247
Generation:  28%|       | 7/25 [02:46<02:39,  8.88s/it]Cancelled future (likely memory related)
Cancelled future (likely memory related)
Cancelled future (likely memory related)
Cancelled future (likely memory related)
Cancelled future (likely memory related)
Cancelled future (likely memory related)
Cancelled future (likely memory related)
Cancelled future (likely memory related)
Cancelled future (likely memory related)
Cancelled future (likely memory related)
Cancelled future (likely memory related)
Cancelled future (likely memory related)
Cancelled future (likely memory related)
Cancelled future (likely memory related)
Cancelled future (likely memory related)
Cancelled future (likely memory related)
Generation:  8
Best f1_score score: 0.32644316488333247
Generation:  32%|      | 8/25 [02:48<01:57,  6.89s/it]Cancelled future (likely memory related)
Cancelled future (likely memory related)
Cancelled future (likely memory related)
Cancelled future (likely memory related)
Cancelled future (likely memory related)
Cancelled future (likely memory related)
Cancelled future (likely memory related)
Cancelled future (likely memory related)
Cancelled future (likely memory related)
Cancelled future (likely memory related)
Cancelled future (likely memory related)
Cancelled future (likely memory related)
Cancelled future (likely memory related)
Cancelled future (likely memory related)
Cancelled future (likely memory related)
Cancelled future (likely memory related)
Generation:  9
Best f1_score score: 0.32644316488333247
Generation:  36%|      | 9/25 [02:52<01:34,  5.93s/it]Cancelled future (likely memory related)
Cancelled future (likely memory related)
Cancelled future (likely memory related)
Cancelled future (likely memory related)
Cancelled future (likely memory related)
Cancelled future (likely memory related)
Cancelled future (likely memory related)
Cancelled future (likely memory related)
Cancelled future (likely memory related)
Cancelled future (likely memory related)
Cancelled future (likely memory related)
Cancelled future (likely memory related)
Cancelled future (likely memory related)
Cancelled future (likely memory related)
Cancelled future (likely memory related)
Cancelled future (likely memory related)
Generation:  10
Best f1_score score: 0.32644316488333247
Generation:  40%|      | 10/25 [02:56<01:19,  5.32s/it]Cancelled future (likely memory related)
Cancelled future (likely memory related)
Cancelled future (likely memory related)
Cancelled future (likely memory related)
Cancelled future (likely memory related)
Cancelled future (likely memory related)
Cancelled future (likely memory related)
Cancelled future (likely memory related)
Cancelled future (likely memory related)
Cancelled future (likely memory related)
Cancelled future (likely memory related)
Cancelled future (likely memory related)
Cancelled future (likely memory related)
Cancelled future (likely memory related)
Cancelled future (likely memory related)
Cancelled future (likely memory related)
Generation:  11
Best f1_score score: 0.32644316488333247
Generation:  44%|     | 11/25 [02:59<01:03,  4.51s/it]Cancelled future (likely memory related)
Cancelled future (likely memory related)
Cancelled future (likely memory related)
Cancelled future (likely memory related)
Cancelled future (likely memory related)
Cancelled future (likely memory related)
Cancelled future (likely memory related)
Cancelled future (likely memory related)
Cancelled future (likely memory related)
Cancelled future (likely memory related)
Cancelled future (likely memory related)
Cancelled future (likely memory related)
Cancelled future (likely memory related)
Cancelled future (likely memory related)
Cancelled future (likely memory related)
Cancelled future (likely memory related)
Generation:  12
Best f1_score score: 0.32644316488333247
Generation:  48%|     | 12/25 [03:03<00:56,  4.37s/it]Cancelled future (likely memory related)
Cancelled future (likely memory related)
Cancelled future (likely memory related)
Cancelled future (likely memory related)
Cancelled future (likely memory related)
Cancelled future (likely memory related)
Cancelled future (likely memory related)
Cancelled future (likely memory related)
Cancelled future (likely memory related)
Cancelled future (likely memory related)
Cancelled future (likely memory related)
Cancelled future (likely memory related)
Cancelled future (likely memory related)
Cancelled future (likely memory related)
Cancelled future (likely memory related)
Cancelled future (likely memory related)
Generation:  13
Best f1_score score: 0.32644316488333247
Generation:  52%|    | 13/25 [03:06<00:47,  3.92s/it]Cancelled future (likely memory related)
Cancelled future (likely memory related)
Cancelled future (likely memory related)
Cancelled future (likely memory related)
Cancelled future (likely memory related)
Cancelled future (likely memory related)
Cancelled future (likely memory related)
Cancelled future (likely memory related)
Cancelled future (likely memory related)
Cancelled future (likely memory related)
Cancelled future (likely memory related)
Cancelled future (likely memory related)
Cancelled future (likely memory related)
Cancelled future (likely memory related)
Cancelled future (likely memory related)
Cancelled future (likely memory related)
Generation:  14
Best f1_score score: 0.32644316488333247
Generation:  56%|    | 14/25 [03:10<00:43,  3.99s/it]Cancelled future (likely memory related)
Cancelled future (likely memory related)
Cancelled future (likely memory related)
Cancelled future (likely memory related)
Cancelled future (likely memory related)
Cancelled future (likely memory related)
Cancelled future (likely memory related)
Cancelled future (likely memory related)
Cancelled future (likely memory related)
Cancelled future (likely memory related)
Cancelled future (likely memory related)
Cancelled future (likely memory related)
Cancelled future (likely memory related)
Cancelled future (likely memory related)
Cancelled future (likely memory related)
Cancelled future (likely memory related)
Generation:  15
Best f1_score score: 0.32644316488333247
Generation:  60%|    | 15/25 [03:13<00:36,  3.64s/it]Cancelled future (likely memory related)
Cancelled future (likely memory related)
Cancelled future (likely memory related)
Cancelled future (likely memory related)
Cancelled future (likely memory related)
Cancelled future (likely memory related)
Cancelled future (likely memory related)
Cancelled future (likely memory related)
Cancelled future (likely memory related)
Cancelled future (likely memory related)
Cancelled future (likely memory related)
Cancelled future (likely memory related)
Cancelled future (likely memory related)
Cancelled future (likely memory related)
Cancelled future (likely memory related)
Cancelled future (likely memory related)
Generation:  16
Best f1_score score: 0.32644316488333247
Generation:  64%|   | 16/25 [03:17<00:34,  3.80s/it]Cancelled future (likely memory related)
Cancelled future (likely memory related)
Cancelled future (likely memory related)
Cancelled future (likely memory related)
Cancelled future (likely memory related)
Cancelled future (likely memory related)
Cancelled future (likely memory related)
Cancelled future (likely memory related)
Cancelled future (likely memory related)
Cancelled future (likely memory related)
Cancelled future (likely memory related)
Cancelled future (likely memory related)
Cancelled future (likely memory related)
Cancelled future (likely memory related)
Cancelled future (likely memory related)
Cancelled future (likely memory related)
Generation:  17
Best f1_score score: 0.32644316488333247
Generation:  68%|   | 17/25 [03:20<00:28,  3.51s/it]Cancelled future (likely memory related)
Cancelled future (likely memory related)
Cancelled future (likely memory related)
Cancelled future (likely memory related)
Cancelled future (likely memory related)
Cancelled future (likely memory related)
Cancelled future (likely memory related)
Cancelled future (likely memory related)
Cancelled future (likely memory related)
Cancelled future (likely memory related)
Cancelled future (likely memory related)
Cancelled future (likely memory related)
Cancelled future (likely memory related)
Cancelled future (likely memory related)
Cancelled future (likely memory related)
Cancelled future (likely memory related)
Generation:  18
Best f1_score score: 0.32644316488333247
Generation:  72%|  | 18/25 [03:24<00:25,  3.70s/it]Cancelled future (likely memory related)
Cancelled future (likely memory related)
Cancelled future (likely memory related)
Cancelled future (likely memory related)
Cancelled future (likely memory related)
Cancelled future (likely memory related)
Cancelled future (likely memory related)
Cancelled future (likely memory related)
Cancelled future (likely memory related)
Cancelled future (likely memory related)
Cancelled future (likely memory related)
Cancelled future (likely memory related)
Cancelled future (likely memory related)
Cancelled future (likely memory related)
Cancelled future (likely memory related)
Cancelled future (likely memory related)
Generation:  19
Best f1_score score: 0.32644316488333247
Generation:  76%|  | 19/25 [03:27<00:20,  3.48s/it]Cancelled future (likely memory related)
Cancelled future (likely memory related)
Cancelled future (likely memory related)
Cancelled future (likely memory related)
Cancelled future (likely memory related)
Cancelled future (likely memory related)
Cancelled future (likely memory related)
Cancelled future (likely memory related)
Cancelled future (likely memory related)
Cancelled future (likely memory related)
Cancelled future (likely memory related)
Cancelled future (likely memory related)
Cancelled future (likely memory related)
Cancelled future (likely memory related)
Cancelled future (likely memory related)
Cancelled future (likely memory related)
Generation:  20
Best f1_score score: 0.32644316488333247
Generation:  80%|  | 20/25 [03:31<00:18,  3.69s/it]Cancelled future (likely memory related)
Cancelled future (likely memory related)
Cancelled future (likely memory related)
Cancelled future (likely memory related)
Cancelled future (likely memory related)
Cancelled future (likely memory related)
Cancelled future (likely memory related)
Cancelled future (likely memory related)
Cancelled future (likely memory related)
Cancelled future (likely memory related)
Cancelled future (likely memory related)
Cancelled future (likely memory related)
Cancelled future (likely memory related)
Cancelled future (likely memory related)
Cancelled future (likely memory related)
Cancelled future (likely memory related)
Generation:  21
Best f1_score score: 0.32644316488333247
Generation:  84%| | 21/25 [03:34<00:13,  3.42s/it]Cancelled future (likely memory related)
Cancelled future (likely memory related)
Cancelled future (likely memory related)
Cancelled future (likely memory related)
Cancelled future (likely memory related)
Cancelled future (likely memory related)
Cancelled future (likely memory related)
Cancelled future (likely memory related)
Cancelled future (likely memory related)
Cancelled future (likely memory related)
Cancelled future (likely memory related)
Cancelled future (likely memory related)
Cancelled future (likely memory related)
Cancelled future (likely memory related)
Cancelled future (likely memory related)
Cancelled future (likely memory related)
Generation:  22
Best f1_score score: 0.32644316488333247
Generation:  88%| | 22/25 [03:37<00:09,  3.24s/it]Cancelled future (likely memory related)
Cancelled future (likely memory related)
Cancelled future (likely memory related)
Cancelled future (likely memory related)
Cancelled future (likely memory related)
Cancelled future (likely memory related)
Cancelled future (likely memory related)
Cancelled future (likely memory related)
Cancelled future (likely memory related)
Cancelled future (likely memory related)
Cancelled future (likely memory related)
Cancelled future (likely memory related)
Cancelled future (likely memory related)
Cancelled future (likely memory related)
Cancelled future (likely memory related)
Cancelled future (likely memory related)
Generation:  23
Best f1_score score: 0.32644316488333247
Generation:  92%|| 23/25 [03:41<00:07,  3.55s/it]Cancelled future (likely memory related)
Cancelled future (likely memory related)
Cancelled future (likely memory related)
Cancelled future (likely memory related)
Cancelled future (likely memory related)
Cancelled future (likely memory related)
Cancelled future (likely memory related)
Cancelled future (likely memory related)
Cancelled future (likely memory related)
Cancelled future (likely memory related)
Cancelled future (likely memory related)
Cancelled future (likely memory related)
Cancelled future (likely memory related)
Cancelled future (likely memory related)
Cancelled future (likely memory related)
Cancelled future (likely memory related)
Generation:  24
Best f1_score score: 0.32644316488333247
Generation:  96%|| 24/25 [03:44<00:03,  3.33s/it]Cancelled future (likely memory related)
Cancelled future (likely memory related)
Cancelled future (likely memory related)
Cancelled future (likely memory related)
Cancelled future (likely memory related)
Cancelled future (likely memory related)
Cancelled future (likely memory related)
Cancelled future (likely memory related)
Cancelled future (likely memory related)
Cancelled future (likely memory related)
Cancelled future (likely memory related)
Cancelled future (likely memory related)
Cancelled future (likely memory related)
Cancelled future (likely memory related)
Cancelled future (likely memory related)
Cancelled future (likely memory related)
Generation:  25
Best f1_score score: 0.32644316488333247
Generation: 100%|| 25/25 [03:48<00:00,  3.63s/it]Generation: 100%|| 25/25 [03:48<00:00,  9.15s/it]
Fitted
Pipeline(steps=[('knnimputer', KNNImputer(n_neighbors=52)),
                ('randomforestclassifier',
                 RandomForestClassifier(bootstrap=False,
                                        class_weight='balanced',
                                        max_features=0.6581034171759,
                                        min_samples_leaf=2, min_samples_split=4,
                                        n_estimators=128))])
transform worked
try transform
transform worked
score start
train score: {'auroc': 0.9999997328801081, 'accuracy': 0.9994895354772844, 'balanced_accuracy': 0.9997962198361451, 'logloss': 0.13819783922330392, 'f1': 0.9950217223745873}
test score: {'auroc': 0.7508125321340701, 'accuracy': 0.5561224489795918, 'balanced_accuracy': 0.2819410707113211, 'logloss': 1.2126728932582316, 'f1': 0.2953633539852664}
original test score: {'auroc': 0.7610082140997918, 'accuracy': 0.5908163265306122, 'balanced_accuracy': 0.31193512550287217, 'logloss': 1.0580823678548341, 'f1': 0.3360270346187439}
score end
40498
lvl
0.3
type
MNAR
num_run
1
class_full
finished
all finished
full run takes
9.829078419274754
hours
DONE
