Run: 12
/cm/local/apps/slurm/var/spool/job993568/slurm_script: line 26: 
pip install -e tpot2
pip install -r tpot2/ImputerExperiments/requirements_.txt
: No such file or directory
RunStart
Version 0.1.7a0 of tpot2 is outdated. Version 0.1.8a0 was released Tuesday September 17, 2024.
starting loops
../data/r/23515/23515.pkl
working on 
../data/r/23515/reg_full_MNAR_0.5_1
1.1992177963256836
running experiment 1/3 - Does large hyperparameter space improve reconstruction accuracy over simple
[I 2024-10-08 10:33:53,561] A new study created in memory with name: no-name-c8001545-2373-4089-9ca0-7a018933e216
running
running
running
running
running
running
running
running
running
running
running
running
running
running
running
running
[I 2024-10-08 10:33:53,899] Trial 4 finished with value: 0.405347562416776 and parameters: {'model_name': 'SimpleImputer', 'strategy': 'constant'}. Best is trial 4 with value: 0.405347562416776.
[I 2024-10-08 10:33:54,131] Trial 13 finished with value: 0.23624408670613248 and parameters: {'model_name': 'SimpleImputer', 'strategy': 'mean'}. Best is trial 13 with value: 0.23624408670613248.
running
running
[I 2024-10-08 10:33:54,347] Trial 1 finished with value: 0.39748200268327566 and parameters: {'model_name': 'SimpleImputer', 'strategy': 'median'}. Best is trial 13 with value: 0.23624408670613248.
running
[I 2024-10-08 10:33:54,537] Trial 3 finished with value: 0.405347562416776 and parameters: {'model_name': 'SimpleImputer', 'strategy': 'most_frequent'}. Best is trial 13 with value: 0.23624408670613248.
running
[I 2024-10-08 10:33:54,935] Trial 16 finished with value: 0.405347562416776 and parameters: {'model_name': 'SimpleImputer', 'strategy': 'constant'}. Best is trial 13 with value: 0.23624408670613248.
running
[I 2024-10-08 10:33:55,646] Trial 20 finished with value: 0.39748200268327566 and parameters: {'model_name': 'SimpleImputer', 'strategy': 'median'}. Best is trial 13 with value: 0.23624408670613248.
running
[I 2024-10-08 10:33:56,204] Trial 21 finished with value: 0.39748200268327566 and parameters: {'model_name': 'SimpleImputer', 'strategy': 'median'}. Best is trial 13 with value: 0.23624408670613248.
running
[I 2024-10-08 10:33:57,074] Trial 22 finished with value: 0.405347562416776 and parameters: {'model_name': 'SimpleImputer', 'strategy': 'most_frequent'}. Best is trial 13 with value: 0.23624408670613248.
running
[I 2024-10-08 10:33:59,554] Trial 7 finished with value: 0.23497882178629076 and parameters: {'model_name': 'KNNImputer', 'n_neighbors': 2688, 'weights': 'uniform'}. Best is trial 7 with value: 0.23497882178629076.
running
[I 2024-10-08 10:34:00,067] Trial 24 finished with value: 0.39748200268327566 and parameters: {'model_name': 'SimpleImputer', 'strategy': 'median'}. Best is trial 7 with value: 0.23497882178629076.
running
[I 2024-10-08 10:34:00,257] Trial 15 finished with value: 0.23812404569327517 and parameters: {'model_name': 'KNNImputer', 'n_neighbors': 4818, 'weights': 'uniform'}. Best is trial 7 with value: 0.23497882178629076.
running
[I 2024-10-08 10:34:00,407] Trial 10 finished with value: 0.23769577903481487 and parameters: {'model_name': 'KNNImputer', 'n_neighbors': 5581, 'weights': 'uniform'}. Best is trial 7 with value: 0.23497882178629076.
running
[I 2024-10-08 10:34:00,769] Trial 19 finished with value: 0.23016191853537565 and parameters: {'model_name': 'KNNImputer', 'n_neighbors': 1510, 'weights': 'uniform'}. Best is trial 19 with value: 0.23016191853537565.
running
[I 2024-10-08 10:34:01,017] Trial 12 finished with value: 0.223089454555533 and parameters: {'model_name': 'IterativeImputer', 'estimator': 'Ridge', 'initial_strategy': 'mean', 'n_nearest_features': 5, 'imputation_order': 'arabic'}. Best is trial 12 with value: 0.223089454555533.
running
[I 2024-10-08 10:34:01,284] Trial 5 finished with value: 0.2604928225777551 and parameters: {'model_name': 'KNNImputer', 'n_neighbors': 7918, 'weights': 'distance'}. Best is trial 12 with value: 0.223089454555533.
running
[I 2024-10-08 10:34:01,453] Trial 0 finished with value: 0.2604928225777551 and parameters: {'model_name': 'KNNImputer', 'n_neighbors': 6234, 'weights': 'distance'}. Best is trial 12 with value: 0.223089454555533.
running
[I 2024-10-08 10:34:02,216] Trial 2 finished with value: 0.23117909895244573 and parameters: {'model_name': 'IterativeImputer', 'estimator': 'Ridge', 'initial_strategy': 'most_frequent', 'n_nearest_features': 1, 'imputation_order': 'descending'}. Best is trial 12 with value: 0.223089454555533.
running
[I 2024-10-08 10:34:04,534] Trial 29 finished with value: 0.223089454555533 and parameters: {'model_name': 'IterativeImputer', 'estimator': 'Ridge', 'initial_strategy': 'mean', 'n_nearest_features': 5, 'imputation_order': 'arabic'}. Best is trial 12 with value: 0.223089454555533.
running
[I 2024-10-08 10:34:05,112] Trial 8 finished with value: 0.2293193331677655 and parameters: {'model_name': 'IterativeImputer', 'estimator': 'Ridge', 'initial_strategy': 'constant', 'n_nearest_features': 2, 'imputation_order': 'descending'}. Best is trial 12 with value: 0.223089454555533.
running
[I 2024-10-08 10:34:05,369] Trial 28 finished with value: 0.2232264328545635 and parameters: {'model_name': 'KNNImputer', 'n_neighbors': 709, 'weights': 'uniform'}. Best is trial 12 with value: 0.223089454555533.
[I 2024-10-08 10:34:05,586] Trial 31 finished with value: 0.223089454555533 and parameters: {'model_name': 'IterativeImputer', 'estimator': 'Ridge', 'initial_strategy': 'mean', 'n_nearest_features': 5, 'imputation_order': 'arabic'}. Best is trial 12 with value: 0.223089454555533.
running
running
[I 2024-10-08 10:34:05,781] Trial 30 finished with value: 0.223089454555533 and parameters: {'model_name': 'IterativeImputer', 'estimator': 'Ridge', 'initial_strategy': 'mean', 'n_nearest_features': 5, 'imputation_order': 'arabic'}. Best is trial 12 with value: 0.223089454555533.
running
[I 2024-10-08 10:34:06,091] Trial 25 finished with value: 0.23441923759603167 and parameters: {'model_name': 'KNNImputer', 'n_neighbors': 2509, 'weights': 'uniform'}. Best is trial 12 with value: 0.223089454555533.
running
[I 2024-10-08 10:34:08,382] Trial 18 finished with value: 0.3938225891188002 and parameters: {'model_name': 'GAIN', 'batch_size': 158, 'hint_rate': 0.4794791721998188, 'alpha': 87, 'iterations': 1, 'learning_rate': 0.000317656804966194, 'p_miss': 0.0839978105726933}. Best is trial 12 with value: 0.223089454555533.
running
[I 2024-10-08 10:34:09,077] Trial 33 finished with value: 0.223089454555533 and parameters: {'model_name': 'IterativeImputer', 'estimator': 'Ridge', 'initial_strategy': 'mean', 'n_nearest_features': 6, 'imputation_order': 'arabic'}. Best is trial 12 with value: 0.223089454555533.
running
[I 2024-10-08 10:34:09,440] Trial 26 finished with value: inf and parameters: {'model_name': 'GAIN', 'batch_size': 1, 'hint_rate': 0.8002620408413107, 'alpha': 11, 'iterations': 25, 'learning_rate': 0.0008807069095797139, 'p_miss': 0.29917124282738394}. Best is trial 12 with value: 0.223089454555533.
running
[I 2024-10-08 10:34:10,548] Trial 35 finished with value: 0.223089454555533 and parameters: {'model_name': 'IterativeImputer', 'estimator': 'Ridge', 'initial_strategy': 'mean', 'n_nearest_features': 6, 'imputation_order': 'arabic'}. Best is trial 12 with value: 0.223089454555533.
running
[I 2024-10-08 10:34:10,779] Trial 36 finished with value: 0.223089454555533 and parameters: {'model_name': 'IterativeImputer', 'estimator': 'Ridge', 'initial_strategy': 'mean', 'n_nearest_features': 6, 'imputation_order': 'arabic'}. Best is trial 12 with value: 0.223089454555533.
running
[I 2024-10-08 10:34:10,937] Trial 34 finished with value: 0.223089454555533 and parameters: {'model_name': 'IterativeImputer', 'estimator': 'Ridge', 'initial_strategy': 'mean', 'n_nearest_features': 6, 'imputation_order': 'arabic'}. Best is trial 12 with value: 0.223089454555533.
running
[I 2024-10-08 10:34:12,085] Trial 38 finished with value: 0.223089454555533 and parameters: {'model_name': 'IterativeImputer', 'estimator': 'Ridge', 'initial_strategy': 'mean', 'n_nearest_features': 5, 'imputation_order': 'arabic'}. Best is trial 12 with value: 0.223089454555533.
running
[I 2024-10-08 10:34:14,306] Trial 39 finished with value: 0.223089454555533 and parameters: {'model_name': 'IterativeImputer', 'estimator': 'Ridge', 'initial_strategy': 'mean', 'n_nearest_features': 5, 'imputation_order': 'arabic'}. Best is trial 12 with value: 0.223089454555533.
running
[I 2024-10-08 10:34:16,073] Trial 17 finished with value: 0.22678751447515694 and parameters: {'model_name': 'IterativeImputer', 'estimator': 'KNN', 'initial_strategy': 'mean', 'n_nearest_features': 4, 'imputation_order': 'roman'}. Best is trial 12 with value: 0.223089454555533.
running
[I 2024-10-08 10:34:23,897] Trial 9 finished with value: 0.2250179747209466 and parameters: {'model_name': 'IterativeImputer', 'estimator': 'Bayesian', 'initial_strategy': 'most_frequent', 'n_nearest_features': 4, 'imputation_order': 'descending', 'sample_posterior': False}. Best is trial 12 with value: 0.223089454555533.
running
[I 2024-10-08 10:34:26,523] Trial 37 finished with value: 0.22624170939582608 and parameters: {'model_name': 'IterativeImputer', 'estimator': 'KNN', 'initial_strategy': 'mean', 'n_nearest_features': 5, 'imputation_order': 'arabic'}. Best is trial 12 with value: 0.223089454555533.
running
[I 2024-10-08 10:34:44,083] Trial 46 finished with value: 0.3018884386929505 and parameters: {'model_name': 'IterativeImputer', 'estimator': 'Bayesian', 'initial_strategy': 'median', 'n_nearest_features': 4, 'imputation_order': 'random', 'sample_posterior': True}. Best is trial 12 with value: 0.223089454555533.
running
[I 2024-10-08 10:35:37,720] Trial 32 finished with value: 0.38384970849333794 and parameters: {'model_name': 'GAIN', 'batch_size': 9, 'hint_rate': 0.9663108795805474, 'alpha': 95, 'iterations': 97, 'learning_rate': 0.001746566917740527, 'p_miss': 0.2142980176829899}. Best is trial 12 with value: 0.223089454555533.
running
[I 2024-10-08 11:00:12,203] Trial 6 finished with value: 0.2238245717618168 and parameters: {'model_name': 'IterativeImputer', 'estimator': 'RFR', 'initial_strategy': 'most_frequent', 'n_nearest_features': 5, 'imputation_order': 'roman'}. Best is trial 12 with value: 0.223089454555533.
running
[I 2024-10-08 11:21:52,227] Trial 14 finished with value: 0.38426994618838883 and parameters: {'model_name': 'GAIN', 'batch_size': 21, 'hint_rate': 0.7184693822971224, 'alpha': 27, 'iterations': 1712, 'learning_rate': 0.00046272083362333086, 'p_miss': 0.2089082221708814}. Best is trial 12 with value: 0.223089454555533.
running
[I 2024-10-08 11:54:29,767] Trial 11 finished with value: 0.2973543030417614 and parameters: {'model_name': 'VAE', 'batch_size': 2, 'iterations': 1174, 'learning_rate': 0.008320890930085333, 'p_miss': 0.23574470523278243}. Best is trial 12 with value: 0.223089454555533.
running
[I 2024-10-08 11:54:38,431] Trial 54 finished with value: 0.19451931499289027 and parameters: {'model_name': 'VAE', 'batch_size': 990, 'iterations': 1, 'learning_rate': 0.0791377877987815, 'p_miss': 0.01285743587407126}. Best is trial 54 with value: 0.19451931499289027.
running
[I 2024-10-08 11:54:46,991] Trial 55 finished with value: 0.19929886363918456 and parameters: {'model_name': 'VAE', 'batch_size': 999, 'iterations': 1, 'learning_rate': 0.08952689165055278, 'p_miss': 0.0219392187259183}. Best is trial 54 with value: 0.19451931499289027.
running
[I 2024-10-08 11:54:55,261] Trial 56 finished with value: 0.17668164784275972 and parameters: {'model_name': 'VAE', 'batch_size': 953, 'iterations': 1, 'learning_rate': 0.06651850285605455, 'p_miss': 0.016536351010508963}. Best is trial 56 with value: 0.17668164784275972.
running
[I 2024-10-08 11:55:08,131] Trial 57 finished with value: 0.22522603618091033 and parameters: {'model_name': 'VAE', 'batch_size': 696, 'iterations': 1, 'learning_rate': 0.09123158105159475, 'p_miss': 0.011323767866030917}. Best is trial 56 with value: 0.17668164784275972.
running
[I 2024-10-08 11:55:14,340] Trial 58 finished with value: 0.1888160082434 and parameters: {'model_name': 'VAE', 'batch_size': 911, 'iterations': 1, 'learning_rate': 0.09835881215556153, 'p_miss': 0.018279671488957563}. Best is trial 56 with value: 0.17668164784275972.
running
[I 2024-10-08 11:55:23,794] Trial 59 finished with value: 0.1971409365593378 and parameters: {'model_name': 'VAE', 'batch_size': 915, 'iterations': 1, 'learning_rate': 0.06885170351517089, 'p_miss': 0.01051085588972249}. Best is trial 56 with value: 0.17668164784275972.
running
[I 2024-10-08 11:55:32,366] Trial 60 finished with value: 0.20442603795132394 and parameters: {'model_name': 'VAE', 'batch_size': 916, 'iterations': 1, 'learning_rate': 0.09186053928954661, 'p_miss': 0.020229034642653167}. Best is trial 56 with value: 0.17668164784275972.
running
[I 2024-10-08 11:56:01,493] Trial 61 finished with value: 0.2444250200123749 and parameters: {'model_name': 'VAE', 'batch_size': 986, 'iterations': 3, 'learning_rate': 0.037549363024435234, 'p_miss': 0.03637013973030152}. Best is trial 56 with value: 0.17668164784275972.
running
[I 2024-10-08 11:56:36,373] Trial 62 finished with value: 0.24736346230183273 and parameters: {'model_name': 'VAE', 'batch_size': 228, 'iterations': 5, 'learning_rate': 0.02996040801658889, 'p_miss': 0.0647463139305214}. Best is trial 56 with value: 0.17668164784275972.
running
[I 2024-10-08 11:56:44,211] Trial 63 finished with value: 0.20950536981967324 and parameters: {'model_name': 'VAE', 'batch_size': 311, 'iterations': 1, 'learning_rate': 0.08930371459227966, 'p_miss': 0.011269026230861406}. Best is trial 56 with value: 0.17668164784275972.
running
[I 2024-10-08 11:57:38,483] Trial 64 finished with value: 0.2577814910761768 and parameters: {'model_name': 'VAE', 'batch_size': 964, 'iterations': 5, 'learning_rate': 0.02896860590247024, 'p_miss': 0.06642371414060604}. Best is trial 56 with value: 0.17668164784275972.
running
[I 2024-10-08 11:58:11,597] Trial 65 finished with value: 0.2560619523098265 and parameters: {'model_name': 'VAE', 'batch_size': 314, 'iterations': 3, 'learning_rate': 0.041370382700398396, 'p_miss': 0.043724665877935685}. Best is trial 56 with value: 0.17668164784275972.
running
[I 2024-10-08 11:58:18,726] Trial 66 finished with value: 0.18701027059001413 and parameters: {'model_name': 'VAE', 'batch_size': 948, 'iterations': 1, 'learning_rate': 0.09950681581952239, 'p_miss': 0.011672048539819735}. Best is trial 56 with value: 0.17668164784275972.
running
[I 2024-10-08 11:58:25,531] Trial 67 finished with value: 0.18892861082435797 and parameters: {'model_name': 'VAE', 'batch_size': 477, 'iterations': 1, 'learning_rate': 0.09424007180912229, 'p_miss': 0.01361431614955356}. Best is trial 56 with value: 0.17668164784275972.
running
[I 2024-10-08 11:58:36,508] Trial 68 finished with value: 0.20999790780621078 and parameters: {'model_name': 'VAE', 'batch_size': 466, 'iterations': 1, 'learning_rate': 0.05045740501466415, 'p_miss': 0.011024588822706963}. Best is trial 56 with value: 0.17668164784275972.
running
[I 2024-10-08 11:58:53,582] Trial 69 finished with value: 0.1819070987431853 and parameters: {'model_name': 'VAE', 'batch_size': 89, 'iterations': 3, 'learning_rate': 0.013720726990120072, 'p_miss': 0.11049805366324943}. Best is trial 56 with value: 0.17668164784275972.
running
[I 2024-10-08 11:59:10,312] Trial 70 finished with value: 0.18266036430069904 and parameters: {'model_name': 'VAE', 'batch_size': 95, 'iterations': 3, 'learning_rate': 0.014118597804858789, 'p_miss': 0.09948429848057344}. Best is trial 56 with value: 0.17668164784275972.
running
[I 2024-10-08 12:00:09,781] Trial 71 finished with value: 0.23665941458273182 and parameters: {'model_name': 'VAE', 'batch_size': 96, 'iterations': 11, 'learning_rate': 0.01252571096947594, 'p_miss': 0.11549350873027703}. Best is trial 56 with value: 0.17668164784275972.
running
[I 2024-10-08 12:00:27,383] Trial 72 finished with value: 0.17965192264294133 and parameters: {'model_name': 'VAE', 'batch_size': 84, 'iterations': 3, 'learning_rate': 0.012332631424583395, 'p_miss': 0.11110614817842399}. Best is trial 56 with value: 0.17668164784275972.
running
[I 2024-10-08 12:00:45,258] Trial 73 finished with value: 0.18132318757780636 and parameters: {'model_name': 'VAE', 'batch_size': 68, 'iterations': 3, 'learning_rate': 0.011144238357385237, 'p_miss': 0.12120058938996582}. Best is trial 56 with value: 0.17668164784275972.
running
[I 2024-10-08 12:01:24,146] Trial 74 finished with value: 0.21174214869570726 and parameters: {'model_name': 'VAE', 'batch_size': 65, 'iterations': 8, 'learning_rate': 0.010616933252538338, 'p_miss': 0.12371399058538796}. Best is trial 56 with value: 0.17668164784275972.
running
[I 2024-10-08 12:02:52,457] Trial 75 finished with value: 0.20643325860924958 and parameters: {'model_name': 'VAE', 'batch_size': 46, 'iterations': 27, 'learning_rate': 0.005010545338811648, 'p_miss': 0.12122940742287303}. Best is trial 56 with value: 0.17668164784275972.
running
[I 2024-10-08 12:03:09,261] Trial 76 finished with value: 0.18442284847823182 and parameters: {'model_name': 'VAE', 'batch_size': 28, 'iterations': 3, 'learning_rate': 0.019217514717696726, 'p_miss': 0.1530915767890403}. Best is trial 56 with value: 0.17668164784275972.
running
[I 2024-10-08 12:03:23,081] Trial 77 finished with value: 0.17596314433484264 and parameters: {'model_name': 'VAE', 'batch_size': 28, 'iterations': 3, 'learning_rate': 0.017374523920200752, 'p_miss': 0.1543842675174696}. Best is trial 77 with value: 0.17596314433484264.
running
[I 2024-10-08 12:03:38,367] Trial 78 finished with value: 0.17916308440913364 and parameters: {'model_name': 'VAE', 'batch_size': 28, 'iterations': 3, 'learning_rate': 0.017147651032306605, 'p_miss': 0.1558935768517799}. Best is trial 77 with value: 0.17596314433484264.
running
[I 2024-10-08 12:03:56,359] Trial 79 finished with value: 0.18750756858403914 and parameters: {'model_name': 'VAE', 'batch_size': 18, 'iterations': 3, 'learning_rate': 0.016690917631983763, 'p_miss': 0.15237283418061454}. Best is trial 77 with value: 0.17596314433484264.
running
[I 2024-10-08 12:04:13,528] Trial 80 finished with value: 0.1777052388837421 and parameters: {'model_name': 'VAE', 'batch_size': 99, 'iterations': 3, 'learning_rate': 0.005528175832725248, 'p_miss': 0.10213538735740545}. Best is trial 77 with value: 0.17596314433484264.
running
[I 2024-10-08 12:04:47,357] Trial 81 finished with value: 0.1821278502443327 and parameters: {'model_name': 'VAE', 'batch_size': 47, 'iterations': 8, 'learning_rate': 0.0060004007527020365, 'p_miss': 0.16979108421732497}. Best is trial 77 with value: 0.17596314433484264.
running
[I 2024-10-08 12:04:56,959] Trial 82 finished with value: 0.17701583098710372 and parameters: {'model_name': 'VAE', 'batch_size': 9, 'iterations': 2, 'learning_rate': 0.005855001854362487, 'p_miss': 0.13845073765887647}. Best is trial 77 with value: 0.17596314433484264.
running
[I 2024-10-08 12:26:00,985] Trial 83 finished with value: 0.265190309468774 and parameters: {'model_name': 'VAE', 'batch_size': 6, 'iterations': 317, 'learning_rate': 0.003135143242746794, 'p_miss': 0.13730079176541954}. Best is trial 77 with value: 0.17596314433484264.
running
[I 2024-10-08 13:46:23,603] Trial 23 finished with value: 0.24124938032525858 and parameters: {'model_name': 'VAE', 'batch_size': 228, 'iterations': 2734, 'learning_rate': 0.0006217715516738361, 'p_miss': 0.2826568748318146}. Best is trial 77 with value: 0.17596314433484264.
running
[I 2024-10-08 13:46:30,111] Trial 85 finished with value: 0.3863591974494488 and parameters: {'model_name': 'GAIN', 'batch_size': 11, 'hint_rate': 0.08609799353832037, 'alpha': 58, 'iterations': 2, 'learning_rate': 0.007170782214017698, 'p_miss': 0.1707734459350787}. Best is trial 77 with value: 0.17596314433484264.
running
[I 2024-10-08 13:46:43,987] Trial 86 finished with value: 0.17575680860865103 and parameters: {'model_name': 'VAE', 'batch_size': 110, 'iterations': 2, 'learning_rate': 0.00471297631461943, 'p_miss': 0.13787077082757}. Best is trial 86 with value: 0.17575680860865103.
running
[I 2024-10-08 13:46:54,334] Trial 87 finished with value: 0.1780214898175819 and parameters: {'model_name': 'VAE', 'batch_size': 32, 'iterations': 2, 'learning_rate': 0.003718177669827523, 'p_miss': 0.13654815198936232}. Best is trial 86 with value: 0.17575680860865103.
running
[I 2024-10-08 13:47:03,277] Trial 88 finished with value: 0.18228604834238554 and parameters: {'model_name': 'VAE', 'batch_size': 24, 'iterations': 2, 'learning_rate': 0.003340675894513452, 'p_miss': 0.13933202045585052}. Best is trial 86 with value: 0.17575680860865103.
running
[I 2024-10-08 13:47:11,238] Trial 89 finished with value: 0.1797099027279659 and parameters: {'model_name': 'VAE', 'batch_size': 4, 'iterations': 2, 'learning_rate': 0.0037914285421030303, 'p_miss': 0.17942367607714554}. Best is trial 86 with value: 0.17575680860865103.
running
[I 2024-10-08 13:47:17,493] Trial 90 finished with value: 0.2604928225777551 and parameters: {'model_name': 'KNNImputer', 'n_neighbors': 7349, 'weights': 'distance'}. Best is trial 86 with value: 0.17575680860865103.
running
[I 2024-10-08 13:47:40,092] Trial 91 finished with value: 0.18113121014286826 and parameters: {'model_name': 'VAE', 'batch_size': 16, 'iterations': 6, 'learning_rate': 0.0021787534527740586, 'p_miss': 0.19408671179875936}. Best is trial 86 with value: 0.17575680860865103.
running
[I 2024-10-08 13:48:44,576] Trial 92 finished with value: 0.2089746805932779 and parameters: {'model_name': 'VAE', 'batch_size': 32, 'iterations': 16, 'learning_rate': 0.00855274228946094, 'p_miss': 0.13770341308796838}. Best is trial 86 with value: 0.17575680860865103.
running
[I 2024-10-08 13:48:45,064] Trial 93 finished with value: 0.23624408670613248 and parameters: {'model_name': 'SimpleImputer', 'strategy': 'mean'}. Best is trial 86 with value: 0.17575680860865103.
running
[I 2024-10-08 13:48:56,364] Trial 94 finished with value: 0.1796212873599373 and parameters: {'model_name': 'VAE', 'batch_size': 147, 'iterations': 2, 'learning_rate': 0.00011905977454353979, 'p_miss': 0.08943028516610962}. Best is trial 86 with value: 0.17575680860865103.
running
[I 2024-10-08 13:49:03,096] Trial 95 finished with value: 0.3949466309350629 and parameters: {'model_name': 'GAIN', 'batch_size': 143, 'hint_rate': 0.06429057270804645, 'alpha': 52, 'iterations': 2, 'learning_rate': 0.0001144656232848428, 'p_miss': 0.08252165375115333}. Best is trial 86 with value: 0.17575680860865103.
running
[I 2024-10-08 13:49:23,632] Trial 96 finished with value: 0.1813116140734409 and parameters: {'model_name': 'VAE', 'batch_size': 146, 'iterations': 2, 'learning_rate': 0.004681663973602257, 'p_miss': 0.09627237151347993}. Best is trial 86 with value: 0.17575680860865103.
running
[I 2024-10-08 13:49:44,460] Trial 97 finished with value: 0.17502847273822905 and parameters: {'model_name': 'VAE', 'batch_size': 42, 'iterations': 5, 'learning_rate': 0.0015364730073473797, 'p_miss': 0.14506852124573683}. Best is trial 97 with value: 0.17502847273822905.
running
[I 2024-10-08 15:00:46,822] Trial 84 finished with value: 0.3889483117201419 and parameters: {'model_name': 'GAIN', 'batch_size': 11, 'hint_rate': 0.03168689390997098, 'alpha': 57, 'iterations': 5651, 'learning_rate': 0.007577153266942832, 'p_miss': 0.17672814313495172}. Best is trial 97 with value: 0.17502847273822905.
running
[I 2024-10-08 15:01:05,599] Trial 99 finished with value: 0.17774323983796741 and parameters: {'model_name': 'VAE', 'batch_size': 47, 'iterations': 5, 'learning_rate': 0.0017898847802628591, 'p_miss': 0.15839523317291165}. Best is trial 97 with value: 0.17502847273822905.
running
[I 2024-10-08 15:01:27,473] Trial 100 finished with value: 0.17711295816368522 and parameters: {'model_name': 'VAE', 'batch_size': 31, 'iterations': 5, 'learning_rate': 0.0012667239180778646, 'p_miss': 0.16026118520296145}. Best is trial 97 with value: 0.17502847273822905.
running
[I 2024-10-08 15:01:53,017] Trial 101 finished with value: 0.17997243941922894 and parameters: {'model_name': 'VAE', 'batch_size': 41, 'iterations': 6, 'learning_rate': 0.0010191930486521368, 'p_miss': 0.24723605639528057}. Best is trial 97 with value: 0.17502847273822905.
running
[I 2024-10-08 15:02:43,586] Trial 102 finished with value: 0.17703283068224274 and parameters: {'model_name': 'VAE', 'batch_size': 35, 'iterations': 12, 'learning_rate': 0.0013952346829798265, 'p_miss': 0.15835953402487907}. Best is trial 97 with value: 0.17502847273822905.
running
[I 2024-10-08 15:02:49,706] Trial 103 finished with value: 0.25731192959567456 and parameters: {'model_name': 'KNNImputer', 'n_neighbors': 3035, 'weights': 'distance'}. Best is trial 97 with value: 0.17502847273822905.
running
[I 2024-10-08 15:03:40,308] Trial 104 finished with value: 0.18062989411266703 and parameters: {'model_name': 'VAE', 'batch_size': 54, 'iterations': 12, 'learning_rate': 0.001282915746934251, 'p_miss': 0.1604913374960116}. Best is trial 97 with value: 0.17502847273822905.
running
[I 2024-10-08 15:06:11,191] Trial 105 finished with value: 0.1854773277397906 and parameters: {'model_name': 'VAE', 'batch_size': 15, 'iterations': 46, 'learning_rate': 0.001963777989716762, 'p_miss': 0.14830507802729448}. Best is trial 97 with value: 0.17502847273822905.
running
[I 2024-10-08 15:06:38,894] Trial 106 finished with value: 0.17787171068297897 and parameters: {'model_name': 'VAE', 'batch_size': 32, 'iterations': 6, 'learning_rate': 0.0015183493972259542, 'p_miss': 0.18906556729973578}. Best is trial 97 with value: 0.17502847273822905.
running
[I 2024-10-08 15:07:03,157] Trial 107 finished with value: 0.17849271291690905 and parameters: {'model_name': 'VAE', 'batch_size': 40, 'iterations': 5, 'learning_rate': 0.0014125265684297075, 'p_miss': 0.18943563750484793}. Best is trial 97 with value: 0.17502847273822905.
running
[I 2024-10-08 15:07:22,846] Trial 108 finished with value: 0.17289805483369056 and parameters: {'model_name': 'VAE', 'batch_size': 21, 'iterations': 5, 'learning_rate': 0.000651105134926864, 'p_miss': 0.2124267281407042}. Best is trial 108 with value: 0.17289805483369056.
running
[I 2024-10-08 15:07:42,585] Trial 109 finished with value: 0.17775974110932943 and parameters: {'model_name': 'VAE', 'batch_size': 4, 'iterations': 4, 'learning_rate': 0.0004719786194393713, 'p_miss': 0.22755611309400992}. Best is trial 108 with value: 0.17289805483369056.
running
[I 2024-10-08 15:08:16,159] Trial 110 finished with value: 0.17642172822316415 and parameters: {'model_name': 'VAE', 'batch_size': 22, 'iterations': 10, 'learning_rate': 0.0024745051188332884, 'p_miss': 0.16400018304983927}. Best is trial 108 with value: 0.17289805483369056.
running
[I 2024-10-08 15:08:16,700] Trial 111 finished with value: 0.23624408670613248 and parameters: {'model_name': 'SimpleImputer', 'strategy': 'mean'}. Best is trial 108 with value: 0.17289805483369056.
running
[I 2024-10-08 15:09:51,315] Trial 112 finished with value: 0.1755872739834527 and parameters: {'model_name': 'VAE', 'batch_size': 21, 'iterations': 22, 'learning_rate': 0.0007180983513743473, 'p_miss': 0.20171498727326975}. Best is trial 108 with value: 0.17289805483369056.
running
[I 2024-10-08 15:11:17,492] Trial 113 finished with value: 0.17396459280332072 and parameters: {'model_name': 'VAE', 'batch_size': 22, 'iterations': 22, 'learning_rate': 0.0006842605800868271, 'p_miss': 0.21720772017328827}. Best is trial 108 with value: 0.17289805483369056.
running
[I 2024-10-08 15:13:08,736] Trial 114 finished with value: 0.17351317394175558 and parameters: {'model_name': 'VAE', 'batch_size': 19, 'iterations': 27, 'learning_rate': 0.0006603802427334489, 'p_miss': 0.24840528559792213}. Best is trial 108 with value: 0.17289805483369056.
running
[I 2024-10-08 15:14:43,870] Trial 115 finished with value: 0.17847234028717732 and parameters: {'model_name': 'VAE', 'batch_size': 22, 'iterations': 29, 'learning_rate': 0.0007009571474074905, 'p_miss': 0.25140812121131595}. Best is trial 108 with value: 0.17289805483369056.
running
[I 2024-10-08 15:15:45,625] Trial 116 finished with value: 0.18329038318068652 and parameters: {'model_name': 'VAE', 'batch_size': 12, 'iterations': 15, 'learning_rate': 0.0003479761823334601, 'p_miss': 0.2105984943786869}. Best is trial 108 with value: 0.17289805483369056.
running
[I 2024-10-08 15:17:06,661] Trial 117 finished with value: 0.1755949600054986 and parameters: {'model_name': 'VAE', 'batch_size': 8, 'iterations': 20, 'learning_rate': 0.0006960235406716429, 'p_miss': 0.2685651125031492}. Best is trial 108 with value: 0.17289805483369056.
running
[I 2024-10-08 15:19:49,928] Trial 118 finished with value: 0.18193901233390805 and parameters: {'model_name': 'VAE', 'batch_size': 8, 'iterations': 40, 'learning_rate': 0.0008497163851499636, 'p_miss': 0.2606125522140766}. Best is trial 108 with value: 0.17289805483369056.
running
[I 2024-10-08 15:21:10,248] Trial 119 finished with value: 0.1791356411611869 and parameters: {'model_name': 'VAE', 'batch_size': 19, 'iterations': 22, 'learning_rate': 0.0005753912712732793, 'p_miss': 0.2757362601556706}. Best is trial 108 with value: 0.17289805483369056.
running
[I 2024-10-08 15:25:06,804] Trial 120 finished with value: 0.1745300492939775 and parameters: {'model_name': 'VAE', 'batch_size': 7, 'iterations': 70, 'learning_rate': 0.0003566421015170356, 'p_miss': 0.22319582362793017}. Best is trial 108 with value: 0.17289805483369056.
running
[I 2024-10-08 15:27:50,399] Trial 121 finished with value: 0.17527895238268135 and parameters: {'model_name': 'VAE', 'batch_size': 6, 'iterations': 45, 'learning_rate': 0.00028432711270822244, 'p_miss': 0.21972824654307735}. Best is trial 108 with value: 0.17289805483369056.
running
[I 2024-10-08 15:35:04,690] Trial 122 finished with value: 0.17695742238291157 and parameters: {'model_name': 'VAE', 'batch_size': 7, 'iterations': 111, 'learning_rate': 0.0002481801650730555, 'p_miss': 0.22595903505239115}. Best is trial 108 with value: 0.17289805483369056.
running
[I 2024-10-08 15:40:40,569] Trial 123 finished with value: 0.1769469401604979 and parameters: {'model_name': 'VAE', 'batch_size': 5, 'iterations': 92, 'learning_rate': 0.0002635308023394152, 'p_miss': 0.20323976711627303}. Best is trial 108 with value: 0.17289805483369056.
running
[I 2024-10-08 15:40:43,888] Trial 124 finished with value: 0.250527525393262 and parameters: {'model_name': 'KNNImputer', 'n_neighbors': 33, 'weights': 'distance'}. Best is trial 108 with value: 0.17289805483369056.
running
[I 2024-10-08 15:44:15,457] Trial 125 finished with value: 0.17495627861000862 and parameters: {'model_name': 'VAE', 'batch_size': 2, 'iterations': 52, 'learning_rate': 0.0004286318169516929, 'p_miss': 0.21833048255965495}. Best is trial 108 with value: 0.17289805483369056.
running
[I 2024-10-08 15:47:22,120] Trial 126 finished with value: 0.1761480996081989 and parameters: {'model_name': 'VAE', 'batch_size': 2, 'iterations': 56, 'learning_rate': 0.0004134062571464339, 'p_miss': 0.22077642311529067}. Best is trial 108 with value: 0.17289805483369056.
running
[I 2024-10-08 15:50:49,352] Trial 127 finished with value: 0.17637568110144772 and parameters: {'model_name': 'VAE', 'batch_size': 1, 'iterations': 54, 'learning_rate': 0.00039222652358229056, 'p_miss': 0.2220479311036492}. Best is trial 108 with value: 0.17289805483369056.
running
[I 2024-10-08 15:59:21,246] Trial 128 finished with value: 0.18350832925609933 and parameters: {'model_name': 'VAE', 'batch_size': 2, 'iterations': 149, 'learning_rate': 0.0004704927100223616, 'p_miss': 0.23504755031804583}. Best is trial 108 with value: 0.17289805483369056.
running
[I 2024-10-08 16:03:42,047] Trial 129 finished with value: 0.1819163753249227 and parameters: {'model_name': 'VAE', 'batch_size': 2, 'iterations': 64, 'learning_rate': 0.000666695811916115, 'p_miss': 0.2182885560366306}. Best is trial 108 with value: 0.17289805483369056.
running
