Run: 39
/cm/local/apps/slurm/var/spool/job1069612/slurm_script: line 27: 
pip install -e tpot2
pip install -r tpot2/ImputerExperiments/requirements_.txt
: No such file or directory
RunStart
Version 0.1.7a0 of tpot2 is outdated. Version 0.1.8a0 was released Tuesday September 17, 2024.
starting loops
../data/c/40922/40922.pkl
working on 
../data/c/40922/class_simple_MCAR_0.3_2
2.540980815887451
running experiment 1/3 - Does large hyperparameter space improve reconstruction accuracy over simple
[I 2024-11-24 04:52:13,637] A new study created in memory with name: no-name-0cccc15e-21ea-4f6e-b263-a70347644033
running
running
running
running
running
running
running
running
running
running
running
running
running
running
running
running
[I 2024-11-24 04:52:14,094] Trial 9 finished with value: 0.4319945552593074 and parameters: {'model_name': 'SimpleImputer', 'strategy': 'constant'}. Best is trial 9 with value: 0.4319945552593074.
running
[I 2024-11-24 04:52:14,333] Trial 3 finished with value: 0.4319945552593074 and parameters: {'model_name': 'SimpleImputer', 'strategy': 'constant'}. Best is trial 9 with value: 0.4319945552593074.
running
[I 2024-11-24 04:52:14,492] Trial 1 finished with value: 0.4319945552593074 and parameters: {'model_name': 'SimpleImputer', 'strategy': 'constant'}. Best is trial 9 with value: 0.4319945552593074.
running
[I 2024-11-24 04:52:14,634] Trial 4 finished with value: 0.4319945552593074 and parameters: {'model_name': 'SimpleImputer', 'strategy': 'constant'}. Best is trial 9 with value: 0.4319945552593074.
running
[I 2024-11-24 04:52:14,748] Trial 5 finished with value: 0.4319945552593074 and parameters: {'model_name': 'SimpleImputer', 'strategy': 'constant'}. Best is trial 9 with value: 0.4319945552593074.
running
[I 2024-11-24 04:52:14,894] Trial 15 finished with value: 0.4319945552593074 and parameters: {'model_name': 'SimpleImputer', 'strategy': 'constant'}. Best is trial 9 with value: 0.4319945552593074.
[I 2024-11-24 04:52:15,000] Trial 0 finished with value: 0.15094105796375706 and parameters: {'model_name': 'SimpleImputer', 'strategy': 'mean'}. Best is trial 0 with value: 0.15094105796375706.
running
running
[I 2024-11-24 04:52:15,320] Trial 2 finished with value: 0.08564761572275324 and parameters: {'model_name': 'SimpleImputer', 'strategy': 'median'}. Best is trial 2 with value: 0.08564761572275324.
running
[I 2024-11-24 04:52:15,470] Trial 6 finished with value: 0.08564761572275324 and parameters: {'model_name': 'SimpleImputer', 'strategy': 'median'}. Best is trial 2 with value: 0.08564761572275324.
running
[I 2024-11-24 04:52:15,882] Trial 19 finished with value: 0.15094105796375706 and parameters: {'model_name': 'SimpleImputer', 'strategy': 'mean'}. Best is trial 2 with value: 0.08564761572275324.
running
[I 2024-11-24 04:52:16,079] Trial 20 finished with value: 0.15094105796375706 and parameters: {'model_name': 'SimpleImputer', 'strategy': 'mean'}. Best is trial 2 with value: 0.08564761572275324.
running
[I 2024-11-24 04:52:16,207] Trial 22 finished with value: 0.15094105796375706 and parameters: {'model_name': 'SimpleImputer', 'strategy': 'mean'}. Best is trial 2 with value: 0.08564761572275324.
running
[I 2024-11-24 04:52:16,363] Trial 16 finished with value: 0.08564761572275324 and parameters: {'model_name': 'SimpleImputer', 'strategy': 'median'}. Best is trial 2 with value: 0.08564761572275324.
[I 2024-11-24 04:52:16,500] Trial 11 finished with value: 0.4319945552593074 and parameters: {'model_name': 'SimpleImputer', 'strategy': 'most_frequent'}. Best is trial 2 with value: 0.08564761572275324.
[I 2024-11-24 04:52:16,614] Trial 10 finished with value: 0.4319945552593074 and parameters: {'model_name': 'SimpleImputer', 'strategy': 'most_frequent'}. Best is trial 2 with value: 0.08564761572275324.
running
running
running
[I 2024-11-24 04:52:16,748] Trial 18 finished with value: 0.08564761572275324 and parameters: {'model_name': 'SimpleImputer', 'strategy': 'median'}. Best is trial 2 with value: 0.08564761572275324.
[I 2024-11-24 04:52:16,883] Trial 8 finished with value: 0.4319945552593074 and parameters: {'model_name': 'SimpleImputer', 'strategy': 'most_frequent'}. Best is trial 2 with value: 0.08564761572275324.
running
running
[I 2024-11-24 04:52:17,056] Trial 14 finished with value: 0.4319945552593074 and parameters: {'model_name': 'SimpleImputer', 'strategy': 'most_frequent'}. Best is trial 2 with value: 0.08564761572275324.
running
[I 2024-11-24 04:52:17,227] Trial 24 finished with value: 0.15094105796375706 and parameters: {'model_name': 'SimpleImputer', 'strategy': 'mean'}. Best is trial 2 with value: 0.08564761572275324.
running
[I 2024-11-24 04:52:17,337] Trial 17 finished with value: 0.08564761572275324 and parameters: {'model_name': 'SimpleImputer', 'strategy': 'median'}. Best is trial 2 with value: 0.08564761572275324.
running
[I 2024-11-24 04:52:17,498] Trial 7 finished with value: 0.4319945552593074 and parameters: {'model_name': 'SimpleImputer', 'strategy': 'most_frequent'}. Best is trial 2 with value: 0.08564761572275324.
running
[I 2024-11-24 04:52:17,630] Trial 13 finished with value: 0.4319945552593074 and parameters: {'model_name': 'SimpleImputer', 'strategy': 'most_frequent'}. Best is trial 2 with value: 0.08564761572275324.
running
[I 2024-11-24 04:52:17,744] Trial 12 finished with value: 0.4319945552593074 and parameters: {'model_name': 'SimpleImputer', 'strategy': 'most_frequent'}. Best is trial 2 with value: 0.08564761572275324.
running
[I 2024-11-24 04:52:18,060] Trial 23 finished with value: 0.08564761572275324 and parameters: {'model_name': 'SimpleImputer', 'strategy': 'median'}. Best is trial 2 with value: 0.08564761572275324.
running
[I 2024-11-24 04:52:18,333] Trial 25 finished with value: 0.08564761572275324 and parameters: {'model_name': 'SimpleImputer', 'strategy': 'median'}. Best is trial 2 with value: 0.08564761572275324.
running
[I 2024-11-24 04:52:18,507] Trial 21 finished with value: 0.4319945552593074 and parameters: {'model_name': 'SimpleImputer', 'strategy': 'most_frequent'}. Best is trial 2 with value: 0.08564761572275324.
running
[I 2024-11-24 04:52:18,797] Trial 30 finished with value: 0.08564761572275324 and parameters: {'model_name': 'SimpleImputer', 'strategy': 'median'}. Best is trial 2 with value: 0.08564761572275324.
[I 2024-11-24 04:52:18,933] Trial 27 finished with value: 0.08564761572275324 and parameters: {'model_name': 'SimpleImputer', 'strategy': 'median'}. Best is trial 2 with value: 0.08564761572275324.
running
running
[I 2024-11-24 04:52:19,128] Trial 32 finished with value: 0.08564761572275324 and parameters: {'model_name': 'SimpleImputer', 'strategy': 'median'}. Best is trial 2 with value: 0.08564761572275324.
[I 2024-11-24 04:52:19,264] Trial 28 finished with value: 0.08564761572275324 and parameters: {'model_name': 'SimpleImputer', 'strategy': 'median'}. Best is trial 2 with value: 0.08564761572275324.
running
running
[I 2024-11-24 04:52:19,407] Trial 26 finished with value: 0.08564761572275324 and parameters: {'model_name': 'SimpleImputer', 'strategy': 'median'}. Best is trial 2 with value: 0.08564761572275324.
running
[I 2024-11-24 04:52:19,568] Trial 31 finished with value: 0.08564761572275324 and parameters: {'model_name': 'SimpleImputer', 'strategy': 'median'}. Best is trial 2 with value: 0.08564761572275324.
running
[I 2024-11-24 04:52:19,692] Trial 33 finished with value: 0.08564761572275324 and parameters: {'model_name': 'SimpleImputer', 'strategy': 'median'}. Best is trial 2 with value: 0.08564761572275324.
[I 2024-11-24 04:52:19,830] Trial 35 finished with value: 0.08564761572275324 and parameters: {'model_name': 'SimpleImputer', 'strategy': 'median'}. Best is trial 2 with value: 0.08564761572275324.
running
[I 2024-11-24 04:52:19,967] Trial 29 finished with value: 0.08564761572275324 and parameters: {'model_name': 'SimpleImputer', 'strategy': 'median'}. Best is trial 2 with value: 0.08564761572275324.
running
[I 2024-11-24 04:52:20,079] Trial 36 finished with value: 0.08564761572275324 and parameters: {'model_name': 'SimpleImputer', 'strategy': 'median'}. Best is trial 2 with value: 0.08564761572275324.
running
running
[I 2024-11-24 04:52:20,229] Trial 34 finished with value: 0.08564761572275324 and parameters: {'model_name': 'SimpleImputer', 'strategy': 'median'}. Best is trial 2 with value: 0.08564761572275324.
[I 2024-11-24 04:52:20,368] Trial 37 finished with value: 0.08564761572275324 and parameters: {'model_name': 'SimpleImputer', 'strategy': 'median'}. Best is trial 2 with value: 0.08564761572275324.
[I 2024-11-24 04:52:20,470] Trial 38 finished with value: 0.08564761572275324 and parameters: {'model_name': 'SimpleImputer', 'strategy': 'median'}. Best is trial 2 with value: 0.08564761572275324.
running
running
running
[I 2024-11-24 04:52:20,886] Trial 39 finished with value: 0.08564761572275324 and parameters: {'model_name': 'SimpleImputer', 'strategy': 'median'}. Best is trial 2 with value: 0.08564761572275324.
running
[I 2024-11-24 04:52:21,071] Trial 40 finished with value: 0.08564761572275324 and parameters: {'model_name': 'SimpleImputer', 'strategy': 'median'}. Best is trial 2 with value: 0.08564761572275324.
running
[I 2024-11-24 04:52:21,360] Trial 41 finished with value: 0.08564761572275324 and parameters: {'model_name': 'SimpleImputer', 'strategy': 'median'}. Best is trial 2 with value: 0.08564761572275324.
running
[I 2024-11-24 04:52:21,544] Trial 42 finished with value: 0.08564761572275324 and parameters: {'model_name': 'SimpleImputer', 'strategy': 'median'}. Best is trial 2 with value: 0.08564761572275324.
running
[I 2024-11-24 04:52:21,754] Trial 43 finished with value: 0.08564761572275324 and parameters: {'model_name': 'SimpleImputer', 'strategy': 'median'}. Best is trial 2 with value: 0.08564761572275324.
running
[I 2024-11-24 04:52:21,940] Trial 50 finished with value: 0.08564761572275324 and parameters: {'model_name': 'SimpleImputer', 'strategy': 'median'}. Best is trial 2 with value: 0.08564761572275324.
running
[I 2024-11-24 04:52:22,092] Trial 48 finished with value: 0.08564761572275324 and parameters: {'model_name': 'SimpleImputer', 'strategy': 'median'}. Best is trial 2 with value: 0.08564761572275324.
[I 2024-11-24 04:52:22,211] Trial 44 finished with value: 0.08564761572275324 and parameters: {'model_name': 'SimpleImputer', 'strategy': 'median'}. Best is trial 2 with value: 0.08564761572275324.
running
running
[I 2024-11-24 04:52:22,372] Trial 45 finished with value: 0.08564761572275324 and parameters: {'model_name': 'SimpleImputer', 'strategy': 'median'}. Best is trial 2 with value: 0.08564761572275324.
running
[I 2024-11-24 04:52:22,553] Trial 47 finished with value: 0.08564761572275324 and parameters: {'model_name': 'SimpleImputer', 'strategy': 'median'}. Best is trial 2 with value: 0.08564761572275324.
running
[I 2024-11-24 04:52:22,705] Trial 52 finished with value: 0.08564761572275324 and parameters: {'model_name': 'SimpleImputer', 'strategy': 'median'}. Best is trial 2 with value: 0.08564761572275324.
[I 2024-11-24 04:52:22,818] Trial 46 finished with value: 0.08564761572275324 and parameters: {'model_name': 'SimpleImputer', 'strategy': 'median'}. Best is trial 2 with value: 0.08564761572275324.
running
running
[I 2024-11-24 04:52:22,983] Trial 53 finished with value: 0.08564761572275324 and parameters: {'model_name': 'SimpleImputer', 'strategy': 'median'}. Best is trial 2 with value: 0.08564761572275324.
[I 2024-11-24 04:52:23,129] Trial 49 finished with value: 0.08564761572275324 and parameters: {'model_name': 'SimpleImputer', 'strategy': 'median'}. Best is trial 2 with value: 0.08564761572275324.
running
running
[I 2024-11-24 04:52:23,277] Trial 51 finished with value: 0.08564761572275324 and parameters: {'model_name': 'SimpleImputer', 'strategy': 'median'}. Best is trial 2 with value: 0.08564761572275324.
running
[I 2024-11-24 04:52:23,423] Trial 54 finished with value: 0.08564761572275324 and parameters: {'model_name': 'SimpleImputer', 'strategy': 'median'}. Best is trial 2 with value: 0.08564761572275324.
running
[I 2024-11-24 04:52:23,541] Trial 55 finished with value: 0.4319945552593074 and parameters: {'model_name': 'SimpleImputer', 'strategy': 'constant'}. Best is trial 2 with value: 0.08564761572275324.
running
[I 2024-11-24 04:52:23,824] Trial 57 finished with value: 0.4319945552593074 and parameters: {'model_name': 'SimpleImputer', 'strategy': 'constant'}. Best is trial 2 with value: 0.08564761572275324.
running
[I 2024-11-24 04:52:23,967] Trial 58 finished with value: 0.4319945552593074 and parameters: {'model_name': 'SimpleImputer', 'strategy': 'constant'}. Best is trial 2 with value: 0.08564761572275324.
running
[I 2024-11-24 04:52:24,250] Trial 59 finished with value: 0.4319945552593074 and parameters: {'model_name': 'SimpleImputer', 'strategy': 'constant'}. Best is trial 2 with value: 0.08564761572275324.
[I 2024-11-24 04:52:24,433] Trial 60 finished with value: 0.4319945552593074 and parameters: {'model_name': 'SimpleImputer', 'strategy': 'constant'}. Best is trial 2 with value: 0.08564761572275324.
running
running
[I 2024-11-24 04:52:24,571] Trial 61 finished with value: 0.4319945552593074 and parameters: {'model_name': 'SimpleImputer', 'strategy': 'constant'}. Best is trial 2 with value: 0.08564761572275324.
[I 2024-11-24 04:52:24,667] Trial 63 finished with value: 0.4319945552593074 and parameters: {'model_name': 'SimpleImputer', 'strategy': 'constant'}. Best is trial 2 with value: 0.08564761572275324.
running
running
[I 2024-11-24 04:52:24,776] Trial 56 finished with value: 0.08564761572275324 and parameters: {'model_name': 'SimpleImputer', 'strategy': 'median'}. Best is trial 2 with value: 0.08564761572275324.
running
[I 2024-11-24 04:52:24,943] Trial 62 finished with value: 0.4319945552593074 and parameters: {'model_name': 'SimpleImputer', 'strategy': 'constant'}. Best is trial 2 with value: 0.08564761572275324.
running
[I 2024-11-24 04:52:25,091] Trial 66 finished with value: 0.4319945552593074 and parameters: {'model_name': 'SimpleImputer', 'strategy': 'constant'}. Best is trial 2 with value: 0.08564761572275324.
running
[I 2024-11-24 04:52:25,260] Trial 68 finished with value: 0.4319945552593074 and parameters: {'model_name': 'SimpleImputer', 'strategy': 'constant'}. Best is trial 2 with value: 0.08564761572275324.
running
[I 2024-11-24 04:52:25,370] Trial 64 finished with value: 0.4319945552593074 and parameters: {'model_name': 'SimpleImputer', 'strategy': 'constant'}. Best is trial 2 with value: 0.08564761572275324.
[I 2024-11-24 04:52:25,512] Trial 71 finished with value: 0.4319945552593074 and parameters: {'model_name': 'SimpleImputer', 'strategy': 'constant'}. Best is trial 2 with value: 0.08564761572275324.
running
running
[I 2024-11-24 04:52:25,641] Trial 65 finished with value: 0.4319945552593074 and parameters: {'model_name': 'SimpleImputer', 'strategy': 'constant'}. Best is trial 2 with value: 0.08564761572275324.
running
[I 2024-11-24 04:52:25,893] Trial 69 finished with value: 0.4319945552593074 and parameters: {'model_name': 'SimpleImputer', 'strategy': 'constant'}. Best is trial 2 with value: 0.08564761572275324.
running
[I 2024-11-24 04:52:26,054] Trial 67 finished with value: 0.15094105796375706 and parameters: {'model_name': 'SimpleImputer', 'strategy': 'mean'}. Best is trial 2 with value: 0.08564761572275324.
running
[I 2024-11-24 04:52:26,233] Trial 70 finished with value: 0.15094105796375706 and parameters: {'model_name': 'SimpleImputer', 'strategy': 'mean'}. Best is trial 2 with value: 0.08564761572275324.
running
[I 2024-11-24 04:52:26,538] Trial 73 finished with value: 0.15094105796375706 and parameters: {'model_name': 'SimpleImputer', 'strategy': 'mean'}. Best is trial 2 with value: 0.08564761572275324.
running
[I 2024-11-24 04:52:26,666] Trial 72 finished with value: 0.15094105796375706 and parameters: {'model_name': 'SimpleImputer', 'strategy': 'mean'}. Best is trial 2 with value: 0.08564761572275324.
running
[I 2024-11-24 04:52:26,860] Trial 74 finished with value: 0.15094105796375706 and parameters: {'model_name': 'SimpleImputer', 'strategy': 'mean'}. Best is trial 2 with value: 0.08564761572275324.
running
[I 2024-11-24 04:52:26,972] Trial 77 finished with value: 0.15094105796375706 and parameters: {'model_name': 'SimpleImputer', 'strategy': 'mean'}. Best is trial 2 with value: 0.08564761572275324.
running
[I 2024-11-24 04:52:27,096] Trial 75 finished with value: 0.15094105796375706 and parameters: {'model_name': 'SimpleImputer', 'strategy': 'mean'}. Best is trial 2 with value: 0.08564761572275324.
running
[I 2024-11-24 04:52:27,212] Trial 78 finished with value: 0.15094105796375706 and parameters: {'model_name': 'SimpleImputer', 'strategy': 'mean'}. Best is trial 2 with value: 0.08564761572275324.
running
[I 2024-11-24 04:52:27,358] Trial 76 finished with value: 0.15094105796375706 and parameters: {'model_name': 'SimpleImputer', 'strategy': 'mean'}. Best is trial 2 with value: 0.08564761572275324.
running
[I 2024-11-24 04:52:27,477] Trial 81 finished with value: 0.15094105796375706 and parameters: {'model_name': 'SimpleImputer', 'strategy': 'mean'}. Best is trial 2 with value: 0.08564761572275324.
running
[I 2024-11-24 04:52:27,618] Trial 79 finished with value: 0.15094105796375706 and parameters: {'model_name': 'SimpleImputer', 'strategy': 'mean'}. Best is trial 2 with value: 0.08564761572275324.
running
[I 2024-11-24 04:52:27,751] Trial 80 finished with value: 0.15094105796375706 and parameters: {'model_name': 'SimpleImputer', 'strategy': 'mean'}. Best is trial 2 with value: 0.08564761572275324.
running
[I 2024-11-24 04:52:27,970] Trial 82 finished with value: 0.15094105796375706 and parameters: {'model_name': 'SimpleImputer', 'strategy': 'mean'}. Best is trial 2 with value: 0.08564761572275324.
running
[I 2024-11-24 04:52:28,150] Trial 83 finished with value: 0.15094105796375706 and parameters: {'model_name': 'SimpleImputer', 'strategy': 'mean'}. Best is trial 2 with value: 0.08564761572275324.
running
[I 2024-11-24 04:52:28,277] Trial 84 finished with value: 0.15094105796375706 and parameters: {'model_name': 'SimpleImputer', 'strategy': 'mean'}. Best is trial 2 with value: 0.08564761572275324.
running
[I 2024-11-24 04:52:28,910] Trial 91 finished with value: 0.08564761572275324 and parameters: {'model_name': 'SimpleImputer', 'strategy': 'median'}. Best is trial 2 with value: 0.08564761572275324.
running
[I 2024-11-24 04:52:29,095] Trial 96 finished with value: 0.08564761572275324 and parameters: {'model_name': 'SimpleImputer', 'strategy': 'median'}. Best is trial 2 with value: 0.08564761572275324.
running
[I 2024-11-24 04:52:29,316] Trial 86 finished with value: 0.4319945552593074 and parameters: {'model_name': 'SimpleImputer', 'strategy': 'most_frequent'}. Best is trial 2 with value: 0.08564761572275324.
running
[I 2024-11-24 04:52:29,484] Trial 97 finished with value: 0.08564761572275324 and parameters: {'model_name': 'SimpleImputer', 'strategy': 'median'}. Best is trial 2 with value: 0.08564761572275324.
running
[I 2024-11-24 04:52:29,671] Trial 85 finished with value: 0.4319945552593074 and parameters: {'model_name': 'SimpleImputer', 'strategy': 'most_frequent'}. Best is trial 2 with value: 0.08564761572275324.
running
[I 2024-11-24 04:52:29,900] Trial 98 finished with value: 0.08564761572275324 and parameters: {'model_name': 'SimpleImputer', 'strategy': 'median'}. Best is trial 2 with value: 0.08564761572275324.
running
[I 2024-11-24 04:52:30,050] Trial 99 finished with value: 0.08564761572275324 and parameters: {'model_name': 'SimpleImputer', 'strategy': 'median'}. Best is trial 2 with value: 0.08564761572275324.
running
[I 2024-11-24 04:52:30,191] Trial 100 finished with value: 0.08564761572275324 and parameters: {'model_name': 'SimpleImputer', 'strategy': 'median'}. Best is trial 2 with value: 0.08564761572275324.
running
[I 2024-11-24 04:52:30,312] Trial 87 finished with value: 0.4319945552593074 and parameters: {'model_name': 'SimpleImputer', 'strategy': 'most_frequent'}. Best is trial 2 with value: 0.08564761572275324.
running
[I 2024-11-24 04:52:30,446] Trial 88 finished with value: 0.4319945552593074 and parameters: {'model_name': 'SimpleImputer', 'strategy': 'most_frequent'}. Best is trial 2 with value: 0.08564761572275324.
running
[I 2024-11-24 04:52:30,566] Trial 90 finished with value: 0.4319945552593074 and parameters: {'model_name': 'SimpleImputer', 'strategy': 'most_frequent'}. Best is trial 2 with value: 0.08564761572275324.
running
[I 2024-11-24 04:52:30,725] Trial 94 finished with value: 0.4319945552593074 and parameters: {'model_name': 'SimpleImputer', 'strategy': 'most_frequent'}. Best is trial 2 with value: 0.08564761572275324.
running
[I 2024-11-24 04:52:30,887] Trial 95 finished with value: 0.4319945552593074 and parameters: {'model_name': 'SimpleImputer', 'strategy': 'most_frequent'}. Best is trial 2 with value: 0.08564761572275324.
running
[I 2024-11-24 04:52:31,007] Trial 93 finished with value: 0.4319945552593074 and parameters: {'model_name': 'SimpleImputer', 'strategy': 'most_frequent'}. Best is trial 2 with value: 0.08564761572275324.
running
[I 2024-11-24 04:52:31,187] Trial 92 finished with value: 0.4319945552593074 and parameters: {'model_name': 'SimpleImputer', 'strategy': 'most_frequent'}. Best is trial 2 with value: 0.08564761572275324.
running
[I 2024-11-24 04:52:31,315] Trial 89 finished with value: 0.4319945552593074 and parameters: {'model_name': 'SimpleImputer', 'strategy': 'most_frequent'}. Best is trial 2 with value: 0.08564761572275324.
running
[I 2024-11-24 04:52:31,668] Trial 101 finished with value: 0.08564761572275324 and parameters: {'model_name': 'SimpleImputer', 'strategy': 'median'}. Best is trial 2 with value: 0.08564761572275324.
running
[I 2024-11-24 04:52:31,993] Trial 103 finished with value: 0.08564761572275324 and parameters: {'model_name': 'SimpleImputer', 'strategy': 'median'}. Best is trial 2 with value: 0.08564761572275324.
running
[I 2024-11-24 04:52:32,142] Trial 105 finished with value: 0.08564761572275324 and parameters: {'model_name': 'SimpleImputer', 'strategy': 'median'}. Best is trial 2 with value: 0.08564761572275324.
running
[I 2024-11-24 04:52:32,277] Trial 107 finished with value: 0.08564761572275324 and parameters: {'model_name': 'SimpleImputer', 'strategy': 'median'}. Best is trial 2 with value: 0.08564761572275324.
running
[I 2024-11-24 04:52:32,485] Trial 106 finished with value: 0.08564761572275324 and parameters: {'model_name': 'SimpleImputer', 'strategy': 'median'}. Best is trial 2 with value: 0.08564761572275324.
[I 2024-11-24 04:52:32,640] Trial 112 finished with value: 0.08564761572275324 and parameters: {'model_name': 'SimpleImputer', 'strategy': 'median'}. Best is trial 2 with value: 0.08564761572275324.
running
running
[I 2024-11-24 04:52:32,789] Trial 110 finished with value: 0.08564761572275324 and parameters: {'model_name': 'SimpleImputer', 'strategy': 'median'}. Best is trial 2 with value: 0.08564761572275324.
running
[I 2024-11-24 04:52:32,902] Trial 104 finished with value: 0.08564761572275324 and parameters: {'model_name': 'SimpleImputer', 'strategy': 'median'}. Best is trial 2 with value: 0.08564761572275324.
running
[I 2024-11-24 04:52:33,064] Trial 109 finished with value: 0.08564761572275324 and parameters: {'model_name': 'SimpleImputer', 'strategy': 'median'}. Best is trial 2 with value: 0.08564761572275324.
[I 2024-11-24 04:52:33,210] Trial 111 finished with value: 0.08564761572275324 and parameters: {'model_name': 'SimpleImputer', 'strategy': 'median'}. Best is trial 2 with value: 0.08564761572275324.
[I 2024-11-24 04:52:33,323] Trial 113 finished with value: 0.08564761572275324 and parameters: {'model_name': 'SimpleImputer', 'strategy': 'median'}. Best is trial 2 with value: 0.08564761572275324.
running
running
running
[I 2024-11-24 04:52:33,443] Trial 115 finished with value: 0.08564761572275324 and parameters: {'model_name': 'SimpleImputer', 'strategy': 'median'}. Best is trial 2 with value: 0.08564761572275324.
running
[I 2024-11-24 04:52:33,571] Trial 102 finished with value: 0.4319945552593074 and parameters: {'model_name': 'SimpleImputer', 'strategy': 'most_frequent'}. Best is trial 2 with value: 0.08564761572275324.
[I 2024-11-24 04:52:33,669] Trial 108 finished with value: 0.08564761572275324 and parameters: {'model_name': 'SimpleImputer', 'strategy': 'median'}. Best is trial 2 with value: 0.08564761572275324.
running
running
[I 2024-11-24 04:52:33,851] Trial 114 finished with value: 0.08564761572275324 and parameters: {'model_name': 'SimpleImputer', 'strategy': 'median'}. Best is trial 2 with value: 0.08564761572275324.
running
[I 2024-11-24 04:52:34,017] Trial 116 finished with value: 0.08564761572275324 and parameters: {'model_name': 'SimpleImputer', 'strategy': 'median'}. Best is trial 2 with value: 0.08564761572275324.
running
[I 2024-11-24 04:52:34,396] Trial 117 finished with value: 0.08564761572275324 and parameters: {'model_name': 'SimpleImputer', 'strategy': 'median'}. Best is trial 2 with value: 0.08564761572275324.
running
[I 2024-11-24 04:52:34,700] Trial 119 finished with value: 0.08564761572275324 and parameters: {'model_name': 'SimpleImputer', 'strategy': 'median'}. Best is trial 2 with value: 0.08564761572275324.
running
[I 2024-11-24 04:52:34,906] Trial 118 finished with value: 0.08564761572275324 and parameters: {'model_name': 'SimpleImputer', 'strategy': 'median'}. Best is trial 2 with value: 0.08564761572275324.
running
[I 2024-11-24 04:52:35,021] Trial 122 finished with value: 0.08564761572275324 and parameters: {'model_name': 'SimpleImputer', 'strategy': 'median'}. Best is trial 2 with value: 0.08564761572275324.
running
[I 2024-11-24 04:52:35,127] Trial 120 finished with value: 0.08564761572275324 and parameters: {'model_name': 'SimpleImputer', 'strategy': 'median'}. Best is trial 2 with value: 0.08564761572275324.
running
[I 2024-11-24 04:52:35,312] Trial 123 finished with value: 0.08564761572275324 and parameters: {'model_name': 'SimpleImputer', 'strategy': 'median'}. Best is trial 2 with value: 0.08564761572275324.
running
[I 2024-11-24 04:52:35,432] Trial 121 finished with value: 0.08564761572275324 and parameters: {'model_name': 'SimpleImputer', 'strategy': 'median'}. Best is trial 2 with value: 0.08564761572275324.
running
[I 2024-11-24 04:52:35,632] Trial 128 finished with value: 0.08564761572275324 and parameters: {'model_name': 'SimpleImputer', 'strategy': 'median'}. Best is trial 2 with value: 0.08564761572275324.
running
[I 2024-11-24 04:52:35,743] Trial 126 finished with value: 0.08564761572275324 and parameters: {'model_name': 'SimpleImputer', 'strategy': 'median'}. Best is trial 2 with value: 0.08564761572275324.
running
[I 2024-11-24 04:52:35,919] Trial 124 finished with value: 0.08564761572275324 and parameters: {'model_name': 'SimpleImputer', 'strategy': 'median'}. Best is trial 2 with value: 0.08564761572275324.
running
[I 2024-11-24 04:52:36,082] Trial 125 finished with value: 0.08564761572275324 and parameters: {'model_name': 'SimpleImputer', 'strategy': 'median'}. Best is trial 2 with value: 0.08564761572275324.
running
[I 2024-11-24 04:52:36,228] Trial 131 finished with value: 0.08564761572275324 and parameters: {'model_name': 'SimpleImputer', 'strategy': 'median'}. Best is trial 2 with value: 0.08564761572275324.
running
[I 2024-11-24 04:52:36,379] Trial 127 finished with value: 0.08564761572275324 and parameters: {'model_name': 'SimpleImputer', 'strategy': 'median'}. Best is trial 2 with value: 0.08564761572275324.
[I 2024-11-24 04:52:36,479] Trial 130 finished with value: 0.08564761572275324 and parameters: {'model_name': 'SimpleImputer', 'strategy': 'median'}. Best is trial 2 with value: 0.08564761572275324.
running
running
[I 2024-11-24 04:52:36,628] Trial 129 finished with value: 0.08564761572275324 and parameters: {'model_name': 'SimpleImputer', 'strategy': 'median'}. Best is trial 2 with value: 0.08564761572275324.
running
[I 2024-11-24 04:52:36,787] Trial 132 finished with value: 0.08564761572275324 and parameters: {'model_name': 'SimpleImputer', 'strategy': 'median'}. Best is trial 2 with value: 0.08564761572275324.
running
[I 2024-11-24 04:52:37,150] Trial 133 finished with value: 0.08564761572275324 and parameters: {'model_name': 'SimpleImputer', 'strategy': 'median'}. Best is trial 2 with value: 0.08564761572275324.
running
[I 2024-11-24 04:52:37,358] Trial 134 finished with value: 0.08564761572275324 and parameters: {'model_name': 'SimpleImputer', 'strategy': 'median'}. Best is trial 2 with value: 0.08564761572275324.
running
[I 2024-11-24 04:52:37,565] Trial 139 finished with value: 0.08564761572275324 and parameters: {'model_name': 'SimpleImputer', 'strategy': 'median'}. Best is trial 2 with value: 0.08564761572275324.
running
[I 2024-11-24 04:52:37,715] Trial 136 finished with value: 0.08564761572275324 and parameters: {'model_name': 'SimpleImputer', 'strategy': 'median'}. Best is trial 2 with value: 0.08564761572275324.
running
[I 2024-11-24 04:52:37,860] Trial 138 finished with value: 0.08564761572275324 and parameters: {'model_name': 'SimpleImputer', 'strategy': 'median'}. Best is trial 2 with value: 0.08564761572275324.
running
[I 2024-11-24 04:52:38,012] Trial 135 finished with value: 0.08564761572275324 and parameters: {'model_name': 'SimpleImputer', 'strategy': 'median'}. Best is trial 2 with value: 0.08564761572275324.
running
[I 2024-11-24 04:52:38,115] Trial 143 finished with value: 0.08564761572275324 and parameters: {'model_name': 'SimpleImputer', 'strategy': 'median'}. Best is trial 2 with value: 0.08564761572275324.
running
[I 2024-11-24 04:52:38,260] Trial 140 finished with value: 0.08564761572275324 and parameters: {'model_name': 'SimpleImputer', 'strategy': 'median'}. Best is trial 2 with value: 0.08564761572275324.
running
[I 2024-11-24 04:52:38,377] Trial 137 finished with value: 0.08564761572275324 and parameters: {'model_name': 'SimpleImputer', 'strategy': 'median'}. Best is trial 2 with value: 0.08564761572275324.
running
[I 2024-11-24 04:52:38,519] Trial 141 finished with value: 0.08564761572275324 and parameters: {'model_name': 'SimpleImputer', 'strategy': 'median'}. Best is trial 2 with value: 0.08564761572275324.
running
[I 2024-11-24 04:52:38,688] Trial 144 finished with value: 0.08564761572275324 and parameters: {'model_name': 'SimpleImputer', 'strategy': 'median'}. Best is trial 2 with value: 0.08564761572275324.
running
[I 2024-11-24 04:52:38,845] Trial 142 finished with value: 0.08564761572275324 and parameters: {'model_name': 'SimpleImputer', 'strategy': 'median'}. Best is trial 2 with value: 0.08564761572275324.
running
[I 2024-11-24 04:52:39,016] Trial 147 finished with value: 0.08564761572275324 and parameters: {'model_name': 'SimpleImputer', 'strategy': 'median'}. Best is trial 2 with value: 0.08564761572275324.
running
[I 2024-11-24 04:52:39,124] Trial 145 finished with value: 0.08564761572275324 and parameters: {'model_name': 'SimpleImputer', 'strategy': 'median'}. Best is trial 2 with value: 0.08564761572275324.
running
[I 2024-11-24 04:52:39,247] Trial 146 finished with value: 0.08564761572275324 and parameters: {'model_name': 'SimpleImputer', 'strategy': 'median'}. Best is trial 2 with value: 0.08564761572275324.
running
[I 2024-11-24 04:52:39,473] Trial 148 finished with value: 0.08564761572275324 and parameters: {'model_name': 'SimpleImputer', 'strategy': 'median'}. Best is trial 2 with value: 0.08564761572275324.
running
[I 2024-11-24 04:52:39,764] Trial 149 finished with value: 0.08564761572275324 and parameters: {'model_name': 'SimpleImputer', 'strategy': 'median'}. Best is trial 2 with value: 0.08564761572275324.
running
[I 2024-11-24 04:52:39,963] Trial 150 finished with value: 0.08564761572275324 and parameters: {'model_name': 'SimpleImputer', 'strategy': 'median'}. Best is trial 2 with value: 0.08564761572275324.
running
[I 2024-11-24 04:52:40,251] Trial 151 finished with value: 0.08564761572275324 and parameters: {'model_name': 'SimpleImputer', 'strategy': 'median'}. Best is trial 2 with value: 0.08564761572275324.
[I 2024-11-24 04:52:40,359] Trial 152 finished with value: 0.08564761572275324 and parameters: {'model_name': 'SimpleImputer', 'strategy': 'median'}. Best is trial 2 with value: 0.08564761572275324.
running
running
[I 2024-11-24 04:52:40,558] Trial 155 finished with value: 0.08564761572275324 and parameters: {'model_name': 'SimpleImputer', 'strategy': 'median'}. Best is trial 2 with value: 0.08564761572275324.
running
[I 2024-11-24 04:52:40,671] Trial 153 finished with value: 0.08564761572275324 and parameters: {'model_name': 'SimpleImputer', 'strategy': 'median'}. Best is trial 2 with value: 0.08564761572275324.
running
[I 2024-11-24 04:52:40,840] Trial 154 finished with value: 0.08564761572275324 and parameters: {'model_name': 'SimpleImputer', 'strategy': 'median'}. Best is trial 2 with value: 0.08564761572275324.
running
[I 2024-11-24 04:52:40,993] Trial 156 finished with value: 0.08564761572275324 and parameters: {'model_name': 'SimpleImputer', 'strategy': 'median'}. Best is trial 2 with value: 0.08564761572275324.
running
[I 2024-11-24 04:52:41,153] Trial 162 finished with value: 0.08564761572275324 and parameters: {'model_name': 'SimpleImputer', 'strategy': 'median'}. Best is trial 2 with value: 0.08564761572275324.
running
[I 2024-11-24 04:52:41,271] Trial 159 finished with value: 0.08564761572275324 and parameters: {'model_name': 'SimpleImputer', 'strategy': 'median'}. Best is trial 2 with value: 0.08564761572275324.
running
[I 2024-11-24 04:52:41,421] Trial 158 finished with value: 0.08564761572275324 and parameters: {'model_name': 'SimpleImputer', 'strategy': 'median'}. Best is trial 2 with value: 0.08564761572275324.
running
[I 2024-11-24 04:52:41,534] Trial 161 finished with value: 0.08564761572275324 and parameters: {'model_name': 'SimpleImputer', 'strategy': 'median'}. Best is trial 2 with value: 0.08564761572275324.
[I 2024-11-24 04:52:41,684] Trial 160 finished with value: 0.08564761572275324 and parameters: {'model_name': 'SimpleImputer', 'strategy': 'median'}. Best is trial 2 with value: 0.08564761572275324.
running
[I 2024-11-24 04:52:41,785] Trial 157 finished with value: 0.08564761572275324 and parameters: {'model_name': 'SimpleImputer', 'strategy': 'median'}. Best is trial 2 with value: 0.08564761572275324.
running
running
[I 2024-11-24 04:52:41,882] Trial 163 finished with value: 0.08564761572275324 and parameters: {'model_name': 'SimpleImputer', 'strategy': 'median'}. Best is trial 2 with value: 0.08564761572275324.
running
[I 2024-11-24 04:52:42,146] Trial 164 finished with value: 0.08564761572275324 and parameters: {'model_name': 'SimpleImputer', 'strategy': 'median'}. Best is trial 2 with value: 0.08564761572275324.
running
[I 2024-11-24 04:52:42,466] Trial 166 finished with value: 0.08564761572275324 and parameters: {'model_name': 'SimpleImputer', 'strategy': 'median'}. Best is trial 2 with value: 0.08564761572275324.
running
[I 2024-11-24 04:52:42,721] Trial 165 finished with value: 0.08564761572275324 and parameters: {'model_name': 'SimpleImputer', 'strategy': 'median'}. Best is trial 2 with value: 0.08564761572275324.
running
[I 2024-11-24 04:52:42,916] Trial 168 finished with value: 0.08564761572275324 and parameters: {'model_name': 'SimpleImputer', 'strategy': 'median'}. Best is trial 2 with value: 0.08564761572275324.
[I 2024-11-24 04:52:43,062] Trial 167 finished with value: 0.08564761572275324 and parameters: {'model_name': 'SimpleImputer', 'strategy': 'median'}. Best is trial 2 with value: 0.08564761572275324.
running
running
[I 2024-11-24 04:52:43,247] Trial 170 finished with value: 0.08564761572275324 and parameters: {'model_name': 'SimpleImputer', 'strategy': 'median'}. Best is trial 2 with value: 0.08564761572275324.
running
[I 2024-11-24 04:52:43,367] Trial 172 finished with value: 0.08564761572275324 and parameters: {'model_name': 'SimpleImputer', 'strategy': 'median'}. Best is trial 2 with value: 0.08564761572275324.
[I 2024-11-24 04:52:43,511] Trial 169 finished with value: 0.08564761572275324 and parameters: {'model_name': 'SimpleImputer', 'strategy': 'median'}. Best is trial 2 with value: 0.08564761572275324.
running
[I 2024-11-24 04:52:43,620] Trial 171 finished with value: 0.08564761572275324 and parameters: {'model_name': 'SimpleImputer', 'strategy': 'median'}. Best is trial 2 with value: 0.08564761572275324.
running
running
[I 2024-11-24 04:52:43,776] Trial 173 finished with value: 0.08564761572275324 and parameters: {'model_name': 'SimpleImputer', 'strategy': 'median'}. Best is trial 2 with value: 0.08564761572275324.
running
[I 2024-11-24 04:52:43,891] Trial 175 finished with value: 0.08564761572275324 and parameters: {'model_name': 'SimpleImputer', 'strategy': 'median'}. Best is trial 2 with value: 0.08564761572275324.
running
[I 2024-11-24 04:52:44,053] Trial 174 finished with value: 0.08564761572275324 and parameters: {'model_name': 'SimpleImputer', 'strategy': 'median'}. Best is trial 2 with value: 0.08564761572275324.
running
[I 2024-11-24 04:52:44,222] Trial 178 finished with value: 0.08564761572275324 and parameters: {'model_name': 'SimpleImputer', 'strategy': 'median'}. Best is trial 2 with value: 0.08564761572275324.
[I 2024-11-24 04:52:44,338] Trial 176 finished with value: 0.08564761572275324 and parameters: {'model_name': 'SimpleImputer', 'strategy': 'median'}. Best is trial 2 with value: 0.08564761572275324.
running
running
[I 2024-11-24 04:52:44,508] Trial 177 finished with value: 0.08564761572275324 and parameters: {'model_name': 'SimpleImputer', 'strategy': 'median'}. Best is trial 2 with value: 0.08564761572275324.
running
[I 2024-11-24 04:52:44,731] Trial 180 finished with value: 0.08564761572275324 and parameters: {'model_name': 'SimpleImputer', 'strategy': 'median'}. Best is trial 2 with value: 0.08564761572275324.
running
[I 2024-11-24 04:52:44,880] Trial 179 finished with value: 0.08564761572275324 and parameters: {'model_name': 'SimpleImputer', 'strategy': 'median'}. Best is trial 2 with value: 0.08564761572275324.
running
[I 2024-11-24 04:52:45,222] Trial 181 finished with value: 0.08564761572275324 and parameters: {'model_name': 'SimpleImputer', 'strategy': 'median'}. Best is trial 2 with value: 0.08564761572275324.
running
[I 2024-11-24 04:52:45,491] Trial 182 finished with value: 0.08564761572275324 and parameters: {'model_name': 'SimpleImputer', 'strategy': 'median'}. Best is trial 2 with value: 0.08564761572275324.
running
[I 2024-11-24 04:52:45,648] Trial 184 finished with value: 0.08564761572275324 and parameters: {'model_name': 'SimpleImputer', 'strategy': 'median'}. Best is trial 2 with value: 0.08564761572275324.
running
[I 2024-11-24 04:52:45,883] Trial 183 finished with value: 0.08564761572275324 and parameters: {'model_name': 'SimpleImputer', 'strategy': 'median'}. Best is trial 2 with value: 0.08564761572275324.
[I 2024-11-24 04:52:46,005] Trial 188 finished with value: 0.08564761572275324 and parameters: {'model_name': 'SimpleImputer', 'strategy': 'median'}. Best is trial 2 with value: 0.08564761572275324.
[I 2024-11-24 04:52:46,144] Trial 185 finished with value: 0.08564761572275324 and parameters: {'model_name': 'SimpleImputer', 'strategy': 'median'}. Best is trial 2 with value: 0.08564761572275324.
[I 2024-11-24 04:52:46,277] Trial 187 finished with value: 0.08564761572275324 and parameters: {'model_name': 'SimpleImputer', 'strategy': 'median'}. Best is trial 2 with value: 0.08564761572275324.
[I 2024-11-24 04:52:46,379] Trial 186 finished with value: 0.08564761572275324 and parameters: {'model_name': 'SimpleImputer', 'strategy': 'median'}. Best is trial 2 with value: 0.08564761572275324.
[I 2024-11-24 04:52:46,556] Trial 189 finished with value: 0.08564761572275324 and parameters: {'model_name': 'SimpleImputer', 'strategy': 'median'}. Best is trial 2 with value: 0.08564761572275324.
[I 2024-11-24 04:52:46,699] Trial 190 finished with value: 0.08564761572275324 and parameters: {'model_name': 'SimpleImputer', 'strategy': 'median'}. Best is trial 2 with value: 0.08564761572275324.
[I 2024-11-24 04:52:46,857] Trial 193 finished with value: 0.08564761572275324 and parameters: {'model_name': 'SimpleImputer', 'strategy': 'median'}. Best is trial 2 with value: 0.08564761572275324.
[I 2024-11-24 04:52:46,962] Trial 191 finished with value: 0.08564761572275324 and parameters: {'model_name': 'SimpleImputer', 'strategy': 'median'}. Best is trial 2 with value: 0.08564761572275324.
[I 2024-11-24 04:52:47,139] Trial 192 finished with value: 0.08564761572275324 and parameters: {'model_name': 'SimpleImputer', 'strategy': 'median'}. Best is trial 2 with value: 0.08564761572275324.
[I 2024-11-24 04:52:47,287] Trial 194 finished with value: 0.08564761572275324 and parameters: {'model_name': 'SimpleImputer', 'strategy': 'median'}. Best is trial 2 with value: 0.08564761572275324.
[I 2024-11-24 04:52:47,424] Trial 196 finished with value: 0.08564761572275324 and parameters: {'model_name': 'SimpleImputer', 'strategy': 'median'}. Best is trial 2 with value: 0.08564761572275324.
[I 2024-11-24 04:52:47,555] Trial 195 finished with value: 0.08564761572275324 and parameters: {'model_name': 'SimpleImputer', 'strategy': 'median'}. Best is trial 2 with value: 0.08564761572275324.
[I 2024-11-24 04:52:47,711] Trial 197 finished with value: 0.08564761572275324 and parameters: {'model_name': 'SimpleImputer', 'strategy': 'median'}. Best is trial 2 with value: 0.08564761572275324.
[I 2024-11-24 04:52:47,835] Trial 199 finished with value: 0.08564761572275324 and parameters: {'model_name': 'SimpleImputer', 'strategy': 'median'}. Best is trial 2 with value: 0.08564761572275324.
[I 2024-11-24 04:52:47,977] Trial 198 finished with value: 0.08564761572275324 and parameters: {'model_name': 'SimpleImputer', 'strategy': 'median'}. Best is trial 2 with value: 0.08564761572275324.
fit
simple fit
simple transform
0    0
1    0
2    0
3    0
4    0
5    0
dtype: int64
0    0
1    0
2    0
3    0
4    0
5    0
dtype: int64
0.08564761572275324
{'model_name': 'SimpleImputer', 'strategy': 'median'}
running experiment 2/3 - Does reconstruction give good automl predictions
Start est fit
Version 0.1.7a0 of tpot2 is outdated. Version 0.1.8a0 was released Tuesday September 17, 2024.
Version 0.1.7a0 of tpot2 is outdated. Version 0.1.8a0 was released Tuesday September 17, 2024.
Version 0.1.7a0 of tpot2 is outdated. Version 0.1.8a0 was released Tuesday September 17, 2024.
Version 0.1.7a0 of tpot2 is outdated. Version 0.1.8a0 was released Tuesday September 17, 2024.
Version 0.1.7a0 of tpot2 is outdated. Version 0.1.8a0 was released Tuesday September 17, 2024.
Version 0.1.7a0 of tpot2 is outdated. Version 0.1.8a0 was released Tuesday September 17, 2024.
Version 0.1.7a0 of tpot2 is outdated. Version 0.1.8a0 was released Tuesday September 17, 2024.
Version 0.1.7a0 of tpot2 is outdated. Version 0.1.8a0 was released Tuesday September 17, 2024.
Version 0.1.7a0 of tpot2 is outdated. Version 0.1.8a0 was released Tuesday September 17, 2024.
Version 0.1.7a0 of tpot2 is outdated. Version 0.1.8a0 was released Tuesday September 17, 2024.
Version 0.1.7a0 of tpot2 is outdated. Version 0.1.8a0 was released Tuesday September 17, 2024.
Version 0.1.7a0 of tpot2 is outdated. Version 0.1.8a0 was released Tuesday September 17, 2024.
Version 0.1.7a0 of tpot2 is outdated. Version 0.1.8a0 was released Tuesday September 17, 2024.
Version 0.1.7a0 of tpot2 is outdated. Version 0.1.8a0 was released Tuesday September 17, 2024.
Version 0.1.7a0 of tpot2 is outdated. Version 0.1.8a0 was released Tuesday September 17, 2024.
Version 0.1.7a0 of tpot2 is outdated. Version 0.1.8a0 was released Tuesday September 17, 2024.
  0%|          | 0/25 [00:00<?, ?it/s]Generation:   0%|          | 0/25 [00:00<?, ?it/s]Generation:  1
Best f1_score score: 0.9299929467668202
Generation:   4%|▍         | 1/25 [04:54<1:57:40, 294.18s/it]Generation:  2
Best f1_score score: 0.9331428511983276
Generation:   8%|▊         | 2/25 [06:22<1:06:15, 172.84s/it]Generation:  3
Best f1_score score: 0.9368483964161353
Generation:  12%|█▏        | 3/25 [09:46<1:08:35, 187.07s/it]Generation:  4
Best f1_score score: 0.9368483964161353
Generation:  16%|█▌        | 4/25 [11:56<57:35, 164.57s/it]  WARNING THIS INDIVIDUAL CAUSED AND EXCEPTION 
 <tpot2.search_spaces.pipelines.sequential.SequentialPipelineIndividual object at 0x155474d173a0> 
 The 'min_samples_split' parameter of DecisionTreeClassifier must be an int in the range [2, inf) or a float in the range (0.0, 1.0]. Got 1 instead. 
 Traceback (most recent call last):
  File "/common/ketrong/tpotexp/tpot2/tpot2/utils/eval_utils.py", line 53, in objective_nan_wrapper
    value = func_timeout.func_timeout(timeout, objective_function, args=[individual], kwargs=objective_kwargs)
  File "/common/ketrong/tpotexp/env/lib/python3.10/site-packages/func_timeout/dafunc.py", line 108, in func_timeout
    raise_exception(exception)
  File "/common/ketrong/tpotexp/env/lib/python3.10/site-packages/func_timeout/py3_raise.py", line 7, in raise_exception
    raise exception[0] from None
  File "/common/ketrong/tpotexp/tpot2/tpot2/tpot_estimator/estimator.py", line 623, in objective_function
    return objective_function_generator(
  File "/common/ketrong/tpotexp/tpot2/tpot2/tpot_estimator/estimator_utils.py", line 55, in objective_function_generator
    cv_obj_scores = cross_val_score_objective(sklearn.base.clone(pipeline),x,y,scorers=scorers, cv=cv , fold=step)
  File "/common/ketrong/tpotexp/tpot2/tpot2/tpot_estimator/cross_val_utils.py", line 28, in cross_val_score_objective
    this_fold_pipeline.fit(X_train,y_train)
  File "/common/ketrong/tpotexp/env/lib/python3.10/site-packages/sklearn/base.py", line 1473, in wrapper
    return fit_method(estimator, *args, **kwargs)
  File "/common/ketrong/tpotexp/env/lib/python3.10/site-packages/sklearn/pipeline.py", line 473, in fit
    self._final_estimator.fit(Xt, y, **last_step_params["fit"])
  File "/common/ketrong/tpotexp/env/lib/python3.10/site-packages/sklearn/base.py", line 1466, in wrapper
    estimator._validate_params()
  File "/common/ketrong/tpotexp/env/lib/python3.10/site-packages/sklearn/base.py", line 666, in _validate_params
    validate_parameter_constraints(
  File "/common/ketrong/tpotexp/env/lib/python3.10/site-packages/sklearn/utils/_param_validation.py", line 95, in validate_parameter_constraints
    raise InvalidParameterError(
sklearn.utils._param_validation.InvalidParameterError: The 'min_samples_split' parameter of DecisionTreeClassifier must be an int in the range [2, inf) or a float in the range (0.0, 1.0]. Got 1 instead.

Generation:  5
Best f1_score score: 0.9378238636356947
Generation:  20%|██        | 5/25 [15:33<1:01:13, 183.70s/it]Generation:  6
Best f1_score score: 0.9378238636356947
Generation:  24%|██▍       | 6/25 [17:15<49:19, 155.75s/it]  Generation:  7
Best f1_score score: 0.9378238636356947
Generation:  28%|██▊       | 7/25 [20:53<52:53, 176.32s/it]Generation:  8
Best f1_score score: 0.9378238636356947
Generation:  32%|███▏      | 8/25 [22:43<43:55, 155.04s/it]Generation:  9
Best f1_score score: 0.9381577218219773
Generation:  36%|███▌      | 9/25 [25:22<41:40, 156.27s/it]Generation:  10
Best f1_score score: 0.9381577218219773
Generation:  40%|████      | 10/25 [28:12<40:09, 160.67s/it]Generation:  11
Best f1_score score: 0.9381577218219773
Generation:  44%|████▍     | 11/25 [29:12<30:18, 129.88s/it]WARNING AN INDIVIDUAL TIMED OUT: 
 <tpot2.search_spaces.pipelines.sequential.SequentialPipelineIndividual object at 0x155474522bc0> 

Generation:  12
Best f1_score score: 0.9381577218219773
Generation:  48%|████▊     | 12/25 [39:21<59:39, 275.37s/it]Generation:  13
Best f1_score score: 0.9387990236296646
Generation:  52%|█████▏    | 13/25 [42:48<50:58, 254.89s/it]Generation:  14
Best f1_score score: 0.9387990236296646
Generation:  56%|█████▌    | 14/25 [47:09<47:01, 256.48s/it]Generation:  15
Best f1_score score: 0.9387990236296646
Generation:  60%|██████    | 15/25 [48:12<33:01, 198.17s/it]Generation:  16
Best f1_score score: 0.9387990236296646
Generation:  64%|██████▍   | 16/25 [48:50<22:29, 149.98s/it]Generation:  17
Best f1_score score: 0.9387990236296646
Generation:  68%|██████▊   | 17/25 [49:09<14:45, 110.73s/it]Generation:  18
Best f1_score score: 0.9387990236296646
Generation:  72%|███████▏  | 18/25 [51:30<13:57, 119.65s/it]Generation:  19
Best f1_score score: 0.9387990236296646
Generation:  76%|███████▌  | 19/25 [53:50<12:35, 125.83s/it]Generation:  20
Best f1_score score: 0.9387990236296646
Generation:  80%|████████  | 20/25 [58:09<13:49, 165.86s/it]WARNING THIS INDIVIDUAL CAUSED AND EXCEPTION 
 <tpot2.search_spaces.pipelines.sequential.SequentialPipelineIndividual object at 0x1554745ef8b0> 
 The 'min_samples_split' parameter of DecisionTreeClassifier must be an int in the range [2, inf) or a float in the range (0.0, 1.0]. Got 1 instead. 
 Traceback (most recent call last):
  File "/common/ketrong/tpotexp/tpot2/tpot2/utils/eval_utils.py", line 53, in objective_nan_wrapper
    value = func_timeout.func_timeout(timeout, objective_function, args=[individual], kwargs=objective_kwargs)
  File "/common/ketrong/tpotexp/env/lib/python3.10/site-packages/func_timeout/dafunc.py", line 108, in func_timeout
    raise_exception(exception)
  File "/common/ketrong/tpotexp/env/lib/python3.10/site-packages/func_timeout/py3_raise.py", line 7, in raise_exception
    raise exception[0] from None
  File "/common/ketrong/tpotexp/tpot2/tpot2/tpot_estimator/estimator.py", line 623, in objective_function
    return objective_function_generator(
  File "/common/ketrong/tpotexp/tpot2/tpot2/tpot_estimator/estimator_utils.py", line 55, in objective_function_generator
    cv_obj_scores = cross_val_score_objective(sklearn.base.clone(pipeline),x,y,scorers=scorers, cv=cv , fold=step)
  File "/common/ketrong/tpotexp/tpot2/tpot2/tpot_estimator/cross_val_utils.py", line 28, in cross_val_score_objective
    this_fold_pipeline.fit(X_train,y_train)
  File "/common/ketrong/tpotexp/env/lib/python3.10/site-packages/sklearn/base.py", line 1473, in wrapper
    return fit_method(estimator, *args, **kwargs)
  File "/common/ketrong/tpotexp/env/lib/python3.10/site-packages/sklearn/pipeline.py", line 473, in fit
    self._final_estimator.fit(Xt, y, **last_step_params["fit"])
  File "/common/ketrong/tpotexp/env/lib/python3.10/site-packages/sklearn/base.py", line 1466, in wrapper
    estimator._validate_params()
  File "/common/ketrong/tpotexp/env/lib/python3.10/site-packages/sklearn/base.py", line 666, in _validate_params
    validate_parameter_constraints(
  File "/common/ketrong/tpotexp/env/lib/python3.10/site-packages/sklearn/utils/_param_validation.py", line 95, in validate_parameter_constraints
    raise InvalidParameterError(
sklearn.utils._param_validation.InvalidParameterError: The 'min_samples_split' parameter of DecisionTreeClassifier must be an int in the range [2, inf) or a float in the range (0.0, 1.0]. Got 1 instead.

Generation:  21
Best f1_score score: 0.9387990236296646
Generation:  84%|████████▍ | 21/25 [1:00:22<10:23, 155.89s/it]Generation:  22
Best f1_score score: 0.9387990236296646
Generation:  88%|████████▊ | 22/25 [1:02:11<07:05, 141.84s/it]Generation:  23
Best f1_score score: 0.9387990236296646
Generation:  92%|█████████▏| 23/25 [1:02:52<03:43, 111.83s/it]WARNING AN INDIVIDUAL TIMED OUT: 
 <tpot2.search_spaces.pipelines.sequential.SequentialPipelineIndividual object at 0x1554651099c0> 

Generation:  24
Best f1_score score: 0.9387990236296646
Generation:  96%|█████████▌| 24/25 [1:13:05<04:22, 262.15s/it]Generation:  25
Best f1_score score: 0.9387990236296646
Generation: 100%|██████████| 25/25 [1:15:19<00:00, 223.56s/it]Generation: 100%|██████████| 25/25 [1:15:22<00:00, 180.90s/it]
2024-11-24 06:08:16,865 - distributed.scheduler - ERROR - Removing worker 'tcp://127.0.0.1:43681' caused the cluster to lose scattered data, which can't be recovered: {'ndarray-89eccf6bf6a2f74b785b9e31bcffba6d', 'ndarray-3d747654fb0e9a284143ceffc2db8c8a'} (stimulus_id='handle-worker-cleanup-1732457296.8653839')
Fitted
Pipeline(steps=[('xgbclassifier',
                 XGBClassifier(base_score=None, booster=None, callbacks=None,
                               colsample_bylevel=None, colsample_bynode=None,
                               colsample_bytree=None, device=None,
                               early_stopping_rounds=None,
                               enable_categorical=False, eval_metric=None,
                               feature_types=None, gamma=0.027424706521,
                               grow_policy=None, importance_type=None,
                               interaction_constraints=None,
                               learning_rate=0.305337434778, max_bin=None,
                               max_cat_threshold=None, max_cat_to_onehot=None,
                               max_delta_step=None, max_depth=9,
                               max_leaves=None, min_child_weight=6, missing=nan,
                               monotone_constraints=None, multi_strategy=None,
                               n_estimators=100, n_jobs=1, nthread=1,
                               num_parallel_tree=None, ...))])
score start
train score: {'auroc': 0.9936103551082069, 'accuracy': 0.9578241851276986, 'balanced_accuracy': 0.9578524253752347, 'logloss': 0.10454126629967, 'f1': 0.9578133647668237}
original test score: {'auroc': 0.9993184906771563, 'accuracy': 0.9905181171689807, 'balanced_accuracy': 0.9905198773446314, 'logloss': 0.028669613209934865, 'f1': 0.990518115235921}
imputed test score: {'auroc': 0.9857639651849981, 'accuracy': 0.9376904842533017, 'balanced_accuracy': 0.9377160161635163, 'logloss': 0.14743126859008523, 'f1': 0.9376770638611382}
score end
check intended
EXP2 Finished
running experiment 3/3 - What is the best automl settings?
<tpot2.search_spaces.pipelines.sequential.SequentialPipeline object at 0x15543504f9d0>
Start tpot fit
Version 0.1.7a0 of tpot2 is outdated. Version 0.1.8a0 was released Tuesday September 17, 2024.
Version 0.1.7a0 of tpot2 is outdated. Version 0.1.8a0 was released Tuesday September 17, 2024.
Version 0.1.7a0 of tpot2 is outdated. Version 0.1.8a0 was released Tuesday September 17, 2024.
Version 0.1.7a0 of tpot2 is outdated. Version 0.1.8a0 was released Tuesday September 17, 2024.
Version 0.1.7a0 of tpot2 is outdated. Version 0.1.8a0 was released Tuesday September 17, 2024.
Version 0.1.7a0 of tpot2 is outdated. Version 0.1.8a0 was released Tuesday September 17, 2024.
Version 0.1.7a0 of tpot2 is outdated. Version 0.1.8a0 was released Tuesday September 17, 2024.
Version 0.1.7a0 of tpot2 is outdated. Version 0.1.8a0 was released Tuesday September 17, 2024.
Version 0.1.7a0 of tpot2 is outdated. Version 0.1.8a0 was released Tuesday September 17, 2024.
Version 0.1.7a0 of tpot2 is outdated. Version 0.1.8a0 was released Tuesday September 17, 2024.
Version 0.1.7a0 of tpot2 is outdated. Version 0.1.8a0 was released Tuesday September 17, 2024.
Version 0.1.7a0 of tpot2 is outdated. Version 0.1.8a0 was released Tuesday September 17, 2024.
Version 0.1.7a0 of tpot2 is outdated. Version 0.1.8a0 was released Tuesday September 17, 2024.
Version 0.1.7a0 of tpot2 is outdated. Version 0.1.8a0 was released Tuesday September 17, 2024.
Version 0.1.7a0 of tpot2 is outdated. Version 0.1.8a0 was released Tuesday September 17, 2024.
Version 0.1.7a0 of tpot2 is outdated. Version 0.1.8a0 was released Tuesday September 17, 2024.
  0%|          | 0/25 [00:00<?, ?it/s]Generation:   0%|          | 0/25 [00:00<?, ?it/s]Generation:  1
Best f1_score score: 0.9318232910207692
Generation:   4%|▍         | 1/25 [02:59<1:11:39, 179.13s/it]Generation:  2
Best f1_score score: 0.9318232910207692
Generation:   8%|▊         | 2/25 [07:40<1:31:43, 239.27s/it]Generation:  3
Best f1_score score: 0.9369651729436898
Generation:  12%|█▏        | 3/25 [11:16<1:23:51, 228.68s/it]Generation:  4
Best f1_score score: 0.9369651729436898
Generation:  16%|█▌        | 4/25 [13:38<1:08:00, 194.33s/it]WARNING AN INDIVIDUAL TIMED OUT: 
 <tpot2.search_spaces.pipelines.sequential.SequentialPipelineIndividual object at 0x1554746a25c0> 

Generation:  5
Best f1_score score: 0.9371064413643785
Generation:  20%|██        | 5/25 [23:43<1:54:06, 342.35s/it]Generation:  6
Best f1_score score: 0.9371064413643785
Generation:  24%|██▍       | 6/25 [26:33<1:29:56, 284.04s/it]Generation:  7
Best f1_score score: 0.9371064413643785
Generation:  28%|██▊       | 7/25 [30:13<1:18:52, 262.93s/it]Generation:  8
Best f1_score score: 0.9371064413643785
Generation:  32%|███▏      | 8/25 [33:26<1:08:10, 240.60s/it]Generation:  9
Best f1_score score: 0.9371708011847707
Generation:  36%|███▌      | 9/25 [37:01<1:02:01, 232.58s/it]Generation:  10
Best f1_score score: 0.9385589921848199
Generation:  40%|████      | 10/25 [37:32<42:37, 170.52s/it] Generation:  11
Best f1_score score: 0.9385589921848199
Generation:  44%|████▍     | 11/25 [38:10<30:17, 129.82s/it]WARNING AN INDIVIDUAL TIMED OUT: 
 <tpot2.search_spaces.pipelines.sequential.SequentialPipelineIndividual object at 0x155466647190> 

Generation:  12
Best f1_score score: 0.9385589921848199
Generation:  48%|████▊     | 12/25 [48:17<59:34, 274.94s/it]Generation:  13
Best f1_score score: 0.9385589921848199
Generation:  52%|█████▏    | 13/25 [48:49<40:17, 201.47s/it]Generation:  14
Best f1_score score: 0.9385589921848199
Generation:  56%|█████▌    | 14/25 [49:34<28:16, 154.22s/it]Generation:  15
Best f1_score score: 0.9385589921848199
Generation:  60%|██████    | 15/25 [52:00<25:17, 151.73s/it]Generation:  16
Best f1_score score: 0.9385589921848199
Generation:  64%|██████▍   | 16/25 [52:24<16:58, 113.17s/it]Generation:  17
Best f1_score score: 0.9385589921848199
Generation:  68%|██████▊   | 17/25 [55:43<18:32, 139.11s/it]Generation:  18
Best f1_score score: 0.9385589921848199
Generation:  72%|███████▏  | 18/25 [56:03<12:02, 103.27s/it]Generation:  19
Best f1_score score: 0.9385589921848199
Generation:  76%|███████▌  | 19/25 [59:29<13:25, 134.20s/it]WARNING AN INDIVIDUAL TIMED OUT: 
 <tpot2.search_spaces.pipelines.sequential.SequentialPipelineIndividual object at 0x155464c360b0> 

Generation:  20
Best f1_score score: 0.9385589921848199
Generation:  80%|████████  | 20/25 [1:09:36<23:00, 276.09s/it]Generation:  21
Best f1_score score: 0.9385589921848199
Generation:  84%|████████▍ | 21/25 [1:12:08<15:55, 238.77s/it]Generation:  22
Best f1_score score: 0.9385722537711316
Generation:  88%|████████▊ | 22/25 [1:13:03<09:10, 183.63s/it]Generation:  23
Best f1_score score: 0.9385722537711316
Generation:  92%|█████████▏| 23/25 [1:14:47<05:19, 159.67s/it]WARNING AN INDIVIDUAL TIMED OUT: 
 <tpot2.search_spaces.pipelines.sequential.SequentialPipelineIndividual object at 0x155467fd6680> 

Generation:  24
Best f1_score score: 0.9385722537711316
Generation:  96%|█████████▌| 24/25 [1:24:51<04:52, 293.00s/it]Generation:  25
Best f1_score score: 0.9385722537711316
Generation: 100%|██████████| 25/25 [1:25:45<00:00, 221.39s/it]Generation: 100%|██████████| 25/25 [1:25:45<00:00, 205.81s/it]
2024-11-24 07:34:13,592 - distributed.scheduler - ERROR - Removing worker 'tcp://127.0.0.1:34475' caused the cluster to lose scattered data, which can't be recovered: {'DataFrame-e49fb0051234bd3b0b79786c6f9ff396', 'ndarray-89eccf6bf6a2f74b785b9e31bcffba6d'} (stimulus_id='handle-worker-cleanup-1732462453.5921524')
Fitted
Pipeline(steps=[('simpleimputer', SimpleImputer(strategy='constant')),
                ('histgradientboostingclassifier',
                 HistGradientBoostingClassifier(early_stopping=False,
                                                l2_regularization=6.7187132e-06,
                                                learning_rate=0.1190343389254,
                                                max_features=0.5157725535401,
                                                max_leaf_nodes=193,
                                                min_samples_leaf=152,
                                                tol=0.0001,
                                                validation_fraction=None))])
transform worked
try transform
transform worked
score start
train score: {'auroc': 0.9960088197568496, 'accuracy': 0.964131508395654, 'balanced_accuracy': 0.9641571547325591, 'logloss': 0.0909582182584254, 'f1': 0.9641240768600482}
test score: {'auroc': 0.9859529073566655, 'accuracy': 0.9384242013771306, 'balanced_accuracy': 0.9384487539991018, 'logloss': 0.14707126309864127, 'f1': 0.9384120376929708}
original test score: {'auroc': 0.9993401517819094, 'accuracy': 0.9910260751777853, 'balanced_accuracy': 0.9910279258147936, 'logloss': 0.028489868471508056, 'f1': 0.9910260737770722}
score end
40922
lvl
0.3
type
MCAR
num_run
2
class_simple
finished
all finished
full run takes
2.7047764395342933
hours
DONE
