Run: 1
/cm/local/apps/slurm/var/spool/job919652/slurm_script: line 26: 
pip install -e tpot2
pip install -r tpot2/ImputerExperiments/requirements_.txt
: No such file or directory
RunStart
starting loops
../data/r/42712/42712.pkl
       season  year  month  hour  holiday  weekday  workingday weather   temp  \
0      spring     0      1     0    False        6       False   clear   9.84   
1      spring     0      1     1    False        6       False   clear   9.02   
2      spring     0      1     2    False        6       False   clear   9.02   
3      spring     0      1     3    False        6       False   clear   9.84   
4      spring     0      1     4    False        6       False   clear   9.84   
...       ...   ...    ...   ...      ...      ...         ...     ...    ...   
17374  spring     1     12    19    False        1        True   misty  10.66   
17375  spring     1     12    20    False        1        True   misty  10.66   
17376  spring     1     12    21    False        1        True   clear  10.66   
17377  spring     1     12    22    False        1        True   clear  10.66   
17378  spring     1     12    23    False        1        True   clear  10.66   

       feel_temp  humidity  windspeed  
0         14.395      0.81     0.0000  
1         13.635      0.80     0.0000  
2         13.635      0.80     0.0000  
3         14.395      0.75     0.0000  
4         14.395      0.75     0.0000  
...          ...       ...        ...  
17374     12.880      0.60    11.0014  
17375     12.880      0.60    11.0014  
17376     12.880      0.60    11.0014  
17377     13.635      0.56     8.9981  
17378     13.635      0.65     8.9981  

[17379 rows x 12 columns]
<class 'pandas.core.frame.DataFrame'>
       count
0         16
1         40
2         32
3         13
4          1
...      ...
17374    119
17375     89
17376     90
17377     61
17378     49

[17379 rows x 1 columns]
<class 'pandas.core.frame.DataFrame'>
       year  month  hour  holiday  weekday  workingday   temp  feel_temp  \
0         0      1     0        0        6           0   9.84     14.395   
1         0      1     1        0        6           0   9.02     13.635   
2         0      1     2        0        6           0   9.02     13.635   
3         0      1     3        0        6           0   9.84     14.395   
4         0      1     4        0        6           0   9.84     14.395   
...     ...    ...   ...      ...      ...         ...    ...        ...   
17374     1     12    19        0        1           1  10.66     12.880   
17375     1     12    20        0        1           1  10.66     12.880   
17376     1     12    21        0        1           1  10.66     12.880   
17377     1     12    22        0        1           1  10.66     13.635   
17378     1     12    23        0        1           1  10.66     13.635   

       humidity  windspeed  season_fall  season_spring  season_summer  \
0          0.81     0.0000          0.0            1.0            0.0   
1          0.80     0.0000          0.0            1.0            0.0   
2          0.80     0.0000          0.0            1.0            0.0   
3          0.75     0.0000          0.0            1.0            0.0   
4          0.75     0.0000          0.0            1.0            0.0   
...         ...        ...          ...            ...            ...   
17374      0.60    11.0014          0.0            1.0            0.0   
17375      0.60    11.0014          0.0            1.0            0.0   
17376      0.60    11.0014          0.0            1.0            0.0   
17377      0.56     8.9981          0.0            1.0            0.0   
17378      0.65     8.9981          0.0            1.0            0.0   

       season_winter  weather_clear  weather_heavy_rain  weather_misty  \
0                0.0            1.0                 0.0            0.0   
1                0.0            1.0                 0.0            0.0   
2                0.0            1.0                 0.0            0.0   
3                0.0            1.0                 0.0            0.0   
4                0.0            1.0                 0.0            0.0   
...              ...            ...                 ...            ...   
17374            0.0            0.0                 0.0            1.0   
17375            0.0            0.0                 0.0            1.0   
17376            0.0            1.0                 0.0            0.0   
17377            0.0            1.0                 0.0            0.0   
17378            0.0            1.0                 0.0            0.0   

       weather_rain  
0               0.0  
1               0.0  
2               0.0  
3               0.0  
4               0.0  
...             ...  
17374           0.0  
17375           0.0  
17376           0.0  
17377           0.0  
17378           0.0  

[17379 rows x 18 columns]
<class 'pandas.core.frame.DataFrame'>
working on 
../data/r/42712/reg_full_MAR_0.01_1
4.994145393371582
running experiment 1/3 - Does large hyperparameter space improve reconstruction accuracy over simple
<tpot2.search_spaces.pipelines.sequential.SequentialPipeline object at 0x15543635ee60>
Start tpot fit
  0%|          | 0/25 [00:00<?, ?it/s]Generation:   0%|          | 0/25 [00:00<?, ?it/s]WARNING THIS INDIVIDUAL CAUSED AND EXCEPTION 
 <tpot2.search_spaces.pipelines.sequential.SequentialPipelineIndividual object at 0x155475d3d9f0> 
 The 'criterion' parameter of ExtraTreesRegressor must be a str among {'friedman_mse', 'poisson', 'absolute_error', 'squared_error'}. Got 'mae' instead. 
 Traceback (most recent call last):
  File "/common/ketrong/tpotexp/tpot2/tpot2/utils/eval_utils.py", line 53, in objective_nan_wrapper
    value = func_timeout.func_timeout(timeout, objective_function, args=[individual], kwargs=objective_kwargs)
  File "/common/ketrong/tpotexp/env/lib/python3.10/site-packages/func_timeout/dafunc.py", line 108, in func_timeout
    raise_exception(exception)
  File "/common/ketrong/tpotexp/env/lib/python3.10/site-packages/func_timeout/py3_raise.py", line 7, in raise_exception
    raise exception[0] from None
  File "/common/ketrong/tpotexp/tpot2/tpot2/tpot_estimator/estimator.py", line 623, in objective_function
    return objective_function_generator(
  File "/common/ketrong/tpotexp/tpot2/tpot2/tpot_estimator/estimator_utils.py", line 55, in objective_function_generator
    cv_obj_scores = cross_val_score_objective(sklearn.base.clone(pipeline),x,y,scorers=scorers, cv=cv , fold=step)
  File "/common/ketrong/tpotexp/tpot2/tpot2/tpot_estimator/cross_val_utils.py", line 28, in cross_val_score_objective
    this_fold_pipeline.fit(X_train,y_train)
  File "/common/ketrong/tpotexp/env/lib/python3.10/site-packages/sklearn/base.py", line 1473, in wrapper
    return fit_method(estimator, *args, **kwargs)
  File "/common/ketrong/tpotexp/env/lib/python3.10/site-packages/sklearn/pipeline.py", line 473, in fit
    self._final_estimator.fit(Xt, y, **last_step_params["fit"])
  File "/common/ketrong/tpotexp/env/lib/python3.10/site-packages/sklearn/base.py", line 1466, in wrapper
    estimator._validate_params()
  File "/common/ketrong/tpotexp/env/lib/python3.10/site-packages/sklearn/base.py", line 666, in _validate_params
    validate_parameter_constraints(
  File "/common/ketrong/tpotexp/env/lib/python3.10/site-packages/sklearn/utils/_param_validation.py", line 95, in validate_parameter_constraints
    raise InvalidParameterError(
sklearn.utils._param_validation.InvalidParameterError: The 'criterion' parameter of ExtraTreesRegressor must be a str among {'friedman_mse', 'poisson', 'absolute_error', 'squared_error'}. Got 'mae' instead.

srun: Job step aborted: Waiting up to 32 seconds for job step to finish.
slurmstepd: error: *** JOB 919652 ON esplhpc-cp019 CANCELLED AT 2024-08-12T12:11:57 ***
slurmstepd: error: *** STEP 919652.0 ON esplhpc-cp019 CANCELLED AT 2024-08-12T12:11:57 ***
