Run: 62
/cm/local/apps/slurm/var/spool/job1068601/slurm_script: line 27: 
pip install -e tpot2
pip install -r tpot2/ImputerExperiments/requirements_.txt
: No such file or directory
RunStart
Version 0.1.7a0 of tpot2 is outdated. Version 0.1.8a0 was released Tuesday September 17, 2024.
starting loops
../data/c/40685/40685.pkl
working on 
../data/c/40685/class_simple_MCAR_0.1_3
2.822140693664551
running experiment 1/3 - Does large hyperparameter space improve reconstruction accuracy over simple
[I 2024-11-21 08:06:05,491] A new study created in memory with name: no-name-a42279cd-4016-46ef-b5be-f412a317af13
running
running
running
running
running
running
running
running
running
running
running
running
running
running
running
running
[I 2024-11-21 08:06:05,963] Trial 3 finished with value: 0.07525309041590433 and parameters: {'model_name': 'SimpleImputer', 'strategy': 'mean'}. Best is trial 3 with value: 0.07525309041590433.
running
[I 2024-11-21 08:06:06,233] Trial 0 finished with value: 0.07525309041590433 and parameters: {'model_name': 'SimpleImputer', 'strategy': 'mean'}. Best is trial 3 with value: 0.07525309041590433.
running
[I 2024-11-21 08:06:06,340] Trial 8 finished with value: 0.5059360786200697 and parameters: {'model_name': 'SimpleImputer', 'strategy': 'constant'}. Best is trial 3 with value: 0.07525309041590433.
[I 2024-11-21 08:06:06,433] Trial 1 finished with value: 0.07525309041590433 and parameters: {'model_name': 'SimpleImputer', 'strategy': 'mean'}. Best is trial 3 with value: 0.07525309041590433.
running
[I 2024-11-21 08:06:06,549] Trial 5 finished with value: 0.07525309041590433 and parameters: {'model_name': 'SimpleImputer', 'strategy': 'mean'}. Best is trial 3 with value: 0.07525309041590433.
running
running
[I 2024-11-21 08:06:06,684] Trial 14 finished with value: 0.07525309041590433 and parameters: {'model_name': 'SimpleImputer', 'strategy': 'mean'}. Best is trial 3 with value: 0.07525309041590433.
running
[I 2024-11-21 08:06:06,808] Trial 4 finished with value: 0.05886410641666159 and parameters: {'model_name': 'SimpleImputer', 'strategy': 'median'}. Best is trial 4 with value: 0.05886410641666159.
running
[I 2024-11-21 08:06:06,998] Trial 7 finished with value: 0.05886410641666159 and parameters: {'model_name': 'SimpleImputer', 'strategy': 'median'}. Best is trial 4 with value: 0.05886410641666159.
running
[I 2024-11-21 08:06:07,121] Trial 10 finished with value: 0.05886410641666159 and parameters: {'model_name': 'SimpleImputer', 'strategy': 'median'}. Best is trial 4 with value: 0.05886410641666159.
running
[I 2024-11-21 08:06:07,295] Trial 9 finished with value: 0.05886410641666159 and parameters: {'model_name': 'SimpleImputer', 'strategy': 'median'}. Best is trial 4 with value: 0.05886410641666159.
running
[I 2024-11-21 08:06:07,459] Trial 13 finished with value: 0.3245405877068037 and parameters: {'model_name': 'SimpleImputer', 'strategy': 'most_frequent'}. Best is trial 4 with value: 0.05886410641666159.
running
[I 2024-11-21 08:06:07,580] Trial 6 finished with value: 0.05886410641666159 and parameters: {'model_name': 'SimpleImputer', 'strategy': 'median'}. Best is trial 4 with value: 0.05886410641666159.
running
[I 2024-11-21 08:06:07,702] Trial 12 finished with value: 0.05886410641666159 and parameters: {'model_name': 'SimpleImputer', 'strategy': 'median'}. Best is trial 4 with value: 0.05886410641666159.
running
[I 2024-11-21 08:06:07,817] Trial 2 finished with value: 0.3245405877068037 and parameters: {'model_name': 'SimpleImputer', 'strategy': 'most_frequent'}. Best is trial 4 with value: 0.05886410641666159.
[I 2024-11-21 08:06:07,908] Trial 11 finished with value: 0.3245405877068037 and parameters: {'model_name': 'SimpleImputer', 'strategy': 'most_frequent'}. Best is trial 4 with value: 0.05886410641666159.
[I 2024-11-21 08:06:07,994] Trial 16 finished with value: 0.05886410641666159 and parameters: {'model_name': 'SimpleImputer', 'strategy': 'median'}. Best is trial 4 with value: 0.05886410641666159.
running
running
running
[I 2024-11-21 08:06:08,098] Trial 18 finished with value: 0.5059360786200697 and parameters: {'model_name': 'SimpleImputer', 'strategy': 'constant'}. Best is trial 4 with value: 0.05886410641666159.
running
[I 2024-11-21 08:06:08,287] Trial 20 finished with value: 0.5059360786200697 and parameters: {'model_name': 'SimpleImputer', 'strategy': 'constant'}. Best is trial 4 with value: 0.05886410641666159.
running
[I 2024-11-21 08:06:08,399] Trial 17 finished with value: 0.5059360786200697 and parameters: {'model_name': 'SimpleImputer', 'strategy': 'constant'}. Best is trial 4 with value: 0.05886410641666159.
running
[I 2024-11-21 08:06:08,535] Trial 22 finished with value: 0.5059360786200697 and parameters: {'model_name': 'SimpleImputer', 'strategy': 'constant'}. Best is trial 4 with value: 0.05886410641666159.
running
[I 2024-11-21 08:06:08,656] Trial 19 finished with value: 0.5059360786200697 and parameters: {'model_name': 'SimpleImputer', 'strategy': 'constant'}. Best is trial 4 with value: 0.05886410641666159.
[I 2024-11-21 08:06:08,749] Trial 23 finished with value: 0.5059360786200697 and parameters: {'model_name': 'SimpleImputer', 'strategy': 'constant'}. Best is trial 4 with value: 0.05886410641666159.
running
running
[I 2024-11-21 08:06:08,848] Trial 15 finished with value: 0.3245405877068037 and parameters: {'model_name': 'SimpleImputer', 'strategy': 'most_frequent'}. Best is trial 4 with value: 0.05886410641666159.
running
[I 2024-11-21 08:06:09,204] Trial 30 finished with value: 0.5059360786200697 and parameters: {'model_name': 'SimpleImputer', 'strategy': 'constant'}. Best is trial 4 with value: 0.05886410641666159.
running
[I 2024-11-21 08:06:09,342] Trial 29 finished with value: 0.5059360786200697 and parameters: {'model_name': 'SimpleImputer', 'strategy': 'constant'}. Best is trial 4 with value: 0.05886410641666159.
running
[I 2024-11-21 08:06:09,443] Trial 31 finished with value: 0.5059360786200697 and parameters: {'model_name': 'SimpleImputer', 'strategy': 'constant'}. Best is trial 4 with value: 0.05886410641666159.
running
[I 2024-11-21 08:06:09,545] Trial 21 finished with value: 0.05886410641666159 and parameters: {'model_name': 'SimpleImputer', 'strategy': 'median'}. Best is trial 4 with value: 0.05886410641666159.
running
[I 2024-11-21 08:06:09,781] Trial 27 finished with value: 0.05886410641666159 and parameters: {'model_name': 'SimpleImputer', 'strategy': 'median'}. Best is trial 4 with value: 0.05886410641666159.
running
[I 2024-11-21 08:06:09,949] Trial 24 finished with value: 0.3245405877068037 and parameters: {'model_name': 'SimpleImputer', 'strategy': 'most_frequent'}. Best is trial 4 with value: 0.05886410641666159.
running
[I 2024-11-21 08:06:10,118] Trial 32 finished with value: 0.05886410641666159 and parameters: {'model_name': 'SimpleImputer', 'strategy': 'median'}. Best is trial 4 with value: 0.05886410641666159.
running
[I 2024-11-21 08:06:10,231] Trial 26 finished with value: 0.05886410641666159 and parameters: {'model_name': 'SimpleImputer', 'strategy': 'median'}. Best is trial 4 with value: 0.05886410641666159.
running
[I 2024-11-21 08:06:10,354] Trial 28 finished with value: 0.05886410641666159 and parameters: {'model_name': 'SimpleImputer', 'strategy': 'median'}. Best is trial 4 with value: 0.05886410641666159.
running
[I 2024-11-21 08:06:10,451] Trial 33 finished with value: 0.05886410641666159 and parameters: {'model_name': 'SimpleImputer', 'strategy': 'median'}. Best is trial 4 with value: 0.05886410641666159.
running
[I 2024-11-21 08:06:10,566] Trial 35 finished with value: 0.05886410641666159 and parameters: {'model_name': 'SimpleImputer', 'strategy': 'median'}. Best is trial 4 with value: 0.05886410641666159.
running
[I 2024-11-21 08:06:10,668] Trial 36 finished with value: 0.05886410641666159 and parameters: {'model_name': 'SimpleImputer', 'strategy': 'median'}. Best is trial 4 with value: 0.05886410641666159.
[I 2024-11-21 08:06:10,772] Trial 25 finished with value: 0.3245405877068037 and parameters: {'model_name': 'SimpleImputer', 'strategy': 'most_frequent'}. Best is trial 4 with value: 0.05886410641666159.
running
running
[I 2024-11-21 08:06:10,875] Trial 38 finished with value: 0.05886410641666159 and parameters: {'model_name': 'SimpleImputer', 'strategy': 'median'}. Best is trial 4 with value: 0.05886410641666159.
running
[I 2024-11-21 08:06:11,025] Trial 37 finished with value: 0.05886410641666159 and parameters: {'model_name': 'SimpleImputer', 'strategy': 'median'}. Best is trial 4 with value: 0.05886410641666159.
running
[I 2024-11-21 08:06:11,140] Trial 34 finished with value: 0.05886410641666159 and parameters: {'model_name': 'SimpleImputer', 'strategy': 'median'}. Best is trial 4 with value: 0.05886410641666159.
running
[I 2024-11-21 08:06:11,372] Trial 39 finished with value: 0.05886410641666159 and parameters: {'model_name': 'SimpleImputer', 'strategy': 'median'}. Best is trial 4 with value: 0.05886410641666159.
running
[I 2024-11-21 08:06:11,547] Trial 41 finished with value: 0.05886410641666159 and parameters: {'model_name': 'SimpleImputer', 'strategy': 'median'}. Best is trial 4 with value: 0.05886410641666159.
running
[I 2024-11-21 08:06:11,751] Trial 42 finished with value: 0.05886410641666159 and parameters: {'model_name': 'SimpleImputer', 'strategy': 'median'}. Best is trial 4 with value: 0.05886410641666159.
running
[I 2024-11-21 08:06:11,925] Trial 44 finished with value: 0.05886410641666159 and parameters: {'model_name': 'SimpleImputer', 'strategy': 'median'}. Best is trial 4 with value: 0.05886410641666159.
[I 2024-11-21 08:06:12,040] Trial 40 finished with value: 0.05886410641666159 and parameters: {'model_name': 'SimpleImputer', 'strategy': 'median'}. Best is trial 4 with value: 0.05886410641666159.
running
running
[I 2024-11-21 08:06:12,191] Trial 54 finished with value: 0.07525309041590433 and parameters: {'model_name': 'SimpleImputer', 'strategy': 'mean'}. Best is trial 4 with value: 0.05886410641666159.
running
[I 2024-11-21 08:06:12,315] Trial 53 finished with value: 0.07525309041590433 and parameters: {'model_name': 'SimpleImputer', 'strategy': 'mean'}. Best is trial 4 with value: 0.05886410641666159.
[I 2024-11-21 08:06:12,423] Trial 43 finished with value: 0.05886410641666159 and parameters: {'model_name': 'SimpleImputer', 'strategy': 'median'}. Best is trial 4 with value: 0.05886410641666159.
running
running
[I 2024-11-21 08:06:12,606] Trial 45 finished with value: 0.05886410641666159 and parameters: {'model_name': 'SimpleImputer', 'strategy': 'median'}. Best is trial 4 with value: 0.05886410641666159.
running
[I 2024-11-21 08:06:12,718] Trial 49 finished with value: 0.05886410641666159 and parameters: {'model_name': 'SimpleImputer', 'strategy': 'median'}. Best is trial 4 with value: 0.05886410641666159.
running
[I 2024-11-21 08:06:12,833] Trial 50 finished with value: 0.05886410641666159 and parameters: {'model_name': 'SimpleImputer', 'strategy': 'median'}. Best is trial 4 with value: 0.05886410641666159.
running
[I 2024-11-21 08:06:12,953] Trial 46 finished with value: 0.05886410641666159 and parameters: {'model_name': 'SimpleImputer', 'strategy': 'median'}. Best is trial 4 with value: 0.05886410641666159.
[I 2024-11-21 08:06:13,051] Trial 51 finished with value: 0.05886410641666159 and parameters: {'model_name': 'SimpleImputer', 'strategy': 'median'}. Best is trial 4 with value: 0.05886410641666159.
running
running
[I 2024-11-21 08:06:13,157] Trial 52 finished with value: 0.05886410641666159 and parameters: {'model_name': 'SimpleImputer', 'strategy': 'median'}. Best is trial 4 with value: 0.05886410641666159.
[I 2024-11-21 08:06:13,249] Trial 47 finished with value: 0.05886410641666159 and parameters: {'model_name': 'SimpleImputer', 'strategy': 'median'}. Best is trial 4 with value: 0.05886410641666159.
running
running
[I 2024-11-21 08:06:13,342] Trial 55 finished with value: 0.07525309041590433 and parameters: {'model_name': 'SimpleImputer', 'strategy': 'mean'}. Best is trial 4 with value: 0.05886410641666159.
running
[I 2024-11-21 08:06:13,440] Trial 48 finished with value: 0.05886410641666159 and parameters: {'model_name': 'SimpleImputer', 'strategy': 'median'}. Best is trial 4 with value: 0.05886410641666159.
running
[I 2024-11-21 08:06:13,550] Trial 56 finished with value: 0.07525309041590433 and parameters: {'model_name': 'SimpleImputer', 'strategy': 'mean'}. Best is trial 4 with value: 0.05886410641666159.
running
[I 2024-11-21 08:06:13,826] Trial 57 finished with value: 0.07525309041590433 and parameters: {'model_name': 'SimpleImputer', 'strategy': 'mean'}. Best is trial 4 with value: 0.05886410641666159.
running
[I 2024-11-21 08:06:14,053] Trial 60 finished with value: 0.07525309041590433 and parameters: {'model_name': 'SimpleImputer', 'strategy': 'mean'}. Best is trial 4 with value: 0.05886410641666159.
running
[I 2024-11-21 08:06:14,145] Trial 59 finished with value: 0.07525309041590433 and parameters: {'model_name': 'SimpleImputer', 'strategy': 'mean'}. Best is trial 4 with value: 0.05886410641666159.
running
[I 2024-11-21 08:06:14,312] Trial 58 finished with value: 0.07525309041590433 and parameters: {'model_name': 'SimpleImputer', 'strategy': 'mean'}. Best is trial 4 with value: 0.05886410641666159.
running
[I 2024-11-21 08:06:14,438] Trial 66 finished with value: 0.07525309041590433 and parameters: {'model_name': 'SimpleImputer', 'strategy': 'mean'}. Best is trial 4 with value: 0.05886410641666159.
running
[I 2024-11-21 08:06:14,594] Trial 68 finished with value: 0.07525309041590433 and parameters: {'model_name': 'SimpleImputer', 'strategy': 'mean'}. Best is trial 4 with value: 0.05886410641666159.
running
[I 2024-11-21 08:06:14,722] Trial 65 finished with value: 0.07525309041590433 and parameters: {'model_name': 'SimpleImputer', 'strategy': 'mean'}. Best is trial 4 with value: 0.05886410641666159.
running
[I 2024-11-21 08:06:14,856] Trial 67 finished with value: 0.07525309041590433 and parameters: {'model_name': 'SimpleImputer', 'strategy': 'mean'}. Best is trial 4 with value: 0.05886410641666159.
[I 2024-11-21 08:06:14,963] Trial 61 finished with value: 0.05886410641666159 and parameters: {'model_name': 'SimpleImputer', 'strategy': 'median'}. Best is trial 4 with value: 0.05886410641666159.
running
running
[I 2024-11-21 08:06:15,098] Trial 64 finished with value: 0.07525309041590433 and parameters: {'model_name': 'SimpleImputer', 'strategy': 'mean'}. Best is trial 4 with value: 0.05886410641666159.
running
[I 2024-11-21 08:06:15,379] Trial 69 finished with value: 0.07525309041590433 and parameters: {'model_name': 'SimpleImputer', 'strategy': 'mean'}. Best is trial 4 with value: 0.05886410641666159.
running
[I 2024-11-21 08:06:15,532] Trial 62 finished with value: 0.05886410641666159 and parameters: {'model_name': 'SimpleImputer', 'strategy': 'median'}. Best is trial 4 with value: 0.05886410641666159.
running
[I 2024-11-21 08:06:15,694] Trial 63 finished with value: 0.05886410641666159 and parameters: {'model_name': 'SimpleImputer', 'strategy': 'median'}. Best is trial 4 with value: 0.05886410641666159.
running
[I 2024-11-21 08:06:15,946] Trial 70 finished with value: 0.3245405877068037 and parameters: {'model_name': 'SimpleImputer', 'strategy': 'most_frequent'}. Best is trial 4 with value: 0.05886410641666159.
running
[I 2024-11-21 08:06:16,195] Trial 71 finished with value: 0.3245405877068037 and parameters: {'model_name': 'SimpleImputer', 'strategy': 'most_frequent'}. Best is trial 4 with value: 0.05886410641666159.
running
[I 2024-11-21 08:06:16,318] Trial 73 finished with value: 0.05886410641666159 and parameters: {'model_name': 'SimpleImputer', 'strategy': 'median'}. Best is trial 4 with value: 0.05886410641666159.
running
[I 2024-11-21 08:06:16,465] Trial 72 finished with value: 0.3245405877068037 and parameters: {'model_name': 'SimpleImputer', 'strategy': 'most_frequent'}. Best is trial 4 with value: 0.05886410641666159.
running
[I 2024-11-21 08:06:16,736] Trial 75 finished with value: 0.3245405877068037 and parameters: {'model_name': 'SimpleImputer', 'strategy': 'most_frequent'}. Best is trial 4 with value: 0.05886410641666159.
running
[I 2024-11-21 08:06:16,918] Trial 80 finished with value: 0.3245405877068037 and parameters: {'model_name': 'SimpleImputer', 'strategy': 'most_frequent'}. Best is trial 4 with value: 0.05886410641666159.
running
[I 2024-11-21 08:06:17,061] Trial 78 finished with value: 0.05886410641666159 and parameters: {'model_name': 'SimpleImputer', 'strategy': 'median'}. Best is trial 4 with value: 0.05886410641666159.
running
[I 2024-11-21 08:06:17,193] Trial 74 finished with value: 0.3245405877068037 and parameters: {'model_name': 'SimpleImputer', 'strategy': 'most_frequent'}. Best is trial 4 with value: 0.05886410641666159.
running
[I 2024-11-21 08:06:17,380] Trial 81 finished with value: 0.3245405877068037 and parameters: {'model_name': 'SimpleImputer', 'strategy': 'most_frequent'}. Best is trial 4 with value: 0.05886410641666159.
running
[I 2024-11-21 08:06:17,504] Trial 76 finished with value: 0.3245405877068037 and parameters: {'model_name': 'SimpleImputer', 'strategy': 'most_frequent'}. Best is trial 4 with value: 0.05886410641666159.
running
[I 2024-11-21 08:06:17,721] Trial 79 finished with value: 0.3245405877068037 and parameters: {'model_name': 'SimpleImputer', 'strategy': 'most_frequent'}. Best is trial 4 with value: 0.05886410641666159.
running
[I 2024-11-21 08:06:17,899] Trial 82 finished with value: 0.3245405877068037 and parameters: {'model_name': 'SimpleImputer', 'strategy': 'most_frequent'}. Best is trial 4 with value: 0.05886410641666159.
[I 2024-11-21 08:06:17,996] Trial 86 finished with value: 0.05886410641666159 and parameters: {'model_name': 'SimpleImputer', 'strategy': 'median'}. Best is trial 4 with value: 0.05886410641666159.
running
running
[I 2024-11-21 08:06:18,123] Trial 77 finished with value: 0.3245405877068037 and parameters: {'model_name': 'SimpleImputer', 'strategy': 'most_frequent'}. Best is trial 4 with value: 0.05886410641666159.
running
[I 2024-11-21 08:06:18,317] Trial 83 finished with value: 0.3245405877068037 and parameters: {'model_name': 'SimpleImputer', 'strategy': 'most_frequent'}. Best is trial 4 with value: 0.05886410641666159.
[I 2024-11-21 08:06:18,410] Trial 85 finished with value: 0.3245405877068037 and parameters: {'model_name': 'SimpleImputer', 'strategy': 'most_frequent'}. Best is trial 4 with value: 0.05886410641666159.
running
running
[I 2024-11-21 08:06:18,531] Trial 87 finished with value: 0.05886410641666159 and parameters: {'model_name': 'SimpleImputer', 'strategy': 'median'}. Best is trial 4 with value: 0.05886410641666159.
running
[I 2024-11-21 08:06:18,643] Trial 89 finished with value: 0.05886410641666159 and parameters: {'model_name': 'SimpleImputer', 'strategy': 'median'}. Best is trial 4 with value: 0.05886410641666159.
running
[I 2024-11-21 08:06:18,826] Trial 90 finished with value: 0.05886410641666159 and parameters: {'model_name': 'SimpleImputer', 'strategy': 'median'}. Best is trial 4 with value: 0.05886410641666159.
running
[I 2024-11-21 08:06:18,932] Trial 84 finished with value: 0.3245405877068037 and parameters: {'model_name': 'SimpleImputer', 'strategy': 'most_frequent'}. Best is trial 4 with value: 0.05886410641666159.
running
[I 2024-11-21 08:06:19,071] Trial 91 finished with value: 0.05886410641666159 and parameters: {'model_name': 'SimpleImputer', 'strategy': 'median'}. Best is trial 4 with value: 0.05886410641666159.
running
[I 2024-11-21 08:06:19,285] Trial 88 finished with value: 0.05886410641666159 and parameters: {'model_name': 'SimpleImputer', 'strategy': 'median'}. Best is trial 4 with value: 0.05886410641666159.
running
[I 2024-11-21 08:06:19,399] Trial 92 finished with value: 0.05886410641666159 and parameters: {'model_name': 'SimpleImputer', 'strategy': 'median'}. Best is trial 4 with value: 0.05886410641666159.
running
[I 2024-11-21 08:06:19,577] Trial 93 finished with value: 0.05886410641666159 and parameters: {'model_name': 'SimpleImputer', 'strategy': 'median'}. Best is trial 4 with value: 0.05886410641666159.
[I 2024-11-21 08:06:19,670] Trial 94 finished with value: 0.05886410641666159 and parameters: {'model_name': 'SimpleImputer', 'strategy': 'median'}. Best is trial 4 with value: 0.05886410641666159.
running
running
[I 2024-11-21 08:06:19,800] Trial 95 finished with value: 0.05886410641666159 and parameters: {'model_name': 'SimpleImputer', 'strategy': 'median'}. Best is trial 4 with value: 0.05886410641666159.
running
[I 2024-11-21 08:06:20,005] Trial 99 finished with value: 0.05886410641666159 and parameters: {'model_name': 'SimpleImputer', 'strategy': 'median'}. Best is trial 4 with value: 0.05886410641666159.
running
[I 2024-11-21 08:06:20,123] Trial 96 finished with value: 0.05886410641666159 and parameters: {'model_name': 'SimpleImputer', 'strategy': 'median'}. Best is trial 4 with value: 0.05886410641666159.
running
[I 2024-11-21 08:06:20,258] Trial 98 finished with value: 0.05886410641666159 and parameters: {'model_name': 'SimpleImputer', 'strategy': 'median'}. Best is trial 4 with value: 0.05886410641666159.
running
[I 2024-11-21 08:06:20,376] Trial 97 finished with value: 0.05886410641666159 and parameters: {'model_name': 'SimpleImputer', 'strategy': 'median'}. Best is trial 4 with value: 0.05886410641666159.
running
[I 2024-11-21 08:06:20,531] Trial 103 finished with value: 0.05886410641666159 and parameters: {'model_name': 'SimpleImputer', 'strategy': 'median'}. Best is trial 4 with value: 0.05886410641666159.
running
[I 2024-11-21 08:06:20,771] Trial 102 finished with value: 0.05886410641666159 and parameters: {'model_name': 'SimpleImputer', 'strategy': 'median'}. Best is trial 4 with value: 0.05886410641666159.
running
[I 2024-11-21 08:06:20,894] Trial 101 finished with value: 0.05886410641666159 and parameters: {'model_name': 'SimpleImputer', 'strategy': 'median'}. Best is trial 4 with value: 0.05886410641666159.
running
[I 2024-11-21 08:06:21,010] Trial 105 finished with value: 0.05886410641666159 and parameters: {'model_name': 'SimpleImputer', 'strategy': 'median'}. Best is trial 4 with value: 0.05886410641666159.
running
[I 2024-11-21 08:06:21,122] Trial 100 finished with value: 0.05886410641666159 and parameters: {'model_name': 'SimpleImputer', 'strategy': 'median'}. Best is trial 4 with value: 0.05886410641666159.
[I 2024-11-21 08:06:21,222] Trial 104 finished with value: 0.05886410641666159 and parameters: {'model_name': 'SimpleImputer', 'strategy': 'median'}. Best is trial 4 with value: 0.05886410641666159.
running
running
[I 2024-11-21 08:06:21,387] Trial 106 finished with value: 0.05886410641666159 and parameters: {'model_name': 'SimpleImputer', 'strategy': 'median'}. Best is trial 4 with value: 0.05886410641666159.
running
[I 2024-11-21 08:06:21,550] Trial 108 finished with value: 0.05886410641666159 and parameters: {'model_name': 'SimpleImputer', 'strategy': 'median'}. Best is trial 4 with value: 0.05886410641666159.
running
[I 2024-11-21 08:06:21,653] Trial 109 finished with value: 0.05886410641666159 and parameters: {'model_name': 'SimpleImputer', 'strategy': 'median'}. Best is trial 4 with value: 0.05886410641666159.
[I 2024-11-21 08:06:21,739] Trial 114 finished with value: 0.5059360786200697 and parameters: {'model_name': 'SimpleImputer', 'strategy': 'constant'}. Best is trial 4 with value: 0.05886410641666159.
running
running
[I 2024-11-21 08:06:21,856] Trial 107 finished with value: 0.05886410641666159 and parameters: {'model_name': 'SimpleImputer', 'strategy': 'median'}. Best is trial 4 with value: 0.05886410641666159.
running
[I 2024-11-21 08:06:21,975] Trial 115 finished with value: 0.5059360786200697 and parameters: {'model_name': 'SimpleImputer', 'strategy': 'constant'}. Best is trial 4 with value: 0.05886410641666159.
running
[I 2024-11-21 08:06:22,090] Trial 110 finished with value: 0.05886410641666159 and parameters: {'model_name': 'SimpleImputer', 'strategy': 'median'}. Best is trial 4 with value: 0.05886410641666159.
running
[I 2024-11-21 08:06:22,316] Trial 111 finished with value: 0.05886410641666159 and parameters: {'model_name': 'SimpleImputer', 'strategy': 'median'}. Best is trial 4 with value: 0.05886410641666159.
running
[I 2024-11-21 08:06:22,457] Trial 119 finished with value: 0.5059360786200697 and parameters: {'model_name': 'SimpleImputer', 'strategy': 'constant'}. Best is trial 4 with value: 0.05886410641666159.
running
[I 2024-11-21 08:06:22,594] Trial 113 finished with value: 0.05886410641666159 and parameters: {'model_name': 'SimpleImputer', 'strategy': 'median'}. Best is trial 4 with value: 0.05886410641666159.
running
[I 2024-11-21 08:06:22,694] Trial 112 finished with value: 0.05886410641666159 and parameters: {'model_name': 'SimpleImputer', 'strategy': 'median'}. Best is trial 4 with value: 0.05886410641666159.
running
[I 2024-11-21 08:06:22,814] Trial 118 finished with value: 0.5059360786200697 and parameters: {'model_name': 'SimpleImputer', 'strategy': 'constant'}. Best is trial 4 with value: 0.05886410641666159.
running
[I 2024-11-21 08:06:22,913] Trial 121 finished with value: 0.5059360786200697 and parameters: {'model_name': 'SimpleImputer', 'strategy': 'constant'}. Best is trial 4 with value: 0.05886410641666159.
running
[I 2024-11-21 08:06:23,055] Trial 116 finished with value: 0.05886410641666159 and parameters: {'model_name': 'SimpleImputer', 'strategy': 'median'}. Best is trial 4 with value: 0.05886410641666159.
running
[I 2024-11-21 08:06:23,190] Trial 122 finished with value: 0.5059360786200697 and parameters: {'model_name': 'SimpleImputer', 'strategy': 'constant'}. Best is trial 4 with value: 0.05886410641666159.
running
[I 2024-11-21 08:06:23,337] Trial 123 finished with value: 0.5059360786200697 and parameters: {'model_name': 'SimpleImputer', 'strategy': 'constant'}. Best is trial 4 with value: 0.05886410641666159.
running
[I 2024-11-21 08:06:23,611] Trial 120 finished with value: 0.05886410641666159 and parameters: {'model_name': 'SimpleImputer', 'strategy': 'median'}. Best is trial 4 with value: 0.05886410641666159.
running
[I 2024-11-21 08:06:23,725] Trial 117 finished with value: 0.05886410641666159 and parameters: {'model_name': 'SimpleImputer', 'strategy': 'median'}. Best is trial 4 with value: 0.05886410641666159.
running
[I 2024-11-21 08:06:23,846] Trial 127 finished with value: 0.05886410641666159 and parameters: {'model_name': 'SimpleImputer', 'strategy': 'median'}. Best is trial 4 with value: 0.05886410641666159.
running
[I 2024-11-21 08:06:23,988] Trial 124 finished with value: 0.05886410641666159 and parameters: {'model_name': 'SimpleImputer', 'strategy': 'median'}. Best is trial 4 with value: 0.05886410641666159.
running
[I 2024-11-21 08:06:24,145] Trial 125 finished with value: 0.05886410641666159 and parameters: {'model_name': 'SimpleImputer', 'strategy': 'median'}. Best is trial 4 with value: 0.05886410641666159.
running
[I 2024-11-21 08:06:24,265] Trial 128 finished with value: 0.05886410641666159 and parameters: {'model_name': 'SimpleImputer', 'strategy': 'median'}. Best is trial 4 with value: 0.05886410641666159.
running
[I 2024-11-21 08:06:24,396] Trial 126 finished with value: 0.05886410641666159 and parameters: {'model_name': 'SimpleImputer', 'strategy': 'median'}. Best is trial 4 with value: 0.05886410641666159.
running
[I 2024-11-21 08:06:24,591] Trial 129 finished with value: 0.05886410641666159 and parameters: {'model_name': 'SimpleImputer', 'strategy': 'median'}. Best is trial 4 with value: 0.05886410641666159.
running
[I 2024-11-21 08:06:24,712] Trial 134 finished with value: 0.05886410641666159 and parameters: {'model_name': 'SimpleImputer', 'strategy': 'median'}. Best is trial 4 with value: 0.05886410641666159.
running
[I 2024-11-21 08:06:24,840] Trial 131 finished with value: 0.05886410641666159 and parameters: {'model_name': 'SimpleImputer', 'strategy': 'median'}. Best is trial 4 with value: 0.05886410641666159.
[I 2024-11-21 08:06:24,941] Trial 130 finished with value: 0.05886410641666159 and parameters: {'model_name': 'SimpleImputer', 'strategy': 'median'}. Best is trial 4 with value: 0.05886410641666159.
running
running
[I 2024-11-21 08:06:25,096] Trial 135 finished with value: 0.05886410641666159 and parameters: {'model_name': 'SimpleImputer', 'strategy': 'median'}. Best is trial 4 with value: 0.05886410641666159.
running
[I 2024-11-21 08:06:25,197] Trial 132 finished with value: 0.05886410641666159 and parameters: {'model_name': 'SimpleImputer', 'strategy': 'median'}. Best is trial 4 with value: 0.05886410641666159.
running
[I 2024-11-21 08:06:25,361] Trial 133 finished with value: 0.05886410641666159 and parameters: {'model_name': 'SimpleImputer', 'strategy': 'median'}. Best is trial 4 with value: 0.05886410641666159.
running
[I 2024-11-21 08:06:25,467] Trial 137 finished with value: 0.05886410641666159 and parameters: {'model_name': 'SimpleImputer', 'strategy': 'median'}. Best is trial 4 with value: 0.05886410641666159.
running
[I 2024-11-21 08:06:25,625] Trial 138 finished with value: 0.05886410641666159 and parameters: {'model_name': 'SimpleImputer', 'strategy': 'median'}. Best is trial 4 with value: 0.05886410641666159.
running
[I 2024-11-21 08:06:25,820] Trial 136 finished with value: 0.05886410641666159 and parameters: {'model_name': 'SimpleImputer', 'strategy': 'median'}. Best is trial 4 with value: 0.05886410641666159.
running
[I 2024-11-21 08:06:25,961] Trial 140 finished with value: 0.05886410641666159 and parameters: {'model_name': 'SimpleImputer', 'strategy': 'median'}. Best is trial 4 with value: 0.05886410641666159.
running
[I 2024-11-21 08:06:26,164] Trial 141 finished with value: 0.05886410641666159 and parameters: {'model_name': 'SimpleImputer', 'strategy': 'median'}. Best is trial 4 with value: 0.05886410641666159.
running
[I 2024-11-21 08:06:26,280] Trial 139 finished with value: 0.05886410641666159 and parameters: {'model_name': 'SimpleImputer', 'strategy': 'median'}. Best is trial 4 with value: 0.05886410641666159.
running
[I 2024-11-21 08:06:26,402] Trial 144 finished with value: 0.05886410641666159 and parameters: {'model_name': 'SimpleImputer', 'strategy': 'median'}. Best is trial 4 with value: 0.05886410641666159.
running
[I 2024-11-21 08:06:26,528] Trial 143 finished with value: 0.05886410641666159 and parameters: {'model_name': 'SimpleImputer', 'strategy': 'median'}. Best is trial 4 with value: 0.05886410641666159.
running
[I 2024-11-21 08:06:26,795] Trial 142 finished with value: 0.05886410641666159 and parameters: {'model_name': 'SimpleImputer', 'strategy': 'median'}. Best is trial 4 with value: 0.05886410641666159.
running
[I 2024-11-21 08:06:26,896] Trial 147 finished with value: 0.05886410641666159 and parameters: {'model_name': 'SimpleImputer', 'strategy': 'median'}. Best is trial 4 with value: 0.05886410641666159.
running
[I 2024-11-21 08:06:27,045] Trial 145 finished with value: 0.05886410641666159 and parameters: {'model_name': 'SimpleImputer', 'strategy': 'median'}. Best is trial 4 with value: 0.05886410641666159.
running
[I 2024-11-21 08:06:27,155] Trial 146 finished with value: 0.05886410641666159 and parameters: {'model_name': 'SimpleImputer', 'strategy': 'median'}. Best is trial 4 with value: 0.05886410641666159.
running
[I 2024-11-21 08:06:27,265] Trial 149 finished with value: 0.05886410641666159 and parameters: {'model_name': 'SimpleImputer', 'strategy': 'median'}. Best is trial 4 with value: 0.05886410641666159.
[I 2024-11-21 08:06:27,357] Trial 150 finished with value: 0.05886410641666159 and parameters: {'model_name': 'SimpleImputer', 'strategy': 'median'}. Best is trial 4 with value: 0.05886410641666159.
running
[I 2024-11-21 08:06:27,443] Trial 148 finished with value: 0.05886410641666159 and parameters: {'model_name': 'SimpleImputer', 'strategy': 'median'}. Best is trial 4 with value: 0.05886410641666159.
running
running
[I 2024-11-21 08:06:27,595] Trial 151 finished with value: 0.05886410641666159 and parameters: {'model_name': 'SimpleImputer', 'strategy': 'median'}. Best is trial 4 with value: 0.05886410641666159.
running
[I 2024-11-21 08:06:27,706] Trial 152 finished with value: 0.05886410641666159 and parameters: {'model_name': 'SimpleImputer', 'strategy': 'median'}. Best is trial 4 with value: 0.05886410641666159.
running
[I 2024-11-21 08:06:27,856] Trial 153 finished with value: 0.05886410641666159 and parameters: {'model_name': 'SimpleImputer', 'strategy': 'median'}. Best is trial 4 with value: 0.05886410641666159.
running
[I 2024-11-21 08:06:28,077] Trial 154 finished with value: 0.05886410641666159 and parameters: {'model_name': 'SimpleImputer', 'strategy': 'median'}. Best is trial 4 with value: 0.05886410641666159.
running
[I 2024-11-21 08:06:28,299] Trial 155 finished with value: 0.05886410641666159 and parameters: {'model_name': 'SimpleImputer', 'strategy': 'median'}. Best is trial 4 with value: 0.05886410641666159.
running
[I 2024-11-21 08:06:28,428] Trial 158 finished with value: 0.05886410641666159 and parameters: {'model_name': 'SimpleImputer', 'strategy': 'median'}. Best is trial 4 with value: 0.05886410641666159.
[I 2024-11-21 08:06:28,523] Trial 156 finished with value: 0.05886410641666159 and parameters: {'model_name': 'SimpleImputer', 'strategy': 'median'}. Best is trial 4 with value: 0.05886410641666159.
running
running
[I 2024-11-21 08:06:28,637] Trial 159 finished with value: 0.05886410641666159 and parameters: {'model_name': 'SimpleImputer', 'strategy': 'median'}. Best is trial 4 with value: 0.05886410641666159.
running
[I 2024-11-21 08:06:28,750] Trial 157 finished with value: 0.05886410641666159 and parameters: {'model_name': 'SimpleImputer', 'strategy': 'median'}. Best is trial 4 with value: 0.05886410641666159.
running
[I 2024-11-21 08:06:28,887] Trial 161 finished with value: 0.05886410641666159 and parameters: {'model_name': 'SimpleImputer', 'strategy': 'median'}. Best is trial 4 with value: 0.05886410641666159.
running
[I 2024-11-21 08:06:29,162] Trial 164 finished with value: 0.05886410641666159 and parameters: {'model_name': 'SimpleImputer', 'strategy': 'median'}. Best is trial 4 with value: 0.05886410641666159.
[I 2024-11-21 08:06:29,276] Trial 160 finished with value: 0.05886410641666159 and parameters: {'model_name': 'SimpleImputer', 'strategy': 'median'}. Best is trial 4 with value: 0.05886410641666159.
[I 2024-11-21 08:06:29,361] Trial 163 finished with value: 0.05886410641666159 and parameters: {'model_name': 'SimpleImputer', 'strategy': 'median'}. Best is trial 4 with value: 0.05886410641666159.
running
running
[I 2024-11-21 08:06:29,472] Trial 162 finished with value: 0.05886410641666159 and parameters: {'model_name': 'SimpleImputer', 'strategy': 'median'}. Best is trial 4 with value: 0.05886410641666159.
running
running
[I 2024-11-21 08:06:29,629] Trial 166 finished with value: 0.05886410641666159 and parameters: {'model_name': 'SimpleImputer', 'strategy': 'median'}. Best is trial 4 with value: 0.05886410641666159.
[I 2024-11-21 08:06:29,731] Trial 168 finished with value: 0.05886410641666159 and parameters: {'model_name': 'SimpleImputer', 'strategy': 'median'}. Best is trial 4 with value: 0.05886410641666159.
running
running
[I 2024-11-21 08:06:29,889] Trial 167 finished with value: 0.05886410641666159 and parameters: {'model_name': 'SimpleImputer', 'strategy': 'median'}. Best is trial 4 with value: 0.05886410641666159.
running
[I 2024-11-21 08:06:30,001] Trial 165 finished with value: 0.05886410641666159 and parameters: {'model_name': 'SimpleImputer', 'strategy': 'median'}. Best is trial 4 with value: 0.05886410641666159.
running
[I 2024-11-21 08:06:30,162] Trial 169 finished with value: 0.05886410641666159 and parameters: {'model_name': 'SimpleImputer', 'strategy': 'median'}. Best is trial 4 with value: 0.05886410641666159.
running
[I 2024-11-21 08:06:30,423] Trial 170 finished with value: 0.05886410641666159 and parameters: {'model_name': 'SimpleImputer', 'strategy': 'median'}. Best is trial 4 with value: 0.05886410641666159.
running
[I 2024-11-21 08:06:30,542] Trial 171 finished with value: 0.05886410641666159 and parameters: {'model_name': 'SimpleImputer', 'strategy': 'median'}. Best is trial 4 with value: 0.05886410641666159.
running
[I 2024-11-21 08:06:30,672] Trial 174 finished with value: 0.05886410641666159 and parameters: {'model_name': 'SimpleImputer', 'strategy': 'median'}. Best is trial 4 with value: 0.05886410641666159.
running
[I 2024-11-21 08:06:30,870] Trial 172 finished with value: 0.05886410641666159 and parameters: {'model_name': 'SimpleImputer', 'strategy': 'median'}. Best is trial 4 with value: 0.05886410641666159.
[I 2024-11-21 08:06:30,963] Trial 173 finished with value: 0.05886410641666159 and parameters: {'model_name': 'SimpleImputer', 'strategy': 'median'}. Best is trial 4 with value: 0.05886410641666159.
running
running
[I 2024-11-21 08:06:31,059] Trial 175 finished with value: 0.05886410641666159 and parameters: {'model_name': 'SimpleImputer', 'strategy': 'median'}. Best is trial 4 with value: 0.05886410641666159.
running
[I 2024-11-21 08:06:31,177] Trial 176 finished with value: 0.05886410641666159 and parameters: {'model_name': 'SimpleImputer', 'strategy': 'median'}. Best is trial 4 with value: 0.05886410641666159.
running
[I 2024-11-21 08:06:31,347] Trial 180 finished with value: 0.05886410641666159 and parameters: {'model_name': 'SimpleImputer', 'strategy': 'median'}. Best is trial 4 with value: 0.05886410641666159.
running
[I 2024-11-21 08:06:31,498] Trial 179 finished with value: 0.05886410641666159 and parameters: {'model_name': 'SimpleImputer', 'strategy': 'median'}. Best is trial 4 with value: 0.05886410641666159.
running
[I 2024-11-21 08:06:31,615] Trial 177 finished with value: 0.05886410641666159 and parameters: {'model_name': 'SimpleImputer', 'strategy': 'median'}. Best is trial 4 with value: 0.05886410641666159.
running
[I 2024-11-21 08:06:31,781] Trial 178 finished with value: 0.05886410641666159 and parameters: {'model_name': 'SimpleImputer', 'strategy': 'median'}. Best is trial 4 with value: 0.05886410641666159.
running
[I 2024-11-21 08:06:31,889] Trial 182 finished with value: 0.05886410641666159 and parameters: {'model_name': 'SimpleImputer', 'strategy': 'median'}. Best is trial 4 with value: 0.05886410641666159.
running
[I 2024-11-21 08:06:32,007] Trial 181 finished with value: 0.05886410641666159 and parameters: {'model_name': 'SimpleImputer', 'strategy': 'median'}. Best is trial 4 with value: 0.05886410641666159.
[I 2024-11-21 08:06:32,099] Trial 184 finished with value: 0.05886410641666159 and parameters: {'model_name': 'SimpleImputer', 'strategy': 'median'}. Best is trial 4 with value: 0.05886410641666159.
running
running
[I 2024-11-21 08:06:32,280] Trial 183 finished with value: 0.05886410641666159 and parameters: {'model_name': 'SimpleImputer', 'strategy': 'median'}. Best is trial 4 with value: 0.05886410641666159.
[I 2024-11-21 08:06:32,406] Trial 185 finished with value: 0.05886410641666159 and parameters: {'model_name': 'SimpleImputer', 'strategy': 'median'}. Best is trial 4 with value: 0.05886410641666159.
[I 2024-11-21 08:06:32,683] Trial 186 finished with value: 0.05886410641666159 and parameters: {'model_name': 'SimpleImputer', 'strategy': 'median'}. Best is trial 4 with value: 0.05886410641666159.
[I 2024-11-21 08:06:32,830] Trial 187 finished with value: 0.05886410641666159 and parameters: {'model_name': 'SimpleImputer', 'strategy': 'median'}. Best is trial 4 with value: 0.05886410641666159.
[I 2024-11-21 08:06:32,945] Trial 188 finished with value: 0.05886410641666159 and parameters: {'model_name': 'SimpleImputer', 'strategy': 'median'}. Best is trial 4 with value: 0.05886410641666159.
[I 2024-11-21 08:06:33,108] Trial 189 finished with value: 0.05886410641666159 and parameters: {'model_name': 'SimpleImputer', 'strategy': 'median'}. Best is trial 4 with value: 0.05886410641666159.
[I 2024-11-21 08:06:33,201] Trial 195 finished with value: 0.05886410641666159 and parameters: {'model_name': 'SimpleImputer', 'strategy': 'median'}. Best is trial 4 with value: 0.05886410641666159.
[I 2024-11-21 08:06:33,283] Trial 191 finished with value: 0.05886410641666159 and parameters: {'model_name': 'SimpleImputer', 'strategy': 'median'}. Best is trial 4 with value: 0.05886410641666159.
[I 2024-11-21 08:06:33,374] Trial 193 finished with value: 0.05886410641666159 and parameters: {'model_name': 'SimpleImputer', 'strategy': 'median'}. Best is trial 4 with value: 0.05886410641666159.
[I 2024-11-21 08:06:33,459] Trial 190 finished with value: 0.05886410641666159 and parameters: {'model_name': 'SimpleImputer', 'strategy': 'median'}. Best is trial 4 with value: 0.05886410641666159.
[I 2024-11-21 08:06:33,543] Trial 194 finished with value: 0.05886410641666159 and parameters: {'model_name': 'SimpleImputer', 'strategy': 'median'}. Best is trial 4 with value: 0.05886410641666159.
[I 2024-11-21 08:06:33,627] Trial 192 finished with value: 0.05886410641666159 and parameters: {'model_name': 'SimpleImputer', 'strategy': 'median'}. Best is trial 4 with value: 0.05886410641666159.
[I 2024-11-21 08:06:33,710] Trial 197 finished with value: 0.05886410641666159 and parameters: {'model_name': 'SimpleImputer', 'strategy': 'median'}. Best is trial 4 with value: 0.05886410641666159.
[I 2024-11-21 08:06:33,795] Trial 198 finished with value: 0.05886410641666159 and parameters: {'model_name': 'SimpleImputer', 'strategy': 'median'}. Best is trial 4 with value: 0.05886410641666159.
[I 2024-11-21 08:06:33,881] Trial 199 finished with value: 0.05886410641666159 and parameters: {'model_name': 'SimpleImputer', 'strategy': 'median'}. Best is trial 4 with value: 0.05886410641666159.
[I 2024-11-21 08:06:33,986] Trial 196 finished with value: 0.05886410641666159 and parameters: {'model_name': 'SimpleImputer', 'strategy': 'median'}. Best is trial 4 with value: 0.05886410641666159.
fit
simple fit
simple transform
0    0
1    0
2    0
3    0
4    0
5    0
6    0
7    0
8    0
dtype: int64
0    0
1    0
2    0
3    0
4    0
5    0
6    0
7    0
8    0
dtype: int64
0.05886410641666159
{'model_name': 'SimpleImputer', 'strategy': 'median'}
running experiment 2/3 - Does reconstruction give good automl predictions
Start est fit
Version 0.1.7a0 of tpot2 is outdated. Version 0.1.8a0 was released Tuesday September 17, 2024.
Version 0.1.7a0 of tpot2 is outdated. Version 0.1.8a0 was released Tuesday September 17, 2024.
Version 0.1.7a0 of tpot2 is outdated. Version 0.1.8a0 was released Tuesday September 17, 2024.
Version 0.1.7a0 of tpot2 is outdated. Version 0.1.8a0 was released Tuesday September 17, 2024.
Version 0.1.7a0 of tpot2 is outdated. Version 0.1.8a0 was released Tuesday September 17, 2024.
Version 0.1.7a0 of tpot2 is outdated. Version 0.1.8a0 was released Tuesday September 17, 2024.
Version 0.1.7a0 of tpot2 is outdated. Version 0.1.8a0 was released Tuesday September 17, 2024.
Version 0.1.7a0 of tpot2 is outdated. Version 0.1.8a0 was released Tuesday September 17, 2024.
Version 0.1.7a0 of tpot2 is outdated. Version 0.1.8a0 was released Tuesday September 17, 2024.
Version 0.1.7a0 of tpot2 is outdated. Version 0.1.8a0 was released Tuesday September 17, 2024.
Version 0.1.7a0 of tpot2 is outdated. Version 0.1.8a0 was released Tuesday September 17, 2024.
Version 0.1.7a0 of tpot2 is outdated. Version 0.1.8a0 was released Tuesday September 17, 2024.
Version 0.1.7a0 of tpot2 is outdated. Version 0.1.8a0 was released Tuesday September 17, 2024.
Version 0.1.7a0 of tpot2 is outdated. Version 0.1.8a0 was released Tuesday September 17, 2024.
Version 0.1.7a0 of tpot2 is outdated. Version 0.1.8a0 was released Tuesday September 17, 2024.
Version 0.1.7a0 of tpot2 is outdated. Version 0.1.8a0 was released Tuesday September 17, 2024.
  0%|          | 0/25 [00:00<?, ?it/s]Generation:   0%|          | 0/25 [00:00<?, ?it/s]WARNING AN INDIVIDUAL TIMED OUT: 
 <tpot2.search_spaces.pipelines.sequential.SequentialPipelineIndividual object at 0x155474d13e50> 

Generation:  1
Best f1_score score: 0.9279932432666793
Generation:   4%|▍         | 1/25 [10:02<4:00:59, 602.46s/it]Generation:  2
Best f1_score score: 0.9362525674241065
Generation:   8%|▊         | 2/25 [18:30<3:29:42, 547.08s/it]Generation:  3
Best f1_score score: 0.9362525674241065
Generation:  12%|█▏        | 3/25 [20:27<2:08:29, 350.43s/it]Generation:  4
Best f1_score score: 0.9362525674241065
Generation:  16%|█▌        | 4/25 [29:28<2:29:01, 425.78s/it]Generation:  5
Best f1_score score: 0.9362525674241065
Generation:  20%|██        | 5/25 [31:23<1:44:33, 313.69s/it]Generation:  6
Best f1_score score: 0.9362946148373446
Generation:  24%|██▍       | 6/25 [33:12<1:17:19, 244.21s/it]Generation:  7
Best f1_score score: 0.9404660624398596
Generation:  28%|██▊       | 7/25 [43:17<1:48:37, 362.11s/it]Generation:  8
Best f1_score score: 0.9404660624398596
Generation:  32%|███▏      | 8/25 [49:11<1:41:50, 359.45s/it]WARNING AN INDIVIDUAL TIMED OUT: 
 <tpot2.search_spaces.pipelines.sequential.SequentialPipelineIndividual object at 0x155474d1b370> 

Generation:  9
Best f1_score score: 0.9404660624398596
Generation:  36%|███▌      | 9/25 [59:17<1:56:25, 436.61s/it]WARNING AN INDIVIDUAL TIMED OUT: 
 <tpot2.search_spaces.pipelines.sequential.SequentialPipelineIndividual object at 0x155474d521a0> 

Generation:  10
Best f1_score score: 0.943716956398748
Generation:  40%|████      | 10/25 [1:09:24<2:02:19, 489.27s/it]Generation:  11
Best f1_score score: 0.943716956398748
Generation:  44%|████▍     | 11/25 [1:09:46<1:20:44, 346.01s/it]WARNING AN INDIVIDUAL TIMED OUT: 
 <tpot2.search_spaces.pipelines.sequential.SequentialPipelineIndividual object at 0x155474d6e530> 

Generation:  12
Best f1_score score: 0.943716956398748
Generation:  48%|████▊     | 12/25 [1:19:53<1:32:13, 425.64s/it]Generation:  13
Best f1_score score: 0.943716956398748
Generation:  52%|█████▏    | 13/25 [1:20:22<1:01:06, 305.50s/it]Generation:  14
Best f1_score score: 0.943946964973906
Generation:  56%|█████▌    | 14/25 [1:21:13<41:53, 228.49s/it]  Generation:  15
Best f1_score score: 0.943946964973906
Generation:  60%|██████    | 15/25 [1:21:49<28:23, 170.36s/it]Generation:  16
Best f1_score score: 0.943946964973906
Generation:  64%|██████▍   | 16/25 [1:22:46<20:28, 136.47s/it]Generation:  17
Best f1_score score: 0.943946964973906
Generation:  68%|██████▊   | 17/25 [1:23:24<14:13, 106.67s/it]Generation:  18
Best f1_score score: 0.943946964973906
Generation:  72%|███████▏  | 18/25 [1:24:00<09:59, 85.69s/it] Generation:  19
Best f1_score score: 0.9454322162307894
Generation:  76%|███████▌  | 19/25 [1:30:19<17:21, 173.65s/it]Generation:  20
Best f1_score score: 0.9454322162307894
Generation:  80%|████████  | 20/25 [1:31:02<11:12, 134.42s/it]Generation:  21
Best f1_score score: 0.9454322162307894
Generation:  84%|████████▍ | 21/25 [1:32:54<08:30, 127.68s/it]Generation:  22
Best f1_score score: 0.9454322162307894
Generation:  88%|████████▊ | 22/25 [1:36:25<07:37, 152.55s/it]Generation:  23
Best f1_score score: 0.9454322162307894
Generation:  92%|█████████▏| 23/25 [1:36:43<03:44, 112.39s/it]Generation:  24
Best f1_score score: 0.9454322162307894
Generation:  96%|█████████▌| 24/25 [1:44:06<03:31, 211.45s/it]Generation:  25
Best f1_score score: 0.9454322162307894
Generation: 100%|██████████| 25/25 [1:49:26<00:00, 244.19s/it]Generation: 100%|██████████| 25/25 [1:49:29<00:00, 262.80s/it]
2024-11-21 09:56:12,988 - distributed.scheduler - ERROR - Removing worker 'tcp://127.0.0.1:34831' caused the cluster to lose scattered data, which can't be recovered: {'ndarray-873c8ee4d9915a6189d02b3b3539e9b1', 'ndarray-08e2b28cd26b443d1296bc2cda8a08c0'} (stimulus_id='handle-worker-cleanup-1732211772.9886458')
Fitted
Pipeline(steps=[('lgbmclassifier',
                 LGBMClassifier(class_weight='balanced', max_depth=10,
                                n_estimators=97, n_jobs=1, num_leaves=251,
                                verbose=-1))])
score start
train score: {'auroc': 0.9999999845885039, 'accuracy': 0.999978448275862, 'balanced_accuracy': 0.9999960827787201, 'logloss': 0.00016079352889179874, 'f1': 0.9994785608430261}
original test score: {'auroc': 1.0, 'accuracy': 0.9997413793103448, 'balanced_accuracy': 0.9999529920556574, 'logloss': 0.0007459558305927389, 'f1': 0.9939402748563124}
imputed test score: {'auroc': 0.9999416674842269, 'accuracy': 0.9987931034482759, 'balanced_accuracy': 0.9665932573217065, 'logloss': 0.005020988511196254, 'f1': 0.973542289954099}
score end
check intended
EXP2 Finished
running experiment 3/3 - What is the best automl settings?
<tpot2.search_spaces.pipelines.sequential.SequentialPipeline object at 0x15543504f9d0>
Start tpot fit
Version 0.1.7a0 of tpot2 is outdated. Version 0.1.8a0 was released Tuesday September 17, 2024.
Version 0.1.7a0 of tpot2 is outdated. Version 0.1.8a0 was released Tuesday September 17, 2024.
Version 0.1.7a0 of tpot2 is outdated. Version 0.1.8a0 was released Tuesday September 17, 2024.
Version 0.1.7a0 of tpot2 is outdated. Version 0.1.8a0 was released Tuesday September 17, 2024.
Version 0.1.7a0 of tpot2 is outdated. Version 0.1.8a0 was released Tuesday September 17, 2024.
Version 0.1.7a0 of tpot2 is outdated. Version 0.1.8a0 was released Tuesday September 17, 2024.
Version 0.1.7a0 of tpot2 is outdated. Version 0.1.8a0 was released Tuesday September 17, 2024.
Version 0.1.7a0 of tpot2 is outdated. Version 0.1.8a0 was released Tuesday September 17, 2024.
Version 0.1.7a0 of tpot2 is outdated. Version 0.1.8a0 was released Tuesday September 17, 2024.
Version 0.1.7a0 of tpot2 is outdated. Version 0.1.8a0 was released Tuesday September 17, 2024.
Version 0.1.7a0 of tpot2 is outdated. Version 0.1.8a0 was released Tuesday September 17, 2024.
Version 0.1.7a0 of tpot2 is outdated. Version 0.1.8a0 was released Tuesday September 17, 2024.
Version 0.1.7a0 of tpot2 is outdated. Version 0.1.8a0 was released Tuesday September 17, 2024.
Version 0.1.7a0 of tpot2 is outdated. Version 0.1.8a0 was released Tuesday September 17, 2024.
Version 0.1.7a0 of tpot2 is outdated. Version 0.1.8a0 was released Tuesday September 17, 2024.
Version 0.1.7a0 of tpot2 is outdated. Version 0.1.8a0 was released Tuesday September 17, 2024.
  0%|          | 0/25 [00:00<?, ?it/s]Generation:   0%|          | 0/25 [00:00<?, ?it/s]Generation:  1
Best f1_score score: 0.8989217034389064
Generation:   4%|▍         | 1/25 [00:30<12:10, 30.43s/it]Generation:  2
Best f1_score score: 0.8989217034389064
Generation:   8%|▊         | 2/25 [02:12<27:48, 72.55s/it]WARNING AN INDIVIDUAL TIMED OUT: 
 <tpot2.search_spaces.pipelines.sequential.SequentialPipelineIndividual object at 0x155474746ef0> 

Generation:  3
Best f1_score score: 0.8989217034389064
Generation:  12%|█▏        | 3/25 [12:15<1:55:26, 314.84s/it]Generation:  4
Best f1_score score: 0.8989217034389064
Generation:  16%|█▌        | 4/25 [12:48<1:11:14, 203.53s/it]Generation:  5
Best f1_score score: 0.8989217034389064
Generation:  20%|██        | 5/25 [13:46<50:18, 150.92s/it]  Generation:  6
Best f1_score score: 0.9104052864039665
Generation:  24%|██▍       | 6/25 [19:35<1:09:07, 218.28s/it]Generation:  7
Best f1_score score: 0.9104052864039665
Generation:  28%|██▊       | 7/25 [20:07<47:16, 157.57s/it]  Generation:  8
Best f1_score score: 0.9104052864039665
Generation:  32%|███▏      | 8/25 [22:18<42:13, 149.02s/it]Generation:  9
Best f1_score score: 0.928209612603635
Generation:  36%|███▌      | 9/25 [25:46<44:38, 167.40s/it]Generation:  10
Best f1_score score: 0.9387083804060039
Generation:  40%|████      | 10/25 [26:34<32:39, 130.61s/it]WARNING THIS INDIVIDUAL CAUSED AND EXCEPTION 
 <tpot2.search_spaces.pipelines.sequential.SequentialPipelineIndividual object at 0x1554746a19c0> 
 The 'min_samples_split' parameter of DecisionTreeClassifier must be an int in the range [2, inf) or a float in the range (0.0, 1.0]. Got 1 instead. 
 Traceback (most recent call last):
  File "/common/ketrong/tpotexp/tpot2/tpot2/utils/eval_utils.py", line 53, in objective_nan_wrapper
    value = func_timeout.func_timeout(timeout, objective_function, args=[individual], kwargs=objective_kwargs)
  File "/common/ketrong/tpotexp/env/lib/python3.10/site-packages/func_timeout/dafunc.py", line 108, in func_timeout
    raise_exception(exception)
  File "/common/ketrong/tpotexp/env/lib/python3.10/site-packages/func_timeout/py3_raise.py", line 7, in raise_exception
    raise exception[0] from None
  File "/common/ketrong/tpotexp/tpot2/tpot2/tpot_estimator/estimator.py", line 623, in objective_function
    return objective_function_generator(
  File "/common/ketrong/tpotexp/tpot2/tpot2/tpot_estimator/estimator_utils.py", line 55, in objective_function_generator
    cv_obj_scores = cross_val_score_objective(sklearn.base.clone(pipeline),x,y,scorers=scorers, cv=cv , fold=step)
  File "/common/ketrong/tpotexp/tpot2/tpot2/tpot_estimator/cross_val_utils.py", line 28, in cross_val_score_objective
    this_fold_pipeline.fit(X_train,y_train)
  File "/common/ketrong/tpotexp/env/lib/python3.10/site-packages/sklearn/base.py", line 1473, in wrapper
    return fit_method(estimator, *args, **kwargs)
  File "/common/ketrong/tpotexp/env/lib/python3.10/site-packages/sklearn/pipeline.py", line 473, in fit
    self._final_estimator.fit(Xt, y, **last_step_params["fit"])
  File "/common/ketrong/tpotexp/env/lib/python3.10/site-packages/sklearn/base.py", line 1466, in wrapper
    estimator._validate_params()
  File "/common/ketrong/tpotexp/env/lib/python3.10/site-packages/sklearn/base.py", line 666, in _validate_params
    validate_parameter_constraints(
  File "/common/ketrong/tpotexp/env/lib/python3.10/site-packages/sklearn/utils/_param_validation.py", line 95, in validate_parameter_constraints
    raise InvalidParameterError(
sklearn.utils._param_validation.InvalidParameterError: The 'min_samples_split' parameter of DecisionTreeClassifier must be an int in the range [2, inf) or a float in the range (0.0, 1.0]. Got 1 instead.

Generation:  11
Best f1_score score: 0.9387083804060039
Generation:  44%|████▍     | 11/25 [27:21<24:28, 104.88s/it]Generation:  12
Best f1_score score: 0.9387083804060039
Generation:  48%|████▊     | 12/25 [32:55<37:52, 174.79s/it]Generation:  13
Best f1_score score: 0.9387083804060039
Generation:  52%|█████▏    | 13/25 [33:31<26:32, 132.73s/it]Generation:  14
Best f1_score score: 0.9387083804060039
Generation:  56%|█████▌    | 14/25 [37:07<28:55, 157.82s/it]Generation:  15
Best f1_score score: 0.9387083804060039
Generation:  60%|██████    | 15/25 [39:06<24:20, 146.01s/it]Generation:  16
Best f1_score score: 0.9387083804060039
Generation:  64%|██████▍   | 16/25 [39:49<17:16, 115.21s/it]Generation:  17
Best f1_score score: 0.9387083804060039
Generation:  68%|██████▊   | 17/25 [42:57<18:15, 136.97s/it]WARNING AN INDIVIDUAL TIMED OUT: 
 <tpot2.search_spaces.pipelines.sequential.SequentialPipelineIndividual object at 0x15545b984d00> 

WARNING AN INDIVIDUAL TIMED OUT: 
 <tpot2.search_spaces.pipelines.sequential.SequentialPipelineIndividual object at 0x1554746a2740> 

Generation:  18
Best f1_score score: 0.9387083804060039
Generation:  72%|███████▏  | 18/25 [53:03<32:25, 277.99s/it]Generation:  19
Best f1_score score: 0.9387083804060039
Generation:  76%|███████▌  | 19/25 [1:01:57<35:29, 354.85s/it]Generation:  20
Best f1_score score: 0.9387083804060039
Generation:  80%|████████  | 20/25 [1:02:48<21:58, 263.73s/it]WARNING AN INDIVIDUAL TIMED OUT: 
 <tpot2.search_spaces.pipelines.sequential.SequentialPipelineIndividual object at 0x1554646660b0> 

WARNING AN INDIVIDUAL TIMED OUT: 
 <tpot2.search_spaces.pipelines.sequential.SequentialPipelineIndividual object at 0x155467d15390> 

Generation:  21
Best f1_score score: 0.939226578925134
Generation:  84%|████████▍ | 21/25 [1:12:54<24:25, 366.35s/it]WARNING THIS INDIVIDUAL CAUSED AND EXCEPTION 
 <tpot2.search_spaces.pipelines.sequential.SequentialPipelineIndividual object at 0x1554747132b0> 
 The 'min_samples_split' parameter of DecisionTreeClassifier must be an int in the range [2, inf) or a float in the range (0.0, 1.0]. Got 1 instead. 
 Traceback (most recent call last):
  File "/common/ketrong/tpotexp/tpot2/tpot2/utils/eval_utils.py", line 53, in objective_nan_wrapper
    value = func_timeout.func_timeout(timeout, objective_function, args=[individual], kwargs=objective_kwargs)
  File "/common/ketrong/tpotexp/env/lib/python3.10/site-packages/func_timeout/dafunc.py", line 108, in func_timeout
    raise_exception(exception)
  File "/common/ketrong/tpotexp/env/lib/python3.10/site-packages/func_timeout/py3_raise.py", line 7, in raise_exception
    raise exception[0] from None
  File "/common/ketrong/tpotexp/tpot2/tpot2/tpot_estimator/estimator.py", line 623, in objective_function
    return objective_function_generator(
  File "/common/ketrong/tpotexp/tpot2/tpot2/tpot_estimator/estimator_utils.py", line 55, in objective_function_generator
    cv_obj_scores = cross_val_score_objective(sklearn.base.clone(pipeline),x,y,scorers=scorers, cv=cv , fold=step)
  File "/common/ketrong/tpotexp/tpot2/tpot2/tpot_estimator/cross_val_utils.py", line 28, in cross_val_score_objective
    this_fold_pipeline.fit(X_train,y_train)
  File "/common/ketrong/tpotexp/env/lib/python3.10/site-packages/sklearn/base.py", line 1473, in wrapper
    return fit_method(estimator, *args, **kwargs)
  File "/common/ketrong/tpotexp/env/lib/python3.10/site-packages/sklearn/pipeline.py", line 473, in fit
    self._final_estimator.fit(Xt, y, **last_step_params["fit"])
  File "/common/ketrong/tpotexp/env/lib/python3.10/site-packages/sklearn/base.py", line 1466, in wrapper
    estimator._validate_params()
  File "/common/ketrong/tpotexp/env/lib/python3.10/site-packages/sklearn/base.py", line 666, in _validate_params
    validate_parameter_constraints(
  File "/common/ketrong/tpotexp/env/lib/python3.10/site-packages/sklearn/utils/_param_validation.py", line 95, in validate_parameter_constraints
    raise InvalidParameterError(
sklearn.utils._param_validation.InvalidParameterError: The 'min_samples_split' parameter of DecisionTreeClassifier must be an int in the range [2, inf) or a float in the range (0.0, 1.0]. Got 1 instead.

WARNING AN INDIVIDUAL TIMED OUT: 
 <tpot2.search_spaces.pipelines.sequential.SequentialPipelineIndividual object at 0x15546780f8e0> 

WARNING AN INDIVIDUAL TIMED OUT: 
 <tpot2.search_spaces.pipelines.sequential.SequentialPipelineIndividual object at 0x155467e5ee00> 

Generation:  22
Best f1_score score: 0.9400994981026904
Generation:  88%|████████▊ | 22/25 [1:23:02<21:56, 438.89s/it]Generation:  23
Best f1_score score: 0.9451224384318777
Generation:  92%|█████████▏| 23/25 [1:23:25<10:28, 314.05s/it]Generation:  24
Best f1_score score: 0.9454323044648769
Generation:  96%|█████████▌| 24/25 [1:25:27<04:16, 256.36s/it]Generation:  25
Best f1_score score: 0.9454323044648769
Generation: 100%|██████████| 25/25 [1:35:30<00:00, 360.30s/it]Generation: 100%|██████████| 25/25 [1:35:30<00:00, 229.20s/it]
2024-11-21 11:32:25,627 - distributed.scheduler - ERROR - Removing worker 'tcp://127.0.0.1:37001' caused the cluster to lose scattered data, which can't be recovered: {'ndarray-08e2b28cd26b443d1296bc2cda8a08c0', 'DataFrame-04bd4c712cbf2e311db75c6aee22fd62'} (stimulus_id='handle-worker-cleanup-1732217545.6273')
Fitted
Pipeline(steps=[('simpleimputer', SimpleImputer(strategy='median')),
                ('lgbmclassifier',
                 LGBMClassifier(class_weight='balanced', max_depth=10, n_jobs=1,
                                num_leaves=221, verbose=-1))])
transform worked
try transform
transform worked
score start
train score: {'auroc': 0.9999999857718354, 'accuracy': 0.999978448275862, 'balanced_accuracy': 0.9999960827787201, 'logloss': 0.00015288548338325805, 'f1': 0.9994785608430261}
test score: {'auroc': 0.9999449692805642, 'accuracy': 0.9987931034482759, 'balanced_accuracy': 0.9665932573217065, 'logloss': 0.0050272988417627935, 'f1': 0.973542289954099}
original test score: {'auroc': 1.0, 'accuracy': 0.9997413793103448, 'balanced_accuracy': 0.9999529920556574, 'logloss': 0.0007220226506177947, 'f1': 0.9939402748563124}
score end
40685
lvl
0.1
type
MCAR
num_run
3
class_simple
finished
all finished
full run takes
3.4493958855337565
hours
DONE
