Run: 3
/cm/local/apps/slurm/var/spool/job913223/slurm_script: line 26: 
pip install -e tpot2
pip install -r tpot2/ImputerExperiments/requirements_.txt
: No such file or directory
RunStart
starting loops
../data/r/1193/1193.pkl
working on 
../data/r/1193/reg_full_MAR_0.01_3
3.628547191619873
running experiment 1/3 - Does large hyperparameter space improve reconstruction accuracy over simple
[I 2024-08-09 10:44:29,146] A new study created in memory with name: no-name-e6ba710d-4891-451f-b8a8-a08de764d025
running
running
running
running
running
running
running
running
running
running
running
running
running
running
running
running
[I 2024-08-09 10:44:30,916] Trial 3 finished with value: 0.004809073341060759 and parameters: {'model_name': 'SimpleImputer', 'strategy': 'median'}. Best is trial 3 with value: 0.004809073341060759.
running
[I 2024-08-09 10:44:31,309] Trial 10 finished with value: 0.004809073341060759 and parameters: {'model_name': 'SimpleImputer', 'strategy': 'median'}. Best is trial 3 with value: 0.004809073341060759.
running
[I 2024-08-09 10:44:32,099] Trial 9 finished with value: 0.2843434645132077 and parameters: {'model_name': 'SimpleImputer', 'strategy': 'most_frequent'}. Best is trial 3 with value: 0.004809073341060759.
running
[I 2024-08-09 10:44:57,358] Trial 2 finished with value: inf and parameters: {'model_name': 'GAIN', 'batch_size': 1, 'hint_rate': 0.6463857341357194, 'alpha': 12, 'iterations': 15, 'learning_rate': 0.09964868384094756, 'p_miss': 0.18528843601367834}. Best is trial 3 with value: 0.004809073341060759.
running
[I 2024-08-09 10:44:58,879] Trial 0 finished with value: inf and parameters: {'model_name': 'GAIN', 'batch_size': 1, 'hint_rate': 0.19877500690475766, 'alpha': 54, 'iterations': 81, 'learning_rate': 0.0021415834880884224, 'p_miss': 0.012847557766472001}. Best is trial 3 with value: 0.004809073341060759.
running
[I 2024-08-09 10:45:02,436] Trial 20 finished with value: 0.004809073341060759 and parameters: {'model_name': 'SimpleImputer', 'strategy': 'median'}. Best is trial 3 with value: 0.004809073341060759.
running
[I 2024-08-09 10:45:04,558] Trial 7 finished with value: 0.30301228320986795 and parameters: {'model_name': 'GAIN', 'batch_size': 3, 'hint_rate': 0.5105454804715822, 'alpha': 87, 'iterations': 1, 'learning_rate': 0.07064937276332417, 'p_miss': 0.14927424542898426}. Best is trial 3 with value: 0.004809073341060759.
running
[I 2024-08-09 10:45:10,799] Trial 17 finished with value: 0.2976262001096669 and parameters: {'model_name': 'GAIN', 'batch_size': 21, 'hint_rate': 0.7543047940589297, 'alpha': 90, 'iterations': 4, 'learning_rate': 0.000520806679313624, 'p_miss': 0.050821269405334}. Best is trial 3 with value: 0.004809073341060759.
running
[I 2024-08-09 10:45:12,648] Trial 11 finished with value: 0.33357903222633617 and parameters: {'model_name': 'GAIN', 'batch_size': 1, 'hint_rate': 0.8532535014472193, 'alpha': 60, 'iterations': 4, 'learning_rate': 0.0007059223427202616, 'p_miss': 0.19445236037903835}. Best is trial 3 with value: 0.004809073341060759.
running
[I 2024-08-09 10:45:48,592] Trial 14 finished with value: 0.0039796014442892505 and parameters: {'model_name': 'KNNImputer', 'n_neighbors': 10141, 'weights': 'uniform'}. Best is trial 14 with value: 0.0039796014442892505.
running
[I 2024-08-09 10:45:49,271] Trial 5 finished with value: 0.3334422789682697 and parameters: {'model_name': 'GAIN', 'batch_size': 905, 'hint_rate': 0.09618224914565518, 'alpha': 60, 'iterations': 3, 'learning_rate': 0.00019869787003937175, 'p_miss': 0.1877716193829787}. Best is trial 14 with value: 0.0039796014442892505.
running
[I 2024-08-09 10:46:50,451] Trial 24 finished with value: 0.0045833146255686436 and parameters: {'model_name': 'KNNImputer', 'n_neighbors': 21698, 'weights': 'uniform'}. Best is trial 14 with value: 0.0039796014442892505.
running
[I 2024-08-09 10:47:04,370] Trial 22 finished with value: 0.004150139856166141 and parameters: {'model_name': 'KNNImputer', 'n_neighbors': 26381, 'weights': 'distance'}. Best is trial 14 with value: 0.0039796014442892505.
running
[I 2024-08-09 10:47:17,502] Trial 25 finished with value: 0.003967053917251501 and parameters: {'model_name': 'KNNImputer', 'n_neighbors': 9569, 'weights': 'uniform'}. Best is trial 25 with value: 0.003967053917251501.
running
[I 2024-08-09 10:47:17,910] Trial 26 finished with value: 0.0039855269473788296 and parameters: {'model_name': 'KNNImputer', 'n_neighbors': 10532, 'weights': 'uniform'}. Best is trial 25 with value: 0.003967053917251501.
running
[I 2024-08-09 10:47:23,240] Trial 1 finished with value: 0.2816699808876611 and parameters: {'model_name': 'GAIN', 'batch_size': 5, 'hint_rate': 0.12584672632234917, 'alpha': 75, 'iterations': 50, 'learning_rate': 0.0033490737599146015, 'p_miss': 0.074153262559966}. Best is trial 25 with value: 0.003967053917251501.
running
