Run: 41
/cm/local/apps/slurm/var/spool/job1005521/slurm_script: line 26: 
pip install -e tpot2
pip install -r tpot2/ImputerExperiments/requirements_.txt
: No such file or directory
RunStart
Version 0.1.7a0 of tpot2 is outdated. Version 0.1.8a0 was released Tuesday September 17, 2024.
starting loops
../data/c/151/151.pkl
working on 
../data/c/151/class_simple_MAR_0.01_2
4.556478500366211
running experiment 1/3 - Does large hyperparameter space improve reconstruction accuracy over simple
[I 2024-10-16 08:22:31,379] A new study created in memory with name: no-name-4a38b9b8-5414-4402-8a3a-91219d105e7d
running
running
running
running
running
running
running
running
running
running
running
running
running
running
running
running
[I 2024-10-16 08:22:31,838] Trial 1 finished with value: 0.18821811218370496 and parameters: {'model_name': 'SimpleImputer', 'strategy': 'mean'}. Best is trial 1 with value: 0.18821811218370496.
running
[I 2024-10-16 08:22:32,043] Trial 11 finished with value: 0.4499320583888912 and parameters: {'model_name': 'SimpleImputer', 'strategy': 'constant'}. Best is trial 1 with value: 0.18821811218370496.
running
[I 2024-10-16 08:22:32,172] Trial 6 finished with value: 0.4499320583888912 and parameters: {'model_name': 'SimpleImputer', 'strategy': 'constant'}. Best is trial 1 with value: 0.18821811218370496.
running
[I 2024-10-16 08:22:32,355] Trial 12 finished with value: 0.4499320583888912 and parameters: {'model_name': 'SimpleImputer', 'strategy': 'constant'}. Best is trial 1 with value: 0.18821811218370496.
[I 2024-10-16 08:22:32,460] Trial 14 finished with value: 0.18821811218370496 and parameters: {'model_name': 'SimpleImputer', 'strategy': 'mean'}. Best is trial 1 with value: 0.18821811218370496.
running
running
[I 2024-10-16 08:22:32,642] Trial 4 finished with value: 0.18821811218370496 and parameters: {'model_name': 'SimpleImputer', 'strategy': 'mean'}. Best is trial 1 with value: 0.18821811218370496.
running
[I 2024-10-16 08:22:32,839] Trial 7 finished with value: 0.18821811218370496 and parameters: {'model_name': 'SimpleImputer', 'strategy': 'mean'}. Best is trial 1 with value: 0.18821811218370496.
running
[I 2024-10-16 08:22:33,018] Trial 15 finished with value: 0.18821811218370496 and parameters: {'model_name': 'SimpleImputer', 'strategy': 'mean'}. Best is trial 1 with value: 0.18821811218370496.
running
[I 2024-10-16 08:22:33,229] Trial 0 finished with value: 0.18821811218370496 and parameters: {'model_name': 'SimpleImputer', 'strategy': 'mean'}. Best is trial 1 with value: 0.18821811218370496.
running
[I 2024-10-16 08:22:33,501] Trial 10 finished with value: 0.19676134840468845 and parameters: {'model_name': 'SimpleImputer', 'strategy': 'median'}. Best is trial 1 with value: 0.18821811218370496.
[I 2024-10-16 08:22:33,686] Trial 16 finished with value: 0.18821811218370496 and parameters: {'model_name': 'SimpleImputer', 'strategy': 'mean'}. Best is trial 1 with value: 0.18821811218370496.
running
[I 2024-10-16 08:22:33,807] Trial 19 finished with value: 0.4499320583888912 and parameters: {'model_name': 'SimpleImputer', 'strategy': 'constant'}. Best is trial 1 with value: 0.18821811218370496.
running
running
[I 2024-10-16 08:22:33,980] Trial 3 finished with value: 0.19676134840468845 and parameters: {'model_name': 'SimpleImputer', 'strategy': 'median'}. Best is trial 1 with value: 0.18821811218370496.
running
[I 2024-10-16 08:22:34,164] Trial 13 finished with value: 0.19676134840468845 and parameters: {'model_name': 'SimpleImputer', 'strategy': 'median'}. Best is trial 1 with value: 0.18821811218370496.
running
[I 2024-10-16 08:22:34,425] Trial 17 finished with value: 0.18821811218370496 and parameters: {'model_name': 'SimpleImputer', 'strategy': 'mean'}. Best is trial 1 with value: 0.18821811218370496.
running
[I 2024-10-16 08:22:34,607] Trial 18 finished with value: 0.18821811218370496 and parameters: {'model_name': 'SimpleImputer', 'strategy': 'mean'}. Best is trial 1 with value: 0.18821811218370496.
running
[I 2024-10-16 08:22:34,887] Trial 9 finished with value: 0.30972199457340005 and parameters: {'model_name': 'SimpleImputer', 'strategy': 'most_frequent'}. Best is trial 1 with value: 0.18821811218370496.
[I 2024-10-16 08:22:35,012] Trial 8 finished with value: 0.30972199457340005 and parameters: {'model_name': 'SimpleImputer', 'strategy': 'most_frequent'}. Best is trial 1 with value: 0.18821811218370496.
running
running
[I 2024-10-16 08:22:35,138] Trial 20 finished with value: 0.18821811218370496 and parameters: {'model_name': 'SimpleImputer', 'strategy': 'mean'}. Best is trial 1 with value: 0.18821811218370496.
running
[I 2024-10-16 08:22:35,321] Trial 24 finished with value: 0.4499320583888912 and parameters: {'model_name': 'SimpleImputer', 'strategy': 'constant'}. Best is trial 1 with value: 0.18821811218370496.
running
[I 2024-10-16 08:22:35,470] Trial 5 finished with value: 0.30972199457340005 and parameters: {'model_name': 'SimpleImputer', 'strategy': 'most_frequent'}. Best is trial 1 with value: 0.18821811218370496.
running
[I 2024-10-16 08:22:35,647] Trial 2 finished with value: 0.30972199457340005 and parameters: {'model_name': 'SimpleImputer', 'strategy': 'most_frequent'}. Best is trial 1 with value: 0.18821811218370496.
running
[I 2024-10-16 08:22:35,817] Trial 23 finished with value: 0.4499320583888912 and parameters: {'model_name': 'SimpleImputer', 'strategy': 'constant'}. Best is trial 1 with value: 0.18821811218370496.
running
[I 2024-10-16 08:22:36,202] Trial 22 finished with value: 0.19676134840468845 and parameters: {'model_name': 'SimpleImputer', 'strategy': 'median'}. Best is trial 1 with value: 0.18821811218370496.
running
[I 2024-10-16 08:22:36,673] Trial 32 finished with value: 0.18821811218370496 and parameters: {'model_name': 'SimpleImputer', 'strategy': 'mean'}. Best is trial 1 with value: 0.18821811218370496.
running
[I 2024-10-16 08:22:36,805] Trial 33 finished with value: 0.18821811218370496 and parameters: {'model_name': 'SimpleImputer', 'strategy': 'mean'}. Best is trial 1 with value: 0.18821811218370496.
running
[I 2024-10-16 08:22:37,023] Trial 36 finished with value: 0.18821811218370496 and parameters: {'model_name': 'SimpleImputer', 'strategy': 'mean'}. Best is trial 1 with value: 0.18821811218370496.
running
[I 2024-10-16 08:22:37,206] Trial 37 finished with value: 0.18821811218370496 and parameters: {'model_name': 'SimpleImputer', 'strategy': 'mean'}. Best is trial 1 with value: 0.18821811218370496.
running
[I 2024-10-16 08:22:37,490] Trial 30 finished with value: 0.30972199457340005 and parameters: {'model_name': 'SimpleImputer', 'strategy': 'most_frequent'}. Best is trial 1 with value: 0.18821811218370496.
running
[I 2024-10-16 08:22:37,632] Trial 39 finished with value: 0.18821811218370496 and parameters: {'model_name': 'SimpleImputer', 'strategy': 'mean'}. Best is trial 1 with value: 0.18821811218370496.
running
[I 2024-10-16 08:22:37,799] Trial 38 finished with value: 0.18821811218370496 and parameters: {'model_name': 'SimpleImputer', 'strategy': 'mean'}. Best is trial 1 with value: 0.18821811218370496.
running
[I 2024-10-16 08:22:37,941] Trial 25 finished with value: 0.30972199457340005 and parameters: {'model_name': 'SimpleImputer', 'strategy': 'most_frequent'}. Best is trial 1 with value: 0.18821811218370496.
running
[I 2024-10-16 08:22:38,114] Trial 27 finished with value: 0.30972199457340005 and parameters: {'model_name': 'SimpleImputer', 'strategy': 'most_frequent'}. Best is trial 1 with value: 0.18821811218370496.
running
[I 2024-10-16 08:22:38,239] Trial 21 finished with value: 0.30972199457340005 and parameters: {'model_name': 'SimpleImputer', 'strategy': 'most_frequent'}. Best is trial 1 with value: 0.18821811218370496.
running
[I 2024-10-16 08:22:38,496] Trial 29 finished with value: 0.30972199457340005 and parameters: {'model_name': 'SimpleImputer', 'strategy': 'most_frequent'}. Best is trial 1 with value: 0.18821811218370496.
running
[I 2024-10-16 08:22:38,609] Trial 34 finished with value: 0.30972199457340005 and parameters: {'model_name': 'SimpleImputer', 'strategy': 'most_frequent'}. Best is trial 1 with value: 0.18821811218370496.
running
[I 2024-10-16 08:22:38,735] Trial 26 finished with value: 0.30972199457340005 and parameters: {'model_name': 'SimpleImputer', 'strategy': 'most_frequent'}. Best is trial 1 with value: 0.18821811218370496.
running
[I 2024-10-16 08:22:38,988] Trial 43 finished with value: 0.18821811218370496 and parameters: {'model_name': 'SimpleImputer', 'strategy': 'mean'}. Best is trial 1 with value: 0.18821811218370496.
running
[I 2024-10-16 08:22:39,109] Trial 28 finished with value: 0.30972199457340005 and parameters: {'model_name': 'SimpleImputer', 'strategy': 'most_frequent'}. Best is trial 1 with value: 0.18821811218370496.
[I 2024-10-16 08:22:39,289] Trial 35 finished with value: 0.30972199457340005 and parameters: {'model_name': 'SimpleImputer', 'strategy': 'most_frequent'}. Best is trial 1 with value: 0.18821811218370496.
[I 2024-10-16 08:22:39,403] Trial 42 finished with value: 0.18821811218370496 and parameters: {'model_name': 'SimpleImputer', 'strategy': 'mean'}. Best is trial 1 with value: 0.18821811218370496.
running
running
running
[I 2024-10-16 08:22:39,609] Trial 40 finished with value: 0.18821811218370496 and parameters: {'model_name': 'SimpleImputer', 'strategy': 'mean'}. Best is trial 1 with value: 0.18821811218370496.
running
[I 2024-10-16 08:22:39,803] Trial 41 finished with value: 0.18821811218370496 and parameters: {'model_name': 'SimpleImputer', 'strategy': 'mean'}. Best is trial 1 with value: 0.18821811218370496.
running
[I 2024-10-16 08:22:40,000] Trial 44 finished with value: 0.18821811218370496 and parameters: {'model_name': 'SimpleImputer', 'strategy': 'mean'}. Best is trial 1 with value: 0.18821811218370496.
running
[I 2024-10-16 08:22:40,209] Trial 46 finished with value: 0.18821811218370496 and parameters: {'model_name': 'SimpleImputer', 'strategy': 'mean'}. Best is trial 1 with value: 0.18821811218370496.
running
[I 2024-10-16 08:22:40,375] Trial 49 finished with value: 0.18821811218370496 and parameters: {'model_name': 'SimpleImputer', 'strategy': 'mean'}. Best is trial 1 with value: 0.18821811218370496.
running
[I 2024-10-16 08:22:40,495] Trial 31 finished with value: 0.30972199457340005 and parameters: {'model_name': 'SimpleImputer', 'strategy': 'most_frequent'}. Best is trial 1 with value: 0.18821811218370496.
running
[I 2024-10-16 08:22:40,734] Trial 45 finished with value: 0.18821811218370496 and parameters: {'model_name': 'SimpleImputer', 'strategy': 'mean'}. Best is trial 1 with value: 0.18821811218370496.
running
[I 2024-10-16 08:22:40,944] Trial 51 finished with value: 0.18821811218370496 and parameters: {'model_name': 'SimpleImputer', 'strategy': 'mean'}. Best is trial 1 with value: 0.18821811218370496.
running
[I 2024-10-16 08:22:41,085] Trial 47 finished with value: 0.18821811218370496 and parameters: {'model_name': 'SimpleImputer', 'strategy': 'mean'}. Best is trial 1 with value: 0.18821811218370496.
running
[I 2024-10-16 08:22:41,344] Trial 48 finished with value: 0.18821811218370496 and parameters: {'model_name': 'SimpleImputer', 'strategy': 'mean'}. Best is trial 1 with value: 0.18821811218370496.
running
[I 2024-10-16 08:22:41,523] Trial 57 finished with value: 0.18821811218370496 and parameters: {'model_name': 'SimpleImputer', 'strategy': 'mean'}. Best is trial 1 with value: 0.18821811218370496.
[I 2024-10-16 08:22:41,645] Trial 50 finished with value: 0.18821811218370496 and parameters: {'model_name': 'SimpleImputer', 'strategy': 'mean'}. Best is trial 1 with value: 0.18821811218370496.
running
running
[I 2024-10-16 08:22:41,910] Trial 52 finished with value: 0.18821811218370496 and parameters: {'model_name': 'SimpleImputer', 'strategy': 'mean'}. Best is trial 1 with value: 0.18821811218370496.
running
[I 2024-10-16 08:22:42,146] Trial 58 finished with value: 0.18821811218370496 and parameters: {'model_name': 'SimpleImputer', 'strategy': 'mean'}. Best is trial 1 with value: 0.18821811218370496.
running
[I 2024-10-16 08:22:42,305] Trial 53 finished with value: 0.18821811218370496 and parameters: {'model_name': 'SimpleImputer', 'strategy': 'mean'}. Best is trial 1 with value: 0.18821811218370496.
running
[I 2024-10-16 08:22:42,483] Trial 54 finished with value: 0.18821811218370496 and parameters: {'model_name': 'SimpleImputer', 'strategy': 'mean'}. Best is trial 1 with value: 0.18821811218370496.
running
[I 2024-10-16 08:22:42,643] Trial 55 finished with value: 0.18821811218370496 and parameters: {'model_name': 'SimpleImputer', 'strategy': 'mean'}. Best is trial 1 with value: 0.18821811218370496.
running
[I 2024-10-16 08:22:42,854] Trial 59 finished with value: 0.18821811218370496 and parameters: {'model_name': 'SimpleImputer', 'strategy': 'mean'}. Best is trial 1 with value: 0.18821811218370496.
running
[I 2024-10-16 08:22:43,054] Trial 56 finished with value: 0.18821811218370496 and parameters: {'model_name': 'SimpleImputer', 'strategy': 'mean'}. Best is trial 1 with value: 0.18821811218370496.
running
[I 2024-10-16 08:22:43,373] Trial 64 finished with value: 0.19676134840468845 and parameters: {'model_name': 'SimpleImputer', 'strategy': 'median'}. Best is trial 1 with value: 0.18821811218370496.
[I 2024-10-16 08:22:43,542] Trial 60 finished with value: 0.19676134840468845 and parameters: {'model_name': 'SimpleImputer', 'strategy': 'median'}. Best is trial 1 with value: 0.18821811218370496.
running
running
[I 2024-10-16 08:22:43,816] Trial 68 finished with value: 0.19676134840468845 and parameters: {'model_name': 'SimpleImputer', 'strategy': 'median'}. Best is trial 1 with value: 0.18821811218370496.
running
[I 2024-10-16 08:22:43,998] Trial 62 finished with value: 0.19676134840468845 and parameters: {'model_name': 'SimpleImputer', 'strategy': 'median'}. Best is trial 1 with value: 0.18821811218370496.
running
[I 2024-10-16 08:22:44,153] Trial 61 finished with value: 0.19676134840468845 and parameters: {'model_name': 'SimpleImputer', 'strategy': 'median'}. Best is trial 1 with value: 0.18821811218370496.
[I 2024-10-16 08:22:44,306] Trial 65 finished with value: 0.19676134840468845 and parameters: {'model_name': 'SimpleImputer', 'strategy': 'median'}. Best is trial 1 with value: 0.18821811218370496.
running
running
[I 2024-10-16 08:22:44,592] Trial 66 finished with value: 0.19676134840468845 and parameters: {'model_name': 'SimpleImputer', 'strategy': 'median'}. Best is trial 1 with value: 0.18821811218370496.
running
[I 2024-10-16 08:22:44,752] Trial 69 finished with value: 0.19676134840468845 and parameters: {'model_name': 'SimpleImputer', 'strategy': 'median'}. Best is trial 1 with value: 0.18821811218370496.
running
[I 2024-10-16 08:22:44,927] Trial 71 finished with value: 0.19676134840468845 and parameters: {'model_name': 'SimpleImputer', 'strategy': 'median'}. Best is trial 1 with value: 0.18821811218370496.
running
[I 2024-10-16 08:22:45,074] Trial 77 finished with value: 0.4499320583888912 and parameters: {'model_name': 'SimpleImputer', 'strategy': 'constant'}. Best is trial 1 with value: 0.18821811218370496.
running
[I 2024-10-16 08:22:45,238] Trial 67 finished with value: 0.19676134840468845 and parameters: {'model_name': 'SimpleImputer', 'strategy': 'median'}. Best is trial 1 with value: 0.18821811218370496.
[I 2024-10-16 08:22:45,384] Trial 63 finished with value: 0.19676134840468845 and parameters: {'model_name': 'SimpleImputer', 'strategy': 'median'}. Best is trial 1 with value: 0.18821811218370496.
running
running
[I 2024-10-16 08:22:45,545] Trial 74 finished with value: 0.19676134840468845 and parameters: {'model_name': 'SimpleImputer', 'strategy': 'median'}. Best is trial 1 with value: 0.18821811218370496.
running
[I 2024-10-16 08:22:45,746] Trial 76 finished with value: 0.4499320583888912 and parameters: {'model_name': 'SimpleImputer', 'strategy': 'constant'}. Best is trial 1 with value: 0.18821811218370496.
running
[I 2024-10-16 08:22:45,993] Trial 80 finished with value: 0.4499320583888912 and parameters: {'model_name': 'SimpleImputer', 'strategy': 'constant'}. Best is trial 1 with value: 0.18821811218370496.
running
[I 2024-10-16 08:22:46,205] Trial 70 finished with value: 0.19676134840468845 and parameters: {'model_name': 'SimpleImputer', 'strategy': 'median'}. Best is trial 1 with value: 0.18821811218370496.
running
[I 2024-10-16 08:22:46,415] Trial 73 finished with value: 0.19676134840468845 and parameters: {'model_name': 'SimpleImputer', 'strategy': 'median'}. Best is trial 1 with value: 0.18821811218370496.
running
[I 2024-10-16 08:22:46,583] Trial 75 finished with value: 0.19676134840468845 and parameters: {'model_name': 'SimpleImputer', 'strategy': 'median'}. Best is trial 1 with value: 0.18821811218370496.
running
[I 2024-10-16 08:22:46,755] Trial 79 finished with value: 0.4499320583888912 and parameters: {'model_name': 'SimpleImputer', 'strategy': 'constant'}. Best is trial 1 with value: 0.18821811218370496.
running
[I 2024-10-16 08:22:46,960] Trial 81 finished with value: 0.4499320583888912 and parameters: {'model_name': 'SimpleImputer', 'strategy': 'constant'}. Best is trial 1 with value: 0.18821811218370496.
running
[I 2024-10-16 08:22:47,088] Trial 78 finished with value: 0.4499320583888912 and parameters: {'model_name': 'SimpleImputer', 'strategy': 'constant'}. Best is trial 1 with value: 0.18821811218370496.
running
[I 2024-10-16 08:22:47,226] Trial 72 finished with value: 0.19676134840468845 and parameters: {'model_name': 'SimpleImputer', 'strategy': 'median'}. Best is trial 1 with value: 0.18821811218370496.
running
[I 2024-10-16 08:22:47,403] Trial 82 finished with value: 0.4499320583888912 and parameters: {'model_name': 'SimpleImputer', 'strategy': 'constant'}. Best is trial 1 with value: 0.18821811218370496.
running
[I 2024-10-16 08:22:47,621] Trial 84 finished with value: 0.4499320583888912 and parameters: {'model_name': 'SimpleImputer', 'strategy': 'constant'}. Best is trial 1 with value: 0.18821811218370496.
running
[I 2024-10-16 08:22:47,746] Trial 83 finished with value: 0.4499320583888912 and parameters: {'model_name': 'SimpleImputer', 'strategy': 'constant'}. Best is trial 1 with value: 0.18821811218370496.
running
[I 2024-10-16 08:22:47,895] Trial 85 finished with value: 0.4499320583888912 and parameters: {'model_name': 'SimpleImputer', 'strategy': 'constant'}. Best is trial 1 with value: 0.18821811218370496.
running
[I 2024-10-16 08:22:48,092] Trial 88 finished with value: 0.18821811218370496 and parameters: {'model_name': 'SimpleImputer', 'strategy': 'mean'}. Best is trial 1 with value: 0.18821811218370496.
running
[I 2024-10-16 08:22:48,377] Trial 89 finished with value: 0.18821811218370496 and parameters: {'model_name': 'SimpleImputer', 'strategy': 'mean'}. Best is trial 1 with value: 0.18821811218370496.
[I 2024-10-16 08:22:48,524] Trial 90 finished with value: 0.18821811218370496 and parameters: {'model_name': 'SimpleImputer', 'strategy': 'mean'}. Best is trial 1 with value: 0.18821811218370496.
running
running
[I 2024-10-16 08:22:48,670] Trial 91 finished with value: 0.18821811218370496 and parameters: {'model_name': 'SimpleImputer', 'strategy': 'mean'}. Best is trial 1 with value: 0.18821811218370496.
running
[I 2024-10-16 08:22:48,801] Trial 87 finished with value: 0.18821811218370496 and parameters: {'model_name': 'SimpleImputer', 'strategy': 'mean'}. Best is trial 1 with value: 0.18821811218370496.
running
[I 2024-10-16 08:22:48,992] Trial 86 finished with value: 0.18821811218370496 and parameters: {'model_name': 'SimpleImputer', 'strategy': 'mean'}. Best is trial 1 with value: 0.18821811218370496.
running
[I 2024-10-16 08:22:49,259] Trial 95 finished with value: 0.18821811218370496 and parameters: {'model_name': 'SimpleImputer', 'strategy': 'mean'}. Best is trial 1 with value: 0.18821811218370496.
[I 2024-10-16 08:22:49,385] Trial 92 finished with value: 0.18821811218370496 and parameters: {'model_name': 'SimpleImputer', 'strategy': 'mean'}. Best is trial 1 with value: 0.18821811218370496.
running
running
[I 2024-10-16 08:22:49,684] Trial 99 finished with value: 0.18821811218370496 and parameters: {'model_name': 'SimpleImputer', 'strategy': 'mean'}. Best is trial 1 with value: 0.18821811218370496.
running
[I 2024-10-16 08:22:49,853] Trial 97 finished with value: 0.18821811218370496 and parameters: {'model_name': 'SimpleImputer', 'strategy': 'mean'}. Best is trial 1 with value: 0.18821811218370496.
[I 2024-10-16 08:22:50,014] Trial 96 finished with value: 0.18821811218370496 and parameters: {'model_name': 'SimpleImputer', 'strategy': 'mean'}. Best is trial 1 with value: 0.18821811218370496.
running
running
[I 2024-10-16 08:22:50,157] Trial 94 finished with value: 0.18821811218370496 and parameters: {'model_name': 'SimpleImputer', 'strategy': 'mean'}. Best is trial 1 with value: 0.18821811218370496.
[I 2024-10-16 08:22:50,307] Trial 93 finished with value: 0.18821811218370496 and parameters: {'model_name': 'SimpleImputer', 'strategy': 'mean'}. Best is trial 1 with value: 0.18821811218370496.
running
[I 2024-10-16 08:22:50,472] Trial 102 finished with value: 0.18821811218370496 and parameters: {'model_name': 'SimpleImputer', 'strategy': 'mean'}. Best is trial 1 with value: 0.18821811218370496.
running
running
[I 2024-10-16 08:22:50,650] Trial 101 finished with value: 0.18821811218370496 and parameters: {'model_name': 'SimpleImputer', 'strategy': 'mean'}. Best is trial 1 with value: 0.18821811218370496.
running
[I 2024-10-16 08:22:50,812] Trial 98 finished with value: 0.18821811218370496 and parameters: {'model_name': 'SimpleImputer', 'strategy': 'mean'}. Best is trial 1 with value: 0.18821811218370496.
running
[I 2024-10-16 08:22:51,064] Trial 100 finished with value: 0.18821811218370496 and parameters: {'model_name': 'SimpleImputer', 'strategy': 'mean'}. Best is trial 1 with value: 0.18821811218370496.
running
[I 2024-10-16 08:22:51,294] Trial 103 finished with value: 0.18821811218370496 and parameters: {'model_name': 'SimpleImputer', 'strategy': 'mean'}. Best is trial 1 with value: 0.18821811218370496.
running
[I 2024-10-16 08:22:51,466] Trial 104 finished with value: 0.18821811218370496 and parameters: {'model_name': 'SimpleImputer', 'strategy': 'mean'}. Best is trial 1 with value: 0.18821811218370496.
[I 2024-10-16 08:22:51,589] Trial 105 finished with value: 0.18821811218370496 and parameters: {'model_name': 'SimpleImputer', 'strategy': 'mean'}. Best is trial 1 with value: 0.18821811218370496.
running
running
[I 2024-10-16 08:22:51,833] Trial 107 finished with value: 0.18821811218370496 and parameters: {'model_name': 'SimpleImputer', 'strategy': 'mean'}. Best is trial 1 with value: 0.18821811218370496.
running
[I 2024-10-16 08:22:51,991] Trial 108 finished with value: 0.18821811218370496 and parameters: {'model_name': 'SimpleImputer', 'strategy': 'mean'}. Best is trial 1 with value: 0.18821811218370496.
running
[I 2024-10-16 08:22:52,184] Trial 106 finished with value: 0.18821811218370496 and parameters: {'model_name': 'SimpleImputer', 'strategy': 'mean'}. Best is trial 1 with value: 0.18821811218370496.
running
[I 2024-10-16 08:22:52,347] Trial 110 finished with value: 0.18821811218370496 and parameters: {'model_name': 'SimpleImputer', 'strategy': 'mean'}. Best is trial 1 with value: 0.18821811218370496.
running
[I 2024-10-16 08:22:52,567] Trial 109 finished with value: 0.18821811218370496 and parameters: {'model_name': 'SimpleImputer', 'strategy': 'mean'}. Best is trial 1 with value: 0.18821811218370496.
running
[I 2024-10-16 08:22:52,750] Trial 117 finished with value: 0.18821811218370496 and parameters: {'model_name': 'SimpleImputer', 'strategy': 'mean'}. Best is trial 1 with value: 0.18821811218370496.
running
[I 2024-10-16 08:22:52,936] Trial 111 finished with value: 0.18821811218370496 and parameters: {'model_name': 'SimpleImputer', 'strategy': 'mean'}. Best is trial 1 with value: 0.18821811218370496.
running
[I 2024-10-16 08:22:53,109] Trial 115 finished with value: 0.18821811218370496 and parameters: {'model_name': 'SimpleImputer', 'strategy': 'mean'}. Best is trial 1 with value: 0.18821811218370496.
running
[I 2024-10-16 08:22:53,317] Trial 112 finished with value: 0.18821811218370496 and parameters: {'model_name': 'SimpleImputer', 'strategy': 'mean'}. Best is trial 1 with value: 0.18821811218370496.
running
[I 2024-10-16 08:22:53,558] Trial 116 finished with value: 0.18821811218370496 and parameters: {'model_name': 'SimpleImputer', 'strategy': 'mean'}. Best is trial 1 with value: 0.18821811218370496.
[I 2024-10-16 08:22:53,708] Trial 120 finished with value: 0.18821811218370496 and parameters: {'model_name': 'SimpleImputer', 'strategy': 'mean'}. Best is trial 1 with value: 0.18821811218370496.
running
[I 2024-10-16 08:22:53,833] Trial 114 finished with value: 0.18821811218370496 and parameters: {'model_name': 'SimpleImputer', 'strategy': 'mean'}. Best is trial 1 with value: 0.18821811218370496.
running
running
[I 2024-10-16 08:22:54,036] Trial 119 finished with value: 0.18821811218370496 and parameters: {'model_name': 'SimpleImputer', 'strategy': 'mean'}. Best is trial 1 with value: 0.18821811218370496.
[I 2024-10-16 08:22:54,160] Trial 113 finished with value: 0.18821811218370496 and parameters: {'model_name': 'SimpleImputer', 'strategy': 'mean'}. Best is trial 1 with value: 0.18821811218370496.
running
running
[I 2024-10-16 08:22:54,480] Trial 121 finished with value: 0.18821811218370496 and parameters: {'model_name': 'SimpleImputer', 'strategy': 'mean'}. Best is trial 1 with value: 0.18821811218370496.
[I 2024-10-16 08:22:54,604] Trial 125 finished with value: 0.18821811218370496 and parameters: {'model_name': 'SimpleImputer', 'strategy': 'mean'}. Best is trial 1 with value: 0.18821811218370496.
running
running
[I 2024-10-16 08:22:54,771] Trial 118 finished with value: 0.18821811218370496 and parameters: {'model_name': 'SimpleImputer', 'strategy': 'mean'}. Best is trial 1 with value: 0.18821811218370496.
running
[I 2024-10-16 08:22:54,992] Trial 122 finished with value: 0.18821811218370496 and parameters: {'model_name': 'SimpleImputer', 'strategy': 'mean'}. Best is trial 1 with value: 0.18821811218370496.
running
[I 2024-10-16 08:22:55,272] Trial 127 finished with value: 0.18821811218370496 and parameters: {'model_name': 'SimpleImputer', 'strategy': 'mean'}. Best is trial 1 with value: 0.18821811218370496.
running
[I 2024-10-16 08:22:55,512] Trial 126 finished with value: 0.18821811218370496 and parameters: {'model_name': 'SimpleImputer', 'strategy': 'mean'}. Best is trial 1 with value: 0.18821811218370496.
running
[I 2024-10-16 08:22:55,696] Trial 123 finished with value: 0.18821811218370496 and parameters: {'model_name': 'SimpleImputer', 'strategy': 'mean'}. Best is trial 1 with value: 0.18821811218370496.
running
[I 2024-10-16 08:22:56,120] Trial 129 finished with value: 0.18821811218370496 and parameters: {'model_name': 'SimpleImputer', 'strategy': 'mean'}. Best is trial 1 with value: 0.18821811218370496.
running
[I 2024-10-16 08:22:56,296] Trial 133 finished with value: 0.18821811218370496 and parameters: {'model_name': 'SimpleImputer', 'strategy': 'mean'}. Best is trial 1 with value: 0.18821811218370496.
running
[I 2024-10-16 08:22:56,537] Trial 138 finished with value: 0.18821811218370496 and parameters: {'model_name': 'SimpleImputer', 'strategy': 'mean'}. Best is trial 1 with value: 0.18821811218370496.
running
[I 2024-10-16 08:22:57,094] Trial 132 finished with value: 0.30972199457340005 and parameters: {'model_name': 'SimpleImputer', 'strategy': 'most_frequent'}. Best is trial 1 with value: 0.18821811218370496.
[I 2024-10-16 08:22:57,216] Trial 130 finished with value: 0.30972199457340005 and parameters: {'model_name': 'SimpleImputer', 'strategy': 'most_frequent'}. Best is trial 1 with value: 0.18821811218370496.
running
running
[I 2024-10-16 08:22:57,388] Trial 124 finished with value: 0.30972199457340005 and parameters: {'model_name': 'SimpleImputer', 'strategy': 'most_frequent'}. Best is trial 1 with value: 0.18821811218370496.
[I 2024-10-16 08:22:57,557] Trial 140 finished with value: 0.18821811218370496 and parameters: {'model_name': 'SimpleImputer', 'strategy': 'mean'}. Best is trial 1 with value: 0.18821811218370496.
running
running
[I 2024-10-16 08:22:57,751] Trial 134 finished with value: 0.30972199457340005 and parameters: {'model_name': 'SimpleImputer', 'strategy': 'most_frequent'}. Best is trial 1 with value: 0.18821811218370496.
[I 2024-10-16 08:22:57,911] Trial 137 finished with value: 0.30972199457340005 and parameters: {'model_name': 'SimpleImputer', 'strategy': 'most_frequent'}. Best is trial 1 with value: 0.18821811218370496.
running
running
[I 2024-10-16 08:22:58,256] Trial 128 finished with value: 0.30972199457340005 and parameters: {'model_name': 'SimpleImputer', 'strategy': 'most_frequent'}. Best is trial 1 with value: 0.18821811218370496.
running
[I 2024-10-16 08:22:58,497] Trial 131 finished with value: 0.30972199457340005 and parameters: {'model_name': 'SimpleImputer', 'strategy': 'most_frequent'}. Best is trial 1 with value: 0.18821811218370496.
running
[I 2024-10-16 08:22:58,784] Trial 147 finished with value: 0.18821811218370496 and parameters: {'model_name': 'SimpleImputer', 'strategy': 'mean'}. Best is trial 1 with value: 0.18821811218370496.
running
[I 2024-10-16 08:22:58,993] Trial 143 finished with value: 0.30972199457340005 and parameters: {'model_name': 'SimpleImputer', 'strategy': 'most_frequent'}. Best is trial 1 with value: 0.18821811218370496.
running
[I 2024-10-16 08:22:59,157] Trial 141 finished with value: 0.30972199457340005 and parameters: {'model_name': 'SimpleImputer', 'strategy': 'most_frequent'}. Best is trial 1 with value: 0.18821811218370496.
[I 2024-10-16 08:22:59,290] Trial 135 finished with value: 0.30972199457340005 and parameters: {'model_name': 'SimpleImputer', 'strategy': 'most_frequent'}. Best is trial 1 with value: 0.18821811218370496.
running
running
[I 2024-10-16 08:22:59,463] Trial 139 finished with value: 0.30972199457340005 and parameters: {'model_name': 'SimpleImputer', 'strategy': 'most_frequent'}. Best is trial 1 with value: 0.18821811218370496.
running
[I 2024-10-16 08:22:59,641] Trial 144 finished with value: 0.30972199457340005 and parameters: {'model_name': 'SimpleImputer', 'strategy': 'most_frequent'}. Best is trial 1 with value: 0.18821811218370496.
running
[I 2024-10-16 08:22:59,861] Trial 136 finished with value: 0.30972199457340005 and parameters: {'model_name': 'SimpleImputer', 'strategy': 'most_frequent'}. Best is trial 1 with value: 0.18821811218370496.
running
[I 2024-10-16 08:23:00,049] Trial 146 finished with value: 0.18821811218370496 and parameters: {'model_name': 'SimpleImputer', 'strategy': 'mean'}. Best is trial 1 with value: 0.18821811218370496.
running
[I 2024-10-16 08:23:00,310] Trial 142 finished with value: 0.30972199457340005 and parameters: {'model_name': 'SimpleImputer', 'strategy': 'most_frequent'}. Best is trial 1 with value: 0.18821811218370496.
running
[I 2024-10-16 08:23:00,549] Trial 149 finished with value: 0.18821811218370496 and parameters: {'model_name': 'SimpleImputer', 'strategy': 'mean'}. Best is trial 1 with value: 0.18821811218370496.
[I 2024-10-16 08:23:00,716] Trial 148 finished with value: 0.18821811218370496 and parameters: {'model_name': 'SimpleImputer', 'strategy': 'mean'}. Best is trial 1 with value: 0.18821811218370496.
running
running
[I 2024-10-16 08:23:00,900] Trial 150 finished with value: 0.18821811218370496 and parameters: {'model_name': 'SimpleImputer', 'strategy': 'mean'}. Best is trial 1 with value: 0.18821811218370496.
running
[I 2024-10-16 08:23:01,080] Trial 154 finished with value: 0.18821811218370496 and parameters: {'model_name': 'SimpleImputer', 'strategy': 'mean'}. Best is trial 1 with value: 0.18821811218370496.
running
[I 2024-10-16 08:23:01,275] Trial 152 finished with value: 0.18821811218370496 and parameters: {'model_name': 'SimpleImputer', 'strategy': 'mean'}. Best is trial 1 with value: 0.18821811218370496.
running
[I 2024-10-16 08:23:01,456] Trial 155 finished with value: 0.18821811218370496 and parameters: {'model_name': 'SimpleImputer', 'strategy': 'mean'}. Best is trial 1 with value: 0.18821811218370496.
running
[I 2024-10-16 08:23:01,588] Trial 151 finished with value: 0.18821811218370496 and parameters: {'model_name': 'SimpleImputer', 'strategy': 'mean'}. Best is trial 1 with value: 0.18821811218370496.
running
[I 2024-10-16 08:23:01,757] Trial 158 finished with value: 0.18821811218370496 and parameters: {'model_name': 'SimpleImputer', 'strategy': 'mean'}. Best is trial 1 with value: 0.18821811218370496.
running
[I 2024-10-16 08:23:01,892] Trial 145 finished with value: 0.30972199457340005 and parameters: {'model_name': 'SimpleImputer', 'strategy': 'most_frequent'}. Best is trial 1 with value: 0.18821811218370496.
running
[I 2024-10-16 08:23:02,094] Trial 153 finished with value: 0.18821811218370496 and parameters: {'model_name': 'SimpleImputer', 'strategy': 'mean'}. Best is trial 1 with value: 0.18821811218370496.
[I 2024-10-16 08:23:02,260] Trial 159 finished with value: 0.18821811218370496 and parameters: {'model_name': 'SimpleImputer', 'strategy': 'mean'}. Best is trial 1 with value: 0.18821811218370496.
running
running
[I 2024-10-16 08:23:02,484] Trial 156 finished with value: 0.18821811218370496 and parameters: {'model_name': 'SimpleImputer', 'strategy': 'mean'}. Best is trial 1 with value: 0.18821811218370496.
running
[I 2024-10-16 08:23:02,657] Trial 157 finished with value: 0.18821811218370496 and parameters: {'model_name': 'SimpleImputer', 'strategy': 'mean'}. Best is trial 1 with value: 0.18821811218370496.
running
[I 2024-10-16 08:23:02,816] Trial 161 finished with value: 0.18821811218370496 and parameters: {'model_name': 'SimpleImputer', 'strategy': 'mean'}. Best is trial 1 with value: 0.18821811218370496.
running
[I 2024-10-16 08:23:03,001] Trial 160 finished with value: 0.18821811218370496 and parameters: {'model_name': 'SimpleImputer', 'strategy': 'mean'}. Best is trial 1 with value: 0.18821811218370496.
running
[I 2024-10-16 08:23:03,329] Trial 162 finished with value: 0.18821811218370496 and parameters: {'model_name': 'SimpleImputer', 'strategy': 'mean'}. Best is trial 1 with value: 0.18821811218370496.
running
[I 2024-10-16 08:23:03,523] Trial 166 finished with value: 0.18821811218370496 and parameters: {'model_name': 'SimpleImputer', 'strategy': 'mean'}. Best is trial 1 with value: 0.18821811218370496.
running
[I 2024-10-16 08:23:03,655] Trial 170 finished with value: 0.18821811218370496 and parameters: {'model_name': 'SimpleImputer', 'strategy': 'mean'}. Best is trial 1 with value: 0.18821811218370496.
running
[I 2024-10-16 08:23:03,802] Trial 168 finished with value: 0.18821811218370496 and parameters: {'model_name': 'SimpleImputer', 'strategy': 'mean'}. Best is trial 1 with value: 0.18821811218370496.
running
[I 2024-10-16 08:23:04,003] Trial 173 finished with value: 0.18821811218370496 and parameters: {'model_name': 'SimpleImputer', 'strategy': 'mean'}. Best is trial 1 with value: 0.18821811218370496.
[I 2024-10-16 08:23:04,139] Trial 163 finished with value: 0.18821811218370496 and parameters: {'model_name': 'SimpleImputer', 'strategy': 'mean'}. Best is trial 1 with value: 0.18821811218370496.
running
running
[I 2024-10-16 08:23:04,318] Trial 164 finished with value: 0.18821811218370496 and parameters: {'model_name': 'SimpleImputer', 'strategy': 'mean'}. Best is trial 1 with value: 0.18821811218370496.
running
[I 2024-10-16 08:23:04,457] Trial 171 finished with value: 0.18821811218370496 and parameters: {'model_name': 'SimpleImputer', 'strategy': 'mean'}. Best is trial 1 with value: 0.18821811218370496.
running
[I 2024-10-16 08:23:04,600] Trial 165 finished with value: 0.18821811218370496 and parameters: {'model_name': 'SimpleImputer', 'strategy': 'mean'}. Best is trial 1 with value: 0.18821811218370496.
[I 2024-10-16 08:23:04,756] Trial 167 finished with value: 0.18821811218370496 and parameters: {'model_name': 'SimpleImputer', 'strategy': 'mean'}. Best is trial 1 with value: 0.18821811218370496.
running
running
[I 2024-10-16 08:23:04,967] Trial 169 finished with value: 0.18821811218370496 and parameters: {'model_name': 'SimpleImputer', 'strategy': 'mean'}. Best is trial 1 with value: 0.18821811218370496.
running
[I 2024-10-16 08:23:05,129] Trial 176 finished with value: 0.18821811218370496 and parameters: {'model_name': 'SimpleImputer', 'strategy': 'mean'}. Best is trial 1 with value: 0.18821811218370496.
running
[I 2024-10-16 08:23:05,322] Trial 175 finished with value: 0.18821811218370496 and parameters: {'model_name': 'SimpleImputer', 'strategy': 'mean'}. Best is trial 1 with value: 0.18821811218370496.
running
[I 2024-10-16 08:23:05,493] Trial 177 finished with value: 0.18821811218370496 and parameters: {'model_name': 'SimpleImputer', 'strategy': 'mean'}. Best is trial 1 with value: 0.18821811218370496.
running
[I 2024-10-16 08:23:05,657] Trial 172 finished with value: 0.18821811218370496 and parameters: {'model_name': 'SimpleImputer', 'strategy': 'mean'}. Best is trial 1 with value: 0.18821811218370496.
running
[I 2024-10-16 08:23:05,826] Trial 174 finished with value: 0.18821811218370496 and parameters: {'model_name': 'SimpleImputer', 'strategy': 'mean'}. Best is trial 1 with value: 0.18821811218370496.
running
[I 2024-10-16 08:23:06,170] Trial 180 finished with value: 0.18821811218370496 and parameters: {'model_name': 'SimpleImputer', 'strategy': 'mean'}. Best is trial 1 with value: 0.18821811218370496.
[I 2024-10-16 08:23:06,322] Trial 178 finished with value: 0.18821811218370496 and parameters: {'model_name': 'SimpleImputer', 'strategy': 'mean'}. Best is trial 1 with value: 0.18821811218370496.
running
running
[I 2024-10-16 08:23:06,492] Trial 179 finished with value: 0.18821811218370496 and parameters: {'model_name': 'SimpleImputer', 'strategy': 'mean'}. Best is trial 1 with value: 0.18821811218370496.
running
[I 2024-10-16 08:23:06,677] Trial 182 finished with value: 0.18821811218370496 and parameters: {'model_name': 'SimpleImputer', 'strategy': 'mean'}. Best is trial 1 with value: 0.18821811218370496.
running
[I 2024-10-16 08:23:06,858] Trial 181 finished with value: 0.18821811218370496 and parameters: {'model_name': 'SimpleImputer', 'strategy': 'mean'}. Best is trial 1 with value: 0.18821811218370496.
running
[I 2024-10-16 08:23:07,035] Trial 184 finished with value: 0.18821811218370496 and parameters: {'model_name': 'SimpleImputer', 'strategy': 'mean'}. Best is trial 1 with value: 0.18821811218370496.
running
[I 2024-10-16 08:23:07,205] Trial 187 finished with value: 0.18821811218370496 and parameters: {'model_name': 'SimpleImputer', 'strategy': 'mean'}. Best is trial 1 with value: 0.18821811218370496.
[I 2024-10-16 08:23:07,380] Trial 183 finished with value: 0.18821811218370496 and parameters: {'model_name': 'SimpleImputer', 'strategy': 'mean'}. Best is trial 1 with value: 0.18821811218370496.
[I 2024-10-16 08:23:07,569] Trial 185 finished with value: 0.18821811218370496 and parameters: {'model_name': 'SimpleImputer', 'strategy': 'mean'}. Best is trial 1 with value: 0.18821811218370496.
[I 2024-10-16 08:23:07,740] Trial 188 finished with value: 0.18821811218370496 and parameters: {'model_name': 'SimpleImputer', 'strategy': 'mean'}. Best is trial 1 with value: 0.18821811218370496.
[I 2024-10-16 08:23:07,864] Trial 186 finished with value: 0.18821811218370496 and parameters: {'model_name': 'SimpleImputer', 'strategy': 'mean'}. Best is trial 1 with value: 0.18821811218370496.
[I 2024-10-16 08:23:08,019] Trial 190 finished with value: 0.18821811218370496 and parameters: {'model_name': 'SimpleImputer', 'strategy': 'mean'}. Best is trial 1 with value: 0.18821811218370496.
[I 2024-10-16 08:23:08,174] Trial 189 finished with value: 0.18821811218370496 and parameters: {'model_name': 'SimpleImputer', 'strategy': 'mean'}. Best is trial 1 with value: 0.18821811218370496.
[I 2024-10-16 08:23:08,382] Trial 191 finished with value: 0.18821811218370496 and parameters: {'model_name': 'SimpleImputer', 'strategy': 'mean'}. Best is trial 1 with value: 0.18821811218370496.
[I 2024-10-16 08:23:08,546] Trial 192 finished with value: 0.18821811218370496 and parameters: {'model_name': 'SimpleImputer', 'strategy': 'mean'}. Best is trial 1 with value: 0.18821811218370496.
[I 2024-10-16 08:23:08,702] Trial 193 finished with value: 0.18821811218370496 and parameters: {'model_name': 'SimpleImputer', 'strategy': 'mean'}. Best is trial 1 with value: 0.18821811218370496.
[I 2024-10-16 08:23:08,860] Trial 194 finished with value: 0.18821811218370496 and parameters: {'model_name': 'SimpleImputer', 'strategy': 'mean'}. Best is trial 1 with value: 0.18821811218370496.
[I 2024-10-16 08:23:09,000] Trial 197 finished with value: 0.18821811218370496 and parameters: {'model_name': 'SimpleImputer', 'strategy': 'mean'}. Best is trial 1 with value: 0.18821811218370496.
[I 2024-10-16 08:23:09,142] Trial 195 finished with value: 0.18821811218370496 and parameters: {'model_name': 'SimpleImputer', 'strategy': 'mean'}. Best is trial 1 with value: 0.18821811218370496.
[I 2024-10-16 08:23:09,298] Trial 196 finished with value: 0.18821811218370496 and parameters: {'model_name': 'SimpleImputer', 'strategy': 'mean'}. Best is trial 1 with value: 0.18821811218370496.
[I 2024-10-16 08:23:09,463] Trial 199 finished with value: 0.18821811218370496 and parameters: {'model_name': 'SimpleImputer', 'strategy': 'mean'}. Best is trial 1 with value: 0.18821811218370496.
[I 2024-10-16 08:23:09,588] Trial 198 finished with value: 0.18821811218370496 and parameters: {'model_name': 'SimpleImputer', 'strategy': 'mean'}. Best is trial 1 with value: 0.18821811218370496.
fit
simple fit
simple transform
0    0
1    0
2    0
3    0
4    0
5    0
6    0
7    0
dtype: int64
0    0
1    0
2    0
3    0
4    0
5    0
6    0
7    0
dtype: int64
0.18821811218370496
{'model_name': 'SimpleImputer', 'strategy': 'mean'}
running experiment 2/3 - Does reconstruction give good automl predictions
Start est fit
Version 0.1.7a0 of tpot2 is outdated. Version 0.1.8a0 was released Tuesday September 17, 2024.
Version 0.1.7a0 of tpot2 is outdated. Version 0.1.8a0 was released Tuesday September 17, 2024.
Version 0.1.7a0 of tpot2 is outdated. Version 0.1.8a0 was released Tuesday September 17, 2024.
Version 0.1.7a0 of tpot2 is outdated. Version 0.1.8a0 was released Tuesday September 17, 2024.
Version 0.1.7a0 of tpot2 is outdated. Version 0.1.8a0 was released Tuesday September 17, 2024.
Version 0.1.7a0 of tpot2 is outdated. Version 0.1.8a0 was released Tuesday September 17, 2024.
Version 0.1.7a0 of tpot2 is outdated. Version 0.1.8a0 was released Tuesday September 17, 2024.
Version 0.1.7a0 of tpot2 is outdated. Version 0.1.8a0 was released Tuesday September 17, 2024.
Version 0.1.7a0 of tpot2 is outdated. Version 0.1.8a0 was released Tuesday September 17, 2024.
Version 0.1.7a0 of tpot2 is outdated. Version 0.1.8a0 was released Tuesday September 17, 2024.
Version 0.1.7a0 of tpot2 is outdated. Version 0.1.8a0 was released Tuesday September 17, 2024.
Version 0.1.7a0 of tpot2 is outdated. Version 0.1.8a0 was released Tuesday September 17, 2024.
Version 0.1.7a0 of tpot2 is outdated. Version 0.1.8a0 was released Tuesday September 17, 2024.
Version 0.1.7a0 of tpot2 is outdated. Version 0.1.8a0 was released Tuesday September 17, 2024.
Version 0.1.7a0 of tpot2 is outdated. Version 0.1.8a0 was released Tuesday September 17, 2024.
Version 0.1.7a0 of tpot2 is outdated. Version 0.1.8a0 was released Tuesday September 17, 2024.
  0%|          | 0/25 [00:00<?, ?it/s]Generation:   0%|          | 0/25 [00:00<?, ?it/s]Generation:  1
Best f1_score score: 0.8948580028889573
Generation:   4%|▍         | 1/25 [01:05<26:13, 65.54s/it]Generation:  2
Best f1_score score: 0.8948580028889573
Generation:   8%|▊         | 2/25 [04:54<1:01:51, 161.39s/it]Generation:  3
Best f1_score score: 0.9130625120624121
Generation:  12%|█▏        | 3/25 [06:07<44:27, 121.23s/it]  WARNING AN INDIVIDUAL TIMED OUT: 
 <tpot2.search_spaces.pipelines.sequential.SequentialPipelineIndividual object at 0x155474cd52d0> 

Generation:  4
Best f1_score score: 0.9130625120624121
Generation:  16%|█▌        | 4/25 [16:12<1:49:20, 312.39s/it]Generation:  5
Best f1_score score: 0.9130625120624121
Generation:  20%|██        | 5/25 [16:39<1:09:49, 209.47s/it]Generation:  6
Best f1_score score: 0.9130625120624121
Generation:  24%|██▍       | 6/25 [17:02<46:13, 145.97s/it]  WARNING AN INDIVIDUAL TIMED OUT: 
 <tpot2.search_spaces.pipelines.sequential.SequentialPipelineIndividual object at 0x15545d8629e0> 

Generation:  7
Best f1_score score: 0.9130625120624121
Generation:  28%|██▊       | 7/25 [27:10<1:29:06, 297.00s/it]Generation:  8
Best f1_score score: 0.9130625120624121
Generation:  32%|███▏      | 8/25 [27:39<59:56, 211.59s/it]  WARNING THIS INDIVIDUAL CAUSED AND EXCEPTION 
 <tpot2.search_spaces.pipelines.sequential.SequentialPipelineIndividual object at 0x155474534d90> 
 Out of bag estimation only available if bootstrap=True 
 Traceback (most recent call last):
  File "/common/ketrong/tpotexp/tpot2/tpot2/utils/eval_utils.py", line 53, in objective_nan_wrapper
    value = func_timeout.func_timeout(timeout, objective_function, args=[individual], kwargs=objective_kwargs)
  File "/common/ketrong/tpotexp/env/lib/python3.10/site-packages/func_timeout/dafunc.py", line 108, in func_timeout
    raise_exception(exception)
  File "/common/ketrong/tpotexp/env/lib/python3.10/site-packages/func_timeout/py3_raise.py", line 7, in raise_exception
    raise exception[0] from None
  File "/common/ketrong/tpotexp/tpot2/tpot2/tpot_estimator/estimator.py", line 623, in objective_function
    return objective_function_generator(
  File "/common/ketrong/tpotexp/tpot2/tpot2/tpot_estimator/estimator_utils.py", line 55, in objective_function_generator
    cv_obj_scores = cross_val_score_objective(sklearn.base.clone(pipeline),x,y,scorers=scorers, cv=cv , fold=step)
  File "/common/ketrong/tpotexp/tpot2/tpot2/tpot_estimator/cross_val_utils.py", line 28, in cross_val_score_objective
    this_fold_pipeline.fit(X_train,y_train)
  File "/common/ketrong/tpotexp/env/lib/python3.10/site-packages/sklearn/base.py", line 1473, in wrapper
    return fit_method(estimator, *args, **kwargs)
  File "/common/ketrong/tpotexp/env/lib/python3.10/site-packages/sklearn/pipeline.py", line 473, in fit
    self._final_estimator.fit(Xt, y, **last_step_params["fit"])
  File "/common/ketrong/tpotexp/env/lib/python3.10/site-packages/sklearn/utils/validation.py", line 66, in inner_f
    return f(*args, **kwargs)
  File "/common/ketrong/tpotexp/env/lib/python3.10/site-packages/sklearn/base.py", line 1473, in wrapper
    return fit_method(estimator, *args, **kwargs)
  File "/common/ketrong/tpotexp/env/lib/python3.10/site-packages/sklearn/ensemble/_bagging.py", line 402, in fit
    return self._fit(X, y, max_samples=self.max_samples, **fit_params)
  File "/common/ketrong/tpotexp/env/lib/python3.10/site-packages/sklearn/ensemble/_bagging.py", line 502, in _fit
    raise ValueError("Out of bag estimation only available if bootstrap=True")
ValueError: Out of bag estimation only available if bootstrap=True

Generation:  9
Best f1_score score: 0.9130625120624121
Generation:  36%|███▌      | 9/25 [29:31<48:06, 180.43s/it]Generation:  10
Best f1_score score: 0.9130625120624121
Generation:  40%|████      | 10/25 [32:26<44:45, 179.01s/it]Generation:  11
Best f1_score score: 0.9130625120624121
Generation:  44%|████▍     | 11/25 [33:41<34:17, 146.95s/it]Generation:  12
Best f1_score score: 0.9130625120624121
Generation:  48%|████▊     | 12/25 [36:11<32:02, 147.88s/it]Generation:  13
Best f1_score score: 0.9130625120624121
Generation:  52%|█████▏    | 13/25 [36:48<22:53, 114.43s/it]Generation:  14
Best f1_score score: 0.9130625120624121
Generation:  56%|█████▌    | 14/25 [38:45<21:08, 115.29s/it]Generation:  15
Best f1_score score: 0.9130625120624121
Generation:  60%|██████    | 15/25 [39:49<16:37, 99.76s/it] Generation:  16
Best f1_score score: 0.9130625120624121
Generation:  64%|██████▍   | 16/25 [41:06<13:54, 92.72s/it]WARNING AN INDIVIDUAL TIMED OUT: 
 <tpot2.search_spaces.pipelines.sequential.SequentialPipelineIndividual object at 0x155474d1ce50> 

Generation:  17
Best f1_score score: 0.9130625120624121
Generation:  68%|██████▊   | 17/25 [51:17<33:08, 248.60s/it]Generation:  18
Best f1_score score: 0.9130625120624121
Generation:  72%|███████▏  | 18/25 [52:46<23:25, 200.85s/it]Generation:  19
Best f1_score score: 0.9130625120624121
Generation:  76%|███████▌  | 19/25 [53:49<15:55, 159.21s/it]Generation:  20
Best f1_score score: 0.923202925367406
Generation:  80%|████████  | 20/25 [54:57<11:00, 132.06s/it]Generation:  21
Best f1_score score: 0.923202925367406
Generation:  84%|████████▍ | 21/25 [56:21<07:49, 117.41s/it]Generation:  22
Best f1_score score: 0.923202925367406
Generation:  88%|████████▊ | 22/25 [1:00:11<07:34, 151.41s/it]Generation:  23
Best f1_score score: 0.923202925367406
Generation:  92%|█████████▏| 23/25 [1:03:45<05:40, 170.12s/it]Generation:  24
Best f1_score score: 0.923202925367406
Generation:  96%|█████████▌| 24/25 [1:08:54<03:31, 211.80s/it]Generation:  25
Best f1_score score: 0.923202925367406
Generation: 100%|██████████| 25/25 [1:09:33<00:00, 159.85s/it]Generation: 100%|██████████| 25/25 [1:09:36<00:00, 167.08s/it]
2024-10-16 09:33:00,987 - distributed.scheduler - ERROR - Removing worker 'tcp://127.0.0.1:46993' caused the cluster to lose scattered data, which can't be recovered: {'ndarray-b74dc7c66dec5ac2b4700b93e84a6dd3', 'ndarray-fdf288a1bd26868f13716aaa31a35a50'} (stimulus_id='handle-worker-cleanup-1729096380.987193')
Fitted
Pipeline(steps=[('histgradientboostingclassifier',
                 HistGradientBoostingClassifier(early_stopping=True,
                                                l2_regularization=3.188369e-07,
                                                learning_rate=0.201145109663,
                                                max_features=0.4552601222597,
                                                max_leaf_nodes=1045,
                                                min_samples_leaf=40,
                                                n_iter_no_change=7, tol=0.0001,
                                                validation_fraction=None))])
score start
train score: {'auroc': 1.0, 'accuracy': 1.0, 'balanced_accuracy': 1.0, 'logloss': 0.00973823482048585, 'f1': 1.0}
original test score: {'auroc': 0.9811064955360256, 'accuracy': 0.9342381110007724, 'balanced_accuracy': 0.9326049766486009, 'logloss': 0.18706045238094704, 'f1': 0.9326933725959107}
imputed test score: {'auroc': 0.9795487887769767, 'accuracy': 0.9308176100628931, 'balanced_accuracy': 0.9289856343547619, 'logloss': 0.19664040911017083, 'f1': 0.9291755175442837}
score end
check intended
EXP2 Finished
running experiment 3/3 - What is the best automl settings?
<tpot2.search_spaces.pipelines.sequential.SequentialPipeline object at 0x15543504f9d0>
Start tpot fit
Version 0.1.7a0 of tpot2 is outdated. Version 0.1.8a0 was released Tuesday September 17, 2024.
Version 0.1.7a0 of tpot2 is outdated. Version 0.1.8a0 was released Tuesday September 17, 2024.
Version 0.1.7a0 of tpot2 is outdated. Version 0.1.8a0 was released Tuesday September 17, 2024.
Version 0.1.7a0 of tpot2 is outdated. Version 0.1.8a0 was released Tuesday September 17, 2024.
Version 0.1.7a0 of tpot2 is outdated. Version 0.1.8a0 was released Tuesday September 17, 2024.
Version 0.1.7a0 of tpot2 is outdated. Version 0.1.8a0 was released Tuesday September 17, 2024.
Version 0.1.7a0 of tpot2 is outdated. Version 0.1.8a0 was released Tuesday September 17, 2024.
Version 0.1.7a0 of tpot2 is outdated. Version 0.1.8a0 was released Tuesday September 17, 2024.
Version 0.1.7a0 of tpot2 is outdated. Version 0.1.8a0 was released Tuesday September 17, 2024.
Version 0.1.7a0 of tpot2 is outdated. Version 0.1.8a0 was released Tuesday September 17, 2024.
Version 0.1.7a0 of tpot2 is outdated. Version 0.1.8a0 was released Tuesday September 17, 2024.
Version 0.1.7a0 of tpot2 is outdated. Version 0.1.8a0 was released Tuesday September 17, 2024.
Version 0.1.7a0 of tpot2 is outdated. Version 0.1.8a0 was released Tuesday September 17, 2024.
Version 0.1.7a0 of tpot2 is outdated. Version 0.1.8a0 was released Tuesday September 17, 2024.
Version 0.1.7a0 of tpot2 is outdated. Version 0.1.8a0 was released Tuesday September 17, 2024.
Version 0.1.7a0 of tpot2 is outdated. Version 0.1.8a0 was released Tuesday September 17, 2024.
  0%|          | 0/25 [00:00<?, ?it/s]Generation:   0%|          | 0/25 [00:00<?, ?it/s]Generation:  1
Best f1_score score: 0.9195513776410597
Generation:   4%|▍         | 1/25 [01:21<32:44, 81.83s/it]Generation:  2
Best f1_score score: 0.9199353357149487
Generation:   8%|▊         | 2/25 [02:39<30:24, 79.34s/it]Generation:  3
Best f1_score score: 0.9214121478720916
Generation:  12%|█▏        | 3/25 [03:15<21:50, 59.57s/it]Generation:  4
Best f1_score score: 0.9214121478720916
Generation:  16%|█▌        | 4/25 [03:59<18:45, 53.62s/it]Generation:  5
Best f1_score score: 0.9214121478720916
Generation:  20%|██        | 5/25 [04:39<16:12, 48.62s/it]Generation:  6
Best f1_score score: 0.9214121478720916
Generation:  24%|██▍       | 6/25 [05:26<15:09, 47.87s/it]Generation:  7
Best f1_score score: 0.9214121478720916
Generation:  28%|██▊       | 7/25 [06:11<14:05, 46.96s/it]Generation:  8
Best f1_score score: 0.927937246331202
Generation:  32%|███▏      | 8/25 [07:26<15:51, 55.97s/it]WARNING THIS INDIVIDUAL CAUSED AND EXCEPTION 
 <tpot2.search_spaces.pipelines.sequential.SequentialPipelineIndividual object at 0x155467e9c580> 
 The 'min_samples_split' parameter of DecisionTreeClassifier must be an int in the range [2, inf) or a float in the range (0.0, 1.0]. Got 1 instead. 
 Traceback (most recent call last):
  File "/common/ketrong/tpotexp/tpot2/tpot2/utils/eval_utils.py", line 53, in objective_nan_wrapper
    value = func_timeout.func_timeout(timeout, objective_function, args=[individual], kwargs=objective_kwargs)
  File "/common/ketrong/tpotexp/env/lib/python3.10/site-packages/func_timeout/dafunc.py", line 108, in func_timeout
    raise_exception(exception)
  File "/common/ketrong/tpotexp/env/lib/python3.10/site-packages/func_timeout/py3_raise.py", line 7, in raise_exception
    raise exception[0] from None
  File "/common/ketrong/tpotexp/tpot2/tpot2/tpot_estimator/estimator.py", line 623, in objective_function
    return objective_function_generator(
  File "/common/ketrong/tpotexp/tpot2/tpot2/tpot_estimator/estimator_utils.py", line 55, in objective_function_generator
    cv_obj_scores = cross_val_score_objective(sklearn.base.clone(pipeline),x,y,scorers=scorers, cv=cv , fold=step)
  File "/common/ketrong/tpotexp/tpot2/tpot2/tpot_estimator/cross_val_utils.py", line 28, in cross_val_score_objective
    this_fold_pipeline.fit(X_train,y_train)
  File "/common/ketrong/tpotexp/env/lib/python3.10/site-packages/sklearn/base.py", line 1473, in wrapper
    return fit_method(estimator, *args, **kwargs)
  File "/common/ketrong/tpotexp/env/lib/python3.10/site-packages/sklearn/pipeline.py", line 473, in fit
    self._final_estimator.fit(Xt, y, **last_step_params["fit"])
  File "/common/ketrong/tpotexp/env/lib/python3.10/site-packages/sklearn/base.py", line 1466, in wrapper
    estimator._validate_params()
  File "/common/ketrong/tpotexp/env/lib/python3.10/site-packages/sklearn/base.py", line 666, in _validate_params
    validate_parameter_constraints(
  File "/common/ketrong/tpotexp/env/lib/python3.10/site-packages/sklearn/utils/_param_validation.py", line 95, in validate_parameter_constraints
    raise InvalidParameterError(
sklearn.utils._param_validation.InvalidParameterError: The 'min_samples_split' parameter of DecisionTreeClassifier must be an int in the range [2, inf) or a float in the range (0.0, 1.0]. Got 1 instead.

Generation:  9
Best f1_score score: 0.927937246331202
Generation:  36%|███▌      | 9/25 [08:16<14:24, 54.00s/it]Generation:  10
Best f1_score score: 0.927937246331202
Generation:  40%|████      | 10/25 [09:30<15:02, 60.17s/it]Generation:  11
Best f1_score score: 0.927937246331202
Generation:  44%|████▍     | 11/25 [09:55<11:33, 49.53s/it]Generation:  12
Best f1_score score: 0.9280536085601337
Generation:  48%|████▊     | 12/25 [11:36<14:07, 65.16s/it]Generation:  13
Best f1_score score: 0.9280536085601337
Generation:  52%|█████▏    | 13/25 [12:14<11:21, 56.81s/it]Generation:  14
Best f1_score score: 0.9280536085601337
Generation:  56%|█████▌    | 14/25 [13:16<10:44, 58.62s/it]Generation:  15
Best f1_score score: 0.9280536085601337
Generation:  60%|██████    | 15/25 [20:33<28:45, 172.59s/it]Generation:  16
Best f1_score score: 0.9280536085601337
Generation:  64%|██████▍   | 16/25 [22:09<22:24, 149.42s/it]Generation:  17
Best f1_score score: 0.9280536085601337
Generation:  68%|██████▊   | 17/25 [24:33<19:44, 148.02s/it]Generation:  18
Best f1_score score: 0.9280536085601337
Generation:  72%|███████▏  | 18/25 [25:09<13:18, 114.14s/it]Generation:  19
Best f1_score score: 0.9280536085601337
Generation:  76%|███████▌  | 19/25 [26:50<11:01, 110.24s/it]Generation:  20
Best f1_score score: 0.9280536085601337
Generation:  80%|████████  | 20/25 [27:25<07:18, 87.79s/it] Generation:  21
Best f1_score score: 0.9280536085601337
Generation:  84%|████████▍ | 21/25 [28:18<05:09, 77.38s/it]Generation:  22
Best f1_score score: 0.9287649514507782
Generation:  88%|████████▊ | 22/25 [29:22<03:40, 73.34s/it]Generation:  23
Best f1_score score: 0.9290979404643236
Generation:  92%|█████████▏| 23/25 [34:01<04:29, 134.83s/it]Generation:  24
Best f1_score score: 0.9290979404643236
Generation:  96%|█████████▌| 24/25 [36:13<02:14, 134.05s/it]Generation:  25
Best f1_score score: 0.9290979404643236
Generation: 100%|██████████| 25/25 [37:09<00:00, 110.81s/it]Generation: 100%|██████████| 25/25 [37:09<00:00, 89.20s/it] 
2024-10-16 10:10:32,907 - distributed.scheduler - ERROR - Removing worker 'tcp://127.0.0.1:40953' caused the cluster to lose scattered data, which can't be recovered: {'ndarray-b74dc7c66dec5ac2b4700b93e84a6dd3', 'DataFrame-665385f2b8785d8a3900a50d643eac40'} (stimulus_id='handle-worker-cleanup-1729098632.9077218')
Fitted
Pipeline(steps=[('simpleimputer', SimpleImputer(strategy='median')),
                ('histgradientboostingclassifier',
                 HistGradientBoostingClassifier(early_stopping=True,
                                                l2_regularization=0.0175045976612,
                                                learning_rate=0.1798789025404,
                                                max_features=0.9718324342637,
                                                max_leaf_nodes=1707,
                                                min_samples_leaf=30,
                                                n_iter_no_change=3, tol=0.0001,
                                                validation_fraction=None))])
transform worked
try transform
transform worked
score start
train score: {'auroc': 0.9999999999999999, 'accuracy': 1.0, 'balanced_accuracy': 1.0, 'logloss': 0.003843407774419081, 'f1': 1.0}
test score: {'auroc': 0.9816831545019467, 'accuracy': 0.9334657398212513, 'balanced_accuracy': 0.931865715003299, 'logloss': 0.1966968194566955, 'f1': 0.931909840373544}
original test score: {'auroc': 0.9832434525387546, 'accuracy': 0.936224208319541, 'balanced_accuracy': 0.9348757332817735, 'logloss': 0.18584726679310826, 'f1': 0.934757217388809}
score end
151
lvl
0.01
type
MAR
num_run
2
class_simple
finished
all finished
full run takes
1.8055613421069252
hours
DONE
