Run: 8
/cm/local/apps/slurm/var/spool/job1061307/slurm_script: line 27: 
pip install -e tpot2
pip install -r tpot2/ImputerExperiments/requirements_.txt
: No such file or directory
RunStart
Version 0.1.7a0 of tpot2 is outdated. Version 0.1.8a0 was released Tuesday September 17, 2024.
starting loops
../data/c/40498/40498.pkl
working on 
../data/c/40498/class_full_MAR_0.5_1
3.4587862491607666
running experiment 1/3 - Does large hyperparameter space improve reconstruction accuracy over simple
[I 2024-11-16 17:32:20,977] A new study created in memory with name: no-name-84e1f82f-77d2-416f-9c08-8b9801a387c3
running
running
running
running
running
running
running
running
running
running
running
running
running
running
running
running
[I 2024-11-16 17:32:21,036] Trial 1 finished with value: 0.25591265174179434 and parameters: {'model_name': 'SimpleImputer', 'strategy': 'constant'}. Best is trial 1 with value: 0.25591265174179434.
running
[I 2024-11-16 17:32:21,237] Trial 6 finished with value: 0.25591265174179434 and parameters: {'model_name': 'SimpleImputer', 'strategy': 'constant'}. Best is trial 1 with value: 0.25591265174179434.
running
[I 2024-11-16 17:32:21,440] Trial 0 finished with value: 0.15244708709957525 and parameters: {'model_name': 'SimpleImputer', 'strategy': 'median'}. Best is trial 0 with value: 0.15244708709957525.
running
[I 2024-11-16 17:32:21,563] Trial 11 finished with value: 0.12970978827028523 and parameters: {'model_name': 'SimpleImputer', 'strategy': 'mean'}. Best is trial 11 with value: 0.12970978827028523.
running
[I 2024-11-16 17:32:21,765] Trial 15 finished with value: 0.25591265174179434 and parameters: {'model_name': 'SimpleImputer', 'strategy': 'constant'}. Best is trial 11 with value: 0.12970978827028523.
running
[I 2024-11-16 17:32:21,991] Trial 8 finished with value: 0.15244708709957525 and parameters: {'model_name': 'SimpleImputer', 'strategy': 'median'}. Best is trial 11 with value: 0.12970978827028523.
running
[I 2024-11-16 17:32:22,208] Trial 20 finished with value: 0.12970978827028523 and parameters: {'model_name': 'SimpleImputer', 'strategy': 'mean'}. Best is trial 11 with value: 0.12970978827028523.
running
[I 2024-11-16 17:32:22,398] Trial 9 finished with value: 0.18820585621855673 and parameters: {'model_name': 'SimpleImputer', 'strategy': 'most_frequent'}. Best is trial 11 with value: 0.12970978827028523.
running
[I 2024-11-16 17:32:23,261] Trial 4 finished with value: 0.12970978827028526 and parameters: {'model_name': 'KNNImputer', 'n_neighbors': 3666, 'weights': 'uniform'}. Best is trial 11 with value: 0.12970978827028523.
running
[I 2024-11-16 17:32:23,848] Trial 3 finished with value: 0.1264307928973293 and parameters: {'model_name': 'KNNImputer', 'n_neighbors': 2267, 'weights': 'uniform'}. Best is trial 3 with value: 0.1264307928973293.
running
[I 2024-11-16 17:32:24,180] Trial 5 finished with value: 0.12712367153531828 and parameters: {'model_name': 'KNNImputer', 'n_neighbors': 2801, 'weights': 'distance'}. Best is trial 3 with value: 0.1264307928973293.
running
[I 2024-11-16 17:32:24,322] Trial 12 finished with value: 0.12777502809171026 and parameters: {'model_name': 'KNNImputer', 'n_neighbors': 3788, 'weights': 'distance'}. Best is trial 3 with value: 0.1264307928973293.
running
[I 2024-11-16 17:32:24,492] Trial 16 finished with value: 0.12511787959755086 and parameters: {'model_name': 'KNNImputer', 'n_neighbors': 1957, 'weights': 'distance'}. Best is trial 16 with value: 0.12511787959755086.
running
[I 2024-11-16 17:32:24,760] Trial 17 finished with value: 0.12724666358470066 and parameters: {'model_name': 'KNNImputer', 'n_neighbors': 2834, 'weights': 'distance'}. Best is trial 16 with value: 0.12511787959755086.
running
[I 2024-11-16 17:32:24,939] Trial 22 finished with value: 0.12237351253918712 and parameters: {'model_name': 'KNNImputer', 'n_neighbors': 772, 'weights': 'distance'}. Best is trial 22 with value: 0.12237351253918712.
running
[I 2024-11-16 17:32:25,190] Trial 23 finished with value: 0.12777502809171026 and parameters: {'model_name': 'KNNImputer', 'n_neighbors': 3070, 'weights': 'distance'}. Best is trial 22 with value: 0.12237351253918712.
running
[I 2024-11-16 17:32:26,500] Trial 27 finished with value: 0.1247552425777659 and parameters: {'model_name': 'KNNImputer', 'n_neighbors': 1774, 'weights': 'distance'}. Best is trial 22 with value: 0.12237351253918712.
running
[I 2024-11-16 17:32:26,855] Trial 26 finished with value: 0.12588772360492226 and parameters: {'model_name': 'KNNImputer', 'n_neighbors': 2366, 'weights': 'distance'}. Best is trial 22 with value: 0.12237351253918712.
running
[I 2024-11-16 17:32:29,188] Trial 14 finished with value: 0.12560740980340512 and parameters: {'model_name': 'IterativeImputer', 'estimator': 'Bayesian', 'initial_strategy': 'mean', 'n_nearest_features': 1, 'imputation_order': 'arabic', 'sample_posterior': False}. Best is trial 22 with value: 0.12237351253918712.
running
[I 2024-11-16 17:32:32,365] Trial 28 finished with value: inf and parameters: {'model_name': 'GAIN', 'batch_size': 1, 'hint_rate': 0.9366025228365177, 'alpha': 45, 'iterations': 7, 'learning_rate': 0.0005073547352805522, 'p_miss': 0.16796049876890262}. Best is trial 22 with value: 0.12237351253918712.
running
[I 2024-11-16 17:32:34,411] Trial 33 finished with value: inf and parameters: {'model_name': 'GAIN', 'batch_size': 1, 'hint_rate': 0.10032654457123968, 'alpha': 92, 'iterations': 42, 'learning_rate': 0.008711934107676176, 'p_miss': 0.0335039212051043}. Best is trial 22 with value: 0.12237351253918712.
running
[I 2024-11-16 17:32:34,632] Trial 29 finished with value: 0.24760838223767015 and parameters: {'model_name': 'GAIN', 'batch_size': 226, 'hint_rate': 0.7995979433072481, 'alpha': 59, 'iterations': 4, 'learning_rate': 0.020294314874310982, 'p_miss': 0.10670558074333217}. Best is trial 22 with value: 0.12237351253918712.
running
[I 2024-11-16 17:32:39,090] Trial 7 finished with value: 0.12838584139178383 and parameters: {'model_name': 'IterativeImputer', 'estimator': 'KNN', 'initial_strategy': 'most_frequent', 'n_nearest_features': 4, 'imputation_order': 'descending'}. Best is trial 22 with value: 0.12237351253918712.
running
[I 2024-11-16 17:32:39,327] Trial 32 finished with value: 0.12075550421665018 and parameters: {'model_name': 'IterativeImputer', 'estimator': 'Ridge', 'initial_strategy': 'mean', 'n_nearest_features': 4, 'imputation_order': 'ascending'}. Best is trial 32 with value: 0.12075550421665018.
running
[I 2024-11-16 17:32:49,399] Trial 31 finished with value: 0.12217978905423306 and parameters: {'model_name': 'IterativeImputer', 'estimator': 'KNN', 'initial_strategy': 'median', 'n_nearest_features': 8, 'imputation_order': 'random'}. Best is trial 32 with value: 0.12075550421665018.
running
[I 2024-11-16 17:32:50,017] Trial 34 finished with value: 0.24602105187384732 and parameters: {'model_name': 'GAIN', 'batch_size': 10, 'hint_rate': 0.22184368907813007, 'alpha': 29, 'iterations': 32, 'learning_rate': 0.00019993708767798672, 'p_miss': 0.21871341174716535}. Best is trial 32 with value: 0.12075550421665018.
running
[I 2024-11-16 17:32:50,983] Trial 13 finished with value: 0.14791705960036783 and parameters: {'model_name': 'VAE', 'batch_size': 12, 'iterations': 22, 'learning_rate': 0.006939891143340869, 'p_miss': 0.05976151648415293}. Best is trial 32 with value: 0.12075550421665018.
running
[I 2024-11-16 17:33:00,310] Trial 42 finished with value: 0.11861930390607309 and parameters: {'model_name': 'IterativeImputer', 'estimator': 'Ridge', 'initial_strategy': 'median', 'n_nearest_features': 10, 'imputation_order': 'random'}. Best is trial 42 with value: 0.11861930390607309.
running
[I 2024-11-16 17:33:09,205] Trial 41 finished with value: 0.11910183868737559 and parameters: {'model_name': 'IterativeImputer', 'estimator': 'Ridge', 'initial_strategy': 'median', 'n_nearest_features': 9, 'imputation_order': 'random'}. Best is trial 42 with value: 0.11861930390607309.
running
[I 2024-11-16 17:33:09,595] Trial 43 finished with value: 0.11861930390607309 and parameters: {'model_name': 'IterativeImputer', 'estimator': 'Ridge', 'initial_strategy': 'median', 'n_nearest_features': 10, 'imputation_order': 'random'}. Best is trial 42 with value: 0.11861930390607309.
running
[I 2024-11-16 17:33:16,964] Trial 45 finished with value: 0.11861938425050855 and parameters: {'model_name': 'IterativeImputer', 'estimator': 'Ridge', 'initial_strategy': 'median', 'n_nearest_features': 11, 'imputation_order': 'random'}. Best is trial 42 with value: 0.11861930390607309.
running
[I 2024-11-16 17:33:17,349] Trial 44 finished with value: 0.118619147633331 and parameters: {'model_name': 'IterativeImputer', 'estimator': 'Ridge', 'initial_strategy': 'median', 'n_nearest_features': 11, 'imputation_order': 'ascending'}. Best is trial 44 with value: 0.118619147633331.
running
[I 2024-11-16 17:33:25,301] Trial 46 finished with value: 0.11861938425050855 and parameters: {'model_name': 'IterativeImputer', 'estimator': 'Ridge', 'initial_strategy': 'median', 'n_nearest_features': 11, 'imputation_order': 'random'}. Best is trial 44 with value: 0.118619147633331.
running
[I 2024-11-16 17:33:26,377] Trial 47 finished with value: 0.11861938425050855 and parameters: {'model_name': 'IterativeImputer', 'estimator': 'Ridge', 'initial_strategy': 'median', 'n_nearest_features': 11, 'imputation_order': 'random'}. Best is trial 44 with value: 0.118619147633331.
running
[I 2024-11-16 17:33:31,183] Trial 48 finished with value: 0.11861932273160081 and parameters: {'model_name': 'IterativeImputer', 'estimator': 'Ridge', 'initial_strategy': 'median', 'n_nearest_features': 11, 'imputation_order': 'roman'}. Best is trial 44 with value: 0.118619147633331.
running
[I 2024-11-16 17:33:31,873] Trial 25 finished with value: 0.17324853863314857 and parameters: {'model_name': 'IterativeImputer', 'estimator': 'Bayesian', 'initial_strategy': 'constant', 'n_nearest_features': 9, 'imputation_order': 'ascending', 'sample_posterior': True}. Best is trial 44 with value: 0.118619147633331.
running
[I 2024-11-16 17:33:33,995] Trial 49 finished with value: 0.118619147633331 and parameters: {'model_name': 'IterativeImputer', 'estimator': 'Ridge', 'initial_strategy': 'median', 'n_nearest_features': 11, 'imputation_order': 'ascending'}. Best is trial 44 with value: 0.118619147633331.
running
[I 2024-11-16 17:35:55,843] Trial 18 finished with value: 0.2631198574616415 and parameters: {'model_name': 'GAIN', 'batch_size': 66, 'hint_rate': 0.05680035891678786, 'alpha': 35, 'iterations': 209, 'learning_rate': 0.011666622898724948, 'p_miss': 0.1011376389661555}. Best is trial 44 with value: 0.118619147633331.
running
[I 2024-11-16 17:37:39,275] Trial 2 finished with value: inf and parameters: {'model_name': 'GAIN', 'batch_size': 1, 'hint_rate': 0.27385797632380837, 'alpha': 52, 'iterations': 1427, 'learning_rate': 0.0002935191451913488, 'p_miss': 0.16573550254640046}. Best is trial 44 with value: 0.118619147633331.
running
[I 2024-11-16 17:42:00,955] Trial 10 finished with value: 0.2528595301665203 and parameters: {'model_name': 'GAIN', 'batch_size': 246, 'hint_rate': 0.2055366673959527, 'alpha': 48, 'iterations': 328, 'learning_rate': 0.00033633050139612647, 'p_miss': 0.0459454736412659}. Best is trial 44 with value: 0.118619147633331.
running
[I 2024-11-16 17:49:30,328] Trial 21 finished with value: 0.1285129149681953 and parameters: {'model_name': 'IterativeImputer', 'estimator': 'RFR', 'initial_strategy': 'constant', 'n_nearest_features': 1, 'imputation_order': 'descending'}. Best is trial 44 with value: 0.118619147633331.
running
[I 2024-11-16 17:57:07,371] Trial 30 finished with value: 0.12218183212630492 and parameters: {'model_name': 'IterativeImputer', 'estimator': 'RFR', 'initial_strategy': 'mean', 'n_nearest_features': 4, 'imputation_order': 'ascending'}. Best is trial 44 with value: 0.118619147633331.
running
[I 2024-11-16 17:59:50,945] Trial 24 finished with value: 0.25171572521934926 and parameters: {'model_name': 'GAIN', 'batch_size': 867, 'hint_rate': 0.315954350773243, 'alpha': 80, 'iterations': 739, 'learning_rate': 0.00011054981057114505, 'p_miss': 0.10957603147292734}. Best is trial 44 with value: 0.118619147633331.
running
[I 2024-11-16 17:59:57,343] Trial 58 finished with value: 0.24043543021113578 and parameters: {'model_name': 'VAE', 'batch_size': 4, 'iterations': 1, 'learning_rate': 0.07373545793580943, 'p_miss': 0.2930247063067479}. Best is trial 44 with value: 0.118619147633331.
running
[I 2024-11-16 18:00:06,436] Trial 59 finished with value: 0.11861932273160081 and parameters: {'model_name': 'IterativeImputer', 'estimator': 'Ridge', 'initial_strategy': 'median', 'n_nearest_features': 10, 'imputation_order': 'roman'}. Best is trial 44 with value: 0.118619147633331.
running
[I 2024-11-16 18:00:17,331] Trial 60 finished with value: 0.11861932273160081 and parameters: {'model_name': 'IterativeImputer', 'estimator': 'Ridge', 'initial_strategy': 'median', 'n_nearest_features': 10, 'imputation_order': 'roman'}. Best is trial 44 with value: 0.118619147633331.
running
[I 2024-11-16 18:00:27,546] Trial 61 finished with value: 0.118619147633331 and parameters: {'model_name': 'IterativeImputer', 'estimator': 'Ridge', 'initial_strategy': 'median', 'n_nearest_features': 11, 'imputation_order': 'ascending'}. Best is trial 44 with value: 0.118619147633331.
running
[I 2024-11-16 18:00:51,323] Trial 62 finished with value: 0.11896854714820207 and parameters: {'model_name': 'IterativeImputer', 'estimator': 'Ridge', 'initial_strategy': 'median', 'n_nearest_features': 9, 'imputation_order': 'ascending'}. Best is trial 44 with value: 0.118619147633331.
running
[I 2024-11-16 18:03:52,674] Trial 19 finished with value: 0.11266929589431188 and parameters: {'model_name': 'IterativeImputer', 'estimator': 'RFR', 'initial_strategy': 'constant', 'n_nearest_features': 9, 'imputation_order': 'descending'}. Best is trial 19 with value: 0.11266929589431188.
running
[I 2024-11-16 18:04:00,390] Trial 50 finished with value: 0.11425312879848418 and parameters: {'model_name': 'IterativeImputer', 'estimator': 'RFR', 'initial_strategy': 'constant', 'n_nearest_features': 9, 'imputation_order': 'roman'}. Best is trial 19 with value: 0.11266929589431188.
running
[I 2024-11-16 18:08:04,592] Trial 54 finished with value: 0.11447883004473362 and parameters: {'model_name': 'IterativeImputer', 'estimator': 'RFR', 'initial_strategy': 'median', 'n_nearest_features': 9, 'imputation_order': 'ascending'}. Best is trial 19 with value: 0.11266929589431188.
running
[I 2024-11-16 18:12:17,801] Trial 55 finished with value: 0.11353015973487453 and parameters: {'model_name': 'IterativeImputer', 'estimator': 'RFR', 'initial_strategy': 'median', 'n_nearest_features': 9, 'imputation_order': 'ascending'}. Best is trial 19 with value: 0.11266929589431188.
running
[I 2024-11-16 20:15:59,292] Trial 53 finished with value: 0.13173299935445432 and parameters: {'model_name': 'VAE', 'batch_size': 686, 'iterations': 2154, 'learning_rate': 0.07773509985010206, 'p_miss': 0.28557393030304484}. Best is trial 19 with value: 0.11266929589431188.
running
[I 2024-11-16 20:45:08,864] Trial 68 finished with value: 0.11714064373949759 and parameters: {'model_name': 'IterativeImputer', 'estimator': 'RFR', 'initial_strategy': 'constant', 'n_nearest_features': 7, 'imputation_order': 'ascending'}. Best is trial 19 with value: 0.11266929589431188.
running
[I 2024-11-16 21:14:22,749] Trial 69 finished with value: 0.11603187779595896 and parameters: {'model_name': 'IterativeImputer', 'estimator': 'RFR', 'initial_strategy': 'constant', 'n_nearest_features': 7, 'imputation_order': 'ascending'}. Best is trial 19 with value: 0.11266929589431188.
running
[I 2024-11-16 21:43:46,851] Trial 70 finished with value: 0.11833325751104588 and parameters: {'model_name': 'IterativeImputer', 'estimator': 'RFR', 'initial_strategy': 'constant', 'n_nearest_features': 7, 'imputation_order': 'descending'}. Best is trial 19 with value: 0.11266929589431188.
running
[I 2024-11-16 22:12:54,720] Trial 71 finished with value: 0.11693295314072352 and parameters: {'model_name': 'IterativeImputer', 'estimator': 'RFR', 'initial_strategy': 'constant', 'n_nearest_features': 7, 'imputation_order': 'ascending'}. Best is trial 19 with value: 0.11266929589431188.
running
[I 2024-11-16 23:40:35,919] Trial 35 finished with value: 0.13244612884672546 and parameters: {'model_name': 'VAE', 'batch_size': 710, 'iterations': 4710, 'learning_rate': 0.09950817130115028, 'p_miss': 0.016367374802017692}. Best is trial 19 with value: 0.11266929589431188.
running
[I 2024-11-16 23:57:12,181] Trial 65 finished with value: 0.13090407734955467 and parameters: {'model_name': 'VAE', 'batch_size': 53, 'iterations': 6154, 'learning_rate': 0.0013850723247071255, 'p_miss': 0.2916506732966029}. Best is trial 19 with value: 0.11266929589431188.
running
[I 2024-11-17 00:10:07,882] Trial 73 finished with value: 0.11424899962965929 and parameters: {'model_name': 'IterativeImputer', 'estimator': 'RFR', 'initial_strategy': 'constant', 'n_nearest_features': 8, 'imputation_order': 'ascending'}. Best is trial 19 with value: 0.11266929589431188.
running
[I 2024-11-17 00:10:08,749] Trial 75 finished with value: 0.18820585621855673 and parameters: {'model_name': 'SimpleImputer', 'strategy': 'most_frequent'}. Best is trial 19 with value: 0.11266929589431188.
running
[I 2024-11-17 00:26:15,112] Trial 74 finished with value: 0.11282617175732199 and parameters: {'model_name': 'IterativeImputer', 'estimator': 'RFR', 'initial_strategy': 'constant', 'n_nearest_features': 8, 'imputation_order': 'ascending'}. Best is trial 19 with value: 0.11266929589431188.
running
[I 2024-11-17 00:26:33,817] Trial 64 finished with value: 0.13169049590154375 and parameters: {'model_name': 'VAE', 'batch_size': 48, 'iterations': 6308, 'learning_rate': 0.0010340580113875426, 'p_miss': 0.296763814803735}. Best is trial 19 with value: 0.11266929589431188.
running
[I 2024-11-17 00:27:47,923] Trial 51 finished with value: 0.13250719667575162 and parameters: {'model_name': 'VAE', 'batch_size': 421, 'iterations': 6115, 'learning_rate': 0.087105279984233, 'p_miss': 0.29290815793687214}. Best is trial 19 with value: 0.11266929589431188.
running
[I 2024-11-17 00:39:07,823] Trial 76 finished with value: 0.11444415256147251 and parameters: {'model_name': 'IterativeImputer', 'estimator': 'RFR', 'initial_strategy': 'constant', 'n_nearest_features': 8, 'imputation_order': 'ascending'}. Best is trial 19 with value: 0.11266929589431188.
running
[I 2024-11-17 00:53:40,605] Trial 77 finished with value: 0.11368164540200462 and parameters: {'model_name': 'IterativeImputer', 'estimator': 'RFR', 'initial_strategy': 'constant', 'n_nearest_features': 8, 'imputation_order': 'ascending'}. Best is trial 19 with value: 0.11266929589431188.
running
[I 2024-11-17 00:54:05,975] Trial 78 finished with value: 0.11274082809678876 and parameters: {'model_name': 'IterativeImputer', 'estimator': 'RFR', 'initial_strategy': 'constant', 'n_nearest_features': 8, 'imputation_order': 'ascending'}. Best is trial 19 with value: 0.11266929589431188.
running
[I 2024-11-17 00:54:51,983] Trial 79 finished with value: 0.11294061500926109 and parameters: {'model_name': 'IterativeImputer', 'estimator': 'RFR', 'initial_strategy': 'constant', 'n_nearest_features': 8, 'imputation_order': 'ascending'}. Best is trial 19 with value: 0.11266929589431188.
running
[I 2024-11-17 00:57:20,901] Trial 37 finished with value: 0.13207086329067969 and parameters: {'model_name': 'VAE', 'batch_size': 841, 'iterations': 5883, 'learning_rate': 0.00010058227704194087, 'p_miss': 0.29960915269413047}. Best is trial 19 with value: 0.11266929589431188.
running
[I 2024-11-17 01:06:27,401] Trial 80 finished with value: 0.11364617771112737 and parameters: {'model_name': 'IterativeImputer', 'estimator': 'RFR', 'initial_strategy': 'constant', 'n_nearest_features': 8, 'imputation_order': 'ascending'}. Best is trial 19 with value: 0.11266929589431188.
running
[I 2024-11-17 01:20:55,803] Trial 81 finished with value: 0.11308963647936424 and parameters: {'model_name': 'IterativeImputer', 'estimator': 'RFR', 'initial_strategy': 'constant', 'n_nearest_features': 8, 'imputation_order': 'arabic'}. Best is trial 19 with value: 0.11266929589431188.
running
[I 2024-11-17 01:21:40,525] Trial 82 finished with value: 0.11437687889701773 and parameters: {'model_name': 'IterativeImputer', 'estimator': 'RFR', 'initial_strategy': 'most_frequent', 'n_nearest_features': 8, 'imputation_order': 'descending'}. Best is trial 19 with value: 0.11266929589431188.
running
[I 2024-11-17 01:21:52,207] Trial 83 finished with value: 0.11470136691103745 and parameters: {'model_name': 'IterativeImputer', 'estimator': 'RFR', 'initial_strategy': 'most_frequent', 'n_nearest_features': 8, 'imputation_order': 'descending'}. Best is trial 19 with value: 0.11266929589431188.
running
[I 2024-11-17 01:25:01,170] Trial 84 finished with value: 0.11546853843253901 and parameters: {'model_name': 'IterativeImputer', 'estimator': 'RFR', 'initial_strategy': 'most_frequent', 'n_nearest_features': 8, 'imputation_order': 'descending'}. Best is trial 19 with value: 0.11266929589431188.
running
[I 2024-11-17 01:25:01,580] Trial 89 finished with value: 0.12970978827028523 and parameters: {'model_name': 'SimpleImputer', 'strategy': 'mean'}. Best is trial 19 with value: 0.11266929589431188.
running
[I 2024-11-17 01:34:31,554] Trial 85 finished with value: 0.1156736850884462 and parameters: {'model_name': 'IterativeImputer', 'estimator': 'RFR', 'initial_strategy': 'most_frequent', 'n_nearest_features': 8, 'imputation_order': 'arabic'}. Best is trial 19 with value: 0.11266929589431188.
running
[I 2024-11-17 01:35:48,518] Trial 91 finished with value: 0.11890110500071023 and parameters: {'model_name': 'IterativeImputer', 'estimator': 'Bayesian', 'initial_strategy': 'constant', 'n_nearest_features': 9, 'imputation_order': 'arabic', 'sample_posterior': False}. Best is trial 19 with value: 0.11266929589431188.
running
[I 2024-11-17 01:36:07,518] Trial 92 finished with value: 0.12428990399824087 and parameters: {'model_name': 'IterativeImputer', 'estimator': 'KNN', 'initial_strategy': 'constant', 'n_nearest_features': 6, 'imputation_order': 'arabic'}. Best is trial 19 with value: 0.11266929589431188.
running
[I 2024-11-17 01:39:36,511] Trial 66 finished with value: 0.13088205709093587 and parameters: {'model_name': 'VAE', 'batch_size': 36, 'iterations': 7366, 'learning_rate': 0.0016341200684110392, 'p_miss': 0.2999388276152951}. Best is trial 19 with value: 0.11266929589431188.
running
[I 2024-11-17 01:47:30,425] Trial 88 finished with value: 0.11609993141565374 and parameters: {'model_name': 'IterativeImputer', 'estimator': 'RFR', 'initial_strategy': 'constant', 'n_nearest_features': 6, 'imputation_order': 'arabic'}. Best is trial 19 with value: 0.11266929589431188.
running
[I 2024-11-17 01:48:52,940] Trial 86 finished with value: 0.11618751167454792 and parameters: {'model_name': 'IterativeImputer', 'estimator': 'RFR', 'initial_strategy': 'most_frequent', 'n_nearest_features': 8, 'imputation_order': 'arabic'}. Best is trial 19 with value: 0.11266929589431188.
running
[I 2024-11-17 01:50:11,723] Trial 87 finished with value: 0.11429471236794472 and parameters: {'model_name': 'IterativeImputer', 'estimator': 'RFR', 'initial_strategy': 'constant', 'n_nearest_features': 8, 'imputation_order': 'arabic'}. Best is trial 19 with value: 0.11266929589431188.
running
[I 2024-11-17 01:50:50,609] Trial 90 finished with value: 0.11597282809104108 and parameters: {'model_name': 'IterativeImputer', 'estimator': 'RFR', 'initial_strategy': 'constant', 'n_nearest_features': 6, 'imputation_order': 'arabic'}. Best is trial 19 with value: 0.11266929589431188.
running
[I 2024-11-17 02:02:46,828] Trial 93 finished with value: 0.11667517385608579 and parameters: {'model_name': 'IterativeImputer', 'estimator': 'RFR', 'initial_strategy': 'constant', 'n_nearest_features': 7, 'imputation_order': 'ascending'}. Best is trial 19 with value: 0.11266929589431188.
running
[I 2024-11-17 02:06:01,659] Trial 94 finished with value: 0.11555371565723394 and parameters: {'model_name': 'IterativeImputer', 'estimator': 'RFR', 'initial_strategy': 'constant', 'n_nearest_features': 7, 'imputation_order': 'ascending'}. Best is trial 19 with value: 0.11266929589431188.
running
[I 2024-11-17 02:06:04,895] Trial 100 finished with value: 0.12063651948916618 and parameters: {'model_name': 'KNNImputer', 'n_neighbors': 339, 'weights': 'uniform'}. Best is trial 19 with value: 0.11266929589431188.
running
[I 2024-11-17 02:11:32,480] Trial 40 finished with value: 0.13239525105698666 and parameters: {'model_name': 'VAE', 'batch_size': 670, 'iterations': 7100, 'learning_rate': 0.00019189776200249592, 'p_miss': 0.2883037859271374}. Best is trial 19 with value: 0.11266929589431188.
running
[I 2024-11-17 02:14:04,975] Trial 95 finished with value: 0.11634369332717305 and parameters: {'model_name': 'IterativeImputer', 'estimator': 'RFR', 'initial_strategy': 'constant', 'n_nearest_features': 7, 'imputation_order': 'ascending'}. Best is trial 19 with value: 0.11266929589431188.
running
[I 2024-11-17 02:15:02,446] Trial 67 finished with value: 0.13000072851815572 and parameters: {'model_name': 'VAE', 'batch_size': 49, 'iterations': 8630, 'learning_rate': 0.0011598033308918617, 'p_miss': 0.28698400884248965}. Best is trial 19 with value: 0.11266929589431188.
running
[I 2024-11-17 02:16:44,830] Trial 96 finished with value: 0.11395174472496528 and parameters: {'model_name': 'IterativeImputer', 'estimator': 'RFR', 'initial_strategy': 'constant', 'n_nearest_features': 8, 'imputation_order': 'ascending'}. Best is trial 19 with value: 0.11266929589431188.
running
[I 2024-11-17 02:17:21,990] Trial 97 finished with value: 0.11605533081933161 and parameters: {'model_name': 'IterativeImputer', 'estimator': 'RFR', 'initial_strategy': 'constant', 'n_nearest_features': 7, 'imputation_order': 'ascending'}. Best is trial 19 with value: 0.11266929589431188.
running
[I 2024-11-17 02:18:30,434] Trial 105 finished with value: 0.16525442745752883 and parameters: {'model_name': 'IterativeImputer', 'estimator': 'Bayesian', 'initial_strategy': 'mean', 'n_nearest_features': 9, 'imputation_order': 'ascending', 'sample_posterior': True}. Best is trial 19 with value: 0.11266929589431188.
running
[I 2024-11-17 02:21:30,978] Trial 98 finished with value: 0.11208149399861975 and parameters: {'model_name': 'IterativeImputer', 'estimator': 'RFR', 'initial_strategy': 'constant', 'n_nearest_features': 9, 'imputation_order': 'ascending'}. Best is trial 98 with value: 0.11208149399861975.
running
[I 2024-11-17 02:30:22,130] Trial 63 finished with value: 0.13090254974894813 and parameters: {'model_name': 'VAE', 'batch_size': 38, 'iterations': 8547, 'learning_rate': 0.001403004733620381, 'p_miss': 0.29946987590398866}. Best is trial 98 with value: 0.11208149399861975.
running
[I 2024-11-17 02:34:22,166] Trial 99 finished with value: 0.11298266123554475 and parameters: {'model_name': 'IterativeImputer', 'estimator': 'RFR', 'initial_strategy': 'constant', 'n_nearest_features': 9, 'imputation_order': 'ascending'}. Best is trial 98 with value: 0.11208149399861975.
running
[I 2024-11-17 02:34:28,180] Trial 110 finished with value: 0.24246403397094546 and parameters: {'model_name': 'GAIN', 'batch_size': 3, 'hint_rate': 0.5818331015309282, 'alpha': 0, 'iterations': 1, 'learning_rate': 0.029885681923696648, 'p_miss': 0.23056917025243284}. Best is trial 98 with value: 0.11208149399861975.
running
[I 2024-11-17 02:34:50,180] Trial 111 finished with value: 0.12200016220698591 and parameters: {'model_name': 'IterativeImputer', 'estimator': 'KNN', 'initial_strategy': 'constant', 'n_nearest_features': 9, 'imputation_order': 'ascending'}. Best is trial 98 with value: 0.11208149399861975.
running
[I 2024-11-17 02:36:31,238] Trial 101 finished with value: 0.11239682343436508 and parameters: {'model_name': 'IterativeImputer', 'estimator': 'RFR', 'initial_strategy': 'constant', 'n_nearest_features': 9, 'imputation_order': 'ascending'}. Best is trial 98 with value: 0.11208149399861975.
running
[I 2024-11-17 02:36:31,803] Trial 113 finished with value: 0.15244708709957525 and parameters: {'model_name': 'SimpleImputer', 'strategy': 'median'}. Best is trial 98 with value: 0.11208149399861975.
running
[I 2024-11-17 02:42:42,513] Trial 102 finished with value: 0.11185536721853677 and parameters: {'model_name': 'IterativeImputer', 'estimator': 'RFR', 'initial_strategy': 'constant', 'n_nearest_features': 9, 'imputation_order': 'ascending'}. Best is trial 102 with value: 0.11185536721853677.
running
[I 2024-11-17 02:45:06,471] Trial 103 finished with value: 0.11252506390168873 and parameters: {'model_name': 'IterativeImputer', 'estimator': 'RFR', 'initial_strategy': 'mean', 'n_nearest_features': 9, 'imputation_order': 'ascending'}. Best is trial 102 with value: 0.11185536721853677.
running
[I 2024-11-17 02:46:20,692] Trial 104 finished with value: 0.11227003326035641 and parameters: {'model_name': 'IterativeImputer', 'estimator': 'RFR', 'initial_strategy': 'mean', 'n_nearest_features': 9, 'imputation_order': 'ascending'}. Best is trial 102 with value: 0.11185536721853677.
running
[I 2024-11-17 02:47:30,437] Trial 107 finished with value: 0.11416548293776067 and parameters: {'model_name': 'IterativeImputer', 'estimator': 'RFR', 'initial_strategy': 'constant', 'n_nearest_features': 8, 'imputation_order': 'ascending'}. Best is trial 102 with value: 0.11185536721853677.
running
[I 2024-11-17 02:48:36,029] Trial 106 finished with value: 0.11370830620739043 and parameters: {'model_name': 'IterativeImputer', 'estimator': 'RFR', 'initial_strategy': 'mean', 'n_nearest_features': 9, 'imputation_order': 'ascending'}. Best is trial 102 with value: 0.11185536721853677.
running
[I 2024-11-17 02:52:04,613] Trial 108 finished with value: 0.11305975466143348 and parameters: {'model_name': 'IterativeImputer', 'estimator': 'RFR', 'initial_strategy': 'constant', 'n_nearest_features': 9, 'imputation_order': 'ascending'}. Best is trial 102 with value: 0.11185536721853677.
running
[I 2024-11-17 02:59:37,079] Trial 109 finished with value: 0.11253421013669176 and parameters: {'model_name': 'IterativeImputer', 'estimator': 'RFR', 'initial_strategy': 'constant', 'n_nearest_features': 9, 'imputation_order': 'ascending'}. Best is trial 102 with value: 0.11185536721853677.
running
[I 2024-11-17 03:05:07,127] Trial 52 finished with value: 0.13283384973909018 and parameters: {'model_name': 'VAE', 'batch_size': 822, 'iterations': 7086, 'learning_rate': 0.09073877181651939, 'p_miss': 0.25912538783157113}. Best is trial 102 with value: 0.11185536721853677.
running
[I 2024-11-17 03:05:10,576] Trial 122 finished with value: 0.12376098908182631 and parameters: {'model_name': 'KNNImputer', 'n_neighbors': 1190, 'weights': 'uniform'}. Best is trial 102 with value: 0.11185536721853677.
running
[I 2024-11-17 03:06:11,703] Trial 112 finished with value: 0.11238787814258507 and parameters: {'model_name': 'IterativeImputer', 'estimator': 'RFR', 'initial_strategy': 'constant', 'n_nearest_features': 10, 'imputation_order': 'ascending'}. Best is trial 102 with value: 0.11185536721853677.
running
[I 2024-11-17 03:07:16,099] Trial 114 finished with value: 0.11337322933602607 and parameters: {'model_name': 'IterativeImputer', 'estimator': 'RFR', 'initial_strategy': 'constant', 'n_nearest_features': 10, 'imputation_order': 'ascending'}. Best is trial 102 with value: 0.11185536721853677.
running
[I 2024-11-17 03:13:42,399] Trial 115 finished with value: 0.11303771039037573 and parameters: {'model_name': 'IterativeImputer', 'estimator': 'RFR', 'initial_strategy': 'constant', 'n_nearest_features': 10, 'imputation_order': 'ascending'}. Best is trial 102 with value: 0.11185536721853677.
running
[I 2024-11-17 03:15:02,185] Trial 116 finished with value: 0.11327760012683533 and parameters: {'model_name': 'IterativeImputer', 'estimator': 'RFR', 'initial_strategy': 'mean', 'n_nearest_features': 10, 'imputation_order': 'ascending'}. Best is trial 102 with value: 0.11185536721853677.
running
[I 2024-11-17 03:16:45,155] Trial 117 finished with value: 0.11284195285646315 and parameters: {'model_name': 'IterativeImputer', 'estimator': 'RFR', 'initial_strategy': 'mean', 'n_nearest_features': 10, 'imputation_order': 'ascending'}. Best is trial 102 with value: 0.11185536721853677.
running
[I 2024-11-17 03:18:13,933] Trial 118 finished with value: 0.11324220477294791 and parameters: {'model_name': 'IterativeImputer', 'estimator': 'RFR', 'initial_strategy': 'mean', 'n_nearest_features': 10, 'imputation_order': 'ascending'}. Best is trial 102 with value: 0.11185536721853677.
running
[I 2024-11-17 03:19:32,091] Trial 119 finished with value: 0.11341506208638681 and parameters: {'model_name': 'IterativeImputer', 'estimator': 'RFR', 'initial_strategy': 'mean', 'n_nearest_features': 10, 'imputation_order': 'ascending'}. Best is trial 102 with value: 0.11185536721853677.
running
[I 2024-11-17 03:23:13,600] Trial 120 finished with value: 0.11255679568400453 and parameters: {'model_name': 'IterativeImputer', 'estimator': 'RFR', 'initial_strategy': 'mean', 'n_nearest_features': 10, 'imputation_order': 'ascending'}. Best is trial 102 with value: 0.11185536721853677.
running
[I 2024-11-17 03:30:32,759] Trial 121 finished with value: 0.11287860723301495 and parameters: {'model_name': 'IterativeImputer', 'estimator': 'RFR', 'initial_strategy': 'mean', 'n_nearest_features': 10, 'imputation_order': 'ascending'}. Best is trial 102 with value: 0.11185536721853677.
running
[I 2024-11-17 03:30:59,025] Trial 131 finished with value: 0.270400550727753 and parameters: {'model_name': 'GAIN', 'batch_size': 108, 'hint_rate': 0.5428455288342046, 'alpha': 1, 'iterations': 195, 'learning_rate': 0.003921868657332789, 'p_miss': 0.20171143128613206}. Best is trial 102 with value: 0.11185536721853677.
running
[I 2024-11-17 03:32:24,974] Trial 132 finished with value: 0.27660169612918584 and parameters: {'model_name': 'GAIN', 'batch_size': 123, 'hint_rate': 0.5529122512754333, 'alpha': 0, 'iterations': 119, 'learning_rate': 0.003492552352612121, 'p_miss': 0.2075105851239353}. Best is trial 102 with value: 0.11185536721853677.
running
[I 2024-11-17 03:32:42,080] Trial 133 finished with value: 0.16096730369171142 and parameters: {'model_name': 'IterativeImputer', 'estimator': 'Bayesian', 'initial_strategy': 'mean', 'n_nearest_features': 9, 'imputation_order': 'descending', 'sample_posterior': True}. Best is trial 102 with value: 0.11185536721853677.
running
[I 2024-11-17 03:32:46,592] Trial 134 finished with value: 0.17726942490930445 and parameters: {'model_name': 'IterativeImputer', 'estimator': 'Bayesian', 'initial_strategy': 'mean', 'n_nearest_features': 1, 'imputation_order': 'descending', 'sample_posterior': True}. Best is trial 102 with value: 0.11185536721853677.
running
[I 2024-11-17 03:33:04,908] Trial 135 finished with value: 0.12119706506260701 and parameters: {'model_name': 'IterativeImputer', 'estimator': 'KNN', 'initial_strategy': 'mean', 'n_nearest_features': 10, 'imputation_order': 'ascending'}. Best is trial 102 with value: 0.11185536721853677.
running
[I 2024-11-17 03:36:37,539] Trial 123 finished with value: 0.11347746815600741 and parameters: {'model_name': 'IterativeImputer', 'estimator': 'RFR', 'initial_strategy': 'mean', 'n_nearest_features': 10, 'imputation_order': 'ascending'}. Best is trial 102 with value: 0.11185536721853677.
running
[I 2024-11-17 03:37:59,956] Trial 124 finished with value: 0.11237968887363363 and parameters: {'model_name': 'IterativeImputer', 'estimator': 'RFR', 'initial_strategy': 'mean', 'n_nearest_features': 10, 'imputation_order': 'ascending'}. Best is trial 102 with value: 0.11185536721853677.
running
[I 2024-11-17 03:38:27,008] Trial 125 finished with value: 0.11206749534471883 and parameters: {'model_name': 'IterativeImputer', 'estimator': 'RFR', 'initial_strategy': 'mean', 'n_nearest_features': 10, 'imputation_order': 'ascending'}. Best is trial 102 with value: 0.11185536721853677.
running
[I 2024-11-17 03:42:35,838] Trial 130 finished with value: 0.12852852928145828 and parameters: {'model_name': 'IterativeImputer', 'estimator': 'RFR', 'initial_strategy': 'mean', 'n_nearest_features': 3, 'imputation_order': 'ascending'}. Best is trial 102 with value: 0.11185536721853677.
running
[I 2024-11-17 03:46:17,842] Trial 126 finished with value: 0.11210068638352526 and parameters: {'model_name': 'IterativeImputer', 'estimator': 'RFR', 'initial_strategy': 'mean', 'n_nearest_features': 10, 'imputation_order': 'ascending'}. Best is trial 102 with value: 0.11185536721853677.
running
[I 2024-11-17 03:46:55,251] Trial 127 finished with value: 0.1127787741474999 and parameters: {'model_name': 'IterativeImputer', 'estimator': 'RFR', 'initial_strategy': 'mean', 'n_nearest_features': 10, 'imputation_order': 'ascending'}. Best is trial 102 with value: 0.11185536721853677.
running
[I 2024-11-17 03:46:56,302] Trial 143 finished with value: 0.18820585621855673 and parameters: {'model_name': 'SimpleImputer', 'strategy': 'most_frequent'}. Best is trial 102 with value: 0.11185536721853677.
running
[I 2024-11-17 03:48:46,109] Trial 128 finished with value: 0.11274378369401858 and parameters: {'model_name': 'IterativeImputer', 'estimator': 'RFR', 'initial_strategy': 'mean', 'n_nearest_features': 10, 'imputation_order': 'ascending'}. Best is trial 102 with value: 0.11185536721853677.
running
[I 2024-11-17 03:49:58,602] Trial 129 finished with value: 0.11307805638698162 and parameters: {'model_name': 'IterativeImputer', 'estimator': 'RFR', 'initial_strategy': 'mean', 'n_nearest_features': 10, 'imputation_order': 'ascending'}. Best is trial 102 with value: 0.11185536721853677.
running
[I 2024-11-17 03:57:57,099] Trial 140 finished with value: 0.12995719304882986 and parameters: {'model_name': 'IterativeImputer', 'estimator': 'RFR', 'initial_strategy': 'mean', 'n_nearest_features': 2, 'imputation_order': 'random'}. Best is trial 102 with value: 0.11185536721853677.
running
[I 2024-11-17 04:02:49,606] Trial 136 finished with value: 0.11349639483797605 and parameters: {'model_name': 'IterativeImputer', 'estimator': 'RFR', 'initial_strategy': 'mean', 'n_nearest_features': 10, 'imputation_order': 'ascending'}. Best is trial 102 with value: 0.11185536721853677.
running
[I 2024-11-17 04:03:56,187] Trial 137 finished with value: 0.1141000478809892 and parameters: {'model_name': 'IterativeImputer', 'estimator': 'RFR', 'initial_strategy': 'mean', 'n_nearest_features': 10, 'imputation_order': 'ascending'}. Best is trial 102 with value: 0.11185536721853677.
running
[I 2024-11-17 04:07:04,228] Trial 138 finished with value: 0.11317523079862327 and parameters: {'model_name': 'IterativeImputer', 'estimator': 'RFR', 'initial_strategy': 'mean', 'n_nearest_features': 10, 'imputation_order': 'ascending'}. Best is trial 102 with value: 0.11185536721853677.
running
[I 2024-11-17 04:07:37,047] Trial 139 finished with value: 0.11288607876491545 and parameters: {'model_name': 'IterativeImputer', 'estimator': 'RFR', 'initial_strategy': 'mean', 'n_nearest_features': 9, 'imputation_order': 'ascending'}. Best is trial 102 with value: 0.11185536721853677.
running
[I 2024-11-17 04:12:04,618] Trial 141 finished with value: 0.11352934803692105 and parameters: {'model_name': 'IterativeImputer', 'estimator': 'RFR', 'initial_strategy': 'mean', 'n_nearest_features': 9, 'imputation_order': 'random'}. Best is trial 102 with value: 0.11185536721853677.
running
[I 2024-11-17 04:12:07,911] Trial 152 finished with value: 0.12020398932281655 and parameters: {'model_name': 'KNNImputer', 'n_neighbors': 224, 'weights': 'uniform'}. Best is trial 102 with value: 0.11185536721853677.
running
[I 2024-11-17 04:16:46,187] Trial 144 finished with value: 0.11333749246093514 and parameters: {'model_name': 'IterativeImputer', 'estimator': 'RFR', 'initial_strategy': 'mean', 'n_nearest_features': 11, 'imputation_order': 'random'}. Best is trial 102 with value: 0.11185536721853677.
running
[I 2024-11-17 04:17:08,106] Trial 142 finished with value: 0.11283260322295208 and parameters: {'model_name': 'IterativeImputer', 'estimator': 'RFR', 'initial_strategy': 'mean', 'n_nearest_features': 11, 'imputation_order': 'roman'}. Best is trial 102 with value: 0.11185536721853677.
running
[I 2024-11-17 04:19:15,928] Trial 145 finished with value: 0.11376304790495215 and parameters: {'model_name': 'IterativeImputer', 'estimator': 'RFR', 'initial_strategy': 'mean', 'n_nearest_features': 11, 'imputation_order': 'roman'}. Best is trial 102 with value: 0.11185536721853677.
running
[I 2024-11-17 04:20:06,400] Trial 146 finished with value: 0.11323298795285366 and parameters: {'model_name': 'IterativeImputer', 'estimator': 'RFR', 'initial_strategy': 'mean', 'n_nearest_features': 11, 'imputation_order': 'random'}. Best is trial 102 with value: 0.11185536721853677.
running
[I 2024-11-17 04:27:51,123] Trial 147 finished with value: 0.11372212675936111 and parameters: {'model_name': 'IterativeImputer', 'estimator': 'RFR', 'initial_strategy': 'mean', 'n_nearest_features': 11, 'imputation_order': 'roman'}. Best is trial 102 with value: 0.11185536721853677.
running
[I 2024-11-17 04:32:54,558] Trial 148 finished with value: 0.11288266912315521 and parameters: {'model_name': 'IterativeImputer', 'estimator': 'RFR', 'initial_strategy': 'mean', 'n_nearest_features': 11, 'imputation_order': 'ascending'}. Best is trial 102 with value: 0.11185536721853677.
running
[I 2024-11-17 04:34:30,994] Trial 149 finished with value: 0.11368268302432889 and parameters: {'model_name': 'IterativeImputer', 'estimator': 'RFR', 'initial_strategy': 'mean', 'n_nearest_features': 11, 'imputation_order': 'roman'}. Best is trial 102 with value: 0.11185536721853677.
running
[I 2024-11-17 04:37:05,763] Trial 150 finished with value: 0.11318554922992892 and parameters: {'model_name': 'IterativeImputer', 'estimator': 'RFR', 'initial_strategy': 'mean', 'n_nearest_features': 11, 'imputation_order': 'roman'}. Best is trial 102 with value: 0.11185536721853677.
running
[I 2024-11-17 04:38:03,581] Trial 151 finished with value: 0.11310788438958704 and parameters: {'model_name': 'IterativeImputer', 'estimator': 'RFR', 'initial_strategy': 'mean', 'n_nearest_features': 11, 'imputation_order': 'roman'}. Best is trial 102 with value: 0.11185536721853677.
running
[I 2024-11-17 04:42:29,091] Trial 153 finished with value: 0.11391486948729265 and parameters: {'model_name': 'IterativeImputer', 'estimator': 'RFR', 'initial_strategy': 'mean', 'n_nearest_features': 11, 'imputation_order': 'roman'}. Best is trial 102 with value: 0.11185536721853677.
running
[I 2024-11-17 04:46:25,243] Trial 154 finished with value: 0.11371115627377693 and parameters: {'model_name': 'IterativeImputer', 'estimator': 'RFR', 'initial_strategy': 'mean', 'n_nearest_features': 11, 'imputation_order': 'roman'}. Best is trial 102 with value: 0.11185536721853677.
running
[I 2024-11-17 04:46:35,824] Trial 155 finished with value: 0.11246942992002058 and parameters: {'model_name': 'IterativeImputer', 'estimator': 'RFR', 'initial_strategy': 'constant', 'n_nearest_features': 9, 'imputation_order': 'ascending'}. Best is trial 102 with value: 0.11185536721853677.
running
[I 2024-11-17 04:48:13,969] Trial 156 finished with value: 0.11254278650491698 and parameters: {'model_name': 'IterativeImputer', 'estimator': 'RFR', 'initial_strategy': 'mean', 'n_nearest_features': 9, 'imputation_order': 'ascending'}. Best is trial 102 with value: 0.11185536721853677.
running
[I 2024-11-17 04:49:06,269] Trial 157 finished with value: 0.11278368986470125 and parameters: {'model_name': 'IterativeImputer', 'estimator': 'RFR', 'initial_strategy': 'mean', 'n_nearest_features': 9, 'imputation_order': 'ascending'}. Best is trial 102 with value: 0.11185536721853677.
running
[I 2024-11-17 04:56:52,021] Trial 158 finished with value: 0.11291718916587515 and parameters: {'model_name': 'IterativeImputer', 'estimator': 'RFR', 'initial_strategy': 'constant', 'n_nearest_features': 9, 'imputation_order': 'ascending'}. Best is trial 102 with value: 0.11185536721853677.
running
[I 2024-11-17 05:01:09,581] Trial 39 finished with value: 0.13216988869792562 and parameters: {'model_name': 'VAE', 'batch_size': 673, 'iterations': 9080, 'learning_rate': 0.0001302922381226499, 'p_miss': 0.27936213671529986}. Best is trial 102 with value: 0.11185536721853677.
running
[I 2024-11-17 05:01:52,304] Trial 159 finished with value: 0.1127006936471147 and parameters: {'model_name': 'IterativeImputer', 'estimator': 'RFR', 'initial_strategy': 'constant', 'n_nearest_features': 9, 'imputation_order': 'ascending'}. Best is trial 102 with value: 0.11185536721853677.
running
[I 2024-11-17 05:02:13,251] Trial 170 finished with value: 0.12200016220698591 and parameters: {'model_name': 'IterativeImputer', 'estimator': 'KNN', 'initial_strategy': 'constant', 'n_nearest_features': 9, 'imputation_order': 'ascending'}. Best is trial 102 with value: 0.11185536721853677.
running
[I 2024-11-17 05:03:53,451] Trial 160 finished with value: 0.11293160391977486 and parameters: {'model_name': 'IterativeImputer', 'estimator': 'RFR', 'initial_strategy': 'constant', 'n_nearest_features': 9, 'imputation_order': 'ascending'}. Best is trial 102 with value: 0.11185536721853677.
running
[I 2024-11-17 05:05:58,745] Trial 161 finished with value: 0.11347009344053956 and parameters: {'model_name': 'IterativeImputer', 'estimator': 'RFR', 'initial_strategy': 'constant', 'n_nearest_features': 9, 'imputation_order': 'ascending'}. Best is trial 102 with value: 0.11185536721853677.
running
[I 2024-11-17 05:05:59,326] Trial 173 finished with value: 0.15244708709957525 and parameters: {'model_name': 'SimpleImputer', 'strategy': 'median'}. Best is trial 102 with value: 0.11185536721853677.
running
[I 2024-11-17 05:07:23,131] Trial 162 finished with value: 0.11214220258660239 and parameters: {'model_name': 'IterativeImputer', 'estimator': 'RFR', 'initial_strategy': 'constant', 'n_nearest_features': 9, 'imputation_order': 'ascending'}. Best is trial 102 with value: 0.11185536721853677.
running
[I 2024-11-17 05:11:22,128] Trial 163 finished with value: 0.11202698482579243 and parameters: {'model_name': 'IterativeImputer', 'estimator': 'RFR', 'initial_strategy': 'constant', 'n_nearest_features': 9, 'imputation_order': 'ascending'}. Best is trial 102 with value: 0.11185536721853677.
running
[I 2024-11-17 05:14:41,775] Trial 164 finished with value: 0.11216127007340745 and parameters: {'model_name': 'IterativeImputer', 'estimator': 'RFR', 'initial_strategy': 'constant', 'n_nearest_features': 9, 'imputation_order': 'ascending'}. Best is trial 102 with value: 0.11185536721853677.
running
[I 2024-11-17 05:15:46,000] Trial 165 finished with value: 0.11243666426899768 and parameters: {'model_name': 'IterativeImputer', 'estimator': 'RFR', 'initial_strategy': 'constant', 'n_nearest_features': 9, 'imputation_order': 'ascending'}. Best is trial 102 with value: 0.11185536721853677.
running
[I 2024-11-17 05:16:43,508] Trial 166 finished with value: 0.11289610594602432 and parameters: {'model_name': 'IterativeImputer', 'estimator': 'RFR', 'initial_strategy': 'constant', 'n_nearest_features': 9, 'imputation_order': 'ascending'}. Best is trial 102 with value: 0.11185536721853677.
running
[I 2024-11-17 05:17:28,250] Trial 167 finished with value: 0.11176928702127102 and parameters: {'model_name': 'IterativeImputer', 'estimator': 'RFR', 'initial_strategy': 'constant', 'n_nearest_features': 9, 'imputation_order': 'ascending'}. Best is trial 167 with value: 0.11176928702127102.
running
[I 2024-11-17 05:24:35,539] Trial 168 finished with value: 0.11261578182339757 and parameters: {'model_name': 'IterativeImputer', 'estimator': 'RFR', 'initial_strategy': 'constant', 'n_nearest_features': 9, 'imputation_order': 'ascending'}. Best is trial 167 with value: 0.11176928702127102.
running
[I 2024-11-17 05:29:10,028] Trial 38 finished with value: 0.13238354936171343 and parameters: {'model_name': 'VAE', 'batch_size': 974, 'iterations': 8203, 'learning_rate': 0.00012677520297252773, 'p_miss': 0.29952197971927585}. Best is trial 167 with value: 0.11176928702127102.
running
[I 2024-11-17 05:29:20,024] Trial 169 finished with value: 0.11172108081347405 and parameters: {'model_name': 'IterativeImputer', 'estimator': 'RFR', 'initial_strategy': 'constant', 'n_nearest_features': 9, 'imputation_order': 'ascending'}. Best is trial 169 with value: 0.11172108081347405.
running
[I 2024-11-17 05:29:44,101] Trial 171 finished with value: 0.11272161276009676 and parameters: {'model_name': 'IterativeImputer', 'estimator': 'RFR', 'initial_strategy': 'constant', 'n_nearest_features': 9, 'imputation_order': 'ascending'}. Best is trial 169 with value: 0.11172108081347405.
running
[I 2024-11-17 05:31:46,914] Trial 172 finished with value: 0.11286009311452072 and parameters: {'model_name': 'IterativeImputer', 'estimator': 'RFR', 'initial_strategy': 'constant', 'n_nearest_features': 9, 'imputation_order': 'ascending'}. Best is trial 169 with value: 0.11172108081347405.
running
[I 2024-11-17 05:32:20,560] Trial 185 finished with value: 0.11876250476642167 and parameters: {'model_name': 'IterativeImputer', 'estimator': 'Ridge', 'initial_strategy': 'constant', 'n_nearest_features': 9, 'imputation_order': 'ascending'}. Best is trial 169 with value: 0.11172108081347405.
running
[I 2024-11-17 05:33:43,480] Trial 174 finished with value: 0.11296400812749052 and parameters: {'model_name': 'IterativeImputer', 'estimator': 'RFR', 'initial_strategy': 'constant', 'n_nearest_features': 9, 'imputation_order': 'descending'}. Best is trial 169 with value: 0.11172108081347405.
running
[I 2024-11-17 05:35:30,035] Trial 175 finished with value: 0.11314057062203467 and parameters: {'model_name': 'IterativeImputer', 'estimator': 'RFR', 'initial_strategy': 'constant', 'n_nearest_features': 9, 'imputation_order': 'descending'}. Best is trial 169 with value: 0.11172108081347405.
running
[I 2024-11-17 05:39:34,296] Trial 176 finished with value: 0.11280576759067076 and parameters: {'model_name': 'IterativeImputer', 'estimator': 'RFR', 'initial_strategy': 'constant', 'n_nearest_features': 9, 'imputation_order': 'ascending'}. Best is trial 169 with value: 0.11172108081347405.
running
[I 2024-11-17 05:42:28,278] Trial 177 finished with value: 0.11355091143639647 and parameters: {'model_name': 'IterativeImputer', 'estimator': 'RFR', 'initial_strategy': 'constant', 'n_nearest_features': 9, 'imputation_order': 'ascending'}. Best is trial 169 with value: 0.11172108081347405.
running
[I 2024-11-17 05:42:31,666] Trial 190 finished with value: 0.12419076919383545 and parameters: {'model_name': 'KNNImputer', 'n_neighbors': 1361, 'weights': 'uniform'}. Best is trial 169 with value: 0.11172108081347405.
running
[I 2024-11-17 05:43:59,312] Trial 178 finished with value: 0.11260967897241599 and parameters: {'model_name': 'IterativeImputer', 'estimator': 'RFR', 'initial_strategy': 'constant', 'n_nearest_features': 9, 'imputation_order': 'ascending'}. Best is trial 169 with value: 0.11172108081347405.
running
[I 2024-11-17 05:44:51,405] Trial 179 finished with value: 0.11291079518267559 and parameters: {'model_name': 'IterativeImputer', 'estimator': 'RFR', 'initial_strategy': 'constant', 'n_nearest_features': 9, 'imputation_order': 'ascending'}. Best is trial 169 with value: 0.11172108081347405.
running
[I 2024-11-17 05:45:16,344] Trial 180 finished with value: 0.11287856473606825 and parameters: {'model_name': 'IterativeImputer', 'estimator': 'RFR', 'initial_strategy': 'constant', 'n_nearest_features': 9, 'imputation_order': 'ascending'}. Best is trial 169 with value: 0.11172108081347405.
running
[I 2024-11-17 05:45:21,974] Trial 194 finished with value: inf and parameters: {'model_name': 'GAIN', 'batch_size': 2, 'hint_rate': 0.7109393902283198, 'alpha': 71, 'iterations': 11, 'learning_rate': 0.03228214583050741, 'p_miss': 0.16276061488619412}. Best is trial 169 with value: 0.11172108081347405.
running
[I 2024-11-17 05:52:30,040] Trial 181 finished with value: 0.1129061285320349 and parameters: {'model_name': 'IterativeImputer', 'estimator': 'RFR', 'initial_strategy': 'constant', 'n_nearest_features': 9, 'imputation_order': 'ascending'}. Best is trial 169 with value: 0.11172108081347405.
running
[I 2024-11-17 05:57:21,583] Trial 182 finished with value: 0.11283115912128538 and parameters: {'model_name': 'IterativeImputer', 'estimator': 'RFR', 'initial_strategy': 'constant', 'n_nearest_features': 9, 'imputation_order': 'ascending'}. Best is trial 169 with value: 0.11172108081347405.
running
[I 2024-11-17 05:57:47,871] Trial 184 finished with value: 0.1135823047876118 and parameters: {'model_name': 'IterativeImputer', 'estimator': 'RFR', 'initial_strategy': 'constant', 'n_nearest_features': 9, 'imputation_order': 'ascending'}. Best is trial 169 with value: 0.11172108081347405.
running
[I 2024-11-17 05:57:57,214] Trial 183 finished with value: 0.11209884053307365 and parameters: {'model_name': 'IterativeImputer', 'estimator': 'RFR', 'initial_strategy': 'constant', 'n_nearest_features': 9, 'imputation_order': 'ascending'}. Best is trial 169 with value: 0.11172108081347405.
running
[I 2024-11-17 06:00:25,903] Trial 186 finished with value: 0.11241495748913288 and parameters: {'model_name': 'IterativeImputer', 'estimator': 'RFR', 'initial_strategy': 'constant', 'n_nearest_features': 9, 'imputation_order': 'ascending'}. Best is trial 169 with value: 0.11172108081347405.
[I 2024-11-17 06:01:14,761] Trial 187 finished with value: 0.11137343734464447 and parameters: {'model_name': 'IterativeImputer', 'estimator': 'RFR', 'initial_strategy': 'constant', 'n_nearest_features': 9, 'imputation_order': 'ascending'}. Best is trial 187 with value: 0.11137343734464447.
[I 2024-11-17 06:03:10,113] Trial 188 finished with value: 0.11256949427029946 and parameters: {'model_name': 'IterativeImputer', 'estimator': 'RFR', 'initial_strategy': 'constant', 'n_nearest_features': 9, 'imputation_order': 'ascending'}. Best is trial 187 with value: 0.11137343734464447.
[I 2024-11-17 06:06:30,717] Trial 189 finished with value: 0.11217160170774806 and parameters: {'model_name': 'IterativeImputer', 'estimator': 'RFR', 'initial_strategy': 'constant', 'n_nearest_features': 9, 'imputation_order': 'ascending'}. Best is trial 187 with value: 0.11137343734464447.
[I 2024-11-17 06:08:32,105] Trial 191 finished with value: 0.11267988132227753 and parameters: {'model_name': 'IterativeImputer', 'estimator': 'RFR', 'initial_strategy': 'constant', 'n_nearest_features': 9, 'imputation_order': 'ascending'}. Best is trial 187 with value: 0.11137343734464447.
[I 2024-11-17 06:10:01,824] Trial 192 finished with value: 0.11233901315501327 and parameters: {'model_name': 'IterativeImputer', 'estimator': 'RFR', 'initial_strategy': 'constant', 'n_nearest_features': 9, 'imputation_order': 'ascending'}. Best is trial 187 with value: 0.11137343734464447.
[I 2024-11-17 06:10:20,590] Trial 193 finished with value: 0.11191462369526621 and parameters: {'model_name': 'IterativeImputer', 'estimator': 'RFR', 'initial_strategy': 'constant', 'n_nearest_features': 9, 'imputation_order': 'ascending'}. Best is trial 187 with value: 0.11137343734464447.
[I 2024-11-17 06:11:16,283] Trial 57 finished with value: 0.13225688282707862 and parameters: {'model_name': 'VAE', 'batch_size': 791, 'iterations': 9145, 'learning_rate': 0.06550895049325588, 'p_miss': 0.28866082857578856}. Best is trial 187 with value: 0.11137343734464447.
[I 2024-11-17 06:11:19,672] Trial 195 finished with value: 0.11249186958628736 and parameters: {'model_name': 'IterativeImputer', 'estimator': 'RFR', 'initial_strategy': 'constant', 'n_nearest_features': 10, 'imputation_order': 'ascending'}. Best is trial 187 with value: 0.11137343734464447.
[I 2024-11-17 06:15:57,124] Trial 72 finished with value: 0.1306273822011137 and parameters: {'model_name': 'VAE', 'batch_size': 39, 'iterations': 8386, 'learning_rate': 0.0013760358271811433, 'p_miss': 0.23009012719236935}. Best is trial 187 with value: 0.11137343734464447.
[I 2024-11-17 06:15:57,588] Trial 196 finished with value: 0.1125036599023399 and parameters: {'model_name': 'IterativeImputer', 'estimator': 'RFR', 'initial_strategy': 'constant', 'n_nearest_features': 10, 'imputation_order': 'ascending'}. Best is trial 187 with value: 0.11137343734464447.
[I 2024-11-17 06:17:16,633] Trial 56 finished with value: 0.13192080211523832 and parameters: {'model_name': 'VAE', 'batch_size': 810, 'iterations': 9830, 'learning_rate': 0.05597830056114624, 'p_miss': 0.2959753155982069}. Best is trial 187 with value: 0.11137343734464447.
[I 2024-11-17 06:19:10,429] Trial 36 finished with value: 0.1324074226723132 and parameters: {'model_name': 'VAE', 'batch_size': 998, 'iterations': 9250, 'learning_rate': 0.00010016132912847895, 'p_miss': 0.27581015906098594}. Best is trial 187 with value: 0.11137343734464447.
[I 2024-11-17 06:19:12,634] Trial 197 finished with value: 0.11365820659310248 and parameters: {'model_name': 'IterativeImputer', 'estimator': 'RFR', 'initial_strategy': 'most_frequent', 'n_nearest_features': 10, 'imputation_order': 'ascending'}. Best is trial 187 with value: 0.11137343734464447.
[I 2024-11-17 06:19:19,020] Trial 198 finished with value: 0.11289513765174264 and parameters: {'model_name': 'IterativeImputer', 'estimator': 'RFR', 'initial_strategy': 'most_frequent', 'n_nearest_features': 10, 'imputation_order': 'ascending'}. Best is trial 187 with value: 0.11137343734464447.
[I 2024-11-17 06:19:30,655] Trial 199 finished with value: 0.11281542745618914 and parameters: {'model_name': 'IterativeImputer', 'estimator': 'RFR', 'initial_strategy': 'constant', 'n_nearest_features': 10, 'imputation_order': 'ascending'}. Best is trial 187 with value: 0.11137343734464447.
fit
auto fit
auto transform
0     0
1     0
2     0
3     0
4     0
5     0
6     0
7     0
8     0
9     0
10    0
dtype: int64
0     0
1     0
2     0
3     0
4     0
5     0
6     0
7     0
8     0
9     0
10    0
dtype: int64
0.11137343734464447
{'model_name': 'IterativeImputer', 'estimator': 'RFR', 'initial_strategy': 'constant', 'n_nearest_features': 9, 'imputation_order': 'ascending'}
running experiment 2/3 - Does reconstruction give good automl predictions
Start est fit
Version 0.1.7a0 of tpot2 is outdated. Version 0.1.8a0 was released Tuesday September 17, 2024.
Version 0.1.7a0 of tpot2 is outdated. Version 0.1.8a0 was released Tuesday September 17, 2024.
Version 0.1.7a0 of tpot2 is outdated. Version 0.1.8a0 was released Tuesday September 17, 2024.
Version 0.1.7a0 of tpot2 is outdated. Version 0.1.8a0 was released Tuesday September 17, 2024.
Version 0.1.7a0 of tpot2 is outdated. Version 0.1.8a0 was released Tuesday September 17, 2024.
Version 0.1.7a0 of tpot2 is outdated. Version 0.1.8a0 was released Tuesday September 17, 2024.
Version 0.1.7a0 of tpot2 is outdated. Version 0.1.8a0 was released Tuesday September 17, 2024.
Version 0.1.7a0 of tpot2 is outdated. Version 0.1.8a0 was released Tuesday September 17, 2024.
Version 0.1.7a0 of tpot2 is outdated. Version 0.1.8a0 was released Tuesday September 17, 2024.
Version 0.1.7a0 of tpot2 is outdated. Version 0.1.8a0 was released Tuesday September 17, 2024.
Version 0.1.7a0 of tpot2 is outdated. Version 0.1.8a0 was released Tuesday September 17, 2024.
Version 0.1.7a0 of tpot2 is outdated. Version 0.1.8a0 was released Tuesday September 17, 2024.
Version 0.1.7a0 of tpot2 is outdated. Version 0.1.8a0 was released Tuesday September 17, 2024.
Version 0.1.7a0 of tpot2 is outdated. Version 0.1.8a0 was released Tuesday September 17, 2024.
Version 0.1.7a0 of tpot2 is outdated. Version 0.1.8a0 was released Tuesday September 17, 2024.
Version 0.1.7a0 of tpot2 is outdated. Version 0.1.8a0 was released Tuesday September 17, 2024.
  0%|          | 0/25 [00:00<?, ?it/s]Generation:   0%|          | 0/25 [00:00<?, ?it/s]Generation:  1
Best f1_score score: 0.38918565709920727
Generation:   4%|         | 1/25 [00:09<03:46,  9.44s/it]Generation:  2
Best f1_score score: 0.38918565709920727
Generation:   8%|         | 2/25 [01:04<13:55, 36.31s/it]Generation:  3
Best f1_score score: 0.4353633109229193
Generation:  12%|        | 3/25 [01:15<09:02, 24.64s/it]Generation:  4
Best f1_score score: 0.4353633109229193
Generation:  16%|        | 4/25 [01:28<07:05, 20.27s/it]Generation:  5
Best f1_score score: 0.4353633109229193
Generation:  20%|        | 5/25 [01:42<06:00, 18.03s/it]Generation:  6
Best f1_score score: 0.4353633109229193
Generation:  24%|       | 6/25 [01:59<05:30, 17.42s/it]Generation:  7
Best f1_score score: 0.4353633109229193
Generation:  28%|       | 7/25 [02:19<05:27, 18.21s/it]Generation:  8
Best f1_score score: 0.4353633109229193
Generation:  32%|      | 8/25 [02:43<05:43, 20.23s/it]Generation:  9
Best f1_score score: 0.4353633109229193
Generation:  36%|      | 9/25 [02:57<04:51, 18.22s/it]Generation:  10
Best f1_score score: 0.4353633109229193
Generation:  40%|      | 10/25 [03:36<06:12, 24.81s/it]Generation:  11
Best f1_score score: 0.44717872384006707
Generation:  44%|     | 11/25 [04:09<06:19, 27.09s/it]Generation:  12
Best f1_score score: 0.44717872384006707
Generation:  48%|     | 12/25 [04:29<05:26, 25.13s/it]Generation:  13
Best f1_score score: 0.44717872384006707
Generation:  52%|    | 13/25 [10:22<24:51, 124.32s/it]Generation:  14
Best f1_score score: 0.44717872384006707
Generation:  56%|    | 14/25 [10:45<17:10, 93.72s/it] Generation:  15
Best f1_score score: 0.44717872384006707
Generation:  60%|    | 15/25 [11:09<12:08, 72.85s/it]Generation:  16
Best f1_score score: 0.4507564739254498
Generation:  64%|   | 16/25 [11:32<08:38, 57.66s/it]Generation:  17
Best f1_score score: 0.4507564739254498
Generation:  68%|   | 17/25 [12:14<07:05, 53.13s/it]Generation:  18
Best f1_score score: 0.4507564739254498
Generation:  72%|  | 18/25 [13:10<06:17, 53.86s/it]Generation:  19
Best f1_score score: 0.4507564739254498
Generation:  76%|  | 19/25 [13:30<04:22, 43.75s/it]Generation:  20
Best f1_score score: 0.4507564739254498
Generation:  80%|  | 20/25 [13:54<03:08, 37.79s/it]Generation:  21
Best f1_score score: 0.4507564739254498
Generation:  84%| | 21/25 [14:31<02:30, 37.58s/it]Generation:  22
Best f1_score score: 0.4541932954005822
Generation:  88%| | 22/25 [14:51<01:37, 32.38s/it]Generation:  23
Best f1_score score: 0.4541932954005822
Generation:  92%|| 23/25 [15:21<01:03, 31.59s/it]Generation:  24
Best f1_score score: 0.4541932954005822
Generation:  96%|| 24/25 [15:55<00:32, 32.38s/it]Generation:  25
Best f1_score score: 0.4541932954005822
Generation: 100%|| 25/25 [16:28<00:00, 32.31s/it]Generation: 100%|| 25/25 [16:32<00:00, 39.68s/it]
2024-11-17 06:38:58,136 - distributed.scheduler - ERROR - Removing worker 'tcp://127.0.0.1:47041' caused the cluster to lose scattered data, which can't be recovered: {'ndarray-6d0f0f722205000c281b8d122a22fb69', 'ndarray-453a6c1882b0f66cb296036f202f3e20'} (stimulus_id='handle-worker-cleanup-1731854338.1360755')
Fitted
Pipeline(steps=[('randomforestclassifier',
                 RandomForestClassifier(bootstrap=False,
                                        class_weight='balanced',
                                        max_features=0.3118769398214,
                                        min_samples_leaf=2, min_samples_split=8,
                                        n_estimators=128))])
score start
train score: {'auroc': 0.9998900383192713, 'accuracy': 0.9913221031138336, 'balanced_accuracy': 0.995967910577903, 'logloss': 0.3082273841588621, 'f1': 0.9446627883656478}
original test score: {'auroc': 0.7660909582008797, 'accuracy': 0.6377551020408163, 'balanced_accuracy': 0.39845424580328853, 'logloss': 1.0403797381498128, 'f1': 0.44202502871971133}
imputed test score: {'auroc': 0.7392296728175108, 'accuracy': 0.6142857142857143, 'balanced_accuracy': 0.34470095442113113, 'logloss': 1.0603936589725116, 'f1': 0.3627985567237184}
score end
check intended
EXP2 Finished
running experiment 3/3 - What is the best automl settings?
<tpot2.search_spaces.pipelines.sequential.SequentialPipeline object at 0x1554350145e0>
Start tpot fit
Version 0.1.7a0 of tpot2 is outdated. Version 0.1.8a0 was released Tuesday September 17, 2024.
Version 0.1.7a0 of tpot2 is outdated. Version 0.1.8a0 was released Tuesday September 17, 2024.
Version 0.1.7a0 of tpot2 is outdated. Version 0.1.8a0 was released Tuesday September 17, 2024.
Version 0.1.7a0 of tpot2 is outdated. Version 0.1.8a0 was released Tuesday September 17, 2024.
Version 0.1.7a0 of tpot2 is outdated. Version 0.1.8a0 was released Tuesday September 17, 2024.
Version 0.1.7a0 of tpot2 is outdated. Version 0.1.8a0 was released Tuesday September 17, 2024.
Version 0.1.7a0 of tpot2 is outdated. Version 0.1.8a0 was released Tuesday September 17, 2024.
Version 0.1.7a0 of tpot2 is outdated. Version 0.1.8a0 was released Tuesday September 17, 2024.
Version 0.1.7a0 of tpot2 is outdated. Version 0.1.8a0 was released Tuesday September 17, 2024.
Version 0.1.7a0 of tpot2 is outdated. Version 0.1.8a0 was released Tuesday September 17, 2024.
Version 0.1.7a0 of tpot2 is outdated. Version 0.1.8a0 was released Tuesday September 17, 2024.
Version 0.1.7a0 of tpot2 is outdated. Version 0.1.8a0 was released Tuesday September 17, 2024.
Version 0.1.7a0 of tpot2 is outdated. Version 0.1.8a0 was released Tuesday September 17, 2024.
Version 0.1.7a0 of tpot2 is outdated. Version 0.1.8a0 was released Tuesday September 17, 2024.
Version 0.1.7a0 of tpot2 is outdated. Version 0.1.8a0 was released Tuesday September 17, 2024.
Version 0.1.7a0 of tpot2 is outdated. Version 0.1.8a0 was released Tuesday September 17, 2024.
  0%|          | 0/25 [00:00<?, ?it/s]Generation:   0%|          | 0/25 [00:00<?, ?it/s]WARNING THIS INDIVIDUAL CAUSED AND EXCEPTION 
 <tpot2.search_spaces.pipelines.sequential.SequentialPipelineIndividual object at 0x155474cd4b20> 
 Input X contains NaN.
SVC does not accept missing values encoded as NaN natively. For supervised learning, you might want to consider sklearn.ensemble.HistGradientBoostingClassifier and Regressor which accept missing values encoded as NaNs natively. Alternatively, it is possible to preprocess the data, for instance by using an imputer transformer in a pipeline or drop samples with missing values. See https://scikit-learn.org/stable/modules/impute.html You can find a list of all estimators that handle NaN values at the following page: https://scikit-learn.org/stable/modules/impute.html#estimators-that-handle-nan-values 
 Traceback (most recent call last):
  File "/common/ketrong/tpotexp/tpot2/tpot2/utils/eval_utils.py", line 53, in objective_nan_wrapper
    value = func_timeout.func_timeout(timeout, objective_function, args=[individual], kwargs=objective_kwargs)
  File "/common/ketrong/tpotexp/env/lib/python3.10/site-packages/func_timeout/dafunc.py", line 108, in func_timeout
    raise_exception(exception)
  File "/common/ketrong/tpotexp/env/lib/python3.10/site-packages/func_timeout/py3_raise.py", line 7, in raise_exception
    raise exception[0] from None
  File "/common/ketrong/tpotexp/tpot2/tpot2/tpot_estimator/estimator.py", line 623, in objective_function
    return objective_function_generator(
  File "/common/ketrong/tpotexp/tpot2/tpot2/tpot_estimator/estimator_utils.py", line 55, in objective_function_generator
    cv_obj_scores = cross_val_score_objective(sklearn.base.clone(pipeline),x,y,scorers=scorers, cv=cv , fold=step)
  File "/common/ketrong/tpotexp/tpot2/tpot2/tpot_estimator/cross_val_utils.py", line 28, in cross_val_score_objective
    this_fold_pipeline.fit(X_train,y_train)
  File "/common/ketrong/tpotexp/env/lib/python3.10/site-packages/sklearn/base.py", line 1473, in wrapper
    return fit_method(estimator, *args, **kwargs)
  File "/common/ketrong/tpotexp/env/lib/python3.10/site-packages/sklearn/pipeline.py", line 473, in fit
    self._final_estimator.fit(Xt, y, **last_step_params["fit"])
  File "/common/ketrong/tpotexp/env/lib/python3.10/site-packages/sklearn/base.py", line 1473, in wrapper
    return fit_method(estimator, *args, **kwargs)
  File "/common/ketrong/tpotexp/env/lib/python3.10/site-packages/sklearn/svm/_base.py", line 190, in fit
    X, y = self._validate_data(
  File "/common/ketrong/tpotexp/env/lib/python3.10/site-packages/sklearn/base.py", line 650, in _validate_data
    X, y = check_X_y(X, y, **check_params)
  File "/common/ketrong/tpotexp/env/lib/python3.10/site-packages/sklearn/utils/validation.py", line 1301, in check_X_y
    X = check_array(
  File "/common/ketrong/tpotexp/env/lib/python3.10/site-packages/sklearn/utils/validation.py", line 1064, in check_array
    _assert_all_finite(
  File "/common/ketrong/tpotexp/env/lib/python3.10/site-packages/sklearn/utils/validation.py", line 123, in _assert_all_finite
    _assert_all_finite_element_wise(
  File "/common/ketrong/tpotexp/env/lib/python3.10/site-packages/sklearn/utils/validation.py", line 172, in _assert_all_finite_element_wise
    raise ValueError(msg_err)
ValueError: Input X contains NaN.
SVC does not accept missing values encoded as NaN natively. For supervised learning, you might want to consider sklearn.ensemble.HistGradientBoostingClassifier and Regressor which accept missing values encoded as NaNs natively. Alternatively, it is possible to preprocess the data, for instance by using an imputer transformer in a pipeline or drop samples with missing values. See https://scikit-learn.org/stable/modules/impute.html You can find a list of all estimators that handle NaN values at the following page: https://scikit-learn.org/stable/modules/impute.html#estimators-that-handle-nan-values

WARNING AN INDIVIDUAL TIMED OUT: 
 <tpot2.search_spaces.pipelines.sequential.SequentialPipelineIndividual object at 0x155474cd5420> 

Generation:  1
Best f1_score score: 0.3318580745577601
Generation:   4%|         | 1/25 [10:01<4:00:44, 601.87s/it]WARNING THIS INDIVIDUAL CAUSED AND EXCEPTION 
 <tpot2.search_spaces.pipelines.sequential.SequentialPipelineIndividual object at 0x155474d39750> 
 Negative values in data passed to MultinomialNB (input X) 
 Traceback (most recent call last):
  File "/common/ketrong/tpotexp/tpot2/tpot2/utils/eval_utils.py", line 53, in objective_nan_wrapper
    value = func_timeout.func_timeout(timeout, objective_function, args=[individual], kwargs=objective_kwargs)
  File "/common/ketrong/tpotexp/env/lib/python3.10/site-packages/func_timeout/dafunc.py", line 108, in func_timeout
    raise_exception(exception)
  File "/common/ketrong/tpotexp/env/lib/python3.10/site-packages/func_timeout/py3_raise.py", line 7, in raise_exception
    raise exception[0] from None
  File "/common/ketrong/tpotexp/tpot2/tpot2/tpot_estimator/estimator.py", line 623, in objective_function
    return objective_function_generator(
  File "/common/ketrong/tpotexp/tpot2/tpot2/tpot_estimator/estimator_utils.py", line 55, in objective_function_generator
    cv_obj_scores = cross_val_score_objective(sklearn.base.clone(pipeline),x,y,scorers=scorers, cv=cv , fold=step)
  File "/common/ketrong/tpotexp/tpot2/tpot2/tpot_estimator/cross_val_utils.py", line 28, in cross_val_score_objective
    this_fold_pipeline.fit(X_train,y_train)
  File "/common/ketrong/tpotexp/env/lib/python3.10/site-packages/sklearn/base.py", line 1473, in wrapper
    return fit_method(estimator, *args, **kwargs)
  File "/common/ketrong/tpotexp/env/lib/python3.10/site-packages/sklearn/pipeline.py", line 473, in fit
    self._final_estimator.fit(Xt, y, **last_step_params["fit"])
  File "/common/ketrong/tpotexp/env/lib/python3.10/site-packages/sklearn/base.py", line 1473, in wrapper
    return fit_method(estimator, *args, **kwargs)
  File "/common/ketrong/tpotexp/env/lib/python3.10/site-packages/sklearn/naive_bayes.py", line 759, in fit
    self._count(X, Y)
  File "/common/ketrong/tpotexp/env/lib/python3.10/site-packages/sklearn/naive_bayes.py", line 881, in _count
    check_non_negative(X, "MultinomialNB (input X)")
  File "/common/ketrong/tpotexp/env/lib/python3.10/site-packages/sklearn/utils/validation.py", line 1689, in check_non_negative
    raise ValueError("Negative values in data passed to %s" % whom)
ValueError: Negative values in data passed to MultinomialNB (input X)

Generation:  2
Best f1_score score: 0.381219670405865
Generation:   8%|         | 2/25 [11:33<1:55:46, 302.01s/it]WARNING AN INDIVIDUAL TIMED OUT: 
 <tpot2.search_spaces.pipelines.sequential.SequentialPipelineIndividual object at 0x155474d75420> 

Generation:  3
Best f1_score score: 0.381219670405865
Generation:  12%|        | 3/25 [21:38<2:41:27, 440.35s/it]WARNING AN INDIVIDUAL TIMED OUT: 
 <tpot2.search_spaces.pipelines.sequential.SequentialPipelineIndividual object at 0x155474d2e5c0> 

Generation:  4
Best f1_score score: 0.381219670405865
Generation:  16%|        | 4/25 [31:43<2:56:50, 505.24s/it]WARNING AN INDIVIDUAL TIMED OUT: 
 <tpot2.search_spaces.pipelines.sequential.SequentialPipelineIndividual object at 0x155474d54f70> 

Generation:  5
Best f1_score score: 0.39973618964152463
Generation:  20%|        | 5/25 [41:47<3:00:18, 540.90s/it]Generation:  6
Generation:  24%|       | 6/25 [43:49<2:06:06, 398.23s/it]Best f1_score score: 0.39973618964152463
Generation:  7
Best f1_score score: 0.39973618964152463
Generation:  28%|       | 7/25 [44:03<1:21:52, 272.91s/it]Generation:  8
Best f1_score score: 0.42387712173626363
Generation:  32%|      | 8/25 [45:21<59:44, 210.84s/it]  Generation:  9
Best f1_score score: 0.42558865133768453
Generation:  36%|      | 9/25 [48:36<54:52, 205.78s/it]Generation:  10
Best f1_score score: 0.42995421475334406
Generation:  40%|      | 10/25 [48:58<37:15, 149.04s/it]Generation:  11
Best f1_score score: 0.4300776517596693
Generation:  44%|     | 11/25 [49:28<26:14, 112.46s/it]Generation:  12
Best f1_score score: 0.4316624310211158
Generation:  48%|     | 12/25 [49:51<18:31, 85.51s/it] WARNING AN INDIVIDUAL TIMED OUT: 
 <tpot2.search_spaces.pipelines.sequential.SequentialPipelineIndividual object at 0x155474cd5c30> 

Generation:  13
Best f1_score score: 0.4316624310211158
Generation:  52%|    | 13/25 [59:57<48:35, 242.92s/it]Generation:  14
Best f1_score score: 0.4316624310211158
Generation:  56%|    | 14/25 [1:00:21<32:26, 176.98s/it]Generation:  15
Best f1_score score: 0.43325518571375204
Generation:  60%|    | 15/25 [1:05:15<35:22, 212.23s/it]Generation:  16
Best f1_score score: 0.435710707317648
Generation:  64%|   | 16/25 [1:08:56<32:12, 214.74s/it]Generation:  17
Best f1_score score: 0.435710707317648
Generation:  68%|   | 17/25 [1:09:22<21:04, 158.09s/it]WARNING AN INDIVIDUAL TIMED OUT: 
 <tpot2.search_spaces.pipelines.sequential.SequentialPipelineIndividual object at 0x15545fa7bdf0> 

Generation:  18
Best f1_score score: 0.4479678661930279
Generation:  72%|  | 18/25 [1:19:27<34:06, 292.39s/it]Generation:  19
Best f1_score score: 0.4479678661930279
Generation:  76%|  | 19/25 [1:19:47<21:03, 210.63s/it]WARNING AN INDIVIDUAL TIMED OUT: 
 <tpot2.search_spaces.pipelines.sequential.SequentialPipelineIndividual object at 0x15545fae8670> 

Generation:  20
Best f1_score score: 0.4596901744006055
Generation:  80%|  | 20/25 [1:29:55<27:28, 329.75s/it]Generation:  21
Best f1_score score: 0.4596901744006055
Generation:  84%| | 21/25 [1:30:21<15:54, 238.68s/it]Generation:  22
Best f1_score score: 0.4646009846649486
Generation:  88%| | 22/25 [1:30:47<08:44, 174.75s/it]Generation:  23
Best f1_score score: 0.4646009846649486
Generation:  92%|| 23/25 [1:34:35<06:21, 190.82s/it]Generation:  24
Best f1_score score: 0.4646009846649486
Generation:  96%|| 24/25 [1:35:02<02:21, 141.81s/it]Generation:  25
Best f1_score score: 0.4646009846649486
Generation: 100%|| 25/25 [1:35:38<00:00, 109.90s/it]Generation: 100%|| 25/25 [1:35:38<00:00, 229.54s/it]
2024-11-17 08:14:47,356 - distributed.scheduler - ERROR - Removing worker 'tcp://127.0.0.1:43665' caused the cluster to lose scattered data, which can't be recovered: {'ndarray-453a6c1882b0f66cb296036f202f3e20', 'DataFrame-831b59579d3217793c918001b387b912'} (stimulus_id='handle-worker-cleanup-1731860087.356027')
Fitted
Pipeline(steps=[('knnimputer', KNNImputer(n_neighbors=63, weights='distance')),
                ('randomforestclassifier',
                 RandomForestClassifier(bootstrap=False,
                                        class_weight='balanced',
                                        criterion='entropy',
                                        max_features=0.2713594925661,
                                        min_samples_leaf=2, min_samples_split=4,
                                        n_estimators=128))])
transform worked
try transform
transform worked
score start
train score: {'auroc': 1.0, 'accuracy': 1.0, 'balanced_accuracy': 1.0, 'logloss': 0.15898682170370262, 'f1': 1.0}
test score: {'auroc': 0.7595924791242983, 'accuracy': 0.6510204081632653, 'balanced_accuracy': 0.31689499136111804, 'logloss': 0.9897309889537306, 'f1': 0.3342490211776904}
original test score: {'auroc': 0.777286520242879, 'accuracy': 0.6377551020408163, 'balanced_accuracy': 0.30880520436853276, 'logloss': 0.9829785841651679, 'f1': 0.3304779726800482}
score end
40498
lvl
0.5
type
MAR
num_run
1
class_full
finished
all finished
full run takes
14.711721047957738
hours
DONE
