Run: 14
/cm/local/apps/slurm/var/spool/job1062294/slurm_script: line 26: 
pip install -e tpot2
pip install -r tpot2/ImputerExperiments/requirements_.txt
: No such file or directory
RunStart
Version 0.1.7a0 of tpot2 is outdated. Version 0.1.8a0 was released Tuesday September 17, 2024.
starting loops
../data/c/40497/40497.pkl
working on 
../data/c/40497/class_simple_MCAR_0.1_1
1.0187392234802246
running experiment 1/3 - Does large hyperparameter space improve reconstruction accuracy over simple
[I 2024-11-18 17:53:25,305] A new study created in memory with name: no-name-64547c9a-5808-4812-86cc-54df3da3f9b1
running
running
running
running
running
running
running
running
running
running
running
running
running
running
running
running
[I 2024-11-18 17:53:25,474] Trial 3 finished with value: 0.2392323774018133 and parameters: {'model_name': 'SimpleImputer', 'strategy': 'constant'}. Best is trial 3 with value: 0.2392323774018133.
running
[I 2024-11-18 17:53:25,588] Trial 8 finished with value: 0.2392323774018133 and parameters: {'model_name': 'SimpleImputer', 'strategy': 'constant'}. Best is trial 3 with value: 0.2392323774018133.
[I 2024-11-18 17:53:25,652] Trial 5 finished with value: 0.2392323774018133 and parameters: {'model_name': 'SimpleImputer', 'strategy': 'constant'}. Best is trial 3 with value: 0.2392323774018133.
running
running
[I 2024-11-18 17:53:25,720] Trial 15 finished with value: 0.2392323774018133 and parameters: {'model_name': 'SimpleImputer', 'strategy': 'constant'}. Best is trial 3 with value: 0.2392323774018133.
[I 2024-11-18 17:53:25,779] Trial 9 finished with value: 0.2392323774018133 and parameters: {'model_name': 'SimpleImputer', 'strategy': 'constant'}. Best is trial 3 with value: 0.2392323774018133.
running
[I 2024-11-18 17:53:25,841] Trial 1 finished with value: 0.16136546056369813 and parameters: {'model_name': 'SimpleImputer', 'strategy': 'mean'}. Best is trial 1 with value: 0.16136546056369813.
running
running
[I 2024-11-18 17:53:25,906] Trial 14 finished with value: 0.2392323774018133 and parameters: {'model_name': 'SimpleImputer', 'strategy': 'constant'}. Best is trial 1 with value: 0.16136546056369813.
[I 2024-11-18 17:53:25,969] Trial 2 finished with value: 0.16136546056369813 and parameters: {'model_name': 'SimpleImputer', 'strategy': 'mean'}. Best is trial 1 with value: 0.16136546056369813.
[I 2024-11-18 17:53:25,969] Trial 7 finished with value: 0.16136546056369813 and parameters: {'model_name': 'SimpleImputer', 'strategy': 'mean'}. Best is trial 1 with value: 0.16136546056369813.
running
running
running
[I 2024-11-18 17:53:26,111] Trial 13 finished with value: 0.16136546056369813 and parameters: {'model_name': 'SimpleImputer', 'strategy': 'mean'}. Best is trial 1 with value: 0.16136546056369813.
running
[I 2024-11-18 17:53:26,186] Trial 11 finished with value: 0.16136546056369813 and parameters: {'model_name': 'SimpleImputer', 'strategy': 'mean'}. Best is trial 1 with value: 0.16136546056369813.
running
[I 2024-11-18 17:53:26,295] Trial 4 finished with value: 0.17506965838211974 and parameters: {'model_name': 'SimpleImputer', 'strategy': 'median'}. Best is trial 1 with value: 0.16136546056369813.
running
[I 2024-11-18 17:53:26,362] Trial 12 finished with value: 0.17506965838211974 and parameters: {'model_name': 'SimpleImputer', 'strategy': 'median'}. Best is trial 1 with value: 0.16136546056369813.
running
[I 2024-11-18 17:53:26,491] Trial 18 finished with value: 0.2392323774018133 and parameters: {'model_name': 'SimpleImputer', 'strategy': 'constant'}. Best is trial 1 with value: 0.16136546056369813.
running
[I 2024-11-18 17:53:26,569] Trial 23 finished with value: 0.2392323774018133 and parameters: {'model_name': 'SimpleImputer', 'strategy': 'constant'}. Best is trial 1 with value: 0.16136546056369813.
running
[I 2024-11-18 17:53:26,635] Trial 24 finished with value: 0.2392323774018133 and parameters: {'model_name': 'SimpleImputer', 'strategy': 'constant'}. Best is trial 1 with value: 0.16136546056369813.
running
[I 2024-11-18 17:53:26,715] Trial 19 finished with value: 0.16136546056369813 and parameters: {'model_name': 'SimpleImputer', 'strategy': 'mean'}. Best is trial 1 with value: 0.16136546056369813.
running
[I 2024-11-18 17:53:26,805] Trial 22 finished with value: 0.16136546056369813 and parameters: {'model_name': 'SimpleImputer', 'strategy': 'mean'}. Best is trial 1 with value: 0.16136546056369813.
running
[I 2024-11-18 17:53:26,921] Trial 17 finished with value: 0.17506965838211974 and parameters: {'model_name': 'SimpleImputer', 'strategy': 'median'}. Best is trial 1 with value: 0.16136546056369813.
running
[I 2024-11-18 17:53:27,203] Trial 0 finished with value: 0.2194282915692917 and parameters: {'model_name': 'SimpleImputer', 'strategy': 'most_frequent'}. Best is trial 1 with value: 0.16136546056369813.
running
[I 2024-11-18 17:53:27,334] Trial 10 finished with value: 0.2194282915692917 and parameters: {'model_name': 'SimpleImputer', 'strategy': 'most_frequent'}. Best is trial 1 with value: 0.16136546056369813.
[I 2024-11-18 17:53:27,397] Trial 6 finished with value: 0.2194282915692917 and parameters: {'model_name': 'SimpleImputer', 'strategy': 'most_frequent'}. Best is trial 1 with value: 0.16136546056369813.
running
running
[I 2024-11-18 17:53:27,573] Trial 16 finished with value: 0.2194282915692917 and parameters: {'model_name': 'SimpleImputer', 'strategy': 'most_frequent'}. Best is trial 1 with value: 0.16136546056369813.
running
[I 2024-11-18 17:53:27,669] Trial 21 finished with value: 0.2194282915692917 and parameters: {'model_name': 'SimpleImputer', 'strategy': 'most_frequent'}. Best is trial 1 with value: 0.16136546056369813.
running
[I 2024-11-18 17:53:27,749] Trial 20 finished with value: 0.2194282915692917 and parameters: {'model_name': 'SimpleImputer', 'strategy': 'most_frequent'}. Best is trial 1 with value: 0.16136546056369813.
running
[I 2024-11-18 17:53:27,818] Trial 25 finished with value: 0.2194282915692917 and parameters: {'model_name': 'SimpleImputer', 'strategy': 'most_frequent'}. Best is trial 1 with value: 0.16136546056369813.
running
[I 2024-11-18 17:53:27,895] Trial 28 finished with value: 0.2194282915692917 and parameters: {'model_name': 'SimpleImputer', 'strategy': 'most_frequent'}. Best is trial 1 with value: 0.16136546056369813.
running
[I 2024-11-18 17:53:27,983] Trial 37 finished with value: 0.16136546056369813 and parameters: {'model_name': 'SimpleImputer', 'strategy': 'mean'}. Best is trial 1 with value: 0.16136546056369813.
[I 2024-11-18 17:53:28,042] Trial 26 finished with value: 0.2194282915692917 and parameters: {'model_name': 'SimpleImputer', 'strategy': 'most_frequent'}. Best is trial 1 with value: 0.16136546056369813.
running
running
[I 2024-11-18 17:53:28,111] Trial 36 finished with value: 0.16136546056369813 and parameters: {'model_name': 'SimpleImputer', 'strategy': 'mean'}. Best is trial 1 with value: 0.16136546056369813.
running
[I 2024-11-18 17:53:28,203] Trial 27 finished with value: 0.2194282915692917 and parameters: {'model_name': 'SimpleImputer', 'strategy': 'most_frequent'}. Best is trial 1 with value: 0.16136546056369813.
running
[I 2024-11-18 17:53:28,328] Trial 29 finished with value: 0.2194282915692917 and parameters: {'model_name': 'SimpleImputer', 'strategy': 'most_frequent'}. Best is trial 1 with value: 0.16136546056369813.
running
[I 2024-11-18 17:53:28,400] Trial 38 finished with value: 0.16136546056369813 and parameters: {'model_name': 'SimpleImputer', 'strategy': 'mean'}. Best is trial 1 with value: 0.16136546056369813.
running
[I 2024-11-18 17:53:28,468] Trial 39 finished with value: 0.16136546056369813 and parameters: {'model_name': 'SimpleImputer', 'strategy': 'mean'}. Best is trial 1 with value: 0.16136546056369813.
running
[I 2024-11-18 17:53:28,560] Trial 33 finished with value: 0.2194282915692917 and parameters: {'model_name': 'SimpleImputer', 'strategy': 'most_frequent'}. Best is trial 1 with value: 0.16136546056369813.
[I 2024-11-18 17:53:28,628] Trial 30 finished with value: 0.2194282915692917 and parameters: {'model_name': 'SimpleImputer', 'strategy': 'most_frequent'}. Best is trial 1 with value: 0.16136546056369813.
running
[I 2024-11-18 17:53:28,691] Trial 41 finished with value: 0.16136546056369813 and parameters: {'model_name': 'SimpleImputer', 'strategy': 'mean'}. Best is trial 1 with value: 0.16136546056369813.
running
[I 2024-11-18 17:53:28,692] Trial 42 finished with value: 0.16136546056369813 and parameters: {'model_name': 'SimpleImputer', 'strategy': 'mean'}. Best is trial 1 with value: 0.16136546056369813.
[I 2024-11-18 17:53:28,755] Trial 40 finished with value: 0.16136546056369813 and parameters: {'model_name': 'SimpleImputer', 'strategy': 'mean'}. Best is trial 1 with value: 0.16136546056369813.
running
running
running
[I 2024-11-18 17:53:28,884] Trial 32 finished with value: 0.2194282915692917 and parameters: {'model_name': 'SimpleImputer', 'strategy': 'most_frequent'}. Best is trial 1 with value: 0.16136546056369813.
running
[I 2024-11-18 17:53:28,978] Trial 44 finished with value: 0.16136546056369813 and parameters: {'model_name': 'SimpleImputer', 'strategy': 'mean'}. Best is trial 1 with value: 0.16136546056369813.
[I 2024-11-18 17:53:28,978] Trial 45 finished with value: 0.16136546056369813 and parameters: {'model_name': 'SimpleImputer', 'strategy': 'mean'}. Best is trial 1 with value: 0.16136546056369813.
running
[I 2024-11-18 17:53:29,040] Trial 43 finished with value: 0.16136546056369813 and parameters: {'model_name': 'SimpleImputer', 'strategy': 'mean'}. Best is trial 1 with value: 0.16136546056369813.
running
running
[I 2024-11-18 17:53:29,181] Trial 34 finished with value: 0.2194282915692917 and parameters: {'model_name': 'SimpleImputer', 'strategy': 'most_frequent'}. Best is trial 1 with value: 0.16136546056369813.
running
[I 2024-11-18 17:53:29,245] Trial 46 finished with value: 0.16136546056369813 and parameters: {'model_name': 'SimpleImputer', 'strategy': 'mean'}. Best is trial 1 with value: 0.16136546056369813.
[I 2024-11-18 17:53:29,246] Trial 31 finished with value: 0.2194282915692917 and parameters: {'model_name': 'SimpleImputer', 'strategy': 'most_frequent'}. Best is trial 1 with value: 0.16136546056369813.
running
running
[I 2024-11-18 17:53:29,440] Trial 47 finished with value: 0.16136546056369813 and parameters: {'model_name': 'SimpleImputer', 'strategy': 'mean'}. Best is trial 1 with value: 0.16136546056369813.
running
[I 2024-11-18 17:53:29,517] Trial 48 finished with value: 0.16136546056369813 and parameters: {'model_name': 'SimpleImputer', 'strategy': 'mean'}. Best is trial 1 with value: 0.16136546056369813.
running
[I 2024-11-18 17:53:29,594] Trial 49 finished with value: 0.16136546056369813 and parameters: {'model_name': 'SimpleImputer', 'strategy': 'mean'}. Best is trial 1 with value: 0.16136546056369813.
running
[I 2024-11-18 17:53:29,686] Trial 52 finished with value: 0.16136546056369813 and parameters: {'model_name': 'SimpleImputer', 'strategy': 'mean'}. Best is trial 1 with value: 0.16136546056369813.
[I 2024-11-18 17:53:29,748] Trial 51 finished with value: 0.16136546056369813 and parameters: {'model_name': 'SimpleImputer', 'strategy': 'mean'}. Best is trial 1 with value: 0.16136546056369813.
running
running
[I 2024-11-18 17:53:29,818] Trial 54 finished with value: 0.16136546056369813 and parameters: {'model_name': 'SimpleImputer', 'strategy': 'mean'}. Best is trial 1 with value: 0.16136546056369813.
running
[I 2024-11-18 17:53:29,882] Trial 53 finished with value: 0.16136546056369813 and parameters: {'model_name': 'SimpleImputer', 'strategy': 'mean'}. Best is trial 1 with value: 0.16136546056369813.
[I 2024-11-18 17:53:29,883] Trial 50 finished with value: 0.16136546056369813 and parameters: {'model_name': 'SimpleImputer', 'strategy': 'mean'}. Best is trial 1 with value: 0.16136546056369813.
running
[I 2024-11-18 17:53:30,005] Trial 55 finished with value: 0.16136546056369813 and parameters: {'model_name': 'SimpleImputer', 'strategy': 'mean'}. Best is trial 1 with value: 0.16136546056369813.
running
running
[I 2024-11-18 17:53:30,080] Trial 57 finished with value: 0.16136546056369813 and parameters: {'model_name': 'SimpleImputer', 'strategy': 'mean'}. Best is trial 1 with value: 0.16136546056369813.
running
[I 2024-11-18 17:53:30,153] Trial 56 finished with value: 0.16136546056369813 and parameters: {'model_name': 'SimpleImputer', 'strategy': 'mean'}. Best is trial 1 with value: 0.16136546056369813.
running
[I 2024-11-18 17:53:30,219] Trial 35 finished with value: 0.2194282915692917 and parameters: {'model_name': 'SimpleImputer', 'strategy': 'most_frequent'}. Best is trial 1 with value: 0.16136546056369813.
[I 2024-11-18 17:53:30,280] Trial 58 finished with value: 0.16136546056369813 and parameters: {'model_name': 'SimpleImputer', 'strategy': 'mean'}. Best is trial 1 with value: 0.16136546056369813.
running
running
[I 2024-11-18 17:53:30,359] Trial 59 finished with value: 0.16136546056369813 and parameters: {'model_name': 'SimpleImputer', 'strategy': 'mean'}. Best is trial 1 with value: 0.16136546056369813.
running
[I 2024-11-18 17:53:30,465] Trial 61 finished with value: 0.17506965838211974 and parameters: {'model_name': 'SimpleImputer', 'strategy': 'median'}. Best is trial 1 with value: 0.16136546056369813.
running
[I 2024-11-18 17:53:30,549] Trial 60 finished with value: 0.17506965838211974 and parameters: {'model_name': 'SimpleImputer', 'strategy': 'median'}. Best is trial 1 with value: 0.16136546056369813.
running
[I 2024-11-18 17:53:30,658] Trial 62 finished with value: 0.17506965838211974 and parameters: {'model_name': 'SimpleImputer', 'strategy': 'median'}. Best is trial 1 with value: 0.16136546056369813.
running
[I 2024-11-18 17:53:30,731] Trial 70 finished with value: 0.16136546056369813 and parameters: {'model_name': 'SimpleImputer', 'strategy': 'mean'}. Best is trial 1 with value: 0.16136546056369813.
running
[I 2024-11-18 17:53:30,804] Trial 64 finished with value: 0.17506965838211974 and parameters: {'model_name': 'SimpleImputer', 'strategy': 'median'}. Best is trial 1 with value: 0.16136546056369813.
running
[I 2024-11-18 17:53:30,889] Trial 63 finished with value: 0.17506965838211974 and parameters: {'model_name': 'SimpleImputer', 'strategy': 'median'}. Best is trial 1 with value: 0.16136546056369813.
running
[I 2024-11-18 17:53:30,959] Trial 66 finished with value: 0.17506965838211974 and parameters: {'model_name': 'SimpleImputer', 'strategy': 'median'}. Best is trial 1 with value: 0.16136546056369813.
[I 2024-11-18 17:53:31,021] Trial 65 finished with value: 0.17506965838211974 and parameters: {'model_name': 'SimpleImputer', 'strategy': 'median'}. Best is trial 1 with value: 0.16136546056369813.
running
running
[I 2024-11-18 17:53:31,090] Trial 67 finished with value: 0.17506965838211974 and parameters: {'model_name': 'SimpleImputer', 'strategy': 'median'}. Best is trial 1 with value: 0.16136546056369813.
running
[I 2024-11-18 17:53:31,169] Trial 68 finished with value: 0.17506965838211974 and parameters: {'model_name': 'SimpleImputer', 'strategy': 'median'}. Best is trial 1 with value: 0.16136546056369813.
running
[I 2024-11-18 17:53:31,247] Trial 69 finished with value: 0.17506965838211974 and parameters: {'model_name': 'SimpleImputer', 'strategy': 'median'}. Best is trial 1 with value: 0.16136546056369813.
[I 2024-11-18 17:53:31,249] Trial 71 finished with value: 0.17506965838211974 and parameters: {'model_name': 'SimpleImputer', 'strategy': 'median'}. Best is trial 1 with value: 0.16136546056369813.
running
[I 2024-11-18 17:53:31,373] Trial 72 finished with value: 0.17506965838211974 and parameters: {'model_name': 'SimpleImputer', 'strategy': 'median'}. Best is trial 1 with value: 0.16136546056369813.
running
[I 2024-11-18 17:53:31,436] Trial 73 finished with value: 0.17506965838211974 and parameters: {'model_name': 'SimpleImputer', 'strategy': 'median'}. Best is trial 1 with value: 0.16136546056369813.
running
running
[I 2024-11-18 17:53:31,511] Trial 74 finished with value: 0.17506965838211974 and parameters: {'model_name': 'SimpleImputer', 'strategy': 'median'}. Best is trial 1 with value: 0.16136546056369813.
running
[I 2024-11-18 17:53:31,573] Trial 77 finished with value: 0.16136546056369813 and parameters: {'model_name': 'SimpleImputer', 'strategy': 'mean'}. Best is trial 1 with value: 0.16136546056369813.
[I 2024-11-18 17:53:31,573] Trial 75 finished with value: 0.17506965838211974 and parameters: {'model_name': 'SimpleImputer', 'strategy': 'median'}. Best is trial 1 with value: 0.16136546056369813.
running
running
[I 2024-11-18 17:53:31,730] Trial 78 finished with value: 0.2392323774018133 and parameters: {'model_name': 'SimpleImputer', 'strategy': 'constant'}. Best is trial 1 with value: 0.16136546056369813.
running
[I 2024-11-18 17:53:31,815] Trial 79 finished with value: 0.2392323774018133 and parameters: {'model_name': 'SimpleImputer', 'strategy': 'constant'}. Best is trial 1 with value: 0.16136546056369813.
running
[I 2024-11-18 17:53:31,890] Trial 80 finished with value: 0.2392323774018133 and parameters: {'model_name': 'SimpleImputer', 'strategy': 'constant'}. Best is trial 1 with value: 0.16136546056369813.
running
[I 2024-11-18 17:53:31,963] Trial 76 finished with value: 0.17506965838211974 and parameters: {'model_name': 'SimpleImputer', 'strategy': 'median'}. Best is trial 1 with value: 0.16136546056369813.
running
[I 2024-11-18 17:53:32,034] Trial 81 finished with value: 0.2392323774018133 and parameters: {'model_name': 'SimpleImputer', 'strategy': 'constant'}. Best is trial 1 with value: 0.16136546056369813.
running
[I 2024-11-18 17:53:32,102] Trial 83 finished with value: 0.2392323774018133 and parameters: {'model_name': 'SimpleImputer', 'strategy': 'constant'}. Best is trial 1 with value: 0.16136546056369813.
running
[I 2024-11-18 17:53:32,184] Trial 82 finished with value: 0.2392323774018133 and parameters: {'model_name': 'SimpleImputer', 'strategy': 'constant'}. Best is trial 1 with value: 0.16136546056369813.
[I 2024-11-18 17:53:32,246] Trial 84 finished with value: 0.2392323774018133 and parameters: {'model_name': 'SimpleImputer', 'strategy': 'constant'}. Best is trial 1 with value: 0.16136546056369813.
running
running
[I 2024-11-18 17:53:32,327] Trial 85 finished with value: 0.2392323774018133 and parameters: {'model_name': 'SimpleImputer', 'strategy': 'constant'}. Best is trial 1 with value: 0.16136546056369813.
running
[I 2024-11-18 17:53:32,408] Trial 86 finished with value: 0.2392323774018133 and parameters: {'model_name': 'SimpleImputer', 'strategy': 'constant'}. Best is trial 1 with value: 0.16136546056369813.
running
[I 2024-11-18 17:53:32,479] Trial 91 finished with value: 0.2392323774018133 and parameters: {'model_name': 'SimpleImputer', 'strategy': 'constant'}. Best is trial 1 with value: 0.16136546056369813.
[I 2024-11-18 17:53:32,541] Trial 90 finished with value: 0.2392323774018133 and parameters: {'model_name': 'SimpleImputer', 'strategy': 'constant'}. Best is trial 1 with value: 0.16136546056369813.
running
[I 2024-11-18 17:53:32,543] Trial 88 finished with value: 0.2392323774018133 and parameters: {'model_name': 'SimpleImputer', 'strategy': 'constant'}. Best is trial 1 with value: 0.16136546056369813.
[I 2024-11-18 17:53:32,543] Trial 89 finished with value: 0.2392323774018133 and parameters: {'model_name': 'SimpleImputer', 'strategy': 'constant'}. Best is trial 1 with value: 0.16136546056369813.
running
running
running
[I 2024-11-18 17:53:32,731] Trial 92 finished with value: 0.2392323774018133 and parameters: {'model_name': 'SimpleImputer', 'strategy': 'constant'}. Best is trial 1 with value: 0.16136546056369813.
running
[I 2024-11-18 17:53:32,797] Trial 87 finished with value: 0.16136546056369813 and parameters: {'model_name': 'SimpleImputer', 'strategy': 'mean'}. Best is trial 1 with value: 0.16136546056369813.
running
[I 2024-11-18 17:53:32,898] Trial 93 finished with value: 0.16136546056369813 and parameters: {'model_name': 'SimpleImputer', 'strategy': 'mean'}. Best is trial 1 with value: 0.16136546056369813.
running
[I 2024-11-18 17:53:33,008] Trial 94 finished with value: 0.16136546056369813 and parameters: {'model_name': 'SimpleImputer', 'strategy': 'mean'}. Best is trial 1 with value: 0.16136546056369813.
[I 2024-11-18 17:53:33,076] Trial 95 finished with value: 0.16136546056369813 and parameters: {'model_name': 'SimpleImputer', 'strategy': 'mean'}. Best is trial 1 with value: 0.16136546056369813.
running
running
[I 2024-11-18 17:53:33,153] Trial 96 finished with value: 0.16136546056369813 and parameters: {'model_name': 'SimpleImputer', 'strategy': 'mean'}. Best is trial 1 with value: 0.16136546056369813.
running
[I 2024-11-18 17:53:33,215] Trial 97 finished with value: 0.16136546056369813 and parameters: {'model_name': 'SimpleImputer', 'strategy': 'mean'}. Best is trial 1 with value: 0.16136546056369813.
running
[I 2024-11-18 17:53:33,280] Trial 99 finished with value: 0.16136546056369813 and parameters: {'model_name': 'SimpleImputer', 'strategy': 'mean'}. Best is trial 1 with value: 0.16136546056369813.
running
[I 2024-11-18 17:53:33,357] Trial 98 finished with value: 0.16136546056369813 and parameters: {'model_name': 'SimpleImputer', 'strategy': 'mean'}. Best is trial 1 with value: 0.16136546056369813.
running
[I 2024-11-18 17:53:33,436] Trial 101 finished with value: 0.16136546056369813 and parameters: {'model_name': 'SimpleImputer', 'strategy': 'mean'}. Best is trial 1 with value: 0.16136546056369813.
[I 2024-11-18 17:53:33,497] Trial 100 finished with value: 0.16136546056369813 and parameters: {'model_name': 'SimpleImputer', 'strategy': 'mean'}. Best is trial 1 with value: 0.16136546056369813.
running
running
[I 2024-11-18 17:53:33,574] Trial 102 finished with value: 0.16136546056369813 and parameters: {'model_name': 'SimpleImputer', 'strategy': 'mean'}. Best is trial 1 with value: 0.16136546056369813.
running
[I 2024-11-18 17:53:33,651] Trial 103 finished with value: 0.16136546056369813 and parameters: {'model_name': 'SimpleImputer', 'strategy': 'mean'}. Best is trial 1 with value: 0.16136546056369813.
running
[I 2024-11-18 17:53:33,717] Trial 106 finished with value: 0.16136546056369813 and parameters: {'model_name': 'SimpleImputer', 'strategy': 'mean'}. Best is trial 1 with value: 0.16136546056369813.
[I 2024-11-18 17:53:33,783] Trial 105 finished with value: 0.16136546056369813 and parameters: {'model_name': 'SimpleImputer', 'strategy': 'mean'}. Best is trial 1 with value: 0.16136546056369813.
running
running
[I 2024-11-18 17:53:33,848] Trial 108 finished with value: 0.16136546056369813 and parameters: {'model_name': 'SimpleImputer', 'strategy': 'mean'}. Best is trial 1 with value: 0.16136546056369813.
running
[I 2024-11-18 17:53:33,916] Trial 107 finished with value: 0.16136546056369813 and parameters: {'model_name': 'SimpleImputer', 'strategy': 'mean'}. Best is trial 1 with value: 0.16136546056369813.
running
[I 2024-11-18 17:53:33,983] Trial 104 finished with value: 0.16136546056369813 and parameters: {'model_name': 'SimpleImputer', 'strategy': 'mean'}. Best is trial 1 with value: 0.16136546056369813.
running
[I 2024-11-18 17:53:34,084] Trial 109 finished with value: 0.16136546056369813 and parameters: {'model_name': 'SimpleImputer', 'strategy': 'mean'}. Best is trial 1 with value: 0.16136546056369813.
running
[I 2024-11-18 17:53:34,176] Trial 111 finished with value: 0.16136546056369813 and parameters: {'model_name': 'SimpleImputer', 'strategy': 'mean'}. Best is trial 1 with value: 0.16136546056369813.
running
[I 2024-11-18 17:53:34,255] Trial 114 finished with value: 0.16136546056369813 and parameters: {'model_name': 'SimpleImputer', 'strategy': 'mean'}. Best is trial 1 with value: 0.16136546056369813.
[I 2024-11-18 17:53:34,316] Trial 112 finished with value: 0.16136546056369813 and parameters: {'model_name': 'SimpleImputer', 'strategy': 'mean'}. Best is trial 1 with value: 0.16136546056369813.
[I 2024-11-18 17:53:34,316] Trial 113 finished with value: 0.16136546056369813 and parameters: {'model_name': 'SimpleImputer', 'strategy': 'mean'}. Best is trial 1 with value: 0.16136546056369813.
running
running
[I 2024-11-18 17:53:34,441] Trial 110 finished with value: 0.16136546056369813 and parameters: {'model_name': 'SimpleImputer', 'strategy': 'mean'}. Best is trial 1 with value: 0.16136546056369813.
running
running
[I 2024-11-18 17:53:34,547] Trial 115 finished with value: 0.16136546056369813 and parameters: {'model_name': 'SimpleImputer', 'strategy': 'mean'}. Best is trial 1 with value: 0.16136546056369813.
[I 2024-11-18 17:53:34,613] Trial 116 finished with value: 0.16136546056369813 and parameters: {'model_name': 'SimpleImputer', 'strategy': 'mean'}. Best is trial 1 with value: 0.16136546056369813.
running
[I 2024-11-18 17:53:34,675] Trial 117 finished with value: 0.16136546056369813 and parameters: {'model_name': 'SimpleImputer', 'strategy': 'mean'}. Best is trial 1 with value: 0.16136546056369813.
running
running
[I 2024-11-18 17:53:34,748] Trial 118 finished with value: 0.16136546056369813 and parameters: {'model_name': 'SimpleImputer', 'strategy': 'mean'}. Best is trial 1 with value: 0.16136546056369813.
running
[I 2024-11-18 17:53:34,832] Trial 121 finished with value: 0.16136546056369813 and parameters: {'model_name': 'SimpleImputer', 'strategy': 'mean'}. Best is trial 1 with value: 0.16136546056369813.
[I 2024-11-18 17:53:34,832] Trial 120 finished with value: 0.16136546056369813 and parameters: {'model_name': 'SimpleImputer', 'strategy': 'mean'}. Best is trial 1 with value: 0.16136546056369813.
running
running
[I 2024-11-18 17:53:34,964] Trial 122 finished with value: 0.16136546056369813 and parameters: {'model_name': 'SimpleImputer', 'strategy': 'mean'}. Best is trial 1 with value: 0.16136546056369813.
[I 2024-11-18 17:53:35,025] Trial 119 finished with value: 0.16136546056369813 and parameters: {'model_name': 'SimpleImputer', 'strategy': 'mean'}. Best is trial 1 with value: 0.16136546056369813.
running
running
[I 2024-11-18 17:53:35,090] Trial 124 finished with value: 0.16136546056369813 and parameters: {'model_name': 'SimpleImputer', 'strategy': 'mean'}. Best is trial 1 with value: 0.16136546056369813.
running
[I 2024-11-18 17:53:35,156] Trial 123 finished with value: 0.16136546056369813 and parameters: {'model_name': 'SimpleImputer', 'strategy': 'mean'}. Best is trial 1 with value: 0.16136546056369813.
running
[I 2024-11-18 17:53:35,277] Trial 125 finished with value: 0.16136546056369813 and parameters: {'model_name': 'SimpleImputer', 'strategy': 'mean'}. Best is trial 1 with value: 0.16136546056369813.
running
[I 2024-11-18 17:53:35,356] Trial 127 finished with value: 0.16136546056369813 and parameters: {'model_name': 'SimpleImputer', 'strategy': 'mean'}. Best is trial 1 with value: 0.16136546056369813.
running
[I 2024-11-18 17:53:35,423] Trial 126 finished with value: 0.16136546056369813 and parameters: {'model_name': 'SimpleImputer', 'strategy': 'mean'}. Best is trial 1 with value: 0.16136546056369813.
[I 2024-11-18 17:53:35,485] Trial 130 finished with value: 0.16136546056369813 and parameters: {'model_name': 'SimpleImputer', 'strategy': 'mean'}. Best is trial 1 with value: 0.16136546056369813.
running
[I 2024-11-18 17:53:35,551] Trial 129 finished with value: 0.16136546056369813 and parameters: {'model_name': 'SimpleImputer', 'strategy': 'mean'}. Best is trial 1 with value: 0.16136546056369813.
running
running
[I 2024-11-18 17:53:35,642] Trial 128 finished with value: 0.16136546056369813 and parameters: {'model_name': 'SimpleImputer', 'strategy': 'mean'}. Best is trial 1 with value: 0.16136546056369813.
running
[I 2024-11-18 17:53:35,709] Trial 131 finished with value: 0.16136546056369813 and parameters: {'model_name': 'SimpleImputer', 'strategy': 'mean'}. Best is trial 1 with value: 0.16136546056369813.
running
[I 2024-11-18 17:53:35,796] Trial 132 finished with value: 0.16136546056369813 and parameters: {'model_name': 'SimpleImputer', 'strategy': 'mean'}. Best is trial 1 with value: 0.16136546056369813.
running
[I 2024-11-18 17:53:35,866] Trial 134 finished with value: 0.16136546056369813 and parameters: {'model_name': 'SimpleImputer', 'strategy': 'mean'}. Best is trial 1 with value: 0.16136546056369813.
running
[I 2024-11-18 17:53:35,941] Trial 133 finished with value: 0.16136546056369813 and parameters: {'model_name': 'SimpleImputer', 'strategy': 'mean'}. Best is trial 1 with value: 0.16136546056369813.
running
[I 2024-11-18 17:53:36,011] Trial 137 finished with value: 0.16136546056369813 and parameters: {'model_name': 'SimpleImputer', 'strategy': 'mean'}. Best is trial 1 with value: 0.16136546056369813.
[I 2024-11-18 17:53:36,077] Trial 136 finished with value: 0.16136546056369813 and parameters: {'model_name': 'SimpleImputer', 'strategy': 'mean'}. Best is trial 1 with value: 0.16136546056369813.
running
[I 2024-11-18 17:53:36,078] Trial 139 finished with value: 0.16136546056369813 and parameters: {'model_name': 'SimpleImputer', 'strategy': 'mean'}. Best is trial 1 with value: 0.16136546056369813.
running
running
[I 2024-11-18 17:53:36,210] Trial 135 finished with value: 0.16136546056369813 and parameters: {'model_name': 'SimpleImputer', 'strategy': 'mean'}. Best is trial 1 with value: 0.16136546056369813.
[I 2024-11-18 17:53:36,210] Trial 138 finished with value: 0.16136546056369813 and parameters: {'model_name': 'SimpleImputer', 'strategy': 'mean'}. Best is trial 1 with value: 0.16136546056369813.
[I 2024-11-18 17:53:36,331] Trial 140 finished with value: 0.16136546056369813 and parameters: {'model_name': 'SimpleImputer', 'strategy': 'mean'}. Best is trial 1 with value: 0.16136546056369813.
running
running
running
[I 2024-11-18 17:53:36,442] Trial 141 finished with value: 0.16136546056369813 and parameters: {'model_name': 'SimpleImputer', 'strategy': 'mean'}. Best is trial 1 with value: 0.16136546056369813.
running
[I 2024-11-18 17:53:36,530] Trial 142 finished with value: 0.16136546056369813 and parameters: {'model_name': 'SimpleImputer', 'strategy': 'mean'}. Best is trial 1 with value: 0.16136546056369813.
running
[I 2024-11-18 17:53:36,620] Trial 144 finished with value: 0.16136546056369813 and parameters: {'model_name': 'SimpleImputer', 'strategy': 'mean'}. Best is trial 1 with value: 0.16136546056369813.
[I 2024-11-18 17:53:36,683] Trial 145 finished with value: 0.16136546056369813 and parameters: {'model_name': 'SimpleImputer', 'strategy': 'mean'}. Best is trial 1 with value: 0.16136546056369813.
running
[I 2024-11-18 17:53:36,743] Trial 143 finished with value: 0.16136546056369813 and parameters: {'model_name': 'SimpleImputer', 'strategy': 'mean'}. Best is trial 1 with value: 0.16136546056369813.
running
running
[I 2024-11-18 17:53:36,809] Trial 147 finished with value: 0.16136546056369813 and parameters: {'model_name': 'SimpleImputer', 'strategy': 'mean'}. Best is trial 1 with value: 0.16136546056369813.
running
[I 2024-11-18 17:53:36,907] Trial 148 finished with value: 0.16136546056369813 and parameters: {'model_name': 'SimpleImputer', 'strategy': 'mean'}. Best is trial 1 with value: 0.16136546056369813.
running
[I 2024-11-18 17:53:36,983] Trial 146 finished with value: 0.16136546056369813 and parameters: {'model_name': 'SimpleImputer', 'strategy': 'mean'}. Best is trial 1 with value: 0.16136546056369813.
[I 2024-11-18 17:53:37,048] Trial 150 finished with value: 0.16136546056369813 and parameters: {'model_name': 'SimpleImputer', 'strategy': 'mean'}. Best is trial 1 with value: 0.16136546056369813.
running
running
[I 2024-11-18 17:53:37,129] Trial 149 finished with value: 0.16136546056369813 and parameters: {'model_name': 'SimpleImputer', 'strategy': 'mean'}. Best is trial 1 with value: 0.16136546056369813.
running
[I 2024-11-18 17:53:37,233] Trial 156 finished with value: 0.16136546056369813 and parameters: {'model_name': 'SimpleImputer', 'strategy': 'mean'}. Best is trial 1 with value: 0.16136546056369813.
running
[I 2024-11-18 17:53:37,389] Trial 160 finished with value: 0.16136546056369813 and parameters: {'model_name': 'SimpleImputer', 'strategy': 'mean'}. Best is trial 1 with value: 0.16136546056369813.
running
[I 2024-11-18 17:53:37,509] Trial 166 finished with value: 0.16136546056369813 and parameters: {'model_name': 'SimpleImputer', 'strategy': 'mean'}. Best is trial 1 with value: 0.16136546056369813.
running
[I 2024-11-18 17:53:37,910] Trial 153 finished with value: 0.2194282915692917 and parameters: {'model_name': 'SimpleImputer', 'strategy': 'most_frequent'}. Best is trial 1 with value: 0.16136546056369813.
running
[I 2024-11-18 17:53:37,991] Trial 154 finished with value: 0.2194282915692917 and parameters: {'model_name': 'SimpleImputer', 'strategy': 'most_frequent'}. Best is trial 1 with value: 0.16136546056369813.
[I 2024-11-18 17:53:38,051] Trial 152 finished with value: 0.2194282915692917 and parameters: {'model_name': 'SimpleImputer', 'strategy': 'most_frequent'}. Best is trial 1 with value: 0.16136546056369813.
running
running
[I 2024-11-18 17:53:38,127] Trial 151 finished with value: 0.2194282915692917 and parameters: {'model_name': 'SimpleImputer', 'strategy': 'most_frequent'}. Best is trial 1 with value: 0.16136546056369813.
running
[I 2024-11-18 17:53:38,216] Trial 155 finished with value: 0.2194282915692917 and parameters: {'model_name': 'SimpleImputer', 'strategy': 'most_frequent'}. Best is trial 1 with value: 0.16136546056369813.
running
[I 2024-11-18 17:53:38,303] Trial 162 finished with value: 0.2194282915692917 and parameters: {'model_name': 'SimpleImputer', 'strategy': 'most_frequent'}. Best is trial 1 with value: 0.16136546056369813.
[I 2024-11-18 17:53:38,362] Trial 157 finished with value: 0.2194282915692917 and parameters: {'model_name': 'SimpleImputer', 'strategy': 'most_frequent'}. Best is trial 1 with value: 0.16136546056369813.
running
running
[I 2024-11-18 17:53:38,430] Trial 161 finished with value: 0.2194282915692917 and parameters: {'model_name': 'SimpleImputer', 'strategy': 'most_frequent'}. Best is trial 1 with value: 0.16136546056369813.
running
[I 2024-11-18 17:53:38,527] Trial 158 finished with value: 0.2194282915692917 and parameters: {'model_name': 'SimpleImputer', 'strategy': 'most_frequent'}. Best is trial 1 with value: 0.16136546056369813.
running
[I 2024-11-18 17:53:38,607] Trial 159 finished with value: 0.2194282915692917 and parameters: {'model_name': 'SimpleImputer', 'strategy': 'most_frequent'}. Best is trial 1 with value: 0.16136546056369813.
running
[I 2024-11-18 17:53:38,705] Trial 163 finished with value: 0.2194282915692917 and parameters: {'model_name': 'SimpleImputer', 'strategy': 'most_frequent'}. Best is trial 1 with value: 0.16136546056369813.
running
[I 2024-11-18 17:53:38,773] Trial 170 finished with value: 0.16136546056369813 and parameters: {'model_name': 'SimpleImputer', 'strategy': 'mean'}. Best is trial 1 with value: 0.16136546056369813.
running
[I 2024-11-18 17:53:38,845] Trial 164 finished with value: 0.2194282915692917 and parameters: {'model_name': 'SimpleImputer', 'strategy': 'most_frequent'}. Best is trial 1 with value: 0.16136546056369813.
running
[I 2024-11-18 17:53:38,913] Trial 165 finished with value: 0.2194282915692917 and parameters: {'model_name': 'SimpleImputer', 'strategy': 'most_frequent'}. Best is trial 1 with value: 0.16136546056369813.
[I 2024-11-18 17:53:38,978] Trial 172 finished with value: 0.16136546056369813 and parameters: {'model_name': 'SimpleImputer', 'strategy': 'mean'}. Best is trial 1 with value: 0.16136546056369813.
running
running
[I 2024-11-18 17:53:39,046] Trial 173 finished with value: 0.16136546056369813 and parameters: {'model_name': 'SimpleImputer', 'strategy': 'mean'}. Best is trial 1 with value: 0.16136546056369813.
running
[I 2024-11-18 17:53:39,131] Trial 171 finished with value: 0.16136546056369813 and parameters: {'model_name': 'SimpleImputer', 'strategy': 'mean'}. Best is trial 1 with value: 0.16136546056369813.
[I 2024-11-18 17:53:39,192] Trial 167 finished with value: 0.2194282915692917 and parameters: {'model_name': 'SimpleImputer', 'strategy': 'most_frequent'}. Best is trial 1 with value: 0.16136546056369813.
running
running
[I 2024-11-18 17:53:39,278] Trial 174 finished with value: 0.16136546056369813 and parameters: {'model_name': 'SimpleImputer', 'strategy': 'mean'}. Best is trial 1 with value: 0.16136546056369813.
running
[I 2024-11-18 17:53:39,357] Trial 175 finished with value: 0.16136546056369813 and parameters: {'model_name': 'SimpleImputer', 'strategy': 'mean'}. Best is trial 1 with value: 0.16136546056369813.
running
[I 2024-11-18 17:53:39,434] Trial 177 finished with value: 0.16136546056369813 and parameters: {'model_name': 'SimpleImputer', 'strategy': 'mean'}. Best is trial 1 with value: 0.16136546056369813.
running
[I 2024-11-18 17:53:39,521] Trial 178 finished with value: 0.16136546056369813 and parameters: {'model_name': 'SimpleImputer', 'strategy': 'mean'}. Best is trial 1 with value: 0.16136546056369813.
[I 2024-11-18 17:53:39,584] Trial 176 finished with value: 0.16136546056369813 and parameters: {'model_name': 'SimpleImputer', 'strategy': 'mean'}. Best is trial 1 with value: 0.16136546056369813.
running
running
[I 2024-11-18 17:53:39,691] Trial 179 finished with value: 0.16136546056369813 and parameters: {'model_name': 'SimpleImputer', 'strategy': 'mean'}. Best is trial 1 with value: 0.16136546056369813.
[I 2024-11-18 17:53:39,758] Trial 168 finished with value: 0.2194282915692917 and parameters: {'model_name': 'SimpleImputer', 'strategy': 'most_frequent'}. Best is trial 1 with value: 0.16136546056369813.
running
running
[I 2024-11-18 17:53:39,826] Trial 181 finished with value: 0.16136546056369813 and parameters: {'model_name': 'SimpleImputer', 'strategy': 'mean'}. Best is trial 1 with value: 0.16136546056369813.
[I 2024-11-18 17:53:39,890] Trial 182 finished with value: 0.16136546056369813 and parameters: {'model_name': 'SimpleImputer', 'strategy': 'mean'}. Best is trial 1 with value: 0.16136546056369813.
running
running
[I 2024-11-18 17:53:39,961] Trial 180 finished with value: 0.16136546056369813 and parameters: {'model_name': 'SimpleImputer', 'strategy': 'mean'}. Best is trial 1 with value: 0.16136546056369813.
running
[I 2024-11-18 17:53:40,034] Trial 184 finished with value: 0.16136546056369813 and parameters: {'model_name': 'SimpleImputer', 'strategy': 'mean'}. Best is trial 1 with value: 0.16136546056369813.
running
[I 2024-11-18 17:53:40,112] Trial 169 finished with value: 0.2194282915692917 and parameters: {'model_name': 'SimpleImputer', 'strategy': 'most_frequent'}. Best is trial 1 with value: 0.16136546056369813.
[I 2024-11-18 17:53:40,112] Trial 183 finished with value: 0.16136546056369813 and parameters: {'model_name': 'SimpleImputer', 'strategy': 'mean'}. Best is trial 1 with value: 0.16136546056369813.
running
[I 2024-11-18 17:53:40,249] Trial 185 finished with value: 0.16136546056369813 and parameters: {'model_name': 'SimpleImputer', 'strategy': 'mean'}. Best is trial 1 with value: 0.16136546056369813.
[I 2024-11-18 17:53:40,310] Trial 187 finished with value: 0.16136546056369813 and parameters: {'model_name': 'SimpleImputer', 'strategy': 'mean'}. Best is trial 1 with value: 0.16136546056369813.
[I 2024-11-18 17:53:40,391] Trial 186 finished with value: 0.16136546056369813 and parameters: {'model_name': 'SimpleImputer', 'strategy': 'mean'}. Best is trial 1 with value: 0.16136546056369813.
[I 2024-11-18 17:53:40,456] Trial 189 finished with value: 0.16136546056369813 and parameters: {'model_name': 'SimpleImputer', 'strategy': 'mean'}. Best is trial 1 with value: 0.16136546056369813.
[I 2024-11-18 17:53:40,527] Trial 188 finished with value: 0.16136546056369813 and parameters: {'model_name': 'SimpleImputer', 'strategy': 'mean'}. Best is trial 1 with value: 0.16136546056369813.
[I 2024-11-18 17:53:40,601] Trial 191 finished with value: 0.16136546056369813 and parameters: {'model_name': 'SimpleImputer', 'strategy': 'mean'}. Best is trial 1 with value: 0.16136546056369813.
[I 2024-11-18 17:53:40,662] Trial 190 finished with value: 0.16136546056369813 and parameters: {'model_name': 'SimpleImputer', 'strategy': 'mean'}. Best is trial 1 with value: 0.16136546056369813.
[I 2024-11-18 17:53:40,738] Trial 192 finished with value: 0.16136546056369813 and parameters: {'model_name': 'SimpleImputer', 'strategy': 'mean'}. Best is trial 1 with value: 0.16136546056369813.
[I 2024-11-18 17:53:40,807] Trial 194 finished with value: 0.16136546056369813 and parameters: {'model_name': 'SimpleImputer', 'strategy': 'mean'}. Best is trial 1 with value: 0.16136546056369813.
[I 2024-11-18 17:53:40,866] Trial 193 finished with value: 0.16136546056369813 and parameters: {'model_name': 'SimpleImputer', 'strategy': 'mean'}. Best is trial 1 with value: 0.16136546056369813.
[I 2024-11-18 17:53:40,931] Trial 195 finished with value: 0.16136546056369813 and parameters: {'model_name': 'SimpleImputer', 'strategy': 'mean'}. Best is trial 1 with value: 0.16136546056369813.
[I 2024-11-18 17:53:40,989] Trial 196 finished with value: 0.16136546056369813 and parameters: {'model_name': 'SimpleImputer', 'strategy': 'mean'}. Best is trial 1 with value: 0.16136546056369813.
[I 2024-11-18 17:53:41,049] Trial 198 finished with value: 0.16136546056369813 and parameters: {'model_name': 'SimpleImputer', 'strategy': 'mean'}. Best is trial 1 with value: 0.16136546056369813.
[I 2024-11-18 17:53:41,107] Trial 197 finished with value: 0.16136546056369813 and parameters: {'model_name': 'SimpleImputer', 'strategy': 'mean'}. Best is trial 1 with value: 0.16136546056369813.
[I 2024-11-18 17:53:41,164] Trial 199 finished with value: 0.16136546056369813 and parameters: {'model_name': 'SimpleImputer', 'strategy': 'mean'}. Best is trial 1 with value: 0.16136546056369813.
fit
simple fit
simple transform
0     0
1     0
2     0
3     0
4     0
5     0
6     0
7     0
8     0
9     0
10    0
11    0
12    0
13    0
14    0
15    0
16    0
17    0
18    0
19    0
20    0
dtype: int64
0     0
1     0
2     0
3     0
4     0
5     0
6     0
7     0
8     0
9     0
10    0
11    0
12    0
13    0
14    0
15    0
16    0
17    0
18    0
19    0
20    0
dtype: int64
0.16136546056369813
{'model_name': 'SimpleImputer', 'strategy': 'mean'}
running experiment 2/3 - Does reconstruction give good automl predictions
Start est fit
Version 0.1.7a0 of tpot2 is outdated. Version 0.1.8a0 was released Tuesday September 17, 2024.
Version 0.1.7a0 of tpot2 is outdated. Version 0.1.8a0 was released Tuesday September 17, 2024.
Version 0.1.7a0 of tpot2 is outdated. Version 0.1.8a0 was released Tuesday September 17, 2024.
Version 0.1.7a0 of tpot2 is outdated. Version 0.1.8a0 was released Tuesday September 17, 2024.
Version 0.1.7a0 of tpot2 is outdated. Version 0.1.8a0 was released Tuesday September 17, 2024.
Version 0.1.7a0 of tpot2 is outdated. Version 0.1.8a0 was released Tuesday September 17, 2024.
Version 0.1.7a0 of tpot2 is outdated. Version 0.1.8a0 was released Tuesday September 17, 2024.
Version 0.1.7a0 of tpot2 is outdated. Version 0.1.8a0 was released Tuesday September 17, 2024.
Version 0.1.7a0 of tpot2 is outdated. Version 0.1.8a0 was released Tuesday September 17, 2024.
Version 0.1.7a0 of tpot2 is outdated. Version 0.1.8a0 was released Tuesday September 17, 2024.
Version 0.1.7a0 of tpot2 is outdated. Version 0.1.8a0 was released Tuesday September 17, 2024.
Version 0.1.7a0 of tpot2 is outdated. Version 0.1.8a0 was released Tuesday September 17, 2024.
Version 0.1.7a0 of tpot2 is outdated. Version 0.1.8a0 was released Tuesday September 17, 2024.
Version 0.1.7a0 of tpot2 is outdated. Version 0.1.8a0 was released Tuesday September 17, 2024.
Version 0.1.7a0 of tpot2 is outdated. Version 0.1.8a0 was released Tuesday September 17, 2024.
Version 0.1.7a0 of tpot2 is outdated. Version 0.1.8a0 was released Tuesday September 17, 2024.
  0%|          | 0/25 [00:00<?, ?it/s]Generation:   0%|          | 0/25 [00:00<?, ?it/s]WARNING THIS INDIVIDUAL CAUSED AND EXCEPTION 
 <tpot2.search_spaces.pipelines.sequential.SequentialPipelineIndividual object at 0x155474d6e050> 
 Argument 'metric' has incorrect type (expected str, got numpy.str_) 
 Traceback (most recent call last):
  File "/common/ketrong/tpotexp/tpot2/tpot2/utils/eval_utils.py", line 53, in objective_nan_wrapper
    value = func_timeout.func_timeout(timeout, objective_function, args=[individual], kwargs=objective_kwargs)
  File "/common/ketrong/tpotexp/env/lib/python3.10/site-packages/func_timeout/dafunc.py", line 108, in func_timeout
    raise_exception(exception)
  File "/common/ketrong/tpotexp/env/lib/python3.10/site-packages/func_timeout/py3_raise.py", line 7, in raise_exception
    raise exception[0] from None
  File "/common/ketrong/tpotexp/tpot2/tpot2/tpot_estimator/estimator.py", line 623, in objective_function
    return objective_function_generator(
  File "/common/ketrong/tpotexp/tpot2/tpot2/tpot_estimator/estimator_utils.py", line 55, in objective_function_generator
    cv_obj_scores = cross_val_score_objective(sklearn.base.clone(pipeline),x,y,scorers=scorers, cv=cv , fold=step)
  File "/common/ketrong/tpotexp/tpot2/tpot2/tpot_estimator/cross_val_utils.py", line 31, in cross_val_score_objective
    this_fold_scores = [sklearn.metrics.get_scorer(scorer)(this_fold_pipeline, X_test, y_test) for scorer in scorers]
  File "/common/ketrong/tpotexp/tpot2/tpot2/tpot_estimator/cross_val_utils.py", line 31, in <listcomp>
    this_fold_scores = [sklearn.metrics.get_scorer(scorer)(this_fold_pipeline, X_test, y_test) for scorer in scorers]
  File "/common/ketrong/tpotexp/env/lib/python3.10/site-packages/sklearn/metrics/_scorer.py", line 279, in __call__
    return self._score(partial(_cached_call, None), estimator, X, y_true, **_kwargs)
  File "/common/ketrong/tpotexp/env/lib/python3.10/site-packages/sklearn/metrics/_scorer.py", line 371, in _score
    y_pred = method_caller(
  File "/common/ketrong/tpotexp/env/lib/python3.10/site-packages/sklearn/metrics/_scorer.py", line 89, in _cached_call
    result, _ = _get_response_values(
  File "/common/ketrong/tpotexp/env/lib/python3.10/site-packages/sklearn/utils/_response.py", line 211, in _get_response_values
    y_pred = prediction_method(X)
  File "/common/ketrong/tpotexp/env/lib/python3.10/site-packages/sklearn/pipeline.py", line 601, in predict
    return self.steps[-1][1].predict(Xt, **params)
  File "/common/ketrong/tpotexp/env/lib/python3.10/site-packages/sklearn/neighbors/_classification.py", line 259, in predict
    probabilities = self.predict_proba(X)
  File "/common/ketrong/tpotexp/env/lib/python3.10/site-packages/sklearn/neighbors/_classification.py", line 343, in predict_proba
    probabilities = ArgKminClassMode.compute(
  File "/common/ketrong/tpotexp/env/lib/python3.10/site-packages/sklearn/metrics/_pairwise_distances_reduction/_dispatcher.py", line 584, in compute
    return ArgKminClassMode64.compute(
TypeError: Argument 'metric' has incorrect type (expected str, got numpy.str_)

Generation:  1
Best f1_score score: 0.9078351218140698
Generation:   4%|▍         | 1/25 [00:44<17:45, 44.38s/it]Generation:  2
Best f1_score score: 0.9300937768079212
Generation:   8%|▊         | 2/25 [00:54<09:20, 24.38s/it]Generation:  3
Best f1_score score: 0.9300937768079212
Generation:  12%|█▏        | 3/25 [01:04<06:25, 17.52s/it]WARNING THIS INDIVIDUAL CAUSED AND EXCEPTION 
 <tpot2.search_spaces.pipelines.sequential.SequentialPipelineIndividual object at 0x155474644880> 
 The 'min_samples_split' parameter of DecisionTreeClassifier must be an int in the range [2, inf) or a float in the range (0.0, 1.0]. Got 1 instead. 
 Traceback (most recent call last):
  File "/common/ketrong/tpotexp/tpot2/tpot2/utils/eval_utils.py", line 53, in objective_nan_wrapper
    value = func_timeout.func_timeout(timeout, objective_function, args=[individual], kwargs=objective_kwargs)
  File "/common/ketrong/tpotexp/env/lib/python3.10/site-packages/func_timeout/dafunc.py", line 108, in func_timeout
    raise_exception(exception)
  File "/common/ketrong/tpotexp/env/lib/python3.10/site-packages/func_timeout/py3_raise.py", line 7, in raise_exception
    raise exception[0] from None
  File "/common/ketrong/tpotexp/tpot2/tpot2/tpot_estimator/estimator.py", line 623, in objective_function
    return objective_function_generator(
  File "/common/ketrong/tpotexp/tpot2/tpot2/tpot_estimator/estimator_utils.py", line 55, in objective_function_generator
    cv_obj_scores = cross_val_score_objective(sklearn.base.clone(pipeline),x,y,scorers=scorers, cv=cv , fold=step)
  File "/common/ketrong/tpotexp/tpot2/tpot2/tpot_estimator/cross_val_utils.py", line 28, in cross_val_score_objective
    this_fold_pipeline.fit(X_train,y_train)
  File "/common/ketrong/tpotexp/env/lib/python3.10/site-packages/sklearn/base.py", line 1473, in wrapper
    return fit_method(estimator, *args, **kwargs)
  File "/common/ketrong/tpotexp/env/lib/python3.10/site-packages/sklearn/pipeline.py", line 473, in fit
    self._final_estimator.fit(Xt, y, **last_step_params["fit"])
  File "/common/ketrong/tpotexp/env/lib/python3.10/site-packages/sklearn/base.py", line 1466, in wrapper
    estimator._validate_params()
  File "/common/ketrong/tpotexp/env/lib/python3.10/site-packages/sklearn/base.py", line 666, in _validate_params
    validate_parameter_constraints(
  File "/common/ketrong/tpotexp/env/lib/python3.10/site-packages/sklearn/utils/_param_validation.py", line 95, in validate_parameter_constraints
    raise InvalidParameterError(
sklearn.utils._param_validation.InvalidParameterError: The 'min_samples_split' parameter of DecisionTreeClassifier must be an int in the range [2, inf) or a float in the range (0.0, 1.0]. Got 1 instead.

Generation:  4
Best f1_score score: 0.9300937768079212
Generation:  16%|█▌        | 4/25 [01:14<05:05, 14.53s/it]Generation:  5
Best f1_score score: 0.944719658937237
Generation:  20%|██        | 5/25 [01:23<04:14, 12.72s/it]Generation:  6
Best f1_score score: 0.944719658937237
Generation:  24%|██▍       | 6/25 [01:35<03:53, 12.29s/it]Generation:  7
Best f1_score score: 0.9532134922856466
Generation:  28%|██▊       | 7/25 [01:46<03:35, 12.00s/it]Generation:  8
Best f1_score score: 0.9532134922856466
Generation:  32%|███▏      | 8/25 [03:21<10:51, 38.30s/it]Generation:  9
Best f1_score score: 0.9532134922856466
Generation:  36%|███▌      | 9/25 [03:30<07:47, 29.22s/it]Generation:  10
Best f1_score score: 0.9532134922856466
Generation:  40%|████      | 10/25 [03:39<05:45, 23.04s/it]Generation:  11
Best f1_score score: 0.9532134922856466
Generation:  44%|████▍     | 11/25 [05:07<10:00, 42.93s/it]Generation:  12
Best f1_score score: 0.9532134922856466
Generation:  48%|████▊     | 12/25 [05:16<07:05, 32.70s/it]Generation:  13
Best f1_score score: 0.9532134922856466
Generation:  52%|█████▏    | 13/25 [05:27<05:13, 26.10s/it]Generation:  14
Best f1_score score: 0.9532134922856466
Generation:  56%|█████▌    | 14/25 [05:37<03:53, 21.23s/it]Generation:  15
Best f1_score score: 0.9532134922856466
Generation:  60%|██████    | 15/25 [05:51<03:10, 19.06s/it]Generation:  16
Best f1_score score: 0.9532134922856466
Generation:  64%|██████▍   | 16/25 [06:02<02:27, 16.41s/it]Generation:  17
Best f1_score score: 0.9532134922856466
Generation:  68%|██████▊   | 17/25 [06:12<01:56, 14.58s/it]Generation:  18
Best f1_score score: 0.9532134922856466
Generation:  72%|███████▏  | 18/25 [08:32<06:07, 52.45s/it]Generation:  19
Best f1_score score: 0.9532134922856466
Generation:  76%|███████▌  | 19/25 [08:45<04:02, 40.38s/it]Generation:  20
Best f1_score score: 0.9532134922856466
Generation:  80%|████████  | 20/25 [09:42<03:46, 45.33s/it]Generation:  21
Best f1_score score: 0.9532134922856466
Generation:  84%|████████▍ | 21/25 [09:54<02:21, 35.49s/it]Generation:  22
Best f1_score score: 0.9532134922856466
Generation:  88%|████████▊ | 22/25 [10:08<01:26, 28.97s/it]Generation:  23
Best f1_score score: 0.9532134922856466
Generation:  92%|█████████▏| 23/25 [11:05<01:15, 37.50s/it]Generation:  24
Best f1_score score: 0.9532134922856466
Generation:  96%|█████████▌| 24/25 [11:18<00:30, 30.13s/it]Generation:  25
Best f1_score score: 0.9532134922856466
Generation: 100%|██████████| 25/25 [11:34<00:00, 25.92s/it]Generation: 100%|██████████| 25/25 [11:37<00:00, 27.91s/it]
2024-11-18 18:05:23,606 - distributed.scheduler - ERROR - Removing worker 'tcp://127.0.0.1:46599' caused the cluster to lose scattered data, which can't be recovered: {'ndarray-b630d46ad1cbbfbb33677ff1ca771924', 'ndarray-7f030f3d78674f91c28b5072900a34d2'} (stimulus_id='handle-worker-cleanup-1731981923.6067033')
Fitted
Pipeline(steps=[('randomforestclassifier',
                 RandomForestClassifier(criterion='entropy',
                                        max_features=0.9113536640451,
                                        min_samples_leaf=2, min_samples_split=6,
                                        n_estimators=128))])
score start
train score: {'auroc': 0.9999119946735361, 'accuracy': 0.9953596287703016, 'balanced_accuracy': 0.9818539602220816, 'logloss': 0.013305869845114742, 'f1': 0.9803598460687099}
original test score: {'auroc': 0.9996508213345924, 'accuracy': 0.9960264900662251, 'balanced_accuracy': 0.9902729603378072, 'logloss': 0.015354687563198162, 'f1': 0.9706870715765982}
imputed test score: {'auroc': 0.9857238780954244, 'accuracy': 0.9854304635761589, 'balanced_accuracy': 0.9196199668225004, 'logloss': 0.1006391680633751, 'f1': 0.9222687566907282}
score end
check intended
EXP2 Finished
running experiment 3/3 - What is the best automl settings?
<tpot2.search_spaces.pipelines.sequential.SequentialPipeline object at 0x15543504f9d0>
Start tpot fit
Version 0.1.7a0 of tpot2 is outdated. Version 0.1.8a0 was released Tuesday September 17, 2024.
Version 0.1.7a0 of tpot2 is outdated. Version 0.1.8a0 was released Tuesday September 17, 2024.
Version 0.1.7a0 of tpot2 is outdated. Version 0.1.8a0 was released Tuesday September 17, 2024.
Version 0.1.7a0 of tpot2 is outdated. Version 0.1.8a0 was released Tuesday September 17, 2024.
Version 0.1.7a0 of tpot2 is outdated. Version 0.1.8a0 was released Tuesday September 17, 2024.
Version 0.1.7a0 of tpot2 is outdated. Version 0.1.8a0 was released Tuesday September 17, 2024.
Version 0.1.7a0 of tpot2 is outdated. Version 0.1.8a0 was released Tuesday September 17, 2024.
Version 0.1.7a0 of tpot2 is outdated. Version 0.1.8a0 was released Tuesday September 17, 2024.
Version 0.1.7a0 of tpot2 is outdated. Version 0.1.8a0 was released Tuesday September 17, 2024.
Version 0.1.7a0 of tpot2 is outdated. Version 0.1.8a0 was released Tuesday September 17, 2024.
Version 0.1.7a0 of tpot2 is outdated. Version 0.1.8a0 was released Tuesday September 17, 2024.
Version 0.1.7a0 of tpot2 is outdated. Version 0.1.8a0 was released Tuesday September 17, 2024.
Version 0.1.7a0 of tpot2 is outdated. Version 0.1.8a0 was released Tuesday September 17, 2024.
Version 0.1.7a0 of tpot2 is outdated. Version 0.1.8a0 was released Tuesday September 17, 2024.
Version 0.1.7a0 of tpot2 is outdated. Version 0.1.8a0 was released Tuesday September 17, 2024.
Version 0.1.7a0 of tpot2 is outdated. Version 0.1.8a0 was released Tuesday September 17, 2024.
  0%|          | 0/25 [00:00<?, ?it/s]Generation:   0%|          | 0/25 [00:00<?, ?it/s]Generation:  1
Best f1_score score: 0.9373771494675726
Generation:   4%|▍         | 1/25 [00:20<08:17, 20.71s/it]Generation:  2
Best f1_score score: 0.9390231572687892
Generation:   8%|▊         | 2/25 [00:40<07:47, 20.32s/it]Generation:  3
Best f1_score score: 0.9506520358952196
Generation:  12%|█▏        | 3/25 [00:53<06:13, 17.00s/it]Generation:  4
Best f1_score score: 0.9506520358952196
Generation:  16%|█▌        | 4/25 [01:00<04:28, 12.77s/it]Generation:  5
Best f1_score score: 0.9506520358952196
Generation:  20%|██        | 5/25 [01:06<03:28, 10.43s/it]Generation:  6
Best f1_score score: 0.9506520358952196
Generation:  24%|██▍       | 6/25 [01:10<02:38,  8.34s/it]Generation:  7
Best f1_score score: 0.9506520358952196
Generation:  28%|██▊       | 7/25 [01:19<02:30,  8.35s/it]Generation:  8
Best f1_score score: 0.9506520358952196
Generation:  32%|███▏      | 8/25 [01:25<02:12,  7.81s/it]Generation:  9
Best f1_score score: 0.9506520358952196
Generation:  36%|███▌      | 9/25 [01:31<01:54,  7.14s/it]Generation:  10
Best f1_score score: 0.9506520358952196
Generation:  40%|████      | 10/25 [01:39<01:49,  7.32s/it]Generation:  11
Best f1_score score: 0.9506520358952196
Generation:  44%|████▍     | 11/25 [01:44<01:33,  6.68s/it]Generation:  12
Best f1_score score: 0.9506520358952196
Generation:  48%|████▊     | 12/25 [03:15<07:01, 32.40s/it]Generation:  13
Best f1_score score: 0.951257696289747
Generation:  52%|█████▏    | 13/25 [03:22<04:56, 24.71s/it]Generation:  14
Best f1_score score: 0.951257696289747
Generation:  56%|█████▌    | 14/25 [03:28<03:28, 18.99s/it]Generation:  15
Best f1_score score: 0.951257696289747
Generation:  60%|██████    | 15/25 [03:36<02:35, 15.60s/it]Generation:  16
Best f1_score score: 0.9523201047328962
Generation:  64%|██████▍   | 16/25 [03:42<01:56, 12.98s/it]Generation:  17
Best f1_score score: 0.9523201047328962
Generation:  68%|██████▊   | 17/25 [03:49<01:27, 10.95s/it]Generation:  18
Best f1_score score: 0.9523201047328962
Generation:  72%|███████▏  | 18/25 [04:03<01:22, 11.83s/it]Generation:  19
Best f1_score score: 0.9523201047328962
Generation:  76%|███████▌  | 19/25 [04:10<01:03, 10.64s/it]Generation:  20
Best f1_score score: 0.9523201047328962
Generation:  80%|████████  | 20/25 [06:02<03:24, 40.93s/it]Generation:  21
Best f1_score score: 0.9523201047328962
Generation:  84%|████████▍ | 21/25 [06:10<02:03, 30.96s/it]Generation:  22
Best f1_score score: 0.9523201047328962
Generation:  88%|████████▊ | 22/25 [06:17<01:11, 23.87s/it]Generation:  23
Best f1_score score: 0.9523201047328962
Generation:  92%|█████████▏| 23/25 [06:21<00:35, 17.98s/it]Generation:  24
Best f1_score score: 0.9523201047328962
Generation:  96%|█████████▌| 24/25 [06:29<00:14, 14.88s/it]Generation:  25
Best f1_score score: 0.9523201047328962
Generation: 100%|██████████| 25/25 [06:33<00:00, 11.53s/it]Generation: 100%|██████████| 25/25 [06:33<00:00, 15.73s/it]
2024-11-18 18:12:03,576 - distributed.scheduler - ERROR - Removing worker 'tcp://127.0.0.1:34105' caused the cluster to lose scattered data, which can't be recovered: {'ndarray-b630d46ad1cbbfbb33677ff1ca771924', 'DataFrame-166b115491ab7561be7a47d97f867193'} (stimulus_id='handle-worker-cleanup-1731982323.5767791')
Fitted
Pipeline(steps=[('simpleimputer', SimpleImputer()),
                ('lgbmclassifier',
                 LGBMClassifier(max_depth=7, n_estimators=57, n_jobs=1,
                                num_leaves=180, verbose=-1))])
transform worked
try transform
transform worked
score start
train score: {'auroc': 1.0, 'accuracy': 1.0, 'balanced_accuracy': 1.0, 'logloss': 0.004595561676156609, 'f1': 1.0}
test score: {'auroc': 0.9951785083136994, 'accuracy': 0.9841059602649007, 'balanced_accuracy': 0.8850098024430704, 'logloss': 0.06515423433395996, 'f1': 0.9103238779556314}
original test score: {'auroc': 0.9997448733615512, 'accuracy': 0.9947019867549669, 'balanced_accuracy': 0.9556627959583773, 'logloss': 0.014294658610140603, 'f1': 0.9597520166438525}
score end
40497
lvl
0.1
type
MCAR
num_run
1
class_simple
finished
all finished
full run takes
0.31421037872632346
hours
DONE
