Run: 24
/cm/local/apps/slurm/var/spool/job1039197/slurm_script: line 26: 
pip install -e tpot2
pip install -r tpot2/ImputerExperiments/requirements_.txt
: No such file or directory
RunStart
Version 0.1.7a0 of tpot2 is outdated. Version 0.1.8a0 was released Tuesday September 17, 2024.
starting loops
../data/c/901/901.pkl
working on 
../data/c/901/class_simple_MNAR_0.5_1
1.556633472442627
running experiment 1/3 - Does large hyperparameter space improve reconstruction accuracy over simple
[I 2024-11-03 17:28:28,617] A new study created in memory with name: no-name-03553bd8-beac-43e3-9d8f-01a2304ef47e
running
running
running
running
running
running
running
running
running
running
running
running
running
running
running
running
[I 2024-11-03 17:28:29,121] Trial 6 finished with value: 0.40685429095324305 and parameters: {'model_name': 'SimpleImputer', 'strategy': 'constant'}. Best is trial 6 with value: 0.40685429095324305.
running
[I 2024-11-03 17:28:29,312] Trial 5 finished with value: 0.40685429095324305 and parameters: {'model_name': 'SimpleImputer', 'strategy': 'constant'}. Best is trial 6 with value: 0.40685429095324305.
running
[I 2024-11-03 17:28:29,461] Trial 3 finished with value: 0.40685429095324305 and parameters: {'model_name': 'SimpleImputer', 'strategy': 'constant'}. Best is trial 6 with value: 0.40685429095324305.
running
[I 2024-11-03 17:28:29,593] Trial 1 finished with value: 0.26865791670234823 and parameters: {'model_name': 'SimpleImputer', 'strategy': 'mean'}. Best is trial 1 with value: 0.26865791670234823.
running
[I 2024-11-03 17:28:29,740] Trial 10 finished with value: 0.40685429095324305 and parameters: {'model_name': 'SimpleImputer', 'strategy': 'constant'}. Best is trial 1 with value: 0.26865791670234823.
running
[I 2024-11-03 17:28:29,913] Trial 12 finished with value: 0.26865791670234823 and parameters: {'model_name': 'SimpleImputer', 'strategy': 'mean'}. Best is trial 1 with value: 0.26865791670234823.
running
[I 2024-11-03 17:28:30,079] Trial 14 finished with value: 0.26865791670234823 and parameters: {'model_name': 'SimpleImputer', 'strategy': 'mean'}. Best is trial 1 with value: 0.26865791670234823.
running
[I 2024-11-03 17:28:30,230] Trial 0 finished with value: 0.26865791670234823 and parameters: {'model_name': 'SimpleImputer', 'strategy': 'mean'}. Best is trial 1 with value: 0.26865791670234823.
running
[I 2024-11-03 17:28:30,602] Trial 15 finished with value: 0.4051176876375731 and parameters: {'model_name': 'SimpleImputer', 'strategy': 'median'}. Best is trial 1 with value: 0.26865791670234823.
running
[I 2024-11-03 17:28:30,766] Trial 16 finished with value: 0.40685429095324305 and parameters: {'model_name': 'SimpleImputer', 'strategy': 'constant'}. Best is trial 1 with value: 0.26865791670234823.
[I 2024-11-03 17:28:30,881] Trial 8 finished with value: 0.4051176876375731 and parameters: {'model_name': 'SimpleImputer', 'strategy': 'median'}. Best is trial 1 with value: 0.26865791670234823.
running
[I 2024-11-03 17:28:30,990] Trial 18 finished with value: 0.40685429095324305 and parameters: {'model_name': 'SimpleImputer', 'strategy': 'constant'}. Best is trial 1 with value: 0.26865791670234823.
running
running
[I 2024-11-03 17:28:31,206] Trial 19 finished with value: 0.40685429095324305 and parameters: {'model_name': 'SimpleImputer', 'strategy': 'constant'}. Best is trial 1 with value: 0.26865791670234823.
running
[I 2024-11-03 17:28:31,391] Trial 4 finished with value: 0.40685429095324305 and parameters: {'model_name': 'SimpleImputer', 'strategy': 'most_frequent'}. Best is trial 1 with value: 0.26865791670234823.
running
[I 2024-11-03 17:28:31,519] Trial 20 finished with value: 0.40685429095324305 and parameters: {'model_name': 'SimpleImputer', 'strategy': 'constant'}. Best is trial 1 with value: 0.26865791670234823.
running
[I 2024-11-03 17:28:31,665] Trial 2 finished with value: 0.40685429095324305 and parameters: {'model_name': 'SimpleImputer', 'strategy': 'most_frequent'}. Best is trial 1 with value: 0.26865791670234823.
running
[I 2024-11-03 17:28:31,819] Trial 13 finished with value: 0.40685429095324305 and parameters: {'model_name': 'SimpleImputer', 'strategy': 'most_frequent'}. Best is trial 1 with value: 0.26865791670234823.
running
[I 2024-11-03 17:28:32,036] Trial 7 finished with value: 0.40685429095324305 and parameters: {'model_name': 'SimpleImputer', 'strategy': 'most_frequent'}. Best is trial 1 with value: 0.26865791670234823.
[I 2024-11-03 17:28:32,155] Trial 22 finished with value: 0.40685429095324305 and parameters: {'model_name': 'SimpleImputer', 'strategy': 'constant'}. Best is trial 1 with value: 0.26865791670234823.
running
running
[I 2024-11-03 17:28:32,348] Trial 9 finished with value: 0.40685429095324305 and parameters: {'model_name': 'SimpleImputer', 'strategy': 'most_frequent'}. Best is trial 1 with value: 0.26865791670234823.
running
[I 2024-11-03 17:28:32,533] Trial 11 finished with value: 0.40685429095324305 and parameters: {'model_name': 'SimpleImputer', 'strategy': 'most_frequent'}. Best is trial 1 with value: 0.26865791670234823.
running
[I 2024-11-03 17:28:32,736] Trial 17 finished with value: 0.40685429095324305 and parameters: {'model_name': 'SimpleImputer', 'strategy': 'most_frequent'}. Best is trial 1 with value: 0.26865791670234823.
running
[I 2024-11-03 17:28:32,862] Trial 24 finished with value: 0.40685429095324305 and parameters: {'model_name': 'SimpleImputer', 'strategy': 'constant'}. Best is trial 1 with value: 0.26865791670234823.
running
[I 2024-11-03 17:28:32,994] Trial 25 finished with value: 0.26865791670234823 and parameters: {'model_name': 'SimpleImputer', 'strategy': 'mean'}. Best is trial 1 with value: 0.26865791670234823.
running
[I 2024-11-03 17:28:33,245] Trial 30 finished with value: 0.26865791670234823 and parameters: {'model_name': 'SimpleImputer', 'strategy': 'mean'}. Best is trial 1 with value: 0.26865791670234823.
[I 2024-11-03 17:28:33,357] Trial 21 finished with value: 0.40685429095324305 and parameters: {'model_name': 'SimpleImputer', 'strategy': 'most_frequent'}. Best is trial 1 with value: 0.26865791670234823.
running
running
[I 2024-11-03 17:28:33,508] Trial 29 finished with value: 0.26865791670234823 and parameters: {'model_name': 'SimpleImputer', 'strategy': 'mean'}. Best is trial 1 with value: 0.26865791670234823.
running
[I 2024-11-03 17:28:33,617] Trial 32 finished with value: 0.26865791670234823 and parameters: {'model_name': 'SimpleImputer', 'strategy': 'mean'}. Best is trial 1 with value: 0.26865791670234823.
[I 2024-11-03 17:28:33,731] Trial 31 finished with value: 0.26865791670234823 and parameters: {'model_name': 'SimpleImputer', 'strategy': 'mean'}. Best is trial 1 with value: 0.26865791670234823.
running
running
[I 2024-11-03 17:28:33,976] Trial 33 finished with value: 0.26865791670234823 and parameters: {'model_name': 'SimpleImputer', 'strategy': 'mean'}. Best is trial 1 with value: 0.26865791670234823.
running
[I 2024-11-03 17:28:34,138] Trial 34 finished with value: 0.26865791670234823 and parameters: {'model_name': 'SimpleImputer', 'strategy': 'mean'}. Best is trial 1 with value: 0.26865791670234823.
running
[I 2024-11-03 17:28:34,264] Trial 35 finished with value: 0.26865791670234823 and parameters: {'model_name': 'SimpleImputer', 'strategy': 'mean'}. Best is trial 1 with value: 0.26865791670234823.
running
[I 2024-11-03 17:28:34,427] Trial 36 finished with value: 0.26865791670234823 and parameters: {'model_name': 'SimpleImputer', 'strategy': 'mean'}. Best is trial 1 with value: 0.26865791670234823.
running
[I 2024-11-03 17:28:34,625] Trial 23 finished with value: 0.40685429095324305 and parameters: {'model_name': 'SimpleImputer', 'strategy': 'most_frequent'}. Best is trial 1 with value: 0.26865791670234823.
[I 2024-11-03 17:28:34,634] Trial 37 finished with value: 0.26865791670234823 and parameters: {'model_name': 'SimpleImputer', 'strategy': 'mean'}. Best is trial 1 with value: 0.26865791670234823.
running
running
[I 2024-11-03 17:28:34,941] Trial 27 finished with value: 0.40685429095324305 and parameters: {'model_name': 'SimpleImputer', 'strategy': 'most_frequent'}. Best is trial 1 with value: 0.26865791670234823.
[I 2024-11-03 17:28:35,050] Trial 28 finished with value: 0.40685429095324305 and parameters: {'model_name': 'SimpleImputer', 'strategy': 'most_frequent'}. Best is trial 1 with value: 0.26865791670234823.
running
running
[I 2024-11-03 17:28:35,202] Trial 38 finished with value: 0.26865791670234823 and parameters: {'model_name': 'SimpleImputer', 'strategy': 'mean'}. Best is trial 1 with value: 0.26865791670234823.
running
[I 2024-11-03 17:28:35,336] Trial 39 finished with value: 0.26865791670234823 and parameters: {'model_name': 'SimpleImputer', 'strategy': 'mean'}. Best is trial 1 with value: 0.26865791670234823.
[I 2024-11-03 17:28:35,445] Trial 26 finished with value: 0.40685429095324305 and parameters: {'model_name': 'SimpleImputer', 'strategy': 'most_frequent'}. Best is trial 1 with value: 0.26865791670234823.
running
running
[I 2024-11-03 17:28:35,591] Trial 43 finished with value: 0.26865791670234823 and parameters: {'model_name': 'SimpleImputer', 'strategy': 'mean'}. Best is trial 1 with value: 0.26865791670234823.
running
[I 2024-11-03 17:28:35,712] Trial 44 finished with value: 0.26865791670234823 and parameters: {'model_name': 'SimpleImputer', 'strategy': 'mean'}. Best is trial 1 with value: 0.26865791670234823.
[I 2024-11-03 17:28:35,820] Trial 40 finished with value: 0.26865791670234823 and parameters: {'model_name': 'SimpleImputer', 'strategy': 'mean'}. Best is trial 1 with value: 0.26865791670234823.
[I 2024-11-03 17:28:35,931] Trial 41 finished with value: 0.26865791670234823 and parameters: {'model_name': 'SimpleImputer', 'strategy': 'mean'}. Best is trial 1 with value: 0.26865791670234823.
running
running
running
[I 2024-11-03 17:28:36,115] Trial 46 finished with value: 0.26865791670234823 and parameters: {'model_name': 'SimpleImputer', 'strategy': 'mean'}. Best is trial 1 with value: 0.26865791670234823.
running
[I 2024-11-03 17:28:36,296] Trial 42 finished with value: 0.26865791670234823 and parameters: {'model_name': 'SimpleImputer', 'strategy': 'mean'}. Best is trial 1 with value: 0.26865791670234823.
running
[I 2024-11-03 17:28:36,449] Trial 45 finished with value: 0.26865791670234823 and parameters: {'model_name': 'SimpleImputer', 'strategy': 'mean'}. Best is trial 1 with value: 0.26865791670234823.
running
[I 2024-11-03 17:28:36,609] Trial 47 finished with value: 0.26865791670234823 and parameters: {'model_name': 'SimpleImputer', 'strategy': 'mean'}. Best is trial 1 with value: 0.26865791670234823.
[I 2024-11-03 17:28:36,710] Trial 48 finished with value: 0.26865791670234823 and parameters: {'model_name': 'SimpleImputer', 'strategy': 'mean'}. Best is trial 1 with value: 0.26865791670234823.
running
running
[I 2024-11-03 17:28:36,953] Trial 50 finished with value: 0.26865791670234823 and parameters: {'model_name': 'SimpleImputer', 'strategy': 'mean'}. Best is trial 1 with value: 0.26865791670234823.
running
[I 2024-11-03 17:28:37,063] Trial 52 finished with value: 0.26865791670234823 and parameters: {'model_name': 'SimpleImputer', 'strategy': 'mean'}. Best is trial 1 with value: 0.26865791670234823.
running
[I 2024-11-03 17:28:37,198] Trial 49 finished with value: 0.26865791670234823 and parameters: {'model_name': 'SimpleImputer', 'strategy': 'mean'}. Best is trial 1 with value: 0.26865791670234823.
running
[I 2024-11-03 17:28:37,350] Trial 51 finished with value: 0.26865791670234823 and parameters: {'model_name': 'SimpleImputer', 'strategy': 'mean'}. Best is trial 1 with value: 0.26865791670234823.
running
[I 2024-11-03 17:28:37,519] Trial 56 finished with value: 0.26865791670234823 and parameters: {'model_name': 'SimpleImputer', 'strategy': 'mean'}. Best is trial 1 with value: 0.26865791670234823.
running
[I 2024-11-03 17:28:37,795] Trial 57 finished with value: 0.4051176876375731 and parameters: {'model_name': 'SimpleImputer', 'strategy': 'median'}. Best is trial 1 with value: 0.26865791670234823.
running
[I 2024-11-03 17:28:37,930] Trial 53 finished with value: 0.4051176876375731 and parameters: {'model_name': 'SimpleImputer', 'strategy': 'median'}. Best is trial 1 with value: 0.26865791670234823.
running
[I 2024-11-03 17:28:38,123] Trial 55 finished with value: 0.4051176876375731 and parameters: {'model_name': 'SimpleImputer', 'strategy': 'median'}. Best is trial 1 with value: 0.26865791670234823.
running
[I 2024-11-03 17:28:38,248] Trial 59 finished with value: 0.4051176876375731 and parameters: {'model_name': 'SimpleImputer', 'strategy': 'median'}. Best is trial 1 with value: 0.26865791670234823.
[I 2024-11-03 17:28:38,356] Trial 61 finished with value: 0.4051176876375731 and parameters: {'model_name': 'SimpleImputer', 'strategy': 'median'}. Best is trial 1 with value: 0.26865791670234823.
running
running
[I 2024-11-03 17:28:38,547] Trial 58 finished with value: 0.4051176876375731 and parameters: {'model_name': 'SimpleImputer', 'strategy': 'median'}. Best is trial 1 with value: 0.26865791670234823.
running
[I 2024-11-03 17:28:38,689] Trial 60 finished with value: 0.4051176876375731 and parameters: {'model_name': 'SimpleImputer', 'strategy': 'median'}. Best is trial 1 with value: 0.26865791670234823.
running
[I 2024-11-03 17:28:38,846] Trial 54 finished with value: 0.4051176876375731 and parameters: {'model_name': 'SimpleImputer', 'strategy': 'median'}. Best is trial 1 with value: 0.26865791670234823.
running
[I 2024-11-03 17:28:39,005] Trial 62 finished with value: 0.4051176876375731 and parameters: {'model_name': 'SimpleImputer', 'strategy': 'median'}. Best is trial 1 with value: 0.26865791670234823.
[I 2024-11-03 17:28:39,110] Trial 64 finished with value: 0.4051176876375731 and parameters: {'model_name': 'SimpleImputer', 'strategy': 'median'}. Best is trial 1 with value: 0.26865791670234823.
running
running
[I 2024-11-03 17:28:39,265] Trial 63 finished with value: 0.4051176876375731 and parameters: {'model_name': 'SimpleImputer', 'strategy': 'median'}. Best is trial 1 with value: 0.26865791670234823.
running
[I 2024-11-03 17:28:39,443] Trial 65 finished with value: 0.4051176876375731 and parameters: {'model_name': 'SimpleImputer', 'strategy': 'median'}. Best is trial 1 with value: 0.26865791670234823.
running
[I 2024-11-03 17:28:39,580] Trial 66 finished with value: 0.4051176876375731 and parameters: {'model_name': 'SimpleImputer', 'strategy': 'median'}. Best is trial 1 with value: 0.26865791670234823.
running
[I 2024-11-03 17:28:39,737] Trial 67 finished with value: 0.4051176876375731 and parameters: {'model_name': 'SimpleImputer', 'strategy': 'median'}. Best is trial 1 with value: 0.26865791670234823.
running
[I 2024-11-03 17:28:39,899] Trial 72 finished with value: 0.26865791670234823 and parameters: {'model_name': 'SimpleImputer', 'strategy': 'mean'}. Best is trial 1 with value: 0.26865791670234823.
running
[I 2024-11-03 17:28:40,087] Trial 74 finished with value: 0.26865791670234823 and parameters: {'model_name': 'SimpleImputer', 'strategy': 'mean'}. Best is trial 1 with value: 0.26865791670234823.
running
[I 2024-11-03 17:28:40,237] Trial 68 finished with value: 0.4051176876375731 and parameters: {'model_name': 'SimpleImputer', 'strategy': 'median'}. Best is trial 1 with value: 0.26865791670234823.
[I 2024-11-03 17:28:40,339] Trial 69 finished with value: 0.4051176876375731 and parameters: {'model_name': 'SimpleImputer', 'strategy': 'median'}. Best is trial 1 with value: 0.26865791670234823.
running
running
[I 2024-11-03 17:28:40,518] Trial 73 finished with value: 0.26865791670234823 and parameters: {'model_name': 'SimpleImputer', 'strategy': 'mean'}. Best is trial 1 with value: 0.26865791670234823.
running
[I 2024-11-03 17:28:40,630] Trial 77 finished with value: 0.26865791670234823 and parameters: {'model_name': 'SimpleImputer', 'strategy': 'mean'}. Best is trial 1 with value: 0.26865791670234823.
[I 2024-11-03 17:28:40,732] Trial 70 finished with value: 0.4051176876375731 and parameters: {'model_name': 'SimpleImputer', 'strategy': 'median'}. Best is trial 1 with value: 0.26865791670234823.
running
running
[I 2024-11-03 17:28:40,879] Trial 75 finished with value: 0.26865791670234823 and parameters: {'model_name': 'SimpleImputer', 'strategy': 'mean'}. Best is trial 1 with value: 0.26865791670234823.
running
[I 2024-11-03 17:28:41,006] Trial 76 finished with value: 0.26865791670234823 and parameters: {'model_name': 'SimpleImputer', 'strategy': 'mean'}. Best is trial 1 with value: 0.26865791670234823.
running
[I 2024-11-03 17:28:41,129] Trial 78 finished with value: 0.26865791670234823 and parameters: {'model_name': 'SimpleImputer', 'strategy': 'mean'}. Best is trial 1 with value: 0.26865791670234823.
running
[I 2024-11-03 17:28:41,242] Trial 71 finished with value: 0.4051176876375731 and parameters: {'model_name': 'SimpleImputer', 'strategy': 'median'}. Best is trial 1 with value: 0.26865791670234823.
running
[I 2024-11-03 17:28:41,369] Trial 80 finished with value: 0.26865791670234823 and parameters: {'model_name': 'SimpleImputer', 'strategy': 'mean'}. Best is trial 1 with value: 0.26865791670234823.
running
[I 2024-11-03 17:28:41,524] Trial 79 finished with value: 0.26865791670234823 and parameters: {'model_name': 'SimpleImputer', 'strategy': 'mean'}. Best is trial 1 with value: 0.26865791670234823.
running
[I 2024-11-03 17:28:41,667] Trial 81 finished with value: 0.26865791670234823 and parameters: {'model_name': 'SimpleImputer', 'strategy': 'mean'}. Best is trial 1 with value: 0.26865791670234823.
running
[I 2024-11-03 17:28:41,806] Trial 82 finished with value: 0.26865791670234823 and parameters: {'model_name': 'SimpleImputer', 'strategy': 'mean'}. Best is trial 1 with value: 0.26865791670234823.
running
[I 2024-11-03 17:28:42,067] Trial 83 finished with value: 0.26865791670234823 and parameters: {'model_name': 'SimpleImputer', 'strategy': 'mean'}. Best is trial 1 with value: 0.26865791670234823.
running
[I 2024-11-03 17:28:42,204] Trial 84 finished with value: 0.26865791670234823 and parameters: {'model_name': 'SimpleImputer', 'strategy': 'mean'}. Best is trial 1 with value: 0.26865791670234823.
running
[I 2024-11-03 17:28:42,334] Trial 87 finished with value: 0.26865791670234823 and parameters: {'model_name': 'SimpleImputer', 'strategy': 'mean'}. Best is trial 1 with value: 0.26865791670234823.
[I 2024-11-03 17:28:42,469] Trial 90 finished with value: 0.26865791670234823 and parameters: {'model_name': 'SimpleImputer', 'strategy': 'mean'}. Best is trial 1 with value: 0.26865791670234823.
running
running
[I 2024-11-03 17:28:42,641] Trial 88 finished with value: 0.26865791670234823 and parameters: {'model_name': 'SimpleImputer', 'strategy': 'mean'}. Best is trial 1 with value: 0.26865791670234823.
[I 2024-11-03 17:28:42,746] Trial 85 finished with value: 0.26865791670234823 and parameters: {'model_name': 'SimpleImputer', 'strategy': 'mean'}. Best is trial 1 with value: 0.26865791670234823.
running
running
[I 2024-11-03 17:28:42,900] Trial 86 finished with value: 0.26865791670234823 and parameters: {'model_name': 'SimpleImputer', 'strategy': 'mean'}. Best is trial 1 with value: 0.26865791670234823.
[I 2024-11-03 17:28:43,004] Trial 92 finished with value: 0.26865791670234823 and parameters: {'model_name': 'SimpleImputer', 'strategy': 'mean'}. Best is trial 1 with value: 0.26865791670234823.
running
running
[I 2024-11-03 17:28:43,146] Trial 89 finished with value: 0.26865791670234823 and parameters: {'model_name': 'SimpleImputer', 'strategy': 'mean'}. Best is trial 1 with value: 0.26865791670234823.
running
[I 2024-11-03 17:28:43,295] Trial 95 finished with value: 0.26865791670234823 and parameters: {'model_name': 'SimpleImputer', 'strategy': 'mean'}. Best is trial 1 with value: 0.26865791670234823.
running
[I 2024-11-03 17:28:43,414] Trial 94 finished with value: 0.26865791670234823 and parameters: {'model_name': 'SimpleImputer', 'strategy': 'mean'}. Best is trial 1 with value: 0.26865791670234823.
running
[I 2024-11-03 17:28:43,602] Trial 96 finished with value: 0.26865791670234823 and parameters: {'model_name': 'SimpleImputer', 'strategy': 'mean'}. Best is trial 1 with value: 0.26865791670234823.
[I 2024-11-03 17:28:43,709] Trial 91 finished with value: 0.26865791670234823 and parameters: {'model_name': 'SimpleImputer', 'strategy': 'mean'}. Best is trial 1 with value: 0.26865791670234823.
running
[I 2024-11-03 17:28:43,819] Trial 97 finished with value: 0.26865791670234823 and parameters: {'model_name': 'SimpleImputer', 'strategy': 'mean'}. Best is trial 1 with value: 0.26865791670234823.
running
running
[I 2024-11-03 17:28:43,992] Trial 93 finished with value: 0.26865791670234823 and parameters: {'model_name': 'SimpleImputer', 'strategy': 'mean'}. Best is trial 1 with value: 0.26865791670234823.
running
[I 2024-11-03 17:28:44,154] Trial 100 finished with value: 0.40685429095324305 and parameters: {'model_name': 'SimpleImputer', 'strategy': 'constant'}. Best is trial 1 with value: 0.26865791670234823.
running
[I 2024-11-03 17:28:44,300] Trial 98 finished with value: 0.26865791670234823 and parameters: {'model_name': 'SimpleImputer', 'strategy': 'mean'}. Best is trial 1 with value: 0.26865791670234823.
running
[I 2024-11-03 17:28:44,478] Trial 99 finished with value: 0.40685429095324305 and parameters: {'model_name': 'SimpleImputer', 'strategy': 'constant'}. Best is trial 1 with value: 0.26865791670234823.
[I 2024-11-03 17:28:44,579] Trial 102 finished with value: 0.40685429095324305 and parameters: {'model_name': 'SimpleImputer', 'strategy': 'constant'}. Best is trial 1 with value: 0.26865791670234823.
running
running
[I 2024-11-03 17:28:44,718] Trial 103 finished with value: 0.40685429095324305 and parameters: {'model_name': 'SimpleImputer', 'strategy': 'constant'}. Best is trial 1 with value: 0.26865791670234823.
running
[I 2024-11-03 17:28:44,860] Trial 101 finished with value: 0.40685429095324305 and parameters: {'model_name': 'SimpleImputer', 'strategy': 'constant'}. Best is trial 1 with value: 0.26865791670234823.
running
[I 2024-11-03 17:28:44,973] Trial 104 finished with value: 0.40685429095324305 and parameters: {'model_name': 'SimpleImputer', 'strategy': 'constant'}. Best is trial 1 with value: 0.26865791670234823.
running
[I 2024-11-03 17:28:45,156] Trial 105 finished with value: 0.40685429095324305 and parameters: {'model_name': 'SimpleImputer', 'strategy': 'constant'}. Best is trial 1 with value: 0.26865791670234823.
running
[I 2024-11-03 17:28:45,317] Trial 106 finished with value: 0.40685429095324305 and parameters: {'model_name': 'SimpleImputer', 'strategy': 'constant'}. Best is trial 1 with value: 0.26865791670234823.
running
[I 2024-11-03 17:28:45,443] Trial 111 finished with value: 0.40685429095324305 and parameters: {'model_name': 'SimpleImputer', 'strategy': 'constant'}. Best is trial 1 with value: 0.26865791670234823.
[I 2024-11-03 17:28:45,582] Trial 107 finished with value: 0.40685429095324305 and parameters: {'model_name': 'SimpleImputer', 'strategy': 'constant'}. Best is trial 1 with value: 0.26865791670234823.
running
running
[I 2024-11-03 17:28:45,734] Trial 108 finished with value: 0.40685429095324305 and parameters: {'model_name': 'SimpleImputer', 'strategy': 'constant'}. Best is trial 1 with value: 0.26865791670234823.
running
[I 2024-11-03 17:28:45,869] Trial 109 finished with value: 0.40685429095324305 and parameters: {'model_name': 'SimpleImputer', 'strategy': 'constant'}. Best is trial 1 with value: 0.26865791670234823.
[I 2024-11-03 17:28:45,973] Trial 112 finished with value: 0.40685429095324305 and parameters: {'model_name': 'SimpleImputer', 'strategy': 'constant'}. Best is trial 1 with value: 0.26865791670234823.
running
running
[I 2024-11-03 17:28:46,169] Trial 110 finished with value: 0.40685429095324305 and parameters: {'model_name': 'SimpleImputer', 'strategy': 'constant'}. Best is trial 1 with value: 0.26865791670234823.
running
[I 2024-11-03 17:28:46,483] Trial 114 finished with value: 0.40685429095324305 and parameters: {'model_name': 'SimpleImputer', 'strategy': 'constant'}. Best is trial 1 with value: 0.26865791670234823.
running
[I 2024-11-03 17:28:47,036] Trial 123 finished with value: 0.26865791670234823 and parameters: {'model_name': 'SimpleImputer', 'strategy': 'mean'}. Best is trial 1 with value: 0.26865791670234823.
running
[I 2024-11-03 17:28:47,574] Trial 115 finished with value: 0.40685429095324305 and parameters: {'model_name': 'SimpleImputer', 'strategy': 'most_frequent'}. Best is trial 1 with value: 0.26865791670234823.
running
[I 2024-11-03 17:28:47,786] Trial 113 finished with value: 0.40685429095324305 and parameters: {'model_name': 'SimpleImputer', 'strategy': 'most_frequent'}. Best is trial 1 with value: 0.26865791670234823.
running
[I 2024-11-03 17:28:47,974] Trial 116 finished with value: 0.40685429095324305 and parameters: {'model_name': 'SimpleImputer', 'strategy': 'most_frequent'}. Best is trial 1 with value: 0.26865791670234823.
[I 2024-11-03 17:28:48,097] Trial 119 finished with value: 0.40685429095324305 and parameters: {'model_name': 'SimpleImputer', 'strategy': 'most_frequent'}. Best is trial 1 with value: 0.26865791670234823.
running
running
[I 2024-11-03 17:28:48,301] Trial 122 finished with value: 0.40685429095324305 and parameters: {'model_name': 'SimpleImputer', 'strategy': 'most_frequent'}. Best is trial 1 with value: 0.26865791670234823.
running
[I 2024-11-03 17:28:48,437] Trial 117 finished with value: 0.40685429095324305 and parameters: {'model_name': 'SimpleImputer', 'strategy': 'most_frequent'}. Best is trial 1 with value: 0.26865791670234823.
running
[I 2024-11-03 17:28:48,563] Trial 127 finished with value: 0.40685429095324305 and parameters: {'model_name': 'SimpleImputer', 'strategy': 'most_frequent'}. Best is trial 1 with value: 0.26865791670234823.
running
[I 2024-11-03 17:28:48,736] Trial 126 finished with value: 0.40685429095324305 and parameters: {'model_name': 'SimpleImputer', 'strategy': 'most_frequent'}. Best is trial 1 with value: 0.26865791670234823.
running
[I 2024-11-03 17:28:48,937] Trial 129 finished with value: 0.40685429095324305 and parameters: {'model_name': 'SimpleImputer', 'strategy': 'most_frequent'}. Best is trial 1 with value: 0.26865791670234823.
[I 2024-11-03 17:28:49,047] Trial 118 finished with value: 0.40685429095324305 and parameters: {'model_name': 'SimpleImputer', 'strategy': 'most_frequent'}. Best is trial 1 with value: 0.26865791670234823.
[I 2024-11-03 17:28:49,160] Trial 121 finished with value: 0.40685429095324305 and parameters: {'model_name': 'SimpleImputer', 'strategy': 'most_frequent'}. Best is trial 1 with value: 0.26865791670234823.
running
[I 2024-11-03 17:28:49,267] Trial 120 finished with value: 0.40685429095324305 and parameters: {'model_name': 'SimpleImputer', 'strategy': 'most_frequent'}. Best is trial 1 with value: 0.26865791670234823.
running
running
running
[I 2024-11-03 17:28:49,451] Trial 128 finished with value: 0.40685429095324305 and parameters: {'model_name': 'SimpleImputer', 'strategy': 'most_frequent'}. Best is trial 1 with value: 0.26865791670234823.
running
[I 2024-11-03 17:28:49,586] Trial 124 finished with value: 0.40685429095324305 and parameters: {'model_name': 'SimpleImputer', 'strategy': 'most_frequent'}. Best is trial 1 with value: 0.26865791670234823.
running
[I 2024-11-03 17:28:49,818] Trial 131 finished with value: 0.26865791670234823 and parameters: {'model_name': 'SimpleImputer', 'strategy': 'mean'}. Best is trial 1 with value: 0.26865791670234823.
running
[I 2024-11-03 17:28:49,978] Trial 125 finished with value: 0.40685429095324305 and parameters: {'model_name': 'SimpleImputer', 'strategy': 'most_frequent'}. Best is trial 1 with value: 0.26865791670234823.
running
[I 2024-11-03 17:28:50,105] Trial 132 finished with value: 0.26865791670234823 and parameters: {'model_name': 'SimpleImputer', 'strategy': 'mean'}. Best is trial 1 with value: 0.26865791670234823.
running
[I 2024-11-03 17:28:50,325] Trial 135 finished with value: 0.26865791670234823 and parameters: {'model_name': 'SimpleImputer', 'strategy': 'mean'}. Best is trial 1 with value: 0.26865791670234823.
running
[I 2024-11-03 17:28:50,462] Trial 133 finished with value: 0.26865791670234823 and parameters: {'model_name': 'SimpleImputer', 'strategy': 'mean'}. Best is trial 1 with value: 0.26865791670234823.
[I 2024-11-03 17:28:50,575] Trial 134 finished with value: 0.26865791670234823 and parameters: {'model_name': 'SimpleImputer', 'strategy': 'mean'}. Best is trial 1 with value: 0.26865791670234823.
running
running
[I 2024-11-03 17:28:50,688] Trial 138 finished with value: 0.26865791670234823 and parameters: {'model_name': 'SimpleImputer', 'strategy': 'mean'}. Best is trial 1 with value: 0.26865791670234823.
running
[I 2024-11-03 17:28:50,806] Trial 136 finished with value: 0.26865791670234823 and parameters: {'model_name': 'SimpleImputer', 'strategy': 'mean'}. Best is trial 1 with value: 0.26865791670234823.
[I 2024-11-03 17:28:50,913] Trial 130 finished with value: 0.40685429095324305 and parameters: {'model_name': 'SimpleImputer', 'strategy': 'most_frequent'}. Best is trial 1 with value: 0.26865791670234823.
running
running
[I 2024-11-03 17:28:51,062] Trial 137 finished with value: 0.26865791670234823 and parameters: {'model_name': 'SimpleImputer', 'strategy': 'mean'}. Best is trial 1 with value: 0.26865791670234823.
running
[I 2024-11-03 17:28:51,238] Trial 142 finished with value: 0.26865791670234823 and parameters: {'model_name': 'SimpleImputer', 'strategy': 'mean'}. Best is trial 1 with value: 0.26865791670234823.
[I 2024-11-03 17:28:51,356] Trial 141 finished with value: 0.26865791670234823 and parameters: {'model_name': 'SimpleImputer', 'strategy': 'mean'}. Best is trial 1 with value: 0.26865791670234823.
running
[I 2024-11-03 17:28:51,491] Trial 143 finished with value: 0.26865791670234823 and parameters: {'model_name': 'SimpleImputer', 'strategy': 'mean'}. Best is trial 1 with value: 0.26865791670234823.
running
[I 2024-11-03 17:28:51,601] Trial 144 finished with value: 0.26865791670234823 and parameters: {'model_name': 'SimpleImputer', 'strategy': 'mean'}. Best is trial 1 with value: 0.26865791670234823.
running
running
[I 2024-11-03 17:28:51,796] Trial 139 finished with value: 0.26865791670234823 and parameters: {'model_name': 'SimpleImputer', 'strategy': 'mean'}. Best is trial 1 with value: 0.26865791670234823.
running
[I 2024-11-03 17:28:51,918] Trial 140 finished with value: 0.26865791670234823 and parameters: {'model_name': 'SimpleImputer', 'strategy': 'mean'}. Best is trial 1 with value: 0.26865791670234823.
running
[I 2024-11-03 17:28:52,131] Trial 145 finished with value: 0.26865791670234823 and parameters: {'model_name': 'SimpleImputer', 'strategy': 'mean'}. Best is trial 1 with value: 0.26865791670234823.
running
[I 2024-11-03 17:28:52,332] Trial 146 finished with value: 0.26865791670234823 and parameters: {'model_name': 'SimpleImputer', 'strategy': 'mean'}. Best is trial 1 with value: 0.26865791670234823.
running
[I 2024-11-03 17:28:52,508] Trial 150 finished with value: 0.26865791670234823 and parameters: {'model_name': 'SimpleImputer', 'strategy': 'mean'}. Best is trial 1 with value: 0.26865791670234823.
[I 2024-11-03 17:28:52,620] Trial 147 finished with value: 0.26865791670234823 and parameters: {'model_name': 'SimpleImputer', 'strategy': 'mean'}. Best is trial 1 with value: 0.26865791670234823.
running
running
[I 2024-11-03 17:28:52,784] Trial 152 finished with value: 0.26865791670234823 and parameters: {'model_name': 'SimpleImputer', 'strategy': 'mean'}. Best is trial 1 with value: 0.26865791670234823.
[I 2024-11-03 17:28:52,889] Trial 153 finished with value: 0.26865791670234823 and parameters: {'model_name': 'SimpleImputer', 'strategy': 'mean'}. Best is trial 1 with value: 0.26865791670234823.
running
[I 2024-11-03 17:28:53,003] Trial 149 finished with value: 0.26865791670234823 and parameters: {'model_name': 'SimpleImputer', 'strategy': 'mean'}. Best is trial 1 with value: 0.26865791670234823.
[I 2024-11-03 17:28:53,105] Trial 151 finished with value: 0.26865791670234823 and parameters: {'model_name': 'SimpleImputer', 'strategy': 'mean'}. Best is trial 1 with value: 0.26865791670234823.
running
[I 2024-11-03 17:28:53,217] Trial 158 finished with value: 0.26865791670234823 and parameters: {'model_name': 'SimpleImputer', 'strategy': 'mean'}. Best is trial 1 with value: 0.26865791670234823.
running
[I 2024-11-03 17:28:53,331] Trial 148 finished with value: 0.26865791670234823 and parameters: {'model_name': 'SimpleImputer', 'strategy': 'mean'}. Best is trial 1 with value: 0.26865791670234823.
running
running
running
[I 2024-11-03 17:28:53,481] Trial 154 finished with value: 0.26865791670234823 and parameters: {'model_name': 'SimpleImputer', 'strategy': 'mean'}. Best is trial 1 with value: 0.26865791670234823.
running
[I 2024-11-03 17:28:53,628] Trial 156 finished with value: 0.26865791670234823 and parameters: {'model_name': 'SimpleImputer', 'strategy': 'mean'}. Best is trial 1 with value: 0.26865791670234823.
running
[I 2024-11-03 17:28:53,825] Trial 155 finished with value: 0.26865791670234823 and parameters: {'model_name': 'SimpleImputer', 'strategy': 'mean'}. Best is trial 1 with value: 0.26865791670234823.
running
[I 2024-11-03 17:28:53,968] Trial 160 finished with value: 0.26865791670234823 and parameters: {'model_name': 'SimpleImputer', 'strategy': 'mean'}. Best is trial 1 with value: 0.26865791670234823.
running
[I 2024-11-03 17:28:54,134] Trial 157 finished with value: 0.26865791670234823 and parameters: {'model_name': 'SimpleImputer', 'strategy': 'mean'}. Best is trial 1 with value: 0.26865791670234823.
running
[I 2024-11-03 17:28:54,317] Trial 161 finished with value: 0.26865791670234823 and parameters: {'model_name': 'SimpleImputer', 'strategy': 'mean'}. Best is trial 1 with value: 0.26865791670234823.
[I 2024-11-03 17:28:54,430] Trial 159 finished with value: 0.26865791670234823 and parameters: {'model_name': 'SimpleImputer', 'strategy': 'mean'}. Best is trial 1 with value: 0.26865791670234823.
[I 2024-11-03 17:28:54,535] Trial 163 finished with value: 0.26865791670234823 and parameters: {'model_name': 'SimpleImputer', 'strategy': 'mean'}. Best is trial 1 with value: 0.26865791670234823.
[I 2024-11-03 17:28:54,645] Trial 162 finished with value: 0.26865791670234823 and parameters: {'model_name': 'SimpleImputer', 'strategy': 'mean'}. Best is trial 1 with value: 0.26865791670234823.
running
running
running
running
[I 2024-11-03 17:28:54,929] Trial 165 finished with value: 0.26865791670234823 and parameters: {'model_name': 'SimpleImputer', 'strategy': 'mean'}. Best is trial 1 with value: 0.26865791670234823.
running
[I 2024-11-03 17:28:55,086] Trial 166 finished with value: 0.26865791670234823 and parameters: {'model_name': 'SimpleImputer', 'strategy': 'mean'}. Best is trial 1 with value: 0.26865791670234823.
running
[I 2024-11-03 17:28:55,213] Trial 168 finished with value: 0.26865791670234823 and parameters: {'model_name': 'SimpleImputer', 'strategy': 'mean'}. Best is trial 1 with value: 0.26865791670234823.
running
[I 2024-11-03 17:28:55,329] Trial 171 finished with value: 0.26865791670234823 and parameters: {'model_name': 'SimpleImputer', 'strategy': 'mean'}. Best is trial 1 with value: 0.26865791670234823.
[I 2024-11-03 17:28:55,458] Trial 170 finished with value: 0.26865791670234823 and parameters: {'model_name': 'SimpleImputer', 'strategy': 'mean'}. Best is trial 1 with value: 0.26865791670234823.
running
[I 2024-11-03 17:28:55,570] Trial 167 finished with value: 0.26865791670234823 and parameters: {'model_name': 'SimpleImputer', 'strategy': 'mean'}. Best is trial 1 with value: 0.26865791670234823.
running
[I 2024-11-03 17:28:55,680] Trial 169 finished with value: 0.26865791670234823 and parameters: {'model_name': 'SimpleImputer', 'strategy': 'mean'}. Best is trial 1 with value: 0.26865791670234823.
running
running
[I 2024-11-03 17:28:55,876] Trial 172 finished with value: 0.26865791670234823 and parameters: {'model_name': 'SimpleImputer', 'strategy': 'mean'}. Best is trial 1 with value: 0.26865791670234823.
running
[I 2024-11-03 17:28:55,983] Trial 174 finished with value: 0.26865791670234823 and parameters: {'model_name': 'SimpleImputer', 'strategy': 'mean'}. Best is trial 1 with value: 0.26865791670234823.
running
[I 2024-11-03 17:28:56,095] Trial 164 finished with value: 0.26865791670234823 and parameters: {'model_name': 'SimpleImputer', 'strategy': 'mean'}. Best is trial 1 with value: 0.26865791670234823.
running
[I 2024-11-03 17:28:56,263] Trial 173 finished with value: 0.26865791670234823 and parameters: {'model_name': 'SimpleImputer', 'strategy': 'mean'}. Best is trial 1 with value: 0.26865791670234823.
running
[I 2024-11-03 17:28:56,410] Trial 175 finished with value: 0.26865791670234823 and parameters: {'model_name': 'SimpleImputer', 'strategy': 'mean'}. Best is trial 1 with value: 0.26865791670234823.
running
[I 2024-11-03 17:28:56,553] Trial 179 finished with value: 0.26865791670234823 and parameters: {'model_name': 'SimpleImputer', 'strategy': 'mean'}. Best is trial 1 with value: 0.26865791670234823.
running
[I 2024-11-03 17:28:56,677] Trial 177 finished with value: 0.26865791670234823 and parameters: {'model_name': 'SimpleImputer', 'strategy': 'mean'}. Best is trial 1 with value: 0.26865791670234823.
running
[I 2024-11-03 17:28:56,931] Trial 176 finished with value: 0.26865791670234823 and parameters: {'model_name': 'SimpleImputer', 'strategy': 'mean'}. Best is trial 1 with value: 0.26865791670234823.
running
[I 2024-11-03 17:28:57,112] Trial 184 finished with value: 0.26865791670234823 and parameters: {'model_name': 'SimpleImputer', 'strategy': 'mean'}. Best is trial 1 with value: 0.26865791670234823.
[I 2024-11-03 17:28:57,218] Trial 178 finished with value: 0.26865791670234823 and parameters: {'model_name': 'SimpleImputer', 'strategy': 'mean'}. Best is trial 1 with value: 0.26865791670234823.
running
running
[I 2024-11-03 17:28:57,376] Trial 181 finished with value: 0.26865791670234823 and parameters: {'model_name': 'SimpleImputer', 'strategy': 'mean'}. Best is trial 1 with value: 0.26865791670234823.
running
[I 2024-11-03 17:28:57,498] Trial 180 finished with value: 0.26865791670234823 and parameters: {'model_name': 'SimpleImputer', 'strategy': 'mean'}. Best is trial 1 with value: 0.26865791670234823.
running
[I 2024-11-03 17:28:57,646] Trial 185 finished with value: 0.26865791670234823 and parameters: {'model_name': 'SimpleImputer', 'strategy': 'mean'}. Best is trial 1 with value: 0.26865791670234823.
running
[I 2024-11-03 17:28:57,765] Trial 186 finished with value: 0.26865791670234823 and parameters: {'model_name': 'SimpleImputer', 'strategy': 'mean'}. Best is trial 1 with value: 0.26865791670234823.
[I 2024-11-03 17:28:57,868] Trial 182 finished with value: 0.26865791670234823 and parameters: {'model_name': 'SimpleImputer', 'strategy': 'mean'}. Best is trial 1 with value: 0.26865791670234823.
[I 2024-11-03 17:28:58,008] Trial 183 finished with value: 0.26865791670234823 and parameters: {'model_name': 'SimpleImputer', 'strategy': 'mean'}. Best is trial 1 with value: 0.26865791670234823.
[I 2024-11-03 17:28:58,151] Trial 187 finished with value: 0.26865791670234823 and parameters: {'model_name': 'SimpleImputer', 'strategy': 'mean'}. Best is trial 1 with value: 0.26865791670234823.
[I 2024-11-03 17:28:58,319] Trial 188 finished with value: 0.26865791670234823 and parameters: {'model_name': 'SimpleImputer', 'strategy': 'mean'}. Best is trial 1 with value: 0.26865791670234823.
[I 2024-11-03 17:28:58,423] Trial 189 finished with value: 0.26865791670234823 and parameters: {'model_name': 'SimpleImputer', 'strategy': 'mean'}. Best is trial 1 with value: 0.26865791670234823.
[I 2024-11-03 17:28:58,546] Trial 191 finished with value: 0.26865791670234823 and parameters: {'model_name': 'SimpleImputer', 'strategy': 'mean'}. Best is trial 1 with value: 0.26865791670234823.
[I 2024-11-03 17:28:58,671] Trial 190 finished with value: 0.26865791670234823 and parameters: {'model_name': 'SimpleImputer', 'strategy': 'mean'}. Best is trial 1 with value: 0.26865791670234823.
[I 2024-11-03 17:28:58,798] Trial 193 finished with value: 0.26865791670234823 and parameters: {'model_name': 'SimpleImputer', 'strategy': 'mean'}. Best is trial 1 with value: 0.26865791670234823.
[I 2024-11-03 17:28:58,925] Trial 192 finished with value: 0.26865791670234823 and parameters: {'model_name': 'SimpleImputer', 'strategy': 'mean'}. Best is trial 1 with value: 0.26865791670234823.
[I 2024-11-03 17:28:59,051] Trial 195 finished with value: 0.26865791670234823 and parameters: {'model_name': 'SimpleImputer', 'strategy': 'mean'}. Best is trial 1 with value: 0.26865791670234823.
[I 2024-11-03 17:28:59,163] Trial 196 finished with value: 0.26865791670234823 and parameters: {'model_name': 'SimpleImputer', 'strategy': 'mean'}. Best is trial 1 with value: 0.26865791670234823.
[I 2024-11-03 17:28:59,281] Trial 197 finished with value: 0.26865791670234823 and parameters: {'model_name': 'SimpleImputer', 'strategy': 'mean'}. Best is trial 1 with value: 0.26865791670234823.
[I 2024-11-03 17:28:59,389] Trial 194 finished with value: 0.26865791670234823 and parameters: {'model_name': 'SimpleImputer', 'strategy': 'mean'}. Best is trial 1 with value: 0.26865791670234823.
[I 2024-11-03 17:28:59,492] Trial 198 finished with value: 0.26865791670234823 and parameters: {'model_name': 'SimpleImputer', 'strategy': 'mean'}. Best is trial 1 with value: 0.26865791670234823.
[I 2024-11-03 17:28:59,592] Trial 199 finished with value: 0.26865791670234823 and parameters: {'model_name': 'SimpleImputer', 'strategy': 'mean'}. Best is trial 1 with value: 0.26865791670234823.
fit
simple fit
simple transform
0    0
1    0
2    0
3    0
4    0
5    0
6    0
7    0
8    0
9    0
dtype: int64
0    0
1    0
2    0
3    0
4    0
5    0
6    0
7    0
8    0
9    0
dtype: int64
0.26865791670234823
{'model_name': 'SimpleImputer', 'strategy': 'mean'}
running experiment 2/3 - Does reconstruction give good automl predictions
Start est fit
Version 0.1.7a0 of tpot2 is outdated. Version 0.1.8a0 was released Tuesday September 17, 2024.
Version 0.1.7a0 of tpot2 is outdated. Version 0.1.8a0 was released Tuesday September 17, 2024.
Version 0.1.7a0 of tpot2 is outdated. Version 0.1.8a0 was released Tuesday September 17, 2024.
Version 0.1.7a0 of tpot2 is outdated. Version 0.1.8a0 was released Tuesday September 17, 2024.
Version 0.1.7a0 of tpot2 is outdated. Version 0.1.8a0 was released Tuesday September 17, 2024.
Version 0.1.7a0 of tpot2 is outdated. Version 0.1.8a0 was released Tuesday September 17, 2024.
Version 0.1.7a0 of tpot2 is outdated. Version 0.1.8a0 was released Tuesday September 17, 2024.
Version 0.1.7a0 of tpot2 is outdated. Version 0.1.8a0 was released Tuesday September 17, 2024.
Version 0.1.7a0 of tpot2 is outdated. Version 0.1.8a0 was released Tuesday September 17, 2024.
Version 0.1.7a0 of tpot2 is outdated. Version 0.1.8a0 was released Tuesday September 17, 2024.
Version 0.1.7a0 of tpot2 is outdated. Version 0.1.8a0 was released Tuesday September 17, 2024.
Version 0.1.7a0 of tpot2 is outdated. Version 0.1.8a0 was released Tuesday September 17, 2024.
Version 0.1.7a0 of tpot2 is outdated. Version 0.1.8a0 was released Tuesday September 17, 2024.
Version 0.1.7a0 of tpot2 is outdated. Version 0.1.8a0 was released Tuesday September 17, 2024.
Version 0.1.7a0 of tpot2 is outdated. Version 0.1.8a0 was released Tuesday September 17, 2024.
Version 0.1.7a0 of tpot2 is outdated. Version 0.1.8a0 was released Tuesday September 17, 2024.
  0%|          | 0/25 [00:00<?, ?it/s]Generation:   0%|          | 0/25 [00:00<?, ?it/s]Generation:  1
Best f1_score score: 0.7339258933811632
Generation:   4%|▍         | 1/25 [03:25<1:22:06, 205.27s/it]Generation:  2
Best f1_score score: 0.7339258933811632
Generation:   8%|▊         | 2/25 [10:45<2:11:45, 343.70s/it]Generation:  3
Best f1_score score: 0.7339258933811632
Generation:  12%|█▏        | 3/25 [13:10<1:32:37, 252.60s/it]Generation:  4
Best f1_score score: 0.7339258933811632
Generation:  16%|█▌        | 4/25 [13:29<56:10, 160.51s/it]  Generation:  5
Best f1_score score: 0.7339258933811632
Generation:  20%|██        | 5/25 [15:45<50:34, 151.72s/it]Generation:  6
Best f1_score score: 0.7339258933811632
Generation:  24%|██▍       | 6/25 [16:47<38:24, 121.28s/it]Generation:  7
Best f1_score score: 0.7350324447124665
Generation:  28%|██▊       | 7/25 [17:08<26:32, 88.46s/it] Generation:  8
Best f1_score score: 0.7350324447124665
Generation:  32%|███▏      | 8/25 [19:09<28:00, 98.83s/it]Generation:  9
Best f1_score score: 0.7350324447124665
Generation:  36%|███▌      | 9/25 [19:24<19:23, 72.72s/it]Generation:  10
Best f1_score score: 0.7351185632468604
Generation:  40%|████      | 10/25 [21:43<23:13, 92.90s/it]Generation:  11
Best f1_score score: 0.7351185632468604
Generation:  44%|████▍     | 11/25 [22:19<17:37, 75.50s/it]Generation:  12
Best f1_score score: 0.7351185632468604
Generation:  48%|████▊     | 12/25 [23:01<14:11, 65.49s/it]Generation:  13
Best f1_score score: 0.7351185632468604
Generation:  52%|█████▏    | 13/25 [23:19<10:10, 50.90s/it]WARNING AN INDIVIDUAL TIMED OUT: 
 <tpot2.search_spaces.pipelines.sequential.SequentialPipelineIndividual object at 0x155474316c20> 

Generation:  14
Best f1_score score: 0.7351185632468604
Generation:  56%|█████▌    | 14/25 [33:29<40:20, 220.05s/it]Generation:  15
Best f1_score score: 0.7351185632468604
Generation:  60%|██████    | 15/25 [33:50<26:40, 160.01s/it]WARNING AN INDIVIDUAL TIMED OUT: 
 <tpot2.search_spaces.pipelines.sequential.SequentialPipelineIndividual object at 0x15545f7924d0> 

Generation:  16
Best f1_score score: 0.7351185632468604
Generation:  64%|██████▍   | 16/25 [44:01<44:21, 295.76s/it]Generation:  17
Best f1_score score: 0.7351185632468604
Generation:  68%|██████▊   | 17/25 [48:23<38:04, 285.62s/it]Generation:  18
Best f1_score score: 0.7351185632468604
Generation:  72%|███████▏  | 18/25 [50:05<26:53, 230.47s/it]Generation:  19
Best f1_score score: 0.7351185632468604
Generation:  76%|███████▌  | 19/25 [51:34<18:46, 187.71s/it]Generation:  20
Best f1_score score: 0.7351185632468604
Generation:  80%|████████  | 20/25 [53:13<13:26, 161.23s/it]Generation:  21
Best f1_score score: 0.7351185632468604
Generation:  84%|████████▍ | 21/25 [53:46<08:11, 122.76s/it]Generation:  22
Best f1_score score: 0.7351185632468604
Generation:  88%|████████▊ | 22/25 [58:09<08:14, 164.96s/it]Generation:  23
Best f1_score score: 0.7351185632468604
Generation:  92%|█████████▏| 23/25 [58:54<04:17, 128.87s/it]Generation:  24
Best f1_score score: 0.735737952954455
Generation:  96%|█████████▌| 24/25 [1:00:26<01:57, 117.74s/it]Generation:  25
Best f1_score score: 0.735737952954455
Generation: 100%|██████████| 25/25 [1:03:10<00:00, 131.65s/it]Generation: 100%|██████████| 25/25 [1:03:14<00:00, 151.77s/it]
2024-11-03 18:32:19,293 - distributed.scheduler - ERROR - Removing worker 'tcp://127.0.0.1:44229' caused the cluster to lose scattered data, which can't be recovered: {'ndarray-c3745fbc00250b45723508a57453c1bd', 'ndarray-bed86a1833b4d7004f2e08eb1feda1ff'} (stimulus_id='handle-worker-cleanup-1730687539.293747')
Fitted
Pipeline(steps=[('xgbclassifier',
                 XGBClassifier(base_score=None, booster=None, callbacks=None,
                               colsample_bylevel=None, colsample_bynode=None,
                               colsample_bytree=None, device=None,
                               early_stopping_rounds=None,
                               enable_categorical=False, eval_metric=None,
                               feature_types=None, gamma=0.1374805130387,
                               grow_policy=None, importance_type=None,
                               interaction_constraints=None,
                               learning_rate=0.2039867419062, max_bin=None,
                               max_cat_threshold=None, max_cat_to_onehot=None,
                               max_delta_step=None, max_depth=4,
                               max_leaves=None, min_child_weight=15,
                               missing=nan, monotone_constraints=None,
                               multi_strategy=None, n_estimators=100, n_jobs=1,
                               nthread=1, num_parallel_tree=None, ...))])
score start
train score: {'auroc': 0.8405116157764255, 'accuracy': 0.751609738149261, 'balanced_accuracy': 0.7515235679114467, 'logloss': 0.4858378520087148, 'f1': 0.7511518475619927}
original test score: {'auroc': 0.974710453374378, 'accuracy': 0.903850870738288, 'balanced_accuracy': 0.903924040215023, 'logloss': 0.25914203775556444, 'f1': 0.9037574823254526}
imputed test score: {'auroc': 0.8170876968674, 'accuracy': 0.7308069659063037, 'balanced_accuracy': 0.7307355355433403, 'logloss': 0.5170404523906684, 'f1': 0.7304959494127079}
score end
check intended
EXP2 Finished
running experiment 3/3 - What is the best automl settings?
<tpot2.search_spaces.pipelines.sequential.SequentialPipeline object at 0x15543504f9d0>
Start tpot fit
Version 0.1.7a0 of tpot2 is outdated. Version 0.1.8a0 was released Tuesday September 17, 2024.
Version 0.1.7a0 of tpot2 is outdated. Version 0.1.8a0 was released Tuesday September 17, 2024.
Version 0.1.7a0 of tpot2 is outdated. Version 0.1.8a0 was released Tuesday September 17, 2024.
Version 0.1.7a0 of tpot2 is outdated. Version 0.1.8a0 was released Tuesday September 17, 2024.
Version 0.1.7a0 of tpot2 is outdated. Version 0.1.8a0 was released Tuesday September 17, 2024.
Version 0.1.7a0 of tpot2 is outdated. Version 0.1.8a0 was released Tuesday September 17, 2024.
Version 0.1.7a0 of tpot2 is outdated. Version 0.1.8a0 was released Tuesday September 17, 2024.
Version 0.1.7a0 of tpot2 is outdated. Version 0.1.8a0 was released Tuesday September 17, 2024.
Version 0.1.7a0 of tpot2 is outdated. Version 0.1.8a0 was released Tuesday September 17, 2024.
Version 0.1.7a0 of tpot2 is outdated. Version 0.1.8a0 was released Tuesday September 17, 2024.
Version 0.1.7a0 of tpot2 is outdated. Version 0.1.8a0 was released Tuesday September 17, 2024.
Version 0.1.7a0 of tpot2 is outdated. Version 0.1.8a0 was released Tuesday September 17, 2024.
Version 0.1.7a0 of tpot2 is outdated. Version 0.1.8a0 was released Tuesday September 17, 2024.
Version 0.1.7a0 of tpot2 is outdated. Version 0.1.8a0 was released Tuesday September 17, 2024.
Version 0.1.7a0 of tpot2 is outdated. Version 0.1.8a0 was released Tuesday September 17, 2024.
Version 0.1.7a0 of tpot2 is outdated. Version 0.1.8a0 was released Tuesday September 17, 2024.
  0%|          | 0/25 [00:00<?, ?it/s]Generation:   0%|          | 0/25 [00:00<?, ?it/s]Generation:  1
Best f1_score score: 0.7327748112443723
Generation:   4%|▍         | 1/25 [01:40<40:20, 100.84s/it]WARNING AN INDIVIDUAL TIMED OUT: 
 <tpot2.search_spaces.pipelines.sequential.SequentialPipelineIndividual object at 0x1554747188e0> 

Generation:  2
Best f1_score score: 0.7327748112443723
Generation:   8%|▊         | 2/25 [11:43<2:31:49, 396.05s/it]Generation:  3
Best f1_score score: 0.7327748112443723
Generation:  12%|█▏        | 3/25 [13:53<1:40:44, 274.77s/it]Generation:  4
Best f1_score score: 0.7327748112443723
Generation:  16%|█▌        | 4/25 [22:08<2:06:35, 361.70s/it]Generation:  5
Best f1_score score: 0.7327748112443723
Generation:  20%|██        | 5/25 [23:15<1:25:05, 255.28s/it]Generation:  6
Best f1_score score: 0.7327748112443723
Generation:  24%|██▍       | 6/25 [23:52<57:18, 180.98s/it]  Generation:  7
Best f1_score score: 0.7327748112443723
Generation:  28%|██▊       | 7/25 [24:30<40:17, 134.30s/it]Generation:  8
Best f1_score score: 0.7327748112443723
Generation:  32%|███▏      | 8/25 [24:55<28:10, 99.46s/it] WARNING THIS INDIVIDUAL CAUSED AND EXCEPTION 
 <tpot2.search_spaces.pipelines.sequential.SequentialPipelineIndividual object at 0x1554746a5e70> 
 The 'min_samples_split' parameter of DecisionTreeClassifier must be an int in the range [2, inf) or a float in the range (0.0, 1.0]. Got 1 instead. 
 Traceback (most recent call last):
  File "/common/ketrong/tpotexp/tpot2/tpot2/utils/eval_utils.py", line 53, in objective_nan_wrapper
    value = func_timeout.func_timeout(timeout, objective_function, args=[individual], kwargs=objective_kwargs)
  File "/common/ketrong/tpotexp/env/lib/python3.10/site-packages/func_timeout/dafunc.py", line 108, in func_timeout
    raise_exception(exception)
  File "/common/ketrong/tpotexp/env/lib/python3.10/site-packages/func_timeout/py3_raise.py", line 7, in raise_exception
    raise exception[0] from None
  File "/common/ketrong/tpotexp/tpot2/tpot2/tpot_estimator/estimator.py", line 623, in objective_function
    return objective_function_generator(
  File "/common/ketrong/tpotexp/tpot2/tpot2/tpot_estimator/estimator_utils.py", line 55, in objective_function_generator
    cv_obj_scores = cross_val_score_objective(sklearn.base.clone(pipeline),x,y,scorers=scorers, cv=cv , fold=step)
  File "/common/ketrong/tpotexp/tpot2/tpot2/tpot_estimator/cross_val_utils.py", line 28, in cross_val_score_objective
    this_fold_pipeline.fit(X_train,y_train)
  File "/common/ketrong/tpotexp/env/lib/python3.10/site-packages/sklearn/base.py", line 1473, in wrapper
    return fit_method(estimator, *args, **kwargs)
  File "/common/ketrong/tpotexp/env/lib/python3.10/site-packages/sklearn/pipeline.py", line 473, in fit
    self._final_estimator.fit(Xt, y, **last_step_params["fit"])
  File "/common/ketrong/tpotexp/env/lib/python3.10/site-packages/sklearn/base.py", line 1466, in wrapper
    estimator._validate_params()
  File "/common/ketrong/tpotexp/env/lib/python3.10/site-packages/sklearn/base.py", line 666, in _validate_params
    validate_parameter_constraints(
  File "/common/ketrong/tpotexp/env/lib/python3.10/site-packages/sklearn/utils/_param_validation.py", line 95, in validate_parameter_constraints
    raise InvalidParameterError(
sklearn.utils._param_validation.InvalidParameterError: The 'min_samples_split' parameter of DecisionTreeClassifier must be an int in the range [2, inf) or a float in the range (0.0, 1.0]. Got 1 instead.

Generation:  9
Best f1_score score: 0.7327748112443723
Generation:  36%|███▌      | 9/25 [27:06<29:07, 109.22s/it]Generation:  10
Best f1_score score: 0.7337420111319127
Generation:  40%|████      | 10/25 [28:02<23:12, 92.86s/it]Generation:  11
Best f1_score score: 0.733912649921914
Generation:  44%|████▍     | 11/25 [30:28<25:28, 109.18s/it]Generation:  12
Best f1_score score: 0.733912649921914
Generation:  48%|████▊     | 12/25 [31:02<18:42, 86.36s/it] Generation:  13
Best f1_score score: 0.73401977109822
Generation:  52%|█████▏    | 13/25 [32:10<16:08, 80.75s/it]Generation:  14
Best f1_score score: 0.7344216669111674
Generation:  56%|█████▌    | 14/25 [42:03<43:09, 235.45s/it]Generation:  15
Best f1_score score: 0.7347138906137416
Generation:  60%|██████    | 15/25 [42:13<27:56, 167.66s/it]Generation:  16
Best f1_score score: 0.7347138906137416
Generation:  64%|██████▍   | 16/25 [42:32<18:25, 122.82s/it]Generation:  17
Best f1_score score: 0.7347138906137416
Generation:  68%|██████▊   | 17/25 [43:08<12:52, 96.58s/it] Generation:  18
Best f1_score score: 0.7347138906137416
Generation:  72%|███████▏  | 18/25 [43:34<08:47, 75.32s/it]Generation:  19
Best f1_score score: 0.7347138906137416
Generation:  76%|███████▌  | 19/25 [44:47<07:28, 74.73s/it]Generation:  20
Best f1_score score: 0.7347138906137416
Generation:  80%|████████  | 20/25 [48:58<10:38, 127.71s/it]WARNING AN INDIVIDUAL TIMED OUT: 
 <tpot2.search_spaces.pipelines.sequential.SequentialPipelineIndividual object at 0x155467f64400> 

Generation:  21
Best f1_score score: 0.7347138906137416
Generation:  84%|████████▍ | 21/25 [59:02<18:03, 270.78s/it]Generation:  22
Best f1_score score: 0.7347138906137416
Generation:  88%|████████▊ | 22/25 [59:35<09:57, 199.32s/it]Generation:  23
Best f1_score score: 0.7347138906137416
Generation:  92%|█████████▏| 23/25 [59:58<04:52, 146.36s/it]Generation:  24
Best f1_score score: 0.7347138906137416
Generation:  96%|█████████▌| 24/25 [1:00:37<01:54, 114.15s/it]Generation:  25
Best f1_score score: 0.7347138906137416
Generation: 100%|██████████| 25/25 [1:01:23<00:00, 93.77s/it] Generation: 100%|██████████| 25/25 [1:01:23<00:00, 147.35s/it]
2024-11-03 19:33:54,529 - distributed.scheduler - ERROR - Removing worker 'tcp://127.0.0.1:41105' caused the cluster to lose scattered data, which can't be recovered: {'ndarray-c3745fbc00250b45723508a57453c1bd', 'DataFrame-0140b026427848a6c970b05c96e6bc3a'} (stimulus_id='handle-worker-cleanup-1730691234.5298786')
Fitted
Pipeline(steps=[('simpleimputer', SimpleImputer(strategy='median')),
                ('lgbmclassifier',
                 LGBMClassifier(class_weight='balanced', max_depth=5,
                                n_estimators=85, n_jobs=1, num_leaves=170,
                                verbose=-1))])
transform worked
try transform
transform worked
score start
train score: {'auroc': 0.8454820653443289, 'accuracy': 0.7526522352364016, 'balanced_accuracy': 0.7525457398859275, 'logloss': 0.4802764443417583, 'f1': 0.7519647778007724}
test score: {'auroc': 0.8165320125656306, 'accuracy': 0.7315428010792249, 'balanced_accuracy': 0.7314540477087746, 'logloss': 0.5165714046117899, 'f1': 0.731072471161728}
original test score: {'auroc': 0.97412435729168, 'accuracy': 0.9043414275202355, 'balanced_accuracy': 0.9044102677391828, 'logloss': 0.26113711806297096, 'f1': 0.9042598620115598}
score end
901
lvl
0.5
type
MNAR
num_run
1
class_simple
finished
all finished
full run takes
2.092555047141181
hours
DONE
