Run: 14
/cm/local/apps/slurm/var/spool/job1046039/slurm_script: line 26: 
pip install -e tpot2
pip install -r tpot2/ImputerExperiments/requirements_.txt
: No such file or directory
RunStart
Version 0.1.7a0 of tpot2 is outdated. Version 0.1.8a0 was released Tuesday September 17, 2024.
starting loops
../data/c/1489/1489.pkl
working on 
../data/c/1489/class_simple_MCAR_0.1_1
4.572315454483032
running experiment 1/3 - Does large hyperparameter space improve reconstruction accuracy over simple
[I 2024-11-12 02:37:22,832] A new study created in memory with name: no-name-ea734eb2-ba56-4191-8fed-b74dce91fd15
running
running
running
running
running
running
running
running
running
running
running
[I 2024-11-12 02:37:22,925] Trial 0 finished with value: 0.45235199926073566 and parameters: {'model_name': 'SimpleImputer', 'strategy': 'constant'}. Best is trial 0 with value: 0.45235199926073566.
running
running
running
running
running
running
[I 2024-11-12 02:37:23,152] Trial 5 finished with value: 0.45235199926073566 and parameters: {'model_name': 'SimpleImputer', 'strategy': 'constant'}. Best is trial 0 with value: 0.45235199926073566.
running
[I 2024-11-12 02:37:23,364] Trial 8 finished with value: 0.45235199926073566 and parameters: {'model_name': 'SimpleImputer', 'strategy': 'constant'}. Best is trial 0 with value: 0.45235199926073566.
[I 2024-11-12 02:37:23,467] Trial 2 finished with value: 0.16298926857439153 and parameters: {'model_name': 'SimpleImputer', 'strategy': 'mean'}. Best is trial 2 with value: 0.16298926857439153.
running
running
[I 2024-11-12 02:37:23,572] Trial 4 finished with value: 0.16440181616063695 and parameters: {'model_name': 'SimpleImputer', 'strategy': 'median'}. Best is trial 2 with value: 0.16298926857439153.
running
[I 2024-11-12 02:37:23,678] Trial 17 finished with value: 0.45235199926073566 and parameters: {'model_name': 'SimpleImputer', 'strategy': 'constant'}. Best is trial 2 with value: 0.16298926857439153.
running
[I 2024-11-12 02:37:23,809] Trial 10 finished with value: 0.16298926857439153 and parameters: {'model_name': 'SimpleImputer', 'strategy': 'mean'}. Best is trial 2 with value: 0.16298926857439153.
[I 2024-11-12 02:37:23,897] Trial 6 finished with value: 0.16298926857439153 and parameters: {'model_name': 'SimpleImputer', 'strategy': 'mean'}. Best is trial 2 with value: 0.16298926857439153.
[I 2024-11-12 02:37:23,992] Trial 1 finished with value: 0.16440181616063695 and parameters: {'model_name': 'SimpleImputer', 'strategy': 'median'}. Best is trial 2 with value: 0.16298926857439153.
running
running
running
[I 2024-11-12 02:37:24,232] Trial 14 finished with value: 0.16298926857439153 and parameters: {'model_name': 'SimpleImputer', 'strategy': 'mean'}. Best is trial 2 with value: 0.16298926857439153.
[I 2024-11-12 02:37:24,338] Trial 20 finished with value: 0.45235199926073566 and parameters: {'model_name': 'SimpleImputer', 'strategy': 'constant'}. Best is trial 2 with value: 0.16298926857439153.
running
running
[I 2024-11-12 02:37:24,454] Trial 7 finished with value: 0.16440181616063695 and parameters: {'model_name': 'SimpleImputer', 'strategy': 'median'}. Best is trial 2 with value: 0.16298926857439153.
running
[I 2024-11-12 02:37:24,570] Trial 16 finished with value: 0.16440181616063695 and parameters: {'model_name': 'SimpleImputer', 'strategy': 'median'}. Best is trial 2 with value: 0.16298926857439153.
[I 2024-11-12 02:37:24,678] Trial 23 finished with value: 0.45235199926073566 and parameters: {'model_name': 'SimpleImputer', 'strategy': 'constant'}. Best is trial 2 with value: 0.16298926857439153.
[I 2024-11-12 02:37:24,772] Trial 15 finished with value: 0.16298926857439153 and parameters: {'model_name': 'SimpleImputer', 'strategy': 'mean'}. Best is trial 2 with value: 0.16298926857439153.
running
running
running
[I 2024-11-12 02:37:24,910] Trial 3 finished with value: 0.4277177336900593 and parameters: {'model_name': 'SimpleImputer', 'strategy': 'most_frequent'}. Best is trial 2 with value: 0.16298926857439153.
[I 2024-11-12 02:37:25,020] Trial 11 finished with value: 0.16440181616063695 and parameters: {'model_name': 'SimpleImputer', 'strategy': 'median'}. Best is trial 2 with value: 0.16298926857439153.
running
running
[I 2024-11-12 02:37:25,194] Trial 22 finished with value: 0.16298926857439153 and parameters: {'model_name': 'SimpleImputer', 'strategy': 'mean'}. Best is trial 2 with value: 0.16298926857439153.
[I 2024-11-12 02:37:25,296] Trial 19 finished with value: 0.16440181616063695 and parameters: {'model_name': 'SimpleImputer', 'strategy': 'median'}. Best is trial 2 with value: 0.16298926857439153.
running
[I 2024-11-12 02:37:25,313] Trial 13 finished with value: 0.16440181616063695 and parameters: {'model_name': 'SimpleImputer', 'strategy': 'median'}. Best is trial 2 with value: 0.16298926857439153.
[I 2024-11-12 02:37:25,323] Trial 21 finished with value: 0.4277177336900593 and parameters: {'model_name': 'SimpleImputer', 'strategy': 'most_frequent'}. Best is trial 2 with value: 0.16298926857439153.
running
[I 2024-11-12 02:37:25,324] Trial 25 finished with value: 0.16298926857439153 and parameters: {'model_name': 'SimpleImputer', 'strategy': 'mean'}. Best is trial 2 with value: 0.16298926857439153.
[I 2024-11-12 02:37:25,703] Trial 9 finished with value: 0.4277177336900593 and parameters: {'model_name': 'SimpleImputer', 'strategy': 'most_frequent'}. Best is trial 2 with value: 0.16298926857439153.
running
running
running
running
[I 2024-11-12 02:37:25,866] Trial 18 finished with value: 0.16440181616063695 and parameters: {'model_name': 'SimpleImputer', 'strategy': 'median'}. Best is trial 2 with value: 0.16298926857439153.
[I 2024-11-12 02:37:25,966] Trial 26 finished with value: 0.16298926857439153 and parameters: {'model_name': 'SimpleImputer', 'strategy': 'mean'}. Best is trial 2 with value: 0.16298926857439153.
running
[I 2024-11-12 02:37:26,094] Trial 12 finished with value: 0.4277177336900593 and parameters: {'model_name': 'SimpleImputer', 'strategy': 'most_frequent'}. Best is trial 2 with value: 0.16298926857439153.
running
[I 2024-11-12 02:37:26,188] Trial 24 finished with value: 0.16440181616063695 and parameters: {'model_name': 'SimpleImputer', 'strategy': 'median'}. Best is trial 2 with value: 0.16298926857439153.
running
running
[I 2024-11-12 02:37:26,318] Trial 32 finished with value: 0.16298926857439153 and parameters: {'model_name': 'SimpleImputer', 'strategy': 'mean'}. Best is trial 2 with value: 0.16298926857439153.
[I 2024-11-12 02:37:26,422] Trial 31 finished with value: 0.16298926857439153 and parameters: {'model_name': 'SimpleImputer', 'strategy': 'mean'}. Best is trial 2 with value: 0.16298926857439153.
[I 2024-11-12 02:37:26,532] Trial 34 finished with value: 0.16298926857439153 and parameters: {'model_name': 'SimpleImputer', 'strategy': 'mean'}. Best is trial 2 with value: 0.16298926857439153.
running
running
running
[I 2024-11-12 02:37:26,753] Trial 37 finished with value: 0.16298926857439153 and parameters: {'model_name': 'SimpleImputer', 'strategy': 'mean'}. Best is trial 2 with value: 0.16298926857439153.
running
[I 2024-11-12 02:37:26,755] Trial 36 finished with value: 0.16298926857439153 and parameters: {'model_name': 'SimpleImputer', 'strategy': 'mean'}. Best is trial 2 with value: 0.16298926857439153.
[I 2024-11-12 02:37:26,858] Trial 39 finished with value: 0.16298926857439153 and parameters: {'model_name': 'SimpleImputer', 'strategy': 'mean'}. Best is trial 2 with value: 0.16298926857439153.
[I 2024-11-12 02:37:26,970] Trial 33 finished with value: 0.16298926857439153 and parameters: {'model_name': 'SimpleImputer', 'strategy': 'mean'}. Best is trial 2 with value: 0.16298926857439153.
running
[I 2024-11-12 02:37:27,191] Trial 28 finished with value: 0.4277177336900593 and parameters: {'model_name': 'SimpleImputer', 'strategy': 'most_frequent'}. Best is trial 2 with value: 0.16298926857439153.
[I 2024-11-12 02:37:27,276] Trial 40 finished with value: 0.16298926857439153 and parameters: {'model_name': 'SimpleImputer', 'strategy': 'mean'}. Best is trial 2 with value: 0.16298926857439153.
running
[I 2024-11-12 02:37:27,360] Trial 35 finished with value: 0.16298926857439153 and parameters: {'model_name': 'SimpleImputer', 'strategy': 'mean'}. Best is trial 2 with value: 0.16298926857439153.
running
running
running
running
[I 2024-11-12 02:37:27,477] Trial 27 finished with value: 0.4277177336900593 and parameters: {'model_name': 'SimpleImputer', 'strategy': 'most_frequent'}. Best is trial 2 with value: 0.16298926857439153.
running
[I 2024-11-12 02:37:27,604] Trial 45 finished with value: 0.16298926857439153 and parameters: {'model_name': 'SimpleImputer', 'strategy': 'mean'}. Best is trial 2 with value: 0.16298926857439153.
[I 2024-11-12 02:37:27,702] Trial 38 finished with value: 0.16298926857439153 and parameters: {'model_name': 'SimpleImputer', 'strategy': 'mean'}. Best is trial 2 with value: 0.16298926857439153.
[I 2024-11-12 02:37:27,786] Trial 41 finished with value: 0.16298926857439153 and parameters: {'model_name': 'SimpleImputer', 'strategy': 'mean'}. Best is trial 2 with value: 0.16298926857439153.
running
running
[I 2024-11-12 02:37:27,881] Trial 29 finished with value: 0.4277177336900593 and parameters: {'model_name': 'SimpleImputer', 'strategy': 'most_frequent'}. Best is trial 2 with value: 0.16298926857439153.
[I 2024-11-12 02:37:27,974] Trial 30 finished with value: 0.4277177336900593 and parameters: {'model_name': 'SimpleImputer', 'strategy': 'most_frequent'}. Best is trial 2 with value: 0.16298926857439153.
running
running
[I 2024-11-12 02:37:28,097] Trial 43 finished with value: 0.16298926857439153 and parameters: {'model_name': 'SimpleImputer', 'strategy': 'mean'}. Best is trial 2 with value: 0.16298926857439153.
running
[I 2024-11-12 02:37:28,212] Trial 44 finished with value: 0.16298926857439153 and parameters: {'model_name': 'SimpleImputer', 'strategy': 'mean'}. Best is trial 2 with value: 0.16298926857439153.
running
running
[I 2024-11-12 02:37:28,415] Trial 47 finished with value: 0.16298926857439153 and parameters: {'model_name': 'SimpleImputer', 'strategy': 'mean'}. Best is trial 2 with value: 0.16298926857439153.
running
[I 2024-11-12 02:37:28,523] Trial 54 finished with value: 0.16298926857439153 and parameters: {'model_name': 'SimpleImputer', 'strategy': 'mean'}. Best is trial 2 with value: 0.16298926857439153.
[I 2024-11-12 02:37:28,660] Trial 46 finished with value: 0.16298926857439153 and parameters: {'model_name': 'SimpleImputer', 'strategy': 'mean'}. Best is trial 2 with value: 0.16298926857439153.
running
[I 2024-11-12 02:37:28,748] Trial 56 finished with value: 0.16298926857439153 and parameters: {'model_name': 'SimpleImputer', 'strategy': 'mean'}. Best is trial 2 with value: 0.16298926857439153.
running
running
[I 2024-11-12 02:37:28,859] Trial 42 finished with value: 0.16298926857439153 and parameters: {'model_name': 'SimpleImputer', 'strategy': 'mean'}. Best is trial 2 with value: 0.16298926857439153.
[I 2024-11-12 02:37:28,859] Trial 51 finished with value: 0.16298926857439153 and parameters: {'model_name': 'SimpleImputer', 'strategy': 'mean'}. Best is trial 2 with value: 0.16298926857439153.
running
running
[I 2024-11-12 02:37:29,068] Trial 48 finished with value: 0.16298926857439153 and parameters: {'model_name': 'SimpleImputer', 'strategy': 'mean'}. Best is trial 2 with value: 0.16298926857439153.
[I 2024-11-12 02:37:29,155] Trial 52 finished with value: 0.16298926857439153 and parameters: {'model_name': 'SimpleImputer', 'strategy': 'mean'}. Best is trial 2 with value: 0.16298926857439153.
[I 2024-11-12 02:37:29,239] Trial 55 finished with value: 0.16298926857439153 and parameters: {'model_name': 'SimpleImputer', 'strategy': 'mean'}. Best is trial 2 with value: 0.16298926857439153.
running
[I 2024-11-12 02:37:29,360] Trial 58 finished with value: 0.16298926857439153 and parameters: {'model_name': 'SimpleImputer', 'strategy': 'mean'}. Best is trial 2 with value: 0.16298926857439153.
running
[I 2024-11-12 02:37:29,466] Trial 50 finished with value: 0.16298926857439153 and parameters: {'model_name': 'SimpleImputer', 'strategy': 'mean'}. Best is trial 2 with value: 0.16298926857439153.
running
[I 2024-11-12 02:37:29,570] Trial 53 finished with value: 0.16298926857439153 and parameters: {'model_name': 'SimpleImputer', 'strategy': 'mean'}. Best is trial 2 with value: 0.16298926857439153.
running
running
[I 2024-11-12 02:37:29,693] Trial 60 finished with value: 0.16298926857439153 and parameters: {'model_name': 'SimpleImputer', 'strategy': 'mean'}. Best is trial 2 with value: 0.16298926857439153.
running
[I 2024-11-12 02:37:29,815] Trial 59 finished with value: 0.16298926857439153 and parameters: {'model_name': 'SimpleImputer', 'strategy': 'mean'}. Best is trial 2 with value: 0.16298926857439153.
running
[I 2024-11-12 02:37:29,930] Trial 63 finished with value: 0.45235199926073566 and parameters: {'model_name': 'SimpleImputer', 'strategy': 'constant'}. Best is trial 2 with value: 0.16298926857439153.
running
[I 2024-11-12 02:37:30,051] Trial 64 finished with value: 0.45235199926073566 and parameters: {'model_name': 'SimpleImputer', 'strategy': 'constant'}. Best is trial 2 with value: 0.16298926857439153.
[I 2024-11-12 02:37:30,164] Trial 66 finished with value: 0.45235199926073566 and parameters: {'model_name': 'SimpleImputer', 'strategy': 'constant'}. Best is trial 2 with value: 0.16298926857439153.
running
running
[I 2024-11-12 02:37:30,271] Trial 49 finished with value: 0.16298926857439153 and parameters: {'model_name': 'SimpleImputer', 'strategy': 'mean'}. Best is trial 2 with value: 0.16298926857439153.
[I 2024-11-12 02:37:30,373] Trial 57 finished with value: 0.16298926857439153 and parameters: {'model_name': 'SimpleImputer', 'strategy': 'mean'}. Best is trial 2 with value: 0.16298926857439153.
[I 2024-11-12 02:37:30,455] Trial 67 finished with value: 0.45235199926073566 and parameters: {'model_name': 'SimpleImputer', 'strategy': 'constant'}. Best is trial 2 with value: 0.16298926857439153.
running
[I 2024-11-12 02:37:30,587] Trial 61 finished with value: 0.16298926857439153 and parameters: {'model_name': 'SimpleImputer', 'strategy': 'mean'}. Best is trial 2 with value: 0.16298926857439153.
running
[I 2024-11-12 02:37:30,686] Trial 62 finished with value: 0.16298926857439153 and parameters: {'model_name': 'SimpleImputer', 'strategy': 'mean'}. Best is trial 2 with value: 0.16298926857439153.
running
running
[I 2024-11-12 02:37:30,797] Trial 71 finished with value: 0.45235199926073566 and parameters: {'model_name': 'SimpleImputer', 'strategy': 'constant'}. Best is trial 2 with value: 0.16298926857439153.
[I 2024-11-12 02:37:30,882] Trial 65 finished with value: 0.45235199926073566 and parameters: {'model_name': 'SimpleImputer', 'strategy': 'constant'}. Best is trial 2 with value: 0.16298926857439153.
[I 2024-11-12 02:37:30,963] Trial 69 finished with value: 0.45235199926073566 and parameters: {'model_name': 'SimpleImputer', 'strategy': 'constant'}. Best is trial 2 with value: 0.16298926857439153.
running
running
running
running
[I 2024-11-12 02:37:31,083] Trial 68 finished with value: 0.16298926857439153 and parameters: {'model_name': 'SimpleImputer', 'strategy': 'mean'}. Best is trial 2 with value: 0.16298926857439153.
[I 2024-11-12 02:37:31,201] Trial 72 finished with value: 0.45235199926073566 and parameters: {'model_name': 'SimpleImputer', 'strategy': 'constant'}. Best is trial 2 with value: 0.16298926857439153.
running
[I 2024-11-12 02:37:31,297] Trial 70 finished with value: 0.45235199926073566 and parameters: {'model_name': 'SimpleImputer', 'strategy': 'constant'}. Best is trial 2 with value: 0.16298926857439153.
[I 2024-11-12 02:37:31,385] Trial 73 finished with value: 0.45235199926073566 and parameters: {'model_name': 'SimpleImputer', 'strategy': 'constant'}. Best is trial 2 with value: 0.16298926857439153.
running
running
running
running
[I 2024-11-12 02:37:31,650] Trial 74 finished with value: 0.16440181616063695 and parameters: {'model_name': 'SimpleImputer', 'strategy': 'median'}. Best is trial 2 with value: 0.16298926857439153.
running
[I 2024-11-12 02:37:31,781] Trial 78 finished with value: 0.16440181616063695 and parameters: {'model_name': 'SimpleImputer', 'strategy': 'median'}. Best is trial 2 with value: 0.16298926857439153.
running
[I 2024-11-12 02:37:31,944] Trial 76 finished with value: 0.16440181616063695 and parameters: {'model_name': 'SimpleImputer', 'strategy': 'median'}. Best is trial 2 with value: 0.16298926857439153.
running
[I 2024-11-12 02:37:32,098] Trial 77 finished with value: 0.16440181616063695 and parameters: {'model_name': 'SimpleImputer', 'strategy': 'median'}. Best is trial 2 with value: 0.16298926857439153.
running
[I 2024-11-12 02:37:32,204] Trial 86 finished with value: 0.16440181616063695 and parameters: {'model_name': 'SimpleImputer', 'strategy': 'median'}. Best is trial 2 with value: 0.16298926857439153.
[I 2024-11-12 02:37:32,304] Trial 80 finished with value: 0.16440181616063695 and parameters: {'model_name': 'SimpleImputer', 'strategy': 'median'}. Best is trial 2 with value: 0.16298926857439153.
[I 2024-11-12 02:37:32,398] Trial 75 finished with value: 0.16440181616063695 and parameters: {'model_name': 'SimpleImputer', 'strategy': 'median'}. Best is trial 2 with value: 0.16298926857439153.
running
running
running
[I 2024-11-12 02:37:32,617] Trial 87 finished with value: 0.16440181616063695 and parameters: {'model_name': 'SimpleImputer', 'strategy': 'median'}. Best is trial 2 with value: 0.16298926857439153.
[I 2024-11-12 02:37:32,713] Trial 90 finished with value: 0.16298926857439153 and parameters: {'model_name': 'SimpleImputer', 'strategy': 'mean'}. Best is trial 2 with value: 0.16298926857439153.
[I 2024-11-12 02:37:32,801] Trial 85 finished with value: 0.16440181616063695 and parameters: {'model_name': 'SimpleImputer', 'strategy': 'median'}. Best is trial 2 with value: 0.16298926857439153.
running
[I 2024-11-12 02:37:32,888] Trial 84 finished with value: 0.16440181616063695 and parameters: {'model_name': 'SimpleImputer', 'strategy': 'median'}. Best is trial 2 with value: 0.16298926857439153.
[I 2024-11-12 02:37:32,971] Trial 82 finished with value: 0.16440181616063695 and parameters: {'model_name': 'SimpleImputer', 'strategy': 'median'}. Best is trial 2 with value: 0.16298926857439153.
running
[I 2024-11-12 02:37:33,093] Trial 88 finished with value: 0.16440181616063695 and parameters: {'model_name': 'SimpleImputer', 'strategy': 'median'}. Best is trial 2 with value: 0.16298926857439153.
running
[I 2024-11-12 02:37:33,226] Trial 83 finished with value: 0.16440181616063695 and parameters: {'model_name': 'SimpleImputer', 'strategy': 'median'}. Best is trial 2 with value: 0.16298926857439153.
running
[I 2024-11-12 02:37:33,334] Trial 95 finished with value: 0.16298926857439153 and parameters: {'model_name': 'SimpleImputer', 'strategy': 'mean'}. Best is trial 2 with value: 0.16298926857439153.
[I 2024-11-12 02:37:33,418] Trial 81 finished with value: 0.16440181616063695 and parameters: {'model_name': 'SimpleImputer', 'strategy': 'median'}. Best is trial 2 with value: 0.16298926857439153.
[I 2024-11-12 02:37:33,496] Trial 89 finished with value: 0.16440181616063695 and parameters: {'model_name': 'SimpleImputer', 'strategy': 'median'}. Best is trial 2 with value: 0.16298926857439153.
[I 2024-11-12 02:37:33,613] Trial 79 finished with value: 0.4277177336900593 and parameters: {'model_name': 'SimpleImputer', 'strategy': 'most_frequent'}. Best is trial 2 with value: 0.16298926857439153.
running
running
running
running
running
running
[I 2024-11-12 02:37:33,779] Trial 94 finished with value: 0.16298926857439153 and parameters: {'model_name': 'SimpleImputer', 'strategy': 'mean'}. Best is trial 2 with value: 0.16298926857439153.
running
[I 2024-11-12 02:37:33,882] Trial 92 finished with value: 0.4277177336900593 and parameters: {'model_name': 'SimpleImputer', 'strategy': 'most_frequent'}. Best is trial 2 with value: 0.16298926857439153.
running
[I 2024-11-12 02:37:33,977] Trial 96 finished with value: 0.16298926857439153 and parameters: {'model_name': 'SimpleImputer', 'strategy': 'mean'}. Best is trial 2 with value: 0.16298926857439153.
running
running
[I 2024-11-12 02:37:34,174] Trial 99 finished with value: 0.16298926857439153 and parameters: {'model_name': 'SimpleImputer', 'strategy': 'mean'}. Best is trial 2 with value: 0.16298926857439153.
running
[I 2024-11-12 02:37:34,313] Trial 97 finished with value: 0.16298926857439153 and parameters: {'model_name': 'SimpleImputer', 'strategy': 'mean'}. Best is trial 2 with value: 0.16298926857439153.
[I 2024-11-12 02:37:34,428] Trial 98 finished with value: 0.16298926857439153 and parameters: {'model_name': 'SimpleImputer', 'strategy': 'mean'}. Best is trial 2 with value: 0.16298926857439153.
running
[I 2024-11-12 02:37:34,532] Trial 103 finished with value: 0.16298926857439153 and parameters: {'model_name': 'SimpleImputer', 'strategy': 'mean'}. Best is trial 2 with value: 0.16298926857439153.
running
running
[I 2024-11-12 02:37:34,706] Trial 91 finished with value: 0.4277177336900593 and parameters: {'model_name': 'SimpleImputer', 'strategy': 'most_frequent'}. Best is trial 2 with value: 0.16298926857439153.
running
[I 2024-11-12 02:37:34,809] Trial 106 finished with value: 0.16298926857439153 and parameters: {'model_name': 'SimpleImputer', 'strategy': 'mean'}. Best is trial 2 with value: 0.16298926857439153.
[I 2024-11-12 02:37:34,892] Trial 104 finished with value: 0.16298926857439153 and parameters: {'model_name': 'SimpleImputer', 'strategy': 'mean'}. Best is trial 2 with value: 0.16298926857439153.
[I 2024-11-12 02:37:35,035] Trial 101 finished with value: 0.16298926857439153 and parameters: {'model_name': 'SimpleImputer', 'strategy': 'mean'}. Best is trial 2 with value: 0.16298926857439153.
running
running
running
[I 2024-11-12 02:37:35,172] Trial 100 finished with value: 0.16298926857439153 and parameters: {'model_name': 'SimpleImputer', 'strategy': 'mean'}. Best is trial 2 with value: 0.16298926857439153.
[I 2024-11-12 02:37:35,256] Trial 93 finished with value: 0.4277177336900593 and parameters: {'model_name': 'SimpleImputer', 'strategy': 'most_frequent'}. Best is trial 2 with value: 0.16298926857439153.
running
[I 2024-11-12 02:37:35,353] Trial 110 finished with value: 0.16298926857439153 and parameters: {'model_name': 'SimpleImputer', 'strategy': 'mean'}. Best is trial 2 with value: 0.16298926857439153.
[I 2024-11-12 02:37:35,447] Trial 111 finished with value: 0.16298926857439153 and parameters: {'model_name': 'SimpleImputer', 'strategy': 'mean'}. Best is trial 2 with value: 0.16298926857439153.
running
[I 2024-11-12 02:37:35,534] Trial 102 finished with value: 0.16298926857439153 and parameters: {'model_name': 'SimpleImputer', 'strategy': 'mean'}. Best is trial 2 with value: 0.16298926857439153.
[I 2024-11-12 02:37:35,633] Trial 109 finished with value: 0.16298926857439153 and parameters: {'model_name': 'SimpleImputer', 'strategy': 'mean'}. Best is trial 2 with value: 0.16298926857439153.
running
running
[I 2024-11-12 02:37:35,635] Trial 105 finished with value: 0.16298926857439153 and parameters: {'model_name': 'SimpleImputer', 'strategy': 'mean'}. Best is trial 2 with value: 0.16298926857439153.
running
[I 2024-11-12 02:37:35,735] Trial 107 finished with value: 0.16298926857439153 and parameters: {'model_name': 'SimpleImputer', 'strategy': 'mean'}. Best is trial 2 with value: 0.16298926857439153.
running
running
[I 2024-11-12 02:37:35,958] Trial 112 finished with value: 0.16298926857439153 and parameters: {'model_name': 'SimpleImputer', 'strategy': 'mean'}. Best is trial 2 with value: 0.16298926857439153.
running
[I 2024-11-12 02:37:36,064] Trial 115 finished with value: 0.16298926857439153 and parameters: {'model_name': 'SimpleImputer', 'strategy': 'mean'}. Best is trial 2 with value: 0.16298926857439153.
running
running
[I 2024-11-12 02:37:36,219] Trial 108 finished with value: 0.16298926857439153 and parameters: {'model_name': 'SimpleImputer', 'strategy': 'mean'}. Best is trial 2 with value: 0.16298926857439153.
[I 2024-11-12 02:37:36,321] Trial 123 finished with value: 0.16298926857439153 and parameters: {'model_name': 'SimpleImputer', 'strategy': 'mean'}. Best is trial 2 with value: 0.16298926857439153.
running
running
[I 2024-11-12 02:37:36,457] Trial 118 finished with value: 0.16298926857439153 and parameters: {'model_name': 'SimpleImputer', 'strategy': 'mean'}. Best is trial 2 with value: 0.16298926857439153.
[I 2024-11-12 02:37:36,548] Trial 113 finished with value: 0.16298926857439153 and parameters: {'model_name': 'SimpleImputer', 'strategy': 'mean'}. Best is trial 2 with value: 0.16298926857439153.
running
running
[I 2024-11-12 02:37:36,748] Trial 116 finished with value: 0.16298926857439153 and parameters: {'model_name': 'SimpleImputer', 'strategy': 'mean'}. Best is trial 2 with value: 0.16298926857439153.
running
[I 2024-11-12 02:37:36,857] Trial 114 finished with value: 0.16298926857439153 and parameters: {'model_name': 'SimpleImputer', 'strategy': 'mean'}. Best is trial 2 with value: 0.16298926857439153.
[I 2024-11-12 02:37:36,945] Trial 121 finished with value: 0.16298926857439153 and parameters: {'model_name': 'SimpleImputer', 'strategy': 'mean'}. Best is trial 2 with value: 0.16298926857439153.
[I 2024-11-12 02:37:36,948] Trial 122 finished with value: 0.16298926857439153 and parameters: {'model_name': 'SimpleImputer', 'strategy': 'mean'}. Best is trial 2 with value: 0.16298926857439153.
[I 2024-11-12 02:37:37,123] Trial 119 finished with value: 0.16298926857439153 and parameters: {'model_name': 'SimpleImputer', 'strategy': 'mean'}. Best is trial 2 with value: 0.16298926857439153.
running
running
running
[I 2024-11-12 02:37:37,248] Trial 126 finished with value: 0.16298926857439153 and parameters: {'model_name': 'SimpleImputer', 'strategy': 'mean'}. Best is trial 2 with value: 0.16298926857439153.
[I 2024-11-12 02:37:37,334] Trial 125 finished with value: 0.16298926857439153 and parameters: {'model_name': 'SimpleImputer', 'strategy': 'mean'}. Best is trial 2 with value: 0.16298926857439153.
running
[I 2024-11-12 02:37:37,425] Trial 120 finished with value: 0.16298926857439153 and parameters: {'model_name': 'SimpleImputer', 'strategy': 'mean'}. Best is trial 2 with value: 0.16298926857439153.
running
running
running
[I 2024-11-12 02:37:37,562] Trial 117 finished with value: 0.16298926857439153 and parameters: {'model_name': 'SimpleImputer', 'strategy': 'mean'}. Best is trial 2 with value: 0.16298926857439153.
[I 2024-11-12 02:37:37,648] Trial 127 finished with value: 0.16298926857439153 and parameters: {'model_name': 'SimpleImputer', 'strategy': 'mean'}. Best is trial 2 with value: 0.16298926857439153.
[I 2024-11-12 02:37:37,762] Trial 129 finished with value: 0.16298926857439153 and parameters: {'model_name': 'SimpleImputer', 'strategy': 'mean'}. Best is trial 2 with value: 0.16298926857439153.
running
[I 2024-11-12 02:37:37,868] Trial 124 finished with value: 0.16298926857439153 and parameters: {'model_name': 'SimpleImputer', 'strategy': 'mean'}. Best is trial 2 with value: 0.16298926857439153.
running
[I 2024-11-12 02:37:37,975] Trial 130 finished with value: 0.16298926857439153 and parameters: {'model_name': 'SimpleImputer', 'strategy': 'mean'}. Best is trial 2 with value: 0.16298926857439153.
running
running
running
[I 2024-11-12 02:37:38,131] Trial 128 finished with value: 0.16298926857439153 and parameters: {'model_name': 'SimpleImputer', 'strategy': 'mean'}. Best is trial 2 with value: 0.16298926857439153.
[I 2024-11-12 02:37:38,225] Trial 134 finished with value: 0.16298926857439153 and parameters: {'model_name': 'SimpleImputer', 'strategy': 'mean'}. Best is trial 2 with value: 0.16298926857439153.
running
[I 2024-11-12 02:37:38,359] Trial 132 finished with value: 0.16298926857439153 and parameters: {'model_name': 'SimpleImputer', 'strategy': 'mean'}. Best is trial 2 with value: 0.16298926857439153.
running
running
[I 2024-11-12 02:37:38,506] Trial 131 finished with value: 0.16298926857439153 and parameters: {'model_name': 'SimpleImputer', 'strategy': 'mean'}. Best is trial 2 with value: 0.16298926857439153.
[I 2024-11-12 02:37:38,597] Trial 136 finished with value: 0.16298926857439153 and parameters: {'model_name': 'SimpleImputer', 'strategy': 'mean'}. Best is trial 2 with value: 0.16298926857439153.
running
[I 2024-11-12 02:37:38,599] Trial 139 finished with value: 0.16298926857439153 and parameters: {'model_name': 'SimpleImputer', 'strategy': 'mean'}. Best is trial 2 with value: 0.16298926857439153.
[I 2024-11-12 02:37:38,786] Trial 142 finished with value: 0.16298926857439153 and parameters: {'model_name': 'SimpleImputer', 'strategy': 'mean'}. Best is trial 2 with value: 0.16298926857439153.
running
running
running
[I 2024-11-12 02:37:38,957] Trial 138 finished with value: 0.16298926857439153 and parameters: {'model_name': 'SimpleImputer', 'strategy': 'mean'}. Best is trial 2 with value: 0.16298926857439153.
[I 2024-11-12 02:37:39,043] Trial 140 finished with value: 0.16298926857439153 and parameters: {'model_name': 'SimpleImputer', 'strategy': 'mean'}. Best is trial 2 with value: 0.16298926857439153.
[I 2024-11-12 02:37:39,130] Trial 141 finished with value: 0.16298926857439153 and parameters: {'model_name': 'SimpleImputer', 'strategy': 'mean'}. Best is trial 2 with value: 0.16298926857439153.
[I 2024-11-12 02:37:39,213] Trial 133 finished with value: 0.16298926857439153 and parameters: {'model_name': 'SimpleImputer', 'strategy': 'mean'}. Best is trial 2 with value: 0.16298926857439153.
[I 2024-11-12 02:37:39,309] Trial 137 finished with value: 0.16298926857439153 and parameters: {'model_name': 'SimpleImputer', 'strategy': 'mean'}. Best is trial 2 with value: 0.16298926857439153.
running
running
running
[I 2024-11-12 02:37:39,428] Trial 135 finished with value: 0.16298926857439153 and parameters: {'model_name': 'SimpleImputer', 'strategy': 'mean'}. Best is trial 2 with value: 0.16298926857439153.
running
running
[I 2024-11-12 02:37:39,557] Trial 145 finished with value: 0.16298926857439153 and parameters: {'model_name': 'SimpleImputer', 'strategy': 'mean'}. Best is trial 2 with value: 0.16298926857439153.
running
[I 2024-11-12 02:37:39,567] Trial 152 finished with value: 0.16298926857439153 and parameters: {'model_name': 'SimpleImputer', 'strategy': 'mean'}. Best is trial 2 with value: 0.16298926857439153.
[I 2024-11-12 02:37:39,568] Trial 143 finished with value: 0.16298926857439153 and parameters: {'model_name': 'SimpleImputer', 'strategy': 'mean'}. Best is trial 2 with value: 0.16298926857439153.
running
[I 2024-11-12 02:37:39,597] Trial 144 finished with value: 0.16298926857439153 and parameters: {'model_name': 'SimpleImputer', 'strategy': 'mean'}. Best is trial 2 with value: 0.16298926857439153.
[I 2024-11-12 02:37:39,599] Trial 149 finished with value: 0.16298926857439153 and parameters: {'model_name': 'SimpleImputer', 'strategy': 'mean'}. Best is trial 2 with value: 0.16298926857439153.
running
[I 2024-11-12 02:37:40,097] Trial 146 finished with value: 0.16298926857439153 and parameters: {'model_name': 'SimpleImputer', 'strategy': 'mean'}. Best is trial 2 with value: 0.16298926857439153.
running
running
[I 2024-11-12 02:37:40,205] Trial 150 finished with value: 0.16298926857439153 and parameters: {'model_name': 'SimpleImputer', 'strategy': 'mean'}. Best is trial 2 with value: 0.16298926857439153.
running
running
running
[I 2024-11-12 02:37:40,340] Trial 148 finished with value: 0.16298926857439153 and parameters: {'model_name': 'SimpleImputer', 'strategy': 'mean'}. Best is trial 2 with value: 0.16298926857439153.
running
[I 2024-11-12 02:37:40,492] Trial 157 finished with value: 0.16298926857439153 and parameters: {'model_name': 'SimpleImputer', 'strategy': 'mean'}. Best is trial 2 with value: 0.16298926857439153.
[I 2024-11-12 02:37:40,575] Trial 153 finished with value: 0.16298926857439153 and parameters: {'model_name': 'SimpleImputer', 'strategy': 'mean'}. Best is trial 2 with value: 0.16298926857439153.
[I 2024-11-12 02:37:40,671] Trial 147 finished with value: 0.16298926857439153 and parameters: {'model_name': 'SimpleImputer', 'strategy': 'mean'}. Best is trial 2 with value: 0.16298926857439153.
[I 2024-11-12 02:37:40,763] Trial 151 finished with value: 0.16298926857439153 and parameters: {'model_name': 'SimpleImputer', 'strategy': 'mean'}. Best is trial 2 with value: 0.16298926857439153.
running
running
running
running
[I 2024-11-12 02:37:40,909] Trial 154 finished with value: 0.16298926857439153 and parameters: {'model_name': 'SimpleImputer', 'strategy': 'mean'}. Best is trial 2 with value: 0.16298926857439153.
running
[I 2024-11-12 02:37:41,020] Trial 158 finished with value: 0.16298926857439153 and parameters: {'model_name': 'SimpleImputer', 'strategy': 'mean'}. Best is trial 2 with value: 0.16298926857439153.
running
[I 2024-11-12 02:37:41,184] Trial 156 finished with value: 0.16298926857439153 and parameters: {'model_name': 'SimpleImputer', 'strategy': 'mean'}. Best is trial 2 with value: 0.16298926857439153.
[I 2024-11-12 02:37:41,271] Trial 161 finished with value: 0.16298926857439153 and parameters: {'model_name': 'SimpleImputer', 'strategy': 'mean'}. Best is trial 2 with value: 0.16298926857439153.
running
[I 2024-11-12 02:37:41,357] Trial 155 finished with value: 0.16298926857439153 and parameters: {'model_name': 'SimpleImputer', 'strategy': 'mean'}. Best is trial 2 with value: 0.16298926857439153.
running
[I 2024-11-12 02:37:41,485] Trial 160 finished with value: 0.16298926857439153 and parameters: {'model_name': 'SimpleImputer', 'strategy': 'mean'}. Best is trial 2 with value: 0.16298926857439153.
[I 2024-11-12 02:37:41,575] Trial 159 finished with value: 0.16298926857439153 and parameters: {'model_name': 'SimpleImputer', 'strategy': 'mean'}. Best is trial 2 with value: 0.16298926857439153.
running
running
running
[I 2024-11-12 02:37:41,798] Trial 170 finished with value: 0.16298926857439153 and parameters: {'model_name': 'SimpleImputer', 'strategy': 'mean'}. Best is trial 2 with value: 0.16298926857439153.
running
[I 2024-11-12 02:37:41,994] Trial 169 finished with value: 0.16298926857439153 and parameters: {'model_name': 'SimpleImputer', 'strategy': 'mean'}. Best is trial 2 with value: 0.16298926857439153.
[I 2024-11-12 02:37:42,117] Trial 164 finished with value: 0.4277177336900593 and parameters: {'model_name': 'SimpleImputer', 'strategy': 'most_frequent'}. Best is trial 2 with value: 0.16298926857439153.
[I 2024-11-12 02:37:42,203] Trial 162 finished with value: 0.16298926857439153 and parameters: {'model_name': 'SimpleImputer', 'strategy': 'mean'}. Best is trial 2 with value: 0.16298926857439153.
running
running
[I 2024-11-12 02:37:42,327] Trial 166 finished with value: 0.16298926857439153 and parameters: {'model_name': 'SimpleImputer', 'strategy': 'mean'}. Best is trial 2 with value: 0.16298926857439153.
running
running
[I 2024-11-12 02:37:42,463] Trial 174 finished with value: 0.16298926857439153 and parameters: {'model_name': 'SimpleImputer', 'strategy': 'mean'}. Best is trial 2 with value: 0.16298926857439153.
running
[I 2024-11-12 02:37:42,625] Trial 178 finished with value: 0.16298926857439153 and parameters: {'model_name': 'SimpleImputer', 'strategy': 'mean'}. Best is trial 2 with value: 0.16298926857439153.
[I 2024-11-12 02:37:42,724] Trial 176 finished with value: 0.16298926857439153 and parameters: {'model_name': 'SimpleImputer', 'strategy': 'mean'}. Best is trial 2 with value: 0.16298926857439153.
running
[I 2024-11-12 02:37:42,828] Trial 165 finished with value: 0.4277177336900593 and parameters: {'model_name': 'SimpleImputer', 'strategy': 'most_frequent'}. Best is trial 2 with value: 0.16298926857439153.
running
running
[I 2024-11-12 02:37:43,028] Trial 167 finished with value: 0.4277177336900593 and parameters: {'model_name': 'SimpleImputer', 'strategy': 'most_frequent'}. Best is trial 2 with value: 0.16298926857439153.
running
[I 2024-11-12 02:37:43,160] Trial 179 finished with value: 0.16298926857439153 and parameters: {'model_name': 'SimpleImputer', 'strategy': 'mean'}. Best is trial 2 with value: 0.16298926857439153.
running
[I 2024-11-12 02:37:43,280] Trial 168 finished with value: 0.4277177336900593 and parameters: {'model_name': 'SimpleImputer', 'strategy': 'most_frequent'}. Best is trial 2 with value: 0.16298926857439153.
[I 2024-11-12 02:37:43,380] Trial 171 finished with value: 0.4277177336900593 and parameters: {'model_name': 'SimpleImputer', 'strategy': 'most_frequent'}. Best is trial 2 with value: 0.16298926857439153.
running
running
[I 2024-11-12 02:37:43,516] Trial 180 finished with value: 0.16298926857439153 and parameters: {'model_name': 'SimpleImputer', 'strategy': 'mean'}. Best is trial 2 with value: 0.16298926857439153.
running
[I 2024-11-12 02:37:43,662] Trial 177 finished with value: 0.4277177336900593 and parameters: {'model_name': 'SimpleImputer', 'strategy': 'most_frequent'}. Best is trial 2 with value: 0.16298926857439153.
[I 2024-11-12 02:37:43,749] Trial 172 finished with value: 0.4277177336900593 and parameters: {'model_name': 'SimpleImputer', 'strategy': 'most_frequent'}. Best is trial 2 with value: 0.16298926857439153.
running
running
[I 2024-11-12 02:37:43,886] Trial 184 finished with value: 0.16298926857439153 and parameters: {'model_name': 'SimpleImputer', 'strategy': 'mean'}. Best is trial 2 with value: 0.16298926857439153.
[I 2024-11-12 02:37:43,980] Trial 182 finished with value: 0.16298926857439153 and parameters: {'model_name': 'SimpleImputer', 'strategy': 'mean'}. Best is trial 2 with value: 0.16298926857439153.
running
[I 2024-11-12 02:37:44,074] Trial 173 finished with value: 0.4277177336900593 and parameters: {'model_name': 'SimpleImputer', 'strategy': 'most_frequent'}. Best is trial 2 with value: 0.16298926857439153.
running
running
[I 2024-11-12 02:37:44,227] Trial 181 finished with value: 0.16298926857439153 and parameters: {'model_name': 'SimpleImputer', 'strategy': 'mean'}. Best is trial 2 with value: 0.16298926857439153.
running
[I 2024-11-12 02:37:44,337] Trial 185 finished with value: 0.16298926857439153 and parameters: {'model_name': 'SimpleImputer', 'strategy': 'mean'}. Best is trial 2 with value: 0.16298926857439153.
[I 2024-11-12 02:37:44,423] Trial 183 finished with value: 0.16298926857439153 and parameters: {'model_name': 'SimpleImputer', 'strategy': 'mean'}. Best is trial 2 with value: 0.16298926857439153.
running
running
[I 2024-11-12 02:37:44,530] Trial 188 finished with value: 0.16298926857439153 and parameters: {'model_name': 'SimpleImputer', 'strategy': 'mean'}. Best is trial 2 with value: 0.16298926857439153.
[I 2024-11-12 02:37:44,659] Trial 175 finished with value: 0.4277177336900593 and parameters: {'model_name': 'SimpleImputer', 'strategy': 'most_frequent'}. Best is trial 2 with value: 0.16298926857439153.
[I 2024-11-12 02:37:44,782] Trial 191 finished with value: 0.16298926857439153 and parameters: {'model_name': 'SimpleImputer', 'strategy': 'mean'}. Best is trial 2 with value: 0.16298926857439153.
[I 2024-11-12 02:37:44,870] Trial 186 finished with value: 0.16298926857439153 and parameters: {'model_name': 'SimpleImputer', 'strategy': 'mean'}. Best is trial 2 with value: 0.16298926857439153.
[I 2024-11-12 02:37:44,987] Trial 195 finished with value: 0.16298926857439153 and parameters: {'model_name': 'SimpleImputer', 'strategy': 'mean'}. Best is trial 2 with value: 0.16298926857439153.
[I 2024-11-12 02:37:45,077] Trial 187 finished with value: 0.16298926857439153 and parameters: {'model_name': 'SimpleImputer', 'strategy': 'mean'}. Best is trial 2 with value: 0.16298926857439153.
[I 2024-11-12 02:37:45,085] Trial 192 finished with value: 0.16298926857439153 and parameters: {'model_name': 'SimpleImputer', 'strategy': 'mean'}. Best is trial 2 with value: 0.16298926857439153.
[I 2024-11-12 02:37:45,265] Trial 163 finished with value: 0.4277177336900593 and parameters: {'model_name': 'SimpleImputer', 'strategy': 'most_frequent'}. Best is trial 2 with value: 0.16298926857439153.
[I 2024-11-12 02:37:45,363] Trial 194 finished with value: 0.16298926857439153 and parameters: {'model_name': 'SimpleImputer', 'strategy': 'mean'}. Best is trial 2 with value: 0.16298926857439153.
[I 2024-11-12 02:37:45,451] Trial 190 finished with value: 0.16298926857439153 and parameters: {'model_name': 'SimpleImputer', 'strategy': 'mean'}. Best is trial 2 with value: 0.16298926857439153.
[I 2024-11-12 02:37:45,536] Trial 193 finished with value: 0.16298926857439153 and parameters: {'model_name': 'SimpleImputer', 'strategy': 'mean'}. Best is trial 2 with value: 0.16298926857439153.
[I 2024-11-12 02:37:45,543] Trial 199 finished with value: 0.16298926857439153 and parameters: {'model_name': 'SimpleImputer', 'strategy': 'mean'}. Best is trial 2 with value: 0.16298926857439153.
[I 2024-11-12 02:37:45,544] Trial 189 finished with value: 0.16298926857439153 and parameters: {'model_name': 'SimpleImputer', 'strategy': 'mean'}. Best is trial 2 with value: 0.16298926857439153.
[I 2024-11-12 02:37:45,799] Trial 198 finished with value: 0.16298926857439153 and parameters: {'model_name': 'SimpleImputer', 'strategy': 'mean'}. Best is trial 2 with value: 0.16298926857439153.
[I 2024-11-12 02:37:45,885] Trial 197 finished with value: 0.16298926857439153 and parameters: {'model_name': 'SimpleImputer', 'strategy': 'mean'}. Best is trial 2 with value: 0.16298926857439153.
[I 2024-11-12 02:37:45,976] Trial 196 finished with value: 0.16298926857439153 and parameters: {'model_name': 'SimpleImputer', 'strategy': 'mean'}. Best is trial 2 with value: 0.16298926857439153.
fit
simple fit
simple transform
0    0
1    0
2    0
3    0
4    0
dtype: int64
0    0
1    0
2    0
3    0
4    0
dtype: int64
0.16298926857439153
{'model_name': 'SimpleImputer', 'strategy': 'mean'}
running experiment 2/3 - Does reconstruction give good automl predictions
Start est fit
Version 0.1.7a0 of tpot2 is outdated. Version 0.1.8a0 was released Tuesday September 17, 2024.
Version 0.1.7a0 of tpot2 is outdated. Version 0.1.8a0 was released Tuesday September 17, 2024.
Version 0.1.7a0 of tpot2 is outdated. Version 0.1.8a0 was released Tuesday September 17, 2024.
Version 0.1.7a0 of tpot2 is outdated. Version 0.1.8a0 was released Tuesday September 17, 2024.
Version 0.1.7a0 of tpot2 is outdated. Version 0.1.8a0 was released Tuesday September 17, 2024.
Version 0.1.7a0 of tpot2 is outdated. Version 0.1.8a0 was released Tuesday September 17, 2024.
Version 0.1.7a0 of tpot2 is outdated. Version 0.1.8a0 was released Tuesday September 17, 2024.
Version 0.1.7a0 of tpot2 is outdated. Version 0.1.8a0 was released Tuesday September 17, 2024.
Version 0.1.7a0 of tpot2 is outdated. Version 0.1.8a0 was released Tuesday September 17, 2024.
Version 0.1.7a0 of tpot2 is outdated. Version 0.1.8a0 was released Tuesday September 17, 2024.
Version 0.1.7a0 of tpot2 is outdated. Version 0.1.8a0 was released Tuesday September 17, 2024.
Version 0.1.7a0 of tpot2 is outdated. Version 0.1.8a0 was released Tuesday September 17, 2024.
Version 0.1.7a0 of tpot2 is outdated. Version 0.1.8a0 was released Tuesday September 17, 2024.
Version 0.1.7a0 of tpot2 is outdated. Version 0.1.8a0 was released Tuesday September 17, 2024.
Version 0.1.7a0 of tpot2 is outdated. Version 0.1.8a0 was released Tuesday September 17, 2024.
Version 0.1.7a0 of tpot2 is outdated. Version 0.1.8a0 was released Tuesday September 17, 2024.
  0%|          | 0/25 [00:00<?, ?it/s]Generation:   0%|          | 0/25 [00:00<?, ?it/s]Generation:  1
Best f1_score score: 0.8073713451092678
Generation:   4%|▍         | 1/25 [00:09<03:53,  9.72s/it]Generation:  2
Best f1_score score: 0.8176717299547033
Generation:   8%|▊         | 2/25 [00:20<03:56, 10.29s/it]Generation:  3
Best f1_score score: 0.8176717299547033
Generation:  12%|█▏        | 3/25 [00:33<04:09, 11.34s/it]Generation:  4
Best f1_score score: 0.8201505014114737
Generation:  16%|█▌        | 4/25 [00:51<04:57, 14.18s/it]Generation:  5
Best f1_score score: 0.8276664291855598
Generation:  20%|██        | 5/25 [02:07<12:10, 36.51s/it]Generation:  6
Best f1_score score: 0.8276664291855598
Generation:  24%|██▍       | 6/25 [02:18<08:50, 27.91s/it]Generation:  7
Best f1_score score: 0.8328806685776659
Generation:  28%|██▊       | 7/25 [02:30<06:45, 22.55s/it]Generation:  8
Best f1_score score: 0.8328806685776659
Generation:  32%|███▏      | 8/25 [02:44<05:38, 19.91s/it]Generation:  9
Best f1_score score: 0.8328806685776659
Generation:  36%|███▌      | 9/25 [02:58<04:46, 17.89s/it]Generation:  10
Best f1_score score: 0.8337237103116835
Generation:  40%|████      | 10/25 [03:12<04:14, 16.94s/it]Generation:  11
Best f1_score score: 0.8337237103116835
Generation:  44%|████▍     | 11/25 [03:27<03:46, 16.18s/it]Generation:  12
Best f1_score score: 0.8337237103116835
Generation:  48%|████▊     | 12/25 [03:42<03:25, 15.78s/it]Generation:  13
Best f1_score score: 0.8337237103116835
Generation:  52%|█████▏    | 13/25 [03:57<03:07, 15.65s/it]Generation:  14
Best f1_score score: 0.8337237103116835
Generation:  56%|█████▌    | 14/25 [04:12<02:50, 15.51s/it]Generation:  15
Best f1_score score: 0.8337237103116835
Generation:  60%|██████    | 15/25 [04:29<02:37, 15.77s/it]Generation:  16
Best f1_score score: 0.8337237103116835
Generation:  64%|██████▍   | 16/25 [04:43<02:17, 15.24s/it]Generation:  17
Best f1_score score: 0.8337237103116835
Generation:  68%|██████▊   | 17/25 [04:59<02:04, 15.53s/it]Generation:  18
Best f1_score score: 0.8339489572299204
Generation:  72%|███████▏  | 18/25 [07:44<07:03, 60.55s/it]Generation:  19
Best f1_score score: 0.8339489572299204
Generation:  76%|███████▌  | 19/25 [08:02<04:46, 47.71s/it]Generation:  20
Best f1_score score: 0.8360119456572976
Generation:  80%|████████  | 20/25 [08:29<03:28, 41.63s/it]Generation:  21
Best f1_score score: 0.8360119456572976
Generation:  84%|████████▍ | 21/25 [08:53<02:24, 36.14s/it]Generation:  22
Best f1_score score: 0.8360119456572976
Generation:  88%|████████▊ | 22/25 [09:15<01:35, 32.00s/it]Generation:  23
Best f1_score score: 0.8360119456572976
Generation:  92%|█████████▏| 23/25 [13:19<03:10, 95.48s/it]Generation:  24
Best f1_score score: 0.8360119456572976
Generation:  96%|█████████▌| 24/25 [13:40<01:13, 73.37s/it]Generation:  25
Best f1_score score: 0.8360119456572976
Generation: 100%|██████████| 25/25 [14:00<00:00, 57.25s/it]Generation: 100%|██████████| 25/25 [14:05<00:00, 33.81s/it]
2024-11-12 02:51:58,911 - distributed.scheduler - ERROR - Removing worker 'tcp://127.0.0.1:33597' caused the cluster to lose scattered data, which can't be recovered: {'ndarray-d46b60274331c31c86d8ea5fd9975a8d', 'ndarray-517cd59f157fc470f6fab3a5fae55ce9'} (stimulus_id='handle-worker-cleanup-1731408718.9111164')
Fitted
Pipeline(steps=[('histgradientboostingclassifier',
                 HistGradientBoostingClassifier(early_stopping=False,
                                                l2_regularization=2.16571499e-05,
                                                learning_rate=0.1426513772459,
                                                max_features=0.6000534536779,
                                                max_leaf_nodes=327,
                                                min_samples_leaf=8, tol=0.0001,
                                                validation_fraction=None))])
score start
train score: {'auroc': 1.0, 'accuracy': 1.0, 'balanced_accuracy': 1.0, 'logloss': 0.0005014758049743984, 'f1': 1.0}
original test score: {'auroc': 0.9624878193799857, 'accuracy': 0.9074930619796485, 'balanced_accuracy': 0.8791847655540324, 'logloss': 0.3385322663814816, 'f1': 0.8862670336422325}
imputed test score: {'auroc': 0.9513724874890581, 'accuracy': 0.8889916743755781, 'balanced_accuracy': 0.8605587394916345, 'logloss': 0.387083391755583, 'f1': 0.8645759385309224}
score end
check intended
EXP2 Finished
running experiment 3/3 - What is the best automl settings?
<tpot2.search_spaces.pipelines.sequential.SequentialPipeline object at 0x15543504f9d0>
Start tpot fit
Version 0.1.7a0 of tpot2 is outdated. Version 0.1.8a0 was released Tuesday September 17, 2024.
Version 0.1.7a0 of tpot2 is outdated. Version 0.1.8a0 was released Tuesday September 17, 2024.
Version 0.1.7a0 of tpot2 is outdated. Version 0.1.8a0 was released Tuesday September 17, 2024.
Version 0.1.7a0 of tpot2 is outdated. Version 0.1.8a0 was released Tuesday September 17, 2024.
Version 0.1.7a0 of tpot2 is outdated. Version 0.1.8a0 was released Tuesday September 17, 2024.
Version 0.1.7a0 of tpot2 is outdated. Version 0.1.8a0 was released Tuesday September 17, 2024.
Version 0.1.7a0 of tpot2 is outdated. Version 0.1.8a0 was released Tuesday September 17, 2024.
Version 0.1.7a0 of tpot2 is outdated. Version 0.1.8a0 was released Tuesday September 17, 2024.
Version 0.1.7a0 of tpot2 is outdated. Version 0.1.8a0 was released Tuesday September 17, 2024.
Version 0.1.7a0 of tpot2 is outdated. Version 0.1.8a0 was released Tuesday September 17, 2024.
Version 0.1.7a0 of tpot2 is outdated. Version 0.1.8a0 was released Tuesday September 17, 2024.
Version 0.1.7a0 of tpot2 is outdated. Version 0.1.8a0 was released Tuesday September 17, 2024.
Version 0.1.7a0 of tpot2 is outdated. Version 0.1.8a0 was released Tuesday September 17, 2024.
Version 0.1.7a0 of tpot2 is outdated. Version 0.1.8a0 was released Tuesday September 17, 2024.
Version 0.1.7a0 of tpot2 is outdated. Version 0.1.8a0 was released Tuesday September 17, 2024.
Version 0.1.7a0 of tpot2 is outdated. Version 0.1.8a0 was released Tuesday September 17, 2024.
  0%|          | 0/25 [00:00<?, ?it/s]Generation:   0%|          | 0/25 [00:00<?, ?it/s]Generation:  1
Best f1_score score: 0.8226489291051905
Generation:   4%|▍         | 1/25 [00:07<03:06,  7.79s/it]Generation:  2
Best f1_score score: 0.830270415939762
Generation:   8%|▊         | 2/25 [00:53<11:25, 29.82s/it]Generation:  3
Best f1_score score: 0.8303926653501799
Generation:  12%|█▏        | 3/25 [01:07<08:19, 22.72s/it]Generation:  4
Best f1_score score: 0.8303926653501799
Generation:  16%|█▌        | 4/25 [01:19<06:31, 18.65s/it]Generation:  5
Best f1_score score: 0.8407408052696322
Generation:  20%|██        | 5/25 [02:30<12:31, 37.56s/it]Generation:  6
Best f1_score score: 0.8407408052696322
Generation:  24%|██▍       | 6/25 [02:43<09:11, 29.00s/it]WARNING THIS INDIVIDUAL CAUSED AND EXCEPTION 
 <tpot2.search_spaces.pipelines.sequential.SequentialPipelineIndividual object at 0x155474158dc0> 
 The 'min_samples_split' parameter of DecisionTreeClassifier must be an int in the range [2, inf) or a float in the range (0.0, 1.0]. Got 1 instead. 
 Traceback (most recent call last):
  File "/common/ketrong/tpotexp/tpot2/tpot2/utils/eval_utils.py", line 53, in objective_nan_wrapper
    value = func_timeout.func_timeout(timeout, objective_function, args=[individual], kwargs=objective_kwargs)
  File "/common/ketrong/tpotexp/env/lib/python3.10/site-packages/func_timeout/dafunc.py", line 108, in func_timeout
    raise_exception(exception)
  File "/common/ketrong/tpotexp/env/lib/python3.10/site-packages/func_timeout/py3_raise.py", line 7, in raise_exception
    raise exception[0] from None
  File "/common/ketrong/tpotexp/tpot2/tpot2/tpot_estimator/estimator.py", line 623, in objective_function
    return objective_function_generator(
  File "/common/ketrong/tpotexp/tpot2/tpot2/tpot_estimator/estimator_utils.py", line 55, in objective_function_generator
    cv_obj_scores = cross_val_score_objective(sklearn.base.clone(pipeline),x,y,scorers=scorers, cv=cv , fold=step)
  File "/common/ketrong/tpotexp/tpot2/tpot2/tpot_estimator/cross_val_utils.py", line 28, in cross_val_score_objective
    this_fold_pipeline.fit(X_train,y_train)
  File "/common/ketrong/tpotexp/env/lib/python3.10/site-packages/sklearn/base.py", line 1473, in wrapper
    return fit_method(estimator, *args, **kwargs)
  File "/common/ketrong/tpotexp/env/lib/python3.10/site-packages/sklearn/pipeline.py", line 473, in fit
    self._final_estimator.fit(Xt, y, **last_step_params["fit"])
  File "/common/ketrong/tpotexp/env/lib/python3.10/site-packages/sklearn/base.py", line 1466, in wrapper
    estimator._validate_params()
  File "/common/ketrong/tpotexp/env/lib/python3.10/site-packages/sklearn/base.py", line 666, in _validate_params
    validate_parameter_constraints(
  File "/common/ketrong/tpotexp/env/lib/python3.10/site-packages/sklearn/utils/_param_validation.py", line 95, in validate_parameter_constraints
    raise InvalidParameterError(
sklearn.utils._param_validation.InvalidParameterError: The 'min_samples_split' parameter of DecisionTreeClassifier must be an int in the range [2, inf) or a float in the range (0.0, 1.0]. Got 1 instead.

Generation:  7
Best f1_score score: 0.8407408052696322
Generation:  28%|██▊       | 7/25 [03:00<07:34, 25.23s/it]Generation:  8
Best f1_score score: 0.8407408052696322
Generation:  32%|███▏      | 8/25 [03:12<05:57, 21.05s/it]Generation:  9
Best f1_score score: 0.8407408052696322
Generation:  36%|███▌      | 9/25 [03:22<04:42, 17.65s/it]Generation:  10
Best f1_score score: 0.8407408052696322
Generation:  40%|████      | 10/25 [03:35<04:00, 16.01s/it]Generation:  11
Best f1_score score: 0.8407408052696322
Generation:  44%|████▍     | 11/25 [03:49<03:36, 15.45s/it]Generation:  12
Best f1_score score: 0.8407408052696322
Generation:  48%|████▊     | 12/25 [04:01<03:05, 14.30s/it]Generation:  13
Best f1_score score: 0.8407408052696322
Generation:  52%|█████▏    | 13/25 [04:14<02:48, 14.01s/it]Generation:  14
Best f1_score score: 0.8407408052696322
Generation:  56%|█████▌    | 14/25 [04:29<02:37, 14.33s/it]Generation:  15
Best f1_score score: 0.8407408052696322
Generation:  60%|██████    | 15/25 [04:45<02:28, 14.88s/it]Generation:  16
Best f1_score score: 0.8407408052696322
Generation:  64%|██████▍   | 16/25 [05:01<02:16, 15.17s/it]Generation:  17
Best f1_score score: 0.8407408052696322
Generation:  68%|██████▊   | 17/25 [05:16<02:00, 15.01s/it]Generation:  18
Best f1_score score: 0.8415880815236662
Generation:  72%|███████▏  | 18/25 [05:29<01:41, 14.53s/it]Generation:  19
Best f1_score score: 0.8415880815236662
Generation:  76%|███████▌  | 19/25 [05:42<01:23, 13.98s/it]Generation:  20
Best f1_score score: 0.8415880815236662
Generation:  80%|████████  | 20/25 [05:57<01:11, 14.34s/it]Generation:  21
Best f1_score score: 0.8415880815236662
Generation:  84%|████████▍ | 21/25 [06:13<00:59, 14.89s/it]Generation:  22
Best f1_score score: 0.8415880815236662
Generation:  88%|████████▊ | 22/25 [06:25<00:41, 13.96s/it]Generation:  23
Best f1_score score: 0.8415880815236662
Generation:  92%|█████████▏| 23/25 [06:42<00:29, 15.00s/it]Generation:  24
Best f1_score score: 0.8415880815236662
Generation:  96%|█████████▌| 24/25 [06:57<00:14, 14.81s/it]Generation:  25
Best f1_score score: 0.8415880815236662
Generation: 100%|██████████| 25/25 [07:11<00:00, 14.65s/it]Generation: 100%|██████████| 25/25 [07:11<00:00, 17.26s/it]
2024-11-12 02:59:22,054 - distributed.scheduler - ERROR - Removing worker 'tcp://127.0.0.1:34227' caused the cluster to lose scattered data, which can't be recovered: {'DataFrame-c4cd2c705c6c681fe1ac093cd61a9d45', 'ndarray-517cd59f157fc470f6fab3a5fae55ce9'} (stimulus_id='handle-worker-cleanup-1731409162.0542333')
Fitted
Pipeline(steps=[('simpleimputer', SimpleImputer(strategy='median')),
                ('randomforestclassifier',
                 RandomForestClassifier(bootstrap=False,
                                        max_features=0.328808481872,
                                        min_samples_leaf=2, min_samples_split=5,
                                        n_estimators=128))])
transform worked
try transform
transform worked
score start
train score: {'auroc': 0.9999994839410186, 'accuracy': 0.9995373583159842, 'balanced_accuracy': 0.9992119779353822, 'logloss': 0.07972022141837551, 'f1': 0.9994420121123255}
test score: {'auroc': 0.9563107998744776, 'accuracy': 0.8954671600370028, 'balanced_accuracy': 0.8660627281285613, 'logloss': 0.2627197374202324, 'f1': 0.8718582975353129}
original test score: {'auroc': 0.961897368986077, 'accuracy': 0.9093432007400555, 'balanced_accuracy': 0.8795708292731266, 'logloss': 0.24637864507311352, 'f1': 0.8880999661990874}
score end
1489
lvl
0.1
type
MCAR
num_run
1
class_simple
finished
all finished
full run takes
0.37099435720178814
hours
DONE
