Run: 1
/cm/local/apps/slurm/var/spool/job955798/slurm_script: line 26: 
pip install -e tpot2
pip install -r tpot2/ImputerExperiments/requirements_.txt
: No such file or directory
RunStart
Version 0.1.7a0 of tpot2 is outdated. Version 0.1.8a0 was released 19 hours ago.
starting loops
../data/r/197/197.pkl
      lread  lwrite   scall  sread  swrite   fork   exec     rchar     wchar  \
0       6.0     2.0  1036.0  103.0   114.0   1.00   1.00  172076.0  355965.0   
1       1.0     0.0  2165.0  205.0   101.0   0.40   1.20   43107.0   44139.0   
2      62.0    77.0  3806.0  258.0   166.0   1.40   1.40  492142.0  268706.0   
3       5.0     0.0  4721.0  256.0   177.0   0.99   2.58  524787.0  174964.0   
4      42.0    55.0  3949.0  249.0   244.0   2.60   4.60  197289.0  529200.0   
...     ...     ...     ...    ...     ...    ...    ...       ...       ...   
8187   74.0    49.0  2688.0  176.0   103.0  11.00  32.20   57714.0   38484.0   
8188   29.0    40.0  1906.0  118.0    90.0   0.80   2.00    8175.0   27313.0   
8189    3.0     0.0   926.0   90.0    67.0   0.60   1.00    5411.0   19322.0   
8190    4.0     0.0   418.0   30.0    29.0   0.80   1.00    3959.0   10679.0   
8191    5.0     0.0  1888.0  248.0   215.0   6.20   1.80  216420.0   39346.0   

      pgout  ppgout  pgfree  pgscan  atch   pgin  ppgin    pflt    vflt  \
0      0.00    0.00    0.00    0.00  0.00   2.00   4.00   73.60   89.00   
1      4.80   42.20   75.80  181.40  0.20  85.40  88.20   19.40  161.80   
2      4.80   19.40   44.00   79.20  2.20   7.60  12.20   68.00  218.80   
3     14.51   51.49   88.47  189.86  1.99   4.17  24.85   95.63  248.91   
4      4.20    6.80    6.60    0.00  1.40   1.80   2.20  219.60  297.20   
...     ...     ...     ...     ...   ...    ...    ...     ...     ...   
8187   0.80    1.00    1.00    0.00  0.00   0.80   0.80  343.20  649.40   
8188   0.00    0.00    0.00    0.00  0.00   0.80   0.80   56.20   78.60   
8189   0.00    0.00    0.00    0.00  0.40   0.40   0.40   53.40  154.00   
8190   0.00    0.00    0.00    0.00  0.00   0.20   0.20   61.00   73.20   
8191   0.00    0.00    0.00    0.00  0.00   7.40  14.80  296.60  420.20   

      runqsz  freemem   freeswap  
0        2.0   6527.0  1851864.0  
1        3.0    130.0  1131931.0  
2        5.2    256.0  1314590.0  
3        1.0    233.0   972606.0  
4        3.4    331.0  1013805.0  
...      ...      ...        ...  
8187     7.0    314.0  1096333.0  
8188     3.6    166.0  1107088.0  
8189     1.0   1177.0  1020400.0  
8190     2.4   6355.0  1702592.0  
8191     4.6   1628.0  1757696.0  

[8192 rows x 21 columns]
<class 'pandas.core.frame.DataFrame'>
      lread  lwrite   scall  sread  swrite  fork   exec     rchar    wchar  \
4871    5.0     2.0  2468.0   99.0    97.0  0.40   0.40  152648.0  32618.0   
7701    6.0     1.0  2200.0  179.0   109.0  5.80  18.80  316995.0  41538.0   
8174    6.0     2.0  2003.0  103.0   134.0  0.20   0.20   53400.0  16856.0   
1862    0.0     0.0  1704.0  365.0   358.0  0.20   0.20   11320.0  39615.0   
4093   21.0     2.0  5002.0  588.0   483.0  9.18   3.19  469386.0  35692.0   
...     ...     ...     ...    ...     ...   ...    ...       ...      ...   
7568   62.0    77.0  4386.0  399.0   275.0  3.80   1.60  151336.0  30028.0   
1277    3.0     2.0   744.0   74.0    55.0  0.40   0.40   14684.0  19602.0   
4594   14.0    14.0  1499.0  125.0    75.0  0.80   0.80  156488.0  21855.0   
5200    0.0     0.0   186.0   19.0    18.0  0.20   0.20     615.0   5652.0   
4571    0.0     0.0   267.0   31.0    43.0  0.40   0.40     420.0   5591.0   

      pgout  ppgout  pgfree  pgscan  atch   pgin  ppgin    pflt    vflt  \
4871   0.00    0.00    0.00     0.0  0.00   2.80   3.20   32.40   50.60   
7701   5.60   33.60   76.00   148.8  0.20  34.40  63.00  204.00  403.40   
8174   3.80   27.60   68.80   329.8  0.40   8.60  57.80   15.80   28.20   
1862   0.00    0.00    0.00     0.0  0.00   0.20   0.20   15.40   22.60   
4093   7.39   13.77   27.15    48.1  2.99   2.59   2.79  467.27  740.92   
...     ...     ...     ...     ...   ...    ...    ...     ...     ...   
7568   0.00    0.00    0.00     0.0  0.00   8.00  10.40  199.40  334.40   
1277   2.40    2.60    2.60     0.0  0.40   0.60   0.60   33.00   63.80   
4594   0.00    0.00    0.00     0.0  0.00  13.43  27.05   86.77  120.04   
5200   0.00    0.00    0.00     0.0  0.00   0.00   0.00   15.60   16.80   
4571   0.00    0.00    0.00     0.0  0.00   0.00   0.00   32.27   29.88   

      runqsz  freemem   freeswap  
4871     3.2   3414.0  1551606.0  
7701     1.0    153.0  1103341.0  
8174     1.0    130.0  1054803.0  
1862     2.2    556.0  1702181.0  
4093     1.8    226.0  1010475.0  
...      ...      ...        ...  
7568     4.6    860.0  1395843.0  
1277     2.0    187.0  1022318.0  
4594     1.0   1443.0  1083232.0  
5200     1.0   1863.0  1781320.0  
4571     1.0   1965.0  1765388.0  

[6553 rows x 21 columns]
<class 'pandas.core.frame.DataFrame'>
            0         1         2         3         4         5         6   \
0     0.002710  0.003478  0.189440  0.017508  0.016517  0.019881  0.006716   
1     0.003252  0.001739  0.167772  0.032568  0.018719  0.288270  0.315648   
2     0.003252  0.003478  0.151843  0.018261  0.023307  0.009940  0.003358   
3     0.000000  0.000000  0.127668  0.067583  0.064415  0.009940  0.003358   
4     0.011382  0.003478  0.394324  0.109563  0.087355  0.456262  0.053559   
...        ...       ...       ...       ...       ...       ...       ...   
6548  0.033604  0.133913  0.344518  0.073983  0.049183  0.188867  0.026864   
6549  0.001626  0.003478  0.050049  0.012801  0.008809  0.019881  0.006716   
6550  0.007588  0.024348  0.111093  0.022402  0.012479  0.039761  0.013432   
6551  0.000000  0.000000  0.004932  0.002447  0.002019  0.009940  0.003358   
6552  0.000000  0.000000  0.011481  0.004706  0.006607  0.019881  0.006716   

            7         8         9         10        11        12        13  \
0     0.060260  0.017288  0.000000  0.000000  0.000000  0.000000  0.000000   
1     0.125317  0.022243  0.068762  0.182410  0.145315  0.120291  0.000945   
2     0.020974  0.008532  0.046660  0.149837  0.131549  0.266613  0.001891   
3     0.004316  0.021175  0.000000  0.000000  0.000000  0.000000  0.000000   
4     0.185640  0.018995  0.090742  0.074756  0.051912  0.038884  0.014132   
...        ...       ...       ...       ...       ...       ...       ...   
6548  0.059741  0.015849  0.000000  0.000000  0.000000  0.000000  0.000000   
6549  0.005648  0.010057  0.029470  0.014115  0.004971  0.000000  0.001891   
6550  0.061781  0.011309  0.000000  0.000000  0.000000  0.000000  0.000000   
6551  0.000079  0.002308  0.000000  0.000000  0.000000  0.000000  0.000000   
6552  0.000002  0.002274  0.000000  0.000000  0.000000  0.000000  0.000000   

            14        15        16        17        18        19        20  
0     0.019830  0.010936  0.036008  0.036787  0.000921  0.280150  0.691697  
1     0.243626  0.215304  0.226717  0.295325  0.000000  0.007606  0.491863  
2     0.060907  0.197533  0.017559  0.020372  0.000000  0.005683  0.470225  
3     0.001416  0.000684  0.017115  0.016269  0.000502  0.041287  0.758822  
4     0.018343  0.009535  0.519304  0.542665  0.000335  0.013707  0.450464  
...        ...       ...       ...       ...       ...       ...       ...  
6548  0.056657  0.035542  0.221605  0.244760  0.001507  0.066695  0.622259  
6549  0.004249  0.002051  0.036675  0.046461  0.000419  0.010447  0.455743  
6550  0.095113  0.092444  0.096433  0.087674  0.000000  0.115420  0.482898  
6551  0.000000  0.000000  0.017337  0.012018  0.000000  0.150522  0.794102  
6552  0.000000  0.000000  0.035864  0.021603  0.000000  0.159047  0.787000  

[6553 rows x 21 columns]
<class 'numpy.ndarray'>
            0         1         2         3         4         5         6   \
0     0.029268  0.095652  0.116268  0.039533  0.026427  0.059642  0.040296   
1     0.003252  0.001739  0.153056  0.046687  0.043311  0.119284  0.013432   
2     0.000000  0.000000  0.012775  0.005271  0.008075  0.009940  0.003358   
3     0.002168  0.003478  0.118370  0.029932  0.018536  0.059642  0.030222   
4     0.002168  0.000000  0.346620  0.096950  0.044962  0.049702  0.006716   
...        ...       ...       ...       ...       ...       ...       ...   
1634  0.023848  0.038261  0.332713  0.121800  0.090475  0.467197  0.067159   
1635  0.000542  0.000000  0.059832  0.027108  0.019820  0.009940  0.003358   
1636  0.006504  0.013913  0.052555  0.012236  0.005506  0.188867  0.070517   
1637  0.000542  0.001739  0.103735  0.034262  0.022756  0.029821  0.006716   
1638  0.002168  0.001739  0.255902  0.063065  0.055056  0.099404  0.060443   

            7         8         9         10        11        12        13  \
0     0.034248  0.014638  0.002456  0.001086  0.000382  0.000000  0.001891   
1     0.073669  0.078150  0.000000  0.000000  0.000000  0.000000  0.000000   
2     0.004093  0.011707  0.007367  0.003257  0.001147  0.000000  0.001891   
3     0.013538  0.030176  0.000000  0.000000  0.000000  0.000000  0.000000   
4     0.372275  0.039950  0.000000  0.000000  0.000000  0.000000  0.000000   
...        ...       ...       ...       ...       ...       ...       ...   
1634  0.111521  0.018147  0.061395  0.109663  0.073805  0.082619  0.003781   
1635  0.008144  0.048013  0.000000  0.000000  0.000000  0.000000  0.000000   
1636  0.049521  0.021411  0.000000  0.000000  0.000000  0.000000  0.000000   
1637  0.127272  0.014683  0.000000  0.000000  0.000000  0.000000  0.000000   
1638  0.135285  0.017981  0.024558  0.013029  0.004589  0.000000  0.002836   

            14        15        16        17        18        19        20  
0     0.089235  0.050579  0.084463  0.105086  0.000000  0.030840  0.436077  
1     0.016997  0.010902  0.131763  0.122138  0.000000  0.034016  0.450512  
2     0.008499  0.004101  0.019515  0.011996  0.000000  0.015629  0.776036  
3     0.008499  0.004785  0.147588  0.086179  0.000670  0.068282  0.686525  
4     0.001416  0.000684  0.070682  0.070937  0.000209  0.036607  0.479141  
...        ...       ...       ...       ...       ...       ...       ...  
1634  0.022663  0.012303  0.525672  0.557819  0.000209  0.011283  0.432018  
1635  0.019901  0.009603  0.018482  0.106324  0.000000  0.049896  0.474636  
1636  0.029745  0.020505  0.343854  0.242269  0.000167  0.213205  0.799903  
1637  0.046671  0.040942  0.037931  0.034809  0.001088  0.034935  0.468903  
1638  0.048159  0.036226  0.124917  0.168987  0.000126  0.023234  0.487544  

[1639 rows x 21 columns]
<class 'numpy.ndarray'>
working on 
../data/r/197/reg_full_MCAR_0.01_1
1.6265065670013428
running experiment 1/3 - Does large hyperparameter space improve reconstruction accuracy over simple
[I 2024-09-18 09:54:36,939] A new study created in memory with name: no-name-3cb7296b-4923-4316-bf74-bc7a96266867
running
running
running
running
running
running
running
running
running
running
running
running
running
running
running
running
[I 2024-09-18 09:54:37,504] Trial 2 finished with value: 0.10642373611342457 and parameters: {'model_name': 'SimpleImputer', 'strategy': 'median'}. Best is trial 2 with value: 0.10642373611342457.
running
[I 2024-09-18 09:54:38,156] Trial 14 finished with value: 0.10642373611342457 and parameters: {'model_name': 'SimpleImputer', 'strategy': 'median'}. Best is trial 2 with value: 0.10642373611342457.
running
[I 2024-09-18 09:54:38,543] Trial 16 finished with value: 0.18043715116912443 and parameters: {'model_name': 'SimpleImputer', 'strategy': 'most_frequent'}. Best is trial 2 with value: 0.10642373611342457.
running
[I 2024-09-18 09:54:42,153] Trial 15 finished with value: 0.09981141996807612 and parameters: {'model_name': 'KNNImputer', 'n_neighbors': 6191, 'weights': 'uniform'}. Best is trial 15 with value: 0.09981141996807612.
running
[I 2024-09-18 09:54:42,839] Trial 18 finished with value: 0.062483615409769835 and parameters: {'model_name': 'KNNImputer', 'n_neighbors': 157, 'weights': 'distance'}. Best is trial 18 with value: 0.062483615409769835.
running
[I 2024-09-18 09:54:43,113] Trial 20 finished with value: 0.09981141996807612 and parameters: {'model_name': 'SimpleImputer', 'strategy': 'mean'}. Best is trial 18 with value: 0.062483615409769835.
running
[I 2024-09-18 09:54:43,321] Trial 5 finished with value: 0.08962245096410097 and parameters: {'model_name': 'KNNImputer', 'n_neighbors': 2882, 'weights': 'uniform'}. Best is trial 18 with value: 0.062483615409769835.
running
[I 2024-09-18 09:54:43,586] Trial 21 finished with value: 0.10642373611342457 and parameters: {'model_name': 'SimpleImputer', 'strategy': 'median'}. Best is trial 18 with value: 0.062483615409769835.
running
[I 2024-09-18 09:54:43,766] Trial 1 finished with value: 0.08481270359494554 and parameters: {'model_name': 'KNNImputer', 'n_neighbors': 1938, 'weights': 'uniform'}. Best is trial 18 with value: 0.062483615409769835.
running
[I 2024-09-18 09:54:49,345] Trial 23 finished with value: 0.09981141996807612 and parameters: {'model_name': 'KNNImputer', 'n_neighbors': 5621, 'weights': 'uniform'}. Best is trial 18 with value: 0.062483615409769835.
running
[I 2024-09-18 09:55:07,668] Trial 10 finished with value: 0.06160684293581583 and parameters: {'model_name': 'IterativeImputer', 'estimator': 'Bayesian', 'initial_strategy': 'constant', 'n_nearest_features': 10, 'imputation_order': 'ascending', 'sample_posterior': False}. Best is trial 10 with value: 0.06160684293581583.
running
[I 2024-09-18 09:55:09,151] Trial 6 finished with value: 0.06211941047629264 and parameters: {'model_name': 'IterativeImputer', 'estimator': 'Bayesian', 'initial_strategy': 'constant', 'n_nearest_features': 12, 'imputation_order': 'roman', 'sample_posterior': False}. Best is trial 10 with value: 0.06160684293581583.
running
[I 2024-09-18 09:55:12,863] Trial 11 finished with value: inf and parameters: {'model_name': 'GAIN', 'batch_size': 1, 'hint_rate': 0.9283893069546305, 'alpha': 31, 'iterations': 1, 'learning_rate': 0.00045969930563480435, 'p_miss': 0.03906981501693268}. Best is trial 10 with value: 0.06160684293581583.
running
[I 2024-09-18 09:55:14,972] Trial 19 finished with value: 0.1899506228006798 and parameters: {'model_name': 'GAIN', 'batch_size': 207, 'hint_rate': 0.7175844657244235, 'alpha': 46, 'iterations': 1, 'learning_rate': 0.039663668569820856, 'p_miss': 0.13737075610379362}. Best is trial 10 with value: 0.06160684293581583.
running
[I 2024-09-18 09:55:39,154] Trial 13 finished with value: 0.16821245669962648 and parameters: {'model_name': 'VAE', 'batch_size': 42, 'iterations': 1, 'learning_rate': 0.002091733229257623, 'p_miss': 0.2830337354142438}. Best is trial 10 with value: 0.06160684293581583.
running
[I 2024-09-18 09:55:40,288] Trial 12 finished with value: inf and parameters: {'model_name': 'GAIN', 'batch_size': 1, 'hint_rate': 0.8920890182277551, 'alpha': 98, 'iterations': 342, 'learning_rate': 0.006593629153701707, 'p_miss': 0.0426649476802978}. Best is trial 10 with value: 0.06160684293581583.
running
[I 2024-09-18 09:55:54,141] Trial 25 finished with value: 0.18077941601154784 and parameters: {'model_name': 'GAIN', 'batch_size': 14, 'hint_rate': 0.6245424696550437, 'alpha': 32, 'iterations': 105, 'learning_rate': 0.02306038588029266, 'p_miss': 0.02385874649683853}. Best is trial 10 with value: 0.06160684293581583.
running
[I 2024-09-18 09:56:26,000] Trial 26 finished with value: 0.0620575163262699 and parameters: {'model_name': 'IterativeImputer', 'estimator': 'Bayesian', 'initial_strategy': 'constant', 'n_nearest_features': 11, 'imputation_order': 'ascending', 'sample_posterior': False}. Best is trial 10 with value: 0.06160684293581583.
running
[I 2024-09-18 09:56:27,517] Trial 27 finished with value: 0.06224811367561496 and parameters: {'model_name': 'IterativeImputer', 'estimator': 'Bayesian', 'initial_strategy': 'constant', 'n_nearest_features': 11, 'imputation_order': 'roman', 'sample_posterior': False}. Best is trial 10 with value: 0.06160684293581583.
running
[I 2024-09-18 09:56:39,553] Trial 28 finished with value: 0.06160684293581583 and parameters: {'model_name': 'IterativeImputer', 'estimator': 'Bayesian', 'initial_strategy': 'constant', 'n_nearest_features': 10, 'imputation_order': 'ascending', 'sample_posterior': False}. Best is trial 10 with value: 0.06160684293581583.
running
[I 2024-09-18 09:56:41,250] Trial 8 finished with value: 0.297284100314582 and parameters: {'model_name': 'VAE', 'batch_size': 11, 'iterations': 1, 'learning_rate': 0.0002831689038151823, 'p_miss': 0.17012230514228605}. Best is trial 10 with value: 0.06160684293581583.
running
[I 2024-09-18 09:56:43,979] Trial 29 finished with value: 0.06224811367561496 and parameters: {'model_name': 'IterativeImputer', 'estimator': 'Bayesian', 'initial_strategy': 'constant', 'n_nearest_features': 11, 'imputation_order': 'roman', 'sample_posterior': False}. Best is trial 10 with value: 0.06160684293581583.
running
[I 2024-09-18 09:56:50,589] Trial 22 finished with value: 0.0867750935525741 and parameters: {'model_name': 'IterativeImputer', 'estimator': 'Bayesian', 'initial_strategy': 'constant', 'n_nearest_features': 20, 'imputation_order': 'ascending', 'sample_posterior': True}. Best is trial 10 with value: 0.06160684293581583.
running
[I 2024-09-18 09:56:59,330] Trial 34 finished with value: 0.08323558894782004 and parameters: {'model_name': 'IterativeImputer', 'estimator': 'Ridge', 'initial_strategy': 'constant', 'n_nearest_features': 2, 'imputation_order': 'ascending'}. Best is trial 10 with value: 0.06160684293581583.
running
[I 2024-09-18 09:57:04,166] Trial 30 finished with value: 0.06224811367561496 and parameters: {'model_name': 'IterativeImputer', 'estimator': 'Bayesian', 'initial_strategy': 'constant', 'n_nearest_features': 11, 'imputation_order': 'roman', 'sample_posterior': False}. Best is trial 10 with value: 0.06160684293581583.
running
[I 2024-09-18 09:57:05,301] Trial 31 finished with value: 0.06224811367561496 and parameters: {'model_name': 'IterativeImputer', 'estimator': 'Bayesian', 'initial_strategy': 'constant', 'n_nearest_features': 11, 'imputation_order': 'roman', 'sample_posterior': False}. Best is trial 10 with value: 0.06160684293581583.
running
[I 2024-09-18 09:57:30,287] Trial 32 finished with value: 0.06224811367561496 and parameters: {'model_name': 'IterativeImputer', 'estimator': 'Bayesian', 'initial_strategy': 'constant', 'n_nearest_features': 11, 'imputation_order': 'roman', 'sample_posterior': False}. Best is trial 10 with value: 0.06160684293581583.
running
[I 2024-09-18 09:57:56,211] Trial 33 finished with value: 0.06311491080647125 and parameters: {'model_name': 'IterativeImputer', 'estimator': 'Bayesian', 'initial_strategy': 'constant', 'n_nearest_features': 9, 'imputation_order': 'ascending', 'sample_posterior': False}. Best is trial 10 with value: 0.06160684293581583.
running
[I 2024-09-18 09:58:08,429] Trial 37 finished with value: 0.07743442237184765 and parameters: {'model_name': 'IterativeImputer', 'estimator': 'Bayesian', 'initial_strategy': 'most_frequent', 'n_nearest_features': 3, 'imputation_order': 'ascending', 'sample_posterior': False}. Best is trial 10 with value: 0.06160684293581583.
running
[I 2024-09-18 09:58:11,307] Trial 38 finished with value: 0.058879260145581216 and parameters: {'model_name': 'IterativeImputer', 'estimator': 'KNN', 'initial_strategy': 'median', 'n_nearest_features': 6, 'imputation_order': 'ascending'}. Best is trial 38 with value: 0.058879260145581216.
running
[I 2024-09-18 09:58:22,496] Trial 36 finished with value: 0.06311491080647125 and parameters: {'model_name': 'IterativeImputer', 'estimator': 'Bayesian', 'initial_strategy': 'constant', 'n_nearest_features': 9, 'imputation_order': 'ascending', 'sample_posterior': False}. Best is trial 38 with value: 0.058879260145581216.
running
[I 2024-09-18 09:58:31,267] Trial 40 finished with value: 0.05168320632199982 and parameters: {'model_name': 'IterativeImputer', 'estimator': 'KNN', 'initial_strategy': 'most_frequent', 'n_nearest_features': 7, 'imputation_order': 'ascending'}. Best is trial 40 with value: 0.05168320632199982.
running
[I 2024-09-18 09:58:35,684] Trial 39 finished with value: 0.054688974959047745 and parameters: {'model_name': 'IterativeImputer', 'estimator': 'KNN', 'initial_strategy': 'most_frequent', 'n_nearest_features': 8, 'imputation_order': 'ascending'}. Best is trial 40 with value: 0.05168320632199982.
running
[I 2024-09-18 09:58:42,323] Trial 42 finished with value: 0.0613251696909892 and parameters: {'model_name': 'IterativeImputer', 'estimator': 'KNN', 'initial_strategy': 'mean', 'n_nearest_features': 6, 'imputation_order': 'ascending'}. Best is trial 40 with value: 0.05168320632199982.
running
[I 2024-09-18 09:59:17,119] Trial 46 finished with value: 0.05687201535902019 and parameters: {'model_name': 'IterativeImputer', 'estimator': 'KNN', 'initial_strategy': 'median', 'n_nearest_features': 6, 'imputation_order': 'arabic'}. Best is trial 40 with value: 0.05168320632199982.
running
[I 2024-09-18 09:59:22,922] Trial 47 finished with value: 0.06120708131401029 and parameters: {'model_name': 'IterativeImputer', 'estimator': 'KNN', 'initial_strategy': 'median', 'n_nearest_features': 5, 'imputation_order': 'descending'}. Best is trial 40 with value: 0.05168320632199982.
running
[I 2024-09-18 10:00:13,561] Trial 51 finished with value: 0.05687201535902019 and parameters: {'model_name': 'IterativeImputer', 'estimator': 'KNN', 'initial_strategy': 'median', 'n_nearest_features': 6, 'imputation_order': 'arabic'}. Best is trial 40 with value: 0.05168320632199982.
running
[I 2024-09-18 10:50:33,185] Trial 35 finished with value: 0.08218221879201763 and parameters: {'model_name': 'IterativeImputer', 'estimator': 'RFR', 'initial_strategy': 'mean', 'n_nearest_features': 2, 'imputation_order': 'ascending'}. Best is trial 40 with value: 0.05168320632199982.
running
[I 2024-09-18 11:13:42,226] Trial 43 finished with value: 0.053711788929178085 and parameters: {'model_name': 'IterativeImputer', 'estimator': 'RFR', 'initial_strategy': 'most_frequent', 'n_nearest_features': 6, 'imputation_order': 'ascending'}. Best is trial 40 with value: 0.05168320632199982.
running
[I 2024-09-18 11:14:12,182] Trial 41 finished with value: 0.05508245454492455 and parameters: {'model_name': 'IterativeImputer', 'estimator': 'RFR', 'initial_strategy': 'mean', 'n_nearest_features': 6, 'imputation_order': 'ascending'}. Best is trial 40 with value: 0.05168320632199982.
running
[I 2024-09-18 12:53:11,560] Trial 7 finished with value: 0.2108766209062875 and parameters: {'model_name': 'GAIN', 'batch_size': 152, 'hint_rate': 0.9138106310930776, 'alpha': 28, 'iterations': 7324, 'learning_rate': 0.0351826251464106, 'p_miss': 0.12681720171161162}. Best is trial 40 with value: 0.05168320632199982.
running
[I 2024-09-18 12:56:49,427] Trial 0 finished with value: 0.10022556008241823 and parameters: {'model_name': 'VAE', 'batch_size': 2, 'iterations': 6, 'learning_rate': 0.0004249298325859198, 'p_miss': 0.2118477909566585}. Best is trial 40 with value: 0.05168320632199982.
running
[I 2024-09-18 13:59:35,392] Trial 24 finished with value: 0.1009448485344389 and parameters: {'model_name': 'VAE', 'batch_size': 1, 'iterations': 104, 'learning_rate': 0.0046483102674491315, 'p_miss': 0.022565116366192815}. Best is trial 40 with value: 0.05168320632199982.
running
[I 2024-09-18 14:25:26,779] Trial 57 finished with value: 0.04653455294126644 and parameters: {'model_name': 'IterativeImputer', 'estimator': 'RFR', 'initial_strategy': 'most_frequent', 'n_nearest_features': 8, 'imputation_order': 'arabic'}. Best is trial 57 with value: 0.04653455294126644.
running
[I 2024-09-18 19:19:40,602] Trial 3 finished with value: 0.10013322776403924 and parameters: {'model_name': 'VAE', 'batch_size': 226, 'iterations': 1157, 'learning_rate': 0.0014322346701226211, 'p_miss': 0.22826243140759753}. Best is trial 57 with value: 0.04653455294126644.
running
[I 2024-09-18 19:22:17,410] Trial 60 finished with value: 0.10357166248973448 and parameters: {'model_name': 'VAE', 'batch_size': 742, 'iterations': 12, 'learning_rate': 0.08954187493930962, 'p_miss': 0.08696851772648537}. Best is trial 57 with value: 0.04653455294126644.
running
[I 2024-09-18 20:51:17,153] Trial 61 finished with value: 0.04172816308032999 and parameters: {'model_name': 'IterativeImputer', 'estimator': 'RFR', 'initial_strategy': 'most_frequent', 'n_nearest_features': 8, 'imputation_order': 'random'}. Best is trial 61 with value: 0.04172816308032999.
running
[I 2024-09-18 22:21:21,823] Trial 62 finished with value: 0.04160802853730284 and parameters: {'model_name': 'IterativeImputer', 'estimator': 'RFR', 'initial_strategy': 'most_frequent', 'n_nearest_features': 8, 'imputation_order': 'random'}. Best is trial 62 with value: 0.04160802853730284.
running
[I 2024-09-18 22:21:39,510] Trial 63 finished with value: 0.08931055924209873 and parameters: {'model_name': 'KNNImputer', 'n_neighbors': 4401, 'weights': 'distance'}. Best is trial 62 with value: 0.04160802853730284.
running
[I 2024-09-19 00:22:31,068] Trial 64 finished with value: 0.03848598285943118 and parameters: {'model_name': 'IterativeImputer', 'estimator': 'RFR', 'initial_strategy': 'most_frequent', 'n_nearest_features': 14, 'imputation_order': 'random'}. Best is trial 64 with value: 0.03848598285943118.
running
[I 2024-09-19 03:36:23,869] Trial 44 finished with value: 0.10011908214517777 and parameters: {'model_name': 'VAE', 'batch_size': 871, 'iterations': 4733, 'learning_rate': 0.0001073058283350104, 'p_miss': 0.2933992980845831}. Best is trial 64 with value: 0.03848598285943118.
running
[I 2024-09-19 03:59:14,124] Trial 59 finished with value: 0.10011392514024764 and parameters: {'model_name': 'VAE', 'batch_size': 913, 'iterations': 4103, 'learning_rate': 0.00010536604740390569, 'p_miss': 0.2610685254257866}. Best is trial 64 with value: 0.03848598285943118.
running
[I 2024-09-19 05:27:56,182] Trial 66 finished with value: 0.03879159783704557 and parameters: {'model_name': 'IterativeImputer', 'estimator': 'RFR', 'initial_strategy': 'most_frequent', 'n_nearest_features': 14, 'imputation_order': 'random'}. Best is trial 64 with value: 0.03848598285943118.
running
[I 2024-09-19 05:45:58,293] Trial 67 finished with value: 0.03884643469316743 and parameters: {'model_name': 'IterativeImputer', 'estimator': 'RFR', 'initial_strategy': 'most_frequent', 'n_nearest_features': 14, 'imputation_order': 'random'}. Best is trial 64 with value: 0.03848598285943118.
running
[I 2024-09-19 05:45:58,684] Trial 69 finished with value: 0.18163079706535404 and parameters: {'model_name': 'SimpleImputer', 'strategy': 'constant'}. Best is trial 64 with value: 0.03848598285943118.
running
[I 2024-09-19 05:46:28,320] Trial 70 finished with value: 0.17929648556174305 and parameters: {'model_name': 'GAIN', 'batch_size': 6, 'hint_rate': 0.11579533776542411, 'alpha': 87, 'iterations': 17, 'learning_rate': 0.009520634926798905, 'p_miss': 0.09164240924104916}. Best is trial 64 with value: 0.03848598285943118.
running
[I 2024-09-19 05:53:12,440] Trial 52 finished with value: 0.10011788379513813 and parameters: {'model_name': 'VAE', 'batch_size': 880, 'iterations': 6113, 'learning_rate': 0.00011240073450275054, 'p_miss': 0.2975376341707542}. Best is trial 64 with value: 0.03848598285943118.
running
[I 2024-09-19 07:17:17,561] Trial 68 finished with value: 0.03876790932502548 and parameters: {'model_name': 'IterativeImputer', 'estimator': 'RFR', 'initial_strategy': 'most_frequent', 'n_nearest_features': 14, 'imputation_order': 'random'}. Best is trial 64 with value: 0.03848598285943118.
running
[I 2024-09-19 07:33:49,119] Trial 71 finished with value: 0.038777001182912184 and parameters: {'model_name': 'IterativeImputer', 'estimator': 'RFR', 'initial_strategy': 'most_frequent', 'n_nearest_features': 14, 'imputation_order': 'random'}. Best is trial 64 with value: 0.03848598285943118.
running
[I 2024-09-19 07:33:55,878] Trial 74 finished with value: 0.05814053213202908 and parameters: {'model_name': 'KNNImputer', 'n_neighbors': 60, 'weights': 'distance'}. Best is trial 64 with value: 0.03848598285943118.
running
[I 2024-09-19 07:42:20,978] Trial 72 finished with value: 0.03914899414202082 and parameters: {'model_name': 'IterativeImputer', 'estimator': 'RFR', 'initial_strategy': 'most_frequent', 'n_nearest_features': 14, 'imputation_order': 'random'}. Best is trial 64 with value: 0.03848598285943118.
running
[I 2024-09-19 09:07:09,915] Trial 73 finished with value: 0.03876503286067043 and parameters: {'model_name': 'IterativeImputer', 'estimator': 'RFR', 'initial_strategy': 'most_frequent', 'n_nearest_features': 14, 'imputation_order': 'random'}. Best is trial 64 with value: 0.03848598285943118.
running
[I 2024-09-19 09:23:40,012] Trial 75 finished with value: 0.039117058839374004 and parameters: {'model_name': 'IterativeImputer', 'estimator': 'RFR', 'initial_strategy': 'most_frequent', 'n_nearest_features': 14, 'imputation_order': 'random'}. Best is trial 64 with value: 0.03848598285943118.
running
[I 2024-09-19 09:31:21,242] Trial 76 finished with value: 0.038877893366282376 and parameters: {'model_name': 'IterativeImputer', 'estimator': 'RFR', 'initial_strategy': 'most_frequent', 'n_nearest_features': 14, 'imputation_order': 'random'}. Best is trial 64 with value: 0.03848598285943118.
running
