Run: 10
/cm/local/apps/slurm/var/spool/job1011306/slurm_script: line 26: 
pip install -e tpot2
pip install -r tpot2/ImputerExperiments/requirements_.txt
: No such file or directory
RunStart
Version 0.1.7a0 of tpot2 is outdated. Version 0.1.8a0 was released Tuesday September 17, 2024.
starting loops
../data/c/310/310.pkl
working on 
../data/c/310/class_full_MNAR_0.1_1
4.620147228240967
running experiment 1/3 - Does large hyperparameter space improve reconstruction accuracy over simple
[I 2024-10-22 17:32:06,974] A new study created in memory with name: no-name-5e7af7de-07af-4c78-bc64-10492aed757d
running
running
running
running
running
running
running
running
running
running
running
running
running
running
running
running
[I 2024-10-22 17:32:07,289] Trial 6 finished with value: 0.20455967125479502 and parameters: {'model_name': 'SimpleImputer', 'strategy': 'constant'}. Best is trial 6 with value: 0.20455967125479502.
running
[I 2024-10-22 17:32:07,496] Trial 2 finished with value: 0.20455967125479502 and parameters: {'model_name': 'SimpleImputer', 'strategy': 'most_frequent'}. Best is trial 6 with value: 0.20455967125479502.
running
[I 2024-10-22 17:32:07,679] Trial 10 finished with value: 0.20455967125479502 and parameters: {'model_name': 'SimpleImputer', 'strategy': 'most_frequent'}. Best is trial 6 with value: 0.20455967125479502.
running
[I 2024-10-22 17:32:11,324] Trial 4 finished with value: 0.15099517951987798 and parameters: {'model_name': 'KNNImputer', 'n_neighbors': 5261, 'weights': 'uniform'}. Best is trial 4 with value: 0.15099517951987798.
running
[I 2024-10-22 17:32:12,411] Trial 1 finished with value: 0.1353729566989467 and parameters: {'model_name': 'KNNImputer', 'n_neighbors': 5214, 'weights': 'distance'}. Best is trial 1 with value: 0.1353729566989467.
running
[I 2024-10-22 17:32:14,472] Trial 18 finished with value: 0.38509684564693025 and parameters: {'model_name': 'VAE', 'batch_size': 29, 'iterations': 1, 'learning_rate': 0.02921008154071551, 'p_miss': 0.2205006823236063}. Best is trial 1 with value: 0.1353729566989467.
running
[I 2024-10-22 17:32:15,544] Trial 16 finished with value: inf and parameters: {'model_name': 'GAIN', 'batch_size': 4, 'hint_rate': 0.7031417183883741, 'alpha': 0, 'iterations': 39, 'learning_rate': 0.009372775848970708, 'p_miss': 0.13164217215580357}. Best is trial 1 with value: 0.1353729566989467.
running
[I 2024-10-22 17:32:16,352] Trial 5 finished with value: inf and parameters: {'model_name': 'GAIN', 'batch_size': 1, 'hint_rate': 0.41396224353104843, 'alpha': 20, 'iterations': 39, 'learning_rate': 0.0008825184438648053, 'p_miss': 0.10405642496918756}. Best is trial 1 with value: 0.1353729566989467.
running
[I 2024-10-22 17:32:18,051] Trial 19 finished with value: 0.16131190143775825 and parameters: {'model_name': 'KNNImputer', 'n_neighbors': 6758, 'weights': 'uniform'}. Best is trial 1 with value: 0.1353729566989467.
running
[I 2024-10-22 17:32:18,339] Trial 20 finished with value: 0.16135931882421878 and parameters: {'model_name': 'KNNImputer', 'n_neighbors': 7818, 'weights': 'uniform'}. Best is trial 1 with value: 0.1353729566989467.
running
[I 2024-10-22 17:32:20,045] Trial 24 finished with value: 0.2204982384619576 and parameters: {'model_name': 'GAIN', 'batch_size': 64, 'hint_rate': 0.9602882247578862, 'alpha': 28, 'iterations': 1, 'learning_rate': 0.0001651803409238218, 'p_miss': 0.21131167594799988}. Best is trial 1 with value: 0.1353729566989467.
running
[I 2024-10-22 17:32:26,144] Trial 23 finished with value: 0.13375605545857666 and parameters: {'model_name': 'KNNImputer', 'n_neighbors': 4829, 'weights': 'distance'}. Best is trial 23 with value: 0.13375605545857666.
running
[I 2024-10-22 17:32:26,364] Trial 0 finished with value: 0.1017079802207235 and parameters: {'model_name': 'IterativeImputer', 'estimator': 'KNN', 'initial_strategy': 'constant', 'n_nearest_features': 1, 'imputation_order': 'ascending'}. Best is trial 0 with value: 0.1017079802207235.
running
[I 2024-10-22 17:32:27,367] Trial 26 finished with value: 0.1387055959203468 and parameters: {'model_name': 'IterativeImputer', 'estimator': 'Ridge', 'initial_strategy': 'constant', 'n_nearest_features': 1, 'imputation_order': 'random'}. Best is trial 0 with value: 0.1017079802207235.
running
[I 2024-10-22 17:32:29,334] Trial 17 finished with value: 0.11003934393632171 and parameters: {'model_name': 'IterativeImputer', 'estimator': 'Bayesian', 'initial_strategy': 'median', 'n_nearest_features': 6, 'imputation_order': 'ascending', 'sample_posterior': False}. Best is trial 0 with value: 0.1017079802207235.
running
[I 2024-10-22 17:32:30,838] Trial 15 finished with value: 0.08393249257421158 and parameters: {'model_name': 'IterativeImputer', 'estimator': 'KNN', 'initial_strategy': 'constant', 'n_nearest_features': 4, 'imputation_order': 'ascending'}. Best is trial 15 with value: 0.08393249257421158.
running
[I 2024-10-22 17:32:31,767] Trial 8 finished with value: 0.17755644281405417 and parameters: {'model_name': 'IterativeImputer', 'estimator': 'Bayesian', 'initial_strategy': 'constant', 'n_nearest_features': 2, 'imputation_order': 'arabic', 'sample_posterior': True}. Best is trial 15 with value: 0.08393249257421158.
running
[I 2024-10-22 17:32:33,630] Trial 13 finished with value: 0.3672353735813488 and parameters: {'model_name': 'VAE', 'batch_size': 648, 'iterations': 3, 'learning_rate': 0.008028284559035606, 'p_miss': 0.06369424980888563}. Best is trial 15 with value: 0.08393249257421158.
running
[I 2024-10-22 17:32:48,992] Trial 29 finished with value: 0.09120173587837525 and parameters: {'model_name': 'IterativeImputer', 'estimator': 'KNN', 'initial_strategy': 'constant', 'n_nearest_features': 2, 'imputation_order': 'ascending'}. Best is trial 15 with value: 0.08393249257421158.
running
[I 2024-10-22 17:32:49,959] Trial 25 finished with value: 0.127780397831944 and parameters: {'model_name': 'IterativeImputer', 'estimator': 'Bayesian', 'initial_strategy': 'mean', 'n_nearest_features': 2, 'imputation_order': 'arabic', 'sample_posterior': False}. Best is trial 15 with value: 0.08393249257421158.
running
[I 2024-10-22 17:32:51,049] Trial 28 finished with value: 0.1017079802207235 and parameters: {'model_name': 'IterativeImputer', 'estimator': 'KNN', 'initial_strategy': 'constant', 'n_nearest_features': 1, 'imputation_order': 'ascending'}. Best is trial 15 with value: 0.08393249257421158.
running
[I 2024-10-22 17:32:56,059] Trial 31 finished with value: 0.09523400814681497 and parameters: {'model_name': 'IterativeImputer', 'estimator': 'KNN', 'initial_strategy': 'constant', 'n_nearest_features': 3, 'imputation_order': 'ascending'}. Best is trial 15 with value: 0.08393249257421158.
running
[I 2024-10-22 17:33:00,131] Trial 32 finished with value: 0.08393249257421158 and parameters: {'model_name': 'IterativeImputer', 'estimator': 'KNN', 'initial_strategy': 'constant', 'n_nearest_features': 4, 'imputation_order': 'ascending'}. Best is trial 15 with value: 0.08393249257421158.
running
[I 2024-10-22 17:33:01,895] Trial 33 finished with value: 0.08393249257421158 and parameters: {'model_name': 'IterativeImputer', 'estimator': 'KNN', 'initial_strategy': 'constant', 'n_nearest_features': 4, 'imputation_order': 'ascending'}. Best is trial 15 with value: 0.08393249257421158.
running
[I 2024-10-22 17:33:05,998] Trial 30 finished with value: 0.11003934393632171 and parameters: {'model_name': 'IterativeImputer', 'estimator': 'Bayesian', 'initial_strategy': 'median', 'n_nearest_features': 6, 'imputation_order': 'ascending', 'sample_posterior': False}. Best is trial 15 with value: 0.08393249257421158.
running
[I 2024-10-22 17:33:07,479] Trial 27 finished with value: 0.16455767012722966 and parameters: {'model_name': 'IterativeImputer', 'estimator': 'Bayesian', 'initial_strategy': 'median', 'n_nearest_features': 4, 'imputation_order': 'ascending', 'sample_posterior': True}. Best is trial 15 with value: 0.08393249257421158.
running
[I 2024-10-22 17:33:15,359] Trial 35 finished with value: 0.08393249257421158 and parameters: {'model_name': 'IterativeImputer', 'estimator': 'KNN', 'initial_strategy': 'most_frequent', 'n_nearest_features': 4, 'imputation_order': 'ascending'}. Best is trial 15 with value: 0.08393249257421158.
running
[I 2024-10-22 17:33:16,418] Trial 34 finished with value: 0.08932188279190097 and parameters: {'model_name': 'IterativeImputer', 'estimator': 'KNN', 'initial_strategy': 'most_frequent', 'n_nearest_features': 5, 'imputation_order': 'ascending'}. Best is trial 15 with value: 0.08393249257421158.
running
[I 2024-10-22 17:33:18,063] Trial 36 finished with value: 0.08393249257421158 and parameters: {'model_name': 'IterativeImputer', 'estimator': 'KNN', 'initial_strategy': 'most_frequent', 'n_nearest_features': 4, 'imputation_order': 'ascending'}. Best is trial 15 with value: 0.08393249257421158.
running
[I 2024-10-22 17:33:20,825] Trial 37 finished with value: 0.08393249257421158 and parameters: {'model_name': 'IterativeImputer', 'estimator': 'KNN', 'initial_strategy': 'most_frequent', 'n_nearest_features': 4, 'imputation_order': 'ascending'}. Best is trial 15 with value: 0.08393249257421158.
running
[I 2024-10-22 17:33:29,150] Trial 41 finished with value: 0.0885878186467081 and parameters: {'model_name': 'IterativeImputer', 'estimator': 'KNN', 'initial_strategy': 'most_frequent', 'n_nearest_features': 4, 'imputation_order': 'roman'}. Best is trial 15 with value: 0.08393249257421158.
running
[I 2024-10-22 17:40:46,485] Trial 14 finished with value: 0.40186498858078223 and parameters: {'model_name': 'VAE', 'batch_size': 280, 'iterations': 110, 'learning_rate': 0.0001418305585020009, 'p_miss': 0.20096694288139155}. Best is trial 15 with value: 0.08393249257421158.
running
[I 2024-10-22 17:41:19,745] Trial 9 finished with value: 0.2164133719050544 and parameters: {'model_name': 'GAIN', 'batch_size': 240, 'hint_rate': 0.9533106263992144, 'alpha': 39, 'iterations': 379, 'learning_rate': 0.0010748507404389587, 'p_miss': 0.11629730515245923}. Best is trial 15 with value: 0.08393249257421158.
running
[I 2024-10-22 17:47:47,772] Trial 22 finished with value: 0.16373847700658514 and parameters: {'model_name': 'VAE', 'batch_size': 194, 'iterations': 277, 'learning_rate': 0.0024593472953508503, 'p_miss': 0.08040200411639803}. Best is trial 15 with value: 0.08393249257421158.
running
[I 2024-10-22 17:50:45,187] Trial 21 finished with value: 0.09531445530320264 and parameters: {'model_name': 'IterativeImputer', 'estimator': 'RFR', 'initial_strategy': 'median', 'n_nearest_features': 2, 'imputation_order': 'arabic'}. Best is trial 15 with value: 0.08393249257421158.
running
[I 2024-10-22 17:51:06,031] Trial 50 finished with value: 0.09059423001807695 and parameters: {'model_name': 'IterativeImputer', 'estimator': 'KNN', 'initial_strategy': 'constant', 'n_nearest_features': 5, 'imputation_order': 'descending'}. Best is trial 15 with value: 0.08393249257421158.
running
[I 2024-10-22 17:51:06,559] Trial 51 finished with value: 0.16135931882421878 and parameters: {'model_name': 'SimpleImputer', 'strategy': 'mean'}. Best is trial 15 with value: 0.08393249257421158.
running
[I 2024-10-22 17:51:26,960] Trial 52 finished with value: 0.11091502648673648 and parameters: {'model_name': 'IterativeImputer', 'estimator': 'Ridge', 'initial_strategy': 'mean', 'n_nearest_features': 3, 'imputation_order': 'roman'}. Best is trial 15 with value: 0.08393249257421158.
running
[I 2024-10-22 17:53:58,363] Trial 40 finished with value: 0.08992708435827364 and parameters: {'model_name': 'IterativeImputer', 'estimator': 'RFR', 'initial_strategy': 'most_frequent', 'n_nearest_features': 4, 'imputation_order': 'roman'}. Best is trial 15 with value: 0.08393249257421158.
running
[I 2024-10-22 17:53:59,126] Trial 54 finished with value: 0.20341991752226213 and parameters: {'model_name': 'SimpleImputer', 'strategy': 'median'}. Best is trial 15 with value: 0.08393249257421158.
running
[I 2024-10-22 17:54:18,858] Trial 55 finished with value: 0.0909466828690589 and parameters: {'model_name': 'IterativeImputer', 'estimator': 'KNN', 'initial_strategy': 'constant', 'n_nearest_features': 5, 'imputation_order': 'random'}. Best is trial 15 with value: 0.08393249257421158.
running
[I 2024-10-22 17:54:23,355] Trial 43 finished with value: 0.08844426658160635 and parameters: {'model_name': 'IterativeImputer', 'estimator': 'RFR', 'initial_strategy': 'constant', 'n_nearest_features': 4, 'imputation_order': 'descending'}. Best is trial 15 with value: 0.08393249257421158.
running
[I 2024-10-22 17:54:39,407] Trial 56 finished with value: 0.08393249257421158 and parameters: {'model_name': 'IterativeImputer', 'estimator': 'KNN', 'initial_strategy': 'most_frequent', 'n_nearest_features': 4, 'imputation_order': 'ascending'}. Best is trial 15 with value: 0.08393249257421158.
running
[I 2024-10-22 17:54:40,011] Trial 7 finished with value: 0.0810911440408152 and parameters: {'model_name': 'IterativeImputer', 'estimator': 'RFR', 'initial_strategy': 'most_frequent', 'n_nearest_features': 5, 'imputation_order': 'ascending'}. Best is trial 7 with value: 0.0810911440408152.
running
[I 2024-10-22 17:54:42,022] Trial 57 finished with value: 0.09523400814681497 and parameters: {'model_name': 'IterativeImputer', 'estimator': 'KNN', 'initial_strategy': 'most_frequent', 'n_nearest_features': 3, 'imputation_order': 'ascending'}. Best is trial 7 with value: 0.0810911440408152.
running
[I 2024-10-22 17:54:53,333] Trial 38 finished with value: 0.08400044663125876 and parameters: {'model_name': 'IterativeImputer', 'estimator': 'RFR', 'initial_strategy': 'most_frequent', 'n_nearest_features': 5, 'imputation_order': 'roman'}. Best is trial 7 with value: 0.0810911440408152.
running
[I 2024-10-22 17:54:57,595] Trial 58 finished with value: 0.09523400814681497 and parameters: {'model_name': 'IterativeImputer', 'estimator': 'KNN', 'initial_strategy': 'most_frequent', 'n_nearest_features': 3, 'imputation_order': 'ascending'}. Best is trial 7 with value: 0.0810911440408152.
running
[I 2024-10-22 17:55:42,776] Trial 39 finished with value: 0.08243201446099771 and parameters: {'model_name': 'IterativeImputer', 'estimator': 'RFR', 'initial_strategy': 'most_frequent', 'n_nearest_features': 5, 'imputation_order': 'roman'}. Best is trial 7 with value: 0.0810911440408152.
running
[I 2024-10-22 17:56:48,536] Trial 11 finished with value: 0.2429652472220763 and parameters: {'model_name': 'GAIN', 'batch_size': 922, 'hint_rate': 0.33922811913123646, 'alpha': 27, 'iterations': 773, 'learning_rate': 0.01790397022588409, 'p_miss': 0.16483061172677985}. Best is trial 7 with value: 0.0810911440408152.
running
[I 2024-10-22 18:02:36,571] Trial 47 finished with value: 0.08415140028946336 and parameters: {'model_name': 'IterativeImputer', 'estimator': 'RFR', 'initial_strategy': 'constant', 'n_nearest_features': 5, 'imputation_order': 'descending'}. Best is trial 7 with value: 0.0810911440408152.
running
[I 2024-10-22 18:03:34,313] Trial 48 finished with value: 0.08307696872171041 and parameters: {'model_name': 'IterativeImputer', 'estimator': 'RFR', 'initial_strategy': 'constant', 'n_nearest_features': 5, 'imputation_order': 'descending'}. Best is trial 7 with value: 0.0810911440408152.
running
[I 2024-10-22 18:08:04,892] Trial 49 finished with value: 0.0820877736390574 and parameters: {'model_name': 'IterativeImputer', 'estimator': 'RFR', 'initial_strategy': 'constant', 'n_nearest_features': 5, 'imputation_order': 'descending'}. Best is trial 7 with value: 0.0810911440408152.
running
[I 2024-10-22 18:11:31,325] Trial 53 finished with value: 0.08153532842479806 and parameters: {'model_name': 'IterativeImputer', 'estimator': 'RFR', 'initial_strategy': 'constant', 'n_nearest_features': 5, 'imputation_order': 'descending'}. Best is trial 7 with value: 0.0810911440408152.
running
[I 2024-10-22 18:21:19,514] Trial 62 finished with value: inf and parameters: {'model_name': 'GAIN', 'batch_size': 7, 'hint_rate': 0.20141222574721396, 'alpha': 99, 'iterations': 5035, 'learning_rate': 0.0950376288483456, 'p_miss': 0.018062859727100034}. Best is trial 7 with value: 0.0810911440408152.
running
[I 2024-10-22 18:30:41,250] Trial 64 finished with value: inf and parameters: {'model_name': 'GAIN', 'batch_size': 5, 'hint_rate': 0.05352731278590439, 'alpha': 96, 'iterations': 6879, 'learning_rate': 0.05311715012617329, 'p_miss': 0.022927859326615757}. Best is trial 7 with value: 0.0810911440408152.
running
[I 2024-10-22 18:30:59,190] Trial 70 finished with value: 0.4182348632953924 and parameters: {'model_name': 'VAE', 'batch_size': 1, 'iterations': 5, 'learning_rate': 0.00047316400966703636, 'p_miss': 0.29303958575492084}. Best is trial 7 with value: 0.0810911440408152.
running
[I 2024-10-22 18:31:02,728] Trial 71 finished with value: 0.11843974707698546 and parameters: {'model_name': 'KNNImputer', 'n_neighbors': 170, 'weights': 'distance'}. Best is trial 7 with value: 0.0810911440408152.
running
[I 2024-10-22 18:31:03,257] Trial 72 finished with value: 0.16135931882421878 and parameters: {'model_name': 'SimpleImputer', 'strategy': 'mean'}. Best is trial 7 with value: 0.0810911440408152.
running
[I 2024-10-22 18:31:49,753] Trial 73 finished with value: 0.37253241564383444 and parameters: {'model_name': 'VAE', 'batch_size': 42, 'iterations': 12, 'learning_rate': 0.00352921850265185, 'p_miss': 0.2960562054697107}. Best is trial 7 with value: 0.0810911440408152.
running
[I 2024-10-22 18:31:54,599] Trial 74 finished with value: 0.12018427213858333 and parameters: {'model_name': 'KNNImputer', 'n_neighbors': 1069, 'weights': 'distance'}. Best is trial 7 with value: 0.0810911440408152.
running
[I 2024-10-22 18:36:49,022] Trial 66 finished with value: inf and parameters: {'model_name': 'GAIN', 'batch_size': 4, 'hint_rate': 0.01807099964926856, 'alpha': 100, 'iterations': 6475, 'learning_rate': 0.0937082421194578, 'p_miss': 0.29952424328325433}. Best is trial 7 with value: 0.0810911440408152.
running
[I 2024-10-22 18:43:24,690] Trial 65 finished with value: inf and parameters: {'model_name': 'GAIN', 'batch_size': 3, 'hint_rate': 0.05064642968224964, 'alpha': 99, 'iterations': 7955, 'learning_rate': 0.06644841402205504, 'p_miss': 0.29983155062922073}. Best is trial 7 with value: 0.0810911440408152.
running
[I 2024-10-22 18:51:13,948] Trial 75 finished with value: 0.08429421495279775 and parameters: {'model_name': 'IterativeImputer', 'estimator': 'RFR', 'initial_strategy': 'constant', 'n_nearest_features': 6, 'imputation_order': 'descending'}. Best is trial 7 with value: 0.0810911440408152.
running
[I 2024-10-22 18:56:47,762] Trial 76 finished with value: 0.07966061167406749 and parameters: {'model_name': 'IterativeImputer', 'estimator': 'RFR', 'initial_strategy': 'constant', 'n_nearest_features': 5, 'imputation_order': 'descending'}. Best is trial 76 with value: 0.07966061167406749.
running
[I 2024-10-22 19:04:11,980] Trial 77 finished with value: 0.08193954791511611 and parameters: {'model_name': 'IterativeImputer', 'estimator': 'RFR', 'initial_strategy': 'constant', 'n_nearest_features': 5, 'imputation_order': 'descending'}. Best is trial 76 with value: 0.07966061167406749.
running
[I 2024-10-22 19:12:13,038] Trial 78 finished with value: 0.08103166923227842 and parameters: {'model_name': 'IterativeImputer', 'estimator': 'RFR', 'initial_strategy': 'constant', 'n_nearest_features': 5, 'imputation_order': 'descending'}. Best is trial 76 with value: 0.07966061167406749.
running
[I 2024-10-22 19:18:18,993] Trial 79 finished with value: 0.08302291665982889 and parameters: {'model_name': 'IterativeImputer', 'estimator': 'RFR', 'initial_strategy': 'constant', 'n_nearest_features': 5, 'imputation_order': 'descending'}. Best is trial 76 with value: 0.07966061167406749.
running
[I 2024-10-22 19:25:17,399] Trial 80 finished with value: 0.08492157354951599 and parameters: {'model_name': 'IterativeImputer', 'estimator': 'RFR', 'initial_strategy': 'constant', 'n_nearest_features': 5, 'imputation_order': 'descending'}. Best is trial 76 with value: 0.07966061167406749.
running
[I 2024-10-22 19:33:16,393] Trial 81 finished with value: 0.08235037494883958 and parameters: {'model_name': 'IterativeImputer', 'estimator': 'RFR', 'initial_strategy': 'constant', 'n_nearest_features': 5, 'imputation_order': 'descending'}. Best is trial 76 with value: 0.07966061167406749.
running
[I 2024-10-22 19:39:39,968] Trial 82 finished with value: 0.08147520235201859 and parameters: {'model_name': 'IterativeImputer', 'estimator': 'RFR', 'initial_strategy': 'constant', 'n_nearest_features': 6, 'imputation_order': 'descending'}. Best is trial 76 with value: 0.07966061167406749.
running
[I 2024-10-22 19:46:25,849] Trial 83 finished with value: 0.07947316718272207 and parameters: {'model_name': 'IterativeImputer', 'estimator': 'RFR', 'initial_strategy': 'mean', 'n_nearest_features': 6, 'imputation_order': 'descending'}. Best is trial 83 with value: 0.07947316718272207.
running
[I 2024-10-22 19:53:59,255] Trial 84 finished with value: 0.08168971398025718 and parameters: {'model_name': 'IterativeImputer', 'estimator': 'RFR', 'initial_strategy': 'constant', 'n_nearest_features': 6, 'imputation_order': 'descending'}. Best is trial 83 with value: 0.07947316718272207.
running
[I 2024-10-22 19:56:35,720] Trial 60 finished with value: 0.1993598280853854 and parameters: {'model_name': 'GAIN', 'batch_size': 6, 'hint_rate': 0.022573043162764483, 'alpha': 90, 'iterations': 4770, 'learning_rate': 0.0883351779853857, 'p_miss': 0.29241247933750747}. Best is trial 83 with value: 0.07947316718272207.
running
[I 2024-10-22 20:00:15,276] Trial 85 finished with value: 0.0793983174274627 and parameters: {'model_name': 'IterativeImputer', 'estimator': 'RFR', 'initial_strategy': 'mean', 'n_nearest_features': 6, 'imputation_order': 'descending'}. Best is trial 85 with value: 0.0793983174274627.
running
[I 2024-10-22 20:07:28,880] Trial 86 finished with value: 0.07899700947345167 and parameters: {'model_name': 'IterativeImputer', 'estimator': 'RFR', 'initial_strategy': 'mean', 'n_nearest_features': 6, 'imputation_order': 'descending'}. Best is trial 86 with value: 0.07899700947345167.
running
[I 2024-10-22 20:14:10,691] Trial 87 finished with value: 0.08025821261561128 and parameters: {'model_name': 'IterativeImputer', 'estimator': 'RFR', 'initial_strategy': 'mean', 'n_nearest_features': 6, 'imputation_order': 'descending'}. Best is trial 86 with value: 0.07899700947345167.
running
[I 2024-10-22 20:17:55,220] Trial 88 finished with value: 0.08297487233834396 and parameters: {'model_name': 'IterativeImputer', 'estimator': 'RFR', 'initial_strategy': 'mean', 'n_nearest_features': 6, 'imputation_order': 'descending'}. Best is trial 86 with value: 0.07899700947345167.
running
[I 2024-10-22 20:21:04,190] Trial 89 finished with value: 0.07998987700670061 and parameters: {'model_name': 'IterativeImputer', 'estimator': 'RFR', 'initial_strategy': 'mean', 'n_nearest_features': 6, 'imputation_order': 'descending'}. Best is trial 86 with value: 0.07899700947345167.
running
[I 2024-10-22 20:25:57,244] Trial 59 finished with value: 0.21270695004923507 and parameters: {'model_name': 'GAIN', 'batch_size': 5, 'hint_rate': 0.015136060906559945, 'alpha': 90, 'iterations': 5853, 'learning_rate': 0.039571927464508716, 'p_miss': 0.292845563417081}. Best is trial 86 with value: 0.07899700947345167.
running
[I 2024-10-22 20:28:18,511] Trial 90 finished with value: 0.08197490704148806 and parameters: {'model_name': 'IterativeImputer', 'estimator': 'RFR', 'initial_strategy': 'mean', 'n_nearest_features': 6, 'imputation_order': 'descending'}. Best is trial 86 with value: 0.07899700947345167.
running
[I 2024-10-22 20:34:33,007] Trial 91 finished with value: 0.08147985071810615 and parameters: {'model_name': 'IterativeImputer', 'estimator': 'RFR', 'initial_strategy': 'mean', 'n_nearest_features': 6, 'imputation_order': 'arabic'}. Best is trial 86 with value: 0.07899700947345167.
running
[I 2024-10-22 20:36:25,792] Trial 12 finished with value: 0.16595950001349508 and parameters: {'model_name': 'VAE', 'batch_size': 136, 'iterations': 3444, 'learning_rate': 0.0001025822920218693, 'p_miss': 0.23706613541569466}. Best is trial 86 with value: 0.07899700947345167.
running
[I 2024-10-22 20:39:07,471] Trial 92 finished with value: 0.08056758953939949 and parameters: {'model_name': 'IterativeImputer', 'estimator': 'RFR', 'initial_strategy': 'mean', 'n_nearest_features': 6, 'imputation_order': 'descending'}. Best is trial 86 with value: 0.07899700947345167.
running
[I 2024-10-22 20:54:54,463] Trial 96 finished with value: 0.08083277655719283 and parameters: {'model_name': 'IterativeImputer', 'estimator': 'RFR', 'initial_strategy': 'mean', 'n_nearest_features': 6, 'imputation_order': 'descending'}. Best is trial 86 with value: 0.07899700947345167.
running
[I 2024-10-22 20:56:45,468] Trial 97 finished with value: 0.07982490929321409 and parameters: {'model_name': 'IterativeImputer', 'estimator': 'RFR', 'initial_strategy': 'mean', 'n_nearest_features': 6, 'imputation_order': 'descending'}. Best is trial 86 with value: 0.07899700947345167.
running
[I 2024-10-22 20:56:56,218] Trial 100 finished with value: 0.11057371439477648 and parameters: {'model_name': 'IterativeImputer', 'estimator': 'Ridge', 'initial_strategy': 'mean', 'n_nearest_features': 6, 'imputation_order': 'descending'}. Best is trial 86 with value: 0.07899700947345167.
running
[I 2024-10-22 20:56:56,636] Trial 101 finished with value: 0.20455967125479502 and parameters: {'model_name': 'SimpleImputer', 'strategy': 'constant'}. Best is trial 86 with value: 0.07899700947345167.
running
[I 2024-10-22 21:00:11,620] Trial 98 finished with value: 0.07760955833610778 and parameters: {'model_name': 'IterativeImputer', 'estimator': 'RFR', 'initial_strategy': 'mean', 'n_nearest_features': 6, 'imputation_order': 'descending'}. Best is trial 98 with value: 0.07760955833610778.
running
[I 2024-10-22 21:00:16,942] Trial 103 finished with value: 0.11204744900894881 and parameters: {'model_name': 'KNNImputer', 'n_neighbors': 2630, 'weights': 'uniform'}. Best is trial 98 with value: 0.07760955833610778.
running
[I 2024-10-22 21:00:48,876] Trial 104 finished with value: 0.16156229883969458 and parameters: {'model_name': 'IterativeImputer', 'estimator': 'Bayesian', 'initial_strategy': 'mean', 'n_nearest_features': 6, 'imputation_order': 'descending', 'sample_posterior': True}. Best is trial 98 with value: 0.07760955833610778.
running
[I 2024-10-22 21:04:47,809] Trial 93 finished with value: 0.17618299280587052 and parameters: {'model_name': 'VAE', 'batch_size': 15, 'iterations': 950, 'learning_rate': 0.00032736391775630786, 'p_miss': 0.25063699887551644}. Best is trial 98 with value: 0.07760955833610778.
running
[I 2024-10-22 21:06:02,427] Trial 95 finished with value: 0.19868267280845858 and parameters: {'model_name': 'VAE', 'batch_size': 13, 'iterations': 697, 'learning_rate': 0.00028896676126514097, 'p_miss': 0.2342758638424723}. Best is trial 98 with value: 0.07760955833610778.
running
[I 2024-10-22 21:15:38,291] Trial 99 finished with value: 0.0809593366051675 and parameters: {'model_name': 'IterativeImputer', 'estimator': 'RFR', 'initial_strategy': 'mean', 'n_nearest_features': 6, 'imputation_order': 'descending'}. Best is trial 98 with value: 0.07760955833610778.
running
[I 2024-10-22 21:17:01,454] Trial 102 finished with value: 0.07857541630323807 and parameters: {'model_name': 'IterativeImputer', 'estimator': 'RFR', 'initial_strategy': 'mean', 'n_nearest_features': 6, 'imputation_order': 'descending'}. Best is trial 98 with value: 0.07760955833610778.
running
[I 2024-10-22 21:20:45,179] Trial 94 finished with value: 0.16729572593191944 and parameters: {'model_name': 'VAE', 'batch_size': 14, 'iterations': 1116, 'learning_rate': 0.0005610964575476934, 'p_miss': 0.25222014818693483}. Best is trial 98 with value: 0.07760955833610778.
running
[I 2024-10-22 21:21:22,735] Trial 68 finished with value: 0.202749212347093 and parameters: {'model_name': 'GAIN', 'batch_size': 6, 'hint_rate': 0.012716945700083027, 'alpha': 98, 'iterations': 7566, 'learning_rate': 0.048096154998357676, 'p_miss': 0.2817910361822108}. Best is trial 98 with value: 0.07760955833610778.
running
[I 2024-10-22 21:21:39,218] Trial 105 finished with value: 0.081199503480087 and parameters: {'model_name': 'IterativeImputer', 'estimator': 'RFR', 'initial_strategy': 'mean', 'n_nearest_features': 6, 'imputation_order': 'random'}. Best is trial 98 with value: 0.07760955833610778.
running
[I 2024-10-22 21:22:06,561] Trial 61 finished with value: 0.205263056706453 and parameters: {'model_name': 'GAIN', 'batch_size': 5, 'hint_rate': 0.04942859669483257, 'alpha': 100, 'iterations': 8597, 'learning_rate': 0.05909444025327027, 'p_miss': 0.29775581234598936}. Best is trial 98 with value: 0.07760955833610778.
running
[I 2024-10-22 21:25:36,444] Trial 106 finished with value: 0.07970209504641634 and parameters: {'model_name': 'IterativeImputer', 'estimator': 'RFR', 'initial_strategy': 'mean', 'n_nearest_features': 6, 'imputation_order': 'descending'}. Best is trial 98 with value: 0.07760955833610778.
running
[I 2024-10-22 21:26:53,194] Trial 107 finished with value: 0.07919109394248655 and parameters: {'model_name': 'IterativeImputer', 'estimator': 'RFR', 'initial_strategy': 'mean', 'n_nearest_features': 6, 'imputation_order': 'descending'}. Best is trial 98 with value: 0.07760955833610778.
running
[I 2024-10-22 21:28:25,295] Trial 3 finished with value: 0.1651800811818083 and parameters: {'model_name': 'VAE', 'batch_size': 618, 'iterations': 3387, 'learning_rate': 0.00010294578504220978, 'p_miss': 0.23796412353875124}. Best is trial 98 with value: 0.07760955833610778.
running
[I 2024-10-22 21:31:06,505] Trial 42 finished with value: 0.16179772804071846 and parameters: {'model_name': 'VAE', 'batch_size': 908, 'iterations': 3601, 'learning_rate': 0.09870020404083137, 'p_miss': 0.2932934054208431}. Best is trial 98 with value: 0.07760955833610778.
running
[I 2024-10-22 21:35:46,480] Trial 108 finished with value: 0.0794418284405676 and parameters: {'model_name': 'IterativeImputer', 'estimator': 'RFR', 'initial_strategy': 'mean', 'n_nearest_features': 6, 'imputation_order': 'descending'}. Best is trial 98 with value: 0.07760955833610778.
running
[I 2024-10-22 21:36:40,927] Trial 63 finished with value: 0.20033500241109747 and parameters: {'model_name': 'GAIN', 'batch_size': 5, 'hint_rate': 0.08210331410960547, 'alpha': 94, 'iterations': 8647, 'learning_rate': 0.06499288016174806, 'p_miss': 0.2970006821280983}. Best is trial 98 with value: 0.07760955833610778.
running
[I 2024-10-22 21:36:58,989] Trial 109 finished with value: 0.08082893652968355 and parameters: {'model_name': 'IterativeImputer', 'estimator': 'RFR', 'initial_strategy': 'mean', 'n_nearest_features': 6, 'imputation_order': 'descending'}. Best is trial 98 with value: 0.07760955833610778.
running
[I 2024-10-22 21:41:45,179] Trial 110 finished with value: 0.07823675711068231 and parameters: {'model_name': 'IterativeImputer', 'estimator': 'RFR', 'initial_strategy': 'mean', 'n_nearest_features': 6, 'imputation_order': 'descending'}. Best is trial 98 with value: 0.07760955833610778.
running
[I 2024-10-22 21:41:49,962] Trial 113 finished with value: 0.0820475961674503 and parameters: {'model_name': 'IterativeImputer', 'estimator': 'RFR', 'initial_strategy': 'mean', 'n_nearest_features': 6, 'imputation_order': 'descending'}. Best is trial 98 with value: 0.07760955833610778.
running
[I 2024-10-22 21:41:59,688] Trial 111 finished with value: 0.0783685552250986 and parameters: {'model_name': 'IterativeImputer', 'estimator': 'RFR', 'initial_strategy': 'mean', 'n_nearest_features': 6, 'imputation_order': 'descending'}. Best is trial 98 with value: 0.07760955833610778.
running
[I 2024-10-22 21:42:28,012] Trial 112 finished with value: 0.07883922655077465 and parameters: {'model_name': 'IterativeImputer', 'estimator': 'RFR', 'initial_strategy': 'mean', 'n_nearest_features': 6, 'imputation_order': 'descending'}. Best is trial 98 with value: 0.07760955833610778.
running
[I 2024-10-22 21:44:47,833] Trial 67 finished with value: 0.19767618419189872 and parameters: {'model_name': 'GAIN', 'batch_size': 5, 'hint_rate': 0.011409869551081975, 'alpha': 97, 'iterations': 8739, 'learning_rate': 0.08544799550164119, 'p_miss': 0.29811921837737476}. Best is trial 98 with value: 0.07760955833610778.
running
[I 2024-10-22 21:46:08,468] Trial 114 finished with value: 0.08022421695233486 and parameters: {'model_name': 'IterativeImputer', 'estimator': 'RFR', 'initial_strategy': 'mean', 'n_nearest_features': 6, 'imputation_order': 'descending'}. Best is trial 98 with value: 0.07760955833610778.
running
[I 2024-10-22 21:46:27,071] Trial 115 finished with value: 0.08090785223960945 and parameters: {'model_name': 'IterativeImputer', 'estimator': 'RFR', 'initial_strategy': 'mean', 'n_nearest_features': 6, 'imputation_order': 'descending'}. Best is trial 98 with value: 0.07760955833610778.
running
[I 2024-10-22 21:48:19,951] Trial 116 finished with value: 0.08070498967005327 and parameters: {'model_name': 'IterativeImputer', 'estimator': 'RFR', 'initial_strategy': 'mean', 'n_nearest_features': 6, 'imputation_order': 'descending'}. Best is trial 98 with value: 0.07760955833610778.
running
[I 2024-10-22 21:51:24,389] Trial 117 finished with value: 0.08056748186695084 and parameters: {'model_name': 'IterativeImputer', 'estimator': 'RFR', 'initial_strategy': 'mean', 'n_nearest_features': 6, 'imputation_order': 'descending'}. Best is trial 98 with value: 0.07760955833610778.
running
[I 2024-10-22 21:55:39,204] Trial 118 finished with value: 0.07988079970476128 and parameters: {'model_name': 'IterativeImputer', 'estimator': 'RFR', 'initial_strategy': 'mean', 'n_nearest_features': 6, 'imputation_order': 'descending'}. Best is trial 98 with value: 0.07760955833610778.
running
[I 2024-10-22 21:56:32,203] Trial 120 finished with value: 0.08114862353534172 and parameters: {'model_name': 'IterativeImputer', 'estimator': 'RFR', 'initial_strategy': 'mean', 'n_nearest_features': 6, 'imputation_order': 'descending'}. Best is trial 98 with value: 0.07760955833610778.
running
[I 2024-10-22 21:57:08,818] Trial 119 finished with value: 0.08297871169667477 and parameters: {'model_name': 'IterativeImputer', 'estimator': 'RFR', 'initial_strategy': 'mean', 'n_nearest_features': 6, 'imputation_order': 'descending'}. Best is trial 98 with value: 0.07760955833610778.
running
[I 2024-10-22 21:57:23,592] Trial 131 finished with value: 0.11003820823595123 and parameters: {'model_name': 'IterativeImputer', 'estimator': 'Bayesian', 'initial_strategy': 'median', 'n_nearest_features': 6, 'imputation_order': 'descending', 'sample_posterior': False}. Best is trial 98 with value: 0.07760955833610778.
running
[I 2024-10-22 21:57:41,818] Trial 133 finished with value: 0.11057979207561466 and parameters: {'model_name': 'IterativeImputer', 'estimator': 'Ridge', 'initial_strategy': 'mean', 'n_nearest_features': 6, 'imputation_order': 'random'}. Best is trial 98 with value: 0.07760955833610778.
running
[I 2024-10-22 21:57:42,571] Trial 134 finished with value: 0.20341991752226213 and parameters: {'model_name': 'SimpleImputer', 'strategy': 'median'}. Best is trial 98 with value: 0.07760955833610778.
running
[I 2024-10-22 21:58:02,776] Trial 132 finished with value: 0.1555608929229259 and parameters: {'model_name': 'IterativeImputer', 'estimator': 'Bayesian', 'initial_strategy': 'median', 'n_nearest_features': 6, 'imputation_order': 'arabic', 'sample_posterior': True}. Best is trial 98 with value: 0.07760955833610778.
running
[I 2024-10-22 22:02:03,231] Trial 44 finished with value: 0.1620565748620812 and parameters: {'model_name': 'VAE', 'batch_size': 933, 'iterations': 3648, 'learning_rate': 0.08565317076236059, 'p_miss': 0.29910142527553296}. Best is trial 98 with value: 0.07760955833610778.
running
[I 2024-10-22 22:02:30,512] Trial 123 finished with value: 0.07880931559541435 and parameters: {'model_name': 'IterativeImputer', 'estimator': 'RFR', 'initial_strategy': 'mean', 'n_nearest_features': 6, 'imputation_order': 'arabic'}. Best is trial 98 with value: 0.07760955833610778.
running
[I 2024-10-22 22:02:38,349] Trial 122 finished with value: 0.08215135050852186 and parameters: {'model_name': 'IterativeImputer', 'estimator': 'RFR', 'initial_strategy': 'mean', 'n_nearest_features': 6, 'imputation_order': 'arabic'}. Best is trial 98 with value: 0.07760955833610778.
running
[I 2024-10-22 22:02:55,308] Trial 121 finished with value: 0.07980400094696827 and parameters: {'model_name': 'IterativeImputer', 'estimator': 'RFR', 'initial_strategy': 'mean', 'n_nearest_features': 6, 'imputation_order': 'descending'}. Best is trial 98 with value: 0.07760955833610778.
running
[I 2024-10-22 22:03:46,435] Trial 124 finished with value: 0.08119433662823791 and parameters: {'model_name': 'IterativeImputer', 'estimator': 'RFR', 'initial_strategy': 'mean', 'n_nearest_features': 6, 'imputation_order': 'arabic'}. Best is trial 98 with value: 0.07760955833610778.
running
[I 2024-10-22 22:05:18,528] Trial 125 finished with value: 0.08048388821326227 and parameters: {'model_name': 'IterativeImputer', 'estimator': 'RFR', 'initial_strategy': 'mean', 'n_nearest_features': 6, 'imputation_order': 'arabic'}. Best is trial 98 with value: 0.07760955833610778.
running
[I 2024-10-22 22:06:46,323] Trial 127 finished with value: 0.0814047174864807 and parameters: {'model_name': 'IterativeImputer', 'estimator': 'RFR', 'initial_strategy': 'mean', 'n_nearest_features': 6, 'imputation_order': 'arabic'}. Best is trial 98 with value: 0.07760955833610778.
running
[I 2024-10-22 22:06:54,547] Trial 143 finished with value: 0.13886250920306728 and parameters: {'model_name': 'KNNImputer', 'n_neighbors': 8668, 'weights': 'distance'}. Best is trial 98 with value: 0.07760955833610778.
running
[I 2024-10-22 22:07:18,454] Trial 126 finished with value: 0.08099261985396347 and parameters: {'model_name': 'IterativeImputer', 'estimator': 'RFR', 'initial_strategy': 'mean', 'n_nearest_features': 6, 'imputation_order': 'arabic'}. Best is trial 98 with value: 0.07760955833610778.
running
[I 2024-10-22 22:08:45,171] Trial 128 finished with value: 0.0820381759796571 and parameters: {'model_name': 'IterativeImputer', 'estimator': 'RFR', 'initial_strategy': 'median', 'n_nearest_features': 6, 'imputation_order': 'descending'}. Best is trial 98 with value: 0.07760955833610778.
running
[I 2024-10-22 22:12:23,867] Trial 129 finished with value: 0.0826225847145193 and parameters: {'model_name': 'IterativeImputer', 'estimator': 'RFR', 'initial_strategy': 'median', 'n_nearest_features': 6, 'imputation_order': 'arabic'}. Best is trial 98 with value: 0.07760955833610778.
running
[I 2024-10-22 22:15:56,817] Trial 130 finished with value: 0.08403707350676679 and parameters: {'model_name': 'IterativeImputer', 'estimator': 'RFR', 'initial_strategy': 'median', 'n_nearest_features': 6, 'imputation_order': 'arabic'}. Best is trial 98 with value: 0.07760955833610778.
running
[I 2024-10-22 22:17:18,585] Trial 135 finished with value: 0.0829784821222919 and parameters: {'model_name': 'IterativeImputer', 'estimator': 'RFR', 'initial_strategy': 'mean', 'n_nearest_features': 6, 'imputation_order': 'arabic'}. Best is trial 98 with value: 0.07760955833610778.
running
[I 2024-10-22 22:18:03,154] Trial 136 finished with value: 0.07903246180018472 and parameters: {'model_name': 'IterativeImputer', 'estimator': 'RFR', 'initial_strategy': 'mean', 'n_nearest_features': 6, 'imputation_order': 'descending'}. Best is trial 98 with value: 0.07760955833610778.
running
[I 2024-10-22 22:21:05,086] Trial 137 finished with value: 0.07853812644307004 and parameters: {'model_name': 'IterativeImputer', 'estimator': 'RFR', 'initial_strategy': 'mean', 'n_nearest_features': 6, 'imputation_order': 'descending'}. Best is trial 98 with value: 0.07760955833610778.
running
[I 2024-10-22 22:21:53,228] Trial 138 finished with value: 0.08337811415339287 and parameters: {'model_name': 'IterativeImputer', 'estimator': 'RFR', 'initial_strategy': 'mean', 'n_nearest_features': 6, 'imputation_order': 'arabic'}. Best is trial 98 with value: 0.07760955833610778.
running
[I 2024-10-22 22:21:54,575] Trial 139 finished with value: 0.08012339440132842 and parameters: {'model_name': 'IterativeImputer', 'estimator': 'RFR', 'initial_strategy': 'mean', 'n_nearest_features': 6, 'imputation_order': 'arabic'}. Best is trial 98 with value: 0.07760955833610778.
running
[I 2024-10-22 22:22:42,069] Trial 140 finished with value: 0.08016945810662442 and parameters: {'model_name': 'IterativeImputer', 'estimator': 'RFR', 'initial_strategy': 'mean', 'n_nearest_features': 6, 'imputation_order': 'arabic'}. Best is trial 98 with value: 0.07760955833610778.
running
[I 2024-10-22 22:23:49,320] Trial 141 finished with value: 0.08216226704201396 and parameters: {'model_name': 'IterativeImputer', 'estimator': 'RFR', 'initial_strategy': 'mean', 'n_nearest_features': 6, 'imputation_order': 'arabic'}. Best is trial 98 with value: 0.07760955833610778.
running
[I 2024-10-22 22:24:58,232] Trial 142 finished with value: 0.08086679116565987 and parameters: {'model_name': 'IterativeImputer', 'estimator': 'RFR', 'initial_strategy': 'mean', 'n_nearest_features': 6, 'imputation_order': 'descending'}. Best is trial 98 with value: 0.07760955833610778.
running
[I 2024-10-22 22:26:49,857] Trial 144 finished with value: 0.07910155409315807 and parameters: {'model_name': 'IterativeImputer', 'estimator': 'RFR', 'initial_strategy': 'mean', 'n_nearest_features': 6, 'imputation_order': 'descending'}. Best is trial 98 with value: 0.07760955833610778.
running
[I 2024-10-22 22:27:32,696] Trial 145 finished with value: 0.08060492205087558 and parameters: {'model_name': 'IterativeImputer', 'estimator': 'RFR', 'initial_strategy': 'mean', 'n_nearest_features': 6, 'imputation_order': 'descending'}. Best is trial 98 with value: 0.07760955833610778.
running
[I 2024-10-22 22:28:06,475] Trial 146 finished with value: 0.08039202690149687 and parameters: {'model_name': 'IterativeImputer', 'estimator': 'RFR', 'initial_strategy': 'mean', 'n_nearest_features': 6, 'imputation_order': 'descending'}. Best is trial 98 with value: 0.07760955833610778.
running
[I 2024-10-22 22:28:26,996] Trial 159 finished with value: 0.12015676034517142 and parameters: {'model_name': 'IterativeImputer', 'estimator': 'Ridge', 'initial_strategy': 'mean', 'n_nearest_features': 2, 'imputation_order': 'descending'}. Best is trial 98 with value: 0.07760955833610778.
running
[I 2024-10-22 22:30:29,088] Trial 149 finished with value: 0.13358128108039607 and parameters: {'model_name': 'IterativeImputer', 'estimator': 'RFR', 'initial_strategy': 'mean', 'n_nearest_features': 1, 'imputation_order': 'descending'}. Best is trial 98 with value: 0.07760955833610778.
running
[I 2024-10-22 22:32:36,290] Trial 147 finished with value: 0.08027116485478283 and parameters: {'model_name': 'IterativeImputer', 'estimator': 'RFR', 'initial_strategy': 'mean', 'n_nearest_features': 6, 'imputation_order': 'descending'}. Best is trial 98 with value: 0.07760955833610778.
running
[I 2024-10-22 22:34:56,584] Trial 153 finished with value: 0.1345657110512067 and parameters: {'model_name': 'IterativeImputer', 'estimator': 'RFR', 'initial_strategy': 'mean', 'n_nearest_features': 1, 'imputation_order': 'descending'}. Best is trial 98 with value: 0.07760955833610778.
running
[I 2024-10-22 22:34:57,058] Trial 163 finished with value: 0.16135931882421878 and parameters: {'model_name': 'SimpleImputer', 'strategy': 'mean'}. Best is trial 98 with value: 0.07760955833610778.
running
[I 2024-10-22 22:35:44,587] Trial 148 finished with value: 0.08074868488149625 and parameters: {'model_name': 'IterativeImputer', 'estimator': 'RFR', 'initial_strategy': 'mean', 'n_nearest_features': 6, 'imputation_order': 'descending'}. Best is trial 98 with value: 0.07760955833610778.
running
[I 2024-10-22 22:38:26,947] Trial 150 finished with value: 0.08158932466855745 and parameters: {'model_name': 'IterativeImputer', 'estimator': 'RFR', 'initial_strategy': 'mean', 'n_nearest_features': 6, 'imputation_order': 'descending'}. Best is trial 98 with value: 0.07760955833610778.
running
[I 2024-10-22 22:40:50,755] Trial 151 finished with value: 0.08117255992519154 and parameters: {'model_name': 'IterativeImputer', 'estimator': 'RFR', 'initial_strategy': 'mean', 'n_nearest_features': 6, 'imputation_order': 'descending'}. Best is trial 98 with value: 0.07760955833610778.
running
[I 2024-10-22 22:41:51,141] Trial 152 finished with value: 0.08198201028348676 and parameters: {'model_name': 'IterativeImputer', 'estimator': 'RFR', 'initial_strategy': 'mean', 'n_nearest_features': 6, 'imputation_order': 'descending'}. Best is trial 98 with value: 0.07760955833610778.
running
[I 2024-10-22 22:43:10,052] Trial 154 finished with value: 0.07824756739289424 and parameters: {'model_name': 'IterativeImputer', 'estimator': 'RFR', 'initial_strategy': 'mean', 'n_nearest_features': 6, 'imputation_order': 'descending'}. Best is trial 98 with value: 0.07760955833610778.
running
[I 2024-10-22 22:44:22,665] Trial 155 finished with value: 0.08019536725723352 and parameters: {'model_name': 'IterativeImputer', 'estimator': 'RFR', 'initial_strategy': 'mean', 'n_nearest_features': 6, 'imputation_order': 'descending'}. Best is trial 98 with value: 0.07760955833610778.
running
[I 2024-10-22 22:45:01,356] Trial 156 finished with value: 0.08252741302594657 and parameters: {'model_name': 'IterativeImputer', 'estimator': 'RFR', 'initial_strategy': 'mean', 'n_nearest_features': 6, 'imputation_order': 'descending'}. Best is trial 98 with value: 0.07760955833610778.
running
[I 2024-10-22 22:45:06,764] Trial 171 finished with value: 0.11525502648219385 and parameters: {'model_name': 'KNNImputer', 'n_neighbors': 2907, 'weights': 'uniform'}. Best is trial 98 with value: 0.07760955833610778.
running
[I 2024-10-22 22:46:51,186] Trial 157 finished with value: 0.07867460000018307 and parameters: {'model_name': 'IterativeImputer', 'estimator': 'RFR', 'initial_strategy': 'mean', 'n_nearest_features': 6, 'imputation_order': 'descending'}. Best is trial 98 with value: 0.07760955833610778.
running
[I 2024-10-22 22:47:47,641] Trial 158 finished with value: 0.08045854984394525 and parameters: {'model_name': 'IterativeImputer', 'estimator': 'RFR', 'initial_strategy': 'mean', 'n_nearest_features': 6, 'imputation_order': 'descending'}. Best is trial 98 with value: 0.07760955833610778.
running
[I 2024-10-22 22:47:59,885] Trial 160 finished with value: 0.08102597510201556 and parameters: {'model_name': 'IterativeImputer', 'estimator': 'RFR', 'initial_strategy': 'mean', 'n_nearest_features': 6, 'imputation_order': 'descending'}. Best is trial 98 with value: 0.07760955833610778.
running
[I 2024-10-22 22:49:26,101] Trial 45 finished with value: 0.16197674249107133 and parameters: {'model_name': 'VAE', 'batch_size': 528, 'iterations': 4897, 'learning_rate': 0.08926248328260965, 'p_miss': 0.29700215743542346}. Best is trial 98 with value: 0.07760955833610778.
running
[I 2024-10-22 22:50:07,949] Trial 161 finished with value: 0.07877211205957503 and parameters: {'model_name': 'IterativeImputer', 'estimator': 'RFR', 'initial_strategy': 'mean', 'n_nearest_features': 6, 'imputation_order': 'descending'}. Best is trial 98 with value: 0.07760955833610778.
running
[I 2024-10-22 22:52:27,417] Trial 162 finished with value: 0.07916174610609926 and parameters: {'model_name': 'IterativeImputer', 'estimator': 'RFR', 'initial_strategy': 'mean', 'n_nearest_features': 6, 'imputation_order': 'descending'}. Best is trial 98 with value: 0.07760955833610778.
running
[I 2024-10-22 22:54:08,053] Trial 164 finished with value: 0.08037201169733806 and parameters: {'model_name': 'IterativeImputer', 'estimator': 'RFR', 'initial_strategy': 'mean', 'n_nearest_features': 6, 'imputation_order': 'roman'}. Best is trial 98 with value: 0.07760955833610778.
running
[I 2024-10-22 22:55:08,978] Trial 165 finished with value: 0.08014025632594209 and parameters: {'model_name': 'IterativeImputer', 'estimator': 'RFR', 'initial_strategy': 'mean', 'n_nearest_features': 6, 'imputation_order': 'roman'}. Best is trial 98 with value: 0.07760955833610778.
running
[I 2024-10-22 22:58:27,850] Trial 166 finished with value: 0.08013566683539887 and parameters: {'model_name': 'IterativeImputer', 'estimator': 'RFR', 'initial_strategy': 'mean', 'n_nearest_features': 6, 'imputation_order': 'descending'}. Best is trial 98 with value: 0.07760955833610778.
running
[I 2024-10-22 23:00:24,190] Trial 167 finished with value: 0.07803303266427071 and parameters: {'model_name': 'IterativeImputer', 'estimator': 'RFR', 'initial_strategy': 'mean', 'n_nearest_features': 6, 'imputation_order': 'roman'}. Best is trial 98 with value: 0.07760955833610778.
running
[I 2024-10-22 23:00:52,124] Trial 168 finished with value: 0.08096138171097714 and parameters: {'model_name': 'IterativeImputer', 'estimator': 'RFR', 'initial_strategy': 'mean', 'n_nearest_features': 6, 'imputation_order': 'roman'}. Best is trial 98 with value: 0.07760955833610778.
running
[I 2024-10-22 23:02:46,252] Trial 169 finished with value: 0.0802649414866718 and parameters: {'model_name': 'IterativeImputer', 'estimator': 'RFR', 'initial_strategy': 'mean', 'n_nearest_features': 6, 'imputation_order': 'roman'}. Best is trial 98 with value: 0.07760955833610778.
running
[I 2024-10-22 23:04:14,574] Trial 170 finished with value: 0.0808936604530012 and parameters: {'model_name': 'IterativeImputer', 'estimator': 'RFR', 'initial_strategy': 'mean', 'n_nearest_features': 6, 'imputation_order': 'roman'}. Best is trial 98 with value: 0.07760955833610778.
running
[I 2024-10-22 23:04:45,594] Trial 172 finished with value: 0.07887985119284298 and parameters: {'model_name': 'IterativeImputer', 'estimator': 'RFR', 'initial_strategy': 'mean', 'n_nearest_features': 6, 'imputation_order': 'roman'}. Best is trial 98 with value: 0.07760955833610778.
running
[I 2024-10-22 23:06:32,567] Trial 173 finished with value: 0.07979668883461438 and parameters: {'model_name': 'IterativeImputer', 'estimator': 'RFR', 'initial_strategy': 'mean', 'n_nearest_features': 6, 'imputation_order': 'roman'}. Best is trial 98 with value: 0.07760955833610778.
running
[I 2024-10-22 23:07:11,674] Trial 175 finished with value: 0.07993952962002229 and parameters: {'model_name': 'IterativeImputer', 'estimator': 'RFR', 'initial_strategy': 'mean', 'n_nearest_features': 6, 'imputation_order': 'roman'}. Best is trial 98 with value: 0.07760955833610778.
running
[I 2024-10-22 23:07:43,143] Trial 174 finished with value: 0.08293448539693564 and parameters: {'model_name': 'IterativeImputer', 'estimator': 'RFR', 'initial_strategy': 'mean', 'n_nearest_features': 6, 'imputation_order': 'roman'}. Best is trial 98 with value: 0.07760955833610778.
running
[I 2024-10-22 23:08:29,667] Trial 176 finished with value: 0.08107185371199517 and parameters: {'model_name': 'IterativeImputer', 'estimator': 'RFR', 'initial_strategy': 'mean', 'n_nearest_features': 6, 'imputation_order': 'roman'}. Best is trial 98 with value: 0.07760955833610778.
running
[I 2024-10-22 23:09:23,890] Trial 190 finished with value: 0.11004255795571508 and parameters: {'model_name': 'IterativeImputer', 'estimator': 'Bayesian', 'initial_strategy': 'mean', 'n_nearest_features': 6, 'imputation_order': 'random', 'sample_posterior': False}. Best is trial 98 with value: 0.07760955833610778.
running
[I 2024-10-22 23:09:58,076] Trial 177 finished with value: 0.08135309060900132 and parameters: {'model_name': 'IterativeImputer', 'estimator': 'RFR', 'initial_strategy': 'mean', 'n_nearest_features': 6, 'imputation_order': 'roman'}. Best is trial 98 with value: 0.07760955833610778.
running
[I 2024-10-22 23:12:35,268] Trial 178 finished with value: 0.08026989755066312 and parameters: {'model_name': 'IterativeImputer', 'estimator': 'RFR', 'initial_strategy': 'mean', 'n_nearest_features': 6, 'imputation_order': 'roman'}. Best is trial 98 with value: 0.07760955833610778.
running
[I 2024-10-22 23:13:33,198] Trial 179 finished with value: 0.07935925800535804 and parameters: {'model_name': 'IterativeImputer', 'estimator': 'RFR', 'initial_strategy': 'mean', 'n_nearest_features': 6, 'imputation_order': 'descending'}. Best is trial 98 with value: 0.07760955833610778.
running
[I 2024-10-22 23:13:53,579] Trial 194 finished with value: 0.11057371439477648 and parameters: {'model_name': 'IterativeImputer', 'estimator': 'Ridge', 'initial_strategy': 'mean', 'n_nearest_features': 6, 'imputation_order': 'descending'}. Best is trial 98 with value: 0.07760955833610778.
running
[I 2024-10-22 23:15:04,843] Trial 180 finished with value: 0.07854529790408021 and parameters: {'model_name': 'IterativeImputer', 'estimator': 'RFR', 'initial_strategy': 'mean', 'n_nearest_features': 6, 'imputation_order': 'descending'}. Best is trial 98 with value: 0.07760955833610778.
running
[I 2024-10-22 23:19:05,040] Trial 181 finished with value: 0.08170151554807462 and parameters: {'model_name': 'IterativeImputer', 'estimator': 'RFR', 'initial_strategy': 'mean', 'n_nearest_features': 6, 'imputation_order': 'descending'}. Best is trial 98 with value: 0.07760955833610778.
running
[I 2024-10-22 23:20:17,731] Trial 182 finished with value: 0.08138180256264256 and parameters: {'model_name': 'IterativeImputer', 'estimator': 'RFR', 'initial_strategy': 'mean', 'n_nearest_features': 6, 'imputation_order': 'roman'}. Best is trial 98 with value: 0.07760955833610778.
running
[I 2024-10-22 23:20:26,843] Trial 183 finished with value: 0.0783158579938115 and parameters: {'model_name': 'IterativeImputer', 'estimator': 'RFR', 'initial_strategy': 'mean', 'n_nearest_features': 6, 'imputation_order': 'roman'}. Best is trial 98 with value: 0.07760955833610778.
running
[I 2024-10-22 23:23:09,374] Trial 184 finished with value: 0.08176641715647948 and parameters: {'model_name': 'IterativeImputer', 'estimator': 'RFR', 'initial_strategy': 'mean', 'n_nearest_features': 6, 'imputation_order': 'random'}. Best is trial 98 with value: 0.07760955833610778.
[I 2024-10-22 23:24:41,580] Trial 185 finished with value: 0.08218998105303846 and parameters: {'model_name': 'IterativeImputer', 'estimator': 'RFR', 'initial_strategy': 'mean', 'n_nearest_features': 6, 'imputation_order': 'random'}. Best is trial 98 with value: 0.07760955833610778.
[I 2024-10-22 23:24:43,534] Trial 186 finished with value: 0.07841488918910783 and parameters: {'model_name': 'IterativeImputer', 'estimator': 'RFR', 'initial_strategy': 'mean', 'n_nearest_features': 6, 'imputation_order': 'roman'}. Best is trial 98 with value: 0.07760955833610778.
[I 2024-10-22 23:26:18,540] Trial 187 finished with value: 0.07898096335736862 and parameters: {'model_name': 'IterativeImputer', 'estimator': 'RFR', 'initial_strategy': 'mean', 'n_nearest_features': 6, 'imputation_order': 'descending'}. Best is trial 98 with value: 0.07760955833610778.
[I 2024-10-22 23:26:31,981] Trial 188 finished with value: 0.0785370884471145 and parameters: {'model_name': 'IterativeImputer', 'estimator': 'RFR', 'initial_strategy': 'mean', 'n_nearest_features': 6, 'imputation_order': 'random'}. Best is trial 98 with value: 0.07760955833610778.
[I 2024-10-22 23:27:15,778] Trial 189 finished with value: 0.08186116371170835 and parameters: {'model_name': 'IterativeImputer', 'estimator': 'RFR', 'initial_strategy': 'mean', 'n_nearest_features': 6, 'imputation_order': 'random'}. Best is trial 98 with value: 0.07760955833610778.
[I 2024-10-22 23:27:38,678] Trial 191 finished with value: 0.07962973175499286 and parameters: {'model_name': 'IterativeImputer', 'estimator': 'RFR', 'initial_strategy': 'mean', 'n_nearest_features': 6, 'imputation_order': 'descending'}. Best is trial 98 with value: 0.07760955833610778.
[I 2024-10-22 23:27:55,853] Trial 192 finished with value: 0.07917139871458576 and parameters: {'model_name': 'IterativeImputer', 'estimator': 'RFR', 'initial_strategy': 'mean', 'n_nearest_features': 6, 'imputation_order': 'descending'}. Best is trial 98 with value: 0.07760955833610778.
[I 2024-10-22 23:29:52,960] Trial 193 finished with value: 0.08093502305201179 and parameters: {'model_name': 'IterativeImputer', 'estimator': 'RFR', 'initial_strategy': 'mean', 'n_nearest_features': 6, 'imputation_order': 'descending'}. Best is trial 98 with value: 0.07760955833610778.
[I 2024-10-22 23:30:18,569] Trial 195 finished with value: 0.07910615349494757 and parameters: {'model_name': 'IterativeImputer', 'estimator': 'RFR', 'initial_strategy': 'mean', 'n_nearest_features': 6, 'imputation_order': 'descending'}. Best is trial 98 with value: 0.07760955833610778.
[I 2024-10-22 23:31:04,685] Trial 196 finished with value: 0.08009118324597779 and parameters: {'model_name': 'IterativeImputer', 'estimator': 'RFR', 'initial_strategy': 'mean', 'n_nearest_features': 6, 'imputation_order': 'descending'}. Best is trial 98 with value: 0.07760955833610778.
[I 2024-10-22 23:33:52,097] Trial 197 finished with value: 0.08014835857126541 and parameters: {'model_name': 'IterativeImputer', 'estimator': 'RFR', 'initial_strategy': 'mean', 'n_nearest_features': 6, 'imputation_order': 'descending'}. Best is trial 98 with value: 0.07760955833610778.
[I 2024-10-22 23:34:29,786] Trial 199 finished with value: 0.07952701562749667 and parameters: {'model_name': 'IterativeImputer', 'estimator': 'RFR', 'initial_strategy': 'mean', 'n_nearest_features': 6, 'imputation_order': 'descending'}. Best is trial 98 with value: 0.07760955833610778.
[I 2024-10-22 23:34:31,611] Trial 198 finished with value: 0.07929774646668974 and parameters: {'model_name': 'IterativeImputer', 'estimator': 'RFR', 'initial_strategy': 'mean', 'n_nearest_features': 6, 'imputation_order': 'descending'}. Best is trial 98 with value: 0.07760955833610778.
[I 2024-10-22 23:35:09,867] Trial 69 finished with value: 0.19307422744789332 and parameters: {'model_name': 'VAE', 'batch_size': 1, 'iterations': 9177, 'learning_rate': 0.0004355397847790453, 'p_miss': 0.29727247556129965}. Best is trial 98 with value: 0.07760955833610778.
[I 2024-10-22 23:40:20,190] Trial 46 finished with value: 0.16188585884264436 and parameters: {'model_name': 'VAE', 'batch_size': 937, 'iterations': 8850, 'learning_rate': 0.08150170463970281, 'p_miss': 0.28233300284634244}. Best is trial 98 with value: 0.07760955833610778.
fit
auto fit
auto transform
0    0
1    0
2    0
3    0
4    0
5    0
dtype: int64
0    0
1    0
2    0
3    0
4    0
5    0
dtype: int64
0.07760955833610778
{'model_name': 'IterativeImputer', 'estimator': 'RFR', 'initial_strategy': 'mean', 'n_nearest_features': 6, 'imputation_order': 'descending'}
running experiment 2/3 - Does reconstruction give good automl predictions
Start est fit
Version 0.1.7a0 of tpot2 is outdated. Version 0.1.8a0 was released Tuesday September 17, 2024.
Version 0.1.7a0 of tpot2 is outdated. Version 0.1.8a0 was released Tuesday September 17, 2024.
Version 0.1.7a0 of tpot2 is outdated. Version 0.1.8a0 was released Tuesday September 17, 2024.
Version 0.1.7a0 of tpot2 is outdated. Version 0.1.8a0 was released Tuesday September 17, 2024.
Version 0.1.7a0 of tpot2 is outdated. Version 0.1.8a0 was released Tuesday September 17, 2024.
Version 0.1.7a0 of tpot2 is outdated. Version 0.1.8a0 was released Tuesday September 17, 2024.
Version 0.1.7a0 of tpot2 is outdated. Version 0.1.8a0 was released Tuesday September 17, 2024.
Version 0.1.7a0 of tpot2 is outdated. Version 0.1.8a0 was released Tuesday September 17, 2024.
Version 0.1.7a0 of tpot2 is outdated. Version 0.1.8a0 was released Tuesday September 17, 2024.
Version 0.1.7a0 of tpot2 is outdated. Version 0.1.8a0 was released Tuesday September 17, 2024.
Version 0.1.7a0 of tpot2 is outdated. Version 0.1.8a0 was released Tuesday September 17, 2024.
Version 0.1.7a0 of tpot2 is outdated. Version 0.1.8a0 was released Tuesday September 17, 2024.
Version 0.1.7a0 of tpot2 is outdated. Version 0.1.8a0 was released Tuesday September 17, 2024.
Version 0.1.7a0 of tpot2 is outdated. Version 0.1.8a0 was released Tuesday September 17, 2024.
Version 0.1.7a0 of tpot2 is outdated. Version 0.1.8a0 was released Tuesday September 17, 2024.
Version 0.1.7a0 of tpot2 is outdated. Version 0.1.8a0 was released Tuesday September 17, 2024.
  0%|          | 0/25 [00:00<?, ?it/s]Generation:   0%|          | 0/25 [00:00<?, ?it/s]Generation:  1
Best f1_score score: 0.8340942635888557
Generation:   4%|         | 1/25 [03:25<1:22:20, 205.84s/it]Generation:  2
Best f1_score score: 0.8340942635888557
Generation:   8%|         | 2/25 [04:59<53:31, 139.63s/it]  Generation:  3
Best f1_score score: 0.8340942635888557
Generation:  12%|        | 3/25 [05:27<32:32, 88.77s/it] Generation:  4
Best f1_score score: 0.8340942635888557
Generation:  16%|        | 4/25 [05:37<20:11, 57.68s/it]Generation:  5
Best f1_score score: 0.8340942635888557
Generation:  20%|        | 5/25 [06:09<16:08, 48.40s/it]Generation:  6
Best f1_score score: 0.8340942635888557
Generation:  24%|       | 6/25 [06:23<11:35, 36.62s/it]Generation:  7
Best f1_score score: 0.8340942635888557
Generation:  28%|       | 7/25 [06:37<08:48, 29.37s/it]Generation:  8
Best f1_score score: 0.8340942635888557
Generation:  32%|      | 8/25 [06:54<07:10, 25.31s/it]Generation:  9
Best f1_score score: 0.8461757734573118
Generation:  36%|      | 9/25 [07:03<05:25, 20.34s/it]Generation:  10
Best f1_score score: 0.8461757734573118
Generation:  40%|      | 10/25 [07:36<06:01, 24.12s/it]Generation:  11
Best f1_score score: 0.8461757734573118
Generation:  44%|     | 11/25 [07:55<05:18, 22.76s/it]Generation:  12
Best f1_score score: 0.8461757734573118
Generation:  48%|     | 12/25 [08:09<04:20, 20.00s/it]Generation:  13
Best f1_score score: 0.8461757734573118
Generation:  52%|    | 13/25 [08:25<03:45, 18.83s/it]Generation:  14
Best f1_score score: 0.8461757734573118
Generation:  56%|    | 14/25 [08:39<03:11, 17.44s/it]Generation:  15
Best f1_score score: 0.8461757734573118
Generation:  60%|    | 15/25 [08:57<02:54, 17.50s/it]Generation:  16
Best f1_score score: 0.8461757734573118
Generation:  64%|   | 16/25 [09:16<02:42, 18.07s/it]Generation:  17
Best f1_score score: 0.8461757734573118
Generation:  68%|   | 17/25 [09:33<02:20, 17.61s/it]Generation:  18
Best f1_score score: 0.8461757734573118
Generation:  72%|  | 18/25 [09:48<01:57, 16.72s/it]Generation:  19
Best f1_score score: 0.8461757734573118
Generation:  76%|  | 19/25 [10:08<01:47, 17.89s/it]Generation:  20
Best f1_score score: 0.8461757734573118
Generation:  80%|  | 20/25 [11:05<02:27, 29.46s/it]Generation:  21
Best f1_score score: 0.8461757734573118
Generation:  84%| | 21/25 [11:20<01:41, 25.27s/it]Generation:  22
Best f1_score score: 0.8461757734573118
Generation:  88%| | 22/25 [12:37<02:01, 40.62s/it]Generation:  23
Best f1_score score: 0.8461757734573118
Generation:  92%|| 23/25 [13:00<01:11, 35.52s/it]Generation:  24
Best f1_score score: 0.8461757734573118
Generation:  96%|| 24/25 [13:22<00:31, 31.52s/it]WARNING THIS INDIVIDUAL CAUSED AND EXCEPTION 
 <tpot2.search_spaces.pipelines.sequential.SequentialPipelineIndividual object at 0x15547473b100> 
 The 'min_samples_split' parameter of DecisionTreeClassifier must be an int in the range [2, inf) or a float in the range (0.0, 1.0]. Got 1 instead. 
 Traceback (most recent call last):
  File "/common/ketrong/tpotexp/tpot2/tpot2/utils/eval_utils.py", line 53, in objective_nan_wrapper
    value = func_timeout.func_timeout(timeout, objective_function, args=[individual], kwargs=objective_kwargs)
  File "/common/ketrong/tpotexp/env/lib/python3.10/site-packages/func_timeout/dafunc.py", line 108, in func_timeout
    raise_exception(exception)
  File "/common/ketrong/tpotexp/env/lib/python3.10/site-packages/func_timeout/py3_raise.py", line 7, in raise_exception
    raise exception[0] from None
  File "/common/ketrong/tpotexp/tpot2/tpot2/tpot_estimator/estimator.py", line 623, in objective_function
    return objective_function_generator(
  File "/common/ketrong/tpotexp/tpot2/tpot2/tpot_estimator/estimator_utils.py", line 55, in objective_function_generator
    cv_obj_scores = cross_val_score_objective(sklearn.base.clone(pipeline),x,y,scorers=scorers, cv=cv , fold=step)
  File "/common/ketrong/tpotexp/tpot2/tpot2/tpot_estimator/cross_val_utils.py", line 28, in cross_val_score_objective
    this_fold_pipeline.fit(X_train,y_train)
  File "/common/ketrong/tpotexp/env/lib/python3.10/site-packages/sklearn/base.py", line 1473, in wrapper
    return fit_method(estimator, *args, **kwargs)
  File "/common/ketrong/tpotexp/env/lib/python3.10/site-packages/sklearn/pipeline.py", line 473, in fit
    self._final_estimator.fit(Xt, y, **last_step_params["fit"])
  File "/common/ketrong/tpotexp/env/lib/python3.10/site-packages/sklearn/base.py", line 1466, in wrapper
    estimator._validate_params()
  File "/common/ketrong/tpotexp/env/lib/python3.10/site-packages/sklearn/base.py", line 666, in _validate_params
    validate_parameter_constraints(
  File "/common/ketrong/tpotexp/env/lib/python3.10/site-packages/sklearn/utils/_param_validation.py", line 95, in validate_parameter_constraints
    raise InvalidParameterError(
sklearn.utils._param_validation.InvalidParameterError: The 'min_samples_split' parameter of DecisionTreeClassifier must be an int in the range [2, inf) or a float in the range (0.0, 1.0]. Got 1 instead.

Generation:  25
Best f1_score score: 0.8461757734573118
Generation: 100%|| 25/25 [13:41<00:00, 27.63s/it]Generation: 100%|| 25/25 [13:44<00:00, 32.99s/it]
2024-10-22 23:56:01,399 - distributed.scheduler - ERROR - Removing worker 'tcp://127.0.0.1:42683' caused the cluster to lose scattered data, which can't be recovered: {'ndarray-c67e37ceaaa9e62a51e53e348af8c1cc', 'ndarray-b5f468972b7ffa9aa2eaa92c4caed8b0'} (stimulus_id='handle-worker-cleanup-1729666561.3995373')
Fitted
Pipeline(steps=[('lgbmclassifier',
                 LGBMClassifier(class_weight='balanced', max_depth=10,
                                n_estimators=91, n_jobs=1, num_leaves=243,
                                verbose=-1))])
score start
train score: {'auroc': 0.9963540657957286, 'accuracy': 0.9982114911692377, 'balanced_accuracy': 0.9873513345775304, 'logloss': 0.031202980541300263, 'f1': 0.9805847261520766}
original test score: {'auroc': 0.8975444464002816, 'accuracy': 0.9830129637907913, 'balanced_accuracy': 0.8223464178841753, 'logloss': 0.08248727975286078, 'f1': 0.8164049001313152}
imputed test score: {'auroc': 0.9007217039253653, 'accuracy': 0.9830129637907913, 'balanced_accuracy': 0.8129598662207358, 'logloss': 0.08090507921303437, 'f1': 0.8129598662207358}
score end
check intended
EXP2 Finished
running experiment 3/3 - What is the best automl settings?
<tpot2.search_spaces.pipelines.sequential.SequentialPipeline object at 0x1554350145e0>
Start tpot fit
Version 0.1.7a0 of tpot2 is outdated. Version 0.1.8a0 was released Tuesday September 17, 2024.
Version 0.1.7a0 of tpot2 is outdated. Version 0.1.8a0 was released Tuesday September 17, 2024.
Version 0.1.7a0 of tpot2 is outdated. Version 0.1.8a0 was released Tuesday September 17, 2024.
Version 0.1.7a0 of tpot2 is outdated. Version 0.1.8a0 was released Tuesday September 17, 2024.
Version 0.1.7a0 of tpot2 is outdated. Version 0.1.8a0 was released Tuesday September 17, 2024.
Version 0.1.7a0 of tpot2 is outdated. Version 0.1.8a0 was released Tuesday September 17, 2024.
Version 0.1.7a0 of tpot2 is outdated. Version 0.1.8a0 was released Tuesday September 17, 2024.
Version 0.1.7a0 of tpot2 is outdated. Version 0.1.8a0 was released Tuesday September 17, 2024.
Version 0.1.7a0 of tpot2 is outdated. Version 0.1.8a0 was released Tuesday September 17, 2024.
Version 0.1.7a0 of tpot2 is outdated. Version 0.1.8a0 was released Tuesday September 17, 2024.
Version 0.1.7a0 of tpot2 is outdated. Version 0.1.8a0 was released Tuesday September 17, 2024.
Version 0.1.7a0 of tpot2 is outdated. Version 0.1.8a0 was released Tuesday September 17, 2024.
Version 0.1.7a0 of tpot2 is outdated. Version 0.1.8a0 was released Tuesday September 17, 2024.
Version 0.1.7a0 of tpot2 is outdated. Version 0.1.8a0 was released Tuesday September 17, 2024.
Version 0.1.7a0 of tpot2 is outdated. Version 0.1.8a0 was released Tuesday September 17, 2024.
Version 0.1.7a0 of tpot2 is outdated. Version 0.1.8a0 was released Tuesday September 17, 2024.
  0%|          | 0/25 [00:00<?, ?it/s]Generation:   0%|          | 0/25 [00:00<?, ?it/s]WARNING THIS INDIVIDUAL CAUSED AND EXCEPTION 
 <tpot2.search_spaces.pipelines.sequential.SequentialPipelineIndividual object at 0x155474cd4df0> 
 Input X contains NaN.
LinearDiscriminantAnalysis does not accept missing values encoded as NaN natively. For supervised learning, you might want to consider sklearn.ensemble.HistGradientBoostingClassifier and Regressor which accept missing values encoded as NaNs natively. Alternatively, it is possible to preprocess the data, for instance by using an imputer transformer in a pipeline or drop samples with missing values. See https://scikit-learn.org/stable/modules/impute.html You can find a list of all estimators that handle NaN values at the following page: https://scikit-learn.org/stable/modules/impute.html#estimators-that-handle-nan-values 
 Traceback (most recent call last):
  File "/common/ketrong/tpotexp/tpot2/tpot2/utils/eval_utils.py", line 53, in objective_nan_wrapper
    value = func_timeout.func_timeout(timeout, objective_function, args=[individual], kwargs=objective_kwargs)
  File "/common/ketrong/tpotexp/env/lib/python3.10/site-packages/func_timeout/dafunc.py", line 108, in func_timeout
    raise_exception(exception)
  File "/common/ketrong/tpotexp/env/lib/python3.10/site-packages/func_timeout/py3_raise.py", line 7, in raise_exception
    raise exception[0] from None
  File "/common/ketrong/tpotexp/tpot2/tpot2/tpot_estimator/estimator.py", line 623, in objective_function
    return objective_function_generator(
  File "/common/ketrong/tpotexp/tpot2/tpot2/tpot_estimator/estimator_utils.py", line 55, in objective_function_generator
    cv_obj_scores = cross_val_score_objective(sklearn.base.clone(pipeline),x,y,scorers=scorers, cv=cv , fold=step)
  File "/common/ketrong/tpotexp/tpot2/tpot2/tpot_estimator/cross_val_utils.py", line 28, in cross_val_score_objective
    this_fold_pipeline.fit(X_train,y_train)
  File "/common/ketrong/tpotexp/env/lib/python3.10/site-packages/sklearn/base.py", line 1473, in wrapper
    return fit_method(estimator, *args, **kwargs)
  File "/common/ketrong/tpotexp/env/lib/python3.10/site-packages/sklearn/pipeline.py", line 473, in fit
    self._final_estimator.fit(Xt, y, **last_step_params["fit"])
  File "/common/ketrong/tpotexp/env/lib/python3.10/site-packages/sklearn/base.py", line 1473, in wrapper
    return fit_method(estimator, *args, **kwargs)
  File "/common/ketrong/tpotexp/env/lib/python3.10/site-packages/sklearn/discriminant_analysis.py", line 589, in fit
    X, y = self._validate_data(
  File "/common/ketrong/tpotexp/env/lib/python3.10/site-packages/sklearn/base.py", line 650, in _validate_data
    X, y = check_X_y(X, y, **check_params)
  File "/common/ketrong/tpotexp/env/lib/python3.10/site-packages/sklearn/utils/validation.py", line 1301, in check_X_y
    X = check_array(
  File "/common/ketrong/tpotexp/env/lib/python3.10/site-packages/sklearn/utils/validation.py", line 1064, in check_array
    _assert_all_finite(
  File "/common/ketrong/tpotexp/env/lib/python3.10/site-packages/sklearn/utils/validation.py", line 123, in _assert_all_finite
    _assert_all_finite_element_wise(
  File "/common/ketrong/tpotexp/env/lib/python3.10/site-packages/sklearn/utils/validation.py", line 172, in _assert_all_finite_element_wise
    raise ValueError(msg_err)
ValueError: Input X contains NaN.
LinearDiscriminantAnalysis does not accept missing values encoded as NaN natively. For supervised learning, you might want to consider sklearn.ensemble.HistGradientBoostingClassifier and Regressor which accept missing values encoded as NaNs natively. Alternatively, it is possible to preprocess the data, for instance by using an imputer transformer in a pipeline or drop samples with missing values. See https://scikit-learn.org/stable/modules/impute.html You can find a list of all estimators that handle NaN values at the following page: https://scikit-learn.org/stable/modules/impute.html#estimators-that-handle-nan-values

WARNING THIS INDIVIDUAL CAUSED AND EXCEPTION 
 <tpot2.search_spaces.pipelines.sequential.SequentialPipelineIndividual object at 0x155474cd4a60> 
 Input X contains NaN.
SGDClassifier does not accept missing values encoded as NaN natively. For supervised learning, you might want to consider sklearn.ensemble.HistGradientBoostingClassifier and Regressor which accept missing values encoded as NaNs natively. Alternatively, it is possible to preprocess the data, for instance by using an imputer transformer in a pipeline or drop samples with missing values. See https://scikit-learn.org/stable/modules/impute.html You can find a list of all estimators that handle NaN values at the following page: https://scikit-learn.org/stable/modules/impute.html#estimators-that-handle-nan-values 
 Traceback (most recent call last):
  File "/common/ketrong/tpotexp/tpot2/tpot2/utils/eval_utils.py", line 53, in objective_nan_wrapper
    value = func_timeout.func_timeout(timeout, objective_function, args=[individual], kwargs=objective_kwargs)
  File "/common/ketrong/tpotexp/env/lib/python3.10/site-packages/func_timeout/dafunc.py", line 108, in func_timeout
    raise_exception(exception)
  File "/common/ketrong/tpotexp/env/lib/python3.10/site-packages/func_timeout/py3_raise.py", line 7, in raise_exception
    raise exception[0] from None
  File "/common/ketrong/tpotexp/tpot2/tpot2/tpot_estimator/estimator.py", line 623, in objective_function
    return objective_function_generator(
  File "/common/ketrong/tpotexp/tpot2/tpot2/tpot_estimator/estimator_utils.py", line 55, in objective_function_generator
    cv_obj_scores = cross_val_score_objective(sklearn.base.clone(pipeline),x,y,scorers=scorers, cv=cv , fold=step)
  File "/common/ketrong/tpotexp/tpot2/tpot2/tpot_estimator/cross_val_utils.py", line 28, in cross_val_score_objective
    this_fold_pipeline.fit(X_train,y_train)
  File "/common/ketrong/tpotexp/env/lib/python3.10/site-packages/sklearn/base.py", line 1473, in wrapper
    return fit_method(estimator, *args, **kwargs)
  File "/common/ketrong/tpotexp/env/lib/python3.10/site-packages/sklearn/pipeline.py", line 473, in fit
    self._final_estimator.fit(Xt, y, **last_step_params["fit"])
  File "/common/ketrong/tpotexp/env/lib/python3.10/site-packages/sklearn/base.py", line 1473, in wrapper
    return fit_method(estimator, *args, **kwargs)
  File "/common/ketrong/tpotexp/env/lib/python3.10/site-packages/sklearn/linear_model/_stochastic_gradient.py", line 938, in fit
    return self._fit(
  File "/common/ketrong/tpotexp/env/lib/python3.10/site-packages/sklearn/linear_model/_stochastic_gradient.py", line 725, in _fit
    self._partial_fit(
  File "/common/ketrong/tpotexp/env/lib/python3.10/site-packages/sklearn/linear_model/_stochastic_gradient.py", line 596, in _partial_fit
    X, y = self._validate_data(
  File "/common/ketrong/tpotexp/env/lib/python3.10/site-packages/sklearn/base.py", line 650, in _validate_data
    X, y = check_X_y(X, y, **check_params)
  File "/common/ketrong/tpotexp/env/lib/python3.10/site-packages/sklearn/utils/validation.py", line 1301, in check_X_y
    X = check_array(
  File "/common/ketrong/tpotexp/env/lib/python3.10/site-packages/sklearn/utils/validation.py", line 1064, in check_array
    _assert_all_finite(
  File "/common/ketrong/tpotexp/env/lib/python3.10/site-packages/sklearn/utils/validation.py", line 123, in _assert_all_finite
    _assert_all_finite_element_wise(
  File "/common/ketrong/tpotexp/env/lib/python3.10/site-packages/sklearn/utils/validation.py", line 172, in _assert_all_finite_element_wise
    raise ValueError(msg_err)
ValueError: Input X contains NaN.
SGDClassifier does not accept missing values encoded as NaN natively. For supervised learning, you might want to consider sklearn.ensemble.HistGradientBoostingClassifier and Regressor which accept missing values encoded as NaNs natively. Alternatively, it is possible to preprocess the data, for instance by using an imputer transformer in a pipeline or drop samples with missing values. See https://scikit-learn.org/stable/modules/impute.html You can find a list of all estimators that handle NaN values at the following page: https://scikit-learn.org/stable/modules/impute.html#estimators-that-handle-nan-values

WARNING THIS INDIVIDUAL CAUSED AND EXCEPTION 
 <tpot2.search_spaces.pipelines.sequential.SequentialPipelineIndividual object at 0x155474cd4c10> 
 Input X contains NaN.
MultinomialNB does not accept missing values encoded as NaN natively. For supervised learning, you might want to consider sklearn.ensemble.HistGradientBoostingClassifier and Regressor which accept missing values encoded as NaNs natively. Alternatively, it is possible to preprocess the data, for instance by using an imputer transformer in a pipeline or drop samples with missing values. See https://scikit-learn.org/stable/modules/impute.html You can find a list of all estimators that handle NaN values at the following page: https://scikit-learn.org/stable/modules/impute.html#estimators-that-handle-nan-values 
 Traceback (most recent call last):
  File "/common/ketrong/tpotexp/tpot2/tpot2/utils/eval_utils.py", line 53, in objective_nan_wrapper
    value = func_timeout.func_timeout(timeout, objective_function, args=[individual], kwargs=objective_kwargs)
  File "/common/ketrong/tpotexp/env/lib/python3.10/site-packages/func_timeout/dafunc.py", line 108, in func_timeout
    raise_exception(exception)
  File "/common/ketrong/tpotexp/env/lib/python3.10/site-packages/func_timeout/py3_raise.py", line 7, in raise_exception
    raise exception[0] from None
  File "/common/ketrong/tpotexp/tpot2/tpot2/tpot_estimator/estimator.py", line 623, in objective_function
    return objective_function_generator(
  File "/common/ketrong/tpotexp/tpot2/tpot2/tpot_estimator/estimator_utils.py", line 55, in objective_function_generator
    cv_obj_scores = cross_val_score_objective(sklearn.base.clone(pipeline),x,y,scorers=scorers, cv=cv , fold=step)
  File "/common/ketrong/tpotexp/tpot2/tpot2/tpot_estimator/cross_val_utils.py", line 28, in cross_val_score_objective
    this_fold_pipeline.fit(X_train,y_train)
  File "/common/ketrong/tpotexp/env/lib/python3.10/site-packages/sklearn/base.py", line 1473, in wrapper
    return fit_method(estimator, *args, **kwargs)
  File "/common/ketrong/tpotexp/env/lib/python3.10/site-packages/sklearn/pipeline.py", line 473, in fit
    self._final_estimator.fit(Xt, y, **last_step_params["fit"])
  File "/common/ketrong/tpotexp/env/lib/python3.10/site-packages/sklearn/base.py", line 1473, in wrapper
    return fit_method(estimator, *args, **kwargs)
  File "/common/ketrong/tpotexp/env/lib/python3.10/site-packages/sklearn/naive_bayes.py", line 732, in fit
    X, y = self._check_X_y(X, y)
  File "/common/ketrong/tpotexp/env/lib/python3.10/site-packages/sklearn/naive_bayes.py", line 578, in _check_X_y
    return self._validate_data(X, y, accept_sparse="csr", reset=reset)
  File "/common/ketrong/tpotexp/env/lib/python3.10/site-packages/sklearn/base.py", line 650, in _validate_data
    X, y = check_X_y(X, y, **check_params)
  File "/common/ketrong/tpotexp/env/lib/python3.10/site-packages/sklearn/utils/validation.py", line 1301, in check_X_y
    X = check_array(
  File "/common/ketrong/tpotexp/env/lib/python3.10/site-packages/sklearn/utils/validation.py", line 1064, in check_array
    _assert_all_finite(
  File "/common/ketrong/tpotexp/env/lib/python3.10/site-packages/sklearn/utils/validation.py", line 123, in _assert_all_finite
    _assert_all_finite_element_wise(
  File "/common/ketrong/tpotexp/env/lib/python3.10/site-packages/sklearn/utils/validation.py", line 172, in _assert_all_finite_element_wise
    raise ValueError(msg_err)
ValueError: Input X contains NaN.
MultinomialNB does not accept missing values encoded as NaN natively. For supervised learning, you might want to consider sklearn.ensemble.HistGradientBoostingClassifier and Regressor which accept missing values encoded as NaNs natively. Alternatively, it is possible to preprocess the data, for instance by using an imputer transformer in a pipeline or drop samples with missing values. See https://scikit-learn.org/stable/modules/impute.html You can find a list of all estimators that handle NaN values at the following page: https://scikit-learn.org/stable/modules/impute.html#estimators-that-handle-nan-values

Generation:  1
Best f1_score score: 0.7706012247618673
Generation:   4%|         | 1/25 [06:53<2:45:32, 413.83s/it]WARNING THIS INDIVIDUAL CAUSED AND EXCEPTION 
 <tpot2.search_spaces.pipelines.sequential.SequentialPipelineIndividual object at 0x155474d269b0> 
 Input X contains NaN.
LinearDiscriminantAnalysis does not accept missing values encoded as NaN natively. For supervised learning, you might want to consider sklearn.ensemble.HistGradientBoostingClassifier and Regressor which accept missing values encoded as NaNs natively. Alternatively, it is possible to preprocess the data, for instance by using an imputer transformer in a pipeline or drop samples with missing values. See https://scikit-learn.org/stable/modules/impute.html You can find a list of all estimators that handle NaN values at the following page: https://scikit-learn.org/stable/modules/impute.html#estimators-that-handle-nan-values 
 Traceback (most recent call last):
  File "/common/ketrong/tpotexp/tpot2/tpot2/utils/eval_utils.py", line 53, in objective_nan_wrapper
    value = func_timeout.func_timeout(timeout, objective_function, args=[individual], kwargs=objective_kwargs)
  File "/common/ketrong/tpotexp/env/lib/python3.10/site-packages/func_timeout/dafunc.py", line 108, in func_timeout
    raise_exception(exception)
  File "/common/ketrong/tpotexp/env/lib/python3.10/site-packages/func_timeout/py3_raise.py", line 7, in raise_exception
    raise exception[0] from None
  File "/common/ketrong/tpotexp/tpot2/tpot2/tpot_estimator/estimator.py", line 623, in objective_function
    return objective_function_generator(
  File "/common/ketrong/tpotexp/tpot2/tpot2/tpot_estimator/estimator_utils.py", line 55, in objective_function_generator
    cv_obj_scores = cross_val_score_objective(sklearn.base.clone(pipeline),x,y,scorers=scorers, cv=cv , fold=step)
  File "/common/ketrong/tpotexp/tpot2/tpot2/tpot_estimator/cross_val_utils.py", line 28, in cross_val_score_objective
    this_fold_pipeline.fit(X_train,y_train)
  File "/common/ketrong/tpotexp/env/lib/python3.10/site-packages/sklearn/base.py", line 1473, in wrapper
    return fit_method(estimator, *args, **kwargs)
  File "/common/ketrong/tpotexp/env/lib/python3.10/site-packages/sklearn/pipeline.py", line 473, in fit
    self._final_estimator.fit(Xt, y, **last_step_params["fit"])
  File "/common/ketrong/tpotexp/env/lib/python3.10/site-packages/sklearn/base.py", line 1473, in wrapper
    return fit_method(estimator, *args, **kwargs)
  File "/common/ketrong/tpotexp/env/lib/python3.10/site-packages/sklearn/discriminant_analysis.py", line 589, in fit
    X, y = self._validate_data(
  File "/common/ketrong/tpotexp/env/lib/python3.10/site-packages/sklearn/base.py", line 650, in _validate_data
    X, y = check_X_y(X, y, **check_params)
  File "/common/ketrong/tpotexp/env/lib/python3.10/site-packages/sklearn/utils/validation.py", line 1301, in check_X_y
    X = check_array(
  File "/common/ketrong/tpotexp/env/lib/python3.10/site-packages/sklearn/utils/validation.py", line 1064, in check_array
    _assert_all_finite(
  File "/common/ketrong/tpotexp/env/lib/python3.10/site-packages/sklearn/utils/validation.py", line 123, in _assert_all_finite
    _assert_all_finite_element_wise(
  File "/common/ketrong/tpotexp/env/lib/python3.10/site-packages/sklearn/utils/validation.py", line 172, in _assert_all_finite_element_wise
    raise ValueError(msg_err)
ValueError: Input X contains NaN.
LinearDiscriminantAnalysis does not accept missing values encoded as NaN natively. For supervised learning, you might want to consider sklearn.ensemble.HistGradientBoostingClassifier and Regressor which accept missing values encoded as NaNs natively. Alternatively, it is possible to preprocess the data, for instance by using an imputer transformer in a pipeline or drop samples with missing values. See https://scikit-learn.org/stable/modules/impute.html You can find a list of all estimators that handle NaN values at the following page: https://scikit-learn.org/stable/modules/impute.html#estimators-that-handle-nan-values

Generation:  2
Best f1_score score: 0.7916682187376836
Generation:   8%|         | 2/25 [12:57<2:27:16, 384.18s/it]Generation:  3
Best f1_score score: 0.8027473741466565
Generation:  12%|        | 3/25 [16:29<1:51:59, 305.44s/it]Generation:  4
Best f1_score score: 0.8246634196811703
Generation:  16%|        | 4/25 [23:30<2:02:56, 351.28s/it]Generation:  5
Best f1_score score: 0.8246634196811703
Generation:  20%|        | 5/25 [26:03<1:33:15, 279.75s/it]Generation:  6
Best f1_score score: 0.8246634196811703
Generation:  24%|       | 6/25 [33:02<1:43:33, 327.01s/it]malloc(): invalid next size (unsorted)
2024-10-23 00:30:39,696 - distributed.nanny - WARNING - Restarting worker
Version 0.1.7a0 of tpot2 is outdated. Version 0.1.8a0 was released Tuesday September 17, 2024.
Generation:  7
Best f1_score score: 0.8266714599180414
Generation:  28%|       | 7/25 [41:21<1:54:59, 383.28s/it]Generation:  8
Best f1_score score: 0.8279242014704546
Generation:  32%|      | 8/25 [48:18<1:51:38, 394.01s/it]Generation:  9
Best f1_score score: 0.8279242014704546
Generation:  36%|      | 9/25 [55:18<1:47:15, 402.23s/it]Generation:  10
Best f1_score score: 0.8279242014704546
Generation:  40%|      | 10/25 [1:02:16<1:41:43, 406.92s/it]Generation:  11
Best f1_score score: 0.8279242014704546
Generation:  44%|     | 11/25 [1:09:17<1:36:01, 411.51s/it]Generation:  12
Best f1_score score: 0.8279242014704546
Generation:  48%|     | 12/25 [1:16:17<1:29:42, 414.00s/it]Generation:  13
Best f1_score score: 0.8279242014704546
Generation:  52%|    | 13/25 [1:23:14<1:22:59, 414.93s/it]Generation:  14
Best f1_score score: 0.8279242014704546
Generation:  56%|    | 14/25 [1:30:14<1:16:21, 416.47s/it]Generation:  15
Best f1_score score: 0.8279242014704546
Generation:  60%|    | 15/25 [1:37:23<1:10:01, 420.16s/it]Generation:  16
Best f1_score score: 0.8279242014704546
Generation:  64%|   | 16/25 [1:44:22<1:02:58, 419.79s/it]Generation:  17
Best f1_score score: 0.8279242014704546
Generation:  68%|   | 17/25 [1:51:24<56:03, 420.46s/it]  Generation:  18
Best f1_score score: 0.8279242014704546
Generation:  72%|  | 18/25 [1:58:20<48:54, 419.19s/it]Generation:  19
Best f1_score score: 0.8279242014704546
Generation:  76%|  | 19/25 [2:05:38<42:28, 424.82s/it]Generation:  20
Best f1_score score: 0.8279242014704546
Generation:  80%|  | 20/25 [2:14:44<38:25, 461.16s/it]Generation:  21
Best f1_score score: 0.8279242014704546
Generation:  84%| | 21/25 [2:21:52<30:05, 451.30s/it]Generation:  22
Best f1_score score: 0.8300006397910915
Generation:  88%| | 22/25 [2:28:54<22:07, 442.40s/it]Generation:  23
Best f1_score score: 0.8300006397910915
Generation:  92%|| 23/25 [2:35:53<14:30, 435.32s/it]Generation:  24
Best f1_score score: 0.8300006397910915
Generation:  96%|| 24/25 [2:42:51<07:10, 430.06s/it]Generation:  25
Best f1_score score: 0.8300006397910915
Generation: 100%|| 25/25 [2:49:52<00:00, 427.52s/it]Generation: 100%|| 25/25 [2:49:52<00:00, 407.70s/it]
2024-10-23 02:47:45,147 - distributed.scheduler - ERROR - Removing worker 'tcp://127.0.0.1:33673' caused the cluster to lose scattered data, which can't be recovered: {'DataFrame-98530788e07c319cea265d0628ef11d3', 'ndarray-b5f468972b7ffa9aa2eaa92c4caed8b0'} (stimulus_id='handle-worker-cleanup-1729676865.147416')
Fitted
Pipeline(steps=[('iterativeimputer',
                 IterativeImputer(estimator=RandomForestRegressor(),
                                  imputation_order='descending',
                                  initial_strategy='most_frequent',
                                  n_nearest_features=81)),
                ('xgbclassifier',
                 XGBClassifier(base_score=None, booster=None, callbacks=None,
                               colsample_bylevel=None, colsample_bynode=None,
                               colsample_bytree=None, device=None,
                               early_stopping_rounds=...
                               feature_types=None, gamma=0.0016331778548,
                               grow_policy=None, importance_type=None,
                               interaction_constraints=None,
                               learning_rate=0.312173265722, max_bin=None,
                               max_cat_threshold=None, max_cat_to_onehot=None,
                               max_delta_step=None, max_depth=9,
                               max_leaves=None, min_child_weight=1, missing=nan,
                               monotone_constraints=None, multi_strategy=None,
                               n_estimators=100, n_jobs=1, nthread=1,
                               num_parallel_tree=None, ...))])
transform worked
try transform
transform worked
score start
train score: {'auroc': 0.9952412759476731, 'accuracy': 0.9991057455846188, 'balanced_accuracy': 0.9807692307692308, 'logloss': 0.007086024320513556, 'f1': 0.9899672978319674}
test score: {'auroc': 0.9088276711846505, 'accuracy': 0.9848010728654448, 'balanced_accuracy': 0.7857155430381975, 'logloss': 0.06528856069346232, 'f1': 0.8152676576314}
original test score: {'auroc': 0.9004136595669776, 'accuracy': 0.9856951274027715, 'balanced_accuracy': 0.8049463122689667, 'logloss': 0.06412072579388903, 'f1': 0.8296786965128673}
score end
310
lvl
0.1
type
MNAR
num_run
1
class_full
finished
all finished
full run takes
9.273539720641242
hours
DONE
