Run: 22
/cm/local/apps/slurm/var/spool/job1039127/slurm_script: line 26: 
pip install -e tpot2
pip install -r tpot2/ImputerExperiments/requirements_.txt
: No such file or directory
RunStart
Version 0.1.7a0 of tpot2 is outdated. Version 0.1.8a0 was released Tuesday September 17, 2024.
starting loops
../data/c/901/901.pkl
working on 
../data/c/901/class_simple_MNAR_0.1_1
3.425299644470215
running experiment 1/3 - Does large hyperparameter space improve reconstruction accuracy over simple
[I 2024-11-03 15:59:16,043] A new study created in memory with name: no-name-2335a633-3787-4818-87aa-3792dd796be0
running
running
running
running
running
running
running
running
running
running
running
running
running
running
running
running
[I 2024-11-03 15:59:16,602] Trial 12 finished with value: 0.5509094780679423 and parameters: {'model_name': 'SimpleImputer', 'strategy': 'constant'}. Best is trial 12 with value: 0.5509094780679423.
[I 2024-11-03 15:59:16,716] Trial 6 finished with value: 0.5509094780679423 and parameters: {'model_name': 'SimpleImputer', 'strategy': 'constant'}. Best is trial 12 with value: 0.5509094780679423.
running
running
[I 2024-11-03 15:59:16,882] Trial 3 finished with value: 0.2791713002676446 and parameters: {'model_name': 'SimpleImputer', 'strategy': 'mean'}. Best is trial 3 with value: 0.2791713002676446.
running
[I 2024-11-03 15:59:17,017] Trial 9 finished with value: 0.5509094780679423 and parameters: {'model_name': 'SimpleImputer', 'strategy': 'constant'}. Best is trial 3 with value: 0.2791713002676446.
running
[I 2024-11-03 15:59:17,143] Trial 1 finished with value: 0.5509094780679423 and parameters: {'model_name': 'SimpleImputer', 'strategy': 'constant'}. Best is trial 3 with value: 0.2791713002676446.
[I 2024-11-03 15:59:17,239] Trial 0 finished with value: 0.2791713002676446 and parameters: {'model_name': 'SimpleImputer', 'strategy': 'mean'}. Best is trial 3 with value: 0.2791713002676446.
running
[I 2024-11-03 15:59:17,429] Trial 15 finished with value: 0.5509094780679423 and parameters: {'model_name': 'SimpleImputer', 'strategy': 'constant'}. Best is trial 3 with value: 0.2791713002676446.
running
running
[I 2024-11-03 15:59:17,573] Trial 2 finished with value: 0.5509094780679423 and parameters: {'model_name': 'SimpleImputer', 'strategy': 'constant'}. Best is trial 3 with value: 0.2791713002676446.
running
[I 2024-11-03 15:59:17,769] Trial 4 finished with value: 0.2791713002676446 and parameters: {'model_name': 'SimpleImputer', 'strategy': 'mean'}. Best is trial 3 with value: 0.2791713002676446.
running
[I 2024-11-03 15:59:17,913] Trial 13 finished with value: 0.5509094780679423 and parameters: {'model_name': 'SimpleImputer', 'strategy': 'constant'}. Best is trial 3 with value: 0.2791713002676446.
running
[I 2024-11-03 15:59:18,058] Trial 5 finished with value: 0.28029196177197807 and parameters: {'model_name': 'SimpleImputer', 'strategy': 'median'}. Best is trial 3 with value: 0.2791713002676446.
running
[I 2024-11-03 15:59:18,420] Trial 17 finished with value: 0.5509094780679423 and parameters: {'model_name': 'SimpleImputer', 'strategy': 'constant'}. Best is trial 3 with value: 0.2791713002676446.
running
[I 2024-11-03 15:59:18,526] Trial 16 finished with value: 0.5509094780679423 and parameters: {'model_name': 'SimpleImputer', 'strategy': 'constant'}. Best is trial 3 with value: 0.2791713002676446.
running
[I 2024-11-03 15:59:18,671] Trial 21 finished with value: 0.5509094780679423 and parameters: {'model_name': 'SimpleImputer', 'strategy': 'constant'}. Best is trial 3 with value: 0.2791713002676446.
[I 2024-11-03 15:59:18,780] Trial 24 finished with value: 0.5509094780679423 and parameters: {'model_name': 'SimpleImputer', 'strategy': 'constant'}. Best is trial 3 with value: 0.2791713002676446.
running
running
[I 2024-11-03 15:59:18,910] Trial 18 finished with value: 0.2791713002676446 and parameters: {'model_name': 'SimpleImputer', 'strategy': 'mean'}. Best is trial 3 with value: 0.2791713002676446.
running
[I 2024-11-03 15:59:19,130] Trial 23 finished with value: 0.5509094780679423 and parameters: {'model_name': 'SimpleImputer', 'strategy': 'constant'}. Best is trial 3 with value: 0.2791713002676446.
[I 2024-11-03 15:59:19,249] Trial 22 finished with value: 0.2791713002676446 and parameters: {'model_name': 'SimpleImputer', 'strategy': 'mean'}. Best is trial 3 with value: 0.2791713002676446.
running
running
[I 2024-11-03 15:59:19,413] Trial 7 finished with value: 0.5509094780679423 and parameters: {'model_name': 'SimpleImputer', 'strategy': 'most_frequent'}. Best is trial 3 with value: 0.2791713002676446.
running
[I 2024-11-03 15:59:19,626] Trial 19 finished with value: 0.28029196177197807 and parameters: {'model_name': 'SimpleImputer', 'strategy': 'median'}. Best is trial 3 with value: 0.2791713002676446.
running
[I 2024-11-03 15:59:19,758] Trial 26 finished with value: 0.2791713002676446 and parameters: {'model_name': 'SimpleImputer', 'strategy': 'mean'}. Best is trial 3 with value: 0.2791713002676446.
running
[I 2024-11-03 15:59:19,934] Trial 11 finished with value: 0.5509094780679423 and parameters: {'model_name': 'SimpleImputer', 'strategy': 'most_frequent'}. Best is trial 3 with value: 0.2791713002676446.
running
[I 2024-11-03 15:59:20,105] Trial 8 finished with value: 0.5509094780679423 and parameters: {'model_name': 'SimpleImputer', 'strategy': 'most_frequent'}. Best is trial 3 with value: 0.2791713002676446.
running
[I 2024-11-03 15:59:20,268] Trial 14 finished with value: 0.5509094780679423 and parameters: {'model_name': 'SimpleImputer', 'strategy': 'most_frequent'}. Best is trial 3 with value: 0.2791713002676446.
running
[I 2024-11-03 15:59:20,460] Trial 10 finished with value: 0.5509094780679423 and parameters: {'model_name': 'SimpleImputer', 'strategy': 'most_frequent'}. Best is trial 3 with value: 0.2791713002676446.
running
[I 2024-11-03 15:59:20,682] Trial 25 finished with value: 0.28029196177197807 and parameters: {'model_name': 'SimpleImputer', 'strategy': 'median'}. Best is trial 3 with value: 0.2791713002676446.
running
[I 2024-11-03 15:59:20,827] Trial 27 finished with value: 0.2791713002676446 and parameters: {'model_name': 'SimpleImputer', 'strategy': 'mean'}. Best is trial 3 with value: 0.2791713002676446.
running
[I 2024-11-03 15:59:21,095] Trial 30 finished with value: 0.2791713002676446 and parameters: {'model_name': 'SimpleImputer', 'strategy': 'mean'}. Best is trial 3 with value: 0.2791713002676446.
running
[I 2024-11-03 15:59:21,232] Trial 29 finished with value: 0.2791713002676446 and parameters: {'model_name': 'SimpleImputer', 'strategy': 'mean'}. Best is trial 3 with value: 0.2791713002676446.
[I 2024-11-03 15:59:21,337] Trial 28 finished with value: 0.2791713002676446 and parameters: {'model_name': 'SimpleImputer', 'strategy': 'mean'}. Best is trial 3 with value: 0.2791713002676446.
running
running
[I 2024-11-03 15:59:21,519] Trial 34 finished with value: 0.2791713002676446 and parameters: {'model_name': 'SimpleImputer', 'strategy': 'mean'}. Best is trial 3 with value: 0.2791713002676446.
running
[I 2024-11-03 15:59:21,684] Trial 35 finished with value: 0.2791713002676446 and parameters: {'model_name': 'SimpleImputer', 'strategy': 'mean'}. Best is trial 3 with value: 0.2791713002676446.
running
[I 2024-11-03 15:59:21,881] Trial 20 finished with value: 0.5509094780679423 and parameters: {'model_name': 'SimpleImputer', 'strategy': 'most_frequent'}. Best is trial 3 with value: 0.2791713002676446.
running
[I 2024-11-03 15:59:22,100] Trial 36 finished with value: 0.2791713002676446 and parameters: {'model_name': 'SimpleImputer', 'strategy': 'mean'}. Best is trial 3 with value: 0.2791713002676446.
running
[I 2024-11-03 15:59:22,270] Trial 37 finished with value: 0.2791713002676446 and parameters: {'model_name': 'SimpleImputer', 'strategy': 'mean'}. Best is trial 3 with value: 0.2791713002676446.
running
[I 2024-11-03 15:59:22,384] Trial 38 finished with value: 0.2791713002676446 and parameters: {'model_name': 'SimpleImputer', 'strategy': 'mean'}. Best is trial 3 with value: 0.2791713002676446.
running
[I 2024-11-03 15:59:22,610] Trial 41 finished with value: 0.2791713002676446 and parameters: {'model_name': 'SimpleImputer', 'strategy': 'mean'}. Best is trial 3 with value: 0.2791713002676446.
running
[I 2024-11-03 15:59:22,714] Trial 39 finished with value: 0.2791713002676446 and parameters: {'model_name': 'SimpleImputer', 'strategy': 'mean'}. Best is trial 3 with value: 0.2791713002676446.
running
[I 2024-11-03 15:59:22,894] Trial 40 finished with value: 0.2791713002676446 and parameters: {'model_name': 'SimpleImputer', 'strategy': 'mean'}. Best is trial 3 with value: 0.2791713002676446.
running
[I 2024-11-03 15:59:23,114] Trial 42 finished with value: 0.2791713002676446 and parameters: {'model_name': 'SimpleImputer', 'strategy': 'mean'}. Best is trial 3 with value: 0.2791713002676446.
running
[I 2024-11-03 15:59:23,282] Trial 45 finished with value: 0.2791713002676446 and parameters: {'model_name': 'SimpleImputer', 'strategy': 'mean'}. Best is trial 3 with value: 0.2791713002676446.
running
[I 2024-11-03 15:59:23,434] Trial 44 finished with value: 0.2791713002676446 and parameters: {'model_name': 'SimpleImputer', 'strategy': 'mean'}. Best is trial 3 with value: 0.2791713002676446.
running
[I 2024-11-03 15:59:23,605] Trial 43 finished with value: 0.2791713002676446 and parameters: {'model_name': 'SimpleImputer', 'strategy': 'mean'}. Best is trial 3 with value: 0.2791713002676446.
running
[I 2024-11-03 15:59:23,759] Trial 46 finished with value: 0.2791713002676446 and parameters: {'model_name': 'SimpleImputer', 'strategy': 'mean'}. Best is trial 3 with value: 0.2791713002676446.
running
[I 2024-11-03 15:59:23,890] Trial 31 finished with value: 0.5509094780679423 and parameters: {'model_name': 'SimpleImputer', 'strategy': 'most_frequent'}. Best is trial 3 with value: 0.2791713002676446.
running
[I 2024-11-03 15:59:24,019] Trial 32 finished with value: 0.5509094780679423 and parameters: {'model_name': 'SimpleImputer', 'strategy': 'most_frequent'}. Best is trial 3 with value: 0.2791713002676446.
running
[I 2024-11-03 15:59:24,133] Trial 47 finished with value: 0.2791713002676446 and parameters: {'model_name': 'SimpleImputer', 'strategy': 'mean'}. Best is trial 3 with value: 0.2791713002676446.
running
[I 2024-11-03 15:59:24,242] Trial 33 finished with value: 0.5509094780679423 and parameters: {'model_name': 'SimpleImputer', 'strategy': 'most_frequent'}. Best is trial 3 with value: 0.2791713002676446.
running
[I 2024-11-03 15:59:24,478] Trial 51 finished with value: 0.2791713002676446 and parameters: {'model_name': 'SimpleImputer', 'strategy': 'mean'}. Best is trial 3 with value: 0.2791713002676446.
[I 2024-11-03 15:59:24,584] Trial 50 finished with value: 0.2791713002676446 and parameters: {'model_name': 'SimpleImputer', 'strategy': 'mean'}. Best is trial 3 with value: 0.2791713002676446.
[I 2024-11-03 15:59:24,736] Trial 48 finished with value: 0.2791713002676446 and parameters: {'model_name': 'SimpleImputer', 'strategy': 'mean'}. Best is trial 3 with value: 0.2791713002676446.
running
running
running
[I 2024-11-03 15:59:24,922] Trial 49 finished with value: 0.2791713002676446 and parameters: {'model_name': 'SimpleImputer', 'strategy': 'mean'}. Best is trial 3 with value: 0.2791713002676446.
running
[I 2024-11-03 15:59:25,158] Trial 52 finished with value: 0.2791713002676446 and parameters: {'model_name': 'SimpleImputer', 'strategy': 'mean'}. Best is trial 3 with value: 0.2791713002676446.
running
[I 2024-11-03 15:59:25,348] Trial 53 finished with value: 0.2791713002676446 and parameters: {'model_name': 'SimpleImputer', 'strategy': 'mean'}. Best is trial 3 with value: 0.2791713002676446.
running
[I 2024-11-03 15:59:25,541] Trial 56 finished with value: 0.2791713002676446 and parameters: {'model_name': 'SimpleImputer', 'strategy': 'mean'}. Best is trial 3 with value: 0.2791713002676446.
running
[I 2024-11-03 15:59:25,714] Trial 54 finished with value: 0.28029196177197807 and parameters: {'model_name': 'SimpleImputer', 'strategy': 'median'}. Best is trial 3 with value: 0.2791713002676446.
running
[I 2024-11-03 15:59:25,932] Trial 55 finished with value: 0.28029196177197807 and parameters: {'model_name': 'SimpleImputer', 'strategy': 'median'}. Best is trial 3 with value: 0.2791713002676446.
running
[I 2024-11-03 15:59:26,184] Trial 58 finished with value: 0.28029196177197807 and parameters: {'model_name': 'SimpleImputer', 'strategy': 'median'}. Best is trial 3 with value: 0.2791713002676446.
running
[I 2024-11-03 15:59:26,356] Trial 59 finished with value: 0.28029196177197807 and parameters: {'model_name': 'SimpleImputer', 'strategy': 'median'}. Best is trial 3 with value: 0.2791713002676446.
running
[I 2024-11-03 15:59:26,537] Trial 60 finished with value: 0.28029196177197807 and parameters: {'model_name': 'SimpleImputer', 'strategy': 'median'}. Best is trial 3 with value: 0.2791713002676446.
running
[I 2024-11-03 15:59:26,738] Trial 57 finished with value: 0.28029196177197807 and parameters: {'model_name': 'SimpleImputer', 'strategy': 'median'}. Best is trial 3 with value: 0.2791713002676446.
running
[I 2024-11-03 15:59:26,871] Trial 63 finished with value: 0.28029196177197807 and parameters: {'model_name': 'SimpleImputer', 'strategy': 'median'}. Best is trial 3 with value: 0.2791713002676446.
running
[I 2024-11-03 15:59:26,999] Trial 61 finished with value: 0.28029196177197807 and parameters: {'model_name': 'SimpleImputer', 'strategy': 'median'}. Best is trial 3 with value: 0.2791713002676446.
running
[I 2024-11-03 15:59:27,193] Trial 64 finished with value: 0.28029196177197807 and parameters: {'model_name': 'SimpleImputer', 'strategy': 'median'}. Best is trial 3 with value: 0.2791713002676446.
running
[I 2024-11-03 15:59:27,390] Trial 62 finished with value: 0.28029196177197807 and parameters: {'model_name': 'SimpleImputer', 'strategy': 'median'}. Best is trial 3 with value: 0.2791713002676446.
running
[I 2024-11-03 15:59:27,582] Trial 66 finished with value: 0.28029196177197807 and parameters: {'model_name': 'SimpleImputer', 'strategy': 'median'}. Best is trial 3 with value: 0.2791713002676446.
running
[I 2024-11-03 15:59:27,708] Trial 65 finished with value: 0.28029196177197807 and parameters: {'model_name': 'SimpleImputer', 'strategy': 'median'}. Best is trial 3 with value: 0.2791713002676446.
running
[I 2024-11-03 15:59:27,951] Trial 72 finished with value: 0.2791713002676446 and parameters: {'model_name': 'SimpleImputer', 'strategy': 'mean'}. Best is trial 3 with value: 0.2791713002676446.
running
[I 2024-11-03 15:59:28,076] Trial 67 finished with value: 0.28029196177197807 and parameters: {'model_name': 'SimpleImputer', 'strategy': 'median'}. Best is trial 3 with value: 0.2791713002676446.
running
[I 2024-11-03 15:59:28,307] Trial 70 finished with value: 0.28029196177197807 and parameters: {'model_name': 'SimpleImputer', 'strategy': 'median'}. Best is trial 3 with value: 0.2791713002676446.
running
[I 2024-11-03 15:59:28,433] Trial 68 finished with value: 0.28029196177197807 and parameters: {'model_name': 'SimpleImputer', 'strategy': 'median'}. Best is trial 3 with value: 0.2791713002676446.
running
[I 2024-11-03 15:59:28,626] Trial 71 finished with value: 0.28029196177197807 and parameters: {'model_name': 'SimpleImputer', 'strategy': 'median'}. Best is trial 3 with value: 0.2791713002676446.
running
[I 2024-11-03 15:59:28,760] Trial 75 finished with value: 0.2791713002676446 and parameters: {'model_name': 'SimpleImputer', 'strategy': 'mean'}. Best is trial 3 with value: 0.2791713002676446.
running
[I 2024-11-03 15:59:28,896] Trial 74 finished with value: 0.2791713002676446 and parameters: {'model_name': 'SimpleImputer', 'strategy': 'mean'}. Best is trial 3 with value: 0.2791713002676446.
[I 2024-11-03 15:59:29,010] Trial 77 finished with value: 0.2791713002676446 and parameters: {'model_name': 'SimpleImputer', 'strategy': 'mean'}. Best is trial 3 with value: 0.2791713002676446.
running
running
[I 2024-11-03 15:59:29,137] Trial 73 finished with value: 0.2791713002676446 and parameters: {'model_name': 'SimpleImputer', 'strategy': 'mean'}. Best is trial 3 with value: 0.2791713002676446.
running
[I 2024-11-03 15:59:29,260] Trial 69 finished with value: 0.28029196177197807 and parameters: {'model_name': 'SimpleImputer', 'strategy': 'median'}. Best is trial 3 with value: 0.2791713002676446.
running
[I 2024-11-03 15:59:29,416] Trial 76 finished with value: 0.2791713002676446 and parameters: {'model_name': 'SimpleImputer', 'strategy': 'mean'}. Best is trial 3 with value: 0.2791713002676446.
running
[I 2024-11-03 15:59:29,572] Trial 80 finished with value: 0.2791713002676446 and parameters: {'model_name': 'SimpleImputer', 'strategy': 'mean'}. Best is trial 3 with value: 0.2791713002676446.
running
[I 2024-11-03 15:59:29,742] Trial 79 finished with value: 0.2791713002676446 and parameters: {'model_name': 'SimpleImputer', 'strategy': 'mean'}. Best is trial 3 with value: 0.2791713002676446.
running
[I 2024-11-03 15:59:29,898] Trial 78 finished with value: 0.2791713002676446 and parameters: {'model_name': 'SimpleImputer', 'strategy': 'mean'}. Best is trial 3 with value: 0.2791713002676446.
running
[I 2024-11-03 15:59:30,166] Trial 81 finished with value: 0.2791713002676446 and parameters: {'model_name': 'SimpleImputer', 'strategy': 'mean'}. Best is trial 3 with value: 0.2791713002676446.
running
[I 2024-11-03 15:59:30,295] Trial 82 finished with value: 0.2791713002676446 and parameters: {'model_name': 'SimpleImputer', 'strategy': 'mean'}. Best is trial 3 with value: 0.2791713002676446.
running
[I 2024-11-03 15:59:30,487] Trial 83 finished with value: 0.2791713002676446 and parameters: {'model_name': 'SimpleImputer', 'strategy': 'mean'}. Best is trial 3 with value: 0.2791713002676446.
running
[I 2024-11-03 15:59:30,639] Trial 84 finished with value: 0.2791713002676446 and parameters: {'model_name': 'SimpleImputer', 'strategy': 'mean'}. Best is trial 3 with value: 0.2791713002676446.
running
[I 2024-11-03 15:59:30,842] Trial 86 finished with value: 0.2791713002676446 and parameters: {'model_name': 'SimpleImputer', 'strategy': 'mean'}. Best is trial 3 with value: 0.2791713002676446.
[I 2024-11-03 15:59:31,012] Trial 88 finished with value: 0.2791713002676446 and parameters: {'model_name': 'SimpleImputer', 'strategy': 'mean'}. Best is trial 3 with value: 0.2791713002676446.
running
running
[I 2024-11-03 15:59:31,138] Trial 85 finished with value: 0.2791713002676446 and parameters: {'model_name': 'SimpleImputer', 'strategy': 'mean'}. Best is trial 3 with value: 0.2791713002676446.
running
[I 2024-11-03 15:59:31,271] Trial 87 finished with value: 0.2791713002676446 and parameters: {'model_name': 'SimpleImputer', 'strategy': 'mean'}. Best is trial 3 with value: 0.2791713002676446.
running
[I 2024-11-03 15:59:31,423] Trial 91 finished with value: 0.2791713002676446 and parameters: {'model_name': 'SimpleImputer', 'strategy': 'mean'}. Best is trial 3 with value: 0.2791713002676446.
[I 2024-11-03 15:59:31,526] Trial 93 finished with value: 0.2791713002676446 and parameters: {'model_name': 'SimpleImputer', 'strategy': 'mean'}. Best is trial 3 with value: 0.2791713002676446.
running
running
[I 2024-11-03 15:59:31,711] Trial 94 finished with value: 0.2791713002676446 and parameters: {'model_name': 'SimpleImputer', 'strategy': 'mean'}. Best is trial 3 with value: 0.2791713002676446.
[I 2024-11-03 15:59:31,879] Trial 92 finished with value: 0.2791713002676446 and parameters: {'model_name': 'SimpleImputer', 'strategy': 'mean'}. Best is trial 3 with value: 0.2791713002676446.
running
running
[I 2024-11-03 15:59:32,016] Trial 89 finished with value: 0.2791713002676446 and parameters: {'model_name': 'SimpleImputer', 'strategy': 'mean'}. Best is trial 3 with value: 0.2791713002676446.
[I 2024-11-03 15:59:32,185] Trial 90 finished with value: 0.2791713002676446 and parameters: {'model_name': 'SimpleImputer', 'strategy': 'mean'}. Best is trial 3 with value: 0.2791713002676446.
running
running
[I 2024-11-03 15:59:32,380] Trial 96 finished with value: 0.2791713002676446 and parameters: {'model_name': 'SimpleImputer', 'strategy': 'mean'}. Best is trial 3 with value: 0.2791713002676446.
running
[I 2024-11-03 15:59:32,655] Trial 95 finished with value: 0.2791713002676446 and parameters: {'model_name': 'SimpleImputer', 'strategy': 'mean'}. Best is trial 3 with value: 0.2791713002676446.
running
[I 2024-11-03 15:59:32,826] Trial 98 finished with value: 0.2791713002676446 and parameters: {'model_name': 'SimpleImputer', 'strategy': 'mean'}. Best is trial 3 with value: 0.2791713002676446.
[I 2024-11-03 15:59:32,950] Trial 97 finished with value: 0.2791713002676446 and parameters: {'model_name': 'SimpleImputer', 'strategy': 'mean'}. Best is trial 3 with value: 0.2791713002676446.
running
running
[I 2024-11-03 15:59:33,326] Trial 101 finished with value: 0.5509094780679423 and parameters: {'model_name': 'SimpleImputer', 'strategy': 'constant'}. Best is trial 3 with value: 0.2791713002676446.
running
[I 2024-11-03 15:59:33,575] Trial 104 finished with value: 0.5509094780679423 and parameters: {'model_name': 'SimpleImputer', 'strategy': 'constant'}. Best is trial 3 with value: 0.2791713002676446.
running
[I 2024-11-03 15:59:34,406] Trial 99 finished with value: 0.5509094780679423 and parameters: {'model_name': 'SimpleImputer', 'strategy': 'most_frequent'}. Best is trial 3 with value: 0.2791713002676446.
running
[I 2024-11-03 15:59:34,586] Trial 103 finished with value: 0.5509094780679423 and parameters: {'model_name': 'SimpleImputer', 'strategy': 'most_frequent'}. Best is trial 3 with value: 0.2791713002676446.
running
[I 2024-11-03 15:59:34,701] Trial 100 finished with value: 0.5509094780679423 and parameters: {'model_name': 'SimpleImputer', 'strategy': 'most_frequent'}. Best is trial 3 with value: 0.2791713002676446.
running
[I 2024-11-03 15:59:35,056] Trial 102 finished with value: 0.5509094780679423 and parameters: {'model_name': 'SimpleImputer', 'strategy': 'most_frequent'}. Best is trial 3 with value: 0.2791713002676446.
[I 2024-11-03 15:59:35,192] Trial 116 finished with value: 0.2791713002676446 and parameters: {'model_name': 'SimpleImputer', 'strategy': 'mean'}. Best is trial 3 with value: 0.2791713002676446.
running
running
[I 2024-11-03 15:59:35,446] Trial 106 finished with value: 0.5509094780679423 and parameters: {'model_name': 'SimpleImputer', 'strategy': 'most_frequent'}. Best is trial 3 with value: 0.2791713002676446.
running
[I 2024-11-03 15:59:35,603] Trial 110 finished with value: 0.5509094780679423 and parameters: {'model_name': 'SimpleImputer', 'strategy': 'most_frequent'}. Best is trial 3 with value: 0.2791713002676446.
[I 2024-11-03 15:59:35,746] Trial 111 finished with value: 0.5509094780679423 and parameters: {'model_name': 'SimpleImputer', 'strategy': 'most_frequent'}. Best is trial 3 with value: 0.2791713002676446.
[I 2024-11-03 15:59:35,874] Trial 108 finished with value: 0.5509094780679423 and parameters: {'model_name': 'SimpleImputer', 'strategy': 'most_frequent'}. Best is trial 3 with value: 0.2791713002676446.
running
running
running
[I 2024-11-03 15:59:36,120] Trial 105 finished with value: 0.5509094780679423 and parameters: {'model_name': 'SimpleImputer', 'strategy': 'most_frequent'}. Best is trial 3 with value: 0.2791713002676446.
running
[I 2024-11-03 15:59:36,307] Trial 112 finished with value: 0.5509094780679423 and parameters: {'model_name': 'SimpleImputer', 'strategy': 'most_frequent'}. Best is trial 3 with value: 0.2791713002676446.
running
[I 2024-11-03 15:59:36,488] Trial 107 finished with value: 0.5509094780679423 and parameters: {'model_name': 'SimpleImputer', 'strategy': 'most_frequent'}. Best is trial 3 with value: 0.2791713002676446.
[I 2024-11-03 15:59:36,624] Trial 114 finished with value: 0.5509094780679423 and parameters: {'model_name': 'SimpleImputer', 'strategy': 'most_frequent'}. Best is trial 3 with value: 0.2791713002676446.
running
running
[I 2024-11-03 15:59:36,814] Trial 115 finished with value: 0.5509094780679423 and parameters: {'model_name': 'SimpleImputer', 'strategy': 'most_frequent'}. Best is trial 3 with value: 0.2791713002676446.
running
[I 2024-11-03 15:59:36,986] Trial 109 finished with value: 0.5509094780679423 and parameters: {'model_name': 'SimpleImputer', 'strategy': 'most_frequent'}. Best is trial 3 with value: 0.2791713002676446.
running
[I 2024-11-03 15:59:37,209] Trial 118 finished with value: 0.2791713002676446 and parameters: {'model_name': 'SimpleImputer', 'strategy': 'mean'}. Best is trial 3 with value: 0.2791713002676446.
running
[I 2024-11-03 15:59:37,446] Trial 121 finished with value: 0.2791713002676446 and parameters: {'model_name': 'SimpleImputer', 'strategy': 'mean'}. Best is trial 3 with value: 0.2791713002676446.
running
[I 2024-11-03 15:59:37,587] Trial 119 finished with value: 0.2791713002676446 and parameters: {'model_name': 'SimpleImputer', 'strategy': 'mean'}. Best is trial 3 with value: 0.2791713002676446.
running
[I 2024-11-03 15:59:37,758] Trial 120 finished with value: 0.2791713002676446 and parameters: {'model_name': 'SimpleImputer', 'strategy': 'mean'}. Best is trial 3 with value: 0.2791713002676446.
running
[I 2024-11-03 15:59:37,958] Trial 113 finished with value: 0.5509094780679423 and parameters: {'model_name': 'SimpleImputer', 'strategy': 'most_frequent'}. Best is trial 3 with value: 0.2791713002676446.
running
[I 2024-11-03 15:59:38,110] Trial 124 finished with value: 0.2791713002676446 and parameters: {'model_name': 'SimpleImputer', 'strategy': 'mean'}. Best is trial 3 with value: 0.2791713002676446.
[I 2024-11-03 15:59:38,250] Trial 125 finished with value: 0.2791713002676446 and parameters: {'model_name': 'SimpleImputer', 'strategy': 'mean'}. Best is trial 3 with value: 0.2791713002676446.
running
[I 2024-11-03 15:59:38,382] Trial 123 finished with value: 0.2791713002676446 and parameters: {'model_name': 'SimpleImputer', 'strategy': 'mean'}. Best is trial 3 with value: 0.2791713002676446.
running
running
[I 2024-11-03 15:59:38,609] Trial 126 finished with value: 0.2791713002676446 and parameters: {'model_name': 'SimpleImputer', 'strategy': 'mean'}. Best is trial 3 with value: 0.2791713002676446.
running
[I 2024-11-03 15:59:38,792] Trial 122 finished with value: 0.2791713002676446 and parameters: {'model_name': 'SimpleImputer', 'strategy': 'mean'}. Best is trial 3 with value: 0.2791713002676446.
running
[I 2024-11-03 15:59:38,944] Trial 129 finished with value: 0.2791713002676446 and parameters: {'model_name': 'SimpleImputer', 'strategy': 'mean'}. Best is trial 3 with value: 0.2791713002676446.
running
[I 2024-11-03 15:59:39,128] Trial 128 finished with value: 0.2791713002676446 and parameters: {'model_name': 'SimpleImputer', 'strategy': 'mean'}. Best is trial 3 with value: 0.2791713002676446.
running
[I 2024-11-03 15:59:39,290] Trial 127 finished with value: 0.2791713002676446 and parameters: {'model_name': 'SimpleImputer', 'strategy': 'mean'}. Best is trial 3 with value: 0.2791713002676446.
running
[I 2024-11-03 15:59:39,484] Trial 130 finished with value: 0.2791713002676446 and parameters: {'model_name': 'SimpleImputer', 'strategy': 'mean'}. Best is trial 3 with value: 0.2791713002676446.
running
[I 2024-11-03 15:59:39,652] Trial 131 finished with value: 0.2791713002676446 and parameters: {'model_name': 'SimpleImputer', 'strategy': 'mean'}. Best is trial 3 with value: 0.2791713002676446.
running
[I 2024-11-03 15:59:39,853] Trial 133 finished with value: 0.2791713002676446 and parameters: {'model_name': 'SimpleImputer', 'strategy': 'mean'}. Best is trial 3 with value: 0.2791713002676446.
running
[I 2024-11-03 15:59:39,998] Trial 117 finished with value: 0.5509094780679423 and parameters: {'model_name': 'SimpleImputer', 'strategy': 'most_frequent'}. Best is trial 3 with value: 0.2791713002676446.
[I 2024-11-03 15:59:40,134] Trial 132 finished with value: 0.2791713002676446 and parameters: {'model_name': 'SimpleImputer', 'strategy': 'mean'}. Best is trial 3 with value: 0.2791713002676446.
running
running
[I 2024-11-03 15:59:40,351] Trial 136 finished with value: 0.2791713002676446 and parameters: {'model_name': 'SimpleImputer', 'strategy': 'mean'}. Best is trial 3 with value: 0.2791713002676446.
running
[I 2024-11-03 15:59:40,529] Trial 139 finished with value: 0.2791713002676446 and parameters: {'model_name': 'SimpleImputer', 'strategy': 'mean'}. Best is trial 3 with value: 0.2791713002676446.
running
[I 2024-11-03 15:59:40,668] Trial 135 finished with value: 0.2791713002676446 and parameters: {'model_name': 'SimpleImputer', 'strategy': 'mean'}. Best is trial 3 with value: 0.2791713002676446.
running
[I 2024-11-03 15:59:40,801] Trial 137 finished with value: 0.2791713002676446 and parameters: {'model_name': 'SimpleImputer', 'strategy': 'mean'}. Best is trial 3 with value: 0.2791713002676446.
running
[I 2024-11-03 15:59:40,968] Trial 138 finished with value: 0.2791713002676446 and parameters: {'model_name': 'SimpleImputer', 'strategy': 'mean'}. Best is trial 3 with value: 0.2791713002676446.
running
[I 2024-11-03 15:59:41,181] Trial 134 finished with value: 0.2791713002676446 and parameters: {'model_name': 'SimpleImputer', 'strategy': 'mean'}. Best is trial 3 with value: 0.2791713002676446.
running
[I 2024-11-03 15:59:41,416] Trial 141 finished with value: 0.2791713002676446 and parameters: {'model_name': 'SimpleImputer', 'strategy': 'mean'}. Best is trial 3 with value: 0.2791713002676446.
[I 2024-11-03 15:59:41,559] Trial 142 finished with value: 0.2791713002676446 and parameters: {'model_name': 'SimpleImputer', 'strategy': 'mean'}. Best is trial 3 with value: 0.2791713002676446.
running
running
[I 2024-11-03 15:59:41,734] Trial 145 finished with value: 0.2791713002676446 and parameters: {'model_name': 'SimpleImputer', 'strategy': 'mean'}. Best is trial 3 with value: 0.2791713002676446.
running
[I 2024-11-03 15:59:41,905] Trial 146 finished with value: 0.2791713002676446 and parameters: {'model_name': 'SimpleImputer', 'strategy': 'mean'}. Best is trial 3 with value: 0.2791713002676446.
running
[I 2024-11-03 15:59:42,059] Trial 143 finished with value: 0.2791713002676446 and parameters: {'model_name': 'SimpleImputer', 'strategy': 'mean'}. Best is trial 3 with value: 0.2791713002676446.
[I 2024-11-03 15:59:42,185] Trial 144 finished with value: 0.2791713002676446 and parameters: {'model_name': 'SimpleImputer', 'strategy': 'mean'}. Best is trial 3 with value: 0.2791713002676446.
running
running
[I 2024-11-03 15:59:42,349] Trial 140 finished with value: 0.2791713002676446 and parameters: {'model_name': 'SimpleImputer', 'strategy': 'mean'}. Best is trial 3 with value: 0.2791713002676446.
running
[I 2024-11-03 15:59:42,518] Trial 150 finished with value: 0.2791713002676446 and parameters: {'model_name': 'SimpleImputer', 'strategy': 'mean'}. Best is trial 3 with value: 0.2791713002676446.
running
[I 2024-11-03 15:59:42,755] Trial 148 finished with value: 0.2791713002676446 and parameters: {'model_name': 'SimpleImputer', 'strategy': 'mean'}. Best is trial 3 with value: 0.2791713002676446.
running
[I 2024-11-03 15:59:42,944] Trial 149 finished with value: 0.2791713002676446 and parameters: {'model_name': 'SimpleImputer', 'strategy': 'mean'}. Best is trial 3 with value: 0.2791713002676446.
[I 2024-11-03 15:59:43,058] Trial 147 finished with value: 0.2791713002676446 and parameters: {'model_name': 'SimpleImputer', 'strategy': 'mean'}. Best is trial 3 with value: 0.2791713002676446.
running
running
[I 2024-11-03 15:59:43,218] Trial 152 finished with value: 0.2791713002676446 and parameters: {'model_name': 'SimpleImputer', 'strategy': 'mean'}. Best is trial 3 with value: 0.2791713002676446.
running
[I 2024-11-03 15:59:43,378] Trial 151 finished with value: 0.2791713002676446 and parameters: {'model_name': 'SimpleImputer', 'strategy': 'mean'}. Best is trial 3 with value: 0.2791713002676446.
running
[I 2024-11-03 15:59:43,544] Trial 155 finished with value: 0.5509094780679423 and parameters: {'model_name': 'SimpleImputer', 'strategy': 'constant'}. Best is trial 3 with value: 0.2791713002676446.
running
[I 2024-11-03 15:59:43,731] Trial 153 finished with value: 0.2791713002676446 and parameters: {'model_name': 'SimpleImputer', 'strategy': 'mean'}. Best is trial 3 with value: 0.2791713002676446.
running
[I 2024-11-03 15:59:43,922] Trial 154 finished with value: 0.2791713002676446 and parameters: {'model_name': 'SimpleImputer', 'strategy': 'mean'}. Best is trial 3 with value: 0.2791713002676446.
[I 2024-11-03 15:59:44,032] Trial 162 finished with value: 0.5509094780679423 and parameters: {'model_name': 'SimpleImputer', 'strategy': 'constant'}. Best is trial 3 with value: 0.2791713002676446.
running
running
[I 2024-11-03 15:59:44,185] Trial 160 finished with value: 0.5509094780679423 and parameters: {'model_name': 'SimpleImputer', 'strategy': 'constant'}. Best is trial 3 with value: 0.2791713002676446.
[I 2024-11-03 15:59:44,338] Trial 159 finished with value: 0.2791713002676446 and parameters: {'model_name': 'SimpleImputer', 'strategy': 'mean'}. Best is trial 3 with value: 0.2791713002676446.
running
running
[I 2024-11-03 15:59:44,471] Trial 163 finished with value: 0.5509094780679423 and parameters: {'model_name': 'SimpleImputer', 'strategy': 'constant'}. Best is trial 3 with value: 0.2791713002676446.
running
[I 2024-11-03 15:59:44,595] Trial 161 finished with value: 0.5509094780679423 and parameters: {'model_name': 'SimpleImputer', 'strategy': 'constant'}. Best is trial 3 with value: 0.2791713002676446.
running
[I 2024-11-03 15:59:44,716] Trial 157 finished with value: 0.2791713002676446 and parameters: {'model_name': 'SimpleImputer', 'strategy': 'mean'}. Best is trial 3 with value: 0.2791713002676446.
running
[I 2024-11-03 15:59:44,912] Trial 164 finished with value: 0.5509094780679423 and parameters: {'model_name': 'SimpleImputer', 'strategy': 'constant'}. Best is trial 3 with value: 0.2791713002676446.
[I 2024-11-03 15:59:45,063] Trial 156 finished with value: 0.2791713002676446 and parameters: {'model_name': 'SimpleImputer', 'strategy': 'mean'}. Best is trial 3 with value: 0.2791713002676446.
running
running
[I 2024-11-03 15:59:45,231] Trial 158 finished with value: 0.2791713002676446 and parameters: {'model_name': 'SimpleImputer', 'strategy': 'mean'}. Best is trial 3 with value: 0.2791713002676446.
running
[I 2024-11-03 15:59:45,448] Trial 167 finished with value: 0.5509094780679423 and parameters: {'model_name': 'SimpleImputer', 'strategy': 'constant'}. Best is trial 3 with value: 0.2791713002676446.
running
[I 2024-11-03 15:59:45,645] Trial 165 finished with value: 0.5509094780679423 and parameters: {'model_name': 'SimpleImputer', 'strategy': 'constant'}. Best is trial 3 with value: 0.2791713002676446.
[I 2024-11-03 15:59:45,761] Trial 166 finished with value: 0.2791713002676446 and parameters: {'model_name': 'SimpleImputer', 'strategy': 'mean'}. Best is trial 3 with value: 0.2791713002676446.
running
running
[I 2024-11-03 15:59:46,054] Trial 168 finished with value: 0.2791713002676446 and parameters: {'model_name': 'SimpleImputer', 'strategy': 'mean'}. Best is trial 3 with value: 0.2791713002676446.
[I 2024-11-03 15:59:46,168] Trial 169 finished with value: 0.2791713002676446 and parameters: {'model_name': 'SimpleImputer', 'strategy': 'mean'}. Best is trial 3 with value: 0.2791713002676446.
running
running
[I 2024-11-03 15:59:46,350] Trial 171 finished with value: 0.2791713002676446 and parameters: {'model_name': 'SimpleImputer', 'strategy': 'mean'}. Best is trial 3 with value: 0.2791713002676446.
running
[I 2024-11-03 15:59:46,537] Trial 172 finished with value: 0.2791713002676446 and parameters: {'model_name': 'SimpleImputer', 'strategy': 'mean'}. Best is trial 3 with value: 0.2791713002676446.
running
[I 2024-11-03 15:59:46,665] Trial 170 finished with value: 0.2791713002676446 and parameters: {'model_name': 'SimpleImputer', 'strategy': 'mean'}. Best is trial 3 with value: 0.2791713002676446.
running
[I 2024-11-03 15:59:46,911] Trial 175 finished with value: 0.2791713002676446 and parameters: {'model_name': 'SimpleImputer', 'strategy': 'mean'}. Best is trial 3 with value: 0.2791713002676446.
running
[I 2024-11-03 15:59:47,091] Trial 173 finished with value: 0.2791713002676446 and parameters: {'model_name': 'SimpleImputer', 'strategy': 'mean'}. Best is trial 3 with value: 0.2791713002676446.
running
[I 2024-11-03 15:59:47,246] Trial 177 finished with value: 0.2791713002676446 and parameters: {'model_name': 'SimpleImputer', 'strategy': 'mean'}. Best is trial 3 with value: 0.2791713002676446.
running
[I 2024-11-03 15:59:47,445] Trial 176 finished with value: 0.2791713002676446 and parameters: {'model_name': 'SimpleImputer', 'strategy': 'mean'}. Best is trial 3 with value: 0.2791713002676446.
running
[I 2024-11-03 15:59:47,622] Trial 174 finished with value: 0.2791713002676446 and parameters: {'model_name': 'SimpleImputer', 'strategy': 'mean'}. Best is trial 3 with value: 0.2791713002676446.
[I 2024-11-03 15:59:47,747] Trial 178 finished with value: 0.2791713002676446 and parameters: {'model_name': 'SimpleImputer', 'strategy': 'mean'}. Best is trial 3 with value: 0.2791713002676446.
running
[I 2024-11-03 15:59:47,842] Trial 179 finished with value: 0.2791713002676446 and parameters: {'model_name': 'SimpleImputer', 'strategy': 'mean'}. Best is trial 3 with value: 0.2791713002676446.
running
running
[I 2024-11-03 15:59:48,051] Trial 180 finished with value: 0.2791713002676446 and parameters: {'model_name': 'SimpleImputer', 'strategy': 'mean'}. Best is trial 3 with value: 0.2791713002676446.
running
[I 2024-11-03 15:59:48,311] Trial 181 finished with value: 0.2791713002676446 and parameters: {'model_name': 'SimpleImputer', 'strategy': 'mean'}. Best is trial 3 with value: 0.2791713002676446.
running
[I 2024-11-03 15:59:48,499] Trial 184 finished with value: 0.2791713002676446 and parameters: {'model_name': 'SimpleImputer', 'strategy': 'mean'}. Best is trial 3 with value: 0.2791713002676446.
running
[I 2024-11-03 15:59:48,662] Trial 182 finished with value: 0.2791713002676446 and parameters: {'model_name': 'SimpleImputer', 'strategy': 'mean'}. Best is trial 3 with value: 0.2791713002676446.
running
[I 2024-11-03 15:59:48,835] Trial 186 finished with value: 0.2791713002676446 and parameters: {'model_name': 'SimpleImputer', 'strategy': 'mean'}. Best is trial 3 with value: 0.2791713002676446.
[I 2024-11-03 15:59:48,954] Trial 185 finished with value: 0.2791713002676446 and parameters: {'model_name': 'SimpleImputer', 'strategy': 'mean'}. Best is trial 3 with value: 0.2791713002676446.
[I 2024-11-03 15:59:49,065] Trial 183 finished with value: 0.2791713002676446 and parameters: {'model_name': 'SimpleImputer', 'strategy': 'mean'}. Best is trial 3 with value: 0.2791713002676446.
[I 2024-11-03 15:59:49,191] Trial 187 finished with value: 0.2791713002676446 and parameters: {'model_name': 'SimpleImputer', 'strategy': 'mean'}. Best is trial 3 with value: 0.2791713002676446.
[I 2024-11-03 15:59:49,396] Trial 188 finished with value: 0.2791713002676446 and parameters: {'model_name': 'SimpleImputer', 'strategy': 'mean'}. Best is trial 3 with value: 0.2791713002676446.
[I 2024-11-03 15:59:49,503] Trial 189 finished with value: 0.2791713002676446 and parameters: {'model_name': 'SimpleImputer', 'strategy': 'mean'}. Best is trial 3 with value: 0.2791713002676446.
[I 2024-11-03 15:59:49,710] Trial 194 finished with value: 0.2791713002676446 and parameters: {'model_name': 'SimpleImputer', 'strategy': 'mean'}. Best is trial 3 with value: 0.2791713002676446.
[I 2024-11-03 15:59:49,844] Trial 190 finished with value: 0.2791713002676446 and parameters: {'model_name': 'SimpleImputer', 'strategy': 'mean'}. Best is trial 3 with value: 0.2791713002676446.
[I 2024-11-03 15:59:49,976] Trial 195 finished with value: 0.2791713002676446 and parameters: {'model_name': 'SimpleImputer', 'strategy': 'mean'}. Best is trial 3 with value: 0.2791713002676446.
[I 2024-11-03 15:59:50,136] Trial 193 finished with value: 0.2791713002676446 and parameters: {'model_name': 'SimpleImputer', 'strategy': 'mean'}. Best is trial 3 with value: 0.2791713002676446.
[I 2024-11-03 15:59:50,285] Trial 191 finished with value: 0.2791713002676446 and parameters: {'model_name': 'SimpleImputer', 'strategy': 'mean'}. Best is trial 3 with value: 0.2791713002676446.
[I 2024-11-03 15:59:50,441] Trial 196 finished with value: 0.2791713002676446 and parameters: {'model_name': 'SimpleImputer', 'strategy': 'mean'}. Best is trial 3 with value: 0.2791713002676446.
[I 2024-11-03 15:59:50,599] Trial 192 finished with value: 0.2791713002676446 and parameters: {'model_name': 'SimpleImputer', 'strategy': 'mean'}. Best is trial 3 with value: 0.2791713002676446.
[I 2024-11-03 15:59:50,749] Trial 197 finished with value: 0.2791713002676446 and parameters: {'model_name': 'SimpleImputer', 'strategy': 'mean'}. Best is trial 3 with value: 0.2791713002676446.
[I 2024-11-03 15:59:50,864] Trial 199 finished with value: 0.2791713002676446 and parameters: {'model_name': 'SimpleImputer', 'strategy': 'mean'}. Best is trial 3 with value: 0.2791713002676446.
[I 2024-11-03 15:59:51,014] Trial 198 finished with value: 0.2791713002676446 and parameters: {'model_name': 'SimpleImputer', 'strategy': 'mean'}. Best is trial 3 with value: 0.2791713002676446.
fit
simple fit
simple transform
0    0
1    0
2    0
3    0
4    0
5    0
6    0
7    0
8    0
9    0
dtype: int64
0    0
1    0
2    0
3    0
4    0
5    0
6    0
7    0
8    0
9    0
dtype: int64
0.2791713002676446
{'model_name': 'SimpleImputer', 'strategy': 'mean'}
running experiment 2/3 - Does reconstruction give good automl predictions
Start est fit
Version 0.1.7a0 of tpot2 is outdated. Version 0.1.8a0 was released Tuesday September 17, 2024.
Version 0.1.7a0 of tpot2 is outdated. Version 0.1.8a0 was released Tuesday September 17, 2024.
Version 0.1.7a0 of tpot2 is outdated. Version 0.1.8a0 was released Tuesday September 17, 2024.
Version 0.1.7a0 of tpot2 is outdated. Version 0.1.8a0 was released Tuesday September 17, 2024.
Version 0.1.7a0 of tpot2 is outdated. Version 0.1.8a0 was released Tuesday September 17, 2024.
Version 0.1.7a0 of tpot2 is outdated. Version 0.1.8a0 was released Tuesday September 17, 2024.
Version 0.1.7a0 of tpot2 is outdated. Version 0.1.8a0 was released Tuesday September 17, 2024.
Version 0.1.7a0 of tpot2 is outdated. Version 0.1.8a0 was released Tuesday September 17, 2024.
Version 0.1.7a0 of tpot2 is outdated. Version 0.1.8a0 was released Tuesday September 17, 2024.
Version 0.1.7a0 of tpot2 is outdated. Version 0.1.8a0 was released Tuesday September 17, 2024.
Version 0.1.7a0 of tpot2 is outdated. Version 0.1.8a0 was released Tuesday September 17, 2024.
Version 0.1.7a0 of tpot2 is outdated. Version 0.1.8a0 was released Tuesday September 17, 2024.
Version 0.1.7a0 of tpot2 is outdated. Version 0.1.8a0 was released Tuesday September 17, 2024.
Version 0.1.7a0 of tpot2 is outdated. Version 0.1.8a0 was released Tuesday September 17, 2024.
Version 0.1.7a0 of tpot2 is outdated. Version 0.1.8a0 was released Tuesday September 17, 2024.
Version 0.1.7a0 of tpot2 is outdated. Version 0.1.8a0 was released Tuesday September 17, 2024.
  0%|          | 0/25 [00:00<?, ?it/s]Generation:   0%|          | 0/25 [00:00<?, ?it/s]Generation:  1
Best f1_score score: 0.8833496737107485
Generation:   4%|▍         | 1/25 [04:11<1:40:27, 251.14s/it]Generation:  2
Best f1_score score: 0.8838723693246939
Generation:   8%|▊         | 2/25 [04:32<44:23, 115.82s/it]  Generation:  3
Best f1_score score: 0.8838723693246939
Generation:  12%|█▏        | 3/25 [12:09<1:39:41, 271.90s/it]Generation:  4
Best f1_score score: 0.8838723693246939
Generation:  16%|█▌        | 4/25 [12:53<1:03:35, 181.68s/it]Generation:  5
Best f1_score score: 0.8838723693246939
Generation:  20%|██        | 5/25 [17:57<1:15:21, 226.05s/it]Generation:  6
Best f1_score score: 0.8838723693246939
Generation:  24%|██▍       | 6/25 [18:28<50:30, 159.50s/it]  Generation:  7
Best f1_score score: 0.8838723693246939
Generation:  28%|██▊       | 7/25 [20:46<45:47, 152.66s/it]Generation:  8
Best f1_score score: 0.8838723693246939
Generation:  32%|███▏      | 8/25 [21:20<32:28, 114.65s/it]Generation:  9
Best f1_score score: 0.8838723693246939
Generation:  36%|███▌      | 9/25 [23:36<32:23, 121.48s/it]Generation:  10
Best f1_score score: 0.8838723693246939
Generation:  40%|████      | 10/25 [26:02<32:14, 128.99s/it]Generation:  11
Best f1_score score: 0.8838723693246939
Generation:  44%|████▍     | 11/25 [28:32<31:34, 135.33s/it]Generation:  12
Best f1_score score: 0.8838723693246939
Generation:  48%|████▊     | 12/25 [29:22<23:44, 109.54s/it]Generation:  13
Best f1_score score: 0.8838723693246939
Generation:  52%|█████▏    | 13/25 [31:28<22:54, 114.52s/it]Generation:  14
Best f1_score score: 0.8838723693246939
Generation:  56%|█████▌    | 14/25 [33:36<21:43, 118.51s/it]Generation:  15
Best f1_score score: 0.8838723693246939
Generation:  60%|██████    | 15/25 [35:02<18:08, 108.88s/it]Generation:  16
Best f1_score score: 0.8838723693246939
Generation:  64%|██████▍   | 16/25 [36:53<16:24, 109.39s/it]Generation:  17
Best f1_score score: 0.8838723693246939
Generation:  68%|██████▊   | 17/25 [41:03<20:14, 151.77s/it]Generation:  18
Best f1_score score: 0.8838723693246939
Generation:  72%|███████▏  | 18/25 [42:42<15:51, 135.95s/it]WARNING AN INDIVIDUAL TIMED OUT: 
 <tpot2.search_spaces.pipelines.sequential.SequentialPipelineIndividual object at 0x15545d548d00> 

Generation:  19
Best f1_score score: 0.8838723693246939
Generation:  76%|███████▌  | 19/25 [52:55<27:54, 279.06s/it]Generation:  20
Best f1_score score: 0.8838723693246939
Generation:  80%|████████  | 20/25 [53:48<17:36, 211.25s/it]WARNING AN INDIVIDUAL TIMED OUT: 
 <tpot2.search_spaces.pipelines.sequential.SequentialPipelineIndividual object at 0x15546759da50> 

Generation:  21
Best f1_score score: 0.8838723693246939
Generation:  84%|████████▍ | 21/25 [1:04:01<22:06, 331.69s/it]Generation:  22
Best f1_score score: 0.8838723693246939
Generation:  88%|████████▊ | 22/25 [1:05:04<12:33, 251.13s/it]WARNING AN INDIVIDUAL TIMED OUT: 
 <tpot2.search_spaces.pipelines.sequential.SequentialPipelineIndividual object at 0x15545fc8df90> 

Generation:  23
Best f1_score score: 0.8838723693246939
Generation:  92%|█████████▏| 23/25 [1:15:18<12:00, 360.11s/it]Generation:  24
Best f1_score score: 0.8838723693246939
Generation:  96%|█████████▌| 24/25 [1:16:17<04:29, 269.69s/it]Generation:  25
Best f1_score score: 0.8838723693246939
Generation: 100%|██████████| 25/25 [1:17:11<00:00, 204.95s/it]Generation: 100%|██████████| 25/25 [1:17:14<00:00, 185.40s/it]
2024-11-03 17:17:12,166 - distributed.scheduler - ERROR - Removing worker 'tcp://127.0.0.1:44825' caused the cluster to lose scattered data, which can't be recovered: {'ndarray-08c8ed8aa687fa48f9d59f0f6ceddd1a', 'ndarray-c3745fbc00250b45723508a57453c1bd'} (stimulus_id='handle-worker-cleanup-1730683032.1666353')
Fitted
Pipeline(steps=[('lgbmclassifier',
                 LGBMClassifier(boosting_type='goss', class_weight='balanced',
                                max_depth=7, n_estimators=90, n_jobs=1,
                                num_leaves=26, verbose=-1))])
score start
train score: {'auroc': 0.9680981131965067, 'accuracy': 0.9023732139571963, 'balanced_accuracy': 0.9023571907053001, 'logloss': 0.23698715817164964, 'f1': 0.902364278643716}
original test score: {'auroc': 0.9831584911617529, 'accuracy': 0.9269070394898209, 'balanced_accuracy': 0.9269093905803976, 'logloss': 0.18938209064257908, 'f1': 0.9269069691316516}
imputed test score: {'auroc': 0.9542856486234261, 'accuracy': 0.8815305371596762, 'balanced_accuracy': 0.881521838005016, 'logloss': 0.2746856429793582, 'f1': 0.8815264316930156}
score end
check intended
EXP2 Finished
running experiment 3/3 - What is the best automl settings?
<tpot2.search_spaces.pipelines.sequential.SequentialPipeline object at 0x15543504f9d0>
Start tpot fit
Version 0.1.7a0 of tpot2 is outdated. Version 0.1.8a0 was released Tuesday September 17, 2024.
Version 0.1.7a0 of tpot2 is outdated. Version 0.1.8a0 was released Tuesday September 17, 2024.
Version 0.1.7a0 of tpot2 is outdated. Version 0.1.8a0 was released Tuesday September 17, 2024.
Version 0.1.7a0 of tpot2 is outdated. Version 0.1.8a0 was released Tuesday September 17, 2024.
Version 0.1.7a0 of tpot2 is outdated. Version 0.1.8a0 was released Tuesday September 17, 2024.
Version 0.1.7a0 of tpot2 is outdated. Version 0.1.8a0 was released Tuesday September 17, 2024.
Version 0.1.7a0 of tpot2 is outdated. Version 0.1.8a0 was released Tuesday September 17, 2024.
Version 0.1.7a0 of tpot2 is outdated. Version 0.1.8a0 was released Tuesday September 17, 2024.
Version 0.1.7a0 of tpot2 is outdated. Version 0.1.8a0 was released Tuesday September 17, 2024.
Version 0.1.7a0 of tpot2 is outdated. Version 0.1.8a0 was released Tuesday September 17, 2024.
Version 0.1.7a0 of tpot2 is outdated. Version 0.1.8a0 was released Tuesday September 17, 2024.
Version 0.1.7a0 of tpot2 is outdated. Version 0.1.8a0 was released Tuesday September 17, 2024.
Version 0.1.7a0 of tpot2 is outdated. Version 0.1.8a0 was released Tuesday September 17, 2024.
Version 0.1.7a0 of tpot2 is outdated. Version 0.1.8a0 was released Tuesday September 17, 2024.
Version 0.1.7a0 of tpot2 is outdated. Version 0.1.8a0 was released Tuesday September 17, 2024.
Version 0.1.7a0 of tpot2 is outdated. Version 0.1.8a0 was released Tuesday September 17, 2024.
  0%|          | 0/25 [00:00<?, ?it/s]Generation:   0%|          | 0/25 [00:00<?, ?it/s]Generation:  1
Best f1_score score: 0.8820545152288141
Generation:   4%|▍         | 1/25 [03:53<1:33:31, 233.82s/it]Generation:  2
Best f1_score score: 0.8820545152288141
Generation:   8%|▊         | 2/25 [13:28<2:46:33, 434.50s/it]WARNING AN INDIVIDUAL TIMED OUT: 
 <tpot2.search_spaces.pipelines.sequential.SequentialPipelineIndividual object at 0x155474717dc0> 

Generation:  3
Best f1_score score: 0.882327329162812
Generation:  12%|█▏        | 3/25 [23:32<3:07:36, 511.66s/it]Generation:  4
Best f1_score score: 0.882327329162812
Generation:  16%|█▌        | 4/25 [32:16<3:00:45, 516.43s/it]WARNING AN INDIVIDUAL TIMED OUT: 
 <tpot2.search_spaces.pipelines.sequential.SequentialPipelineIndividual object at 0x155467e5d2d0> 

Generation:  5
Best f1_score score: 0.882327329162812
Generation:  20%|██        | 5/25 [42:18<3:02:30, 547.53s/it]WARNING AN INDIVIDUAL TIMED OUT: 
 <tpot2.search_spaces.pipelines.sequential.SequentialPipelineIndividual object at 0x15546749ac50> 

WARNING AN INDIVIDUAL TIMED OUT: 
 <tpot2.search_spaces.pipelines.sequential.SequentialPipelineIndividual object at 0x1554746fa860> 

WARNING AN INDIVIDUAL TIMED OUT: 
 <tpot2.search_spaces.pipelines.sequential.SequentialPipelineIndividual object at 0x155467137f70> 

WARNING AN INDIVIDUAL TIMED OUT: 
 <tpot2.search_spaces.pipelines.sequential.SequentialPipelineIndividual object at 0x155467f285b0> 

Generation:  6
Best f1_score score: 0.882327329162812
Generation:  24%|██▍       | 6/25 [52:22<2:59:26, 566.63s/it]WARNING AN INDIVIDUAL TIMED OUT: 
 <tpot2.search_spaces.pipelines.sequential.SequentialPipelineIndividual object at 0x155467dfe410> 

Generation:  7
Best f1_score score: 0.882327329162812
Generation:  28%|██▊       | 7/25 [1:02:27<2:53:44, 579.12s/it]WARNING AN INDIVIDUAL TIMED OUT: 
 <tpot2.search_spaces.pipelines.sequential.SequentialPipelineIndividual object at 0x155467f282b0> 

Generation:  8
Best f1_score score: 0.882327329162812
Generation:  32%|███▏      | 8/25 [1:12:31<2:46:19, 587.04s/it]WARNING AN INDIVIDUAL TIMED OUT: 
 <tpot2.search_spaces.pipelines.sequential.SequentialPipelineIndividual object at 0x155467184c40> 

WARNING AN INDIVIDUAL TIMED OUT: 
 <tpot2.search_spaces.pipelines.sequential.SequentialPipelineIndividual object at 0x155467cda7a0> 

Generation:  9
Best f1_score score: 0.882327329162812
Generation:  36%|███▌      | 9/25 [1:22:35<2:37:59, 592.49s/it]WARNING AN INDIVIDUAL TIMED OUT: 
 <tpot2.search_spaces.pipelines.sequential.SequentialPipelineIndividual object at 0x155467486dd0> 

WARNING AN INDIVIDUAL TIMED OUT: 
 <tpot2.search_spaces.pipelines.sequential.SequentialPipelineIndividual object at 0x155467186b90> 

WARNING AN INDIVIDUAL TIMED OUT: 
 <tpot2.search_spaces.pipelines.sequential.SequentialPipelineIndividual object at 0x155464dcb220> 

Generation:  10
Best f1_score score: 0.8823603680870047
Generation:  40%|████      | 10/25 [1:32:40<2:29:03, 596.21s/it]WARNING AN INDIVIDUAL TIMED OUT: 
 <tpot2.search_spaces.pipelines.sequential.SequentialPipelineIndividual object at 0x155464de3970> 

Generation:  11
Best f1_score score: 0.8823603680870047
Generation:  44%|████▍     | 11/25 [1:42:43<2:19:35, 598.25s/it]Generation:  12
Best f1_score score: 0.8832974771043676
Generation:  48%|████▊     | 12/25 [1:51:16<2:04:02, 572.52s/it]WARNING AN INDIVIDUAL TIMED OUT: 
 <tpot2.search_spaces.pipelines.sequential.SequentialPipelineIndividual object at 0x155467116e00> 

Generation:  13
Best f1_score score: 0.8832974771043676
Generation:  52%|█████▏    | 13/25 [2:01:20<1:56:21, 581.82s/it]WARNING AN INDIVIDUAL TIMED OUT: 
 <tpot2.search_spaces.pipelines.sequential.SequentialPipelineIndividual object at 0x15545bf42f50> 

WARNING AN INDIVIDUAL TIMED OUT: 
 <tpot2.search_spaces.pipelines.sequential.SequentialPipelineIndividual object at 0x155464fe6e30> 

Generation:  14
Best f1_score score: 0.88481810321626
Generation:  56%|█████▌    | 14/25 [2:11:25<1:47:58, 588.92s/it]WARNING AN INDIVIDUAL TIMED OUT: 
 <tpot2.search_spaces.pipelines.sequential.SequentialPipelineIndividual object at 0x15545b9da1a0> 

WARNING AN INDIVIDUAL TIMED OUT: 
 <tpot2.search_spaces.pipelines.sequential.SequentialPipelineIndividual object at 0x155467e65360> 

Generation:  15
Best f1_score score: 0.88481810321626
Generation:  60%|██████    | 15/25 [2:21:31<1:39:00, 594.01s/it]WARNING AN INDIVIDUAL TIMED OUT: 
 <tpot2.search_spaces.pipelines.sequential.SequentialPipelineIndividual object at 0x15546795ab60> 

WARNING AN INDIVIDUAL TIMED OUT: 
 <tpot2.search_spaces.pipelines.sequential.SequentialPipelineIndividual object at 0x1554647f31f0> 

Generation:  16
Best f1_score score: 0.88481810321626
Generation:  64%|██████▍   | 16/25 [2:31:35<1:29:33, 597.03s/it]Generation:  17
Best f1_score score: 0.88481810321626
Generation:  68%|██████▊   | 17/25 [2:38:05<1:11:19, 534.98s/it]WARNING AN INDIVIDUAL TIMED OUT: 
 <tpot2.search_spaces.pipelines.sequential.SequentialPipelineIndividual object at 0x1554746a6fb0> 

Generation:  18
Best f1_score score: 0.8850626073392942
Generation:  72%|███████▏  | 18/25 [2:48:09<1:04:49, 555.60s/it]WARNING AN INDIVIDUAL TIMED OUT: 
 <tpot2.search_spaces.pipelines.sequential.SequentialPipelineIndividual object at 0x1554670fdb70> 

WARNING AN INDIVIDUAL TIMED OUT: 
 <tpot2.search_spaces.pipelines.sequential.SequentialPipelineIndividual object at 0x155467e7c100> 

Generation:  19
Best f1_score score: 0.8850626073392942
Generation:  76%|███████▌  | 19/25 [2:58:13<57:00, 570.10s/it]  WARNING AN INDIVIDUAL TIMED OUT: 
 <tpot2.search_spaces.pipelines.sequential.SequentialPipelineIndividual object at 0x155467e8e7d0> 

WARNING AN INDIVIDUAL TIMED OUT: 
 <tpot2.search_spaces.pipelines.sequential.SequentialPipelineIndividual object at 0x155467227190> 

WARNING AN INDIVIDUAL TIMED OUT: 
 <tpot2.search_spaces.pipelines.sequential.SequentialPipelineIndividual object at 0x1554647de140> 

Generation:  20
Best f1_score score: 0.8850626073392942
Generation:  80%|████████  | 20/25 [3:08:19<48:24, 580.84s/it]WARNING AN INDIVIDUAL TIMED OUT: 
 <tpot2.search_spaces.pipelines.sequential.SequentialPipelineIndividual object at 0x155464cc1b40> 

WARNING AN INDIVIDUAL TIMED OUT: 
 <tpot2.search_spaces.pipelines.sequential.SequentialPipelineIndividual object at 0x155467dad1e0> 

WARNING AN INDIVIDUAL TIMED OUT: 
 <tpot2.search_spaces.pipelines.sequential.SequentialPipelineIndividual object at 0x155467de3c40> 

WARNING AN INDIVIDUAL TIMED OUT: 
 <tpot2.search_spaces.pipelines.sequential.SequentialPipelineIndividual object at 0x155464a25660> 

WARNING AN INDIVIDUAL TIMED OUT: 
 <tpot2.search_spaces.pipelines.sequential.SequentialPipelineIndividual object at 0x155466f68ac0> 

Generation:  21
Best f1_score score: 0.8850626073392942
Generation:  84%|████████▍ | 21/25 [3:18:23<39:11, 587.92s/it]WARNING AN INDIVIDUAL TIMED OUT: 
 <tpot2.search_spaces.pipelines.sequential.SequentialPipelineIndividual object at 0x155467137040> 

WARNING AN INDIVIDUAL TIMED OUT: 
 <tpot2.search_spaces.pipelines.sequential.SequentialPipelineIndividual object at 0x1554647c09a0> 

WARNING AN INDIVIDUAL TIMED OUT: 
 <tpot2.search_spaces.pipelines.sequential.SequentialPipelineIndividual object at 0x155467a5b100> 

WARNING AN INDIVIDUAL TIMED OUT: 
 <tpot2.search_spaces.pipelines.sequential.SequentialPipelineIndividual object at 0x155467798190> 

Generation:  22
Best f1_score score: 0.8850626073392942
Generation:  88%|████████▊ | 22/25 [3:28:29<29:40, 593.43s/it]WARNING AN INDIVIDUAL TIMED OUT: 
 <tpot2.search_spaces.pipelines.sequential.SequentialPipelineIndividual object at 0x155467f29420> 

WARNING AN INDIVIDUAL TIMED OUT: 
 <tpot2.search_spaces.pipelines.sequential.SequentialPipelineIndividual object at 0x155467cdb5b0> 

Generation:  23
Best f1_score score: 0.8850626073392942
Generation:  92%|█████████▏| 23/25 [3:38:34<19:53, 596.88s/it]WARNING AN INDIVIDUAL TIMED OUT: 
 <tpot2.search_spaces.pipelines.sequential.SequentialPipelineIndividual object at 0x1554746fba00> 

WARNING AN INDIVIDUAL TIMED OUT: 
 <tpot2.search_spaces.pipelines.sequential.SequentialPipelineIndividual object at 0x155467bcfdf0> 

Generation:  24
Best f1_score score: 0.8850626073392942
Generation:  96%|█████████▌| 24/25 [3:48:41<09:59, 599.67s/it]WARNING AN INDIVIDUAL TIMED OUT: 
 <tpot2.search_spaces.pipelines.sequential.SequentialPipelineIndividual object at 0x1554646c5840> 

WARNING AN INDIVIDUAL TIMED OUT: 
 <tpot2.search_spaces.pipelines.sequential.SequentialPipelineIndividual object at 0x155467a77e20> 

WARNING AN INDIVIDUAL TIMED OUT: 
 <tpot2.search_spaces.pipelines.sequential.SequentialPipelineIndividual object at 0x155466f56d70> 

WARNING AN INDIVIDUAL TIMED OUT: 
 <tpot2.search_spaces.pipelines.sequential.SequentialPipelineIndividual object at 0x155464a64f40> 

Generation:  25
Best f1_score score: 0.8850626073392942
Generation: 100%|██████████| 25/25 [3:58:46<00:00, 601.30s/it]Generation: 100%|██████████| 25/25 [3:58:46<00:00, 573.05s/it]
2024-11-03 21:17:32,568 - distributed.scheduler - ERROR - Removing worker 'tcp://127.0.0.1:41339' caused the cluster to lose scattered data, which can't be recovered: {'DataFrame-ba85c7e2a8ba848e1a91f8924426565c', 'ndarray-c3745fbc00250b45723508a57453c1bd'} (stimulus_id='handle-worker-cleanup-1730697452.5684538')
Fitted
Pipeline(steps=[('simpleimputer', SimpleImputer(strategy='median')),
                ('mlpclassifier',
                 MLPClassifier(activation='tanh', alpha=0.0002309189243,
                               hidden_layer_sizes=[153, 153, 153],
                               learning_rate='adaptive',
                               learning_rate_init=0.000104525264,
                               n_iter_no_change=32))])
transform worked
try transform
transform worked
score start
train score: {'auroc': 0.9567204090938223, 'accuracy': 0.8889127368614705, 'balanced_accuracy': 0.8888670556427902, 'logloss': 0.26657770373295886, 'f1': 0.8888499736957232}
test score: {'auroc': 0.952136729923171, 'accuracy': 0.8849644346333088, 'balanced_accuracy': 0.8849259721301748, 'logloss': 0.280327113590951, 'f1': 0.8849212262531652}
original test score: {'auroc': 0.9866580418735631, 'accuracy': 0.9354917831739024, 'balanced_accuracy': 0.9354698105770188, 'logloss': 0.1723897305260028, 'f1': 0.935482463761907}
score end
901
lvl
0.1
type
MNAR
num_run
1
class_simple
finished
all finished
full run takes
5.30858642246988
hours
DONE
