Run: 20
/cm/local/apps/slurm/var/spool/job965905/slurm_script: line 26: 
pip install -e tpot2
pip install -r tpot2/ImputerExperiments/requirements_.txt
: No such file or directory
RunStart
Version 0.1.7a0 of tpot2 is outdated. Version 0.1.8a0 was released 4 days ago.
starting loops
../data/c/30/30.pkl
working on 
../data/c/30/class_simple_MAR_0.5_1
3.7368669509887695
running experiment 1/3 - Does large hyperparameter space improve reconstruction accuracy over simple
[I 2024-09-21 18:50:00,885] A new study created in memory with name: no-name-8e9ce665-3ba3-4b84-8009-adee9b628dcd
running
running
running
running
running
running
running
running
running
running
running
running
running
running
running
running
[I 2024-09-21 18:50:01,278] Trial 9 finished with value: 0.43404485676838467 and parameters: {'model_name': 'SimpleImputer', 'strategy': 'constant'}. Best is trial 9 with value: 0.43404485676838467.
running
[I 2024-09-21 18:50:01,409] Trial 10 finished with value: 0.43404485676838467 and parameters: {'model_name': 'SimpleImputer', 'strategy': 'constant'}. Best is trial 9 with value: 0.43404485676838467.
running
[I 2024-09-21 18:50:01,633] Trial 13 finished with value: 0.20023613615631475 and parameters: {'model_name': 'SimpleImputer', 'strategy': 'mean'}. Best is trial 13 with value: 0.20023613615631475.
running
[I 2024-09-21 18:50:01,792] Trial 5 finished with value: 0.22086370303431996 and parameters: {'model_name': 'SimpleImputer', 'strategy': 'median'}. Best is trial 13 with value: 0.20023613615631475.
running
[I 2024-09-21 18:50:01,937] Trial 4 finished with value: 0.22086370303431996 and parameters: {'model_name': 'SimpleImputer', 'strategy': 'median'}. Best is trial 13 with value: 0.20023613615631475.
running
[I 2024-09-21 18:50:02,058] Trial 12 finished with value: 0.22086370303431996 and parameters: {'model_name': 'SimpleImputer', 'strategy': 'median'}. Best is trial 13 with value: 0.20023613615631475.
running
[I 2024-09-21 18:50:02,249] Trial 17 finished with value: 0.20023613615631475 and parameters: {'model_name': 'SimpleImputer', 'strategy': 'mean'}. Best is trial 13 with value: 0.20023613615631475.
running
[I 2024-09-21 18:50:02,378] Trial 18 finished with value: 0.43404485676838467 and parameters: {'model_name': 'SimpleImputer', 'strategy': 'constant'}. Best is trial 13 with value: 0.20023613615631475.
running
[I 2024-09-21 18:50:02,627] Trial 21 finished with value: 0.43404485676838467 and parameters: {'model_name': 'SimpleImputer', 'strategy': 'constant'}. Best is trial 13 with value: 0.20023613615631475.
running
[I 2024-09-21 18:50:02,798] Trial 1 finished with value: 0.2546454842334395 and parameters: {'model_name': 'SimpleImputer', 'strategy': 'most_frequent'}. Best is trial 13 with value: 0.20023613615631475.
running
[I 2024-09-21 18:50:02,897] Trial 8 finished with value: 0.2546454842334395 and parameters: {'model_name': 'SimpleImputer', 'strategy': 'most_frequent'}. Best is trial 13 with value: 0.20023613615631475.
[I 2024-09-21 18:50:02,983] Trial 0 finished with value: 0.2546454842334395 and parameters: {'model_name': 'SimpleImputer', 'strategy': 'most_frequent'}. Best is trial 13 with value: 0.20023613615631475.
[I 2024-09-21 18:50:03,063] Trial 20 finished with value: 0.20023613615631475 and parameters: {'model_name': 'SimpleImputer', 'strategy': 'mean'}. Best is trial 13 with value: 0.20023613615631475.
running
running
[I 2024-09-21 18:50:03,181] Trial 16 finished with value: 0.22086370303431996 and parameters: {'model_name': 'SimpleImputer', 'strategy': 'median'}. Best is trial 13 with value: 0.20023613615631475.
running
[I 2024-09-21 18:50:03,267] Trial 3 finished with value: 0.2546454842334395 and parameters: {'model_name': 'SimpleImputer', 'strategy': 'most_frequent'}. Best is trial 13 with value: 0.20023613615631475.
running
running
[I 2024-09-21 18:50:03,388] Trial 2 finished with value: 0.2546454842334395 and parameters: {'model_name': 'SimpleImputer', 'strategy': 'most_frequent'}. Best is trial 13 with value: 0.20023613615631475.
[I 2024-09-21 18:50:03,475] Trial 11 finished with value: 0.2546454842334395 and parameters: {'model_name': 'SimpleImputer', 'strategy': 'most_frequent'}. Best is trial 13 with value: 0.20023613615631475.
running
[I 2024-09-21 18:50:03,572] Trial 23 finished with value: 0.43404485676838467 and parameters: {'model_name': 'SimpleImputer', 'strategy': 'constant'}. Best is trial 13 with value: 0.20023613615631475.
running
running
[I 2024-09-21 18:50:03,806] Trial 14 finished with value: 0.2546454842334395 and parameters: {'model_name': 'SimpleImputer', 'strategy': 'most_frequent'}. Best is trial 13 with value: 0.20023613615631475.
running
[I 2024-09-21 18:50:03,920] Trial 25 finished with value: 0.20023613615631475 and parameters: {'model_name': 'SimpleImputer', 'strategy': 'mean'}. Best is trial 13 with value: 0.20023613615631475.
running
[I 2024-09-21 18:50:04,044] Trial 26 finished with value: 0.20023613615631475 and parameters: {'model_name': 'SimpleImputer', 'strategy': 'mean'}. Best is trial 13 with value: 0.20023613615631475.
[I 2024-09-21 18:50:04,129] Trial 6 finished with value: 0.2546454842334395 and parameters: {'model_name': 'SimpleImputer', 'strategy': 'most_frequent'}. Best is trial 13 with value: 0.20023613615631475.
running
[I 2024-09-21 18:50:04,228] Trial 7 finished with value: 0.2546454842334395 and parameters: {'model_name': 'SimpleImputer', 'strategy': 'most_frequent'}. Best is trial 13 with value: 0.20023613615631475.
running
[I 2024-09-21 18:50:04,355] Trial 27 finished with value: 0.20023613615631475 and parameters: {'model_name': 'SimpleImputer', 'strategy': 'mean'}. Best is trial 13 with value: 0.20023613615631475.
running
[I 2024-09-21 18:50:04,444] Trial 28 finished with value: 0.20023613615631475 and parameters: {'model_name': 'SimpleImputer', 'strategy': 'mean'}. Best is trial 13 with value: 0.20023613615631475.
[I 2024-09-21 18:50:04,522] Trial 29 finished with value: 0.20023613615631475 and parameters: {'model_name': 'SimpleImputer', 'strategy': 'mean'}. Best is trial 13 with value: 0.20023613615631475.
running
running
running
[I 2024-09-21 18:50:04,630] Trial 22 finished with value: 0.22086370303431996 and parameters: {'model_name': 'SimpleImputer', 'strategy': 'median'}. Best is trial 13 with value: 0.20023613615631475.
[I 2024-09-21 18:50:04,709] Trial 15 finished with value: 0.2546454842334395 and parameters: {'model_name': 'SimpleImputer', 'strategy': 'most_frequent'}. Best is trial 13 with value: 0.20023613615631475.
[I 2024-09-21 18:50:04,815] Trial 31 finished with value: 0.20023613615631475 and parameters: {'model_name': 'SimpleImputer', 'strategy': 'mean'}. Best is trial 13 with value: 0.20023613615631475.
running
running
running
[I 2024-09-21 18:50:04,994] Trial 24 finished with value: 0.22086370303431996 and parameters: {'model_name': 'SimpleImputer', 'strategy': 'median'}. Best is trial 13 with value: 0.20023613615631475.
running
[I 2024-09-21 18:50:05,142] Trial 32 finished with value: 0.20023613615631475 and parameters: {'model_name': 'SimpleImputer', 'strategy': 'mean'}. Best is trial 13 with value: 0.20023613615631475.
[I 2024-09-21 18:50:05,229] Trial 30 finished with value: 0.20023613615631475 and parameters: {'model_name': 'SimpleImputer', 'strategy': 'mean'}. Best is trial 13 with value: 0.20023613615631475.
running
[I 2024-09-21 18:50:05,321] Trial 34 finished with value: 0.20023613615631475 and parameters: {'model_name': 'SimpleImputer', 'strategy': 'mean'}. Best is trial 13 with value: 0.20023613615631475.
[I 2024-09-21 18:50:05,400] Trial 19 finished with value: 0.2546454842334395 and parameters: {'model_name': 'SimpleImputer', 'strategy': 'most_frequent'}. Best is trial 13 with value: 0.20023613615631475.
running
[I 2024-09-21 18:50:05,515] Trial 33 finished with value: 0.20023613615631475 and parameters: {'model_name': 'SimpleImputer', 'strategy': 'mean'}. Best is trial 13 with value: 0.20023613615631475.
running
running
running
[I 2024-09-21 18:50:05,619] Trial 35 finished with value: 0.20023613615631475 and parameters: {'model_name': 'SimpleImputer', 'strategy': 'mean'}. Best is trial 13 with value: 0.20023613615631475.
running
[I 2024-09-21 18:50:05,755] Trial 37 finished with value: 0.20023613615631475 and parameters: {'model_name': 'SimpleImputer', 'strategy': 'mean'}. Best is trial 13 with value: 0.20023613615631475.
[I 2024-09-21 18:50:05,847] Trial 36 finished with value: 0.20023613615631475 and parameters: {'model_name': 'SimpleImputer', 'strategy': 'mean'}. Best is trial 13 with value: 0.20023613615631475.
running
[I 2024-09-21 18:50:05,971] Trial 40 finished with value: 0.20023613615631475 and parameters: {'model_name': 'SimpleImputer', 'strategy': 'mean'}. Best is trial 13 with value: 0.20023613615631475.
running
[I 2024-09-21 18:50:06,054] Trial 41 finished with value: 0.20023613615631475 and parameters: {'model_name': 'SimpleImputer', 'strategy': 'mean'}. Best is trial 13 with value: 0.20023613615631475.
running
running
[I 2024-09-21 18:50:06,195] Trial 38 finished with value: 0.20023613615631475 and parameters: {'model_name': 'SimpleImputer', 'strategy': 'mean'}. Best is trial 13 with value: 0.20023613615631475.
running
[I 2024-09-21 18:50:06,361] Trial 42 finished with value: 0.20023613615631475 and parameters: {'model_name': 'SimpleImputer', 'strategy': 'mean'}. Best is trial 13 with value: 0.20023613615631475.
[I 2024-09-21 18:50:06,444] Trial 44 finished with value: 0.20023613615631475 and parameters: {'model_name': 'SimpleImputer', 'strategy': 'mean'}. Best is trial 13 with value: 0.20023613615631475.
running
[I 2024-09-21 18:50:06,535] Trial 43 finished with value: 0.20023613615631475 and parameters: {'model_name': 'SimpleImputer', 'strategy': 'mean'}. Best is trial 13 with value: 0.20023613615631475.
running
running
[I 2024-09-21 18:50:06,676] Trial 45 finished with value: 0.20023613615631475 and parameters: {'model_name': 'SimpleImputer', 'strategy': 'mean'}. Best is trial 13 with value: 0.20023613615631475.
[I 2024-09-21 18:50:06,759] Trial 47 finished with value: 0.20023613615631475 and parameters: {'model_name': 'SimpleImputer', 'strategy': 'mean'}. Best is trial 13 with value: 0.20023613615631475.
running
[I 2024-09-21 18:50:06,850] Trial 50 finished with value: 0.20023613615631475 and parameters: {'model_name': 'SimpleImputer', 'strategy': 'mean'}. Best is trial 13 with value: 0.20023613615631475.
running
[I 2024-09-21 18:50:06,946] Trial 39 finished with value: 0.20023613615631475 and parameters: {'model_name': 'SimpleImputer', 'strategy': 'mean'}. Best is trial 13 with value: 0.20023613615631475.
running
[I 2024-09-21 18:50:07,051] Trial 52 finished with value: 0.20023613615631475 and parameters: {'model_name': 'SimpleImputer', 'strategy': 'mean'}. Best is trial 13 with value: 0.20023613615631475.
[I 2024-09-21 18:50:07,133] Trial 48 finished with value: 0.20023613615631475 and parameters: {'model_name': 'SimpleImputer', 'strategy': 'mean'}. Best is trial 13 with value: 0.20023613615631475.
running
running
running
[I 2024-09-21 18:50:07,269] Trial 54 finished with value: 0.20023613615631475 and parameters: {'model_name': 'SimpleImputer', 'strategy': 'mean'}. Best is trial 13 with value: 0.20023613615631475.
[I 2024-09-21 18:50:07,353] Trial 46 finished with value: 0.20023613615631475 and parameters: {'model_name': 'SimpleImputer', 'strategy': 'mean'}. Best is trial 13 with value: 0.20023613615631475.
running
running
[I 2024-09-21 18:50:07,477] Trial 51 finished with value: 0.20023613615631475 and parameters: {'model_name': 'SimpleImputer', 'strategy': 'mean'}. Best is trial 13 with value: 0.20023613615631475.
running
[I 2024-09-21 18:50:07,564] Trial 53 finished with value: 0.20023613615631475 and parameters: {'model_name': 'SimpleImputer', 'strategy': 'mean'}. Best is trial 13 with value: 0.20023613615631475.
[I 2024-09-21 18:50:07,642] Trial 49 finished with value: 0.20023613615631475 and parameters: {'model_name': 'SimpleImputer', 'strategy': 'mean'}. Best is trial 13 with value: 0.20023613615631475.
running
running
[I 2024-09-21 18:50:07,778] Trial 56 finished with value: 0.20023613615631475 and parameters: {'model_name': 'SimpleImputer', 'strategy': 'mean'}. Best is trial 13 with value: 0.20023613615631475.
[I 2024-09-21 18:50:07,867] Trial 58 finished with value: 0.20023613615631475 and parameters: {'model_name': 'SimpleImputer', 'strategy': 'mean'}. Best is trial 13 with value: 0.20023613615631475.
running
running
[I 2024-09-21 18:50:08,085] Trial 57 finished with value: 0.20023613615631475 and parameters: {'model_name': 'SimpleImputer', 'strategy': 'mean'}. Best is trial 13 with value: 0.20023613615631475.
[I 2024-09-21 18:50:08,196] Trial 60 finished with value: 0.20023613615631475 and parameters: {'model_name': 'SimpleImputer', 'strategy': 'mean'}. Best is trial 13 with value: 0.20023613615631475.
[I 2024-09-21 18:50:08,276] Trial 62 finished with value: 0.20023613615631475 and parameters: {'model_name': 'SimpleImputer', 'strategy': 'mean'}. Best is trial 13 with value: 0.20023613615631475.
[I 2024-09-21 18:50:08,364] Trial 65 finished with value: 0.20023613615631475 and parameters: {'model_name': 'SimpleImputer', 'strategy': 'mean'}. Best is trial 13 with value: 0.20023613615631475.
running
running
running
[I 2024-09-21 18:50:08,379] Trial 59 finished with value: 0.20023613615631475 and parameters: {'model_name': 'SimpleImputer', 'strategy': 'mean'}. Best is trial 13 with value: 0.20023613615631475.
[I 2024-09-21 18:50:08,407] Trial 64 finished with value: 0.20023613615631475 and parameters: {'model_name': 'SimpleImputer', 'strategy': 'mean'}. Best is trial 13 with value: 0.20023613615631475.
running
running
[I 2024-09-21 18:50:08,666] Trial 66 finished with value: 0.20023613615631475 and parameters: {'model_name': 'SimpleImputer', 'strategy': 'mean'}. Best is trial 13 with value: 0.20023613615631475.
running
[I 2024-09-21 18:50:08,763] Trial 55 finished with value: 0.20023613615631475 and parameters: {'model_name': 'SimpleImputer', 'strategy': 'mean'}. Best is trial 13 with value: 0.20023613615631475.
[I 2024-09-21 18:50:08,862] Trial 69 finished with value: 0.43404485676838467 and parameters: {'model_name': 'SimpleImputer', 'strategy': 'constant'}. Best is trial 13 with value: 0.20023613615631475.
[I 2024-09-21 18:50:08,863] Trial 67 finished with value: 0.20023613615631475 and parameters: {'model_name': 'SimpleImputer', 'strategy': 'mean'}. Best is trial 13 with value: 0.20023613615631475.
[I 2024-09-21 18:50:09,053] Trial 63 finished with value: 0.20023613615631475 and parameters: {'model_name': 'SimpleImputer', 'strategy': 'mean'}. Best is trial 13 with value: 0.20023613615631475.
[I 2024-09-21 18:50:09,137] Trial 68 finished with value: 0.43404485676838467 and parameters: {'model_name': 'SimpleImputer', 'strategy': 'constant'}. Best is trial 13 with value: 0.20023613615631475.
running
[I 2024-09-21 18:50:09,229] Trial 74 finished with value: 0.43404485676838467 and parameters: {'model_name': 'SimpleImputer', 'strategy': 'constant'}. Best is trial 13 with value: 0.20023613615631475.
running
[I 2024-09-21 18:50:09,330] Trial 72 finished with value: 0.43404485676838467 and parameters: {'model_name': 'SimpleImputer', 'strategy': 'constant'}. Best is trial 13 with value: 0.20023613615631475.
[I 2024-09-21 18:50:09,333] Trial 61 finished with value: 0.20023613615631475 and parameters: {'model_name': 'SimpleImputer', 'strategy': 'mean'}. Best is trial 13 with value: 0.20023613615631475.
[I 2024-09-21 18:50:09,334] Trial 70 finished with value: 0.43404485676838467 and parameters: {'model_name': 'SimpleImputer', 'strategy': 'constant'}. Best is trial 13 with value: 0.20023613615631475.
running
[I 2024-09-21 18:50:09,589] Trial 73 finished with value: 0.43404485676838467 and parameters: {'model_name': 'SimpleImputer', 'strategy': 'constant'}. Best is trial 13 with value: 0.20023613615631475.
running
running
running
running
running
[I 2024-09-21 18:50:09,709] Trial 77 finished with value: 0.43404485676838467 and parameters: {'model_name': 'SimpleImputer', 'strategy': 'constant'}. Best is trial 13 with value: 0.20023613615631475.
running
running
running
[I 2024-09-21 18:50:09,808] Trial 78 finished with value: 0.43404485676838467 and parameters: {'model_name': 'SimpleImputer', 'strategy': 'constant'}. Best is trial 13 with value: 0.20023613615631475.
[I 2024-09-21 18:50:09,892] Trial 76 finished with value: 0.43404485676838467 and parameters: {'model_name': 'SimpleImputer', 'strategy': 'constant'}. Best is trial 13 with value: 0.20023613615631475.
[I 2024-09-21 18:50:09,975] Trial 71 finished with value: 0.43404485676838467 and parameters: {'model_name': 'SimpleImputer', 'strategy': 'constant'}. Best is trial 13 with value: 0.20023613615631475.
[I 2024-09-21 18:50:10,056] Trial 75 finished with value: 0.43404485676838467 and parameters: {'model_name': 'SimpleImputer', 'strategy': 'constant'}. Best is trial 13 with value: 0.20023613615631475.
running
running
running
running
running
[I 2024-09-21 18:50:10,558] Trial 84 finished with value: 0.22086370303431996 and parameters: {'model_name': 'SimpleImputer', 'strategy': 'median'}. Best is trial 13 with value: 0.20023613615631475.
[I 2024-09-21 18:50:10,656] Trial 81 finished with value: 0.22086370303431996 and parameters: {'model_name': 'SimpleImputer', 'strategy': 'median'}. Best is trial 13 with value: 0.20023613615631475.
running
[I 2024-09-21 18:50:10,746] Trial 89 finished with value: 0.22086370303431996 and parameters: {'model_name': 'SimpleImputer', 'strategy': 'median'}. Best is trial 13 with value: 0.20023613615631475.
[I 2024-09-21 18:50:10,823] Trial 79 finished with value: 0.22086370303431996 and parameters: {'model_name': 'SimpleImputer', 'strategy': 'median'}. Best is trial 13 with value: 0.20023613615631475.
running
running
running
[I 2024-09-21 18:50:11,005] Trial 83 finished with value: 0.22086370303431996 and parameters: {'model_name': 'SimpleImputer', 'strategy': 'median'}. Best is trial 13 with value: 0.20023613615631475.
[I 2024-09-21 18:50:11,093] Trial 82 finished with value: 0.22086370303431996 and parameters: {'model_name': 'SimpleImputer', 'strategy': 'median'}. Best is trial 13 with value: 0.20023613615631475.
running
running
[I 2024-09-21 18:50:11,207] Trial 92 finished with value: 0.22086370303431996 and parameters: {'model_name': 'SimpleImputer', 'strategy': 'median'}. Best is trial 13 with value: 0.20023613615631475.
running
[I 2024-09-21 18:50:11,325] Trial 88 finished with value: 0.22086370303431996 and parameters: {'model_name': 'SimpleImputer', 'strategy': 'median'}. Best is trial 13 with value: 0.20023613615631475.
[I 2024-09-21 18:50:11,405] Trial 87 finished with value: 0.22086370303431996 and parameters: {'model_name': 'SimpleImputer', 'strategy': 'median'}. Best is trial 13 with value: 0.20023613615631475.
running
running
[I 2024-09-21 18:50:11,516] Trial 85 finished with value: 0.22086370303431996 and parameters: {'model_name': 'SimpleImputer', 'strategy': 'median'}. Best is trial 13 with value: 0.20023613615631475.
[I 2024-09-21 18:50:11,604] Trial 80 finished with value: 0.2546454842334395 and parameters: {'model_name': 'SimpleImputer', 'strategy': 'most_frequent'}. Best is trial 13 with value: 0.20023613615631475.
running
running
[I 2024-09-21 18:50:11,718] Trial 86 finished with value: 0.22086370303431996 and parameters: {'model_name': 'SimpleImputer', 'strategy': 'median'}. Best is trial 13 with value: 0.20023613615631475.
running
[I 2024-09-21 18:50:11,909] Trial 91 finished with value: 0.22086370303431996 and parameters: {'model_name': 'SimpleImputer', 'strategy': 'median'}. Best is trial 13 with value: 0.20023613615631475.
running
[I 2024-09-21 18:50:12,042] Trial 94 finished with value: 0.22086370303431996 and parameters: {'model_name': 'SimpleImputer', 'strategy': 'median'}. Best is trial 13 with value: 0.20023613615631475.
running
[I 2024-09-21 18:50:12,232] Trial 100 finished with value: 0.20023613615631475 and parameters: {'model_name': 'SimpleImputer', 'strategy': 'mean'}. Best is trial 13 with value: 0.20023613615631475.
running
[I 2024-09-21 18:50:12,391] Trial 103 finished with value: 0.20023613615631475 and parameters: {'model_name': 'SimpleImputer', 'strategy': 'mean'}. Best is trial 13 with value: 0.20023613615631475.
running
[I 2024-09-21 18:50:12,596] Trial 105 finished with value: 0.20023613615631475 and parameters: {'model_name': 'SimpleImputer', 'strategy': 'mean'}. Best is trial 13 with value: 0.20023613615631475.
running
[I 2024-09-21 18:50:12,726] Trial 90 finished with value: 0.2546454842334395 and parameters: {'model_name': 'SimpleImputer', 'strategy': 'most_frequent'}. Best is trial 13 with value: 0.20023613615631475.
[I 2024-09-21 18:50:12,826] Trial 93 finished with value: 0.2546454842334395 and parameters: {'model_name': 'SimpleImputer', 'strategy': 'most_frequent'}. Best is trial 13 with value: 0.20023613615631475.
running
running
[I 2024-09-21 18:50:13,004] Trial 106 finished with value: 0.20023613615631475 and parameters: {'model_name': 'SimpleImputer', 'strategy': 'mean'}. Best is trial 13 with value: 0.20023613615631475.
[I 2024-09-21 18:50:13,092] Trial 104 finished with value: 0.20023613615631475 and parameters: {'model_name': 'SimpleImputer', 'strategy': 'mean'}. Best is trial 13 with value: 0.20023613615631475.
running
running
[I 2024-09-21 18:50:13,242] Trial 96 finished with value: 0.2546454842334395 and parameters: {'model_name': 'SimpleImputer', 'strategy': 'most_frequent'}. Best is trial 13 with value: 0.20023613615631475.
running
[I 2024-09-21 18:50:13,379] Trial 107 finished with value: 0.20023613615631475 and parameters: {'model_name': 'SimpleImputer', 'strategy': 'mean'}. Best is trial 13 with value: 0.20023613615631475.
running
[I 2024-09-21 18:50:13,502] Trial 110 finished with value: 0.20023613615631475 and parameters: {'model_name': 'SimpleImputer', 'strategy': 'mean'}. Best is trial 13 with value: 0.20023613615631475.
[I 2024-09-21 18:50:13,601] Trial 109 finished with value: 0.20023613615631475 and parameters: {'model_name': 'SimpleImputer', 'strategy': 'mean'}. Best is trial 13 with value: 0.20023613615631475.
running
running
[I 2024-09-21 18:50:13,739] Trial 111 finished with value: 0.20023613615631475 and parameters: {'model_name': 'SimpleImputer', 'strategy': 'mean'}. Best is trial 13 with value: 0.20023613615631475.
[I 2024-09-21 18:50:13,857] Trial 112 finished with value: 0.20023613615631475 and parameters: {'model_name': 'SimpleImputer', 'strategy': 'mean'}. Best is trial 13 with value: 0.20023613615631475.
running
running
[I 2024-09-21 18:50:13,974] Trial 97 finished with value: 0.2546454842334395 and parameters: {'model_name': 'SimpleImputer', 'strategy': 'most_frequent'}. Best is trial 13 with value: 0.20023613615631475.
[I 2024-09-21 18:50:14,078] Trial 102 finished with value: 0.2546454842334395 and parameters: {'model_name': 'SimpleImputer', 'strategy': 'most_frequent'}. Best is trial 13 with value: 0.20023613615631475.
running
running
[I 2024-09-21 18:50:14,214] Trial 108 finished with value: 0.20023613615631475 and parameters: {'model_name': 'SimpleImputer', 'strategy': 'mean'}. Best is trial 13 with value: 0.20023613615631475.
[I 2024-09-21 18:50:14,228] Trial 95 finished with value: 0.2546454842334395 and parameters: {'model_name': 'SimpleImputer', 'strategy': 'most_frequent'}. Best is trial 13 with value: 0.20023613615631475.
running
[I 2024-09-21 18:50:14,400] Trial 113 finished with value: 0.20023613615631475 and parameters: {'model_name': 'SimpleImputer', 'strategy': 'mean'}. Best is trial 13 with value: 0.20023613615631475.
running
running
[I 2024-09-21 18:50:14,508] Trial 115 finished with value: 0.20023613615631475 and parameters: {'model_name': 'SimpleImputer', 'strategy': 'mean'}. Best is trial 13 with value: 0.20023613615631475.
running
[I 2024-09-21 18:50:14,667] Trial 114 finished with value: 0.20023613615631475 and parameters: {'model_name': 'SimpleImputer', 'strategy': 'mean'}. Best is trial 13 with value: 0.20023613615631475.
[I 2024-09-21 18:50:14,762] Trial 117 finished with value: 0.20023613615631475 and parameters: {'model_name': 'SimpleImputer', 'strategy': 'mean'}. Best is trial 13 with value: 0.20023613615631475.
[I 2024-09-21 18:50:14,846] Trial 118 finished with value: 0.20023613615631475 and parameters: {'model_name': 'SimpleImputer', 'strategy': 'mean'}. Best is trial 13 with value: 0.20023613615631475.
running
running
[I 2024-09-21 18:50:14,955] Trial 116 finished with value: 0.20023613615631475 and parameters: {'model_name': 'SimpleImputer', 'strategy': 'mean'}. Best is trial 13 with value: 0.20023613615631475.
[I 2024-09-21 18:50:15,048] Trial 119 finished with value: 0.20023613615631475 and parameters: {'model_name': 'SimpleImputer', 'strategy': 'mean'}. Best is trial 13 with value: 0.20023613615631475.
running
running
running
[I 2024-09-21 18:50:15,271] Trial 121 finished with value: 0.20023613615631475 and parameters: {'model_name': 'SimpleImputer', 'strategy': 'mean'}. Best is trial 13 with value: 0.20023613615631475.
[I 2024-09-21 18:50:15,376] Trial 122 finished with value: 0.20023613615631475 and parameters: {'model_name': 'SimpleImputer', 'strategy': 'mean'}. Best is trial 13 with value: 0.20023613615631475.
running
running
[I 2024-09-21 18:50:15,481] Trial 120 finished with value: 0.20023613615631475 and parameters: {'model_name': 'SimpleImputer', 'strategy': 'mean'}. Best is trial 13 with value: 0.20023613615631475.
running
[I 2024-09-21 18:50:15,609] Trial 101 finished with value: 0.2546454842334395 and parameters: {'model_name': 'SimpleImputer', 'strategy': 'most_frequent'}. Best is trial 13 with value: 0.20023613615631475.
running
[I 2024-09-21 18:50:15,717] Trial 124 finished with value: 0.20023613615631475 and parameters: {'model_name': 'SimpleImputer', 'strategy': 'mean'}. Best is trial 13 with value: 0.20023613615631475.
[I 2024-09-21 18:50:15,797] Trial 99 finished with value: 0.2546454842334395 and parameters: {'model_name': 'SimpleImputer', 'strategy': 'most_frequent'}. Best is trial 13 with value: 0.20023613615631475.
[I 2024-09-21 18:50:15,901] Trial 123 finished with value: 0.20023613615631475 and parameters: {'model_name': 'SimpleImputer', 'strategy': 'mean'}. Best is trial 13 with value: 0.20023613615631475.
[I 2024-09-21 18:50:15,983] Trial 127 finished with value: 0.20023613615631475 and parameters: {'model_name': 'SimpleImputer', 'strategy': 'mean'}. Best is trial 13 with value: 0.20023613615631475.
[I 2024-09-21 18:50:16,060] Trial 98 finished with value: 0.2546454842334395 and parameters: {'model_name': 'SimpleImputer', 'strategy': 'most_frequent'}. Best is trial 13 with value: 0.20023613615631475.
running
[I 2024-09-21 18:50:16,143] Trial 125 finished with value: 0.20023613615631475 and parameters: {'model_name': 'SimpleImputer', 'strategy': 'mean'}. Best is trial 13 with value: 0.20023613615631475.
running
running
[I 2024-09-21 18:50:16,265] Trial 126 finished with value: 0.20023613615631475 and parameters: {'model_name': 'SimpleImputer', 'strategy': 'mean'}. Best is trial 13 with value: 0.20023613615631475.
running
[I 2024-09-21 18:50:16,353] Trial 131 finished with value: 0.20023613615631475 and parameters: {'model_name': 'SimpleImputer', 'strategy': 'mean'}. Best is trial 13 with value: 0.20023613615631475.
[I 2024-09-21 18:50:16,441] Trial 128 finished with value: 0.20023613615631475 and parameters: {'model_name': 'SimpleImputer', 'strategy': 'mean'}. Best is trial 13 with value: 0.20023613615631475.
running
running
running
[I 2024-09-21 18:50:16,543] Trial 130 finished with value: 0.20023613615631475 and parameters: {'model_name': 'SimpleImputer', 'strategy': 'mean'}. Best is trial 13 with value: 0.20023613615631475.
[I 2024-09-21 18:50:16,631] Trial 129 finished with value: 0.20023613615631475 and parameters: {'model_name': 'SimpleImputer', 'strategy': 'mean'}. Best is trial 13 with value: 0.20023613615631475.
running
[I 2024-09-21 18:50:16,712] Trial 135 finished with value: 0.20023613615631475 and parameters: {'model_name': 'SimpleImputer', 'strategy': 'mean'}. Best is trial 13 with value: 0.20023613615631475.
[I 2024-09-21 18:50:16,789] Trial 132 finished with value: 0.20023613615631475 and parameters: {'model_name': 'SimpleImputer', 'strategy': 'mean'}. Best is trial 13 with value: 0.20023613615631475.
running
[I 2024-09-21 18:50:16,918] Trial 134 finished with value: 0.20023613615631475 and parameters: {'model_name': 'SimpleImputer', 'strategy': 'mean'}. Best is trial 13 with value: 0.20023613615631475.
running
running
running
running
[I 2024-09-21 18:50:17,054] Trial 133 finished with value: 0.20023613615631475 and parameters: {'model_name': 'SimpleImputer', 'strategy': 'mean'}. Best is trial 13 with value: 0.20023613615631475.
running
running
[I 2024-09-21 18:50:17,270] Trial 138 finished with value: 0.20023613615631475 and parameters: {'model_name': 'SimpleImputer', 'strategy': 'mean'}. Best is trial 13 with value: 0.20023613615631475.
[I 2024-09-21 18:50:17,360] Trial 136 finished with value: 0.20023613615631475 and parameters: {'model_name': 'SimpleImputer', 'strategy': 'mean'}. Best is trial 13 with value: 0.20023613615631475.
running
[I 2024-09-21 18:50:17,479] Trial 140 finished with value: 0.20023613615631475 and parameters: {'model_name': 'SimpleImputer', 'strategy': 'mean'}. Best is trial 13 with value: 0.20023613615631475.
running
[I 2024-09-21 18:50:17,580] Trial 144 finished with value: 0.20023613615631475 and parameters: {'model_name': 'SimpleImputer', 'strategy': 'mean'}. Best is trial 13 with value: 0.20023613615631475.
running
running
[I 2024-09-21 18:50:17,704] Trial 139 finished with value: 0.20023613615631475 and parameters: {'model_name': 'SimpleImputer', 'strategy': 'mean'}. Best is trial 13 with value: 0.20023613615631475.
[I 2024-09-21 18:50:17,784] Trial 137 finished with value: 0.20023613615631475 and parameters: {'model_name': 'SimpleImputer', 'strategy': 'mean'}. Best is trial 13 with value: 0.20023613615631475.
running
running
[I 2024-09-21 18:50:17,985] Trial 146 finished with value: 0.20023613615631475 and parameters: {'model_name': 'SimpleImputer', 'strategy': 'mean'}. Best is trial 13 with value: 0.20023613615631475.
running
[I 2024-09-21 18:50:18,111] Trial 143 finished with value: 0.20023613615631475 and parameters: {'model_name': 'SimpleImputer', 'strategy': 'mean'}. Best is trial 13 with value: 0.20023613615631475.
[I 2024-09-21 18:50:18,202] Trial 142 finished with value: 0.20023613615631475 and parameters: {'model_name': 'SimpleImputer', 'strategy': 'mean'}. Best is trial 13 with value: 0.20023613615631475.
[I 2024-09-21 18:50:18,284] Trial 148 finished with value: 0.20023613615631475 and parameters: {'model_name': 'SimpleImputer', 'strategy': 'mean'}. Best is trial 13 with value: 0.20023613615631475.
[I 2024-09-21 18:50:18,361] Trial 141 finished with value: 0.20023613615631475 and parameters: {'model_name': 'SimpleImputer', 'strategy': 'mean'}. Best is trial 13 with value: 0.20023613615631475.
running
running
[I 2024-09-21 18:50:18,468] Trial 145 finished with value: 0.20023613615631475 and parameters: {'model_name': 'SimpleImputer', 'strategy': 'mean'}. Best is trial 13 with value: 0.20023613615631475.
running
running
[I 2024-09-21 18:50:18,587] Trial 149 finished with value: 0.20023613615631475 and parameters: {'model_name': 'SimpleImputer', 'strategy': 'mean'}. Best is trial 13 with value: 0.20023613615631475.
running
[I 2024-09-21 18:50:18,705] Trial 156 finished with value: 0.20023613615631475 and parameters: {'model_name': 'SimpleImputer', 'strategy': 'mean'}. Best is trial 13 with value: 0.20023613615631475.
running
[I 2024-09-21 18:50:18,809] Trial 150 finished with value: 0.20023613615631475 and parameters: {'model_name': 'SimpleImputer', 'strategy': 'mean'}. Best is trial 13 with value: 0.20023613615631475.
[I 2024-09-21 18:50:18,914] Trial 147 finished with value: 0.20023613615631475 and parameters: {'model_name': 'SimpleImputer', 'strategy': 'mean'}. Best is trial 13 with value: 0.20023613615631475.
[I 2024-09-21 18:50:19,001] Trial 154 finished with value: 0.20023613615631475 and parameters: {'model_name': 'SimpleImputer', 'strategy': 'mean'}. Best is trial 13 with value: 0.20023613615631475.
running
[I 2024-09-21 18:50:19,084] Trial 155 finished with value: 0.20023613615631475 and parameters: {'model_name': 'SimpleImputer', 'strategy': 'mean'}. Best is trial 13 with value: 0.20023613615631475.
running
[I 2024-09-21 18:50:19,181] Trial 152 finished with value: 0.20023613615631475 and parameters: {'model_name': 'SimpleImputer', 'strategy': 'mean'}. Best is trial 13 with value: 0.20023613615631475.
running
[I 2024-09-21 18:50:19,267] Trial 151 finished with value: 0.20023613615631475 and parameters: {'model_name': 'SimpleImputer', 'strategy': 'mean'}. Best is trial 13 with value: 0.20023613615631475.
running
running
[I 2024-09-21 18:50:19,375] Trial 157 finished with value: 0.20023613615631475 and parameters: {'model_name': 'SimpleImputer', 'strategy': 'mean'}. Best is trial 13 with value: 0.20023613615631475.
running
[I 2024-09-21 18:50:19,463] Trial 153 finished with value: 0.20023613615631475 and parameters: {'model_name': 'SimpleImputer', 'strategy': 'mean'}. Best is trial 13 with value: 0.20023613615631475.
running
[I 2024-09-21 18:50:19,563] Trial 158 finished with value: 0.20023613615631475 and parameters: {'model_name': 'SimpleImputer', 'strategy': 'mean'}. Best is trial 13 with value: 0.20023613615631475.
running
running
running
[I 2024-09-21 18:50:19,711] Trial 162 finished with value: 0.20023613615631475 and parameters: {'model_name': 'SimpleImputer', 'strategy': 'mean'}. Best is trial 13 with value: 0.20023613615631475.
running
[I 2024-09-21 18:50:19,848] Trial 159 finished with value: 0.20023613615631475 and parameters: {'model_name': 'SimpleImputer', 'strategy': 'mean'}. Best is trial 13 with value: 0.20023613615631475.
[I 2024-09-21 18:50:19,993] Trial 160 finished with value: 0.20023613615631475 and parameters: {'model_name': 'SimpleImputer', 'strategy': 'mean'}. Best is trial 13 with value: 0.20023613615631475.
running
running
[I 2024-09-21 18:50:20,150] Trial 164 finished with value: 0.20023613615631475 and parameters: {'model_name': 'SimpleImputer', 'strategy': 'mean'}. Best is trial 13 with value: 0.20023613615631475.
running
[I 2024-09-21 18:50:20,286] Trial 163 finished with value: 0.20023613615631475 and parameters: {'model_name': 'SimpleImputer', 'strategy': 'mean'}. Best is trial 13 with value: 0.20023613615631475.
running
[I 2024-09-21 18:50:20,387] Trial 161 finished with value: 0.20023613615631475 and parameters: {'model_name': 'SimpleImputer', 'strategy': 'mean'}. Best is trial 13 with value: 0.20023613615631475.
[I 2024-09-21 18:50:20,481] Trial 167 finished with value: 0.20023613615631475 and parameters: {'model_name': 'SimpleImputer', 'strategy': 'mean'}. Best is trial 13 with value: 0.20023613615631475.
running
[I 2024-09-21 18:50:20,607] Trial 168 finished with value: 0.20023613615631475 and parameters: {'model_name': 'SimpleImputer', 'strategy': 'mean'}. Best is trial 13 with value: 0.20023613615631475.
running
running
[I 2024-09-21 18:50:20,731] Trial 175 finished with value: 0.20023613615631475 and parameters: {'model_name': 'SimpleImputer', 'strategy': 'mean'}. Best is trial 13 with value: 0.20023613615631475.
[I 2024-09-21 18:50:20,812] Trial 165 finished with value: 0.20023613615631475 and parameters: {'model_name': 'SimpleImputer', 'strategy': 'mean'}. Best is trial 13 with value: 0.20023613615631475.
[I 2024-09-21 18:50:20,890] Trial 169 finished with value: 0.20023613615631475 and parameters: {'model_name': 'SimpleImputer', 'strategy': 'mean'}. Best is trial 13 with value: 0.20023613615631475.
running
[I 2024-09-21 18:50:20,979] Trial 173 finished with value: 0.20023613615631475 and parameters: {'model_name': 'SimpleImputer', 'strategy': 'mean'}. Best is trial 13 with value: 0.20023613615631475.
running
[I 2024-09-21 18:50:21,061] Trial 170 finished with value: 0.20023613615631475 and parameters: {'model_name': 'SimpleImputer', 'strategy': 'mean'}. Best is trial 13 with value: 0.20023613615631475.
running
running
running
[I 2024-09-21 18:50:21,174] Trial 172 finished with value: 0.20023613615631475 and parameters: {'model_name': 'SimpleImputer', 'strategy': 'mean'}. Best is trial 13 with value: 0.20023613615631475.
[I 2024-09-21 18:50:21,278] Trial 171 finished with value: 0.20023613615631475 and parameters: {'model_name': 'SimpleImputer', 'strategy': 'mean'}. Best is trial 13 with value: 0.20023613615631475.
running
running
[I 2024-09-21 18:50:21,434] Trial 176 finished with value: 0.20023613615631475 and parameters: {'model_name': 'SimpleImputer', 'strategy': 'mean'}. Best is trial 13 with value: 0.20023613615631475.
[I 2024-09-21 18:50:21,526] Trial 174 finished with value: 0.20023613615631475 and parameters: {'model_name': 'SimpleImputer', 'strategy': 'mean'}. Best is trial 13 with value: 0.20023613615631475.
running
[I 2024-09-21 18:50:21,628] Trial 166 finished with value: 0.20023613615631475 and parameters: {'model_name': 'SimpleImputer', 'strategy': 'mean'}. Best is trial 13 with value: 0.20023613615631475.
running
running
[I 2024-09-21 18:50:21,817] Trial 178 finished with value: 0.20023613615631475 and parameters: {'model_name': 'SimpleImputer', 'strategy': 'mean'}. Best is trial 13 with value: 0.20023613615631475.
[I 2024-09-21 18:50:21,908] Trial 177 finished with value: 0.20023613615631475 and parameters: {'model_name': 'SimpleImputer', 'strategy': 'mean'}. Best is trial 13 with value: 0.20023613615631475.
running
running
[I 2024-09-21 18:50:22,028] Trial 180 finished with value: 0.20023613615631475 and parameters: {'model_name': 'SimpleImputer', 'strategy': 'mean'}. Best is trial 13 with value: 0.20023613615631475.
[I 2024-09-21 18:50:22,128] Trial 184 finished with value: 0.20023613615631475 and parameters: {'model_name': 'SimpleImputer', 'strategy': 'mean'}. Best is trial 13 with value: 0.20023613615631475.
running
[I 2024-09-21 18:50:22,236] Trial 192 finished with value: 0.20023613615631475 and parameters: {'model_name': 'SimpleImputer', 'strategy': 'mean'}. Best is trial 13 with value: 0.20023613615631475.
running
running
[I 2024-09-21 18:50:22,348] Trial 181 finished with value: 0.20023613615631475 and parameters: {'model_name': 'SimpleImputer', 'strategy': 'mean'}. Best is trial 13 with value: 0.20023613615631475.
[I 2024-09-21 18:50:22,430] Trial 179 finished with value: 0.20023613615631475 and parameters: {'model_name': 'SimpleImputer', 'strategy': 'mean'}. Best is trial 13 with value: 0.20023613615631475.
[I 2024-09-21 18:50:22,508] Trial 186 finished with value: 0.20023613615631475 and parameters: {'model_name': 'SimpleImputer', 'strategy': 'mean'}. Best is trial 13 with value: 0.20023613615631475.
[I 2024-09-21 18:50:22,586] Trial 182 finished with value: 0.20023613615631475 and parameters: {'model_name': 'SimpleImputer', 'strategy': 'mean'}. Best is trial 13 with value: 0.20023613615631475.
running
[I 2024-09-21 18:50:22,697] Trial 185 finished with value: 0.20023613615631475 and parameters: {'model_name': 'SimpleImputer', 'strategy': 'mean'}. Best is trial 13 with value: 0.20023613615631475.
running
[I 2024-09-21 18:50:22,802] Trial 189 finished with value: 0.20023613615631475 and parameters: {'model_name': 'SimpleImputer', 'strategy': 'mean'}. Best is trial 13 with value: 0.20023613615631475.
[I 2024-09-21 18:50:22,920] Trial 183 finished with value: 0.20023613615631475 and parameters: {'model_name': 'SimpleImputer', 'strategy': 'mean'}. Best is trial 13 with value: 0.20023613615631475.
[I 2024-09-21 18:50:23,021] Trial 188 finished with value: 0.20023613615631475 and parameters: {'model_name': 'SimpleImputer', 'strategy': 'mean'}. Best is trial 13 with value: 0.20023613615631475.
[I 2024-09-21 18:50:23,110] Trial 190 finished with value: 0.20023613615631475 and parameters: {'model_name': 'SimpleImputer', 'strategy': 'mean'}. Best is trial 13 with value: 0.20023613615631475.
[I 2024-09-21 18:50:23,218] Trial 191 finished with value: 0.20023613615631475 and parameters: {'model_name': 'SimpleImputer', 'strategy': 'mean'}. Best is trial 13 with value: 0.20023613615631475.
[I 2024-09-21 18:50:23,323] Trial 187 finished with value: 0.20023613615631475 and parameters: {'model_name': 'SimpleImputer', 'strategy': 'mean'}. Best is trial 13 with value: 0.20023613615631475.
[I 2024-09-21 18:50:23,433] Trial 198 finished with value: 0.20023613615631475 and parameters: {'model_name': 'SimpleImputer', 'strategy': 'mean'}. Best is trial 13 with value: 0.20023613615631475.
[I 2024-09-21 18:50:23,533] Trial 196 finished with value: 0.20023613615631475 and parameters: {'model_name': 'SimpleImputer', 'strategy': 'mean'}. Best is trial 13 with value: 0.20023613615631475.
[I 2024-09-21 18:50:23,614] Trial 193 finished with value: 0.20023613615631475 and parameters: {'model_name': 'SimpleImputer', 'strategy': 'mean'}. Best is trial 13 with value: 0.20023613615631475.
[I 2024-09-21 18:50:23,692] Trial 199 finished with value: 0.20023613615631475 and parameters: {'model_name': 'SimpleImputer', 'strategy': 'mean'}. Best is trial 13 with value: 0.20023613615631475.
[I 2024-09-21 18:50:23,771] Trial 195 finished with value: 0.20023613615631475 and parameters: {'model_name': 'SimpleImputer', 'strategy': 'mean'}. Best is trial 13 with value: 0.20023613615631475.
[I 2024-09-21 18:50:23,850] Trial 194 finished with value: 0.20023613615631475 and parameters: {'model_name': 'SimpleImputer', 'strategy': 'mean'}. Best is trial 13 with value: 0.20023613615631475.
[I 2024-09-21 18:50:23,929] Trial 197 finished with value: 0.20023613615631475 and parameters: {'model_name': 'SimpleImputer', 'strategy': 'mean'}. Best is trial 13 with value: 0.20023613615631475.
fit
simple fit
simple transform
0    0
1    0
2    0
3    0
4    0
5    0
6    0
7    0
8    0
9    0
dtype: int64
0    0
1    0
2    0
3    0
4    0
5    0
6    0
7    0
8    0
9    0
dtype: int64
0.20023613615631475
{'model_name': 'SimpleImputer', 'strategy': 'mean'}
running experiment 2/3 - Does reconstruction give good automl predictions
Start est fit
Version 0.1.7a0 of tpot2 is outdated. Version 0.1.8a0 was released 4 days ago.
Version 0.1.7a0 of tpot2 is outdated. Version 0.1.8a0 was released 4 days ago.
Version 0.1.7a0 of tpot2 is outdated. Version 0.1.8a0 was released 4 days ago.
Version 0.1.7a0 of tpot2 is outdated. Version 0.1.8a0 was released 4 days ago.
Version 0.1.7a0 of tpot2 is outdated. Version 0.1.8a0 was released 4 days ago.
Version 0.1.7a0 of tpot2 is outdated. Version 0.1.8a0 was released 4 days ago.
Version 0.1.7a0 of tpot2 is outdated. Version 0.1.8a0 was released 4 days ago.
Version 0.1.7a0 of tpot2 is outdated. Version 0.1.8a0 was released 4 days ago.
Version 0.1.7a0 of tpot2 is outdated. Version 0.1.8a0 was released 4 days ago.
Version 0.1.7a0 of tpot2 is outdated. Version 0.1.8a0 was released 4 days ago.
Version 0.1.7a0 of tpot2 is outdated. Version 0.1.8a0 was released 4 days ago.
Version 0.1.7a0 of tpot2 is outdated. Version 0.1.8a0 was released 4 days ago.
Version 0.1.7a0 of tpot2 is outdated. Version 0.1.8a0 was released 4 days ago.
Version 0.1.7a0 of tpot2 is outdated. Version 0.1.8a0 was released 4 days ago.
Version 0.1.7a0 of tpot2 is outdated. Version 0.1.8a0 was released 4 days ago.
Version 0.1.7a0 of tpot2 is outdated. Version 0.1.8a0 was released 4 days ago.
  0%|          | 0/25 [00:00<?, ?it/s]Generation:   0%|          | 0/25 [00:00<?, ?it/s]Generation:  1
Best f1_score score: 0.7369905169210661
Generation:   4%|▍         | 1/25 [00:28<11:27, 28.65s/it]Generation:  2
Best f1_score score: 0.7959007479800342
Generation:   8%|▊         | 2/25 [00:40<07:10, 18.71s/it]Generation:  3
Best f1_score score: 0.810933000075455
Generation:  12%|█▏        | 3/25 [00:52<05:49, 15.87s/it]Generation:  4
Best f1_score score: 0.810933000075455
Generation:  16%|█▌        | 4/25 [01:05<05:10, 14.78s/it]Generation:  5
Best f1_score score: 0.810933000075455
Generation:  20%|██        | 5/25 [01:18<04:42, 14.10s/it]Generation:  6
Best f1_score score: 0.810933000075455
Generation:  24%|██▍       | 6/25 [03:24<16:25, 51.87s/it]Generation:  7
Best f1_score score: 0.8117023781023006
Generation:  28%|██▊       | 7/25 [05:34<23:16, 77.58s/it]Generation:  8
Best f1_score score: 0.8117023781023006
Generation:  32%|███▏      | 8/25 [05:49<16:21, 57.76s/it]Generation:  9
Best f1_score score: 0.823317351862263
Generation:  36%|███▌      | 9/25 [09:25<28:35, 107.20s/it]Generation:  10
Best f1_score score: 0.823317351862263
Generation:  40%|████      | 10/25 [09:35<19:14, 76.98s/it]Generation:  11
Best f1_score score: 0.823317351862263
Generation:  44%|████▍     | 11/25 [10:25<16:03, 68.81s/it]Generation:  12
Best f1_score score: 0.823317351862263
Generation:  48%|████▊     | 12/25 [10:53<12:12, 56.34s/it]Generation:  13
Best f1_score score: 0.823317351862263
Generation:  52%|█████▏    | 13/25 [11:08<08:47, 43.97s/it]Generation:  14
Best f1_score score: 0.823317351862263
Generation:  56%|█████▌    | 14/25 [13:26<13:13, 72.16s/it]Generation:  15
Best f1_score score: 0.823317351862263
Generation:  60%|██████    | 15/25 [13:42<09:15, 55.51s/it]Generation:  16
Best f1_score score: 0.823317351862263
Generation:  64%|██████▍   | 16/25 [14:02<06:42, 44.77s/it]Generation:  17
Best f1_score score: 0.823317351862263
Generation:  68%|██████▊   | 17/25 [14:19<04:51, 36.45s/it]Generation:  18
Best f1_score score: 0.823317351862263
Generation:  72%|███████▏  | 18/25 [14:37<03:35, 30.78s/it]Generation:  19
Best f1_score score: 0.823317351862263
Generation:  76%|███████▌  | 19/25 [14:51<02:34, 25.81s/it]Generation:  20
Best f1_score score: 0.823317351862263
Generation:  80%|████████  | 20/25 [15:13<02:02, 24.52s/it]Generation:  21
Best f1_score score: 0.8240952384260443
Generation:  84%|████████▍ | 21/25 [15:27<01:25, 21.32s/it]Generation:  22
Best f1_score score: 0.8240952384260443
Generation:  88%|████████▊ | 22/25 [16:01<01:15, 25.17s/it]Generation:  23
Best f1_score score: 0.8240952384260443
Generation:  92%|█████████▏| 23/25 [16:21<00:47, 23.70s/it]Generation:  24
Best f1_score score: 0.8240952384260443
Generation:  96%|█████████▌| 24/25 [16:42<00:22, 22.88s/it]Generation:  25
Best f1_score score: 0.8240952384260443
Generation: 100%|██████████| 25/25 [16:58<00:00, 20.88s/it]Generation: 100%|██████████| 25/25 [17:02<00:00, 40.88s/it]
2024-09-21 19:07:31,900 - distributed.scheduler - ERROR - Removing worker 'tcp://127.0.0.1:46207' caused the cluster to lose scattered data, which can't be recovered: {'ndarray-2418828020e080bd203189dd1acc278b', 'ndarray-9de236fd607cf54b4b454d01aefb051b'} (stimulus_id='handle-worker-cleanup-1726970851.900547')
Fitted
Pipeline(steps=[('lgbmclassifier',
                 LGBMClassifier(boosting_type='goss', class_weight='balanced',
                                max_depth=6, n_estimators=99, n_jobs=1,
                                num_leaves=86, verbose=-1))])
score start
train score: {'auroc': 0.9999248649212976, 'accuracy': 0.9949748743718593, 'balanced_accuracy': 0.9988804071246818, 'logloss': 0.02262623161319765, 'f1': 0.985120756236839}
original test score: {'auroc': 0.9935323910972148, 'accuracy': 0.9753424657534246, 'balanced_accuracy': 0.8843687259610122, 'logloss': 0.09206969842586325, 'f1': 0.866930669926582}
imputed test score: {'auroc': 0.9774932946806258, 'accuracy': 0.947945205479452, 'balanced_accuracy': 0.8247235502443606, 'logloss': 0.18071718839421422, 'f1': 0.7914042265990424}
score end
check intended
EXP2 Finished
running experiment 3/3 - What is the best automl settings?
<tpot2.search_spaces.pipelines.sequential.SequentialPipeline object at 0x15543504f9d0>
Start tpot fit
Version 0.1.7a0 of tpot2 is outdated. Version 0.1.8a0 was released 4 days ago.
Version 0.1.7a0 of tpot2 is outdated. Version 0.1.8a0 was released 4 days ago.
Version 0.1.7a0 of tpot2 is outdated. Version 0.1.8a0 was released 4 days ago.
Version 0.1.7a0 of tpot2 is outdated. Version 0.1.8a0 was released 4 days ago.
Version 0.1.7a0 of tpot2 is outdated. Version 0.1.8a0 was released 4 days ago.
Version 0.1.7a0 of tpot2 is outdated. Version 0.1.8a0 was released 4 days ago.
Version 0.1.7a0 of tpot2 is outdated. Version 0.1.8a0 was released 4 days ago.
Version 0.1.7a0 of tpot2 is outdated. Version 0.1.8a0 was released 4 days ago.
Version 0.1.7a0 of tpot2 is outdated. Version 0.1.8a0 was released 4 days ago.
Version 0.1.7a0 of tpot2 is outdated. Version 0.1.8a0 was released 4 days ago.
Version 0.1.7a0 of tpot2 is outdated. Version 0.1.8a0 was released 4 days ago.
Version 0.1.7a0 of tpot2 is outdated. Version 0.1.8a0 was released 4 days ago.
Version 0.1.7a0 of tpot2 is outdated. Version 0.1.8a0 was released 4 days ago.
Version 0.1.7a0 of tpot2 is outdated. Version 0.1.8a0 was released 4 days ago.
Version 0.1.7a0 of tpot2 is outdated. Version 0.1.8a0 was released 4 days ago.
Version 0.1.7a0 of tpot2 is outdated. Version 0.1.8a0 was released 4 days ago.
  0%|          | 0/25 [00:00<?, ?it/s]Generation:   0%|          | 0/25 [00:00<?, ?it/s]Generation:  1
Best f1_score score: 0.8068264243706544
Generation:   4%|▍         | 1/25 [02:27<59:04, 147.67s/it]Generation:  2
Best f1_score score: 0.8160266025298636
Generation:   8%|▊         | 2/25 [04:57<57:00, 148.71s/it]Generation:  3
Best f1_score score: 0.8160266025298636
Generation:  12%|█▏        | 3/25 [08:11<1:02:07, 169.43s/it]Generation:  4
Best f1_score score: 0.8160266025298636
Generation:  16%|█▌        | 4/25 [10:27<54:39, 156.16s/it]  Generation:  5
Best f1_score score: 0.8160266025298636
Generation:  20%|██        | 5/25 [11:15<39:10, 117.51s/it]Generation:  6
Best f1_score score: 0.8160266025298636
Generation:  24%|██▍       | 6/25 [14:09<43:11, 136.40s/it]Generation:  7
Best f1_score score: 0.8176098855072965
Generation:  28%|██▊       | 7/25 [16:43<42:43, 142.42s/it]Generation:  8
Best f1_score score: 0.8206253772617973
Generation:  32%|███▏      | 8/25 [18:51<38:59, 137.59s/it]Generation:  9
Best f1_score score: 0.8206253772617973
Generation:  36%|███▌      | 9/25 [21:24<38:01, 142.60s/it]Generation:  10
Best f1_score score: 0.8206253772617973
Generation:  40%|████      | 10/25 [24:18<38:04, 152.31s/it]Generation:  11
Best f1_score score: 0.8206253772617973
Generation:  44%|████▍     | 11/25 [26:37<34:36, 148.30s/it]Generation:  12
Best f1_score score: 0.8206253772617973
Generation:  48%|████▊     | 12/25 [26:50<23:12, 107.12s/it]Generation:  13
Best f1_score score: 0.8285762502239047
Generation:  52%|█████▏    | 13/25 [32:49<36:38, 183.20s/it]Generation:  14
Best f1_score score: 0.8285762502239047
Generation:  56%|█████▌    | 14/25 [34:04<27:37, 150.68s/it]Generation:  15
Best f1_score score: 0.8285762502239047
Generation:  60%|██████    | 15/25 [36:55<26:07, 156.73s/it]Generation:  16
Best f1_score score: 0.8285762502239047
Generation:  64%|██████▍   | 16/25 [40:06<25:02, 166.98s/it]Generation:  17
Best f1_score score: 0.8285762502239047
Generation:  68%|██████▊   | 17/25 [44:27<26:01, 195.21s/it]Generation:  18
Best f1_score score: 0.8285762502239047
Generation:  72%|███████▏  | 18/25 [45:41<18:33, 159.01s/it]Generation:  19
Best f1_score score: 0.8285762502239047
Generation:  76%|███████▌  | 19/25 [49:12<17:27, 174.53s/it]Generation:  20
Best f1_score score: 0.8285762502239047
Generation:  80%|████████  | 20/25 [49:30<10:38, 127.62s/it]Generation:  21
Best f1_score score: 0.8285762502239047
Generation:  84%|████████▍ | 21/25 [51:59<08:56, 134.03s/it]Generation:  22
Best f1_score score: 0.8285762502239047
Generation:  88%|████████▊ | 22/25 [52:16<04:56, 98.90s/it] Generation:  23
Best f1_score score: 0.8285762502239047
Generation:  92%|█████████▏| 23/25 [55:51<04:27, 133.51s/it]Generation:  24
Best f1_score score: 0.8338789115487473
Generation:  96%|█████████▌| 24/25 [56:54<01:52, 112.35s/it]Generation:  25
Best f1_score score: 0.8338789115487473
Generation: 100%|██████████| 25/25 [1:00:26<00:00, 142.29s/it]Generation: 100%|██████████| 25/25 [1:00:26<00:00, 145.05s/it]
2024-09-21 20:08:16,444 - distributed.scheduler - ERROR - Removing worker 'tcp://127.0.0.1:38047' caused the cluster to lose scattered data, which can't be recovered: {'ndarray-9de236fd607cf54b4b454d01aefb051b', 'DataFrame-e991e89e634a97b97c36222dec45366f'} (stimulus_id='handle-worker-cleanup-1726974496.4443426')
Fitted
Pipeline(steps=[('simpleimputer', SimpleImputer(strategy='most_frequent')),
                ('mlpclassifier',
                 MLPClassifier(activation='tanh', alpha=0.0004915198461,
                               hidden_layer_sizes=[296, 296],
                               learning_rate='adaptive',
                               learning_rate_init=0.0036480428389,
                               n_iter_no_change=32))])
transform worked
try transform
transform worked
score start
train score: {'auroc': 0.9968449158849364, 'accuracy': 0.9796710826861581, 'balanced_accuracy': 0.8928723500596336, 'logloss': 0.06439286461438683, 'f1': 0.91513321157347}
test score: {'auroc': 0.9132883431589468, 'accuracy': 0.8511415525114155, 'balanced_accuracy': 0.5366431263852645, 'logloss': 0.7076448640146101, 'f1': 0.4321235390366974}
original test score: {'auroc': 0.9877861311458587, 'accuracy': 0.9762557077625571, 'balanced_accuracy': 0.8397074196339975, 'logloss': 0.10782404310723079, 'f1': 0.8784705170634496}
score end
30
lvl
0.5
type
MAR
num_run
1
class_simple
finished
all finished
full run takes
1.3089268905586666
hours
DONE
