Run: 70
/cm/local/apps/slurm/var/spool/job1040728/slurm_script: line 27: 
pip install -e tpot2
pip install -r tpot2/ImputerExperiments/requirements_.txt
: No such file or directory
RunStart
Version 0.1.7a0 of tpot2 is outdated. Version 0.1.8a0 was released Tuesday September 17, 2024.
starting loops
../data/c/923/923.pkl
working on 
../data/c/923/class_simple_MNAR_0.1_3
3.0579164028167725
running experiment 1/3 - Does large hyperparameter space improve reconstruction accuracy over simple
[I 2024-11-05 04:10:14,393] A new study created in memory with name: no-name-e9af3c93-d4d5-4d8e-a169-cbc564449ff8
running
running
running
running
running
running
running
running
running
running
running
running
running
running
running
running
[I 2024-11-05 04:10:14,679] Trial 1 finished with value: 0.29366171777361083 and parameters: {'model_name': 'SimpleImputer', 'strategy': 'mean'}. Best is trial 1 with value: 0.29366171777361083.
[I 2024-11-05 04:10:14,840] Trial 6 finished with value: 0.29366171777361083 and parameters: {'model_name': 'SimpleImputer', 'strategy': 'mean'}. Best is trial 1 with value: 0.29366171777361083.
running
running
[I 2024-11-05 04:10:15,002] Trial 7 finished with value: 0.4680224952863011 and parameters: {'model_name': 'SimpleImputer', 'strategy': 'constant'}. Best is trial 1 with value: 0.29366171777361083.
running
[I 2024-11-05 04:10:15,188] Trial 12 finished with value: 0.4680224952863011 and parameters: {'model_name': 'SimpleImputer', 'strategy': 'constant'}. Best is trial 1 with value: 0.29366171777361083.
running
[I 2024-11-05 04:10:15,370] Trial 3 finished with value: 0.29366171777361083 and parameters: {'model_name': 'SimpleImputer', 'strategy': 'mean'}. Best is trial 1 with value: 0.29366171777361083.
running
[I 2024-11-05 04:10:15,613] Trial 15 finished with value: 0.4680224952863011 and parameters: {'model_name': 'SimpleImputer', 'strategy': 'constant'}. Best is trial 1 with value: 0.29366171777361083.
[I 2024-11-05 04:10:15,754] Trial 13 finished with value: 0.29366171777361083 and parameters: {'model_name': 'SimpleImputer', 'strategy': 'mean'}. Best is trial 1 with value: 0.29366171777361083.
running
[I 2024-11-05 04:10:15,918] Trial 9 finished with value: 0.29366171777361083 and parameters: {'model_name': 'SimpleImputer', 'strategy': 'mean'}. Best is trial 1 with value: 0.29366171777361083.
running
[I 2024-11-05 04:10:16,080] Trial 19 finished with value: 0.4680224952863011 and parameters: {'model_name': 'SimpleImputer', 'strategy': 'constant'}. Best is trial 1 with value: 0.29366171777361083.
running
running
[I 2024-11-05 04:10:16,368] Trial 16 finished with value: 0.4680224952863011 and parameters: {'model_name': 'SimpleImputer', 'strategy': 'constant'}. Best is trial 1 with value: 0.29366171777361083.
[I 2024-11-05 04:10:16,544] Trial 17 finished with value: 0.4680224952863011 and parameters: {'model_name': 'SimpleImputer', 'strategy': 'constant'}. Best is trial 1 with value: 0.29366171777361083.
[I 2024-11-05 04:10:16,670] Trial 14 finished with value: 0.4680224952863011 and parameters: {'model_name': 'SimpleImputer', 'strategy': 'constant'}. Best is trial 1 with value: 0.29366171777361083.
[I 2024-11-05 04:10:16,784] Trial 8 finished with value: 0.3202090255220681 and parameters: {'model_name': 'SimpleImputer', 'strategy': 'median'}. Best is trial 1 with value: 0.29366171777361083.
running
running
[I 2024-11-05 04:10:16,923] Trial 11 finished with value: 0.4680224952863011 and parameters: {'model_name': 'SimpleImputer', 'strategy': 'most_frequent'}. Best is trial 1 with value: 0.29366171777361083.
running
running
[I 2024-11-05 04:10:17,123] Trial 0 finished with value: 0.4680224952863011 and parameters: {'model_name': 'SimpleImputer', 'strategy': 'most_frequent'}. Best is trial 1 with value: 0.29366171777361083.
[I 2024-11-05 04:10:17,258] Trial 2 finished with value: 0.3202090255220681 and parameters: {'model_name': 'SimpleImputer', 'strategy': 'median'}. Best is trial 1 with value: 0.29366171777361083.
running
running
running
[I 2024-11-05 04:10:17,435] Trial 5 finished with value: 0.3202090255220681 and parameters: {'model_name': 'SimpleImputer', 'strategy': 'median'}. Best is trial 1 with value: 0.29366171777361083.
running
[I 2024-11-05 04:10:17,604] Trial 10 finished with value: 0.3202090255220681 and parameters: {'model_name': 'SimpleImputer', 'strategy': 'median'}. Best is trial 1 with value: 0.29366171777361083.
[I 2024-11-05 04:10:17,740] Trial 4 finished with value: 0.4680224952863011 and parameters: {'model_name': 'SimpleImputer', 'strategy': 'most_frequent'}. Best is trial 1 with value: 0.29366171777361083.
running
[I 2024-11-05 04:10:17,899] Trial 21 finished with value: 0.29366171777361083 and parameters: {'model_name': 'SimpleImputer', 'strategy': 'mean'}. Best is trial 1 with value: 0.29366171777361083.
running
[I 2024-11-05 04:10:18,062] Trial 22 finished with value: 0.29366171777361083 and parameters: {'model_name': 'SimpleImputer', 'strategy': 'mean'}. Best is trial 1 with value: 0.29366171777361083.
running
running
[I 2024-11-05 04:10:18,455] Trial 34 finished with value: 0.29366171777361083 and parameters: {'model_name': 'SimpleImputer', 'strategy': 'mean'}. Best is trial 1 with value: 0.29366171777361083.
[I 2024-11-05 04:10:18,629] Trial 30 finished with value: 0.29366171777361083 and parameters: {'model_name': 'SimpleImputer', 'strategy': 'mean'}. Best is trial 1 with value: 0.29366171777361083.
[I 2024-11-05 04:10:18,766] Trial 32 finished with value: 0.29366171777361083 and parameters: {'model_name': 'SimpleImputer', 'strategy': 'mean'}. Best is trial 1 with value: 0.29366171777361083.
running
[I 2024-11-05 04:10:18,935] Trial 20 finished with value: 0.4680224952863011 and parameters: {'model_name': 'SimpleImputer', 'strategy': 'most_frequent'}. Best is trial 1 with value: 0.29366171777361083.
running
running
running
[I 2024-11-05 04:10:19,081] Trial 23 finished with value: 0.3202090255220681 and parameters: {'model_name': 'SimpleImputer', 'strategy': 'median'}. Best is trial 1 with value: 0.29366171777361083.
[I 2024-11-05 04:10:19,231] Trial 31 finished with value: 0.29366171777361083 and parameters: {'model_name': 'SimpleImputer', 'strategy': 'mean'}. Best is trial 1 with value: 0.29366171777361083.
[I 2024-11-05 04:10:19,365] Trial 26 finished with value: 0.29366171777361083 and parameters: {'model_name': 'SimpleImputer', 'strategy': 'mean'}. Best is trial 1 with value: 0.29366171777361083.
[I 2024-11-05 04:10:19,502] Trial 27 finished with value: 0.29366171777361083 and parameters: {'model_name': 'SimpleImputer', 'strategy': 'mean'}. Best is trial 1 with value: 0.29366171777361083.
[I 2024-11-05 04:10:19,678] Trial 33 finished with value: 0.29366171777361083 and parameters: {'model_name': 'SimpleImputer', 'strategy': 'mean'}. Best is trial 1 with value: 0.29366171777361083.
running
running
running
running
[I 2024-11-05 04:10:19,879] Trial 24 finished with value: 0.3202090255220681 and parameters: {'model_name': 'SimpleImputer', 'strategy': 'median'}. Best is trial 1 with value: 0.29366171777361083.
running
[I 2024-11-05 04:10:20,045] Trial 25 finished with value: 0.4680224952863011 and parameters: {'model_name': 'SimpleImputer', 'strategy': 'most_frequent'}. Best is trial 1 with value: 0.29366171777361083.
running
[I 2024-11-05 04:10:20,195] Trial 28 finished with value: 0.29366171777361083 and parameters: {'model_name': 'SimpleImputer', 'strategy': 'mean'}. Best is trial 1 with value: 0.29366171777361083.
running
[I 2024-11-05 04:10:20,348] Trial 35 finished with value: 0.29366171777361083 and parameters: {'model_name': 'SimpleImputer', 'strategy': 'mean'}. Best is trial 1 with value: 0.29366171777361083.
[I 2024-11-05 04:10:20,516] Trial 18 finished with value: 0.4680224952863011 and parameters: {'model_name': 'SimpleImputer', 'strategy': 'most_frequent'}. Best is trial 1 with value: 0.29366171777361083.
[I 2024-11-05 04:10:20,658] Trial 36 finished with value: 0.29366171777361083 and parameters: {'model_name': 'SimpleImputer', 'strategy': 'mean'}. Best is trial 1 with value: 0.29366171777361083.
running
running
running
running
[I 2024-11-05 04:10:20,899] Trial 29 finished with value: 0.29366171777361083 and parameters: {'model_name': 'SimpleImputer', 'strategy': 'mean'}. Best is trial 1 with value: 0.29366171777361083.
running
[I 2024-11-05 04:10:21,073] Trial 38 finished with value: 0.29366171777361083 and parameters: {'model_name': 'SimpleImputer', 'strategy': 'mean'}. Best is trial 1 with value: 0.29366171777361083.
running
[I 2024-11-05 04:10:21,344] Trial 37 finished with value: 0.29366171777361083 and parameters: {'model_name': 'SimpleImputer', 'strategy': 'mean'}. Best is trial 1 with value: 0.29366171777361083.
running
[I 2024-11-05 04:10:21,535] Trial 49 finished with value: 0.29366171777361083 and parameters: {'model_name': 'SimpleImputer', 'strategy': 'mean'}. Best is trial 1 with value: 0.29366171777361083.
running
[I 2024-11-05 04:10:21,707] Trial 40 finished with value: 0.29366171777361083 and parameters: {'model_name': 'SimpleImputer', 'strategy': 'mean'}. Best is trial 1 with value: 0.29366171777361083.
[I 2024-11-05 04:10:21,830] Trial 44 finished with value: 0.29366171777361083 and parameters: {'model_name': 'SimpleImputer', 'strategy': 'mean'}. Best is trial 1 with value: 0.29366171777361083.
running
[I 2024-11-05 04:10:21,994] Trial 47 finished with value: 0.29366171777361083 and parameters: {'model_name': 'SimpleImputer', 'strategy': 'mean'}. Best is trial 1 with value: 0.29366171777361083.
running
[I 2024-11-05 04:10:22,238] Trial 41 finished with value: 0.29366171777361083 and parameters: {'model_name': 'SimpleImputer', 'strategy': 'mean'}. Best is trial 1 with value: 0.29366171777361083.
[I 2024-11-05 04:10:22,388] Trial 43 finished with value: 0.29366171777361083 and parameters: {'model_name': 'SimpleImputer', 'strategy': 'mean'}. Best is trial 1 with value: 0.29366171777361083.
running
[I 2024-11-05 04:10:22,536] Trial 48 finished with value: 0.29366171777361083 and parameters: {'model_name': 'SimpleImputer', 'strategy': 'mean'}. Best is trial 1 with value: 0.29366171777361083.
running
running
[I 2024-11-05 04:10:22,545] Trial 39 finished with value: 0.29366171777361083 and parameters: {'model_name': 'SimpleImputer', 'strategy': 'mean'}. Best is trial 1 with value: 0.29366171777361083.
running
running
[I 2024-11-05 04:10:22,693] Trial 46 finished with value: 0.29366171777361083 and parameters: {'model_name': 'SimpleImputer', 'strategy': 'mean'}. Best is trial 1 with value: 0.29366171777361083.
[I 2024-11-05 04:10:22,703] Trial 45 finished with value: 0.29366171777361083 and parameters: {'model_name': 'SimpleImputer', 'strategy': 'mean'}. Best is trial 1 with value: 0.29366171777361083.
running
[I 2024-11-05 04:10:22,857] Trial 42 finished with value: 0.29366171777361083 and parameters: {'model_name': 'SimpleImputer', 'strategy': 'mean'}. Best is trial 1 with value: 0.29366171777361083.
[I 2024-11-05 04:10:22,858] Trial 53 finished with value: 0.29366171777361083 and parameters: {'model_name': 'SimpleImputer', 'strategy': 'mean'}. Best is trial 1 with value: 0.29366171777361083.
running
running
running
[I 2024-11-05 04:10:23,474] Trial 52 finished with value: 0.29366171777361083 and parameters: {'model_name': 'SimpleImputer', 'strategy': 'mean'}. Best is trial 1 with value: 0.29366171777361083.
running
[I 2024-11-05 04:10:23,672] Trial 51 finished with value: 0.29366171777361083 and parameters: {'model_name': 'SimpleImputer', 'strategy': 'mean'}. Best is trial 1 with value: 0.29366171777361083.
running
[I 2024-11-05 04:10:23,877] Trial 50 finished with value: 0.29366171777361083 and parameters: {'model_name': 'SimpleImputer', 'strategy': 'mean'}. Best is trial 1 with value: 0.29366171777361083.
running
[I 2024-11-05 04:10:24,064] Trial 54 finished with value: 0.29366171777361083 and parameters: {'model_name': 'SimpleImputer', 'strategy': 'mean'}. Best is trial 1 with value: 0.29366171777361083.
[I 2024-11-05 04:10:24,236] Trial 57 finished with value: 0.29366171777361083 and parameters: {'model_name': 'SimpleImputer', 'strategy': 'mean'}. Best is trial 1 with value: 0.29366171777361083.
running
running
[I 2024-11-05 04:10:24,488] Trial 55 finished with value: 0.29366171777361083 and parameters: {'model_name': 'SimpleImputer', 'strategy': 'mean'}. Best is trial 1 with value: 0.29366171777361083.
[I 2024-11-05 04:10:24,625] Trial 56 finished with value: 0.29366171777361083 and parameters: {'model_name': 'SimpleImputer', 'strategy': 'mean'}. Best is trial 1 with value: 0.29366171777361083.
running
running
[I 2024-11-05 04:10:24,803] Trial 65 finished with value: 0.3202090255220681 and parameters: {'model_name': 'SimpleImputer', 'strategy': 'median'}. Best is trial 1 with value: 0.29366171777361083.
running
[I 2024-11-05 04:10:24,967] Trial 64 finished with value: 0.3202090255220681 and parameters: {'model_name': 'SimpleImputer', 'strategy': 'median'}. Best is trial 1 with value: 0.29366171777361083.
running
[I 2024-11-05 04:10:25,187] Trial 61 finished with value: 0.3202090255220681 and parameters: {'model_name': 'SimpleImputer', 'strategy': 'median'}. Best is trial 1 with value: 0.29366171777361083.
running
[I 2024-11-05 04:10:25,391] Trial 60 finished with value: 0.3202090255220681 and parameters: {'model_name': 'SimpleImputer', 'strategy': 'median'}. Best is trial 1 with value: 0.29366171777361083.
running
[I 2024-11-05 04:10:25,562] Trial 59 finished with value: 0.3202090255220681 and parameters: {'model_name': 'SimpleImputer', 'strategy': 'median'}. Best is trial 1 with value: 0.29366171777361083.
[I 2024-11-05 04:10:25,688] Trial 63 finished with value: 0.3202090255220681 and parameters: {'model_name': 'SimpleImputer', 'strategy': 'median'}. Best is trial 1 with value: 0.29366171777361083.
[I 2024-11-05 04:10:25,820] Trial 58 finished with value: 0.3202090255220681 and parameters: {'model_name': 'SimpleImputer', 'strategy': 'median'}. Best is trial 1 with value: 0.29366171777361083.
running
running
running
[I 2024-11-05 04:10:26,013] Trial 66 finished with value: 0.3202090255220681 and parameters: {'model_name': 'SimpleImputer', 'strategy': 'median'}. Best is trial 1 with value: 0.29366171777361083.
[I 2024-11-05 04:10:26,165] Trial 62 finished with value: 0.4680224952863011 and parameters: {'model_name': 'SimpleImputer', 'strategy': 'most_frequent'}. Best is trial 1 with value: 0.29366171777361083.
running
[I 2024-11-05 04:10:26,343] Trial 67 finished with value: 0.3202090255220681 and parameters: {'model_name': 'SimpleImputer', 'strategy': 'median'}. Best is trial 1 with value: 0.29366171777361083.
running
running
[I 2024-11-05 04:10:26,598] Trial 69 finished with value: 0.3202090255220681 and parameters: {'model_name': 'SimpleImputer', 'strategy': 'median'}. Best is trial 1 with value: 0.29366171777361083.
running
[I 2024-11-05 04:10:26,827] Trial 71 finished with value: 0.3202090255220681 and parameters: {'model_name': 'SimpleImputer', 'strategy': 'median'}. Best is trial 1 with value: 0.29366171777361083.
[I 2024-11-05 04:10:26,972] Trial 68 finished with value: 0.3202090255220681 and parameters: {'model_name': 'SimpleImputer', 'strategy': 'median'}. Best is trial 1 with value: 0.29366171777361083.
running
running
[I 2024-11-05 04:10:27,197] Trial 70 finished with value: 0.3202090255220681 and parameters: {'model_name': 'SimpleImputer', 'strategy': 'median'}. Best is trial 1 with value: 0.29366171777361083.
[I 2024-11-05 04:10:27,353] Trial 81 finished with value: 0.4680224952863011 and parameters: {'model_name': 'SimpleImputer', 'strategy': 'constant'}. Best is trial 1 with value: 0.29366171777361083.
running
running
[I 2024-11-05 04:10:27,515] Trial 82 finished with value: 0.4680224952863011 and parameters: {'model_name': 'SimpleImputer', 'strategy': 'constant'}. Best is trial 1 with value: 0.29366171777361083.
running
[I 2024-11-05 04:10:27,670] Trial 73 finished with value: 0.3202090255220681 and parameters: {'model_name': 'SimpleImputer', 'strategy': 'median'}. Best is trial 1 with value: 0.29366171777361083.
running
[I 2024-11-05 04:10:27,804] Trial 72 finished with value: 0.3202090255220681 and parameters: {'model_name': 'SimpleImputer', 'strategy': 'median'}. Best is trial 1 with value: 0.29366171777361083.
[I 2024-11-05 04:10:27,953] Trial 83 finished with value: 0.4680224952863011 and parameters: {'model_name': 'SimpleImputer', 'strategy': 'constant'}. Best is trial 1 with value: 0.29366171777361083.
running
running
[I 2024-11-05 04:10:28,232] Trial 86 finished with value: 0.4680224952863011 and parameters: {'model_name': 'SimpleImputer', 'strategy': 'constant'}. Best is trial 1 with value: 0.29366171777361083.
running
[I 2024-11-05 04:10:28,393] Trial 79 finished with value: 0.4680224952863011 and parameters: {'model_name': 'SimpleImputer', 'strategy': 'constant'}. Best is trial 1 with value: 0.29366171777361083.
running
[I 2024-11-05 04:10:28,534] Trial 75 finished with value: 0.4680224952863011 and parameters: {'model_name': 'SimpleImputer', 'strategy': 'most_frequent'}. Best is trial 1 with value: 0.29366171777361083.
[I 2024-11-05 04:10:28,659] Trial 77 finished with value: 0.4680224952863011 and parameters: {'model_name': 'SimpleImputer', 'strategy': 'most_frequent'}. Best is trial 1 with value: 0.29366171777361083.
[I 2024-11-05 04:10:28,774] Trial 76 finished with value: 0.4680224952863011 and parameters: {'model_name': 'SimpleImputer', 'strategy': 'most_frequent'}. Best is trial 1 with value: 0.29366171777361083.
running
running
running
[I 2024-11-05 04:10:28,959] Trial 74 finished with value: 0.4680224952863011 and parameters: {'model_name': 'SimpleImputer', 'strategy': 'most_frequent'}. Best is trial 1 with value: 0.29366171777361083.
[I 2024-11-05 04:10:29,076] Trial 85 finished with value: 0.4680224952863011 and parameters: {'model_name': 'SimpleImputer', 'strategy': 'constant'}. Best is trial 1 with value: 0.29366171777361083.
[I 2024-11-05 04:10:29,228] Trial 78 finished with value: 0.4680224952863011 and parameters: {'model_name': 'SimpleImputer', 'strategy': 'most_frequent'}. Best is trial 1 with value: 0.29366171777361083.
running
running
[I 2024-11-05 04:10:29,413] Trial 84 finished with value: 0.4680224952863011 and parameters: {'model_name': 'SimpleImputer', 'strategy': 'constant'}. Best is trial 1 with value: 0.29366171777361083.
running
running
[I 2024-11-05 04:10:29,700] Trial 93 finished with value: 0.29366171777361083 and parameters: {'model_name': 'SimpleImputer', 'strategy': 'mean'}. Best is trial 1 with value: 0.29366171777361083.
[I 2024-11-05 04:10:29,840] Trial 87 finished with value: 0.29366171777361083 and parameters: {'model_name': 'SimpleImputer', 'strategy': 'mean'}. Best is trial 1 with value: 0.29366171777361083.
running
running
[I 2024-11-05 04:10:30,129] Trial 98 finished with value: 0.29366171777361083 and parameters: {'model_name': 'SimpleImputer', 'strategy': 'mean'}. Best is trial 1 with value: 0.29366171777361083.
running
[I 2024-11-05 04:10:30,274] Trial 80 finished with value: 0.4680224952863011 and parameters: {'model_name': 'SimpleImputer', 'strategy': 'most_frequent'}. Best is trial 1 with value: 0.29366171777361083.
[I 2024-11-05 04:10:30,404] Trial 96 finished with value: 0.29366171777361083 and parameters: {'model_name': 'SimpleImputer', 'strategy': 'mean'}. Best is trial 1 with value: 0.29366171777361083.
running
running
[I 2024-11-05 04:10:30,561] Trial 97 finished with value: 0.29366171777361083 and parameters: {'model_name': 'SimpleImputer', 'strategy': 'mean'}. Best is trial 1 with value: 0.29366171777361083.
[I 2024-11-05 04:10:30,685] Trial 95 finished with value: 0.29366171777361083 and parameters: {'model_name': 'SimpleImputer', 'strategy': 'mean'}. Best is trial 1 with value: 0.29366171777361083.
running
[I 2024-11-05 04:10:30,878] Trial 91 finished with value: 0.4680224952863011 and parameters: {'model_name': 'SimpleImputer', 'strategy': 'most_frequent'}. Best is trial 1 with value: 0.29366171777361083.
running
running
[I 2024-11-05 04:10:31,150] Trial 100 finished with value: 0.29366171777361083 and parameters: {'model_name': 'SimpleImputer', 'strategy': 'mean'}. Best is trial 1 with value: 0.29366171777361083.
running
[I 2024-11-05 04:10:31,356] Trial 89 finished with value: 0.4680224952863011 and parameters: {'model_name': 'SimpleImputer', 'strategy': 'most_frequent'}. Best is trial 1 with value: 0.29366171777361083.
[I 2024-11-05 04:10:31,359] Trial 101 finished with value: 0.29366171777361083 and parameters: {'model_name': 'SimpleImputer', 'strategy': 'mean'}. Best is trial 1 with value: 0.29366171777361083.
[I 2024-11-05 04:10:31,490] Trial 99 finished with value: 0.29366171777361083 and parameters: {'model_name': 'SimpleImputer', 'strategy': 'mean'}. Best is trial 1 with value: 0.29366171777361083.
[I 2024-11-05 04:10:31,504] Trial 90 finished with value: 0.4680224952863011 and parameters: {'model_name': 'SimpleImputer', 'strategy': 'most_frequent'}. Best is trial 1 with value: 0.29366171777361083.
[I 2024-11-05 04:10:31,630] Trial 92 finished with value: 0.4680224952863011 and parameters: {'model_name': 'SimpleImputer', 'strategy': 'most_frequent'}. Best is trial 1 with value: 0.29366171777361083.
[I 2024-11-05 04:10:31,645] Trial 108 finished with value: 0.29366171777361083 and parameters: {'model_name': 'SimpleImputer', 'strategy': 'mean'}. Best is trial 1 with value: 0.29366171777361083.
running
running
running
[I 2024-11-05 04:10:31,791] Trial 88 finished with value: 0.4680224952863011 and parameters: {'model_name': 'SimpleImputer', 'strategy': 'most_frequent'}. Best is trial 1 with value: 0.29366171777361083.
running
[I 2024-11-05 04:10:32,339] Trial 102 finished with value: 0.29366171777361083 and parameters: {'model_name': 'SimpleImputer', 'strategy': 'mean'}. Best is trial 1 with value: 0.29366171777361083.
[I 2024-11-05 04:10:32,466] Trial 94 finished with value: 0.4680224952863011 and parameters: {'model_name': 'SimpleImputer', 'strategy': 'most_frequent'}. Best is trial 1 with value: 0.29366171777361083.
running
[I 2024-11-05 04:10:32,661] Trial 109 finished with value: 0.29366171777361083 and parameters: {'model_name': 'SimpleImputer', 'strategy': 'mean'}. Best is trial 1 with value: 0.29366171777361083.
running
[I 2024-11-05 04:10:32,810] Trial 104 finished with value: 0.29366171777361083 and parameters: {'model_name': 'SimpleImputer', 'strategy': 'mean'}. Best is trial 1 with value: 0.29366171777361083.
[I 2024-11-05 04:10:32,935] Trial 103 finished with value: 0.29366171777361083 and parameters: {'model_name': 'SimpleImputer', 'strategy': 'mean'}. Best is trial 1 with value: 0.29366171777361083.
[I 2024-11-05 04:10:33,050] Trial 107 finished with value: 0.29366171777361083 and parameters: {'model_name': 'SimpleImputer', 'strategy': 'mean'}. Best is trial 1 with value: 0.29366171777361083.
[I 2024-11-05 04:10:33,211] Trial 105 finished with value: 0.29366171777361083 and parameters: {'model_name': 'SimpleImputer', 'strategy': 'mean'}. Best is trial 1 with value: 0.29366171777361083.
running
[I 2024-11-05 04:10:33,402] Trial 106 finished with value: 0.29366171777361083 and parameters: {'model_name': 'SimpleImputer', 'strategy': 'mean'}. Best is trial 1 with value: 0.29366171777361083.
running
running
[I 2024-11-05 04:10:33,601] Trial 110 finished with value: 0.29366171777361083 and parameters: {'model_name': 'SimpleImputer', 'strategy': 'mean'}. Best is trial 1 with value: 0.29366171777361083.
running
running
running
running
running
running
[I 2024-11-05 04:10:33,903] Trial 111 finished with value: 0.29366171777361083 and parameters: {'model_name': 'SimpleImputer', 'strategy': 'mean'}. Best is trial 1 with value: 0.29366171777361083.
running
running
[I 2024-11-05 04:10:34,102] Trial 114 finished with value: 0.29366171777361083 and parameters: {'model_name': 'SimpleImputer', 'strategy': 'mean'}. Best is trial 1 with value: 0.29366171777361083.
running
[I 2024-11-05 04:10:34,308] Trial 112 finished with value: 0.29366171777361083 and parameters: {'model_name': 'SimpleImputer', 'strategy': 'mean'}. Best is trial 1 with value: 0.29366171777361083.
running
[I 2024-11-05 04:10:34,483] Trial 122 finished with value: 0.29366171777361083 and parameters: {'model_name': 'SimpleImputer', 'strategy': 'mean'}. Best is trial 1 with value: 0.29366171777361083.
running
[I 2024-11-05 04:10:34,587] Trial 116 finished with value: 0.29366171777361083 and parameters: {'model_name': 'SimpleImputer', 'strategy': 'mean'}. Best is trial 1 with value: 0.29366171777361083.
running
[I 2024-11-05 04:10:34,765] Trial 118 finished with value: 0.29366171777361083 and parameters: {'model_name': 'SimpleImputer', 'strategy': 'mean'}. Best is trial 1 with value: 0.29366171777361083.
running
[I 2024-11-05 04:10:34,933] Trial 119 finished with value: 0.29366171777361083 and parameters: {'model_name': 'SimpleImputer', 'strategy': 'mean'}. Best is trial 1 with value: 0.29366171777361083.
[I 2024-11-05 04:10:35,056] Trial 121 finished with value: 0.29366171777361083 and parameters: {'model_name': 'SimpleImputer', 'strategy': 'mean'}. Best is trial 1 with value: 0.29366171777361083.
running
[I 2024-11-05 04:10:35,230] Trial 115 finished with value: 0.29366171777361083 and parameters: {'model_name': 'SimpleImputer', 'strategy': 'mean'}. Best is trial 1 with value: 0.29366171777361083.
running
running
[I 2024-11-05 04:10:35,450] Trial 113 finished with value: 0.29366171777361083 and parameters: {'model_name': 'SimpleImputer', 'strategy': 'mean'}. Best is trial 1 with value: 0.29366171777361083.
running
[I 2024-11-05 04:10:35,622] Trial 126 finished with value: 0.29366171777361083 and parameters: {'model_name': 'SimpleImputer', 'strategy': 'mean'}. Best is trial 1 with value: 0.29366171777361083.
running
[I 2024-11-05 04:10:35,754] Trial 128 finished with value: 0.29366171777361083 and parameters: {'model_name': 'SimpleImputer', 'strategy': 'mean'}. Best is trial 1 with value: 0.29366171777361083.
running
[I 2024-11-05 04:10:35,897] Trial 117 finished with value: 0.29366171777361083 and parameters: {'model_name': 'SimpleImputer', 'strategy': 'mean'}. Best is trial 1 with value: 0.29366171777361083.
[I 2024-11-05 04:10:36,006] Trial 123 finished with value: 0.29366171777361083 and parameters: {'model_name': 'SimpleImputer', 'strategy': 'mean'}. Best is trial 1 with value: 0.29366171777361083.
[I 2024-11-05 04:10:36,106] Trial 127 finished with value: 0.29366171777361083 and parameters: {'model_name': 'SimpleImputer', 'strategy': 'mean'}. Best is trial 1 with value: 0.29366171777361083.
running
running
running
[I 2024-11-05 04:10:36,306] Trial 125 finished with value: 0.29366171777361083 and parameters: {'model_name': 'SimpleImputer', 'strategy': 'mean'}. Best is trial 1 with value: 0.29366171777361083.
[I 2024-11-05 04:10:36,493] Trial 120 finished with value: 0.29366171777361083 and parameters: {'model_name': 'SimpleImputer', 'strategy': 'mean'}. Best is trial 1 with value: 0.29366171777361083.
running
[I 2024-11-05 04:10:36,604] Trial 124 finished with value: 0.29366171777361083 and parameters: {'model_name': 'SimpleImputer', 'strategy': 'mean'}. Best is trial 1 with value: 0.29366171777361083.
running
running
[I 2024-11-05 04:10:36,762] Trial 130 finished with value: 0.29366171777361083 and parameters: {'model_name': 'SimpleImputer', 'strategy': 'mean'}. Best is trial 1 with value: 0.29366171777361083.
running
[I 2024-11-05 04:10:36,934] Trial 136 finished with value: 0.29366171777361083 and parameters: {'model_name': 'SimpleImputer', 'strategy': 'mean'}. Best is trial 1 with value: 0.29366171777361083.
[I 2024-11-05 04:10:37,125] Trial 129 finished with value: 0.29366171777361083 and parameters: {'model_name': 'SimpleImputer', 'strategy': 'mean'}. Best is trial 1 with value: 0.29366171777361083.
running
[I 2024-11-05 04:10:37,271] Trial 131 finished with value: 0.29366171777361083 and parameters: {'model_name': 'SimpleImputer', 'strategy': 'mean'}. Best is trial 1 with value: 0.29366171777361083.
running
[I 2024-11-05 04:10:37,459] Trial 134 finished with value: 0.29366171777361083 and parameters: {'model_name': 'SimpleImputer', 'strategy': 'mean'}. Best is trial 1 with value: 0.29366171777361083.
running
running
[I 2024-11-05 04:10:37,592] Trial 135 finished with value: 0.29366171777361083 and parameters: {'model_name': 'SimpleImputer', 'strategy': 'mean'}. Best is trial 1 with value: 0.29366171777361083.
running
[I 2024-11-05 04:10:37,729] Trial 132 finished with value: 0.29366171777361083 and parameters: {'model_name': 'SimpleImputer', 'strategy': 'mean'}. Best is trial 1 with value: 0.29366171777361083.
running
[I 2024-11-05 04:10:37,860] Trial 137 finished with value: 0.29366171777361083 and parameters: {'model_name': 'SimpleImputer', 'strategy': 'mean'}. Best is trial 1 with value: 0.29366171777361083.
[I 2024-11-05 04:10:37,953] Trial 133 finished with value: 0.29366171777361083 and parameters: {'model_name': 'SimpleImputer', 'strategy': 'mean'}. Best is trial 1 with value: 0.29366171777361083.
running
running
[I 2024-11-05 04:10:38,158] Trial 138 finished with value: 0.29366171777361083 and parameters: {'model_name': 'SimpleImputer', 'strategy': 'mean'}. Best is trial 1 with value: 0.29366171777361083.
running
[I 2024-11-05 04:10:38,279] Trial 140 finished with value: 0.29366171777361083 and parameters: {'model_name': 'SimpleImputer', 'strategy': 'mean'}. Best is trial 1 with value: 0.29366171777361083.
running
[I 2024-11-05 04:10:38,454] Trial 142 finished with value: 0.29366171777361083 and parameters: {'model_name': 'SimpleImputer', 'strategy': 'mean'}. Best is trial 1 with value: 0.29366171777361083.
[I 2024-11-05 04:10:38,627] Trial 141 finished with value: 0.29366171777361083 and parameters: {'model_name': 'SimpleImputer', 'strategy': 'mean'}. Best is trial 1 with value: 0.29366171777361083.
running
running
[I 2024-11-05 04:10:38,777] Trial 139 finished with value: 0.29366171777361083 and parameters: {'model_name': 'SimpleImputer', 'strategy': 'mean'}. Best is trial 1 with value: 0.29366171777361083.
running
[I 2024-11-05 04:10:38,919] Trial 145 finished with value: 0.29366171777361083 and parameters: {'model_name': 'SimpleImputer', 'strategy': 'mean'}. Best is trial 1 with value: 0.29366171777361083.
[I 2024-11-05 04:10:39,022] Trial 144 finished with value: 0.29366171777361083 and parameters: {'model_name': 'SimpleImputer', 'strategy': 'mean'}. Best is trial 1 with value: 0.29366171777361083.
running
running
[I 2024-11-05 04:10:39,279] Trial 143 finished with value: 0.29366171777361083 and parameters: {'model_name': 'SimpleImputer', 'strategy': 'mean'}. Best is trial 1 with value: 0.29366171777361083.
running
[I 2024-11-05 04:10:39,468] Trial 148 finished with value: 0.29366171777361083 and parameters: {'model_name': 'SimpleImputer', 'strategy': 'mean'}. Best is trial 1 with value: 0.29366171777361083.
running
[I 2024-11-05 04:10:39,613] Trial 153 finished with value: 0.29366171777361083 and parameters: {'model_name': 'SimpleImputer', 'strategy': 'mean'}. Best is trial 1 with value: 0.29366171777361083.
[I 2024-11-05 04:10:39,779] Trial 150 finished with value: 0.29366171777361083 and parameters: {'model_name': 'SimpleImputer', 'strategy': 'mean'}. Best is trial 1 with value: 0.29366171777361083.
running
[I 2024-11-05 04:10:39,911] Trial 147 finished with value: 0.29366171777361083 and parameters: {'model_name': 'SimpleImputer', 'strategy': 'mean'}. Best is trial 1 with value: 0.29366171777361083.
[I 2024-11-05 04:10:40,118] Trial 146 finished with value: 0.29366171777361083 and parameters: {'model_name': 'SimpleImputer', 'strategy': 'mean'}. Best is trial 1 with value: 0.29366171777361083.
running
running
running
[I 2024-11-05 04:10:40,259] Trial 156 finished with value: 0.29366171777361083 and parameters: {'model_name': 'SimpleImputer', 'strategy': 'mean'}. Best is trial 1 with value: 0.29366171777361083.
[I 2024-11-05 04:10:40,436] Trial 151 finished with value: 0.29366171777361083 and parameters: {'model_name': 'SimpleImputer', 'strategy': 'mean'}. Best is trial 1 with value: 0.29366171777361083.
running
running
[I 2024-11-05 04:10:40,584] Trial 158 finished with value: 0.29366171777361083 and parameters: {'model_name': 'SimpleImputer', 'strategy': 'mean'}. Best is trial 1 with value: 0.29366171777361083.
[I 2024-11-05 04:10:40,681] Trial 155 finished with value: 0.29366171777361083 and parameters: {'model_name': 'SimpleImputer', 'strategy': 'mean'}. Best is trial 1 with value: 0.29366171777361083.
[I 2024-11-05 04:10:40,777] Trial 152 finished with value: 0.29366171777361083 and parameters: {'model_name': 'SimpleImputer', 'strategy': 'mean'}. Best is trial 1 with value: 0.29366171777361083.
running
running
running
[I 2024-11-05 04:10:41,003] Trial 149 finished with value: 0.29366171777361083 and parameters: {'model_name': 'SimpleImputer', 'strategy': 'mean'}. Best is trial 1 with value: 0.29366171777361083.
running
[I 2024-11-05 04:10:41,215] Trial 154 finished with value: 0.29366171777361083 and parameters: {'model_name': 'SimpleImputer', 'strategy': 'mean'}. Best is trial 1 with value: 0.29366171777361083.
running
[I 2024-11-05 04:10:41,453] Trial 161 finished with value: 0.29366171777361083 and parameters: {'model_name': 'SimpleImputer', 'strategy': 'mean'}. Best is trial 1 with value: 0.29366171777361083.
[I 2024-11-05 04:10:41,600] Trial 157 finished with value: 0.29366171777361083 and parameters: {'model_name': 'SimpleImputer', 'strategy': 'mean'}. Best is trial 1 with value: 0.29366171777361083.
running
running
[I 2024-11-05 04:10:41,783] Trial 168 finished with value: 0.29366171777361083 and parameters: {'model_name': 'SimpleImputer', 'strategy': 'mean'}. Best is trial 1 with value: 0.29366171777361083.
[I 2024-11-05 04:10:41,888] Trial 160 finished with value: 0.29366171777361083 and parameters: {'model_name': 'SimpleImputer', 'strategy': 'mean'}. Best is trial 1 with value: 0.29366171777361083.
[I 2024-11-05 04:10:42,060] Trial 159 finished with value: 0.29366171777361083 and parameters: {'model_name': 'SimpleImputer', 'strategy': 'mean'}. Best is trial 1 with value: 0.29366171777361083.
running
running
running
[I 2024-11-05 04:10:42,232] Trial 172 finished with value: 0.29366171777361083 and parameters: {'model_name': 'SimpleImputer', 'strategy': 'mean'}. Best is trial 1 with value: 0.29366171777361083.
[I 2024-11-05 04:10:42,431] Trial 166 finished with value: 0.29366171777361083 and parameters: {'model_name': 'SimpleImputer', 'strategy': 'mean'}. Best is trial 1 with value: 0.29366171777361083.
[I 2024-11-05 04:10:42,537] Trial 167 finished with value: 0.29366171777361083 and parameters: {'model_name': 'SimpleImputer', 'strategy': 'mean'}. Best is trial 1 with value: 0.29366171777361083.
running
running
[I 2024-11-05 04:10:42,654] Trial 165 finished with value: 0.29366171777361083 and parameters: {'model_name': 'SimpleImputer', 'strategy': 'mean'}. Best is trial 1 with value: 0.29366171777361083.
[I 2024-11-05 04:10:42,750] Trial 164 finished with value: 0.29366171777361083 and parameters: {'model_name': 'SimpleImputer', 'strategy': 'mean'}. Best is trial 1 with value: 0.29366171777361083.
running
running
[I 2024-11-05 04:10:42,963] Trial 169 finished with value: 0.29366171777361083 and parameters: {'model_name': 'SimpleImputer', 'strategy': 'mean'}. Best is trial 1 with value: 0.29366171777361083.
[I 2024-11-05 04:10:43,075] Trial 171 finished with value: 0.29366171777361083 and parameters: {'model_name': 'SimpleImputer', 'strategy': 'mean'}. Best is trial 1 with value: 0.29366171777361083.
[I 2024-11-05 04:10:43,250] Trial 163 finished with value: 0.29366171777361083 and parameters: {'model_name': 'SimpleImputer', 'strategy': 'mean'}. Best is trial 1 with value: 0.29366171777361083.
[I 2024-11-05 04:10:43,419] Trial 162 finished with value: 0.29366171777361083 and parameters: {'model_name': 'SimpleImputer', 'strategy': 'mean'}. Best is trial 1 with value: 0.29366171777361083.
running
running
[I 2024-11-05 04:10:43,592] Trial 170 finished with value: 0.29366171777361083 and parameters: {'model_name': 'SimpleImputer', 'strategy': 'mean'}. Best is trial 1 with value: 0.29366171777361083.
running
running
running
running
[I 2024-11-05 04:10:43,830] Trial 178 finished with value: 0.29366171777361083 and parameters: {'model_name': 'SimpleImputer', 'strategy': 'mean'}. Best is trial 1 with value: 0.29366171777361083.
running
[I 2024-11-05 04:10:44,048] Trial 175 finished with value: 0.29366171777361083 and parameters: {'model_name': 'SimpleImputer', 'strategy': 'mean'}. Best is trial 1 with value: 0.29366171777361083.
running
[I 2024-11-05 04:10:44,275] Trial 174 finished with value: 0.29366171777361083 and parameters: {'model_name': 'SimpleImputer', 'strategy': 'mean'}. Best is trial 1 with value: 0.29366171777361083.
[I 2024-11-05 04:10:44,454] Trial 176 finished with value: 0.29366171777361083 and parameters: {'model_name': 'SimpleImputer', 'strategy': 'mean'}. Best is trial 1 with value: 0.29366171777361083.
running
running
[I 2024-11-05 04:10:44,591] Trial 173 finished with value: 0.29366171777361083 and parameters: {'model_name': 'SimpleImputer', 'strategy': 'mean'}. Best is trial 1 with value: 0.29366171777361083.
[I 2024-11-05 04:10:44,696] Trial 184 finished with value: 0.29366171777361083 and parameters: {'model_name': 'SimpleImputer', 'strategy': 'mean'}. Best is trial 1 with value: 0.29366171777361083.
running
[I 2024-11-05 04:10:44,793] Trial 180 finished with value: 0.29366171777361083 and parameters: {'model_name': 'SimpleImputer', 'strategy': 'mean'}. Best is trial 1 with value: 0.29366171777361083.
running
running
[I 2024-11-05 04:10:44,997] Trial 182 finished with value: 0.29366171777361083 and parameters: {'model_name': 'SimpleImputer', 'strategy': 'mean'}. Best is trial 1 with value: 0.29366171777361083.
[I 2024-11-05 04:10:45,183] Trial 181 finished with value: 0.29366171777361083 and parameters: {'model_name': 'SimpleImputer', 'strategy': 'mean'}. Best is trial 1 with value: 0.29366171777361083.
running
[I 2024-11-05 04:10:45,365] Trial 179 finished with value: 0.29366171777361083 and parameters: {'model_name': 'SimpleImputer', 'strategy': 'mean'}. Best is trial 1 with value: 0.29366171777361083.
running
running
[I 2024-11-05 04:10:45,540] Trial 185 finished with value: 0.29366171777361083 and parameters: {'model_name': 'SimpleImputer', 'strategy': 'mean'}. Best is trial 1 with value: 0.29366171777361083.
running
[I 2024-11-05 04:10:45,724] Trial 177 finished with value: 0.29366171777361083 and parameters: {'model_name': 'SimpleImputer', 'strategy': 'mean'}. Best is trial 1 with value: 0.29366171777361083.
[I 2024-11-05 04:10:45,870] Trial 183 finished with value: 0.29366171777361083 and parameters: {'model_name': 'SimpleImputer', 'strategy': 'mean'}. Best is trial 1 with value: 0.29366171777361083.
[I 2024-11-05 04:10:46,081] Trial 193 finished with value: 0.4680224952863011 and parameters: {'model_name': 'SimpleImputer', 'strategy': 'constant'}. Best is trial 1 with value: 0.29366171777361083.
[I 2024-11-05 04:10:46,193] Trial 195 finished with value: 0.4680224952863011 and parameters: {'model_name': 'SimpleImputer', 'strategy': 'constant'}. Best is trial 1 with value: 0.29366171777361083.
[I 2024-11-05 04:10:46,297] Trial 190 finished with value: 0.4680224952863011 and parameters: {'model_name': 'SimpleImputer', 'strategy': 'constant'}. Best is trial 1 with value: 0.29366171777361083.
[I 2024-11-05 04:10:46,414] Trial 186 finished with value: 0.29366171777361083 and parameters: {'model_name': 'SimpleImputer', 'strategy': 'mean'}. Best is trial 1 with value: 0.29366171777361083.
[I 2024-11-05 04:10:46,535] Trial 187 finished with value: 0.29366171777361083 and parameters: {'model_name': 'SimpleImputer', 'strategy': 'mean'}. Best is trial 1 with value: 0.29366171777361083.
[I 2024-11-05 04:10:46,647] Trial 189 finished with value: 0.29366171777361083 and parameters: {'model_name': 'SimpleImputer', 'strategy': 'mean'}. Best is trial 1 with value: 0.29366171777361083.
[I 2024-11-05 04:10:46,749] Trial 191 finished with value: 0.29366171777361083 and parameters: {'model_name': 'SimpleImputer', 'strategy': 'mean'}. Best is trial 1 with value: 0.29366171777361083.
[I 2024-11-05 04:10:46,851] Trial 197 finished with value: 0.4680224952863011 and parameters: {'model_name': 'SimpleImputer', 'strategy': 'constant'}. Best is trial 1 with value: 0.29366171777361083.
[I 2024-11-05 04:10:47,036] Trial 188 finished with value: 0.29366171777361083 and parameters: {'model_name': 'SimpleImputer', 'strategy': 'mean'}. Best is trial 1 with value: 0.29366171777361083.
[I 2024-11-05 04:10:47,174] Trial 199 finished with value: 0.4680224952863011 and parameters: {'model_name': 'SimpleImputer', 'strategy': 'constant'}. Best is trial 1 with value: 0.29366171777361083.
[I 2024-11-05 04:10:47,351] Trial 194 finished with value: 0.29366171777361083 and parameters: {'model_name': 'SimpleImputer', 'strategy': 'mean'}. Best is trial 1 with value: 0.29366171777361083.
[I 2024-11-05 04:10:47,464] Trial 198 finished with value: 0.4680224952863011 and parameters: {'model_name': 'SimpleImputer', 'strategy': 'constant'}. Best is trial 1 with value: 0.29366171777361083.
[I 2024-11-05 04:10:47,558] Trial 192 finished with value: 0.4680224952863011 and parameters: {'model_name': 'SimpleImputer', 'strategy': 'constant'}. Best is trial 1 with value: 0.29366171777361083.
[I 2024-11-05 04:10:47,649] Trial 196 finished with value: 0.4680224952863011 and parameters: {'model_name': 'SimpleImputer', 'strategy': 'constant'}. Best is trial 1 with value: 0.29366171777361083.
fit
simple fit
simple transform
0    0
1    0
2    0
3    0
dtype: int64
0    0
1    0
2    0
3    0
dtype: int64
0.29366171777361083
{'model_name': 'SimpleImputer', 'strategy': 'mean'}
running experiment 2/3 - Does reconstruction give good automl predictions
Start est fit
Version 0.1.7a0 of tpot2 is outdated. Version 0.1.8a0 was released Tuesday September 17, 2024.
Version 0.1.7a0 of tpot2 is outdated. Version 0.1.8a0 was released Tuesday September 17, 2024.
Version 0.1.7a0 of tpot2 is outdated. Version 0.1.8a0 was released Tuesday September 17, 2024.
Version 0.1.7a0 of tpot2 is outdated. Version 0.1.8a0 was released Tuesday September 17, 2024.
Version 0.1.7a0 of tpot2 is outdated. Version 0.1.8a0 was released Tuesday September 17, 2024.
Version 0.1.7a0 of tpot2 is outdated. Version 0.1.8a0 was released Tuesday September 17, 2024.
Version 0.1.7a0 of tpot2 is outdated. Version 0.1.8a0 was released Tuesday September 17, 2024.
Version 0.1.7a0 of tpot2 is outdated. Version 0.1.8a0 was released Tuesday September 17, 2024.
Version 0.1.7a0 of tpot2 is outdated. Version 0.1.8a0 was released Tuesday September 17, 2024.
Version 0.1.7a0 of tpot2 is outdated. Version 0.1.8a0 was released Tuesday September 17, 2024.
Version 0.1.7a0 of tpot2 is outdated. Version 0.1.8a0 was released Tuesday September 17, 2024.
Version 0.1.7a0 of tpot2 is outdated. Version 0.1.8a0 was released Tuesday September 17, 2024.
Version 0.1.7a0 of tpot2 is outdated. Version 0.1.8a0 was released Tuesday September 17, 2024.
Version 0.1.7a0 of tpot2 is outdated. Version 0.1.8a0 was released Tuesday September 17, 2024.
Version 0.1.7a0 of tpot2 is outdated. Version 0.1.8a0 was released Tuesday September 17, 2024.
Version 0.1.7a0 of tpot2 is outdated. Version 0.1.8a0 was released Tuesday September 17, 2024.
  0%|          | 0/25 [00:00<?, ?it/s]Generation:   0%|          | 0/25 [00:00<?, ?it/s]Generation:  1
Best f1_score score: 0.9747708729781792
Generation:   4%|▍         | 1/25 [01:16<30:43, 76.80s/it]Generation:  2
Best f1_score score: 0.9758907111621735
Generation:   8%|▊         | 2/25 [02:07<23:34, 61.51s/it]Generation:  3
Best f1_score score: 0.9758907111621735
Generation:  12%|█▏        | 3/25 [02:20<14:28, 39.46s/it]Generation:  4
Best f1_score score: 0.9772566911859852
Generation:  16%|█▌        | 4/25 [02:41<11:13, 32.09s/it]Generation:  5
Best f1_score score: 0.9795683935016521
Generation:  20%|██        | 5/25 [03:00<09:06, 27.34s/it]Generation:  6
Best f1_score score: 0.9795683935016521
Generation:  24%|██▍       | 6/25 [03:14<07:11, 22.73s/it]Generation:  7
Best f1_score score: 0.9795683935016521
Generation:  28%|██▊       | 7/25 [03:29<06:05, 20.32s/it]Generation:  8
Best f1_score score: 0.9795683935016521
Generation:  32%|███▏      | 8/25 [03:45<05:18, 18.76s/it]Generation:  9
Best f1_score score: 0.9795683935016521
Generation:  36%|███▌      | 9/25 [04:01<04:48, 18.05s/it]Generation:  10
Best f1_score score: 0.9795683935016521
Generation:  40%|████      | 10/25 [04:15<04:10, 16.68s/it]Generation:  11
Best f1_score score: 0.9795683935016521
Generation:  44%|████▍     | 11/25 [04:28<03:41, 15.79s/it]Generation:  12
Best f1_score score: 0.9795683935016521
Generation:  48%|████▊     | 12/25 [04:44<03:24, 15.74s/it]Generation:  13
Best f1_score score: 0.9795683935016521
Generation:  52%|█████▏    | 13/25 [05:02<03:17, 16.48s/it]Generation:  14
Best f1_score score: 0.9795683935016521
Generation:  56%|█████▌    | 14/25 [05:33<03:49, 20.86s/it]Generation:  15
Best f1_score score: 0.9795683935016521
Generation:  60%|██████    | 15/25 [05:49<03:12, 19.22s/it]Generation:  16
Best f1_score score: 0.9795683935016521
Generation:  64%|██████▍   | 16/25 [06:13<03:06, 20.71s/it]Generation:  17
Best f1_score score: 0.9798618336972819
Generation:  68%|██████▊   | 17/25 [11:09<13:47, 103.39s/it]Generation:  18
Best f1_score score: 0.9798618336972819
Generation:  72%|███████▏  | 18/25 [11:25<09:01, 77.38s/it] Generation:  19
Best f1_score score: 0.9798618336972819
Generation:  76%|███████▌  | 19/25 [11:45<06:00, 60.12s/it]Generation:  20
Best f1_score score: 0.9798618336972819
Generation:  80%|████████  | 20/25 [12:02<03:55, 47.15s/it]Generation:  21
Best f1_score score: 0.9798618336972819
Generation:  84%|████████▍ | 21/25 [14:07<04:41, 70.42s/it]Generation:  22
Best f1_score score: 0.9798618336972819
Generation:  88%|████████▊ | 22/25 [14:26<02:44, 54.92s/it]Generation:  23
Best f1_score score: 0.9798618336972819
Generation:  92%|█████████▏| 23/25 [14:44<01:28, 44.02s/it]Generation:  24
Best f1_score score: 0.9802853154732482
Generation:  96%|█████████▌| 24/25 [15:06<00:37, 37.34s/it]Generation:  25
Best f1_score score: 0.9802853154732482
Generation: 100%|██████████| 25/25 [16:10<00:00, 45.27s/it]Generation: 100%|██████████| 25/25 [16:14<00:00, 38.99s/it]
2024-11-05 04:27:08,561 - distributed.scheduler - ERROR - Removing worker 'tcp://127.0.0.1:41595' caused the cluster to lose scattered data, which can't be recovered: {'ndarray-782bc5f56dfe6ad3c3952dbb6d6329f9', 'ndarray-4268b78e02aa7c03aad706ee683273ba'} (stimulus_id='handle-worker-cleanup-1730809628.5616019')
2024-11-05 04:27:08,553 - distributed.worker - ERROR - Failed to communicate with scheduler during heartbeat.
Traceback (most recent call last):
  File "/common/ketrong/tpotexp/env/lib/python3.10/site-packages/distributed/comm/tcp.py", line 225, in read
    frames_nosplit_nbytes_bin = await stream.read_bytes(fmt_size)
tornado.iostream.StreamClosedError: Stream is closed

The above exception was the direct cause of the following exception:

Traceback (most recent call last):
  File "/common/ketrong/tpotexp/env/lib/python3.10/site-packages/distributed/worker.py", line 1250, in heartbeat
    response = await retry_operation(
  File "/common/ketrong/tpotexp/env/lib/python3.10/site-packages/distributed/utils_comm.py", line 459, in retry_operation
    return await retry(
  File "/common/ketrong/tpotexp/env/lib/python3.10/site-packages/distributed/utils_comm.py", line 438, in retry
    return await coro()
  File "/common/ketrong/tpotexp/env/lib/python3.10/site-packages/distributed/core.py", line 1256, in send_recv_from_rpc
    return await send_recv(comm=comm, op=key, **kwargs)
  File "/common/ketrong/tpotexp/env/lib/python3.10/site-packages/distributed/core.py", line 1015, in send_recv
    response = await comm.read(deserializers=deserializers)
  File "/common/ketrong/tpotexp/env/lib/python3.10/site-packages/distributed/comm/tcp.py", line 236, in read
    convert_stream_closed_error(self, e)
  File "/common/ketrong/tpotexp/env/lib/python3.10/site-packages/distributed/comm/tcp.py", line 142, in convert_stream_closed_error
    raise CommClosedError(f"in {obj}: {exc}") from exc
distributed.comm.core.CommClosedError: in <TCP (closed) ConnectionPool.heartbeat_worker local=tcp://127.0.0.1:48082 remote=tcp://127.0.0.1:42115>: Stream is closed
Fitted
Pipeline(steps=[('randomforestclassifier',
                 RandomForestClassifier(bootstrap=False, criterion='entropy',
                                        max_features=0.4509008092092,
                                        min_samples_split=6,
                                        n_estimators=128))])
score start
train score: {'auroc': 1.0, 'accuracy': 0.9998553240740741, 'balanced_accuracy': 0.99983922829582, 'logloss': 0.008717674791132004, 'f1': 0.999853855002469}
original test score: {'auroc': 1.0, 'accuracy': 1.0, 'balanced_accuracy': 1.0, 'logloss': 0.005800304898111196, 'f1': 1.0}
imputed test score: {'auroc': 0.9960871927534, 'accuracy': 0.9618276460381724, 'balanced_accuracy': 0.962143083048827, 'logloss': 0.07917982007352592, 'f1': 0.9614937641723356}
score end
check intended
EXP2 Finished
running experiment 3/3 - What is the best automl settings?
<tpot2.search_spaces.pipelines.sequential.SequentialPipeline object at 0x15543504f9d0>
Start tpot fit
Version 0.1.7a0 of tpot2 is outdated. Version 0.1.8a0 was released Tuesday September 17, 2024.
Version 0.1.7a0 of tpot2 is outdated. Version 0.1.8a0 was released Tuesday September 17, 2024.
Version 0.1.7a0 of tpot2 is outdated. Version 0.1.8a0 was released Tuesday September 17, 2024.
Version 0.1.7a0 of tpot2 is outdated. Version 0.1.8a0 was released Tuesday September 17, 2024.
Version 0.1.7a0 of tpot2 is outdated. Version 0.1.8a0 was released Tuesday September 17, 2024.
Version 0.1.7a0 of tpot2 is outdated. Version 0.1.8a0 was released Tuesday September 17, 2024.
Version 0.1.7a0 of tpot2 is outdated. Version 0.1.8a0 was released Tuesday September 17, 2024.
Version 0.1.7a0 of tpot2 is outdated. Version 0.1.8a0 was released Tuesday September 17, 2024.
Version 0.1.7a0 of tpot2 is outdated. Version 0.1.8a0 was released Tuesday September 17, 2024.
Version 0.1.7a0 of tpot2 is outdated. Version 0.1.8a0 was released Tuesday September 17, 2024.
Version 0.1.7a0 of tpot2 is outdated. Version 0.1.8a0 was released Tuesday September 17, 2024.
Version 0.1.7a0 of tpot2 is outdated. Version 0.1.8a0 was released Tuesday September 17, 2024.
Version 0.1.7a0 of tpot2 is outdated. Version 0.1.8a0 was released Tuesday September 17, 2024.
Version 0.1.7a0 of tpot2 is outdated. Version 0.1.8a0 was released Tuesday September 17, 2024.
Version 0.1.7a0 of tpot2 is outdated. Version 0.1.8a0 was released Tuesday September 17, 2024.
Version 0.1.7a0 of tpot2 is outdated. Version 0.1.8a0 was released Tuesday September 17, 2024.
  0%|          | 0/25 [00:00<?, ?it/s]Generation:   0%|          | 0/25 [00:00<?, ?it/s]Generation:  1
Best f1_score score: 0.9750396526362181
Generation:   4%|▍         | 1/25 [00:09<03:55,  9.82s/it]Generation:  2
Best f1_score score: 0.976351955375848
Generation:   8%|▊         | 2/25 [00:13<02:24,  6.27s/it]Generation:  3
Best f1_score score: 0.976351955375848
Generation:  12%|█▏        | 3/25 [00:21<02:37,  7.14s/it]Generation:  4
Best f1_score score: 0.9788324660723063
Generation:  16%|█▌        | 4/25 [00:40<04:01, 11.52s/it]Generation:  5
Best f1_score score: 0.9788324660723063
Generation:  20%|██        | 5/25 [00:47<03:18,  9.95s/it]Generation:  6
Best f1_score score: 0.9795488785350102
Generation:  24%|██▍       | 6/25 [02:58<16:12, 51.20s/it]Generation:  7
Best f1_score score: 0.9795488785350102
Generation:  28%|██▊       | 7/25 [03:12<11:42, 39.04s/it]Generation:  8
Best f1_score score: 0.9795488785350102
Generation:  32%|███▏      | 8/25 [03:24<08:36, 30.38s/it]Generation:  9
Best f1_score score: 0.9795488785350102
Generation:  36%|███▌      | 9/25 [03:32<06:16, 23.55s/it]Generation:  10
Best f1_score score: 0.9795488785350102
Generation:  40%|████      | 10/25 [03:48<05:19, 21.27s/it]Generation:  11
Best f1_score score: 0.9795488785350102
Generation:  44%|████▍     | 11/25 [08:16<22:33, 96.68s/it]Generation:  12
Best f1_score score: 0.9795488785350102
Generation:  48%|████▊     | 12/25 [08:24<15:07, 69.78s/it]Generation:  13
Best f1_score score: 0.9801229996237094
Generation:  52%|█████▏    | 13/25 [08:35<10:22, 51.84s/it]Generation:  14
Best f1_score score: 0.9801229996237094
Generation:  56%|█████▌    | 14/25 [08:52<07:32, 41.17s/it]Generation:  15
Best f1_score score: 0.9801229996237094
Generation:  60%|██████    | 15/25 [09:00<05:13, 31.32s/it]Generation:  16
Best f1_score score: 0.9801229996237094
Generation:  64%|██████▍   | 16/25 [09:13<03:52, 25.82s/it]Generation:  17
Best f1_score score: 0.9801229996237094
Generation:  68%|██████▊   | 17/25 [09:23<02:48, 21.09s/it]Generation:  18
Best f1_score score: 0.9801229996237094
Generation:  72%|███████▏  | 18/25 [09:31<02:00, 17.24s/it]Generation:  19
Best f1_score score: 0.9801229996237094
Generation:  76%|███████▌  | 19/25 [09:46<01:39, 16.56s/it]Generation:  20
Best f1_score score: 0.9801229996237094
Generation:  80%|████████  | 20/25 [10:27<01:59, 23.87s/it]Generation:  21
Best f1_score score: 0.9801229996237094
Generation:  84%|████████▍ | 21/25 [10:37<01:18, 19.58s/it]Generation:  22
Best f1_score score: 0.9801229996237094
Generation:  88%|████████▊ | 22/25 [10:45<00:48, 16.27s/it]Generation:  23
Best f1_score score: 0.9801229996237094
Generation:  92%|█████████▏| 23/25 [10:54<00:27, 13.90s/it]WARNING THIS INDIVIDUAL CAUSED AND EXCEPTION 
 <tpot2.search_spaces.pipelines.sequential.SequentialPipelineIndividual object at 0x15545d84c9a0> 
 The 'min_samples_split' parameter of DecisionTreeClassifier must be an int in the range [2, inf) or a float in the range (0.0, 1.0]. Got 1 instead. 
 Traceback (most recent call last):
  File "/common/ketrong/tpotexp/tpot2/tpot2/utils/eval_utils.py", line 53, in objective_nan_wrapper
    value = func_timeout.func_timeout(timeout, objective_function, args=[individual], kwargs=objective_kwargs)
  File "/common/ketrong/tpotexp/env/lib/python3.10/site-packages/func_timeout/dafunc.py", line 108, in func_timeout
    raise_exception(exception)
  File "/common/ketrong/tpotexp/env/lib/python3.10/site-packages/func_timeout/py3_raise.py", line 7, in raise_exception
    raise exception[0] from None
  File "/common/ketrong/tpotexp/tpot2/tpot2/tpot_estimator/estimator.py", line 623, in objective_function
    return objective_function_generator(
  File "/common/ketrong/tpotexp/tpot2/tpot2/tpot_estimator/estimator_utils.py", line 55, in objective_function_generator
    cv_obj_scores = cross_val_score_objective(sklearn.base.clone(pipeline),x,y,scorers=scorers, cv=cv , fold=step)
  File "/common/ketrong/tpotexp/tpot2/tpot2/tpot_estimator/cross_val_utils.py", line 28, in cross_val_score_objective
    this_fold_pipeline.fit(X_train,y_train)
  File "/common/ketrong/tpotexp/env/lib/python3.10/site-packages/sklearn/base.py", line 1473, in wrapper
    return fit_method(estimator, *args, **kwargs)
  File "/common/ketrong/tpotexp/env/lib/python3.10/site-packages/sklearn/pipeline.py", line 473, in fit
    self._final_estimator.fit(Xt, y, **last_step_params["fit"])
  File "/common/ketrong/tpotexp/env/lib/python3.10/site-packages/sklearn/base.py", line 1466, in wrapper
    estimator._validate_params()
  File "/common/ketrong/tpotexp/env/lib/python3.10/site-packages/sklearn/base.py", line 666, in _validate_params
    validate_parameter_constraints(
  File "/common/ketrong/tpotexp/env/lib/python3.10/site-packages/sklearn/utils/_param_validation.py", line 95, in validate_parameter_constraints
    raise InvalidParameterError(
sklearn.utils._param_validation.InvalidParameterError: The 'min_samples_split' parameter of DecisionTreeClassifier must be an int in the range [2, inf) or a float in the range (0.0, 1.0]. Got 1 instead.

Generation:  24
Best f1_score score: 0.9802706101093144
Generation:  96%|█████████▌| 24/25 [11:03<00:12, 12.45s/it]Generation:  25
Best f1_score score: 0.9802706101093144
Generation: 100%|██████████| 25/25 [11:23<00:00, 14.80s/it]Generation: 100%|██████████| 25/25 [11:23<00:00, 27.35s/it]
2024-11-05 04:38:40,691 - distributed.scheduler - ERROR - Removing worker 'tcp://127.0.0.1:41075' caused the cluster to lose scattered data, which can't be recovered: {'DataFrame-62ba093438748ed4b4679078d8a3324b', 'ndarray-782bc5f56dfe6ad3c3952dbb6d6329f9'} (stimulus_id='handle-worker-cleanup-1730810320.6909802')
Fitted
Pipeline(steps=[('simpleimputer', SimpleImputer()),
                ('baggingclassifier',
                 BaggingClassifier(max_features=0.8837622557259,
                                   max_samples=0.9285605975316, n_estimators=27,
                                   n_jobs=1, oob_score=True))])
transform worked
try transform
transform worked
score start
train score: {'auroc': 1.0, 'accuracy': 1.0, 'balanced_accuracy': 1.0, 'logloss': 0.03945365084812204, 'f1': 1.0}
test score: {'auroc': 0.9939125099002808, 'accuracy': 0.9664545980335454, 'balanced_accuracy': 0.9650631590613588, 'logloss': 0.15217809016464648, 'f1': 0.9660401766363242}
original test score: {'auroc': 1.0, 'accuracy': 1.0, 'balanced_accuracy': 1.0, 'logloss': 0.06607618385967626, 'f1': 1.0}
score end
923
lvl
0.1
type
MNAR
num_run
3
class_simple
finished
all finished
full run takes
0.47744223025110033
hours
DONE
