Run: 19
/cm/local/apps/slurm/var/spool/job1040252/slurm_script: line 27: 
pip install -e tpot2
pip install -r tpot2/ImputerExperiments/requirements_.txt
: No such file or directory
RunStart
Version 0.1.7a0 of tpot2 is outdated. Version 0.1.8a0 was released Tuesday September 17, 2024.
starting loops
../data/c/923/923.pkl
working on 
../data/c/923/class_simple_MAR_0.3_1
4.8788228034973145
running experiment 1/3 - Does large hyperparameter space improve reconstruction accuracy over simple
[I 2024-11-04 19:39:15,514] A new study created in memory with name: no-name-99ac2253-0f42-4c6d-a6f0-58f10a4cdf3a
running
running
running
running
running
running
running
running
running
running
running
running
running
running
running
running
[I 2024-11-04 19:39:15,870] Trial 12 finished with value: 0.4248119595557899 and parameters: {'model_name': 'SimpleImputer', 'strategy': 'constant'}. Best is trial 12 with value: 0.4248119595557899.
running
[I 2024-11-04 19:39:15,995] Trial 5 finished with value: 0.31418326706625116 and parameters: {'model_name': 'SimpleImputer', 'strategy': 'mean'}. Best is trial 5 with value: 0.31418326706625116.
running
[I 2024-11-04 19:39:16,097] Trial 4 finished with value: 0.31418326706625116 and parameters: {'model_name': 'SimpleImputer', 'strategy': 'mean'}. Best is trial 5 with value: 0.31418326706625116.
[I 2024-11-04 19:39:16,207] Trial 9 finished with value: 0.4248119595557899 and parameters: {'model_name': 'SimpleImputer', 'strategy': 'constant'}. Best is trial 5 with value: 0.31418326706625116.
running
running
[I 2024-11-04 19:39:16,348] Trial 15 finished with value: 0.4248119595557899 and parameters: {'model_name': 'SimpleImputer', 'strategy': 'constant'}. Best is trial 5 with value: 0.31418326706625116.
[I 2024-11-04 19:39:16,438] Trial 13 finished with value: 0.31418326706625116 and parameters: {'model_name': 'SimpleImputer', 'strategy': 'mean'}. Best is trial 5 with value: 0.31418326706625116.
running
[I 2024-11-04 19:39:16,570] Trial 2 finished with value: 0.35591248230243394 and parameters: {'model_name': 'SimpleImputer', 'strategy': 'median'}. Best is trial 5 with value: 0.31418326706625116.
running
running
[I 2024-11-04 19:39:16,714] Trial 18 finished with value: 0.4248119595557899 and parameters: {'model_name': 'SimpleImputer', 'strategy': 'constant'}. Best is trial 5 with value: 0.31418326706625116.
[I 2024-11-04 19:39:16,810] Trial 14 finished with value: 0.4248119595557899 and parameters: {'model_name': 'SimpleImputer', 'strategy': 'constant'}. Best is trial 5 with value: 0.31418326706625116.
running
running
[I 2024-11-04 19:39:16,982] Trial 10 finished with value: 0.35591248230243394 and parameters: {'model_name': 'SimpleImputer', 'strategy': 'median'}. Best is trial 5 with value: 0.31418326706625116.
running
[I 2024-11-04 19:39:17,123] Trial 3 finished with value: 0.35591248230243394 and parameters: {'model_name': 'SimpleImputer', 'strategy': 'median'}. Best is trial 5 with value: 0.31418326706625116.
[I 2024-11-04 19:39:17,238] Trial 11 finished with value: 0.3815973992998774 and parameters: {'model_name': 'SimpleImputer', 'strategy': 'most_frequent'}. Best is trial 5 with value: 0.31418326706625116.
[I 2024-11-04 19:39:17,351] Trial 6 finished with value: 0.3815973992998774 and parameters: {'model_name': 'SimpleImputer', 'strategy': 'most_frequent'}. Best is trial 5 with value: 0.31418326706625116.
running
running
running
[I 2024-11-04 19:39:17,518] Trial 8 finished with value: 0.3815973992998774 and parameters: {'model_name': 'SimpleImputer', 'strategy': 'most_frequent'}. Best is trial 5 with value: 0.31418326706625116.
running
[I 2024-11-04 19:39:17,632] Trial 7 finished with value: 0.35591248230243394 and parameters: {'model_name': 'SimpleImputer', 'strategy': 'median'}. Best is trial 5 with value: 0.31418326706625116.
[I 2024-11-04 19:39:17,650] Trial 0 finished with value: 0.35591248230243394 and parameters: {'model_name': 'SimpleImputer', 'strategy': 'median'}. Best is trial 5 with value: 0.31418326706625116.
running
[I 2024-11-04 19:39:17,853] Trial 23 finished with value: 0.4248119595557899 and parameters: {'model_name': 'SimpleImputer', 'strategy': 'constant'}. Best is trial 5 with value: 0.31418326706625116.
[I 2024-11-04 19:39:17,943] Trial 20 finished with value: 0.35591248230243394 and parameters: {'model_name': 'SimpleImputer', 'strategy': 'median'}. Best is trial 5 with value: 0.31418326706625116.
running
running
running
[I 2024-11-04 19:39:18,059] Trial 22 finished with value: 0.4248119595557899 and parameters: {'model_name': 'SimpleImputer', 'strategy': 'constant'}. Best is trial 5 with value: 0.31418326706625116.
[I 2024-11-04 19:39:18,149] Trial 1 finished with value: 0.3815973992998774 and parameters: {'model_name': 'SimpleImputer', 'strategy': 'most_frequent'}. Best is trial 5 with value: 0.31418326706625116.
running
[I 2024-11-04 19:39:18,274] Trial 16 finished with value: 0.3815973992998774 and parameters: {'model_name': 'SimpleImputer', 'strategy': 'most_frequent'}. Best is trial 5 with value: 0.31418326706625116.
running
running
[I 2024-11-04 19:39:18,409] Trial 27 finished with value: 0.31418326706625116 and parameters: {'model_name': 'SimpleImputer', 'strategy': 'mean'}. Best is trial 5 with value: 0.31418326706625116.
running
[I 2024-11-04 19:39:18,579] Trial 26 finished with value: 0.31418326706625116 and parameters: {'model_name': 'SimpleImputer', 'strategy': 'mean'}. Best is trial 5 with value: 0.31418326706625116.
running
[I 2024-11-04 19:39:18,690] Trial 19 finished with value: 0.35591248230243394 and parameters: {'model_name': 'SimpleImputer', 'strategy': 'median'}. Best is trial 5 with value: 0.31418326706625116.
[I 2024-11-04 19:39:18,793] Trial 17 finished with value: 0.3815973992998774 and parameters: {'model_name': 'SimpleImputer', 'strategy': 'most_frequent'}. Best is trial 5 with value: 0.31418326706625116.
running
running
[I 2024-11-04 19:39:19,016] Trial 31 finished with value: 0.31418326706625116 and parameters: {'model_name': 'SimpleImputer', 'strategy': 'mean'}. Best is trial 5 with value: 0.31418326706625116.
[I 2024-11-04 19:39:19,117] Trial 30 finished with value: 0.31418326706625116 and parameters: {'model_name': 'SimpleImputer', 'strategy': 'mean'}. Best is trial 5 with value: 0.31418326706625116.
[I 2024-11-04 19:39:19,219] Trial 21 finished with value: 0.3815973992998774 and parameters: {'model_name': 'SimpleImputer', 'strategy': 'most_frequent'}. Best is trial 5 with value: 0.31418326706625116.
running
[I 2024-11-04 19:39:19,341] Trial 28 finished with value: 0.31418326706625116 and parameters: {'model_name': 'SimpleImputer', 'strategy': 'mean'}. Best is trial 5 with value: 0.31418326706625116.
[I 2024-11-04 19:39:19,439] Trial 33 finished with value: 0.31418326706625116 and parameters: {'model_name': 'SimpleImputer', 'strategy': 'mean'}. Best is trial 5 with value: 0.31418326706625116.
running
[I 2024-11-04 19:39:19,541] Trial 36 finished with value: 0.31418326706625116 and parameters: {'model_name': 'SimpleImputer', 'strategy': 'mean'}. Best is trial 5 with value: 0.31418326706625116.
[I 2024-11-04 19:39:19,628] Trial 32 finished with value: 0.31418326706625116 and parameters: {'model_name': 'SimpleImputer', 'strategy': 'mean'}. Best is trial 5 with value: 0.31418326706625116.
running
running
running
[I 2024-11-04 19:39:19,745] Trial 29 finished with value: 0.31418326706625116 and parameters: {'model_name': 'SimpleImputer', 'strategy': 'mean'}. Best is trial 5 with value: 0.31418326706625116.
running
[I 2024-11-04 19:39:19,857] Trial 24 finished with value: 0.3815973992998774 and parameters: {'model_name': 'SimpleImputer', 'strategy': 'most_frequent'}. Best is trial 5 with value: 0.31418326706625116.
running
[I 2024-11-04 19:39:19,953] Trial 34 finished with value: 0.31418326706625116 and parameters: {'model_name': 'SimpleImputer', 'strategy': 'mean'}. Best is trial 5 with value: 0.31418326706625116.
running
running
[I 2024-11-04 19:39:20,095] Trial 38 finished with value: 0.31418326706625116 and parameters: {'model_name': 'SimpleImputer', 'strategy': 'mean'}. Best is trial 5 with value: 0.31418326706625116.
[I 2024-11-04 19:39:20,193] Trial 35 finished with value: 0.31418326706625116 and parameters: {'model_name': 'SimpleImputer', 'strategy': 'mean'}. Best is trial 5 with value: 0.31418326706625116.
[I 2024-11-04 19:39:20,298] Trial 25 finished with value: 0.3815973992998774 and parameters: {'model_name': 'SimpleImputer', 'strategy': 'most_frequent'}. Best is trial 5 with value: 0.31418326706625116.
running
running
[I 2024-11-04 19:39:20,425] Trial 42 finished with value: 0.31418326706625116 and parameters: {'model_name': 'SimpleImputer', 'strategy': 'mean'}. Best is trial 5 with value: 0.31418326706625116.
running
running
[I 2024-11-04 19:39:20,569] Trial 39 finished with value: 0.31418326706625116 and parameters: {'model_name': 'SimpleImputer', 'strategy': 'mean'}. Best is trial 5 with value: 0.31418326706625116.
[I 2024-11-04 19:39:20,666] Trial 37 finished with value: 0.31418326706625116 and parameters: {'model_name': 'SimpleImputer', 'strategy': 'mean'}. Best is trial 5 with value: 0.31418326706625116.
[I 2024-11-04 19:39:20,760] Trial 41 finished with value: 0.31418326706625116 and parameters: {'model_name': 'SimpleImputer', 'strategy': 'mean'}. Best is trial 5 with value: 0.31418326706625116.
[I 2024-11-04 19:39:20,850] Trial 40 finished with value: 0.31418326706625116 and parameters: {'model_name': 'SimpleImputer', 'strategy': 'mean'}. Best is trial 5 with value: 0.31418326706625116.
running
running
running
[I 2024-11-04 19:39:21,019] Trial 45 finished with value: 0.31418326706625116 and parameters: {'model_name': 'SimpleImputer', 'strategy': 'mean'}. Best is trial 5 with value: 0.31418326706625116.
running
[I 2024-11-04 19:39:21,116] Trial 43 finished with value: 0.31418326706625116 and parameters: {'model_name': 'SimpleImputer', 'strategy': 'mean'}. Best is trial 5 with value: 0.31418326706625116.
[I 2024-11-04 19:39:21,202] Trial 44 finished with value: 0.31418326706625116 and parameters: {'model_name': 'SimpleImputer', 'strategy': 'mean'}. Best is trial 5 with value: 0.31418326706625116.
running
running
running
[I 2024-11-04 19:39:21,330] Trial 47 finished with value: 0.31418326706625116 and parameters: {'model_name': 'SimpleImputer', 'strategy': 'mean'}. Best is trial 5 with value: 0.31418326706625116.
running
running
[I 2024-11-04 19:39:21,457] Trial 49 finished with value: 0.31418326706625116 and parameters: {'model_name': 'SimpleImputer', 'strategy': 'mean'}. Best is trial 5 with value: 0.31418326706625116.
running
[I 2024-11-04 19:39:21,609] Trial 46 finished with value: 0.31418326706625116 and parameters: {'model_name': 'SimpleImputer', 'strategy': 'mean'}. Best is trial 5 with value: 0.31418326706625116.
[I 2024-11-04 19:39:21,717] Trial 48 finished with value: 0.31418326706625116 and parameters: {'model_name': 'SimpleImputer', 'strategy': 'mean'}. Best is trial 5 with value: 0.31418326706625116.
running
running
[I 2024-11-04 19:39:21,833] Trial 50 finished with value: 0.31418326706625116 and parameters: {'model_name': 'SimpleImputer', 'strategy': 'mean'}. Best is trial 5 with value: 0.31418326706625116.
[I 2024-11-04 19:39:21,934] Trial 51 finished with value: 0.31418326706625116 and parameters: {'model_name': 'SimpleImputer', 'strategy': 'mean'}. Best is trial 5 with value: 0.31418326706625116.
[I 2024-11-04 19:39:22,042] Trial 53 finished with value: 0.31418326706625116 and parameters: {'model_name': 'SimpleImputer', 'strategy': 'mean'}. Best is trial 5 with value: 0.31418326706625116.
[I 2024-11-04 19:39:22,133] Trial 54 finished with value: 0.31418326706625116 and parameters: {'model_name': 'SimpleImputer', 'strategy': 'mean'}. Best is trial 5 with value: 0.31418326706625116.
[I 2024-11-04 19:39:22,236] Trial 59 finished with value: 0.31418326706625116 and parameters: {'model_name': 'SimpleImputer', 'strategy': 'mean'}. Best is trial 5 with value: 0.31418326706625116.
running
running
running
running
[I 2024-11-04 19:39:22,346] Trial 62 finished with value: 0.31418326706625116 and parameters: {'model_name': 'SimpleImputer', 'strategy': 'mean'}. Best is trial 5 with value: 0.31418326706625116.
running
[I 2024-11-04 19:39:22,469] Trial 52 finished with value: 0.31418326706625116 and parameters: {'model_name': 'SimpleImputer', 'strategy': 'mean'}. Best is trial 5 with value: 0.31418326706625116.
[I 2024-11-04 19:39:22,578] Trial 56 finished with value: 0.31418326706625116 and parameters: {'model_name': 'SimpleImputer', 'strategy': 'mean'}. Best is trial 5 with value: 0.31418326706625116.
running
running
[I 2024-11-04 19:39:22,697] Trial 55 finished with value: 0.31418326706625116 and parameters: {'model_name': 'SimpleImputer', 'strategy': 'mean'}. Best is trial 5 with value: 0.31418326706625116.
[I 2024-11-04 19:39:22,798] Trial 61 finished with value: 0.31418326706625116 and parameters: {'model_name': 'SimpleImputer', 'strategy': 'mean'}. Best is trial 5 with value: 0.31418326706625116.
running
[I 2024-11-04 19:39:22,913] Trial 58 finished with value: 0.31418326706625116 and parameters: {'model_name': 'SimpleImputer', 'strategy': 'mean'}. Best is trial 5 with value: 0.31418326706625116.
[I 2024-11-04 19:39:23,013] Trial 60 finished with value: 0.31418326706625116 and parameters: {'model_name': 'SimpleImputer', 'strategy': 'mean'}. Best is trial 5 with value: 0.31418326706625116.
running
running
[I 2024-11-04 19:39:23,151] Trial 63 finished with value: 0.35591248230243394 and parameters: {'model_name': 'SimpleImputer', 'strategy': 'median'}. Best is trial 5 with value: 0.31418326706625116.
[I 2024-11-04 19:39:23,240] Trial 57 finished with value: 0.31418326706625116 and parameters: {'model_name': 'SimpleImputer', 'strategy': 'mean'}. Best is trial 5 with value: 0.31418326706625116.
running
running
running
running
[I 2024-11-04 19:39:23,453] Trial 68 finished with value: 0.35591248230243394 and parameters: {'model_name': 'SimpleImputer', 'strategy': 'median'}. Best is trial 5 with value: 0.31418326706625116.
[I 2024-11-04 19:39:23,565] Trial 66 finished with value: 0.35591248230243394 and parameters: {'model_name': 'SimpleImputer', 'strategy': 'median'}. Best is trial 5 with value: 0.31418326706625116.
running
running
[I 2024-11-04 19:39:23,807] Trial 65 finished with value: 0.35591248230243394 and parameters: {'model_name': 'SimpleImputer', 'strategy': 'median'}. Best is trial 5 with value: 0.31418326706625116.
[I 2024-11-04 19:39:23,914] Trial 64 finished with value: 0.35591248230243394 and parameters: {'model_name': 'SimpleImputer', 'strategy': 'median'}. Best is trial 5 with value: 0.31418326706625116.
running
[I 2024-11-04 19:39:24,029] Trial 72 finished with value: 0.35591248230243394 and parameters: {'model_name': 'SimpleImputer', 'strategy': 'median'}. Best is trial 5 with value: 0.31418326706625116.
running
[I 2024-11-04 19:39:24,131] Trial 78 finished with value: 0.4248119595557899 and parameters: {'model_name': 'SimpleImputer', 'strategy': 'constant'}. Best is trial 5 with value: 0.31418326706625116.
running
running
[I 2024-11-04 19:39:24,300] Trial 69 finished with value: 0.35591248230243394 and parameters: {'model_name': 'SimpleImputer', 'strategy': 'median'}. Best is trial 5 with value: 0.31418326706625116.
[I 2024-11-04 19:39:24,394] Trial 81 finished with value: 0.4248119595557899 and parameters: {'model_name': 'SimpleImputer', 'strategy': 'constant'}. Best is trial 5 with value: 0.31418326706625116.
[I 2024-11-04 19:39:24,475] Trial 67 finished with value: 0.35591248230243394 and parameters: {'model_name': 'SimpleImputer', 'strategy': 'median'}. Best is trial 5 with value: 0.31418326706625116.
running
running
running
[I 2024-11-04 19:39:24,649] Trial 73 finished with value: 0.35591248230243394 and parameters: {'model_name': 'SimpleImputer', 'strategy': 'median'}. Best is trial 5 with value: 0.31418326706625116.
[I 2024-11-04 19:39:24,756] Trial 77 finished with value: 0.35591248230243394 and parameters: {'model_name': 'SimpleImputer', 'strategy': 'median'}. Best is trial 5 with value: 0.31418326706625116.
running
[I 2024-11-04 19:39:24,847] Trial 70 finished with value: 0.35591248230243394 and parameters: {'model_name': 'SimpleImputer', 'strategy': 'median'}. Best is trial 5 with value: 0.31418326706625116.
running
running
[I 2024-11-04 19:39:24,990] Trial 82 finished with value: 0.4248119595557899 and parameters: {'model_name': 'SimpleImputer', 'strategy': 'constant'}. Best is trial 5 with value: 0.31418326706625116.
[I 2024-11-04 19:39:25,091] Trial 74 finished with value: 0.35591248230243394 and parameters: {'model_name': 'SimpleImputer', 'strategy': 'median'}. Best is trial 5 with value: 0.31418326706625116.
[I 2024-11-04 19:39:25,179] Trial 71 finished with value: 0.35591248230243394 and parameters: {'model_name': 'SimpleImputer', 'strategy': 'median'}. Best is trial 5 with value: 0.31418326706625116.
running
running
[I 2024-11-04 19:39:25,340] Trial 79 finished with value: 0.35591248230243394 and parameters: {'model_name': 'SimpleImputer', 'strategy': 'median'}. Best is trial 5 with value: 0.31418326706625116.
running
running
[I 2024-11-04 19:39:25,476] Trial 83 finished with value: 0.4248119595557899 and parameters: {'model_name': 'SimpleImputer', 'strategy': 'constant'}. Best is trial 5 with value: 0.31418326706625116.
[I 2024-11-04 19:39:25,605] Trial 75 finished with value: 0.35591248230243394 and parameters: {'model_name': 'SimpleImputer', 'strategy': 'median'}. Best is trial 5 with value: 0.31418326706625116.
[I 2024-11-04 19:39:25,714] Trial 76 finished with value: 0.35591248230243394 and parameters: {'model_name': 'SimpleImputer', 'strategy': 'median'}. Best is trial 5 with value: 0.31418326706625116.
[I 2024-11-04 19:39:25,803] Trial 85 finished with value: 0.4248119595557899 and parameters: {'model_name': 'SimpleImputer', 'strategy': 'constant'}. Best is trial 5 with value: 0.31418326706625116.
running
running
[I 2024-11-04 19:39:25,900] Trial 87 finished with value: 0.31418326706625116 and parameters: {'model_name': 'SimpleImputer', 'strategy': 'mean'}. Best is trial 5 with value: 0.31418326706625116.
running
running
running
[I 2024-11-04 19:39:26,121] Trial 80 finished with value: 0.3815973992998774 and parameters: {'model_name': 'SimpleImputer', 'strategy': 'most_frequent'}. Best is trial 5 with value: 0.31418326706625116.
[I 2024-11-04 19:39:26,283] Trial 84 finished with value: 0.3815973992998774 and parameters: {'model_name': 'SimpleImputer', 'strategy': 'most_frequent'}. Best is trial 5 with value: 0.31418326706625116.
running
[I 2024-11-04 19:39:26,429] Trial 95 finished with value: 0.31418326706625116 and parameters: {'model_name': 'SimpleImputer', 'strategy': 'mean'}. Best is trial 5 with value: 0.31418326706625116.
running
running
[I 2024-11-04 19:39:26,582] Trial 89 finished with value: 0.3815973992998774 and parameters: {'model_name': 'SimpleImputer', 'strategy': 'most_frequent'}. Best is trial 5 with value: 0.31418326706625116.
running
[I 2024-11-04 19:39:26,740] Trial 100 finished with value: 0.31418326706625116 and parameters: {'model_name': 'SimpleImputer', 'strategy': 'mean'}. Best is trial 5 with value: 0.31418326706625116.
[I 2024-11-04 19:39:26,835] Trial 90 finished with value: 0.3815973992998774 and parameters: {'model_name': 'SimpleImputer', 'strategy': 'most_frequent'}. Best is trial 5 with value: 0.31418326706625116.
running
[I 2024-11-04 19:39:26,959] Trial 98 finished with value: 0.31418326706625116 and parameters: {'model_name': 'SimpleImputer', 'strategy': 'mean'}. Best is trial 5 with value: 0.31418326706625116.
running
[I 2024-11-04 19:39:27,054] Trial 97 finished with value: 0.31418326706625116 and parameters: {'model_name': 'SimpleImputer', 'strategy': 'mean'}. Best is trial 5 with value: 0.31418326706625116.
running
running
[I 2024-11-04 19:39:27,153] Trial 96 finished with value: 0.31418326706625116 and parameters: {'model_name': 'SimpleImputer', 'strategy': 'mean'}. Best is trial 5 with value: 0.31418326706625116.
running
[I 2024-11-04 19:39:27,302] Trial 86 finished with value: 0.3815973992998774 and parameters: {'model_name': 'SimpleImputer', 'strategy': 'most_frequent'}. Best is trial 5 with value: 0.31418326706625116.
running
[I 2024-11-04 19:39:27,463] Trial 99 finished with value: 0.31418326706625116 and parameters: {'model_name': 'SimpleImputer', 'strategy': 'mean'}. Best is trial 5 with value: 0.31418326706625116.
[I 2024-11-04 19:39:27,605] Trial 93 finished with value: 0.3815973992998774 and parameters: {'model_name': 'SimpleImputer', 'strategy': 'most_frequent'}. Best is trial 5 with value: 0.31418326706625116.
running
[I 2024-11-04 19:39:27,707] Trial 94 finished with value: 0.3815973992998774 and parameters: {'model_name': 'SimpleImputer', 'strategy': 'most_frequent'}. Best is trial 5 with value: 0.31418326706625116.
[I 2024-11-04 19:39:27,816] Trial 92 finished with value: 0.3815973992998774 and parameters: {'model_name': 'SimpleImputer', 'strategy': 'most_frequent'}. Best is trial 5 with value: 0.31418326706625116.
running
running
running
[I 2024-11-04 19:39:27,955] Trial 91 finished with value: 0.3815973992998774 and parameters: {'model_name': 'SimpleImputer', 'strategy': 'most_frequent'}. Best is trial 5 with value: 0.31418326706625116.
[I 2024-11-04 19:39:28,087] Trial 101 finished with value: 0.31418326706625116 and parameters: {'model_name': 'SimpleImputer', 'strategy': 'mean'}. Best is trial 5 with value: 0.31418326706625116.
[I 2024-11-04 19:39:28,192] Trial 88 finished with value: 0.3815973992998774 and parameters: {'model_name': 'SimpleImputer', 'strategy': 'most_frequent'}. Best is trial 5 with value: 0.31418326706625116.
running
running
[I 2024-11-04 19:39:28,300] Trial 105 finished with value: 0.31418326706625116 and parameters: {'model_name': 'SimpleImputer', 'strategy': 'mean'}. Best is trial 5 with value: 0.31418326706625116.
[I 2024-11-04 19:39:28,394] Trial 103 finished with value: 0.31418326706625116 and parameters: {'model_name': 'SimpleImputer', 'strategy': 'mean'}. Best is trial 5 with value: 0.31418326706625116.
running
[I 2024-11-04 19:39:28,528] Trial 102 finished with value: 0.31418326706625116 and parameters: {'model_name': 'SimpleImputer', 'strategy': 'mean'}. Best is trial 5 with value: 0.31418326706625116.
running
running
running
[I 2024-11-04 19:39:28,721] Trial 107 finished with value: 0.31418326706625116 and parameters: {'model_name': 'SimpleImputer', 'strategy': 'mean'}. Best is trial 5 with value: 0.31418326706625116.
[I 2024-11-04 19:39:28,820] Trial 109 finished with value: 0.31418326706625116 and parameters: {'model_name': 'SimpleImputer', 'strategy': 'mean'}. Best is trial 5 with value: 0.31418326706625116.
running
running
[I 2024-11-04 19:39:28,969] Trial 108 finished with value: 0.31418326706625116 and parameters: {'model_name': 'SimpleImputer', 'strategy': 'mean'}. Best is trial 5 with value: 0.31418326706625116.
running
[I 2024-11-04 19:39:29,114] Trial 104 finished with value: 0.31418326706625116 and parameters: {'model_name': 'SimpleImputer', 'strategy': 'mean'}. Best is trial 5 with value: 0.31418326706625116.
[I 2024-11-04 19:39:29,225] Trial 110 finished with value: 0.31418326706625116 and parameters: {'model_name': 'SimpleImputer', 'strategy': 'mean'}. Best is trial 5 with value: 0.31418326706625116.
[I 2024-11-04 19:39:29,322] Trial 106 finished with value: 0.31418326706625116 and parameters: {'model_name': 'SimpleImputer', 'strategy': 'mean'}. Best is trial 5 with value: 0.31418326706625116.
[I 2024-11-04 19:39:29,431] Trial 112 finished with value: 0.31418326706625116 and parameters: {'model_name': 'SimpleImputer', 'strategy': 'mean'}. Best is trial 5 with value: 0.31418326706625116.
running
running
running
running
[I 2024-11-04 19:39:29,644] Trial 115 finished with value: 0.31418326706625116 and parameters: {'model_name': 'SimpleImputer', 'strategy': 'mean'}. Best is trial 5 with value: 0.31418326706625116.
[I 2024-11-04 19:39:29,747] Trial 111 finished with value: 0.31418326706625116 and parameters: {'model_name': 'SimpleImputer', 'strategy': 'mean'}. Best is trial 5 with value: 0.31418326706625116.
running
[I 2024-11-04 19:39:29,752] Trial 118 finished with value: 0.31418326706625116 and parameters: {'model_name': 'SimpleImputer', 'strategy': 'mean'}. Best is trial 5 with value: 0.31418326706625116.
running
[I 2024-11-04 19:39:29,983] Trial 116 finished with value: 0.31418326706625116 and parameters: {'model_name': 'SimpleImputer', 'strategy': 'mean'}. Best is trial 5 with value: 0.31418326706625116.
running
[I 2024-11-04 19:39:30,080] Trial 117 finished with value: 0.31418326706625116 and parameters: {'model_name': 'SimpleImputer', 'strategy': 'mean'}. Best is trial 5 with value: 0.31418326706625116.
running
running
[I 2024-11-04 19:39:30,198] Trial 114 finished with value: 0.31418326706625116 and parameters: {'model_name': 'SimpleImputer', 'strategy': 'mean'}. Best is trial 5 with value: 0.31418326706625116.
[I 2024-11-04 19:39:30,331] Trial 113 finished with value: 0.31418326706625116 and parameters: {'model_name': 'SimpleImputer', 'strategy': 'mean'}. Best is trial 5 with value: 0.31418326706625116.
running
[I 2024-11-04 19:39:30,445] Trial 124 finished with value: 0.31418326706625116 and parameters: {'model_name': 'SimpleImputer', 'strategy': 'mean'}. Best is trial 5 with value: 0.31418326706625116.
[I 2024-11-04 19:39:30,538] Trial 119 finished with value: 0.31418326706625116 and parameters: {'model_name': 'SimpleImputer', 'strategy': 'mean'}. Best is trial 5 with value: 0.31418326706625116.
running
running
running
[I 2024-11-04 19:39:30,677] Trial 127 finished with value: 0.31418326706625116 and parameters: {'model_name': 'SimpleImputer', 'strategy': 'mean'}. Best is trial 5 with value: 0.31418326706625116.
running
[I 2024-11-04 19:39:30,863] Trial 122 finished with value: 0.31418326706625116 and parameters: {'model_name': 'SimpleImputer', 'strategy': 'mean'}. Best is trial 5 with value: 0.31418326706625116.
[I 2024-11-04 19:39:30,980] Trial 123 finished with value: 0.31418326706625116 and parameters: {'model_name': 'SimpleImputer', 'strategy': 'mean'}. Best is trial 5 with value: 0.31418326706625116.
[I 2024-11-04 19:39:31,077] Trial 132 finished with value: 0.31418326706625116 and parameters: {'model_name': 'SimpleImputer', 'strategy': 'mean'}. Best is trial 5 with value: 0.31418326706625116.
[I 2024-11-04 19:39:31,173] Trial 125 finished with value: 0.31418326706625116 and parameters: {'model_name': 'SimpleImputer', 'strategy': 'mean'}. Best is trial 5 with value: 0.31418326706625116.
[I 2024-11-04 19:39:31,271] Trial 126 finished with value: 0.31418326706625116 and parameters: {'model_name': 'SimpleImputer', 'strategy': 'mean'}. Best is trial 5 with value: 0.31418326706625116.
[I 2024-11-04 19:39:31,375] Trial 121 finished with value: 0.31418326706625116 and parameters: {'model_name': 'SimpleImputer', 'strategy': 'mean'}. Best is trial 5 with value: 0.31418326706625116.
[I 2024-11-04 19:39:31,464] Trial 129 finished with value: 0.31418326706625116 and parameters: {'model_name': 'SimpleImputer', 'strategy': 'mean'}. Best is trial 5 with value: 0.31418326706625116.
running
[I 2024-11-04 19:39:31,564] Trial 131 finished with value: 0.31418326706625116 and parameters: {'model_name': 'SimpleImputer', 'strategy': 'mean'}. Best is trial 5 with value: 0.31418326706625116.
running
running
running
running
[I 2024-11-04 19:39:31,692] Trial 120 finished with value: 0.31418326706625116 and parameters: {'model_name': 'SimpleImputer', 'strategy': 'mean'}. Best is trial 5 with value: 0.31418326706625116.
[I 2024-11-04 19:39:31,837] Trial 134 finished with value: 0.31418326706625116 and parameters: {'model_name': 'SimpleImputer', 'strategy': 'mean'}. Best is trial 5 with value: 0.31418326706625116.
[I 2024-11-04 19:39:31,947] Trial 128 finished with value: 0.31418326706625116 and parameters: {'model_name': 'SimpleImputer', 'strategy': 'mean'}. Best is trial 5 with value: 0.31418326706625116.
running
[I 2024-11-04 19:39:32,098] Trial 133 finished with value: 0.31418326706625116 and parameters: {'model_name': 'SimpleImputer', 'strategy': 'mean'}. Best is trial 5 with value: 0.31418326706625116.
running
running
[I 2024-11-04 19:39:32,103] Trial 130 finished with value: 0.31418326706625116 and parameters: {'model_name': 'SimpleImputer', 'strategy': 'mean'}. Best is trial 5 with value: 0.31418326706625116.
running
running
running
[I 2024-11-04 19:39:32,360] Trial 136 finished with value: 0.31418326706625116 and parameters: {'model_name': 'SimpleImputer', 'strategy': 'mean'}. Best is trial 5 with value: 0.31418326706625116.
[I 2024-11-04 19:39:32,480] Trial 138 finished with value: 0.31418326706625116 and parameters: {'model_name': 'SimpleImputer', 'strategy': 'mean'}. Best is trial 5 with value: 0.31418326706625116.
running
[I 2024-11-04 19:39:32,589] Trial 142 finished with value: 0.31418326706625116 and parameters: {'model_name': 'SimpleImputer', 'strategy': 'mean'}. Best is trial 5 with value: 0.31418326706625116.
running
[I 2024-11-04 19:39:32,704] Trial 140 finished with value: 0.31418326706625116 and parameters: {'model_name': 'SimpleImputer', 'strategy': 'mean'}. Best is trial 5 with value: 0.31418326706625116.
[I 2024-11-04 19:39:32,798] Trial 135 finished with value: 0.31418326706625116 and parameters: {'model_name': 'SimpleImputer', 'strategy': 'mean'}. Best is trial 5 with value: 0.31418326706625116.
running
running
running
running
[I 2024-11-04 19:39:32,976] Trial 139 finished with value: 0.31418326706625116 and parameters: {'model_name': 'SimpleImputer', 'strategy': 'mean'}. Best is trial 5 with value: 0.31418326706625116.
running
[I 2024-11-04 19:39:33,114] Trial 141 finished with value: 0.31418326706625116 and parameters: {'model_name': 'SimpleImputer', 'strategy': 'mean'}. Best is trial 5 with value: 0.31418326706625116.
[I 2024-11-04 19:39:33,258] Trial 143 finished with value: 0.31418326706625116 and parameters: {'model_name': 'SimpleImputer', 'strategy': 'mean'}. Best is trial 5 with value: 0.31418326706625116.
running
[I 2024-11-04 19:39:33,408] Trial 144 finished with value: 0.31418326706625116 and parameters: {'model_name': 'SimpleImputer', 'strategy': 'mean'}. Best is trial 5 with value: 0.31418326706625116.
running
running
[I 2024-11-04 19:39:33,555] Trial 150 finished with value: 0.31418326706625116 and parameters: {'model_name': 'SimpleImputer', 'strategy': 'mean'}. Best is trial 5 with value: 0.31418326706625116.
[I 2024-11-04 19:39:33,649] Trial 147 finished with value: 0.31418326706625116 and parameters: {'model_name': 'SimpleImputer', 'strategy': 'mean'}. Best is trial 5 with value: 0.31418326706625116.
running
running
running
[I 2024-11-04 19:39:33,794] Trial 149 finished with value: 0.31418326706625116 and parameters: {'model_name': 'SimpleImputer', 'strategy': 'mean'}. Best is trial 5 with value: 0.31418326706625116.
[I 2024-11-04 19:39:33,923] Trial 137 finished with value: 0.31418326706625116 and parameters: {'model_name': 'SimpleImputer', 'strategy': 'mean'}. Best is trial 5 with value: 0.31418326706625116.
running
[I 2024-11-04 19:39:34,024] Trial 145 finished with value: 0.31418326706625116 and parameters: {'model_name': 'SimpleImputer', 'strategy': 'mean'}. Best is trial 5 with value: 0.31418326706625116.
running
running
[I 2024-11-04 19:39:34,211] Trial 154 finished with value: 0.31418326706625116 and parameters: {'model_name': 'SimpleImputer', 'strategy': 'mean'}. Best is trial 5 with value: 0.31418326706625116.
[I 2024-11-04 19:39:34,313] Trial 151 finished with value: 0.31418326706625116 and parameters: {'model_name': 'SimpleImputer', 'strategy': 'mean'}. Best is trial 5 with value: 0.31418326706625116.
running
[I 2024-11-04 19:39:34,457] Trial 155 finished with value: 0.31418326706625116 and parameters: {'model_name': 'SimpleImputer', 'strategy': 'mean'}. Best is trial 5 with value: 0.31418326706625116.
running
running
[I 2024-11-04 19:39:34,488] Trial 146 finished with value: 0.31418326706625116 and parameters: {'model_name': 'SimpleImputer', 'strategy': 'mean'}. Best is trial 5 with value: 0.31418326706625116.
[I 2024-11-04 19:39:34,516] Trial 152 finished with value: 0.31418326706625116 and parameters: {'model_name': 'SimpleImputer', 'strategy': 'mean'}. Best is trial 5 with value: 0.31418326706625116.
[I 2024-11-04 19:39:34,658] Trial 148 finished with value: 0.31418326706625116 and parameters: {'model_name': 'SimpleImputer', 'strategy': 'mean'}. Best is trial 5 with value: 0.31418326706625116.
[I 2024-11-04 19:39:34,713] Trial 159 finished with value: 0.31418326706625116 and parameters: {'model_name': 'SimpleImputer', 'strategy': 'mean'}. Best is trial 5 with value: 0.31418326706625116.
running
running
running
[I 2024-11-04 19:39:35,119] Trial 156 finished with value: 0.31418326706625116 and parameters: {'model_name': 'SimpleImputer', 'strategy': 'mean'}. Best is trial 5 with value: 0.31418326706625116.
[I 2024-11-04 19:39:35,209] Trial 161 finished with value: 0.31418326706625116 and parameters: {'model_name': 'SimpleImputer', 'strategy': 'mean'}. Best is trial 5 with value: 0.31418326706625116.
[I 2024-11-04 19:39:35,309] Trial 157 finished with value: 0.31418326706625116 and parameters: {'model_name': 'SimpleImputer', 'strategy': 'mean'}. Best is trial 5 with value: 0.31418326706625116.
running
running
[I 2024-11-04 19:39:35,409] Trial 158 finished with value: 0.31418326706625116 and parameters: {'model_name': 'SimpleImputer', 'strategy': 'mean'}. Best is trial 5 with value: 0.31418326706625116.
[I 2024-11-04 19:39:35,497] Trial 160 finished with value: 0.31418326706625116 and parameters: {'model_name': 'SimpleImputer', 'strategy': 'mean'}. Best is trial 5 with value: 0.31418326706625116.
[I 2024-11-04 19:39:35,608] Trial 163 finished with value: 0.31418326706625116 and parameters: {'model_name': 'SimpleImputer', 'strategy': 'mean'}. Best is trial 5 with value: 0.31418326706625116.
running
running
[I 2024-11-04 19:39:35,757] Trial 153 finished with value: 0.31418326706625116 and parameters: {'model_name': 'SimpleImputer', 'strategy': 'mean'}. Best is trial 5 with value: 0.31418326706625116.
running
running
running
[I 2024-11-04 19:39:35,881] Trial 162 finished with value: 0.31418326706625116 and parameters: {'model_name': 'SimpleImputer', 'strategy': 'mean'}. Best is trial 5 with value: 0.31418326706625116.
running
running
[I 2024-11-04 19:39:36,152] Trial 164 finished with value: 0.31418326706625116 and parameters: {'model_name': 'SimpleImputer', 'strategy': 'mean'}. Best is trial 5 with value: 0.31418326706625116.
[I 2024-11-04 19:39:36,265] Trial 165 finished with value: 0.31418326706625116 and parameters: {'model_name': 'SimpleImputer', 'strategy': 'mean'}. Best is trial 5 with value: 0.31418326706625116.
[I 2024-11-04 19:39:36,372] Trial 168 finished with value: 0.4248119595557899 and parameters: {'model_name': 'SimpleImputer', 'strategy': 'constant'}. Best is trial 5 with value: 0.31418326706625116.
running
running
running
[I 2024-11-04 19:39:36,537] Trial 172 finished with value: 0.31418326706625116 and parameters: {'model_name': 'SimpleImputer', 'strategy': 'mean'}. Best is trial 5 with value: 0.31418326706625116.
[I 2024-11-04 19:39:36,647] Trial 166 finished with value: 0.31418326706625116 and parameters: {'model_name': 'SimpleImputer', 'strategy': 'mean'}. Best is trial 5 with value: 0.31418326706625116.
[I 2024-11-04 19:39:36,750] Trial 171 finished with value: 0.4248119595557899 and parameters: {'model_name': 'SimpleImputer', 'strategy': 'constant'}. Best is trial 5 with value: 0.31418326706625116.
running
[I 2024-11-04 19:39:36,911] Trial 173 finished with value: 0.4248119595557899 and parameters: {'model_name': 'SimpleImputer', 'strategy': 'constant'}. Best is trial 5 with value: 0.31418326706625116.
running
[I 2024-11-04 19:39:37,022] Trial 167 finished with value: 0.31418326706625116 and parameters: {'model_name': 'SimpleImputer', 'strategy': 'mean'}. Best is trial 5 with value: 0.31418326706625116.
running
[I 2024-11-04 19:39:37,134] Trial 170 finished with value: 0.31418326706625116 and parameters: {'model_name': 'SimpleImputer', 'strategy': 'mean'}. Best is trial 5 with value: 0.31418326706625116.
running
[I 2024-11-04 19:39:37,263] Trial 174 finished with value: 0.4248119595557899 and parameters: {'model_name': 'SimpleImputer', 'strategy': 'constant'}. Best is trial 5 with value: 0.31418326706625116.
running
[I 2024-11-04 19:39:37,384] Trial 175 finished with value: 0.4248119595557899 and parameters: {'model_name': 'SimpleImputer', 'strategy': 'constant'}. Best is trial 5 with value: 0.31418326706625116.
running
[I 2024-11-04 19:39:37,569] Trial 169 finished with value: 0.4248119595557899 and parameters: {'model_name': 'SimpleImputer', 'strategy': 'constant'}. Best is trial 5 with value: 0.31418326706625116.
running
running
[I 2024-11-04 19:39:37,706] Trial 177 finished with value: 0.31418326706625116 and parameters: {'model_name': 'SimpleImputer', 'strategy': 'mean'}. Best is trial 5 with value: 0.31418326706625116.
[I 2024-11-04 19:39:37,804] Trial 179 finished with value: 0.4248119595557899 and parameters: {'model_name': 'SimpleImputer', 'strategy': 'constant'}. Best is trial 5 with value: 0.31418326706625116.
running
[I 2024-11-04 19:39:37,934] Trial 176 finished with value: 0.31418326706625116 and parameters: {'model_name': 'SimpleImputer', 'strategy': 'mean'}. Best is trial 5 with value: 0.31418326706625116.
running
running
[I 2024-11-04 19:39:38,057] Trial 178 finished with value: 0.31418326706625116 and parameters: {'model_name': 'SimpleImputer', 'strategy': 'mean'}. Best is trial 5 with value: 0.31418326706625116.
[I 2024-11-04 19:39:38,149] Trial 185 finished with value: 0.31418326706625116 and parameters: {'model_name': 'SimpleImputer', 'strategy': 'mean'}. Best is trial 5 with value: 0.31418326706625116.
running
[I 2024-11-04 19:39:38,278] Trial 181 finished with value: 0.31418326706625116 and parameters: {'model_name': 'SimpleImputer', 'strategy': 'mean'}. Best is trial 5 with value: 0.31418326706625116.
[I 2024-11-04 19:39:38,411] Trial 186 finished with value: 0.31418326706625116 and parameters: {'model_name': 'SimpleImputer', 'strategy': 'mean'}. Best is trial 5 with value: 0.31418326706625116.
running
running
[I 2024-11-04 19:39:38,570] Trial 183 finished with value: 0.31418326706625116 and parameters: {'model_name': 'SimpleImputer', 'strategy': 'mean'}. Best is trial 5 with value: 0.31418326706625116.
[I 2024-11-04 19:39:38,665] Trial 182 finished with value: 0.31418326706625116 and parameters: {'model_name': 'SimpleImputer', 'strategy': 'mean'}. Best is trial 5 with value: 0.31418326706625116.
running
running
[I 2024-11-04 19:39:38,776] Trial 187 finished with value: 0.31418326706625116 and parameters: {'model_name': 'SimpleImputer', 'strategy': 'mean'}. Best is trial 5 with value: 0.31418326706625116.
[I 2024-11-04 19:39:38,884] Trial 180 finished with value: 0.31418326706625116 and parameters: {'model_name': 'SimpleImputer', 'strategy': 'mean'}. Best is trial 5 with value: 0.31418326706625116.
running
[I 2024-11-04 19:39:39,000] Trial 188 finished with value: 0.31418326706625116 and parameters: {'model_name': 'SimpleImputer', 'strategy': 'mean'}. Best is trial 5 with value: 0.31418326706625116.
[I 2024-11-04 19:39:39,117] Trial 184 finished with value: 0.31418326706625116 and parameters: {'model_name': 'SimpleImputer', 'strategy': 'mean'}. Best is trial 5 with value: 0.31418326706625116.
[I 2024-11-04 19:39:39,228] Trial 190 finished with value: 0.31418326706625116 and parameters: {'model_name': 'SimpleImputer', 'strategy': 'mean'}. Best is trial 5 with value: 0.31418326706625116.
[I 2024-11-04 19:39:39,321] Trial 189 finished with value: 0.31418326706625116 and parameters: {'model_name': 'SimpleImputer', 'strategy': 'mean'}. Best is trial 5 with value: 0.31418326706625116.
[I 2024-11-04 19:39:39,440] Trial 194 finished with value: 0.31418326706625116 and parameters: {'model_name': 'SimpleImputer', 'strategy': 'mean'}. Best is trial 5 with value: 0.31418326706625116.
[I 2024-11-04 19:39:39,553] Trial 191 finished with value: 0.31418326706625116 and parameters: {'model_name': 'SimpleImputer', 'strategy': 'mean'}. Best is trial 5 with value: 0.31418326706625116.
[I 2024-11-04 19:39:39,685] Trial 195 finished with value: 0.31418326706625116 and parameters: {'model_name': 'SimpleImputer', 'strategy': 'mean'}. Best is trial 5 with value: 0.31418326706625116.
[I 2024-11-04 19:39:39,799] Trial 192 finished with value: 0.31418326706625116 and parameters: {'model_name': 'SimpleImputer', 'strategy': 'mean'}. Best is trial 5 with value: 0.31418326706625116.
[I 2024-11-04 19:39:39,930] Trial 196 finished with value: 0.31418326706625116 and parameters: {'model_name': 'SimpleImputer', 'strategy': 'mean'}. Best is trial 5 with value: 0.31418326706625116.
[I 2024-11-04 19:39:40,039] Trial 197 finished with value: 0.31418326706625116 and parameters: {'model_name': 'SimpleImputer', 'strategy': 'mean'}. Best is trial 5 with value: 0.31418326706625116.
[I 2024-11-04 19:39:40,151] Trial 193 finished with value: 0.31418326706625116 and parameters: {'model_name': 'SimpleImputer', 'strategy': 'mean'}. Best is trial 5 with value: 0.31418326706625116.
[I 2024-11-04 19:39:40,260] Trial 198 finished with value: 0.31418326706625116 and parameters: {'model_name': 'SimpleImputer', 'strategy': 'mean'}. Best is trial 5 with value: 0.31418326706625116.
[I 2024-11-04 19:39:40,365] Trial 199 finished with value: 0.31418326706625116 and parameters: {'model_name': 'SimpleImputer', 'strategy': 'mean'}. Best is trial 5 with value: 0.31418326706625116.
fit
simple fit
simple transform
0    0
1    0
2    0
3    0
dtype: int64
0    0
1    0
2    0
3    0
dtype: int64
0.31418326706625116
{'model_name': 'SimpleImputer', 'strategy': 'mean'}
running experiment 2/3 - Does reconstruction give good automl predictions
Start est fit
Version 0.1.7a0 of tpot2 is outdated. Version 0.1.8a0 was released Tuesday September 17, 2024.
Version 0.1.7a0 of tpot2 is outdated. Version 0.1.8a0 was released Tuesday September 17, 2024.
Version 0.1.7a0 of tpot2 is outdated. Version 0.1.8a0 was released Tuesday September 17, 2024.
Version 0.1.7a0 of tpot2 is outdated. Version 0.1.8a0 was released Tuesday September 17, 2024.
Version 0.1.7a0 of tpot2 is outdated. Version 0.1.8a0 was released Tuesday September 17, 2024.
Version 0.1.7a0 of tpot2 is outdated. Version 0.1.8a0 was released Tuesday September 17, 2024.
Version 0.1.7a0 of tpot2 is outdated. Version 0.1.8a0 was released Tuesday September 17, 2024.
Version 0.1.7a0 of tpot2 is outdated. Version 0.1.8a0 was released Tuesday September 17, 2024.
Version 0.1.7a0 of tpot2 is outdated. Version 0.1.8a0 was released Tuesday September 17, 2024.
Version 0.1.7a0 of tpot2 is outdated. Version 0.1.8a0 was released Tuesday September 17, 2024.
Version 0.1.7a0 of tpot2 is outdated. Version 0.1.8a0 was released Tuesday September 17, 2024.
Version 0.1.7a0 of tpot2 is outdated. Version 0.1.8a0 was released Tuesday September 17, 2024.
Version 0.1.7a0 of tpot2 is outdated. Version 0.1.8a0 was released Tuesday September 17, 2024.
Version 0.1.7a0 of tpot2 is outdated. Version 0.1.8a0 was released Tuesday September 17, 2024.
Version 0.1.7a0 of tpot2 is outdated. Version 0.1.8a0 was released Tuesday September 17, 2024.
Version 0.1.7a0 of tpot2 is outdated. Version 0.1.8a0 was released Tuesday September 17, 2024.
  0%|          | 0/25 [00:00<?, ?it/s]Generation:   0%|          | 0/25 [00:00<?, ?it/s]Generation:  1
Best f1_score score: 0.9844005993415665
Generation:   4%|▍         | 1/25 [02:13<53:35, 133.99s/it]Generation:  2
Best f1_score score: 0.9844005993415665
Generation:   8%|▊         | 2/25 [02:20<22:32, 58.80s/it] Generation:  3
Best f1_score score: 0.9897786741189044
Generation:  12%|█▏        | 3/25 [02:57<17:58, 49.02s/it]Generation:  4
Best f1_score score: 0.9897786741189044
Generation:  16%|█▌        | 4/25 [03:10<12:12, 34.87s/it]Generation:  5
Best f1_score score: 0.9897786741189044
Generation:  20%|██        | 5/25 [03:22<08:53, 26.68s/it]Generation:  6
Best f1_score score: 0.9897786741189044
Generation:  24%|██▍       | 6/25 [03:37<07:10, 22.67s/it]Generation:  7
Best f1_score score: 0.9897786741189044
Generation:  28%|██▊       | 7/25 [03:49<05:44, 19.15s/it]Generation:  8
Best f1_score score: 0.9897786741189044
Generation:  32%|███▏      | 8/25 [06:13<16:38, 58.75s/it]Generation:  9
Best f1_score score: 0.9897786741189044
Generation:  36%|███▌      | 9/25 [06:24<11:43, 43.98s/it]Generation:  10
Best f1_score score: 0.9897786741189044
Generation:  40%|████      | 10/25 [06:40<08:49, 35.29s/it]Generation:  11
Best f1_score score: 0.9902054305351442
Generation:  44%|████▍     | 11/25 [10:09<20:36, 88.35s/it]Generation:  12
Best f1_score score: 0.9902054305351442
Generation:  48%|████▊     | 12/25 [10:24<14:18, 66.05s/it]Generation:  13
Best f1_score score: 0.9909443389167443
Generation:  52%|█████▏    | 13/25 [11:10<12:01, 60.11s/it]Generation:  14
Best f1_score score: 0.9909443389167443
Generation:  56%|█████▌    | 14/25 [11:23<08:24, 45.90s/it]Generation:  15
Best f1_score score: 0.9909443389167443
Generation:  60%|██████    | 15/25 [11:41<06:14, 37.50s/it]Generation:  16
Best f1_score score: 0.9910901181055252
Generation:  64%|██████▍   | 16/25 [13:17<08:15, 55.04s/it]Generation:  17
Best f1_score score: 0.9913810624689166
Generation:  68%|██████▊   | 17/25 [13:40<06:03, 45.41s/it]Generation:  18
Best f1_score score: 0.9913810624689166
Generation:  72%|███████▏  | 18/25 [13:56<04:15, 36.46s/it]Generation:  19
Best f1_score score: 0.9913810624689166
Generation:  76%|███████▌  | 19/25 [14:23<03:22, 33.82s/it]Generation:  20
Best f1_score score: 0.9913810624689166
Generation:  80%|████████  | 20/25 [14:40<02:23, 28.73s/it]Generation:  21
Best f1_score score: 0.9913810624689166
Generation:  84%|████████▍ | 21/25 [15:00<01:44, 26.08s/it]Generation:  22
Best f1_score score: 0.9913851177548579
Generation:  88%|████████▊ | 22/25 [15:17<01:10, 23.35s/it]Generation:  23
Best f1_score score: 0.9913851177548579
Generation:  92%|█████████▏| 23/25 [15:35<00:43, 21.67s/it]Generation:  24
Best f1_score score: 0.9913851177548579
Generation:  96%|█████████▌| 24/25 [16:03<00:23, 23.57s/it]Generation:  25
Best f1_score score: 0.9913851177548579
Generation: 100%|██████████| 25/25 [16:22<00:00, 22.11s/it]Generation: 100%|██████████| 25/25 [16:26<00:00, 39.47s/it]
2024-11-04 19:56:13,136 - distributed.scheduler - ERROR - Removing worker 'tcp://127.0.0.1:40853' caused the cluster to lose scattered data, which can't be recovered: {'ndarray-2b78b1b5c411f30e8b5d1ac9245d716b', 'ndarray-782bc5f56dfe6ad3c3952dbb6d6329f9'} (stimulus_id='handle-worker-cleanup-1730778973.1362112')
Fitted
Pipeline(steps=[('baggingclassifier',
                 BaggingClassifier(bootstrap=False,
                                   max_features=0.9055824315674,
                                   max_samples=0.5486814676063, n_estimators=82,
                                   n_jobs=1))])
score start
train score: {'auroc': 1.0, 'accuracy': 1.0, 'balanced_accuracy': 1.0, 'logloss': 0.05352021642664044, 'f1': 1.0}
original test score: {'auroc': 1.0, 'accuracy': 1.0, 'balanced_accuracy': 1.0, 'logloss': 0.09982647238925656, 'f1': 1.0}
imputed test score: {'auroc': 0.9748478803262159, 'accuracy': 0.929438982070561, 'balanced_accuracy': 0.935856992639327, 'logloss': 0.22785458553454777, 'f1': 0.9293775361251355}
score end
check intended
EXP2 Finished
running experiment 3/3 - What is the best automl settings?
<tpot2.search_spaces.pipelines.sequential.SequentialPipeline object at 0x15543504f9d0>
Start tpot fit
Version 0.1.7a0 of tpot2 is outdated. Version 0.1.8a0 was released Tuesday September 17, 2024.
Version 0.1.7a0 of tpot2 is outdated. Version 0.1.8a0 was released Tuesday September 17, 2024.
Version 0.1.7a0 of tpot2 is outdated. Version 0.1.8a0 was released Tuesday September 17, 2024.
Version 0.1.7a0 of tpot2 is outdated. Version 0.1.8a0 was released Tuesday September 17, 2024.
Version 0.1.7a0 of tpot2 is outdated. Version 0.1.8a0 was released Tuesday September 17, 2024.
Version 0.1.7a0 of tpot2 is outdated. Version 0.1.8a0 was released Tuesday September 17, 2024.
Version 0.1.7a0 of tpot2 is outdated. Version 0.1.8a0 was released Tuesday September 17, 2024.
Version 0.1.7a0 of tpot2 is outdated. Version 0.1.8a0 was released Tuesday September 17, 2024.
Version 0.1.7a0 of tpot2 is outdated. Version 0.1.8a0 was released Tuesday September 17, 2024.
Version 0.1.7a0 of tpot2 is outdated. Version 0.1.8a0 was released Tuesday September 17, 2024.
Version 0.1.7a0 of tpot2 is outdated. Version 0.1.8a0 was released Tuesday September 17, 2024.
Version 0.1.7a0 of tpot2 is outdated. Version 0.1.8a0 was released Tuesday September 17, 2024.
Version 0.1.7a0 of tpot2 is outdated. Version 0.1.8a0 was released Tuesday September 17, 2024.
Version 0.1.7a0 of tpot2 is outdated. Version 0.1.8a0 was released Tuesday September 17, 2024.
Version 0.1.7a0 of tpot2 is outdated. Version 0.1.8a0 was released Tuesday September 17, 2024.
Version 0.1.7a0 of tpot2 is outdated. Version 0.1.8a0 was released Tuesday September 17, 2024.
  0%|          | 0/25 [00:00<?, ?it/s]Generation:   0%|          | 0/25 [00:00<?, ?it/s]Generation:  1
Best f1_score score: 0.9857064388676674
Generation:   4%|▍         | 1/25 [01:50<44:02, 110.11s/it]Generation:  2
Best f1_score score: 0.9857064388676674
Generation:   8%|▊         | 2/25 [01:54<18:21, 47.89s/it] Generation:  3
Best f1_score score: 0.9857064388676674
Generation:  12%|█▏        | 3/25 [02:15<13:02, 35.57s/it]Generation:  4
Best f1_score score: 0.9869967384864651
Generation:  16%|█▌        | 4/25 [02:34<10:08, 28.99s/it]Generation:  5
Best f1_score score: 0.9874379226755859
Generation:  20%|██        | 5/25 [03:52<15:34, 46.70s/it]Generation:  6
Best f1_score score: 0.9874379226755859
Generation:  24%|██▍       | 6/25 [04:49<15:52, 50.11s/it]Generation:  7
Best f1_score score: 0.9874379226755859
Generation:  28%|██▊       | 7/25 [04:55<10:45, 35.83s/it]Generation:  8
Best f1_score score: 0.9899278130257173
Generation:  32%|███▏      | 8/25 [05:02<07:30, 26.52s/it]Generation:  9
Best f1_score score: 0.990359174473108
Generation:  36%|███▌      | 9/25 [06:23<11:37, 43.62s/it]Generation:  10
Best f1_score score: 0.990359174473108
Generation:  40%|████      | 10/25 [06:33<08:20, 33.40s/it]Generation:  11
Best f1_score score: 0.990359174473108
Generation:  44%|████▍     | 11/25 [06:50<06:35, 28.28s/it]Generation:  12
Best f1_score score: 0.990359174473108
Generation:  48%|████▊     | 12/25 [06:57<04:41, 21.67s/it]Generation:  13
Best f1_score score: 0.990359174473108
Generation:  52%|█████▏    | 13/25 [07:05<03:30, 17.55s/it]Generation:  14
Best f1_score score: 0.9913774886672471
Generation:  56%|█████▌    | 14/25 [07:14<02:46, 15.17s/it]Generation:  15
Best f1_score score: 0.9915247597272414
Generation:  60%|██████    | 15/25 [07:22<02:07, 12.77s/it]WARNING THIS INDIVIDUAL CAUSED AND EXCEPTION 
 <tpot2.search_spaces.pipelines.sequential.SequentialPipelineIndividual object at 0x155474d1c460> 
 Out of bag estimation only available if bootstrap=True 
 Traceback (most recent call last):
  File "/common/ketrong/tpotexp/tpot2/tpot2/utils/eval_utils.py", line 53, in objective_nan_wrapper
    value = func_timeout.func_timeout(timeout, objective_function, args=[individual], kwargs=objective_kwargs)
  File "/common/ketrong/tpotexp/env/lib/python3.10/site-packages/func_timeout/dafunc.py", line 108, in func_timeout
    raise_exception(exception)
  File "/common/ketrong/tpotexp/env/lib/python3.10/site-packages/func_timeout/py3_raise.py", line 7, in raise_exception
    raise exception[0] from None
  File "/common/ketrong/tpotexp/tpot2/tpot2/tpot_estimator/estimator.py", line 623, in objective_function
    return objective_function_generator(
  File "/common/ketrong/tpotexp/tpot2/tpot2/tpot_estimator/estimator_utils.py", line 55, in objective_function_generator
    cv_obj_scores = cross_val_score_objective(sklearn.base.clone(pipeline),x,y,scorers=scorers, cv=cv , fold=step)
  File "/common/ketrong/tpotexp/tpot2/tpot2/tpot_estimator/cross_val_utils.py", line 28, in cross_val_score_objective
    this_fold_pipeline.fit(X_train,y_train)
  File "/common/ketrong/tpotexp/env/lib/python3.10/site-packages/sklearn/base.py", line 1473, in wrapper
    return fit_method(estimator, *args, **kwargs)
  File "/common/ketrong/tpotexp/env/lib/python3.10/site-packages/sklearn/pipeline.py", line 473, in fit
    self._final_estimator.fit(Xt, y, **last_step_params["fit"])
  File "/common/ketrong/tpotexp/env/lib/python3.10/site-packages/sklearn/utils/validation.py", line 66, in inner_f
    return f(*args, **kwargs)
  File "/common/ketrong/tpotexp/env/lib/python3.10/site-packages/sklearn/base.py", line 1473, in wrapper
    return fit_method(estimator, *args, **kwargs)
  File "/common/ketrong/tpotexp/env/lib/python3.10/site-packages/sklearn/ensemble/_bagging.py", line 402, in fit
    return self._fit(X, y, max_samples=self.max_samples, **fit_params)
  File "/common/ketrong/tpotexp/env/lib/python3.10/site-packages/sklearn/ensemble/_bagging.py", line 502, in _fit
    raise ValueError("Out of bag estimation only available if bootstrap=True")
ValueError: Out of bag estimation only available if bootstrap=True

Generation:  16
Best f1_score score: 0.9915247597272414
Generation:  64%|██████▍   | 16/25 [07:29<01:40, 11.22s/it]WARNING THIS INDIVIDUAL CAUSED AND EXCEPTION 
 <tpot2.search_spaces.pipelines.sequential.SequentialPipelineIndividual object at 0x155474247040> 
 Out of bag estimation only available if bootstrap=True 
 Traceback (most recent call last):
  File "/common/ketrong/tpotexp/tpot2/tpot2/utils/eval_utils.py", line 53, in objective_nan_wrapper
    value = func_timeout.func_timeout(timeout, objective_function, args=[individual], kwargs=objective_kwargs)
  File "/common/ketrong/tpotexp/env/lib/python3.10/site-packages/func_timeout/dafunc.py", line 108, in func_timeout
    raise_exception(exception)
  File "/common/ketrong/tpotexp/env/lib/python3.10/site-packages/func_timeout/py3_raise.py", line 7, in raise_exception
    raise exception[0] from None
  File "/common/ketrong/tpotexp/tpot2/tpot2/tpot_estimator/estimator.py", line 623, in objective_function
    return objective_function_generator(
  File "/common/ketrong/tpotexp/tpot2/tpot2/tpot_estimator/estimator_utils.py", line 55, in objective_function_generator
    cv_obj_scores = cross_val_score_objective(sklearn.base.clone(pipeline),x,y,scorers=scorers, cv=cv , fold=step)
  File "/common/ketrong/tpotexp/tpot2/tpot2/tpot_estimator/cross_val_utils.py", line 28, in cross_val_score_objective
    this_fold_pipeline.fit(X_train,y_train)
  File "/common/ketrong/tpotexp/env/lib/python3.10/site-packages/sklearn/base.py", line 1473, in wrapper
    return fit_method(estimator, *args, **kwargs)
  File "/common/ketrong/tpotexp/env/lib/python3.10/site-packages/sklearn/pipeline.py", line 473, in fit
    self._final_estimator.fit(Xt, y, **last_step_params["fit"])
  File "/common/ketrong/tpotexp/env/lib/python3.10/site-packages/sklearn/utils/validation.py", line 66, in inner_f
    return f(*args, **kwargs)
  File "/common/ketrong/tpotexp/env/lib/python3.10/site-packages/sklearn/base.py", line 1473, in wrapper
    return fit_method(estimator, *args, **kwargs)
  File "/common/ketrong/tpotexp/env/lib/python3.10/site-packages/sklearn/ensemble/_bagging.py", line 402, in fit
    return self._fit(X, y, max_samples=self.max_samples, **fit_params)
  File "/common/ketrong/tpotexp/env/lib/python3.10/site-packages/sklearn/ensemble/_bagging.py", line 502, in _fit
    raise ValueError("Out of bag estimation only available if bootstrap=True")
ValueError: Out of bag estimation only available if bootstrap=True

Generation:  17
Best f1_score score: 0.9915247597272414
Generation:  68%|██████▊   | 17/25 [08:37<03:45, 28.20s/it]Generation:  18
Best f1_score score: 0.9915247597272414
Generation:  72%|███████▏  | 18/25 [10:10<05:33, 47.64s/it]Generation:  19
Best f1_score score: 0.9915247597272414
Generation:  76%|███████▌  | 19/25 [10:16<03:31, 35.33s/it]Generation:  20
Best f1_score score: 0.9915247597272414
Generation:  80%|████████  | 20/25 [10:26<02:17, 27.53s/it]Generation:  21
Best f1_score score: 0.9915247597272414
Generation:  84%|████████▍ | 21/25 [11:34<02:38, 39.64s/it]Generation:  22
Best f1_score score: 0.9915247597272414
Generation:  88%|████████▊ | 22/25 [14:06<03:40, 73.52s/it]WARNING THIS INDIVIDUAL CAUSED AND EXCEPTION 
 <tpot2.search_spaces.pipelines.sequential.SequentialPipelineIndividual object at 0x15545ffef940> 
 Out of bag estimation only available if bootstrap=True 
 Traceback (most recent call last):
  File "/common/ketrong/tpotexp/tpot2/tpot2/utils/eval_utils.py", line 53, in objective_nan_wrapper
    value = func_timeout.func_timeout(timeout, objective_function, args=[individual], kwargs=objective_kwargs)
  File "/common/ketrong/tpotexp/env/lib/python3.10/site-packages/func_timeout/dafunc.py", line 108, in func_timeout
    raise_exception(exception)
  File "/common/ketrong/tpotexp/env/lib/python3.10/site-packages/func_timeout/py3_raise.py", line 7, in raise_exception
    raise exception[0] from None
  File "/common/ketrong/tpotexp/tpot2/tpot2/tpot_estimator/estimator.py", line 623, in objective_function
    return objective_function_generator(
  File "/common/ketrong/tpotexp/tpot2/tpot2/tpot_estimator/estimator_utils.py", line 55, in objective_function_generator
    cv_obj_scores = cross_val_score_objective(sklearn.base.clone(pipeline),x,y,scorers=scorers, cv=cv , fold=step)
  File "/common/ketrong/tpotexp/tpot2/tpot2/tpot_estimator/cross_val_utils.py", line 28, in cross_val_score_objective
    this_fold_pipeline.fit(X_train,y_train)
  File "/common/ketrong/tpotexp/env/lib/python3.10/site-packages/sklearn/base.py", line 1473, in wrapper
    return fit_method(estimator, *args, **kwargs)
  File "/common/ketrong/tpotexp/env/lib/python3.10/site-packages/sklearn/pipeline.py", line 473, in fit
    self._final_estimator.fit(Xt, y, **last_step_params["fit"])
  File "/common/ketrong/tpotexp/env/lib/python3.10/site-packages/sklearn/utils/validation.py", line 66, in inner_f
    return f(*args, **kwargs)
  File "/common/ketrong/tpotexp/env/lib/python3.10/site-packages/sklearn/base.py", line 1473, in wrapper
    return fit_method(estimator, *args, **kwargs)
  File "/common/ketrong/tpotexp/env/lib/python3.10/site-packages/sklearn/ensemble/_bagging.py", line 402, in fit
    return self._fit(X, y, max_samples=self.max_samples, **fit_params)
  File "/common/ketrong/tpotexp/env/lib/python3.10/site-packages/sklearn/ensemble/_bagging.py", line 502, in _fit
    raise ValueError("Out of bag estimation only available if bootstrap=True")
ValueError: Out of bag estimation only available if bootstrap=True

Generation:  23
Best f1_score score: 0.9915247597272414
Generation:  92%|█████████▏| 23/25 [16:03<02:53, 86.66s/it]Generation:  24
Best f1_score score: 0.9915247597272414
Generation:  96%|█████████▌| 24/25 [16:10<01:02, 62.63s/it]Generation:  25
Best f1_score score: 0.9915247597272414
Generation: 100%|██████████| 25/25 [19:16<00:00, 99.52s/it]Generation: 100%|██████████| 25/25 [19:16<00:00, 46.24s/it]
2024-11-04 20:15:37,593 - distributed.scheduler - ERROR - Removing worker 'tcp://127.0.0.1:39945' caused the cluster to lose scattered data, which can't be recovered: {'DataFrame-b64b68c04b4c7d60431e58bf8f940d4b', 'ndarray-782bc5f56dfe6ad3c3952dbb6d6329f9'} (stimulus_id='handle-worker-cleanup-1730780137.5939198')
Fitted
Pipeline(steps=[('simpleimputer', SimpleImputer()),
                ('baggingclassifier',
                 BaggingClassifier(bootstrap=False, bootstrap_features=True,
                                   max_features=0.8533075232813,
                                   max_samples=0.8561206669891, n_estimators=53,
                                   n_jobs=1))])
transform worked
try transform
transform worked
score start
train score: {'auroc': 1.0, 'accuracy': 1.0, 'balanced_accuracy': 1.0, 'logloss': 0.08032292393449386, 'f1': 1.0}
test score: {'auroc': 0.965367263251509, 'accuracy': 0.9097744360902256, 'balanced_accuracy': 0.9163443162251075, 'logloss': 0.3278754654337047, 'f1': 0.9097132772938219}
original test score: {'auroc': 0.9980125101705958, 'accuracy': 0.9658762290341237, 'balanced_accuracy': 0.9671094423675255, 'logloss': 0.2275326698947738, 'f1': 0.9656311644556749}
score end
923
lvl
0.3
type
MAR
num_run
1
class_simple
finished
all finished
full run takes
0.6106117021375232
hours
DONE
