Run: 13
/cm/local/apps/slurm/var/spool/job1046008/slurm_script: line 26: 
pip install -e tpot2
pip install -r tpot2/ImputerExperiments/requirements_.txt
: No such file or directory
RunStart
Version 0.1.7a0 of tpot2 is outdated. Version 0.1.8a0 was released Tuesday September 17, 2024.
starting loops
../data/c/1489/1489.pkl
working on 
../data/c/1489/class_simple_MCAR_0.01_1
0.399029016494751
running experiment 1/3 - Does large hyperparameter space improve reconstruction accuracy over simple
[I 2024-11-12 02:01:48,066] A new study created in memory with name: no-name-e6628f72-0e0b-40c1-82bf-c091b98de294
running
running
running
running
running
running
running
[I 2024-11-12 02:01:48,138] Trial 1 finished with value: 0.1627821640205836 and parameters: {'model_name': 'SimpleImputer', 'strategy': 'mean'}. Best is trial 1 with value: 0.1627821640205836.
running
running
running
running
running
running
running
running
running
[I 2024-11-12 02:01:48,402] Trial 3 finished with value: 0.47036206447321405 and parameters: {'model_name': 'SimpleImputer', 'strategy': 'constant'}. Best is trial 1 with value: 0.1627821640205836.
running
running
[I 2024-11-12 02:01:48,673] Trial 9 finished with value: 0.1627821640205836 and parameters: {'model_name': 'SimpleImputer', 'strategy': 'mean'}. Best is trial 1 with value: 0.1627821640205836.
running
[I 2024-11-12 02:01:48,792] Trial 7 finished with value: 0.47036206447321405 and parameters: {'model_name': 'SimpleImputer', 'strategy': 'constant'}. Best is trial 1 with value: 0.1627821640205836.
[I 2024-11-12 02:01:48,889] Trial 13 finished with value: 0.47036206447321405 and parameters: {'model_name': 'SimpleImputer', 'strategy': 'constant'}. Best is trial 1 with value: 0.1627821640205836.
[I 2024-11-12 02:01:48,977] Trial 4 finished with value: 0.1627821640205836 and parameters: {'model_name': 'SimpleImputer', 'strategy': 'mean'}. Best is trial 1 with value: 0.1627821640205836.
[I 2024-11-12 02:01:49,150] Trial 8 finished with value: 0.1627821640205836 and parameters: {'model_name': 'SimpleImputer', 'strategy': 'mean'}. Best is trial 1 with value: 0.1627821640205836.
running
running
running
running
[I 2024-11-12 02:01:49,309] Trial 2 finished with value: 0.16731433976716184 and parameters: {'model_name': 'SimpleImputer', 'strategy': 'median'}. Best is trial 1 with value: 0.1627821640205836.
[I 2024-11-12 02:01:49,401] Trial 14 finished with value: 0.1627821640205836 and parameters: {'model_name': 'SimpleImputer', 'strategy': 'mean'}. Best is trial 1 with value: 0.1627821640205836.
[I 2024-11-12 02:01:49,497] Trial 15 finished with value: 0.47036206447321405 and parameters: {'model_name': 'SimpleImputer', 'strategy': 'constant'}. Best is trial 1 with value: 0.1627821640205836.
[I 2024-11-12 02:01:49,584] Trial 6 finished with value: 0.1627821640205836 and parameters: {'model_name': 'SimpleImputer', 'strategy': 'mean'}. Best is trial 1 with value: 0.1627821640205836.
running
running
running
running
[I 2024-11-12 02:01:49,791] Trial 0 finished with value: 0.4414247844256929 and parameters: {'model_name': 'SimpleImputer', 'strategy': 'most_frequent'}. Best is trial 1 with value: 0.1627821640205836.
[I 2024-11-12 02:01:49,903] Trial 18 finished with value: 0.1627821640205836 and parameters: {'model_name': 'SimpleImputer', 'strategy': 'mean'}. Best is trial 1 with value: 0.1627821640205836.
running
[I 2024-11-12 02:01:50,023] Trial 17 finished with value: 0.47036206447321405 and parameters: {'model_name': 'SimpleImputer', 'strategy': 'constant'}. Best is trial 1 with value: 0.1627821640205836.
[I 2024-11-12 02:01:50,123] Trial 16 finished with value: 0.1627821640205836 and parameters: {'model_name': 'SimpleImputer', 'strategy': 'mean'}. Best is trial 1 with value: 0.1627821640205836.
running
running
[I 2024-11-12 02:01:50,233] Trial 12 finished with value: 0.1627821640205836 and parameters: {'model_name': 'SimpleImputer', 'strategy': 'mean'}. Best is trial 1 with value: 0.1627821640205836.
[I 2024-11-12 02:01:50,330] Trial 5 finished with value: 0.16731433976716184 and parameters: {'model_name': 'SimpleImputer', 'strategy': 'median'}. Best is trial 1 with value: 0.1627821640205836.
running
running
running
[I 2024-11-12 02:01:50,442] Trial 21 finished with value: 0.47036206447321405 and parameters: {'model_name': 'SimpleImputer', 'strategy': 'constant'}. Best is trial 1 with value: 0.1627821640205836.
running
[I 2024-11-12 02:01:50,581] Trial 22 finished with value: 0.47036206447321405 and parameters: {'model_name': 'SimpleImputer', 'strategy': 'constant'}. Best is trial 1 with value: 0.1627821640205836.
running
[I 2024-11-12 02:01:50,823] Trial 10 finished with value: 0.4414247844256929 and parameters: {'model_name': 'SimpleImputer', 'strategy': 'most_frequent'}. Best is trial 1 with value: 0.1627821640205836.
running
[I 2024-11-12 02:01:51,203] Trial 29 finished with value: 0.16731433976716184 and parameters: {'model_name': 'SimpleImputer', 'strategy': 'median'}. Best is trial 1 with value: 0.1627821640205836.
running
[I 2024-11-12 02:01:51,327] Trial 20 finished with value: 0.16731433976716184 and parameters: {'model_name': 'SimpleImputer', 'strategy': 'median'}. Best is trial 1 with value: 0.1627821640205836.
[I 2024-11-12 02:01:51,431] Trial 24 finished with value: 0.4414247844256929 and parameters: {'model_name': 'SimpleImputer', 'strategy': 'most_frequent'}. Best is trial 1 with value: 0.1627821640205836.
[I 2024-11-12 02:01:51,530] Trial 28 finished with value: 0.16731433976716184 and parameters: {'model_name': 'SimpleImputer', 'strategy': 'median'}. Best is trial 1 with value: 0.1627821640205836.
[I 2024-11-12 02:01:51,627] Trial 27 finished with value: 0.16731433976716184 and parameters: {'model_name': 'SimpleImputer', 'strategy': 'median'}. Best is trial 1 with value: 0.1627821640205836.
running
[I 2024-11-12 02:01:51,716] Trial 19 finished with value: 0.4414247844256929 and parameters: {'model_name': 'SimpleImputer', 'strategy': 'most_frequent'}. Best is trial 1 with value: 0.1627821640205836.
running
[I 2024-11-12 02:01:51,822] Trial 23 finished with value: 0.4414247844256929 and parameters: {'model_name': 'SimpleImputer', 'strategy': 'most_frequent'}. Best is trial 1 with value: 0.1627821640205836.
[I 2024-11-12 02:01:51,924] Trial 31 finished with value: 0.4414247844256929 and parameters: {'model_name': 'SimpleImputer', 'strategy': 'most_frequent'}. Best is trial 1 with value: 0.1627821640205836.
running
[I 2024-11-12 02:01:52,021] Trial 25 finished with value: 0.4414247844256929 and parameters: {'model_name': 'SimpleImputer', 'strategy': 'most_frequent'}. Best is trial 1 with value: 0.1627821640205836.
running
[I 2024-11-12 02:01:52,138] Trial 26 finished with value: 0.4414247844256929 and parameters: {'model_name': 'SimpleImputer', 'strategy': 'most_frequent'}. Best is trial 1 with value: 0.1627821640205836.
running
running
running
running
[I 2024-11-12 02:01:52,274] Trial 32 finished with value: 0.4414247844256929 and parameters: {'model_name': 'SimpleImputer', 'strategy': 'most_frequent'}. Best is trial 1 with value: 0.1627821640205836.
running
running
[I 2024-11-12 02:01:52,504] Trial 35 finished with value: 0.1627821640205836 and parameters: {'model_name': 'SimpleImputer', 'strategy': 'mean'}. Best is trial 1 with value: 0.1627821640205836.
[I 2024-11-12 02:01:52,605] Trial 11 finished with value: 0.4414247844256929 and parameters: {'model_name': 'SimpleImputer', 'strategy': 'most_frequent'}. Best is trial 1 with value: 0.1627821640205836.
[I 2024-11-12 02:01:52,699] Trial 30 finished with value: 0.4414247844256929 and parameters: {'model_name': 'SimpleImputer', 'strategy': 'most_frequent'}. Best is trial 1 with value: 0.1627821640205836.
[I 2024-11-12 02:01:52,794] Trial 38 finished with value: 0.1627821640205836 and parameters: {'model_name': 'SimpleImputer', 'strategy': 'mean'}. Best is trial 1 with value: 0.1627821640205836.
[I 2024-11-12 02:01:52,884] Trial 34 finished with value: 0.4414247844256929 and parameters: {'model_name': 'SimpleImputer', 'strategy': 'most_frequent'}. Best is trial 1 with value: 0.1627821640205836.
running
running
running
running
[I 2024-11-12 02:01:53,007] Trial 37 finished with value: 0.1627821640205836 and parameters: {'model_name': 'SimpleImputer', 'strategy': 'mean'}. Best is trial 1 with value: 0.1627821640205836.
running
running
[I 2024-11-12 02:01:53,179] Trial 36 finished with value: 0.1627821640205836 and parameters: {'model_name': 'SimpleImputer', 'strategy': 'mean'}. Best is trial 1 with value: 0.1627821640205836.
[I 2024-11-12 02:01:53,282] Trial 40 finished with value: 0.1627821640205836 and parameters: {'model_name': 'SimpleImputer', 'strategy': 'mean'}. Best is trial 1 with value: 0.1627821640205836.
[I 2024-11-12 02:01:53,387] Trial 39 finished with value: 0.1627821640205836 and parameters: {'model_name': 'SimpleImputer', 'strategy': 'mean'}. Best is trial 1 with value: 0.1627821640205836.
running
[I 2024-11-12 02:01:53,495] Trial 42 finished with value: 0.1627821640205836 and parameters: {'model_name': 'SimpleImputer', 'strategy': 'mean'}. Best is trial 1 with value: 0.1627821640205836.
[I 2024-11-12 02:01:53,598] Trial 41 finished with value: 0.1627821640205836 and parameters: {'model_name': 'SimpleImputer', 'strategy': 'mean'}. Best is trial 1 with value: 0.1627821640205836.
[I 2024-11-12 02:01:53,691] Trial 46 finished with value: 0.1627821640205836 and parameters: {'model_name': 'SimpleImputer', 'strategy': 'mean'}. Best is trial 1 with value: 0.1627821640205836.
running
[I 2024-11-12 02:01:53,795] Trial 33 finished with value: 0.4414247844256929 and parameters: {'model_name': 'SimpleImputer', 'strategy': 'most_frequent'}. Best is trial 1 with value: 0.1627821640205836.
running
running
[I 2024-11-12 02:01:53,949] Trial 44 finished with value: 0.1627821640205836 and parameters: {'model_name': 'SimpleImputer', 'strategy': 'mean'}. Best is trial 1 with value: 0.1627821640205836.
[I 2024-11-12 02:01:54,038] Trial 43 finished with value: 0.1627821640205836 and parameters: {'model_name': 'SimpleImputer', 'strategy': 'mean'}. Best is trial 1 with value: 0.1627821640205836.
[I 2024-11-12 02:01:54,140] Trial 51 finished with value: 0.1627821640205836 and parameters: {'model_name': 'SimpleImputer', 'strategy': 'mean'}. Best is trial 1 with value: 0.1627821640205836.
running
running
running
running
[I 2024-11-12 02:01:54,286] Trial 49 finished with value: 0.1627821640205836 and parameters: {'model_name': 'SimpleImputer', 'strategy': 'mean'}. Best is trial 1 with value: 0.1627821640205836.
running
[I 2024-11-12 02:01:54,419] Trial 50 finished with value: 0.1627821640205836 and parameters: {'model_name': 'SimpleImputer', 'strategy': 'mean'}. Best is trial 1 with value: 0.1627821640205836.
running
running
[I 2024-11-12 02:01:54,563] Trial 47 finished with value: 0.1627821640205836 and parameters: {'model_name': 'SimpleImputer', 'strategy': 'mean'}. Best is trial 1 with value: 0.1627821640205836.
[I 2024-11-12 02:01:54,666] Trial 48 finished with value: 0.1627821640205836 and parameters: {'model_name': 'SimpleImputer', 'strategy': 'mean'}. Best is trial 1 with value: 0.1627821640205836.
running
[I 2024-11-12 02:01:54,763] Trial 54 finished with value: 0.1627821640205836 and parameters: {'model_name': 'SimpleImputer', 'strategy': 'mean'}. Best is trial 1 with value: 0.1627821640205836.
[I 2024-11-12 02:01:54,852] Trial 45 finished with value: 0.1627821640205836 and parameters: {'model_name': 'SimpleImputer', 'strategy': 'mean'}. Best is trial 1 with value: 0.1627821640205836.
running
running
[I 2024-11-12 02:01:54,990] Trial 52 finished with value: 0.1627821640205836 and parameters: {'model_name': 'SimpleImputer', 'strategy': 'mean'}. Best is trial 1 with value: 0.1627821640205836.
[I 2024-11-12 02:01:55,081] Trial 53 finished with value: 0.1627821640205836 and parameters: {'model_name': 'SimpleImputer', 'strategy': 'mean'}. Best is trial 1 with value: 0.1627821640205836.
[I 2024-11-12 02:01:55,203] Trial 60 finished with value: 0.1627821640205836 and parameters: {'model_name': 'SimpleImputer', 'strategy': 'mean'}. Best is trial 1 with value: 0.1627821640205836.
running
running
running
[I 2024-11-12 02:01:55,336] Trial 55 finished with value: 0.1627821640205836 and parameters: {'model_name': 'SimpleImputer', 'strategy': 'mean'}. Best is trial 1 with value: 0.1627821640205836.
[I 2024-11-12 02:01:55,428] Trial 58 finished with value: 0.1627821640205836 and parameters: {'model_name': 'SimpleImputer', 'strategy': 'mean'}. Best is trial 1 with value: 0.1627821640205836.
running
[I 2024-11-12 02:01:55,543] Trial 61 finished with value: 0.1627821640205836 and parameters: {'model_name': 'SimpleImputer', 'strategy': 'mean'}. Best is trial 1 with value: 0.1627821640205836.
[I 2024-11-12 02:01:55,632] Trial 56 finished with value: 0.1627821640205836 and parameters: {'model_name': 'SimpleImputer', 'strategy': 'mean'}. Best is trial 1 with value: 0.1627821640205836.
running
[I 2024-11-12 02:01:55,749] Trial 59 finished with value: 0.1627821640205836 and parameters: {'model_name': 'SimpleImputer', 'strategy': 'mean'}. Best is trial 1 with value: 0.1627821640205836.
[I 2024-11-12 02:01:55,863] Trial 62 finished with value: 0.1627821640205836 and parameters: {'model_name': 'SimpleImputer', 'strategy': 'mean'}. Best is trial 1 with value: 0.1627821640205836.
running
running
running
[I 2024-11-12 02:01:55,993] Trial 63 finished with value: 0.1627821640205836 and parameters: {'model_name': 'SimpleImputer', 'strategy': 'mean'}. Best is trial 1 with value: 0.1627821640205836.
[I 2024-11-12 02:01:56,080] Trial 57 finished with value: 0.1627821640205836 and parameters: {'model_name': 'SimpleImputer', 'strategy': 'mean'}. Best is trial 1 with value: 0.1627821640205836.
running
[I 2024-11-12 02:01:56,185] Trial 67 finished with value: 0.47036206447321405 and parameters: {'model_name': 'SimpleImputer', 'strategy': 'constant'}. Best is trial 1 with value: 0.1627821640205836.
running
[I 2024-11-12 02:01:56,305] Trial 68 finished with value: 0.47036206447321405 and parameters: {'model_name': 'SimpleImputer', 'strategy': 'constant'}. Best is trial 1 with value: 0.1627821640205836.
running
[I 2024-11-12 02:01:56,406] Trial 65 finished with value: 0.1627821640205836 and parameters: {'model_name': 'SimpleImputer', 'strategy': 'mean'}. Best is trial 1 with value: 0.1627821640205836.
running
[I 2024-11-12 02:01:56,521] Trial 66 finished with value: 0.1627821640205836 and parameters: {'model_name': 'SimpleImputer', 'strategy': 'mean'}. Best is trial 1 with value: 0.1627821640205836.
running
[I 2024-11-12 02:01:56,618] Trial 64 finished with value: 0.1627821640205836 and parameters: {'model_name': 'SimpleImputer', 'strategy': 'mean'}. Best is trial 1 with value: 0.1627821640205836.
running
running
[I 2024-11-12 02:01:56,788] Trial 74 finished with value: 0.47036206447321405 and parameters: {'model_name': 'SimpleImputer', 'strategy': 'constant'}. Best is trial 1 with value: 0.1627821640205836.
running
running
[I 2024-11-12 02:01:56,894] Trial 72 finished with value: 0.47036206447321405 and parameters: {'model_name': 'SimpleImputer', 'strategy': 'constant'}. Best is trial 1 with value: 0.1627821640205836.
[I 2024-11-12 02:01:56,996] Trial 71 finished with value: 0.47036206447321405 and parameters: {'model_name': 'SimpleImputer', 'strategy': 'constant'}. Best is trial 1 with value: 0.1627821640205836.
running
running
[I 2024-11-12 02:01:57,130] Trial 75 finished with value: 0.47036206447321405 and parameters: {'model_name': 'SimpleImputer', 'strategy': 'constant'}. Best is trial 1 with value: 0.1627821640205836.
running
[I 2024-11-12 02:01:57,239] Trial 69 finished with value: 0.47036206447321405 and parameters: {'model_name': 'SimpleImputer', 'strategy': 'constant'}. Best is trial 1 with value: 0.1627821640205836.
[I 2024-11-12 02:01:57,329] Trial 70 finished with value: 0.16731433976716184 and parameters: {'model_name': 'SimpleImputer', 'strategy': 'median'}. Best is trial 1 with value: 0.1627821640205836.
running
running
running
[I 2024-11-12 02:01:57,461] Trial 73 finished with value: 0.47036206447321405 and parameters: {'model_name': 'SimpleImputer', 'strategy': 'constant'}. Best is trial 1 with value: 0.1627821640205836.
running
running
[I 2024-11-12 02:01:57,735] Trial 76 finished with value: 0.16731433976716184 and parameters: {'model_name': 'SimpleImputer', 'strategy': 'median'}. Best is trial 1 with value: 0.1627821640205836.
running
[I 2024-11-12 02:01:57,890] Trial 89 finished with value: 0.1627821640205836 and parameters: {'model_name': 'SimpleImputer', 'strategy': 'mean'}. Best is trial 1 with value: 0.1627821640205836.
[I 2024-11-12 02:01:57,992] Trial 77 finished with value: 0.16731433976716184 and parameters: {'model_name': 'SimpleImputer', 'strategy': 'median'}. Best is trial 1 with value: 0.1627821640205836.
running
running
[I 2024-11-12 02:01:58,166] Trial 83 finished with value: 0.1627821640205836 and parameters: {'model_name': 'SimpleImputer', 'strategy': 'mean'}. Best is trial 1 with value: 0.1627821640205836.
[I 2024-11-12 02:01:58,280] Trial 88 finished with value: 0.16731433976716184 and parameters: {'model_name': 'SimpleImputer', 'strategy': 'median'}. Best is trial 1 with value: 0.1627821640205836.
running
running
[I 2024-11-12 02:01:58,416] Trial 80 finished with value: 0.16731433976716184 and parameters: {'model_name': 'SimpleImputer', 'strategy': 'median'}. Best is trial 1 with value: 0.1627821640205836.
[I 2024-11-12 02:01:58,516] Trial 81 finished with value: 0.16731433976716184 and parameters: {'model_name': 'SimpleImputer', 'strategy': 'median'}. Best is trial 1 with value: 0.1627821640205836.
[I 2024-11-12 02:01:58,619] Trial 82 finished with value: 0.16731433976716184 and parameters: {'model_name': 'SimpleImputer', 'strategy': 'median'}. Best is trial 1 with value: 0.1627821640205836.
running
[I 2024-11-12 02:01:58,729] Trial 78 finished with value: 0.16731433976716184 and parameters: {'model_name': 'SimpleImputer', 'strategy': 'median'}. Best is trial 1 with value: 0.1627821640205836.
running
[I 2024-11-12 02:01:58,825] Trial 84 finished with value: 0.16731433976716184 and parameters: {'model_name': 'SimpleImputer', 'strategy': 'median'}. Best is trial 1 with value: 0.1627821640205836.
running
[I 2024-11-12 02:01:58,958] Trial 86 finished with value: 0.16731433976716184 and parameters: {'model_name': 'SimpleImputer', 'strategy': 'median'}. Best is trial 1 with value: 0.1627821640205836.
[I 2024-11-12 02:01:59,065] Trial 91 finished with value: 0.16731433976716184 and parameters: {'model_name': 'SimpleImputer', 'strategy': 'median'}. Best is trial 1 with value: 0.1627821640205836.
running
running
[I 2024-11-12 02:01:59,194] Trial 90 finished with value: 0.16731433976716184 and parameters: {'model_name': 'SimpleImputer', 'strategy': 'median'}. Best is trial 1 with value: 0.1627821640205836.
running
running
[I 2024-11-12 02:01:59,339] Trial 87 finished with value: 0.16731433976716184 and parameters: {'model_name': 'SimpleImputer', 'strategy': 'median'}. Best is trial 1 with value: 0.1627821640205836.
[I 2024-11-12 02:01:59,427] Trial 79 finished with value: 0.16731433976716184 and parameters: {'model_name': 'SimpleImputer', 'strategy': 'median'}. Best is trial 1 with value: 0.1627821640205836.
running
[I 2024-11-12 02:01:59,524] Trial 92 finished with value: 0.1627821640205836 and parameters: {'model_name': 'SimpleImputer', 'strategy': 'mean'}. Best is trial 1 with value: 0.1627821640205836.
[I 2024-11-12 02:01:59,610] Trial 95 finished with value: 0.1627821640205836 and parameters: {'model_name': 'SimpleImputer', 'strategy': 'mean'}. Best is trial 1 with value: 0.1627821640205836.
running
running
[I 2024-11-12 02:01:59,728] Trial 98 finished with value: 0.1627821640205836 and parameters: {'model_name': 'SimpleImputer', 'strategy': 'mean'}. Best is trial 1 with value: 0.1627821640205836.
[I 2024-11-12 02:01:59,831] Trial 99 finished with value: 0.1627821640205836 and parameters: {'model_name': 'SimpleImputer', 'strategy': 'mean'}. Best is trial 1 with value: 0.1627821640205836.
running
[I 2024-11-12 02:01:59,951] Trial 93 finished with value: 0.1627821640205836 and parameters: {'model_name': 'SimpleImputer', 'strategy': 'mean'}. Best is trial 1 with value: 0.1627821640205836.
[I 2024-11-12 02:02:00,064] Trial 94 finished with value: 0.1627821640205836 and parameters: {'model_name': 'SimpleImputer', 'strategy': 'mean'}. Best is trial 1 with value: 0.1627821640205836.
running
[I 2024-11-12 02:02:00,189] Trial 97 finished with value: 0.1627821640205836 and parameters: {'model_name': 'SimpleImputer', 'strategy': 'mean'}. Best is trial 1 with value: 0.1627821640205836.
running
[I 2024-11-12 02:02:00,285] Trial 103 finished with value: 0.1627821640205836 and parameters: {'model_name': 'SimpleImputer', 'strategy': 'mean'}. Best is trial 1 with value: 0.1627821640205836.
[I 2024-11-12 02:02:00,385] Trial 100 finished with value: 0.1627821640205836 and parameters: {'model_name': 'SimpleImputer', 'strategy': 'mean'}. Best is trial 1 with value: 0.1627821640205836.
running
running
[I 2024-11-12 02:02:00,394] Trial 96 finished with value: 0.1627821640205836 and parameters: {'model_name': 'SimpleImputer', 'strategy': 'mean'}. Best is trial 1 with value: 0.1627821640205836.
[I 2024-11-12 02:02:00,603] Trial 85 finished with value: 0.16731433976716184 and parameters: {'model_name': 'SimpleImputer', 'strategy': 'median'}. Best is trial 1 with value: 0.1627821640205836.
running
running
[I 2024-11-12 02:02:00,716] Trial 101 finished with value: 0.1627821640205836 and parameters: {'model_name': 'SimpleImputer', 'strategy': 'mean'}. Best is trial 1 with value: 0.1627821640205836.
running
[I 2024-11-12 02:02:00,855] Trial 102 finished with value: 0.1627821640205836 and parameters: {'model_name': 'SimpleImputer', 'strategy': 'mean'}. Best is trial 1 with value: 0.1627821640205836.
[I 2024-11-12 02:02:00,949] Trial 107 finished with value: 0.1627821640205836 and parameters: {'model_name': 'SimpleImputer', 'strategy': 'mean'}. Best is trial 1 with value: 0.1627821640205836.
[I 2024-11-12 02:02:01,055] Trial 104 finished with value: 0.1627821640205836 and parameters: {'model_name': 'SimpleImputer', 'strategy': 'mean'}. Best is trial 1 with value: 0.1627821640205836.
running
running
running
[I 2024-11-12 02:02:01,170] Trial 105 finished with value: 0.1627821640205836 and parameters: {'model_name': 'SimpleImputer', 'strategy': 'mean'}. Best is trial 1 with value: 0.1627821640205836.
[I 2024-11-12 02:02:01,265] Trial 106 finished with value: 0.1627821640205836 and parameters: {'model_name': 'SimpleImputer', 'strategy': 'mean'}. Best is trial 1 with value: 0.1627821640205836.
running
[I 2024-11-12 02:02:01,406] Trial 113 finished with value: 0.1627821640205836 and parameters: {'model_name': 'SimpleImputer', 'strategy': 'mean'}. Best is trial 1 with value: 0.1627821640205836.
running
running
running
running
running
[I 2024-11-12 02:02:01,592] Trial 109 finished with value: 0.1627821640205836 and parameters: {'model_name': 'SimpleImputer', 'strategy': 'mean'}. Best is trial 1 with value: 0.1627821640205836.
running
[I 2024-11-12 02:02:01,599] Trial 108 finished with value: 0.1627821640205836 and parameters: {'model_name': 'SimpleImputer', 'strategy': 'mean'}. Best is trial 1 with value: 0.1627821640205836.
[I 2024-11-12 02:02:01,802] Trial 112 finished with value: 0.1627821640205836 and parameters: {'model_name': 'SimpleImputer', 'strategy': 'mean'}. Best is trial 1 with value: 0.1627821640205836.
[I 2024-11-12 02:02:01,946] Trial 116 finished with value: 0.1627821640205836 and parameters: {'model_name': 'SimpleImputer', 'strategy': 'mean'}. Best is trial 1 with value: 0.1627821640205836.
running
[I 2024-11-12 02:02:02,060] Trial 110 finished with value: 0.1627821640205836 and parameters: {'model_name': 'SimpleImputer', 'strategy': 'mean'}. Best is trial 1 with value: 0.1627821640205836.
[I 2024-11-12 02:02:02,167] Trial 111 finished with value: 0.1627821640205836 and parameters: {'model_name': 'SimpleImputer', 'strategy': 'mean'}. Best is trial 1 with value: 0.1627821640205836.
running
[I 2024-11-12 02:02:02,293] Trial 115 finished with value: 0.1627821640205836 and parameters: {'model_name': 'SimpleImputer', 'strategy': 'mean'}. Best is trial 1 with value: 0.1627821640205836.
running
running
[I 2024-11-12 02:02:02,410] Trial 114 finished with value: 0.1627821640205836 and parameters: {'model_name': 'SimpleImputer', 'strategy': 'mean'}. Best is trial 1 with value: 0.1627821640205836.
running
[I 2024-11-12 02:02:02,535] Trial 117 finished with value: 0.1627821640205836 and parameters: {'model_name': 'SimpleImputer', 'strategy': 'mean'}. Best is trial 1 with value: 0.1627821640205836.
running
running
running
[I 2024-11-12 02:02:02,720] Trial 124 finished with value: 0.1627821640205836 and parameters: {'model_name': 'SimpleImputer', 'strategy': 'mean'}. Best is trial 1 with value: 0.1627821640205836.
[I 2024-11-12 02:02:02,829] Trial 118 finished with value: 0.1627821640205836 and parameters: {'model_name': 'SimpleImputer', 'strategy': 'mean'}. Best is trial 1 with value: 0.1627821640205836.
running
[I 2024-11-12 02:02:02,956] Trial 121 finished with value: 0.4414247844256929 and parameters: {'model_name': 'SimpleImputer', 'strategy': 'most_frequent'}. Best is trial 1 with value: 0.1627821640205836.
running
running
running
[I 2024-11-12 02:02:03,140] Trial 120 finished with value: 0.4414247844256929 and parameters: {'model_name': 'SimpleImputer', 'strategy': 'most_frequent'}. Best is trial 1 with value: 0.1627821640205836.
running
[I 2024-11-12 02:02:03,526] Trial 134 finished with value: 0.1627821640205836 and parameters: {'model_name': 'SimpleImputer', 'strategy': 'mean'}. Best is trial 1 with value: 0.1627821640205836.
running
[I 2024-11-12 02:02:03,678] Trial 128 finished with value: 0.1627821640205836 and parameters: {'model_name': 'SimpleImputer', 'strategy': 'mean'}. Best is trial 1 with value: 0.1627821640205836.
[I 2024-11-12 02:02:03,783] Trial 133 finished with value: 0.1627821640205836 and parameters: {'model_name': 'SimpleImputer', 'strategy': 'mean'}. Best is trial 1 with value: 0.1627821640205836.
running
[I 2024-11-12 02:02:03,912] Trial 137 finished with value: 0.1627821640205836 and parameters: {'model_name': 'SimpleImputer', 'strategy': 'mean'}. Best is trial 1 with value: 0.1627821640205836.
[I 2024-11-12 02:02:04,020] Trial 135 finished with value: 0.1627821640205836 and parameters: {'model_name': 'SimpleImputer', 'strategy': 'mean'}. Best is trial 1 with value: 0.1627821640205836.
running
[I 2024-11-12 02:02:04,147] Trial 136 finished with value: 0.1627821640205836 and parameters: {'model_name': 'SimpleImputer', 'strategy': 'mean'}. Best is trial 1 with value: 0.1627821640205836.
running
running
running
[I 2024-11-12 02:02:04,308] Trial 125 finished with value: 0.4414247844256929 and parameters: {'model_name': 'SimpleImputer', 'strategy': 'most_frequent'}. Best is trial 1 with value: 0.1627821640205836.
[I 2024-11-12 02:02:04,403] Trial 127 finished with value: 0.4414247844256929 and parameters: {'model_name': 'SimpleImputer', 'strategy': 'most_frequent'}. Best is trial 1 with value: 0.1627821640205836.
running
[I 2024-11-12 02:02:04,519] Trial 119 finished with value: 0.4414247844256929 and parameters: {'model_name': 'SimpleImputer', 'strategy': 'most_frequent'}. Best is trial 1 with value: 0.1627821640205836.
[I 2024-11-12 02:02:04,607] Trial 131 finished with value: 0.4414247844256929 and parameters: {'model_name': 'SimpleImputer', 'strategy': 'most_frequent'}. Best is trial 1 with value: 0.1627821640205836.
running
[I 2024-11-12 02:02:04,714] Trial 129 finished with value: 0.4414247844256929 and parameters: {'model_name': 'SimpleImputer', 'strategy': 'most_frequent'}. Best is trial 1 with value: 0.1627821640205836.
running
running
running
[I 2024-11-12 02:02:04,940] Trial 138 finished with value: 0.1627821640205836 and parameters: {'model_name': 'SimpleImputer', 'strategy': 'mean'}. Best is trial 1 with value: 0.1627821640205836.
[I 2024-11-12 02:02:05,028] Trial 126 finished with value: 0.4414247844256929 and parameters: {'model_name': 'SimpleImputer', 'strategy': 'most_frequent'}. Best is trial 1 with value: 0.1627821640205836.
running
running
[I 2024-11-12 02:02:05,054] Trial 123 finished with value: 0.4414247844256929 and parameters: {'model_name': 'SimpleImputer', 'strategy': 'most_frequent'}. Best is trial 1 with value: 0.1627821640205836.
[I 2024-11-12 02:02:05,065] Trial 143 finished with value: 0.1627821640205836 and parameters: {'model_name': 'SimpleImputer', 'strategy': 'mean'}. Best is trial 1 with value: 0.1627821640205836.
running
[I 2024-11-12 02:02:05,072] Trial 140 finished with value: 0.1627821640205836 and parameters: {'model_name': 'SimpleImputer', 'strategy': 'mean'}. Best is trial 1 with value: 0.1627821640205836.
running
running
[I 2024-11-12 02:02:05,080] Trial 122 finished with value: 0.4414247844256929 and parameters: {'model_name': 'SimpleImputer', 'strategy': 'most_frequent'}. Best is trial 1 with value: 0.1627821640205836.
[I 2024-11-12 02:02:05,396] Trial 132 finished with value: 0.4414247844256929 and parameters: {'model_name': 'SimpleImputer', 'strategy': 'most_frequent'}. Best is trial 1 with value: 0.1627821640205836.
running
[I 2024-11-12 02:02:05,488] Trial 144 finished with value: 0.1627821640205836 and parameters: {'model_name': 'SimpleImputer', 'strategy': 'mean'}. Best is trial 1 with value: 0.1627821640205836.
[I 2024-11-12 02:02:05,773] Trial 142 finished with value: 0.1627821640205836 and parameters: {'model_name': 'SimpleImputer', 'strategy': 'mean'}. Best is trial 1 with value: 0.1627821640205836.
running
running
[I 2024-11-12 02:02:05,916] Trial 141 finished with value: 0.1627821640205836 and parameters: {'model_name': 'SimpleImputer', 'strategy': 'mean'}. Best is trial 1 with value: 0.1627821640205836.
running
[I 2024-11-12 02:02:06,039] Trial 139 finished with value: 0.1627821640205836 and parameters: {'model_name': 'SimpleImputer', 'strategy': 'mean'}. Best is trial 1 with value: 0.1627821640205836.
[I 2024-11-12 02:02:06,166] Trial 130 finished with value: 0.4414247844256929 and parameters: {'model_name': 'SimpleImputer', 'strategy': 'most_frequent'}. Best is trial 1 with value: 0.1627821640205836.
running
running
running
[I 2024-11-12 02:02:06,308] Trial 149 finished with value: 0.1627821640205836 and parameters: {'model_name': 'SimpleImputer', 'strategy': 'mean'}. Best is trial 1 with value: 0.1627821640205836.
running
[I 2024-11-12 02:02:06,443] Trial 151 finished with value: 0.1627821640205836 and parameters: {'model_name': 'SimpleImputer', 'strategy': 'mean'}. Best is trial 1 with value: 0.1627821640205836.
[I 2024-11-12 02:02:06,541] Trial 145 finished with value: 0.1627821640205836 and parameters: {'model_name': 'SimpleImputer', 'strategy': 'mean'}. Best is trial 1 with value: 0.1627821640205836.
[I 2024-11-12 02:02:06,631] Trial 146 finished with value: 0.1627821640205836 and parameters: {'model_name': 'SimpleImputer', 'strategy': 'mean'}. Best is trial 1 with value: 0.1627821640205836.
[I 2024-11-12 02:02:06,717] Trial 148 finished with value: 0.1627821640205836 and parameters: {'model_name': 'SimpleImputer', 'strategy': 'mean'}. Best is trial 1 with value: 0.1627821640205836.
[I 2024-11-12 02:02:06,814] Trial 153 finished with value: 0.1627821640205836 and parameters: {'model_name': 'SimpleImputer', 'strategy': 'mean'}. Best is trial 1 with value: 0.1627821640205836.
running
running
[I 2024-11-12 02:02:06,944] Trial 155 finished with value: 0.1627821640205836 and parameters: {'model_name': 'SimpleImputer', 'strategy': 'mean'}. Best is trial 1 with value: 0.1627821640205836.
running
running
[I 2024-11-12 02:02:07,045] Trial 152 finished with value: 0.1627821640205836 and parameters: {'model_name': 'SimpleImputer', 'strategy': 'mean'}. Best is trial 1 with value: 0.1627821640205836.
running
[I 2024-11-12 02:02:07,155] Trial 150 finished with value: 0.1627821640205836 and parameters: {'model_name': 'SimpleImputer', 'strategy': 'mean'}. Best is trial 1 with value: 0.1627821640205836.
running
running
[I 2024-11-12 02:02:07,266] Trial 147 finished with value: 0.1627821640205836 and parameters: {'model_name': 'SimpleImputer', 'strategy': 'mean'}. Best is trial 1 with value: 0.1627821640205836.
[I 2024-11-12 02:02:07,357] Trial 154 finished with value: 0.1627821640205836 and parameters: {'model_name': 'SimpleImputer', 'strategy': 'mean'}. Best is trial 1 with value: 0.1627821640205836.
running
[I 2024-11-12 02:02:07,477] Trial 157 finished with value: 0.1627821640205836 and parameters: {'model_name': 'SimpleImputer', 'strategy': 'mean'}. Best is trial 1 with value: 0.1627821640205836.
running
running
[I 2024-11-12 02:02:07,621] Trial 161 finished with value: 0.1627821640205836 and parameters: {'model_name': 'SimpleImputer', 'strategy': 'mean'}. Best is trial 1 with value: 0.1627821640205836.
[I 2024-11-12 02:02:07,712] Trial 156 finished with value: 0.1627821640205836 and parameters: {'model_name': 'SimpleImputer', 'strategy': 'mean'}. Best is trial 1 with value: 0.1627821640205836.
running
[I 2024-11-12 02:02:07,844] Trial 160 finished with value: 0.1627821640205836 and parameters: {'model_name': 'SimpleImputer', 'strategy': 'mean'}. Best is trial 1 with value: 0.1627821640205836.
running
[I 2024-11-12 02:02:07,944] Trial 159 finished with value: 0.1627821640205836 and parameters: {'model_name': 'SimpleImputer', 'strategy': 'mean'}. Best is trial 1 with value: 0.1627821640205836.
running
[I 2024-11-12 02:02:08,049] Trial 162 finished with value: 0.1627821640205836 and parameters: {'model_name': 'SimpleImputer', 'strategy': 'mean'}. Best is trial 1 with value: 0.1627821640205836.
running
running
[I 2024-11-12 02:02:08,241] Trial 158 finished with value: 0.1627821640205836 and parameters: {'model_name': 'SimpleImputer', 'strategy': 'mean'}. Best is trial 1 with value: 0.1627821640205836.
[I 2024-11-12 02:02:08,350] Trial 166 finished with value: 0.1627821640205836 and parameters: {'model_name': 'SimpleImputer', 'strategy': 'mean'}. Best is trial 1 with value: 0.1627821640205836.
[I 2024-11-12 02:02:08,436] Trial 164 finished with value: 0.1627821640205836 and parameters: {'model_name': 'SimpleImputer', 'strategy': 'mean'}. Best is trial 1 with value: 0.1627821640205836.
running
running
running
[I 2024-11-12 02:02:08,543] Trial 163 finished with value: 0.1627821640205836 and parameters: {'model_name': 'SimpleImputer', 'strategy': 'mean'}. Best is trial 1 with value: 0.1627821640205836.
running
running
[I 2024-11-12 02:02:08,701] Trial 172 finished with value: 0.1627821640205836 and parameters: {'model_name': 'SimpleImputer', 'strategy': 'mean'}. Best is trial 1 with value: 0.1627821640205836.
[I 2024-11-12 02:02:08,799] Trial 168 finished with value: 0.1627821640205836 and parameters: {'model_name': 'SimpleImputer', 'strategy': 'mean'}. Best is trial 1 with value: 0.1627821640205836.
[I 2024-11-12 02:02:08,901] Trial 167 finished with value: 0.1627821640205836 and parameters: {'model_name': 'SimpleImputer', 'strategy': 'mean'}. Best is trial 1 with value: 0.1627821640205836.
running
running
[I 2024-11-12 02:02:09,021] Trial 169 finished with value: 0.1627821640205836 and parameters: {'model_name': 'SimpleImputer', 'strategy': 'mean'}. Best is trial 1 with value: 0.1627821640205836.
running
running
[I 2024-11-12 02:02:09,133] Trial 165 finished with value: 0.1627821640205836 and parameters: {'model_name': 'SimpleImputer', 'strategy': 'mean'}. Best is trial 1 with value: 0.1627821640205836.
[I 2024-11-12 02:02:09,139] Trial 173 finished with value: 0.1627821640205836 and parameters: {'model_name': 'SimpleImputer', 'strategy': 'mean'}. Best is trial 1 with value: 0.1627821640205836.
running
running
[I 2024-11-12 02:02:09,142] Trial 174 finished with value: 0.1627821640205836 and parameters: {'model_name': 'SimpleImputer', 'strategy': 'mean'}. Best is trial 1 with value: 0.1627821640205836.
[I 2024-11-12 02:02:09,152] Trial 171 finished with value: 0.1627821640205836 and parameters: {'model_name': 'SimpleImputer', 'strategy': 'mean'}. Best is trial 1 with value: 0.1627821640205836.
running
running
[I 2024-11-12 02:02:09,592] Trial 170 finished with value: 0.1627821640205836 and parameters: {'model_name': 'SimpleImputer', 'strategy': 'mean'}. Best is trial 1 with value: 0.1627821640205836.
[I 2024-11-12 02:02:09,684] Trial 177 finished with value: 0.1627821640205836 and parameters: {'model_name': 'SimpleImputer', 'strategy': 'mean'}. Best is trial 1 with value: 0.1627821640205836.
[I 2024-11-12 02:02:09,775] Trial 176 finished with value: 0.1627821640205836 and parameters: {'model_name': 'SimpleImputer', 'strategy': 'mean'}. Best is trial 1 with value: 0.1627821640205836.
running
running
[I 2024-11-12 02:02:09,884] Trial 178 finished with value: 0.1627821640205836 and parameters: {'model_name': 'SimpleImputer', 'strategy': 'mean'}. Best is trial 1 with value: 0.1627821640205836.
running
running
[I 2024-11-12 02:02:10,030] Trial 175 finished with value: 0.1627821640205836 and parameters: {'model_name': 'SimpleImputer', 'strategy': 'mean'}. Best is trial 1 with value: 0.1627821640205836.
running
[I 2024-11-12 02:02:10,243] Trial 187 finished with value: 0.1627821640205836 and parameters: {'model_name': 'SimpleImputer', 'strategy': 'mean'}. Best is trial 1 with value: 0.1627821640205836.
running
[I 2024-11-12 02:02:10,345] Trial 190 finished with value: 0.47036206447321405 and parameters: {'model_name': 'SimpleImputer', 'strategy': 'constant'}. Best is trial 1 with value: 0.1627821640205836.
[I 2024-11-12 02:02:10,436] Trial 182 finished with value: 0.1627821640205836 and parameters: {'model_name': 'SimpleImputer', 'strategy': 'mean'}. Best is trial 1 with value: 0.1627821640205836.
[I 2024-11-12 02:02:10,524] Trial 180 finished with value: 0.1627821640205836 and parameters: {'model_name': 'SimpleImputer', 'strategy': 'mean'}. Best is trial 1 with value: 0.1627821640205836.
running
running
running
[I 2024-11-12 02:02:10,634] Trial 184 finished with value: 0.1627821640205836 and parameters: {'model_name': 'SimpleImputer', 'strategy': 'mean'}. Best is trial 1 with value: 0.1627821640205836.
[I 2024-11-12 02:02:10,635] Trial 192 finished with value: 0.47036206447321405 and parameters: {'model_name': 'SimpleImputer', 'strategy': 'constant'}. Best is trial 1 with value: 0.1627821640205836.
running
[I 2024-11-12 02:02:10,726] Trial 179 finished with value: 0.1627821640205836 and parameters: {'model_name': 'SimpleImputer', 'strategy': 'mean'}. Best is trial 1 with value: 0.1627821640205836.
[I 2024-11-12 02:02:10,754] Trial 188 finished with value: 0.1627821640205836 and parameters: {'model_name': 'SimpleImputer', 'strategy': 'mean'}. Best is trial 1 with value: 0.1627821640205836.
[I 2024-11-12 02:02:10,865] Trial 181 finished with value: 0.1627821640205836 and parameters: {'model_name': 'SimpleImputer', 'strategy': 'mean'}. Best is trial 1 with value: 0.1627821640205836.
[I 2024-11-12 02:02:10,866] Trial 186 finished with value: 0.1627821640205836 and parameters: {'model_name': 'SimpleImputer', 'strategy': 'mean'}. Best is trial 1 with value: 0.1627821640205836.
[I 2024-11-12 02:02:10,871] Trial 183 finished with value: 0.1627821640205836 and parameters: {'model_name': 'SimpleImputer', 'strategy': 'mean'}. Best is trial 1 with value: 0.1627821640205836.
[I 2024-11-12 02:02:10,964] Trial 193 finished with value: 0.47036206447321405 and parameters: {'model_name': 'SimpleImputer', 'strategy': 'constant'}. Best is trial 1 with value: 0.1627821640205836.
[I 2024-11-12 02:02:11,161] Trial 189 finished with value: 0.1627821640205836 and parameters: {'model_name': 'SimpleImputer', 'strategy': 'mean'}. Best is trial 1 with value: 0.1627821640205836.
[I 2024-11-12 02:02:11,177] Trial 185 finished with value: 0.1627821640205836 and parameters: {'model_name': 'SimpleImputer', 'strategy': 'mean'}. Best is trial 1 with value: 0.1627821640205836.
[I 2024-11-12 02:02:11,631] Trial 196 finished with value: 0.1627821640205836 and parameters: {'model_name': 'SimpleImputer', 'strategy': 'mean'}. Best is trial 1 with value: 0.1627821640205836.
[I 2024-11-12 02:02:11,730] Trial 191 finished with value: 0.47036206447321405 and parameters: {'model_name': 'SimpleImputer', 'strategy': 'constant'}. Best is trial 1 with value: 0.1627821640205836.
[I 2024-11-12 02:02:11,818] Trial 195 finished with value: 0.47036206447321405 and parameters: {'model_name': 'SimpleImputer', 'strategy': 'constant'}. Best is trial 1 with value: 0.1627821640205836.
[I 2024-11-12 02:02:11,918] Trial 197 finished with value: 0.1627821640205836 and parameters: {'model_name': 'SimpleImputer', 'strategy': 'mean'}. Best is trial 1 with value: 0.1627821640205836.
[I 2024-11-12 02:02:12,003] Trial 194 finished with value: 0.1627821640205836 and parameters: {'model_name': 'SimpleImputer', 'strategy': 'mean'}. Best is trial 1 with value: 0.1627821640205836.
[I 2024-11-12 02:02:12,090] Trial 198 finished with value: 0.1627821640205836 and parameters: {'model_name': 'SimpleImputer', 'strategy': 'mean'}. Best is trial 1 with value: 0.1627821640205836.
[I 2024-11-12 02:02:12,179] Trial 199 finished with value: 0.1627821640205836 and parameters: {'model_name': 'SimpleImputer', 'strategy': 'mean'}. Best is trial 1 with value: 0.1627821640205836.
fit
simple fit
simple transform
0    0
1    0
2    0
3    0
4    0
dtype: int64
0    0
1    0
2    0
3    0
4    0
dtype: int64
0.1627821640205836
{'model_name': 'SimpleImputer', 'strategy': 'mean'}
running experiment 2/3 - Does reconstruction give good automl predictions
Start est fit
Version 0.1.7a0 of tpot2 is outdated. Version 0.1.8a0 was released Tuesday September 17, 2024.
Version 0.1.7a0 of tpot2 is outdated. Version 0.1.8a0 was released Tuesday September 17, 2024.
Version 0.1.7a0 of tpot2 is outdated. Version 0.1.8a0 was released Tuesday September 17, 2024.
Version 0.1.7a0 of tpot2 is outdated. Version 0.1.8a0 was released Tuesday September 17, 2024.
Version 0.1.7a0 of tpot2 is outdated. Version 0.1.8a0 was released Tuesday September 17, 2024.
Version 0.1.7a0 of tpot2 is outdated. Version 0.1.8a0 was released Tuesday September 17, 2024.
Version 0.1.7a0 of tpot2 is outdated. Version 0.1.8a0 was released Tuesday September 17, 2024.
Version 0.1.7a0 of tpot2 is outdated. Version 0.1.8a0 was released Tuesday September 17, 2024.
Version 0.1.7a0 of tpot2 is outdated. Version 0.1.8a0 was released Tuesday September 17, 2024.
Version 0.1.7a0 of tpot2 is outdated. Version 0.1.8a0 was released Tuesday September 17, 2024.
Version 0.1.7a0 of tpot2 is outdated. Version 0.1.8a0 was released Tuesday September 17, 2024.
Version 0.1.7a0 of tpot2 is outdated. Version 0.1.8a0 was released Tuesday September 17, 2024.
Version 0.1.7a0 of tpot2 is outdated. Version 0.1.8a0 was released Tuesday September 17, 2024.
Version 0.1.7a0 of tpot2 is outdated. Version 0.1.8a0 was released Tuesday September 17, 2024.
Version 0.1.7a0 of tpot2 is outdated. Version 0.1.8a0 was released Tuesday September 17, 2024.
Version 0.1.7a0 of tpot2 is outdated. Version 0.1.8a0 was released Tuesday September 17, 2024.
  0%|          | 0/25 [00:00<?, ?it/s]Generation:   0%|          | 0/25 [00:00<?, ?it/s]Generation:  1
Best f1_score score: 0.857394293623163
Generation:   4%|▍         | 1/25 [00:23<09:14, 23.11s/it]Generation:  2
Best f1_score score: 0.8613306455628029
Generation:   8%|▊         | 2/25 [08:23<1:51:58, 292.10s/it]Generation:  3
Best f1_score score: 0.8613306455628029
Generation:  12%|█▏        | 3/25 [08:31<59:27, 162.16s/it]  Generation:  4
Best f1_score score: 0.8613306455628029
Generation:  16%|█▌        | 4/25 [11:20<57:49, 165.22s/it]Generation:  5
Best f1_score score: 0.8613306455628029
Generation:  20%|██        | 5/25 [11:31<36:31, 109.57s/it]Generation:  6
Best f1_score score: 0.8652302553139115
Generation:  24%|██▍       | 6/25 [11:47<24:38, 77.80s/it] Generation:  7
Best f1_score score: 0.8652302553139115
Generation:  28%|██▊       | 7/25 [12:44<21:15, 70.83s/it]Generation:  8
Best f1_score score: 0.8652302553139115
Generation:  32%|███▏      | 8/25 [12:59<15:03, 53.15s/it]Generation:  9
Best f1_score score: 0.8652302553139115
Generation:  36%|███▌      | 9/25 [13:29<12:13, 45.82s/it]Generation:  10
Best f1_score score: 0.8689045886594264
Generation:  40%|████      | 10/25 [13:46<09:12, 36.86s/it]Generation:  11
Best f1_score score: 0.8689045886594264
Generation:  44%|████▍     | 11/25 [16:42<18:34, 79.64s/it]Generation:  12
Best f1_score score: 0.8689045886594264
Generation:  48%|████▊     | 12/25 [18:01<17:10, 79.23s/it]Generation:  13
Best f1_score score: 0.8689045886594264
Generation:  52%|█████▏    | 13/25 [18:18<12:06, 60.53s/it]Generation:  14
Best f1_score score: 0.8689045886594264
Generation:  56%|█████▌    | 14/25 [19:26<11:28, 62.58s/it]Generation:  15
Best f1_score score: 0.8689045886594264
Generation:  60%|██████    | 15/25 [19:42<08:05, 48.55s/it]Generation:  16
Best f1_score score: 0.8696862352326488
Generation:  64%|██████▍   | 16/25 [20:02<06:02, 40.22s/it]Generation:  17
Best f1_score score: 0.8696862352326488
Generation:  68%|██████▊   | 17/25 [20:24<04:37, 34.64s/it]Generation:  18
Best f1_score score: 0.8696862352326488
Generation:  72%|███████▏  | 18/25 [20:43<03:28, 29.79s/it]Generation:  19
Best f1_score score: 0.8696862352326488
Generation:  76%|███████▌  | 19/25 [21:04<02:43, 27.31s/it]Generation:  20
Best f1_score score: 0.8696862352326488
Generation:  80%|████████  | 20/25 [21:26<02:08, 25.64s/it]Generation:  21
Best f1_score score: 0.8696862352326488
Generation:  84%|████████▍ | 21/25 [21:46<01:35, 23.87s/it]Generation:  22
Best f1_score score: 0.8696862352326488
Generation:  88%|████████▊ | 22/25 [22:11<01:13, 24.43s/it]Generation:  23
Best f1_score score: 0.8696862352326488
Generation:  92%|█████████▏| 23/25 [22:33<00:47, 23.70s/it]Generation:  24
Best f1_score score: 0.8696862352326488
Generation:  96%|█████████▌| 24/25 [22:54<00:22, 22.91s/it]Generation:  25
Best f1_score score: 0.8696862352326488
Generation: 100%|██████████| 25/25 [26:48<00:00, 86.05s/it]Generation: 100%|██████████| 25/25 [26:51<00:00, 64.47s/it]
2024-11-12 02:29:10,531 - distributed.scheduler - ERROR - Removing worker 'tcp://127.0.0.1:42201' caused the cluster to lose scattered data, which can't be recovered: {'ndarray-517cd59f157fc470f6fab3a5fae55ce9', 'ndarray-7e55ad49325d73b5fca88ed01aa17ff8'} (stimulus_id='handle-worker-cleanup-1731407350.531421')
Fitted
Pipeline(steps=[('randomforestclassifier',
                 RandomForestClassifier(bootstrap=False,
                                        max_features=0.4331549406474,
                                        min_samples_split=3,
                                        n_estimators=128))])
score start
train score: {'auroc': 1.0, 'accuracy': 1.0, 'balanced_accuracy': 1.0, 'logloss': 0.00783597280279909, 'f1': 1.0}
original test score: {'auroc': 0.9689311609163129, 'accuracy': 0.9158186864014801, 'balanced_accuracy': 0.8943031859547128, 'logloss': 0.26272497795480343, 'f1': 0.8975968770331815}
imputed test score: {'auroc': 0.969385353527012, 'accuracy': 0.9121184088806661, 'balanced_accuracy': 0.8916853849075924, 'logloss': 0.2353938403844108, 'f1': 0.8934983100978267}
score end
check intended
EXP2 Finished
running experiment 3/3 - What is the best automl settings?
<tpot2.search_spaces.pipelines.sequential.SequentialPipeline object at 0x15543504f9d0>
Start tpot fit
Version 0.1.7a0 of tpot2 is outdated. Version 0.1.8a0 was released Tuesday September 17, 2024.
Version 0.1.7a0 of tpot2 is outdated. Version 0.1.8a0 was released Tuesday September 17, 2024.
Version 0.1.7a0 of tpot2 is outdated. Version 0.1.8a0 was released Tuesday September 17, 2024.
Version 0.1.7a0 of tpot2 is outdated. Version 0.1.8a0 was released Tuesday September 17, 2024.
Version 0.1.7a0 of tpot2 is outdated. Version 0.1.8a0 was released Tuesday September 17, 2024.
Version 0.1.7a0 of tpot2 is outdated. Version 0.1.8a0 was released Tuesday September 17, 2024.
Version 0.1.7a0 of tpot2 is outdated. Version 0.1.8a0 was released Tuesday September 17, 2024.
Version 0.1.7a0 of tpot2 is outdated. Version 0.1.8a0 was released Tuesday September 17, 2024.
Version 0.1.7a0 of tpot2 is outdated. Version 0.1.8a0 was released Tuesday September 17, 2024.
Version 0.1.7a0 of tpot2 is outdated. Version 0.1.8a0 was released Tuesday September 17, 2024.
Version 0.1.7a0 of tpot2 is outdated. Version 0.1.8a0 was released Tuesday September 17, 2024.
Version 0.1.7a0 of tpot2 is outdated. Version 0.1.8a0 was released Tuesday September 17, 2024.
Version 0.1.7a0 of tpot2 is outdated. Version 0.1.8a0 was released Tuesday September 17, 2024.
Version 0.1.7a0 of tpot2 is outdated. Version 0.1.8a0 was released Tuesday September 17, 2024.
Version 0.1.7a0 of tpot2 is outdated. Version 0.1.8a0 was released Tuesday September 17, 2024.
Version 0.1.7a0 of tpot2 is outdated. Version 0.1.8a0 was released Tuesday September 17, 2024.
  0%|          | 0/25 [00:00<?, ?it/s]Generation:   0%|          | 0/25 [00:00<?, ?it/s]Generation:  1
Best f1_score score: 0.8554896639576837
Generation:   4%|▍         | 1/25 [00:11<04:34, 11.43s/it]Generation:  2
Best f1_score score: 0.8601296461299615
Generation:   8%|▊         | 2/25 [00:24<04:38, 12.12s/it]Generation:  3
Best f1_score score: 0.8601296461299615
Generation:  12%|█▏        | 3/25 [02:10<20:12, 55.10s/it]Generation:  4
Best f1_score score: 0.8625654128095647
Generation:  16%|█▌        | 4/25 [02:22<13:22, 38.21s/it]Generation:  5
Best f1_score score: 0.8655727229420307
Generation:  20%|██        | 5/25 [02:56<12:12, 36.61s/it]Generation:  6
Best f1_score score: 0.8680476822608029
Generation:  24%|██▍       | 6/25 [03:09<09:06, 28.76s/it]WARNING THIS INDIVIDUAL CAUSED AND EXCEPTION 
 <tpot2.search_spaces.pipelines.sequential.SequentialPipelineIndividual object at 0x155474d6af80> 
 The 'min_samples_split' parameter of DecisionTreeClassifier must be an int in the range [2, inf) or a float in the range (0.0, 1.0]. Got 1 instead. 
 Traceback (most recent call last):
  File "/common/ketrong/tpotexp/tpot2/tpot2/utils/eval_utils.py", line 53, in objective_nan_wrapper
    value = func_timeout.func_timeout(timeout, objective_function, args=[individual], kwargs=objective_kwargs)
  File "/common/ketrong/tpotexp/env/lib/python3.10/site-packages/func_timeout/dafunc.py", line 108, in func_timeout
    raise_exception(exception)
  File "/common/ketrong/tpotexp/env/lib/python3.10/site-packages/func_timeout/py3_raise.py", line 7, in raise_exception
    raise exception[0] from None
  File "/common/ketrong/tpotexp/tpot2/tpot2/tpot_estimator/estimator.py", line 623, in objective_function
    return objective_function_generator(
  File "/common/ketrong/tpotexp/tpot2/tpot2/tpot_estimator/estimator_utils.py", line 55, in objective_function_generator
    cv_obj_scores = cross_val_score_objective(sklearn.base.clone(pipeline),x,y,scorers=scorers, cv=cv , fold=step)
  File "/common/ketrong/tpotexp/tpot2/tpot2/tpot_estimator/cross_val_utils.py", line 28, in cross_val_score_objective
    this_fold_pipeline.fit(X_train,y_train)
  File "/common/ketrong/tpotexp/env/lib/python3.10/site-packages/sklearn/base.py", line 1473, in wrapper
    return fit_method(estimator, *args, **kwargs)
  File "/common/ketrong/tpotexp/env/lib/python3.10/site-packages/sklearn/pipeline.py", line 473, in fit
    self._final_estimator.fit(Xt, y, **last_step_params["fit"])
  File "/common/ketrong/tpotexp/env/lib/python3.10/site-packages/sklearn/base.py", line 1466, in wrapper
    estimator._validate_params()
  File "/common/ketrong/tpotexp/env/lib/python3.10/site-packages/sklearn/base.py", line 666, in _validate_params
    validate_parameter_constraints(
  File "/common/ketrong/tpotexp/env/lib/python3.10/site-packages/sklearn/utils/_param_validation.py", line 95, in validate_parameter_constraints
    raise InvalidParameterError(
sklearn.utils._param_validation.InvalidParameterError: The 'min_samples_split' parameter of DecisionTreeClassifier must be an int in the range [2, inf) or a float in the range (0.0, 1.0]. Got 1 instead.

Generation:  7
Best f1_score score: 0.8696899483402387
Generation:  28%|██▊       | 7/25 [03:22<07:00, 23.39s/it]Generation:  8
Best f1_score score: 0.8696899483402387
Generation:  32%|███▏      | 8/25 [03:35<05:43, 20.20s/it]Generation:  9
Best f1_score score: 0.8696899483402387
Generation:  36%|███▌      | 9/25 [03:47<04:42, 17.65s/it]Generation:  10
Best f1_score score: 0.8696899483402387
Generation:  40%|████      | 10/25 [04:00<04:01, 16.11s/it]Generation:  11
Best f1_score score: 0.8696899483402387
Generation:  44%|████▍     | 11/25 [04:11<03:22, 14.46s/it]Generation:  12
Best f1_score score: 0.8696899483402387
Generation:  48%|████▊     | 12/25 [04:24<03:02, 14.06s/it]Generation:  13
Best f1_score score: 0.8714387183469527
Generation:  52%|█████▏    | 13/25 [04:37<02:44, 13.72s/it]Generation:  14
Best f1_score score: 0.8714387183469527
Generation:  56%|█████▌    | 14/25 [04:48<02:23, 13.03s/it]Generation:  15
Best f1_score score: 0.8714387183469527
Generation:  60%|██████    | 15/25 [05:28<03:32, 21.25s/it]Generation:  16
Best f1_score score: 0.8714387183469527
Generation:  64%|██████▍   | 16/25 [05:39<02:42, 18.10s/it]Generation:  17
Best f1_score score: 0.8714387183469527
Generation:  68%|██████▊   | 17/25 [05:52<02:11, 16.43s/it]Generation:  18
Best f1_score score: 0.8714387183469527
Generation:  72%|███████▏  | 18/25 [06:05<01:48, 15.52s/it]Generation:  19
Best f1_score score: 0.8724597966855481
Generation:  76%|███████▌  | 19/25 [06:20<01:32, 15.45s/it]WARNING THIS INDIVIDUAL CAUSED AND EXCEPTION 
 <tpot2.search_spaces.pipelines.sequential.SequentialPipelineIndividual object at 0x15547416d2a0> 
 The 'min_samples_split' parameter of DecisionTreeClassifier must be an int in the range [2, inf) or a float in the range (0.0, 1.0]. Got 1 instead. 
 Traceback (most recent call last):
  File "/common/ketrong/tpotexp/tpot2/tpot2/utils/eval_utils.py", line 53, in objective_nan_wrapper
    value = func_timeout.func_timeout(timeout, objective_function, args=[individual], kwargs=objective_kwargs)
  File "/common/ketrong/tpotexp/env/lib/python3.10/site-packages/func_timeout/dafunc.py", line 108, in func_timeout
    raise_exception(exception)
  File "/common/ketrong/tpotexp/env/lib/python3.10/site-packages/func_timeout/py3_raise.py", line 7, in raise_exception
    raise exception[0] from None
  File "/common/ketrong/tpotexp/tpot2/tpot2/tpot_estimator/estimator.py", line 623, in objective_function
    return objective_function_generator(
  File "/common/ketrong/tpotexp/tpot2/tpot2/tpot_estimator/estimator_utils.py", line 55, in objective_function_generator
    cv_obj_scores = cross_val_score_objective(sklearn.base.clone(pipeline),x,y,scorers=scorers, cv=cv , fold=step)
  File "/common/ketrong/tpotexp/tpot2/tpot2/tpot_estimator/cross_val_utils.py", line 28, in cross_val_score_objective
    this_fold_pipeline.fit(X_train,y_train)
  File "/common/ketrong/tpotexp/env/lib/python3.10/site-packages/sklearn/base.py", line 1473, in wrapper
    return fit_method(estimator, *args, **kwargs)
  File "/common/ketrong/tpotexp/env/lib/python3.10/site-packages/sklearn/pipeline.py", line 473, in fit
    self._final_estimator.fit(Xt, y, **last_step_params["fit"])
  File "/common/ketrong/tpotexp/env/lib/python3.10/site-packages/sklearn/base.py", line 1466, in wrapper
    estimator._validate_params()
  File "/common/ketrong/tpotexp/env/lib/python3.10/site-packages/sklearn/base.py", line 666, in _validate_params
    validate_parameter_constraints(
  File "/common/ketrong/tpotexp/env/lib/python3.10/site-packages/sklearn/utils/_param_validation.py", line 95, in validate_parameter_constraints
    raise InvalidParameterError(
sklearn.utils._param_validation.InvalidParameterError: The 'min_samples_split' parameter of DecisionTreeClassifier must be an int in the range [2, inf) or a float in the range (0.0, 1.0]. Got 1 instead.

Generation:  20
Best f1_score score: 0.8724597966855481
Generation:  80%|████████  | 20/25 [06:32<01:11, 14.24s/it]Generation:  21
Best f1_score score: 0.8724597966855481
Generation:  84%|████████▍ | 21/25 [06:41<00:51, 12.88s/it]Generation:  22
Best f1_score score: 0.8728391728302217
Generation:  88%|████████▊ | 22/25 [06:53<00:37, 12.61s/it]Generation:  23
Best f1_score score: 0.8756166625647411
Generation:  92%|█████████▏| 23/25 [07:02<00:22, 11.39s/it]Generation:  24
Best f1_score score: 0.8780415988439045
Generation:  96%|█████████▌| 24/25 [07:20<00:13, 13.30s/it]Generation:  25
Best f1_score score: 0.8780415988439045
Generation: 100%|██████████| 25/25 [07:34<00:00, 13.64s/it]Generation: 100%|██████████| 25/25 [07:34<00:00, 18.19s/it]
2024-11-12 02:36:54,989 - distributed.scheduler - ERROR - Removing worker 'tcp://127.0.0.1:42525' caused the cluster to lose scattered data, which can't be recovered: {'DataFrame-80085a5f4c836228c0a495364fea8901', 'ndarray-517cd59f157fc470f6fab3a5fae55ce9'} (stimulus_id='handle-worker-cleanup-1731407814.9892623')
Fitted
Pipeline(steps=[('simpleimputer', SimpleImputer()),
                ('extratreesclassifier',
                 ExtraTreesClassifier(class_weight='balanced',
                                      criterion='entropy',
                                      max_features=0.9910063260622,
                                      min_samples_split=6, n_jobs=1))])
transform worked
try transform
transform worked
score start
train score: {'auroc': 0.9999984518230557, 'accuracy': 0.9951422623178349, 'balanced_accuracy': 0.9965618860510805, 'logloss': 0.07754993968951444, 'f1': 0.9941718470223957}
test score: {'auroc': 0.9701327068227987, 'accuracy': 0.913968547641073, 'balanced_accuracy': 0.9086825111070738, 'logloss': 0.25392657451147765, 'f1': 0.8986726952581284}
original test score: {'auroc': 0.9701905131550698, 'accuracy': 0.9167437557816837, 'balanced_accuracy': 0.9106458618924141, 'logloss': 0.25165260509598397, 'f1': 0.9016907294832827}
score end
1489
lvl
0.01
type
MCAR
num_run
1
class_simple
finished
all finished
full run takes
0.586333144042227
hours
DONE
