Run: 62
/cm/local/apps/slurm/var/spool/job1040677/slurm_script: line 27: 
pip install -e tpot2
pip install -r tpot2/ImputerExperiments/requirements_.txt
: No such file or directory
RunStart
Version 0.1.7a0 of tpot2 is outdated. Version 0.1.8a0 was released Tuesday September 17, 2024.
starting loops
../data/c/923/923.pkl
working on 
../data/c/923/class_simple_MCAR_0.1_3
4.423945426940918
running experiment 1/3 - Does large hyperparameter space improve reconstruction accuracy over simple
[I 2024-11-05 02:53:19,473] A new study created in memory with name: no-name-babc4fd7-1635-43c9-8159-1f0c857f4535
running
running
running
running
running
running
running
running
running
running
running
running
running
running
running
running
[I 2024-11-05 02:53:19,700] Trial 5 finished with value: 0.46716777716594204 and parameters: {'model_name': 'SimpleImputer', 'strategy': 'constant'}. Best is trial 5 with value: 0.46716777716594204.
running
[I 2024-11-05 02:53:19,948] Trial 9 finished with value: 0.46716777716594204 and parameters: {'model_name': 'SimpleImputer', 'strategy': 'constant'}. Best is trial 5 with value: 0.46716777716594204.
[I 2024-11-05 02:53:20,063] Trial 8 finished with value: 0.46716777716594204 and parameters: {'model_name': 'SimpleImputer', 'strategy': 'constant'}. Best is trial 5 with value: 0.46716777716594204.
running
[I 2024-11-05 02:53:20,187] Trial 12 finished with value: 0.46716777716594204 and parameters: {'model_name': 'SimpleImputer', 'strategy': 'constant'}. Best is trial 5 with value: 0.46716777716594204.
running
running
[I 2024-11-05 02:53:20,312] Trial 7 finished with value: 0.29242769804714835 and parameters: {'model_name': 'SimpleImputer', 'strategy': 'mean'}. Best is trial 7 with value: 0.29242769804714835.
[I 2024-11-05 02:53:20,408] Trial 4 finished with value: 0.3200920099109016 and parameters: {'model_name': 'SimpleImputer', 'strategy': 'median'}. Best is trial 7 with value: 0.29242769804714835.
running
running
[I 2024-11-05 02:53:20,530] Trial 1 finished with value: 0.3200920099109016 and parameters: {'model_name': 'SimpleImputer', 'strategy': 'median'}. Best is trial 7 with value: 0.29242769804714835.
running
[I 2024-11-05 02:53:20,661] Trial 3 finished with value: 0.3200920099109016 and parameters: {'model_name': 'SimpleImputer', 'strategy': 'median'}. Best is trial 7 with value: 0.29242769804714835.
[I 2024-11-05 02:53:20,760] Trial 11 finished with value: 0.29242769804714835 and parameters: {'model_name': 'SimpleImputer', 'strategy': 'mean'}. Best is trial 7 with value: 0.29242769804714835.
running
running
[I 2024-11-05 02:53:20,920] Trial 15 finished with value: 0.46716777716594204 and parameters: {'model_name': 'SimpleImputer', 'strategy': 'constant'}. Best is trial 7 with value: 0.29242769804714835.
running
[I 2024-11-05 02:53:21,075] Trial 0 finished with value: 0.46716777716594204 and parameters: {'model_name': 'SimpleImputer', 'strategy': 'most_frequent'}. Best is trial 7 with value: 0.29242769804714835.
running
[I 2024-11-05 02:53:21,233] Trial 2 finished with value: 0.46716777716594204 and parameters: {'model_name': 'SimpleImputer', 'strategy': 'most_frequent'}. Best is trial 7 with value: 0.29242769804714835.
running
[I 2024-11-05 02:53:21,384] Trial 6 finished with value: 0.46716777716594204 and parameters: {'model_name': 'SimpleImputer', 'strategy': 'most_frequent'}. Best is trial 7 with value: 0.29242769804714835.
[I 2024-11-05 02:53:21,505] Trial 14 finished with value: 0.3200920099109016 and parameters: {'model_name': 'SimpleImputer', 'strategy': 'median'}. Best is trial 7 with value: 0.29242769804714835.
running
[I 2024-11-05 02:53:21,611] Trial 16 finished with value: 0.29242769804714835 and parameters: {'model_name': 'SimpleImputer', 'strategy': 'mean'}. Best is trial 7 with value: 0.29242769804714835.
[I 2024-11-05 02:53:21,703] Trial 19 finished with value: 0.29242769804714835 and parameters: {'model_name': 'SimpleImputer', 'strategy': 'mean'}. Best is trial 7 with value: 0.29242769804714835.
running
running
running
[I 2024-11-05 02:53:21,858] Trial 22 finished with value: 0.29242769804714835 and parameters: {'model_name': 'SimpleImputer', 'strategy': 'mean'}. Best is trial 7 with value: 0.29242769804714835.
[I 2024-11-05 02:53:21,988] Trial 13 finished with value: 0.3200920099109016 and parameters: {'model_name': 'SimpleImputer', 'strategy': 'median'}. Best is trial 7 with value: 0.29242769804714835.
[I 2024-11-05 02:53:22,092] Trial 20 finished with value: 0.29242769804714835 and parameters: {'model_name': 'SimpleImputer', 'strategy': 'mean'}. Best is trial 7 with value: 0.29242769804714835.
running
running
running
[I 2024-11-05 02:53:22,231] Trial 25 finished with value: 0.29242769804714835 and parameters: {'model_name': 'SimpleImputer', 'strategy': 'mean'}. Best is trial 7 with value: 0.29242769804714835.
[I 2024-11-05 02:53:22,366] Trial 23 finished with value: 0.29242769804714835 and parameters: {'model_name': 'SimpleImputer', 'strategy': 'mean'}. Best is trial 7 with value: 0.29242769804714835.
running
running
[I 2024-11-05 02:53:22,564] Trial 30 finished with value: 0.29242769804714835 and parameters: {'model_name': 'SimpleImputer', 'strategy': 'mean'}. Best is trial 7 with value: 0.29242769804714835.
[I 2024-11-05 02:53:22,659] Trial 26 finished with value: 0.29242769804714835 and parameters: {'model_name': 'SimpleImputer', 'strategy': 'mean'}. Best is trial 7 with value: 0.29242769804714835.
[I 2024-11-05 02:53:22,751] Trial 27 finished with value: 0.29242769804714835 and parameters: {'model_name': 'SimpleImputer', 'strategy': 'mean'}. Best is trial 7 with value: 0.29242769804714835.
running
running
running
[I 2024-11-05 02:53:22,892] Trial 33 finished with value: 0.29242769804714835 and parameters: {'model_name': 'SimpleImputer', 'strategy': 'mean'}. Best is trial 7 with value: 0.29242769804714835.
[I 2024-11-05 02:53:23,001] Trial 18 finished with value: 0.46716777716594204 and parameters: {'model_name': 'SimpleImputer', 'strategy': 'most_frequent'}. Best is trial 7 with value: 0.29242769804714835.
[I 2024-11-05 02:53:23,113] Trial 21 finished with value: 0.46716777716594204 and parameters: {'model_name': 'SimpleImputer', 'strategy': 'most_frequent'}. Best is trial 7 with value: 0.29242769804714835.
running
running
running
[I 2024-11-05 02:53:23,250] Trial 28 finished with value: 0.29242769804714835 and parameters: {'model_name': 'SimpleImputer', 'strategy': 'mean'}. Best is trial 7 with value: 0.29242769804714835.
[I 2024-11-05 02:53:23,395] Trial 31 finished with value: 0.29242769804714835 and parameters: {'model_name': 'SimpleImputer', 'strategy': 'mean'}. Best is trial 7 with value: 0.29242769804714835.
running
running
[I 2024-11-05 02:53:23,572] Trial 35 finished with value: 0.29242769804714835 and parameters: {'model_name': 'SimpleImputer', 'strategy': 'mean'}. Best is trial 7 with value: 0.29242769804714835.
[I 2024-11-05 02:53:23,667] Trial 29 finished with value: 0.29242769804714835 and parameters: {'model_name': 'SimpleImputer', 'strategy': 'mean'}. Best is trial 7 with value: 0.29242769804714835.
[I 2024-11-05 02:53:23,758] Trial 10 finished with value: 0.46716777716594204 and parameters: {'model_name': 'SimpleImputer', 'strategy': 'most_frequent'}. Best is trial 7 with value: 0.29242769804714835.
[I 2024-11-05 02:53:23,848] Trial 24 finished with value: 0.46716777716594204 and parameters: {'model_name': 'SimpleImputer', 'strategy': 'most_frequent'}. Best is trial 7 with value: 0.29242769804714835.
running
[I 2024-11-05 02:53:23,957] Trial 34 finished with value: 0.29242769804714835 and parameters: {'model_name': 'SimpleImputer', 'strategy': 'mean'}. Best is trial 7 with value: 0.29242769804714835.
[I 2024-11-05 02:53:24,062] Trial 38 finished with value: 0.29242769804714835 and parameters: {'model_name': 'SimpleImputer', 'strategy': 'mean'}. Best is trial 7 with value: 0.29242769804714835.
running
running
[I 2024-11-05 02:53:24,200] Trial 17 finished with value: 0.46716777716594204 and parameters: {'model_name': 'SimpleImputer', 'strategy': 'most_frequent'}. Best is trial 7 with value: 0.29242769804714835.
[I 2024-11-05 02:53:24,310] Trial 36 finished with value: 0.29242769804714835 and parameters: {'model_name': 'SimpleImputer', 'strategy': 'mean'}. Best is trial 7 with value: 0.29242769804714835.
[I 2024-11-05 02:53:24,402] Trial 37 finished with value: 0.29242769804714835 and parameters: {'model_name': 'SimpleImputer', 'strategy': 'mean'}. Best is trial 7 with value: 0.29242769804714835.
[I 2024-11-05 02:53:24,490] Trial 32 finished with value: 0.29242769804714835 and parameters: {'model_name': 'SimpleImputer', 'strategy': 'mean'}. Best is trial 7 with value: 0.29242769804714835.
running
[I 2024-11-05 02:53:24,599] Trial 41 finished with value: 0.29242769804714835 and parameters: {'model_name': 'SimpleImputer', 'strategy': 'mean'}. Best is trial 7 with value: 0.29242769804714835.
running
[I 2024-11-05 02:53:24,697] Trial 42 finished with value: 0.29242769804714835 and parameters: {'model_name': 'SimpleImputer', 'strategy': 'mean'}. Best is trial 7 with value: 0.29242769804714835.
running
running
[I 2024-11-05 02:53:24,820] Trial 39 finished with value: 0.29242769804714835 and parameters: {'model_name': 'SimpleImputer', 'strategy': 'mean'}. Best is trial 7 with value: 0.29242769804714835.
[I 2024-11-05 02:53:24,916] Trial 40 finished with value: 0.29242769804714835 and parameters: {'model_name': 'SimpleImputer', 'strategy': 'mean'}. Best is trial 7 with value: 0.29242769804714835.
running
running
running
running
[I 2024-11-05 02:53:25,023] Trial 43 finished with value: 0.29242769804714835 and parameters: {'model_name': 'SimpleImputer', 'strategy': 'mean'}. Best is trial 7 with value: 0.29242769804714835.
running
running
[I 2024-11-05 02:53:25,163] Trial 47 finished with value: 0.29242769804714835 and parameters: {'model_name': 'SimpleImputer', 'strategy': 'mean'}. Best is trial 7 with value: 0.29242769804714835.
running
running
running
[I 2024-11-05 02:53:25,405] Trial 44 finished with value: 0.29242769804714835 and parameters: {'model_name': 'SimpleImputer', 'strategy': 'mean'}. Best is trial 7 with value: 0.29242769804714835.
running
[I 2024-11-05 02:53:25,535] Trial 49 finished with value: 0.29242769804714835 and parameters: {'model_name': 'SimpleImputer', 'strategy': 'mean'}. Best is trial 7 with value: 0.29242769804714835.
running
[I 2024-11-05 02:53:25,697] Trial 50 finished with value: 0.29242769804714835 and parameters: {'model_name': 'SimpleImputer', 'strategy': 'mean'}. Best is trial 7 with value: 0.29242769804714835.
[I 2024-11-05 02:53:25,802] Trial 48 finished with value: 0.3200920099109016 and parameters: {'model_name': 'SimpleImputer', 'strategy': 'median'}. Best is trial 7 with value: 0.29242769804714835.
running
[I 2024-11-05 02:53:25,908] Trial 45 finished with value: 0.29242769804714835 and parameters: {'model_name': 'SimpleImputer', 'strategy': 'mean'}. Best is trial 7 with value: 0.29242769804714835.
running
[I 2024-11-05 02:53:26,004] Trial 46 finished with value: 0.29242769804714835 and parameters: {'model_name': 'SimpleImputer', 'strategy': 'mean'}. Best is trial 7 with value: 0.29242769804714835.
running
running
[I 2024-11-05 02:53:26,226] Trial 59 finished with value: 0.46716777716594204 and parameters: {'model_name': 'SimpleImputer', 'strategy': 'constant'}. Best is trial 7 with value: 0.29242769804714835.
running
[I 2024-11-05 02:53:26,372] Trial 53 finished with value: 0.3200920099109016 and parameters: {'model_name': 'SimpleImputer', 'strategy': 'median'}. Best is trial 7 with value: 0.29242769804714835.
[I 2024-11-05 02:53:26,468] Trial 64 finished with value: 0.46716777716594204 and parameters: {'model_name': 'SimpleImputer', 'strategy': 'constant'}. Best is trial 7 with value: 0.29242769804714835.
running
running
[I 2024-11-05 02:53:26,612] Trial 51 finished with value: 0.29242769804714835 and parameters: {'model_name': 'SimpleImputer', 'strategy': 'mean'}. Best is trial 7 with value: 0.29242769804714835.
[I 2024-11-05 02:53:26,711] Trial 66 finished with value: 0.46716777716594204 and parameters: {'model_name': 'SimpleImputer', 'strategy': 'constant'}. Best is trial 7 with value: 0.29242769804714835.
running
running
[I 2024-11-05 02:53:26,834] Trial 52 finished with value: 0.3200920099109016 and parameters: {'model_name': 'SimpleImputer', 'strategy': 'median'}. Best is trial 7 with value: 0.29242769804714835.
[I 2024-11-05 02:53:26,931] Trial 61 finished with value: 0.3200920099109016 and parameters: {'model_name': 'SimpleImputer', 'strategy': 'median'}. Best is trial 7 with value: 0.29242769804714835.
running
running
[I 2024-11-05 02:53:27,074] Trial 65 finished with value: 0.46716777716594204 and parameters: {'model_name': 'SimpleImputer', 'strategy': 'constant'}. Best is trial 7 with value: 0.29242769804714835.
[I 2024-11-05 02:53:27,185] Trial 56 finished with value: 0.3200920099109016 and parameters: {'model_name': 'SimpleImputer', 'strategy': 'median'}. Best is trial 7 with value: 0.29242769804714835.
running
[I 2024-11-05 02:53:27,314] Trial 63 finished with value: 0.46716777716594204 and parameters: {'model_name': 'SimpleImputer', 'strategy': 'constant'}. Best is trial 7 with value: 0.29242769804714835.
running
running
[I 2024-11-05 02:53:27,439] Trial 55 finished with value: 0.3200920099109016 and parameters: {'model_name': 'SimpleImputer', 'strategy': 'median'}. Best is trial 7 with value: 0.29242769804714835.
[I 2024-11-05 02:53:27,579] Trial 60 finished with value: 0.3200920099109016 and parameters: {'model_name': 'SimpleImputer', 'strategy': 'median'}. Best is trial 7 with value: 0.29242769804714835.
running
[I 2024-11-05 02:53:27,725] Trial 58 finished with value: 0.3200920099109016 and parameters: {'model_name': 'SimpleImputer', 'strategy': 'median'}. Best is trial 7 with value: 0.29242769804714835.
running
running
[I 2024-11-05 02:53:27,939] Trial 54 finished with value: 0.3200920099109016 and parameters: {'model_name': 'SimpleImputer', 'strategy': 'median'}. Best is trial 7 with value: 0.29242769804714835.
[I 2024-11-05 02:53:28,037] Trial 62 finished with value: 0.3200920099109016 and parameters: {'model_name': 'SimpleImputer', 'strategy': 'median'}. Best is trial 7 with value: 0.29242769804714835.
running
running
[I 2024-11-05 02:53:28,150] Trial 57 finished with value: 0.3200920099109016 and parameters: {'model_name': 'SimpleImputer', 'strategy': 'median'}. Best is trial 7 with value: 0.29242769804714835.
[I 2024-11-05 02:53:28,338] Trial 78 finished with value: 0.29242769804714835 and parameters: {'model_name': 'SimpleImputer', 'strategy': 'mean'}. Best is trial 7 with value: 0.29242769804714835.
[I 2024-11-05 02:53:28,439] Trial 76 finished with value: 0.29242769804714835 and parameters: {'model_name': 'SimpleImputer', 'strategy': 'mean'}. Best is trial 7 with value: 0.29242769804714835.
running
[I 2024-11-05 02:53:28,532] Trial 75 finished with value: 0.29242769804714835 and parameters: {'model_name': 'SimpleImputer', 'strategy': 'mean'}. Best is trial 7 with value: 0.29242769804714835.
running
running
running
[I 2024-11-05 02:53:28,658] Trial 74 finished with value: 0.29242769804714835 and parameters: {'model_name': 'SimpleImputer', 'strategy': 'mean'}. Best is trial 7 with value: 0.29242769804714835.
[I 2024-11-05 02:53:28,766] Trial 67 finished with value: 0.3200920099109016 and parameters: {'model_name': 'SimpleImputer', 'strategy': 'median'}. Best is trial 7 with value: 0.29242769804714835.
[I 2024-11-05 02:53:28,874] Trial 68 finished with value: 0.3200920099109016 and parameters: {'model_name': 'SimpleImputer', 'strategy': 'median'}. Best is trial 7 with value: 0.29242769804714835.
running
[I 2024-11-05 02:53:28,968] Trial 77 finished with value: 0.29242769804714835 and parameters: {'model_name': 'SimpleImputer', 'strategy': 'mean'}. Best is trial 7 with value: 0.29242769804714835.
running
running
[I 2024-11-05 02:53:29,090] Trial 71 finished with value: 0.3200920099109016 and parameters: {'model_name': 'SimpleImputer', 'strategy': 'median'}. Best is trial 7 with value: 0.29242769804714835.
running
[I 2024-11-05 02:53:29,219] Trial 70 finished with value: 0.3200920099109016 and parameters: {'model_name': 'SimpleImputer', 'strategy': 'median'}. Best is trial 7 with value: 0.29242769804714835.
[I 2024-11-05 02:53:29,313] Trial 73 finished with value: 0.46716777716594204 and parameters: {'model_name': 'SimpleImputer', 'strategy': 'most_frequent'}. Best is trial 7 with value: 0.29242769804714835.
[I 2024-11-05 02:53:29,413] Trial 69 finished with value: 0.3200920099109016 and parameters: {'model_name': 'SimpleImputer', 'strategy': 'median'}. Best is trial 7 with value: 0.29242769804714835.
running
running
running
running
[I 2024-11-05 02:53:29,640] Trial 72 finished with value: 0.46716777716594204 and parameters: {'model_name': 'SimpleImputer', 'strategy': 'most_frequent'}. Best is trial 7 with value: 0.29242769804714835.
running
[I 2024-11-05 02:53:29,890] Trial 81 finished with value: 0.46716777716594204 and parameters: {'model_name': 'SimpleImputer', 'strategy': 'most_frequent'}. Best is trial 7 with value: 0.29242769804714835.
[I 2024-11-05 02:53:30,052] Trial 82 finished with value: 0.46716777716594204 and parameters: {'model_name': 'SimpleImputer', 'strategy': 'most_frequent'}. Best is trial 7 with value: 0.29242769804714835.
running
running
[I 2024-11-05 02:53:30,310] Trial 91 finished with value: 0.29242769804714835 and parameters: {'model_name': 'SimpleImputer', 'strategy': 'mean'}. Best is trial 7 with value: 0.29242769804714835.
[I 2024-11-05 02:53:30,452] Trial 93 finished with value: 0.29242769804714835 and parameters: {'model_name': 'SimpleImputer', 'strategy': 'mean'}. Best is trial 7 with value: 0.29242769804714835.
running
[I 2024-11-05 02:53:30,572] Trial 85 finished with value: 0.46716777716594204 and parameters: {'model_name': 'SimpleImputer', 'strategy': 'most_frequent'}. Best is trial 7 with value: 0.29242769804714835.
running
[I 2024-11-05 02:53:30,582] Trial 87 finished with value: 0.29242769804714835 and parameters: {'model_name': 'SimpleImputer', 'strategy': 'mean'}. Best is trial 7 with value: 0.29242769804714835.
[I 2024-11-05 02:53:30,690] Trial 90 finished with value: 0.29242769804714835 and parameters: {'model_name': 'SimpleImputer', 'strategy': 'mean'}. Best is trial 7 with value: 0.29242769804714835.
[I 2024-11-05 02:53:30,693] Trial 94 finished with value: 0.29242769804714835 and parameters: {'model_name': 'SimpleImputer', 'strategy': 'mean'}. Best is trial 7 with value: 0.29242769804714835.
running
running
running
running
[I 2024-11-05 02:53:31,043] Trial 79 finished with value: 0.46716777716594204 and parameters: {'model_name': 'SimpleImputer', 'strategy': 'most_frequent'}. Best is trial 7 with value: 0.29242769804714835.
[I 2024-11-05 02:53:31,135] Trial 89 finished with value: 0.46716777716594204 and parameters: {'model_name': 'SimpleImputer', 'strategy': 'most_frequent'}. Best is trial 7 with value: 0.29242769804714835.
running
[I 2024-11-05 02:53:31,251] Trial 92 finished with value: 0.29242769804714835 and parameters: {'model_name': 'SimpleImputer', 'strategy': 'mean'}. Best is trial 7 with value: 0.29242769804714835.
[I 2024-11-05 02:53:31,367] Trial 80 finished with value: 0.46716777716594204 and parameters: {'model_name': 'SimpleImputer', 'strategy': 'most_frequent'}. Best is trial 7 with value: 0.29242769804714835.
running
running
[I 2024-11-05 02:53:31,377] Trial 83 finished with value: 0.46716777716594204 and parameters: {'model_name': 'SimpleImputer', 'strategy': 'most_frequent'}. Best is trial 7 with value: 0.29242769804714835.
[I 2024-11-05 02:53:31,503] Trial 96 finished with value: 0.29242769804714835 and parameters: {'model_name': 'SimpleImputer', 'strategy': 'mean'}. Best is trial 7 with value: 0.29242769804714835.
running
[I 2024-11-05 02:53:31,621] Trial 95 finished with value: 0.29242769804714835 and parameters: {'model_name': 'SimpleImputer', 'strategy': 'mean'}. Best is trial 7 with value: 0.29242769804714835.
running
running
running
[I 2024-11-05 02:53:31,887] Trial 88 finished with value: 0.46716777716594204 and parameters: {'model_name': 'SimpleImputer', 'strategy': 'most_frequent'}. Best is trial 7 with value: 0.29242769804714835.
[I 2024-11-05 02:53:32,014] Trial 84 finished with value: 0.46716777716594204 and parameters: {'model_name': 'SimpleImputer', 'strategy': 'most_frequent'}. Best is trial 7 with value: 0.29242769804714835.
[I 2024-11-05 02:53:32,114] Trial 98 finished with value: 0.29242769804714835 and parameters: {'model_name': 'SimpleImputer', 'strategy': 'mean'}. Best is trial 7 with value: 0.29242769804714835.
running
running
[I 2024-11-05 02:53:32,229] Trial 86 finished with value: 0.46716777716594204 and parameters: {'model_name': 'SimpleImputer', 'strategy': 'most_frequent'}. Best is trial 7 with value: 0.29242769804714835.
running
[I 2024-11-05 02:53:32,335] Trial 99 finished with value: 0.29242769804714835 and parameters: {'model_name': 'SimpleImputer', 'strategy': 'mean'}. Best is trial 7 with value: 0.29242769804714835.
running
running
[I 2024-11-05 02:53:32,497] Trial 101 finished with value: 0.29242769804714835 and parameters: {'model_name': 'SimpleImputer', 'strategy': 'mean'}. Best is trial 7 with value: 0.29242769804714835.
running
[I 2024-11-05 02:53:32,689] Trial 100 finished with value: 0.29242769804714835 and parameters: {'model_name': 'SimpleImputer', 'strategy': 'mean'}. Best is trial 7 with value: 0.29242769804714835.
[I 2024-11-05 02:53:32,793] Trial 102 finished with value: 0.29242769804714835 and parameters: {'model_name': 'SimpleImputer', 'strategy': 'mean'}. Best is trial 7 with value: 0.29242769804714835.
[I 2024-11-05 02:53:32,914] Trial 106 finished with value: 0.29242769804714835 and parameters: {'model_name': 'SimpleImputer', 'strategy': 'mean'}. Best is trial 7 with value: 0.29242769804714835.
[I 2024-11-05 02:53:33,008] Trial 97 finished with value: 0.29242769804714835 and parameters: {'model_name': 'SimpleImputer', 'strategy': 'mean'}. Best is trial 7 with value: 0.29242769804714835.
running
running
running
running
[I 2024-11-05 02:53:33,185] Trial 103 finished with value: 0.29242769804714835 and parameters: {'model_name': 'SimpleImputer', 'strategy': 'mean'}. Best is trial 7 with value: 0.29242769804714835.
[I 2024-11-05 02:53:33,283] Trial 110 finished with value: 0.29242769804714835 and parameters: {'model_name': 'SimpleImputer', 'strategy': 'mean'}. Best is trial 7 with value: 0.29242769804714835.
running
running
[I 2024-11-05 02:53:33,428] Trial 115 finished with value: 0.29242769804714835 and parameters: {'model_name': 'SimpleImputer', 'strategy': 'mean'}. Best is trial 7 with value: 0.29242769804714835.
[I 2024-11-05 02:53:33,535] Trial 104 finished with value: 0.29242769804714835 and parameters: {'model_name': 'SimpleImputer', 'strategy': 'mean'}. Best is trial 7 with value: 0.29242769804714835.
running
running
[I 2024-11-05 02:53:33,693] Trial 111 finished with value: 0.29242769804714835 and parameters: {'model_name': 'SimpleImputer', 'strategy': 'mean'}. Best is trial 7 with value: 0.29242769804714835.
running
[I 2024-11-05 02:53:33,807] Trial 108 finished with value: 0.29242769804714835 and parameters: {'model_name': 'SimpleImputer', 'strategy': 'mean'}. Best is trial 7 with value: 0.29242769804714835.
[I 2024-11-05 02:53:33,939] Trial 114 finished with value: 0.29242769804714835 and parameters: {'model_name': 'SimpleImputer', 'strategy': 'mean'}. Best is trial 7 with value: 0.29242769804714835.
[I 2024-11-05 02:53:34,044] Trial 109 finished with value: 0.29242769804714835 and parameters: {'model_name': 'SimpleImputer', 'strategy': 'mean'}. Best is trial 7 with value: 0.29242769804714835.
[I 2024-11-05 02:53:34,156] Trial 113 finished with value: 0.29242769804714835 and parameters: {'model_name': 'SimpleImputer', 'strategy': 'mean'}. Best is trial 7 with value: 0.29242769804714835.
running
running
running
running
[I 2024-11-05 02:53:34,296] Trial 105 finished with value: 0.29242769804714835 and parameters: {'model_name': 'SimpleImputer', 'strategy': 'mean'}. Best is trial 7 with value: 0.29242769804714835.
[I 2024-11-05 02:53:34,426] Trial 123 finished with value: 0.29242769804714835 and parameters: {'model_name': 'SimpleImputer', 'strategy': 'mean'}. Best is trial 7 with value: 0.29242769804714835.
running
[I 2024-11-05 02:53:34,559] Trial 116 finished with value: 0.29242769804714835 and parameters: {'model_name': 'SimpleImputer', 'strategy': 'mean'}. Best is trial 7 with value: 0.29242769804714835.
[I 2024-11-05 02:53:34,681] Trial 107 finished with value: 0.29242769804714835 and parameters: {'model_name': 'SimpleImputer', 'strategy': 'mean'}. Best is trial 7 with value: 0.29242769804714835.
[I 2024-11-05 02:53:34,771] Trial 118 finished with value: 0.29242769804714835 and parameters: {'model_name': 'SimpleImputer', 'strategy': 'mean'}. Best is trial 7 with value: 0.29242769804714835.
running
running
[I 2024-11-05 02:53:34,883] Trial 122 finished with value: 0.29242769804714835 and parameters: {'model_name': 'SimpleImputer', 'strategy': 'mean'}. Best is trial 7 with value: 0.29242769804714835.
running
running
running
[I 2024-11-05 02:53:35,036] Trial 124 finished with value: 0.29242769804714835 and parameters: {'model_name': 'SimpleImputer', 'strategy': 'mean'}. Best is trial 7 with value: 0.29242769804714835.
running
[I 2024-11-05 02:53:35,184] Trial 112 finished with value: 0.29242769804714835 and parameters: {'model_name': 'SimpleImputer', 'strategy': 'mean'}. Best is trial 7 with value: 0.29242769804714835.
[I 2024-11-05 02:53:35,295] Trial 120 finished with value: 0.29242769804714835 and parameters: {'model_name': 'SimpleImputer', 'strategy': 'mean'}. Best is trial 7 with value: 0.29242769804714835.
running
[I 2024-11-05 02:53:35,312] Trial 121 finished with value: 0.29242769804714835 and parameters: {'model_name': 'SimpleImputer', 'strategy': 'mean'}. Best is trial 7 with value: 0.29242769804714835.
[I 2024-11-05 02:53:35,315] Trial 119 finished with value: 0.29242769804714835 and parameters: {'model_name': 'SimpleImputer', 'strategy': 'mean'}. Best is trial 7 with value: 0.29242769804714835.
[I 2024-11-05 02:53:35,546] Trial 128 finished with value: 0.29242769804714835 and parameters: {'model_name': 'SimpleImputer', 'strategy': 'mean'}. Best is trial 7 with value: 0.29242769804714835.
[I 2024-11-05 02:53:35,655] Trial 129 finished with value: 0.29242769804714835 and parameters: {'model_name': 'SimpleImputer', 'strategy': 'mean'}. Best is trial 7 with value: 0.29242769804714835.
running
running
[I 2024-11-05 02:53:35,856] Trial 117 finished with value: 0.29242769804714835 and parameters: {'model_name': 'SimpleImputer', 'strategy': 'mean'}. Best is trial 7 with value: 0.29242769804714835.
running
[I 2024-11-05 02:53:35,977] Trial 125 finished with value: 0.29242769804714835 and parameters: {'model_name': 'SimpleImputer', 'strategy': 'mean'}. Best is trial 7 with value: 0.29242769804714835.
[I 2024-11-05 02:53:36,077] Trial 130 finished with value: 0.29242769804714835 and parameters: {'model_name': 'SimpleImputer', 'strategy': 'mean'}. Best is trial 7 with value: 0.29242769804714835.
[I 2024-11-05 02:53:36,179] Trial 126 finished with value: 0.29242769804714835 and parameters: {'model_name': 'SimpleImputer', 'strategy': 'mean'}. Best is trial 7 with value: 0.29242769804714835.
running
running
running
running
running
running
[I 2024-11-05 02:53:36,322] Trial 133 finished with value: 0.29242769804714835 and parameters: {'model_name': 'SimpleImputer', 'strategy': 'mean'}. Best is trial 7 with value: 0.29242769804714835.
[I 2024-11-05 02:53:36,446] Trial 132 finished with value: 0.29242769804714835 and parameters: {'model_name': 'SimpleImputer', 'strategy': 'mean'}. Best is trial 7 with value: 0.29242769804714835.
running
[I 2024-11-05 02:53:36,597] Trial 134 finished with value: 0.29242769804714835 and parameters: {'model_name': 'SimpleImputer', 'strategy': 'mean'}. Best is trial 7 with value: 0.29242769804714835.
running
running
[I 2024-11-05 02:53:36,761] Trial 135 finished with value: 0.29242769804714835 and parameters: {'model_name': 'SimpleImputer', 'strategy': 'mean'}. Best is trial 7 with value: 0.29242769804714835.
[I 2024-11-05 02:53:36,880] Trial 127 finished with value: 0.29242769804714835 and parameters: {'model_name': 'SimpleImputer', 'strategy': 'mean'}. Best is trial 7 with value: 0.29242769804714835.
[I 2024-11-05 02:53:36,977] Trial 136 finished with value: 0.29242769804714835 and parameters: {'model_name': 'SimpleImputer', 'strategy': 'mean'}. Best is trial 7 with value: 0.29242769804714835.
[I 2024-11-05 02:53:37,071] Trial 131 finished with value: 0.29242769804714835 and parameters: {'model_name': 'SimpleImputer', 'strategy': 'mean'}. Best is trial 7 with value: 0.29242769804714835.
running
running
[I 2024-11-05 02:53:37,197] Trial 138 finished with value: 0.29242769804714835 and parameters: {'model_name': 'SimpleImputer', 'strategy': 'mean'}. Best is trial 7 with value: 0.29242769804714835.
running
running
running
[I 2024-11-05 02:53:37,393] Trial 142 finished with value: 0.46716777716594204 and parameters: {'model_name': 'SimpleImputer', 'strategy': 'constant'}. Best is trial 7 with value: 0.29242769804714835.
running
[I 2024-11-05 02:53:37,543] Trial 147 finished with value: 0.46716777716594204 and parameters: {'model_name': 'SimpleImputer', 'strategy': 'constant'}. Best is trial 7 with value: 0.29242769804714835.
[I 2024-11-05 02:53:37,657] Trial 143 finished with value: 0.46716777716594204 and parameters: {'model_name': 'SimpleImputer', 'strategy': 'constant'}. Best is trial 7 with value: 0.29242769804714835.
[I 2024-11-05 02:53:37,785] Trial 146 finished with value: 0.46716777716594204 and parameters: {'model_name': 'SimpleImputer', 'strategy': 'constant'}. Best is trial 7 with value: 0.29242769804714835.
[I 2024-11-05 02:53:37,884] Trial 139 finished with value: 0.29242769804714835 and parameters: {'model_name': 'SimpleImputer', 'strategy': 'mean'}. Best is trial 7 with value: 0.29242769804714835.
[I 2024-11-05 02:53:37,980] Trial 148 finished with value: 0.29242769804714835 and parameters: {'model_name': 'SimpleImputer', 'strategy': 'mean'}. Best is trial 7 with value: 0.29242769804714835.
running
[I 2024-11-05 02:53:38,087] Trial 137 finished with value: 0.29242769804714835 and parameters: {'model_name': 'SimpleImputer', 'strategy': 'mean'}. Best is trial 7 with value: 0.29242769804714835.
running
running
[I 2024-11-05 02:53:38,193] Trial 144 finished with value: 0.46716777716594204 and parameters: {'model_name': 'SimpleImputer', 'strategy': 'constant'}. Best is trial 7 with value: 0.29242769804714835.
running
[I 2024-11-05 02:53:38,285] Trial 151 finished with value: 0.46716777716594204 and parameters: {'model_name': 'SimpleImputer', 'strategy': 'constant'}. Best is trial 7 with value: 0.29242769804714835.
running
[I 2024-11-05 02:53:38,413] Trial 141 finished with value: 0.46716777716594204 and parameters: {'model_name': 'SimpleImputer', 'strategy': 'constant'}. Best is trial 7 with value: 0.29242769804714835.
[I 2024-11-05 02:53:38,522] Trial 145 finished with value: 0.29242769804714835 and parameters: {'model_name': 'SimpleImputer', 'strategy': 'mean'}. Best is trial 7 with value: 0.29242769804714835.
running
[I 2024-11-05 02:53:38,631] Trial 152 finished with value: 0.29242769804714835 and parameters: {'model_name': 'SimpleImputer', 'strategy': 'mean'}. Best is trial 7 with value: 0.29242769804714835.
running
running
[I 2024-11-05 02:53:38,770] Trial 140 finished with value: 0.29242769804714835 and parameters: {'model_name': 'SimpleImputer', 'strategy': 'mean'}. Best is trial 7 with value: 0.29242769804714835.
running
running
running
running
[I 2024-11-05 02:53:38,983] Trial 153 finished with value: 0.46716777716594204 and parameters: {'model_name': 'SimpleImputer', 'strategy': 'constant'}. Best is trial 7 with value: 0.29242769804714835.
running
[I 2024-11-05 02:53:39,135] Trial 159 finished with value: 0.29242769804714835 and parameters: {'model_name': 'SimpleImputer', 'strategy': 'mean'}. Best is trial 7 with value: 0.29242769804714835.
[I 2024-11-05 02:53:39,274] Trial 150 finished with value: 0.46716777716594204 and parameters: {'model_name': 'SimpleImputer', 'strategy': 'constant'}. Best is trial 7 with value: 0.29242769804714835.
running
[I 2024-11-05 02:53:39,381] Trial 149 finished with value: 0.46716777716594204 and parameters: {'model_name': 'SimpleImputer', 'strategy': 'constant'}. Best is trial 7 with value: 0.29242769804714835.
[I 2024-11-05 02:53:39,477] Trial 156 finished with value: 0.29242769804714835 and parameters: {'model_name': 'SimpleImputer', 'strategy': 'mean'}. Best is trial 7 with value: 0.29242769804714835.
running
running
[I 2024-11-05 02:53:39,604] Trial 154 finished with value: 0.29242769804714835 and parameters: {'model_name': 'SimpleImputer', 'strategy': 'mean'}. Best is trial 7 with value: 0.29242769804714835.
running
[I 2024-11-05 02:53:39,721] Trial 158 finished with value: 0.29242769804714835 and parameters: {'model_name': 'SimpleImputer', 'strategy': 'mean'}. Best is trial 7 with value: 0.29242769804714835.
[I 2024-11-05 02:53:39,846] Trial 160 finished with value: 0.29242769804714835 and parameters: {'model_name': 'SimpleImputer', 'strategy': 'mean'}. Best is trial 7 with value: 0.29242769804714835.
running
running
[I 2024-11-05 02:53:39,961] Trial 155 finished with value: 0.29242769804714835 and parameters: {'model_name': 'SimpleImputer', 'strategy': 'mean'}. Best is trial 7 with value: 0.29242769804714835.
[I 2024-11-05 02:53:40,051] Trial 157 finished with value: 0.29242769804714835 and parameters: {'model_name': 'SimpleImputer', 'strategy': 'mean'}. Best is trial 7 with value: 0.29242769804714835.
running
running
running
[I 2024-11-05 02:53:40,192] Trial 167 finished with value: 0.29242769804714835 and parameters: {'model_name': 'SimpleImputer', 'strategy': 'mean'}. Best is trial 7 with value: 0.29242769804714835.
[I 2024-11-05 02:53:40,289] Trial 163 finished with value: 0.29242769804714835 and parameters: {'model_name': 'SimpleImputer', 'strategy': 'mean'}. Best is trial 7 with value: 0.29242769804714835.
running
running
[I 2024-11-05 02:53:40,445] Trial 171 finished with value: 0.29242769804714835 and parameters: {'model_name': 'SimpleImputer', 'strategy': 'mean'}. Best is trial 7 with value: 0.29242769804714835.
running
[I 2024-11-05 02:53:40,568] Trial 166 finished with value: 0.29242769804714835 and parameters: {'model_name': 'SimpleImputer', 'strategy': 'mean'}. Best is trial 7 with value: 0.29242769804714835.
[I 2024-11-05 02:53:40,688] Trial 162 finished with value: 0.29242769804714835 and parameters: {'model_name': 'SimpleImputer', 'strategy': 'mean'}. Best is trial 7 with value: 0.29242769804714835.
running
[I 2024-11-05 02:53:40,800] Trial 164 finished with value: 0.29242769804714835 and parameters: {'model_name': 'SimpleImputer', 'strategy': 'mean'}. Best is trial 7 with value: 0.29242769804714835.
running
running
[I 2024-11-05 02:53:40,954] Trial 169 finished with value: 0.29242769804714835 and parameters: {'model_name': 'SimpleImputer', 'strategy': 'mean'}. Best is trial 7 with value: 0.29242769804714835.
running
[I 2024-11-05 02:53:41,121] Trial 168 finished with value: 0.29242769804714835 and parameters: {'model_name': 'SimpleImputer', 'strategy': 'mean'}. Best is trial 7 with value: 0.29242769804714835.
[I 2024-11-05 02:53:41,241] Trial 161 finished with value: 0.29242769804714835 and parameters: {'model_name': 'SimpleImputer', 'strategy': 'mean'}. Best is trial 7 with value: 0.29242769804714835.
running
[I 2024-11-05 02:53:41,349] Trial 165 finished with value: 0.29242769804714835 and parameters: {'model_name': 'SimpleImputer', 'strategy': 'mean'}. Best is trial 7 with value: 0.29242769804714835.
[I 2024-11-05 02:53:41,465] Trial 175 finished with value: 0.29242769804714835 and parameters: {'model_name': 'SimpleImputer', 'strategy': 'mean'}. Best is trial 7 with value: 0.29242769804714835.
running
[I 2024-11-05 02:53:41,600] Trial 170 finished with value: 0.29242769804714835 and parameters: {'model_name': 'SimpleImputer', 'strategy': 'mean'}. Best is trial 7 with value: 0.29242769804714835.
running
[I 2024-11-05 02:53:41,713] Trial 172 finished with value: 0.29242769804714835 and parameters: {'model_name': 'SimpleImputer', 'strategy': 'mean'}. Best is trial 7 with value: 0.29242769804714835.
running
running
[I 2024-11-05 02:53:41,858] Trial 174 finished with value: 0.29242769804714835 and parameters: {'model_name': 'SimpleImputer', 'strategy': 'mean'}. Best is trial 7 with value: 0.29242769804714835.
running
[I 2024-11-05 02:53:41,984] Trial 179 finished with value: 0.29242769804714835 and parameters: {'model_name': 'SimpleImputer', 'strategy': 'mean'}. Best is trial 7 with value: 0.29242769804714835.
[I 2024-11-05 02:53:42,083] Trial 176 finished with value: 0.29242769804714835 and parameters: {'model_name': 'SimpleImputer', 'strategy': 'mean'}. Best is trial 7 with value: 0.29242769804714835.
[I 2024-11-05 02:53:42,196] Trial 173 finished with value: 0.29242769804714835 and parameters: {'model_name': 'SimpleImputer', 'strategy': 'mean'}. Best is trial 7 with value: 0.29242769804714835.
[I 2024-11-05 02:53:42,313] Trial 180 finished with value: 0.29242769804714835 and parameters: {'model_name': 'SimpleImputer', 'strategy': 'mean'}. Best is trial 7 with value: 0.29242769804714835.
[I 2024-11-05 02:53:42,406] Trial 178 finished with value: 0.29242769804714835 and parameters: {'model_name': 'SimpleImputer', 'strategy': 'mean'}. Best is trial 7 with value: 0.29242769804714835.
running
running
running
running
[I 2024-11-05 02:53:42,441] Trial 177 finished with value: 0.29242769804714835 and parameters: {'model_name': 'SimpleImputer', 'strategy': 'mean'}. Best is trial 7 with value: 0.29242769804714835.
running
running
[I 2024-11-05 02:53:42,689] Trial 184 finished with value: 0.29242769804714835 and parameters: {'model_name': 'SimpleImputer', 'strategy': 'mean'}. Best is trial 7 with value: 0.29242769804714835.
running
running
[I 2024-11-05 02:53:42,880] Trial 181 finished with value: 0.29242769804714835 and parameters: {'model_name': 'SimpleImputer', 'strategy': 'mean'}. Best is trial 7 with value: 0.29242769804714835.
[I 2024-11-05 02:53:42,995] Trial 186 finished with value: 0.29242769804714835 and parameters: {'model_name': 'SimpleImputer', 'strategy': 'mean'}. Best is trial 7 with value: 0.29242769804714835.
running
[I 2024-11-05 02:53:43,124] Trial 185 finished with value: 0.29242769804714835 and parameters: {'model_name': 'SimpleImputer', 'strategy': 'mean'}. Best is trial 7 with value: 0.29242769804714835.
running
[I 2024-11-05 02:53:43,258] Trial 192 finished with value: 0.29242769804714835 and parameters: {'model_name': 'SimpleImputer', 'strategy': 'mean'}. Best is trial 7 with value: 0.29242769804714835.
[I 2024-11-05 02:53:43,377] Trial 189 finished with value: 0.29242769804714835 and parameters: {'model_name': 'SimpleImputer', 'strategy': 'mean'}. Best is trial 7 with value: 0.29242769804714835.
[I 2024-11-05 02:53:43,474] Trial 182 finished with value: 0.29242769804714835 and parameters: {'model_name': 'SimpleImputer', 'strategy': 'mean'}. Best is trial 7 with value: 0.29242769804714835.
[I 2024-11-05 02:53:43,601] Trial 187 finished with value: 0.29242769804714835 and parameters: {'model_name': 'SimpleImputer', 'strategy': 'mean'}. Best is trial 7 with value: 0.29242769804714835.
[I 2024-11-05 02:53:43,700] Trial 190 finished with value: 0.29242769804714835 and parameters: {'model_name': 'SimpleImputer', 'strategy': 'mean'}. Best is trial 7 with value: 0.29242769804714835.
[I 2024-11-05 02:53:43,794] Trial 194 finished with value: 0.29242769804714835 and parameters: {'model_name': 'SimpleImputer', 'strategy': 'mean'}. Best is trial 7 with value: 0.29242769804714835.
[I 2024-11-05 02:53:43,894] Trial 191 finished with value: 0.29242769804714835 and parameters: {'model_name': 'SimpleImputer', 'strategy': 'mean'}. Best is trial 7 with value: 0.29242769804714835.
[I 2024-11-05 02:53:44,018] Trial 196 finished with value: 0.29242769804714835 and parameters: {'model_name': 'SimpleImputer', 'strategy': 'mean'}. Best is trial 7 with value: 0.29242769804714835.
[I 2024-11-05 02:53:44,117] Trial 183 finished with value: 0.29242769804714835 and parameters: {'model_name': 'SimpleImputer', 'strategy': 'mean'}. Best is trial 7 with value: 0.29242769804714835.
[I 2024-11-05 02:53:44,121] Trial 195 finished with value: 0.29242769804714835 and parameters: {'model_name': 'SimpleImputer', 'strategy': 'mean'}. Best is trial 7 with value: 0.29242769804714835.
[I 2024-11-05 02:53:44,328] Trial 188 finished with value: 0.29242769804714835 and parameters: {'model_name': 'SimpleImputer', 'strategy': 'mean'}. Best is trial 7 with value: 0.29242769804714835.
[I 2024-11-05 02:53:44,414] Trial 197 finished with value: 0.29242769804714835 and parameters: {'model_name': 'SimpleImputer', 'strategy': 'mean'}. Best is trial 7 with value: 0.29242769804714835.
[I 2024-11-05 02:53:44,498] Trial 193 finished with value: 0.29242769804714835 and parameters: {'model_name': 'SimpleImputer', 'strategy': 'mean'}. Best is trial 7 with value: 0.29242769804714835.
[I 2024-11-05 02:53:44,581] Trial 198 finished with value: 0.29242769804714835 and parameters: {'model_name': 'SimpleImputer', 'strategy': 'mean'}. Best is trial 7 with value: 0.29242769804714835.
[I 2024-11-05 02:53:44,665] Trial 199 finished with value: 0.29242769804714835 and parameters: {'model_name': 'SimpleImputer', 'strategy': 'mean'}. Best is trial 7 with value: 0.29242769804714835.
fit
simple fit
simple transform
0    0
1    0
2    0
3    0
dtype: int64
0    0
1    0
2    0
3    0
dtype: int64
0.29242769804714835
{'model_name': 'SimpleImputer', 'strategy': 'mean'}
running experiment 2/3 - Does reconstruction give good automl predictions
Start est fit
Version 0.1.7a0 of tpot2 is outdated. Version 0.1.8a0 was released Tuesday September 17, 2024.
Version 0.1.7a0 of tpot2 is outdated. Version 0.1.8a0 was released Tuesday September 17, 2024.
Version 0.1.7a0 of tpot2 is outdated. Version 0.1.8a0 was released Tuesday September 17, 2024.
Version 0.1.7a0 of tpot2 is outdated. Version 0.1.8a0 was released Tuesday September 17, 2024.
Version 0.1.7a0 of tpot2 is outdated. Version 0.1.8a0 was released Tuesday September 17, 2024.
Version 0.1.7a0 of tpot2 is outdated. Version 0.1.8a0 was released Tuesday September 17, 2024.
Version 0.1.7a0 of tpot2 is outdated. Version 0.1.8a0 was released Tuesday September 17, 2024.
Version 0.1.7a0 of tpot2 is outdated. Version 0.1.8a0 was released Tuesday September 17, 2024.
Version 0.1.7a0 of tpot2 is outdated. Version 0.1.8a0 was released Tuesday September 17, 2024.
Version 0.1.7a0 of tpot2 is outdated. Version 0.1.8a0 was released Tuesday September 17, 2024.
Version 0.1.7a0 of tpot2 is outdated. Version 0.1.8a0 was released Tuesday September 17, 2024.
Version 0.1.7a0 of tpot2 is outdated. Version 0.1.8a0 was released Tuesday September 17, 2024.
Version 0.1.7a0 of tpot2 is outdated. Version 0.1.8a0 was released Tuesday September 17, 2024.
Version 0.1.7a0 of tpot2 is outdated. Version 0.1.8a0 was released Tuesday September 17, 2024.
Version 0.1.7a0 of tpot2 is outdated. Version 0.1.8a0 was released Tuesday September 17, 2024.
Version 0.1.7a0 of tpot2 is outdated. Version 0.1.8a0 was released Tuesday September 17, 2024.
  0%|          | 0/25 [00:00<?, ?it/s]Generation:   0%|          | 0/25 [00:00<?, ?it/s]Generation:  1
Best f1_score score: 0.9651592532850387
Generation:   4%|▍         | 1/25 [00:12<04:49, 12.06s/it]Generation:  2
Best f1_score score: 0.9651592532850387
Generation:   8%|▊         | 2/25 [00:28<05:37, 14.69s/it]Generation:  3
Best f1_score score: 0.9651592532850387
Generation:  12%|█▏        | 3/25 [03:36<34:27, 93.96s/it]Generation:  4
Best f1_score score: 0.9651592532850387
Generation:  16%|█▌        | 4/25 [03:52<22:07, 63.19s/it]WARNING AN INDIVIDUAL TIMED OUT: 
 <tpot2.search_spaces.pipelines.sequential.SequentialPipelineIndividual object at 0x155474161240> 

Generation:  5
Best f1_score score: 0.9663070013618773
Generation:  20%|██        | 5/25 [13:58<1:26:12, 258.61s/it]Generation:  6
Best f1_score score: 0.9663070013618773
Generation:  24%|██▍       | 6/25 [14:11<55:28, 175.18s/it]  Generation:  7
Best f1_score score: 0.9663070013618773
Generation:  28%|██▊       | 7/25 [14:26<36:54, 123.04s/it]Generation:  8
Best f1_score score: 0.9663070013618773
Generation:  32%|███▏      | 8/25 [14:55<26:20, 92.96s/it] Generation:  9
Best f1_score score: 0.9663070013618773
Generation:  36%|███▌      | 9/25 [15:04<17:48, 66.75s/it]Generation:  10
Best f1_score score: 0.9663070013618773
Generation:  40%|████      | 10/25 [15:18<12:35, 50.34s/it]Generation:  11
Best f1_score score: 0.9663070013618773
Generation:  44%|████▍     | 11/25 [15:36<09:28, 40.64s/it]Generation:  12
Best f1_score score: 0.9663070013618773
Generation:  48%|████▊     | 12/25 [15:48<06:53, 31.82s/it]Generation:  13
Best f1_score score: 0.9663070013618773
Generation:  52%|█████▏    | 13/25 [16:01<05:14, 26.18s/it]Generation:  14
Best f1_score score: 0.9663070013618773
Generation:  56%|█████▌    | 14/25 [17:50<09:22, 51.15s/it]Generation:  15
Best f1_score score: 0.9663412670176836
Generation:  60%|██████    | 15/25 [18:44<08:40, 52.03s/it]Generation:  16
Best f1_score score: 0.9663412670176836
Generation:  64%|██████▍   | 16/25 [19:01<06:12, 41.41s/it]Generation:  17
Best f1_score score: 0.9663412670176836
Generation:  68%|██████▊   | 17/25 [20:30<07:25, 55.65s/it]WARNING THIS INDIVIDUAL CAUSED AND EXCEPTION 
 <tpot2.search_spaces.pipelines.sequential.SequentialPipelineIndividual object at 0x15545dad6dd0> 
 The 'min_samples_split' parameter of DecisionTreeClassifier must be an int in the range [2, inf) or a float in the range (0.0, 1.0]. Got 1 instead. 
 Traceback (most recent call last):
  File "/common/ketrong/tpotexp/tpot2/tpot2/utils/eval_utils.py", line 53, in objective_nan_wrapper
    value = func_timeout.func_timeout(timeout, objective_function, args=[individual], kwargs=objective_kwargs)
  File "/common/ketrong/tpotexp/env/lib/python3.10/site-packages/func_timeout/dafunc.py", line 108, in func_timeout
    raise_exception(exception)
  File "/common/ketrong/tpotexp/env/lib/python3.10/site-packages/func_timeout/py3_raise.py", line 7, in raise_exception
    raise exception[0] from None
  File "/common/ketrong/tpotexp/tpot2/tpot2/tpot_estimator/estimator.py", line 623, in objective_function
    return objective_function_generator(
  File "/common/ketrong/tpotexp/tpot2/tpot2/tpot_estimator/estimator_utils.py", line 55, in objective_function_generator
    cv_obj_scores = cross_val_score_objective(sklearn.base.clone(pipeline),x,y,scorers=scorers, cv=cv , fold=step)
  File "/common/ketrong/tpotexp/tpot2/tpot2/tpot_estimator/cross_val_utils.py", line 28, in cross_val_score_objective
    this_fold_pipeline.fit(X_train,y_train)
  File "/common/ketrong/tpotexp/env/lib/python3.10/site-packages/sklearn/base.py", line 1473, in wrapper
    return fit_method(estimator, *args, **kwargs)
  File "/common/ketrong/tpotexp/env/lib/python3.10/site-packages/sklearn/pipeline.py", line 473, in fit
    self._final_estimator.fit(Xt, y, **last_step_params["fit"])
  File "/common/ketrong/tpotexp/env/lib/python3.10/site-packages/sklearn/base.py", line 1466, in wrapper
    estimator._validate_params()
  File "/common/ketrong/tpotexp/env/lib/python3.10/site-packages/sklearn/base.py", line 666, in _validate_params
    validate_parameter_constraints(
  File "/common/ketrong/tpotexp/env/lib/python3.10/site-packages/sklearn/utils/_param_validation.py", line 95, in validate_parameter_constraints
    raise InvalidParameterError(
sklearn.utils._param_validation.InvalidParameterError: The 'min_samples_split' parameter of DecisionTreeClassifier must be an int in the range [2, inf) or a float in the range (0.0, 1.0]. Got 1 instead.

Generation:  18
Best f1_score score: 0.9663412670176836
Generation:  72%|███████▏  | 18/25 [23:50<11:33, 99.07s/it]Generation:  19
Best f1_score score: 0.9663412670176836
Generation:  76%|███████▌  | 19/25 [24:10<07:32, 75.37s/it]Generation:  20
Best f1_score score: 0.9684636226204771
Generation:  80%|████████  | 20/25 [24:36<05:03, 60.69s/it]Generation:  21
Best f1_score score: 0.9684636226204771
Generation:  84%|████████▍ | 21/25 [24:59<03:16, 49.10s/it]Generation:  22
Best f1_score score: 0.9684636226204771
Generation:  88%|████████▊ | 22/25 [25:29<02:10, 43.66s/it]Generation:  23
Best f1_score score: 0.9684636226204771
Generation:  92%|█████████▏| 23/25 [25:52<01:14, 37.24s/it]Generation:  24
Best f1_score score: 0.9684636226204771
Generation:  96%|█████████▌| 24/25 [26:14<00:32, 32.86s/it]Generation:  25
Best f1_score score: 0.9684636226204771
Generation: 100%|██████████| 25/25 [26:42<00:00, 31.27s/it]Generation: 100%|██████████| 25/25 [26:47<00:00, 64.28s/it]
2024-11-05 03:20:37,143 - distributed.scheduler - ERROR - Removing worker 'tcp://127.0.0.1:40235' caused the cluster to lose scattered data, which can't be recovered: {'ndarray-782bc5f56dfe6ad3c3952dbb6d6329f9', 'ndarray-cefc1f8b489f752a725467007a640c10'} (stimulus_id='handle-worker-cleanup-1730805637.1429377')
Fitted
Pipeline(steps=[('baggingclassifier',
                 BaggingClassifier(max_features=0.7812856285853,
                                   max_samples=0.2618015584347, n_estimators=31,
                                   n_jobs=1))])
score start
train score: {'auroc': 0.9995784077089229, 'accuracy': 0.9884259259259259, 'balanced_accuracy': 0.9886598862335105, 'logloss': 0.10564859591418384, 'f1': 0.988316805241211}
original test score: {'auroc': 1.0, 'accuracy': 1.0, 'balanced_accuracy': 1.0, 'logloss': 0.08229087330559631, 'f1': 1.0}
imputed test score: {'auroc': 0.996494016581112, 'accuracy': 0.9676113360323887, 'balanced_accuracy': 0.9677514401022871, 'logloss': 0.14213431269544566, 'f1': 0.9673136597736289}
score end
check intended
EXP2 Finished
running experiment 3/3 - What is the best automl settings?
<tpot2.search_spaces.pipelines.sequential.SequentialPipeline object at 0x15543504f9d0>
Start tpot fit
Version 0.1.7a0 of tpot2 is outdated. Version 0.1.8a0 was released Tuesday September 17, 2024.
Version 0.1.7a0 of tpot2 is outdated. Version 0.1.8a0 was released Tuesday September 17, 2024.
Version 0.1.7a0 of tpot2 is outdated. Version 0.1.8a0 was released Tuesday September 17, 2024.
Version 0.1.7a0 of tpot2 is outdated. Version 0.1.8a0 was released Tuesday September 17, 2024.
Version 0.1.7a0 of tpot2 is outdated. Version 0.1.8a0 was released Tuesday September 17, 2024.
Version 0.1.7a0 of tpot2 is outdated. Version 0.1.8a0 was released Tuesday September 17, 2024.
Version 0.1.7a0 of tpot2 is outdated. Version 0.1.8a0 was released Tuesday September 17, 2024.
Version 0.1.7a0 of tpot2 is outdated. Version 0.1.8a0 was released Tuesday September 17, 2024.
Version 0.1.7a0 of tpot2 is outdated. Version 0.1.8a0 was released Tuesday September 17, 2024.
Version 0.1.7a0 of tpot2 is outdated. Version 0.1.8a0 was released Tuesday September 17, 2024.
Version 0.1.7a0 of tpot2 is outdated. Version 0.1.8a0 was released Tuesday September 17, 2024.
Version 0.1.7a0 of tpot2 is outdated. Version 0.1.8a0 was released Tuesday September 17, 2024.
Version 0.1.7a0 of tpot2 is outdated. Version 0.1.8a0 was released Tuesday September 17, 2024.
Version 0.1.7a0 of tpot2 is outdated. Version 0.1.8a0 was released Tuesday September 17, 2024.
Version 0.1.7a0 of tpot2 is outdated. Version 0.1.8a0 was released Tuesday September 17, 2024.
Version 0.1.7a0 of tpot2 is outdated. Version 0.1.8a0 was released Tuesday September 17, 2024.
  0%|          | 0/25 [00:00<?, ?it/s]Generation:   0%|          | 0/25 [00:00<?, ?it/s]WARNING THIS INDIVIDUAL CAUSED AND EXCEPTION 
 <tpot2.search_spaces.pipelines.sequential.SequentialPipelineIndividual object at 0x155474cd5030> 
 The 'min_samples_split' parameter of DecisionTreeClassifier must be an int in the range [2, inf) or a float in the range (0.0, 1.0]. Got 1 instead. 
 Traceback (most recent call last):
  File "/common/ketrong/tpotexp/tpot2/tpot2/utils/eval_utils.py", line 53, in objective_nan_wrapper
    value = func_timeout.func_timeout(timeout, objective_function, args=[individual], kwargs=objective_kwargs)
  File "/common/ketrong/tpotexp/env/lib/python3.10/site-packages/func_timeout/dafunc.py", line 108, in func_timeout
    raise_exception(exception)
  File "/common/ketrong/tpotexp/env/lib/python3.10/site-packages/func_timeout/py3_raise.py", line 7, in raise_exception
    raise exception[0] from None
  File "/common/ketrong/tpotexp/tpot2/tpot2/tpot_estimator/estimator.py", line 623, in objective_function
    return objective_function_generator(
  File "/common/ketrong/tpotexp/tpot2/tpot2/tpot_estimator/estimator_utils.py", line 55, in objective_function_generator
    cv_obj_scores = cross_val_score_objective(sklearn.base.clone(pipeline),x,y,scorers=scorers, cv=cv , fold=step)
  File "/common/ketrong/tpotexp/tpot2/tpot2/tpot_estimator/cross_val_utils.py", line 28, in cross_val_score_objective
    this_fold_pipeline.fit(X_train,y_train)
  File "/common/ketrong/tpotexp/env/lib/python3.10/site-packages/sklearn/base.py", line 1473, in wrapper
    return fit_method(estimator, *args, **kwargs)
  File "/common/ketrong/tpotexp/env/lib/python3.10/site-packages/sklearn/pipeline.py", line 473, in fit
    self._final_estimator.fit(Xt, y, **last_step_params["fit"])
  File "/common/ketrong/tpotexp/env/lib/python3.10/site-packages/sklearn/base.py", line 1466, in wrapper
    estimator._validate_params()
  File "/common/ketrong/tpotexp/env/lib/python3.10/site-packages/sklearn/base.py", line 666, in _validate_params
    validate_parameter_constraints(
  File "/common/ketrong/tpotexp/env/lib/python3.10/site-packages/sklearn/utils/_param_validation.py", line 95, in validate_parameter_constraints
    raise InvalidParameterError(
sklearn.utils._param_validation.InvalidParameterError: The 'min_samples_split' parameter of DecisionTreeClassifier must be an int in the range [2, inf) or a float in the range (0.0, 1.0]. Got 1 instead.

Generation:  1
Best f1_score score: 0.9633747063638666
Generation:   4%|▍         | 1/25 [00:09<03:57,  9.90s/it]Generation:  2
Best f1_score score: 0.9649700173664781
Generation:   8%|▊         | 2/25 [00:20<03:55, 10.22s/it]Generation:  3
Best f1_score score: 0.9649700173664781
Generation:  12%|█▏        | 3/25 [00:49<06:57, 19.00s/it]Generation:  4
Best f1_score score: 0.9649700173664781
Generation:  16%|█▌        | 4/25 [06:55<54:33, 155.88s/it]Generation:  5
Best f1_score score: 0.9653297119198776
Generation:  20%|██        | 5/25 [07:06<34:29, 103.48s/it]Generation:  6
Best f1_score score: 0.9664980619056536
Generation:  24%|██▍       | 6/25 [07:18<22:56, 72.44s/it] Generation:  7
Best f1_score score: 0.9664980619056536
Generation:  28%|██▊       | 7/25 [07:26<15:24, 51.34s/it]Generation:  8
Best f1_score score: 0.9664980619056536
Generation:  32%|███▏      | 8/25 [07:37<10:56, 38.61s/it]Generation:  9
Best f1_score score: 0.9664980619056536
Generation:  36%|███▌      | 9/25 [07:45<07:44, 29.00s/it]Generation:  10
Best f1_score score: 0.9664980619056536
Generation:  40%|████      | 10/25 [07:57<05:57, 23.84s/it]Generation:  11
Best f1_score score: 0.9664980619056536
Generation:  44%|████▍     | 11/25 [08:11<04:51, 20.83s/it]Generation:  12
Best f1_score score: 0.9682928205573974
Generation:  48%|████▊     | 12/25 [08:25<04:01, 18.57s/it]Generation:  13
Best f1_score score: 0.9682928205573974
Generation:  52%|█████▏    | 13/25 [08:35<03:13, 16.16s/it]Generation:  14
Best f1_score score: 0.9682928205573974
Generation:  56%|█████▌    | 14/25 [08:43<02:31, 13.76s/it]Generation:  15
Best f1_score score: 0.9682928205573974
Generation:  60%|██████    | 15/25 [08:54<02:07, 12.78s/it]Generation:  16
Best f1_score score: 0.9682928205573974
Generation:  64%|██████▍   | 16/25 [09:01<01:40, 11.19s/it]WARNING AN INDIVIDUAL TIMED OUT: 
 <tpot2.search_spaces.pipelines.sequential.SequentialPipelineIndividual object at 0x15545bfd0760> 

Generation:  17
Best f1_score score: 0.9682928205573974
Generation:  68%|██████▊   | 17/25 [19:05<25:14, 189.35s/it]Generation:  18
Best f1_score score: 0.9682928205573974
Generation:  72%|███████▏  | 18/25 [19:17<15:52, 136.05s/it]Generation:  19
Best f1_score score: 0.9682928205573974
Generation:  76%|███████▌  | 19/25 [20:50<12:18, 123.13s/it]Generation:  20
Best f1_score score: 0.9682928205573974
Generation:  80%|████████  | 20/25 [21:00<07:26, 89.24s/it] Generation:  21
Best f1_score score: 0.9688646223857018
Generation:  84%|████████▍ | 21/25 [21:11<04:22, 65.51s/it]WARNING THIS INDIVIDUAL CAUSED AND EXCEPTION 
 <tpot2.search_spaces.pipelines.sequential.SequentialPipelineIndividual object at 0x15545da2a920> 
 The 'min_samples_split' parameter of DecisionTreeClassifier must be an int in the range [2, inf) or a float in the range (0.0, 1.0]. Got 1 instead. 
 Traceback (most recent call last):
  File "/common/ketrong/tpotexp/tpot2/tpot2/utils/eval_utils.py", line 53, in objective_nan_wrapper
    value = func_timeout.func_timeout(timeout, objective_function, args=[individual], kwargs=objective_kwargs)
  File "/common/ketrong/tpotexp/env/lib/python3.10/site-packages/func_timeout/dafunc.py", line 108, in func_timeout
    raise_exception(exception)
  File "/common/ketrong/tpotexp/env/lib/python3.10/site-packages/func_timeout/py3_raise.py", line 7, in raise_exception
    raise exception[0] from None
  File "/common/ketrong/tpotexp/tpot2/tpot2/tpot_estimator/estimator.py", line 623, in objective_function
    return objective_function_generator(
  File "/common/ketrong/tpotexp/tpot2/tpot2/tpot_estimator/estimator_utils.py", line 55, in objective_function_generator
    cv_obj_scores = cross_val_score_objective(sklearn.base.clone(pipeline),x,y,scorers=scorers, cv=cv , fold=step)
  File "/common/ketrong/tpotexp/tpot2/tpot2/tpot_estimator/cross_val_utils.py", line 28, in cross_val_score_objective
    this_fold_pipeline.fit(X_train,y_train)
  File "/common/ketrong/tpotexp/env/lib/python3.10/site-packages/sklearn/base.py", line 1473, in wrapper
    return fit_method(estimator, *args, **kwargs)
  File "/common/ketrong/tpotexp/env/lib/python3.10/site-packages/sklearn/pipeline.py", line 473, in fit
    self._final_estimator.fit(Xt, y, **last_step_params["fit"])
  File "/common/ketrong/tpotexp/env/lib/python3.10/site-packages/sklearn/base.py", line 1466, in wrapper
    estimator._validate_params()
  File "/common/ketrong/tpotexp/env/lib/python3.10/site-packages/sklearn/base.py", line 666, in _validate_params
    validate_parameter_constraints(
  File "/common/ketrong/tpotexp/env/lib/python3.10/site-packages/sklearn/utils/_param_validation.py", line 95, in validate_parameter_constraints
    raise InvalidParameterError(
sklearn.utils._param_validation.InvalidParameterError: The 'min_samples_split' parameter of DecisionTreeClassifier must be an int in the range [2, inf) or a float in the range (0.0, 1.0]. Got 1 instead.

Generation:  22
Best f1_score score: 0.9688646223857018
Generation:  88%|████████▊ | 22/25 [21:19<02:25, 48.41s/it]Generation:  23
Best f1_score score: 0.9688646223857018
Generation:  92%|█████████▏| 23/25 [21:26<01:11, 35.92s/it]Generation:  24
Best f1_score score: 0.9688646223857018
Generation:  96%|█████████▌| 24/25 [21:41<00:29, 29.63s/it]Generation:  25
Best f1_score score: 0.9700490159370565
Generation: 100%|██████████| 25/25 [27:25<00:00, 123.91s/it]Generation: 100%|██████████| 25/25 [27:25<00:00, 65.81s/it] 
2024-11-05 03:48:10,282 - distributed.scheduler - ERROR - Removing worker 'tcp://127.0.0.1:34049' caused the cluster to lose scattered data, which can't be recovered: {'DataFrame-1ef2323f55a56fb592abc80d7ff37587', 'ndarray-782bc5f56dfe6ad3c3952dbb6d6329f9'} (stimulus_id='handle-worker-cleanup-1730807290.282408')
Fitted
Pipeline(steps=[('simpleimputer', SimpleImputer()),
                ('baggingclassifier',
                 BaggingClassifier(bootstrap=False,
                                   max_features=0.9864851678505,
                                   max_samples=0.425290845191, n_estimators=84,
                                   n_jobs=1))])
transform worked
try transform
transform worked
score start
train score: {'auroc': 0.9999845655781099, 'accuracy': 0.9981192129629629, 'balanced_accuracy': 0.9982025875702583, 'logloss': 0.06070622009932305, 'f1': 0.9981005577687929}
test score: {'auroc': 0.997315773681607, 'accuracy': 0.9681897050318103, 'balanced_accuracy': 0.9683941136241381, 'logloss': 0.11020802831487808, 'f1': 0.9679009095220494}
original test score: {'auroc': 1.0, 'accuracy': 1.0, 'balanced_accuracy': 1.0, 'logloss': 0.05001925821586067, 'f1': 1.0}
score end
923
lvl
0.1
type
MCAR
num_run
3
class_simple
finished
all finished
full run takes
0.918212614191903
hours
DONE
