Run: 71
/cm/local/apps/slurm/var/spool/job1030421/slurm_script: line 26: 
pip install -e tpot2
pip install -r tpot2/ImputerExperiments/requirements_.txt
: No such file or directory
RunStart
Version 0.1.7a0 of tpot2 is outdated. Version 0.1.8a0 was released Tuesday September 17, 2024.
starting loops
../data/c/803/803.pkl
working on 
../data/c/803/class_simple_MNAR_0.3_3
3.064056634902954
running experiment 1/3 - Does large hyperparameter space improve reconstruction accuracy over simple
[I 2024-10-29 10:36:16,555] A new study created in memory with name: no-name-35601df3-228c-45e7-afa8-0b88d8e380ce
running
running
running
running
running
running
running
running
running
running
[I 2024-10-29 10:36:16,673] Trial 0 finished with value: 0.4557524499894792 and parameters: {'model_name': 'SimpleImputer', 'strategy': 'constant'}. Best is trial 0 with value: 0.4557524499894792.
running
running
[I 2024-10-29 10:36:16,836] Trial 7 finished with value: 0.4557524499894792 and parameters: {'model_name': 'SimpleImputer', 'strategy': 'constant'}. Best is trial 0 with value: 0.4557524499894792.
running
running
running
running
running
running
[I 2024-10-29 10:36:17,030] Trial 8 finished with value: 0.4557524499894792 and parameters: {'model_name': 'SimpleImputer', 'strategy': 'constant'}. Best is trial 0 with value: 0.4557524499894792.
running
[I 2024-10-29 10:36:17,239] Trial 3 finished with value: 0.17836102889660552 and parameters: {'model_name': 'SimpleImputer', 'strategy': 'mean'}. Best is trial 3 with value: 0.17836102889660552.
running
[I 2024-10-29 10:36:17,382] Trial 13 finished with value: 0.4557524499894792 and parameters: {'model_name': 'SimpleImputer', 'strategy': 'constant'}. Best is trial 3 with value: 0.17836102889660552.
[I 2024-10-29 10:36:17,479] Trial 2 finished with value: 0.13440469545810946 and parameters: {'model_name': 'SimpleImputer', 'strategy': 'median'}. Best is trial 2 with value: 0.13440469545810946.
[I 2024-10-29 10:36:17,569] Trial 15 finished with value: 0.4557524499894792 and parameters: {'model_name': 'SimpleImputer', 'strategy': 'constant'}. Best is trial 2 with value: 0.13440469545810946.
running
running
[I 2024-10-29 10:36:17,702] Trial 16 finished with value: 0.17836102889660552 and parameters: {'model_name': 'SimpleImputer', 'strategy': 'mean'}. Best is trial 2 with value: 0.13440469545810946.
[I 2024-10-29 10:36:17,792] Trial 18 finished with value: 0.4557524499894792 and parameters: {'model_name': 'SimpleImputer', 'strategy': 'constant'}. Best is trial 2 with value: 0.13440469545810946.
[I 2024-10-29 10:36:17,881] Trial 5 finished with value: 0.4557524499894792 and parameters: {'model_name': 'SimpleImputer', 'strategy': 'most_frequent'}. Best is trial 2 with value: 0.13440469545810946.
[I 2024-10-29 10:36:17,966] Trial 17 finished with value: 0.4557524499894792 and parameters: {'model_name': 'SimpleImputer', 'strategy': 'constant'}. Best is trial 2 with value: 0.13440469545810946.
running
running
[I 2024-10-29 10:36:18,110] Trial 4 finished with value: 0.13440469545810946 and parameters: {'model_name': 'SimpleImputer', 'strategy': 'median'}. Best is trial 2 with value: 0.13440469545810946.
running
running
[I 2024-10-29 10:36:18,221] Trial 6 finished with value: 0.13440469545810946 and parameters: {'model_name': 'SimpleImputer', 'strategy': 'median'}. Best is trial 2 with value: 0.13440469545810946.
running
[I 2024-10-29 10:36:18,324] Trial 14 finished with value: 0.13440469545810946 and parameters: {'model_name': 'SimpleImputer', 'strategy': 'median'}. Best is trial 2 with value: 0.13440469545810946.
running
[I 2024-10-29 10:36:18,423] Trial 11 finished with value: 0.4557524499894792 and parameters: {'model_name': 'SimpleImputer', 'strategy': 'constant'}. Best is trial 2 with value: 0.13440469545810946.
running
running
[I 2024-10-29 10:36:18,573] Trial 1 finished with value: 0.4557524499894792 and parameters: {'model_name': 'SimpleImputer', 'strategy': 'most_frequent'}. Best is trial 2 with value: 0.13440469545810946.
[I 2024-10-29 10:36:18,658] Trial 19 finished with value: 0.4557524499894792 and parameters: {'model_name': 'SimpleImputer', 'strategy': 'constant'}. Best is trial 2 with value: 0.13440469545810946.
running
running
[I 2024-10-29 10:36:18,791] Trial 9 finished with value: 0.13440469545810946 and parameters: {'model_name': 'SimpleImputer', 'strategy': 'median'}. Best is trial 2 with value: 0.13440469545810946.
running
[I 2024-10-29 10:36:18,933] Trial 12 finished with value: 0.13440469545810946 and parameters: {'model_name': 'SimpleImputer', 'strategy': 'median'}. Best is trial 2 with value: 0.13440469545810946.
running
running
[I 2024-10-29 10:36:19,093] Trial 21 finished with value: 0.17836102889660552 and parameters: {'model_name': 'SimpleImputer', 'strategy': 'mean'}. Best is trial 2 with value: 0.13440469545810946.
[I 2024-10-29 10:36:19,209] Trial 22 finished with value: 0.13440469545810946 and parameters: {'model_name': 'SimpleImputer', 'strategy': 'median'}. Best is trial 2 with value: 0.13440469545810946.
running
running
[I 2024-10-29 10:36:19,312] Trial 10 finished with value: 0.4557524499894792 and parameters: {'model_name': 'SimpleImputer', 'strategy': 'most_frequent'}. Best is trial 2 with value: 0.13440469545810946.
running
[I 2024-10-29 10:36:19,466] Trial 20 finished with value: 0.13440469545810946 and parameters: {'model_name': 'SimpleImputer', 'strategy': 'median'}. Best is trial 2 with value: 0.13440469545810946.
running
[I 2024-10-29 10:36:19,583] Trial 23 finished with value: 0.13440469545810946 and parameters: {'model_name': 'SimpleImputer', 'strategy': 'median'}. Best is trial 2 with value: 0.13440469545810946.
running
[I 2024-10-29 10:36:19,764] Trial 25 finished with value: 0.13440469545810946 and parameters: {'model_name': 'SimpleImputer', 'strategy': 'median'}. Best is trial 2 with value: 0.13440469545810946.
[I 2024-10-29 10:36:19,871] Trial 27 finished with value: 0.13440469545810946 and parameters: {'model_name': 'SimpleImputer', 'strategy': 'median'}. Best is trial 2 with value: 0.13440469545810946.
[I 2024-10-29 10:36:19,973] Trial 29 finished with value: 0.13440469545810946 and parameters: {'model_name': 'SimpleImputer', 'strategy': 'median'}. Best is trial 2 with value: 0.13440469545810946.
[I 2024-10-29 10:36:20,056] Trial 24 finished with value: 0.13440469545810946 and parameters: {'model_name': 'SimpleImputer', 'strategy': 'median'}. Best is trial 2 with value: 0.13440469545810946.
running
running
[I 2024-10-29 10:36:20,210] Trial 28 finished with value: 0.13440469545810946 and parameters: {'model_name': 'SimpleImputer', 'strategy': 'median'}. Best is trial 2 with value: 0.13440469545810946.
[I 2024-10-29 10:36:20,311] Trial 34 finished with value: 0.13440469545810946 and parameters: {'model_name': 'SimpleImputer', 'strategy': 'median'}. Best is trial 2 with value: 0.13440469545810946.
running
running
running
[I 2024-10-29 10:36:20,432] Trial 26 finished with value: 0.13440469545810946 and parameters: {'model_name': 'SimpleImputer', 'strategy': 'median'}. Best is trial 2 with value: 0.13440469545810946.
[I 2024-10-29 10:36:20,535] Trial 33 finished with value: 0.13440469545810946 and parameters: {'model_name': 'SimpleImputer', 'strategy': 'median'}. Best is trial 2 with value: 0.13440469545810946.
running
running
running
[I 2024-10-29 10:36:20,682] Trial 31 finished with value: 0.13440469545810946 and parameters: {'model_name': 'SimpleImputer', 'strategy': 'median'}. Best is trial 2 with value: 0.13440469545810946.
[I 2024-10-29 10:36:20,813] Trial 30 finished with value: 0.13440469545810946 and parameters: {'model_name': 'SimpleImputer', 'strategy': 'median'}. Best is trial 2 with value: 0.13440469545810946.
running
[I 2024-10-29 10:36:20,919] Trial 36 finished with value: 0.13440469545810946 and parameters: {'model_name': 'SimpleImputer', 'strategy': 'median'}. Best is trial 2 with value: 0.13440469545810946.
running
running
[I 2024-10-29 10:36:21,057] Trial 32 finished with value: 0.13440469545810946 and parameters: {'model_name': 'SimpleImputer', 'strategy': 'median'}. Best is trial 2 with value: 0.13440469545810946.
[I 2024-10-29 10:36:21,173] Trial 35 finished with value: 0.13440469545810946 and parameters: {'model_name': 'SimpleImputer', 'strategy': 'median'}. Best is trial 2 with value: 0.13440469545810946.
running
[I 2024-10-29 10:36:21,307] Trial 39 finished with value: 0.13440469545810946 and parameters: {'model_name': 'SimpleImputer', 'strategy': 'median'}. Best is trial 2 with value: 0.13440469545810946.
running
[I 2024-10-29 10:36:21,439] Trial 37 finished with value: 0.13440469545810946 and parameters: {'model_name': 'SimpleImputer', 'strategy': 'median'}. Best is trial 2 with value: 0.13440469545810946.
running
running
[I 2024-10-29 10:36:21,546] Trial 38 finished with value: 0.13440469545810946 and parameters: {'model_name': 'SimpleImputer', 'strategy': 'median'}. Best is trial 2 with value: 0.13440469545810946.
[I 2024-10-29 10:36:21,659] Trial 41 finished with value: 0.13440469545810946 and parameters: {'model_name': 'SimpleImputer', 'strategy': 'median'}. Best is trial 2 with value: 0.13440469545810946.
running
running
[I 2024-10-29 10:36:21,804] Trial 47 finished with value: 0.13440469545810946 and parameters: {'model_name': 'SimpleImputer', 'strategy': 'median'}. Best is trial 2 with value: 0.13440469545810946.
[I 2024-10-29 10:36:21,947] Trial 42 finished with value: 0.13440469545810946 and parameters: {'model_name': 'SimpleImputer', 'strategy': 'median'}. Best is trial 2 with value: 0.13440469545810946.
running
running
[I 2024-10-29 10:36:22,082] Trial 46 finished with value: 0.13440469545810946 and parameters: {'model_name': 'SimpleImputer', 'strategy': 'median'}. Best is trial 2 with value: 0.13440469545810946.
running
[I 2024-10-29 10:36:22,232] Trial 40 finished with value: 0.13440469545810946 and parameters: {'model_name': 'SimpleImputer', 'strategy': 'median'}. Best is trial 2 with value: 0.13440469545810946.
running
[I 2024-10-29 10:36:22,418] Trial 44 finished with value: 0.13440469545810946 and parameters: {'model_name': 'SimpleImputer', 'strategy': 'median'}. Best is trial 2 with value: 0.13440469545810946.
running
[I 2024-10-29 10:36:22,563] Trial 43 finished with value: 0.13440469545810946 and parameters: {'model_name': 'SimpleImputer', 'strategy': 'median'}. Best is trial 2 with value: 0.13440469545810946.
[I 2024-10-29 10:36:22,655] Trial 50 finished with value: 0.4557524499894792 and parameters: {'model_name': 'SimpleImputer', 'strategy': 'most_frequent'}. Best is trial 2 with value: 0.13440469545810946.
running
[I 2024-10-29 10:36:22,797] Trial 49 finished with value: 0.4557524499894792 and parameters: {'model_name': 'SimpleImputer', 'strategy': 'most_frequent'}. Best is trial 2 with value: 0.13440469545810946.
running
running
[I 2024-10-29 10:36:23,004] Trial 45 finished with value: 0.13440469545810946 and parameters: {'model_name': 'SimpleImputer', 'strategy': 'median'}. Best is trial 2 with value: 0.13440469545810946.
[I 2024-10-29 10:36:23,107] Trial 51 finished with value: 0.4557524499894792 and parameters: {'model_name': 'SimpleImputer', 'strategy': 'most_frequent'}. Best is trial 2 with value: 0.13440469545810946.
running
[I 2024-10-29 10:36:23,225] Trial 56 finished with value: 0.4557524499894792 and parameters: {'model_name': 'SimpleImputer', 'strategy': 'most_frequent'}. Best is trial 2 with value: 0.13440469545810946.
running
[I 2024-10-29 10:36:23,353] Trial 48 finished with value: 0.4557524499894792 and parameters: {'model_name': 'SimpleImputer', 'strategy': 'most_frequent'}. Best is trial 2 with value: 0.13440469545810946.
running
[I 2024-10-29 10:36:23,489] Trial 57 finished with value: 0.4557524499894792 and parameters: {'model_name': 'SimpleImputer', 'strategy': 'most_frequent'}. Best is trial 2 with value: 0.13440469545810946.
running
[I 2024-10-29 10:36:23,530] Trial 53 finished with value: 0.4557524499894792 and parameters: {'model_name': 'SimpleImputer', 'strategy': 'most_frequent'}. Best is trial 2 with value: 0.13440469545810946.
[I 2024-10-29 10:36:23,535] Trial 61 finished with value: 0.17836102889660552 and parameters: {'model_name': 'SimpleImputer', 'strategy': 'mean'}. Best is trial 2 with value: 0.13440469545810946.
running
running
[I 2024-10-29 10:36:23,869] Trial 65 finished with value: 0.17836102889660552 and parameters: {'model_name': 'SimpleImputer', 'strategy': 'mean'}. Best is trial 2 with value: 0.13440469545810946.
running
[I 2024-10-29 10:36:23,964] Trial 63 finished with value: 0.17836102889660552 and parameters: {'model_name': 'SimpleImputer', 'strategy': 'mean'}. Best is trial 2 with value: 0.13440469545810946.
running
running
[I 2024-10-29 10:36:24,142] Trial 64 finished with value: 0.17836102889660552 and parameters: {'model_name': 'SimpleImputer', 'strategy': 'mean'}. Best is trial 2 with value: 0.13440469545810946.
running
[I 2024-10-29 10:36:24,253] Trial 60 finished with value: 0.4557524499894792 and parameters: {'model_name': 'SimpleImputer', 'strategy': 'most_frequent'}. Best is trial 2 with value: 0.13440469545810946.
[I 2024-10-29 10:36:24,425] Trial 66 finished with value: 0.17836102889660552 and parameters: {'model_name': 'SimpleImputer', 'strategy': 'mean'}. Best is trial 2 with value: 0.13440469545810946.
running
running
[I 2024-10-29 10:36:24,546] Trial 52 finished with value: 0.4557524499894792 and parameters: {'model_name': 'SimpleImputer', 'strategy': 'most_frequent'}. Best is trial 2 with value: 0.13440469545810946.
[I 2024-10-29 10:36:24,656] Trial 73 finished with value: 0.4557524499894792 and parameters: {'model_name': 'SimpleImputer', 'strategy': 'constant'}. Best is trial 2 with value: 0.13440469545810946.
[I 2024-10-29 10:36:24,741] Trial 67 finished with value: 0.17836102889660552 and parameters: {'model_name': 'SimpleImputer', 'strategy': 'mean'}. Best is trial 2 with value: 0.13440469545810946.
running
running
[I 2024-10-29 10:36:24,848] Trial 68 finished with value: 0.17836102889660552 and parameters: {'model_name': 'SimpleImputer', 'strategy': 'mean'}. Best is trial 2 with value: 0.13440469545810946.
[I 2024-10-29 10:36:24,849] Trial 72 finished with value: 0.4557524499894792 and parameters: {'model_name': 'SimpleImputer', 'strategy': 'constant'}. Best is trial 2 with value: 0.13440469545810946.
[I 2024-10-29 10:36:24,931] Trial 54 finished with value: 0.4557524499894792 and parameters: {'model_name': 'SimpleImputer', 'strategy': 'most_frequent'}. Best is trial 2 with value: 0.13440469545810946.
[I 2024-10-29 10:36:24,952] Trial 59 finished with value: 0.4557524499894792 and parameters: {'model_name': 'SimpleImputer', 'strategy': 'most_frequent'}. Best is trial 2 with value: 0.13440469545810946.
running
[I 2024-10-29 10:36:24,974] Trial 69 finished with value: 0.17836102889660552 and parameters: {'model_name': 'SimpleImputer', 'strategy': 'mean'}. Best is trial 2 with value: 0.13440469545810946.
running
[I 2024-10-29 10:36:25,325] Trial 55 finished with value: 0.4557524499894792 and parameters: {'model_name': 'SimpleImputer', 'strategy': 'most_frequent'}. Best is trial 2 with value: 0.13440469545810946.
running
[I 2024-10-29 10:36:25,424] Trial 70 finished with value: 0.17836102889660552 and parameters: {'model_name': 'SimpleImputer', 'strategy': 'mean'}. Best is trial 2 with value: 0.13440469545810946.
[I 2024-10-29 10:36:25,510] Trial 74 finished with value: 0.4557524499894792 and parameters: {'model_name': 'SimpleImputer', 'strategy': 'constant'}. Best is trial 2 with value: 0.13440469545810946.
[I 2024-10-29 10:36:25,592] Trial 75 finished with value: 0.4557524499894792 and parameters: {'model_name': 'SimpleImputer', 'strategy': 'constant'}. Best is trial 2 with value: 0.13440469545810946.
running
running
running
[I 2024-10-29 10:36:25,698] Trial 71 finished with value: 0.4557524499894792 and parameters: {'model_name': 'SimpleImputer', 'strategy': 'constant'}. Best is trial 2 with value: 0.13440469545810946.
[I 2024-10-29 10:36:25,805] Trial 76 finished with value: 0.4557524499894792 and parameters: {'model_name': 'SimpleImputer', 'strategy': 'constant'}. Best is trial 2 with value: 0.13440469545810946.
running
running
[I 2024-10-29 10:36:25,904] Trial 62 finished with value: 0.4557524499894792 and parameters: {'model_name': 'SimpleImputer', 'strategy': 'most_frequent'}. Best is trial 2 with value: 0.13440469545810946.
running
running
[I 2024-10-29 10:36:26,000] Trial 58 finished with value: 0.4557524499894792 and parameters: {'model_name': 'SimpleImputer', 'strategy': 'most_frequent'}. Best is trial 2 with value: 0.13440469545810946.
running
running
running
running
[I 2024-10-29 10:36:26,266] Trial 77 finished with value: 0.13440469545810946 and parameters: {'model_name': 'SimpleImputer', 'strategy': 'median'}. Best is trial 2 with value: 0.13440469545810946.
running
[I 2024-10-29 10:36:26,414] Trial 79 finished with value: 0.13440469545810946 and parameters: {'model_name': 'SimpleImputer', 'strategy': 'median'}. Best is trial 2 with value: 0.13440469545810946.
running
[I 2024-10-29 10:36:26,622] Trial 78 finished with value: 0.13440469545810946 and parameters: {'model_name': 'SimpleImputer', 'strategy': 'median'}. Best is trial 2 with value: 0.13440469545810946.
running
[I 2024-10-29 10:36:26,752] Trial 80 finished with value: 0.13440469545810946 and parameters: {'model_name': 'SimpleImputer', 'strategy': 'median'}. Best is trial 2 with value: 0.13440469545810946.
[I 2024-10-29 10:36:26,849] Trial 81 finished with value: 0.13440469545810946 and parameters: {'model_name': 'SimpleImputer', 'strategy': 'median'}. Best is trial 2 with value: 0.13440469545810946.
running
[I 2024-10-29 10:36:26,987] Trial 85 finished with value: 0.13440469545810946 and parameters: {'model_name': 'SimpleImputer', 'strategy': 'median'}. Best is trial 2 with value: 0.13440469545810946.
running
[I 2024-10-29 10:36:27,089] Trial 89 finished with value: 0.13440469545810946 and parameters: {'model_name': 'SimpleImputer', 'strategy': 'median'}. Best is trial 2 with value: 0.13440469545810946.
running
[I 2024-10-29 10:36:27,197] Trial 90 finished with value: 0.13440469545810946 and parameters: {'model_name': 'SimpleImputer', 'strategy': 'median'}. Best is trial 2 with value: 0.13440469545810946.
[I 2024-10-29 10:36:27,282] Trial 91 finished with value: 0.13440469545810946 and parameters: {'model_name': 'SimpleImputer', 'strategy': 'median'}. Best is trial 2 with value: 0.13440469545810946.
running
[I 2024-10-29 10:36:27,373] Trial 87 finished with value: 0.13440469545810946 and parameters: {'model_name': 'SimpleImputer', 'strategy': 'median'}. Best is trial 2 with value: 0.13440469545810946.
[I 2024-10-29 10:36:27,455] Trial 82 finished with value: 0.13440469545810946 and parameters: {'model_name': 'SimpleImputer', 'strategy': 'median'}. Best is trial 2 with value: 0.13440469545810946.
running
running
running
running
[I 2024-10-29 10:36:27,634] Trial 83 finished with value: 0.13440469545810946 and parameters: {'model_name': 'SimpleImputer', 'strategy': 'median'}. Best is trial 2 with value: 0.13440469545810946.
[I 2024-10-29 10:36:27,638] Trial 86 finished with value: 0.13440469545810946 and parameters: {'model_name': 'SimpleImputer', 'strategy': 'median'}. Best is trial 2 with value: 0.13440469545810946.
running
[I 2024-10-29 10:36:27,858] Trial 88 finished with value: 0.13440469545810946 and parameters: {'model_name': 'SimpleImputer', 'strategy': 'median'}. Best is trial 2 with value: 0.13440469545810946.
running
running
[I 2024-10-29 10:36:28,054] Trial 94 finished with value: 0.13440469545810946 and parameters: {'model_name': 'SimpleImputer', 'strategy': 'median'}. Best is trial 2 with value: 0.13440469545810946.
running
[I 2024-10-29 10:36:28,183] Trial 84 finished with value: 0.13440469545810946 and parameters: {'model_name': 'SimpleImputer', 'strategy': 'median'}. Best is trial 2 with value: 0.13440469545810946.
running
[I 2024-10-29 10:36:28,307] Trial 92 finished with value: 0.13440469545810946 and parameters: {'model_name': 'SimpleImputer', 'strategy': 'median'}. Best is trial 2 with value: 0.13440469545810946.
[I 2024-10-29 10:36:28,403] Trial 98 finished with value: 0.13440469545810946 and parameters: {'model_name': 'SimpleImputer', 'strategy': 'median'}. Best is trial 2 with value: 0.13440469545810946.
running
[I 2024-10-29 10:36:28,504] Trial 95 finished with value: 0.13440469545810946 and parameters: {'model_name': 'SimpleImputer', 'strategy': 'median'}. Best is trial 2 with value: 0.13440469545810946.
running
running
[I 2024-10-29 10:36:28,603] Trial 103 finished with value: 0.13440469545810946 and parameters: {'model_name': 'SimpleImputer', 'strategy': 'median'}. Best is trial 2 with value: 0.13440469545810946.
[I 2024-10-29 10:36:28,702] Trial 93 finished with value: 0.13440469545810946 and parameters: {'model_name': 'SimpleImputer', 'strategy': 'median'}. Best is trial 2 with value: 0.13440469545810946.
[I 2024-10-29 10:36:28,786] Trial 97 finished with value: 0.13440469545810946 and parameters: {'model_name': 'SimpleImputer', 'strategy': 'median'}. Best is trial 2 with value: 0.13440469545810946.
running
running
running
[I 2024-10-29 10:36:28,942] Trial 96 finished with value: 0.13440469545810946 and parameters: {'model_name': 'SimpleImputer', 'strategy': 'median'}. Best is trial 2 with value: 0.13440469545810946.
running
[I 2024-10-29 10:36:29,136] Trial 100 finished with value: 0.13440469545810946 and parameters: {'model_name': 'SimpleImputer', 'strategy': 'median'}. Best is trial 2 with value: 0.13440469545810946.
running
[I 2024-10-29 10:36:29,313] Trial 102 finished with value: 0.13440469545810946 and parameters: {'model_name': 'SimpleImputer', 'strategy': 'median'}. Best is trial 2 with value: 0.13440469545810946.
[I 2024-10-29 10:36:29,405] Trial 104 finished with value: 0.13440469545810946 and parameters: {'model_name': 'SimpleImputer', 'strategy': 'median'}. Best is trial 2 with value: 0.13440469545810946.
[I 2024-10-29 10:36:29,489] Trial 99 finished with value: 0.13440469545810946 and parameters: {'model_name': 'SimpleImputer', 'strategy': 'median'}. Best is trial 2 with value: 0.13440469545810946.
running
[I 2024-10-29 10:36:29,607] Trial 106 finished with value: 0.13440469545810946 and parameters: {'model_name': 'SimpleImputer', 'strategy': 'median'}. Best is trial 2 with value: 0.13440469545810946.
running
[I 2024-10-29 10:36:29,715] Trial 101 finished with value: 0.13440469545810946 and parameters: {'model_name': 'SimpleImputer', 'strategy': 'median'}. Best is trial 2 with value: 0.13440469545810946.
running
running
running
[I 2024-10-29 10:36:29,840] Trial 105 finished with value: 0.13440469545810946 and parameters: {'model_name': 'SimpleImputer', 'strategy': 'median'}. Best is trial 2 with value: 0.13440469545810946.
running
[I 2024-10-29 10:36:29,978] Trial 109 finished with value: 0.13440469545810946 and parameters: {'model_name': 'SimpleImputer', 'strategy': 'median'}. Best is trial 2 with value: 0.13440469545810946.
[I 2024-10-29 10:36:30,082] Trial 110 finished with value: 0.13440469545810946 and parameters: {'model_name': 'SimpleImputer', 'strategy': 'median'}. Best is trial 2 with value: 0.13440469545810946.
running
running
[I 2024-10-29 10:36:30,243] Trial 112 finished with value: 0.13440469545810946 and parameters: {'model_name': 'SimpleImputer', 'strategy': 'median'}. Best is trial 2 with value: 0.13440469545810946.
running
[I 2024-10-29 10:36:30,440] Trial 107 finished with value: 0.13440469545810946 and parameters: {'model_name': 'SimpleImputer', 'strategy': 'median'}. Best is trial 2 with value: 0.13440469545810946.
[I 2024-10-29 10:36:30,553] Trial 111 finished with value: 0.13440469545810946 and parameters: {'model_name': 'SimpleImputer', 'strategy': 'median'}. Best is trial 2 with value: 0.13440469545810946.
[I 2024-10-29 10:36:30,638] Trial 113 finished with value: 0.13440469545810946 and parameters: {'model_name': 'SimpleImputer', 'strategy': 'median'}. Best is trial 2 with value: 0.13440469545810946.
running
[I 2024-10-29 10:36:30,737] Trial 118 finished with value: 0.13440469545810946 and parameters: {'model_name': 'SimpleImputer', 'strategy': 'median'}. Best is trial 2 with value: 0.13440469545810946.
running
[I 2024-10-29 10:36:30,822] Trial 108 finished with value: 0.13440469545810946 and parameters: {'model_name': 'SimpleImputer', 'strategy': 'median'}. Best is trial 2 with value: 0.13440469545810946.
running
running
[I 2024-10-29 10:36:30,927] Trial 115 finished with value: 0.13440469545810946 and parameters: {'model_name': 'SimpleImputer', 'strategy': 'median'}. Best is trial 2 with value: 0.13440469545810946.
running
[I 2024-10-29 10:36:31,016] Trial 116 finished with value: 0.13440469545810946 and parameters: {'model_name': 'SimpleImputer', 'strategy': 'median'}. Best is trial 2 with value: 0.13440469545810946.
running
running
[I 2024-10-29 10:36:31,178] Trial 122 finished with value: 0.13440469545810946 and parameters: {'model_name': 'SimpleImputer', 'strategy': 'median'}. Best is trial 2 with value: 0.13440469545810946.
[I 2024-10-29 10:36:31,272] Trial 120 finished with value: 0.13440469545810946 and parameters: {'model_name': 'SimpleImputer', 'strategy': 'median'}. Best is trial 2 with value: 0.13440469545810946.
running
[I 2024-10-29 10:36:31,368] Trial 114 finished with value: 0.13440469545810946 and parameters: {'model_name': 'SimpleImputer', 'strategy': 'median'}. Best is trial 2 with value: 0.13440469545810946.
running
running
[I 2024-10-29 10:36:31,506] Trial 121 finished with value: 0.13440469545810946 and parameters: {'model_name': 'SimpleImputer', 'strategy': 'median'}. Best is trial 2 with value: 0.13440469545810946.
[I 2024-10-29 10:36:31,601] Trial 117 finished with value: 0.13440469545810946 and parameters: {'model_name': 'SimpleImputer', 'strategy': 'median'}. Best is trial 2 with value: 0.13440469545810946.
running
running
[I 2024-10-29 10:36:31,799] Trial 123 finished with value: 0.13440469545810946 and parameters: {'model_name': 'SimpleImputer', 'strategy': 'median'}. Best is trial 2 with value: 0.13440469545810946.
[I 2024-10-29 10:36:31,891] Trial 124 finished with value: 0.13440469545810946 and parameters: {'model_name': 'SimpleImputer', 'strategy': 'median'}. Best is trial 2 with value: 0.13440469545810946.
[I 2024-10-29 10:36:32,005] Trial 125 finished with value: 0.13440469545810946 and parameters: {'model_name': 'SimpleImputer', 'strategy': 'median'}. Best is trial 2 with value: 0.13440469545810946.
running
[I 2024-10-29 10:36:32,093] Trial 119 finished with value: 0.13440469545810946 and parameters: {'model_name': 'SimpleImputer', 'strategy': 'median'}. Best is trial 2 with value: 0.13440469545810946.
running
running
running
[I 2024-10-29 10:36:32,265] Trial 132 finished with value: 0.13440469545810946 and parameters: {'model_name': 'SimpleImputer', 'strategy': 'median'}. Best is trial 2 with value: 0.13440469545810946.
[I 2024-10-29 10:36:32,390] Trial 126 finished with value: 0.13440469545810946 and parameters: {'model_name': 'SimpleImputer', 'strategy': 'median'}. Best is trial 2 with value: 0.13440469545810946.
[I 2024-10-29 10:36:32,504] Trial 127 finished with value: 0.13440469545810946 and parameters: {'model_name': 'SimpleImputer', 'strategy': 'median'}. Best is trial 2 with value: 0.13440469545810946.
[I 2024-10-29 10:36:32,597] Trial 131 finished with value: 0.13440469545810946 and parameters: {'model_name': 'SimpleImputer', 'strategy': 'median'}. Best is trial 2 with value: 0.13440469545810946.
running
running
running
[I 2024-10-29 10:36:32,732] Trial 129 finished with value: 0.13440469545810946 and parameters: {'model_name': 'SimpleImputer', 'strategy': 'median'}. Best is trial 2 with value: 0.13440469545810946.
[I 2024-10-29 10:36:32,824] Trial 128 finished with value: 0.13440469545810946 and parameters: {'model_name': 'SimpleImputer', 'strategy': 'median'}. Best is trial 2 with value: 0.13440469545810946.
running
running
[I 2024-10-29 10:36:32,965] Trial 133 finished with value: 0.13440469545810946 and parameters: {'model_name': 'SimpleImputer', 'strategy': 'median'}. Best is trial 2 with value: 0.13440469545810946.
running
running
[I 2024-10-29 10:36:33,090] Trial 130 finished with value: 0.13440469545810946 and parameters: {'model_name': 'SimpleImputer', 'strategy': 'median'}. Best is trial 2 with value: 0.13440469545810946.
[I 2024-10-29 10:36:33,182] Trial 134 finished with value: 0.13440469545810946 and parameters: {'model_name': 'SimpleImputer', 'strategy': 'median'}. Best is trial 2 with value: 0.13440469545810946.
[I 2024-10-29 10:36:33,273] Trial 135 finished with value: 0.13440469545810946 and parameters: {'model_name': 'SimpleImputer', 'strategy': 'median'}. Best is trial 2 with value: 0.13440469545810946.
running
running
running
[I 2024-10-29 10:36:33,405] Trial 137 finished with value: 0.13440469545810946 and parameters: {'model_name': 'SimpleImputer', 'strategy': 'median'}. Best is trial 2 with value: 0.13440469545810946.
running
[I 2024-10-29 10:36:33,576] Trial 136 finished with value: 0.13440469545810946 and parameters: {'model_name': 'SimpleImputer', 'strategy': 'median'}. Best is trial 2 with value: 0.13440469545810946.
[I 2024-10-29 10:36:33,694] Trial 139 finished with value: 0.13440469545810946 and parameters: {'model_name': 'SimpleImputer', 'strategy': 'median'}. Best is trial 2 with value: 0.13440469545810946.
running
[I 2024-10-29 10:36:33,699] Trial 141 finished with value: 0.13440469545810946 and parameters: {'model_name': 'SimpleImputer', 'strategy': 'median'}. Best is trial 2 with value: 0.13440469545810946.
running
running
[I 2024-10-29 10:36:34,038] Trial 140 finished with value: 0.13440469545810946 and parameters: {'model_name': 'SimpleImputer', 'strategy': 'median'}. Best is trial 2 with value: 0.13440469545810946.
running
[I 2024-10-29 10:36:34,172] Trial 138 finished with value: 0.13440469545810946 and parameters: {'model_name': 'SimpleImputer', 'strategy': 'median'}. Best is trial 2 with value: 0.13440469545810946.
[I 2024-10-29 10:36:34,278] Trial 142 finished with value: 0.13440469545810946 and parameters: {'model_name': 'SimpleImputer', 'strategy': 'median'}. Best is trial 2 with value: 0.13440469545810946.
running
[I 2024-10-29 10:36:34,383] Trial 146 finished with value: 0.13440469545810946 and parameters: {'model_name': 'SimpleImputer', 'strategy': 'median'}. Best is trial 2 with value: 0.13440469545810946.
[I 2024-10-29 10:36:34,465] Trial 145 finished with value: 0.13440469545810946 and parameters: {'model_name': 'SimpleImputer', 'strategy': 'median'}. Best is trial 2 with value: 0.13440469545810946.
[I 2024-10-29 10:36:34,557] Trial 144 finished with value: 0.13440469545810946 and parameters: {'model_name': 'SimpleImputer', 'strategy': 'median'}. Best is trial 2 with value: 0.13440469545810946.
running
[I 2024-10-29 10:36:34,683] Trial 147 finished with value: 0.13440469545810946 and parameters: {'model_name': 'SimpleImputer', 'strategy': 'median'}. Best is trial 2 with value: 0.13440469545810946.
[I 2024-10-29 10:36:34,767] Trial 143 finished with value: 0.13440469545810946 and parameters: {'model_name': 'SimpleImputer', 'strategy': 'median'}. Best is trial 2 with value: 0.13440469545810946.
running
running
[I 2024-10-29 10:36:34,867] Trial 149 finished with value: 0.13440469545810946 and parameters: {'model_name': 'SimpleImputer', 'strategy': 'median'}. Best is trial 2 with value: 0.13440469545810946.
running
[I 2024-10-29 10:36:35,021] Trial 148 finished with value: 0.13440469545810946 and parameters: {'model_name': 'SimpleImputer', 'strategy': 'median'}. Best is trial 2 with value: 0.13440469545810946.
running
running
[I 2024-10-29 10:36:35,127] Trial 150 finished with value: 0.13440469545810946 and parameters: {'model_name': 'SimpleImputer', 'strategy': 'median'}. Best is trial 2 with value: 0.13440469545810946.
running
[I 2024-10-29 10:36:35,228] Trial 151 finished with value: 0.13440469545810946 and parameters: {'model_name': 'SimpleImputer', 'strategy': 'median'}. Best is trial 2 with value: 0.13440469545810946.
running
running
[I 2024-10-29 10:36:35,329] Trial 159 finished with value: 0.4557524499894792 and parameters: {'model_name': 'SimpleImputer', 'strategy': 'constant'}. Best is trial 2 with value: 0.13440469545810946.
running
running
[I 2024-10-29 10:36:35,490] Trial 155 finished with value: 0.13440469545810946 and parameters: {'model_name': 'SimpleImputer', 'strategy': 'median'}. Best is trial 2 with value: 0.13440469545810946.
running
[I 2024-10-29 10:36:35,615] Trial 158 finished with value: 0.4557524499894792 and parameters: {'model_name': 'SimpleImputer', 'strategy': 'constant'}. Best is trial 2 with value: 0.13440469545810946.
[I 2024-10-29 10:36:35,739] Trial 160 finished with value: 0.4557524499894792 and parameters: {'model_name': 'SimpleImputer', 'strategy': 'constant'}. Best is trial 2 with value: 0.13440469545810946.
running
running
[I 2024-10-29 10:36:35,880] Trial 163 finished with value: 0.4557524499894792 and parameters: {'model_name': 'SimpleImputer', 'strategy': 'constant'}. Best is trial 2 with value: 0.13440469545810946.
[I 2024-10-29 10:36:35,965] Trial 161 finished with value: 0.4557524499894792 and parameters: {'model_name': 'SimpleImputer', 'strategy': 'constant'}. Best is trial 2 with value: 0.13440469545810946.
[I 2024-10-29 10:36:36,046] Trial 154 finished with value: 0.13440469545810946 and parameters: {'model_name': 'SimpleImputer', 'strategy': 'median'}. Best is trial 2 with value: 0.13440469545810946.
running
running
running
[I 2024-10-29 10:36:36,208] Trial 165 finished with value: 0.4557524499894792 and parameters: {'model_name': 'SimpleImputer', 'strategy': 'constant'}. Best is trial 2 with value: 0.13440469545810946.
[I 2024-10-29 10:36:36,324] Trial 162 finished with value: 0.4557524499894792 and parameters: {'model_name': 'SimpleImputer', 'strategy': 'constant'}. Best is trial 2 with value: 0.13440469545810946.
running
[I 2024-10-29 10:36:36,428] Trial 156 finished with value: 0.13440469545810946 and parameters: {'model_name': 'SimpleImputer', 'strategy': 'median'}. Best is trial 2 with value: 0.13440469545810946.
running
[I 2024-10-29 10:36:36,516] Trial 157 finished with value: 0.13440469545810946 and parameters: {'model_name': 'SimpleImputer', 'strategy': 'median'}. Best is trial 2 with value: 0.13440469545810946.
[I 2024-10-29 10:36:36,612] Trial 153 finished with value: 0.13440469545810946 and parameters: {'model_name': 'SimpleImputer', 'strategy': 'median'}. Best is trial 2 with value: 0.13440469545810946.
running
running
[I 2024-10-29 10:36:36,702] Trial 152 finished with value: 0.13440469545810946 and parameters: {'model_name': 'SimpleImputer', 'strategy': 'median'}. Best is trial 2 with value: 0.13440469545810946.
running
[I 2024-10-29 10:36:36,792] Trial 166 finished with value: 0.4557524499894792 and parameters: {'model_name': 'SimpleImputer', 'strategy': 'constant'}. Best is trial 2 with value: 0.13440469545810946.
running
running
[I 2024-10-29 10:36:37,076] Trial 164 finished with value: 0.13440469545810946 and parameters: {'model_name': 'SimpleImputer', 'strategy': 'median'}. Best is trial 2 with value: 0.13440469545810946.
running
[I 2024-10-29 10:36:37,203] Trial 169 finished with value: 0.13440469545810946 and parameters: {'model_name': 'SimpleImputer', 'strategy': 'median'}. Best is trial 2 with value: 0.13440469545810946.
[I 2024-10-29 10:36:37,306] Trial 167 finished with value: 0.13440469545810946 and parameters: {'model_name': 'SimpleImputer', 'strategy': 'median'}. Best is trial 2 with value: 0.13440469545810946.
running
[I 2024-10-29 10:36:37,309] Trial 171 finished with value: 0.13440469545810946 and parameters: {'model_name': 'SimpleImputer', 'strategy': 'median'}. Best is trial 2 with value: 0.13440469545810946.
running
running
[I 2024-10-29 10:36:37,538] Trial 168 finished with value: 0.13440469545810946 and parameters: {'model_name': 'SimpleImputer', 'strategy': 'median'}. Best is trial 2 with value: 0.13440469545810946.
running
[I 2024-10-29 10:36:37,669] Trial 180 finished with value: 0.17836102889660552 and parameters: {'model_name': 'SimpleImputer', 'strategy': 'mean'}. Best is trial 2 with value: 0.13440469545810946.
[I 2024-10-29 10:36:37,771] Trial 181 finished with value: 0.17836102889660552 and parameters: {'model_name': 'SimpleImputer', 'strategy': 'mean'}. Best is trial 2 with value: 0.13440469545810946.
running
[I 2024-10-29 10:36:37,875] Trial 170 finished with value: 0.13440469545810946 and parameters: {'model_name': 'SimpleImputer', 'strategy': 'median'}. Best is trial 2 with value: 0.13440469545810946.
[I 2024-10-29 10:36:38,000] Trial 172 finished with value: 0.13440469545810946 and parameters: {'model_name': 'SimpleImputer', 'strategy': 'median'}. Best is trial 2 with value: 0.13440469545810946.
running
running
running
[I 2024-10-29 10:36:38,143] Trial 179 finished with value: 0.17836102889660552 and parameters: {'model_name': 'SimpleImputer', 'strategy': 'mean'}. Best is trial 2 with value: 0.13440469545810946.
running
[I 2024-10-29 10:36:38,272] Trial 184 finished with value: 0.17836102889660552 and parameters: {'model_name': 'SimpleImputer', 'strategy': 'mean'}. Best is trial 2 with value: 0.13440469545810946.
[I 2024-10-29 10:36:38,372] Trial 182 finished with value: 0.17836102889660552 and parameters: {'model_name': 'SimpleImputer', 'strategy': 'mean'}. Best is trial 2 with value: 0.13440469545810946.
running
[I 2024-10-29 10:36:38,474] Trial 178 finished with value: 0.13440469545810946 and parameters: {'model_name': 'SimpleImputer', 'strategy': 'median'}. Best is trial 2 with value: 0.13440469545810946.
running
running
[I 2024-10-29 10:36:38,589] Trial 185 finished with value: 0.17836102889660552 and parameters: {'model_name': 'SimpleImputer', 'strategy': 'mean'}. Best is trial 2 with value: 0.13440469545810946.
[I 2024-10-29 10:36:38,673] Trial 173 finished with value: 0.13440469545810946 and parameters: {'model_name': 'SimpleImputer', 'strategy': 'median'}. Best is trial 2 with value: 0.13440469545810946.
[I 2024-10-29 10:36:38,770] Trial 176 finished with value: 0.13440469545810946 and parameters: {'model_name': 'SimpleImputer', 'strategy': 'median'}. Best is trial 2 with value: 0.13440469545810946.
running
running
[I 2024-10-29 10:36:38,876] Trial 177 finished with value: 0.13440469545810946 and parameters: {'model_name': 'SimpleImputer', 'strategy': 'median'}. Best is trial 2 with value: 0.13440469545810946.
running
running
[I 2024-10-29 10:36:39,017] Trial 174 finished with value: 0.13440469545810946 and parameters: {'model_name': 'SimpleImputer', 'strategy': 'median'}. Best is trial 2 with value: 0.13440469545810946.
[I 2024-10-29 10:36:39,120] Trial 183 finished with value: 0.17836102889660552 and parameters: {'model_name': 'SimpleImputer', 'strategy': 'mean'}. Best is trial 2 with value: 0.13440469545810946.
running
[I 2024-10-29 10:36:39,218] Trial 186 finished with value: 0.17836102889660552 and parameters: {'model_name': 'SimpleImputer', 'strategy': 'mean'}. Best is trial 2 with value: 0.13440469545810946.
[I 2024-10-29 10:36:39,330] Trial 175 finished with value: 0.13440469545810946 and parameters: {'model_name': 'SimpleImputer', 'strategy': 'median'}. Best is trial 2 with value: 0.13440469545810946.
[I 2024-10-29 10:36:39,559] Trial 193 finished with value: 0.13440469545810946 and parameters: {'model_name': 'SimpleImputer', 'strategy': 'median'}. Best is trial 2 with value: 0.13440469545810946.
[I 2024-10-29 10:36:39,681] Trial 188 finished with value: 0.13440469545810946 and parameters: {'model_name': 'SimpleImputer', 'strategy': 'median'}. Best is trial 2 with value: 0.13440469545810946.
[I 2024-10-29 10:36:39,796] Trial 196 finished with value: 0.13440469545810946 and parameters: {'model_name': 'SimpleImputer', 'strategy': 'median'}. Best is trial 2 with value: 0.13440469545810946.
[I 2024-10-29 10:36:39,897] Trial 194 finished with value: 0.13440469545810946 and parameters: {'model_name': 'SimpleImputer', 'strategy': 'median'}. Best is trial 2 with value: 0.13440469545810946.
[I 2024-10-29 10:36:40,009] Trial 199 finished with value: 0.13440469545810946 and parameters: {'model_name': 'SimpleImputer', 'strategy': 'median'}. Best is trial 2 with value: 0.13440469545810946.
[I 2024-10-29 10:36:40,095] Trial 187 finished with value: 0.13440469545810946 and parameters: {'model_name': 'SimpleImputer', 'strategy': 'median'}. Best is trial 2 with value: 0.13440469545810946.
[I 2024-10-29 10:36:40,188] Trial 198 finished with value: 0.13440469545810946 and parameters: {'model_name': 'SimpleImputer', 'strategy': 'median'}. Best is trial 2 with value: 0.13440469545810946.
[I 2024-10-29 10:36:40,279] Trial 191 finished with value: 0.13440469545810946 and parameters: {'model_name': 'SimpleImputer', 'strategy': 'median'}. Best is trial 2 with value: 0.13440469545810946.
[I 2024-10-29 10:36:40,365] Trial 197 finished with value: 0.13440469545810946 and parameters: {'model_name': 'SimpleImputer', 'strategy': 'median'}. Best is trial 2 with value: 0.13440469545810946.
[I 2024-10-29 10:36:40,450] Trial 192 finished with value: 0.13440469545810946 and parameters: {'model_name': 'SimpleImputer', 'strategy': 'median'}. Best is trial 2 with value: 0.13440469545810946.
[I 2024-10-29 10:36:40,536] Trial 190 finished with value: 0.13440469545810946 and parameters: {'model_name': 'SimpleImputer', 'strategy': 'median'}. Best is trial 2 with value: 0.13440469545810946.
[I 2024-10-29 10:36:40,625] Trial 189 finished with value: 0.13440469545810946 and parameters: {'model_name': 'SimpleImputer', 'strategy': 'median'}. Best is trial 2 with value: 0.13440469545810946.
[I 2024-10-29 10:36:40,708] Trial 195 finished with value: 0.13440469545810946 and parameters: {'model_name': 'SimpleImputer', 'strategy': 'median'}. Best is trial 2 with value: 0.13440469545810946.
fit
simple fit
simple transform
0    0
1    0
2    0
3    0
4    0
dtype: int64
0    0
1    0
2    0
3    0
4    0
dtype: int64
0.13440469545810946
{'model_name': 'SimpleImputer', 'strategy': 'median'}
running experiment 2/3 - Does reconstruction give good automl predictions
Start est fit
Version 0.1.7a0 of tpot2 is outdated. Version 0.1.8a0 was released Tuesday September 17, 2024.
Version 0.1.7a0 of tpot2 is outdated. Version 0.1.8a0 was released Tuesday September 17, 2024.
Version 0.1.7a0 of tpot2 is outdated. Version 0.1.8a0 was released Tuesday September 17, 2024.
Version 0.1.7a0 of tpot2 is outdated. Version 0.1.8a0 was released Tuesday September 17, 2024.
Version 0.1.7a0 of tpot2 is outdated. Version 0.1.8a0 was released Tuesday September 17, 2024.
Version 0.1.7a0 of tpot2 is outdated. Version 0.1.8a0 was released Tuesday September 17, 2024.
Version 0.1.7a0 of tpot2 is outdated. Version 0.1.8a0 was released Tuesday September 17, 2024.
Version 0.1.7a0 of tpot2 is outdated. Version 0.1.8a0 was released Tuesday September 17, 2024.
Version 0.1.7a0 of tpot2 is outdated. Version 0.1.8a0 was released Tuesday September 17, 2024.
Version 0.1.7a0 of tpot2 is outdated. Version 0.1.8a0 was released Tuesday September 17, 2024.
Version 0.1.7a0 of tpot2 is outdated. Version 0.1.8a0 was released Tuesday September 17, 2024.
Version 0.1.7a0 of tpot2 is outdated. Version 0.1.8a0 was released Tuesday September 17, 2024.
Version 0.1.7a0 of tpot2 is outdated. Version 0.1.8a0 was released Tuesday September 17, 2024.
Version 0.1.7a0 of tpot2 is outdated. Version 0.1.8a0 was released Tuesday September 17, 2024.
Version 0.1.7a0 of tpot2 is outdated. Version 0.1.8a0 was released Tuesday September 17, 2024.
Version 0.1.7a0 of tpot2 is outdated. Version 0.1.8a0 was released Tuesday September 17, 2024.
  0%|          | 0/25 [00:00<?, ?it/s]Generation:   0%|          | 0/25 [00:00<?, ?it/s]Generation:  1
Best f1_score score: 0.898948593760997
Generation:   4%|▍         | 1/25 [00:59<23:51, 59.65s/it]Generation:  2
Best f1_score score: 0.9001025558896891
Generation:   8%|▊         | 2/25 [01:39<18:26, 48.13s/it]Generation:  3
Best f1_score score: 0.9011101753208596
Generation:  12%|█▏        | 3/25 [03:14<25:24, 69.29s/it]Generation:  4
Best f1_score score: 0.9011101753208596
Generation:  16%|█▌        | 4/25 [03:24<16:05, 45.96s/it]Generation:  5
Best f1_score score: 0.9011101753208596
Generation:  20%|██        | 5/25 [03:46<12:30, 37.52s/it]Generation:  6
Best f1_score score: 0.9011101753208596
Generation:  24%|██▍       | 6/25 [03:56<08:51, 27.96s/it]Generation:  7
Best f1_score score: 0.9011101753208596
Generation:  28%|██▊       | 7/25 [04:18<07:50, 26.11s/it]Generation:  8
Best f1_score score: 0.9011101753208596
Generation:  32%|███▏      | 8/25 [04:29<06:03, 21.40s/it]Generation:  9
Best f1_score score: 0.9011101753208596
Generation:  36%|███▌      | 9/25 [04:47<05:24, 20.30s/it]Generation:  10
Best f1_score score: 0.9011101753208596
Generation:  40%|████      | 10/25 [05:07<05:00, 20.01s/it]Generation:  11
Best f1_score score: 0.9011101753208596
Generation:  44%|████▍     | 11/25 [05:20<04:12, 18.06s/it]Generation:  12
Best f1_score score: 0.9011101753208596
Generation:  48%|████▊     | 12/25 [05:36<03:45, 17.32s/it]Generation:  13
Best f1_score score: 0.9011101753208596
Generation:  52%|█████▏    | 13/25 [05:59<03:49, 19.09s/it]Generation:  14
Best f1_score score: 0.9011101753208596
Generation:  56%|█████▌    | 14/25 [06:15<03:19, 18.11s/it]Generation:  15
Best f1_score score: 0.9011101753208596
Generation:  60%|██████    | 15/25 [06:32<02:57, 17.72s/it]Generation:  16
Best f1_score score: 0.9011101753208596
Generation:  64%|██████▍   | 16/25 [06:47<02:33, 17.03s/it]Generation:  17
Best f1_score score: 0.9011101753208596
Generation:  68%|██████▊   | 17/25 [07:02<02:10, 16.26s/it]Generation:  18
Best f1_score score: 0.9013306569790128
Generation:  72%|███████▏  | 18/25 [07:34<02:26, 20.96s/it]Generation:  19
Best f1_score score: 0.9013306569790128
Generation:  76%|███████▌  | 19/25 [07:49<01:54, 19.15s/it]Generation:  20
Best f1_score score: 0.9013306569790128
Generation:  80%|████████  | 20/25 [08:03<01:28, 17.79s/it]Generation:  21
Best f1_score score: 0.9013306569790128
Generation:  84%|████████▍ | 21/25 [08:18<01:07, 16.94s/it]Generation:  22
Best f1_score score: 0.9013306569790128
Generation:  88%|████████▊ | 22/25 [08:49<01:03, 21.21s/it]Generation:  23
Best f1_score score: 0.9013306569790128
Generation:  92%|█████████▏| 23/25 [09:15<00:44, 22.43s/it]Generation:  24
Best f1_score score: 0.9013306569790128
Generation:  96%|█████████▌| 24/25 [10:25<00:36, 36.85s/it]Generation:  25
Best f1_score score: 0.9013306569790128
Generation: 100%|██████████| 25/25 [10:42<00:00, 30.76s/it]Generation: 100%|██████████| 25/25 [10:45<00:00, 25.82s/it]
2024-10-29 10:47:32,312 - distributed.scheduler - ERROR - Removing worker 'tcp://127.0.0.1:44049' caused the cluster to lose scattered data, which can't be recovered: {'ndarray-582d7d183af8cedc419ecc82f5b1ea53', 'ndarray-50609a9d33f0b400c8899fbc5f2c8837'} (stimulus_id='handle-worker-cleanup-1730224052.312041')
Fitted
Pipeline(steps=[('extratreesclassifier',
                 ExtraTreesClassifier(class_weight='balanced',
                                      max_features=0.668055690964,
                                      min_samples_leaf=3, min_samples_split=12,
                                      n_jobs=1))])
score start
train score: {'auroc': 0.9848029813092903, 'accuracy': 0.9309135542696826, 'balanced_accuracy': 0.9297921932221828, 'logloss': 0.19416991040868117, 'f1': 0.9305203980387486}
original test score: {'auroc': 0.9789034284890598, 'accuracy': 0.9431977559607293, 'balanced_accuracy': 0.9423289951484204, 'logloss': 0.18505299516523066, 'f1': 0.9428998545134208}
imputed test score: {'auroc': 0.9492884547412985, 'accuracy': 0.8814866760168303, 'balanced_accuracy': 0.8789050081649498, 'logloss': 0.2909662724737156, 'f1': 0.8803826065030795}
score end
check intended
EXP2 Finished
running experiment 3/3 - What is the best automl settings?
<tpot2.search_spaces.pipelines.sequential.SequentialPipeline object at 0x15543504f9d0>
Start tpot fit
Version 0.1.7a0 of tpot2 is outdated. Version 0.1.8a0 was released Tuesday September 17, 2024.
Version 0.1.7a0 of tpot2 is outdated. Version 0.1.8a0 was released Tuesday September 17, 2024.
Version 0.1.7a0 of tpot2 is outdated. Version 0.1.8a0 was released Tuesday September 17, 2024.
Version 0.1.7a0 of tpot2 is outdated. Version 0.1.8a0 was released Tuesday September 17, 2024.
Version 0.1.7a0 of tpot2 is outdated. Version 0.1.8a0 was released Tuesday September 17, 2024.
Version 0.1.7a0 of tpot2 is outdated. Version 0.1.8a0 was released Tuesday September 17, 2024.
Version 0.1.7a0 of tpot2 is outdated. Version 0.1.8a0 was released Tuesday September 17, 2024.
Version 0.1.7a0 of tpot2 is outdated. Version 0.1.8a0 was released Tuesday September 17, 2024.
Version 0.1.7a0 of tpot2 is outdated. Version 0.1.8a0 was released Tuesday September 17, 2024.
Version 0.1.7a0 of tpot2 is outdated. Version 0.1.8a0 was released Tuesday September 17, 2024.
Version 0.1.7a0 of tpot2 is outdated. Version 0.1.8a0 was released Tuesday September 17, 2024.
Version 0.1.7a0 of tpot2 is outdated. Version 0.1.8a0 was released Tuesday September 17, 2024.
Version 0.1.7a0 of tpot2 is outdated. Version 0.1.8a0 was released Tuesday September 17, 2024.
Version 0.1.7a0 of tpot2 is outdated. Version 0.1.8a0 was released Tuesday September 17, 2024.
Version 0.1.7a0 of tpot2 is outdated. Version 0.1.8a0 was released Tuesday September 17, 2024.
Version 0.1.7a0 of tpot2 is outdated. Version 0.1.8a0 was released Tuesday September 17, 2024.
  0%|          | 0/25 [00:00<?, ?it/s]Generation:   0%|          | 0/25 [00:00<?, ?it/s]Generation:  1
Best f1_score score: 0.8911602154283216
Generation:   4%|▍         | 1/25 [00:34<13:40, 34.19s/it]Generation:  2
Best f1_score score: 0.8945016537132237
Generation:   8%|▊         | 2/25 [00:43<07:23, 19.27s/it]Generation:  3
Best f1_score score: 0.8945016537132237
Generation:  12%|█▏        | 3/25 [00:52<05:25, 14.79s/it]Generation:  4
Best f1_score score: 0.894657274104824
Generation:  16%|█▌        | 4/25 [01:01<04:20, 12.39s/it]Generation:  5
Best f1_score score: 0.8998928308174049
Generation:  20%|██        | 5/25 [01:11<03:51, 11.56s/it]Generation:  6
Best f1_score score: 0.8998928308174049
Generation:  24%|██▍       | 6/25 [01:53<07:00, 22.14s/it]Generation:  7
Best f1_score score: 0.9009213868012027
Generation:  28%|██▊       | 7/25 [02:03<05:25, 18.06s/it]Generation:  8
Best f1_score score: 0.9023960350777074
Generation:  32%|███▏      | 8/25 [02:14<04:29, 15.88s/it]Generation:  9
Best f1_score score: 0.9023960350777074
Generation:  36%|███▌      | 9/25 [02:23<03:40, 13.77s/it]Generation:  10
Best f1_score score: 0.9023960350777074
Generation:  40%|████      | 10/25 [02:45<04:02, 16.19s/it]Generation:  11
Best f1_score score: 0.902402120226044
Generation:  44%|████▍     | 11/25 [02:56<03:22, 14.46s/it]Generation:  12
Best f1_score score: 0.902402120226044
Generation:  48%|████▊     | 12/25 [03:05<02:47, 12.92s/it]Generation:  13
Best f1_score score: 0.902402120226044
Generation:  52%|█████▏    | 13/25 [05:25<10:15, 51.29s/it]Generation:  14
Best f1_score score: 0.902402120226044
Generation:  56%|█████▌    | 14/25 [07:45<14:18, 78.08s/it]Generation:  15
Best f1_score score: 0.902402120226044
Generation:  60%|██████    | 15/25 [08:07<10:14, 61.42s/it]Generation:  16
Best f1_score score: 0.902402120226044
Generation:  64%|██████▍   | 16/25 [10:20<12:25, 82.88s/it]Generation:  17
Best f1_score score: 0.902402120226044
Generation:  68%|██████▊   | 17/25 [10:33<08:13, 61.75s/it]Generation:  18
Best f1_score score: 0.9026388143575474
Generation:  72%|███████▏  | 18/25 [10:43<05:23, 46.22s/it]Generation:  19
Best f1_score score: 0.9026388143575474
Generation:  76%|███████▌  | 19/25 [10:53<03:32, 35.42s/it]Generation:  20
Best f1_score score: 0.9026388143575474
Generation:  80%|████████  | 20/25 [11:00<02:14, 26.96s/it]Generation:  21
Best f1_score score: 0.9027001301885704
Generation:  84%|████████▍ | 21/25 [11:10<01:27, 21.77s/it]Generation:  22
Best f1_score score: 0.9027001301885704
Generation:  88%|████████▊ | 22/25 [11:19<00:53, 17.87s/it]Generation:  23
Best f1_score score: 0.9027001301885704
Generation:  92%|█████████▏| 23/25 [11:37<00:36, 18.05s/it]Generation:  24
Best f1_score score: 0.9027001301885704
Generation:  96%|█████████▌| 24/25 [11:46<00:15, 15.38s/it]Generation:  25
Best f1_score score: 0.9027001301885704
Generation: 100%|██████████| 25/25 [12:01<00:00, 15.03s/it]Generation: 100%|██████████| 25/25 [12:01<00:00, 28.84s/it]
2024-10-29 10:59:43,628 - distributed.scheduler - ERROR - Removing worker 'tcp://127.0.0.1:36557' caused the cluster to lose scattered data, which can't be recovered: {'ndarray-582d7d183af8cedc419ecc82f5b1ea53', 'DataFrame-d20f221db092b2248c721d20ee573628'} (stimulus_id='handle-worker-cleanup-1730224783.6283967')
Fitted
Pipeline(steps=[('simpleimputer', SimpleImputer(strategy='constant')),
                ('lgbmclassifier',
                 LGBMClassifier(boosting_type='dart', max_depth=6,
                                n_estimators=68, n_jobs=1, num_leaves=197,
                                verbose=-1))])
transform worked
try transform
transform worked
score start
train score: {'auroc': 0.9775059927644884, 'accuracy': 0.923198316675434, 'balanced_accuracy': 0.9216817466158688, 'logloss': 0.21270799502718196, 'f1': 0.9226887536428531}
test score: {'auroc': 0.9456591493840251, 'accuracy': 0.8667601683029453, 'balanced_accuracy': 0.8624280013348261, 'logloss': 0.2970176098675641, 'f1': 0.8646991260923845}
original test score: {'auroc': 0.9735937429037997, 'accuracy': 0.9424964936886395, 'balanced_accuracy': 0.9411472001232147, 'logloss': 0.19117537102194976, 'f1': 0.9421266233766235}
score end
803
lvl
0.3
type
MNAR
num_run
3
class_simple
finished
all finished
full run takes
0.3939730593893263
hours
DONE
