Run: 69
/cm/local/apps/slurm/var/spool/job922629/slurm_script: line 26: 
pip install -e tpot2
pip install -r tpot2/ImputerExperiments/requirements_.txt
: No such file or directory
RunStart
starting loops
../data/c/30/30.pkl
working on 
../data/c/30/class_simple_MNAR_0.01_3
1.7648849487304688
running experiment 1/3 - Does large hyperparameter space improve reconstruction accuracy over simple
[I 2024-08-14 07:45:44,826] A new study created in memory with name: no-name-4ea5ac20-55ee-4c3f-b5a6-de979c6c0a05
running
running
running
running
running
running
running
running
running
running
running
running
running
running
running
running
[I 2024-08-14 07:45:45,115] Trial 5 finished with value: 0.1055308718746463 and parameters: {'model_name': 'SimpleImputer', 'strategy': 'mean'}. Best is trial 5 with value: 0.1055308718746463.
running
[I 2024-08-14 07:45:45,390] Trial 2 finished with value: 0.1055308718746463 and parameters: {'model_name': 'SimpleImputer', 'strategy': 'mean'}. Best is trial 5 with value: 0.1055308718746463.
running
[I 2024-08-14 07:45:45,604] Trial 0 finished with value: 0.1055308718746463 and parameters: {'model_name': 'SimpleImputer', 'strategy': 'mean'}. Best is trial 5 with value: 0.1055308718746463.
running
[I 2024-08-14 07:45:45,781] Trial 3 finished with value: 0.1055308718746463 and parameters: {'model_name': 'SimpleImputer', 'strategy': 'mean'}. Best is trial 5 with value: 0.1055308718746463.
running
[I 2024-08-14 07:45:45,953] Trial 6 finished with value: 0.1055308718746463 and parameters: {'model_name': 'SimpleImputer', 'strategy': 'mean'}. Best is trial 5 with value: 0.1055308718746463.
running
[I 2024-08-14 07:45:46,139] Trial 1 finished with value: 0.1055308718746463 and parameters: {'model_name': 'SimpleImputer', 'strategy': 'mean'}. Best is trial 5 with value: 0.1055308718746463.
[I 2024-08-14 07:45:46,254] Trial 13 finished with value: 0.1055308718746463 and parameters: {'model_name': 'SimpleImputer', 'strategy': 'mean'}. Best is trial 5 with value: 0.1055308718746463.
running
[I 2024-08-14 07:45:46,263] Trial 14 finished with value: 0.2888575646863214 and parameters: {'model_name': 'SimpleImputer', 'strategy': 'constant'}. Best is trial 5 with value: 0.1055308718746463.
running
running
[I 2024-08-14 07:45:46,654] Trial 18 finished with value: 0.2888575646863214 and parameters: {'model_name': 'SimpleImputer', 'strategy': 'constant'}. Best is trial 5 with value: 0.1055308718746463.
running
[I 2024-08-14 07:45:46,794] Trial 15 finished with value: 0.1055308718746463 and parameters: {'model_name': 'SimpleImputer', 'strategy': 'mean'}. Best is trial 5 with value: 0.1055308718746463.
running
[I 2024-08-14 07:45:46,979] Trial 9 finished with value: 0.10912448259889669 and parameters: {'model_name': 'SimpleImputer', 'strategy': 'median'}. Best is trial 5 with value: 0.1055308718746463.
running
[I 2024-08-14 07:45:47,245] Trial 8 finished with value: 0.10912448259889669 and parameters: {'model_name': 'SimpleImputer', 'strategy': 'median'}. Best is trial 5 with value: 0.1055308718746463.
running
[I 2024-08-14 07:45:47,527] Trial 23 finished with value: 0.2888575646863214 and parameters: {'model_name': 'SimpleImputer', 'strategy': 'constant'}. Best is trial 5 with value: 0.1055308718746463.
[I 2024-08-14 07:45:47,626] Trial 4 finished with value: 0.10912448259889669 and parameters: {'model_name': 'SimpleImputer', 'strategy': 'median'}. Best is trial 5 with value: 0.1055308718746463.
running
running
[I 2024-08-14 07:45:48,090] Trial 24 finished with value: 0.1055308718746463 and parameters: {'model_name': 'SimpleImputer', 'strategy': 'mean'}. Best is trial 5 with value: 0.1055308718746463.
[I 2024-08-14 07:45:48,208] Trial 21 finished with value: 0.1055308718746463 and parameters: {'model_name': 'SimpleImputer', 'strategy': 'mean'}. Best is trial 5 with value: 0.1055308718746463.
running
running
[I 2024-08-14 07:45:48,488] Trial 19 finished with value: 0.10912448259889669 and parameters: {'model_name': 'SimpleImputer', 'strategy': 'median'}. Best is trial 5 with value: 0.1055308718746463.
[I 2024-08-14 07:45:48,624] Trial 10 finished with value: 0.2888575646863214 and parameters: {'model_name': 'SimpleImputer', 'strategy': 'most_frequent'}. Best is trial 5 with value: 0.1055308718746463.
running
running
[I 2024-08-14 07:45:48,791] Trial 17 finished with value: 0.10912448259889669 and parameters: {'model_name': 'SimpleImputer', 'strategy': 'median'}. Best is trial 5 with value: 0.1055308718746463.
running
[I 2024-08-14 07:45:49,129] Trial 12 finished with value: 0.2888575646863214 and parameters: {'model_name': 'SimpleImputer', 'strategy': 'most_frequent'}. Best is trial 5 with value: 0.1055308718746463.
running
[I 2024-08-14 07:45:49,294] Trial 7 finished with value: 0.2888575646863214 and parameters: {'model_name': 'SimpleImputer', 'strategy': 'most_frequent'}. Best is trial 5 with value: 0.1055308718746463.
running
[I 2024-08-14 07:45:49,901] Trial 16 finished with value: 0.2888575646863214 and parameters: {'model_name': 'SimpleImputer', 'strategy': 'most_frequent'}. Best is trial 5 with value: 0.1055308718746463.
running
[I 2024-08-14 07:45:50,114] Trial 36 finished with value: 0.1055308718746463 and parameters: {'model_name': 'SimpleImputer', 'strategy': 'mean'}. Best is trial 5 with value: 0.1055308718746463.
running
[I 2024-08-14 07:45:50,534] Trial 22 finished with value: 0.2888575646863214 and parameters: {'model_name': 'SimpleImputer', 'strategy': 'most_frequent'}. Best is trial 5 with value: 0.1055308718746463.
running
[I 2024-08-14 07:45:50,823] Trial 11 finished with value: 0.2888575646863214 and parameters: {'model_name': 'SimpleImputer', 'strategy': 'most_frequent'}. Best is trial 5 with value: 0.1055308718746463.
[I 2024-08-14 07:45:50,970] Trial 20 finished with value: 0.2888575646863214 and parameters: {'model_name': 'SimpleImputer', 'strategy': 'most_frequent'}. Best is trial 5 with value: 0.1055308718746463.
running
running
[I 2024-08-14 07:45:51,285] Trial 37 finished with value: 0.1055308718746463 and parameters: {'model_name': 'SimpleImputer', 'strategy': 'mean'}. Best is trial 5 with value: 0.1055308718746463.
running
[I 2024-08-14 07:45:51,521] Trial 27 finished with value: 0.2888575646863214 and parameters: {'model_name': 'SimpleImputer', 'strategy': 'most_frequent'}. Best is trial 5 with value: 0.1055308718746463.
running
[I 2024-08-14 07:45:51,706] Trial 29 finished with value: 0.2888575646863214 and parameters: {'model_name': 'SimpleImputer', 'strategy': 'most_frequent'}. Best is trial 5 with value: 0.1055308718746463.
[I 2024-08-14 07:45:51,818] Trial 25 finished with value: 0.2888575646863214 and parameters: {'model_name': 'SimpleImputer', 'strategy': 'most_frequent'}. Best is trial 5 with value: 0.1055308718746463.
running
running
[I 2024-08-14 07:45:51,982] Trial 38 finished with value: 0.1055308718746463 and parameters: {'model_name': 'SimpleImputer', 'strategy': 'mean'}. Best is trial 5 with value: 0.1055308718746463.
[I 2024-08-14 07:45:52,115] Trial 39 finished with value: 0.1055308718746463 and parameters: {'model_name': 'SimpleImputer', 'strategy': 'mean'}. Best is trial 5 with value: 0.1055308718746463.
running
[I 2024-08-14 07:45:52,263] Trial 28 finished with value: 0.2888575646863214 and parameters: {'model_name': 'SimpleImputer', 'strategy': 'most_frequent'}. Best is trial 5 with value: 0.1055308718746463.
running
running
[I 2024-08-14 07:45:52,460] Trial 26 finished with value: 0.2888575646863214 and parameters: {'model_name': 'SimpleImputer', 'strategy': 'most_frequent'}. Best is trial 5 with value: 0.1055308718746463.
running
[I 2024-08-14 07:45:52,653] Trial 30 finished with value: 0.2888575646863214 and parameters: {'model_name': 'SimpleImputer', 'strategy': 'most_frequent'}. Best is trial 5 with value: 0.1055308718746463.
running
[I 2024-08-14 07:45:52,907] Trial 42 finished with value: 0.1055308718746463 and parameters: {'model_name': 'SimpleImputer', 'strategy': 'mean'}. Best is trial 5 with value: 0.1055308718746463.
running
[I 2024-08-14 07:45:53,045] Trial 40 finished with value: 0.1055308718746463 and parameters: {'model_name': 'SimpleImputer', 'strategy': 'mean'}. Best is trial 5 with value: 0.1055308718746463.
running
[I 2024-08-14 07:45:53,177] Trial 41 finished with value: 0.1055308718746463 and parameters: {'model_name': 'SimpleImputer', 'strategy': 'mean'}. Best is trial 5 with value: 0.1055308718746463.
running
[I 2024-08-14 07:45:53,296] Trial 31 finished with value: 0.2888575646863214 and parameters: {'model_name': 'SimpleImputer', 'strategy': 'most_frequent'}. Best is trial 5 with value: 0.1055308718746463.
running
[I 2024-08-14 07:45:53,438] Trial 44 finished with value: 0.1055308718746463 and parameters: {'model_name': 'SimpleImputer', 'strategy': 'mean'}. Best is trial 5 with value: 0.1055308718746463.
[I 2024-08-14 07:45:53,558] Trial 32 finished with value: 0.2888575646863214 and parameters: {'model_name': 'SimpleImputer', 'strategy': 'most_frequent'}. Best is trial 5 with value: 0.1055308718746463.
running
running
[I 2024-08-14 07:45:53,740] Trial 43 finished with value: 0.1055308718746463 and parameters: {'model_name': 'SimpleImputer', 'strategy': 'mean'}. Best is trial 5 with value: 0.1055308718746463.
[I 2024-08-14 07:45:53,880] Trial 45 finished with value: 0.1055308718746463 and parameters: {'model_name': 'SimpleImputer', 'strategy': 'mean'}. Best is trial 5 with value: 0.1055308718746463.
[I 2024-08-14 07:45:53,996] Trial 33 finished with value: 0.2888575646863214 and parameters: {'model_name': 'SimpleImputer', 'strategy': 'most_frequent'}. Best is trial 5 with value: 0.1055308718746463.
running
running
running
[I 2024-08-14 07:45:54,203] Trial 34 finished with value: 0.2888575646863214 and parameters: {'model_name': 'SimpleImputer', 'strategy': 'most_frequent'}. Best is trial 5 with value: 0.1055308718746463.
running
[I 2024-08-14 07:45:54,340] Trial 49 finished with value: 0.1055308718746463 and parameters: {'model_name': 'SimpleImputer', 'strategy': 'mean'}. Best is trial 5 with value: 0.1055308718746463.
running
[I 2024-08-14 07:45:54,482] Trial 46 finished with value: 0.1055308718746463 and parameters: {'model_name': 'SimpleImputer', 'strategy': 'mean'}. Best is trial 5 with value: 0.1055308718746463.
running
[I 2024-08-14 07:45:54,596] Trial 47 finished with value: 0.1055308718746463 and parameters: {'model_name': 'SimpleImputer', 'strategy': 'mean'}. Best is trial 5 with value: 0.1055308718746463.
running
[I 2024-08-14 07:45:54,760] Trial 50 finished with value: 0.1055308718746463 and parameters: {'model_name': 'SimpleImputer', 'strategy': 'mean'}. Best is trial 5 with value: 0.1055308718746463.
[I 2024-08-14 07:45:54,862] Trial 48 finished with value: 0.1055308718746463 and parameters: {'model_name': 'SimpleImputer', 'strategy': 'mean'}. Best is trial 5 with value: 0.1055308718746463.
running
running
[I 2024-08-14 07:45:55,061] Trial 51 finished with value: 0.1055308718746463 and parameters: {'model_name': 'SimpleImputer', 'strategy': 'mean'}. Best is trial 5 with value: 0.1055308718746463.
[I 2024-08-14 07:45:55,175] Trial 56 finished with value: 0.1055308718746463 and parameters: {'model_name': 'SimpleImputer', 'strategy': 'mean'}. Best is trial 5 with value: 0.1055308718746463.
running
running
[I 2024-08-14 07:45:55,501] Trial 54 finished with value: 0.1055308718746463 and parameters: {'model_name': 'SimpleImputer', 'strategy': 'mean'}. Best is trial 5 with value: 0.1055308718746463.
running
[I 2024-08-14 07:45:55,638] Trial 52 finished with value: 0.1055308718746463 and parameters: {'model_name': 'SimpleImputer', 'strategy': 'mean'}. Best is trial 5 with value: 0.1055308718746463.
running
[I 2024-08-14 07:45:55,809] Trial 35 finished with value: 0.2888575646863214 and parameters: {'model_name': 'SimpleImputer', 'strategy': 'most_frequent'}. Best is trial 5 with value: 0.1055308718746463.
[I 2024-08-14 07:45:55,910] Trial 58 finished with value: 0.1055308718746463 and parameters: {'model_name': 'SimpleImputer', 'strategy': 'mean'}. Best is trial 5 with value: 0.1055308718746463.
running
[I 2024-08-14 07:45:56,027] Trial 55 finished with value: 0.1055308718746463 and parameters: {'model_name': 'SimpleImputer', 'strategy': 'mean'}. Best is trial 5 with value: 0.1055308718746463.
running
[I 2024-08-14 07:45:56,159] Trial 61 finished with value: 0.1055308718746463 and parameters: {'model_name': 'SimpleImputer', 'strategy': 'mean'}. Best is trial 5 with value: 0.1055308718746463.
[I 2024-08-14 07:45:56,280] Trial 53 finished with value: 0.1055308718746463 and parameters: {'model_name': 'SimpleImputer', 'strategy': 'mean'}. Best is trial 5 with value: 0.1055308718746463.
running
[I 2024-08-14 07:45:56,382] Trial 57 finished with value: 0.1055308718746463 and parameters: {'model_name': 'SimpleImputer', 'strategy': 'mean'}. Best is trial 5 with value: 0.1055308718746463.
running
[I 2024-08-14 07:45:56,504] Trial 60 finished with value: 0.1055308718746463 and parameters: {'model_name': 'SimpleImputer', 'strategy': 'mean'}. Best is trial 5 with value: 0.1055308718746463.
running
running
running
[I 2024-08-14 07:45:56,731] Trial 59 finished with value: 0.1055308718746463 and parameters: {'model_name': 'SimpleImputer', 'strategy': 'mean'}. Best is trial 5 with value: 0.1055308718746463.
running
[I 2024-08-14 07:45:57,015] Trial 64 finished with value: 0.10912448259889669 and parameters: {'model_name': 'SimpleImputer', 'strategy': 'median'}. Best is trial 5 with value: 0.1055308718746463.
running
[I 2024-08-14 07:45:57,200] Trial 75 finished with value: 0.2888575646863214 and parameters: {'model_name': 'SimpleImputer', 'strategy': 'constant'}. Best is trial 5 with value: 0.1055308718746463.
running
[I 2024-08-14 07:45:57,379] Trial 67 finished with value: 0.10912448259889669 and parameters: {'model_name': 'SimpleImputer', 'strategy': 'median'}. Best is trial 5 with value: 0.1055308718746463.
[I 2024-08-14 07:45:57,497] Trial 63 finished with value: 0.10912448259889669 and parameters: {'model_name': 'SimpleImputer', 'strategy': 'median'}. Best is trial 5 with value: 0.1055308718746463.
running
[I 2024-08-14 07:45:57,668] Trial 65 finished with value: 0.10912448259889669 and parameters: {'model_name': 'SimpleImputer', 'strategy': 'median'}. Best is trial 5 with value: 0.1055308718746463.
running
running
[I 2024-08-14 07:45:57,944] Trial 78 finished with value: 0.2888575646863214 and parameters: {'model_name': 'SimpleImputer', 'strategy': 'constant'}. Best is trial 5 with value: 0.1055308718746463.
[I 2024-08-14 07:45:58,046] Trial 66 finished with value: 0.10912448259889669 and parameters: {'model_name': 'SimpleImputer', 'strategy': 'median'}. Best is trial 5 with value: 0.1055308718746463.
running
[I 2024-08-14 07:45:58,185] Trial 62 finished with value: 0.10912448259889669 and parameters: {'model_name': 'SimpleImputer', 'strategy': 'median'}. Best is trial 5 with value: 0.1055308718746463.
running
[I 2024-08-14 07:45:58,343] Trial 69 finished with value: 0.10912448259889669 and parameters: {'model_name': 'SimpleImputer', 'strategy': 'median'}. Best is trial 5 with value: 0.1055308718746463.
running
running
[I 2024-08-14 07:45:58,565] Trial 82 finished with value: 0.2888575646863214 and parameters: {'model_name': 'SimpleImputer', 'strategy': 'constant'}. Best is trial 5 with value: 0.1055308718746463.
[I 2024-08-14 07:45:58,688] Trial 72 finished with value: 0.10912448259889669 and parameters: {'model_name': 'SimpleImputer', 'strategy': 'median'}. Best is trial 5 with value: 0.1055308718746463.
running
running
[I 2024-08-14 07:45:58,828] Trial 70 finished with value: 0.10912448259889669 and parameters: {'model_name': 'SimpleImputer', 'strategy': 'median'}. Best is trial 5 with value: 0.1055308718746463.
[I 2024-08-14 07:45:58,932] Trial 74 finished with value: 0.10912448259889669 and parameters: {'model_name': 'SimpleImputer', 'strategy': 'median'}. Best is trial 5 with value: 0.1055308718746463.
running
running
[I 2024-08-14 07:45:59,072] Trial 68 finished with value: 0.10912448259889669 and parameters: {'model_name': 'SimpleImputer', 'strategy': 'median'}. Best is trial 5 with value: 0.1055308718746463.
running
[I 2024-08-14 07:45:59,210] Trial 80 finished with value: 0.2888575646863214 and parameters: {'model_name': 'SimpleImputer', 'strategy': 'constant'}. Best is trial 5 with value: 0.1055308718746463.
running
[I 2024-08-14 07:45:59,334] Trial 76 finished with value: 0.10912448259889669 and parameters: {'model_name': 'SimpleImputer', 'strategy': 'median'}. Best is trial 5 with value: 0.1055308718746463.
running
[I 2024-08-14 07:45:59,510] Trial 71 finished with value: 0.10912448259889669 and parameters: {'model_name': 'SimpleImputer', 'strategy': 'median'}. Best is trial 5 with value: 0.1055308718746463.
[I 2024-08-14 07:45:59,521] Trial 84 finished with value: 0.2888575646863214 and parameters: {'model_name': 'SimpleImputer', 'strategy': 'constant'}. Best is trial 5 with value: 0.1055308718746463.
[I 2024-08-14 07:45:59,529] Trial 83 finished with value: 0.2888575646863214 and parameters: {'model_name': 'SimpleImputer', 'strategy': 'constant'}. Best is trial 5 with value: 0.1055308718746463.
[I 2024-08-14 07:45:59,660] Trial 81 finished with value: 0.1055308718746463 and parameters: {'model_name': 'SimpleImputer', 'strategy': 'mean'}. Best is trial 5 with value: 0.1055308718746463.
running
running
running
[I 2024-08-14 07:46:00,012] Trial 73 finished with value: 0.10912448259889669 and parameters: {'model_name': 'SimpleImputer', 'strategy': 'median'}. Best is trial 5 with value: 0.1055308718746463.
running
running
[I 2024-08-14 07:46:00,215] Trial 85 finished with value: 0.1055308718746463 and parameters: {'model_name': 'SimpleImputer', 'strategy': 'mean'}. Best is trial 5 with value: 0.1055308718746463.
running
[I 2024-08-14 07:46:00,359] Trial 77 finished with value: 0.10912448259889669 and parameters: {'model_name': 'SimpleImputer', 'strategy': 'median'}. Best is trial 5 with value: 0.1055308718746463.
running
[I 2024-08-14 07:46:00,627] Trial 79 finished with value: 0.10912448259889669 and parameters: {'model_name': 'SimpleImputer', 'strategy': 'median'}. Best is trial 5 with value: 0.1055308718746463.
running
[I 2024-08-14 07:46:00,775] Trial 89 finished with value: 0.1055308718746463 and parameters: {'model_name': 'SimpleImputer', 'strategy': 'mean'}. Best is trial 5 with value: 0.1055308718746463.
running
[I 2024-08-14 07:46:00,974] Trial 87 finished with value: 0.1055308718746463 and parameters: {'model_name': 'SimpleImputer', 'strategy': 'mean'}. Best is trial 5 with value: 0.1055308718746463.
[I 2024-08-14 07:46:01,082] Trial 90 finished with value: 0.1055308718746463 and parameters: {'model_name': 'SimpleImputer', 'strategy': 'mean'}. Best is trial 5 with value: 0.1055308718746463.
running
[I 2024-08-14 07:46:01,227] Trial 92 finished with value: 0.1055308718746463 and parameters: {'model_name': 'SimpleImputer', 'strategy': 'mean'}. Best is trial 5 with value: 0.1055308718746463.
running
[I 2024-08-14 07:46:01,334] Trial 86 finished with value: 0.1055308718746463 and parameters: {'model_name': 'SimpleImputer', 'strategy': 'mean'}. Best is trial 5 with value: 0.1055308718746463.
[I 2024-08-14 07:46:01,431] Trial 88 finished with value: 0.1055308718746463 and parameters: {'model_name': 'SimpleImputer', 'strategy': 'mean'}. Best is trial 5 with value: 0.1055308718746463.
running
running
running
[I 2024-08-14 07:46:01,615] Trial 91 finished with value: 0.1055308718746463 and parameters: {'model_name': 'SimpleImputer', 'strategy': 'mean'}. Best is trial 5 with value: 0.1055308718746463.
running
[I 2024-08-14 07:46:01,750] Trial 96 finished with value: 0.1055308718746463 and parameters: {'model_name': 'SimpleImputer', 'strategy': 'mean'}. Best is trial 5 with value: 0.1055308718746463.
[I 2024-08-14 07:46:01,869] Trial 98 finished with value: 0.1055308718746463 and parameters: {'model_name': 'SimpleImputer', 'strategy': 'mean'}. Best is trial 5 with value: 0.1055308718746463.
running
running
[I 2024-08-14 07:46:02,015] Trial 93 finished with value: 0.1055308718746463 and parameters: {'model_name': 'SimpleImputer', 'strategy': 'mean'}. Best is trial 5 with value: 0.1055308718746463.
[I 2024-08-14 07:46:02,130] Trial 95 finished with value: 0.1055308718746463 and parameters: {'model_name': 'SimpleImputer', 'strategy': 'mean'}. Best is trial 5 with value: 0.1055308718746463.
running
running
[I 2024-08-14 07:46:02,352] Trial 94 finished with value: 0.1055308718746463 and parameters: {'model_name': 'SimpleImputer', 'strategy': 'mean'}. Best is trial 5 with value: 0.1055308718746463.
[I 2024-08-14 07:46:02,459] Trial 101 finished with value: 0.1055308718746463 and parameters: {'model_name': 'SimpleImputer', 'strategy': 'mean'}. Best is trial 5 with value: 0.1055308718746463.
running
running
[I 2024-08-14 07:46:02,612] Trial 97 finished with value: 0.1055308718746463 and parameters: {'model_name': 'SimpleImputer', 'strategy': 'mean'}. Best is trial 5 with value: 0.1055308718746463.
running
[I 2024-08-14 07:46:02,734] Trial 100 finished with value: 0.1055308718746463 and parameters: {'model_name': 'SimpleImputer', 'strategy': 'mean'}. Best is trial 5 with value: 0.1055308718746463.
running
[I 2024-08-14 07:46:02,922] Trial 105 finished with value: 0.1055308718746463 and parameters: {'model_name': 'SimpleImputer', 'strategy': 'mean'}. Best is trial 5 with value: 0.1055308718746463.
running
[I 2024-08-14 07:46:03,066] Trial 99 finished with value: 0.1055308718746463 and parameters: {'model_name': 'SimpleImputer', 'strategy': 'mean'}. Best is trial 5 with value: 0.1055308718746463.
running
[I 2024-08-14 07:46:03,305] Trial 102 finished with value: 0.1055308718746463 and parameters: {'model_name': 'SimpleImputer', 'strategy': 'mean'}. Best is trial 5 with value: 0.1055308718746463.
running
[I 2024-08-14 07:46:03,436] Trial 104 finished with value: 0.1055308718746463 and parameters: {'model_name': 'SimpleImputer', 'strategy': 'mean'}. Best is trial 5 with value: 0.1055308718746463.
[I 2024-08-14 07:46:03,545] Trial 110 finished with value: 0.1055308718746463 and parameters: {'model_name': 'SimpleImputer', 'strategy': 'mean'}. Best is trial 5 with value: 0.1055308718746463.
running
[I 2024-08-14 07:46:03,552] Trial 103 finished with value: 0.1055308718746463 and parameters: {'model_name': 'SimpleImputer', 'strategy': 'mean'}. Best is trial 5 with value: 0.1055308718746463.
running
running
[I 2024-08-14 07:46:03,852] Trial 108 finished with value: 0.1055308718746463 and parameters: {'model_name': 'SimpleImputer', 'strategy': 'mean'}. Best is trial 5 with value: 0.1055308718746463.
[I 2024-08-14 07:46:03,958] Trial 106 finished with value: 0.1055308718746463 and parameters: {'model_name': 'SimpleImputer', 'strategy': 'mean'}. Best is trial 5 with value: 0.1055308718746463.
running
[I 2024-08-14 07:46:04,105] Trial 107 finished with value: 0.1055308718746463 and parameters: {'model_name': 'SimpleImputer', 'strategy': 'mean'}. Best is trial 5 with value: 0.1055308718746463.
[I 2024-08-14 07:46:04,202] Trial 111 finished with value: 0.1055308718746463 and parameters: {'model_name': 'SimpleImputer', 'strategy': 'mean'}. Best is trial 5 with value: 0.1055308718746463.
[I 2024-08-14 07:46:04,329] Trial 112 finished with value: 0.1055308718746463 and parameters: {'model_name': 'SimpleImputer', 'strategy': 'mean'}. Best is trial 5 with value: 0.1055308718746463.
running
running
running
running
[I 2024-08-14 07:46:04,514] Trial 109 finished with value: 0.1055308718746463 and parameters: {'model_name': 'SimpleImputer', 'strategy': 'mean'}. Best is trial 5 with value: 0.1055308718746463.
running
[I 2024-08-14 07:46:04,725] Trial 115 finished with value: 0.1055308718746463 and parameters: {'model_name': 'SimpleImputer', 'strategy': 'mean'}. Best is trial 5 with value: 0.1055308718746463.
[I 2024-08-14 07:46:04,837] Trial 117 finished with value: 0.1055308718746463 and parameters: {'model_name': 'SimpleImputer', 'strategy': 'mean'}. Best is trial 5 with value: 0.1055308718746463.
running
running
[I 2024-08-14 07:46:05,028] Trial 116 finished with value: 0.1055308718746463 and parameters: {'model_name': 'SimpleImputer', 'strategy': 'mean'}. Best is trial 5 with value: 0.1055308718746463.
running
[I 2024-08-14 07:46:05,147] Trial 114 finished with value: 0.1055308718746463 and parameters: {'model_name': 'SimpleImputer', 'strategy': 'mean'}. Best is trial 5 with value: 0.1055308718746463.
[I 2024-08-14 07:46:05,261] Trial 118 finished with value: 0.1055308718746463 and parameters: {'model_name': 'SimpleImputer', 'strategy': 'mean'}. Best is trial 5 with value: 0.1055308718746463.
running
running
[I 2024-08-14 07:46:05,482] Trial 122 finished with value: 0.1055308718746463 and parameters: {'model_name': 'SimpleImputer', 'strategy': 'mean'}. Best is trial 5 with value: 0.1055308718746463.
running
[I 2024-08-14 07:46:05,665] Trial 113 finished with value: 0.1055308718746463 and parameters: {'model_name': 'SimpleImputer', 'strategy': 'mean'}. Best is trial 5 with value: 0.1055308718746463.
[I 2024-08-14 07:46:05,782] Trial 121 finished with value: 0.1055308718746463 and parameters: {'model_name': 'SimpleImputer', 'strategy': 'mean'}. Best is trial 5 with value: 0.1055308718746463.
[I 2024-08-14 07:46:05,917] Trial 119 finished with value: 0.1055308718746463 and parameters: {'model_name': 'SimpleImputer', 'strategy': 'mean'}. Best is trial 5 with value: 0.1055308718746463.
running
running
running
[I 2024-08-14 07:46:06,089] Trial 126 finished with value: 0.1055308718746463 and parameters: {'model_name': 'SimpleImputer', 'strategy': 'mean'}. Best is trial 5 with value: 0.1055308718746463.
running
[I 2024-08-14 07:46:06,289] Trial 120 finished with value: 0.1055308718746463 and parameters: {'model_name': 'SimpleImputer', 'strategy': 'mean'}. Best is trial 5 with value: 0.1055308718746463.
[I 2024-08-14 07:46:06,425] Trial 123 finished with value: 0.1055308718746463 and parameters: {'model_name': 'SimpleImputer', 'strategy': 'mean'}. Best is trial 5 with value: 0.1055308718746463.
running
[I 2024-08-14 07:46:06,541] Trial 124 finished with value: 0.1055308718746463 and parameters: {'model_name': 'SimpleImputer', 'strategy': 'mean'}. Best is trial 5 with value: 0.1055308718746463.
[I 2024-08-14 07:46:06,644] Trial 125 finished with value: 0.1055308718746463 and parameters: {'model_name': 'SimpleImputer', 'strategy': 'mean'}. Best is trial 5 with value: 0.1055308718746463.
[I 2024-08-14 07:46:06,769] Trial 131 finished with value: 0.1055308718746463 and parameters: {'model_name': 'SimpleImputer', 'strategy': 'mean'}. Best is trial 5 with value: 0.1055308718746463.
running
running
[I 2024-08-14 07:46:06,908] Trial 128 finished with value: 0.1055308718746463 and parameters: {'model_name': 'SimpleImputer', 'strategy': 'mean'}. Best is trial 5 with value: 0.1055308718746463.
running
[I 2024-08-14 07:46:07,057] Trial 130 finished with value: 0.1055308718746463 and parameters: {'model_name': 'SimpleImputer', 'strategy': 'mean'}. Best is trial 5 with value: 0.1055308718746463.
running
running
running
[I 2024-08-14 07:46:07,227] Trial 127 finished with value: 0.1055308718746463 and parameters: {'model_name': 'SimpleImputer', 'strategy': 'mean'}. Best is trial 5 with value: 0.1055308718746463.
running
[I 2024-08-14 07:46:07,364] Trial 132 finished with value: 0.1055308718746463 and parameters: {'model_name': 'SimpleImputer', 'strategy': 'mean'}. Best is trial 5 with value: 0.1055308718746463.
[I 2024-08-14 07:46:07,517] Trial 133 finished with value: 0.1055308718746463 and parameters: {'model_name': 'SimpleImputer', 'strategy': 'mean'}. Best is trial 5 with value: 0.1055308718746463.
running
running
[I 2024-08-14 07:46:07,814] Trial 129 finished with value: 0.1055308718746463 and parameters: {'model_name': 'SimpleImputer', 'strategy': 'mean'}. Best is trial 5 with value: 0.1055308718746463.
running
[I 2024-08-14 07:46:07,969] Trial 135 finished with value: 0.1055308718746463 and parameters: {'model_name': 'SimpleImputer', 'strategy': 'mean'}. Best is trial 5 with value: 0.1055308718746463.
running
[I 2024-08-14 07:46:08,092] Trial 137 finished with value: 0.1055308718746463 and parameters: {'model_name': 'SimpleImputer', 'strategy': 'mean'}. Best is trial 5 with value: 0.1055308718746463.
[I 2024-08-14 07:46:08,215] Trial 136 finished with value: 0.1055308718746463 and parameters: {'model_name': 'SimpleImputer', 'strategy': 'mean'}. Best is trial 5 with value: 0.1055308718746463.
running
running
[I 2024-08-14 07:46:08,863] Trial 147 finished with value: 0.1055308718746463 and parameters: {'model_name': 'SimpleImputer', 'strategy': 'mean'}. Best is trial 5 with value: 0.1055308718746463.
[I 2024-08-14 07:46:08,995] Trial 148 finished with value: 0.1055308718746463 and parameters: {'model_name': 'SimpleImputer', 'strategy': 'mean'}. Best is trial 5 with value: 0.1055308718746463.
running
running
[I 2024-08-14 07:46:09,256] Trial 149 finished with value: 0.1055308718746463 and parameters: {'model_name': 'SimpleImputer', 'strategy': 'mean'}. Best is trial 5 with value: 0.1055308718746463.
running
[I 2024-08-14 07:46:09,505] Trial 150 finished with value: 0.1055308718746463 and parameters: {'model_name': 'SimpleImputer', 'strategy': 'mean'}. Best is trial 5 with value: 0.1055308718746463.
running
[I 2024-08-14 07:46:10,435] Trial 134 finished with value: 0.2888575646863214 and parameters: {'model_name': 'SimpleImputer', 'strategy': 'most_frequent'}. Best is trial 5 with value: 0.1055308718746463.
running
[I 2024-08-14 07:46:10,819] Trial 140 finished with value: 0.2888575646863214 and parameters: {'model_name': 'SimpleImputer', 'strategy': 'most_frequent'}. Best is trial 5 with value: 0.1055308718746463.
running
[I 2024-08-14 07:46:10,978] Trial 138 finished with value: 0.2888575646863214 and parameters: {'model_name': 'SimpleImputer', 'strategy': 'most_frequent'}. Best is trial 5 with value: 0.1055308718746463.
running
[I 2024-08-14 07:46:11,115] Trial 139 finished with value: 0.2888575646863214 and parameters: {'model_name': 'SimpleImputer', 'strategy': 'most_frequent'}. Best is trial 5 with value: 0.1055308718746463.
running
[I 2024-08-14 07:46:11,334] Trial 144 finished with value: 0.2888575646863214 and parameters: {'model_name': 'SimpleImputer', 'strategy': 'most_frequent'}. Best is trial 5 with value: 0.1055308718746463.
[I 2024-08-14 07:46:11,456] Trial 141 finished with value: 0.2888575646863214 and parameters: {'model_name': 'SimpleImputer', 'strategy': 'most_frequent'}. Best is trial 5 with value: 0.1055308718746463.
[I 2024-08-14 07:46:11,554] Trial 151 finished with value: 0.2888575646863214 and parameters: {'model_name': 'SimpleImputer', 'strategy': 'most_frequent'}. Best is trial 5 with value: 0.1055308718746463.
running
running
running
[I 2024-08-14 07:46:11,785] Trial 145 finished with value: 0.2888575646863214 and parameters: {'model_name': 'SimpleImputer', 'strategy': 'most_frequent'}. Best is trial 5 with value: 0.1055308718746463.
running
[I 2024-08-14 07:46:12,105] Trial 152 finished with value: 0.2888575646863214 and parameters: {'model_name': 'SimpleImputer', 'strategy': 'most_frequent'}. Best is trial 5 with value: 0.1055308718746463.
[I 2024-08-14 07:46:12,207] Trial 143 finished with value: 0.2888575646863214 and parameters: {'model_name': 'SimpleImputer', 'strategy': 'most_frequent'}. Best is trial 5 with value: 0.1055308718746463.
[I 2024-08-14 07:46:12,358] Trial 157 finished with value: 0.1055308718746463 and parameters: {'model_name': 'SimpleImputer', 'strategy': 'mean'}. Best is trial 5 with value: 0.1055308718746463.
running
running
running
[I 2024-08-14 07:46:12,588] Trial 142 finished with value: 0.2888575646863214 and parameters: {'model_name': 'SimpleImputer', 'strategy': 'most_frequent'}. Best is trial 5 with value: 0.1055308718746463.
[I 2024-08-14 07:46:12,697] Trial 158 finished with value: 0.1055308718746463 and parameters: {'model_name': 'SimpleImputer', 'strategy': 'mean'}. Best is trial 5 with value: 0.1055308718746463.
running
running
[I 2024-08-14 07:46:12,857] Trial 159 finished with value: 0.1055308718746463 and parameters: {'model_name': 'SimpleImputer', 'strategy': 'mean'}. Best is trial 5 with value: 0.1055308718746463.
[I 2024-08-14 07:46:12,980] Trial 160 finished with value: 0.1055308718746463 and parameters: {'model_name': 'SimpleImputer', 'strategy': 'mean'}. Best is trial 5 with value: 0.1055308718746463.
running
running
[I 2024-08-14 07:46:13,172] Trial 146 finished with value: 0.2888575646863214 and parameters: {'model_name': 'SimpleImputer', 'strategy': 'most_frequent'}. Best is trial 5 with value: 0.1055308718746463.
[I 2024-08-14 07:46:13,281] Trial 162 finished with value: 0.1055308718746463 and parameters: {'model_name': 'SimpleImputer', 'strategy': 'mean'}. Best is trial 5 with value: 0.1055308718746463.
running
[I 2024-08-14 07:46:13,407] Trial 161 finished with value: 0.1055308718746463 and parameters: {'model_name': 'SimpleImputer', 'strategy': 'mean'}. Best is trial 5 with value: 0.1055308718746463.
running
running
[I 2024-08-14 07:46:13,637] Trial 156 finished with value: 0.2888575646863214 and parameters: {'model_name': 'SimpleImputer', 'strategy': 'most_frequent'}. Best is trial 5 with value: 0.1055308718746463.
[I 2024-08-14 07:46:13,809] Trial 163 finished with value: 0.1055308718746463 and parameters: {'model_name': 'SimpleImputer', 'strategy': 'mean'}. Best is trial 5 with value: 0.1055308718746463.
running
running
[I 2024-08-14 07:46:13,980] Trial 164 finished with value: 0.1055308718746463 and parameters: {'model_name': 'SimpleImputer', 'strategy': 'mean'}. Best is trial 5 with value: 0.1055308718746463.
running
[I 2024-08-14 07:46:14,221] Trial 167 finished with value: 0.1055308718746463 and parameters: {'model_name': 'SimpleImputer', 'strategy': 'mean'}. Best is trial 5 with value: 0.1055308718746463.
running
[I 2024-08-14 07:46:14,379] Trial 155 finished with value: 0.2888575646863214 and parameters: {'model_name': 'SimpleImputer', 'strategy': 'most_frequent'}. Best is trial 5 with value: 0.1055308718746463.
running
[I 2024-08-14 07:46:14,560] Trial 165 finished with value: 0.1055308718746463 and parameters: {'model_name': 'SimpleImputer', 'strategy': 'mean'}. Best is trial 5 with value: 0.1055308718746463.
[I 2024-08-14 07:46:14,682] Trial 166 finished with value: 0.1055308718746463 and parameters: {'model_name': 'SimpleImputer', 'strategy': 'mean'}. Best is trial 5 with value: 0.1055308718746463.
running
running
[I 2024-08-14 07:46:14,850] Trial 154 finished with value: 0.2888575646863214 and parameters: {'model_name': 'SimpleImputer', 'strategy': 'most_frequent'}. Best is trial 5 with value: 0.1055308718746463.
[I 2024-08-14 07:46:14,956] Trial 174 finished with value: 0.1055308718746463 and parameters: {'model_name': 'SimpleImputer', 'strategy': 'mean'}. Best is trial 5 with value: 0.1055308718746463.
running
[I 2024-08-14 07:46:15,113] Trial 173 finished with value: 0.1055308718746463 and parameters: {'model_name': 'SimpleImputer', 'strategy': 'mean'}. Best is trial 5 with value: 0.1055308718746463.
[I 2024-08-14 07:46:15,245] Trial 153 finished with value: 0.2888575646863214 and parameters: {'model_name': 'SimpleImputer', 'strategy': 'most_frequent'}. Best is trial 5 with value: 0.1055308718746463.
running
[I 2024-08-14 07:46:15,345] Trial 170 finished with value: 0.1055308718746463 and parameters: {'model_name': 'SimpleImputer', 'strategy': 'mean'}. Best is trial 5 with value: 0.1055308718746463.
[I 2024-08-14 07:46:15,450] Trial 168 finished with value: 0.1055308718746463 and parameters: {'model_name': 'SimpleImputer', 'strategy': 'mean'}. Best is trial 5 with value: 0.1055308718746463.
running
[I 2024-08-14 07:46:15,580] Trial 171 finished with value: 0.1055308718746463 and parameters: {'model_name': 'SimpleImputer', 'strategy': 'mean'}. Best is trial 5 with value: 0.1055308718746463.
running
[I 2024-08-14 07:46:15,677] Trial 169 finished with value: 0.1055308718746463 and parameters: {'model_name': 'SimpleImputer', 'strategy': 'mean'}. Best is trial 5 with value: 0.1055308718746463.
running
[I 2024-08-14 07:46:15,798] Trial 172 finished with value: 0.1055308718746463 and parameters: {'model_name': 'SimpleImputer', 'strategy': 'mean'}. Best is trial 5 with value: 0.1055308718746463.
running
[I 2024-08-14 07:46:15,933] Trial 176 finished with value: 0.1055308718746463 and parameters: {'model_name': 'SimpleImputer', 'strategy': 'mean'}. Best is trial 5 with value: 0.1055308718746463.
running
running
running
running
[I 2024-08-14 07:46:16,265] Trial 182 finished with value: 0.2888575646863214 and parameters: {'model_name': 'SimpleImputer', 'strategy': 'constant'}. Best is trial 5 with value: 0.1055308718746463.
running
[I 2024-08-14 07:46:16,410] Trial 175 finished with value: 0.1055308718746463 and parameters: {'model_name': 'SimpleImputer', 'strategy': 'mean'}. Best is trial 5 with value: 0.1055308718746463.
[I 2024-08-14 07:46:16,543] Trial 178 finished with value: 0.1055308718746463 and parameters: {'model_name': 'SimpleImputer', 'strategy': 'mean'}. Best is trial 5 with value: 0.1055308718746463.
running
running
[I 2024-08-14 07:46:16,704] Trial 179 finished with value: 0.1055308718746463 and parameters: {'model_name': 'SimpleImputer', 'strategy': 'mean'}. Best is trial 5 with value: 0.1055308718746463.
[I 2024-08-14 07:46:16,808] Trial 177 finished with value: 0.1055308718746463 and parameters: {'model_name': 'SimpleImputer', 'strategy': 'mean'}. Best is trial 5 with value: 0.1055308718746463.
running
running
[I 2024-08-14 07:46:17,090] Trial 185 finished with value: 0.2888575646863214 and parameters: {'model_name': 'SimpleImputer', 'strategy': 'constant'}. Best is trial 5 with value: 0.1055308718746463.
[I 2024-08-14 07:46:17,106] Trial 183 finished with value: 0.2888575646863214 and parameters: {'model_name': 'SimpleImputer', 'strategy': 'constant'}. Best is trial 5 with value: 0.1055308718746463.
[I 2024-08-14 07:46:17,322] Trial 189 finished with value: 0.2888575646863214 and parameters: {'model_name': 'SimpleImputer', 'strategy': 'constant'}. Best is trial 5 with value: 0.1055308718746463.
[I 2024-08-14 07:46:17,449] Trial 181 finished with value: 0.1055308718746463 and parameters: {'model_name': 'SimpleImputer', 'strategy': 'mean'}. Best is trial 5 with value: 0.1055308718746463.
running
running
running
[I 2024-08-14 07:46:17,586] Trial 180 finished with value: 0.1055308718746463 and parameters: {'model_name': 'SimpleImputer', 'strategy': 'mean'}. Best is trial 5 with value: 0.1055308718746463.
[I 2024-08-14 07:46:17,691] Trial 187 finished with value: 0.2888575646863214 and parameters: {'model_name': 'SimpleImputer', 'strategy': 'constant'}. Best is trial 5 with value: 0.1055308718746463.
[I 2024-08-14 07:46:17,786] Trial 191 finished with value: 0.2888575646863214 and parameters: {'model_name': 'SimpleImputer', 'strategy': 'constant'}. Best is trial 5 with value: 0.1055308718746463.
[I 2024-08-14 07:46:17,889] Trial 188 finished with value: 0.2888575646863214 and parameters: {'model_name': 'SimpleImputer', 'strategy': 'constant'}. Best is trial 5 with value: 0.1055308718746463.
[I 2024-08-14 07:46:18,004] Trial 186 finished with value: 0.1055308718746463 and parameters: {'model_name': 'SimpleImputer', 'strategy': 'mean'}. Best is trial 5 with value: 0.1055308718746463.
[I 2024-08-14 07:46:18,136] Trial 190 finished with value: 0.2888575646863214 and parameters: {'model_name': 'SimpleImputer', 'strategy': 'constant'}. Best is trial 5 with value: 0.1055308718746463.
[I 2024-08-14 07:46:18,273] Trial 184 finished with value: 0.1055308718746463 and parameters: {'model_name': 'SimpleImputer', 'strategy': 'mean'}. Best is trial 5 with value: 0.1055308718746463.
[I 2024-08-14 07:46:18,417] Trial 193 finished with value: 0.1055308718746463 and parameters: {'model_name': 'SimpleImputer', 'strategy': 'mean'}. Best is trial 5 with value: 0.1055308718746463.
[I 2024-08-14 07:46:18,555] Trial 192 finished with value: 0.1055308718746463 and parameters: {'model_name': 'SimpleImputer', 'strategy': 'mean'}. Best is trial 5 with value: 0.1055308718746463.
[I 2024-08-14 07:46:18,687] Trial 196 finished with value: 0.1055308718746463 and parameters: {'model_name': 'SimpleImputer', 'strategy': 'mean'}. Best is trial 5 with value: 0.1055308718746463.
[I 2024-08-14 07:46:18,784] Trial 194 finished with value: 0.1055308718746463 and parameters: {'model_name': 'SimpleImputer', 'strategy': 'mean'}. Best is trial 5 with value: 0.1055308718746463.
[I 2024-08-14 07:46:18,898] Trial 195 finished with value: 0.1055308718746463 and parameters: {'model_name': 'SimpleImputer', 'strategy': 'mean'}. Best is trial 5 with value: 0.1055308718746463.
[I 2024-08-14 07:46:19,020] Trial 197 finished with value: 0.1055308718746463 and parameters: {'model_name': 'SimpleImputer', 'strategy': 'mean'}. Best is trial 5 with value: 0.1055308718746463.
[I 2024-08-14 07:46:19,117] Trial 199 finished with value: 0.1055308718746463 and parameters: {'model_name': 'SimpleImputer', 'strategy': 'mean'}. Best is trial 5 with value: 0.1055308718746463.
[I 2024-08-14 07:46:19,212] Trial 198 finished with value: 0.1055308718746463 and parameters: {'model_name': 'SimpleImputer', 'strategy': 'mean'}. Best is trial 5 with value: 0.1055308718746463.
fit
simple fit
simple transform
0    0
1    0
2    0
3    0
4    0
5    0
6    0
7    0
8    0
9    0
dtype: int64
0    0
1    0
2    0
3    0
4    0
5    0
6    0
7    0
8    0
9    0
dtype: int64
0.1055308718746463
{'model_name': 'SimpleImputer', 'strategy': 'mean'}
running experiment 2/3 - Does reconstruction give good automl predictions
Start est fit
  0%|          | 0/25 [00:00<?, ?it/s]Generation:   0%|          | 0/25 [00:00<?, ?it/s]Generation:  1
Best f1_score score: 0.9683005208596416
Generation:   4%|▍         | 1/25 [00:37<14:51, 37.16s/it]Generation:  2
Best f1_score score: 0.9707188307701701
Generation:   8%|▊         | 2/25 [01:33<18:30, 48.27s/it]WARNING AN INDIVIDUAL TIMED OUT: 
 <tpot2.search_spaces.pipelines.sequential.SequentialPipelineIndividual object at 0x15547556fc40> 

Generation:  3
Best f1_score score: 0.9707188307701701
Generation:  12%|█▏        | 3/25 [11:37<1:50:43, 301.99s/it]WARNING AN INDIVIDUAL TIMED OUT: 
 <tpot2.search_spaces.pipelines.sequential.SequentialPipelineIndividual object at 0x155475da6230> 

Generation:  4
Best f1_score score: 0.9707188307701701
Generation:  16%|█▌        | 4/25 [21:41<2:27:28, 421.36s/it]Generation:  5
Best f1_score score: 0.9707188307701701
Generation:  20%|██        | 5/25 [22:25<1:35:08, 285.44s/it]Generation:  6
Best f1_score score: 0.9707188307701701
Generation:  24%|██▍       | 6/25 [24:27<1:12:46, 229.84s/it]Generation:  7
Best f1_score score: 0.9707188307701701
Generation:  28%|██▊       | 7/25 [25:26<52:07, 173.72s/it]  Generation:  8
Best f1_score score: 0.9707188307701701
Generation:  32%|███▏      | 8/25 [30:34<1:01:23, 216.65s/it]Generation:  9
Best f1_score score: 0.9707188307701701
Generation:  36%|███▌      | 9/25 [30:48<40:54, 153.38s/it]  Generation:  10
Best f1_score score: 0.9716199360931881
Generation:  40%|████      | 10/25 [31:14<28:26, 113.79s/it]Generation:  11
Best f1_score score: 0.9716199360931881
Generation:  44%|████▍     | 11/25 [31:41<20:23, 87.40s/it] Generation:  12
Best f1_score score: 0.9716199360931881
Generation:  48%|████▊     | 12/25 [31:59<14:22, 66.35s/it]Generation:  13
Best f1_score score: 0.9716199360931881
Generation:  52%|█████▏    | 13/25 [35:31<22:05, 110.50s/it]Generation:  14
Best f1_score score: 0.9716199360931881
Generation:  56%|█████▌    | 14/25 [37:16<19:55, 108.66s/it]Generation:  15
Best f1_score score: 0.9716199360931881
Generation:  60%|██████    | 15/25 [37:44<14:03, 84.31s/it] Generation:  16
Best f1_score score: 0.9716199360931881
Generation:  64%|██████▍   | 16/25 [38:30<10:56, 72.96s/it]Generation:  17
Best f1_score score: 0.9716199360931881
Generation:  68%|██████▊   | 17/25 [39:13<08:31, 63.95s/it]Generation:  18
Best f1_score score: 0.9716199360931881
Generation:  72%|███████▏  | 18/25 [39:46<06:21, 54.54s/it]Generation:  19
Best f1_score score: 0.9716199360931881
Generation:  76%|███████▌  | 19/25 [41:10<06:21, 63.52s/it]Generation:  20
Best f1_score score: 0.9716199360931881
Generation:  80%|████████  | 20/25 [41:49<04:39, 55.96s/it]Generation:  21
Best f1_score score: 0.9716199360931881
Generation:  84%|████████▍ | 21/25 [42:33<03:30, 52.56s/it]Generation:  22
Best f1_score score: 0.9716199360931881
Generation:  88%|████████▊ | 22/25 [43:03<02:16, 45.60s/it]Generation:  23
Best f1_score score: 0.9716199360931881
Generation:  92%|█████████▏| 23/25 [43:28<01:19, 39.60s/it]Generation:  24
Best f1_score score: 0.9716199360931881
Generation:  96%|█████████▌| 24/25 [44:03<00:38, 38.00s/it]Generation:  25
Best f1_score score: 0.9716199360931881
Generation: 100%|██████████| 25/25 [44:59<00:00, 43.53s/it]Generation: 100%|██████████| 25/25 [45:02<00:00, 108.10s/it]
2024-08-14 08:31:29,203 - distributed.scheduler - ERROR - Removing worker 'tcp://127.0.0.1:44253' caused the cluster to lose scattered data, which can't be recovered: {'ndarray-23f0eef1ec7034d09b67651117ebaf48', 'ndarray-4302ba0bbd1c01d25e53d22db8c2a078'} (stimulus_id='handle-worker-cleanup-1723649489.203338')
Fitted
Pipeline(steps=[('lgbmclassifier',
                 LGBMClassifier(boosting_type='dart', class_weight='balanced',
                                max_depth=10, n_jobs=1, num_leaves=191,
                                verbose=-1))])
score start
train score: {'auroc': 0.9998743414374353, 'accuracy': 0.9930964467005076, 'balanced_accuracy': 0.9953231740779807, 'logloss': 0.024572539663188547, 'f1': 0.9932268362355886}
original test score: {'auroc': 0.998292667037617, 'accuracy': 0.9744525547445255, 'balanced_accuracy': 0.970879526977088, 'logloss': 0.07555445730530914, 'f1': 0.975592498989224}
imputed test score: {'auroc': 0.9978946057139073, 'accuracy': 0.9726277372262774, 'balanced_accuracy': 0.9042128603104211, 'logloss': 0.08034218337680842, 'f1': 0.9735881476876268}
score end
check intended
EXP2 Finished
running experiment 3/3 - What is the best automl settings?
<tpot2.search_spaces.pipelines.sequential.SequentialPipeline object at 0x155436386530>
Start tpot fit
  0%|          | 0/25 [00:00<?, ?it/s]Generation:   0%|          | 0/25 [00:00<?, ?it/s]Generation:  1
Best f1_score score: 0.9610950723393769
Generation:   4%|▍         | 1/25 [04:45<1:54:09, 285.40s/it]Generation:  2
Best f1_score score: 0.966545937227069
Generation:   8%|▊         | 2/25 [10:19<2:00:25, 314.14s/it]Generation:  3
Best f1_score score: 0.9666688069429623
Generation:  12%|█▏        | 3/25 [15:45<1:57:08, 319.48s/it]Generation:  4
Best f1_score score: 0.9697545801673059
Generation:  16%|█▌        | 4/25 [21:31<1:55:30, 330.01s/it]WARNING AN INDIVIDUAL TIMED OUT: 
 <tpot2.search_spaces.pipelines.sequential.SequentialPipelineIndividual object at 0x15547556c220> 

Generation:  5
Best f1_score score: 0.9697545801673059
Generation:  20%|██        | 5/25 [31:35<2:22:55, 428.76s/it]Generation:  6
Best f1_score score: 0.9697545801673059
Generation:  24%|██▍       | 6/25 [35:26<1:54:30, 361.62s/it]Generation:  7
Best f1_score score: 0.9697545801673059
Generation:  28%|██▊       | 7/25 [41:53<1:50:54, 369.72s/it]Generation:  8
Best f1_score score: 0.970205424026841
Generation:  32%|███▏      | 8/25 [46:06<1:34:13, 332.56s/it]Generation:  9
Best f1_score score: 0.970205424026841
Generation:  36%|███▌      | 9/25 [47:35<1:08:23, 256.50s/it]Generation:  10
Best f1_score score: 0.9717511877071606
Generation:  40%|████      | 10/25 [51:35<1:02:51, 251.47s/it]Generation:  11
Best f1_score score: 0.9719528655564116
Generation:  44%|████▍     | 11/25 [52:06<42:56, 184.07s/it]  Generation:  12
Best f1_score score: 0.9719528655564116
Generation:  48%|████▊     | 12/25 [52:47<30:24, 140.38s/it]Generation:  13
Best f1_score score: 0.9719528655564116
Generation:  52%|█████▏    | 13/25 [53:55<23:40, 118.40s/it]Generation:  14
Best f1_score score: 0.9719528655564116
Generation:  56%|█████▌    | 14/25 [55:09<19:14, 104.97s/it]Generation:  15
Best f1_score score: 0.9719528655564116
Generation:  60%|██████    | 15/25 [55:56<14:37, 87.70s/it] Generation:  16
Best f1_score score: 0.9719528655564116
Generation:  64%|██████▍   | 16/25 [57:24<13:10, 87.82s/it]Generation:  17
Best f1_score score: 0.9719528655564116
Generation:  68%|██████▊   | 17/25 [58:25<10:36, 79.57s/it]Generation:  18
Best f1_score score: 0.9719528655564116
Generation:  72%|███████▏  | 18/25 [59:23<08:31, 73.11s/it]Generation:  19
Best f1_score score: 0.9719528655564116
Generation:  76%|███████▌  | 19/25 [1:00:28<07:04, 70.77s/it]Generation:  20
Best f1_score score: 0.9719528655564116
Generation:  80%|████████  | 20/25 [1:01:18<05:22, 64.47s/it]Generation:  21
Best f1_score score: 0.9721938158209122
Generation:  84%|████████▍ | 21/25 [1:02:59<05:02, 75.57s/it]Generation:  22
Best f1_score score: 0.9721938158209122
Generation:  88%|████████▊ | 22/25 [1:04:05<03:37, 72.55s/it]Generation:  23
Best f1_score score: 0.9721938158209122
Generation:  92%|█████████▏| 23/25 [1:05:19<02:25, 72.95s/it]Generation:  24
Best f1_score score: 0.9721938158209122
Generation:  96%|█████████▌| 24/25 [1:06:28<01:11, 71.89s/it]Generation:  25
Best f1_score score: 0.9721938158209122
Generation: 100%|██████████| 25/25 [1:07:26<00:00, 67.59s/it]Generation: 100%|██████████| 25/25 [1:07:26<00:00, 161.85s/it]
2024-08-14 09:39:04,858 - distributed.scheduler - ERROR - Removing worker 'tcp://127.0.0.1:38793' caused the cluster to lose scattered data, which can't be recovered: {'ndarray-23f0eef1ec7034d09b67651117ebaf48', 'DataFrame-1504ec80894e96e1bde8df2f25f68f4e'} (stimulus_id='handle-worker-cleanup-1723653544.8584123')
Fitted
Pipeline(steps=[('simpleimputer', SimpleImputer()),
                ('randomforestclassifier',
                 RandomForestClassifier(class_weight='balanced',
                                        criterion='entropy',
                                        max_features=0.1098555621684,
                                        min_samples_leaf=2, min_samples_split=7,
                                        n_estimators=128))])
transform worked
try transform
transform worked
score start
train score: {'auroc': 0.9993913275483098, 'accuracy': 0.9882233502538071, 'balanced_accuracy': 0.9873733218696412, 'logloss': 0.0556191586803049, 'f1': 0.9885463190084781}
test score: {'auroc': 0.9964686393185108, 'accuracy': 0.968978102189781, 'balanced_accuracy': 0.8597684158659767, 'logloss': 0.104738686457592, 'f1': 0.9698028264000645}
original test score: {'auroc': 0.9967602524961896, 'accuracy': 0.9708029197080292, 'balanced_accuracy': 0.881990638088199, 'logloss': 0.09852794599901277, 'f1': 0.9717819838733837}
score end
30
lvl
0.01
type
MNAR
num_run
3
class_simple
finished
all finished
full run takes
1.8912302043702867
hours
DONE
