Run: 72
/cm/local/apps/slurm/var/spool/job1010373/slurm_script: line 26: 
pip install -e tpot2
pip install -r tpot2/ImputerExperiments/requirements_.txt
: No such file or directory
RunStart
Version 0.1.7a0 of tpot2 is outdated. Version 0.1.8a0 was released Tuesday September 17, 2024.
starting loops
../data/c/251/251.pkl
working on 
../data/c/251/class_simple_MNAR_0.5_3
3.6579201221466064
running experiment 1/3 - Does large hyperparameter space improve reconstruction accuracy over simple
[I 2024-10-22 08:56:25,070] A new study created in memory with name: no-name-9d1e7751-b6d2-43f3-b1de-96ae718e080c
running
running
running
running
running
running
running
running
running
running
running
running
running
running
running
running
[I 2024-10-22 08:56:25,763] Trial 9 finished with value: 0.1964141649918027 and parameters: {'model_name': 'SimpleImputer', 'strategy': 'mean'}. Best is trial 9 with value: 0.1964141649918027.
running
[I 2024-10-22 08:56:25,993] Trial 13 finished with value: 0.23722379596403118 and parameters: {'model_name': 'SimpleImputer', 'strategy': 'constant'}. Best is trial 9 with value: 0.1964141649918027.
running
[I 2024-10-22 08:56:26,112] Trial 8 finished with value: 0.1964141649918027 and parameters: {'model_name': 'SimpleImputer', 'strategy': 'mean'}. Best is trial 9 with value: 0.1964141649918027.
running
[I 2024-10-22 08:56:26,284] Trial 14 finished with value: 0.1964141649918027 and parameters: {'model_name': 'SimpleImputer', 'strategy': 'mean'}. Best is trial 9 with value: 0.1964141649918027.
running
[I 2024-10-22 08:56:26,476] Trial 2 finished with value: 0.1964141649918027 and parameters: {'model_name': 'SimpleImputer', 'strategy': 'mean'}. Best is trial 9 with value: 0.1964141649918027.
running
[I 2024-10-22 08:56:26,650] Trial 1 finished with value: 0.1964141649918027 and parameters: {'model_name': 'SimpleImputer', 'strategy': 'mean'}. Best is trial 9 with value: 0.1964141649918027.
running
[I 2024-10-22 08:56:26,803] Trial 6 finished with value: 0.2294963454322272 and parameters: {'model_name': 'SimpleImputer', 'strategy': 'median'}. Best is trial 9 with value: 0.1964141649918027.
running
[I 2024-10-22 08:56:26,943] Trial 10 finished with value: 0.2294963454322272 and parameters: {'model_name': 'SimpleImputer', 'strategy': 'median'}. Best is trial 9 with value: 0.1964141649918027.
running
[I 2024-10-22 08:56:27,149] Trial 0 finished with value: 0.2294963454322272 and parameters: {'model_name': 'SimpleImputer', 'strategy': 'median'}. Best is trial 9 with value: 0.1964141649918027.
running
[I 2024-10-22 08:56:27,328] Trial 3 finished with value: 0.2294963454322272 and parameters: {'model_name': 'SimpleImputer', 'strategy': 'median'}. Best is trial 9 with value: 0.1964141649918027.
running
[I 2024-10-22 08:56:27,512] Trial 12 finished with value: 0.2294963454322272 and parameters: {'model_name': 'SimpleImputer', 'strategy': 'median'}. Best is trial 9 with value: 0.1964141649918027.
[I 2024-10-22 08:56:27,618] Trial 4 finished with value: 0.23722379596403118 and parameters: {'model_name': 'SimpleImputer', 'strategy': 'most_frequent'}. Best is trial 9 with value: 0.1964141649918027.
running
running
[I 2024-10-22 08:56:27,948] Trial 11 finished with value: 0.23722379596403118 and parameters: {'model_name': 'SimpleImputer', 'strategy': 'most_frequent'}. Best is trial 9 with value: 0.1964141649918027.
running
[I 2024-10-22 08:56:28,216] Trial 7 finished with value: 0.23722379596403118 and parameters: {'model_name': 'SimpleImputer', 'strategy': 'most_frequent'}. Best is trial 9 with value: 0.1964141649918027.
running
[I 2024-10-22 08:56:28,370] Trial 18 finished with value: 0.23722379596403118 and parameters: {'model_name': 'SimpleImputer', 'strategy': 'constant'}. Best is trial 9 with value: 0.1964141649918027.
running
[I 2024-10-22 08:56:28,510] Trial 5 finished with value: 0.23722379596403118 and parameters: {'model_name': 'SimpleImputer', 'strategy': 'most_frequent'}. Best is trial 9 with value: 0.1964141649918027.
running
[I 2024-10-22 08:56:28,652] Trial 15 finished with value: 0.23722379596403118 and parameters: {'model_name': 'SimpleImputer', 'strategy': 'most_frequent'}. Best is trial 9 with value: 0.1964141649918027.
running
[I 2024-10-22 08:56:28,862] Trial 23 finished with value: 0.1964141649918027 and parameters: {'model_name': 'SimpleImputer', 'strategy': 'mean'}. Best is trial 9 with value: 0.1964141649918027.
running
[I 2024-10-22 08:56:29,116] Trial 24 finished with value: 0.1964141649918027 and parameters: {'model_name': 'SimpleImputer', 'strategy': 'mean'}. Best is trial 9 with value: 0.1964141649918027.
running
[I 2024-10-22 08:56:29,320] Trial 16 finished with value: 0.23722379596403118 and parameters: {'model_name': 'SimpleImputer', 'strategy': 'most_frequent'}. Best is trial 9 with value: 0.1964141649918027.
running
[I 2024-10-22 08:56:29,525] Trial 17 finished with value: 0.23722379596403118 and parameters: {'model_name': 'SimpleImputer', 'strategy': 'most_frequent'}. Best is trial 9 with value: 0.1964141649918027.
running
[I 2024-10-22 08:56:29,660] Trial 27 finished with value: 0.1964141649918027 and parameters: {'model_name': 'SimpleImputer', 'strategy': 'mean'}. Best is trial 9 with value: 0.1964141649918027.
running
[I 2024-10-22 08:56:29,779] Trial 19 finished with value: 0.2294963454322272 and parameters: {'model_name': 'SimpleImputer', 'strategy': 'median'}. Best is trial 9 with value: 0.1964141649918027.
running
[I 2024-10-22 08:56:29,891] Trial 26 finished with value: 0.1964141649918027 and parameters: {'model_name': 'SimpleImputer', 'strategy': 'mean'}. Best is trial 9 with value: 0.1964141649918027.
running
[I 2024-10-22 08:56:30,132] Trial 20 finished with value: 0.2294963454322272 and parameters: {'model_name': 'SimpleImputer', 'strategy': 'median'}. Best is trial 9 with value: 0.1964141649918027.
[I 2024-10-22 08:56:30,244] Trial 22 finished with value: 0.2294963454322272 and parameters: {'model_name': 'SimpleImputer', 'strategy': 'median'}. Best is trial 9 with value: 0.1964141649918027.
running
running
[I 2024-10-22 08:56:30,392] Trial 28 finished with value: 0.1964141649918027 and parameters: {'model_name': 'SimpleImputer', 'strategy': 'mean'}. Best is trial 9 with value: 0.1964141649918027.
running
[I 2024-10-22 08:56:30,619] Trial 30 finished with value: 0.1964141649918027 and parameters: {'model_name': 'SimpleImputer', 'strategy': 'mean'}. Best is trial 9 with value: 0.1964141649918027.
running
[I 2024-10-22 08:56:30,776] Trial 31 finished with value: 0.1964141649918027 and parameters: {'model_name': 'SimpleImputer', 'strategy': 'mean'}. Best is trial 9 with value: 0.1964141649918027.
running
[I 2024-10-22 08:56:30,977] Trial 29 finished with value: 0.1964141649918027 and parameters: {'model_name': 'SimpleImputer', 'strategy': 'mean'}. Best is trial 9 with value: 0.1964141649918027.
running
[I 2024-10-22 08:56:31,198] Trial 32 finished with value: 0.1964141649918027 and parameters: {'model_name': 'SimpleImputer', 'strategy': 'mean'}. Best is trial 9 with value: 0.1964141649918027.
running
[I 2024-10-22 08:56:31,342] Trial 33 finished with value: 0.1964141649918027 and parameters: {'model_name': 'SimpleImputer', 'strategy': 'mean'}. Best is trial 9 with value: 0.1964141649918027.
running
[I 2024-10-22 08:56:31,512] Trial 25 finished with value: 0.23722379596403118 and parameters: {'model_name': 'SimpleImputer', 'strategy': 'most_frequent'}. Best is trial 9 with value: 0.1964141649918027.
running
[I 2024-10-22 08:56:31,770] Trial 21 finished with value: 0.23722379596403118 and parameters: {'model_name': 'SimpleImputer', 'strategy': 'most_frequent'}. Best is trial 9 with value: 0.1964141649918027.
running
[I 2024-10-22 08:56:31,889] Trial 34 finished with value: 0.1964141649918027 and parameters: {'model_name': 'SimpleImputer', 'strategy': 'mean'}. Best is trial 9 with value: 0.1964141649918027.
running
[I 2024-10-22 08:56:32,081] Trial 38 finished with value: 0.1964141649918027 and parameters: {'model_name': 'SimpleImputer', 'strategy': 'mean'}. Best is trial 9 with value: 0.1964141649918027.
[I 2024-10-22 08:56:32,246] Trial 36 finished with value: 0.1964141649918027 and parameters: {'model_name': 'SimpleImputer', 'strategy': 'mean'}. Best is trial 9 with value: 0.1964141649918027.
running
[I 2024-10-22 08:56:32,370] Trial 35 finished with value: 0.1964141649918027 and parameters: {'model_name': 'SimpleImputer', 'strategy': 'mean'}. Best is trial 9 with value: 0.1964141649918027.
running
running
[I 2024-10-22 08:56:32,578] Trial 37 finished with value: 0.1964141649918027 and parameters: {'model_name': 'SimpleImputer', 'strategy': 'mean'}. Best is trial 9 with value: 0.1964141649918027.
[I 2024-10-22 08:56:32,678] Trial 41 finished with value: 0.1964141649918027 and parameters: {'model_name': 'SimpleImputer', 'strategy': 'mean'}. Best is trial 9 with value: 0.1964141649918027.
running
running
[I 2024-10-22 08:56:32,819] Trial 39 finished with value: 0.1964141649918027 and parameters: {'model_name': 'SimpleImputer', 'strategy': 'mean'}. Best is trial 9 with value: 0.1964141649918027.
running
[I 2024-10-22 08:56:32,961] Trial 40 finished with value: 0.1964141649918027 and parameters: {'model_name': 'SimpleImputer', 'strategy': 'mean'}. Best is trial 9 with value: 0.1964141649918027.
running
[I 2024-10-22 08:56:33,174] Trial 45 finished with value: 0.23722379596403118 and parameters: {'model_name': 'SimpleImputer', 'strategy': 'constant'}. Best is trial 9 with value: 0.1964141649918027.
running
[I 2024-10-22 08:56:33,326] Trial 42 finished with value: 0.1964141649918027 and parameters: {'model_name': 'SimpleImputer', 'strategy': 'mean'}. Best is trial 9 with value: 0.1964141649918027.
running
[I 2024-10-22 08:56:33,476] Trial 44 finished with value: 0.1964141649918027 and parameters: {'model_name': 'SimpleImputer', 'strategy': 'mean'}. Best is trial 9 with value: 0.1964141649918027.
[I 2024-10-22 08:56:33,635] Trial 48 finished with value: 0.1964141649918027 and parameters: {'model_name': 'SimpleImputer', 'strategy': 'mean'}. Best is trial 9 with value: 0.1964141649918027.
running
running
[I 2024-10-22 08:56:33,887] Trial 43 finished with value: 0.1964141649918027 and parameters: {'model_name': 'SimpleImputer', 'strategy': 'mean'}. Best is trial 9 with value: 0.1964141649918027.
running
[I 2024-10-22 08:56:34,004] Trial 50 finished with value: 0.1964141649918027 and parameters: {'model_name': 'SimpleImputer', 'strategy': 'mean'}. Best is trial 9 with value: 0.1964141649918027.
running
[I 2024-10-22 08:56:34,227] Trial 47 finished with value: 0.1964141649918027 and parameters: {'model_name': 'SimpleImputer', 'strategy': 'mean'}. Best is trial 9 with value: 0.1964141649918027.
running
[I 2024-10-22 08:56:34,365] Trial 49 finished with value: 0.1964141649918027 and parameters: {'model_name': 'SimpleImputer', 'strategy': 'mean'}. Best is trial 9 with value: 0.1964141649918027.
running
[I 2024-10-22 08:56:34,485] Trial 46 finished with value: 0.1964141649918027 and parameters: {'model_name': 'SimpleImputer', 'strategy': 'mean'}. Best is trial 9 with value: 0.1964141649918027.
running
[I 2024-10-22 08:56:34,622] Trial 52 finished with value: 0.23722379596403118 and parameters: {'model_name': 'SimpleImputer', 'strategy': 'constant'}. Best is trial 9 with value: 0.1964141649918027.
[I 2024-10-22 08:56:34,817] Trial 51 finished with value: 0.23722379596403118 and parameters: {'model_name': 'SimpleImputer', 'strategy': 'constant'}. Best is trial 9 with value: 0.1964141649918027.
running
running
[I 2024-10-22 08:56:35,003] Trial 56 finished with value: 0.23722379596403118 and parameters: {'model_name': 'SimpleImputer', 'strategy': 'constant'}. Best is trial 9 with value: 0.1964141649918027.
[I 2024-10-22 08:56:35,160] Trial 55 finished with value: 0.23722379596403118 and parameters: {'model_name': 'SimpleImputer', 'strategy': 'constant'}. Best is trial 9 with value: 0.1964141649918027.
running
running
[I 2024-10-22 08:56:35,357] Trial 54 finished with value: 0.23722379596403118 and parameters: {'model_name': 'SimpleImputer', 'strategy': 'constant'}. Best is trial 9 with value: 0.1964141649918027.
running
[I 2024-10-22 08:56:35,485] Trial 53 finished with value: 0.23722379596403118 and parameters: {'model_name': 'SimpleImputer', 'strategy': 'constant'}. Best is trial 9 with value: 0.1964141649918027.
running
[I 2024-10-22 08:56:35,643] Trial 57 finished with value: 0.23722379596403118 and parameters: {'model_name': 'SimpleImputer', 'strategy': 'constant'}. Best is trial 9 with value: 0.1964141649918027.
running
[I 2024-10-22 08:56:35,862] Trial 58 finished with value: 0.1964141649918027 and parameters: {'model_name': 'SimpleImputer', 'strategy': 'mean'}. Best is trial 9 with value: 0.1964141649918027.
running
[I 2024-10-22 08:56:36,009] Trial 60 finished with value: 0.23722379596403118 and parameters: {'model_name': 'SimpleImputer', 'strategy': 'constant'}. Best is trial 9 with value: 0.1964141649918027.
[I 2024-10-22 08:56:36,111] Trial 61 finished with value: 0.23722379596403118 and parameters: {'model_name': 'SimpleImputer', 'strategy': 'constant'}. Best is trial 9 with value: 0.1964141649918027.
running
running
[I 2024-10-22 08:56:36,346] Trial 59 finished with value: 0.23722379596403118 and parameters: {'model_name': 'SimpleImputer', 'strategy': 'constant'}. Best is trial 9 with value: 0.1964141649918027.
[I 2024-10-22 08:56:36,457] Trial 62 finished with value: 0.23722379596403118 and parameters: {'model_name': 'SimpleImputer', 'strategy': 'constant'}. Best is trial 9 with value: 0.1964141649918027.
running
[I 2024-10-22 08:56:36,635] Trial 63 finished with value: 0.23722379596403118 and parameters: {'model_name': 'SimpleImputer', 'strategy': 'constant'}. Best is trial 9 with value: 0.1964141649918027.
running
running
[I 2024-10-22 08:56:36,780] Trial 64 finished with value: 0.23722379596403118 and parameters: {'model_name': 'SimpleImputer', 'strategy': 'constant'}. Best is trial 9 with value: 0.1964141649918027.
running
[I 2024-10-22 08:56:36,953] Trial 66 finished with value: 0.23722379596403118 and parameters: {'model_name': 'SimpleImputer', 'strategy': 'constant'}. Best is trial 9 with value: 0.1964141649918027.
running
[I 2024-10-22 08:56:37,132] Trial 65 finished with value: 0.23722379596403118 and parameters: {'model_name': 'SimpleImputer', 'strategy': 'constant'}. Best is trial 9 with value: 0.1964141649918027.
running
[I 2024-10-22 08:56:37,580] Trial 68 finished with value: 0.2294963454322272 and parameters: {'model_name': 'SimpleImputer', 'strategy': 'median'}. Best is trial 9 with value: 0.1964141649918027.
running
[I 2024-10-22 08:56:37,825] Trial 69 finished with value: 0.2294963454322272 and parameters: {'model_name': 'SimpleImputer', 'strategy': 'median'}. Best is trial 9 with value: 0.1964141649918027.
running
[I 2024-10-22 08:56:38,021] Trial 70 finished with value: 0.2294963454322272 and parameters: {'model_name': 'SimpleImputer', 'strategy': 'median'}. Best is trial 9 with value: 0.1964141649918027.
running
[I 2024-10-22 08:56:38,165] Trial 71 finished with value: 0.2294963454322272 and parameters: {'model_name': 'SimpleImputer', 'strategy': 'median'}. Best is trial 9 with value: 0.1964141649918027.
[I 2024-10-22 08:56:38,265] Trial 74 finished with value: 0.2294963454322272 and parameters: {'model_name': 'SimpleImputer', 'strategy': 'median'}. Best is trial 9 with value: 0.1964141649918027.
running
running
[I 2024-10-22 08:56:38,427] Trial 67 finished with value: 0.2294963454322272 and parameters: {'model_name': 'SimpleImputer', 'strategy': 'median'}. Best is trial 9 with value: 0.1964141649918027.
[I 2024-10-22 08:56:38,528] Trial 75 finished with value: 0.2294963454322272 and parameters: {'model_name': 'SimpleImputer', 'strategy': 'median'}. Best is trial 9 with value: 0.1964141649918027.
running
[I 2024-10-22 08:56:38,681] Trial 76 finished with value: 0.2294963454322272 and parameters: {'model_name': 'SimpleImputer', 'strategy': 'median'}. Best is trial 9 with value: 0.1964141649918027.
running
running
[I 2024-10-22 08:56:38,894] Trial 73 finished with value: 0.2294963454322272 and parameters: {'model_name': 'SimpleImputer', 'strategy': 'median'}. Best is trial 9 with value: 0.1964141649918027.
running
[I 2024-10-22 08:56:39,171] Trial 72 finished with value: 0.2294963454322272 and parameters: {'model_name': 'SimpleImputer', 'strategy': 'median'}. Best is trial 9 with value: 0.1964141649918027.
running
[I 2024-10-22 08:56:39,327] Trial 80 finished with value: 0.2294963454322272 and parameters: {'model_name': 'SimpleImputer', 'strategy': 'median'}. Best is trial 9 with value: 0.1964141649918027.
running
[I 2024-10-22 08:56:39,454] Trial 77 finished with value: 0.2294963454322272 and parameters: {'model_name': 'SimpleImputer', 'strategy': 'median'}. Best is trial 9 with value: 0.1964141649918027.
running
[I 2024-10-22 08:56:39,558] Trial 78 finished with value: 0.2294963454322272 and parameters: {'model_name': 'SimpleImputer', 'strategy': 'median'}. Best is trial 9 with value: 0.1964141649918027.
[I 2024-10-22 08:56:39,658] Trial 81 finished with value: 0.2294963454322272 and parameters: {'model_name': 'SimpleImputer', 'strategy': 'median'}. Best is trial 9 with value: 0.1964141649918027.
running
running
[I 2024-10-22 08:56:39,842] Trial 82 finished with value: 0.2294963454322272 and parameters: {'model_name': 'SimpleImputer', 'strategy': 'median'}. Best is trial 9 with value: 0.1964141649918027.
running
[I 2024-10-22 08:56:40,116] Trial 79 finished with value: 0.2294963454322272 and parameters: {'model_name': 'SimpleImputer', 'strategy': 'median'}. Best is trial 9 with value: 0.1964141649918027.
[I 2024-10-22 08:56:40,225] Trial 84 finished with value: 0.1964141649918027 and parameters: {'model_name': 'SimpleImputer', 'strategy': 'mean'}. Best is trial 9 with value: 0.1964141649918027.
running
running
[I 2024-10-22 08:56:40,497] Trial 85 finished with value: 0.1964141649918027 and parameters: {'model_name': 'SimpleImputer', 'strategy': 'mean'}. Best is trial 9 with value: 0.1964141649918027.
running
[I 2024-10-22 08:56:40,638] Trial 83 finished with value: 0.1964141649918027 and parameters: {'model_name': 'SimpleImputer', 'strategy': 'mean'}. Best is trial 9 with value: 0.1964141649918027.
[I 2024-10-22 08:56:40,740] Trial 87 finished with value: 0.1964141649918027 and parameters: {'model_name': 'SimpleImputer', 'strategy': 'mean'}. Best is trial 9 with value: 0.1964141649918027.
running
running
[I 2024-10-22 08:56:40,937] Trial 90 finished with value: 0.1964141649918027 and parameters: {'model_name': 'SimpleImputer', 'strategy': 'mean'}. Best is trial 9 with value: 0.1964141649918027.
running
[I 2024-10-22 08:56:41,165] Trial 86 finished with value: 0.1964141649918027 and parameters: {'model_name': 'SimpleImputer', 'strategy': 'mean'}. Best is trial 9 with value: 0.1964141649918027.
running
[I 2024-10-22 08:56:41,359] Trial 91 finished with value: 0.1964141649918027 and parameters: {'model_name': 'SimpleImputer', 'strategy': 'mean'}. Best is trial 9 with value: 0.1964141649918027.
running
[I 2024-10-22 08:56:41,587] Trial 88 finished with value: 0.1964141649918027 and parameters: {'model_name': 'SimpleImputer', 'strategy': 'mean'}. Best is trial 9 with value: 0.1964141649918027.
running
[I 2024-10-22 08:56:41,762] Trial 89 finished with value: 0.1964141649918027 and parameters: {'model_name': 'SimpleImputer', 'strategy': 'mean'}. Best is trial 9 with value: 0.1964141649918027.
running
[I 2024-10-22 08:56:41,963] Trial 92 finished with value: 0.1964141649918027 and parameters: {'model_name': 'SimpleImputer', 'strategy': 'mean'}. Best is trial 9 with value: 0.1964141649918027.
running
[I 2024-10-22 08:56:42,097] Trial 94 finished with value: 0.1964141649918027 and parameters: {'model_name': 'SimpleImputer', 'strategy': 'mean'}. Best is trial 9 with value: 0.1964141649918027.
running
[I 2024-10-22 08:56:42,262] Trial 93 finished with value: 0.1964141649918027 and parameters: {'model_name': 'SimpleImputer', 'strategy': 'mean'}. Best is trial 9 with value: 0.1964141649918027.
[I 2024-10-22 08:56:42,369] Trial 96 finished with value: 0.1964141649918027 and parameters: {'model_name': 'SimpleImputer', 'strategy': 'mean'}. Best is trial 9 with value: 0.1964141649918027.
running
running
[I 2024-10-22 08:56:42,556] Trial 95 finished with value: 0.1964141649918027 and parameters: {'model_name': 'SimpleImputer', 'strategy': 'mean'}. Best is trial 9 with value: 0.1964141649918027.
running
[I 2024-10-22 08:56:42,746] Trial 97 finished with value: 0.1964141649918027 and parameters: {'model_name': 'SimpleImputer', 'strategy': 'mean'}. Best is trial 9 with value: 0.1964141649918027.
running
[I 2024-10-22 08:56:42,894] Trial 98 finished with value: 0.1964141649918027 and parameters: {'model_name': 'SimpleImputer', 'strategy': 'mean'}. Best is trial 9 with value: 0.1964141649918027.
running
[I 2024-10-22 08:56:43,133] Trial 99 finished with value: 0.1964141649918027 and parameters: {'model_name': 'SimpleImputer', 'strategy': 'mean'}. Best is trial 9 with value: 0.1964141649918027.
running
[I 2024-10-22 08:56:43,386] Trial 103 finished with value: 0.1964141649918027 and parameters: {'model_name': 'SimpleImputer', 'strategy': 'mean'}. Best is trial 9 with value: 0.1964141649918027.
running
[I 2024-10-22 08:56:43,582] Trial 101 finished with value: 0.1964141649918027 and parameters: {'model_name': 'SimpleImputer', 'strategy': 'mean'}. Best is trial 9 with value: 0.1964141649918027.
running
[I 2024-10-22 08:56:43,779] Trial 100 finished with value: 0.1964141649918027 and parameters: {'model_name': 'SimpleImputer', 'strategy': 'mean'}. Best is trial 9 with value: 0.1964141649918027.
[I 2024-10-22 08:56:43,959] Trial 102 finished with value: 0.1964141649918027 and parameters: {'model_name': 'SimpleImputer', 'strategy': 'mean'}. Best is trial 9 with value: 0.1964141649918027.
running
running
[I 2024-10-22 08:56:44,135] Trial 104 finished with value: 0.1964141649918027 and parameters: {'model_name': 'SimpleImputer', 'strategy': 'mean'}. Best is trial 9 with value: 0.1964141649918027.
running
[I 2024-10-22 08:56:44,364] Trial 106 finished with value: 0.1964141649918027 and parameters: {'model_name': 'SimpleImputer', 'strategy': 'mean'}. Best is trial 9 with value: 0.1964141649918027.
running
[I 2024-10-22 08:56:44,577] Trial 107 finished with value: 0.1964141649918027 and parameters: {'model_name': 'SimpleImputer', 'strategy': 'mean'}. Best is trial 9 with value: 0.1964141649918027.
running
[I 2024-10-22 08:56:45,431] Trial 105 finished with value: 0.23722379596403118 and parameters: {'model_name': 'SimpleImputer', 'strategy': 'most_frequent'}. Best is trial 9 with value: 0.1964141649918027.
running
[I 2024-10-22 08:56:45,669] Trial 110 finished with value: 0.23722379596403118 and parameters: {'model_name': 'SimpleImputer', 'strategy': 'most_frequent'}. Best is trial 9 with value: 0.1964141649918027.
running
[I 2024-10-22 08:56:45,910] Trial 118 finished with value: 0.1964141649918027 and parameters: {'model_name': 'SimpleImputer', 'strategy': 'mean'}. Best is trial 9 with value: 0.1964141649918027.
running
[I 2024-10-22 08:56:46,111] Trial 109 finished with value: 0.23722379596403118 and parameters: {'model_name': 'SimpleImputer', 'strategy': 'most_frequent'}. Best is trial 9 with value: 0.1964141649918027.
running
[I 2024-10-22 08:56:46,238] Trial 119 finished with value: 0.1964141649918027 and parameters: {'model_name': 'SimpleImputer', 'strategy': 'mean'}. Best is trial 9 with value: 0.1964141649918027.
running
[I 2024-10-22 08:56:46,399] Trial 112 finished with value: 0.23722379596403118 and parameters: {'model_name': 'SimpleImputer', 'strategy': 'most_frequent'}. Best is trial 9 with value: 0.1964141649918027.
[I 2024-10-22 08:56:46,537] Trial 111 finished with value: 0.23722379596403118 and parameters: {'model_name': 'SimpleImputer', 'strategy': 'most_frequent'}. Best is trial 9 with value: 0.1964141649918027.
running
running
[I 2024-10-22 08:56:46,772] Trial 113 finished with value: 0.23722379596403118 and parameters: {'model_name': 'SimpleImputer', 'strategy': 'most_frequent'}. Best is trial 9 with value: 0.1964141649918027.
running
[I 2024-10-22 08:56:46,931] Trial 108 finished with value: 0.23722379596403118 and parameters: {'model_name': 'SimpleImputer', 'strategy': 'most_frequent'}. Best is trial 9 with value: 0.1964141649918027.
running
[I 2024-10-22 08:56:47,158] Trial 114 finished with value: 0.23722379596403118 and parameters: {'model_name': 'SimpleImputer', 'strategy': 'most_frequent'}. Best is trial 9 with value: 0.1964141649918027.
running
[I 2024-10-22 08:56:47,423] Trial 116 finished with value: 0.23722379596403118 and parameters: {'model_name': 'SimpleImputer', 'strategy': 'most_frequent'}. Best is trial 9 with value: 0.1964141649918027.
[I 2024-10-22 08:56:47,583] Trial 117 finished with value: 0.23722379596403118 and parameters: {'model_name': 'SimpleImputer', 'strategy': 'most_frequent'}. Best is trial 9 with value: 0.1964141649918027.
running
running
[I 2024-10-22 08:56:47,789] Trial 115 finished with value: 0.23722379596403118 and parameters: {'model_name': 'SimpleImputer', 'strategy': 'most_frequent'}. Best is trial 9 with value: 0.1964141649918027.
running
[I 2024-10-22 08:56:48,051] Trial 120 finished with value: 0.23722379596403118 and parameters: {'model_name': 'SimpleImputer', 'strategy': 'most_frequent'}. Best is trial 9 with value: 0.1964141649918027.
running
[I 2024-10-22 08:56:48,289] Trial 122 finished with value: 0.23722379596403118 and parameters: {'model_name': 'SimpleImputer', 'strategy': 'most_frequent'}. Best is trial 9 with value: 0.1964141649918027.
running
[I 2024-10-22 08:56:48,507] Trial 125 finished with value: 0.1964141649918027 and parameters: {'model_name': 'SimpleImputer', 'strategy': 'mean'}. Best is trial 9 with value: 0.1964141649918027.
running
[I 2024-10-22 08:56:48,713] Trial 126 finished with value: 0.1964141649918027 and parameters: {'model_name': 'SimpleImputer', 'strategy': 'mean'}. Best is trial 9 with value: 0.1964141649918027.
running
[I 2024-10-22 08:56:48,866] Trial 121 finished with value: 0.23722379596403118 and parameters: {'model_name': 'SimpleImputer', 'strategy': 'most_frequent'}. Best is trial 9 with value: 0.1964141649918027.
[I 2024-10-22 08:56:48,969] Trial 129 finished with value: 0.1964141649918027 and parameters: {'model_name': 'SimpleImputer', 'strategy': 'mean'}. Best is trial 9 with value: 0.1964141649918027.
running
[I 2024-10-22 08:56:49,129] Trial 124 finished with value: 0.1964141649918027 and parameters: {'model_name': 'SimpleImputer', 'strategy': 'mean'}. Best is trial 9 with value: 0.1964141649918027.
running
running
[I 2024-10-22 08:56:49,274] Trial 127 finished with value: 0.1964141649918027 and parameters: {'model_name': 'SimpleImputer', 'strategy': 'mean'}. Best is trial 9 with value: 0.1964141649918027.
running
[I 2024-10-22 08:56:49,468] Trial 128 finished with value: 0.1964141649918027 and parameters: {'model_name': 'SimpleImputer', 'strategy': 'mean'}. Best is trial 9 with value: 0.1964141649918027.
[I 2024-10-22 08:56:49,568] Trial 132 finished with value: 0.1964141649918027 and parameters: {'model_name': 'SimpleImputer', 'strategy': 'mean'}. Best is trial 9 with value: 0.1964141649918027.
running
running
[I 2024-10-22 08:56:49,788] Trial 130 finished with value: 0.1964141649918027 and parameters: {'model_name': 'SimpleImputer', 'strategy': 'mean'}. Best is trial 9 with value: 0.1964141649918027.
running
[I 2024-10-22 08:56:49,996] Trial 133 finished with value: 0.1964141649918027 and parameters: {'model_name': 'SimpleImputer', 'strategy': 'mean'}. Best is trial 9 with value: 0.1964141649918027.
running
[I 2024-10-22 08:56:50,123] Trial 131 finished with value: 0.1964141649918027 and parameters: {'model_name': 'SimpleImputer', 'strategy': 'mean'}. Best is trial 9 with value: 0.1964141649918027.
running
[I 2024-10-22 08:56:50,445] Trial 134 finished with value: 0.1964141649918027 and parameters: {'model_name': 'SimpleImputer', 'strategy': 'mean'}. Best is trial 9 with value: 0.1964141649918027.
running
[I 2024-10-22 08:56:50,622] Trial 136 finished with value: 0.1964141649918027 and parameters: {'model_name': 'SimpleImputer', 'strategy': 'mean'}. Best is trial 9 with value: 0.1964141649918027.
running
[I 2024-10-22 08:56:50,815] Trial 123 finished with value: 0.23722379596403118 and parameters: {'model_name': 'SimpleImputer', 'strategy': 'most_frequent'}. Best is trial 9 with value: 0.1964141649918027.
[I 2024-10-22 08:56:50,934] Trial 135 finished with value: 0.1964141649918027 and parameters: {'model_name': 'SimpleImputer', 'strategy': 'mean'}. Best is trial 9 with value: 0.1964141649918027.
running
running
[I 2024-10-22 08:56:51,100] Trial 140 finished with value: 0.1964141649918027 and parameters: {'model_name': 'SimpleImputer', 'strategy': 'mean'}. Best is trial 9 with value: 0.1964141649918027.
running
[I 2024-10-22 08:56:51,252] Trial 137 finished with value: 0.1964141649918027 and parameters: {'model_name': 'SimpleImputer', 'strategy': 'mean'}. Best is trial 9 with value: 0.1964141649918027.
running
[I 2024-10-22 08:56:51,403] Trial 142 finished with value: 0.1964141649918027 and parameters: {'model_name': 'SimpleImputer', 'strategy': 'mean'}. Best is trial 9 with value: 0.1964141649918027.
[I 2024-10-22 08:56:51,569] Trial 141 finished with value: 0.1964141649918027 and parameters: {'model_name': 'SimpleImputer', 'strategy': 'mean'}. Best is trial 9 with value: 0.1964141649918027.
running
running
[I 2024-10-22 08:56:51,721] Trial 139 finished with value: 0.1964141649918027 and parameters: {'model_name': 'SimpleImputer', 'strategy': 'mean'}. Best is trial 9 with value: 0.1964141649918027.
running
[I 2024-10-22 08:56:51,843] Trial 143 finished with value: 0.1964141649918027 and parameters: {'model_name': 'SimpleImputer', 'strategy': 'mean'}. Best is trial 9 with value: 0.1964141649918027.
running
[I 2024-10-22 08:56:51,984] Trial 138 finished with value: 0.1964141649918027 and parameters: {'model_name': 'SimpleImputer', 'strategy': 'mean'}. Best is trial 9 with value: 0.1964141649918027.
running
[I 2024-10-22 08:56:52,122] Trial 144 finished with value: 0.1964141649918027 and parameters: {'model_name': 'SimpleImputer', 'strategy': 'mean'}. Best is trial 9 with value: 0.1964141649918027.
running
[I 2024-10-22 08:56:52,291] Trial 147 finished with value: 0.1964141649918027 and parameters: {'model_name': 'SimpleImputer', 'strategy': 'mean'}. Best is trial 9 with value: 0.1964141649918027.
[I 2024-10-22 08:56:52,457] Trial 145 finished with value: 0.1964141649918027 and parameters: {'model_name': 'SimpleImputer', 'strategy': 'mean'}. Best is trial 9 with value: 0.1964141649918027.
running
running
[I 2024-10-22 08:56:52,580] Trial 148 finished with value: 0.1964141649918027 and parameters: {'model_name': 'SimpleImputer', 'strategy': 'mean'}. Best is trial 9 with value: 0.1964141649918027.
running
[I 2024-10-22 08:56:52,788] Trial 146 finished with value: 0.1964141649918027 and parameters: {'model_name': 'SimpleImputer', 'strategy': 'mean'}. Best is trial 9 with value: 0.1964141649918027.
running
[I 2024-10-22 08:56:53,179] Trial 149 finished with value: 0.1964141649918027 and parameters: {'model_name': 'SimpleImputer', 'strategy': 'mean'}. Best is trial 9 with value: 0.1964141649918027.
running
[I 2024-10-22 08:56:53,358] Trial 150 finished with value: 0.1964141649918027 and parameters: {'model_name': 'SimpleImputer', 'strategy': 'mean'}. Best is trial 9 with value: 0.1964141649918027.
[I 2024-10-22 08:56:53,485] Trial 151 finished with value: 0.1964141649918027 and parameters: {'model_name': 'SimpleImputer', 'strategy': 'mean'}. Best is trial 9 with value: 0.1964141649918027.
running
running
[I 2024-10-22 08:56:53,732] Trial 155 finished with value: 0.1964141649918027 and parameters: {'model_name': 'SimpleImputer', 'strategy': 'mean'}. Best is trial 9 with value: 0.1964141649918027.
running
[I 2024-10-22 08:56:53,865] Trial 152 finished with value: 0.1964141649918027 and parameters: {'model_name': 'SimpleImputer', 'strategy': 'mean'}. Best is trial 9 with value: 0.1964141649918027.
[I 2024-10-22 08:56:53,971] Trial 153 finished with value: 0.1964141649918027 and parameters: {'model_name': 'SimpleImputer', 'strategy': 'mean'}. Best is trial 9 with value: 0.1964141649918027.
running
running
[I 2024-10-22 08:56:54,108] Trial 156 finished with value: 0.1964141649918027 and parameters: {'model_name': 'SimpleImputer', 'strategy': 'mean'}. Best is trial 9 with value: 0.1964141649918027.
running
[I 2024-10-22 08:56:54,264] Trial 154 finished with value: 0.1964141649918027 and parameters: {'model_name': 'SimpleImputer', 'strategy': 'mean'}. Best is trial 9 with value: 0.1964141649918027.
running
[I 2024-10-22 08:56:54,410] Trial 159 finished with value: 0.1964141649918027 and parameters: {'model_name': 'SimpleImputer', 'strategy': 'mean'}. Best is trial 9 with value: 0.1964141649918027.
[I 2024-10-22 08:56:54,517] Trial 157 finished with value: 0.1964141649918027 and parameters: {'model_name': 'SimpleImputer', 'strategy': 'mean'}. Best is trial 9 with value: 0.1964141649918027.
running
running
[I 2024-10-22 08:56:54,787] Trial 163 finished with value: 0.1964141649918027 and parameters: {'model_name': 'SimpleImputer', 'strategy': 'mean'}. Best is trial 9 with value: 0.1964141649918027.
running
[I 2024-10-22 08:56:55,009] Trial 160 finished with value: 0.1964141649918027 and parameters: {'model_name': 'SimpleImputer', 'strategy': 'mean'}. Best is trial 9 with value: 0.1964141649918027.
[I 2024-10-22 08:56:55,120] Trial 161 finished with value: 0.1964141649918027 and parameters: {'model_name': 'SimpleImputer', 'strategy': 'mean'}. Best is trial 9 with value: 0.1964141649918027.
[I 2024-10-22 08:56:55,276] Trial 162 finished with value: 0.1964141649918027 and parameters: {'model_name': 'SimpleImputer', 'strategy': 'mean'}. Best is trial 9 with value: 0.1964141649918027.
running
running
[I 2024-10-22 08:56:55,394] Trial 158 finished with value: 0.1964141649918027 and parameters: {'model_name': 'SimpleImputer', 'strategy': 'mean'}. Best is trial 9 with value: 0.1964141649918027.
running
running
[I 2024-10-22 08:56:55,536] Trial 164 finished with value: 0.1964141649918027 and parameters: {'model_name': 'SimpleImputer', 'strategy': 'mean'}. Best is trial 9 with value: 0.1964141649918027.
running
[I 2024-10-22 08:56:55,818] Trial 167 finished with value: 0.1964141649918027 and parameters: {'model_name': 'SimpleImputer', 'strategy': 'mean'}. Best is trial 9 with value: 0.1964141649918027.
running
[I 2024-10-22 08:56:56,019] Trial 168 finished with value: 0.1964141649918027 and parameters: {'model_name': 'SimpleImputer', 'strategy': 'mean'}. Best is trial 9 with value: 0.1964141649918027.
[I 2024-10-22 08:56:56,148] Trial 166 finished with value: 0.1964141649918027 and parameters: {'model_name': 'SimpleImputer', 'strategy': 'mean'}. Best is trial 9 with value: 0.1964141649918027.
running
running
[I 2024-10-22 08:56:56,313] Trial 169 finished with value: 0.1964141649918027 and parameters: {'model_name': 'SimpleImputer', 'strategy': 'mean'}. Best is trial 9 with value: 0.1964141649918027.
running
[I 2024-10-22 08:56:56,481] Trial 165 finished with value: 0.1964141649918027 and parameters: {'model_name': 'SimpleImputer', 'strategy': 'mean'}. Best is trial 9 with value: 0.1964141649918027.
running
[I 2024-10-22 08:56:56,658] Trial 170 finished with value: 0.1964141649918027 and parameters: {'model_name': 'SimpleImputer', 'strategy': 'mean'}. Best is trial 9 with value: 0.1964141649918027.
running
[I 2024-10-22 08:56:56,768] Trial 171 finished with value: 0.1964141649918027 and parameters: {'model_name': 'SimpleImputer', 'strategy': 'mean'}. Best is trial 9 with value: 0.1964141649918027.
[I 2024-10-22 08:56:56,866] Trial 172 finished with value: 0.1964141649918027 and parameters: {'model_name': 'SimpleImputer', 'strategy': 'mean'}. Best is trial 9 with value: 0.1964141649918027.
running
running
[I 2024-10-22 08:56:56,983] Trial 173 finished with value: 0.1964141649918027 and parameters: {'model_name': 'SimpleImputer', 'strategy': 'mean'}. Best is trial 9 with value: 0.1964141649918027.
[I 2024-10-22 08:56:57,141] Trial 175 finished with value: 0.1964141649918027 and parameters: {'model_name': 'SimpleImputer', 'strategy': 'mean'}. Best is trial 9 with value: 0.1964141649918027.
running
running
[I 2024-10-22 08:56:57,403] Trial 180 finished with value: 0.1964141649918027 and parameters: {'model_name': 'SimpleImputer', 'strategy': 'mean'}. Best is trial 9 with value: 0.1964141649918027.
running
[I 2024-10-22 08:56:57,540] Trial 174 finished with value: 0.1964141649918027 and parameters: {'model_name': 'SimpleImputer', 'strategy': 'mean'}. Best is trial 9 with value: 0.1964141649918027.
running
[I 2024-10-22 08:56:57,682] Trial 176 finished with value: 0.1964141649918027 and parameters: {'model_name': 'SimpleImputer', 'strategy': 'mean'}. Best is trial 9 with value: 0.1964141649918027.
running
[I 2024-10-22 08:56:57,873] Trial 178 finished with value: 0.1964141649918027 and parameters: {'model_name': 'SimpleImputer', 'strategy': 'mean'}. Best is trial 9 with value: 0.1964141649918027.
running
[I 2024-10-22 08:56:58,046] Trial 177 finished with value: 0.1964141649918027 and parameters: {'model_name': 'SimpleImputer', 'strategy': 'mean'}. Best is trial 9 with value: 0.1964141649918027.
running
[I 2024-10-22 08:56:58,317] Trial 179 finished with value: 0.1964141649918027 and parameters: {'model_name': 'SimpleImputer', 'strategy': 'mean'}. Best is trial 9 with value: 0.1964141649918027.
running
[I 2024-10-22 08:56:58,477] Trial 181 finished with value: 0.1964141649918027 and parameters: {'model_name': 'SimpleImputer', 'strategy': 'mean'}. Best is trial 9 with value: 0.1964141649918027.
running
[I 2024-10-22 08:56:58,736] Trial 184 finished with value: 0.1964141649918027 and parameters: {'model_name': 'SimpleImputer', 'strategy': 'mean'}. Best is trial 9 with value: 0.1964141649918027.
running
[I 2024-10-22 08:56:58,898] Trial 183 finished with value: 0.1964141649918027 and parameters: {'model_name': 'SimpleImputer', 'strategy': 'mean'}. Best is trial 9 with value: 0.1964141649918027.
running
[I 2024-10-22 08:56:59,084] Trial 185 finished with value: 0.1964141649918027 and parameters: {'model_name': 'SimpleImputer', 'strategy': 'mean'}. Best is trial 9 with value: 0.1964141649918027.
[I 2024-10-22 08:56:59,210] Trial 182 finished with value: 0.1964141649918027 and parameters: {'model_name': 'SimpleImputer', 'strategy': 'mean'}. Best is trial 9 with value: 0.1964141649918027.
[I 2024-10-22 08:56:59,459] Trial 192 finished with value: 0.1964141649918027 and parameters: {'model_name': 'SimpleImputer', 'strategy': 'mean'}. Best is trial 9 with value: 0.1964141649918027.
[I 2024-10-22 08:56:59,615] Trial 186 finished with value: 0.1964141649918027 and parameters: {'model_name': 'SimpleImputer', 'strategy': 'mean'}. Best is trial 9 with value: 0.1964141649918027.
[I 2024-10-22 08:56:59,742] Trial 190 finished with value: 0.1964141649918027 and parameters: {'model_name': 'SimpleImputer', 'strategy': 'mean'}. Best is trial 9 with value: 0.1964141649918027.
[I 2024-10-22 08:56:59,904] Trial 188 finished with value: 0.1964141649918027 and parameters: {'model_name': 'SimpleImputer', 'strategy': 'mean'}. Best is trial 9 with value: 0.1964141649918027.
[I 2024-10-22 08:57:00,072] Trial 187 finished with value: 0.1964141649918027 and parameters: {'model_name': 'SimpleImputer', 'strategy': 'mean'}. Best is trial 9 with value: 0.1964141649918027.
[I 2024-10-22 08:57:00,227] Trial 191 finished with value: 0.1964141649918027 and parameters: {'model_name': 'SimpleImputer', 'strategy': 'mean'}. Best is trial 9 with value: 0.1964141649918027.
[I 2024-10-22 08:57:00,329] Trial 189 finished with value: 0.1964141649918027 and parameters: {'model_name': 'SimpleImputer', 'strategy': 'mean'}. Best is trial 9 with value: 0.1964141649918027.
[I 2024-10-22 08:57:00,450] Trial 195 finished with value: 0.1964141649918027 and parameters: {'model_name': 'SimpleImputer', 'strategy': 'mean'}. Best is trial 9 with value: 0.1964141649918027.
[I 2024-10-22 08:57:00,586] Trial 194 finished with value: 0.1964141649918027 and parameters: {'model_name': 'SimpleImputer', 'strategy': 'mean'}. Best is trial 9 with value: 0.1964141649918027.
[I 2024-10-22 08:57:00,712] Trial 198 finished with value: 0.1964141649918027 and parameters: {'model_name': 'SimpleImputer', 'strategy': 'mean'}. Best is trial 9 with value: 0.1964141649918027.
[I 2024-10-22 08:57:00,880] Trial 197 finished with value: 0.1964141649918027 and parameters: {'model_name': 'SimpleImputer', 'strategy': 'mean'}. Best is trial 9 with value: 0.1964141649918027.
[I 2024-10-22 08:57:00,988] Trial 196 finished with value: 0.1964141649918027 and parameters: {'model_name': 'SimpleImputer', 'strategy': 'mean'}. Best is trial 9 with value: 0.1964141649918027.
[I 2024-10-22 08:57:01,084] Trial 193 finished with value: 0.1964141649918027 and parameters: {'model_name': 'SimpleImputer', 'strategy': 'mean'}. Best is trial 9 with value: 0.1964141649918027.
[I 2024-10-22 08:57:01,187] Trial 199 finished with value: 0.1964141649918027 and parameters: {'model_name': 'SimpleImputer', 'strategy': 'mean'}. Best is trial 9 with value: 0.1964141649918027.
fit
simple fit
simple transform
0    0
1    0
2    0
3    0
4    0
5    0
6    0
7    0
8    0
dtype: int64
0    0
1    0
2    0
3    0
4    0
5    0
6    0
7    0
8    0
dtype: int64
0.1964141649918027
{'model_name': 'SimpleImputer', 'strategy': 'mean'}
running experiment 2/3 - Does reconstruction give good automl predictions
Start est fit
Version 0.1.7a0 of tpot2 is outdated. Version 0.1.8a0 was released Tuesday September 17, 2024.
Version 0.1.7a0 of tpot2 is outdated. Version 0.1.8a0 was released Tuesday September 17, 2024.
Version 0.1.7a0 of tpot2 is outdated. Version 0.1.8a0 was released Tuesday September 17, 2024.
Version 0.1.7a0 of tpot2 is outdated. Version 0.1.8a0 was released Tuesday September 17, 2024.
Version 0.1.7a0 of tpot2 is outdated. Version 0.1.8a0 was released Tuesday September 17, 2024.
Version 0.1.7a0 of tpot2 is outdated. Version 0.1.8a0 was released Tuesday September 17, 2024.
Version 0.1.7a0 of tpot2 is outdated. Version 0.1.8a0 was released Tuesday September 17, 2024.
Version 0.1.7a0 of tpot2 is outdated. Version 0.1.8a0 was released Tuesday September 17, 2024.
Version 0.1.7a0 of tpot2 is outdated. Version 0.1.8a0 was released Tuesday September 17, 2024.
Version 0.1.7a0 of tpot2 is outdated. Version 0.1.8a0 was released Tuesday September 17, 2024.
Version 0.1.7a0 of tpot2 is outdated. Version 0.1.8a0 was released Tuesday September 17, 2024.
Version 0.1.7a0 of tpot2 is outdated. Version 0.1.8a0 was released Tuesday September 17, 2024.
Version 0.1.7a0 of tpot2 is outdated. Version 0.1.8a0 was released Tuesday September 17, 2024.
Version 0.1.7a0 of tpot2 is outdated. Version 0.1.8a0 was released Tuesday September 17, 2024.
Version 0.1.7a0 of tpot2 is outdated. Version 0.1.8a0 was released Tuesday September 17, 2024.
Version 0.1.7a0 of tpot2 is outdated. Version 0.1.8a0 was released Tuesday September 17, 2024.
  0%|          | 0/25 [00:00<?, ?it/s]Generation:   0%|          | 0/25 [00:00<?, ?it/s]Generation:  1
Best f1_score score: 0.9563067048518017
Generation:   4%|▍         | 1/25 [07:10<2:52:21, 430.91s/it]WARNING THIS INDIVIDUAL CAUSED AND EXCEPTION 
 <tpot2.search_spaces.pipelines.sequential.SequentialPipelineIndividual object at 0x155474d728f0> 
 The 'min_samples_split' parameter of DecisionTreeClassifier must be an int in the range [2, inf) or a float in the range (0.0, 1.0]. Got 1 instead. 
 Traceback (most recent call last):
  File "/common/ketrong/tpotexp/tpot2/tpot2/utils/eval_utils.py", line 53, in objective_nan_wrapper
    value = func_timeout.func_timeout(timeout, objective_function, args=[individual], kwargs=objective_kwargs)
  File "/common/ketrong/tpotexp/env/lib/python3.10/site-packages/func_timeout/dafunc.py", line 108, in func_timeout
    raise_exception(exception)
  File "/common/ketrong/tpotexp/env/lib/python3.10/site-packages/func_timeout/py3_raise.py", line 7, in raise_exception
    raise exception[0] from None
  File "/common/ketrong/tpotexp/tpot2/tpot2/tpot_estimator/estimator.py", line 623, in objective_function
    return objective_function_generator(
  File "/common/ketrong/tpotexp/tpot2/tpot2/tpot_estimator/estimator_utils.py", line 55, in objective_function_generator
    cv_obj_scores = cross_val_score_objective(sklearn.base.clone(pipeline),x,y,scorers=scorers, cv=cv , fold=step)
  File "/common/ketrong/tpotexp/tpot2/tpot2/tpot_estimator/cross_val_utils.py", line 28, in cross_val_score_objective
    this_fold_pipeline.fit(X_train,y_train)
  File "/common/ketrong/tpotexp/env/lib/python3.10/site-packages/sklearn/base.py", line 1473, in wrapper
    return fit_method(estimator, *args, **kwargs)
  File "/common/ketrong/tpotexp/env/lib/python3.10/site-packages/sklearn/pipeline.py", line 473, in fit
    self._final_estimator.fit(Xt, y, **last_step_params["fit"])
  File "/common/ketrong/tpotexp/env/lib/python3.10/site-packages/sklearn/base.py", line 1466, in wrapper
    estimator._validate_params()
  File "/common/ketrong/tpotexp/env/lib/python3.10/site-packages/sklearn/base.py", line 666, in _validate_params
    validate_parameter_constraints(
  File "/common/ketrong/tpotexp/env/lib/python3.10/site-packages/sklearn/utils/_param_validation.py", line 95, in validate_parameter_constraints
    raise InvalidParameterError(
sklearn.utils._param_validation.InvalidParameterError: The 'min_samples_split' parameter of DecisionTreeClassifier must be an int in the range [2, inf) or a float in the range (0.0, 1.0]. Got 1 instead.

Generation:  2
Best f1_score score: 0.9567217077541319
Generation:   8%|▊         | 2/25 [09:19<1:37:00, 253.08s/it]Generation:  3
Best f1_score score: 0.9567217077541319
Generation:  12%|█▏        | 3/25 [12:34<1:23:07, 226.71s/it]Generation:  4
Best f1_score score: 0.958357916294078
Generation:  16%|█▌        | 4/25 [12:50<50:15, 143.58s/it]  Generation:  5
Best f1_score score: 0.958357916294078
Generation:  20%|██        | 5/25 [13:24<34:40, 104.01s/it]WARNING THIS INDIVIDUAL CAUSED AND EXCEPTION 
 <tpot2.search_spaces.pipelines.sequential.SequentialPipelineIndividual object at 0x155474d381c0> 
 The 'min_samples_split' parameter of DecisionTreeClassifier must be an int in the range [2, inf) or a float in the range (0.0, 1.0]. Got 1 instead. 
 Traceback (most recent call last):
  File "/common/ketrong/tpotexp/tpot2/tpot2/utils/eval_utils.py", line 53, in objective_nan_wrapper
    value = func_timeout.func_timeout(timeout, objective_function, args=[individual], kwargs=objective_kwargs)
  File "/common/ketrong/tpotexp/env/lib/python3.10/site-packages/func_timeout/dafunc.py", line 108, in func_timeout
    raise_exception(exception)
  File "/common/ketrong/tpotexp/env/lib/python3.10/site-packages/func_timeout/py3_raise.py", line 7, in raise_exception
    raise exception[0] from None
  File "/common/ketrong/tpotexp/tpot2/tpot2/tpot_estimator/estimator.py", line 623, in objective_function
    return objective_function_generator(
  File "/common/ketrong/tpotexp/tpot2/tpot2/tpot_estimator/estimator_utils.py", line 55, in objective_function_generator
    cv_obj_scores = cross_val_score_objective(sklearn.base.clone(pipeline),x,y,scorers=scorers, cv=cv , fold=step)
  File "/common/ketrong/tpotexp/tpot2/tpot2/tpot_estimator/cross_val_utils.py", line 28, in cross_val_score_objective
    this_fold_pipeline.fit(X_train,y_train)
  File "/common/ketrong/tpotexp/env/lib/python3.10/site-packages/sklearn/base.py", line 1473, in wrapper
    return fit_method(estimator, *args, **kwargs)
  File "/common/ketrong/tpotexp/env/lib/python3.10/site-packages/sklearn/pipeline.py", line 473, in fit
    self._final_estimator.fit(Xt, y, **last_step_params["fit"])
  File "/common/ketrong/tpotexp/env/lib/python3.10/site-packages/sklearn/base.py", line 1466, in wrapper
    estimator._validate_params()
  File "/common/ketrong/tpotexp/env/lib/python3.10/site-packages/sklearn/base.py", line 666, in _validate_params
    validate_parameter_constraints(
  File "/common/ketrong/tpotexp/env/lib/python3.10/site-packages/sklearn/utils/_param_validation.py", line 95, in validate_parameter_constraints
    raise InvalidParameterError(
sklearn.utils._param_validation.InvalidParameterError: The 'min_samples_split' parameter of DecisionTreeClassifier must be an int in the range [2, inf) or a float in the range (0.0, 1.0]. Got 1 instead.

Generation:  6
Best f1_score score: 0.958357916294078
Generation:  24%|██▍       | 6/25 [21:02<1:10:57, 224.10s/it]Generation:  7
Best f1_score score: 0.958357916294078
Generation:  28%|██▊       | 7/25 [21:15<46:34, 155.27s/it]  WARNING AN INDIVIDUAL TIMED OUT: 
 <tpot2.search_spaces.pipelines.sequential.SequentialPipelineIndividual object at 0x155474019e40> 

Generation:  8
Best f1_score score: 0.958357916294078
Generation:  32%|███▏      | 8/25 [31:22<1:24:44, 299.11s/it]WARNING AN INDIVIDUAL TIMED OUT: 
 <tpot2.search_spaces.pipelines.sequential.SequentialPipelineIndividual object at 0x1554740919c0> 

Generation:  9
Best f1_score score: 0.958357916294078
Generation:  36%|███▌      | 9/25 [41:29<1:45:26, 395.39s/it]Generation:  10
Best f1_score score: 0.958357916294078
Generation:  40%|████      | 10/25 [42:25<1:12:40, 290.67s/it]Generation:  11
Best f1_score score: 0.958357916294078
Generation:  44%|████▍     | 11/25 [43:11<50:17, 215.51s/it]  Generation:  12
Best f1_score score: 0.958357916294078
Generation:  48%|████▊     | 12/25 [43:34<34:01, 157.04s/it]Generation:  13
Best f1_score score: 0.958357916294078
Generation:  52%|█████▏    | 13/25 [43:58<23:21, 116.76s/it]Generation:  14
Best f1_score score: 0.958357916294078
Generation:  56%|█████▌    | 14/25 [48:23<29:38, 161.67s/it]Generation:  15
Best f1_score score: 0.958357916294078
Generation:  60%|██████    | 15/25 [48:53<20:19, 121.99s/it]Generation:  16
Best f1_score score: 0.958357916294078
Generation:  64%|██████▍   | 16/25 [49:28<14:20, 95.66s/it] Generation:  17
Best f1_score score: 0.958357916294078
Generation:  68%|██████▊   | 17/25 [49:44<09:33, 71.63s/it]Generation:  18
Best f1_score score: 0.958357916294078
Generation:  72%|███████▏  | 18/25 [51:20<09:12, 78.95s/it]Generation:  19
Best f1_score score: 0.958357916294078
Generation:  76%|███████▌  | 19/25 [54:00<10:20, 103.37s/it]Generation:  20
Best f1_score score: 0.958357916294078
Generation:  80%|████████  | 20/25 [56:30<09:46, 117.29s/it]Generation:  21
Best f1_score score: 0.958357916294078
Generation:  84%|████████▍ | 21/25 [56:53<05:56, 89.15s/it] Generation:  22
Best f1_score score: 0.958357916294078
Generation:  88%|████████▊ | 22/25 [57:52<04:00, 80.11s/it]WARNING AN INDIVIDUAL TIMED OUT: 
 <tpot2.search_spaces.pipelines.sequential.SequentialPipelineIndividual object at 0x15545d86ef20> 

Generation:  23
Best f1_score score: 0.958357916294078
Generation:  92%|█████████▏| 23/25 [1:08:06<08:00, 240.25s/it]Generation:  24
Best f1_score score: 0.958357916294078
Generation:  96%|█████████▌| 24/25 [1:14:25<04:41, 281.79s/it]Generation:  25
Best f1_score score: 0.958357916294078
Generation: 100%|██████████| 25/25 [1:15:10<00:00, 210.76s/it]Generation: 100%|██████████| 25/25 [1:15:13<00:00, 180.56s/it]
2024-10-22 10:12:24,192 - distributed.scheduler - ERROR - Removing worker 'tcp://127.0.0.1:45181' caused the cluster to lose scattered data, which can't be recovered: {'ndarray-e4a60c677fc40c7d2e1b8acc8775c803', 'ndarray-95472a23b61dfced693e20caac0be927'} (stimulus_id='handle-worker-cleanup-1729617144.1926794')
Fitted
Pipeline(steps=[('xgbclassifier',
                 XGBClassifier(base_score=None, booster=None, callbacks=None,
                               colsample_bylevel=None, colsample_bynode=None,
                               colsample_bytree=None, device=None,
                               early_stopping_rounds=None,
                               enable_categorical=False, eval_metric=None,
                               feature_types=None, gamma=0.0160130190961,
                               grow_policy=None, importance_type=None,
                               interaction_constraints=None,
                               learning_rate=0.1406897453762, max_bin=None,
                               max_cat_threshold=None, max_cat_to_onehot=None,
                               max_delta_step=None, max_depth=10,
                               max_leaves=None, min_child_weight=16,
                               missing=nan, monotone_constraints=None,
                               multi_strategy=None, n_estimators=100, n_jobs=1,
                               nthread=1, num_parallel_tree=None, ...))])
score start
train score: {'auroc': 0.9948706975821178, 'accuracy': 0.9681506414327449, 'balanced_accuracy': 0.965631897070668, 'logloss': 0.08604528986864024, 'f1': 0.9647855888345729}
original test score: {'auroc': 0.9985600327616131, 'accuracy': 0.983743967487935, 'balanced_accuracy': 0.9837472667387794, 'logloss': 0.04389153227688953, 'f1': 0.9820544623649596}
imputed test score: {'auroc': 0.9905964378892631, 'accuracy': 0.9579629159258318, 'balanced_accuracy': 0.9542661387930305, 'logloss': 0.11594199886020193, 'f1': 0.9535095998357643}
score end
check intended
EXP2 Finished
running experiment 3/3 - What is the best automl settings?
<tpot2.search_spaces.pipelines.sequential.SequentialPipeline object at 0x15543504f9d0>
Start tpot fit
Version 0.1.7a0 of tpot2 is outdated. Version 0.1.8a0 was released Tuesday September 17, 2024.
Version 0.1.7a0 of tpot2 is outdated. Version 0.1.8a0 was released Tuesday September 17, 2024.
Version 0.1.7a0 of tpot2 is outdated. Version 0.1.8a0 was released Tuesday September 17, 2024.
Version 0.1.7a0 of tpot2 is outdated. Version 0.1.8a0 was released Tuesday September 17, 2024.
Version 0.1.7a0 of tpot2 is outdated. Version 0.1.8a0 was released Tuesday September 17, 2024.
Version 0.1.7a0 of tpot2 is outdated. Version 0.1.8a0 was released Tuesday September 17, 2024.
Version 0.1.7a0 of tpot2 is outdated. Version 0.1.8a0 was released Tuesday September 17, 2024.
Version 0.1.7a0 of tpot2 is outdated. Version 0.1.8a0 was released Tuesday September 17, 2024.
Version 0.1.7a0 of tpot2 is outdated. Version 0.1.8a0 was released Tuesday September 17, 2024.
Version 0.1.7a0 of tpot2 is outdated. Version 0.1.8a0 was released Tuesday September 17, 2024.
Version 0.1.7a0 of tpot2 is outdated. Version 0.1.8a0 was released Tuesday September 17, 2024.
Version 0.1.7a0 of tpot2 is outdated. Version 0.1.8a0 was released Tuesday September 17, 2024.
Version 0.1.7a0 of tpot2 is outdated. Version 0.1.8a0 was released Tuesday September 17, 2024.
Version 0.1.7a0 of tpot2 is outdated. Version 0.1.8a0 was released Tuesday September 17, 2024.
Version 0.1.7a0 of tpot2 is outdated. Version 0.1.8a0 was released Tuesday September 17, 2024.
Version 0.1.7a0 of tpot2 is outdated. Version 0.1.8a0 was released Tuesday September 17, 2024.
  0%|          | 0/25 [00:00<?, ?it/s]Generation:   0%|          | 0/25 [00:00<?, ?it/s]WARNING AN INDIVIDUAL TIMED OUT: 
 <tpot2.search_spaces.pipelines.sequential.SequentialPipelineIndividual object at 0x1554746a4b80> 

WARNING AN INDIVIDUAL TIMED OUT: 
 <tpot2.search_spaces.pipelines.sequential.SequentialPipelineIndividual object at 0x1554746a0b80> 

Generation:  1
Best f1_score score: 0.9474856549029989
Generation:   4%|▍         | 1/25 [10:02<4:00:54, 602.28s/it]Generation:  2
Best f1_score score: 0.9474856549029989
Generation:   8%|▊         | 2/25 [10:38<1:43:18, 269.50s/it]Generation:  3
Best f1_score score: 0.9534881596884475
Generation:  12%|█▏        | 3/25 [12:35<1:13:11, 199.60s/it]Generation:  4
Best f1_score score: 0.9560438926787143
Generation:  16%|█▌        | 4/25 [14:08<55:10, 157.64s/it]  Generation:  5
Best f1_score score: 0.9560438926787143
Generation:  20%|██        | 5/25 [21:25<1:26:09, 258.47s/it]Generation:  6
Best f1_score score: 0.9560438926787143
Generation:  24%|██▍       | 6/25 [22:07<58:30, 184.78s/it]  Generation:  7
Best f1_score score: 0.9560438926787143
Generation:  28%|██▊       | 7/25 [28:03<1:12:15, 240.85s/it]Generation:  8
Best f1_score score: 0.9569359796291685
Generation:  32%|███▏      | 8/25 [28:41<49:54, 176.12s/it]  Generation:  9
Best f1_score score: 0.9577165431080724
Generation:  36%|███▌      | 9/25 [29:12<34:52, 130.80s/it]Generation:  10
Best f1_score score: 0.9577165431080724
Generation:  40%|████      | 10/25 [29:39<24:43, 98.90s/it]Generation:  11
Best f1_score score: 0.9577165431080724
Generation:  44%|████▍     | 11/25 [30:27<19:24, 83.17s/it]Generation:  12
Best f1_score score: 0.9577165431080724
Generation:  48%|████▊     | 12/25 [31:06<15:05, 69.66s/it]Generation:  13
Best f1_score score: 0.9577165431080724
Generation:  52%|█████▏    | 13/25 [31:21<10:36, 53.08s/it]Generation:  14
Best f1_score score: 0.9577165431080724
Generation:  56%|█████▌    | 14/25 [36:44<24:43, 134.83s/it]Generation:  15
Best f1_score score: 0.9577165431080724
Generation:  60%|██████    | 15/25 [44:19<38:31, 231.12s/it]Generation:  16
Best f1_score score: 0.9577165431080724
Generation:  64%|██████▍   | 16/25 [44:26<24:32, 163.63s/it]Generation:  17
Best f1_score score: 0.9577165431080724
Generation:  68%|██████▊   | 17/25 [45:27<17:42, 132.78s/it]Generation:  18
Best f1_score score: 0.9578705302612681
Generation:  72%|███████▏  | 18/25 [47:23<14:54, 127.79s/it]Generation:  19
Best f1_score score: 0.9578705302612681
Generation:  76%|███████▌  | 19/25 [48:18<10:35, 105.90s/it]Generation:  20
Best f1_score score: 0.9578705302612681
Generation:  80%|████████  | 20/25 [48:30<06:28, 77.66s/it] Generation:  21
Best f1_score score: 0.9578705302612681
Generation:  84%|████████▍ | 21/25 [51:11<06:51, 102.81s/it]Generation:  22
Best f1_score score: 0.9578705302612681
Generation:  88%|████████▊ | 22/25 [51:25<03:48, 76.21s/it] Generation:  23
Best f1_score score: 0.9578705302612681
Generation:  92%|█████████▏| 23/25 [52:12<02:14, 67.32s/it]Generation:  24
Best f1_score score: 0.9578705302612681
Generation:  96%|█████████▌| 24/25 [57:22<02:20, 140.24s/it]WARNING AN INDIVIDUAL TIMED OUT: 
 <tpot2.search_spaces.pipelines.sequential.SequentialPipelineIndividual object at 0x15546572b5e0> 

Generation:  25
Best f1_score score: 0.9578705302612681
Generation: 100%|██████████| 25/25 [1:07:27<00:00, 279.78s/it]Generation: 100%|██████████| 25/25 [1:07:27<00:00, 161.92s/it]
2024-10-22 11:20:04,292 - distributed.scheduler - ERROR - Removing worker 'tcp://127.0.0.1:39967' caused the cluster to lose scattered data, which can't be recovered: {'ndarray-e4a60c677fc40c7d2e1b8acc8775c803', 'DataFrame-8964e3a4140c386cca2dc3ba04a1632f'} (stimulus_id='handle-worker-cleanup-1729621204.291943')
Fitted
Pipeline(steps=[('simpleimputer', SimpleImputer()),
                ('xgbclassifier',
                 XGBClassifier(base_score=None, booster=None, callbacks=None,
                               colsample_bylevel=None, colsample_bynode=None,
                               colsample_bytree=None, device=None,
                               early_stopping_rounds=None,
                               enable_categorical=False, eval_metric=None,
                               feature_types=None, gamma=0.000100488395,
                               grow_policy=None, importance_type=None,
                               interaction_constraints=None,
                               learning_rate=0.2056025150228, max_bin=None,
                               max_cat_threshold=None, max_cat_to_onehot=None,
                               max_delta_step=None, max_depth=6,
                               max_leaves=None, min_child_weight=17,
                               missing=nan, monotone_constraints=None,
                               multi_strategy=None, n_estimators=100, n_jobs=1,
                               nthread=1, num_parallel_tree=None, ...))])
transform worked
try transform
transform worked
score start
train score: {'auroc': 0.9945830568222628, 'accuracy': 0.9672932808332275, 'balanced_accuracy': 0.9642107167258533, 'logloss': 0.08821421110180525, 'f1': 0.9638037845070928}
test score: {'auroc': 0.9907347313479824, 'accuracy': 0.9568199136398273, 'balanced_accuracy': 0.9528683028176488, 'logloss': 0.11514323673649746, 'f1': 0.9522330439938597}
original test score: {'auroc': 0.9985725399219625, 'accuracy': 0.984505969011938, 'balanced_accuracy': 0.9842403347344926, 'logloss': 0.04257182234164834, 'f1': 0.9828838591621069}
score end
251
lvl
0.5
type
MNAR
num_run
3
class_simple
finished
all finished
full run takes
2.3990951772530873
hours
DONE
