Run: 39
/cm/local/apps/slurm/var/spool/job1043861/slurm_script: line 26: 
pip install -e tpot2
pip install -r tpot2/ImputerExperiments/requirements_.txt
: No such file or directory
RunStart
Version 0.1.7a0 of tpot2 is outdated. Version 0.1.8a0 was released Tuesday September 17, 2024.
starting loops
../data/c/1526/1526.pkl
working on 
../data/c/1526/class_simple_MCAR_0.3_2
2.718052864074707
running experiment 1/3 - Does large hyperparameter space improve reconstruction accuracy over simple
[I 2024-11-07 23:21:36,552] A new study created in memory with name: no-name-fcd8cbe4-e025-45a5-b122-1905b817352f
running
running
running
running
running
running
running
running
running
running
running
[I 2024-11-07 23:21:36,742] Trial 5 finished with value: 0.21041946063314088 and parameters: {'model_name': 'SimpleImputer', 'strategy': 'constant'}. Best is trial 5 with value: 0.21041946063314088.
running
running
running
[I 2024-11-07 23:21:36,960] Trial 1 finished with value: 0.13943175481945622 and parameters: {'model_name': 'SimpleImputer', 'strategy': 'mean'}. Best is trial 1 with value: 0.13943175481945622.
[I 2024-11-07 23:21:36,997] Trial 6 finished with value: 0.21041946063314088 and parameters: {'model_name': 'SimpleImputer', 'strategy': 'constant'}. Best is trial 1 with value: 0.13943175481945622.
running
running
running
running
[I 2024-11-07 23:21:37,353] Trial 4 finished with value: 0.21041946063314088 and parameters: {'model_name': 'SimpleImputer', 'strategy': 'constant'}. Best is trial 1 with value: 0.13943175481945622.
running
running
[I 2024-11-07 23:21:37,532] Trial 10 finished with value: 0.21041946063314088 and parameters: {'model_name': 'SimpleImputer', 'strategy': 'constant'}. Best is trial 1 with value: 0.13943175481945622.
[I 2024-11-07 23:21:37,698] Trial 8 finished with value: 0.21041946063314088 and parameters: {'model_name': 'SimpleImputer', 'strategy': 'constant'}. Best is trial 1 with value: 0.13943175481945622.
running
running
[I 2024-11-07 23:21:37,890] Trial 0 finished with value: 0.21041946063314088 and parameters: {'model_name': 'SimpleImputer', 'strategy': 'most_frequent'}. Best is trial 1 with value: 0.13943175481945622.
running
[I 2024-11-07 23:21:38,094] Trial 12 finished with value: 0.13943175481945622 and parameters: {'model_name': 'SimpleImputer', 'strategy': 'mean'}. Best is trial 1 with value: 0.13943175481945622.
[I 2024-11-07 23:21:38,248] Trial 16 finished with value: 0.13943175481945622 and parameters: {'model_name': 'SimpleImputer', 'strategy': 'mean'}. Best is trial 1 with value: 0.13943175481945622.
running
[I 2024-11-07 23:21:38,251] Trial 9 finished with value: 0.21041946063314088 and parameters: {'model_name': 'SimpleImputer', 'strategy': 'constant'}. Best is trial 1 with value: 0.13943175481945622.
running
[I 2024-11-07 23:21:38,296] Trial 13 finished with value: 0.21041946063314088 and parameters: {'model_name': 'SimpleImputer', 'strategy': 'constant'}. Best is trial 1 with value: 0.13943175481945622.
[I 2024-11-07 23:21:38,300] Trial 3 finished with value: 0.15022473904533382 and parameters: {'model_name': 'SimpleImputer', 'strategy': 'median'}. Best is trial 1 with value: 0.13943175481945622.
running
running
[I 2024-11-07 23:21:38,934] Trial 7 finished with value: 0.15022473904533382 and parameters: {'model_name': 'SimpleImputer', 'strategy': 'median'}. Best is trial 1 with value: 0.13943175481945622.
[I 2024-11-07 23:21:39,078] Trial 15 finished with value: 0.13943175481945622 and parameters: {'model_name': 'SimpleImputer', 'strategy': 'mean'}. Best is trial 1 with value: 0.13943175481945622.
[I 2024-11-07 23:21:39,248] Trial 18 finished with value: 0.21041946063314088 and parameters: {'model_name': 'SimpleImputer', 'strategy': 'most_frequent'}. Best is trial 1 with value: 0.13943175481945622.
running
[I 2024-11-07 23:21:39,397] Trial 22 finished with value: 0.21041946063314088 and parameters: {'model_name': 'SimpleImputer', 'strategy': 'constant'}. Best is trial 1 with value: 0.13943175481945622.
running
running
running
[I 2024-11-07 23:21:39,580] Trial 2 finished with value: 0.21041946063314088 and parameters: {'model_name': 'SimpleImputer', 'strategy': 'most_frequent'}. Best is trial 1 with value: 0.13943175481945622.
running
running
[I 2024-11-07 23:21:39,883] Trial 19 finished with value: 0.21041946063314088 and parameters: {'model_name': 'SimpleImputer', 'strategy': 'most_frequent'}. Best is trial 1 with value: 0.13943175481945622.
[I 2024-11-07 23:21:40,014] Trial 25 finished with value: 0.13943175481945622 and parameters: {'model_name': 'SimpleImputer', 'strategy': 'mean'}. Best is trial 1 with value: 0.13943175481945622.
running
[I 2024-11-07 23:21:40,190] Trial 14 finished with value: 0.21041946063314088 and parameters: {'model_name': 'SimpleImputer', 'strategy': 'most_frequent'}. Best is trial 1 with value: 0.13943175481945622.
running
[I 2024-11-07 23:21:40,323] Trial 17 finished with value: 0.15022473904533382 and parameters: {'model_name': 'SimpleImputer', 'strategy': 'median'}. Best is trial 1 with value: 0.13943175481945622.
[I 2024-11-07 23:21:40,456] Trial 11 finished with value: 0.21041946063314088 and parameters: {'model_name': 'SimpleImputer', 'strategy': 'most_frequent'}. Best is trial 1 with value: 0.13943175481945622.
running
[I 2024-11-07 23:21:40,599] Trial 26 finished with value: 0.13943175481945622 and parameters: {'model_name': 'SimpleImputer', 'strategy': 'mean'}. Best is trial 1 with value: 0.13943175481945622.
[I 2024-11-07 23:21:40,729] Trial 24 finished with value: 0.13943175481945622 and parameters: {'model_name': 'SimpleImputer', 'strategy': 'mean'}. Best is trial 1 with value: 0.13943175481945622.
running
running
[I 2024-11-07 23:21:40,920] Trial 28 finished with value: 0.13943175481945622 and parameters: {'model_name': 'SimpleImputer', 'strategy': 'mean'}. Best is trial 1 with value: 0.13943175481945622.
[I 2024-11-07 23:21:40,928] Trial 32 finished with value: 0.13943175481945622 and parameters: {'model_name': 'SimpleImputer', 'strategy': 'mean'}. Best is trial 1 with value: 0.13943175481945622.
running
[I 2024-11-07 23:21:40,929] Trial 30 finished with value: 0.13943175481945622 and parameters: {'model_name': 'SimpleImputer', 'strategy': 'mean'}. Best is trial 1 with value: 0.13943175481945622.
[I 2024-11-07 23:21:41,078] Trial 20 finished with value: 0.21041946063314088 and parameters: {'model_name': 'SimpleImputer', 'strategy': 'most_frequent'}. Best is trial 1 with value: 0.13943175481945622.
[I 2024-11-07 23:21:41,092] Trial 29 finished with value: 0.13943175481945622 and parameters: {'model_name': 'SimpleImputer', 'strategy': 'mean'}. Best is trial 1 with value: 0.13943175481945622.
[I 2024-11-07 23:21:41,496] Trial 21 finished with value: 0.21041946063314088 and parameters: {'model_name': 'SimpleImputer', 'strategy': 'most_frequent'}. Best is trial 1 with value: 0.13943175481945622.
running
running
[I 2024-11-07 23:21:41,778] Trial 23 finished with value: 0.15022473904533382 and parameters: {'model_name': 'SimpleImputer', 'strategy': 'median'}. Best is trial 1 with value: 0.13943175481945622.
running
[I 2024-11-07 23:21:41,984] Trial 33 finished with value: 0.13943175481945622 and parameters: {'model_name': 'SimpleImputer', 'strategy': 'mean'}. Best is trial 1 with value: 0.13943175481945622.
running
running
[I 2024-11-07 23:21:42,125] Trial 31 finished with value: 0.13943175481945622 and parameters: {'model_name': 'SimpleImputer', 'strategy': 'mean'}. Best is trial 1 with value: 0.13943175481945622.
running
running
[I 2024-11-07 23:21:42,307] Trial 34 finished with value: 0.13943175481945622 and parameters: {'model_name': 'SimpleImputer', 'strategy': 'mean'}. Best is trial 1 with value: 0.13943175481945622.
running
running
[I 2024-11-07 23:21:42,471] Trial 27 finished with value: 0.13943175481945622 and parameters: {'model_name': 'SimpleImputer', 'strategy': 'mean'}. Best is trial 1 with value: 0.13943175481945622.
running
[I 2024-11-07 23:21:42,640] Trial 38 finished with value: 0.13943175481945622 and parameters: {'model_name': 'SimpleImputer', 'strategy': 'mean'}. Best is trial 1 with value: 0.13943175481945622.
running
running
[I 2024-11-07 23:21:42,871] Trial 42 finished with value: 0.13943175481945622 and parameters: {'model_name': 'SimpleImputer', 'strategy': 'mean'}. Best is trial 1 with value: 0.13943175481945622.
[I 2024-11-07 23:21:43,008] Trial 35 finished with value: 0.13943175481945622 and parameters: {'model_name': 'SimpleImputer', 'strategy': 'mean'}. Best is trial 1 with value: 0.13943175481945622.
[I 2024-11-07 23:21:43,127] Trial 37 finished with value: 0.13943175481945622 and parameters: {'model_name': 'SimpleImputer', 'strategy': 'mean'}. Best is trial 1 with value: 0.13943175481945622.
running
[I 2024-11-07 23:21:43,303] Trial 41 finished with value: 0.13943175481945622 and parameters: {'model_name': 'SimpleImputer', 'strategy': 'mean'}. Best is trial 1 with value: 0.13943175481945622.
[I 2024-11-07 23:21:43,462] Trial 47 finished with value: 0.13943175481945622 and parameters: {'model_name': 'SimpleImputer', 'strategy': 'mean'}. Best is trial 1 with value: 0.13943175481945622.
[I 2024-11-07 23:21:43,603] Trial 39 finished with value: 0.13943175481945622 and parameters: {'model_name': 'SimpleImputer', 'strategy': 'mean'}. Best is trial 1 with value: 0.13943175481945622.
[I 2024-11-07 23:21:43,734] Trial 40 finished with value: 0.13943175481945622 and parameters: {'model_name': 'SimpleImputer', 'strategy': 'mean'}. Best is trial 1 with value: 0.13943175481945622.
running
running
running
running
running
[I 2024-11-07 23:21:43,914] Trial 36 finished with value: 0.13943175481945622 and parameters: {'model_name': 'SimpleImputer', 'strategy': 'mean'}. Best is trial 1 with value: 0.13943175481945622.
running
[I 2024-11-07 23:21:44,049] Trial 43 finished with value: 0.13943175481945622 and parameters: {'model_name': 'SimpleImputer', 'strategy': 'mean'}. Best is trial 1 with value: 0.13943175481945622.
running
running
[I 2024-11-07 23:21:44,231] Trial 44 finished with value: 0.13943175481945622 and parameters: {'model_name': 'SimpleImputer', 'strategy': 'mean'}. Best is trial 1 with value: 0.13943175481945622.
running
running
[I 2024-11-07 23:21:44,418] Trial 45 finished with value: 0.13943175481945622 and parameters: {'model_name': 'SimpleImputer', 'strategy': 'mean'}. Best is trial 1 with value: 0.13943175481945622.
running
[I 2024-11-07 23:21:44,643] Trial 48 finished with value: 0.13943175481945622 and parameters: {'model_name': 'SimpleImputer', 'strategy': 'mean'}. Best is trial 1 with value: 0.13943175481945622.
running
[I 2024-11-07 23:21:44,646] Trial 46 finished with value: 0.13943175481945622 and parameters: {'model_name': 'SimpleImputer', 'strategy': 'mean'}. Best is trial 1 with value: 0.13943175481945622.
running
[I 2024-11-07 23:21:44,931] Trial 51 finished with value: 0.13943175481945622 and parameters: {'model_name': 'SimpleImputer', 'strategy': 'mean'}. Best is trial 1 with value: 0.13943175481945622.
running
[I 2024-11-07 23:21:45,068] Trial 50 finished with value: 0.13943175481945622 and parameters: {'model_name': 'SimpleImputer', 'strategy': 'mean'}. Best is trial 1 with value: 0.13943175481945622.
[I 2024-11-07 23:21:45,227] Trial 49 finished with value: 0.13943175481945622 and parameters: {'model_name': 'SimpleImputer', 'strategy': 'mean'}. Best is trial 1 with value: 0.13943175481945622.
running
running
[I 2024-11-07 23:21:45,468] Trial 56 finished with value: 0.15022473904533382 and parameters: {'model_name': 'SimpleImputer', 'strategy': 'median'}. Best is trial 1 with value: 0.13943175481945622.
[I 2024-11-07 23:21:45,582] Trial 52 finished with value: 0.15022473904533382 and parameters: {'model_name': 'SimpleImputer', 'strategy': 'median'}. Best is trial 1 with value: 0.13943175481945622.
running
running
[I 2024-11-07 23:21:45,818] Trial 53 finished with value: 0.15022473904533382 and parameters: {'model_name': 'SimpleImputer', 'strategy': 'median'}. Best is trial 1 with value: 0.13943175481945622.
[I 2024-11-07 23:21:45,965] Trial 55 finished with value: 0.15022473904533382 and parameters: {'model_name': 'SimpleImputer', 'strategy': 'median'}. Best is trial 1 with value: 0.13943175481945622.
[I 2024-11-07 23:21:46,081] Trial 57 finished with value: 0.15022473904533382 and parameters: {'model_name': 'SimpleImputer', 'strategy': 'median'}. Best is trial 1 with value: 0.13943175481945622.
[I 2024-11-07 23:21:46,179] Trial 67 finished with value: 0.15022473904533382 and parameters: {'model_name': 'SimpleImputer', 'strategy': 'median'}. Best is trial 1 with value: 0.13943175481945622.
running
running
[I 2024-11-07 23:21:46,276] Trial 60 finished with value: 0.15022473904533382 and parameters: {'model_name': 'SimpleImputer', 'strategy': 'median'}. Best is trial 1 with value: 0.13943175481945622.
[I 2024-11-07 23:21:46,366] Trial 62 finished with value: 0.15022473904533382 and parameters: {'model_name': 'SimpleImputer', 'strategy': 'median'}. Best is trial 1 with value: 0.13943175481945622.
running
running
running
running
[I 2024-11-07 23:21:46,541] Trial 69 finished with value: 0.21041946063314088 and parameters: {'model_name': 'SimpleImputer', 'strategy': 'constant'}. Best is trial 1 with value: 0.13943175481945622.
[I 2024-11-07 23:21:46,636] Trial 61 finished with value: 0.15022473904533382 and parameters: {'model_name': 'SimpleImputer', 'strategy': 'median'}. Best is trial 1 with value: 0.13943175481945622.
running
[I 2024-11-07 23:21:46,773] Trial 73 finished with value: 0.21041946063314088 and parameters: {'model_name': 'SimpleImputer', 'strategy': 'constant'}. Best is trial 1 with value: 0.13943175481945622.
running
[I 2024-11-07 23:21:46,880] Trial 64 finished with value: 0.15022473904533382 and parameters: {'model_name': 'SimpleImputer', 'strategy': 'median'}. Best is trial 1 with value: 0.13943175481945622.
[I 2024-11-07 23:21:46,982] Trial 59 finished with value: 0.15022473904533382 and parameters: {'model_name': 'SimpleImputer', 'strategy': 'median'}. Best is trial 1 with value: 0.13943175481945622.
running
[I 2024-11-07 23:21:47,069] Trial 58 finished with value: 0.15022473904533382 and parameters: {'model_name': 'SimpleImputer', 'strategy': 'median'}. Best is trial 1 with value: 0.13943175481945622.
[I 2024-11-07 23:21:47,175] Trial 71 finished with value: 0.21041946063314088 and parameters: {'model_name': 'SimpleImputer', 'strategy': 'constant'}. Best is trial 1 with value: 0.13943175481945622.
running
running
running
[I 2024-11-07 23:21:47,401] Trial 63 finished with value: 0.15022473904533382 and parameters: {'model_name': 'SimpleImputer', 'strategy': 'median'}. Best is trial 1 with value: 0.13943175481945622.
running
[I 2024-11-07 23:21:47,427] Trial 75 finished with value: 0.21041946063314088 and parameters: {'model_name': 'SimpleImputer', 'strategy': 'constant'}. Best is trial 1 with value: 0.13943175481945622.
running
[I 2024-11-07 23:21:47,432] Trial 68 finished with value: 0.21041946063314088 and parameters: {'model_name': 'SimpleImputer', 'strategy': 'constant'}. Best is trial 1 with value: 0.13943175481945622.
[I 2024-11-07 23:21:47,453] Trial 77 finished with value: 0.13943175481945622 and parameters: {'model_name': 'SimpleImputer', 'strategy': 'mean'}. Best is trial 1 with value: 0.13943175481945622.
running
[I 2024-11-07 23:21:47,597] Trial 54 finished with value: 0.15022473904533382 and parameters: {'model_name': 'SimpleImputer', 'strategy': 'median'}. Best is trial 1 with value: 0.13943175481945622.
[I 2024-11-07 23:21:47,708] Trial 66 finished with value: 0.15022473904533382 and parameters: {'model_name': 'SimpleImputer', 'strategy': 'median'}. Best is trial 1 with value: 0.13943175481945622.
[I 2024-11-07 23:21:48,102] Trial 79 finished with value: 0.13943175481945622 and parameters: {'model_name': 'SimpleImputer', 'strategy': 'mean'}. Best is trial 1 with value: 0.13943175481945622.
[I 2024-11-07 23:21:48,190] Trial 65 finished with value: 0.15022473904533382 and parameters: {'model_name': 'SimpleImputer', 'strategy': 'median'}. Best is trial 1 with value: 0.13943175481945622.
running
running
[I 2024-11-07 23:21:48,309] Trial 74 finished with value: 0.21041946063314088 and parameters: {'model_name': 'SimpleImputer', 'strategy': 'constant'}. Best is trial 1 with value: 0.13943175481945622.
running
[I 2024-11-07 23:21:48,415] Trial 82 finished with value: 0.13943175481945622 and parameters: {'model_name': 'SimpleImputer', 'strategy': 'mean'}. Best is trial 1 with value: 0.13943175481945622.
[I 2024-11-07 23:21:48,509] Trial 70 finished with value: 0.21041946063314088 and parameters: {'model_name': 'SimpleImputer', 'strategy': 'constant'}. Best is trial 1 with value: 0.13943175481945622.
running
running
[I 2024-11-07 23:21:48,626] Trial 72 finished with value: 0.21041946063314088 and parameters: {'model_name': 'SimpleImputer', 'strategy': 'constant'}. Best is trial 1 with value: 0.13943175481945622.
[I 2024-11-07 23:21:48,723] Trial 78 finished with value: 0.13943175481945622 and parameters: {'model_name': 'SimpleImputer', 'strategy': 'mean'}. Best is trial 1 with value: 0.13943175481945622.
running
running
running
running
running
running
[I 2024-11-07 23:21:48,982] Trial 83 finished with value: 0.13943175481945622 and parameters: {'model_name': 'SimpleImputer', 'strategy': 'mean'}. Best is trial 1 with value: 0.13943175481945622.
[I 2024-11-07 23:21:49,086] Trial 85 finished with value: 0.13943175481945622 and parameters: {'model_name': 'SimpleImputer', 'strategy': 'mean'}. Best is trial 1 with value: 0.13943175481945622.
running
[I 2024-11-07 23:21:49,096] Trial 80 finished with value: 0.13943175481945622 and parameters: {'model_name': 'SimpleImputer', 'strategy': 'mean'}. Best is trial 1 with value: 0.13943175481945622.
running
[I 2024-11-07 23:21:49,193] Trial 87 finished with value: 0.13943175481945622 and parameters: {'model_name': 'SimpleImputer', 'strategy': 'mean'}. Best is trial 1 with value: 0.13943175481945622.
running
running
[I 2024-11-07 23:21:49,197] Trial 76 finished with value: 0.13943175481945622 and parameters: {'model_name': 'SimpleImputer', 'strategy': 'mean'}. Best is trial 1 with value: 0.13943175481945622.
[I 2024-11-07 23:21:49,421] Trial 86 finished with value: 0.13943175481945622 and parameters: {'model_name': 'SimpleImputer', 'strategy': 'mean'}. Best is trial 1 with value: 0.13943175481945622.
[I 2024-11-07 23:21:49,431] Trial 84 finished with value: 0.13943175481945622 and parameters: {'model_name': 'SimpleImputer', 'strategy': 'mean'}. Best is trial 1 with value: 0.13943175481945622.
[I 2024-11-07 23:21:49,437] Trial 81 finished with value: 0.13943175481945622 and parameters: {'model_name': 'SimpleImputer', 'strategy': 'mean'}. Best is trial 1 with value: 0.13943175481945622.
running
running
running
running
[I 2024-11-07 23:21:49,951] Trial 88 finished with value: 0.13943175481945622 and parameters: {'model_name': 'SimpleImputer', 'strategy': 'mean'}. Best is trial 1 with value: 0.13943175481945622.
[I 2024-11-07 23:21:50,061] Trial 89 finished with value: 0.13943175481945622 and parameters: {'model_name': 'SimpleImputer', 'strategy': 'mean'}. Best is trial 1 with value: 0.13943175481945622.
running
running
[I 2024-11-07 23:21:50,411] Trial 96 finished with value: 0.13943175481945622 and parameters: {'model_name': 'SimpleImputer', 'strategy': 'mean'}. Best is trial 1 with value: 0.13943175481945622.
[I 2024-11-07 23:21:50,584] Trial 94 finished with value: 0.21041946063314088 and parameters: {'model_name': 'SimpleImputer', 'strategy': 'most_frequent'}. Best is trial 1 with value: 0.13943175481945622.
[I 2024-11-07 23:21:50,716] Trial 93 finished with value: 0.21041946063314088 and parameters: {'model_name': 'SimpleImputer', 'strategy': 'most_frequent'}. Best is trial 1 with value: 0.13943175481945622.
running
[I 2024-11-07 23:21:50,821] Trial 90 finished with value: 0.21041946063314088 and parameters: {'model_name': 'SimpleImputer', 'strategy': 'most_frequent'}. Best is trial 1 with value: 0.13943175481945622.
running
running
running
[I 2024-11-07 23:21:51,015] Trial 101 finished with value: 0.13943175481945622 and parameters: {'model_name': 'SimpleImputer', 'strategy': 'mean'}. Best is trial 1 with value: 0.13943175481945622.
[I 2024-11-07 23:21:51,207] Trial 95 finished with value: 0.21041946063314088 and parameters: {'model_name': 'SimpleImputer', 'strategy': 'most_frequent'}. Best is trial 1 with value: 0.13943175481945622.
[I 2024-11-07 23:21:51,300] Trial 100 finished with value: 0.21041946063314088 and parameters: {'model_name': 'SimpleImputer', 'strategy': 'most_frequent'}. Best is trial 1 with value: 0.13943175481945622.
running
[I 2024-11-07 23:21:51,435] Trial 98 finished with value: 0.21041946063314088 and parameters: {'model_name': 'SimpleImputer', 'strategy': 'most_frequent'}. Best is trial 1 with value: 0.13943175481945622.
running
[I 2024-11-07 23:21:51,540] Trial 99 finished with value: 0.21041946063314088 and parameters: {'model_name': 'SimpleImputer', 'strategy': 'most_frequent'}. Best is trial 1 with value: 0.13943175481945622.
[I 2024-11-07 23:21:51,632] Trial 107 finished with value: 0.13943175481945622 and parameters: {'model_name': 'SimpleImputer', 'strategy': 'mean'}. Best is trial 1 with value: 0.13943175481945622.
running
[I 2024-11-07 23:21:51,734] Trial 92 finished with value: 0.21041946063314088 and parameters: {'model_name': 'SimpleImputer', 'strategy': 'most_frequent'}. Best is trial 1 with value: 0.13943175481945622.
[I 2024-11-07 23:21:51,833] Trial 106 finished with value: 0.13943175481945622 and parameters: {'model_name': 'SimpleImputer', 'strategy': 'mean'}. Best is trial 1 with value: 0.13943175481945622.
[I 2024-11-07 23:21:51,919] Trial 91 finished with value: 0.21041946063314088 and parameters: {'model_name': 'SimpleImputer', 'strategy': 'most_frequent'}. Best is trial 1 with value: 0.13943175481945622.
[I 2024-11-07 23:21:52,035] Trial 102 finished with value: 0.21041946063314088 and parameters: {'model_name': 'SimpleImputer', 'strategy': 'most_frequent'}. Best is trial 1 with value: 0.13943175481945622.
running
running
[I 2024-11-07 23:21:52,182] Trial 104 finished with value: 0.21041946063314088 and parameters: {'model_name': 'SimpleImputer', 'strategy': 'most_frequent'}. Best is trial 1 with value: 0.13943175481945622.
running
running
[I 2024-11-07 23:21:52,281] Trial 103 finished with value: 0.21041946063314088 and parameters: {'model_name': 'SimpleImputer', 'strategy': 'most_frequent'}. Best is trial 1 with value: 0.13943175481945622.
running
[I 2024-11-07 23:21:52,390] Trial 108 finished with value: 0.13943175481945622 and parameters: {'model_name': 'SimpleImputer', 'strategy': 'mean'}. Best is trial 1 with value: 0.13943175481945622.
[I 2024-11-07 23:21:52,475] Trial 110 finished with value: 0.13943175481945622 and parameters: {'model_name': 'SimpleImputer', 'strategy': 'mean'}. Best is trial 1 with value: 0.13943175481945622.
running
running
[I 2024-11-07 23:21:52,598] Trial 109 finished with value: 0.13943175481945622 and parameters: {'model_name': 'SimpleImputer', 'strategy': 'mean'}. Best is trial 1 with value: 0.13943175481945622.
running
running
running
running
[I 2024-11-07 23:21:52,726] Trial 105 finished with value: 0.21041946063314088 and parameters: {'model_name': 'SimpleImputer', 'strategy': 'most_frequent'}. Best is trial 1 with value: 0.13943175481945622.
[I 2024-11-07 23:21:52,824] Trial 97 finished with value: 0.21041946063314088 and parameters: {'model_name': 'SimpleImputer', 'strategy': 'most_frequent'}. Best is trial 1 with value: 0.13943175481945622.
[I 2024-11-07 23:21:52,918] Trial 111 finished with value: 0.13943175481945622 and parameters: {'model_name': 'SimpleImputer', 'strategy': 'mean'}. Best is trial 1 with value: 0.13943175481945622.
running
running
running
running
[I 2024-11-07 23:21:53,200] Trial 116 finished with value: 0.13943175481945622 and parameters: {'model_name': 'SimpleImputer', 'strategy': 'mean'}. Best is trial 1 with value: 0.13943175481945622.
running
[I 2024-11-07 23:21:53,352] Trial 113 finished with value: 0.13943175481945622 and parameters: {'model_name': 'SimpleImputer', 'strategy': 'mean'}. Best is trial 1 with value: 0.13943175481945622.
[I 2024-11-07 23:21:53,451] Trial 112 finished with value: 0.13943175481945622 and parameters: {'model_name': 'SimpleImputer', 'strategy': 'mean'}. Best is trial 1 with value: 0.13943175481945622.
[I 2024-11-07 23:21:53,547] Trial 114 finished with value: 0.13943175481945622 and parameters: {'model_name': 'SimpleImputer', 'strategy': 'mean'}. Best is trial 1 with value: 0.13943175481945622.
running
running
running
[I 2024-11-07 23:21:53,691] Trial 120 finished with value: 0.13943175481945622 and parameters: {'model_name': 'SimpleImputer', 'strategy': 'mean'}. Best is trial 1 with value: 0.13943175481945622.
running
[I 2024-11-07 23:21:53,827] Trial 118 finished with value: 0.13943175481945622 and parameters: {'model_name': 'SimpleImputer', 'strategy': 'mean'}. Best is trial 1 with value: 0.13943175481945622.
[I 2024-11-07 23:21:53,939] Trial 115 finished with value: 0.13943175481945622 and parameters: {'model_name': 'SimpleImputer', 'strategy': 'mean'}. Best is trial 1 with value: 0.13943175481945622.
running
running
[I 2024-11-07 23:21:54,091] Trial 121 finished with value: 0.13943175481945622 and parameters: {'model_name': 'SimpleImputer', 'strategy': 'mean'}. Best is trial 1 with value: 0.13943175481945622.
[I 2024-11-07 23:21:54,198] Trial 123 finished with value: 0.13943175481945622 and parameters: {'model_name': 'SimpleImputer', 'strategy': 'mean'}. Best is trial 1 with value: 0.13943175481945622.
[I 2024-11-07 23:21:54,290] Trial 122 finished with value: 0.13943175481945622 and parameters: {'model_name': 'SimpleImputer', 'strategy': 'mean'}. Best is trial 1 with value: 0.13943175481945622.
running
[I 2024-11-07 23:21:54,430] Trial 126 finished with value: 0.13943175481945622 and parameters: {'model_name': 'SimpleImputer', 'strategy': 'mean'}. Best is trial 1 with value: 0.13943175481945622.
running
[I 2024-11-07 23:21:54,567] Trial 127 finished with value: 0.13943175481945622 and parameters: {'model_name': 'SimpleImputer', 'strategy': 'mean'}. Best is trial 1 with value: 0.13943175481945622.
running
running
[I 2024-11-07 23:21:54,713] Trial 130 finished with value: 0.13943175481945622 and parameters: {'model_name': 'SimpleImputer', 'strategy': 'mean'}. Best is trial 1 with value: 0.13943175481945622.
[I 2024-11-07 23:21:54,805] Trial 117 finished with value: 0.13943175481945622 and parameters: {'model_name': 'SimpleImputer', 'strategy': 'mean'}. Best is trial 1 with value: 0.13943175481945622.
[I 2024-11-07 23:21:54,900] Trial 128 finished with value: 0.13943175481945622 and parameters: {'model_name': 'SimpleImputer', 'strategy': 'mean'}. Best is trial 1 with value: 0.13943175481945622.
running
[I 2024-11-07 23:21:55,026] Trial 134 finished with value: 0.13943175481945622 and parameters: {'model_name': 'SimpleImputer', 'strategy': 'mean'}. Best is trial 1 with value: 0.13943175481945622.
running
[I 2024-11-07 23:21:55,137] Trial 125 finished with value: 0.13943175481945622 and parameters: {'model_name': 'SimpleImputer', 'strategy': 'mean'}. Best is trial 1 with value: 0.13943175481945622.
running
running
[I 2024-11-07 23:21:55,245] Trial 119 finished with value: 0.13943175481945622 and parameters: {'model_name': 'SimpleImputer', 'strategy': 'mean'}. Best is trial 1 with value: 0.13943175481945622.
running
[I 2024-11-07 23:21:55,376] Trial 132 finished with value: 0.13943175481945622 and parameters: {'model_name': 'SimpleImputer', 'strategy': 'mean'}. Best is trial 1 with value: 0.13943175481945622.
[I 2024-11-07 23:21:55,471] Trial 129 finished with value: 0.13943175481945622 and parameters: {'model_name': 'SimpleImputer', 'strategy': 'mean'}. Best is trial 1 with value: 0.13943175481945622.
running
running
running
[I 2024-11-07 23:21:55,606] Trial 135 finished with value: 0.13943175481945622 and parameters: {'model_name': 'SimpleImputer', 'strategy': 'mean'}. Best is trial 1 with value: 0.13943175481945622.
running
[I 2024-11-07 23:21:55,709] Trial 131 finished with value: 0.13943175481945622 and parameters: {'model_name': 'SimpleImputer', 'strategy': 'mean'}. Best is trial 1 with value: 0.13943175481945622.
[I 2024-11-07 23:21:55,807] Trial 133 finished with value: 0.13943175481945622 and parameters: {'model_name': 'SimpleImputer', 'strategy': 'mean'}. Best is trial 1 with value: 0.13943175481945622.
[I 2024-11-07 23:21:55,916] Trial 124 finished with value: 0.13943175481945622 and parameters: {'model_name': 'SimpleImputer', 'strategy': 'mean'}. Best is trial 1 with value: 0.13943175481945622.
running
running
running
running
[I 2024-11-07 23:21:56,107] Trial 136 finished with value: 0.13943175481945622 and parameters: {'model_name': 'SimpleImputer', 'strategy': 'mean'}. Best is trial 1 with value: 0.13943175481945622.
[I 2024-11-07 23:21:56,206] Trial 137 finished with value: 0.13943175481945622 and parameters: {'model_name': 'SimpleImputer', 'strategy': 'mean'}. Best is trial 1 with value: 0.13943175481945622.
[I 2024-11-07 23:21:56,306] Trial 141 finished with value: 0.13943175481945622 and parameters: {'model_name': 'SimpleImputer', 'strategy': 'mean'}. Best is trial 1 with value: 0.13943175481945622.
running
running
[I 2024-11-07 23:21:56,407] Trial 138 finished with value: 0.13943175481945622 and parameters: {'model_name': 'SimpleImputer', 'strategy': 'mean'}. Best is trial 1 with value: 0.13943175481945622.
running
running
[I 2024-11-07 23:21:56,543] Trial 140 finished with value: 0.13943175481945622 and parameters: {'model_name': 'SimpleImputer', 'strategy': 'mean'}. Best is trial 1 with value: 0.13943175481945622.
running
[I 2024-11-07 23:21:56,717] Trial 142 finished with value: 0.13943175481945622 and parameters: {'model_name': 'SimpleImputer', 'strategy': 'mean'}. Best is trial 1 with value: 0.13943175481945622.
[I 2024-11-07 23:21:56,850] Trial 146 finished with value: 0.13943175481945622 and parameters: {'model_name': 'SimpleImputer', 'strategy': 'mean'}. Best is trial 1 with value: 0.13943175481945622.
running
running
[I 2024-11-07 23:21:57,004] Trial 148 finished with value: 0.13943175481945622 and parameters: {'model_name': 'SimpleImputer', 'strategy': 'mean'}. Best is trial 1 with value: 0.13943175481945622.
running
[I 2024-11-07 23:21:57,125] Trial 145 finished with value: 0.13943175481945622 and parameters: {'model_name': 'SimpleImputer', 'strategy': 'mean'}. Best is trial 1 with value: 0.13943175481945622.
[I 2024-11-07 23:21:57,237] Trial 139 finished with value: 0.13943175481945622 and parameters: {'model_name': 'SimpleImputer', 'strategy': 'mean'}. Best is trial 1 with value: 0.13943175481945622.
[I 2024-11-07 23:21:57,336] Trial 144 finished with value: 0.13943175481945622 and parameters: {'model_name': 'SimpleImputer', 'strategy': 'mean'}. Best is trial 1 with value: 0.13943175481945622.
[I 2024-11-07 23:21:57,431] Trial 154 finished with value: 0.13943175481945622 and parameters: {'model_name': 'SimpleImputer', 'strategy': 'mean'}. Best is trial 1 with value: 0.13943175481945622.
[I 2024-11-07 23:21:57,518] Trial 155 finished with value: 0.13943175481945622 and parameters: {'model_name': 'SimpleImputer', 'strategy': 'mean'}. Best is trial 1 with value: 0.13943175481945622.
running
[I 2024-11-07 23:21:57,627] Trial 149 finished with value: 0.13943175481945622 and parameters: {'model_name': 'SimpleImputer', 'strategy': 'mean'}. Best is trial 1 with value: 0.13943175481945622.
running
running
running
running
running
[I 2024-11-07 23:21:57,794] Trial 147 finished with value: 0.13943175481945622 and parameters: {'model_name': 'SimpleImputer', 'strategy': 'mean'}. Best is trial 1 with value: 0.13943175481945622.
[I 2024-11-07 23:21:57,891] Trial 143 finished with value: 0.13943175481945622 and parameters: {'model_name': 'SimpleImputer', 'strategy': 'mean'}. Best is trial 1 with value: 0.13943175481945622.
[I 2024-11-07 23:21:58,010] Trial 153 finished with value: 0.13943175481945622 and parameters: {'model_name': 'SimpleImputer', 'strategy': 'mean'}. Best is trial 1 with value: 0.13943175481945622.
running
[I 2024-11-07 23:21:58,134] Trial 152 finished with value: 0.13943175481945622 and parameters: {'model_name': 'SimpleImputer', 'strategy': 'mean'}. Best is trial 1 with value: 0.13943175481945622.
running
[I 2024-11-07 23:21:58,314] Trial 150 finished with value: 0.13943175481945622 and parameters: {'model_name': 'SimpleImputer', 'strategy': 'mean'}. Best is trial 1 with value: 0.13943175481945622.
[I 2024-11-07 23:21:58,406] Trial 151 finished with value: 0.13943175481945622 and parameters: {'model_name': 'SimpleImputer', 'strategy': 'mean'}. Best is trial 1 with value: 0.13943175481945622.
running
[I 2024-11-07 23:21:58,499] Trial 160 finished with value: 0.13943175481945622 and parameters: {'model_name': 'SimpleImputer', 'strategy': 'mean'}. Best is trial 1 with value: 0.13943175481945622.
[I 2024-11-07 23:21:58,584] Trial 156 finished with value: 0.13943175481945622 and parameters: {'model_name': 'SimpleImputer', 'strategy': 'mean'}. Best is trial 1 with value: 0.13943175481945622.
running
[I 2024-11-07 23:21:58,671] Trial 157 finished with value: 0.13943175481945622 and parameters: {'model_name': 'SimpleImputer', 'strategy': 'mean'}. Best is trial 1 with value: 0.13943175481945622.
running
[I 2024-11-07 23:21:58,672] Trial 158 finished with value: 0.13943175481945622 and parameters: {'model_name': 'SimpleImputer', 'strategy': 'mean'}. Best is trial 1 with value: 0.13943175481945622.
running
[I 2024-11-07 23:21:58,705] Trial 161 finished with value: 0.13943175481945622 and parameters: {'model_name': 'SimpleImputer', 'strategy': 'mean'}. Best is trial 1 with value: 0.13943175481945622.
running
[I 2024-11-07 23:21:58,811] Trial 163 finished with value: 0.13943175481945622 and parameters: {'model_name': 'SimpleImputer', 'strategy': 'mean'}. Best is trial 1 with value: 0.13943175481945622.
[I 2024-11-07 23:21:58,921] Trial 162 finished with value: 0.13943175481945622 and parameters: {'model_name': 'SimpleImputer', 'strategy': 'mean'}. Best is trial 1 with value: 0.13943175481945622.
[I 2024-11-07 23:21:58,925] Trial 165 finished with value: 0.13943175481945622 and parameters: {'model_name': 'SimpleImputer', 'strategy': 'mean'}. Best is trial 1 with value: 0.13943175481945622.
[I 2024-11-07 23:21:58,933] Trial 164 finished with value: 0.13943175481945622 and parameters: {'model_name': 'SimpleImputer', 'strategy': 'mean'}. Best is trial 1 with value: 0.13943175481945622.
running
[I 2024-11-07 23:21:59,045] Trial 159 finished with value: 0.13943175481945622 and parameters: {'model_name': 'SimpleImputer', 'strategy': 'mean'}. Best is trial 1 with value: 0.13943175481945622.
[I 2024-11-07 23:21:59,046] Trial 167 finished with value: 0.13943175481945622 and parameters: {'model_name': 'SimpleImputer', 'strategy': 'mean'}. Best is trial 1 with value: 0.13943175481945622.
running
running
running
running
[I 2024-11-07 23:21:59,635] Trial 166 finished with value: 0.13943175481945622 and parameters: {'model_name': 'SimpleImputer', 'strategy': 'mean'}. Best is trial 1 with value: 0.13943175481945622.
running
running
running
running
running
running
[I 2024-11-07 23:21:59,833] Trial 172 finished with value: 0.13943175481945622 and parameters: {'model_name': 'SimpleImputer', 'strategy': 'mean'}. Best is trial 1 with value: 0.13943175481945622.
[I 2024-11-07 23:21:59,972] Trial 169 finished with value: 0.13943175481945622 and parameters: {'model_name': 'SimpleImputer', 'strategy': 'mean'}. Best is trial 1 with value: 0.13943175481945622.
running
running
[I 2024-11-07 23:22:00,137] Trial 168 finished with value: 0.13943175481945622 and parameters: {'model_name': 'SimpleImputer', 'strategy': 'mean'}. Best is trial 1 with value: 0.13943175481945622.
[I 2024-11-07 23:22:00,254] Trial 170 finished with value: 0.13943175481945622 and parameters: {'model_name': 'SimpleImputer', 'strategy': 'mean'}. Best is trial 1 with value: 0.13943175481945622.
running
[I 2024-11-07 23:22:00,372] Trial 171 finished with value: 0.13943175481945622 and parameters: {'model_name': 'SimpleImputer', 'strategy': 'mean'}. Best is trial 1 with value: 0.13943175481945622.
running
running
[I 2024-11-07 23:22:00,495] Trial 177 finished with value: 0.13943175481945622 and parameters: {'model_name': 'SimpleImputer', 'strategy': 'mean'}. Best is trial 1 with value: 0.13943175481945622.
[I 2024-11-07 23:22:00,595] Trial 175 finished with value: 0.13943175481945622 and parameters: {'model_name': 'SimpleImputer', 'strategy': 'mean'}. Best is trial 1 with value: 0.13943175481945622.
[I 2024-11-07 23:22:00,709] Trial 173 finished with value: 0.13943175481945622 and parameters: {'model_name': 'SimpleImputer', 'strategy': 'mean'}. Best is trial 1 with value: 0.13943175481945622.
[I 2024-11-07 23:22:00,823] Trial 181 finished with value: 0.13943175481945622 and parameters: {'model_name': 'SimpleImputer', 'strategy': 'mean'}. Best is trial 1 with value: 0.13943175481945622.
running
running
[I 2024-11-07 23:22:00,970] Trial 178 finished with value: 0.13943175481945622 and parameters: {'model_name': 'SimpleImputer', 'strategy': 'mean'}. Best is trial 1 with value: 0.13943175481945622.
running
running
running
[I 2024-11-07 23:22:01,125] Trial 187 finished with value: 0.13943175481945622 and parameters: {'model_name': 'SimpleImputer', 'strategy': 'mean'}. Best is trial 1 with value: 0.13943175481945622.
[I 2024-11-07 23:22:01,227] Trial 174 finished with value: 0.13943175481945622 and parameters: {'model_name': 'SimpleImputer', 'strategy': 'mean'}. Best is trial 1 with value: 0.13943175481945622.
[I 2024-11-07 23:22:01,330] Trial 182 finished with value: 0.13943175481945622 and parameters: {'model_name': 'SimpleImputer', 'strategy': 'mean'}. Best is trial 1 with value: 0.13943175481945622.
running
running
[I 2024-11-07 23:22:01,478] Trial 180 finished with value: 0.13943175481945622 and parameters: {'model_name': 'SimpleImputer', 'strategy': 'mean'}. Best is trial 1 with value: 0.13943175481945622.
running
[I 2024-11-07 23:22:01,581] Trial 183 finished with value: 0.13943175481945622 and parameters: {'model_name': 'SimpleImputer', 'strategy': 'mean'}. Best is trial 1 with value: 0.13943175481945622.
running
[I 2024-11-07 23:22:01,704] Trial 192 finished with value: 0.21041946063314088 and parameters: {'model_name': 'SimpleImputer', 'strategy': 'constant'}. Best is trial 1 with value: 0.13943175481945622.
[I 2024-11-07 23:22:01,732] Trial 176 finished with value: 0.13943175481945622 and parameters: {'model_name': 'SimpleImputer', 'strategy': 'mean'}. Best is trial 1 with value: 0.13943175481945622.
[I 2024-11-07 23:22:01,826] Trial 185 finished with value: 0.13943175481945622 and parameters: {'model_name': 'SimpleImputer', 'strategy': 'mean'}. Best is trial 1 with value: 0.13943175481945622.
[I 2024-11-07 23:22:02,000] Trial 188 finished with value: 0.13943175481945622 and parameters: {'model_name': 'SimpleImputer', 'strategy': 'mean'}. Best is trial 1 with value: 0.13943175481945622.
running
running
[I 2024-11-07 23:22:02,136] Trial 194 finished with value: 0.13943175481945622 and parameters: {'model_name': 'SimpleImputer', 'strategy': 'mean'}. Best is trial 1 with value: 0.13943175481945622.
[I 2024-11-07 23:22:02,249] Trial 189 finished with value: 0.21041946063314088 and parameters: {'model_name': 'SimpleImputer', 'strategy': 'constant'}. Best is trial 1 with value: 0.13943175481945622.
[I 2024-11-07 23:22:02,345] Trial 186 finished with value: 0.13943175481945622 and parameters: {'model_name': 'SimpleImputer', 'strategy': 'mean'}. Best is trial 1 with value: 0.13943175481945622.
[I 2024-11-07 23:22:02,438] Trial 184 finished with value: 0.13943175481945622 and parameters: {'model_name': 'SimpleImputer', 'strategy': 'mean'}. Best is trial 1 with value: 0.13943175481945622.
[I 2024-11-07 23:22:02,533] Trial 193 finished with value: 0.21041946063314088 and parameters: {'model_name': 'SimpleImputer', 'strategy': 'constant'}. Best is trial 1 with value: 0.13943175481945622.
[I 2024-11-07 23:22:02,632] Trial 190 finished with value: 0.21041946063314088 and parameters: {'model_name': 'SimpleImputer', 'strategy': 'constant'}. Best is trial 1 with value: 0.13943175481945622.
[I 2024-11-07 23:22:02,742] Trial 179 finished with value: 0.13943175481945622 and parameters: {'model_name': 'SimpleImputer', 'strategy': 'mean'}. Best is trial 1 with value: 0.13943175481945622.
[I 2024-11-07 23:22:02,857] Trial 195 finished with value: 0.13943175481945622 and parameters: {'model_name': 'SimpleImputer', 'strategy': 'mean'}. Best is trial 1 with value: 0.13943175481945622.
[I 2024-11-07 23:22:02,944] Trial 191 finished with value: 0.21041946063314088 and parameters: {'model_name': 'SimpleImputer', 'strategy': 'constant'}. Best is trial 1 with value: 0.13943175481945622.
[I 2024-11-07 23:22:03,048] Trial 196 finished with value: 0.13943175481945622 and parameters: {'model_name': 'SimpleImputer', 'strategy': 'mean'}. Best is trial 1 with value: 0.13943175481945622.
[I 2024-11-07 23:22:03,132] Trial 197 finished with value: 0.13943175481945622 and parameters: {'model_name': 'SimpleImputer', 'strategy': 'mean'}. Best is trial 1 with value: 0.13943175481945622.
[I 2024-11-07 23:22:03,227] Trial 199 finished with value: 0.13943175481945622 and parameters: {'model_name': 'SimpleImputer', 'strategy': 'mean'}. Best is trial 1 with value: 0.13943175481945622.
[I 2024-11-07 23:22:03,310] Trial 198 finished with value: 0.13943175481945622 and parameters: {'model_name': 'SimpleImputer', 'strategy': 'mean'}. Best is trial 1 with value: 0.13943175481945622.
fit
simple fit
simple transform
0    0
1    0
2    0
3    0
dtype: int64
0    0
1    0
2    0
3    0
dtype: int64
0.13943175481945622
{'model_name': 'SimpleImputer', 'strategy': 'mean'}
running experiment 2/3 - Does reconstruction give good automl predictions
Start est fit
Version 0.1.7a0 of tpot2 is outdated. Version 0.1.8a0 was released Tuesday September 17, 2024.
Version 0.1.7a0 of tpot2 is outdated. Version 0.1.8a0 was released Tuesday September 17, 2024.
Version 0.1.7a0 of tpot2 is outdated. Version 0.1.8a0 was released Tuesday September 17, 2024.
Version 0.1.7a0 of tpot2 is outdated. Version 0.1.8a0 was released Tuesday September 17, 2024.
Version 0.1.7a0 of tpot2 is outdated. Version 0.1.8a0 was released Tuesday September 17, 2024.
Version 0.1.7a0 of tpot2 is outdated. Version 0.1.8a0 was released Tuesday September 17, 2024.
Version 0.1.7a0 of tpot2 is outdated. Version 0.1.8a0 was released Tuesday September 17, 2024.
Version 0.1.7a0 of tpot2 is outdated. Version 0.1.8a0 was released Tuesday September 17, 2024.
Version 0.1.7a0 of tpot2 is outdated. Version 0.1.8a0 was released Tuesday September 17, 2024.
Version 0.1.7a0 of tpot2 is outdated. Version 0.1.8a0 was released Tuesday September 17, 2024.
Version 0.1.7a0 of tpot2 is outdated. Version 0.1.8a0 was released Tuesday September 17, 2024.
Version 0.1.7a0 of tpot2 is outdated. Version 0.1.8a0 was released Tuesday September 17, 2024.
Version 0.1.7a0 of tpot2 is outdated. Version 0.1.8a0 was released Tuesday September 17, 2024.
Version 0.1.7a0 of tpot2 is outdated. Version 0.1.8a0 was released Tuesday September 17, 2024.
Version 0.1.7a0 of tpot2 is outdated. Version 0.1.8a0 was released Tuesday September 17, 2024.
Version 0.1.7a0 of tpot2 is outdated. Version 0.1.8a0 was released Tuesday September 17, 2024.
  0%|          | 0/25 [00:00<?, ?it/s]Generation:   0%|          | 0/25 [00:00<?, ?it/s]Generation:  1
Best f1_score score: 0.8736019706219464
Generation:   4%|▍         | 1/25 [00:07<03:01,  7.57s/it]Generation:  2
Best f1_score score: 0.8894034772476893
Generation:   8%|▊         | 2/25 [00:15<02:58,  7.76s/it]Generation:  3
Best f1_score score: 0.8894034772476893
Generation:  12%|█▏        | 3/25 [00:23<02:52,  7.86s/it]Generation:  4
Best f1_score score: 0.8894034772476893
Generation:  16%|█▌        | 4/25 [00:35<03:19,  9.50s/it]Generation:  5
Best f1_score score: 0.8894034772476893
Generation:  20%|██        | 5/25 [00:53<04:10, 12.53s/it]Generation:  6
Best f1_score score: 0.8894034772476893
Generation:  24%|██▍       | 6/25 [01:01<03:28, 10.99s/it]Generation:  7
Best f1_score score: 0.894288524503428
Generation:  28%|██▊       | 7/25 [01:12<03:19, 11.07s/it]Generation:  8
Best f1_score score: 0.894288524503428
Generation:  32%|███▏      | 8/25 [01:28<03:34, 12.61s/it]Generation:  9
Best f1_score score: 0.894288524503428
Generation:  36%|███▌      | 9/25 [01:37<03:03, 11.49s/it]Generation:  10
Best f1_score score: 0.894288524503428
Generation:  40%|████      | 10/25 [01:48<02:48, 11.26s/it]Generation:  11
Best f1_score score: 0.894288524503428
Generation:  44%|████▍     | 11/25 [02:28<04:39, 19.98s/it]Generation:  12
Best f1_score score: 0.894288524503428
Generation:  48%|████▊     | 12/25 [02:44<04:05, 18.85s/it]Generation:  13
Best f1_score score: 0.894288524503428
Generation:  52%|█████▏    | 13/25 [03:19<04:46, 23.91s/it]Generation:  14
Best f1_score score: 0.894288524503428
Generation:  56%|█████▌    | 14/25 [03:33<03:48, 20.75s/it]Generation:  15
Best f1_score score: 0.894288524503428
Generation:  60%|██████    | 15/25 [04:03<03:57, 23.72s/it]Generation:  16
Best f1_score score: 0.894288524503428
Generation:  64%|██████▍   | 16/25 [04:22<03:19, 22.12s/it]Generation:  17
Best f1_score score: 0.894288524503428
Generation:  68%|██████▊   | 17/25 [04:35<02:36, 19.56s/it]Generation:  18
Best f1_score score: 0.894288524503428
Generation:  72%|███████▏  | 18/25 [05:41<03:54, 33.51s/it]Generation:  19
Best f1_score score: 0.8953479266899746
Generation:  76%|███████▌  | 19/25 [06:10<03:12, 32.14s/it]Generation:  20
Best f1_score score: 0.8953479266899746
Generation:  80%|████████  | 20/25 [06:25<02:14, 26.94s/it]Generation:  21
Best f1_score score: 0.8953479266899746
Generation:  84%|████████▍ | 21/25 [06:44<01:38, 24.62s/it]Generation:  22
Best f1_score score: 0.8953479266899746
Generation:  88%|████████▊ | 22/25 [07:02<01:07, 22.43s/it]Generation:  23
Best f1_score score: 0.8953479266899746
Generation:  92%|█████████▏| 23/25 [07:18<00:40, 20.48s/it]Generation:  24
Best f1_score score: 0.8953479266899746
Generation:  96%|█████████▌| 24/25 [07:37<00:20, 20.23s/it]Generation:  25
Best f1_score score: 0.8953479266899746
Generation: 100%|██████████| 25/25 [11:07<00:00, 76.97s/it]Generation: 100%|██████████| 25/25 [11:11<00:00, 26.86s/it]
2024-11-07 23:33:21,318 - distributed.scheduler - ERROR - Removing worker 'tcp://127.0.0.1:40227' caused the cluster to lose scattered data, which can't be recovered: {'ndarray-da8a023d5e9814a6996b3a561ec8de10', 'ndarray-4a246f34a9b8b2e441d41beae6e0bf09'} (stimulus_id='handle-worker-cleanup-1731051201.318447')
Fitted
Pipeline(steps=[('baggingclassifier',
                 BaggingClassifier(bootstrap=False,
                                   max_features=0.7723136971364,
                                   max_samples=0.597356778705, n_estimators=87,
                                   n_jobs=1))])
score start
train score: {'auroc': 0.9997667119538736, 'accuracy': 0.9926672777268561, 'balanced_accuracy': 0.9901980300126652, 'logloss': 0.11656227120369714, 'f1': 0.9926830241618361}
original test score: {'auroc': 1.0, 'accuracy': 0.9972527472527473, 'balanced_accuracy': 0.990909090909091, 'logloss': 0.07852208728460201, 'f1': 0.9945170177985505}
imputed test score: {'auroc': 0.9831938960473691, 'accuracy': 0.8946886446886447, 'balanced_accuracy': 0.8758606472892188, 'logloss': 0.31383906231584024, 'f1': 0.8880036506001561}
score end
check intended
EXP2 Finished
running experiment 3/3 - What is the best automl settings?
<tpot2.search_spaces.pipelines.sequential.SequentialPipeline object at 0x15543504f9d0>
Start tpot fit
Version 0.1.7a0 of tpot2 is outdated. Version 0.1.8a0 was released Tuesday September 17, 2024.
Version 0.1.7a0 of tpot2 is outdated. Version 0.1.8a0 was released Tuesday September 17, 2024.
Version 0.1.7a0 of tpot2 is outdated. Version 0.1.8a0 was released Tuesday September 17, 2024.
Version 0.1.7a0 of tpot2 is outdated. Version 0.1.8a0 was released Tuesday September 17, 2024.
Version 0.1.7a0 of tpot2 is outdated. Version 0.1.8a0 was released Tuesday September 17, 2024.
Version 0.1.7a0 of tpot2 is outdated. Version 0.1.8a0 was released Tuesday September 17, 2024.
Version 0.1.7a0 of tpot2 is outdated. Version 0.1.8a0 was released Tuesday September 17, 2024.
Version 0.1.7a0 of tpot2 is outdated. Version 0.1.8a0 was released Tuesday September 17, 2024.
Version 0.1.7a0 of tpot2 is outdated. Version 0.1.8a0 was released Tuesday September 17, 2024.
Version 0.1.7a0 of tpot2 is outdated. Version 0.1.8a0 was released Tuesday September 17, 2024.
Version 0.1.7a0 of tpot2 is outdated. Version 0.1.8a0 was released Tuesday September 17, 2024.
Version 0.1.7a0 of tpot2 is outdated. Version 0.1.8a0 was released Tuesday September 17, 2024.
Version 0.1.7a0 of tpot2 is outdated. Version 0.1.8a0 was released Tuesday September 17, 2024.
Version 0.1.7a0 of tpot2 is outdated. Version 0.1.8a0 was released Tuesday September 17, 2024.
Version 0.1.7a0 of tpot2 is outdated. Version 0.1.8a0 was released Tuesday September 17, 2024.
Version 0.1.7a0 of tpot2 is outdated. Version 0.1.8a0 was released Tuesday September 17, 2024.
  0%|          | 0/25 [00:00<?, ?it/s]Generation:   0%|          | 0/25 [00:00<?, ?it/s]WARNING THIS INDIVIDUAL CAUSED AND EXCEPTION 
 <tpot2.search_spaces.pipelines.sequential.SequentialPipelineIndividual object at 0x155474d1ff10> 
 The 'min_samples_split' parameter of DecisionTreeClassifier must be an int in the range [2, inf) or a float in the range (0.0, 1.0]. Got 1 instead. 
 Traceback (most recent call last):
  File "/common/ketrong/tpotexp/tpot2/tpot2/utils/eval_utils.py", line 53, in objective_nan_wrapper
    value = func_timeout.func_timeout(timeout, objective_function, args=[individual], kwargs=objective_kwargs)
  File "/common/ketrong/tpotexp/env/lib/python3.10/site-packages/func_timeout/dafunc.py", line 108, in func_timeout
    raise_exception(exception)
  File "/common/ketrong/tpotexp/env/lib/python3.10/site-packages/func_timeout/py3_raise.py", line 7, in raise_exception
    raise exception[0] from None
  File "/common/ketrong/tpotexp/tpot2/tpot2/tpot_estimator/estimator.py", line 623, in objective_function
    return objective_function_generator(
  File "/common/ketrong/tpotexp/tpot2/tpot2/tpot_estimator/estimator_utils.py", line 55, in objective_function_generator
    cv_obj_scores = cross_val_score_objective(sklearn.base.clone(pipeline),x,y,scorers=scorers, cv=cv , fold=step)
  File "/common/ketrong/tpotexp/tpot2/tpot2/tpot_estimator/cross_val_utils.py", line 28, in cross_val_score_objective
    this_fold_pipeline.fit(X_train,y_train)
  File "/common/ketrong/tpotexp/env/lib/python3.10/site-packages/sklearn/base.py", line 1473, in wrapper
    return fit_method(estimator, *args, **kwargs)
  File "/common/ketrong/tpotexp/env/lib/python3.10/site-packages/sklearn/pipeline.py", line 473, in fit
    self._final_estimator.fit(Xt, y, **last_step_params["fit"])
  File "/common/ketrong/tpotexp/env/lib/python3.10/site-packages/sklearn/base.py", line 1466, in wrapper
    estimator._validate_params()
  File "/common/ketrong/tpotexp/env/lib/python3.10/site-packages/sklearn/base.py", line 666, in _validate_params
    validate_parameter_constraints(
  File "/common/ketrong/tpotexp/env/lib/python3.10/site-packages/sklearn/utils/_param_validation.py", line 95, in validate_parameter_constraints
    raise InvalidParameterError(
sklearn.utils._param_validation.InvalidParameterError: The 'min_samples_split' parameter of DecisionTreeClassifier must be an int in the range [2, inf) or a float in the range (0.0, 1.0]. Got 1 instead.

Generation:  1
Best f1_score score: 0.8799073056906982
Generation:   4%|▍         | 1/25 [01:17<31:01, 77.57s/it]Generation:  2
Best f1_score score: 0.8824841480937387
Generation:   8%|▊         | 2/25 [01:33<15:46, 41.17s/it]Generation:  3
Best f1_score score: 0.8884025378017559
Generation:  12%|█▏        | 3/25 [01:42<09:48, 26.76s/it]Generation:  4
Best f1_score score: 0.8884025378017559
Generation:  16%|█▌        | 4/25 [01:53<07:09, 20.45s/it]WARNING THIS INDIVIDUAL CAUSED AND EXCEPTION 
 <tpot2.search_spaces.pipelines.sequential.SequentialPipelineIndividual object at 0x1554740af790> 
 The 'min_samples_split' parameter of DecisionTreeClassifier must be an int in the range [2, inf) or a float in the range (0.0, 1.0]. Got 1 instead. 
 Traceback (most recent call last):
  File "/common/ketrong/tpotexp/tpot2/tpot2/utils/eval_utils.py", line 53, in objective_nan_wrapper
    value = func_timeout.func_timeout(timeout, objective_function, args=[individual], kwargs=objective_kwargs)
  File "/common/ketrong/tpotexp/env/lib/python3.10/site-packages/func_timeout/dafunc.py", line 108, in func_timeout
    raise_exception(exception)
  File "/common/ketrong/tpotexp/env/lib/python3.10/site-packages/func_timeout/py3_raise.py", line 7, in raise_exception
    raise exception[0] from None
  File "/common/ketrong/tpotexp/tpot2/tpot2/tpot_estimator/estimator.py", line 623, in objective_function
    return objective_function_generator(
  File "/common/ketrong/tpotexp/tpot2/tpot2/tpot_estimator/estimator_utils.py", line 55, in objective_function_generator
    cv_obj_scores = cross_val_score_objective(sklearn.base.clone(pipeline),x,y,scorers=scorers, cv=cv , fold=step)
  File "/common/ketrong/tpotexp/tpot2/tpot2/tpot_estimator/cross_val_utils.py", line 28, in cross_val_score_objective
    this_fold_pipeline.fit(X_train,y_train)
  File "/common/ketrong/tpotexp/env/lib/python3.10/site-packages/sklearn/base.py", line 1473, in wrapper
    return fit_method(estimator, *args, **kwargs)
  File "/common/ketrong/tpotexp/env/lib/python3.10/site-packages/sklearn/pipeline.py", line 473, in fit
    self._final_estimator.fit(Xt, y, **last_step_params["fit"])
  File "/common/ketrong/tpotexp/env/lib/python3.10/site-packages/sklearn/base.py", line 1466, in wrapper
    estimator._validate_params()
  File "/common/ketrong/tpotexp/env/lib/python3.10/site-packages/sklearn/base.py", line 666, in _validate_params
    validate_parameter_constraints(
  File "/common/ketrong/tpotexp/env/lib/python3.10/site-packages/sklearn/utils/_param_validation.py", line 95, in validate_parameter_constraints
    raise InvalidParameterError(
sklearn.utils._param_validation.InvalidParameterError: The 'min_samples_split' parameter of DecisionTreeClassifier must be an int in the range [2, inf) or a float in the range (0.0, 1.0]. Got 1 instead.

Generation:  5
Best f1_score score: 0.8884025378017559
Generation:  20%|██        | 5/25 [02:05<05:47, 17.37s/it]Generation:  6
Best f1_score score: 0.8884025378017559
Generation:  24%|██▍       | 6/25 [02:16<04:51, 15.34s/it]Generation:  7
Best f1_score score: 0.8884025378017559
Generation:  28%|██▊       | 7/25 [07:50<35:47, 119.30s/it]Generation:  8
Best f1_score score: 0.8884025378017559
Generation:  32%|███▏      | 8/25 [14:58<1:01:38, 217.58s/it]Generation:  9
Best f1_score score: 0.8884025378017559
Generation:  36%|███▌      | 9/25 [15:06<40:35, 152.20s/it]  Generation:  10
Best f1_score score: 0.8884025378017559
Generation:  40%|████      | 10/25 [16:14<31:30, 126.01s/it]Generation:  11
Best f1_score score: 0.8884025378017559
Generation:  44%|████▍     | 11/25 [16:23<21:04, 90.31s/it] Generation:  12
Best f1_score score: 0.8884025378017559
Generation:  48%|████▊     | 12/25 [16:33<14:18, 66.01s/it]Generation:  13
Best f1_score score: 0.8884025378017559
Generation:  52%|█████▏    | 13/25 [16:41<09:38, 48.21s/it]Generation:  14
Best f1_score score: 0.8884025378017559
Generation:  56%|█████▌    | 14/25 [17:39<09:25, 51.38s/it]Generation:  15
Best f1_score score: 0.8897208347791498
Generation:  60%|██████    | 15/25 [17:52<06:35, 39.59s/it]WARNING THIS INDIVIDUAL CAUSED AND EXCEPTION 
 <tpot2.search_spaces.pipelines.sequential.SequentialPipelineIndividual object at 0x1554742d8d60> 
 The 'min_samples_split' parameter of DecisionTreeClassifier must be an int in the range [2, inf) or a float in the range (0.0, 1.0]. Got 1 instead. 
 Traceback (most recent call last):
  File "/common/ketrong/tpotexp/tpot2/tpot2/utils/eval_utils.py", line 53, in objective_nan_wrapper
    value = func_timeout.func_timeout(timeout, objective_function, args=[individual], kwargs=objective_kwargs)
  File "/common/ketrong/tpotexp/env/lib/python3.10/site-packages/func_timeout/dafunc.py", line 108, in func_timeout
    raise_exception(exception)
  File "/common/ketrong/tpotexp/env/lib/python3.10/site-packages/func_timeout/py3_raise.py", line 7, in raise_exception
    raise exception[0] from None
  File "/common/ketrong/tpotexp/tpot2/tpot2/tpot_estimator/estimator.py", line 623, in objective_function
    return objective_function_generator(
  File "/common/ketrong/tpotexp/tpot2/tpot2/tpot_estimator/estimator_utils.py", line 55, in objective_function_generator
    cv_obj_scores = cross_val_score_objective(sklearn.base.clone(pipeline),x,y,scorers=scorers, cv=cv , fold=step)
  File "/common/ketrong/tpotexp/tpot2/tpot2/tpot_estimator/cross_val_utils.py", line 28, in cross_val_score_objective
    this_fold_pipeline.fit(X_train,y_train)
  File "/common/ketrong/tpotexp/env/lib/python3.10/site-packages/sklearn/base.py", line 1473, in wrapper
    return fit_method(estimator, *args, **kwargs)
  File "/common/ketrong/tpotexp/env/lib/python3.10/site-packages/sklearn/pipeline.py", line 473, in fit
    self._final_estimator.fit(Xt, y, **last_step_params["fit"])
  File "/common/ketrong/tpotexp/env/lib/python3.10/site-packages/sklearn/base.py", line 1466, in wrapper
    estimator._validate_params()
  File "/common/ketrong/tpotexp/env/lib/python3.10/site-packages/sklearn/base.py", line 666, in _validate_params
    validate_parameter_constraints(
  File "/common/ketrong/tpotexp/env/lib/python3.10/site-packages/sklearn/utils/_param_validation.py", line 95, in validate_parameter_constraints
    raise InvalidParameterError(
sklearn.utils._param_validation.InvalidParameterError: The 'min_samples_split' parameter of DecisionTreeClassifier must be an int in the range [2, inf) or a float in the range (0.0, 1.0]. Got 1 instead.

Generation:  16
Best f1_score score: 0.8897208347791498
Generation:  64%|██████▍   | 16/25 [17:59<04:28, 29.88s/it]Generation:  17
Best f1_score score: 0.8897208347791498
Generation:  68%|██████▊   | 17/25 [18:09<03:11, 23.91s/it]Generation:  18
Best f1_score score: 0.8897208347791498
Generation:  72%|███████▏  | 18/25 [18:19<02:18, 19.86s/it]Generation:  19
Best f1_score score: 0.8897208347791498
Generation:  76%|███████▌  | 19/25 [18:32<01:46, 17.73s/it]Generation:  20
Best f1_score score: 0.8897208347791498
Generation:  80%|████████  | 20/25 [18:48<01:25, 17.20s/it]Generation:  21
Best f1_score score: 0.8897208347791498
Generation:  84%|████████▍ | 21/25 [18:57<00:58, 14.60s/it]Generation:  22
Best f1_score score: 0.8897208347791498
Generation:  88%|████████▊ | 22/25 [19:10<00:42, 14.09s/it]Generation:  23
Best f1_score score: 0.8897208347791498
Generation:  92%|█████████▏| 23/25 [19:19<00:25, 12.54s/it]Generation:  24
Best f1_score score: 0.8897208347791498
Generation:  96%|█████████▌| 24/25 [19:30<00:12, 12.34s/it]Generation:  25
Best f1_score score: 0.8897208347791498
Generation: 100%|██████████| 25/25 [19:39<00:00, 11.35s/it]Generation: 100%|██████████| 25/25 [19:39<00:00, 47.20s/it]
2024-11-07 23:53:12,630 - distributed.scheduler - ERROR - Removing worker 'tcp://127.0.0.1:43785' caused the cluster to lose scattered data, which can't be recovered: {'ndarray-da8a023d5e9814a6996b3a561ec8de10', 'DataFrame-c09e65bbbbaea7ec6010229cf917efed'} (stimulus_id='handle-worker-cleanup-1731052392.6309085')
Fitted
Pipeline(steps=[('simpleimputer', SimpleImputer()),
                ('lgbmclassifier',
                 LGBMClassifier(max_depth=8, n_estimators=95, n_jobs=1,
                                num_leaves=218, verbose=-1))])
transform worked
try transform
transform worked
score start
train score: {'auroc': 0.9990406557590088, 'accuracy': 0.9715857011915674, 'balanced_accuracy': 0.9709332035230417, 'logloss': 0.10002136399892204, 'f1': 0.9738955399096804}
test score: {'auroc': 0.9829202017473303, 'accuracy': 0.8809523809523809, 'balanced_accuracy': 0.867478354978355, 'logloss': 0.28862212912937846, 'f1': 0.8768008657591453}
original test score: {'auroc': 1.0, 'accuracy': 0.9990842490842491, 'balanced_accuracy': 0.9962121212121212, 'logloss': 0.0018881082875300771, 'f1': 0.9978084773456208}
score end
1526
lvl
0.3
type
MCAR
num_run
2
class_simple
finished
all finished
full run takes
0.5307479990853203
hours
DONE
