Run: 29
/cm/local/apps/slurm/var/spool/job995701/slurm_script: line 27: 
pip install -e tpot2
pip install -r tpot2/ImputerExperiments/requirements_.txt
: No such file or directory
RunStart
Version 0.1.7a0 of tpot2 is outdated. Version 0.1.8a0 was released Tuesday September 17, 2024.
starting loops
../data/r/216/216.pkl
working on 
../data/r/216/reg_full_MAR_0.01_2
3.10591459274292
running experiment 1/3 - Does large hyperparameter space improve reconstruction accuracy over simple
[I 2024-10-10 10:47:25,855] A new study created in memory with name: no-name-2c93b716-d63a-4761-a773-00138fbec1d5
running
running
running
running
running
running
running
running
running
running
running
running
running
running
running
running
[I 2024-10-10 10:47:26,328] Trial 7 finished with value: 0.6247629517774135 and parameters: {'model_name': 'SimpleImputer', 'strategy': 'constant'}. Best is trial 7 with value: 0.6247629517774135.
running
[I 2024-10-10 10:47:26,491] Trial 15 finished with value: 0.6247629517774135 and parameters: {'model_name': 'SimpleImputer', 'strategy': 'constant'}. Best is trial 7 with value: 0.6247629517774135.
running
[I 2024-10-10 10:47:34,496] Trial 13 finished with value: 0.29388201956535276 and parameters: {'model_name': 'VAE', 'batch_size': 1, 'iterations': 1, 'learning_rate': 0.0026569624946837476, 'p_miss': 0.030302706785554225}. Best is trial 13 with value: 0.29388201956535276.
running
[I 2024-10-10 10:47:35,370] Trial 8 finished with value: 0.2892356377621702 and parameters: {'model_name': 'VAE', 'batch_size': 16, 'iterations': 1, 'learning_rate': 0.00011196189234143346, 'p_miss': 0.010186718341309357}. Best is trial 8 with value: 0.2892356377621702.
running
[I 2024-10-10 10:47:37,320] Trial 3 finished with value: 0.5921802050597071 and parameters: {'model_name': 'GAIN', 'batch_size': 1, 'hint_rate': 0.3306641376736838, 'alpha': 87, 'iterations': 3, 'learning_rate': 0.00013988744792052448, 'p_miss': 0.12757045641754022}. Best is trial 8 with value: 0.2892356377621702.
running
[I 2024-10-10 10:47:39,467] Trial 16 finished with value: 0.28830879036918494 and parameters: {'model_name': 'VAE', 'batch_size': 1, 'iterations': 6, 'learning_rate': 0.0006352334494207953, 'p_miss': 0.25256738776622006}. Best is trial 16 with value: 0.28830879036918494.
running
[I 2024-10-10 10:47:39,651] Trial 11 finished with value: 0.11142725109671266 and parameters: {'model_name': 'KNNImputer', 'n_neighbors': 5127, 'weights': 'distance'}. Best is trial 11 with value: 0.11142725109671266.
running
[I 2024-10-10 10:47:40,327] Trial 17 finished with value: 0.12807300590899237 and parameters: {'model_name': 'KNNImputer', 'n_neighbors': 10536, 'weights': 'distance'}. Best is trial 11 with value: 0.11142725109671266.
running
[I 2024-10-10 10:47:51,396] Trial 21 finished with value: 0.1367433942829861 and parameters: {'model_name': 'KNNImputer', 'n_neighbors': 13233, 'weights': 'uniform'}. Best is trial 11 with value: 0.11142725109671266.
running
[I 2024-10-10 10:48:08,202] Trial 24 finished with value: 0.12807300590899237 and parameters: {'model_name': 'KNNImputer', 'n_neighbors': 11657, 'weights': 'distance'}. Best is trial 11 with value: 0.11142725109671266.
running
