Run: 51
/cm/local/apps/slurm/var/spool/job1042201/slurm_script: line 26: 
pip install -e tpot2
pip install -r tpot2/ImputerExperiments/requirements_.txt
: No such file or directory
RunStart
Version 0.1.7a0 of tpot2 is outdated. Version 0.1.8a0 was released Tuesday September 17, 2024.
starting loops
../data/c/1046/1046.pkl
working on 
../data/c/1046/class_full_MCAR_0.3_3
4.423530101776123
running experiment 1/3 - Does large hyperparameter space improve reconstruction accuracy over simple
[I 2024-11-06 07:09:45,555] A new study created in memory with name: no-name-88fa118e-0e46-4384-ad14-c13670824c8d
running
running
running
running
running
running
running
running
running
running
running
running
running
running
running
running
[I 2024-11-06 07:09:45,936] Trial 8 finished with value: 0.41356770015316774 and parameters: {'model_name': 'SimpleImputer', 'strategy': 'constant'}. Best is trial 8 with value: 0.41356770015316774.
running
[I 2024-11-06 07:09:46,046] Trial 0 finished with value: 0.3640076302228089 and parameters: {'model_name': 'SimpleImputer', 'strategy': 'median'}. Best is trial 0 with value: 0.3640076302228089.
running
[I 2024-11-06 07:09:46,260] Trial 5 finished with value: 0.41356770015316774 and parameters: {'model_name': 'SimpleImputer', 'strategy': 'most_frequent'}. Best is trial 0 with value: 0.3640076302228089.
[I 2024-11-06 07:09:46,357] Trial 16 finished with value: 0.41356770015316774 and parameters: {'model_name': 'SimpleImputer', 'strategy': 'constant'}. Best is trial 0 with value: 0.3640076302228089.
running
running
[I 2024-11-06 07:09:46,461] Trial 4 finished with value: 0.3640076302228089 and parameters: {'model_name': 'SimpleImputer', 'strategy': 'median'}. Best is trial 0 with value: 0.3640076302228089.
running
[I 2024-11-06 07:09:46,779] Trial 19 finished with value: 0.3640076302228089 and parameters: {'model_name': 'SimpleImputer', 'strategy': 'median'}. Best is trial 0 with value: 0.3640076302228089.
running
[I 2024-11-06 07:09:49,665] Trial 3 finished with value: 0.3029631744140081 and parameters: {'model_name': 'KNNImputer', 'n_neighbors': 919, 'weights': 'distance'}. Best is trial 3 with value: 0.3029631744140081.
running
[I 2024-11-06 07:09:50,304] Trial 15 finished with value: 0.27598706317111404 and parameters: {'model_name': 'KNNImputer', 'n_neighbors': 10469, 'weights': 'uniform'}. Best is trial 15 with value: 0.27598706317111404.
[I 2024-11-06 07:09:50,422] Trial 17 finished with value: 0.27598706317111404 and parameters: {'model_name': 'KNNImputer', 'n_neighbors': 10030, 'weights': 'uniform'}. Best is trial 15 with value: 0.27598706317111404.
running
running
[I 2024-11-06 07:09:51,037] Trial 23 finished with value: 0.41356770015316774 and parameters: {'model_name': 'SimpleImputer', 'strategy': 'most_frequent'}. Best is trial 15 with value: 0.27598706317111404.
running
[I 2024-11-06 07:09:51,840] Trial 10 finished with value: 0.3053189693444257 and parameters: {'model_name': 'KNNImputer', 'n_neighbors': 6148, 'weights': 'distance'}. Best is trial 15 with value: 0.27598706317111404.
running
[I 2024-11-06 07:09:52,077] Trial 18 finished with value: 0.304991898041226 and parameters: {'model_name': 'KNNImputer', 'n_neighbors': 4471, 'weights': 'distance'}. Best is trial 15 with value: 0.27598706317111404.
running
[I 2024-11-06 07:09:53,883] Trial 9 finished with value: 0.3453866563678966 and parameters: {'model_name': 'VAE', 'batch_size': 4, 'iterations': 1, 'learning_rate': 0.0001753695301991695, 'p_miss': 0.14222296643407353}. Best is trial 15 with value: 0.27598706317111404.
running
[I 2024-11-06 07:09:54,035] Trial 1 finished with value: 0.40476524472792896 and parameters: {'model_name': 'GAIN', 'batch_size': 30, 'hint_rate': 0.32932600882260343, 'alpha': 47, 'iterations': 1, 'learning_rate': 0.036908976336848184, 'p_miss': 0.27436798155478426}. Best is trial 15 with value: 0.27598706317111404.
running
[I 2024-11-06 07:09:54,705] Trial 24 finished with value: 0.40894225992201355 and parameters: {'model_name': 'GAIN', 'batch_size': 4, 'hint_rate': 0.33745006470827754, 'alpha': 38, 'iterations': 1, 'learning_rate': 0.001259938140919425, 'p_miss': 0.07805030567147997}. Best is trial 15 with value: 0.27598706317111404.
running
[I 2024-11-06 07:09:59,543] Trial 7 finished with value: 0.3462635747230893 and parameters: {'model_name': 'VAE', 'batch_size': 502, 'iterations': 2, 'learning_rate': 0.0013238497103619932, 'p_miss': 0.1678294405457623}. Best is trial 15 with value: 0.27598706317111404.
running
[I 2024-11-06 07:10:13,109] Trial 26 finished with value: 0.2773943633471795 and parameters: {'model_name': 'IterativeImputer', 'estimator': 'KNN', 'initial_strategy': 'mean', 'n_nearest_features': 4, 'imputation_order': 'ascending'}. Best is trial 15 with value: 0.27598706317111404.
running
[I 2024-11-06 07:10:15,729] Trial 29 finished with value: 0.26332976851855194 and parameters: {'model_name': 'IterativeImputer', 'estimator': 'Bayesian', 'initial_strategy': 'median', 'n_nearest_features': 2, 'imputation_order': 'roman', 'sample_posterior': False}. Best is trial 29 with value: 0.26332976851855194.
running
[I 2024-11-06 07:10:17,853] Trial 30 finished with value: 0.27869668493208066 and parameters: {'model_name': 'IterativeImputer', 'estimator': 'KNN', 'initial_strategy': 'most_frequent', 'n_nearest_features': 1, 'imputation_order': 'roman'}. Best is trial 29 with value: 0.26332976851855194.
running
[I 2024-11-06 07:10:19,153] Trial 32 finished with value: 0.27598706317111404 and parameters: {'model_name': 'KNNImputer', 'n_neighbors': 12166, 'weights': 'uniform'}. Best is trial 29 with value: 0.26332976851855194.
running
[I 2024-11-06 07:10:23,472] Trial 33 finished with value: 0.26469436061144014 and parameters: {'model_name': 'IterativeImputer', 'estimator': 'Bayesian', 'initial_strategy': 'median', 'n_nearest_features': 1, 'imputation_order': 'roman', 'sample_posterior': False}. Best is trial 29 with value: 0.26332976851855194.
running
[I 2024-11-06 07:10:28,565] Trial 20 finished with value: 0.4124658804787916 and parameters: {'model_name': 'GAIN', 'batch_size': 654, 'hint_rate': 0.03485927867642013, 'alpha': 87, 'iterations': 66, 'learning_rate': 0.00939171957916162, 'p_miss': 0.07599330156201321}. Best is trial 29 with value: 0.26332976851855194.
running
[I 2024-11-06 07:10:29,930] Trial 36 finished with value: 0.26469436061144014 and parameters: {'model_name': 'IterativeImputer', 'estimator': 'Bayesian', 'initial_strategy': 'median', 'n_nearest_features': 1, 'imputation_order': 'roman', 'sample_posterior': False}. Best is trial 29 with value: 0.26332976851855194.
running
[I 2024-11-06 07:10:34,728] Trial 34 finished with value: 0.26332976851855194 and parameters: {'model_name': 'IterativeImputer', 'estimator': 'Bayesian', 'initial_strategy': 'median', 'n_nearest_features': 2, 'imputation_order': 'roman', 'sample_posterior': False}. Best is trial 29 with value: 0.26332976851855194.
running
[I 2024-11-06 07:10:35,768] Trial 37 finished with value: 0.26469436061144014 and parameters: {'model_name': 'IterativeImputer', 'estimator': 'Bayesian', 'initial_strategy': 'median', 'n_nearest_features': 1, 'imputation_order': 'roman', 'sample_posterior': False}. Best is trial 29 with value: 0.26332976851855194.
running
[I 2024-11-06 07:10:36,416] Trial 35 finished with value: 0.26332976851855194 and parameters: {'model_name': 'IterativeImputer', 'estimator': 'Bayesian', 'initial_strategy': 'median', 'n_nearest_features': 2, 'imputation_order': 'roman', 'sample_posterior': False}. Best is trial 29 with value: 0.26332976851855194.
running
[I 2024-11-06 07:10:37,314] Trial 38 finished with value: 0.26469436061144014 and parameters: {'model_name': 'IterativeImputer', 'estimator': 'Bayesian', 'initial_strategy': 'median', 'n_nearest_features': 1, 'imputation_order': 'roman', 'sample_posterior': False}. Best is trial 29 with value: 0.26332976851855194.
running
[I 2024-11-06 07:10:44,875] Trial 41 finished with value: 0.2628046983902726 and parameters: {'model_name': 'IterativeImputer', 'estimator': 'Ridge', 'initial_strategy': 'constant', 'n_nearest_features': 3, 'imputation_order': 'arabic'}. Best is trial 41 with value: 0.2628046983902726.
running
[I 2024-11-06 07:10:45,406] Trial 42 finished with value: 0.2628046983902726 and parameters: {'model_name': 'IterativeImputer', 'estimator': 'Ridge', 'initial_strategy': 'constant', 'n_nearest_features': 3, 'imputation_order': 'arabic'}. Best is trial 41 with value: 0.2628046983902726.
running
[I 2024-11-06 07:10:50,262] Trial 39 finished with value: 0.26332976851855194 and parameters: {'model_name': 'IterativeImputer', 'estimator': 'Bayesian', 'initial_strategy': 'median', 'n_nearest_features': 2, 'imputation_order': 'roman', 'sample_posterior': False}. Best is trial 41 with value: 0.2628046983902726.
running
[I 2024-11-06 07:10:50,973] Trial 40 finished with value: 0.26332976851855194 and parameters: {'model_name': 'IterativeImputer', 'estimator': 'Bayesian', 'initial_strategy': 'median', 'n_nearest_features': 2, 'imputation_order': 'roman', 'sample_posterior': False}. Best is trial 41 with value: 0.2628046983902726.
running
[I 2024-11-06 07:10:53,336] Trial 43 finished with value: 0.2628046983902726 and parameters: {'model_name': 'IterativeImputer', 'estimator': 'Ridge', 'initial_strategy': 'constant', 'n_nearest_features': 3, 'imputation_order': 'arabic'}. Best is trial 41 with value: 0.2628046983902726.
running
[I 2024-11-06 07:10:53,943] Trial 44 finished with value: 0.2628046983902726 and parameters: {'model_name': 'IterativeImputer', 'estimator': 'Ridge', 'initial_strategy': 'constant', 'n_nearest_features': 3, 'imputation_order': 'arabic'}. Best is trial 41 with value: 0.2628046983902726.
running
[I 2024-11-06 07:10:58,303] Trial 45 finished with value: 0.2628046983902726 and parameters: {'model_name': 'IterativeImputer', 'estimator': 'Ridge', 'initial_strategy': 'constant', 'n_nearest_features': 3, 'imputation_order': 'arabic'}. Best is trial 41 with value: 0.2628046983902726.
running
[I 2024-11-06 07:10:59,278] Trial 48 finished with value: 0.26251341856910904 and parameters: {'model_name': 'IterativeImputer', 'estimator': 'Ridge', 'initial_strategy': 'constant', 'n_nearest_features': 4, 'imputation_order': 'arabic'}. Best is trial 48 with value: 0.26251341856910904.
running
[I 2024-11-06 07:10:59,628] Trial 46 finished with value: 0.2628046983902726 and parameters: {'model_name': 'IterativeImputer', 'estimator': 'Ridge', 'initial_strategy': 'constant', 'n_nearest_features': 3, 'imputation_order': 'arabic'}. Best is trial 48 with value: 0.26251341856910904.
running
[I 2024-11-06 07:11:02,264] Trial 47 finished with value: 0.2628046983902726 and parameters: {'model_name': 'IterativeImputer', 'estimator': 'Ridge', 'initial_strategy': 'constant', 'n_nearest_features': 3, 'imputation_order': 'arabic'}. Best is trial 48 with value: 0.26251341856910904.
running
[I 2024-11-06 07:11:07,049] Trial 49 finished with value: 0.2628046983902726 and parameters: {'model_name': 'IterativeImputer', 'estimator': 'Ridge', 'initial_strategy': 'constant', 'n_nearest_features': 3, 'imputation_order': 'arabic'}. Best is trial 48 with value: 0.26251341856910904.
running
[I 2024-11-06 07:18:31,218] Trial 21 finished with value: 0.3219424636600139 and parameters: {'model_name': 'VAE', 'batch_size': 48, 'iterations': 233, 'learning_rate': 0.00020181468002672965, 'p_miss': 0.14409393498095402}. Best is trial 48 with value: 0.26251341856910904.
running
[I 2024-11-06 07:18:38,731] Trial 22 finished with value: 0.28646332408277847 and parameters: {'model_name': 'VAE', 'batch_size': 74, 'iterations': 270, 'learning_rate': 0.023174123485128324, 'p_miss': 0.23999142096161652}. Best is trial 48 with value: 0.26251341856910904.
running
[I 2024-11-06 07:25:40,318] Trial 11 finished with value: 0.2708253089417497 and parameters: {'model_name': 'IterativeImputer', 'estimator': 'RFR', 'initial_strategy': 'median', 'n_nearest_features': 2, 'imputation_order': 'ascending'}. Best is trial 48 with value: 0.26251341856910904.
running
[I 2024-11-06 07:26:00,724] Trial 28 finished with value: 0.26086093831781465 and parameters: {'model_name': 'IterativeImputer', 'estimator': 'RFR', 'initial_strategy': 'most_frequent', 'n_nearest_features': 2, 'imputation_order': 'roman'}. Best is trial 28 with value: 0.26086093831781465.
running
[I 2024-11-06 07:26:15,290] Trial 31 finished with value: 0.2693550873943056 and parameters: {'model_name': 'IterativeImputer', 'estimator': 'RFR', 'initial_strategy': 'median', 'n_nearest_features': 2, 'imputation_order': 'arabic'}. Best is trial 28 with value: 0.26086093831781465.
running
[I 2024-11-06 07:26:20,458] Trial 58 finished with value: 0.2625133924396995 and parameters: {'model_name': 'IterativeImputer', 'estimator': 'Ridge', 'initial_strategy': 'most_frequent', 'n_nearest_features': 4, 'imputation_order': 'descending'}. Best is trial 28 with value: 0.26086093831781465.
running
[I 2024-11-06 07:27:26,461] Trial 14 finished with value: 0.4041552340572096 and parameters: {'model_name': 'GAIN', 'batch_size': 58, 'hint_rate': 0.9512657699499977, 'alpha': 42, 'iterations': 923, 'learning_rate': 0.00010553482893757835, 'p_miss': 0.28457647090542065}. Best is trial 28 with value: 0.26086093831781465.
running
[I 2024-11-06 07:27:31,747] Trial 60 finished with value: 0.2625133924396995 and parameters: {'model_name': 'IterativeImputer', 'estimator': 'Ridge', 'initial_strategy': 'most_frequent', 'n_nearest_features': 4, 'imputation_order': 'descending'}. Best is trial 28 with value: 0.26086093831781465.
running
[I 2024-11-06 07:34:23,082] Trial 54 finished with value: inf and parameters: {'model_name': 'GAIN', 'batch_size': 1, 'hint_rate': 0.9830147043235338, 'alpha': 0, 'iterations': 3598, 'learning_rate': 0.07252630284233658, 'p_miss': 0.29642255852746946}. Best is trial 28 with value: 0.26086093831781465.
running
[I 2024-11-06 07:35:30,189] Trial 62 finished with value: 0.3038168518172236 and parameters: {'model_name': 'VAE', 'batch_size': 6, 'iterations': 20, 'learning_rate': 0.00443790415884568, 'p_miss': 0.020717813715830924}. Best is trial 28 with value: 0.26086093831781465.
running
[I 2024-11-06 07:37:47,755] Trial 25 finished with value: 0.3210353059645488 and parameters: {'model_name': 'VAE', 'batch_size': 1, 'iterations': 615, 'learning_rate': 0.014918781867413213, 'p_miss': 0.10037080335288855}. Best is trial 28 with value: 0.26086093831781465.
running
[I 2024-11-06 07:40:56,949] Trial 6 finished with value: 0.29675038739497334 and parameters: {'model_name': 'VAE', 'batch_size': 4, 'iterations': 697, 'learning_rate': 0.012012848493509273, 'p_miss': 0.01649560625935047}. Best is trial 28 with value: 0.26086093831781465.
running
[I 2024-11-06 07:49:23,412] Trial 27 finished with value: 0.2816020466777664 and parameters: {'model_name': 'VAE', 'batch_size': 211, 'iterations': 777, 'learning_rate': 0.000823289618948729, 'p_miss': 0.1265761365160601}. Best is trial 28 with value: 0.26086093831781465.
running
[I 2024-11-06 07:49:29,104] Trial 66 finished with value: 0.2625133924396995 and parameters: {'model_name': 'IterativeImputer', 'estimator': 'Ridge', 'initial_strategy': 'most_frequent', 'n_nearest_features': 4, 'imputation_order': 'descending'}. Best is trial 28 with value: 0.26086093831781465.
running
[I 2024-11-06 07:49:35,548] Trial 67 finished with value: 0.2625133924396995 and parameters: {'model_name': 'IterativeImputer', 'estimator': 'Ridge', 'initial_strategy': 'most_frequent', 'n_nearest_features': 4, 'imputation_order': 'descending'}. Best is trial 28 with value: 0.26086093831781465.
running
[I 2024-11-06 07:52:17,361] Trial 55 finished with value: inf and parameters: {'model_name': 'GAIN', 'batch_size': 1, 'hint_rate': 0.9744096484080291, 'alpha': 7, 'iterations': 8250, 'learning_rate': 0.08731103238058378, 'p_miss': 0.016315522863406595}. Best is trial 28 with value: 0.26086093831781465.
running
[I 2024-11-06 07:56:02,989] Trial 63 finished with value: 0.26353398756590385 and parameters: {'model_name': 'IterativeImputer', 'estimator': 'RFR', 'initial_strategy': 'most_frequent', 'n_nearest_features': 5, 'imputation_order': 'descending'}. Best is trial 28 with value: 0.26086093831781465.
running
[I 2024-11-06 07:56:09,682] Trial 70 finished with value: 0.2625133924396995 and parameters: {'model_name': 'IterativeImputer', 'estimator': 'Ridge', 'initial_strategy': 'most_frequent', 'n_nearest_features': 4, 'imputation_order': 'descending'}. Best is trial 28 with value: 0.26086093831781465.
running
[I 2024-11-06 07:56:10,039] Trial 71 finished with value: 0.27598706317111404 and parameters: {'model_name': 'SimpleImputer', 'strategy': 'mean'}. Best is trial 28 with value: 0.26086093831781465.
running
[I 2024-11-06 07:56:18,094] Trial 72 finished with value: 0.2625133924396995 and parameters: {'model_name': 'IterativeImputer', 'estimator': 'Ridge', 'initial_strategy': 'most_frequent', 'n_nearest_features': 4, 'imputation_order': 'descending'}. Best is trial 28 with value: 0.26086093831781465.
running
[I 2024-11-06 07:56:21,381] Trial 73 finished with value: 0.2646971371335612 and parameters: {'model_name': 'KNNImputer', 'n_neighbors': 323, 'weights': 'uniform'}. Best is trial 28 with value: 0.26086093831781465.
running
[I 2024-11-06 07:56:27,398] Trial 74 finished with value: 0.2625133924396995 and parameters: {'model_name': 'IterativeImputer', 'estimator': 'Ridge', 'initial_strategy': 'most_frequent', 'n_nearest_features': 4, 'imputation_order': 'descending'}. Best is trial 28 with value: 0.26086093831781465.
running
[I 2024-11-06 07:57:47,858] Trial 64 finished with value: 0.26109813095003354 and parameters: {'model_name': 'IterativeImputer', 'estimator': 'RFR', 'initial_strategy': 'most_frequent', 'n_nearest_features': 5, 'imputation_order': 'descending'}. Best is trial 28 with value: 0.26086093831781465.
running
[I 2024-11-06 07:58:45,061] Trial 57 finished with value: inf and parameters: {'model_name': 'GAIN', 'batch_size': 1, 'hint_rate': 0.9602645879319704, 'alpha': 1, 'iterations': 7968, 'learning_rate': 0.08128784296924561, 'p_miss': 0.019441564914369935}. Best is trial 28 with value: 0.26086093831781465.
running
[I 2024-11-06 08:01:29,779] Trial 65 finished with value: 0.2603060204711875 and parameters: {'model_name': 'IterativeImputer', 'estimator': 'RFR', 'initial_strategy': 'most_frequent', 'n_nearest_features': 5, 'imputation_order': 'descending'}. Best is trial 65 with value: 0.2603060204711875.
running
[I 2024-11-06 08:02:38,267] Trial 56 finished with value: inf and parameters: {'model_name': 'GAIN', 'batch_size': 1, 'hint_rate': 0.9097705521552447, 'alpha': 1, 'iterations': 9135, 'learning_rate': 0.08456404909209667, 'p_miss': 0.011915116956719374}. Best is trial 65 with value: 0.2603060204711875.
running
[I 2024-11-06 08:03:17,891] Trial 59 finished with value: inf and parameters: {'model_name': 'GAIN', 'batch_size': 1, 'hint_rate': 0.9783437826717742, 'alpha': 4, 'iterations': 8902, 'learning_rate': 0.08744202351442243, 'p_miss': 0.03886930925442797}. Best is trial 65 with value: 0.2603060204711875.
running
[I 2024-11-06 08:08:39,372] Trial 61 finished with value: inf and parameters: {'model_name': 'GAIN', 'batch_size': 1, 'hint_rate': 0.9885619939243602, 'alpha': 1, 'iterations': 9936, 'learning_rate': 0.09854060055510915, 'p_miss': 0.019553502501449993}. Best is trial 65 with value: 0.2603060204711875.
running
[I 2024-11-06 08:09:33,559] Trial 68 finished with value: 0.2625626905117945 and parameters: {'model_name': 'IterativeImputer', 'estimator': 'RFR', 'initial_strategy': 'most_frequent', 'n_nearest_features': 4, 'imputation_order': 'descending'}. Best is trial 65 with value: 0.2603060204711875.
running
[I 2024-11-06 08:11:36,687] Trial 69 finished with value: 0.26121296815792433 and parameters: {'model_name': 'IterativeImputer', 'estimator': 'RFR', 'initial_strategy': 'most_frequent', 'n_nearest_features': 4, 'imputation_order': 'descending'}. Best is trial 65 with value: 0.2603060204711875.
running
[I 2024-11-06 08:11:37,121] Trial 83 finished with value: 0.27598706317111404 and parameters: {'model_name': 'SimpleImputer', 'strategy': 'mean'}. Best is trial 65 with value: 0.2603060204711875.
running
[I 2024-11-06 08:16:34,705] Trial 75 finished with value: 0.26243577412012586 and parameters: {'model_name': 'IterativeImputer', 'estimator': 'RFR', 'initial_strategy': 'most_frequent', 'n_nearest_features': 5, 'imputation_order': 'descending'}. Best is trial 65 with value: 0.2603060204711875.
running
[I 2024-11-06 08:17:36,585] Trial 76 finished with value: 0.2622059355596411 and parameters: {'model_name': 'IterativeImputer', 'estimator': 'RFR', 'initial_strategy': 'most_frequent', 'n_nearest_features': 5, 'imputation_order': 'descending'}. Best is trial 65 with value: 0.2603060204711875.
running
[I 2024-11-06 08:18:16,994] Trial 77 finished with value: 0.2639438335696815 and parameters: {'model_name': 'IterativeImputer', 'estimator': 'RFR', 'initial_strategy': 'most_frequent', 'n_nearest_features': 5, 'imputation_order': 'descending'}. Best is trial 65 with value: 0.2603060204711875.
running
[I 2024-11-06 08:21:15,558] Trial 78 finished with value: 0.2624132276698949 and parameters: {'model_name': 'IterativeImputer', 'estimator': 'RFR', 'initial_strategy': 'most_frequent', 'n_nearest_features': 5, 'imputation_order': 'descending'}. Best is trial 65 with value: 0.2603060204711875.
running
[I 2024-11-06 08:21:36,160] Trial 79 finished with value: 0.2616262643030555 and parameters: {'model_name': 'IterativeImputer', 'estimator': 'RFR', 'initial_strategy': 'most_frequent', 'n_nearest_features': 5, 'imputation_order': 'descending'}. Best is trial 65 with value: 0.2603060204711875.
running
[I 2024-11-06 08:22:38,216] Trial 80 finished with value: 0.26083694166827126 and parameters: {'model_name': 'IterativeImputer', 'estimator': 'RFR', 'initial_strategy': 'most_frequent', 'n_nearest_features': 5, 'imputation_order': 'descending'}. Best is trial 65 with value: 0.2603060204711875.
running
[I 2024-11-06 08:28:03,336] Trial 81 finished with value: 0.26316114269265495 and parameters: {'model_name': 'IterativeImputer', 'estimator': 'RFR', 'initial_strategy': 'most_frequent', 'n_nearest_features': 5, 'imputation_order': 'descending'}. Best is trial 65 with value: 0.2603060204711875.
running
[I 2024-11-06 08:28:09,155] Trial 91 finished with value: 0.30484549253154936 and parameters: {'model_name': 'KNNImputer', 'n_neighbors': 3751, 'weights': 'distance'}. Best is trial 65 with value: 0.2603060204711875.
running
[I 2024-11-06 08:28:49,426] Trial 82 finished with value: 0.2624256540536007 and parameters: {'model_name': 'IterativeImputer', 'estimator': 'RFR', 'initial_strategy': 'most_frequent', 'n_nearest_features': 5, 'imputation_order': 'descending'}. Best is trial 65 with value: 0.2603060204711875.
running
[I 2024-11-06 08:30:54,961] Trial 84 finished with value: 0.26107076471647817 and parameters: {'model_name': 'IterativeImputer', 'estimator': 'RFR', 'initial_strategy': 'most_frequent', 'n_nearest_features': 5, 'imputation_order': 'random'}. Best is trial 65 with value: 0.2603060204711875.
running
[I 2024-11-06 08:36:25,935] Trial 85 finished with value: 0.26099215402488896 and parameters: {'model_name': 'IterativeImputer', 'estimator': 'RFR', 'initial_strategy': 'most_frequent', 'n_nearest_features': 5, 'imputation_order': 'random'}. Best is trial 65 with value: 0.2603060204711875.
running
[I 2024-11-06 08:36:46,973] Trial 95 finished with value: 0.3424340793905624 and parameters: {'model_name': 'VAE', 'batch_size': 13, 'iterations': 7, 'learning_rate': 0.0005107634498867322, 'p_miss': 0.19607957791034944}. Best is trial 65 with value: 0.2603060204711875.
running
[I 2024-11-06 08:37:04,652] Trial 86 finished with value: 0.26088294667403206 and parameters: {'model_name': 'IterativeImputer', 'estimator': 'RFR', 'initial_strategy': 'most_frequent', 'n_nearest_features': 5, 'imputation_order': 'random'}. Best is trial 65 with value: 0.2603060204711875.
running
[I 2024-11-06 08:37:42,274] Trial 87 finished with value: 0.2610934242757218 and parameters: {'model_name': 'IterativeImputer', 'estimator': 'RFR', 'initial_strategy': 'most_frequent', 'n_nearest_features': 5, 'imputation_order': 'random'}. Best is trial 65 with value: 0.2603060204711875.
running
[I 2024-11-06 08:40:42,667] Trial 89 finished with value: 0.26110320665473785 and parameters: {'model_name': 'IterativeImputer', 'estimator': 'RFR', 'initial_strategy': 'mean', 'n_nearest_features': 5, 'imputation_order': 'random'}. Best is trial 65 with value: 0.2603060204711875.
running
[I 2024-11-06 08:40:58,579] Trial 88 finished with value: 0.2596520935552132 and parameters: {'model_name': 'IterativeImputer', 'estimator': 'RFR', 'initial_strategy': 'mean', 'n_nearest_features': 5, 'imputation_order': 'ascending'}. Best is trial 88 with value: 0.2596520935552132.
running
[I 2024-11-06 08:41:12,284] Trial 100 finished with value: 0.27788644067945095 and parameters: {'model_name': 'IterativeImputer', 'estimator': 'KNN', 'initial_strategy': 'mean', 'n_nearest_features': 5, 'imputation_order': 'random'}. Best is trial 88 with value: 0.2596520935552132.
running
[I 2024-11-06 08:42:04,245] Trial 90 finished with value: 0.25887360738002874 and parameters: {'model_name': 'IterativeImputer', 'estimator': 'RFR', 'initial_strategy': 'mean', 'n_nearest_features': 5, 'imputation_order': 'random'}. Best is trial 90 with value: 0.25887360738002874.
running
[I 2024-11-06 08:47:41,066] Trial 92 finished with value: 0.26115947042508947 and parameters: {'model_name': 'IterativeImputer', 'estimator': 'RFR', 'initial_strategy': 'mean', 'n_nearest_features': 5, 'imputation_order': 'random'}. Best is trial 90 with value: 0.25887360738002874.
running
[I 2024-11-06 08:47:56,418] Trial 93 finished with value: 0.2619361942873736 and parameters: {'model_name': 'IterativeImputer', 'estimator': 'RFR', 'initial_strategy': 'mean', 'n_nearest_features': 5, 'imputation_order': 'random'}. Best is trial 90 with value: 0.25887360738002874.
running
[I 2024-11-06 08:50:04,393] Trial 12 finished with value: 0.28207726240517517 and parameters: {'model_name': 'VAE', 'batch_size': 163, 'iterations': 1711, 'learning_rate': 0.036141079315603584, 'p_miss': 0.15306858593950867}. Best is trial 90 with value: 0.25887360738002874.
running
[I 2024-11-06 08:50:15,089] Trial 94 finished with value: 0.259956640796094 and parameters: {'model_name': 'IterativeImputer', 'estimator': 'RFR', 'initial_strategy': 'mean', 'n_nearest_features': 5, 'imputation_order': 'random'}. Best is trial 90 with value: 0.25887360738002874.
running
[I 2024-11-06 08:56:37,003] Trial 97 finished with value: 0.2640143506438696 and parameters: {'model_name': 'IterativeImputer', 'estimator': 'RFR', 'initial_strategy': 'mean', 'n_nearest_features': 5, 'imputation_order': 'random'}. Best is trial 90 with value: 0.25887360738002874.
running
[I 2024-11-06 08:56:48,318] Trial 96 finished with value: 0.26000028287045995 and parameters: {'model_name': 'IterativeImputer', 'estimator': 'RFR', 'initial_strategy': 'mean', 'n_nearest_features': 5, 'imputation_order': 'random'}. Best is trial 90 with value: 0.25887360738002874.
running
[I 2024-11-06 08:57:03,041] Trial 98 finished with value: 0.2586446598231993 and parameters: {'model_name': 'IterativeImputer', 'estimator': 'RFR', 'initial_strategy': 'mean', 'n_nearest_features': 5, 'imputation_order': 'random'}. Best is trial 98 with value: 0.2586446598231993.
running
[I 2024-11-06 08:57:03,783] Trial 109 finished with value: 0.41356770015316774 and parameters: {'model_name': 'SimpleImputer', 'strategy': 'most_frequent'}. Best is trial 98 with value: 0.2586446598231993.
running
[I 2024-11-06 08:59:56,434] Trial 99 finished with value: 0.26212744876432714 and parameters: {'model_name': 'IterativeImputer', 'estimator': 'RFR', 'initial_strategy': 'mean', 'n_nearest_features': 5, 'imputation_order': 'random'}. Best is trial 98 with value: 0.2586446598231993.
running
[I 2024-11-06 09:01:01,855] Trial 101 finished with value: 0.25981736505131076 and parameters: {'model_name': 'IterativeImputer', 'estimator': 'RFR', 'initial_strategy': 'mean', 'n_nearest_features': 5, 'imputation_order': 'ascending'}. Best is trial 98 with value: 0.2586446598231993.
running
[I 2024-11-06 09:01:14,149] Trial 112 finished with value: 0.2765412241952686 and parameters: {'model_name': 'IterativeImputer', 'estimator': 'KNN', 'initial_strategy': 'mean', 'n_nearest_features': 5, 'imputation_order': 'ascending'}. Best is trial 98 with value: 0.2586446598231993.
running
[I 2024-11-06 09:01:18,986] Trial 113 finished with value: 0.274831668046592 and parameters: {'model_name': 'KNNImputer', 'n_neighbors': 8155, 'weights': 'uniform'}. Best is trial 98 with value: 0.2586446598231993.
running
[I 2024-11-06 09:01:39,916] Trial 102 finished with value: 0.2619658913077053 and parameters: {'model_name': 'IterativeImputer', 'estimator': 'RFR', 'initial_strategy': 'mean', 'n_nearest_features': 5, 'imputation_order': 'random'}. Best is trial 98 with value: 0.2586446598231993.
running
[I 2024-11-06 09:07:10,837] Trial 104 finished with value: 0.26123543768771773 and parameters: {'model_name': 'IterativeImputer', 'estimator': 'RFR', 'initial_strategy': 'mean', 'n_nearest_features': 5, 'imputation_order': 'ascending'}. Best is trial 98 with value: 0.2586446598231993.
running
[I 2024-11-06 09:07:17,890] Trial 103 finished with value: 0.2595530691488369 and parameters: {'model_name': 'IterativeImputer', 'estimator': 'RFR', 'initial_strategy': 'mean', 'n_nearest_features': 5, 'imputation_order': 'ascending'}. Best is trial 98 with value: 0.2586446598231993.
running
[I 2024-11-06 09:09:36,422] Trial 106 finished with value: 0.26176615303167866 and parameters: {'model_name': 'IterativeImputer', 'estimator': 'RFR', 'initial_strategy': 'mean', 'n_nearest_features': 5, 'imputation_order': 'ascending'}. Best is trial 98 with value: 0.2586446598231993.
running
[I 2024-11-06 09:09:43,880] Trial 105 finished with value: 0.2623171553911738 and parameters: {'model_name': 'IterativeImputer', 'estimator': 'RFR', 'initial_strategy': 'mean', 'n_nearest_features': 5, 'imputation_order': 'ascending'}. Best is trial 98 with value: 0.2586446598231993.
running
[I 2024-11-06 09:16:01,282] Trial 115 finished with value: 0.27532260429760713 and parameters: {'model_name': 'IterativeImputer', 'estimator': 'RFR', 'initial_strategy': 'mean', 'n_nearest_features': 2, 'imputation_order': 'ascending'}. Best is trial 98 with value: 0.2586446598231993.
running
[I 2024-11-06 09:16:29,875] Trial 107 finished with value: 0.26283112949580645 and parameters: {'model_name': 'IterativeImputer', 'estimator': 'RFR', 'initial_strategy': 'mean', 'n_nearest_features': 5, 'imputation_order': 'ascending'}. Best is trial 98 with value: 0.2586446598231993.
running
[I 2024-11-06 09:16:37,918] Trial 110 finished with value: 0.26012633024347576 and parameters: {'model_name': 'IterativeImputer', 'estimator': 'RFR', 'initial_strategy': 'mean', 'n_nearest_features': 5, 'imputation_order': 'ascending'}. Best is trial 98 with value: 0.2586446598231993.
running
[I 2024-11-06 09:16:52,739] Trial 108 finished with value: 0.2606901284176948 and parameters: {'model_name': 'IterativeImputer', 'estimator': 'RFR', 'initial_strategy': 'mean', 'n_nearest_features': 5, 'imputation_order': 'ascending'}. Best is trial 98 with value: 0.2586446598231993.
running
[I 2024-11-06 09:17:28,580] Trial 123 finished with value: 0.3291509059161117 and parameters: {'model_name': 'VAE', 'batch_size': 15, 'iterations': 8, 'learning_rate': 0.004396971313221518, 'p_miss': 0.21488593538250314}. Best is trial 98 with value: 0.2586446598231993.
running
[I 2024-11-06 09:19:13,529] Trial 111 finished with value: 0.2615975730609529 and parameters: {'model_name': 'IterativeImputer', 'estimator': 'RFR', 'initial_strategy': 'mean', 'n_nearest_features': 5, 'imputation_order': 'ascending'}. Best is trial 98 with value: 0.2586446598231993.
running
[I 2024-11-06 09:21:13,572] Trial 114 finished with value: 0.25898280194133727 and parameters: {'model_name': 'IterativeImputer', 'estimator': 'RFR', 'initial_strategy': 'mean', 'n_nearest_features': 5, 'imputation_order': 'ascending'}. Best is trial 98 with value: 0.2586446598231993.
running
[I 2024-11-06 09:23:34,677] Trial 118 finished with value: 0.2737735103213432 and parameters: {'model_name': 'IterativeImputer', 'estimator': 'RFR', 'initial_strategy': 'mean', 'n_nearest_features': 2, 'imputation_order': 'ascending'}. Best is trial 98 with value: 0.2586446598231993.
running
[I 2024-11-06 09:24:28,161] Trial 119 finished with value: 0.2736763080965513 and parameters: {'model_name': 'IterativeImputer', 'estimator': 'RFR', 'initial_strategy': 'mean', 'n_nearest_features': 2, 'imputation_order': 'ascending'}. Best is trial 98 with value: 0.2586446598231993.
running
[I 2024-11-06 09:26:32,256] Trial 116 finished with value: 0.260155285586367 and parameters: {'model_name': 'IterativeImputer', 'estimator': 'RFR', 'initial_strategy': 'mean', 'n_nearest_features': 5, 'imputation_order': 'ascending'}. Best is trial 98 with value: 0.2586446598231993.
running
[I 2024-11-06 09:26:52,515] Trial 117 finished with value: 0.2614259941734262 and parameters: {'model_name': 'IterativeImputer', 'estimator': 'RFR', 'initial_strategy': 'mean', 'n_nearest_features': 5, 'imputation_order': 'ascending'}. Best is trial 98 with value: 0.2586446598231993.
running
[I 2024-11-06 09:35:20,193] Trial 120 finished with value: 0.26135977874626226 and parameters: {'model_name': 'IterativeImputer', 'estimator': 'RFR', 'initial_strategy': 'mean', 'n_nearest_features': 5, 'imputation_order': 'ascending'}. Best is trial 98 with value: 0.2586446598231993.
running
[I 2024-11-06 09:35:56,715] Trial 122 finished with value: 0.2623391207372401 and parameters: {'model_name': 'IterativeImputer', 'estimator': 'RFR', 'initial_strategy': 'mean', 'n_nearest_features': 5, 'imputation_order': 'ascending'}. Best is trial 98 with value: 0.2586446598231993.
running
[I 2024-11-06 09:35:57,177] Trial 132 finished with value: 0.27598706317111404 and parameters: {'model_name': 'SimpleImputer', 'strategy': 'mean'}. Best is trial 98 with value: 0.2586446598231993.
running
[I 2024-11-06 09:36:10,017] Trial 121 finished with value: 0.2622746093998563 and parameters: {'model_name': 'IterativeImputer', 'estimator': 'RFR', 'initial_strategy': 'mean', 'n_nearest_features': 5, 'imputation_order': 'roman'}. Best is trial 98 with value: 0.2586446598231993.
running
[I 2024-11-06 09:36:50,201] Trial 134 finished with value: 0.36629612640588555 and parameters: {'model_name': 'IterativeImputer', 'estimator': 'Bayesian', 'initial_strategy': 'mean', 'n_nearest_features': 5, 'imputation_order': 'ascending', 'sample_posterior': True}. Best is trial 98 with value: 0.2586446598231993.
running
[I 2024-11-06 09:37:03,138] Trial 135 finished with value: 0.2765412241952686 and parameters: {'model_name': 'IterativeImputer', 'estimator': 'KNN', 'initial_strategy': 'mean', 'n_nearest_features': 5, 'imputation_order': 'ascending'}. Best is trial 98 with value: 0.2586446598231993.
running
[I 2024-11-06 09:37:48,481] Trial 124 finished with value: 0.2601463424920148 and parameters: {'model_name': 'IterativeImputer', 'estimator': 'RFR', 'initial_strategy': 'mean', 'n_nearest_features': 5, 'imputation_order': 'ascending'}. Best is trial 98 with value: 0.2586446598231993.
running
[I 2024-11-06 09:38:43,183] Trial 125 finished with value: 0.2588340884141271 and parameters: {'model_name': 'IterativeImputer', 'estimator': 'RFR', 'initial_strategy': 'mean', 'n_nearest_features': 5, 'imputation_order': 'ascending'}. Best is trial 98 with value: 0.2586446598231993.
running
[I 2024-11-06 09:41:12,679] Trial 126 finished with value: 0.2617952060549618 and parameters: {'model_name': 'IterativeImputer', 'estimator': 'RFR', 'initial_strategy': 'mean', 'n_nearest_features': 5, 'imputation_order': 'ascending'}. Best is trial 98 with value: 0.2586446598231993.
running
[I 2024-11-06 09:42:52,520] Trial 127 finished with value: 0.2638993639057209 and parameters: {'model_name': 'IterativeImputer', 'estimator': 'RFR', 'initial_strategy': 'mean', 'n_nearest_features': 5, 'imputation_order': 'ascending'}. Best is trial 98 with value: 0.2586446598231993.
running
[I 2024-11-06 09:44:19,395] Trial 128 finished with value: 0.2622287303182844 and parameters: {'model_name': 'IterativeImputer', 'estimator': 'RFR', 'initial_strategy': 'mean', 'n_nearest_features': 5, 'imputation_order': 'ascending'}. Best is trial 98 with value: 0.2586446598231993.
running
[I 2024-11-06 09:45:50,295] Trial 129 finished with value: 0.2616318896652611 and parameters: {'model_name': 'IterativeImputer', 'estimator': 'RFR', 'initial_strategy': 'mean', 'n_nearest_features': 5, 'imputation_order': 'ascending'}. Best is trial 98 with value: 0.2586446598231993.
running
[I 2024-11-06 09:45:55,867] Trial 142 finished with value: 0.30464915483168326 and parameters: {'model_name': 'KNNImputer', 'n_neighbors': 3176, 'weights': 'distance'}. Best is trial 98 with value: 0.2586446598231993.
running
[I 2024-11-06 09:46:23,076] Trial 130 finished with value: 0.26052366756505024 and parameters: {'model_name': 'IterativeImputer', 'estimator': 'RFR', 'initial_strategy': 'mean', 'n_nearest_features': 5, 'imputation_order': 'ascending'}. Best is trial 98 with value: 0.2586446598231993.
running
[I 2024-11-06 09:53:13,561] Trial 13 finished with value: 0.3304946035081788 and parameters: {'model_name': 'VAE', 'batch_size': 1, 'iterations': 3955, 'learning_rate': 0.002458359200569459, 'p_miss': 0.06745458907419773}. Best is trial 98 with value: 0.2586446598231993.
running
[I 2024-11-06 09:54:37,434] Trial 131 finished with value: 0.26129626317200383 and parameters: {'model_name': 'IterativeImputer', 'estimator': 'RFR', 'initial_strategy': 'mean', 'n_nearest_features': 5, 'imputation_order': 'ascending'}. Best is trial 98 with value: 0.2586446598231993.
running
[I 2024-11-06 09:55:12,327] Trial 133 finished with value: 0.2632770752579575 and parameters: {'model_name': 'IterativeImputer', 'estimator': 'RFR', 'initial_strategy': 'mean', 'n_nearest_features': 5, 'imputation_order': 'ascending'}. Best is trial 98 with value: 0.2586446598231993.
running
[I 2024-11-06 09:56:17,554] Trial 136 finished with value: 0.26070135537682193 and parameters: {'model_name': 'IterativeImputer', 'estimator': 'RFR', 'initial_strategy': 'mean', 'n_nearest_features': 5, 'imputation_order': 'ascending'}. Best is trial 98 with value: 0.2586446598231993.
running
[I 2024-11-06 09:57:10,628] Trial 137 finished with value: 0.2592532741939172 and parameters: {'model_name': 'IterativeImputer', 'estimator': 'RFR', 'initial_strategy': 'mean', 'n_nearest_features': 5, 'imputation_order': 'ascending'}. Best is trial 98 with value: 0.2586446598231993.
running
[I 2024-11-06 09:57:28,981] Trial 138 finished with value: 0.2609424152627876 and parameters: {'model_name': 'IterativeImputer', 'estimator': 'RFR', 'initial_strategy': 'mean', 'n_nearest_features': 5, 'imputation_order': 'ascending'}. Best is trial 98 with value: 0.2586446598231993.
running
[I 2024-11-06 10:00:22,382] Trial 139 finished with value: 0.2608193300709895 and parameters: {'model_name': 'IterativeImputer', 'estimator': 'RFR', 'initial_strategy': 'mean', 'n_nearest_features': 5, 'imputation_order': 'ascending'}. Best is trial 98 with value: 0.2586446598231993.
running
[I 2024-11-06 10:01:32,162] Trial 140 finished with value: 0.25997924898712077 and parameters: {'model_name': 'IterativeImputer', 'estimator': 'RFR', 'initial_strategy': 'mean', 'n_nearest_features': 5, 'imputation_order': 'ascending'}. Best is trial 98 with value: 0.2586446598231993.
running
[I 2024-11-06 10:03:35,464] Trial 141 finished with value: 0.26055891253241087 and parameters: {'model_name': 'IterativeImputer', 'estimator': 'RFR', 'initial_strategy': 'mean', 'n_nearest_features': 5, 'imputation_order': 'ascending'}. Best is trial 98 with value: 0.2586446598231993.
running
[I 2024-11-06 10:04:35,944] Trial 153 finished with value: 0.40363420176876685 and parameters: {'model_name': 'GAIN', 'batch_size': 304, 'hint_rate': 0.687498990753352, 'alpha': 99, 'iterations': 39, 'learning_rate': 0.0003202436404845307, 'p_miss': 0.2533272365599548}. Best is trial 98 with value: 0.2586446598231993.
running
[I 2024-11-06 10:04:39,332] Trial 143 finished with value: 0.26332758133748635 and parameters: {'model_name': 'IterativeImputer', 'estimator': 'RFR', 'initial_strategy': 'mean', 'n_nearest_features': 5, 'imputation_order': 'ascending'}. Best is trial 98 with value: 0.2586446598231993.
running
[I 2024-11-06 10:05:22,869] Trial 155 finished with value: 0.36138574249844696 and parameters: {'model_name': 'IterativeImputer', 'estimator': 'Bayesian', 'initial_strategy': 'median', 'n_nearest_features': 5, 'imputation_order': 'random', 'sample_posterior': True}. Best is trial 98 with value: 0.2586446598231993.
running
[I 2024-11-06 10:05:48,069] Trial 144 finished with value: 0.25971591663060717 and parameters: {'model_name': 'IterativeImputer', 'estimator': 'RFR', 'initial_strategy': 'mean', 'n_nearest_features': 5, 'imputation_order': 'random'}. Best is trial 98 with value: 0.2586446598231993.
running
[I 2024-11-06 10:12:37,928] Trial 145 finished with value: 0.2598774176566212 and parameters: {'model_name': 'IterativeImputer', 'estimator': 'RFR', 'initial_strategy': 'mean', 'n_nearest_features': 5, 'imputation_order': 'random'}. Best is trial 98 with value: 0.2586446598231993.
running
[I 2024-11-06 10:13:57,496] Trial 146 finished with value: 0.26291942626581555 and parameters: {'model_name': 'IterativeImputer', 'estimator': 'RFR', 'initial_strategy': 'mean', 'n_nearest_features': 5, 'imputation_order': 'ascending'}. Best is trial 98 with value: 0.2586446598231993.
running
[I 2024-11-06 10:14:21,650] Trial 147 finished with value: 0.2618585814156735 and parameters: {'model_name': 'IterativeImputer', 'estimator': 'RFR', 'initial_strategy': 'mean', 'n_nearest_features': 5, 'imputation_order': 'ascending'}. Best is trial 98 with value: 0.2586446598231993.
running
[I 2024-11-06 10:14:36,390] Trial 160 finished with value: 0.33987868524298426 and parameters: {'model_name': 'VAE', 'batch_size': 138, 'iterations': 4, 'learning_rate': 0.002515428867608374, 'p_miss': 0.18319480789966694}. Best is trial 98 with value: 0.2586446598231993.
running
[I 2024-11-06 10:15:45,513] Trial 148 finished with value: 0.26054471682371777 and parameters: {'model_name': 'IterativeImputer', 'estimator': 'RFR', 'initial_strategy': 'mean', 'n_nearest_features': 5, 'imputation_order': 'random'}. Best is trial 98 with value: 0.2586446598231993.
running
[I 2024-11-06 10:16:28,304] Trial 150 finished with value: 0.2621126547911087 and parameters: {'model_name': 'IterativeImputer', 'estimator': 'RFR', 'initial_strategy': 'median', 'n_nearest_features': 5, 'imputation_order': 'random'}. Best is trial 98 with value: 0.2586446598231993.
running
[I 2024-11-06 10:16:42,271] Trial 149 finished with value: 0.26269001562419103 and parameters: {'model_name': 'IterativeImputer', 'estimator': 'RFR', 'initial_strategy': 'median', 'n_nearest_features': 5, 'imputation_order': 'random'}. Best is trial 98 with value: 0.2586446598231993.
running
[I 2024-11-06 10:20:07,762] Trial 151 finished with value: 0.26027058434643874 and parameters: {'model_name': 'IterativeImputer', 'estimator': 'RFR', 'initial_strategy': 'median', 'n_nearest_features': 5, 'imputation_order': 'random'}. Best is trial 98 with value: 0.2586446598231993.
running
[I 2024-11-06 10:20:08,110] Trial 165 finished with value: 0.41356770015316774 and parameters: {'model_name': 'SimpleImputer', 'strategy': 'constant'}. Best is trial 98 with value: 0.2586446598231993.
running
[I 2024-11-06 10:20:35,178] Trial 152 finished with value: 0.2611139243507091 and parameters: {'model_name': 'IterativeImputer', 'estimator': 'RFR', 'initial_strategy': 'median', 'n_nearest_features': 5, 'imputation_order': 'random'}. Best is trial 98 with value: 0.2586446598231993.
running
[I 2024-11-06 10:24:04,647] Trial 154 finished with value: 0.2608419726485804 and parameters: {'model_name': 'IterativeImputer', 'estimator': 'RFR', 'initial_strategy': 'median', 'n_nearest_features': 5, 'imputation_order': 'random'}. Best is trial 98 with value: 0.2586446598231993.
running
[I 2024-11-06 10:24:12,628] Trial 156 finished with value: 0.26301631259180713 and parameters: {'model_name': 'IterativeImputer', 'estimator': 'RFR', 'initial_strategy': 'mean', 'n_nearest_features': 5, 'imputation_order': 'random'}. Best is trial 98 with value: 0.2586446598231993.
running
[I 2024-11-06 10:24:24,048] Trial 157 finished with value: 0.25950052372953347 and parameters: {'model_name': 'IterativeImputer', 'estimator': 'RFR', 'initial_strategy': 'mean', 'n_nearest_features': 5, 'imputation_order': 'random'}. Best is trial 98 with value: 0.2586446598231993.
running
[I 2024-11-06 10:31:57,256] Trial 158 finished with value: 0.26108796347355523 and parameters: {'model_name': 'IterativeImputer', 'estimator': 'RFR', 'initial_strategy': 'mean', 'n_nearest_features': 5, 'imputation_order': 'random'}. Best is trial 98 with value: 0.2586446598231993.
running
[I 2024-11-06 10:33:04,405] Trial 159 finished with value: 0.2632290312355264 and parameters: {'model_name': 'IterativeImputer', 'estimator': 'RFR', 'initial_strategy': 'mean', 'n_nearest_features': 5, 'imputation_order': 'random'}. Best is trial 98 with value: 0.2586446598231993.
running
[I 2024-11-06 10:33:16,391] Trial 172 finished with value: 0.27788644067945095 and parameters: {'model_name': 'IterativeImputer', 'estimator': 'KNN', 'initial_strategy': 'mean', 'n_nearest_features': 5, 'imputation_order': 'random'}. Best is trial 98 with value: 0.2586446598231993.
running
[I 2024-11-06 10:33:47,922] Trial 161 finished with value: 0.2607963395493325 and parameters: {'model_name': 'IterativeImputer', 'estimator': 'RFR', 'initial_strategy': 'mean', 'n_nearest_features': 5, 'imputation_order': 'random'}. Best is trial 98 with value: 0.2586446598231993.
running
[I 2024-11-06 10:34:49,745] Trial 162 finished with value: 0.26051641299411865 and parameters: {'model_name': 'IterativeImputer', 'estimator': 'RFR', 'initial_strategy': 'mean', 'n_nearest_features': 5, 'imputation_order': 'random'}. Best is trial 98 with value: 0.2586446598231993.
running
[I 2024-11-06 10:35:18,843] Trial 163 finished with value: 0.26094316733465817 and parameters: {'model_name': 'IterativeImputer', 'estimator': 'RFR', 'initial_strategy': 'mean', 'n_nearest_features': 5, 'imputation_order': 'random'}. Best is trial 98 with value: 0.2586446598231993.
running
[I 2024-11-06 10:36:33,991] Trial 164 finished with value: 0.25967987759558764 and parameters: {'model_name': 'IterativeImputer', 'estimator': 'RFR', 'initial_strategy': 'mean', 'n_nearest_features': 5, 'imputation_order': 'random'}. Best is trial 98 with value: 0.2586446598231993.
running
[I 2024-11-06 10:39:25,934] Trial 166 finished with value: 0.26414807547219465 and parameters: {'model_name': 'IterativeImputer', 'estimator': 'RFR', 'initial_strategy': 'mean', 'n_nearest_features': 5, 'imputation_order': 'random'}. Best is trial 98 with value: 0.2586446598231993.
running
[I 2024-11-06 10:39:45,550] Trial 167 finished with value: 0.2612804050820781 and parameters: {'model_name': 'IterativeImputer', 'estimator': 'RFR', 'initial_strategy': 'mean', 'n_nearest_features': 5, 'imputation_order': 'random'}. Best is trial 98 with value: 0.2586446598231993.
running
[I 2024-11-06 10:43:14,740] Trial 169 finished with value: 0.263357067745314 and parameters: {'model_name': 'IterativeImputer', 'estimator': 'RFR', 'initial_strategy': 'mean', 'n_nearest_features': 5, 'imputation_order': 'random'}. Best is trial 98 with value: 0.2586446598231993.
running
[I 2024-11-06 10:43:20,358] Trial 180 finished with value: 0.30553283467596964 and parameters: {'model_name': 'KNNImputer', 'n_neighbors': 7269, 'weights': 'distance'}. Best is trial 98 with value: 0.2586446598231993.
running
[I 2024-11-06 10:43:30,602] Trial 170 finished with value: 0.2601354743958765 and parameters: {'model_name': 'IterativeImputer', 'estimator': 'RFR', 'initial_strategy': 'mean', 'n_nearest_features': 5, 'imputation_order': 'random'}. Best is trial 98 with value: 0.2586446598231993.
running
[I 2024-11-06 10:43:38,609] Trial 168 finished with value: 0.26137255638592294 and parameters: {'model_name': 'IterativeImputer', 'estimator': 'RFR', 'initial_strategy': 'mean', 'n_nearest_features': 5, 'imputation_order': 'random'}. Best is trial 98 with value: 0.2586446598231993.
running
[I 2024-11-06 10:50:58,063] Trial 2 finished with value: 0.3000696452999878 and parameters: {'model_name': 'VAE', 'batch_size': 3, 'iterations': 3839, 'learning_rate': 0.01633129586241114, 'p_miss': 0.13011966097996222}. Best is trial 98 with value: 0.2586446598231993.
running
[I 2024-11-06 10:51:30,164] Trial 171 finished with value: 0.25879028789693354 and parameters: {'model_name': 'IterativeImputer', 'estimator': 'RFR', 'initial_strategy': 'mean', 'n_nearest_features': 5, 'imputation_order': 'random'}. Best is trial 98 with value: 0.2586446598231993.
running
[I 2024-11-06 10:52:35,569] Trial 173 finished with value: 0.2596156546675102 and parameters: {'model_name': 'IterativeImputer', 'estimator': 'RFR', 'initial_strategy': 'mean', 'n_nearest_features': 5, 'imputation_order': 'random'}. Best is trial 98 with value: 0.2586446598231993.
running
[I 2024-11-06 10:53:08,984] Trial 174 finished with value: 0.2611154557916725 and parameters: {'model_name': 'IterativeImputer', 'estimator': 'RFR', 'initial_strategy': 'mean', 'n_nearest_features': 5, 'imputation_order': 'random'}. Best is trial 98 with value: 0.2586446598231993.
running
[I 2024-11-06 10:54:23,575] Trial 176 finished with value: 0.26114296994356423 and parameters: {'model_name': 'IterativeImputer', 'estimator': 'RFR', 'initial_strategy': 'mean', 'n_nearest_features': 5, 'imputation_order': 'ascending'}. Best is trial 98 with value: 0.2586446598231993.
running
[I 2024-11-06 10:54:25,471] Trial 175 finished with value: 0.2596016453232245 and parameters: {'model_name': 'IterativeImputer', 'estimator': 'RFR', 'initial_strategy': 'mean', 'n_nearest_features': 5, 'imputation_order': 'roman'}. Best is trial 98 with value: 0.2586446598231993.
running
[I 2024-11-06 10:55:14,046] Trial 53 finished with value: 0.2855843502530279 and parameters: {'model_name': 'VAE', 'batch_size': 53, 'iterations': 5923, 'learning_rate': 0.00013389394208050646, 'p_miss': 0.2766186734960787}. Best is trial 98 with value: 0.2586446598231993.
running
[I 2024-11-06 10:55:16,377] Trial 183 finished with value: 0.2686940154478834 and parameters: {'model_name': 'IterativeImputer', 'estimator': 'RFR', 'initial_strategy': 'constant', 'n_nearest_features': 1, 'imputation_order': 'random'}. Best is trial 98 with value: 0.2586446598231993.
running
[I 2024-11-06 10:56:09,410] Trial 177 finished with value: 0.2613063881402373 and parameters: {'model_name': 'IterativeImputer', 'estimator': 'RFR', 'initial_strategy': 'mean', 'n_nearest_features': 5, 'imputation_order': 'random'}. Best is trial 98 with value: 0.2586446598231993.
running
[I 2024-11-06 10:58:38,743] Trial 179 finished with value: 0.259656325916632 and parameters: {'model_name': 'IterativeImputer', 'estimator': 'RFR', 'initial_strategy': 'mean', 'n_nearest_features': 5, 'imputation_order': 'roman'}. Best is trial 98 with value: 0.2586446598231993.
running
[I 2024-11-06 10:59:03,923] Trial 178 finished with value: 0.2615351764193647 and parameters: {'model_name': 'IterativeImputer', 'estimator': 'RFR', 'initial_strategy': 'mean', 'n_nearest_features': 5, 'imputation_order': 'roman'}. Best is trial 98 with value: 0.2586446598231993.
running
[I 2024-11-06 11:01:08,877] Trial 192 finished with value: 0.434469574966164 and parameters: {'model_name': 'GAIN', 'batch_size': 911, 'hint_rate': 0.02477786586998043, 'alpha': 65, 'iterations': 201, 'learning_rate': 0.008165337587674296, 'p_miss': 0.2459182384219522}. Best is trial 98 with value: 0.2586446598231993.
running
[I 2024-11-06 11:02:15,344] Trial 193 finished with value: 0.4115413649909271 and parameters: {'model_name': 'GAIN', 'batch_size': 25, 'hint_rate': 0.08976034993979348, 'alpha': 69, 'iterations': 183, 'learning_rate': 0.007493735979078272, 'p_miss': 0.22680893780944603}. Best is trial 98 with value: 0.2586446598231993.
running
[I 2024-11-06 11:02:22,658] Trial 181 finished with value: 0.25958072066410004 and parameters: {'model_name': 'IterativeImputer', 'estimator': 'RFR', 'initial_strategy': 'mean', 'n_nearest_features': 5, 'imputation_order': 'roman'}. Best is trial 98 with value: 0.2586446598231993.
running
[I 2024-11-06 11:02:43,351] Trial 182 finished with value: 0.26107320135363865 and parameters: {'model_name': 'IterativeImputer', 'estimator': 'RFR', 'initial_strategy': 'mean', 'n_nearest_features': 5, 'imputation_order': 'roman'}. Best is trial 98 with value: 0.2586446598231993.
running
[I 2024-11-06 11:02:56,845] Trial 194 finished with value: 0.4060677970332908 and parameters: {'model_name': 'GAIN', 'batch_size': 8, 'hint_rate': 0.06353462060244353, 'alpha': 70, 'iterations': 187, 'learning_rate': 0.0060524265090684285, 'p_miss': 0.21823064408654058}. Best is trial 98 with value: 0.2586446598231993.
running
[I 2024-11-06 11:09:30,088] Trial 184 finished with value: 0.2616915337255549 and parameters: {'model_name': 'IterativeImputer', 'estimator': 'RFR', 'initial_strategy': 'constant', 'n_nearest_features': 5, 'imputation_order': 'roman'}. Best is trial 98 with value: 0.2586446598231993.
[I 2024-11-06 11:10:22,527] Trial 185 finished with value: 0.26160252587074084 and parameters: {'model_name': 'IterativeImputer', 'estimator': 'RFR', 'initial_strategy': 'constant', 'n_nearest_features': 5, 'imputation_order': 'arabic'}. Best is trial 98 with value: 0.2586446598231993.
[I 2024-11-06 11:11:03,842] Trial 186 finished with value: 0.26180213628240356 and parameters: {'model_name': 'IterativeImputer', 'estimator': 'RFR', 'initial_strategy': 'constant', 'n_nearest_features': 5, 'imputation_order': 'random'}. Best is trial 98 with value: 0.2586446598231993.
[I 2024-11-06 11:11:32,771] Trial 187 finished with value: 0.26242573050270135 and parameters: {'model_name': 'IterativeImputer', 'estimator': 'RFR', 'initial_strategy': 'constant', 'n_nearest_features': 5, 'imputation_order': 'roman'}. Best is trial 98 with value: 0.2586446598231993.
[I 2024-11-06 11:12:12,876] Trial 188 finished with value: 0.26096477625193953 and parameters: {'model_name': 'IterativeImputer', 'estimator': 'RFR', 'initial_strategy': 'constant', 'n_nearest_features': 5, 'imputation_order': 'roman'}. Best is trial 98 with value: 0.2586446598231993.
[I 2024-11-06 11:12:15,549] Trial 51 finished with value: 0.2809172190430029 and parameters: {'model_name': 'VAE', 'batch_size': 47, 'iterations': 5691, 'learning_rate': 0.00011420304341139582, 'p_miss': 0.28831803120036575}. Best is trial 98 with value: 0.2586446598231993.
[I 2024-11-06 11:12:25,079] Trial 189 finished with value: 0.26035444799068014 and parameters: {'model_name': 'IterativeImputer', 'estimator': 'RFR', 'initial_strategy': 'constant', 'n_nearest_features': 5, 'imputation_order': 'roman'}. Best is trial 98 with value: 0.2586446598231993.
[I 2024-11-06 11:12:33,987] Trial 190 finished with value: 0.2621907018280306 and parameters: {'model_name': 'IterativeImputer', 'estimator': 'RFR', 'initial_strategy': 'constant', 'n_nearest_features': 5, 'imputation_order': 'roman'}. Best is trial 98 with value: 0.2586446598231993.
[I 2024-11-06 11:12:59,323] Trial 191 finished with value: 0.2602751401279467 and parameters: {'model_name': 'IterativeImputer', 'estimator': 'RFR', 'initial_strategy': 'mean', 'n_nearest_features': 5, 'imputation_order': 'roman'}. Best is trial 98 with value: 0.2586446598231993.
[I 2024-11-06 11:15:06,569] Trial 52 finished with value: 0.2860489327888702 and parameters: {'model_name': 'VAE', 'batch_size': 56, 'iterations': 8468, 'learning_rate': 0.0998599792225802, 'p_miss': 0.28808173529683423}. Best is trial 98 with value: 0.2586446598231993.
[I 2024-11-06 11:16:00,879] Trial 195 finished with value: 0.262921158919724 and parameters: {'model_name': 'IterativeImputer', 'estimator': 'RFR', 'initial_strategy': 'mean', 'n_nearest_features': 5, 'imputation_order': 'roman'}. Best is trial 98 with value: 0.2586446598231993.
[I 2024-11-06 11:16:06,488] Trial 50 finished with value: 0.28465515119147705 and parameters: {'model_name': 'VAE', 'batch_size': 54, 'iterations': 7876, 'learning_rate': 0.08664097786719449, 'p_miss': 0.27437423080548945}. Best is trial 98 with value: 0.2586446598231993.
[I 2024-11-06 11:16:32,456] Trial 196 finished with value: 0.2603926266878707 and parameters: {'model_name': 'IterativeImputer', 'estimator': 'RFR', 'initial_strategy': 'mean', 'n_nearest_features': 5, 'imputation_order': 'roman'}. Best is trial 98 with value: 0.2586446598231993.
[I 2024-11-06 11:16:37,180] Trial 197 finished with value: 0.2615148440751668 and parameters: {'model_name': 'IterativeImputer', 'estimator': 'RFR', 'initial_strategy': 'mean', 'n_nearest_features': 5, 'imputation_order': 'roman'}. Best is trial 98 with value: 0.2586446598231993.
[I 2024-11-06 11:16:42,447] Trial 198 finished with value: 0.2606694340995775 and parameters: {'model_name': 'IterativeImputer', 'estimator': 'RFR', 'initial_strategy': 'mean', 'n_nearest_features': 5, 'imputation_order': 'roman'}. Best is trial 98 with value: 0.2586446598231993.
[I 2024-11-06 11:16:50,090] Trial 199 finished with value: 0.2618105731340636 and parameters: {'model_name': 'IterativeImputer', 'estimator': 'RFR', 'initial_strategy': 'mean', 'n_nearest_features': 5, 'imputation_order': 'roman'}. Best is trial 98 with value: 0.2586446598231993.
fit
auto fit
auto transform
0    0
1    0
2    0
3    0
4    0
dtype: int64
0    0
1    0
2    0
3    0
4    0
dtype: int64
0.2586446598231993
{'model_name': 'IterativeImputer', 'estimator': 'RFR', 'initial_strategy': 'mean', 'n_nearest_features': 5, 'imputation_order': 'random'}
running experiment 2/3 - Does reconstruction give good automl predictions
Start est fit
Version 0.1.7a0 of tpot2 is outdated. Version 0.1.8a0 was released Tuesday September 17, 2024.
Version 0.1.7a0 of tpot2 is outdated. Version 0.1.8a0 was released Tuesday September 17, 2024.
Version 0.1.7a0 of tpot2 is outdated. Version 0.1.8a0 was released Tuesday September 17, 2024.
Version 0.1.7a0 of tpot2 is outdated. Version 0.1.8a0 was released Tuesday September 17, 2024.
Version 0.1.7a0 of tpot2 is outdated. Version 0.1.8a0 was released Tuesday September 17, 2024.
Version 0.1.7a0 of tpot2 is outdated. Version 0.1.8a0 was released Tuesday September 17, 2024.
Version 0.1.7a0 of tpot2 is outdated. Version 0.1.8a0 was released Tuesday September 17, 2024.
Version 0.1.7a0 of tpot2 is outdated. Version 0.1.8a0 was released Tuesday September 17, 2024.
Version 0.1.7a0 of tpot2 is outdated. Version 0.1.8a0 was released Tuesday September 17, 2024.
Version 0.1.7a0 of tpot2 is outdated. Version 0.1.8a0 was released Tuesday September 17, 2024.
Version 0.1.7a0 of tpot2 is outdated. Version 0.1.8a0 was released Tuesday September 17, 2024.
Version 0.1.7a0 of tpot2 is outdated. Version 0.1.8a0 was released Tuesday September 17, 2024.
Version 0.1.7a0 of tpot2 is outdated. Version 0.1.8a0 was released Tuesday September 17, 2024.
Version 0.1.7a0 of tpot2 is outdated. Version 0.1.8a0 was released Tuesday September 17, 2024.
Version 0.1.7a0 of tpot2 is outdated. Version 0.1.8a0 was released Tuesday September 17, 2024.
Version 0.1.7a0 of tpot2 is outdated. Version 0.1.8a0 was released Tuesday September 17, 2024.
  0%|          | 0/25 [00:00<?, ?it/s]Generation:   0%|          | 0/25 [00:00<?, ?it/s]Generation:  1
Best f1_score score: 0.8337756212657478
Generation:   4%|         | 1/25 [05:34<2:13:57, 334.88s/it]Generation:  2
Best f1_score score: 0.8420364255884568
Generation:   8%|         | 2/25 [05:40<54:11, 141.37s/it]  WARNING THIS INDIVIDUAL CAUSED AND EXCEPTION 
 <tpot2.search_spaces.pipelines.sequential.SequentialPipelineIndividual object at 0x1554674078b0> 
 The 'min_samples_split' parameter of DecisionTreeClassifier must be an int in the range [2, inf) or a float in the range (0.0, 1.0]. Got 1 instead. 
 Traceback (most recent call last):
  File "/common/ketrong/tpotexp/tpot2/tpot2/utils/eval_utils.py", line 53, in objective_nan_wrapper
    value = func_timeout.func_timeout(timeout, objective_function, args=[individual], kwargs=objective_kwargs)
  File "/common/ketrong/tpotexp/env/lib/python3.10/site-packages/func_timeout/dafunc.py", line 108, in func_timeout
    raise_exception(exception)
  File "/common/ketrong/tpotexp/env/lib/python3.10/site-packages/func_timeout/py3_raise.py", line 7, in raise_exception
    raise exception[0] from None
  File "/common/ketrong/tpotexp/tpot2/tpot2/tpot_estimator/estimator.py", line 623, in objective_function
    return objective_function_generator(
  File "/common/ketrong/tpotexp/tpot2/tpot2/tpot_estimator/estimator_utils.py", line 55, in objective_function_generator
    cv_obj_scores = cross_val_score_objective(sklearn.base.clone(pipeline),x,y,scorers=scorers, cv=cv , fold=step)
  File "/common/ketrong/tpotexp/tpot2/tpot2/tpot_estimator/cross_val_utils.py", line 28, in cross_val_score_objective
    this_fold_pipeline.fit(X_train,y_train)
  File "/common/ketrong/tpotexp/env/lib/python3.10/site-packages/sklearn/base.py", line 1473, in wrapper
    return fit_method(estimator, *args, **kwargs)
  File "/common/ketrong/tpotexp/env/lib/python3.10/site-packages/sklearn/pipeline.py", line 473, in fit
    self._final_estimator.fit(Xt, y, **last_step_params["fit"])
  File "/common/ketrong/tpotexp/env/lib/python3.10/site-packages/sklearn/base.py", line 1466, in wrapper
    estimator._validate_params()
  File "/common/ketrong/tpotexp/env/lib/python3.10/site-packages/sklearn/base.py", line 666, in _validate_params
    validate_parameter_constraints(
  File "/common/ketrong/tpotexp/env/lib/python3.10/site-packages/sklearn/utils/_param_validation.py", line 95, in validate_parameter_constraints
    raise InvalidParameterError(
sklearn.utils._param_validation.InvalidParameterError: The 'min_samples_split' parameter of DecisionTreeClassifier must be an int in the range [2, inf) or a float in the range (0.0, 1.0]. Got 1 instead.

Generation:  3
Best f1_score score: 0.8420364255884568
Generation:  12%|        | 3/25 [05:53<30:16, 82.56s/it] Generation:  4
Best f1_score score: 0.8420364255884568
Generation:  16%|        | 4/25 [06:03<18:49, 53.78s/it]Generation:  5
Best f1_score score: 0.8496042083568607
Generation:  20%|        | 5/25 [09:38<37:23, 112.19s/it]Generation:  6
Best f1_score score: 0.8496042083568607
Generation:  24%|       | 6/25 [09:54<25:10, 79.52s/it] Generation:  7
Best f1_score score: 0.8496042083568607
Generation:  28%|       | 7/25 [10:08<17:21, 57.86s/it]Generation:  8
Best f1_score score: 0.8514354341435991
Generation:  32%|      | 8/25 [10:24<12:36, 44.50s/it]Generation:  9
Best f1_score score: 0.8514354341435991
Generation:  36%|      | 9/25 [10:36<09:12, 34.52s/it]WARNING THIS INDIVIDUAL CAUSED AND EXCEPTION 
 <tpot2.search_spaces.pipelines.sequential.SequentialPipelineIndividual object at 0x1554746f7e20> 
 Out of bag estimation only available if bootstrap=True 
 Traceback (most recent call last):
  File "/common/ketrong/tpotexp/tpot2/tpot2/utils/eval_utils.py", line 53, in objective_nan_wrapper
    value = func_timeout.func_timeout(timeout, objective_function, args=[individual], kwargs=objective_kwargs)
  File "/common/ketrong/tpotexp/env/lib/python3.10/site-packages/func_timeout/dafunc.py", line 108, in func_timeout
    raise_exception(exception)
  File "/common/ketrong/tpotexp/env/lib/python3.10/site-packages/func_timeout/py3_raise.py", line 7, in raise_exception
    raise exception[0] from None
  File "/common/ketrong/tpotexp/tpot2/tpot2/tpot_estimator/estimator.py", line 623, in objective_function
    return objective_function_generator(
  File "/common/ketrong/tpotexp/tpot2/tpot2/tpot_estimator/estimator_utils.py", line 55, in objective_function_generator
    cv_obj_scores = cross_val_score_objective(sklearn.base.clone(pipeline),x,y,scorers=scorers, cv=cv , fold=step)
  File "/common/ketrong/tpotexp/tpot2/tpot2/tpot_estimator/cross_val_utils.py", line 28, in cross_val_score_objective
    this_fold_pipeline.fit(X_train,y_train)
  File "/common/ketrong/tpotexp/env/lib/python3.10/site-packages/sklearn/base.py", line 1473, in wrapper
    return fit_method(estimator, *args, **kwargs)
  File "/common/ketrong/tpotexp/env/lib/python3.10/site-packages/sklearn/pipeline.py", line 473, in fit
    self._final_estimator.fit(Xt, y, **last_step_params["fit"])
  File "/common/ketrong/tpotexp/env/lib/python3.10/site-packages/sklearn/utils/validation.py", line 66, in inner_f
    return f(*args, **kwargs)
  File "/common/ketrong/tpotexp/env/lib/python3.10/site-packages/sklearn/base.py", line 1473, in wrapper
    return fit_method(estimator, *args, **kwargs)
  File "/common/ketrong/tpotexp/env/lib/python3.10/site-packages/sklearn/ensemble/_bagging.py", line 402, in fit
    return self._fit(X, y, max_samples=self.max_samples, **fit_params)
  File "/common/ketrong/tpotexp/env/lib/python3.10/site-packages/sklearn/ensemble/_bagging.py", line 502, in _fit
    raise ValueError("Out of bag estimation only available if bootstrap=True")
ValueError: Out of bag estimation only available if bootstrap=True

Generation:  10
Best f1_score score: 0.8514354341435991
Generation:  40%|      | 10/25 [11:17<09:07, 36.49s/it]Generation:  11
Best f1_score score: 0.8514354341435991
Generation:  44%|     | 11/25 [11:46<07:57, 34.08s/it]Generation:  12
Best f1_score score: 0.8514354341435991
Generation:  48%|     | 12/25 [14:33<16:11, 74.75s/it]WARNING THIS INDIVIDUAL CAUSED AND EXCEPTION 
 <tpot2.search_spaces.pipelines.sequential.SequentialPipelineIndividual object at 0x1554653cd3f0> 
 Out of bag estimation only available if bootstrap=True 
 Traceback (most recent call last):
  File "/common/ketrong/tpotexp/tpot2/tpot2/utils/eval_utils.py", line 53, in objective_nan_wrapper
    value = func_timeout.func_timeout(timeout, objective_function, args=[individual], kwargs=objective_kwargs)
  File "/common/ketrong/tpotexp/env/lib/python3.10/site-packages/func_timeout/dafunc.py", line 108, in func_timeout
    raise_exception(exception)
  File "/common/ketrong/tpotexp/env/lib/python3.10/site-packages/func_timeout/py3_raise.py", line 7, in raise_exception
    raise exception[0] from None
  File "/common/ketrong/tpotexp/tpot2/tpot2/tpot_estimator/estimator.py", line 623, in objective_function
    return objective_function_generator(
  File "/common/ketrong/tpotexp/tpot2/tpot2/tpot_estimator/estimator_utils.py", line 55, in objective_function_generator
    cv_obj_scores = cross_val_score_objective(sklearn.base.clone(pipeline),x,y,scorers=scorers, cv=cv , fold=step)
  File "/common/ketrong/tpotexp/tpot2/tpot2/tpot_estimator/cross_val_utils.py", line 28, in cross_val_score_objective
    this_fold_pipeline.fit(X_train,y_train)
  File "/common/ketrong/tpotexp/env/lib/python3.10/site-packages/sklearn/base.py", line 1473, in wrapper
    return fit_method(estimator, *args, **kwargs)
  File "/common/ketrong/tpotexp/env/lib/python3.10/site-packages/sklearn/pipeline.py", line 473, in fit
    self._final_estimator.fit(Xt, y, **last_step_params["fit"])
  File "/common/ketrong/tpotexp/env/lib/python3.10/site-packages/sklearn/utils/validation.py", line 66, in inner_f
    return f(*args, **kwargs)
  File "/common/ketrong/tpotexp/env/lib/python3.10/site-packages/sklearn/base.py", line 1473, in wrapper
    return fit_method(estimator, *args, **kwargs)
  File "/common/ketrong/tpotexp/env/lib/python3.10/site-packages/sklearn/ensemble/_bagging.py", line 402, in fit
    return self._fit(X, y, max_samples=self.max_samples, **fit_params)
  File "/common/ketrong/tpotexp/env/lib/python3.10/site-packages/sklearn/ensemble/_bagging.py", line 502, in _fit
    raise ValueError("Out of bag estimation only available if bootstrap=True")
ValueError: Out of bag estimation only available if bootstrap=True

Generation:  13
Best f1_score score: 0.8514354341435991
Generation:  52%|    | 13/25 [18:07<23:23, 116.92s/it]Generation:  14
Best f1_score score: 0.8514354341435991
Generation:  56%|    | 14/25 [18:58<17:47, 97.04s/it] WARNING THIS INDIVIDUAL CAUSED AND EXCEPTION 
 <tpot2.search_spaces.pipelines.sequential.SequentialPipelineIndividual object at 0x155467ba9300> 
 Out of bag estimation only available if bootstrap=True 
 Traceback (most recent call last):
  File "/common/ketrong/tpotexp/tpot2/tpot2/utils/eval_utils.py", line 53, in objective_nan_wrapper
    value = func_timeout.func_timeout(timeout, objective_function, args=[individual], kwargs=objective_kwargs)
  File "/common/ketrong/tpotexp/env/lib/python3.10/site-packages/func_timeout/dafunc.py", line 108, in func_timeout
    raise_exception(exception)
  File "/common/ketrong/tpotexp/env/lib/python3.10/site-packages/func_timeout/py3_raise.py", line 7, in raise_exception
    raise exception[0] from None
  File "/common/ketrong/tpotexp/tpot2/tpot2/tpot_estimator/estimator.py", line 623, in objective_function
    return objective_function_generator(
  File "/common/ketrong/tpotexp/tpot2/tpot2/tpot_estimator/estimator_utils.py", line 55, in objective_function_generator
    cv_obj_scores = cross_val_score_objective(sklearn.base.clone(pipeline),x,y,scorers=scorers, cv=cv , fold=step)
  File "/common/ketrong/tpotexp/tpot2/tpot2/tpot_estimator/cross_val_utils.py", line 28, in cross_val_score_objective
    this_fold_pipeline.fit(X_train,y_train)
  File "/common/ketrong/tpotexp/env/lib/python3.10/site-packages/sklearn/base.py", line 1473, in wrapper
    return fit_method(estimator, *args, **kwargs)
  File "/common/ketrong/tpotexp/env/lib/python3.10/site-packages/sklearn/pipeline.py", line 473, in fit
    self._final_estimator.fit(Xt, y, **last_step_params["fit"])
  File "/common/ketrong/tpotexp/env/lib/python3.10/site-packages/sklearn/utils/validation.py", line 66, in inner_f
    return f(*args, **kwargs)
  File "/common/ketrong/tpotexp/env/lib/python3.10/site-packages/sklearn/base.py", line 1473, in wrapper
    return fit_method(estimator, *args, **kwargs)
  File "/common/ketrong/tpotexp/env/lib/python3.10/site-packages/sklearn/ensemble/_bagging.py", line 402, in fit
    return self._fit(X, y, max_samples=self.max_samples, **fit_params)
  File "/common/ketrong/tpotexp/env/lib/python3.10/site-packages/sklearn/ensemble/_bagging.py", line 502, in _fit
    raise ValueError("Out of bag estimation only available if bootstrap=True")
ValueError: Out of bag estimation only available if bootstrap=True

Generation:  15
Best f1_score score: 0.8514354341435991
Generation:  60%|    | 15/25 [19:13<12:01, 72.13s/it]Generation:  16
Best f1_score score: 0.8514354341435991
Generation:  64%|   | 16/25 [19:33<08:28, 56.46s/it]Generation:  17
Best f1_score score: 0.8514354341435991
Generation:  68%|   | 17/25 [21:28<09:53, 74.20s/it]WARNING THIS INDIVIDUAL CAUSED AND EXCEPTION 
 <tpot2.search_spaces.pipelines.sequential.SequentialPipelineIndividual object at 0x1554746f6830> 
 The 'min_samples_split' parameter of DecisionTreeClassifier must be an int in the range [2, inf) or a float in the range (0.0, 1.0]. Got 1 instead. 
 Traceback (most recent call last):
  File "/common/ketrong/tpotexp/tpot2/tpot2/utils/eval_utils.py", line 53, in objective_nan_wrapper
    value = func_timeout.func_timeout(timeout, objective_function, args=[individual], kwargs=objective_kwargs)
  File "/common/ketrong/tpotexp/env/lib/python3.10/site-packages/func_timeout/dafunc.py", line 108, in func_timeout
    raise_exception(exception)
  File "/common/ketrong/tpotexp/env/lib/python3.10/site-packages/func_timeout/py3_raise.py", line 7, in raise_exception
    raise exception[0] from None
  File "/common/ketrong/tpotexp/tpot2/tpot2/tpot_estimator/estimator.py", line 623, in objective_function
    return objective_function_generator(
  File "/common/ketrong/tpotexp/tpot2/tpot2/tpot_estimator/estimator_utils.py", line 55, in objective_function_generator
    cv_obj_scores = cross_val_score_objective(sklearn.base.clone(pipeline),x,y,scorers=scorers, cv=cv , fold=step)
  File "/common/ketrong/tpotexp/tpot2/tpot2/tpot_estimator/cross_val_utils.py", line 28, in cross_val_score_objective
    this_fold_pipeline.fit(X_train,y_train)
  File "/common/ketrong/tpotexp/env/lib/python3.10/site-packages/sklearn/base.py", line 1473, in wrapper
    return fit_method(estimator, *args, **kwargs)
  File "/common/ketrong/tpotexp/env/lib/python3.10/site-packages/sklearn/pipeline.py", line 473, in fit
    self._final_estimator.fit(Xt, y, **last_step_params["fit"])
  File "/common/ketrong/tpotexp/env/lib/python3.10/site-packages/sklearn/base.py", line 1466, in wrapper
    estimator._validate_params()
  File "/common/ketrong/tpotexp/env/lib/python3.10/site-packages/sklearn/base.py", line 666, in _validate_params
    validate_parameter_constraints(
  File "/common/ketrong/tpotexp/env/lib/python3.10/site-packages/sklearn/utils/_param_validation.py", line 95, in validate_parameter_constraints
    raise InvalidParameterError(
sklearn.utils._param_validation.InvalidParameterError: The 'min_samples_split' parameter of DecisionTreeClassifier must be an int in the range [2, inf) or a float in the range (0.0, 1.0]. Got 1 instead.

Generation:  18
Best f1_score score: 0.8514354341435991
Generation:  72%|  | 18/25 [22:59<09:13, 79.02s/it]Generation:  19
Best f1_score score: 0.8514354341435991
Generation:  76%|  | 19/25 [23:22<06:13, 62.26s/it]Generation:  20
Best f1_score score: 0.8514354341435991
Generation:  80%|  | 20/25 [24:02<04:38, 55.73s/it]WARNING THIS INDIVIDUAL CAUSED AND EXCEPTION 
 <tpot2.search_spaces.pipelines.sequential.SequentialPipelineIndividual object at 0x1554656253f0> 
 Out of bag estimation only available if bootstrap=True 
 Traceback (most recent call last):
  File "/common/ketrong/tpotexp/tpot2/tpot2/utils/eval_utils.py", line 53, in objective_nan_wrapper
    value = func_timeout.func_timeout(timeout, objective_function, args=[individual], kwargs=objective_kwargs)
  File "/common/ketrong/tpotexp/env/lib/python3.10/site-packages/func_timeout/dafunc.py", line 108, in func_timeout
    raise_exception(exception)
  File "/common/ketrong/tpotexp/env/lib/python3.10/site-packages/func_timeout/py3_raise.py", line 7, in raise_exception
    raise exception[0] from None
  File "/common/ketrong/tpotexp/tpot2/tpot2/tpot_estimator/estimator.py", line 623, in objective_function
    return objective_function_generator(
  File "/common/ketrong/tpotexp/tpot2/tpot2/tpot_estimator/estimator_utils.py", line 55, in objective_function_generator
    cv_obj_scores = cross_val_score_objective(sklearn.base.clone(pipeline),x,y,scorers=scorers, cv=cv , fold=step)
  File "/common/ketrong/tpotexp/tpot2/tpot2/tpot_estimator/cross_val_utils.py", line 28, in cross_val_score_objective
    this_fold_pipeline.fit(X_train,y_train)
  File "/common/ketrong/tpotexp/env/lib/python3.10/site-packages/sklearn/base.py", line 1473, in wrapper
    return fit_method(estimator, *args, **kwargs)
  File "/common/ketrong/tpotexp/env/lib/python3.10/site-packages/sklearn/pipeline.py", line 473, in fit
    self._final_estimator.fit(Xt, y, **last_step_params["fit"])
  File "/common/ketrong/tpotexp/env/lib/python3.10/site-packages/sklearn/utils/validation.py", line 66, in inner_f
    return f(*args, **kwargs)
  File "/common/ketrong/tpotexp/env/lib/python3.10/site-packages/sklearn/base.py", line 1473, in wrapper
    return fit_method(estimator, *args, **kwargs)
  File "/common/ketrong/tpotexp/env/lib/python3.10/site-packages/sklearn/ensemble/_bagging.py", line 402, in fit
    return self._fit(X, y, max_samples=self.max_samples, **fit_params)
  File "/common/ketrong/tpotexp/env/lib/python3.10/site-packages/sklearn/ensemble/_bagging.py", line 502, in _fit
    raise ValueError("Out of bag estimation only available if bootstrap=True")
ValueError: Out of bag estimation only available if bootstrap=True

Generation:  21
Best f1_score score: 0.8514354341435991
Generation:  84%| | 21/25 [24:26<03:04, 46.22s/it]Generation:  22
Best f1_score score: 0.8514354341435991
Generation:  88%| | 22/25 [25:13<02:18, 46.29s/it]Generation:  23
Best f1_score score: 0.8514354341435991
Generation:  92%|| 23/25 [26:03<01:34, 47.44s/it]Generation:  24
Best f1_score score: 0.8514354341435991
Generation:  96%|| 24/25 [27:39<01:02, 62.15s/it]Generation:  25
Best f1_score score: 0.8514354341435991
Generation: 100%|| 25/25 [28:00<00:00, 49.58s/it]Generation: 100%|| 25/25 [28:03<00:00, 67.35s/it]
2024-11-06 11:47:18,398 - distributed.scheduler - ERROR - Removing worker 'tcp://127.0.0.1:40165' caused the cluster to lose scattered data, which can't be recovered: {'ndarray-646864d2bf2d409934c8cb0ec4c5c432', 'ndarray-579345a51609ee95c00b98330f72c2da'} (stimulus_id='handle-worker-cleanup-1730922438.3985283')
Fitted
Pipeline(steps=[('baggingclassifier',
                 BaggingClassifier(bootstrap_features=True,
                                   max_features=0.8641282315838,
                                   max_samples=0.7694225292008, n_estimators=75,
                                   n_jobs=1, oob_score=True))])
score start
train score: {'auroc': 0.9998019379742716, 'accuracy': 0.9939691219041492, 'balanced_accuracy': 0.9923220519313796, 'logloss': 0.13286789428999612, 'f1': 0.9931540640560728}
original test score: {'auroc': 0.9798976892645461, 'accuracy': 0.9466066259247347, 'balanced_accuracy': 0.9332668827716448, 'logloss': 0.24025013391072994, 'f1': 0.9387255041640072}
imputed test score: {'auroc': 0.9279956904028949, 'accuracy': 0.8854937278867803, 'balanced_accuracy': 0.8423091601442909, 'logloss': 0.3306255707189051, 'f1': 0.8617248599513265}
score end
check intended
EXP2 Finished
running experiment 3/3 - What is the best automl settings?
<tpot2.search_spaces.pipelines.sequential.SequentialPipeline object at 0x1554350185b0>
Start tpot fit
Version 0.1.7a0 of tpot2 is outdated. Version 0.1.8a0 was released Tuesday September 17, 2024.
Version 0.1.7a0 of tpot2 is outdated. Version 0.1.8a0 was released Tuesday September 17, 2024.
Version 0.1.7a0 of tpot2 is outdated. Version 0.1.8a0 was released Tuesday September 17, 2024.
Version 0.1.7a0 of tpot2 is outdated. Version 0.1.8a0 was released Tuesday September 17, 2024.
Version 0.1.7a0 of tpot2 is outdated. Version 0.1.8a0 was released Tuesday September 17, 2024.
Version 0.1.7a0 of tpot2 is outdated. Version 0.1.8a0 was released Tuesday September 17, 2024.
Version 0.1.7a0 of tpot2 is outdated. Version 0.1.8a0 was released Tuesday September 17, 2024.
Version 0.1.7a0 of tpot2 is outdated. Version 0.1.8a0 was released Tuesday September 17, 2024.
Version 0.1.7a0 of tpot2 is outdated. Version 0.1.8a0 was released Tuesday September 17, 2024.
Version 0.1.7a0 of tpot2 is outdated. Version 0.1.8a0 was released Tuesday September 17, 2024.
Version 0.1.7a0 of tpot2 is outdated. Version 0.1.8a0 was released Tuesday September 17, 2024.
Version 0.1.7a0 of tpot2 is outdated. Version 0.1.8a0 was released Tuesday September 17, 2024.
Version 0.1.7a0 of tpot2 is outdated. Version 0.1.8a0 was released Tuesday September 17, 2024.
Version 0.1.7a0 of tpot2 is outdated. Version 0.1.8a0 was released Tuesday September 17, 2024.
Version 0.1.7a0 of tpot2 is outdated. Version 0.1.8a0 was released Tuesday September 17, 2024.
Version 0.1.7a0 of tpot2 is outdated. Version 0.1.8a0 was released Tuesday September 17, 2024.
  0%|          | 0/25 [00:00<?, ?it/s]Generation:   0%|          | 0/25 [00:00<?, ?it/s]WARNING THIS INDIVIDUAL CAUSED AND EXCEPTION 
 <tpot2.search_spaces.pipelines.sequential.SequentialPipelineIndividual object at 0x155474cd4970> 
 Negative values in data passed to MultinomialNB (input X) 
 Traceback (most recent call last):
  File "/common/ketrong/tpotexp/tpot2/tpot2/utils/eval_utils.py", line 53, in objective_nan_wrapper
    value = func_timeout.func_timeout(timeout, objective_function, args=[individual], kwargs=objective_kwargs)
  File "/common/ketrong/tpotexp/env/lib/python3.10/site-packages/func_timeout/dafunc.py", line 108, in func_timeout
    raise_exception(exception)
  File "/common/ketrong/tpotexp/env/lib/python3.10/site-packages/func_timeout/py3_raise.py", line 7, in raise_exception
    raise exception[0] from None
  File "/common/ketrong/tpotexp/tpot2/tpot2/tpot_estimator/estimator.py", line 623, in objective_function
    return objective_function_generator(
  File "/common/ketrong/tpotexp/tpot2/tpot2/tpot_estimator/estimator_utils.py", line 55, in objective_function_generator
    cv_obj_scores = cross_val_score_objective(sklearn.base.clone(pipeline),x,y,scorers=scorers, cv=cv , fold=step)
  File "/common/ketrong/tpotexp/tpot2/tpot2/tpot_estimator/cross_val_utils.py", line 28, in cross_val_score_objective
    this_fold_pipeline.fit(X_train,y_train)
  File "/common/ketrong/tpotexp/env/lib/python3.10/site-packages/sklearn/base.py", line 1473, in wrapper
    return fit_method(estimator, *args, **kwargs)
  File "/common/ketrong/tpotexp/env/lib/python3.10/site-packages/sklearn/pipeline.py", line 473, in fit
    self._final_estimator.fit(Xt, y, **last_step_params["fit"])
  File "/common/ketrong/tpotexp/env/lib/python3.10/site-packages/sklearn/base.py", line 1473, in wrapper
    return fit_method(estimator, *args, **kwargs)
  File "/common/ketrong/tpotexp/env/lib/python3.10/site-packages/sklearn/naive_bayes.py", line 759, in fit
    self._count(X, Y)
  File "/common/ketrong/tpotexp/env/lib/python3.10/site-packages/sklearn/naive_bayes.py", line 881, in _count
    check_non_negative(X, "MultinomialNB (input X)")
  File "/common/ketrong/tpotexp/env/lib/python3.10/site-packages/sklearn/utils/validation.py", line 1689, in check_non_negative
    raise ValueError("Negative values in data passed to %s" % whom)
ValueError: Negative values in data passed to MultinomialNB (input X)

WARNING THIS INDIVIDUAL CAUSED AND EXCEPTION 
 <tpot2.search_spaces.pipelines.sequential.SequentialPipelineIndividual object at 0x155474cd50c0> 
 Negative values in data passed to MultinomialNB (input X) 
 Traceback (most recent call last):
  File "/common/ketrong/tpotexp/tpot2/tpot2/utils/eval_utils.py", line 53, in objective_nan_wrapper
    value = func_timeout.func_timeout(timeout, objective_function, args=[individual], kwargs=objective_kwargs)
  File "/common/ketrong/tpotexp/env/lib/python3.10/site-packages/func_timeout/dafunc.py", line 108, in func_timeout
    raise_exception(exception)
  File "/common/ketrong/tpotexp/env/lib/python3.10/site-packages/func_timeout/py3_raise.py", line 7, in raise_exception
    raise exception[0] from None
  File "/common/ketrong/tpotexp/tpot2/tpot2/tpot_estimator/estimator.py", line 623, in objective_function
    return objective_function_generator(
  File "/common/ketrong/tpotexp/tpot2/tpot2/tpot_estimator/estimator_utils.py", line 55, in objective_function_generator
    cv_obj_scores = cross_val_score_objective(sklearn.base.clone(pipeline),x,y,scorers=scorers, cv=cv , fold=step)
  File "/common/ketrong/tpotexp/tpot2/tpot2/tpot_estimator/cross_val_utils.py", line 28, in cross_val_score_objective
    this_fold_pipeline.fit(X_train,y_train)
  File "/common/ketrong/tpotexp/env/lib/python3.10/site-packages/sklearn/base.py", line 1473, in wrapper
    return fit_method(estimator, *args, **kwargs)
  File "/common/ketrong/tpotexp/env/lib/python3.10/site-packages/sklearn/pipeline.py", line 473, in fit
    self._final_estimator.fit(Xt, y, **last_step_params["fit"])
  File "/common/ketrong/tpotexp/env/lib/python3.10/site-packages/sklearn/base.py", line 1473, in wrapper
    return fit_method(estimator, *args, **kwargs)
  File "/common/ketrong/tpotexp/env/lib/python3.10/site-packages/sklearn/naive_bayes.py", line 759, in fit
    self._count(X, Y)
  File "/common/ketrong/tpotexp/env/lib/python3.10/site-packages/sklearn/naive_bayes.py", line 881, in _count
    check_non_negative(X, "MultinomialNB (input X)")
  File "/common/ketrong/tpotexp/env/lib/python3.10/site-packages/sklearn/utils/validation.py", line 1689, in check_non_negative
    raise ValueError("Negative values in data passed to %s" % whom)
ValueError: Negative values in data passed to MultinomialNB (input X)

WARNING AN INDIVIDUAL TIMED OUT: 
 <tpot2.search_spaces.pipelines.sequential.SequentialPipelineIndividual object at 0x155474cd4e80> 

Generation:  1
Best f1_score score: 0.8376449864897368
Generation:   4%|         | 1/25 [10:02<4:01:08, 602.85s/it]Generation:  2
Best f1_score score: 0.8376449864897368
Generation:   8%|         | 2/25 [18:19<3:27:04, 540.22s/it]WARNING THIS INDIVIDUAL CAUSED AND EXCEPTION 
 <tpot2.search_spaces.pipelines.sequential.SequentialPipelineIndividual object at 0x1554740893f0> 
 Input X contains NaN.
ExtraTreesClassifier does not accept missing values encoded as NaN natively. For supervised learning, you might want to consider sklearn.ensemble.HistGradientBoostingClassifier and Regressor which accept missing values encoded as NaNs natively. Alternatively, it is possible to preprocess the data, for instance by using an imputer transformer in a pipeline or drop samples with missing values. See https://scikit-learn.org/stable/modules/impute.html You can find a list of all estimators that handle NaN values at the following page: https://scikit-learn.org/stable/modules/impute.html#estimators-that-handle-nan-values 
 Traceback (most recent call last):
  File "/common/ketrong/tpotexp/tpot2/tpot2/utils/eval_utils.py", line 53, in objective_nan_wrapper
    value = func_timeout.func_timeout(timeout, objective_function, args=[individual], kwargs=objective_kwargs)
  File "/common/ketrong/tpotexp/env/lib/python3.10/site-packages/func_timeout/dafunc.py", line 108, in func_timeout
    raise_exception(exception)
  File "/common/ketrong/tpotexp/env/lib/python3.10/site-packages/func_timeout/py3_raise.py", line 7, in raise_exception
    raise exception[0] from None
  File "/common/ketrong/tpotexp/tpot2/tpot2/tpot_estimator/estimator.py", line 623, in objective_function
    return objective_function_generator(
  File "/common/ketrong/tpotexp/tpot2/tpot2/tpot_estimator/estimator_utils.py", line 55, in objective_function_generator
    cv_obj_scores = cross_val_score_objective(sklearn.base.clone(pipeline),x,y,scorers=scorers, cv=cv , fold=step)
  File "/common/ketrong/tpotexp/tpot2/tpot2/tpot_estimator/cross_val_utils.py", line 28, in cross_val_score_objective
    this_fold_pipeline.fit(X_train,y_train)
  File "/common/ketrong/tpotexp/env/lib/python3.10/site-packages/sklearn/base.py", line 1473, in wrapper
    return fit_method(estimator, *args, **kwargs)
  File "/common/ketrong/tpotexp/env/lib/python3.10/site-packages/sklearn/pipeline.py", line 473, in fit
    self._final_estimator.fit(Xt, y, **last_step_params["fit"])
  File "/common/ketrong/tpotexp/env/lib/python3.10/site-packages/sklearn/base.py", line 1473, in wrapper
    return fit_method(estimator, *args, **kwargs)
  File "/common/ketrong/tpotexp/env/lib/python3.10/site-packages/sklearn/ensemble/_forest.py", line 377, in fit
    estimator._compute_missing_values_in_feature_mask(
  File "/common/ketrong/tpotexp/env/lib/python3.10/site-packages/sklearn/tree/_classes.py", line 214, in _compute_missing_values_in_feature_mask
    assert_all_finite(X, **common_kwargs)
  File "/common/ketrong/tpotexp/env/lib/python3.10/site-packages/sklearn/utils/validation.py", line 213, in assert_all_finite
    _assert_all_finite(
  File "/common/ketrong/tpotexp/env/lib/python3.10/site-packages/sklearn/utils/validation.py", line 123, in _assert_all_finite
    _assert_all_finite_element_wise(
  File "/common/ketrong/tpotexp/env/lib/python3.10/site-packages/sklearn/utils/validation.py", line 172, in _assert_all_finite_element_wise
    raise ValueError(msg_err)
ValueError: Input X contains NaN.
ExtraTreesClassifier does not accept missing values encoded as NaN natively. For supervised learning, you might want to consider sklearn.ensemble.HistGradientBoostingClassifier and Regressor which accept missing values encoded as NaNs natively. Alternatively, it is possible to preprocess the data, for instance by using an imputer transformer in a pipeline or drop samples with missing values. See https://scikit-learn.org/stable/modules/impute.html You can find a list of all estimators that handle NaN values at the following page: https://scikit-learn.org/stable/modules/impute.html#estimators-that-handle-nan-values

Generation:  3
Best f1_score score: 0.8376449864897368
Generation:  12%|        | 3/25 [26:45<3:12:27, 524.88s/it]Generation:  4
Best f1_score score: 0.8447904827566897
Generation:  16%|        | 4/25 [35:23<3:02:43, 522.06s/it]Generation:  5
Best f1_score score: 0.84663466795895
Generation:  20%|        | 5/25 [43:52<2:52:29, 517.48s/it]Generation:  6
Best f1_score score: 0.8594522904039039
Generation:  24%|       | 6/25 [52:22<2:43:02, 514.85s/it]Generation:  7
Best f1_score score: 0.8594522904039039
Generation:  28%|       | 7/25 [1:00:49<2:33:40, 512.27s/it]Generation:  8
Best f1_score score: 0.8594522904039039
Generation:  32%|      | 8/25 [1:09:14<2:24:29, 509.95s/it]Generation:  9
Best f1_score score: 0.8594522904039039
Generation:  36%|      | 9/25 [1:13:15<1:53:35, 425.98s/it]Generation:  10
Best f1_score score: 0.8594522904039039
Generation:  40%|      | 10/25 [1:14:07<1:17:35, 310.39s/it]Generation:  11
Best f1_score score: 0.8594522904039039
Generation:  44%|     | 11/25 [1:22:37<1:26:40, 371.47s/it]Generation:  12
Best f1_score score: 0.8594522904039039
Generation:  48%|     | 12/25 [1:23:16<58:32, 270.18s/it]  Generation:  13
Best f1_score score: 0.8594522904039039
Generation:  52%|    | 13/25 [1:28:05<55:11, 275.95s/it]Generation:  14
Best f1_score score: 0.8594522904039039
Generation:  56%|    | 14/25 [1:28:30<36:42, 200.25s/it]Generation:  15
Best f1_score score: 0.8594522904039039
Generation:  60%|    | 15/25 [1:37:03<49:03, 294.37s/it]Generation:  16
Best f1_score score: 0.8604637657304887
Generation:  64%|   | 16/25 [1:45:32<53:50, 358.96s/it]WARNING THIS INDIVIDUAL CAUSED AND EXCEPTION 
 <tpot2.search_spaces.pipelines.sequential.SequentialPipelineIndividual object at 0x1554548c6890> 
 Out of bag estimation only available if bootstrap=True 
 Traceback (most recent call last):
  File "/common/ketrong/tpotexp/tpot2/tpot2/utils/eval_utils.py", line 53, in objective_nan_wrapper
    value = func_timeout.func_timeout(timeout, objective_function, args=[individual], kwargs=objective_kwargs)
  File "/common/ketrong/tpotexp/env/lib/python3.10/site-packages/func_timeout/dafunc.py", line 108, in func_timeout
    raise_exception(exception)
  File "/common/ketrong/tpotexp/env/lib/python3.10/site-packages/func_timeout/py3_raise.py", line 7, in raise_exception
    raise exception[0] from None
  File "/common/ketrong/tpotexp/tpot2/tpot2/tpot_estimator/estimator.py", line 623, in objective_function
    return objective_function_generator(
  File "/common/ketrong/tpotexp/tpot2/tpot2/tpot_estimator/estimator_utils.py", line 55, in objective_function_generator
    cv_obj_scores = cross_val_score_objective(sklearn.base.clone(pipeline),x,y,scorers=scorers, cv=cv , fold=step)
  File "/common/ketrong/tpotexp/tpot2/tpot2/tpot_estimator/cross_val_utils.py", line 28, in cross_val_score_objective
    this_fold_pipeline.fit(X_train,y_train)
  File "/common/ketrong/tpotexp/env/lib/python3.10/site-packages/sklearn/base.py", line 1473, in wrapper
    return fit_method(estimator, *args, **kwargs)
  File "/common/ketrong/tpotexp/env/lib/python3.10/site-packages/sklearn/pipeline.py", line 473, in fit
    self._final_estimator.fit(Xt, y, **last_step_params["fit"])
  File "/common/ketrong/tpotexp/env/lib/python3.10/site-packages/sklearn/utils/validation.py", line 66, in inner_f
    return f(*args, **kwargs)
  File "/common/ketrong/tpotexp/env/lib/python3.10/site-packages/sklearn/base.py", line 1473, in wrapper
    return fit_method(estimator, *args, **kwargs)
  File "/common/ketrong/tpotexp/env/lib/python3.10/site-packages/sklearn/ensemble/_bagging.py", line 402, in fit
    return self._fit(X, y, max_samples=self.max_samples, **fit_params)
  File "/common/ketrong/tpotexp/env/lib/python3.10/site-packages/sklearn/ensemble/_bagging.py", line 502, in _fit
    raise ValueError("Out of bag estimation only available if bootstrap=True")
ValueError: Out of bag estimation only available if bootstrap=True

Generation:  17
Best f1_score score: 0.8620051756640958
Generation:  68%|   | 17/25 [1:46:10<34:59, 262.44s/it]Generation:  18
Best f1_score score: 0.8620051756640958
Generation:  72%|  | 18/25 [1:47:00<23:11, 198.79s/it]Generation:  19
Best f1_score score: 0.8620051756640958
Generation:  76%|  | 19/25 [1:48:55<17:21, 173.66s/it]Generation:  20
Best f1_score score: 0.8652641983716466
Generation:  80%|  | 20/25 [1:49:34<11:06, 133.23s/it]Generation:  21
Best f1_score score: 0.8652641983716466
Generation:  84%| | 21/25 [1:49:53<06:35, 98.84s/it] Generation:  22
Best f1_score score: 0.8652641983716466
Generation:  88%| | 22/25 [1:58:29<11:11, 224.00s/it]Generation:  23
Best f1_score score: 0.8652641983716466
Generation:  92%|| 23/25 [1:59:14<05:40, 170.33s/it]Generation:  24
Best f1_score score: 0.8652641983716466
Generation:  96%|| 24/25 [2:07:49<04:33, 273.77s/it]Generation:  25
Best f1_score score: 0.8652641983716466
Generation: 100%|| 25/25 [2:16:21<00:00, 345.28s/it]Generation: 100%|| 25/25 [2:16:21<00:00, 327.26s/it]
2024-11-06 14:03:52,041 - distributed.scheduler - ERROR - Removing worker 'tcp://127.0.0.1:44541' caused the cluster to lose scattered data, which can't be recovered: {'DataFrame-760cc00817faee7cab12e4aab764ce66', 'ndarray-579345a51609ee95c00b98330f72c2da'} (stimulus_id='handle-worker-cleanup-1730930632.0411484')
Fitted
Pipeline(steps=[('simpleimputer', SimpleImputer()),
                ('baggingclassifier',
                 BaggingClassifier(bootstrap_features=True,
                                   max_features=0.722156965362,
                                   max_samples=0.7742730988382, n_estimators=71,
                                   n_jobs=1, oob_score=True))])
transform worked
try transform
transform worked
score start
train score: {'auroc': 0.9991739135532167, 'accuracy': 0.9773238983596012, 'balanced_accuracy': 0.9665542336765529, 'logloss': 0.19783950708689121, 'f1': 0.9738863908571124}
test score: {'auroc': 0.9489226944921362, 'accuracy': 0.893534898681248, 'balanced_accuracy': 0.8482986186972377, 'logloss': 0.34155942035567677, 'f1': 0.8703814008440307}
original test score: {'auroc': 0.9810477590751432, 'accuracy': 0.9568993245416533, 'balanced_accuracy': 0.9386864636830177, 'logloss': 0.2512453359891926, 'f1': 0.9498587978609296}
score end
1046
lvl
0.3
type
MCAR
num_run
3
class_full
finished
all finished
full run takes
6.906023701296912
hours
DONE
