Run: 51
/cm/local/apps/slurm/var/spool/job1005719/slurm_script: line 26: 
pip install -e tpot2
pip install -r tpot2/ImputerExperiments/requirements_.txt
: No such file or directory
RunStart
Version 0.1.7a0 of tpot2 is outdated. Version 0.1.8a0 was released Tuesday September 17, 2024.
starting loops
../data/c/151/151.pkl
working on 
../data/c/151/class_full_MCAR_0.3_3
1.9968721866607666
running experiment 1/3 - Does large hyperparameter space improve reconstruction accuracy over simple
[I 2024-10-16 11:45:18,548] A new study created in memory with name: no-name-e7e4ea37-fd3f-4b89-958b-110fac06e0c8
running
running
running
running
running
running
running
running
running
running
running
running
running
running
running
running
[I 2024-10-16 11:45:19,045] Trial 7 finished with value: 0.3872171945002506 and parameters: {'model_name': 'SimpleImputer', 'strategy': 'constant'}. Best is trial 7 with value: 0.3872171945002506.
running
[I 2024-10-16 11:45:19,381] Trial 10 finished with value: 0.3872171945002506 and parameters: {'model_name': 'SimpleImputer', 'strategy': 'constant'}. Best is trial 7 with value: 0.3872171945002506.
running
[I 2024-10-16 11:45:19,938] Trial 12 finished with value: 0.3872171945002506 and parameters: {'model_name': 'SimpleImputer', 'strategy': 'most_frequent'}. Best is trial 7 with value: 0.3872171945002506.
[I 2024-10-16 11:45:20,133] Trial 5 finished with value: 0.3872171945002506 and parameters: {'model_name': 'SimpleImputer', 'strategy': 'most_frequent'}. Best is trial 7 with value: 0.3872171945002506.
running
running
[I 2024-10-16 11:45:20,547] Trial 17 finished with value: 0.21987725882556491 and parameters: {'model_name': 'SimpleImputer', 'strategy': 'median'}. Best is trial 17 with value: 0.21987725882556491.
running
[I 2024-10-16 11:45:21,354] Trial 20 finished with value: 0.3872171945002506 and parameters: {'model_name': 'SimpleImputer', 'strategy': 'most_frequent'}. Best is trial 17 with value: 0.21987725882556491.
running
[I 2024-10-16 11:45:24,903] Trial 6 finished with value: 0.20400626910911898 and parameters: {'model_name': 'IterativeImputer', 'estimator': 'Ridge', 'initial_strategy': 'median', 'n_nearest_features': 7, 'imputation_order': 'ascending'}. Best is trial 6 with value: 0.20400626910911898.
running
[I 2024-10-16 11:45:29,767] Trial 8 finished with value: 0.3650841619128735 and parameters: {'model_name': 'GAIN', 'batch_size': 30, 'hint_rate': 0.39762087329472967, 'alpha': 4, 'iterations': 1, 'learning_rate': 0.00014797598816855792, 'p_miss': 0.2948750133417601}. Best is trial 6 with value: 0.20400626910911898.
running
[I 2024-10-16 11:45:35,422] Trial 23 finished with value: 0.23741007510466572 and parameters: {'model_name': 'VAE', 'batch_size': 28, 'iterations': 3, 'learning_rate': 0.04489112606852705, 'p_miss': 0.12745521088528217}. Best is trial 6 with value: 0.20400626910911898.
running
[I 2024-10-16 11:45:52,020] Trial 19 finished with value: 0.20483177027268243 and parameters: {'model_name': 'KNNImputer', 'n_neighbors': 2983, 'weights': 'uniform'}. Best is trial 6 with value: 0.20400626910911898.
running
[I 2024-10-16 11:45:58,382] Trial 2 finished with value: 0.20779709586406084 and parameters: {'model_name': 'KNNImputer', 'n_neighbors': 15976, 'weights': 'uniform'}. Best is trial 6 with value: 0.20400626910911898.
running
[I 2024-10-16 11:45:58,673] Trial 13 finished with value: 0.20773111401732688 and parameters: {'model_name': 'KNNImputer', 'n_neighbors': 12945, 'weights': 'uniform'}. Best is trial 6 with value: 0.20400626910911898.
running
[I 2024-10-16 11:46:02,098] Trial 18 finished with value: 0.20782183555905917 and parameters: {'model_name': 'KNNImputer', 'n_neighbors': 19520, 'weights': 'uniform'}. Best is trial 6 with value: 0.20400626910911898.
running
[I 2024-10-16 11:46:04,934] Trial 25 finished with value: 0.20400626910911898 and parameters: {'model_name': 'IterativeImputer', 'estimator': 'Ridge', 'initial_strategy': 'median', 'n_nearest_features': 7, 'imputation_order': 'ascending'}. Best is trial 6 with value: 0.20400626910911898.
running
[I 2024-10-16 11:46:12,024] Trial 27 finished with value: 0.20400626910911898 and parameters: {'model_name': 'IterativeImputer', 'estimator': 'Ridge', 'initial_strategy': 'median', 'n_nearest_features': 7, 'imputation_order': 'ascending'}. Best is trial 6 with value: 0.20400626910911898.
running
[I 2024-10-16 11:46:12,452] Trial 26 finished with value: 0.20400626910911898 and parameters: {'model_name': 'IterativeImputer', 'estimator': 'Ridge', 'initial_strategy': 'median', 'n_nearest_features': 7, 'imputation_order': 'ascending'}. Best is trial 6 with value: 0.20400626910911898.
running
[I 2024-10-16 11:46:15,860] Trial 28 finished with value: 0.20400626910911898 and parameters: {'model_name': 'IterativeImputer', 'estimator': 'Ridge', 'initial_strategy': 'median', 'n_nearest_features': 7, 'imputation_order': 'ascending'}. Best is trial 6 with value: 0.20400626910911898.
running
[I 2024-10-16 11:46:18,028] Trial 29 finished with value: 0.20400626910911898 and parameters: {'model_name': 'IterativeImputer', 'estimator': 'Ridge', 'initial_strategy': 'median', 'n_nearest_features': 7, 'imputation_order': 'ascending'}. Best is trial 6 with value: 0.20400626910911898.
running
[I 2024-10-16 11:46:19,251] Trial 0 finished with value: 0.25624632700752137 and parameters: {'model_name': 'VAE', 'batch_size': 82, 'iterations': 37, 'learning_rate': 0.0006307094721850285, 'p_miss': 0.27678819132513915}. Best is trial 6 with value: 0.20400626910911898.
running
[I 2024-10-16 11:46:25,095] Trial 30 finished with value: 0.20400626910911898 and parameters: {'model_name': 'IterativeImputer', 'estimator': 'Ridge', 'initial_strategy': 'median', 'n_nearest_features': 7, 'imputation_order': 'ascending'}. Best is trial 6 with value: 0.20400626910911898.
running
[I 2024-10-16 11:46:37,227] Trial 15 finished with value: inf and parameters: {'model_name': 'GAIN', 'batch_size': 15, 'hint_rate': 0.8505747046917475, 'alpha': 27, 'iterations': 597, 'learning_rate': 0.016328621533924125, 'p_miss': 0.04022642383418929}. Best is trial 6 with value: 0.20400626910911898.
running
[I 2024-10-16 11:46:38,417] Trial 11 finished with value: 0.29752339033999253 and parameters: {'model_name': 'IterativeImputer', 'estimator': 'Bayesian', 'initial_strategy': 'mean', 'n_nearest_features': 5, 'imputation_order': 'random', 'sample_posterior': True}. Best is trial 6 with value: 0.20400626910911898.
running
[I 2024-10-16 11:46:40,004] Trial 1 finished with value: 0.2126173522684507 and parameters: {'model_name': 'VAE', 'batch_size': 536, 'iterations': 14, 'learning_rate': 0.013990654333730396, 'p_miss': 0.13752689023597267}. Best is trial 6 with value: 0.20400626910911898.
running
[I 2024-10-16 11:47:18,330] Trial 34 finished with value: 0.2044433409037561 and parameters: {'model_name': 'IterativeImputer', 'estimator': 'KNN', 'initial_strategy': 'mean', 'n_nearest_features': 3, 'imputation_order': 'roman'}. Best is trial 6 with value: 0.20400626910911898.
running
[I 2024-10-16 11:47:33,915] Trial 33 finished with value: 0.2046925019991237 and parameters: {'model_name': 'IterativeImputer', 'estimator': 'Bayesian', 'initial_strategy': 'most_frequent', 'n_nearest_features': 3, 'imputation_order': 'random', 'sample_posterior': False}. Best is trial 6 with value: 0.20400626910911898.
running
[I 2024-10-16 11:47:37,417] Trial 36 finished with value: 0.20769445615822324 and parameters: {'model_name': 'IterativeImputer', 'estimator': 'KNN', 'initial_strategy': 'most_frequent', 'n_nearest_features': 3, 'imputation_order': 'random'}. Best is trial 6 with value: 0.20400626910911898.
running
[I 2024-10-16 11:47:45,033] Trial 37 finished with value: 0.21253204170842793 and parameters: {'model_name': 'IterativeImputer', 'estimator': 'KNN', 'initial_strategy': 'most_frequent', 'n_nearest_features': 1, 'imputation_order': 'descending'}. Best is trial 6 with value: 0.20400626910911898.
running
[I 2024-10-16 11:47:46,771] Trial 4 finished with value: 0.37830916962678923 and parameters: {'model_name': 'GAIN', 'batch_size': 320, 'hint_rate': 0.1792686585425729, 'alpha': 87, 'iterations': 146, 'learning_rate': 0.001558465110782985, 'p_miss': 0.20613560230843192}. Best is trial 6 with value: 0.20400626910911898.
running
[I 2024-10-16 11:47:58,426] Trial 24 finished with value: 0.21384087256568543 and parameters: {'model_name': 'VAE', 'batch_size': 496, 'iterations': 44, 'learning_rate': 0.008485942186917159, 'p_miss': 0.1512020037731794}. Best is trial 6 with value: 0.20400626910911898.
running
[I 2024-10-16 11:50:28,799] Trial 3 finished with value: inf and parameters: {'model_name': 'GAIN', 'batch_size': 1, 'hint_rate': 0.42383371553439453, 'alpha': 45, 'iterations': 2156, 'learning_rate': 0.00014132618494225096, 'p_miss': 0.26283010796550643}. Best is trial 6 with value: 0.20400626910911898.
running
[I 2024-10-16 11:55:40,169] Trial 16 finished with value: inf and parameters: {'model_name': 'GAIN', 'batch_size': 14, 'hint_rate': 0.9194421947435825, 'alpha': 15, 'iterations': 4576, 'learning_rate': 0.07473185177093296, 'p_miss': 0.07655648601830821}. Best is trial 6 with value: 0.20400626910911898.
running
[I 2024-10-16 11:55:52,933] Trial 46 finished with value: 0.20400626910911898 and parameters: {'model_name': 'IterativeImputer', 'estimator': 'Ridge', 'initial_strategy': 'median', 'n_nearest_features': 8, 'imputation_order': 'ascending'}. Best is trial 6 with value: 0.20400626910911898.
running
[I 2024-10-16 11:56:21,110] Trial 47 finished with value: 0.20408903948660967 and parameters: {'model_name': 'IterativeImputer', 'estimator': 'Ridge', 'initial_strategy': 'median', 'n_nearest_features': 6, 'imputation_order': 'ascending'}. Best is trial 6 with value: 0.20400626910911898.
running
[I 2024-10-16 12:00:39,608] Trial 35 finished with value: inf and parameters: {'model_name': 'GAIN', 'batch_size': 2, 'hint_rate': 0.9337195859437163, 'alpha': 97, 'iterations': 7332, 'learning_rate': 0.0679215169464315, 'p_miss': 0.021128991133251923}. Best is trial 6 with value: 0.20400626910911898.
running
[I 2024-10-16 12:07:30,748] Trial 22 finished with value: 0.2043486396430084 and parameters: {'model_name': 'IterativeImputer', 'estimator': 'RFR', 'initial_strategy': 'constant', 'n_nearest_features': 1, 'imputation_order': 'random'}. Best is trial 6 with value: 0.20400626910911898.
running
[I 2024-10-16 12:07:42,522] Trial 50 finished with value: 0.2040062707729508 and parameters: {'model_name': 'IterativeImputer', 'estimator': 'Ridge', 'initial_strategy': 'median', 'n_nearest_features': 8, 'imputation_order': 'arabic'}. Best is trial 6 with value: 0.20400626910911898.
running
[I 2024-10-16 12:08:06,374] Trial 51 finished with value: 0.20408903948660967 and parameters: {'model_name': 'IterativeImputer', 'estimator': 'Ridge', 'initial_strategy': 'median', 'n_nearest_features': 6, 'imputation_order': 'ascending'}. Best is trial 6 with value: 0.20400626910911898.
running
[I 2024-10-16 12:08:29,131] Trial 52 finished with value: 0.20408903948660967 and parameters: {'model_name': 'IterativeImputer', 'estimator': 'Ridge', 'initial_strategy': 'median', 'n_nearest_features': 6, 'imputation_order': 'ascending'}. Best is trial 6 with value: 0.20400626910911898.
running
[I 2024-10-16 12:08:51,154] Trial 9 finished with value: 0.20278444786946997 and parameters: {'model_name': 'IterativeImputer', 'estimator': 'RFR', 'initial_strategy': 'most_frequent', 'n_nearest_features': 1, 'imputation_order': 'roman'}. Best is trial 9 with value: 0.20278444786946997.
running
[I 2024-10-16 12:09:19,930] Trial 38 finished with value: 0.20473823506847322 and parameters: {'model_name': 'IterativeImputer', 'estimator': 'RFR', 'initial_strategy': 'most_frequent', 'n_nearest_features': 1, 'imputation_order': 'descending'}. Best is trial 9 with value: 0.20278444786946997.
running
[I 2024-10-16 12:14:16,079] Trial 53 finished with value: 0.2400926263386805 and parameters: {'model_name': 'VAE', 'batch_size': 3, 'iterations': 308, 'learning_rate': 0.00259582367862593, 'p_miss': 0.2203420784865186}. Best is trial 9 with value: 0.20278444786946997.
running
[I 2024-10-16 12:14:45,117] Trial 54 finished with value: 0.2342173003937825 and parameters: {'model_name': 'VAE', 'batch_size': 3, 'iterations': 440, 'learning_rate': 0.0006120363055506455, 'p_miss': 0.22521479189049287}. Best is trial 9 with value: 0.20278444786946997.
running
[I 2024-10-16 12:23:04,826] Trial 32 finished with value: 0.20806455665700901 and parameters: {'model_name': 'IterativeImputer', 'estimator': 'RFR', 'initial_strategy': 'constant', 'n_nearest_features': 2, 'imputation_order': 'arabic'}. Best is trial 9 with value: 0.20278444786946997.
running
[I 2024-10-16 12:23:13,466] Trial 58 finished with value: 0.20400627247485295 and parameters: {'model_name': 'IterativeImputer', 'estimator': 'Ridge', 'initial_strategy': 'median', 'n_nearest_features': 7, 'imputation_order': 'roman'}. Best is trial 9 with value: 0.20278444786946997.
running
[I 2024-10-16 12:27:19,116] Trial 21 finished with value: 0.22891388865057455 and parameters: {'model_name': 'VAE', 'batch_size': 9, 'iterations': 5580, 'learning_rate': 0.002962219321887947, 'p_miss': 0.15452724825328495}. Best is trial 9 with value: 0.20278444786946997.
running
[I 2024-10-16 12:27:41,316] Trial 14 finished with value: 0.21373767233741484 and parameters: {'model_name': 'VAE', 'batch_size': 471, 'iterations': 4593, 'learning_rate': 0.017408562381554284, 'p_miss': 0.04188674425579066}. Best is trial 9 with value: 0.20278444786946997.
running
[I 2024-10-16 12:45:48,621] Trial 31 finished with value: 0.1941517915076947 and parameters: {'model_name': 'IterativeImputer', 'estimator': 'RFR', 'initial_strategy': 'median', 'n_nearest_features': 4, 'imputation_order': 'roman'}. Best is trial 31 with value: 0.1941517915076947.
running
[I 2024-10-16 12:55:08,457] Trial 40 finished with value: 0.19163202262421802 and parameters: {'model_name': 'IterativeImputer', 'estimator': 'RFR', 'initial_strategy': 'constant', 'n_nearest_features': 5, 'imputation_order': 'descending'}. Best is trial 40 with value: 0.19163202262421802.
running
[I 2024-10-16 12:55:33,647] Trial 63 finished with value: 0.2202783417840668 and parameters: {'model_name': 'KNNImputer', 'n_neighbors': 32076, 'weights': 'distance'}. Best is trial 40 with value: 0.19163202262421802.
running
[I 2024-10-16 12:55:43,088] Trial 41 finished with value: 0.19218998091778894 and parameters: {'model_name': 'IterativeImputer', 'estimator': 'RFR', 'initial_strategy': 'constant', 'n_nearest_features': 5, 'imputation_order': 'descending'}. Best is trial 40 with value: 0.19163202262421802.
running
[I 2024-10-16 12:55:51,769] Trial 39 finished with value: 0.19148135026276986 and parameters: {'model_name': 'IterativeImputer', 'estimator': 'RFR', 'initial_strategy': 'constant', 'n_nearest_features': 5, 'imputation_order': 'descending'}. Best is trial 39 with value: 0.19148135026276986.
running
[I 2024-10-16 13:12:15,678] Trial 44 finished with value: 0.1855281009637819 and parameters: {'model_name': 'IterativeImputer', 'estimator': 'RFR', 'initial_strategy': 'constant', 'n_nearest_features': 8, 'imputation_order': 'arabic'}. Best is trial 44 with value: 0.1855281009637819.
running
[I 2024-10-16 13:13:32,196] Trial 42 finished with value: 0.18585832380728393 and parameters: {'model_name': 'IterativeImputer', 'estimator': 'RFR', 'initial_strategy': 'constant', 'n_nearest_features': 8, 'imputation_order': 'arabic'}. Best is trial 44 with value: 0.1855281009637819.
running
[I 2024-10-16 13:13:40,870] Trial 43 finished with value: 0.184965168315608 and parameters: {'model_name': 'IterativeImputer', 'estimator': 'RFR', 'initial_strategy': 'constant', 'n_nearest_features': 8, 'imputation_order': 'arabic'}. Best is trial 43 with value: 0.184965168315608.
running
[I 2024-10-16 13:14:09,175] Trial 55 finished with value: 0.19023892324932976 and parameters: {'model_name': 'IterativeImputer', 'estimator': 'RFR', 'initial_strategy': 'constant', 'n_nearest_features': 5, 'imputation_order': 'roman'}. Best is trial 43 with value: 0.184965168315608.
running
[I 2024-10-16 13:16:06,177] Trial 45 finished with value: 0.18512581287238492 and parameters: {'model_name': 'IterativeImputer', 'estimator': 'RFR', 'initial_strategy': 'constant', 'n_nearest_features': 8, 'imputation_order': 'arabic'}. Best is trial 43 with value: 0.184965168315608.
running
[I 2024-10-16 13:16:07,167] Trial 71 finished with value: 0.3786280851259495 and parameters: {'model_name': 'GAIN', 'batch_size': 123, 'hint_rate': 0.028096726635462588, 'alpha': 68, 'iterations': 8, 'learning_rate': 0.0004506780414402676, 'p_miss': 0.09451043552193791}. Best is trial 43 with value: 0.184965168315608.
running
[I 2024-10-16 13:16:07,425] Trial 72 finished with value: 0.2075810496576623 and parameters: {'model_name': 'SimpleImputer', 'strategy': 'mean'}. Best is trial 43 with value: 0.184965168315608.
running
[I 2024-10-16 13:20:00,570] Trial 48 finished with value: 0.18568255871043213 and parameters: {'model_name': 'IterativeImputer', 'estimator': 'RFR', 'initial_strategy': 'constant', 'n_nearest_features': 8, 'imputation_order': 'arabic'}. Best is trial 43 with value: 0.184965168315608.
running
[I 2024-10-16 13:20:25,624] Trial 74 finished with value: 0.2202783417840668 and parameters: {'model_name': 'KNNImputer', 'n_neighbors': 36194, 'weights': 'distance'}. Best is trial 43 with value: 0.184965168315608.
running
[I 2024-10-16 13:23:52,734] Trial 49 finished with value: 0.1848421849658447 and parameters: {'model_name': 'IterativeImputer', 'estimator': 'RFR', 'initial_strategy': 'constant', 'n_nearest_features': 8, 'imputation_order': 'arabic'}. Best is trial 49 with value: 0.1848421849658447.
running
[I 2024-10-16 13:36:11,930] Trial 56 finished with value: 0.1846472447552261 and parameters: {'model_name': 'IterativeImputer', 'estimator': 'RFR', 'initial_strategy': 'median', 'n_nearest_features': 7, 'imputation_order': 'roman'}. Best is trial 56 with value: 0.1846472447552261.
running
[I 2024-10-16 13:36:47,125] Trial 57 finished with value: 0.18458967713559377 and parameters: {'model_name': 'IterativeImputer', 'estimator': 'RFR', 'initial_strategy': 'median', 'n_nearest_features': 7, 'imputation_order': 'roman'}. Best is trial 57 with value: 0.18458967713559377.
running
[I 2024-10-16 13:43:39,695] Trial 59 finished with value: 0.1848465797299273 and parameters: {'model_name': 'IterativeImputer', 'estimator': 'RFR', 'initial_strategy': 'median', 'n_nearest_features': 8, 'imputation_order': 'roman'}. Best is trial 57 with value: 0.18458967713559377.
running
[I 2024-10-16 13:46:25,685] Trial 64 finished with value: 0.19685796542513775 and parameters: {'model_name': 'IterativeImputer', 'estimator': 'RFR', 'initial_strategy': 'constant', 'n_nearest_features': 4, 'imputation_order': 'roman'}. Best is trial 57 with value: 0.18458967713559377.
running
[I 2024-10-16 13:46:57,711] Trial 65 finished with value: 0.19740970984006198 and parameters: {'model_name': 'IterativeImputer', 'estimator': 'RFR', 'initial_strategy': 'constant', 'n_nearest_features': 4, 'imputation_order': 'roman'}. Best is trial 57 with value: 0.18458967713559377.
running
[I 2024-10-16 13:46:57,929] Trial 81 finished with value: 0.2075810496576623 and parameters: {'model_name': 'SimpleImputer', 'strategy': 'mean'}. Best is trial 57 with value: 0.18458967713559377.
running
[I 2024-10-16 13:48:16,214] Trial 62 finished with value: 0.18789458998329966 and parameters: {'model_name': 'IterativeImputer', 'estimator': 'RFR', 'initial_strategy': 'median', 'n_nearest_features': 5, 'imputation_order': 'roman'}. Best is trial 57 with value: 0.18458967713559377.
running
[I 2024-10-16 13:48:21,894] Trial 60 finished with value: 0.1847989357991396 and parameters: {'model_name': 'IterativeImputer', 'estimator': 'RFR', 'initial_strategy': 'median', 'n_nearest_features': 8, 'imputation_order': 'roman'}. Best is trial 57 with value: 0.18458967713559377.
running
[I 2024-10-16 13:48:22,438] Trial 84 finished with value: 0.3710550907517932 and parameters: {'model_name': 'GAIN', 'batch_size': 84, 'hint_rate': 0.6481278826083319, 'alpha': 59, 'iterations': 1, 'learning_rate': 0.0070639131836337955, 'p_miss': 0.18447964539319717}. Best is trial 57 with value: 0.18458967713559377.
running
[I 2024-10-16 13:48:26,541] Trial 61 finished with value: 0.18473623451227608 and parameters: {'model_name': 'IterativeImputer', 'estimator': 'RFR', 'initial_strategy': 'median', 'n_nearest_features': 8, 'imputation_order': 'roman'}. Best is trial 57 with value: 0.18458967713559377.
running
[I 2024-10-16 13:57:24,043] Trial 66 finished with value: 0.19126806687237222 and parameters: {'model_name': 'IterativeImputer', 'estimator': 'RFR', 'initial_strategy': 'constant', 'n_nearest_features': 5, 'imputation_order': 'descending'}. Best is trial 57 with value: 0.18458967713559377.
running
[I 2024-10-16 14:03:20,732] Trial 67 finished with value: 0.19502001094777072 and parameters: {'model_name': 'IterativeImputer', 'estimator': 'RFR', 'initial_strategy': 'constant', 'n_nearest_features': 4, 'imputation_order': 'descending'}. Best is trial 57 with value: 0.18458967713559377.
running
[I 2024-10-16 14:05:00,976] Trial 68 finished with value: 0.19456413661500616 and parameters: {'model_name': 'IterativeImputer', 'estimator': 'RFR', 'initial_strategy': 'constant', 'n_nearest_features': 4, 'imputation_order': 'descending'}. Best is trial 57 with value: 0.18458967713559377.
running
[I 2024-10-16 14:15:34,841] Trial 69 finished with value: 0.1915261262717886 and parameters: {'model_name': 'IterativeImputer', 'estimator': 'RFR', 'initial_strategy': 'constant', 'n_nearest_features': 5, 'imputation_order': 'descending'}. Best is trial 57 with value: 0.18458967713559377.
running
[I 2024-10-16 14:15:54,026] Trial 90 finished with value: 0.20395633553762843 and parameters: {'model_name': 'IterativeImputer', 'estimator': 'Bayesian', 'initial_strategy': 'mean', 'n_nearest_features': 8, 'imputation_order': 'roman', 'sample_posterior': False}. Best is trial 57 with value: 0.18458967713559377.
running
[I 2024-10-16 14:16:23,002] Trial 91 finished with value: 0.22032073749804382 and parameters: {'model_name': 'KNNImputer', 'n_neighbors': 25268, 'weights': 'distance'}. Best is trial 57 with value: 0.18458967713559377.
running
[I 2024-10-16 14:33:54,151] Trial 70 finished with value: 0.18496975804455848 and parameters: {'model_name': 'IterativeImputer', 'estimator': 'RFR', 'initial_strategy': 'constant', 'n_nearest_features': 8, 'imputation_order': 'arabic'}. Best is trial 57 with value: 0.18458967713559377.
running
[I 2024-10-16 14:35:54,118] Trial 73 finished with value: 0.1850330709508671 and parameters: {'model_name': 'IterativeImputer', 'estimator': 'RFR', 'initial_strategy': 'constant', 'n_nearest_features': 8, 'imputation_order': 'arabic'}. Best is trial 57 with value: 0.18458967713559377.
running
[I 2024-10-16 14:39:49,884] Trial 75 finished with value: 0.1855339733841636 and parameters: {'model_name': 'IterativeImputer', 'estimator': 'RFR', 'initial_strategy': 'constant', 'n_nearest_features': 8, 'imputation_order': 'arabic'}. Best is trial 57 with value: 0.18458967713559377.
running
[I 2024-10-16 14:43:05,544] Trial 76 finished with value: 0.18515061518951176 and parameters: {'model_name': 'IterativeImputer', 'estimator': 'RFR', 'initial_strategy': 'constant', 'n_nearest_features': 8, 'imputation_order': 'arabic'}. Best is trial 57 with value: 0.18458967713559377.
running
[I 2024-10-16 14:55:56,017] Trial 77 finished with value: 0.18532315343789557 and parameters: {'model_name': 'IterativeImputer', 'estimator': 'RFR', 'initial_strategy': 'constant', 'n_nearest_features': 8, 'imputation_order': 'arabic'}. Best is trial 57 with value: 0.18458967713559377.
running
[I 2024-10-16 14:56:51,160] Trial 78 finished with value: 0.18558698946736032 and parameters: {'model_name': 'IterativeImputer', 'estimator': 'RFR', 'initial_strategy': 'constant', 'n_nearest_features': 8, 'imputation_order': 'arabic'}. Best is trial 57 with value: 0.18458967713559377.
running
[I 2024-10-16 15:03:23,986] Trial 79 finished with value: 0.18532035031051924 and parameters: {'model_name': 'IterativeImputer', 'estimator': 'RFR', 'initial_strategy': 'constant', 'n_nearest_features': 8, 'imputation_order': 'arabic'}. Best is trial 57 with value: 0.18458967713559377.
running
[I 2024-10-16 15:06:05,161] Trial 80 finished with value: 0.18463915345203064 and parameters: {'model_name': 'IterativeImputer', 'estimator': 'RFR', 'initial_strategy': 'constant', 'n_nearest_features': 8, 'imputation_order': 'arabic'}. Best is trial 57 with value: 0.18458967713559377.
running
[I 2024-10-16 15:06:29,732] Trial 82 finished with value: 0.18499658853173115 and parameters: {'model_name': 'IterativeImputer', 'estimator': 'RFR', 'initial_strategy': 'constant', 'n_nearest_features': 8, 'imputation_order': 'arabic'}. Best is trial 57 with value: 0.18458967713559377.
running
[I 2024-10-16 15:06:30,457] Trial 101 finished with value: 0.21987725882556491 and parameters: {'model_name': 'SimpleImputer', 'strategy': 'median'}. Best is trial 57 with value: 0.18458967713559377.
running
[I 2024-10-16 15:06:53,974] Trial 100 finished with value: 0.2999661755530627 and parameters: {'model_name': 'IterativeImputer', 'estimator': 'Bayesian', 'initial_strategy': 'median', 'n_nearest_features': 7, 'imputation_order': 'roman', 'sample_posterior': True}. Best is trial 57 with value: 0.18458967713559377.
running
[I 2024-10-16 15:07:14,244] Trial 102 finished with value: 0.2999661755530627 and parameters: {'model_name': 'IterativeImputer', 'estimator': 'Bayesian', 'initial_strategy': 'median', 'n_nearest_features': 7, 'imputation_order': 'roman', 'sample_posterior': True}. Best is trial 57 with value: 0.18458967713559377.
running
[I 2024-10-16 15:07:14,920] Trial 104 finished with value: 0.2725496913157911 and parameters: {'model_name': 'VAE', 'batch_size': 1, 'iterations': 4, 'learning_rate': 0.00010005238290714522, 'p_miss': 0.08953465900362907}. Best is trial 57 with value: 0.18458967713559377.
running
[I 2024-10-16 15:07:44,871] Trial 105 finished with value: 0.3638820158293585 and parameters: {'model_name': 'GAIN', 'batch_size': 7, 'hint_rate': 0.5964961028381472, 'alpha': 38, 'iterations': 1307, 'learning_rate': 0.0003158396726306414, 'p_miss': 0.24935415938724453}. Best is trial 57 with value: 0.18458967713559377.
running
[I 2024-10-16 15:08:25,197] Trial 83 finished with value: 0.185504790397247 and parameters: {'model_name': 'IterativeImputer', 'estimator': 'RFR', 'initial_strategy': 'mean', 'n_nearest_features': 8, 'imputation_order': 'arabic'}. Best is trial 57 with value: 0.18458967713559377.
running
[I 2024-10-16 15:08:54,166] Trial 86 finished with value: 0.18431657950868494 and parameters: {'model_name': 'IterativeImputer', 'estimator': 'RFR', 'initial_strategy': 'mean', 'n_nearest_features': 8, 'imputation_order': 'roman'}. Best is trial 86 with value: 0.18431657950868494.
running
[I 2024-10-16 15:09:01,412] Trial 85 finished with value: 0.18541244374806537 and parameters: {'model_name': 'IterativeImputer', 'estimator': 'RFR', 'initial_strategy': 'mean', 'n_nearest_features': 8, 'imputation_order': 'arabic'}. Best is trial 86 with value: 0.18431657950868494.
running
[I 2024-10-16 15:09:22,837] Trial 109 finished with value: 0.2067863725576168 and parameters: {'model_name': 'IterativeImputer', 'estimator': 'KNN', 'initial_strategy': 'median', 'n_nearest_features': 7, 'imputation_order': 'roman'}. Best is trial 86 with value: 0.18431657950868494.
running
[I 2024-10-16 15:17:38,314] Trial 87 finished with value: 0.1854705092978175 and parameters: {'model_name': 'IterativeImputer', 'estimator': 'RFR', 'initial_strategy': 'mean', 'n_nearest_features': 8, 'imputation_order': 'roman'}. Best is trial 86 with value: 0.18431657950868494.
running
[I 2024-10-16 15:23:23,076] Trial 88 finished with value: 0.1852616660425054 and parameters: {'model_name': 'IterativeImputer', 'estimator': 'RFR', 'initial_strategy': 'mean', 'n_nearest_features': 8, 'imputation_order': 'roman'}. Best is trial 86 with value: 0.18431657950868494.
running
[I 2024-10-16 15:25:28,166] Trial 89 finished with value: 0.1851800604885891 and parameters: {'model_name': 'IterativeImputer', 'estimator': 'RFR', 'initial_strategy': 'mean', 'n_nearest_features': 8, 'imputation_order': 'roman'}. Best is trial 86 with value: 0.18431657950868494.
running
[I 2024-10-16 15:36:48,681] Trial 92 finished with value: 0.18487093892447057 and parameters: {'model_name': 'IterativeImputer', 'estimator': 'RFR', 'initial_strategy': 'median', 'n_nearest_features': 8, 'imputation_order': 'arabic'}. Best is trial 86 with value: 0.18431657950868494.
running
[I 2024-10-16 15:54:50,147] Trial 93 finished with value: 0.18483538164561103 and parameters: {'model_name': 'IterativeImputer', 'estimator': 'RFR', 'initial_strategy': 'median', 'n_nearest_features': 7, 'imputation_order': 'roman'}. Best is trial 86 with value: 0.18431657950868494.
running
[I 2024-10-16 15:56:21,435] Trial 94 finished with value: 0.18527878303523287 and parameters: {'model_name': 'IterativeImputer', 'estimator': 'RFR', 'initial_strategy': 'median', 'n_nearest_features': 7, 'imputation_order': 'roman'}. Best is trial 86 with value: 0.18431657950868494.
running
[I 2024-10-16 16:00:33,135] Trial 95 finished with value: 0.1852374247479444 and parameters: {'model_name': 'IterativeImputer', 'estimator': 'RFR', 'initial_strategy': 'median', 'n_nearest_features': 7, 'imputation_order': 'roman'}. Best is trial 86 with value: 0.18431657950868494.
running
[I 2024-10-16 16:03:23,573] Trial 96 finished with value: 0.1854931862988839 and parameters: {'model_name': 'IterativeImputer', 'estimator': 'RFR', 'initial_strategy': 'median', 'n_nearest_features': 7, 'imputation_order': 'roman'}. Best is trial 86 with value: 0.18431657950868494.
running
[I 2024-10-16 16:16:46,086] Trial 97 finished with value: 0.18509827079995023 and parameters: {'model_name': 'IterativeImputer', 'estimator': 'RFR', 'initial_strategy': 'median', 'n_nearest_features': 7, 'imputation_order': 'roman'}. Best is trial 86 with value: 0.18431657950868494.
running
[I 2024-10-16 16:17:52,332] Trial 98 finished with value: 0.18543136887348122 and parameters: {'model_name': 'IterativeImputer', 'estimator': 'RFR', 'initial_strategy': 'median', 'n_nearest_features': 7, 'imputation_order': 'roman'}. Best is trial 86 with value: 0.18431657950868494.
running
[I 2024-10-16 16:18:09,510] Trial 120 finished with value: 0.20449813749462473 and parameters: {'model_name': 'IterativeImputer', 'estimator': 'KNN', 'initial_strategy': 'median', 'n_nearest_features': 6, 'imputation_order': 'random'}. Best is trial 86 with value: 0.18431657950868494.
running
[I 2024-10-16 16:18:27,032] Trial 121 finished with value: 0.21616497001022816 and parameters: {'model_name': 'KNNImputer', 'n_neighbors': 1657, 'weights': 'distance'}. Best is trial 86 with value: 0.18431657950868494.
running
[I 2024-10-16 16:24:30,928] Trial 99 finished with value: 0.18569695987878201 and parameters: {'model_name': 'IterativeImputer', 'estimator': 'RFR', 'initial_strategy': 'median', 'n_nearest_features': 7, 'imputation_order': 'roman'}. Best is trial 86 with value: 0.18431657950868494.
running
[I 2024-10-16 16:24:40,703] Trial 123 finished with value: 0.22873084986834868 and parameters: {'model_name': 'VAE', 'batch_size': 184, 'iterations': 106, 'learning_rate': 0.0013765985157779585, 'p_miss': 0.10984412629554102}. Best is trial 86 with value: 0.18431657950868494.
running
[I 2024-10-16 16:27:04,971] Trial 103 finished with value: 0.18506958729017553 and parameters: {'model_name': 'IterativeImputer', 'estimator': 'RFR', 'initial_strategy': 'median', 'n_nearest_features': 7, 'imputation_order': 'roman'}. Best is trial 86 with value: 0.18431657950868494.
running
[I 2024-10-16 16:27:56,935] Trial 106 finished with value: 0.18611604182307045 and parameters: {'model_name': 'IterativeImputer', 'estimator': 'RFR', 'initial_strategy': 'median', 'n_nearest_features': 7, 'imputation_order': 'roman'}. Best is trial 86 with value: 0.18431657950868494.
running
[I 2024-10-16 16:28:49,839] Trial 107 finished with value: 0.18553919922766376 and parameters: {'model_name': 'IterativeImputer', 'estimator': 'RFR', 'initial_strategy': 'median', 'n_nearest_features': 7, 'imputation_order': 'roman'}. Best is trial 86 with value: 0.18431657950868494.
running
[I 2024-10-16 16:29:18,492] Trial 108 finished with value: 0.1853542343482661 and parameters: {'model_name': 'IterativeImputer', 'estimator': 'RFR', 'initial_strategy': 'mean', 'n_nearest_features': 7, 'imputation_order': 'roman'}. Best is trial 86 with value: 0.18431657950868494.
running
[I 2024-10-16 16:30:14,431] Trial 110 finished with value: 0.18512340174984024 and parameters: {'model_name': 'IterativeImputer', 'estimator': 'RFR', 'initial_strategy': 'mean', 'n_nearest_features': 7, 'imputation_order': 'roman'}. Best is trial 86 with value: 0.18431657950868494.
running
[I 2024-10-16 16:37:55,570] Trial 111 finished with value: 0.18505574417140375 and parameters: {'model_name': 'IterativeImputer', 'estimator': 'RFR', 'initial_strategy': 'median', 'n_nearest_features': 7, 'imputation_order': 'roman'}. Best is trial 86 with value: 0.18431657950868494.
running
[I 2024-10-16 16:43:38,067] Trial 112 finished with value: 0.18498619432464097 and parameters: {'model_name': 'IterativeImputer', 'estimator': 'RFR', 'initial_strategy': 'median', 'n_nearest_features': 7, 'imputation_order': 'roman'}. Best is trial 86 with value: 0.18431657950868494.
running
[I 2024-10-16 16:46:04,876] Trial 113 finished with value: 0.18522021253675228 and parameters: {'model_name': 'IterativeImputer', 'estimator': 'RFR', 'initial_strategy': 'median', 'n_nearest_features': 7, 'imputation_order': 'random'}. Best is trial 86 with value: 0.18431657950868494.
running
[I 2024-10-16 16:46:05,178] Trial 132 finished with value: 0.2075810496576623 and parameters: {'model_name': 'SimpleImputer', 'strategy': 'mean'}. Best is trial 86 with value: 0.18431657950868494.
running
[I 2024-10-16 16:57:03,199] Trial 114 finished with value: 0.185965766628731 and parameters: {'model_name': 'IterativeImputer', 'estimator': 'RFR', 'initial_strategy': 'median', 'n_nearest_features': 7, 'imputation_order': 'random'}. Best is trial 86 with value: 0.18431657950868494.
running
[I 2024-10-16 17:15:06,653] Trial 115 finished with value: 0.1853497760171415 and parameters: {'model_name': 'IterativeImputer', 'estimator': 'RFR', 'initial_strategy': 'median', 'n_nearest_features': 7, 'imputation_order': 'roman'}. Best is trial 86 with value: 0.18431657950868494.
running
[I 2024-10-16 17:15:07,784] Trial 135 finished with value: 0.37392071397742044 and parameters: {'model_name': 'GAIN', 'batch_size': 47, 'hint_rate': 0.24550554460301804, 'alpha': 76, 'iterations': 23, 'learning_rate': 0.02936766621654751, 'p_miss': 0.17601248313061715}. Best is trial 86 with value: 0.18431657950868494.
running
[I 2024-10-16 17:16:43,142] Trial 116 finished with value: 0.18467428259799398 and parameters: {'model_name': 'IterativeImputer', 'estimator': 'RFR', 'initial_strategy': 'median', 'n_nearest_features': 7, 'imputation_order': 'random'}. Best is trial 86 with value: 0.18431657950868494.
running
[I 2024-10-16 17:20:43,639] Trial 117 finished with value: 0.18482493713329837 and parameters: {'model_name': 'IterativeImputer', 'estimator': 'RFR', 'initial_strategy': 'median', 'n_nearest_features': 7, 'imputation_order': 'random'}. Best is trial 86 with value: 0.18431657950868494.
running
[I 2024-10-16 17:23:50,262] Trial 118 finished with value: 0.18529642628044557 and parameters: {'model_name': 'IterativeImputer', 'estimator': 'RFR', 'initial_strategy': 'median', 'n_nearest_features': 7, 'imputation_order': 'random'}. Best is trial 86 with value: 0.18431657950868494.
running
[I 2024-10-16 17:29:11,663] Trial 119 finished with value: 0.18680141873235745 and parameters: {'model_name': 'IterativeImputer', 'estimator': 'RFR', 'initial_strategy': 'median', 'n_nearest_features': 6, 'imputation_order': 'random'}. Best is trial 86 with value: 0.18431657950868494.
running
[I 2024-10-16 17:39:07,351] Trial 122 finished with value: 0.18526109053540737 and parameters: {'model_name': 'IterativeImputer', 'estimator': 'RFR', 'initial_strategy': 'median', 'n_nearest_features': 8, 'imputation_order': 'roman'}. Best is trial 86 with value: 0.18431657950868494.
running
[I 2024-10-16 17:44:33,146] Trial 124 finished with value: 0.18505553085388962 and parameters: {'model_name': 'IterativeImputer', 'estimator': 'RFR', 'initial_strategy': 'most_frequent', 'n_nearest_features': 8, 'imputation_order': 'roman'}. Best is trial 86 with value: 0.18431657950868494.
running
[I 2024-10-16 17:47:09,493] Trial 125 finished with value: 0.18509824057453755 and parameters: {'model_name': 'IterativeImputer', 'estimator': 'RFR', 'initial_strategy': 'most_frequent', 'n_nearest_features': 8, 'imputation_order': 'roman'}. Best is trial 86 with value: 0.18431657950868494.
running
[I 2024-10-16 17:47:34,279] Trial 126 finished with value: 0.18533876900716914 and parameters: {'model_name': 'IterativeImputer', 'estimator': 'RFR', 'initial_strategy': 'median', 'n_nearest_features': 8, 'imputation_order': 'arabic'}. Best is trial 86 with value: 0.18431657950868494.
running
[I 2024-10-16 17:48:28,540] Trial 127 finished with value: 0.18544875781329434 and parameters: {'model_name': 'IterativeImputer', 'estimator': 'RFR', 'initial_strategy': 'most_frequent', 'n_nearest_features': 8, 'imputation_order': 'arabic'}. Best is trial 86 with value: 0.18431657950868494.
running
[I 2024-10-16 17:48:56,392] Trial 128 finished with value: 0.18481963229345352 and parameters: {'model_name': 'IterativeImputer', 'estimator': 'RFR', 'initial_strategy': 'most_frequent', 'n_nearest_features': 8, 'imputation_order': 'arabic'}. Best is trial 86 with value: 0.18431657950868494.
running
[I 2024-10-16 17:49:00,034] Trial 145 finished with value: 0.21953746924731257 and parameters: {'model_name': 'KNNImputer', 'n_neighbors': 9419, 'weights': 'distance'}. Best is trial 86 with value: 0.18431657950868494.
running
[I 2024-10-16 17:50:26,179] Trial 129 finished with value: 0.18508298166034826 and parameters: {'model_name': 'IterativeImputer', 'estimator': 'RFR', 'initial_strategy': 'most_frequent', 'n_nearest_features': 8, 'imputation_order': 'arabic'}. Best is trial 86 with value: 0.18431657950868494.
running
[I 2024-10-16 17:57:30,098] Trial 130 finished with value: 0.18494517545547845 and parameters: {'model_name': 'IterativeImputer', 'estimator': 'RFR', 'initial_strategy': 'most_frequent', 'n_nearest_features': 8, 'imputation_order': 'arabic'}. Best is trial 86 with value: 0.18431657950868494.
running
[I 2024-10-16 18:03:20,385] Trial 131 finished with value: 0.18536934988620704 and parameters: {'model_name': 'IterativeImputer', 'estimator': 'RFR', 'initial_strategy': 'most_frequent', 'n_nearest_features': 8, 'imputation_order': 'arabic'}. Best is trial 86 with value: 0.18431657950868494.
running
[I 2024-10-16 18:06:04,164] Trial 133 finished with value: 0.1849961480044286 and parameters: {'model_name': 'IterativeImputer', 'estimator': 'RFR', 'initial_strategy': 'most_frequent', 'n_nearest_features': 8, 'imputation_order': 'arabic'}. Best is trial 86 with value: 0.18431657950868494.
running
[I 2024-10-16 18:06:25,931] Trial 151 finished with value: 0.2068460838187657 and parameters: {'model_name': 'IterativeImputer', 'estimator': 'KNN', 'initial_strategy': 'most_frequent', 'n_nearest_features': 8, 'imputation_order': 'random'}. Best is trial 86 with value: 0.18431657950868494.
running
[I 2024-10-16 18:16:41,985] Trial 134 finished with value: 0.18458410498667685 and parameters: {'model_name': 'IterativeImputer', 'estimator': 'RFR', 'initial_strategy': 'median', 'n_nearest_features': 8, 'imputation_order': 'arabic'}. Best is trial 86 with value: 0.18431657950868494.
running
[I 2024-10-16 18:31:56,655] Trial 138 finished with value: 0.18787002711060663 and parameters: {'model_name': 'IterativeImputer', 'estimator': 'RFR', 'initial_strategy': 'most_frequent', 'n_nearest_features': 6, 'imputation_order': 'random'}. Best is trial 86 with value: 0.18431657950868494.
running
[I 2024-10-16 18:34:29,474] Trial 136 finished with value: 0.1853298365351928 and parameters: {'model_name': 'IterativeImputer', 'estimator': 'RFR', 'initial_strategy': 'most_frequent', 'n_nearest_features': 8, 'imputation_order': 'arabic'}. Best is trial 86 with value: 0.18431657950868494.
running
[I 2024-10-16 18:34:30,245] Trial 155 finished with value: 0.2679425963127354 and parameters: {'model_name': 'VAE', 'batch_size': 6, 'iterations': 3, 'learning_rate': 0.005365890843593151, 'p_miss': 0.010353897437661602}. Best is trial 86 with value: 0.18431657950868494.
running
[I 2024-10-16 18:36:10,398] Trial 137 finished with value: 0.18520074571443662 and parameters: {'model_name': 'IterativeImputer', 'estimator': 'RFR', 'initial_strategy': 'most_frequent', 'n_nearest_features': 8, 'imputation_order': 'arabic'}. Best is trial 86 with value: 0.18431657950868494.
running
[I 2024-10-16 18:43:19,712] Trial 139 finished with value: 0.18555264013106348 and parameters: {'model_name': 'IterativeImputer', 'estimator': 'RFR', 'initial_strategy': 'most_frequent', 'n_nearest_features': 8, 'imputation_order': 'random'}. Best is trial 86 with value: 0.18431657950868494.
running
[I 2024-10-16 18:48:43,561] Trial 140 finished with value: 0.18488479804139119 and parameters: {'model_name': 'IterativeImputer', 'estimator': 'RFR', 'initial_strategy': 'most_frequent', 'n_nearest_features': 8, 'imputation_order': 'random'}. Best is trial 86 with value: 0.18431657950868494.
running
[I 2024-10-16 18:58:28,292] Trial 141 finished with value: 0.18536875313376316 and parameters: {'model_name': 'IterativeImputer', 'estimator': 'RFR', 'initial_strategy': 'most_frequent', 'n_nearest_features': 8, 'imputation_order': 'random'}. Best is trial 86 with value: 0.18431657950868494.
running
[I 2024-10-16 19:01:43,952] Trial 157 finished with value: 0.2086483749110982 and parameters: {'model_name': 'IterativeImputer', 'estimator': 'RFR', 'initial_strategy': 'median', 'n_nearest_features': 2, 'imputation_order': 'arabic'}. Best is trial 86 with value: 0.18431657950868494.
running
[I 2024-10-16 19:03:58,531] Trial 142 finished with value: 0.18561766361002843 and parameters: {'model_name': 'IterativeImputer', 'estimator': 'RFR', 'initial_strategy': 'most_frequent', 'n_nearest_features': 8, 'imputation_order': 'random'}. Best is trial 86 with value: 0.18431657950868494.
running
[I 2024-10-16 19:04:17,836] Trial 162 finished with value: 0.2039563335911529 and parameters: {'model_name': 'IterativeImputer', 'estimator': 'Bayesian', 'initial_strategy': 'median', 'n_nearest_features': 8, 'imputation_order': 'ascending', 'sample_posterior': False}. Best is trial 86 with value: 0.18431657950868494.
running
[I 2024-10-16 19:04:18,107] Trial 163 finished with value: 0.3872171945002506 and parameters: {'model_name': 'SimpleImputer', 'strategy': 'constant'}. Best is trial 86 with value: 0.18431657950868494.
running
[I 2024-10-16 19:06:39,264] Trial 143 finished with value: 0.18508720478489046 and parameters: {'model_name': 'IterativeImputer', 'estimator': 'RFR', 'initial_strategy': 'median', 'n_nearest_features': 8, 'imputation_order': 'random'}. Best is trial 86 with value: 0.18431657950868494.
running
[I 2024-10-16 19:06:48,416] Trial 144 finished with value: 0.18483998779815378 and parameters: {'model_name': 'IterativeImputer', 'estimator': 'RFR', 'initial_strategy': 'median', 'n_nearest_features': 8, 'imputation_order': 'random'}. Best is trial 86 with value: 0.18431657950868494.
running
[I 2024-10-16 19:08:44,193] Trial 147 finished with value: 0.1848905658122165 and parameters: {'model_name': 'IterativeImputer', 'estimator': 'RFR', 'initial_strategy': 'most_frequent', 'n_nearest_features': 8, 'imputation_order': 'random'}. Best is trial 86 with value: 0.18431657950868494.
running
[I 2024-10-16 19:08:50,785] Trial 146 finished with value: 0.18577787061286594 and parameters: {'model_name': 'IterativeImputer', 'estimator': 'RFR', 'initial_strategy': 'most_frequent', 'n_nearest_features': 8, 'imputation_order': 'random'}. Best is trial 86 with value: 0.18431657950868494.
running
[I 2024-10-16 19:10:23,432] Trial 148 finished with value: 0.18452062368919003 and parameters: {'model_name': 'IterativeImputer', 'estimator': 'RFR', 'initial_strategy': 'median', 'n_nearest_features': 8, 'imputation_order': 'random'}. Best is trial 86 with value: 0.18431657950868494.
running
[I 2024-10-16 19:16:46,880] Trial 149 finished with value: 0.18541481792316583 and parameters: {'model_name': 'IterativeImputer', 'estimator': 'RFR', 'initial_strategy': 'most_frequent', 'n_nearest_features': 8, 'imputation_order': 'random'}. Best is trial 86 with value: 0.18431657950868494.
running
[I 2024-10-16 19:16:52,039] Trial 170 finished with value: 0.20400627247485295 and parameters: {'model_name': 'IterativeImputer', 'estimator': 'Ridge', 'initial_strategy': 'median', 'n_nearest_features': 8, 'imputation_order': 'roman'}. Best is trial 86 with value: 0.18431657950868494.
running
[I 2024-10-16 19:18:24,382] Trial 152 finished with value: 0.18686637732537012 and parameters: {'model_name': 'IterativeImputer', 'estimator': 'RFR', 'initial_strategy': 'median', 'n_nearest_features': 6, 'imputation_order': 'random'}. Best is trial 86 with value: 0.18431657950868494.
running
[I 2024-10-16 19:18:54,948] Trial 172 finished with value: 0.3895760082938455 and parameters: {'model_name': 'GAIN', 'batch_size': 918, 'hint_rate': 0.7345475378950275, 'alpha': 29, 'iterations': 1043, 'learning_rate': 0.0010475211503551125, 'p_miss': 0.06186176574421949}. Best is trial 86 with value: 0.18431657950868494.
running
[I 2024-10-16 19:22:47,422] Trial 150 finished with value: 0.18564776037480077 and parameters: {'model_name': 'IterativeImputer', 'estimator': 'RFR', 'initial_strategy': 'most_frequent', 'n_nearest_features': 8, 'imputation_order': 'random'}. Best is trial 86 with value: 0.18431657950868494.
running
[I 2024-10-16 19:24:15,427] Trial 160 finished with value: 0.2044485479589649 and parameters: {'model_name': 'IterativeImputer', 'estimator': 'RFR', 'initial_strategy': 'median', 'n_nearest_features': 2, 'imputation_order': 'random'}. Best is trial 86 with value: 0.18431657950868494.
running
[I 2024-10-16 19:29:04,858] Trial 153 finished with value: 0.1866756814229112 and parameters: {'model_name': 'IterativeImputer', 'estimator': 'RFR', 'initial_strategy': 'median', 'n_nearest_features': 6, 'imputation_order': 'random'}. Best is trial 86 with value: 0.18431657950868494.
running
[I 2024-10-16 19:52:13,617] Trial 154 finished with value: 0.18448900640466287 and parameters: {'model_name': 'IterativeImputer', 'estimator': 'RFR', 'initial_strategy': 'median', 'n_nearest_features': 8, 'imputation_order': 'random'}. Best is trial 86 with value: 0.18431657950868494.
running
[I 2024-10-16 19:54:21,046] Trial 156 finished with value: 0.18480063743574773 and parameters: {'model_name': 'IterativeImputer', 'estimator': 'RFR', 'initial_strategy': 'median', 'n_nearest_features': 8, 'imputation_order': 'arabic'}. Best is trial 86 with value: 0.18431657950868494.
running
[I 2024-10-16 20:02:37,355] Trial 158 finished with value: 0.18506758003153503 and parameters: {'model_name': 'IterativeImputer', 'estimator': 'RFR', 'initial_strategy': 'median', 'n_nearest_features': 8, 'imputation_order': 'arabic'}. Best is trial 86 with value: 0.18431657950868494.
running
[I 2024-10-16 20:08:36,915] Trial 159 finished with value: 0.185838594655182 and parameters: {'model_name': 'IterativeImputer', 'estimator': 'RFR', 'initial_strategy': 'median', 'n_nearest_features': 8, 'imputation_order': 'random'}. Best is trial 86 with value: 0.18431657950868494.
running
[I 2024-10-16 20:21:21,426] Trial 161 finished with value: 0.18526033326788066 and parameters: {'model_name': 'IterativeImputer', 'estimator': 'RFR', 'initial_strategy': 'median', 'n_nearest_features': 8, 'imputation_order': 'random'}. Best is trial 86 with value: 0.18431657950868494.
running
[I 2024-10-16 20:24:13,290] Trial 164 finished with value: 0.18504729378765616 and parameters: {'model_name': 'IterativeImputer', 'estimator': 'RFR', 'initial_strategy': 'median', 'n_nearest_features': 8, 'imputation_order': 'random'}. Best is trial 86 with value: 0.18431657950868494.
running
[I 2024-10-16 20:25:53,369] Trial 165 finished with value: 0.18514690909548695 and parameters: {'model_name': 'IterativeImputer', 'estimator': 'RFR', 'initial_strategy': 'median', 'n_nearest_features': 8, 'imputation_order': 'random'}. Best is trial 86 with value: 0.18431657950868494.
running
[I 2024-10-16 20:26:24,046] Trial 166 finished with value: 0.18512323479402454 and parameters: {'model_name': 'IterativeImputer', 'estimator': 'RFR', 'initial_strategy': 'median', 'n_nearest_features': 8, 'imputation_order': 'random'}. Best is trial 86 with value: 0.18431657950868494.
running
[I 2024-10-16 20:28:20,084] Trial 167 finished with value: 0.1854403791306622 and parameters: {'model_name': 'IterativeImputer', 'estimator': 'RFR', 'initial_strategy': 'median', 'n_nearest_features': 8, 'imputation_order': 'random'}. Best is trial 86 with value: 0.18431657950868494.
running
[I 2024-10-16 20:28:44,172] Trial 185 finished with value: 0.20773926828833353 and parameters: {'model_name': 'KNNImputer', 'n_neighbors': 24635, 'weights': 'uniform'}. Best is trial 86 with value: 0.18431657950868494.
running
[I 2024-10-16 20:28:49,060] Trial 168 finished with value: 0.18600593205894309 and parameters: {'model_name': 'IterativeImputer', 'estimator': 'RFR', 'initial_strategy': 'median', 'n_nearest_features': 8, 'imputation_order': 'random'}. Best is trial 86 with value: 0.18431657950868494.
running
[I 2024-10-16 20:30:13,501] Trial 169 finished with value: 0.18532214133856506 and parameters: {'model_name': 'IterativeImputer', 'estimator': 'RFR', 'initial_strategy': 'median', 'n_nearest_features': 8, 'imputation_order': 'roman'}. Best is trial 86 with value: 0.18431657950868494.
running
[I 2024-10-16 20:35:59,354] Trial 171 finished with value: 0.18527071959105815 and parameters: {'model_name': 'IterativeImputer', 'estimator': 'RFR', 'initial_strategy': 'median', 'n_nearest_features': 8, 'imputation_order': 'arabic'}. Best is trial 86 with value: 0.18431657950868494.
running
[I 2024-10-16 20:38:37,428] Trial 173 finished with value: 0.1856359642499881 and parameters: {'model_name': 'IterativeImputer', 'estimator': 'RFR', 'initial_strategy': 'median', 'n_nearest_features': 8, 'imputation_order': 'arabic'}. Best is trial 86 with value: 0.18431657950868494.
running
[I 2024-10-16 20:38:58,770] Trial 190 finished with value: 0.20643356069864213 and parameters: {'model_name': 'IterativeImputer', 'estimator': 'KNN', 'initial_strategy': 'median', 'n_nearest_features': 7, 'imputation_order': 'arabic'}. Best is trial 86 with value: 0.18431657950868494.
running
[I 2024-10-16 20:41:53,352] Trial 174 finished with value: 0.18531005079931068 and parameters: {'model_name': 'IterativeImputer', 'estimator': 'RFR', 'initial_strategy': 'median', 'n_nearest_features': 8, 'imputation_order': 'arabic'}. Best is trial 86 with value: 0.18431657950868494.
running
[I 2024-10-16 20:42:09,833] Trial 192 finished with value: 0.20395633553762843 and parameters: {'model_name': 'IterativeImputer', 'estimator': 'Bayesian', 'initial_strategy': 'mean', 'n_nearest_features': 7, 'imputation_order': 'roman', 'sample_posterior': False}. Best is trial 86 with value: 0.18431657950868494.
running
[I 2024-10-16 20:42:31,627] Trial 193 finished with value: 0.2152983050292213 and parameters: {'model_name': 'VAE', 'batch_size': 187, 'iterations': 188, 'learning_rate': 0.00448802424190706, 'p_miss': 0.1800518625848359}. Best is trial 86 with value: 0.18431657950868494.
running
[I 2024-10-16 20:44:17,663] Trial 175 finished with value: 0.18531686563671496 and parameters: {'model_name': 'IterativeImputer', 'estimator': 'RFR', 'initial_strategy': 'median', 'n_nearest_features': 8, 'imputation_order': 'arabic'}. Best is trial 86 with value: 0.18431657950868494.
running
[I 2024-10-16 20:49:01,865] Trial 176 finished with value: 0.18507242961919718 and parameters: {'model_name': 'IterativeImputer', 'estimator': 'RFR', 'initial_strategy': 'median', 'n_nearest_features': 8, 'imputation_order': 'arabic'}. Best is trial 86 with value: 0.18431657950868494.
running
[I 2024-10-16 21:11:39,633] Trial 177 finished with value: 0.1853360173101502 and parameters: {'model_name': 'IterativeImputer', 'estimator': 'RFR', 'initial_strategy': 'median', 'n_nearest_features': 8, 'imputation_order': 'arabic'}. Best is trial 86 with value: 0.18431657950868494.
running
[I 2024-10-16 21:14:25,335] Trial 178 finished with value: 0.18600591317115295 and parameters: {'model_name': 'IterativeImputer', 'estimator': 'RFR', 'initial_strategy': 'median', 'n_nearest_features': 8, 'imputation_order': 'roman'}. Best is trial 86 with value: 0.18431657950868494.
running
[I 2024-10-16 21:21:45,189] Trial 179 finished with value: 0.1850251677515381 and parameters: {'model_name': 'IterativeImputer', 'estimator': 'RFR', 'initial_strategy': 'median', 'n_nearest_features': 8, 'imputation_order': 'roman'}. Best is trial 86 with value: 0.18431657950868494.
running
[I 2024-10-16 21:29:02,768] Trial 180 finished with value: 0.18506337802448025 and parameters: {'model_name': 'IterativeImputer', 'estimator': 'RFR', 'initial_strategy': 'median', 'n_nearest_features': 8, 'imputation_order': 'roman'}. Best is trial 86 with value: 0.18431657950868494.
[I 2024-10-16 21:41:46,615] Trial 181 finished with value: 0.18487317395406294 and parameters: {'model_name': 'IterativeImputer', 'estimator': 'RFR', 'initial_strategy': 'median', 'n_nearest_features': 8, 'imputation_order': 'roman'}. Best is trial 86 with value: 0.18431657950868494.
[I 2024-10-16 21:44:23,118] Trial 182 finished with value: 0.18550417251634904 and parameters: {'model_name': 'IterativeImputer', 'estimator': 'RFR', 'initial_strategy': 'median', 'n_nearest_features': 8, 'imputation_order': 'roman'}. Best is trial 86 with value: 0.18431657950868494.
[I 2024-10-16 21:45:18,232] Trial 183 finished with value: 0.18522891979939166 and parameters: {'model_name': 'IterativeImputer', 'estimator': 'RFR', 'initial_strategy': 'median', 'n_nearest_features': 8, 'imputation_order': 'roman'}. Best is trial 86 with value: 0.18431657950868494.
[I 2024-10-16 21:46:51,178] Trial 184 finished with value: 0.1852748076889281 and parameters: {'model_name': 'IterativeImputer', 'estimator': 'RFR', 'initial_strategy': 'median', 'n_nearest_features': 7, 'imputation_order': 'roman'}. Best is trial 86 with value: 0.18431657950868494.
[I 2024-10-16 21:48:58,804] Trial 187 finished with value: 0.18502467156176378 and parameters: {'model_name': 'IterativeImputer', 'estimator': 'RFR', 'initial_strategy': 'median', 'n_nearest_features': 8, 'imputation_order': 'arabic'}. Best is trial 86 with value: 0.18431657950868494.
[I 2024-10-16 21:49:20,744] Trial 186 finished with value: 0.18565676708245182 and parameters: {'model_name': 'IterativeImputer', 'estimator': 'RFR', 'initial_strategy': 'median', 'n_nearest_features': 8, 'imputation_order': 'arabic'}. Best is trial 86 with value: 0.18431657950868494.
[I 2024-10-16 21:50:22,309] Trial 188 finished with value: 0.18529848933916743 and parameters: {'model_name': 'IterativeImputer', 'estimator': 'RFR', 'initial_strategy': 'median', 'n_nearest_features': 7, 'imputation_order': 'arabic'}. Best is trial 86 with value: 0.18431657950868494.
[I 2024-10-16 21:55:41,932] Trial 189 finished with value: 0.18495744835101607 and parameters: {'model_name': 'IterativeImputer', 'estimator': 'RFR', 'initial_strategy': 'median', 'n_nearest_features': 7, 'imputation_order': 'arabic'}. Best is trial 86 with value: 0.18431657950868494.
[I 2024-10-16 21:58:55,780] Trial 191 finished with value: 0.18526206412825796 and parameters: {'model_name': 'IterativeImputer', 'estimator': 'RFR', 'initial_strategy': 'median', 'n_nearest_features': 7, 'imputation_order': 'roman'}. Best is trial 86 with value: 0.18431657950868494.
[I 2024-10-16 22:02:03,084] Trial 194 finished with value: 0.18511238907167 and parameters: {'model_name': 'IterativeImputer', 'estimator': 'RFR', 'initial_strategy': 'median', 'n_nearest_features': 8, 'imputation_order': 'roman'}. Best is trial 86 with value: 0.18431657950868494.
[I 2024-10-16 22:04:34,206] Trial 195 finished with value: 0.18525765073197345 and parameters: {'model_name': 'IterativeImputer', 'estimator': 'RFR', 'initial_strategy': 'median', 'n_nearest_features': 7, 'imputation_order': 'roman'}. Best is trial 86 with value: 0.18431657950868494.
[I 2024-10-16 22:08:35,269] Trial 196 finished with value: 0.18499323793861305 and parameters: {'model_name': 'IterativeImputer', 'estimator': 'RFR', 'initial_strategy': 'median', 'n_nearest_features': 8, 'imputation_order': 'roman'}. Best is trial 86 with value: 0.18431657950868494.
[I 2024-10-16 22:31:35,807] Trial 197 finished with value: 0.1854416632902907 and parameters: {'model_name': 'IterativeImputer', 'estimator': 'RFR', 'initial_strategy': 'median', 'n_nearest_features': 8, 'imputation_order': 'roman'}. Best is trial 86 with value: 0.18431657950868494.
[I 2024-10-16 22:34:17,855] Trial 198 finished with value: 0.18555924738105567 and parameters: {'model_name': 'IterativeImputer', 'estimator': 'RFR', 'initial_strategy': 'median', 'n_nearest_features': 7, 'imputation_order': 'roman'}. Best is trial 86 with value: 0.18431657950868494.
[I 2024-10-16 22:41:04,935] Trial 199 finished with value: 0.18548311027381822 and parameters: {'model_name': 'IterativeImputer', 'estimator': 'RFR', 'initial_strategy': 'median', 'n_nearest_features': 7, 'imputation_order': 'roman'}. Best is trial 86 with value: 0.18431657950868494.
fit
auto fit
auto transform
0    0
1    0
2    0
3    0
4    0
5    0
6    0
7    0
dtype: int64
0    0
1    0
2    0
3    0
4    0
5    0
6    0
7    0
dtype: int64
0.18431657950868494
{'model_name': 'IterativeImputer', 'estimator': 'RFR', 'initial_strategy': 'mean', 'n_nearest_features': 8, 'imputation_order': 'roman'}
running experiment 2/3 - Does reconstruction give good automl predictions
Start est fit
Version 0.1.7a0 of tpot2 is outdated. Version 0.1.8a0 was released Tuesday September 17, 2024.
Version 0.1.7a0 of tpot2 is outdated. Version 0.1.8a0 was released Tuesday September 17, 2024.
Version 0.1.7a0 of tpot2 is outdated. Version 0.1.8a0 was released Tuesday September 17, 2024.
Version 0.1.7a0 of tpot2 is outdated. Version 0.1.8a0 was released Tuesday September 17, 2024.
Version 0.1.7a0 of tpot2 is outdated. Version 0.1.8a0 was released Tuesday September 17, 2024.
Version 0.1.7a0 of tpot2 is outdated. Version 0.1.8a0 was released Tuesday September 17, 2024.
Version 0.1.7a0 of tpot2 is outdated. Version 0.1.8a0 was released Tuesday September 17, 2024.
Version 0.1.7a0 of tpot2 is outdated. Version 0.1.8a0 was released Tuesday September 17, 2024.
Version 0.1.7a0 of tpot2 is outdated. Version 0.1.8a0 was released Tuesday September 17, 2024.
Version 0.1.7a0 of tpot2 is outdated. Version 0.1.8a0 was released Tuesday September 17, 2024.
Version 0.1.7a0 of tpot2 is outdated. Version 0.1.8a0 was released Tuesday September 17, 2024.
Version 0.1.7a0 of tpot2 is outdated. Version 0.1.8a0 was released Tuesday September 17, 2024.
Version 0.1.7a0 of tpot2 is outdated. Version 0.1.8a0 was released Tuesday September 17, 2024.
Version 0.1.7a0 of tpot2 is outdated. Version 0.1.8a0 was released Tuesday September 17, 2024.
Version 0.1.7a0 of tpot2 is outdated. Version 0.1.8a0 was released Tuesday September 17, 2024.
Version 0.1.7a0 of tpot2 is outdated. Version 0.1.8a0 was released Tuesday September 17, 2024.
  0%|          | 0/25 [00:00<?, ?it/s]Generation:   0%|          | 0/25 [00:00<?, ?it/s]WARNING AN INDIVIDUAL TIMED OUT: 
 <tpot2.search_spaces.pipelines.sequential.SequentialPipelineIndividual object at 0x1554746a0cd0> 

Generation:  1
Best f1_score score: 0.7763443236990977
Generation:   4%|         | 1/25 [10:00<4:00:22, 600.95s/it]Generation:  2
Best f1_score score: 0.8028482478855239
Generation:   8%|         | 2/25 [10:57<1:47:34, 280.65s/it]WARNING AN INDIVIDUAL TIMED OUT: 
 <tpot2.search_spaces.pipelines.sequential.SequentialPipelineIndividual object at 0x1554747302e0> 

Generation:  3
Best f1_score score: 0.8028482478855239
Generation:  12%|        | 3/25 [21:01<2:37:07, 428.53s/it]Generation:  4
Best f1_score score: 0.8036079985802733
Generation:  16%|        | 4/25 [22:42<1:44:44, 299.26s/it]Generation:  5
Best f1_score score: 0.8036079985802733
Generation:  20%|        | 5/25 [27:18<1:36:52, 290.65s/it]Generation:  6
Best f1_score score: 0.8036079985802733
Generation:  24%|       | 6/25 [28:42<1:09:45, 220.31s/it]Generation:  7
Best f1_score score: 0.8063596163195328
Generation:  28%|       | 7/25 [30:51<57:12, 190.70s/it]  Generation:  8
Best f1_score score: 0.8063596163195328
Generation:  32%|      | 8/25 [31:24<39:46, 140.40s/it]Generation:  9
Best f1_score score: 0.8063596163195328
Generation:  36%|      | 9/25 [33:21<35:26, 132.93s/it]Generation:  10
Best f1_score score: 0.8063596163195328
Generation:  40%|      | 10/25 [35:41<33:50, 135.35s/it]Generation:  11
Best f1_score score: 0.8086823670100685
Generation:  44%|     | 11/25 [38:48<35:13, 150.97s/it]Generation:  12
Best f1_score score: 0.8086823670100685
Generation:  48%|     | 12/25 [40:36<29:54, 138.06s/it]Generation:  13
Best f1_score score: 0.8086823670100685
Generation:  52%|    | 13/25 [42:13<25:07, 125.65s/it]Generation:  14
Best f1_score score: 0.8086823670100685
Generation:  56%|    | 14/25 [44:18<22:59, 125.44s/it]Generation:  15
Best f1_score score: 0.8086823670100685
Generation:  60%|    | 15/25 [46:15<20:26, 122.68s/it]Generation:  16
Best f1_score score: 0.8086823670100685
Generation:  64%|   | 16/25 [48:29<18:55, 126.21s/it]Generation:  17
Best f1_score score: 0.8086823670100685
Generation:  68%|   | 17/25 [51:28<18:55, 141.94s/it]Generation:  18
Best f1_score score: 0.8086823670100685
Generation:  72%|  | 18/25 [53:17<15:25, 132.22s/it]Generation:  19
Best f1_score score: 0.8086823670100685
Generation:  76%|  | 19/25 [56:14<14:33, 145.61s/it]Generation:  20
Best f1_score score: 0.809124754694802
Generation:  80%|  | 20/25 [57:31<10:24, 124.92s/it]WARNING THIS INDIVIDUAL CAUSED AND EXCEPTION 
 <tpot2.search_spaces.pipelines.sequential.SequentialPipelineIndividual object at 0x15546533e230> 
 Out of bag estimation only available if bootstrap=True 
 Traceback (most recent call last):
  File "/common/ketrong/tpotexp/tpot2/tpot2/utils/eval_utils.py", line 53, in objective_nan_wrapper
    value = func_timeout.func_timeout(timeout, objective_function, args=[individual], kwargs=objective_kwargs)
  File "/common/ketrong/tpotexp/env/lib/python3.10/site-packages/func_timeout/dafunc.py", line 108, in func_timeout
    raise_exception(exception)
  File "/common/ketrong/tpotexp/env/lib/python3.10/site-packages/func_timeout/py3_raise.py", line 7, in raise_exception
    raise exception[0] from None
  File "/common/ketrong/tpotexp/tpot2/tpot2/tpot_estimator/estimator.py", line 623, in objective_function
    return objective_function_generator(
  File "/common/ketrong/tpotexp/tpot2/tpot2/tpot_estimator/estimator_utils.py", line 55, in objective_function_generator
    cv_obj_scores = cross_val_score_objective(sklearn.base.clone(pipeline),x,y,scorers=scorers, cv=cv , fold=step)
  File "/common/ketrong/tpotexp/tpot2/tpot2/tpot_estimator/cross_val_utils.py", line 28, in cross_val_score_objective
    this_fold_pipeline.fit(X_train,y_train)
  File "/common/ketrong/tpotexp/env/lib/python3.10/site-packages/sklearn/base.py", line 1473, in wrapper
    return fit_method(estimator, *args, **kwargs)
  File "/common/ketrong/tpotexp/env/lib/python3.10/site-packages/sklearn/pipeline.py", line 473, in fit
    self._final_estimator.fit(Xt, y, **last_step_params["fit"])
  File "/common/ketrong/tpotexp/env/lib/python3.10/site-packages/sklearn/utils/validation.py", line 66, in inner_f
    return f(*args, **kwargs)
  File "/common/ketrong/tpotexp/env/lib/python3.10/site-packages/sklearn/base.py", line 1473, in wrapper
    return fit_method(estimator, *args, **kwargs)
  File "/common/ketrong/tpotexp/env/lib/python3.10/site-packages/sklearn/ensemble/_bagging.py", line 402, in fit
    return self._fit(X, y, max_samples=self.max_samples, **fit_params)
  File "/common/ketrong/tpotexp/env/lib/python3.10/site-packages/sklearn/ensemble/_bagging.py", line 502, in _fit
    raise ValueError("Out of bag estimation only available if bootstrap=True")
ValueError: Out of bag estimation only available if bootstrap=True

Generation:  21
Best f1_score score: 0.809124754694802
Generation:  84%| | 21/25 [59:58<08:46, 131.71s/it]Generation:  22
Best f1_score score: 0.809124754694802
Generation:  88%| | 22/25 [1:01:17<05:47, 115.70s/it]WARNING AN INDIVIDUAL TIMED OUT: 
 <tpot2.search_spaces.pipelines.sequential.SequentialPipelineIndividual object at 0x155467d664a0> 

Generation:  23
Best f1_score score: 0.809124754694802
Generation:  92%|| 23/25 [1:11:30<08:49, 264.98s/it]Generation:  24
Best f1_score score: 0.809124754694802
Generation:  96%|| 24/25 [1:14:00<03:50, 230.55s/it]Generation:  25
Best f1_score score: 0.809124754694802
Generation: 100%|| 25/25 [1:16:03<00:00, 198.31s/it]Generation: 100%|| 25/25 [1:16:06<00:00, 182.68s/it]
2024-10-17 00:14:47,966 - distributed.scheduler - ERROR - Removing worker 'tcp://127.0.0.1:38859' caused the cluster to lose scattered data, which can't be recovered: {'ndarray-681319272afa6287517890fd012c743e', 'ndarray-b74dc7c66dec5ac2b4700b93e84a6dd3'} (stimulus_id='handle-worker-cleanup-1729149287.9667084')
Fitted
Pipeline(steps=[('baggingclassifier',
                 BaggingClassifier(bootstrap=False,
                                   max_features=0.6753866261066,
                                   max_samples=0.8494373312771, n_estimators=91,
                                   n_jobs=1))])
score start
train score: {'auroc': 0.9999966060727343, 'accuracy': 0.9987861734116803, 'balanced_accuracy': 0.9987664001138391, 'logloss': 0.05160839908987013, 'f1': 0.9987578998580182}
original test score: {'auroc': 0.9574208215147813, 'accuracy': 0.8958402295045791, 'balanced_accuracy': 0.8894984233071481, 'logloss': 0.31963790773441375, 'f1': 0.8925023961031096}
imputed test score: {'auroc': 0.9024350785256826, 'accuracy': 0.8259958071278826, 'balanced_accuracy': 0.8181812768222164, 'logloss': 0.4074109413213407, 'f1': 0.8204844427125251}
score end
check intended
EXP2 Finished
running experiment 3/3 - What is the best automl settings?
<tpot2.search_spaces.pipelines.sequential.SequentialPipeline object at 0x1554350145e0>
Start tpot fit
Version 0.1.7a0 of tpot2 is outdated. Version 0.1.8a0 was released Tuesday September 17, 2024.
Version 0.1.7a0 of tpot2 is outdated. Version 0.1.8a0 was released Tuesday September 17, 2024.
Version 0.1.7a0 of tpot2 is outdated. Version 0.1.8a0 was released Tuesday September 17, 2024.
Version 0.1.7a0 of tpot2 is outdated. Version 0.1.8a0 was released Tuesday September 17, 2024.
Version 0.1.7a0 of tpot2 is outdated. Version 0.1.8a0 was released Tuesday September 17, 2024.
Version 0.1.7a0 of tpot2 is outdated. Version 0.1.8a0 was released Tuesday September 17, 2024.
Version 0.1.7a0 of tpot2 is outdated. Version 0.1.8a0 was released Tuesday September 17, 2024.
Version 0.1.7a0 of tpot2 is outdated. Version 0.1.8a0 was released Tuesday September 17, 2024.
Version 0.1.7a0 of tpot2 is outdated. Version 0.1.8a0 was released Tuesday September 17, 2024.
Version 0.1.7a0 of tpot2 is outdated. Version 0.1.8a0 was released Tuesday September 17, 2024.
Version 0.1.7a0 of tpot2 is outdated. Version 0.1.8a0 was released Tuesday September 17, 2024.
Version 0.1.7a0 of tpot2 is outdated. Version 0.1.8a0 was released Tuesday September 17, 2024.
Version 0.1.7a0 of tpot2 is outdated. Version 0.1.8a0 was released Tuesday September 17, 2024.
Version 0.1.7a0 of tpot2 is outdated. Version 0.1.8a0 was released Tuesday September 17, 2024.
Version 0.1.7a0 of tpot2 is outdated. Version 0.1.8a0 was released Tuesday September 17, 2024.
Version 0.1.7a0 of tpot2 is outdated. Version 0.1.8a0 was released Tuesday September 17, 2024.
  0%|          | 0/25 [00:00<?, ?it/s]Generation:   0%|          | 0/25 [00:00<?, ?it/s]WARNING THIS INDIVIDUAL CAUSED AND EXCEPTION 
 <tpot2.search_spaces.pipelines.sequential.SequentialPipelineIndividual object at 0x1554746a1270> 
 Input X contains NaN.
QuadraticDiscriminantAnalysis does not accept missing values encoded as NaN natively. For supervised learning, you might want to consider sklearn.ensemble.HistGradientBoostingClassifier and Regressor which accept missing values encoded as NaNs natively. Alternatively, it is possible to preprocess the data, for instance by using an imputer transformer in a pipeline or drop samples with missing values. See https://scikit-learn.org/stable/modules/impute.html You can find a list of all estimators that handle NaN values at the following page: https://scikit-learn.org/stable/modules/impute.html#estimators-that-handle-nan-values 
 Traceback (most recent call last):
  File "/common/ketrong/tpotexp/tpot2/tpot2/utils/eval_utils.py", line 53, in objective_nan_wrapper
    value = func_timeout.func_timeout(timeout, objective_function, args=[individual], kwargs=objective_kwargs)
  File "/common/ketrong/tpotexp/env/lib/python3.10/site-packages/func_timeout/dafunc.py", line 108, in func_timeout
    raise_exception(exception)
  File "/common/ketrong/tpotexp/env/lib/python3.10/site-packages/func_timeout/py3_raise.py", line 7, in raise_exception
    raise exception[0] from None
  File "/common/ketrong/tpotexp/tpot2/tpot2/tpot_estimator/estimator.py", line 623, in objective_function
    return objective_function_generator(
  File "/common/ketrong/tpotexp/tpot2/tpot2/tpot_estimator/estimator_utils.py", line 55, in objective_function_generator
    cv_obj_scores = cross_val_score_objective(sklearn.base.clone(pipeline),x,y,scorers=scorers, cv=cv , fold=step)
  File "/common/ketrong/tpotexp/tpot2/tpot2/tpot_estimator/cross_val_utils.py", line 28, in cross_val_score_objective
    this_fold_pipeline.fit(X_train,y_train)
  File "/common/ketrong/tpotexp/env/lib/python3.10/site-packages/sklearn/base.py", line 1473, in wrapper
    return fit_method(estimator, *args, **kwargs)
  File "/common/ketrong/tpotexp/env/lib/python3.10/site-packages/sklearn/pipeline.py", line 473, in fit
    self._final_estimator.fit(Xt, y, **last_step_params["fit"])
  File "/common/ketrong/tpotexp/env/lib/python3.10/site-packages/sklearn/base.py", line 1473, in wrapper
    return fit_method(estimator, *args, **kwargs)
  File "/common/ketrong/tpotexp/env/lib/python3.10/site-packages/sklearn/discriminant_analysis.py", line 911, in fit
    X, y = self._validate_data(X, y)
  File "/common/ketrong/tpotexp/env/lib/python3.10/site-packages/sklearn/base.py", line 650, in _validate_data
    X, y = check_X_y(X, y, **check_params)
  File "/common/ketrong/tpotexp/env/lib/python3.10/site-packages/sklearn/utils/validation.py", line 1301, in check_X_y
    X = check_array(
  File "/common/ketrong/tpotexp/env/lib/python3.10/site-packages/sklearn/utils/validation.py", line 1064, in check_array
    _assert_all_finite(
  File "/common/ketrong/tpotexp/env/lib/python3.10/site-packages/sklearn/utils/validation.py", line 123, in _assert_all_finite
    _assert_all_finite_element_wise(
  File "/common/ketrong/tpotexp/env/lib/python3.10/site-packages/sklearn/utils/validation.py", line 172, in _assert_all_finite_element_wise
    raise ValueError(msg_err)
ValueError: Input X contains NaN.
QuadraticDiscriminantAnalysis does not accept missing values encoded as NaN natively. For supervised learning, you might want to consider sklearn.ensemble.HistGradientBoostingClassifier and Regressor which accept missing values encoded as NaNs natively. Alternatively, it is possible to preprocess the data, for instance by using an imputer transformer in a pipeline or drop samples with missing values. See https://scikit-learn.org/stable/modules/impute.html You can find a list of all estimators that handle NaN values at the following page: https://scikit-learn.org/stable/modules/impute.html#estimators-that-handle-nan-values

Generation:  1
Best f1_score score: 0.7787854263261557
Generation:   4%|         | 1/25 [05:40<2:16:13, 340.57s/it]WARNING AN INDIVIDUAL TIMED OUT: 
 <tpot2.search_spaces.pipelines.sequential.SequentialPipelineIndividual object at 0x155467f26e60> 

Generation:  2
Best f1_score score: 0.7787854263261557
Generation:   8%|         | 2/25 [15:46<3:10:19, 496.48s/it]WARNING AN INDIVIDUAL TIMED OUT: 
 <tpot2.search_spaces.pipelines.sequential.SequentialPipelineIndividual object at 0x155467eec4c0> 

Generation:  3
Best f1_score score: 0.7787854263261557
Generation:  12%|        | 3/25 [25:49<3:19:53, 545.16s/it]WARNING AN INDIVIDUAL TIMED OUT: 
 <tpot2.search_spaces.pipelines.sequential.SequentialPipelineIndividual object at 0x1554746fc520> 

Generation:  4
Best f1_score score: 0.7924598344537135
Generation:  16%|        | 4/25 [35:53<3:18:58, 568.50s/it]Generation:  5
Best f1_score score: 0.7924598344537135
Generation:  20%|        | 5/25 [42:07<2:46:08, 498.45s/it]WARNING AN INDIVIDUAL TIMED OUT: 
 <tpot2.search_spaces.pipelines.sequential.SequentialPipelineIndividual object at 0x1554746f9090> 

Generation:  6
Best f1_score score: 0.7924598344537135
Generation:  24%|       | 6/25 [52:13<2:49:23, 534.92s/it]Generation:  7
Best f1_score score: 0.7979148090724786
Generation:  28%|       | 7/25 [58:12<2:23:14, 477.48s/it]Generation:  8
Best f1_score score: 0.7979148090724786
Generation:  32%|      | 8/25 [1:04:21<2:05:27, 442.79s/it]Generation:  9
Best f1_score score: 0.7989896498890161
Generation:  36%|      | 9/25 [1:10:51<1:53:43, 426.49s/it]WARNING AN INDIVIDUAL TIMED OUT: 
 <tpot2.search_spaces.pipelines.sequential.SequentialPipelineIndividual object at 0x155451c56020> 

Generation:  10
Best f1_score score: 0.7989896498890161
Generation:  40%|      | 10/25 [1:20:59<2:00:36, 482.43s/it]Generation:  11
Best f1_score score: 0.7989896498890161
Generation:  44%|     | 11/25 [1:27:34<1:46:17, 455.57s/it]Generation:  12
Best f1_score score: 0.7989896498890161
Generation:  48%|     | 12/25 [1:33:43<1:33:02, 429.41s/it]Generation:  13
Best f1_score score: 0.7989896498890161
Generation:  52%|    | 13/25 [1:35:41<1:07:01, 335.10s/it]Generation:  14
Best f1_score score: 0.7989896498890161
Generation:  56%|    | 14/25 [1:40:56<1:00:18, 328.96s/it]Generation:  15
Best f1_score score: 0.7989896498890161
Generation:  60%|    | 15/25 [1:46:15<54:18, 325.82s/it]  WARNING AN INDIVIDUAL TIMED OUT: 
 <tpot2.search_spaces.pipelines.sequential.SequentialPipelineIndividual object at 0x15546764ec80> 

Generation:  16
Best f1_score score: 0.8026736730044923
Generation:  64%|   | 16/25 [1:56:22<1:01:34, 410.46s/it]Generation:  17
Best f1_score score: 0.803606457260687
Generation:  68%|   | 17/25 [2:01:46<51:15, 384.43s/it]  WARNING AN INDIVIDUAL TIMED OUT: 
 <tpot2.search_spaces.pipelines.sequential.SequentialPipelineIndividual object at 0x1553996964d0> 

Generation:  18
Best f1_score score: 0.8037974300604466
Generation:  72%|  | 18/25 [2:11:51<52:36, 450.93s/it]Generation:  19
Best f1_score score: 0.8037974300604466
Generation:  76%|  | 19/25 [2:13:03<33:41, 336.99s/it]Generation:  20
Best f1_score score: 0.8037974300604466
Generation:  80%|  | 20/25 [2:19:40<29:35, 355.03s/it]Generation:  21
Best f1_score score: 0.8037974300604466
Generation:  84%| | 21/25 [2:21:53<19:14, 288.52s/it]Generation:  22
Best f1_score score: 0.8037974300604466
Generation:  88%| | 22/25 [2:22:57<11:03, 221.02s/it]Generation:  23
Best f1_score score: 0.8037974300604466
Generation:  92%|| 23/25 [2:29:31<09:05, 272.84s/it]Generation:  24
Best f1_score score: 0.8037974300604466
Generation:  96%|| 24/25 [2:37:40<05:37, 337.80s/it]WARNING AN INDIVIDUAL TIMED OUT: 
 <tpot2.search_spaces.pipelines.sequential.SequentialPipelineIndividual object at 0x155467df7250> 

Generation:  25
Best f1_score score: 0.8037974300604466
Generation: 100%|| 25/25 [2:47:47<00:00, 418.65s/it]Generation: 100%|| 25/25 [2:47:47<00:00, 402.71s/it]
2024-10-17 03:03:02,805 - distributed.scheduler - ERROR - Removing worker 'tcp://127.0.0.1:44051' caused the cluster to lose scattered data, which can't be recovered: {'DataFrame-92f9711a26be5c78b0f08467fcfdf13b', 'ndarray-b74dc7c66dec5ac2b4700b93e84a6dd3'} (stimulus_id='handle-worker-cleanup-1729159382.8056474')
Fitted
Pipeline(steps=[('simpleimputer', SimpleImputer(strategy='most_frequent')),
                ('baggingclassifier',
                 BaggingClassifier(bootstrap=False,
                                   max_features=0.6910690878311,
                                   max_samples=0.8296926984538, n_estimators=90,
                                   n_jobs=1))])
transform worked
try transform
transform worked
score start
train score: {'auroc': 0.9999380168262784, 'accuracy': 0.9955584981654666, 'balanced_accuracy': 0.9950075906219077, 'logloss': 0.09246343628260333, 'f1': 0.9954508558151602}
test score: {'auroc': 0.9044573714875729, 'accuracy': 0.8212512413108243, 'balanced_accuracy': 0.810720639328022, 'logloss': 0.4152568689914467, 'f1': 0.8144022553383721}
original test score: {'auroc': 0.9596253759844364, 'accuracy': 0.8966126006841002, 'balanced_accuracy': 0.8922813061235879, 'logloss': 0.30911213391582154, 'f1': 0.8937799972379398}
score end
151
lvl
0.3
type
MCAR
num_run
3
class_full
finished
all finished
full run takes
15.300218466189172
hours
DONE
