Run: 7
/cm/local/apps/slurm/var/spool/job1046149/slurm_script: line 27: 
pip install -e tpot2
pip install -r tpot2/ImputerExperiments/requirements_.txt
: No such file or directory
RunStart
Version 0.1.7a0 of tpot2 is outdated. Version 0.1.8a0 was released Tuesday September 17, 2024.
starting loops
../data/c/1496/1496.pkl
working on 
../data/c/1496/class_full_MAR_0.3_1
1.7906010150909424
running experiment 1/3 - Does large hyperparameter space improve reconstruction accuracy over simple
[I 2024-11-12 08:57:45,309] A new study created in memory with name: no-name-e21fe227-165c-421d-86cc-c93aeabc51fa
running
running
running
running
running
running
running
running
running
running
running
running
[I 2024-11-12 08:57:45,442] Trial 2 finished with value: 0.4942723553928901 and parameters: {'model_name': 'SimpleImputer', 'strategy': 'constant'}. Best is trial 2 with value: 0.4942723553928901.
running
running
running
running
running
[I 2024-11-12 08:57:45,862] Trial 16 finished with value: 0.4942723553928901 and parameters: {'model_name': 'SimpleImputer', 'strategy': 'constant'}. Best is trial 2 with value: 0.4942723553928901.
running
[I 2024-11-12 08:57:46,612] Trial 8 finished with value: 0.3190053726525152 and parameters: {'model_name': 'SimpleImputer', 'strategy': 'most_frequent'}. Best is trial 8 with value: 0.3190053726525152.
running
[I 2024-11-12 08:57:46,884] Trial 6 finished with value: 0.3190053726525152 and parameters: {'model_name': 'SimpleImputer', 'strategy': 'most_frequent'}. Best is trial 8 with value: 0.3190053726525152.
running
[I 2024-11-12 08:57:47,199] Trial 18 finished with value: 0.4942723553928901 and parameters: {'model_name': 'SimpleImputer', 'strategy': 'constant'}. Best is trial 8 with value: 0.3190053726525152.
running
[I 2024-11-12 08:57:48,291] Trial 19 finished with value: 0.3190053726525152 and parameters: {'model_name': 'SimpleImputer', 'strategy': 'most_frequent'}. Best is trial 8 with value: 0.3190053726525152.
running
[I 2024-11-12 08:57:50,725] Trial 10 finished with value: 0.12950558771761506 and parameters: {'model_name': 'KNNImputer', 'n_neighbors': 1634, 'weights': 'uniform'}. Best is trial 10 with value: 0.12950558771761506.
running
[I 2024-11-12 08:57:52,375] Trial 1 finished with value: 0.13125475418691063 and parameters: {'model_name': 'KNNImputer', 'n_neighbors': 3561, 'weights': 'distance'}. Best is trial 10 with value: 0.12950558771761506.
running
[I 2024-11-12 08:57:52,763] Trial 17 finished with value: 0.13269569318419797 and parameters: {'model_name': 'KNNImputer', 'n_neighbors': 5674, 'weights': 'distance'}. Best is trial 10 with value: 0.12950558771761506.
running
[I 2024-11-12 08:57:53,235] Trial 4 finished with value: 0.1323672035100103 and parameters: {'model_name': 'KNNImputer', 'n_neighbors': 4368, 'weights': 'distance'}. Best is trial 10 with value: 0.12950558771761506.
running
[I 2024-11-12 08:58:03,514] Trial 11 finished with value: 0.12111413258062784 and parameters: {'model_name': 'VAE', 'batch_size': 2, 'iterations': 1, 'learning_rate': 0.04049621041713899, 'p_miss': 0.18474729692780292}. Best is trial 11 with value: 0.12111413258062784.
running
[I 2024-11-12 08:58:05,548] Trial 23 finished with value: 0.4653351309801573 and parameters: {'model_name': 'GAIN', 'batch_size': 716, 'hint_rate': 0.21460139028858574, 'alpha': 79, 'iterations': 1, 'learning_rate': 0.008973238049212552, 'p_miss': 0.10730669300320922}. Best is trial 11 with value: 0.12111413258062784.
running
[I 2024-11-12 08:58:06,967] Trial 26 finished with value: 0.1348404971091278 and parameters: {'model_name': 'VAE', 'batch_size': 2, 'iterations': 1, 'learning_rate': 0.0629677087027005, 'p_miss': 0.17198933000614156}. Best is trial 11 with value: 0.12111413258062784.
running
[I 2024-11-12 08:58:09,399] Trial 14 finished with value: 0.42781061239722196 and parameters: {'model_name': 'GAIN', 'batch_size': 1, 'hint_rate': 0.5611894345679828, 'alpha': 63, 'iterations': 10, 'learning_rate': 0.015068080133761604, 'p_miss': 0.2648109585747186}. Best is trial 11 with value: 0.12111413258062784.
running
[I 2024-11-12 08:58:13,775] Trial 27 finished with value: 0.19691225606627513 and parameters: {'model_name': 'VAE', 'batch_size': 1, 'iterations': 5, 'learning_rate': 0.07633762530074584, 'p_miss': 0.2723149494345246}. Best is trial 11 with value: 0.12111413258062784.
running
[I 2024-11-12 08:58:22,712] Trial 13 finished with value: 0.13249765854320356 and parameters: {'model_name': 'IterativeImputer', 'estimator': 'Ridge', 'initial_strategy': 'most_frequent', 'n_nearest_features': 3, 'imputation_order': 'random'}. Best is trial 11 with value: 0.12111413258062784.
running
[I 2024-11-12 08:58:28,535] Trial 15 finished with value: 0.4307401278736859 and parameters: {'model_name': 'GAIN', 'batch_size': 7, 'hint_rate': 0.9810177786946146, 'alpha': 77, 'iterations': 31, 'learning_rate': 0.00046397406783136734, 'p_miss': 0.2606271369115815}. Best is trial 11 with value: 0.12111413258062784.
running
[I 2024-11-12 08:58:29,354] Trial 20 finished with value: 0.13106906067252172 and parameters: {'model_name': 'IterativeImputer', 'estimator': 'Ridge', 'initial_strategy': 'median', 'n_nearest_features': 11, 'imputation_order': 'roman'}. Best is trial 11 with value: 0.12111413258062784.
running
[I 2024-11-12 08:58:30,576] Trial 12 finished with value: 0.13762875446752934 and parameters: {'model_name': 'VAE', 'batch_size': 52, 'iterations': 18, 'learning_rate': 0.004957587763618319, 'p_miss': 0.28457532628681687}. Best is trial 11 with value: 0.12111413258062784.
running
[I 2024-11-12 08:58:35,201] Trial 34 finished with value: 0.12866469823066684 and parameters: {'model_name': 'KNNImputer', 'n_neighbors': 28, 'weights': 'uniform'}. Best is trial 11 with value: 0.12111413258062784.
running
[I 2024-11-12 08:58:54,019] Trial 3 finished with value: 0.1425163295431045 and parameters: {'model_name': 'IterativeImputer', 'estimator': 'KNN', 'initial_strategy': 'median', 'n_nearest_features': 8, 'imputation_order': 'arabic'}. Best is trial 11 with value: 0.12111413258062784.
running
[I 2024-11-12 08:58:58,578] Trial 36 finished with value: 0.12763416296764393 and parameters: {'model_name': 'KNNImputer', 'n_neighbors': 147, 'weights': 'uniform'}. Best is trial 11 with value: 0.12111413258062784.
running
[I 2024-11-12 08:59:02,885] Trial 37 finished with value: 0.12735077597002548 and parameters: {'model_name': 'KNNImputer', 'n_neighbors': 119, 'weights': 'uniform'}. Best is trial 11 with value: 0.12111413258062784.
running
[I 2024-11-12 08:59:05,948] Trial 30 finished with value: 0.13085539442872143 and parameters: {'model_name': 'IterativeImputer', 'estimator': 'Ridge', 'initial_strategy': 'most_frequent', 'n_nearest_features': 13, 'imputation_order': 'arabic'}. Best is trial 11 with value: 0.12111413258062784.
running
[I 2024-11-12 08:59:13,380] Trial 21 finished with value: 0.13985057259604922 and parameters: {'model_name': 'IterativeImputer', 'estimator': 'KNN', 'initial_strategy': 'constant', 'n_nearest_features': 12, 'imputation_order': 'random'}. Best is trial 11 with value: 0.12111413258062784.
running
[I 2024-11-12 09:00:08,055] Trial 7 finished with value: 0.20217506452722533 and parameters: {'model_name': 'IterativeImputer', 'estimator': 'Bayesian', 'initial_strategy': 'constant', 'n_nearest_features': 17, 'imputation_order': 'ascending', 'sample_posterior': True}. Best is trial 11 with value: 0.12111413258062784.
running
[I 2024-11-12 09:01:11,483] Trial 25 finished with value: 0.4585635883826389 and parameters: {'model_name': 'GAIN', 'batch_size': 250, 'hint_rate': 0.39012722868679645, 'alpha': 16, 'iterations': 163, 'learning_rate': 0.0012072127197945046, 'p_miss': 0.2509333165862066}. Best is trial 11 with value: 0.12111413258062784.
running
[I 2024-11-12 09:03:28,338] Trial 24 finished with value: 0.4818004494689555 and parameters: {'model_name': 'GAIN', 'batch_size': 507, 'hint_rate': 0.42167884843894204, 'alpha': 9, 'iterations': 169, 'learning_rate': 0.0033830883791071452, 'p_miss': 0.026715328260786785}. Best is trial 11 with value: 0.12111413258062784.
running
[I 2024-11-12 09:07:59,769] Trial 0 finished with value: 0.12095775675516189 and parameters: {'model_name': 'VAE', 'batch_size': 98, 'iterations': 246, 'learning_rate': 0.00020691459432727182, 'p_miss': 0.23792977567413082}. Best is trial 0 with value: 0.12095775675516189.
running
[I 2024-11-12 09:16:49,182] Trial 9 finished with value: 0.14309391172130181 and parameters: {'model_name': 'VAE', 'batch_size': 195, 'iterations': 419, 'learning_rate': 0.016115785990469818, 'p_miss': 0.03408275196558939}. Best is trial 0 with value: 0.12095775675516189.
running
[I 2024-11-12 09:29:43,870] Trial 22 finished with value: 0.15544984274363458 and parameters: {'model_name': 'VAE', 'batch_size': 6, 'iterations': 657, 'learning_rate': 0.0014257074752095304, 'p_miss': 0.13709612107944125}. Best is trial 0 with value: 0.12095775675516189.
running
[I 2024-11-12 09:29:47,476] Trial 46 finished with value: 0.12764229428828391 and parameters: {'model_name': 'KNNImputer', 'n_neighbors': 184, 'weights': 'uniform'}. Best is trial 0 with value: 0.12095775675516189.
running
[I 2024-11-12 09:41:22,532] Trial 5 finished with value: 0.1481754032497889 and parameters: {'model_name': 'VAE', 'batch_size': 49, 'iterations': 1026, 'learning_rate': 0.00044949614657797867, 'p_miss': 0.24585726732063606}. Best is trial 0 with value: 0.12095775675516189.
running
[I 2024-11-12 09:41:27,346] Trial 48 finished with value: 0.12962739451205835 and parameters: {'model_name': 'KNNImputer', 'n_neighbors': 1750, 'weights': 'uniform'}. Best is trial 0 with value: 0.12095775675516189.
running
[I 2024-11-12 09:41:31,857] Trial 49 finished with value: 0.1292166532399801 and parameters: {'model_name': 'KNNImputer', 'n_neighbors': 1254, 'weights': 'uniform'}. Best is trial 0 with value: 0.12095775675516189.
running
[I 2024-11-12 10:06:52,874] Trial 41 finished with value: 0.14658433528662873 and parameters: {'model_name': 'VAE', 'batch_size': 30, 'iterations': 1233, 'learning_rate': 0.0005613098008690608, 'p_miss': 0.017812045305764967}. Best is trial 0 with value: 0.12095775675516189.
running
[I 2024-11-12 10:06:57,052] Trial 51 finished with value: 0.12890840041907856 and parameters: {'model_name': 'KNNImputer', 'n_neighbors': 905, 'weights': 'uniform'}. Best is trial 0 with value: 0.12095775675516189.
running
[I 2024-11-12 10:08:52,190] Trial 33 finished with value: 0.14310411221471553 and parameters: {'model_name': 'VAE', 'batch_size': 73, 'iterations': 1412, 'learning_rate': 0.0009449139213042887, 'p_miss': 0.01303406959271744}. Best is trial 0 with value: 0.12095775675516189.
running
[I 2024-11-12 10:08:56,740] Trial 53 finished with value: 0.13029474994473725 and parameters: {'model_name': 'KNNImputer', 'n_neighbors': 2334, 'weights': 'uniform'}. Best is trial 0 with value: 0.12095775675516189.
running
[I 2024-11-12 10:09:05,113] Trial 54 finished with value: 0.1276939302348051 and parameters: {'model_name': 'VAE', 'batch_size': 11, 'iterations': 3, 'learning_rate': 0.00010253082641292705, 'p_miss': 0.19872984485813958}. Best is trial 0 with value: 0.12095775675516189.
running
[I 2024-11-12 10:14:00,614] Trial 40 finished with value: 0.14596658428140474 and parameters: {'model_name': 'VAE', 'batch_size': 47, 'iterations': 1415, 'learning_rate': 0.0006165044523364857, 'p_miss': 0.037151375243183585}. Best is trial 0 with value: 0.12095775675516189.
running
[I 2024-11-12 10:14:03,967] Trial 56 finished with value: 0.1287191522509233 and parameters: {'model_name': 'KNNImputer', 'n_neighbors': 27, 'weights': 'uniform'}. Best is trial 0 with value: 0.12095775675516189.
running
[I 2024-11-12 10:14:07,713] Trial 57 finished with value: 0.12849579419920742 and parameters: {'model_name': 'KNNImputer', 'n_neighbors': 550, 'weights': 'uniform'}. Best is trial 0 with value: 0.12095775675516189.
running
[I 2024-11-12 10:14:10,420] Trial 58 finished with value: 0.12923554236723409 and parameters: {'model_name': 'KNNImputer', 'n_neighbors': 21, 'weights': 'uniform'}. Best is trial 0 with value: 0.12095775675516189.
running
[I 2024-11-12 10:14:14,267] Trial 59 finished with value: 0.12881857813920225 and parameters: {'model_name': 'KNNImputer', 'n_neighbors': 852, 'weights': 'uniform'}. Best is trial 0 with value: 0.12095775675516189.
running
[I 2024-11-12 10:14:19,438] Trial 60 finished with value: 0.13041699728292658 and parameters: {'model_name': 'KNNImputer', 'n_neighbors': 2463, 'weights': 'uniform'}. Best is trial 0 with value: 0.12095775675516189.
running
[I 2024-11-12 10:22:05,873] Trial 31 finished with value: 0.1456978911010458 and parameters: {'model_name': 'VAE', 'batch_size': 25, 'iterations': 1747, 'learning_rate': 0.00026943418287009443, 'p_miss': 0.023297239794544677}. Best is trial 0 with value: 0.12095775675516189.
running
[I 2024-11-12 10:22:10,156] Trial 62 finished with value: 0.12860443012865536 and parameters: {'model_name': 'KNNImputer', 'n_neighbors': 728, 'weights': 'uniform'}. Best is trial 0 with value: 0.12095775675516189.
running
[I 2024-11-12 10:38:56,831] Trial 38 finished with value: 0.14638704368722005 and parameters: {'model_name': 'VAE', 'batch_size': 24, 'iterations': 1782, 'learning_rate': 0.000541686918913701, 'p_miss': 0.010183274339916282}. Best is trial 0 with value: 0.12095775675516189.
running
[I 2024-11-12 10:39:03,359] Trial 64 finished with value: 0.12924036096427688 and parameters: {'model_name': 'KNNImputer', 'n_neighbors': 1571, 'weights': 'distance'}. Best is trial 0 with value: 0.12095775675516189.
running
[I 2024-11-12 10:39:06,900] Trial 65 finished with value: 0.12833211621705082 and parameters: {'model_name': 'KNNImputer', 'n_neighbors': 480, 'weights': 'uniform'}. Best is trial 0 with value: 0.12095775675516189.
running
[I 2024-11-12 10:45:29,941] Trial 32 finished with value: 0.14551035760263847 and parameters: {'model_name': 'VAE', 'batch_size': 47, 'iterations': 1937, 'learning_rate': 0.0010232606769022927, 'p_miss': 0.0333730600030584}. Best is trial 0 with value: 0.12095775675516189.
running
[I 2024-11-12 10:45:44,647] Trial 67 finished with value: 0.12177786109044804 and parameters: {'model_name': 'VAE', 'batch_size': 7, 'iterations': 3, 'learning_rate': 0.0001084586784508669, 'p_miss': 0.21256674235293857}. Best is trial 0 with value: 0.12095775675516189.
running
[I 2024-11-12 11:04:45,224] Trial 39 finished with value: 0.14846759703540974 and parameters: {'model_name': 'VAE', 'batch_size': 20, 'iterations': 2196, 'learning_rate': 0.0005196787375938799, 'p_miss': 0.029847915197530966}. Best is trial 0 with value: 0.12095775675516189.
running
[I 2024-11-12 11:33:03,186] Trial 44 finished with value: 0.1462404184887273 and parameters: {'model_name': 'VAE', 'batch_size': 48, 'iterations': 3042, 'learning_rate': 0.0002631448897366936, 'p_miss': 0.18976816463368953}. Best is trial 0 with value: 0.12095775675516189.
running
[I 2024-11-12 11:33:04,132] Trial 70 finished with value: 0.10125557993260861 and parameters: {'model_name': 'SimpleImputer', 'strategy': 'median'}. Best is trial 70 with value: 0.10125557993260861.
running
[I 2024-11-12 11:33:04,949] Trial 71 finished with value: 0.10125557993260861 and parameters: {'model_name': 'SimpleImputer', 'strategy': 'median'}. Best is trial 70 with value: 0.10125557993260861.
running
[I 2024-11-12 11:33:05,635] Trial 72 finished with value: 0.10125557993260861 and parameters: {'model_name': 'SimpleImputer', 'strategy': 'median'}. Best is trial 70 with value: 0.10125557993260861.
running
[I 2024-11-12 11:33:06,441] Trial 73 finished with value: 0.10125557993260861 and parameters: {'model_name': 'SimpleImputer', 'strategy': 'median'}. Best is trial 70 with value: 0.10125557993260861.
running
[I 2024-11-12 11:33:07,222] Trial 74 finished with value: 0.10125557993260861 and parameters: {'model_name': 'SimpleImputer', 'strategy': 'median'}. Best is trial 70 with value: 0.10125557993260861.
running
[I 2024-11-12 11:33:08,082] Trial 75 finished with value: 0.10125557993260861 and parameters: {'model_name': 'SimpleImputer', 'strategy': 'median'}. Best is trial 70 with value: 0.10125557993260861.
running
[I 2024-11-12 11:33:08,848] Trial 76 finished with value: 0.10125557993260861 and parameters: {'model_name': 'SimpleImputer', 'strategy': 'median'}. Best is trial 70 with value: 0.10125557993260861.
running
[I 2024-11-12 11:33:09,684] Trial 77 finished with value: 0.10125557993260861 and parameters: {'model_name': 'SimpleImputer', 'strategy': 'median'}. Best is trial 70 with value: 0.10125557993260861.
running
[I 2024-11-12 11:33:10,435] Trial 78 finished with value: 0.10125557993260861 and parameters: {'model_name': 'SimpleImputer', 'strategy': 'median'}. Best is trial 70 with value: 0.10125557993260861.
running
[I 2024-11-12 11:33:11,263] Trial 79 finished with value: 0.10125557993260861 and parameters: {'model_name': 'SimpleImputer', 'strategy': 'median'}. Best is trial 70 with value: 0.10125557993260861.
running
[I 2024-11-12 11:33:11,965] Trial 80 finished with value: 0.10125557993260861 and parameters: {'model_name': 'SimpleImputer', 'strategy': 'median'}. Best is trial 70 with value: 0.10125557993260861.
running
[I 2024-11-12 11:33:12,595] Trial 81 finished with value: 0.10125557993260861 and parameters: {'model_name': 'SimpleImputer', 'strategy': 'median'}. Best is trial 70 with value: 0.10125557993260861.
running
[I 2024-11-12 11:33:13,271] Trial 82 finished with value: 0.10125557993260861 and parameters: {'model_name': 'SimpleImputer', 'strategy': 'median'}. Best is trial 70 with value: 0.10125557993260861.
running
[I 2024-11-12 11:33:14,074] Trial 83 finished with value: 0.10125557993260861 and parameters: {'model_name': 'SimpleImputer', 'strategy': 'median'}. Best is trial 70 with value: 0.10125557993260861.
running
[I 2024-11-12 11:33:14,786] Trial 84 finished with value: 0.10125557993260861 and parameters: {'model_name': 'SimpleImputer', 'strategy': 'median'}. Best is trial 70 with value: 0.10125557993260861.
running
[I 2024-11-12 11:33:15,314] Trial 85 finished with value: 0.13356881314580374 and parameters: {'model_name': 'SimpleImputer', 'strategy': 'mean'}. Best is trial 70 with value: 0.10125557993260861.
running
[I 2024-11-12 11:33:15,945] Trial 86 finished with value: 0.10125557993260861 and parameters: {'model_name': 'SimpleImputer', 'strategy': 'median'}. Best is trial 70 with value: 0.10125557993260861.
running
[I 2024-11-12 11:33:16,730] Trial 87 finished with value: 0.10125557993260861 and parameters: {'model_name': 'SimpleImputer', 'strategy': 'median'}. Best is trial 70 with value: 0.10125557993260861.
running
[I 2024-11-12 11:33:17,441] Trial 88 finished with value: 0.10125557993260861 and parameters: {'model_name': 'SimpleImputer', 'strategy': 'median'}. Best is trial 70 with value: 0.10125557993260861.
running
[I 2024-11-12 11:33:18,103] Trial 89 finished with value: 0.10125557993260861 and parameters: {'model_name': 'SimpleImputer', 'strategy': 'median'}. Best is trial 70 with value: 0.10125557993260861.
running
[I 2024-11-12 11:33:18,828] Trial 90 finished with value: 0.10125557993260861 and parameters: {'model_name': 'SimpleImputer', 'strategy': 'median'}. Best is trial 70 with value: 0.10125557993260861.
running
[I 2024-11-12 11:33:19,457] Trial 91 finished with value: 0.10125557993260861 and parameters: {'model_name': 'SimpleImputer', 'strategy': 'median'}. Best is trial 70 with value: 0.10125557993260861.
running
[I 2024-11-12 11:33:20,162] Trial 92 finished with value: 0.10125557993260861 and parameters: {'model_name': 'SimpleImputer', 'strategy': 'median'}. Best is trial 70 with value: 0.10125557993260861.
running
[I 2024-11-12 11:33:20,964] Trial 93 finished with value: 0.10125557993260861 and parameters: {'model_name': 'SimpleImputer', 'strategy': 'median'}. Best is trial 70 with value: 0.10125557993260861.
running
[I 2024-11-12 11:33:21,682] Trial 94 finished with value: 0.10125557993260861 and parameters: {'model_name': 'SimpleImputer', 'strategy': 'median'}. Best is trial 70 with value: 0.10125557993260861.
running
[I 2024-11-12 11:33:22,140] Trial 95 finished with value: 0.13356881314580374 and parameters: {'model_name': 'SimpleImputer', 'strategy': 'mean'}. Best is trial 70 with value: 0.10125557993260861.
running
[I 2024-11-12 11:33:23,034] Trial 96 finished with value: 0.10125557993260861 and parameters: {'model_name': 'SimpleImputer', 'strategy': 'median'}. Best is trial 70 with value: 0.10125557993260861.
running
[I 2024-11-12 11:33:23,709] Trial 97 finished with value: 0.10125557993260861 and parameters: {'model_name': 'SimpleImputer', 'strategy': 'median'}. Best is trial 70 with value: 0.10125557993260861.
running
[I 2024-11-12 11:33:24,484] Trial 98 finished with value: 0.10125557993260861 and parameters: {'model_name': 'SimpleImputer', 'strategy': 'median'}. Best is trial 70 with value: 0.10125557993260861.
running
[I 2024-11-12 11:33:25,192] Trial 99 finished with value: 0.10125557993260861 and parameters: {'model_name': 'SimpleImputer', 'strategy': 'median'}. Best is trial 70 with value: 0.10125557993260861.
running
[I 2024-11-12 11:33:25,872] Trial 100 finished with value: 0.10125557993260861 and parameters: {'model_name': 'SimpleImputer', 'strategy': 'median'}. Best is trial 70 with value: 0.10125557993260861.
running
[I 2024-11-12 11:34:37,050] Trial 29 finished with value: 0.1486416233012964 and parameters: {'model_name': 'VAE', 'batch_size': 17, 'iterations': 2709, 'learning_rate': 0.00018767597178341968, 'p_miss': 0.011811090623734671}. Best is trial 70 with value: 0.10125557993260861.
running
[I 2024-11-12 12:23:35,330] Trial 102 finished with value: 0.15679756355762145 and parameters: {'model_name': 'IterativeImputer', 'estimator': 'RFR', 'initial_strategy': 'mean', 'n_nearest_features': 2, 'imputation_order': 'descending'}. Best is trial 70 with value: 0.10125557993260861.
running
[I 2024-11-12 12:23:55,844] Trial 103 finished with value: inf and parameters: {'model_name': 'GAIN', 'batch_size': 2, 'hint_rate': 0.013108668730391515, 'alpha': 39, 'iterations': 71, 'learning_rate': 0.02443377672668269, 'p_miss': 0.07080340974329351}. Best is trial 70 with value: 0.10125557993260861.
running
[I 2024-11-12 12:23:56,547] Trial 104 finished with value: 0.10125557993260861 and parameters: {'model_name': 'SimpleImputer', 'strategy': 'median'}. Best is trial 70 with value: 0.10125557993260861.
running
[I 2024-11-12 12:23:57,254] Trial 105 finished with value: 0.10125557993260861 and parameters: {'model_name': 'SimpleImputer', 'strategy': 'median'}. Best is trial 70 with value: 0.10125557993260861.
running
[I 2024-11-12 12:23:58,201] Trial 106 finished with value: 0.10125557993260861 and parameters: {'model_name': 'SimpleImputer', 'strategy': 'median'}. Best is trial 70 with value: 0.10125557993260861.
running
[I 2024-11-12 12:23:59,129] Trial 107 finished with value: 0.10125557993260861 and parameters: {'model_name': 'SimpleImputer', 'strategy': 'median'}. Best is trial 70 with value: 0.10125557993260861.
running
[I 2024-11-12 12:23:59,589] Trial 108 finished with value: 0.4942723553928901 and parameters: {'model_name': 'SimpleImputer', 'strategy': 'constant'}. Best is trial 70 with value: 0.10125557993260861.
running
[I 2024-11-12 12:24:01,213] Trial 109 finished with value: 0.3190053726525152 and parameters: {'model_name': 'SimpleImputer', 'strategy': 'most_frequent'}. Best is trial 70 with value: 0.10125557993260861.
running
[I 2024-11-12 12:24:01,834] Trial 110 finished with value: 0.10125557993260861 and parameters: {'model_name': 'SimpleImputer', 'strategy': 'median'}. Best is trial 70 with value: 0.10125557993260861.
running
[I 2024-11-12 12:24:02,526] Trial 111 finished with value: 0.10125557993260861 and parameters: {'model_name': 'SimpleImputer', 'strategy': 'median'}. Best is trial 70 with value: 0.10125557993260861.
running
[I 2024-11-12 12:24:03,383] Trial 112 finished with value: 0.10125557993260861 and parameters: {'model_name': 'SimpleImputer', 'strategy': 'median'}. Best is trial 70 with value: 0.10125557993260861.
running
[I 2024-11-12 12:24:04,058] Trial 113 finished with value: 0.4942723553928901 and parameters: {'model_name': 'SimpleImputer', 'strategy': 'constant'}. Best is trial 70 with value: 0.10125557993260861.
running
[I 2024-11-12 12:24:38,714] Trial 114 finished with value: 0.13015381940795298 and parameters: {'model_name': 'IterativeImputer', 'estimator': 'Bayesian', 'initial_strategy': 'mean', 'n_nearest_features': 20, 'imputation_order': 'descending', 'sample_posterior': False}. Best is trial 70 with value: 0.10125557993260861.
running
[I 2024-11-12 12:26:17,113] Trial 115 finished with value: 0.47064582706064195 and parameters: {'model_name': 'GAIN', 'batch_size': 177, 'hint_rate': 0.982422274019115, 'alpha': 42, 'iterations': 59, 'learning_rate': 0.006220473038441325, 'p_miss': 0.1382503629682372}. Best is trial 70 with value: 0.10125557993260861.
running
[I 2024-11-12 12:26:17,839] Trial 116 finished with value: 0.10125557993260861 and parameters: {'model_name': 'SimpleImputer', 'strategy': 'median'}. Best is trial 70 with value: 0.10125557993260861.
running
[I 2024-11-12 12:26:18,534] Trial 117 finished with value: 0.10125557993260861 and parameters: {'model_name': 'SimpleImputer', 'strategy': 'median'}. Best is trial 70 with value: 0.10125557993260861.
running
[I 2024-11-12 12:26:19,327] Trial 118 finished with value: 0.10125557993260861 and parameters: {'model_name': 'SimpleImputer', 'strategy': 'median'}. Best is trial 70 with value: 0.10125557993260861.
running
[I 2024-11-12 12:26:20,986] Trial 119 finished with value: 0.3190053726525152 and parameters: {'model_name': 'SimpleImputer', 'strategy': 'most_frequent'}. Best is trial 70 with value: 0.10125557993260861.
running
[I 2024-11-12 12:26:21,635] Trial 120 finished with value: 0.10125557993260861 and parameters: {'model_name': 'SimpleImputer', 'strategy': 'median'}. Best is trial 70 with value: 0.10125557993260861.
running
[I 2024-11-12 12:26:22,149] Trial 121 finished with value: 0.13356881314580374 and parameters: {'model_name': 'SimpleImputer', 'strategy': 'mean'}. Best is trial 70 with value: 0.10125557993260861.
running
[I 2024-11-12 12:26:22,917] Trial 122 finished with value: 0.10125557993260861 and parameters: {'model_name': 'SimpleImputer', 'strategy': 'median'}. Best is trial 70 with value: 0.10125557993260861.
running
[I 2024-11-12 12:26:23,617] Trial 123 finished with value: 0.10125557993260861 and parameters: {'model_name': 'SimpleImputer', 'strategy': 'median'}. Best is trial 70 with value: 0.10125557993260861.
running
[I 2024-11-12 12:26:24,297] Trial 124 finished with value: 0.10125557993260861 and parameters: {'model_name': 'SimpleImputer', 'strategy': 'median'}. Best is trial 70 with value: 0.10125557993260861.
running
[I 2024-11-12 12:26:24,978] Trial 125 finished with value: 0.10125557993260861 and parameters: {'model_name': 'SimpleImputer', 'strategy': 'median'}. Best is trial 70 with value: 0.10125557993260861.
running
[I 2024-11-12 12:26:25,667] Trial 126 finished with value: 0.10125557993260861 and parameters: {'model_name': 'SimpleImputer', 'strategy': 'median'}. Best is trial 70 with value: 0.10125557993260861.
running
[I 2024-11-12 12:26:26,381] Trial 127 finished with value: 0.10125557993260861 and parameters: {'model_name': 'SimpleImputer', 'strategy': 'median'}. Best is trial 70 with value: 0.10125557993260861.
running
[I 2024-11-12 12:26:26,961] Trial 128 finished with value: 0.10125557993260861 and parameters: {'model_name': 'SimpleImputer', 'strategy': 'median'}. Best is trial 70 with value: 0.10125557993260861.
running
[I 2024-11-12 12:26:27,717] Trial 129 finished with value: 0.10125557993260861 and parameters: {'model_name': 'SimpleImputer', 'strategy': 'median'}. Best is trial 70 with value: 0.10125557993260861.
running
[I 2024-11-12 12:26:28,491] Trial 130 finished with value: 0.10125557993260861 and parameters: {'model_name': 'SimpleImputer', 'strategy': 'median'}. Best is trial 70 with value: 0.10125557993260861.
running
[I 2024-11-12 12:26:29,242] Trial 131 finished with value: 0.10125557993260861 and parameters: {'model_name': 'SimpleImputer', 'strategy': 'median'}. Best is trial 70 with value: 0.10125557993260861.
running
[I 2024-11-12 12:26:29,951] Trial 132 finished with value: 0.10125557993260861 and parameters: {'model_name': 'SimpleImputer', 'strategy': 'median'}. Best is trial 70 with value: 0.10125557993260861.
running
[I 2024-11-12 12:29:21,865] Trial 35 finished with value: 0.14952129689356922 and parameters: {'model_name': 'VAE', 'batch_size': 19, 'iterations': 3331, 'learning_rate': 0.0005574498480104536, 'p_miss': 0.023493296227410337}. Best is trial 70 with value: 0.10125557993260861.
running
[I 2024-11-12 12:40:35,770] Trial 43 finished with value: 0.15169437909070224 and parameters: {'model_name': 'VAE', 'batch_size': 12, 'iterations': 4047, 'learning_rate': 0.00011455720795656106, 'p_miss': 0.17538741962829316}. Best is trial 70 with value: 0.10125557993260861.
running
[I 2024-11-12 13:34:50,355] Trial 133 finished with value: 0.14168463909814516 and parameters: {'model_name': 'IterativeImputer', 'estimator': 'RFR', 'initial_strategy': 'median', 'n_nearest_features': 6, 'imputation_order': 'roman'}. Best is trial 70 with value: 0.10125557993260861.
running
[I 2024-11-12 13:34:51,079] Trial 136 finished with value: 0.10125557993260861 and parameters: {'model_name': 'SimpleImputer', 'strategy': 'median'}. Best is trial 70 with value: 0.10125557993260861.
running
[I 2024-11-12 13:34:51,751] Trial 137 finished with value: 0.10125557993260861 and parameters: {'model_name': 'SimpleImputer', 'strategy': 'median'}. Best is trial 70 with value: 0.10125557993260861.
running
[I 2024-11-12 13:34:52,317] Trial 138 finished with value: 0.10125557993260861 and parameters: {'model_name': 'SimpleImputer', 'strategy': 'median'}. Best is trial 70 with value: 0.10125557993260861.
running
[I 2024-11-12 13:34:52,884] Trial 139 finished with value: 0.13356881314580374 and parameters: {'model_name': 'SimpleImputer', 'strategy': 'mean'}. Best is trial 70 with value: 0.10125557993260861.
running
[I 2024-11-12 13:34:53,478] Trial 140 finished with value: 0.10125557993260861 and parameters: {'model_name': 'SimpleImputer', 'strategy': 'median'}. Best is trial 70 with value: 0.10125557993260861.
running
[I 2024-11-12 13:42:26,731] Trial 134 finished with value: 0.13801018683479183 and parameters: {'model_name': 'IterativeImputer', 'estimator': 'RFR', 'initial_strategy': 'mean', 'n_nearest_features': 6, 'imputation_order': 'roman'}. Best is trial 70 with value: 0.10125557993260861.
running
[I 2024-11-12 13:50:54,592] Trial 142 finished with value: 0.4389787807623454 and parameters: {'model_name': 'GAIN', 'batch_size': 4, 'hint_rate': 0.7027682802841352, 'alpha': 96, 'iterations': 392, 'learning_rate': 0.0021452298055766876, 'p_miss': 0.21762416926235947}. Best is trial 70 with value: 0.10125557993260861.
running
[I 2024-11-12 13:50:55,629] Trial 143 finished with value: 0.10125557993260861 and parameters: {'model_name': 'SimpleImputer', 'strategy': 'median'}. Best is trial 70 with value: 0.10125557993260861.
running
[I 2024-11-12 13:50:56,377] Trial 144 finished with value: 0.10125557993260861 and parameters: {'model_name': 'SimpleImputer', 'strategy': 'median'}. Best is trial 70 with value: 0.10125557993260861.
running
[I 2024-11-12 13:50:57,288] Trial 145 finished with value: 0.10125557993260861 and parameters: {'model_name': 'SimpleImputer', 'strategy': 'median'}. Best is trial 70 with value: 0.10125557993260861.
running
[I 2024-11-12 13:50:57,987] Trial 146 finished with value: 0.10125557993260861 and parameters: {'model_name': 'SimpleImputer', 'strategy': 'median'}. Best is trial 70 with value: 0.10125557993260861.
running
[I 2024-11-12 13:50:58,594] Trial 147 finished with value: 0.10125557993260861 and parameters: {'model_name': 'SimpleImputer', 'strategy': 'median'}. Best is trial 70 with value: 0.10125557993260861.
running
[I 2024-11-12 13:50:59,031] Trial 148 finished with value: 0.4942723553928901 and parameters: {'model_name': 'SimpleImputer', 'strategy': 'constant'}. Best is trial 70 with value: 0.10125557993260861.
running
[I 2024-11-12 13:50:59,923] Trial 149 finished with value: 0.10125557993260861 and parameters: {'model_name': 'SimpleImputer', 'strategy': 'median'}. Best is trial 70 with value: 0.10125557993260861.
running
[I 2024-11-12 13:51:00,657] Trial 150 finished with value: 0.10125557993260861 and parameters: {'model_name': 'SimpleImputer', 'strategy': 'median'}. Best is trial 70 with value: 0.10125557993260861.
running
[I 2024-11-12 13:51:01,348] Trial 151 finished with value: 0.10125557993260861 and parameters: {'model_name': 'SimpleImputer', 'strategy': 'median'}. Best is trial 70 with value: 0.10125557993260861.
running
[I 2024-11-12 13:51:02,959] Trial 152 finished with value: 0.3190053726525152 and parameters: {'model_name': 'SimpleImputer', 'strategy': 'most_frequent'}. Best is trial 70 with value: 0.10125557993260861.
running
[I 2024-11-12 13:51:03,852] Trial 153 finished with value: 0.10125557993260861 and parameters: {'model_name': 'SimpleImputer', 'strategy': 'median'}. Best is trial 70 with value: 0.10125557993260861.
running
[I 2024-11-12 13:51:04,706] Trial 154 finished with value: 0.10125557993260861 and parameters: {'model_name': 'SimpleImputer', 'strategy': 'median'}. Best is trial 70 with value: 0.10125557993260861.
running
[I 2024-11-12 13:51:05,641] Trial 155 finished with value: 0.10125557993260861 and parameters: {'model_name': 'SimpleImputer', 'strategy': 'median'}. Best is trial 70 with value: 0.10125557993260861.
running
[I 2024-11-12 13:51:06,412] Trial 156 finished with value: 0.10125557993260861 and parameters: {'model_name': 'SimpleImputer', 'strategy': 'median'}. Best is trial 70 with value: 0.10125557993260861.
running
[I 2024-11-12 13:51:07,270] Trial 157 finished with value: 0.10125557993260861 and parameters: {'model_name': 'SimpleImputer', 'strategy': 'median'}. Best is trial 70 with value: 0.10125557993260861.
running
[I 2024-11-12 13:51:08,130] Trial 158 finished with value: 0.10125557993260861 and parameters: {'model_name': 'SimpleImputer', 'strategy': 'median'}. Best is trial 70 with value: 0.10125557993260861.
running
[I 2024-11-12 13:51:08,810] Trial 159 finished with value: 0.10125557993260861 and parameters: {'model_name': 'SimpleImputer', 'strategy': 'median'}. Best is trial 70 with value: 0.10125557993260861.
running
[I 2024-11-12 13:51:09,548] Trial 160 finished with value: 0.10125557993260861 and parameters: {'model_name': 'SimpleImputer', 'strategy': 'median'}. Best is trial 70 with value: 0.10125557993260861.
running
[I 2024-11-12 13:51:10,421] Trial 161 finished with value: 0.10125557993260861 and parameters: {'model_name': 'SimpleImputer', 'strategy': 'median'}. Best is trial 70 with value: 0.10125557993260861.
running
[I 2024-11-12 13:53:02,452] Trial 135 finished with value: 0.13862562420259666 and parameters: {'model_name': 'IterativeImputer', 'estimator': 'RFR', 'initial_strategy': 'mean', 'n_nearest_features': 6, 'imputation_order': 'roman'}. Best is trial 70 with value: 0.10125557993260861.
running
[I 2024-11-12 13:53:23,303] Trial 163 finished with value: 0.47560772314480093 and parameters: {'model_name': 'GAIN', 'batch_size': 375, 'hint_rate': 0.8097619784237984, 'alpha': 27, 'iterations': 9, 'learning_rate': 0.09877090305652136, 'p_miss': 0.2977836549786567}. Best is trial 70 with value: 0.10125557993260861.
running
[I 2024-11-12 13:53:23,762] Trial 164 finished with value: 0.13356881314580374 and parameters: {'model_name': 'SimpleImputer', 'strategy': 'mean'}. Best is trial 70 with value: 0.10125557993260861.
running
[I 2024-11-12 13:53:24,603] Trial 165 finished with value: 0.10125557993260861 and parameters: {'model_name': 'SimpleImputer', 'strategy': 'median'}. Best is trial 70 with value: 0.10125557993260861.
running
[I 2024-11-12 13:53:25,188] Trial 166 finished with value: 0.10125557993260861 and parameters: {'model_name': 'SimpleImputer', 'strategy': 'median'}. Best is trial 70 with value: 0.10125557993260861.
running
[I 2024-11-12 13:53:25,937] Trial 167 finished with value: 0.10125557993260861 and parameters: {'model_name': 'SimpleImputer', 'strategy': 'median'}. Best is trial 70 with value: 0.10125557993260861.
running
[I 2024-11-12 13:53:26,714] Trial 168 finished with value: 0.10125557993260861 and parameters: {'model_name': 'SimpleImputer', 'strategy': 'median'}. Best is trial 70 with value: 0.10125557993260861.
running
[I 2024-11-12 13:53:27,564] Trial 169 finished with value: 0.10125557993260861 and parameters: {'model_name': 'SimpleImputer', 'strategy': 'median'}. Best is trial 70 with value: 0.10125557993260861.
running
[I 2024-11-12 13:53:28,279] Trial 170 finished with value: 0.10125557993260861 and parameters: {'model_name': 'SimpleImputer', 'strategy': 'median'}. Best is trial 70 with value: 0.10125557993260861.
running
[I 2024-11-12 13:53:28,767] Trial 171 finished with value: 0.4942723553928901 and parameters: {'model_name': 'SimpleImputer', 'strategy': 'constant'}. Best is trial 70 with value: 0.10125557993260861.
running
[I 2024-11-12 13:53:30,735] Trial 172 finished with value: 0.3190053726525152 and parameters: {'model_name': 'SimpleImputer', 'strategy': 'most_frequent'}. Best is trial 70 with value: 0.10125557993260861.
running
[I 2024-11-12 13:53:31,538] Trial 173 finished with value: 0.10125557993260861 and parameters: {'model_name': 'SimpleImputer', 'strategy': 'median'}. Best is trial 70 with value: 0.10125557993260861.
running
[I 2024-11-12 13:53:32,264] Trial 174 finished with value: 0.10125557993260861 and parameters: {'model_name': 'SimpleImputer', 'strategy': 'median'}. Best is trial 70 with value: 0.10125557993260861.
running
[I 2024-11-12 13:53:33,047] Trial 175 finished with value: 0.10125557993260861 and parameters: {'model_name': 'SimpleImputer', 'strategy': 'median'}. Best is trial 70 with value: 0.10125557993260861.
running
[I 2024-11-12 13:53:33,747] Trial 176 finished with value: 0.10125557993260861 and parameters: {'model_name': 'SimpleImputer', 'strategy': 'median'}. Best is trial 70 with value: 0.10125557993260861.
running
[I 2024-11-12 13:53:34,638] Trial 177 finished with value: 0.10125557993260861 and parameters: {'model_name': 'SimpleImputer', 'strategy': 'median'}. Best is trial 70 with value: 0.10125557993260861.
running
[I 2024-11-12 13:53:35,306] Trial 178 finished with value: 0.10125557993260861 and parameters: {'model_name': 'SimpleImputer', 'strategy': 'median'}. Best is trial 70 with value: 0.10125557993260861.
running
[I 2024-11-12 13:53:36,039] Trial 179 finished with value: 0.10125557993260861 and parameters: {'model_name': 'SimpleImputer', 'strategy': 'median'}. Best is trial 70 with value: 0.10125557993260861.
running
[I 2024-11-12 13:53:36,704] Trial 180 finished with value: 0.10125557993260861 and parameters: {'model_name': 'SimpleImputer', 'strategy': 'median'}. Best is trial 70 with value: 0.10125557993260861.
running
[I 2024-11-12 13:53:37,441] Trial 181 finished with value: 0.10125557993260861 and parameters: {'model_name': 'SimpleImputer', 'strategy': 'median'}. Best is trial 70 with value: 0.10125557993260861.
running
[I 2024-11-12 13:53:38,134] Trial 182 finished with value: 0.10125557993260861 and parameters: {'model_name': 'SimpleImputer', 'strategy': 'median'}. Best is trial 70 with value: 0.10125557993260861.
running
[I 2024-11-12 13:53:38,804] Trial 183 finished with value: 0.10125557993260861 and parameters: {'model_name': 'SimpleImputer', 'strategy': 'median'}. Best is trial 70 with value: 0.10125557993260861.
running
[I 2024-11-12 13:53:39,486] Trial 184 finished with value: 0.10125557993260861 and parameters: {'model_name': 'SimpleImputer', 'strategy': 'median'}. Best is trial 70 with value: 0.10125557993260861.
running
[I 2024-11-12 13:53:40,048] Trial 185 finished with value: 0.13356881314580374 and parameters: {'model_name': 'SimpleImputer', 'strategy': 'mean'}. Best is trial 70 with value: 0.10125557993260861.
running
[I 2024-11-12 13:53:40,785] Trial 186 finished with value: 0.10125557993260861 and parameters: {'model_name': 'SimpleImputer', 'strategy': 'median'}. Best is trial 70 with value: 0.10125557993260861.
running
[I 2024-11-12 13:53:41,530] Trial 187 finished with value: 0.10125557993260861 and parameters: {'model_name': 'SimpleImputer', 'strategy': 'median'}. Best is trial 70 with value: 0.10125557993260861.
running
[I 2024-11-12 13:53:42,351] Trial 188 finished with value: 0.10125557993260861 and parameters: {'model_name': 'SimpleImputer', 'strategy': 'median'}. Best is trial 70 with value: 0.10125557993260861.
running
[I 2024-11-12 13:53:43,198] Trial 189 finished with value: 0.10125557993260861 and parameters: {'model_name': 'SimpleImputer', 'strategy': 'median'}. Best is trial 70 with value: 0.10125557993260861.
running
[I 2024-11-12 13:53:44,125] Trial 190 finished with value: 0.10125557993260861 and parameters: {'model_name': 'SimpleImputer', 'strategy': 'median'}. Best is trial 70 with value: 0.10125557993260861.
running
[I 2024-11-12 14:03:11,935] Trial 101 finished with value: 0.13418151487828442 and parameters: {'model_name': 'IterativeImputer', 'estimator': 'RFR', 'initial_strategy': 'mean', 'n_nearest_features': 20, 'imputation_order': 'descending'}. Best is trial 70 with value: 0.10125557993260861.
running
[I 2024-11-12 14:05:36,769] Trial 42 finished with value: 0.14983066587882726 and parameters: {'model_name': 'VAE', 'batch_size': 13, 'iterations': 5315, 'learning_rate': 0.0001829078373174308, 'p_miss': 0.013844057099446694}. Best is trial 70 with value: 0.10125557993260861.
running
[I 2024-11-12 14:08:00,463] Trial 193 finished with value: 0.4806921296729076 and parameters: {'model_name': 'GAIN', 'batch_size': 854, 'hint_rate': 0.015374884212217166, 'alpha': 1, 'iterations': 63, 'learning_rate': 0.03409064226221302, 'p_miss': 0.09490066580073203}. Best is trial 70 with value: 0.10125557993260861.
running
[I 2024-11-12 14:08:01,380] Trial 194 finished with value: 0.10125557993260861 and parameters: {'model_name': 'SimpleImputer', 'strategy': 'median'}. Best is trial 70 with value: 0.10125557993260861.
running
[I 2024-11-12 14:08:02,037] Trial 195 finished with value: 0.10125557993260861 and parameters: {'model_name': 'SimpleImputer', 'strategy': 'median'}. Best is trial 70 with value: 0.10125557993260861.
running
[I 2024-11-12 14:08:02,826] Trial 196 finished with value: 0.10125557993260861 and parameters: {'model_name': 'SimpleImputer', 'strategy': 'median'}. Best is trial 70 with value: 0.10125557993260861.
running
[I 2024-11-12 14:08:03,482] Trial 197 finished with value: 0.10125557993260861 and parameters: {'model_name': 'SimpleImputer', 'strategy': 'median'}. Best is trial 70 with value: 0.10125557993260861.
running
[I 2024-11-12 14:08:04,058] Trial 198 finished with value: 0.10125557993260861 and parameters: {'model_name': 'SimpleImputer', 'strategy': 'median'}. Best is trial 70 with value: 0.10125557993260861.
running
[I 2024-11-12 14:08:04,506] Trial 199 finished with value: 0.4942723553928901 and parameters: {'model_name': 'SimpleImputer', 'strategy': 'constant'}. Best is trial 70 with value: 0.10125557993260861.
[I 2024-11-12 14:11:59,846] Trial 47 finished with value: 0.1475524231479152 and parameters: {'model_name': 'VAE', 'batch_size': 44, 'iterations': 6797, 'learning_rate': 0.00014001176803373462, 'p_miss': 0.20286950271021476}. Best is trial 70 with value: 0.10125557993260861.
[I 2024-11-12 15:19:41,401] Trial 52 finished with value: 0.15061465416071693 and parameters: {'model_name': 'VAE', 'batch_size': 8, 'iterations': 8111, 'learning_rate': 0.00011357247841319612, 'p_miss': 0.19419556200996146}. Best is trial 70 with value: 0.10125557993260861.
[I 2024-11-12 15:20:08,032] Trial 69 finished with value: 0.1503341989199587 and parameters: {'model_name': 'VAE', 'batch_size': 4, 'iterations': 6506, 'learning_rate': 0.00012055225125421807, 'p_miss': 0.2083100911808962}. Best is trial 70 with value: 0.10125557993260861.
[I 2024-11-12 15:23:29,739] Trial 45 finished with value: 0.14866956714167595 and parameters: {'model_name': 'VAE', 'batch_size': 29, 'iterations': 7652, 'learning_rate': 0.00010284341088621986, 'p_miss': 0.18896866328956333}. Best is trial 70 with value: 0.10125557993260861.
[I 2024-11-12 15:30:23,905] Trial 28 finished with value: 0.1632824414532789 and parameters: {'model_name': 'VAE', 'batch_size': 1, 'iterations': 8395, 'learning_rate': 0.000123935898300364, 'p_miss': 0.25709988287309465}. Best is trial 70 with value: 0.10125557993260861.
[I 2024-11-12 15:32:23,431] Trial 66 finished with value: 0.15540544102918347 and parameters: {'model_name': 'VAE', 'batch_size': 7, 'iterations': 6534, 'learning_rate': 0.00011817470230444965, 'p_miss': 0.20354076582148045}. Best is trial 70 with value: 0.10125557993260861.
[I 2024-11-12 15:33:28,605] Trial 55 finished with value: 0.14908343236150273 and parameters: {'model_name': 'VAE', 'batch_size': 4, 'iterations': 7568, 'learning_rate': 0.00013432915107226728, 'p_miss': 0.20625445964258093}. Best is trial 70 with value: 0.10125557993260861.
[I 2024-11-12 15:38:53,113] Trial 50 finished with value: 0.15207040489711748 and parameters: {'model_name': 'VAE', 'batch_size': 14, 'iterations': 7277, 'learning_rate': 0.00010914568285750044, 'p_miss': 0.20836909833271566}. Best is trial 70 with value: 0.10125557993260861.
[I 2024-11-12 15:39:47,518] Trial 63 finished with value: 0.15216950419083444 and parameters: {'model_name': 'VAE', 'batch_size': 3, 'iterations': 8632, 'learning_rate': 0.03260133241274956, 'p_miss': 0.21763863145607676}. Best is trial 70 with value: 0.10125557993260861.
[I 2024-11-12 15:49:21,081] Trial 68 finished with value: 0.14624812138976867 and parameters: {'model_name': 'VAE', 'batch_size': 3, 'iterations': 8469, 'learning_rate': 0.03563218309896621, 'p_miss': 0.2210417536244462}. Best is trial 70 with value: 0.10125557993260861.
[I 2024-11-12 15:50:24,660] Trial 141 finished with value: 0.44333898594347704 and parameters: {'model_name': 'GAIN', 'batch_size': 4, 'hint_rate': 0.7398872327446822, 'alpha': 95, 'iterations': 8924, 'learning_rate': 0.0020527695193914845, 'p_miss': 0.22330431184476773}. Best is trial 70 with value: 0.10125557993260861.
[I 2024-11-12 15:53:26,256] Trial 162 finished with value: 0.46342990704940945 and parameters: {'model_name': 'GAIN', 'batch_size': 125, 'hint_rate': 0.7523512895406153, 'alpha': 24, 'iterations': 9599, 'learning_rate': 0.09726681975138704, 'p_miss': 0.2993714925497818}. Best is trial 70 with value: 0.10125557993260861.
[I 2024-11-12 15:53:39,737] Trial 191 finished with value: 0.47800899707076133 and parameters: {'model_name': 'GAIN', 'batch_size': 145, 'hint_rate': 0.050113113213220595, 'alpha': 2, 'iterations': 9844, 'learning_rate': 0.03770503410235727, 'p_miss': 0.09031792173176374}. Best is trial 70 with value: 0.10125557993260861.
[I 2024-11-12 15:54:18,109] Trial 61 finished with value: 0.15050595576828257 and parameters: {'model_name': 'VAE', 'batch_size': 14, 'iterations': 7665, 'learning_rate': 0.00012749260530293187, 'p_miss': 0.21066468623503284}. Best is trial 70 with value: 0.10125557993260861.
[I 2024-11-12 15:55:38,270] Trial 192 finished with value: 0.47968170796391557 and parameters: {'model_name': 'GAIN', 'batch_size': 924, 'hint_rate': 0.029947286626231806, 'alpha': 1, 'iterations': 6356, 'learning_rate': 0.03612798824052344, 'p_miss': 0.08931131820467274}. Best is trial 70 with value: 0.10125557993260861.
fit
auto fit
auto transform
0     0
1     0
2     0
3     0
4     0
5     0
6     0
7     0
8     0
9     0
10    0
11    0
12    0
13    0
14    0
15    0
16    0
17    0
18    0
19    0
dtype: int64
0     0
1     0
2     0
3     0
4     0
5     0
6     0
7     0
8     0
9     0
10    0
11    0
12    0
13    0
14    0
15    0
16    0
17    0
18    0
19    0
dtype: int64
0.10125557993260861
{'model_name': 'SimpleImputer', 'strategy': 'median'}
running experiment 2/3 - Does reconstruction give good automl predictions
Start est fit
Version 0.1.7a0 of tpot2 is outdated. Version 0.1.8a0 was released Tuesday September 17, 2024.
Version 0.1.7a0 of tpot2 is outdated. Version 0.1.8a0 was released Tuesday September 17, 2024.
Version 0.1.7a0 of tpot2 is outdated. Version 0.1.8a0 was released Tuesday September 17, 2024.
Version 0.1.7a0 of tpot2 is outdated. Version 0.1.8a0 was released Tuesday September 17, 2024.
Version 0.1.7a0 of tpot2 is outdated. Version 0.1.8a0 was released Tuesday September 17, 2024.
Version 0.1.7a0 of tpot2 is outdated. Version 0.1.8a0 was released Tuesday September 17, 2024.
Version 0.1.7a0 of tpot2 is outdated. Version 0.1.8a0 was released Tuesday September 17, 2024.
Version 0.1.7a0 of tpot2 is outdated. Version 0.1.8a0 was released Tuesday September 17, 2024.
Version 0.1.7a0 of tpot2 is outdated. Version 0.1.8a0 was released Tuesday September 17, 2024.
Version 0.1.7a0 of tpot2 is outdated. Version 0.1.8a0 was released Tuesday September 17, 2024.
Version 0.1.7a0 of tpot2 is outdated. Version 0.1.8a0 was released Tuesday September 17, 2024.
Version 0.1.7a0 of tpot2 is outdated. Version 0.1.8a0 was released Tuesday September 17, 2024.
Version 0.1.7a0 of tpot2 is outdated. Version 0.1.8a0 was released Tuesday September 17, 2024.
Version 0.1.7a0 of tpot2 is outdated. Version 0.1.8a0 was released Tuesday September 17, 2024.
Version 0.1.7a0 of tpot2 is outdated. Version 0.1.8a0 was released Tuesday September 17, 2024.
Version 0.1.7a0 of tpot2 is outdated. Version 0.1.8a0 was released Tuesday September 17, 2024.
  0%|          | 0/25 [00:00<?, ?it/s]Generation:   0%|          | 0/25 [00:00<?, ?it/s]WARNING THIS INDIVIDUAL CAUSED AND EXCEPTION 
 <tpot2.search_spaces.pipelines.sequential.SequentialPipelineIndividual object at 0x1554746a1000> 
 Argument 'metric' has incorrect type (expected str, got numpy.str_) 
 Traceback (most recent call last):
  File "/common/ketrong/tpotexp/tpot2/tpot2/utils/eval_utils.py", line 53, in objective_nan_wrapper
    value = func_timeout.func_timeout(timeout, objective_function, args=[individual], kwargs=objective_kwargs)
  File "/common/ketrong/tpotexp/env/lib/python3.10/site-packages/func_timeout/dafunc.py", line 108, in func_timeout
    raise_exception(exception)
  File "/common/ketrong/tpotexp/env/lib/python3.10/site-packages/func_timeout/py3_raise.py", line 7, in raise_exception
    raise exception[0] from None
  File "/common/ketrong/tpotexp/tpot2/tpot2/tpot_estimator/estimator.py", line 623, in objective_function
    return objective_function_generator(
  File "/common/ketrong/tpotexp/tpot2/tpot2/tpot_estimator/estimator_utils.py", line 55, in objective_function_generator
    cv_obj_scores = cross_val_score_objective(sklearn.base.clone(pipeline),x,y,scorers=scorers, cv=cv , fold=step)
  File "/common/ketrong/tpotexp/tpot2/tpot2/tpot_estimator/cross_val_utils.py", line 31, in cross_val_score_objective
    this_fold_scores = [sklearn.metrics.get_scorer(scorer)(this_fold_pipeline, X_test, y_test) for scorer in scorers]
  File "/common/ketrong/tpotexp/tpot2/tpot2/tpot_estimator/cross_val_utils.py", line 31, in <listcomp>
    this_fold_scores = [sklearn.metrics.get_scorer(scorer)(this_fold_pipeline, X_test, y_test) for scorer in scorers]
  File "/common/ketrong/tpotexp/env/lib/python3.10/site-packages/sklearn/metrics/_scorer.py", line 279, in __call__
    return self._score(partial(_cached_call, None), estimator, X, y_true, **_kwargs)
  File "/common/ketrong/tpotexp/env/lib/python3.10/site-packages/sklearn/metrics/_scorer.py", line 371, in _score
    y_pred = method_caller(
  File "/common/ketrong/tpotexp/env/lib/python3.10/site-packages/sklearn/metrics/_scorer.py", line 89, in _cached_call
    result, _ = _get_response_values(
  File "/common/ketrong/tpotexp/env/lib/python3.10/site-packages/sklearn/utils/_response.py", line 211, in _get_response_values
    y_pred = prediction_method(X)
  File "/common/ketrong/tpotexp/env/lib/python3.10/site-packages/sklearn/pipeline.py", line 601, in predict
    return self.steps[-1][1].predict(Xt, **params)
  File "/common/ketrong/tpotexp/env/lib/python3.10/site-packages/sklearn/neighbors/_classification.py", line 259, in predict
    probabilities = self.predict_proba(X)
  File "/common/ketrong/tpotexp/env/lib/python3.10/site-packages/sklearn/neighbors/_classification.py", line 343, in predict_proba
    probabilities = ArgKminClassMode.compute(
  File "/common/ketrong/tpotexp/env/lib/python3.10/site-packages/sklearn/metrics/_pairwise_distances_reduction/_dispatcher.py", line 584, in compute
    return ArgKminClassMode64.compute(
TypeError: Argument 'metric' has incorrect type (expected str, got numpy.str_)

WARNING THIS INDIVIDUAL CAUSED AND EXCEPTION 
 <tpot2.search_spaces.pipelines.sequential.SequentialPipelineIndividual object at 0x1554746a0070> 
 Argument 'metric' has incorrect type (expected str, got numpy.str_) 
 Traceback (most recent call last):
  File "/common/ketrong/tpotexp/tpot2/tpot2/utils/eval_utils.py", line 53, in objective_nan_wrapper
    value = func_timeout.func_timeout(timeout, objective_function, args=[individual], kwargs=objective_kwargs)
  File "/common/ketrong/tpotexp/env/lib/python3.10/site-packages/func_timeout/dafunc.py", line 108, in func_timeout
    raise_exception(exception)
  File "/common/ketrong/tpotexp/env/lib/python3.10/site-packages/func_timeout/py3_raise.py", line 7, in raise_exception
    raise exception[0] from None
  File "/common/ketrong/tpotexp/tpot2/tpot2/tpot_estimator/estimator.py", line 623, in objective_function
    return objective_function_generator(
  File "/common/ketrong/tpotexp/tpot2/tpot2/tpot_estimator/estimator_utils.py", line 55, in objective_function_generator
    cv_obj_scores = cross_val_score_objective(sklearn.base.clone(pipeline),x,y,scorers=scorers, cv=cv , fold=step)
  File "/common/ketrong/tpotexp/tpot2/tpot2/tpot_estimator/cross_val_utils.py", line 31, in cross_val_score_objective
    this_fold_scores = [sklearn.metrics.get_scorer(scorer)(this_fold_pipeline, X_test, y_test) for scorer in scorers]
  File "/common/ketrong/tpotexp/tpot2/tpot2/tpot_estimator/cross_val_utils.py", line 31, in <listcomp>
    this_fold_scores = [sklearn.metrics.get_scorer(scorer)(this_fold_pipeline, X_test, y_test) for scorer in scorers]
  File "/common/ketrong/tpotexp/env/lib/python3.10/site-packages/sklearn/metrics/_scorer.py", line 279, in __call__
    return self._score(partial(_cached_call, None), estimator, X, y_true, **_kwargs)
  File "/common/ketrong/tpotexp/env/lib/python3.10/site-packages/sklearn/metrics/_scorer.py", line 371, in _score
    y_pred = method_caller(
  File "/common/ketrong/tpotexp/env/lib/python3.10/site-packages/sklearn/metrics/_scorer.py", line 89, in _cached_call
    result, _ = _get_response_values(
  File "/common/ketrong/tpotexp/env/lib/python3.10/site-packages/sklearn/utils/_response.py", line 211, in _get_response_values
    y_pred = prediction_method(X)
  File "/common/ketrong/tpotexp/env/lib/python3.10/site-packages/sklearn/pipeline.py", line 601, in predict
    return self.steps[-1][1].predict(Xt, **params)
  File "/common/ketrong/tpotexp/env/lib/python3.10/site-packages/sklearn/neighbors/_classification.py", line 259, in predict
    probabilities = self.predict_proba(X)
  File "/common/ketrong/tpotexp/env/lib/python3.10/site-packages/sklearn/neighbors/_classification.py", line 343, in predict_proba
    probabilities = ArgKminClassMode.compute(
  File "/common/ketrong/tpotexp/env/lib/python3.10/site-packages/sklearn/metrics/_pairwise_distances_reduction/_dispatcher.py", line 584, in compute
    return ArgKminClassMode64.compute(
TypeError: Argument 'metric' has incorrect type (expected str, got numpy.str_)

Generation:  1
Best f1_score score: 0.9548523288111657
Generation:   4%|         | 1/25 [05:03<2:01:34, 303.94s/it]Generation:  2
Best f1_score score: 0.962819941259081
Generation:   8%|         | 2/25 [06:21<1:05:29, 170.84s/it]Generation:  3
Best f1_score score: 0.962819941259081
Generation:  12%|        | 3/25 [08:59<1:00:31, 165.08s/it]WARNING THIS INDIVIDUAL CAUSED AND EXCEPTION 
 <tpot2.search_spaces.pipelines.sequential.SequentialPipelineIndividual object at 0x1554746a3fd0> 
 Argument 'metric' has incorrect type (expected str, got numpy.str_) 
 Traceback (most recent call last):
  File "/common/ketrong/tpotexp/tpot2/tpot2/utils/eval_utils.py", line 53, in objective_nan_wrapper
    value = func_timeout.func_timeout(timeout, objective_function, args=[individual], kwargs=objective_kwargs)
  File "/common/ketrong/tpotexp/env/lib/python3.10/site-packages/func_timeout/dafunc.py", line 108, in func_timeout
    raise_exception(exception)
  File "/common/ketrong/tpotexp/env/lib/python3.10/site-packages/func_timeout/py3_raise.py", line 7, in raise_exception
    raise exception[0] from None
  File "/common/ketrong/tpotexp/tpot2/tpot2/tpot_estimator/estimator.py", line 623, in objective_function
    return objective_function_generator(
  File "/common/ketrong/tpotexp/tpot2/tpot2/tpot_estimator/estimator_utils.py", line 55, in objective_function_generator
    cv_obj_scores = cross_val_score_objective(sklearn.base.clone(pipeline),x,y,scorers=scorers, cv=cv , fold=step)
  File "/common/ketrong/tpotexp/tpot2/tpot2/tpot_estimator/cross_val_utils.py", line 31, in cross_val_score_objective
    this_fold_scores = [sklearn.metrics.get_scorer(scorer)(this_fold_pipeline, X_test, y_test) for scorer in scorers]
  File "/common/ketrong/tpotexp/tpot2/tpot2/tpot_estimator/cross_val_utils.py", line 31, in <listcomp>
    this_fold_scores = [sklearn.metrics.get_scorer(scorer)(this_fold_pipeline, X_test, y_test) for scorer in scorers]
  File "/common/ketrong/tpotexp/env/lib/python3.10/site-packages/sklearn/metrics/_scorer.py", line 279, in __call__
    return self._score(partial(_cached_call, None), estimator, X, y_true, **_kwargs)
  File "/common/ketrong/tpotexp/env/lib/python3.10/site-packages/sklearn/metrics/_scorer.py", line 371, in _score
    y_pred = method_caller(
  File "/common/ketrong/tpotexp/env/lib/python3.10/site-packages/sklearn/metrics/_scorer.py", line 89, in _cached_call
    result, _ = _get_response_values(
  File "/common/ketrong/tpotexp/env/lib/python3.10/site-packages/sklearn/utils/_response.py", line 211, in _get_response_values
    y_pred = prediction_method(X)
  File "/common/ketrong/tpotexp/env/lib/python3.10/site-packages/sklearn/pipeline.py", line 601, in predict
    return self.steps[-1][1].predict(Xt, **params)
  File "/common/ketrong/tpotexp/env/lib/python3.10/site-packages/sklearn/neighbors/_classification.py", line 259, in predict
    probabilities = self.predict_proba(X)
  File "/common/ketrong/tpotexp/env/lib/python3.10/site-packages/sklearn/neighbors/_classification.py", line 343, in predict_proba
    probabilities = ArgKminClassMode.compute(
  File "/common/ketrong/tpotexp/env/lib/python3.10/site-packages/sklearn/metrics/_pairwise_distances_reduction/_dispatcher.py", line 584, in compute
    return ArgKminClassMode64.compute(
TypeError: Argument 'metric' has incorrect type (expected str, got numpy.str_)

Generation:  4
Best f1_score score: 0.962819941259081
Generation:  16%|        | 4/25 [10:44<49:23, 141.13s/it]  Generation:  5
Best f1_score score: 0.9634868214041917
Generation:  20%|        | 5/25 [11:13<33:38, 100.94s/it]Generation:  6
Best f1_score score: 0.9634868214041917
Generation:  24%|       | 6/25 [11:36<23:34, 74.47s/it] Generation:  7
Best f1_score score: 0.9634868214041917
Generation:  28%|       | 7/25 [11:54<16:44, 55.83s/it]Generation:  8
Best f1_score score: 0.9634868214041917
Generation:  32%|      | 8/25 [13:36<20:01, 70.69s/it]Generation:  9
Best f1_score score: 0.9634868214041917
Generation:  36%|      | 9/25 [14:55<19:28, 73.01s/it]Generation:  10
Best f1_score score: 0.9634868214041917
Generation:  40%|      | 10/25 [16:01<17:43, 70.92s/it]Generation:  11
Best f1_score score: 0.9634868214041917
Generation:  44%|     | 11/25 [19:59<28:29, 122.14s/it]Generation:  12
Best f1_score score: 0.9634868214041917
Generation:  48%|     | 12/25 [20:28<20:20, 93.92s/it] Generation:  13
Best f1_score score: 0.9634868214041917
Generation:  52%|    | 13/25 [20:56<14:44, 73.73s/it]Generation:  14
Best f1_score score: 0.9634868214041917
Generation:  56%|    | 14/25 [22:07<13:22, 73.00s/it]Generation:  15
Best f1_score score: 0.9634868214041917
Generation:  60%|    | 15/25 [22:35<09:53, 59.39s/it]Generation:  16
Best f1_score score: 0.9634868214041917
Generation:  64%|   | 16/25 [22:53<07:03, 47.06s/it]Generation:  17
Best f1_score score: 0.9634868214041917
Generation:  68%|   | 17/25 [23:28<05:45, 43.22s/it]Generation:  18
Best f1_score score: 0.9658617589129912
Generation:  72%|  | 18/25 [23:51<04:20, 37.28s/it]Generation:  19
Best f1_score score: 0.9658617589129912
Generation:  76%|  | 19/25 [24:08<03:06, 31.04s/it]Generation:  20
Best f1_score score: 0.9658617589129912
Generation:  80%|  | 20/25 [24:38<02:34, 30.81s/it]Generation:  21
Best f1_score score: 0.9658617589129912
Generation:  84%| | 21/25 [25:04<01:57, 29.36s/it]Generation:  22
Best f1_score score: 0.9658617589129912
Generation:  88%| | 22/25 [25:39<01:33, 31.13s/it]Generation:  23
Best f1_score score: 0.9658617589129912
Generation:  92%|| 23/25 [25:59<00:55, 27.68s/it]Generation:  24
Best f1_score score: 0.9658617589129912
Generation:  96%|| 24/25 [26:15<00:24, 24.12s/it]Generation:  25
Best f1_score score: 0.9658617589129912
Generation: 100%|| 25/25 [26:53<00:00, 28.31s/it]Generation: 100%|| 25/25 [26:56<00:00, 64.65s/it]
2024-11-12 16:22:42,032 - distributed.scheduler - ERROR - Removing worker 'tcp://127.0.0.1:37931' caused the cluster to lose scattered data, which can't be recovered: {'ndarray-3ac0da3726ad7a5af8ef64b283b734c1', 'ndarray-4cb56bbbe4ce60b80e8b59051bc5b8d8'} (stimulus_id='handle-worker-cleanup-1731457362.0321293')
Fitted
Pipeline(steps=[('extratreesclassifier',
                 ExtraTreesClassifier(max_features=0.194086888749,
                                      min_samples_leaf=2, min_samples_split=4,
                                      n_jobs=1))])
score start
train score: {'auroc': 1.0, 'accuracy': 0.9996621621621622, 'balanced_accuracy': 0.9996588195155237, 'logloss': 0.12877007251472, 'f1': 0.9996621274555686}
original test score: {'auroc': 0.9957410359948206, 'accuracy': 0.9682432432432433, 'balanced_accuracy': 0.9682467934493774, 'logloss': 0.24846114403179312, 'f1': 0.9682407928661406}
imputed test score: {'auroc': 0.991164293371759, 'accuracy': 0.95, 'balanced_accuracy': 0.9496631364019059, 'logloss': 0.2679572418684424, 'f1': 0.9499003679706355}
score end
check intended
EXP2 Finished
running experiment 3/3 - What is the best automl settings?
<tpot2.search_spaces.pipelines.sequential.SequentialPipeline object at 0x155435014580>
Start tpot fit
Version 0.1.7a0 of tpot2 is outdated. Version 0.1.8a0 was released Tuesday September 17, 2024.
Version 0.1.7a0 of tpot2 is outdated. Version 0.1.8a0 was released Tuesday September 17, 2024.
Version 0.1.7a0 of tpot2 is outdated. Version 0.1.8a0 was released Tuesday September 17, 2024.
Version 0.1.7a0 of tpot2 is outdated. Version 0.1.8a0 was released Tuesday September 17, 2024.
Version 0.1.7a0 of tpot2 is outdated. Version 0.1.8a0 was released Tuesday September 17, 2024.
Version 0.1.7a0 of tpot2 is outdated. Version 0.1.8a0 was released Tuesday September 17, 2024.
Version 0.1.7a0 of tpot2 is outdated. Version 0.1.8a0 was released Tuesday September 17, 2024.
Version 0.1.7a0 of tpot2 is outdated. Version 0.1.8a0 was released Tuesday September 17, 2024.
Version 0.1.7a0 of tpot2 is outdated. Version 0.1.8a0 was released Tuesday September 17, 2024.
Version 0.1.7a0 of tpot2 is outdated. Version 0.1.8a0 was released Tuesday September 17, 2024.
Version 0.1.7a0 of tpot2 is outdated. Version 0.1.8a0 was released Tuesday September 17, 2024.
Version 0.1.7a0 of tpot2 is outdated. Version 0.1.8a0 was released Tuesday September 17, 2024.
Version 0.1.7a0 of tpot2 is outdated. Version 0.1.8a0 was released Tuesday September 17, 2024.
Version 0.1.7a0 of tpot2 is outdated. Version 0.1.8a0 was released Tuesday September 17, 2024.
Version 0.1.7a0 of tpot2 is outdated. Version 0.1.8a0 was released Tuesday September 17, 2024.
Version 0.1.7a0 of tpot2 is outdated. Version 0.1.8a0 was released Tuesday September 17, 2024.
  0%|          | 0/25 [00:00<?, ?it/s]Generation:   0%|          | 0/25 [00:00<?, ?it/s]WARNING AN INDIVIDUAL TIMED OUT: 
 <tpot2.search_spaces.pipelines.sequential.SequentialPipelineIndividual object at 0x155474cd4940> 

Generation:  1
Best f1_score score: 0.9515107749356254
Generation:   4%|         | 1/25 [10:03<4:01:24, 603.53s/it]WARNING THIS INDIVIDUAL CAUSED AND EXCEPTION 
 <tpot2.search_spaces.pipelines.sequential.SequentialPipelineIndividual object at 0x155474d28eb0> 
 Negative values in data passed to MultinomialNB (input X) 
 Traceback (most recent call last):
  File "/common/ketrong/tpotexp/tpot2/tpot2/utils/eval_utils.py", line 53, in objective_nan_wrapper
    value = func_timeout.func_timeout(timeout, objective_function, args=[individual], kwargs=objective_kwargs)
  File "/common/ketrong/tpotexp/env/lib/python3.10/site-packages/func_timeout/dafunc.py", line 108, in func_timeout
    raise_exception(exception)
  File "/common/ketrong/tpotexp/env/lib/python3.10/site-packages/func_timeout/py3_raise.py", line 7, in raise_exception
    raise exception[0] from None
  File "/common/ketrong/tpotexp/tpot2/tpot2/tpot_estimator/estimator.py", line 623, in objective_function
    return objective_function_generator(
  File "/common/ketrong/tpotexp/tpot2/tpot2/tpot_estimator/estimator_utils.py", line 55, in objective_function_generator
    cv_obj_scores = cross_val_score_objective(sklearn.base.clone(pipeline),x,y,scorers=scorers, cv=cv , fold=step)
  File "/common/ketrong/tpotexp/tpot2/tpot2/tpot_estimator/cross_val_utils.py", line 28, in cross_val_score_objective
    this_fold_pipeline.fit(X_train,y_train)
  File "/common/ketrong/tpotexp/env/lib/python3.10/site-packages/sklearn/base.py", line 1473, in wrapper
    return fit_method(estimator, *args, **kwargs)
  File "/common/ketrong/tpotexp/env/lib/python3.10/site-packages/sklearn/pipeline.py", line 473, in fit
    self._final_estimator.fit(Xt, y, **last_step_params["fit"])
  File "/common/ketrong/tpotexp/env/lib/python3.10/site-packages/sklearn/base.py", line 1473, in wrapper
    return fit_method(estimator, *args, **kwargs)
  File "/common/ketrong/tpotexp/env/lib/python3.10/site-packages/sklearn/naive_bayes.py", line 759, in fit
    self._count(X, Y)
  File "/common/ketrong/tpotexp/env/lib/python3.10/site-packages/sklearn/naive_bayes.py", line 881, in _count
    check_non_negative(X, "MultinomialNB (input X)")
  File "/common/ketrong/tpotexp/env/lib/python3.10/site-packages/sklearn/utils/validation.py", line 1689, in check_non_negative
    raise ValueError("Negative values in data passed to %s" % whom)
ValueError: Negative values in data passed to MultinomialNB (input X)

WARNING AN INDIVIDUAL TIMED OUT: 
 <tpot2.search_spaces.pipelines.sequential.SequentialPipelineIndividual object at 0x155474cd46a0> 

Generation:  2
Best f1_score score: 0.9538757474736794
Generation:   8%|         | 2/25 [20:08<3:51:44, 604.53s/it]WARNING AN INDIVIDUAL TIMED OUT: 
 <tpot2.search_spaces.pipelines.sequential.SequentialPipelineIndividual object at 0x15545ffacc70> 

WARNING AN INDIVIDUAL TIMED OUT: 
 <tpot2.search_spaces.pipelines.sequential.SequentialPipelineIndividual object at 0x155474d5d780> 

Generation:  3
Best f1_score score: 0.9542121809898054
Generation:  12%|        | 3/25 [30:13<3:41:39, 604.50s/it]Generation:  4
Best f1_score score: 0.9587692291373493
Generation:  16%|        | 4/25 [33:53<2:38:31, 452.91s/it]Generation:  5
Best f1_score score: 0.959745550020709
Generation:  20%|        | 5/25 [34:59<1:44:28, 313.40s/it]WARNING AN INDIVIDUAL TIMED OUT: 
 <tpot2.search_spaces.pipelines.sequential.SequentialPipelineIndividual object at 0x1554745ca590> 

Generation:  6
Best f1_score score: 0.9602887846775419
Generation:  24%|       | 6/25 [45:05<2:10:39, 412.63s/it]WARNING AN INDIVIDUAL TIMED OUT: 
 <tpot2.search_spaces.pipelines.sequential.SequentialPipelineIndividual object at 0x1554481df5b0> 

WARNING AN INDIVIDUAL TIMED OUT: 
 <tpot2.search_spaces.pipelines.sequential.SequentialPipelineIndividual object at 0x15545f7ea470> 

Generation:  7
Best f1_score score: 0.962819941259081
Generation:  28%|       | 7/25 [55:12<2:22:51, 476.19s/it]Generation:  8
Best f1_score score: 0.9662006900255877
Generation:  32%|      | 8/25 [59:17<1:54:05, 402.70s/it]WARNING THIS INDIVIDUAL CAUSED AND EXCEPTION 
 <tpot2.search_spaces.pipelines.sequential.SequentialPipelineIndividual object at 0x155456bbcbe0> 
 Input X contains NaN.
GaussianNB does not accept missing values encoded as NaN natively. For supervised learning, you might want to consider sklearn.ensemble.HistGradientBoostingClassifier and Regressor which accept missing values encoded as NaNs natively. Alternatively, it is possible to preprocess the data, for instance by using an imputer transformer in a pipeline or drop samples with missing values. See https://scikit-learn.org/stable/modules/impute.html You can find a list of all estimators that handle NaN values at the following page: https://scikit-learn.org/stable/modules/impute.html#estimators-that-handle-nan-values 
 Traceback (most recent call last):
  File "/common/ketrong/tpotexp/tpot2/tpot2/utils/eval_utils.py", line 53, in objective_nan_wrapper
    value = func_timeout.func_timeout(timeout, objective_function, args=[individual], kwargs=objective_kwargs)
  File "/common/ketrong/tpotexp/env/lib/python3.10/site-packages/func_timeout/dafunc.py", line 108, in func_timeout
    raise_exception(exception)
  File "/common/ketrong/tpotexp/env/lib/python3.10/site-packages/func_timeout/py3_raise.py", line 7, in raise_exception
    raise exception[0] from None
  File "/common/ketrong/tpotexp/tpot2/tpot2/tpot_estimator/estimator.py", line 623, in objective_function
    return objective_function_generator(
  File "/common/ketrong/tpotexp/tpot2/tpot2/tpot_estimator/estimator_utils.py", line 55, in objective_function_generator
    cv_obj_scores = cross_val_score_objective(sklearn.base.clone(pipeline),x,y,scorers=scorers, cv=cv , fold=step)
  File "/common/ketrong/tpotexp/tpot2/tpot2/tpot_estimator/cross_val_utils.py", line 28, in cross_val_score_objective
    this_fold_pipeline.fit(X_train,y_train)
  File "/common/ketrong/tpotexp/env/lib/python3.10/site-packages/sklearn/base.py", line 1473, in wrapper
    return fit_method(estimator, *args, **kwargs)
  File "/common/ketrong/tpotexp/env/lib/python3.10/site-packages/sklearn/pipeline.py", line 473, in fit
    self._final_estimator.fit(Xt, y, **last_step_params["fit"])
  File "/common/ketrong/tpotexp/env/lib/python3.10/site-packages/sklearn/base.py", line 1473, in wrapper
    return fit_method(estimator, *args, **kwargs)
  File "/common/ketrong/tpotexp/env/lib/python3.10/site-packages/sklearn/naive_bayes.py", line 263, in fit
    return self._partial_fit(
  File "/common/ketrong/tpotexp/env/lib/python3.10/site-packages/sklearn/naive_bayes.py", line 423, in _partial_fit
    X, y = self._validate_data(X, y, reset=first_call)
  File "/common/ketrong/tpotexp/env/lib/python3.10/site-packages/sklearn/base.py", line 650, in _validate_data
    X, y = check_X_y(X, y, **check_params)
  File "/common/ketrong/tpotexp/env/lib/python3.10/site-packages/sklearn/utils/validation.py", line 1301, in check_X_y
    X = check_array(
  File "/common/ketrong/tpotexp/env/lib/python3.10/site-packages/sklearn/utils/validation.py", line 1064, in check_array
    _assert_all_finite(
  File "/common/ketrong/tpotexp/env/lib/python3.10/site-packages/sklearn/utils/validation.py", line 123, in _assert_all_finite
    _assert_all_finite_element_wise(
  File "/common/ketrong/tpotexp/env/lib/python3.10/site-packages/sklearn/utils/validation.py", line 172, in _assert_all_finite_element_wise
    raise ValueError(msg_err)
ValueError: Input X contains NaN.
GaussianNB does not accept missing values encoded as NaN natively. For supervised learning, you might want to consider sklearn.ensemble.HistGradientBoostingClassifier and Regressor which accept missing values encoded as NaNs natively. Alternatively, it is possible to preprocess the data, for instance by using an imputer transformer in a pipeline or drop samples with missing values. See https://scikit-learn.org/stable/modules/impute.html You can find a list of all estimators that handle NaN values at the following page: https://scikit-learn.org/stable/modules/impute.html#estimators-that-handle-nan-values

Generation:  9
Best f1_score score: 0.9662006900255877
Generation:  36%|      | 9/25 [59:43<1:15:58, 284.89s/it]Generation:  10
Best f1_score score: 0.9662006900255877
Generation:  40%|      | 10/25 [1:00:05<50:57, 203.81s/it]Generation:  11
Best f1_score score: 0.9662006900255877
Generation:  44%|     | 11/25 [1:03:45<48:41, 208.66s/it]Generation:  12
Best f1_score score: 0.9663690679463993
Generation:  48%|     | 12/25 [1:04:42<35:14, 162.67s/it]WARNING THIS INDIVIDUAL CAUSED AND EXCEPTION 
 <tpot2.search_spaces.pipelines.sequential.SequentialPipelineIndividual object at 0x155452539240> 
 Input X contains NaN.
GaussianNB does not accept missing values encoded as NaN natively. For supervised learning, you might want to consider sklearn.ensemble.HistGradientBoostingClassifier and Regressor which accept missing values encoded as NaNs natively. Alternatively, it is possible to preprocess the data, for instance by using an imputer transformer in a pipeline or drop samples with missing values. See https://scikit-learn.org/stable/modules/impute.html You can find a list of all estimators that handle NaN values at the following page: https://scikit-learn.org/stable/modules/impute.html#estimators-that-handle-nan-values 
 Traceback (most recent call last):
  File "/common/ketrong/tpotexp/tpot2/tpot2/utils/eval_utils.py", line 53, in objective_nan_wrapper
    value = func_timeout.func_timeout(timeout, objective_function, args=[individual], kwargs=objective_kwargs)
  File "/common/ketrong/tpotexp/env/lib/python3.10/site-packages/func_timeout/dafunc.py", line 108, in func_timeout
    raise_exception(exception)
  File "/common/ketrong/tpotexp/env/lib/python3.10/site-packages/func_timeout/py3_raise.py", line 7, in raise_exception
    raise exception[0] from None
  File "/common/ketrong/tpotexp/tpot2/tpot2/tpot_estimator/estimator.py", line 623, in objective_function
    return objective_function_generator(
  File "/common/ketrong/tpotexp/tpot2/tpot2/tpot_estimator/estimator_utils.py", line 55, in objective_function_generator
    cv_obj_scores = cross_val_score_objective(sklearn.base.clone(pipeline),x,y,scorers=scorers, cv=cv , fold=step)
  File "/common/ketrong/tpotexp/tpot2/tpot2/tpot_estimator/cross_val_utils.py", line 28, in cross_val_score_objective
    this_fold_pipeline.fit(X_train,y_train)
  File "/common/ketrong/tpotexp/env/lib/python3.10/site-packages/sklearn/base.py", line 1473, in wrapper
    return fit_method(estimator, *args, **kwargs)
  File "/common/ketrong/tpotexp/env/lib/python3.10/site-packages/sklearn/pipeline.py", line 473, in fit
    self._final_estimator.fit(Xt, y, **last_step_params["fit"])
  File "/common/ketrong/tpotexp/env/lib/python3.10/site-packages/sklearn/base.py", line 1473, in wrapper
    return fit_method(estimator, *args, **kwargs)
  File "/common/ketrong/tpotexp/env/lib/python3.10/site-packages/sklearn/naive_bayes.py", line 263, in fit
    return self._partial_fit(
  File "/common/ketrong/tpotexp/env/lib/python3.10/site-packages/sklearn/naive_bayes.py", line 423, in _partial_fit
    X, y = self._validate_data(X, y, reset=first_call)
  File "/common/ketrong/tpotexp/env/lib/python3.10/site-packages/sklearn/base.py", line 650, in _validate_data
    X, y = check_X_y(X, y, **check_params)
  File "/common/ketrong/tpotexp/env/lib/python3.10/site-packages/sklearn/utils/validation.py", line 1301, in check_X_y
    X = check_array(
  File "/common/ketrong/tpotexp/env/lib/python3.10/site-packages/sklearn/utils/validation.py", line 1064, in check_array
    _assert_all_finite(
  File "/common/ketrong/tpotexp/env/lib/python3.10/site-packages/sklearn/utils/validation.py", line 123, in _assert_all_finite
    _assert_all_finite_element_wise(
  File "/common/ketrong/tpotexp/env/lib/python3.10/site-packages/sklearn/utils/validation.py", line 172, in _assert_all_finite_element_wise
    raise ValueError(msg_err)
ValueError: Input X contains NaN.
GaussianNB does not accept missing values encoded as NaN natively. For supervised learning, you might want to consider sklearn.ensemble.HistGradientBoostingClassifier and Regressor which accept missing values encoded as NaNs natively. Alternatively, it is possible to preprocess the data, for instance by using an imputer transformer in a pipeline or drop samples with missing values. See https://scikit-learn.org/stable/modules/impute.html You can find a list of all estimators that handle NaN values at the following page: https://scikit-learn.org/stable/modules/impute.html#estimators-that-handle-nan-values

Generation:  13
Best f1_score score: 0.9663690679463993
Generation:  52%|    | 13/25 [1:06:43<29:59, 149.98s/it]Generation:  14
Best f1_score score: 0.9663690679463993
Generation:  56%|    | 14/25 [1:08:41<25:43, 140.35s/it]Generation:  15
Best f1_score score: 0.9663690679463993
Generation:  60%|    | 15/25 [1:09:09<17:45, 106.58s/it]WARNING THIS INDIVIDUAL CAUSED AND EXCEPTION 
 <tpot2.search_spaces.pipelines.sequential.SequentialPipelineIndividual object at 0x15545b5432e0> 
 Input X contains NaN.
GaussianNB does not accept missing values encoded as NaN natively. For supervised learning, you might want to consider sklearn.ensemble.HistGradientBoostingClassifier and Regressor which accept missing values encoded as NaNs natively. Alternatively, it is possible to preprocess the data, for instance by using an imputer transformer in a pipeline or drop samples with missing values. See https://scikit-learn.org/stable/modules/impute.html You can find a list of all estimators that handle NaN values at the following page: https://scikit-learn.org/stable/modules/impute.html#estimators-that-handle-nan-values 
 Traceback (most recent call last):
  File "/common/ketrong/tpotexp/tpot2/tpot2/utils/eval_utils.py", line 53, in objective_nan_wrapper
    value = func_timeout.func_timeout(timeout, objective_function, args=[individual], kwargs=objective_kwargs)
  File "/common/ketrong/tpotexp/env/lib/python3.10/site-packages/func_timeout/dafunc.py", line 108, in func_timeout
    raise_exception(exception)
  File "/common/ketrong/tpotexp/env/lib/python3.10/site-packages/func_timeout/py3_raise.py", line 7, in raise_exception
    raise exception[0] from None
  File "/common/ketrong/tpotexp/tpot2/tpot2/tpot_estimator/estimator.py", line 623, in objective_function
    return objective_function_generator(
  File "/common/ketrong/tpotexp/tpot2/tpot2/tpot_estimator/estimator_utils.py", line 55, in objective_function_generator
    cv_obj_scores = cross_val_score_objective(sklearn.base.clone(pipeline),x,y,scorers=scorers, cv=cv , fold=step)
  File "/common/ketrong/tpotexp/tpot2/tpot2/tpot_estimator/cross_val_utils.py", line 28, in cross_val_score_objective
    this_fold_pipeline.fit(X_train,y_train)
  File "/common/ketrong/tpotexp/env/lib/python3.10/site-packages/sklearn/base.py", line 1473, in wrapper
    return fit_method(estimator, *args, **kwargs)
  File "/common/ketrong/tpotexp/env/lib/python3.10/site-packages/sklearn/pipeline.py", line 473, in fit
    self._final_estimator.fit(Xt, y, **last_step_params["fit"])
  File "/common/ketrong/tpotexp/env/lib/python3.10/site-packages/sklearn/base.py", line 1473, in wrapper
    return fit_method(estimator, *args, **kwargs)
  File "/common/ketrong/tpotexp/env/lib/python3.10/site-packages/sklearn/naive_bayes.py", line 263, in fit
    return self._partial_fit(
  File "/common/ketrong/tpotexp/env/lib/python3.10/site-packages/sklearn/naive_bayes.py", line 423, in _partial_fit
    X, y = self._validate_data(X, y, reset=first_call)
  File "/common/ketrong/tpotexp/env/lib/python3.10/site-packages/sklearn/base.py", line 650, in _validate_data
    X, y = check_X_y(X, y, **check_params)
  File "/common/ketrong/tpotexp/env/lib/python3.10/site-packages/sklearn/utils/validation.py", line 1301, in check_X_y
    X = check_array(
  File "/common/ketrong/tpotexp/env/lib/python3.10/site-packages/sklearn/utils/validation.py", line 1064, in check_array
    _assert_all_finite(
  File "/common/ketrong/tpotexp/env/lib/python3.10/site-packages/sklearn/utils/validation.py", line 123, in _assert_all_finite
    _assert_all_finite_element_wise(
  File "/common/ketrong/tpotexp/env/lib/python3.10/site-packages/sklearn/utils/validation.py", line 172, in _assert_all_finite_element_wise
    raise ValueError(msg_err)
ValueError: Input X contains NaN.
GaussianNB does not accept missing values encoded as NaN natively. For supervised learning, you might want to consider sklearn.ensemble.HistGradientBoostingClassifier and Regressor which accept missing values encoded as NaNs natively. Alternatively, it is possible to preprocess the data, for instance by using an imputer transformer in a pipeline or drop samples with missing values. See https://scikit-learn.org/stable/modules/impute.html You can find a list of all estimators that handle NaN values at the following page: https://scikit-learn.org/stable/modules/impute.html#estimators-that-handle-nan-values

Generation:  16
Best f1_score score: 0.9663690679463993
Generation:  64%|   | 16/25 [1:10:32<14:54, 99.39s/it] Generation:  17
Best f1_score score: 0.9663690679463993
Generation:  68%|   | 17/25 [1:12:33<14:07, 105.91s/it]WARNING THIS INDIVIDUAL CAUSED AND EXCEPTION 
 <tpot2.search_spaces.pipelines.sequential.SequentialPipelineIndividual object at 0x15545f630940> 
 Input X contains NaN.
GaussianNB does not accept missing values encoded as NaN natively. For supervised learning, you might want to consider sklearn.ensemble.HistGradientBoostingClassifier and Regressor which accept missing values encoded as NaNs natively. Alternatively, it is possible to preprocess the data, for instance by using an imputer transformer in a pipeline or drop samples with missing values. See https://scikit-learn.org/stable/modules/impute.html You can find a list of all estimators that handle NaN values at the following page: https://scikit-learn.org/stable/modules/impute.html#estimators-that-handle-nan-values 
 Traceback (most recent call last):
  File "/common/ketrong/tpotexp/tpot2/tpot2/utils/eval_utils.py", line 53, in objective_nan_wrapper
    value = func_timeout.func_timeout(timeout, objective_function, args=[individual], kwargs=objective_kwargs)
  File "/common/ketrong/tpotexp/env/lib/python3.10/site-packages/func_timeout/dafunc.py", line 108, in func_timeout
    raise_exception(exception)
  File "/common/ketrong/tpotexp/env/lib/python3.10/site-packages/func_timeout/py3_raise.py", line 7, in raise_exception
    raise exception[0] from None
  File "/common/ketrong/tpotexp/tpot2/tpot2/tpot_estimator/estimator.py", line 623, in objective_function
    return objective_function_generator(
  File "/common/ketrong/tpotexp/tpot2/tpot2/tpot_estimator/estimator_utils.py", line 55, in objective_function_generator
    cv_obj_scores = cross_val_score_objective(sklearn.base.clone(pipeline),x,y,scorers=scorers, cv=cv , fold=step)
  File "/common/ketrong/tpotexp/tpot2/tpot2/tpot_estimator/cross_val_utils.py", line 28, in cross_val_score_objective
    this_fold_pipeline.fit(X_train,y_train)
  File "/common/ketrong/tpotexp/env/lib/python3.10/site-packages/sklearn/base.py", line 1473, in wrapper
    return fit_method(estimator, *args, **kwargs)
  File "/common/ketrong/tpotexp/env/lib/python3.10/site-packages/sklearn/pipeline.py", line 473, in fit
    self._final_estimator.fit(Xt, y, **last_step_params["fit"])
  File "/common/ketrong/tpotexp/env/lib/python3.10/site-packages/sklearn/base.py", line 1473, in wrapper
    return fit_method(estimator, *args, **kwargs)
  File "/common/ketrong/tpotexp/env/lib/python3.10/site-packages/sklearn/naive_bayes.py", line 263, in fit
    return self._partial_fit(
  File "/common/ketrong/tpotexp/env/lib/python3.10/site-packages/sklearn/naive_bayes.py", line 423, in _partial_fit
    X, y = self._validate_data(X, y, reset=first_call)
  File "/common/ketrong/tpotexp/env/lib/python3.10/site-packages/sklearn/base.py", line 650, in _validate_data
    X, y = check_X_y(X, y, **check_params)
  File "/common/ketrong/tpotexp/env/lib/python3.10/site-packages/sklearn/utils/validation.py", line 1301, in check_X_y
    X = check_array(
  File "/common/ketrong/tpotexp/env/lib/python3.10/site-packages/sklearn/utils/validation.py", line 1064, in check_array
    _assert_all_finite(
  File "/common/ketrong/tpotexp/env/lib/python3.10/site-packages/sklearn/utils/validation.py", line 123, in _assert_all_finite
    _assert_all_finite_element_wise(
  File "/common/ketrong/tpotexp/env/lib/python3.10/site-packages/sklearn/utils/validation.py", line 172, in _assert_all_finite_element_wise
    raise ValueError(msg_err)
ValueError: Input X contains NaN.
GaussianNB does not accept missing values encoded as NaN natively. For supervised learning, you might want to consider sklearn.ensemble.HistGradientBoostingClassifier and Regressor which accept missing values encoded as NaNs natively. Alternatively, it is possible to preprocess the data, for instance by using an imputer transformer in a pipeline or drop samples with missing values. See https://scikit-learn.org/stable/modules/impute.html You can find a list of all estimators that handle NaN values at the following page: https://scikit-learn.org/stable/modules/impute.html#estimators-that-handle-nan-values

Generation:  18
Best f1_score score: 0.9663690679463993
Generation:  72%|  | 18/25 [1:13:39<10:56, 93.74s/it] Generation:  19
Best f1_score score: 0.9663690679463993
Generation:  76%|  | 19/25 [1:17:21<13:14, 132.39s/it]Generation:  20
Best f1_score score: 0.9663690679463993
Generation:  80%|  | 20/25 [1:17:58<08:39, 103.83s/it]Generation:  21
Best f1_score score: 0.9663690679463993
Generation:  84%| | 21/25 [1:22:05<09:46, 146.72s/it]Generation:  22
Best f1_score score: 0.9663690679463993
Generation:  88%| | 22/25 [1:28:38<11:02, 220.78s/it]WARNING AN INDIVIDUAL TIMED OUT: 
 <tpot2.search_spaces.pipelines.sequential.SequentialPipelineIndividual object at 0x15545aacb6a0> 

WARNING AN INDIVIDUAL TIMED OUT: 
 <tpot2.search_spaces.pipelines.sequential.SequentialPipelineIndividual object at 0x15545911efe0> 

Generation:  23
Best f1_score score: 0.9663690679463993
Generation:  92%|| 23/25 [1:38:48<11:15, 337.58s/it]Generation:  24
Best f1_score score: 0.9663690679463993
Generation:  96%|| 24/25 [1:39:14<04:03, 243.88s/it]WARNING AN INDIVIDUAL TIMED OUT: 
 <tpot2.search_spaces.pipelines.sequential.SequentialPipelineIndividual object at 0x15545bba81f0> 

Generation:  25
Best f1_score score: 0.9663690679463993
Generation: 100%|| 25/25 [1:49:21<00:00, 352.76s/it]Generation: 100%|| 25/25 [1:49:21<00:00, 262.44s/it]
2024-11-12 18:12:14,423 - distributed.scheduler - ERROR - Removing worker 'tcp://127.0.0.1:32873' caused the cluster to lose scattered data, which can't be recovered: {'DataFrame-6648d7440ff96f0992e0db1b9717c9d2', 'ndarray-4cb56bbbe4ce60b80e8b59051bc5b8d8'} (stimulus_id='handle-worker-cleanup-1731463934.423339')
Fitted
Pipeline(steps=[('knnimputer', KNNImputer(n_neighbors=4, weights='distance')),
                ('gaussiannb', GaussianNB())])
transform worked
try transform
transform worked
score start
train score: {'auroc': 0.994306657676578, 'accuracy': 0.9672297297297298, 'balanced_accuracy': 0.9670974855032537, 'logloss': 0.0956204313007101, 'f1': 0.9672124258419801}
test score: {'auroc': 0.9939658588880306, 'accuracy': 0.9635135135135136, 'balanced_accuracy': 0.9633696221904444, 'logloss': 0.09816029103419927, 'f1': 0.9634919126729475}
original test score: {'auroc': 0.9972550502145006, 'accuracy': 0.9722972972972973, 'balanced_accuracy': 0.97242905227093, 'logloss': 0.07163028185663957, 'f1': 0.9722966775644635}
score end
1496
lvl
0.3
type
MAR
num_run
1
class_full
finished
all finished
full run takes
9.250411825444964
hours
DONE
