Run: 19
/cm/local/apps/slurm/var/spool/job1044018/slurm_script: line 27: 
pip install -e tpot2
pip install -r tpot2/ImputerExperiments/requirements_.txt
: No such file or directory
RunStart
Version 0.1.7a0 of tpot2 is outdated. Version 0.1.8a0 was released Tuesday September 17, 2024.
starting loops
../data/c/1507/1507.pkl
working on 
../data/c/1507/class_simple_MAR_0.3_1
1.258542537689209
running experiment 1/3 - Does large hyperparameter space improve reconstruction accuracy over simple
[I 2024-11-08 07:40:30,614] A new study created in memory with name: no-name-5d6efc42-baaf-424c-acdc-efef939be3b2
running
running
running
running
running
running
running
running
running
running
running
running
running
running
running
running
[I 2024-11-08 07:40:30,904] Trial 6 finished with value: 0.4626274903918143 and parameters: {'model_name': 'SimpleImputer', 'strategy': 'constant'}. Best is trial 6 with value: 0.4626274903918143.
running
[I 2024-11-08 07:40:31,164] Trial 12 finished with value: 0.4626274903918143 and parameters: {'model_name': 'SimpleImputer', 'strategy': 'constant'}. Best is trial 6 with value: 0.4626274903918143.
running
[I 2024-11-08 07:40:31,291] Trial 13 finished with value: 0.4626274903918143 and parameters: {'model_name': 'SimpleImputer', 'strategy': 'constant'}. Best is trial 6 with value: 0.4626274903918143.
running
[I 2024-11-08 07:40:31,405] Trial 14 finished with value: 0.4626274903918143 and parameters: {'model_name': 'SimpleImputer', 'strategy': 'constant'}. Best is trial 6 with value: 0.4626274903918143.
running
[I 2024-11-08 07:40:31,605] Trial 7 finished with value: 0.16956214608068418 and parameters: {'model_name': 'SimpleImputer', 'strategy': 'mean'}. Best is trial 7 with value: 0.16956214608068418.
[I 2024-11-08 07:40:31,712] Trial 11 finished with value: 0.16956214608068418 and parameters: {'model_name': 'SimpleImputer', 'strategy': 'mean'}. Best is trial 7 with value: 0.16956214608068418.
running
running
[I 2024-11-08 07:40:31,839] Trial 0 finished with value: 0.13663988353089956 and parameters: {'model_name': 'SimpleImputer', 'strategy': 'median'}. Best is trial 0 with value: 0.13663988353089956.
running
[I 2024-11-08 07:40:32,019] Trial 2 finished with value: 0.13663988353089956 and parameters: {'model_name': 'SimpleImputer', 'strategy': 'median'}. Best is trial 0 with value: 0.13663988353089956.
[I 2024-11-08 07:40:32,156] Trial 4 finished with value: 0.13663988353089956 and parameters: {'model_name': 'SimpleImputer', 'strategy': 'median'}. Best is trial 0 with value: 0.13663988353089956.
running
[I 2024-11-08 07:40:32,248] Trial 5 finished with value: 0.13663988353089956 and parameters: {'model_name': 'SimpleImputer', 'strategy': 'median'}. Best is trial 0 with value: 0.13663988353089956.
running
running
[I 2024-11-08 07:40:32,366] Trial 8 finished with value: 0.13663988353089956 and parameters: {'model_name': 'SimpleImputer', 'strategy': 'median'}. Best is trial 0 with value: 0.13663988353089956.
running
[I 2024-11-08 07:40:32,522] Trial 3 finished with value: 0.13663988353089956 and parameters: {'model_name': 'SimpleImputer', 'strategy': 'median'}. Best is trial 0 with value: 0.13663988353089956.
running
[I 2024-11-08 07:40:32,719] Trial 16 finished with value: 0.13663988353089956 and parameters: {'model_name': 'SimpleImputer', 'strategy': 'median'}. Best is trial 0 with value: 0.13663988353089956.
running
[I 2024-11-08 07:40:32,879] Trial 22 finished with value: 0.4626274903918143 and parameters: {'model_name': 'SimpleImputer', 'strategy': 'constant'}. Best is trial 0 with value: 0.13663988353089956.
[I 2024-11-08 07:40:32,967] Trial 19 finished with value: 0.16956214608068418 and parameters: {'model_name': 'SimpleImputer', 'strategy': 'mean'}. Best is trial 0 with value: 0.13663988353089956.
running
running
[I 2024-11-08 07:40:33,389] Trial 17 finished with value: 0.13663988353089956 and parameters: {'model_name': 'SimpleImputer', 'strategy': 'median'}. Best is trial 0 with value: 0.13663988353089956.
running
[I 2024-11-08 07:40:33,643] Trial 20 finished with value: 0.13663988353089956 and parameters: {'model_name': 'SimpleImputer', 'strategy': 'median'}. Best is trial 0 with value: 0.13663988353089956.
running
[I 2024-11-08 07:40:33,894] Trial 1 finished with value: 0.4112919892434709 and parameters: {'model_name': 'SimpleImputer', 'strategy': 'most_frequent'}. Best is trial 0 with value: 0.13663988353089956.
running
[I 2024-11-08 07:40:34,321] Trial 15 finished with value: 0.4112919892434709 and parameters: {'model_name': 'SimpleImputer', 'strategy': 'most_frequent'}. Best is trial 0 with value: 0.13663988353089956.
running
[I 2024-11-08 07:40:34,482] Trial 10 finished with value: 0.4112919892434709 and parameters: {'model_name': 'SimpleImputer', 'strategy': 'most_frequent'}. Best is trial 0 with value: 0.13663988353089956.
running
[I 2024-11-08 07:40:35,010] Trial 9 finished with value: 0.4112919892434709 and parameters: {'model_name': 'SimpleImputer', 'strategy': 'most_frequent'}. Best is trial 0 with value: 0.13663988353089956.
running
[I 2024-11-08 07:40:35,264] Trial 21 finished with value: 0.4112919892434709 and parameters: {'model_name': 'SimpleImputer', 'strategy': 'most_frequent'}. Best is trial 0 with value: 0.13663988353089956.
running
[I 2024-11-08 07:40:35,568] Trial 18 finished with value: 0.4112919892434709 and parameters: {'model_name': 'SimpleImputer', 'strategy': 'most_frequent'}. Best is trial 0 with value: 0.13663988353089956.
running
[I 2024-11-08 07:40:35,744] Trial 34 finished with value: 0.13663988353089956 and parameters: {'model_name': 'SimpleImputer', 'strategy': 'median'}. Best is trial 0 with value: 0.13663988353089956.
running
[I 2024-11-08 07:40:35,871] Trial 24 finished with value: 0.4112919892434709 and parameters: {'model_name': 'SimpleImputer', 'strategy': 'most_frequent'}. Best is trial 0 with value: 0.13663988353089956.
running
[I 2024-11-08 07:40:36,021] Trial 35 finished with value: 0.13663988353089956 and parameters: {'model_name': 'SimpleImputer', 'strategy': 'median'}. Best is trial 0 with value: 0.13663988353089956.
running
[I 2024-11-08 07:40:36,121] Trial 27 finished with value: 0.4112919892434709 and parameters: {'model_name': 'SimpleImputer', 'strategy': 'most_frequent'}. Best is trial 0 with value: 0.13663988353089956.
running
[I 2024-11-08 07:40:36,234] Trial 23 finished with value: 0.4112919892434709 and parameters: {'model_name': 'SimpleImputer', 'strategy': 'most_frequent'}. Best is trial 0 with value: 0.13663988353089956.
[I 2024-11-08 07:40:36,327] Trial 28 finished with value: 0.4112919892434709 and parameters: {'model_name': 'SimpleImputer', 'strategy': 'most_frequent'}. Best is trial 0 with value: 0.13663988353089956.
running
running
[I 2024-11-08 07:40:36,630] Trial 25 finished with value: 0.4112919892434709 and parameters: {'model_name': 'SimpleImputer', 'strategy': 'most_frequent'}. Best is trial 0 with value: 0.13663988353089956.
running
[I 2024-11-08 07:40:36,771] Trial 26 finished with value: 0.4112919892434709 and parameters: {'model_name': 'SimpleImputer', 'strategy': 'most_frequent'}. Best is trial 0 with value: 0.13663988353089956.
running
[I 2024-11-08 07:40:36,863] Trial 29 finished with value: 0.4112919892434709 and parameters: {'model_name': 'SimpleImputer', 'strategy': 'most_frequent'}. Best is trial 0 with value: 0.13663988353089956.
running
[I 2024-11-08 07:40:36,978] Trial 30 finished with value: 0.4112919892434709 and parameters: {'model_name': 'SimpleImputer', 'strategy': 'most_frequent'}. Best is trial 0 with value: 0.13663988353089956.
running
[I 2024-11-08 07:40:37,117] Trial 37 finished with value: 0.13663988353089956 and parameters: {'model_name': 'SimpleImputer', 'strategy': 'median'}. Best is trial 0 with value: 0.13663988353089956.
[I 2024-11-08 07:40:37,211] Trial 36 finished with value: 0.13663988353089956 and parameters: {'model_name': 'SimpleImputer', 'strategy': 'median'}. Best is trial 0 with value: 0.13663988353089956.
[I 2024-11-08 07:40:37,295] Trial 31 finished with value: 0.4112919892434709 and parameters: {'model_name': 'SimpleImputer', 'strategy': 'most_frequent'}. Best is trial 0 with value: 0.13663988353089956.
running
running
running
[I 2024-11-08 07:40:37,508] Trial 32 finished with value: 0.4112919892434709 and parameters: {'model_name': 'SimpleImputer', 'strategy': 'most_frequent'}. Best is trial 0 with value: 0.13663988353089956.
running
[I 2024-11-08 07:40:37,665] Trial 41 finished with value: 0.13663988353089956 and parameters: {'model_name': 'SimpleImputer', 'strategy': 'median'}. Best is trial 0 with value: 0.13663988353089956.
running
[I 2024-11-08 07:40:37,765] Trial 38 finished with value: 0.13663988353089956 and parameters: {'model_name': 'SimpleImputer', 'strategy': 'median'}. Best is trial 0 with value: 0.13663988353089956.
running
[I 2024-11-08 07:40:37,912] Trial 33 finished with value: 0.4112919892434709 and parameters: {'model_name': 'SimpleImputer', 'strategy': 'most_frequent'}. Best is trial 0 with value: 0.13663988353089956.
[I 2024-11-08 07:40:38,004] Trial 43 finished with value: 0.13663988353089956 and parameters: {'model_name': 'SimpleImputer', 'strategy': 'median'}. Best is trial 0 with value: 0.13663988353089956.
running
running
[I 2024-11-08 07:40:38,121] Trial 40 finished with value: 0.13663988353089956 and parameters: {'model_name': 'SimpleImputer', 'strategy': 'median'}. Best is trial 0 with value: 0.13663988353089956.
running
[I 2024-11-08 07:40:38,226] Trial 39 finished with value: 0.13663988353089956 and parameters: {'model_name': 'SimpleImputer', 'strategy': 'median'}. Best is trial 0 with value: 0.13663988353089956.
running
[I 2024-11-08 07:40:38,334] Trial 42 finished with value: 0.13663988353089956 and parameters: {'model_name': 'SimpleImputer', 'strategy': 'median'}. Best is trial 0 with value: 0.13663988353089956.
running
[I 2024-11-08 07:40:38,470] Trial 44 finished with value: 0.13663988353089956 and parameters: {'model_name': 'SimpleImputer', 'strategy': 'median'}. Best is trial 0 with value: 0.13663988353089956.
running
[I 2024-11-08 07:40:38,640] Trial 48 finished with value: 0.13663988353089956 and parameters: {'model_name': 'SimpleImputer', 'strategy': 'median'}. Best is trial 0 with value: 0.13663988353089956.
running
[I 2024-11-08 07:40:38,807] Trial 46 finished with value: 0.13663988353089956 and parameters: {'model_name': 'SimpleImputer', 'strategy': 'median'}. Best is trial 0 with value: 0.13663988353089956.
running
[I 2024-11-08 07:40:38,932] Trial 47 finished with value: 0.13663988353089956 and parameters: {'model_name': 'SimpleImputer', 'strategy': 'median'}. Best is trial 0 with value: 0.13663988353089956.
[I 2024-11-08 07:40:39,018] Trial 45 finished with value: 0.13663988353089956 and parameters: {'model_name': 'SimpleImputer', 'strategy': 'median'}. Best is trial 0 with value: 0.13663988353089956.
running
running
[I 2024-11-08 07:40:39,166] Trial 51 finished with value: 0.13663988353089956 and parameters: {'model_name': 'SimpleImputer', 'strategy': 'median'}. Best is trial 0 with value: 0.13663988353089956.
running
[I 2024-11-08 07:40:39,306] Trial 59 finished with value: 0.16956214608068418 and parameters: {'model_name': 'SimpleImputer', 'strategy': 'mean'}. Best is trial 0 with value: 0.13663988353089956.
running
[I 2024-11-08 07:40:39,413] Trial 50 finished with value: 0.13663988353089956 and parameters: {'model_name': 'SimpleImputer', 'strategy': 'median'}. Best is trial 0 with value: 0.13663988353089956.
running
[I 2024-11-08 07:40:39,505] Trial 49 finished with value: 0.13663988353089956 and parameters: {'model_name': 'SimpleImputer', 'strategy': 'median'}. Best is trial 0 with value: 0.13663988353089956.
running
[I 2024-11-08 07:40:39,625] Trial 60 finished with value: 0.16956214608068418 and parameters: {'model_name': 'SimpleImputer', 'strategy': 'mean'}. Best is trial 0 with value: 0.13663988353089956.
running
[I 2024-11-08 07:40:39,747] Trial 54 finished with value: 0.13663988353089956 and parameters: {'model_name': 'SimpleImputer', 'strategy': 'median'}. Best is trial 0 with value: 0.13663988353089956.
[I 2024-11-08 07:40:39,848] Trial 52 finished with value: 0.13663988353089956 and parameters: {'model_name': 'SimpleImputer', 'strategy': 'median'}. Best is trial 0 with value: 0.13663988353089956.
running
running
[I 2024-11-08 07:40:39,986] Trial 58 finished with value: 0.13663988353089956 and parameters: {'model_name': 'SimpleImputer', 'strategy': 'median'}. Best is trial 0 with value: 0.13663988353089956.
running
[I 2024-11-08 07:40:40,168] Trial 61 finished with value: 0.16956214608068418 and parameters: {'model_name': 'SimpleImputer', 'strategy': 'mean'}. Best is trial 0 with value: 0.13663988353089956.
[I 2024-11-08 07:40:40,263] Trial 53 finished with value: 0.13663988353089956 and parameters: {'model_name': 'SimpleImputer', 'strategy': 'median'}. Best is trial 0 with value: 0.13663988353089956.
[I 2024-11-08 07:40:40,346] Trial 56 finished with value: 0.13663988353089956 and parameters: {'model_name': 'SimpleImputer', 'strategy': 'median'}. Best is trial 0 with value: 0.13663988353089956.
running
running
[I 2024-11-08 07:40:40,440] Trial 55 finished with value: 0.13663988353089956 and parameters: {'model_name': 'SimpleImputer', 'strategy': 'median'}. Best is trial 0 with value: 0.13663988353089956.
running
running
[I 2024-11-08 07:40:40,569] Trial 63 finished with value: 0.16956214608068418 and parameters: {'model_name': 'SimpleImputer', 'strategy': 'mean'}. Best is trial 0 with value: 0.13663988353089956.
running
[I 2024-11-08 07:40:40,705] Trial 64 finished with value: 0.16956214608068418 and parameters: {'model_name': 'SimpleImputer', 'strategy': 'mean'}. Best is trial 0 with value: 0.13663988353089956.
[I 2024-11-08 07:40:40,797] Trial 69 finished with value: 0.4626274903918143 and parameters: {'model_name': 'SimpleImputer', 'strategy': 'constant'}. Best is trial 0 with value: 0.13663988353089956.
running
running
[I 2024-11-08 07:40:40,890] Trial 62 finished with value: 0.16956214608068418 and parameters: {'model_name': 'SimpleImputer', 'strategy': 'mean'}. Best is trial 0 with value: 0.13663988353089956.
[I 2024-11-08 07:40:40,975] Trial 67 finished with value: 0.4626274903918143 and parameters: {'model_name': 'SimpleImputer', 'strategy': 'constant'}. Best is trial 0 with value: 0.13663988353089956.
running
running
[I 2024-11-08 07:40:41,089] Trial 66 finished with value: 0.4626274903918143 and parameters: {'model_name': 'SimpleImputer', 'strategy': 'constant'}. Best is trial 0 with value: 0.13663988353089956.
[I 2024-11-08 07:40:41,180] Trial 57 finished with value: 0.13663988353089956 and parameters: {'model_name': 'SimpleImputer', 'strategy': 'median'}. Best is trial 0 with value: 0.13663988353089956.
running
running
[I 2024-11-08 07:40:41,311] Trial 65 finished with value: 0.16956214608068418 and parameters: {'model_name': 'SimpleImputer', 'strategy': 'mean'}. Best is trial 0 with value: 0.13663988353089956.
running
[I 2024-11-08 07:40:41,450] Trial 71 finished with value: 0.4626274903918143 and parameters: {'model_name': 'SimpleImputer', 'strategy': 'constant'}. Best is trial 0 with value: 0.13663988353089956.
running
[I 2024-11-08 07:40:41,561] Trial 68 finished with value: 0.16956214608068418 and parameters: {'model_name': 'SimpleImputer', 'strategy': 'mean'}. Best is trial 0 with value: 0.13663988353089956.
running
[I 2024-11-08 07:40:41,727] Trial 72 finished with value: 0.4626274903918143 and parameters: {'model_name': 'SimpleImputer', 'strategy': 'constant'}. Best is trial 0 with value: 0.13663988353089956.
running
[I 2024-11-08 07:40:41,849] Trial 74 finished with value: 0.4626274903918143 and parameters: {'model_name': 'SimpleImputer', 'strategy': 'constant'}. Best is trial 0 with value: 0.13663988353089956.
running
[I 2024-11-08 07:40:41,963] Trial 70 finished with value: 0.4626274903918143 and parameters: {'model_name': 'SimpleImputer', 'strategy': 'constant'}. Best is trial 0 with value: 0.13663988353089956.
running
[I 2024-11-08 07:40:42,059] Trial 75 finished with value: 0.4626274903918143 and parameters: {'model_name': 'SimpleImputer', 'strategy': 'constant'}. Best is trial 0 with value: 0.13663988353089956.
running
[I 2024-11-08 07:40:42,159] Trial 76 finished with value: 0.4626274903918143 and parameters: {'model_name': 'SimpleImputer', 'strategy': 'constant'}. Best is trial 0 with value: 0.13663988353089956.
running
[I 2024-11-08 07:40:42,279] Trial 79 finished with value: 0.4626274903918143 and parameters: {'model_name': 'SimpleImputer', 'strategy': 'constant'}. Best is trial 0 with value: 0.13663988353089956.
running
[I 2024-11-08 07:40:42,382] Trial 77 finished with value: 0.4626274903918143 and parameters: {'model_name': 'SimpleImputer', 'strategy': 'constant'}. Best is trial 0 with value: 0.13663988353089956.
running
[I 2024-11-08 07:40:42,540] Trial 78 finished with value: 0.4626274903918143 and parameters: {'model_name': 'SimpleImputer', 'strategy': 'constant'}. Best is trial 0 with value: 0.13663988353089956.
running
[I 2024-11-08 07:40:42,736] Trial 73 finished with value: 0.13663988353089956 and parameters: {'model_name': 'SimpleImputer', 'strategy': 'median'}. Best is trial 0 with value: 0.13663988353089956.
running
[I 2024-11-08 07:40:42,907] Trial 80 finished with value: 0.13663988353089956 and parameters: {'model_name': 'SimpleImputer', 'strategy': 'median'}. Best is trial 0 with value: 0.13663988353089956.
running
[I 2024-11-08 07:40:43,029] Trial 81 finished with value: 0.13663988353089956 and parameters: {'model_name': 'SimpleImputer', 'strategy': 'median'}. Best is trial 0 with value: 0.13663988353089956.
running
[I 2024-11-08 07:40:43,146] Trial 83 finished with value: 0.13663988353089956 and parameters: {'model_name': 'SimpleImputer', 'strategy': 'median'}. Best is trial 0 with value: 0.13663988353089956.
running
[I 2024-11-08 07:40:43,282] Trial 88 finished with value: 0.13663988353089956 and parameters: {'model_name': 'SimpleImputer', 'strategy': 'median'}. Best is trial 0 with value: 0.13663988353089956.
running
[I 2024-11-08 07:40:43,398] Trial 84 finished with value: 0.13663988353089956 and parameters: {'model_name': 'SimpleImputer', 'strategy': 'median'}. Best is trial 0 with value: 0.13663988353089956.
running
[I 2024-11-08 07:40:43,529] Trial 82 finished with value: 0.13663988353089956 and parameters: {'model_name': 'SimpleImputer', 'strategy': 'median'}. Best is trial 0 with value: 0.13663988353089956.
[I 2024-11-08 07:40:43,621] Trial 86 finished with value: 0.13663988353089956 and parameters: {'model_name': 'SimpleImputer', 'strategy': 'median'}. Best is trial 0 with value: 0.13663988353089956.
[I 2024-11-08 07:40:43,701] Trial 85 finished with value: 0.13663988353089956 and parameters: {'model_name': 'SimpleImputer', 'strategy': 'median'}. Best is trial 0 with value: 0.13663988353089956.
[I 2024-11-08 07:40:43,781] Trial 90 finished with value: 0.13663988353089956 and parameters: {'model_name': 'SimpleImputer', 'strategy': 'median'}. Best is trial 0 with value: 0.13663988353089956.
running
running
running
running
[I 2024-11-08 07:40:43,988] Trial 94 finished with value: 0.13663988353089956 and parameters: {'model_name': 'SimpleImputer', 'strategy': 'median'}. Best is trial 0 with value: 0.13663988353089956.
running
[I 2024-11-08 07:40:44,117] Trial 89 finished with value: 0.13663988353089956 and parameters: {'model_name': 'SimpleImputer', 'strategy': 'median'}. Best is trial 0 with value: 0.13663988353089956.
[I 2024-11-08 07:40:44,212] Trial 87 finished with value: 0.13663988353089956 and parameters: {'model_name': 'SimpleImputer', 'strategy': 'median'}. Best is trial 0 with value: 0.13663988353089956.
running
running
[I 2024-11-08 07:40:44,319] Trial 91 finished with value: 0.13663988353089956 and parameters: {'model_name': 'SimpleImputer', 'strategy': 'median'}. Best is trial 0 with value: 0.13663988353089956.
running
[I 2024-11-08 07:40:44,429] Trial 92 finished with value: 0.13663988353089956 and parameters: {'model_name': 'SimpleImputer', 'strategy': 'median'}. Best is trial 0 with value: 0.13663988353089956.
running
[I 2024-11-08 07:40:44,595] Trial 93 finished with value: 0.13663988353089956 and parameters: {'model_name': 'SimpleImputer', 'strategy': 'median'}. Best is trial 0 with value: 0.13663988353089956.
running
[I 2024-11-08 07:40:44,776] Trial 97 finished with value: 0.13663988353089956 and parameters: {'model_name': 'SimpleImputer', 'strategy': 'median'}. Best is trial 0 with value: 0.13663988353089956.
running
[I 2024-11-08 07:40:44,882] Trial 95 finished with value: 0.13663988353089956 and parameters: {'model_name': 'SimpleImputer', 'strategy': 'median'}. Best is trial 0 with value: 0.13663988353089956.
running
[I 2024-11-08 07:40:44,983] Trial 96 finished with value: 0.13663988353089956 and parameters: {'model_name': 'SimpleImputer', 'strategy': 'median'}. Best is trial 0 with value: 0.13663988353089956.
running
[I 2024-11-08 07:40:45,141] Trial 99 finished with value: 0.13663988353089956 and parameters: {'model_name': 'SimpleImputer', 'strategy': 'median'}. Best is trial 0 with value: 0.13663988353089956.
running
[I 2024-11-08 07:40:45,281] Trial 98 finished with value: 0.13663988353089956 and parameters: {'model_name': 'SimpleImputer', 'strategy': 'median'}. Best is trial 0 with value: 0.13663988353089956.
running
[I 2024-11-08 07:40:45,456] Trial 103 finished with value: 0.13663988353089956 and parameters: {'model_name': 'SimpleImputer', 'strategy': 'median'}. Best is trial 0 with value: 0.13663988353089956.
running
[I 2024-11-08 07:40:45,595] Trial 102 finished with value: 0.13663988353089956 and parameters: {'model_name': 'SimpleImputer', 'strategy': 'median'}. Best is trial 0 with value: 0.13663988353089956.
[I 2024-11-08 07:40:45,686] Trial 104 finished with value: 0.13663988353089956 and parameters: {'model_name': 'SimpleImputer', 'strategy': 'median'}. Best is trial 0 with value: 0.13663988353089956.
[I 2024-11-08 07:40:45,770] Trial 100 finished with value: 0.13663988353089956 and parameters: {'model_name': 'SimpleImputer', 'strategy': 'median'}. Best is trial 0 with value: 0.13663988353089956.
running
running
running
[I 2024-11-08 07:40:45,895] Trial 107 finished with value: 0.13663988353089956 and parameters: {'model_name': 'SimpleImputer', 'strategy': 'median'}. Best is trial 0 with value: 0.13663988353089956.
running
[I 2024-11-08 07:40:46,014] Trial 101 finished with value: 0.13663988353089956 and parameters: {'model_name': 'SimpleImputer', 'strategy': 'median'}. Best is trial 0 with value: 0.13663988353089956.
[I 2024-11-08 07:40:46,111] Trial 105 finished with value: 0.13663988353089956 and parameters: {'model_name': 'SimpleImputer', 'strategy': 'median'}. Best is trial 0 with value: 0.13663988353089956.
running
running
[I 2024-11-08 07:40:46,252] Trial 106 finished with value: 0.13663988353089956 and parameters: {'model_name': 'SimpleImputer', 'strategy': 'median'}. Best is trial 0 with value: 0.13663988353089956.
running
[I 2024-11-08 07:40:46,359] Trial 109 finished with value: 0.13663988353089956 and parameters: {'model_name': 'SimpleImputer', 'strategy': 'median'}. Best is trial 0 with value: 0.13663988353089956.
running
[I 2024-11-08 07:40:46,507] Trial 108 finished with value: 0.13663988353089956 and parameters: {'model_name': 'SimpleImputer', 'strategy': 'median'}. Best is trial 0 with value: 0.13663988353089956.
running
[I 2024-11-08 07:40:46,713] Trial 113 finished with value: 0.13663988353089956 and parameters: {'model_name': 'SimpleImputer', 'strategy': 'median'}. Best is trial 0 with value: 0.13663988353089956.
[I 2024-11-08 07:40:46,806] Trial 110 finished with value: 0.13663988353089956 and parameters: {'model_name': 'SimpleImputer', 'strategy': 'median'}. Best is trial 0 with value: 0.13663988353089956.
running
running
[I 2024-11-08 07:40:46,940] Trial 112 finished with value: 0.13663988353089956 and parameters: {'model_name': 'SimpleImputer', 'strategy': 'median'}. Best is trial 0 with value: 0.13663988353089956.
running
[I 2024-11-08 07:40:47,034] Trial 114 finished with value: 0.13663988353089956 and parameters: {'model_name': 'SimpleImputer', 'strategy': 'median'}. Best is trial 0 with value: 0.13663988353089956.
running
[I 2024-11-08 07:40:47,219] Trial 111 finished with value: 0.13663988353089956 and parameters: {'model_name': 'SimpleImputer', 'strategy': 'median'}. Best is trial 0 with value: 0.13663988353089956.
running
[I 2024-11-08 07:40:47,409] Trial 117 finished with value: 0.13663988353089956 and parameters: {'model_name': 'SimpleImputer', 'strategy': 'median'}. Best is trial 0 with value: 0.13663988353089956.
[I 2024-11-08 07:40:47,502] Trial 118 finished with value: 0.13663988353089956 and parameters: {'model_name': 'SimpleImputer', 'strategy': 'median'}. Best is trial 0 with value: 0.13663988353089956.
running
[I 2024-11-08 07:40:47,599] Trial 115 finished with value: 0.13663988353089956 and parameters: {'model_name': 'SimpleImputer', 'strategy': 'median'}. Best is trial 0 with value: 0.13663988353089956.
running
running
[I 2024-11-08 07:40:47,774] Trial 121 finished with value: 0.13663988353089956 and parameters: {'model_name': 'SimpleImputer', 'strategy': 'median'}. Best is trial 0 with value: 0.13663988353089956.
[I 2024-11-08 07:40:47,871] Trial 119 finished with value: 0.13663988353089956 and parameters: {'model_name': 'SimpleImputer', 'strategy': 'median'}. Best is trial 0 with value: 0.13663988353089956.
running
[I 2024-11-08 07:40:47,971] Trial 120 finished with value: 0.13663988353089956 and parameters: {'model_name': 'SimpleImputer', 'strategy': 'median'}. Best is trial 0 with value: 0.13663988353089956.
running
[I 2024-11-08 07:40:48,065] Trial 124 finished with value: 0.13663988353089956 and parameters: {'model_name': 'SimpleImputer', 'strategy': 'median'}. Best is trial 0 with value: 0.13663988353089956.
running
[I 2024-11-08 07:40:48,148] Trial 116 finished with value: 0.13663988353089956 and parameters: {'model_name': 'SimpleImputer', 'strategy': 'median'}. Best is trial 0 with value: 0.13663988353089956.
running
running
[I 2024-11-08 07:40:48,289] Trial 122 finished with value: 0.13663988353089956 and parameters: {'model_name': 'SimpleImputer', 'strategy': 'median'}. Best is trial 0 with value: 0.13663988353089956.
[I 2024-11-08 07:40:48,381] Trial 123 finished with value: 0.13663988353089956 and parameters: {'model_name': 'SimpleImputer', 'strategy': 'median'}. Best is trial 0 with value: 0.13663988353089956.
running
running
[I 2024-11-08 07:40:48,555] Trial 125 finished with value: 0.13663988353089956 and parameters: {'model_name': 'SimpleImputer', 'strategy': 'median'}. Best is trial 0 with value: 0.13663988353089956.
running
[I 2024-11-08 07:40:48,718] Trial 126 finished with value: 0.13663988353089956 and parameters: {'model_name': 'SimpleImputer', 'strategy': 'median'}. Best is trial 0 with value: 0.13663988353089956.
running
[I 2024-11-08 07:40:48,927] Trial 127 finished with value: 0.13663988353089956 and parameters: {'model_name': 'SimpleImputer', 'strategy': 'median'}. Best is trial 0 with value: 0.13663988353089956.
running
[I 2024-11-08 07:40:49,077] Trial 128 finished with value: 0.13663988353089956 and parameters: {'model_name': 'SimpleImputer', 'strategy': 'median'}. Best is trial 0 with value: 0.13663988353089956.
running
[I 2024-11-08 07:40:49,548] Trial 130 finished with value: 0.13663988353089956 and parameters: {'model_name': 'SimpleImputer', 'strategy': 'median'}. Best is trial 0 with value: 0.13663988353089956.
running
[I 2024-11-08 07:40:50,127] Trial 135 finished with value: 0.13663988353089956 and parameters: {'model_name': 'SimpleImputer', 'strategy': 'median'}. Best is trial 0 with value: 0.13663988353089956.
[I 2024-11-08 07:40:50,220] Trial 137 finished with value: 0.13663988353089956 and parameters: {'model_name': 'SimpleImputer', 'strategy': 'median'}. Best is trial 0 with value: 0.13663988353089956.
running
running
[I 2024-11-08 07:40:50,877] Trial 132 finished with value: 0.4112919892434709 and parameters: {'model_name': 'SimpleImputer', 'strategy': 'most_frequent'}. Best is trial 0 with value: 0.13663988353089956.
running
[I 2024-11-08 07:40:51,082] Trial 133 finished with value: 0.4112919892434709 and parameters: {'model_name': 'SimpleImputer', 'strategy': 'most_frequent'}. Best is trial 0 with value: 0.13663988353089956.
running
[I 2024-11-08 07:40:51,225] Trial 129 finished with value: 0.4112919892434709 and parameters: {'model_name': 'SimpleImputer', 'strategy': 'most_frequent'}. Best is trial 0 with value: 0.13663988353089956.
running
[I 2024-11-08 07:40:51,385] Trial 131 finished with value: 0.4112919892434709 and parameters: {'model_name': 'SimpleImputer', 'strategy': 'most_frequent'}. Best is trial 0 with value: 0.13663988353089956.
running
[I 2024-11-08 07:40:51,610] Trial 138 finished with value: 0.4112919892434709 and parameters: {'model_name': 'SimpleImputer', 'strategy': 'most_frequent'}. Best is trial 0 with value: 0.13663988353089956.
[I 2024-11-08 07:40:51,717] Trial 136 finished with value: 0.4112919892434709 and parameters: {'model_name': 'SimpleImputer', 'strategy': 'most_frequent'}. Best is trial 0 with value: 0.13663988353089956.
running
running
[I 2024-11-08 07:40:51,893] Trial 142 finished with value: 0.4112919892434709 and parameters: {'model_name': 'SimpleImputer', 'strategy': 'most_frequent'}. Best is trial 0 with value: 0.13663988353089956.
running
[I 2024-11-08 07:40:52,057] Trial 134 finished with value: 0.4112919892434709 and parameters: {'model_name': 'SimpleImputer', 'strategy': 'most_frequent'}. Best is trial 0 with value: 0.13663988353089956.
running
[I 2024-11-08 07:40:52,171] Trial 146 finished with value: 0.13663988353089956 and parameters: {'model_name': 'SimpleImputer', 'strategy': 'median'}. Best is trial 0 with value: 0.13663988353089956.
running
[I 2024-11-08 07:40:52,304] Trial 144 finished with value: 0.4112919892434709 and parameters: {'model_name': 'SimpleImputer', 'strategy': 'most_frequent'}. Best is trial 0 with value: 0.13663988353089956.
running
[I 2024-11-08 07:40:52,416] Trial 140 finished with value: 0.4112919892434709 and parameters: {'model_name': 'SimpleImputer', 'strategy': 'most_frequent'}. Best is trial 0 with value: 0.13663988353089956.
[I 2024-11-08 07:40:52,507] Trial 141 finished with value: 0.4112919892434709 and parameters: {'model_name': 'SimpleImputer', 'strategy': 'most_frequent'}. Best is trial 0 with value: 0.13663988353089956.
running
running
[I 2024-11-08 07:40:52,710] Trial 139 finished with value: 0.4112919892434709 and parameters: {'model_name': 'SimpleImputer', 'strategy': 'most_frequent'}. Best is trial 0 with value: 0.13663988353089956.
running
[I 2024-11-08 07:40:52,871] Trial 149 finished with value: 0.13663988353089956 and parameters: {'model_name': 'SimpleImputer', 'strategy': 'median'}. Best is trial 0 with value: 0.13663988353089956.
running
[I 2024-11-08 07:40:53,159] Trial 145 finished with value: 0.4112919892434709 and parameters: {'model_name': 'SimpleImputer', 'strategy': 'most_frequent'}. Best is trial 0 with value: 0.13663988353089956.
running
[I 2024-11-08 07:40:53,309] Trial 151 finished with value: 0.13663988353089956 and parameters: {'model_name': 'SimpleImputer', 'strategy': 'median'}. Best is trial 0 with value: 0.13663988353089956.
running
[I 2024-11-08 07:40:53,431] Trial 150 finished with value: 0.13663988353089956 and parameters: {'model_name': 'SimpleImputer', 'strategy': 'median'}. Best is trial 0 with value: 0.13663988353089956.
running
[I 2024-11-08 07:40:53,602] Trial 156 finished with value: 0.13663988353089956 and parameters: {'model_name': 'SimpleImputer', 'strategy': 'median'}. Best is trial 0 with value: 0.13663988353089956.
running
[I 2024-11-08 07:40:53,699] Trial 143 finished with value: 0.4112919892434709 and parameters: {'model_name': 'SimpleImputer', 'strategy': 'most_frequent'}. Best is trial 0 with value: 0.13663988353089956.
[I 2024-11-08 07:40:53,788] Trial 155 finished with value: 0.13663988353089956 and parameters: {'model_name': 'SimpleImputer', 'strategy': 'median'}. Best is trial 0 with value: 0.13663988353089956.
running
running
[I 2024-11-08 07:40:53,893] Trial 153 finished with value: 0.13663988353089956 and parameters: {'model_name': 'SimpleImputer', 'strategy': 'median'}. Best is trial 0 with value: 0.13663988353089956.
[I 2024-11-08 07:40:53,979] Trial 154 finished with value: 0.13663988353089956 and parameters: {'model_name': 'SimpleImputer', 'strategy': 'median'}. Best is trial 0 with value: 0.13663988353089956.
[I 2024-11-08 07:40:54,085] Trial 157 finished with value: 0.13663988353089956 and parameters: {'model_name': 'SimpleImputer', 'strategy': 'median'}. Best is trial 0 with value: 0.13663988353089956.
running
running
running
[I 2024-11-08 07:40:54,240] Trial 159 finished with value: 0.13663988353089956 and parameters: {'model_name': 'SimpleImputer', 'strategy': 'median'}. Best is trial 0 with value: 0.13663988353089956.
[I 2024-11-08 07:40:54,334] Trial 158 finished with value: 0.13663988353089956 and parameters: {'model_name': 'SimpleImputer', 'strategy': 'median'}. Best is trial 0 with value: 0.13663988353089956.
running
[I 2024-11-08 07:40:54,450] Trial 152 finished with value: 0.13663988353089956 and parameters: {'model_name': 'SimpleImputer', 'strategy': 'median'}. Best is trial 0 with value: 0.13663988353089956.
running
running
[I 2024-11-08 07:40:54,596] Trial 160 finished with value: 0.13663988353089956 and parameters: {'model_name': 'SimpleImputer', 'strategy': 'median'}. Best is trial 0 with value: 0.13663988353089956.
running
[I 2024-11-08 07:40:54,760] Trial 161 finished with value: 0.13663988353089956 and parameters: {'model_name': 'SimpleImputer', 'strategy': 'median'}. Best is trial 0 with value: 0.13663988353089956.
[I 2024-11-08 07:40:54,853] Trial 147 finished with value: 0.4112919892434709 and parameters: {'model_name': 'SimpleImputer', 'strategy': 'most_frequent'}. Best is trial 0 with value: 0.13663988353089956.
running
running
[I 2024-11-08 07:40:55,104] Trial 164 finished with value: 0.13663988353089956 and parameters: {'model_name': 'SimpleImputer', 'strategy': 'median'}. Best is trial 0 with value: 0.13663988353089956.
running
[I 2024-11-08 07:40:55,264] Trial 148 finished with value: 0.4112919892434709 and parameters: {'model_name': 'SimpleImputer', 'strategy': 'most_frequent'}. Best is trial 0 with value: 0.13663988353089956.
running
[I 2024-11-08 07:40:55,392] Trial 163 finished with value: 0.13663988353089956 and parameters: {'model_name': 'SimpleImputer', 'strategy': 'median'}. Best is trial 0 with value: 0.13663988353089956.
running
[I 2024-11-08 07:40:55,549] Trial 165 finished with value: 0.13663988353089956 and parameters: {'model_name': 'SimpleImputer', 'strategy': 'median'}. Best is trial 0 with value: 0.13663988353089956.
[I 2024-11-08 07:40:55,658] Trial 162 finished with value: 0.13663988353089956 and parameters: {'model_name': 'SimpleImputer', 'strategy': 'median'}. Best is trial 0 with value: 0.13663988353089956.
running
running
[I 2024-11-08 07:40:55,787] Trial 167 finished with value: 0.13663988353089956 and parameters: {'model_name': 'SimpleImputer', 'strategy': 'median'}. Best is trial 0 with value: 0.13663988353089956.
[I 2024-11-08 07:40:55,882] Trial 170 finished with value: 0.13663988353089956 and parameters: {'model_name': 'SimpleImputer', 'strategy': 'median'}. Best is trial 0 with value: 0.13663988353089956.
running
running
[I 2024-11-08 07:40:56,001] Trial 174 finished with value: 0.16956214608068418 and parameters: {'model_name': 'SimpleImputer', 'strategy': 'mean'}. Best is trial 0 with value: 0.13663988353089956.
running
[I 2024-11-08 07:40:56,166] Trial 172 finished with value: 0.13663988353089956 and parameters: {'model_name': 'SimpleImputer', 'strategy': 'median'}. Best is trial 0 with value: 0.13663988353089956.
running
[I 2024-11-08 07:40:56,272] Trial 171 finished with value: 0.13663988353089956 and parameters: {'model_name': 'SimpleImputer', 'strategy': 'median'}. Best is trial 0 with value: 0.13663988353089956.
running
[I 2024-11-08 07:40:56,400] Trial 166 finished with value: 0.13663988353089956 and parameters: {'model_name': 'SimpleImputer', 'strategy': 'median'}. Best is trial 0 with value: 0.13663988353089956.
running
[I 2024-11-08 07:40:56,528] Trial 173 finished with value: 0.13663988353089956 and parameters: {'model_name': 'SimpleImputer', 'strategy': 'median'}. Best is trial 0 with value: 0.13663988353089956.
running
[I 2024-11-08 07:40:56,625] Trial 176 finished with value: 0.13663988353089956 and parameters: {'model_name': 'SimpleImputer', 'strategy': 'median'}. Best is trial 0 with value: 0.13663988353089956.
[I 2024-11-08 07:40:56,723] Trial 169 finished with value: 0.13663988353089956 and parameters: {'model_name': 'SimpleImputer', 'strategy': 'median'}. Best is trial 0 with value: 0.13663988353089956.
running
running
[I 2024-11-08 07:40:56,831] Trial 182 finished with value: 0.16956214608068418 and parameters: {'model_name': 'SimpleImputer', 'strategy': 'mean'}. Best is trial 0 with value: 0.13663988353089956.
running
[I 2024-11-08 07:40:56,949] Trial 179 finished with value: 0.16956214608068418 and parameters: {'model_name': 'SimpleImputer', 'strategy': 'mean'}. Best is trial 0 with value: 0.13663988353089956.
[I 2024-11-08 07:40:57,061] Trial 175 finished with value: 0.13663988353089956 and parameters: {'model_name': 'SimpleImputer', 'strategy': 'median'}. Best is trial 0 with value: 0.13663988353089956.
running
[I 2024-11-08 07:40:57,154] Trial 168 finished with value: 0.13663988353089956 and parameters: {'model_name': 'SimpleImputer', 'strategy': 'median'}. Best is trial 0 with value: 0.13663988353089956.
running
running
[I 2024-11-08 07:40:57,265] Trial 183 finished with value: 0.16956214608068418 and parameters: {'model_name': 'SimpleImputer', 'strategy': 'mean'}. Best is trial 0 with value: 0.13663988353089956.
running
[I 2024-11-08 07:40:57,443] Trial 178 finished with value: 0.13663988353089956 and parameters: {'model_name': 'SimpleImputer', 'strategy': 'median'}. Best is trial 0 with value: 0.13663988353089956.
running
[I 2024-11-08 07:40:57,551] Trial 177 finished with value: 0.13663988353089956 and parameters: {'model_name': 'SimpleImputer', 'strategy': 'median'}. Best is trial 0 with value: 0.13663988353089956.
running
[I 2024-11-08 07:40:57,652] Trial 180 finished with value: 0.16956214608068418 and parameters: {'model_name': 'SimpleImputer', 'strategy': 'mean'}. Best is trial 0 with value: 0.13663988353089956.
running
[I 2024-11-08 07:40:57,948] Trial 181 finished with value: 0.13663988353089956 and parameters: {'model_name': 'SimpleImputer', 'strategy': 'median'}. Best is trial 0 with value: 0.13663988353089956.
[I 2024-11-08 07:40:58,065] Trial 184 finished with value: 0.13663988353089956 and parameters: {'model_name': 'SimpleImputer', 'strategy': 'median'}. Best is trial 0 with value: 0.13663988353089956.
running
[I 2024-11-08 07:40:58,181] Trial 188 finished with value: 0.13663988353089956 and parameters: {'model_name': 'SimpleImputer', 'strategy': 'median'}. Best is trial 0 with value: 0.13663988353089956.
[I 2024-11-08 07:40:58,334] Trial 186 finished with value: 0.13663988353089956 and parameters: {'model_name': 'SimpleImputer', 'strategy': 'median'}. Best is trial 0 with value: 0.13663988353089956.
[I 2024-11-08 07:40:58,437] Trial 191 finished with value: 0.13663988353089956 and parameters: {'model_name': 'SimpleImputer', 'strategy': 'median'}. Best is trial 0 with value: 0.13663988353089956.
[I 2024-11-08 07:40:58,528] Trial 185 finished with value: 0.13663988353089956 and parameters: {'model_name': 'SimpleImputer', 'strategy': 'median'}. Best is trial 0 with value: 0.13663988353089956.
[I 2024-11-08 07:40:58,615] Trial 190 finished with value: 0.13663988353089956 and parameters: {'model_name': 'SimpleImputer', 'strategy': 'median'}. Best is trial 0 with value: 0.13663988353089956.
[I 2024-11-08 07:40:58,619] Trial 187 finished with value: 0.13663988353089956 and parameters: {'model_name': 'SimpleImputer', 'strategy': 'median'}. Best is trial 0 with value: 0.13663988353089956.
[I 2024-11-08 07:40:58,793] Trial 195 finished with value: 0.13663988353089956 and parameters: {'model_name': 'SimpleImputer', 'strategy': 'median'}. Best is trial 0 with value: 0.13663988353089956.
[I 2024-11-08 07:40:58,893] Trial 192 finished with value: 0.13663988353089956 and parameters: {'model_name': 'SimpleImputer', 'strategy': 'median'}. Best is trial 0 with value: 0.13663988353089956.
[I 2024-11-08 07:40:58,994] Trial 197 finished with value: 0.13663988353089956 and parameters: {'model_name': 'SimpleImputer', 'strategy': 'median'}. Best is trial 0 with value: 0.13663988353089956.
[I 2024-11-08 07:40:59,079] Trial 193 finished with value: 0.13663988353089956 and parameters: {'model_name': 'SimpleImputer', 'strategy': 'median'}. Best is trial 0 with value: 0.13663988353089956.
[I 2024-11-08 07:40:59,158] Trial 198 finished with value: 0.13663988353089956 and parameters: {'model_name': 'SimpleImputer', 'strategy': 'median'}. Best is trial 0 with value: 0.13663988353089956.
[I 2024-11-08 07:40:59,241] Trial 194 finished with value: 0.13663988353089956 and parameters: {'model_name': 'SimpleImputer', 'strategy': 'median'}. Best is trial 0 with value: 0.13663988353089956.
[I 2024-11-08 07:40:59,321] Trial 189 finished with value: 0.13663988353089956 and parameters: {'model_name': 'SimpleImputer', 'strategy': 'median'}. Best is trial 0 with value: 0.13663988353089956.
[I 2024-11-08 07:40:59,405] Trial 196 finished with value: 0.13663988353089956 and parameters: {'model_name': 'SimpleImputer', 'strategy': 'median'}. Best is trial 0 with value: 0.13663988353089956.
[I 2024-11-08 07:40:59,496] Trial 199 finished with value: 0.13663988353089956 and parameters: {'model_name': 'SimpleImputer', 'strategy': 'median'}. Best is trial 0 with value: 0.13663988353089956.
fit
simple fit
simple transform
0     0
1     0
2     0
3     0
4     0
5     0
6     0
7     0
8     0
9     0
10    0
11    0
12    0
13    0
14    0
15    0
16    0
17    0
18    0
19    0
dtype: int64
0     0
1     0
2     0
3     0
4     0
5     0
6     0
7     0
8     0
9     0
10    0
11    0
12    0
13    0
14    0
15    0
16    0
17    0
18    0
19    0
dtype: int64
0.13663988353089956
{'model_name': 'SimpleImputer', 'strategy': 'median'}
running experiment 2/3 - Does reconstruction give good automl predictions
Start est fit
Version 0.1.7a0 of tpot2 is outdated. Version 0.1.8a0 was released Tuesday September 17, 2024.
Version 0.1.7a0 of tpot2 is outdated. Version 0.1.8a0 was released Tuesday September 17, 2024.
Version 0.1.7a0 of tpot2 is outdated. Version 0.1.8a0 was released Tuesday September 17, 2024.
Version 0.1.7a0 of tpot2 is outdated. Version 0.1.8a0 was released Tuesday September 17, 2024.
Version 0.1.7a0 of tpot2 is outdated. Version 0.1.8a0 was released Tuesday September 17, 2024.
Version 0.1.7a0 of tpot2 is outdated. Version 0.1.8a0 was released Tuesday September 17, 2024.
Version 0.1.7a0 of tpot2 is outdated. Version 0.1.8a0 was released Tuesday September 17, 2024.
Version 0.1.7a0 of tpot2 is outdated. Version 0.1.8a0 was released Tuesday September 17, 2024.
Version 0.1.7a0 of tpot2 is outdated. Version 0.1.8a0 was released Tuesday September 17, 2024.
Version 0.1.7a0 of tpot2 is outdated. Version 0.1.8a0 was released Tuesday September 17, 2024.
Version 0.1.7a0 of tpot2 is outdated. Version 0.1.8a0 was released Tuesday September 17, 2024.
Version 0.1.7a0 of tpot2 is outdated. Version 0.1.8a0 was released Tuesday September 17, 2024.
Version 0.1.7a0 of tpot2 is outdated. Version 0.1.8a0 was released Tuesday September 17, 2024.
Version 0.1.7a0 of tpot2 is outdated. Version 0.1.8a0 was released Tuesday September 17, 2024.
Version 0.1.7a0 of tpot2 is outdated. Version 0.1.8a0 was released Tuesday September 17, 2024.
Version 0.1.7a0 of tpot2 is outdated. Version 0.1.8a0 was released Tuesday September 17, 2024.
  0%|          | 0/25 [00:00<?, ?it/s]Generation:   0%|          | 0/25 [00:00<?, ?it/s]Generation:  1
Best f1_score score: 0.9646938462470993
Generation:   4%|▍         | 1/25 [00:28<11:25, 28.55s/it]Generation:  2
Best f1_score score: 0.9663842673959996
Generation:   8%|▊         | 2/25 [01:00<11:44, 30.61s/it]Generation:  3
Best f1_score score: 0.9663842673959996
Generation:  12%|█▏        | 3/25 [03:48<34:16, 93.47s/it]Generation:  4
Best f1_score score: 0.9663842673959996
Generation:  16%|█▌        | 4/25 [04:03<21:51, 62.46s/it]Generation:  5
Best f1_score score: 0.9663842673959996
Generation:  20%|██        | 5/25 [04:37<17:19, 51.99s/it]Generation:  6
Best f1_score score: 0.9663845570964316
Generation:  24%|██▍       | 6/25 [05:37<17:22, 54.84s/it]Generation:  7
Best f1_score score: 0.9663845570964316
Generation:  28%|██▊       | 7/25 [06:06<13:55, 46.40s/it]Generation:  8
Best f1_score score: 0.9663845570964316
Generation:  32%|███▏      | 8/25 [06:29<10:59, 38.79s/it]Generation:  9
Best f1_score score: 0.9663845570964316
Generation:  36%|███▌      | 9/25 [08:08<15:23, 57.75s/it]Generation:  10
Best f1_score score: 0.9663845570964316
Generation:  40%|████      | 10/25 [08:45<12:51, 51.44s/it]Generation:  11
Best f1_score score: 0.9663845570964316
Generation:  44%|████▍     | 11/25 [09:27<11:17, 48.37s/it]Generation:  12
Best f1_score score: 0.9663845570964316
Generation:  48%|████▊     | 12/25 [09:57<09:16, 42.77s/it]WARNING THIS INDIVIDUAL CAUSED AND EXCEPTION 
 <tpot2.search_spaces.pipelines.sequential.SequentialPipelineIndividual object at 0x15547467afb0> 
 Argument 'metric' has incorrect type (expected str, got numpy.str_) 
 Traceback (most recent call last):
  File "/common/ketrong/tpotexp/tpot2/tpot2/utils/eval_utils.py", line 53, in objective_nan_wrapper
    value = func_timeout.func_timeout(timeout, objective_function, args=[individual], kwargs=objective_kwargs)
  File "/common/ketrong/tpotexp/env/lib/python3.10/site-packages/func_timeout/dafunc.py", line 108, in func_timeout
    raise_exception(exception)
  File "/common/ketrong/tpotexp/env/lib/python3.10/site-packages/func_timeout/py3_raise.py", line 7, in raise_exception
    raise exception[0] from None
  File "/common/ketrong/tpotexp/tpot2/tpot2/tpot_estimator/estimator.py", line 623, in objective_function
    return objective_function_generator(
  File "/common/ketrong/tpotexp/tpot2/tpot2/tpot_estimator/estimator_utils.py", line 55, in objective_function_generator
    cv_obj_scores = cross_val_score_objective(sklearn.base.clone(pipeline),x,y,scorers=scorers, cv=cv , fold=step)
  File "/common/ketrong/tpotexp/tpot2/tpot2/tpot_estimator/cross_val_utils.py", line 31, in cross_val_score_objective
    this_fold_scores = [sklearn.metrics.get_scorer(scorer)(this_fold_pipeline, X_test, y_test) for scorer in scorers]
  File "/common/ketrong/tpotexp/tpot2/tpot2/tpot_estimator/cross_val_utils.py", line 31, in <listcomp>
    this_fold_scores = [sklearn.metrics.get_scorer(scorer)(this_fold_pipeline, X_test, y_test) for scorer in scorers]
  File "/common/ketrong/tpotexp/env/lib/python3.10/site-packages/sklearn/metrics/_scorer.py", line 279, in __call__
    return self._score(partial(_cached_call, None), estimator, X, y_true, **_kwargs)
  File "/common/ketrong/tpotexp/env/lib/python3.10/site-packages/sklearn/metrics/_scorer.py", line 371, in _score
    y_pred = method_caller(
  File "/common/ketrong/tpotexp/env/lib/python3.10/site-packages/sklearn/metrics/_scorer.py", line 89, in _cached_call
    result, _ = _get_response_values(
  File "/common/ketrong/tpotexp/env/lib/python3.10/site-packages/sklearn/utils/_response.py", line 211, in _get_response_values
    y_pred = prediction_method(X)
  File "/common/ketrong/tpotexp/env/lib/python3.10/site-packages/sklearn/pipeline.py", line 601, in predict
    return self.steps[-1][1].predict(Xt, **params)
  File "/common/ketrong/tpotexp/env/lib/python3.10/site-packages/sklearn/neighbors/_classification.py", line 259, in predict
    probabilities = self.predict_proba(X)
  File "/common/ketrong/tpotexp/env/lib/python3.10/site-packages/sklearn/neighbors/_classification.py", line 343, in predict_proba
    probabilities = ArgKminClassMode.compute(
  File "/common/ketrong/tpotexp/env/lib/python3.10/site-packages/sklearn/metrics/_pairwise_distances_reduction/_dispatcher.py", line 584, in compute
    return ArgKminClassMode64.compute(
TypeError: Argument 'metric' has incorrect type (expected str, got numpy.str_)

Generation:  13
Best f1_score score: 0.9663845570964316
Generation:  52%|█████▏    | 13/25 [10:34<08:12, 41.06s/it]Generation:  14
Best f1_score score: 0.9663845570964316
Generation:  56%|█████▌    | 14/25 [11:47<09:17, 50.69s/it]Generation:  15
Best f1_score score: 0.9663845570964316
Generation:  60%|██████    | 15/25 [12:22<07:40, 46.06s/it]Generation:  16
Best f1_score score: 0.9663845570964316
Generation:  64%|██████▍   | 16/25 [12:42<05:43, 38.20s/it]Generation:  17
Best f1_score score: 0.9663845570964316
Generation:  68%|██████▊   | 17/25 [13:23<05:11, 38.97s/it]Generation:  18
Best f1_score score: 0.9663845570964316
Generation:  72%|███████▏  | 18/25 [14:01<04:30, 38.66s/it]Generation:  19
Best f1_score score: 0.9663845570964316
Generation:  76%|███████▌  | 19/25 [14:34<03:42, 37.03s/it]Generation:  20
Best f1_score score: 0.9663845570964316
Generation:  80%|████████  | 20/25 [14:49<02:31, 30.32s/it]Generation:  21
Best f1_score score: 0.9663845570964316
Generation:  84%|████████▍ | 21/25 [15:30<02:14, 33.67s/it]Generation:  22
Best f1_score score: 0.9663845570964316
Generation:  88%|████████▊ | 22/25 [15:45<01:24, 28.09s/it]Generation:  23
Best f1_score score: 0.9663845570964316
Generation:  92%|█████████▏| 23/25 [16:14<00:56, 28.35s/it]WARNING THIS INDIVIDUAL CAUSED AND EXCEPTION 
 <tpot2.search_spaces.pipelines.sequential.SequentialPipelineIndividual object at 0x15545b800250> 
 shrinkage not supported with 'svd' solver. 
 Traceback (most recent call last):
  File "/common/ketrong/tpotexp/tpot2/tpot2/utils/eval_utils.py", line 53, in objective_nan_wrapper
    value = func_timeout.func_timeout(timeout, objective_function, args=[individual], kwargs=objective_kwargs)
  File "/common/ketrong/tpotexp/env/lib/python3.10/site-packages/func_timeout/dafunc.py", line 108, in func_timeout
    raise_exception(exception)
  File "/common/ketrong/tpotexp/env/lib/python3.10/site-packages/func_timeout/py3_raise.py", line 7, in raise_exception
    raise exception[0] from None
  File "/common/ketrong/tpotexp/tpot2/tpot2/tpot_estimator/estimator.py", line 623, in objective_function
    return objective_function_generator(
  File "/common/ketrong/tpotexp/tpot2/tpot2/tpot_estimator/estimator_utils.py", line 55, in objective_function_generator
    cv_obj_scores = cross_val_score_objective(sklearn.base.clone(pipeline),x,y,scorers=scorers, cv=cv , fold=step)
  File "/common/ketrong/tpotexp/tpot2/tpot2/tpot_estimator/cross_val_utils.py", line 28, in cross_val_score_objective
    this_fold_pipeline.fit(X_train,y_train)
  File "/common/ketrong/tpotexp/env/lib/python3.10/site-packages/sklearn/base.py", line 1473, in wrapper
    return fit_method(estimator, *args, **kwargs)
  File "/common/ketrong/tpotexp/env/lib/python3.10/site-packages/sklearn/pipeline.py", line 473, in fit
    self._final_estimator.fit(Xt, y, **last_step_params["fit"])
  File "/common/ketrong/tpotexp/env/lib/python3.10/site-packages/sklearn/base.py", line 1473, in wrapper
    return fit_method(estimator, *args, **kwargs)
  File "/common/ketrong/tpotexp/env/lib/python3.10/site-packages/sklearn/discriminant_analysis.py", line 629, in fit
    raise NotImplementedError("shrinkage not supported with 'svd' solver.")
NotImplementedError: shrinkage not supported with 'svd' solver.

Generation:  24
Best f1_score score: 0.9663845570964316
Generation:  96%|█████████▌| 24/25 [16:55<00:32, 32.08s/it]Generation:  25
Best f1_score score: 0.9663845570964316
Generation: 100%|██████████| 25/25 [18:13<00:00, 45.80s/it]Generation: 100%|██████████| 25/25 [18:16<00:00, 43.87s/it]
2024-11-08 07:59:21,632 - distributed.scheduler - ERROR - Removing worker 'tcp://127.0.0.1:45799' caused the cluster to lose scattered data, which can't be recovered: {'ndarray-6a1e9c4f0f9f23320720f2e727cfe402', 'ndarray-d8b8a177c15b9d764d6c1db847317b9d'} (stimulus_id='handle-worker-cleanup-1731081561.631926')
Fitted
Pipeline(steps=[('lineardiscriminantanalysis',
                 LinearDiscriminantAnalysis(shrinkage=0.3638832225494,
                                            solver='lsqr'))])
score start
train score: {'auroc': 0.9956212315655733, 'accuracy': 0.9657094594594594, 'balanced_accuracy': 0.9657095579389874, 'logloss': 0.08452647625059459, 'f1': 0.9657094506535637}
original test score: {'auroc': 0.9976296523550993, 'accuracy': 0.9756756756756757, 'balanced_accuracy': 0.9756756312557182, 'logloss': 0.06184886677840016, 'f1': 0.9756756312557182}
imputed test score: {'auroc': 0.9941983093468031, 'accuracy': 0.9608108108108108, 'balanced_accuracy': 0.9608107392453237, 'logloss': 0.09518097737023809, 'f1': 0.9608107392453237}
score end
check intended
EXP2 Finished
running experiment 3/3 - What is the best automl settings?
<tpot2.search_spaces.pipelines.sequential.SequentialPipeline object at 0x15543504f9d0>
Start tpot fit
Version 0.1.7a0 of tpot2 is outdated. Version 0.1.8a0 was released Tuesday September 17, 2024.
Version 0.1.7a0 of tpot2 is outdated. Version 0.1.8a0 was released Tuesday September 17, 2024.
Version 0.1.7a0 of tpot2 is outdated. Version 0.1.8a0 was released Tuesday September 17, 2024.
Version 0.1.7a0 of tpot2 is outdated. Version 0.1.8a0 was released Tuesday September 17, 2024.
Version 0.1.7a0 of tpot2 is outdated. Version 0.1.8a0 was released Tuesday September 17, 2024.
Version 0.1.7a0 of tpot2 is outdated. Version 0.1.8a0 was released Tuesday September 17, 2024.
Version 0.1.7a0 of tpot2 is outdated. Version 0.1.8a0 was released Tuesday September 17, 2024.
Version 0.1.7a0 of tpot2 is outdated. Version 0.1.8a0 was released Tuesday September 17, 2024.
Version 0.1.7a0 of tpot2 is outdated. Version 0.1.8a0 was released Tuesday September 17, 2024.
Version 0.1.7a0 of tpot2 is outdated. Version 0.1.8a0 was released Tuesday September 17, 2024.
Version 0.1.7a0 of tpot2 is outdated. Version 0.1.8a0 was released Tuesday September 17, 2024.
Version 0.1.7a0 of tpot2 is outdated. Version 0.1.8a0 was released Tuesday September 17, 2024.
Version 0.1.7a0 of tpot2 is outdated. Version 0.1.8a0 was released Tuesday September 17, 2024.
Version 0.1.7a0 of tpot2 is outdated. Version 0.1.8a0 was released Tuesday September 17, 2024.
Version 0.1.7a0 of tpot2 is outdated. Version 0.1.8a0 was released Tuesday September 17, 2024.
Version 0.1.7a0 of tpot2 is outdated. Version 0.1.8a0 was released Tuesday September 17, 2024.
  0%|          | 0/25 [00:00<?, ?it/s]Generation:   0%|          | 0/25 [00:00<?, ?it/s]WARNING THIS INDIVIDUAL CAUSED AND EXCEPTION 
 <tpot2.search_spaces.pipelines.sequential.SequentialPipelineIndividual object at 0x155474cd0f10> 
 The 'min_samples_split' parameter of DecisionTreeClassifier must be an int in the range [2, inf) or a float in the range (0.0, 1.0]. Got 1 instead. 
 Traceback (most recent call last):
  File "/common/ketrong/tpotexp/tpot2/tpot2/utils/eval_utils.py", line 53, in objective_nan_wrapper
    value = func_timeout.func_timeout(timeout, objective_function, args=[individual], kwargs=objective_kwargs)
  File "/common/ketrong/tpotexp/env/lib/python3.10/site-packages/func_timeout/dafunc.py", line 108, in func_timeout
    raise_exception(exception)
  File "/common/ketrong/tpotexp/env/lib/python3.10/site-packages/func_timeout/py3_raise.py", line 7, in raise_exception
    raise exception[0] from None
  File "/common/ketrong/tpotexp/tpot2/tpot2/tpot_estimator/estimator.py", line 623, in objective_function
    return objective_function_generator(
  File "/common/ketrong/tpotexp/tpot2/tpot2/tpot_estimator/estimator_utils.py", line 55, in objective_function_generator
    cv_obj_scores = cross_val_score_objective(sklearn.base.clone(pipeline),x,y,scorers=scorers, cv=cv , fold=step)
  File "/common/ketrong/tpotexp/tpot2/tpot2/tpot_estimator/cross_val_utils.py", line 28, in cross_val_score_objective
    this_fold_pipeline.fit(X_train,y_train)
  File "/common/ketrong/tpotexp/env/lib/python3.10/site-packages/sklearn/base.py", line 1473, in wrapper
    return fit_method(estimator, *args, **kwargs)
  File "/common/ketrong/tpotexp/env/lib/python3.10/site-packages/sklearn/pipeline.py", line 473, in fit
    self._final_estimator.fit(Xt, y, **last_step_params["fit"])
  File "/common/ketrong/tpotexp/env/lib/python3.10/site-packages/sklearn/base.py", line 1466, in wrapper
    estimator._validate_params()
  File "/common/ketrong/tpotexp/env/lib/python3.10/site-packages/sklearn/base.py", line 666, in _validate_params
    validate_parameter_constraints(
  File "/common/ketrong/tpotexp/env/lib/python3.10/site-packages/sklearn/utils/_param_validation.py", line 95, in validate_parameter_constraints
    raise InvalidParameterError(
sklearn.utils._param_validation.InvalidParameterError: The 'min_samples_split' parameter of DecisionTreeClassifier must be an int in the range [2, inf) or a float in the range (0.0, 1.0]. Got 1 instead.

Generation:  1
Best f1_score score: 0.9658777170705399
Generation:   4%|▍         | 1/25 [00:21<08:35, 21.46s/it]Generation:  2
Best f1_score score: 0.9663846081893585
Generation:   8%|▊         | 2/25 [01:28<18:26, 48.09s/it]Generation:  3
Best f1_score score: 0.9663846081893585
Generation:  12%|█▏        | 3/25 [02:19<18:06, 49.41s/it]Generation:  4
Best f1_score score: 0.9663846081893585
Generation:  16%|█▌        | 4/25 [03:01<16:20, 46.70s/it]Generation:  5
Best f1_score score: 0.9663846081893585
Generation:  20%|██        | 5/25 [04:54<23:30, 70.53s/it]Generation:  6
Best f1_score score: 0.9663846081893585
Generation:  24%|██▍       | 6/25 [05:25<18:07, 57.22s/it]Generation:  7
Best f1_score score: 0.9663846081893585
Generation:  28%|██▊       | 7/25 [06:15<16:26, 54.79s/it]Generation:  8
Best f1_score score: 0.9663846081893585
Generation:  32%|███▏      | 8/25 [07:01<14:45, 52.08s/it]Generation:  9
Best f1_score score: 0.9663846081893585
Generation:  36%|███▌      | 9/25 [07:08<10:06, 37.89s/it]Generation:  10
Best f1_score score: 0.9663846081893585
Generation:  40%|████      | 10/25 [07:37<08:47, 35.19s/it]WARNING THIS INDIVIDUAL CAUSED AND EXCEPTION 
 <tpot2.search_spaces.pipelines.sequential.SequentialPipelineIndividual object at 0x15545fe33eb0> 
 The 'min_samples_split' parameter of DecisionTreeClassifier must be an int in the range [2, inf) or a float in the range (0.0, 1.0]. Got 1 instead. 
 Traceback (most recent call last):
  File "/common/ketrong/tpotexp/tpot2/tpot2/utils/eval_utils.py", line 53, in objective_nan_wrapper
    value = func_timeout.func_timeout(timeout, objective_function, args=[individual], kwargs=objective_kwargs)
  File "/common/ketrong/tpotexp/env/lib/python3.10/site-packages/func_timeout/dafunc.py", line 108, in func_timeout
    raise_exception(exception)
  File "/common/ketrong/tpotexp/env/lib/python3.10/site-packages/func_timeout/py3_raise.py", line 7, in raise_exception
    raise exception[0] from None
  File "/common/ketrong/tpotexp/tpot2/tpot2/tpot_estimator/estimator.py", line 623, in objective_function
    return objective_function_generator(
  File "/common/ketrong/tpotexp/tpot2/tpot2/tpot_estimator/estimator_utils.py", line 55, in objective_function_generator
    cv_obj_scores = cross_val_score_objective(sklearn.base.clone(pipeline),x,y,scorers=scorers, cv=cv , fold=step)
  File "/common/ketrong/tpotexp/tpot2/tpot2/tpot_estimator/cross_val_utils.py", line 28, in cross_val_score_objective
    this_fold_pipeline.fit(X_train,y_train)
  File "/common/ketrong/tpotexp/env/lib/python3.10/site-packages/sklearn/base.py", line 1473, in wrapper
    return fit_method(estimator, *args, **kwargs)
  File "/common/ketrong/tpotexp/env/lib/python3.10/site-packages/sklearn/pipeline.py", line 473, in fit
    self._final_estimator.fit(Xt, y, **last_step_params["fit"])
  File "/common/ketrong/tpotexp/env/lib/python3.10/site-packages/sklearn/base.py", line 1466, in wrapper
    estimator._validate_params()
  File "/common/ketrong/tpotexp/env/lib/python3.10/site-packages/sklearn/base.py", line 666, in _validate_params
    validate_parameter_constraints(
  File "/common/ketrong/tpotexp/env/lib/python3.10/site-packages/sklearn/utils/_param_validation.py", line 95, in validate_parameter_constraints
    raise InvalidParameterError(
sklearn.utils._param_validation.InvalidParameterError: The 'min_samples_split' parameter of DecisionTreeClassifier must be an int in the range [2, inf) or a float in the range (0.0, 1.0]. Got 1 instead.

Generation:  11
Best f1_score score: 0.9663846081893585
Generation:  44%|████▍     | 11/25 [08:08<07:52, 33.75s/it]Generation:  12
Best f1_score score: 0.9663846081893585
Generation:  48%|████▊     | 12/25 [08:24<06:11, 28.55s/it]Generation:  13
Best f1_score score: 0.9663846081893585
Generation:  52%|█████▏    | 13/25 [08:35<04:36, 23.07s/it]Generation:  14
Best f1_score score: 0.9663846081893585
Generation:  56%|█████▌    | 14/25 [09:30<06:00, 32.78s/it]Generation:  15
Best f1_score score: 0.9663846081893585
Generation:  60%|██████    | 15/25 [09:53<04:56, 29.68s/it]Generation:  16
Best f1_score score: 0.9663846081893585
Generation:  64%|██████▍   | 16/25 [10:31<04:49, 32.18s/it]Generation:  17
Best f1_score score: 0.9663846081893585
Generation:  68%|██████▊   | 17/25 [10:42<03:26, 25.83s/it]Generation:  18
Best f1_score score: 0.9663846081893585
Generation:  72%|███████▏  | 18/25 [11:11<03:08, 26.92s/it]Generation:  19
Best f1_score score: 0.9663846081893585
Generation:  76%|███████▌  | 19/25 [17:17<12:52, 128.67s/it]Generation:  20
Best f1_score score: 0.9663846081893585
Generation:  80%|████████  | 20/25 [17:54<08:26, 101.24s/it]Generation:  21
Best f1_score score: 0.9663846081893585
Generation:  84%|████████▍ | 21/25 [18:20<05:14, 78.57s/it] Generation:  22
Best f1_score score: 0.9663846081893585
Generation:  88%|████████▊ | 22/25 [18:44<03:06, 62.11s/it]Generation:  23
Best f1_score score: 0.9663846081893585
Generation:  92%|█████████▏| 23/25 [18:59<01:36, 48.25s/it]Generation:  24
Best f1_score score: 0.9663846081893585
Generation:  96%|█████████▌| 24/25 [19:32<00:43, 43.49s/it]Generation:  25
Best f1_score score: 0.9663846081893585
Generation: 100%|██████████| 25/25 [19:56<00:00, 37.62s/it]Generation: 100%|██████████| 25/25 [19:56<00:00, 47.85s/it]
2024-11-08 08:19:25,652 - distributed.scheduler - ERROR - Removing worker 'tcp://127.0.0.1:38983' caused the cluster to lose scattered data, which can't be recovered: {'DataFrame-2298db971a9f7b04ef4014d9f76ad5e6', 'ndarray-d8b8a177c15b9d764d6c1db847317b9d'} (stimulus_id='handle-worker-cleanup-1731082765.6526628')
Fitted
Pipeline(steps=[('simpleimputer', SimpleImputer(strategy='median')),
                ('lineardiscriminantanalysis',
                 LinearDiscriminantAnalysis(shrinkage=0.3504176134244,
                                            solver='lsqr'))])
transform worked
try transform
transform worked
score start
train score: {'auroc': 0.9956305905910294, 'accuracy': 0.9658783783783784, 'balanced_accuracy': 0.9658783628005674, 'logloss': 0.08445477988833773, 'f1': 0.9658783628005674}
test score: {'auroc': 0.9942037878082319, 'accuracy': 0.9614864864864865, 'balanced_accuracy': 0.9614855030779823, 'logloss': 0.0951569374852187, 'f1': 0.9614863282400266}
original test score: {'auroc': 0.9976241738936704, 'accuracy': 0.9756756756756757, 'balanced_accuracy': 0.9756756312557182, 'logloss': 0.061826632643523324, 'f1': 0.9756756312557182}
score end
1507
lvl
0.3
type
MAR
num_run
1
class_simple
finished
all finished
full run takes
0.6533363262812296
hours
DONE
