Run: 2
/cm/local/apps/slurm/var/spool/job910012/slurm_script: line 26: 
pip install -e tpot2
pip install -r tpot2/ImputerExperiments/requirements_.txt
: No such file or directory
RunStart
starting loops
../data/r/197/197.pkl
working on 
../data/r/197/reg_full_MAR_0.01_2
0.7634332180023193
running experiment 1/3 - Does large hyperparameter space improve reconstruction accuracy over simple
[I 2024-08-07 14:54:45,220] A new study created in memory with name: no-name-fbdb5cf2-309b-4937-bd81-6872cc9f2700
running
running
running
running
running
running
running
running
running
running
running
running
running
running
running
running
[I 2024-08-07 14:54:46,129] Trial 11 finished with value: 0.16356557676124503 and parameters: {'model_name': 'SimpleImputer', 'strategy': 'mean'}. Best is trial 11 with value: 0.16356557676124503.
running
[I 2024-08-07 14:54:46,257] Trial 10 finished with value: 0.2274138684990652 and parameters: {'model_name': 'SimpleImputer', 'strategy': 'constant'}. Best is trial 11 with value: 0.16356557676124503.
running
[I 2024-08-07 14:54:46,499] Trial 3 finished with value: 0.17304126756248592 and parameters: {'model_name': 'SimpleImputer', 'strategy': 'median'}. Best is trial 11 with value: 0.16356557676124503.
[I 2024-08-07 14:54:46,698] Trial 5 finished with value: 0.17304126756248592 and parameters: {'model_name': 'SimpleImputer', 'strategy': 'median'}. Best is trial 11 with value: 0.16356557676124503.
running
running
[I 2024-08-07 14:54:47,318] Trial 18 finished with value: 0.16356557676124503 and parameters: {'model_name': 'SimpleImputer', 'strategy': 'mean'}. Best is trial 11 with value: 0.16356557676124503.
running
[I 2024-08-07 14:54:47,502] Trial 16 finished with value: 0.17304126756248592 and parameters: {'model_name': 'SimpleImputer', 'strategy': 'median'}. Best is trial 11 with value: 0.16356557676124503.
running
[I 2024-08-07 14:54:48,217] Trial 8 finished with value: 0.22739651598427799 and parameters: {'model_name': 'SimpleImputer', 'strategy': 'most_frequent'}. Best is trial 11 with value: 0.16356557676124503.
running
[I 2024-08-07 14:54:49,729] Trial 20 finished with value: 0.22739651598427799 and parameters: {'model_name': 'SimpleImputer', 'strategy': 'most_frequent'}. Best is trial 11 with value: 0.16356557676124503.
running
[I 2024-08-07 14:54:53,170] Trial 0 finished with value: 0.03672026444724253 and parameters: {'model_name': 'KNNImputer', 'n_neighbors': 193, 'weights': 'distance'}. Best is trial 0 with value: 0.03672026444724253.
running
[I 2024-08-07 14:54:53,326] Trial 6 finished with value: 0.163565576761245 and parameters: {'model_name': 'KNNImputer', 'n_neighbors': 6532, 'weights': 'uniform'}. Best is trial 0 with value: 0.03672026444724253.
running
[I 2024-08-07 14:54:54,283] Trial 17 finished with value: 0.163565576761245 and parameters: {'model_name': 'KNNImputer', 'n_neighbors': 7285, 'weights': 'uniform'}. Best is trial 0 with value: 0.03672026444724253.
running
[I 2024-08-07 14:54:54,476] Trial 7 finished with value: 0.15062295057524094 and parameters: {'model_name': 'KNNImputer', 'n_neighbors': 2198, 'weights': 'uniform'}. Best is trial 0 with value: 0.03672026444724253.
running
[I 2024-08-07 14:54:55,313] Trial 14 finished with value: 0.16020802068155732 and parameters: {'model_name': 'KNNImputer', 'n_neighbors': 4314, 'weights': 'uniform'}. Best is trial 0 with value: 0.03672026444724253.
running
[I 2024-08-07 14:54:55,705] Trial 13 finished with value: 0.1599259998386946 and parameters: {'model_name': 'KNNImputer', 'n_neighbors': 4201, 'weights': 'uniform'}. Best is trial 0 with value: 0.03672026444724253.
running
[I 2024-08-07 14:54:55,927] Trial 12 finished with value: 0.1391175583262873 and parameters: {'model_name': 'KNNImputer', 'n_neighbors': 6891, 'weights': 'distance'}. Best is trial 0 with value: 0.03672026444724253.
running
[I 2024-08-07 14:54:56,584] Trial 19 finished with value: 0.09581986116623546 and parameters: {'model_name': 'KNNImputer', 'n_neighbors': 1380, 'weights': 'distance'}. Best is trial 0 with value: 0.03672026444724253.
running
[I 2024-08-07 14:54:56,927] Trial 1 finished with value: 0.11932170247872262 and parameters: {'model_name': 'KNNImputer', 'n_neighbors': 2837, 'weights': 'distance'}. Best is trial 0 with value: 0.03672026444724253.
running
[I 2024-08-07 14:54:57,211] Trial 21 finished with value: 0.16110541175010232 and parameters: {'model_name': 'KNNImputer', 'n_neighbors': 4710, 'weights': 'uniform'}. Best is trial 0 with value: 0.03672026444724253.
running
[I 2024-08-07 14:54:58,986] Trial 28 finished with value: inf and parameters: {'model_name': 'GAIN', 'batch_size': 1, 'hint_rate': 0.813691256181267, 'alpha': 5, 'iterations': 7, 'learning_rate': 0.00018361908344550926, 'p_miss': 0.10431944088238075}. Best is trial 0 with value: 0.03672026444724253.
running
[I 2024-08-07 14:55:01,183] Trial 26 finished with value: 0.02959583033138672 and parameters: {'model_name': 'KNNImputer', 'n_neighbors': 130, 'weights': 'distance'}. Best is trial 26 with value: 0.02959583033138672.
running
[I 2024-08-07 14:55:01,573] Trial 25 finished with value: 0.049787158140553164 and parameters: {'model_name': 'KNNImputer', 'n_neighbors': 335, 'weights': 'distance'}. Best is trial 26 with value: 0.02959583033138672.
running
[I 2024-08-07 14:55:02,776] Trial 23 finished with value: 0.27622338406621927 and parameters: {'model_name': 'GAIN', 'batch_size': 2, 'hint_rate': 0.13452817482587986, 'alpha': 59, 'iterations': 1, 'learning_rate': 0.019774549788779548, 'p_miss': 0.16342937141235375}. Best is trial 26 with value: 0.02959583033138672.
running
[I 2024-08-07 14:55:03,692] Trial 22 finished with value: 0.3034896206350134 and parameters: {'model_name': 'GAIN', 'batch_size': 74, 'hint_rate': 0.76548749346451, 'alpha': 37, 'iterations': 1, 'learning_rate': 0.04109080244489643, 'p_miss': 0.28751152085464243}. Best is trial 26 with value: 0.02959583033138672.
running
[I 2024-08-07 14:55:05,048] Trial 4 finished with value: 0.2365515183809474 and parameters: {'model_name': 'GAIN', 'batch_size': 12, 'hint_rate': 0.7977582284275085, 'alpha': 98, 'iterations': 1, 'learning_rate': 0.0013912373191406727, 'p_miss': 0.027920352635937506}. Best is trial 26 with value: 0.02959583033138672.
running
[I 2024-08-07 14:55:08,707] Trial 33 finished with value: 0.2242950207851909 and parameters: {'model_name': 'GAIN', 'batch_size': 73, 'hint_rate': 0.20821736308944838, 'alpha': 48, 'iterations': 4, 'learning_rate': 0.03551185246003834, 'p_miss': 0.07896934379319413}. Best is trial 26 with value: 0.02959583033138672.
running
