Run: 29
/cm/local/apps/slurm/var/spool/job962427/slurm_script: line 26: 
pip install -e tpot2
pip install -r tpot2/ImputerExperiments/requirements_.txt
: No such file or directory
RunStart
Version 0.1.7a0 of tpot2 is outdated. Version 0.1.8a0 was released 3 days ago.
starting loops
../data/r/197/197.pkl
working on 
../data/r/197/reg_full_MAR_0.01_2
3.8534674644470215
running experiment 1/3 - Does large hyperparameter space improve reconstruction accuracy over simple
[I 2024-09-21 01:18:56,303] A new study created in memory with name: no-name-00a76f0d-62f2-4d44-9d48-552eba97c280
running
running
running
running
running
running
running
running
running
running
running
running
running
running
running
running
[I 2024-09-21 01:18:56,746] Trial 9 finished with value: 0.23535083093667 and parameters: {'model_name': 'SimpleImputer', 'strategy': 'constant'}. Best is trial 9 with value: 0.23535083093667.
running
[I 2024-09-21 01:18:56,980] Trial 5 finished with value: 0.12913963229305755 and parameters: {'model_name': 'SimpleImputer', 'strategy': 'median'}. Best is trial 5 with value: 0.12913963229305755.
running
[I 2024-09-21 01:18:57,162] Trial 13 finished with value: 0.12913963229305755 and parameters: {'model_name': 'SimpleImputer', 'strategy': 'median'}. Best is trial 5 with value: 0.12913963229305755.
running
[I 2024-09-21 01:18:57,570] Trial 2 finished with value: 0.23470170236491938 and parameters: {'model_name': 'SimpleImputer', 'strategy': 'most_frequent'}. Best is trial 5 with value: 0.12913963229305755.
running
[I 2024-09-21 01:19:01,773] Trial 0 finished with value: 0.08562770850357113 and parameters: {'model_name': 'KNNImputer', 'n_neighbors': 88, 'weights': 'distance'}. Best is trial 0 with value: 0.08562770850357113.
running
[I 2024-09-21 01:19:02,121] Trial 20 finished with value: 0.1228966765605829 and parameters: {'model_name': 'SimpleImputer', 'strategy': 'mean'}. Best is trial 0 with value: 0.08562770850357113.
running
[I 2024-09-21 01:19:02,464] Trial 1 finished with value: 0.11243072762214519 and parameters: {'model_name': 'KNNImputer', 'n_neighbors': 2776, 'weights': 'uniform'}. Best is trial 0 with value: 0.08562770850357113.
running
[I 2024-09-21 01:19:03,052] Trial 10 finished with value: 0.10249185775944736 and parameters: {'model_name': 'KNNImputer', 'n_neighbors': 1360, 'weights': 'distance'}. Best is trial 0 with value: 0.08562770850357113.
running
[I 2024-09-21 01:19:04,800] Trial 11 finished with value: 0.11252957413585074 and parameters: {'model_name': 'KNNImputer', 'n_neighbors': 4284, 'weights': 'distance'}. Best is trial 0 with value: 0.08562770850357113.
running
[I 2024-09-21 01:19:20,128] Trial 18 finished with value: 0.22504648772313413 and parameters: {'model_name': 'GAIN', 'batch_size': 33, 'hint_rate': 0.33358287362471456, 'alpha': 95, 'iterations': 9, 'learning_rate': 0.04319617545871607, 'p_miss': 0.1603616776560569}. Best is trial 0 with value: 0.08562770850357113.
running
[I 2024-09-21 01:19:35,584] Trial 7 finished with value: 0.09359525192494314 and parameters: {'model_name': 'IterativeImputer', 'estimator': 'Ridge', 'initial_strategy': 'constant', 'n_nearest_features': 12, 'imputation_order': 'ascending'}. Best is trial 0 with value: 0.08562770850357113.
running
[I 2024-09-21 01:19:46,389] Trial 22 finished with value: 0.09231260037664682 and parameters: {'model_name': 'IterativeImputer', 'estimator': 'Ridge', 'initial_strategy': 'constant', 'n_nearest_features': 16, 'imputation_order': 'roman'}. Best is trial 0 with value: 0.08562770850357113.
running
[I 2024-09-21 01:19:53,299] Trial 21 finished with value: 0.09088921477890258 and parameters: {'model_name': 'IterativeImputer', 'estimator': 'KNN', 'initial_strategy': 'mean', 'n_nearest_features': 4, 'imputation_order': 'random'}. Best is trial 0 with value: 0.08562770850357113.
running
[I 2024-09-21 01:20:04,404] Trial 16 finished with value: 0.0986422150675366 and parameters: {'model_name': 'IterativeImputer', 'estimator': 'Bayesian', 'initial_strategy': 'constant', 'n_nearest_features': 7, 'imputation_order': 'arabic', 'sample_posterior': False}. Best is trial 0 with value: 0.08562770850357113.
running
[I 2024-09-21 01:20:13,379] Trial 8 finished with value: 0.12787699380523065 and parameters: {'model_name': 'IterativeImputer', 'estimator': 'Bayesian', 'initial_strategy': 'most_frequent', 'n_nearest_features': 8, 'imputation_order': 'roman', 'sample_posterior': True}. Best is trial 0 with value: 0.08562770850357113.
running
[I 2024-09-21 01:20:21,612] Trial 14 finished with value: 0.25345356612524106 and parameters: {'model_name': 'GAIN', 'batch_size': 907, 'hint_rate': 0.6779879648100022, 'alpha': 35, 'iterations': 22, 'learning_rate': 0.0014457424521102942, 'p_miss': 0.2652137383891823}. Best is trial 0 with value: 0.08562770850357113.
running
[I 2024-09-21 01:20:22,110] Trial 19 finished with value: 0.09417072931549988 and parameters: {'model_name': 'IterativeImputer', 'estimator': 'Bayesian', 'initial_strategy': 'median', 'n_nearest_features': 14, 'imputation_order': 'arabic', 'sample_posterior': False}. Best is trial 0 with value: 0.08562770850357113.
running
[I 2024-09-21 01:20:23,081] Trial 26 finished with value: 0.09324770409630274 and parameters: {'model_name': 'IterativeImputer', 'estimator': 'Ridge', 'initial_strategy': 'constant', 'n_nearest_features': 13, 'imputation_order': 'ascending'}. Best is trial 0 with value: 0.08562770850357113.
running
[I 2024-09-21 01:20:25,222] Trial 15 finished with value: 0.12025813244335468 and parameters: {'model_name': 'IterativeImputer', 'estimator': 'Bayesian', 'initial_strategy': 'mean', 'n_nearest_features': 14, 'imputation_order': 'ascending', 'sample_posterior': True}. Best is trial 0 with value: 0.08562770850357113.
running
[I 2024-09-21 01:21:03,761] Trial 24 finished with value: 0.07996112224480816 and parameters: {'model_name': 'IterativeImputer', 'estimator': 'KNN', 'initial_strategy': 'mean', 'n_nearest_features': 18, 'imputation_order': 'arabic'}. Best is trial 24 with value: 0.07996112224480816.
running
[I 2024-09-21 01:21:20,787] Trial 27 finished with value: 0.08070779203778666 and parameters: {'model_name': 'IterativeImputer', 'estimator': 'KNN', 'initial_strategy': 'most_frequent', 'n_nearest_features': 21, 'imputation_order': 'roman'}. Best is trial 24 with value: 0.07996112224480816.
running
[I 2024-09-21 01:21:31,162] Trial 4 finished with value: 0.12853248824718588 and parameters: {'model_name': 'VAE', 'batch_size': 9, 'iterations': 65, 'learning_rate': 0.003333147374487362, 'p_miss': 0.29180061258525825}. Best is trial 24 with value: 0.07996112224480816.
running
[I 2024-09-21 01:27:09,401] Trial 17 finished with value: inf and parameters: {'model_name': 'GAIN', 'batch_size': 1, 'hint_rate': 0.26327669190514413, 'alpha': 60, 'iterations': 1673, 'learning_rate': 0.002577106332879839, 'p_miss': 0.01838831178626854}. Best is trial 24 with value: 0.07996112224480816.
running
[I 2024-09-21 01:27:17,770] Trial 38 finished with value: 0.42788006619341357 and parameters: {'model_name': 'VAE', 'batch_size': 852, 'iterations': 1, 'learning_rate': 0.00023211621236109565, 'p_miss': 0.014943240610818725}. Best is trial 24 with value: 0.07996112224480816.
running
[I 2024-09-21 01:27:21,874] Trial 39 finished with value: 0.08916448348261055 and parameters: {'model_name': 'KNNImputer', 'n_neighbors': 175, 'weights': 'distance'}. Best is trial 24 with value: 0.07996112224480816.
running
[I 2024-09-21 01:27:28,263] Trial 40 finished with value: 0.1228966765605829 and parameters: {'model_name': 'KNNImputer', 'n_neighbors': 6291, 'weights': 'uniform'}. Best is trial 24 with value: 0.07996112224480816.
running
[I 2024-09-21 01:31:31,339] Trial 6 finished with value: 0.12577738127820295 and parameters: {'model_name': 'VAE', 'batch_size': 13, 'iterations': 267, 'learning_rate': 0.024288904968163518, 'p_miss': 0.15507811892752227}. Best is trial 24 with value: 0.07996112224480816.
running
[I 2024-09-21 01:31:35,199] Trial 42 finished with value: 0.0847335445475723 and parameters: {'model_name': 'KNNImputer', 'n_neighbors': 73, 'weights': 'distance'}. Best is trial 24 with value: 0.07996112224480816.
running
[I 2024-09-21 01:33:06,420] Trial 43 finished with value: 0.08055517109602575 and parameters: {'model_name': 'IterativeImputer', 'estimator': 'KNN', 'initial_strategy': 'most_frequent', 'n_nearest_features': 21, 'imputation_order': 'descending'}. Best is trial 24 with value: 0.07996112224480816.
running
[I 2024-09-21 01:34:31,556] Trial 44 finished with value: 0.08055517109602575 and parameters: {'model_name': 'IterativeImputer', 'estimator': 'KNN', 'initial_strategy': 'most_frequent', 'n_nearest_features': 21, 'imputation_order': 'descending'}. Best is trial 24 with value: 0.07996112224480816.
running
[I 2024-09-21 01:35:50,862] Trial 45 finished with value: 0.08055517109602575 and parameters: {'model_name': 'IterativeImputer', 'estimator': 'KNN', 'initial_strategy': 'most_frequent', 'n_nearest_features': 21, 'imputation_order': 'descending'}. Best is trial 24 with value: 0.07996112224480816.
running
[I 2024-09-21 01:37:05,218] Trial 46 finished with value: 0.08055517109602575 and parameters: {'model_name': 'IterativeImputer', 'estimator': 'KNN', 'initial_strategy': 'most_frequent', 'n_nearest_features': 21, 'imputation_order': 'descending'}. Best is trial 24 with value: 0.07996112224480816.
running
[I 2024-09-21 01:38:25,461] Trial 47 finished with value: 0.08118263582945326 and parameters: {'model_name': 'IterativeImputer', 'estimator': 'KNN', 'initial_strategy': 'most_frequent', 'n_nearest_features': 18, 'imputation_order': 'descending'}. Best is trial 24 with value: 0.07996112224480816.
running
[I 2024-09-21 01:39:45,392] Trial 48 finished with value: 0.08036089420448429 and parameters: {'model_name': 'IterativeImputer', 'estimator': 'KNN', 'initial_strategy': 'most_frequent', 'n_nearest_features': 19, 'imputation_order': 'descending'}. Best is trial 24 with value: 0.07996112224480816.
running
[I 2024-09-21 02:09:27,586] Trial 23 finished with value: 0.24768750902975736 and parameters: {'model_name': 'GAIN', 'batch_size': 86, 'hint_rate': 0.8655537463732265, 'alpha': 93, 'iterations': 1928, 'learning_rate': 0.0140279402216955, 'p_miss': 0.11778539374304332}. Best is trial 24 with value: 0.07996112224480816.
running
[I 2024-09-21 02:22:40,831] Trial 12 finished with value: 0.07336999881498826 and parameters: {'model_name': 'IterativeImputer', 'estimator': 'RFR', 'initial_strategy': 'most_frequent', 'n_nearest_features': 6, 'imputation_order': 'arabic'}. Best is trial 12 with value: 0.07336999881498826.
running
[I 2024-09-21 02:44:21,477] Trial 34 finished with value: 0.16431501212683747 and parameters: {'model_name': 'VAE', 'batch_size': 1, 'iterations': 1842, 'learning_rate': 0.00010402139306845237, 'p_miss': 0.017865190689774685}. Best is trial 12 with value: 0.07336999881498826.
running
[I 2024-09-21 03:40:29,874] Trial 49 finished with value: 0.063296652184279 and parameters: {'model_name': 'IterativeImputer', 'estimator': 'RFR', 'initial_strategy': 'mean', 'n_nearest_features': 18, 'imputation_order': 'descending'}. Best is trial 49 with value: 0.063296652184279.
running
[I 2024-09-21 03:56:13,613] Trial 41 finished with value: 0.12464728446188293 and parameters: {'model_name': 'VAE', 'batch_size': 66, 'iterations': 3255, 'learning_rate': 0.09881403769769603, 'p_miss': 0.13680061323853254}. Best is trial 49 with value: 0.063296652184279.
running
[I 2024-09-21 04:09:13,382] Trial 50 finished with value: 0.06283229006974768 and parameters: {'model_name': 'IterativeImputer', 'estimator': 'RFR', 'initial_strategy': 'mean', 'n_nearest_features': 18, 'imputation_order': 'descending'}. Best is trial 50 with value: 0.06283229006974768.
running
[I 2024-09-21 04:17:12,044] Trial 35 finished with value: 0.1628842360950346 and parameters: {'model_name': 'VAE', 'batch_size': 1, 'iterations': 4167, 'learning_rate': 0.00033966840050323133, 'p_miss': 0.02298230678182156}. Best is trial 50 with value: 0.06283229006974768.
running
[I 2024-09-21 04:21:27,952] Trial 51 finished with value: 0.06185144878731543 and parameters: {'model_name': 'IterativeImputer', 'estimator': 'RFR', 'initial_strategy': 'mean', 'n_nearest_features': 18, 'imputation_order': 'arabic'}. Best is trial 51 with value: 0.06185144878731543.
running
[I 2024-09-21 04:36:36,423] Trial 3 finished with value: 0.26410175629823696 and parameters: {'model_name': 'GAIN', 'batch_size': 197, 'hint_rate': 0.7199672932076704, 'alpha': 29, 'iterations': 7114, 'learning_rate': 0.0019286394294373813, 'p_miss': 0.11259923739978402}. Best is trial 51 with value: 0.06185144878731543.
running
[I 2024-09-21 04:43:29,413] Trial 52 finished with value: 0.06203621522799563 and parameters: {'model_name': 'IterativeImputer', 'estimator': 'RFR', 'initial_strategy': 'mean', 'n_nearest_features': 18, 'imputation_order': 'arabic'}. Best is trial 51 with value: 0.06185144878731543.
running
[I 2024-09-21 04:44:10,952] Trial 55 finished with value: 0.1046547736614937 and parameters: {'model_name': 'IterativeImputer', 'estimator': 'RFR', 'initial_strategy': 'mean', 'n_nearest_features': 1, 'imputation_order': 'arabic'}. Best is trial 51 with value: 0.06185144878731543.
running
[I 2024-09-21 05:19:00,668] Trial 31 finished with value: 0.1413760083420942 and parameters: {'model_name': 'VAE', 'batch_size': 1, 'iterations': 5245, 'learning_rate': 0.00010301169479442408, 'p_miss': 0.02153109538624498}. Best is trial 51 with value: 0.06185144878731543.
running
[I 2024-09-21 05:36:44,555] Trial 53 finished with value: 0.06282459357195293 and parameters: {'model_name': 'IterativeImputer', 'estimator': 'RFR', 'initial_strategy': 'mean', 'n_nearest_features': 17, 'imputation_order': 'arabic'}. Best is trial 51 with value: 0.06185144878731543.
running
[I 2024-09-21 05:48:58,534] Trial 30 finished with value: 0.14391275826769176 and parameters: {'model_name': 'VAE', 'batch_size': 1, 'iterations': 6528, 'learning_rate': 0.00010039123057330736, 'p_miss': 0.011513042136369472}. Best is trial 51 with value: 0.06185144878731543.
running
[I 2024-09-21 05:49:57,190] Trial 54 finished with value: 0.0627861207503828 and parameters: {'model_name': 'IterativeImputer', 'estimator': 'RFR', 'initial_strategy': 'mean', 'n_nearest_features': 17, 'imputation_order': 'arabic'}. Best is trial 51 with value: 0.06185144878731543.
running
[I 2024-09-21 06:09:12,508] Trial 56 finished with value: 0.06256583472678807 and parameters: {'model_name': 'IterativeImputer', 'estimator': 'RFR', 'initial_strategy': 'mean', 'n_nearest_features': 17, 'imputation_order': 'arabic'}. Best is trial 51 with value: 0.06185144878731543.
running
[I 2024-09-21 06:09:13,078] Trial 65 finished with value: 0.1228966765605829 and parameters: {'model_name': 'SimpleImputer', 'strategy': 'mean'}. Best is trial 51 with value: 0.06185144878731543.
running
[I 2024-09-21 06:12:52,401] Trial 57 finished with value: 0.062307980216035216 and parameters: {'model_name': 'IterativeImputer', 'estimator': 'RFR', 'initial_strategy': 'mean', 'n_nearest_features': 17, 'imputation_order': 'arabic'}. Best is trial 51 with value: 0.06185144878731543.
running
[I 2024-09-21 06:13:51,961] Trial 29 finished with value: 0.15759386253234683 and parameters: {'model_name': 'VAE', 'batch_size': 1, 'iterations': 7650, 'learning_rate': 0.00016678445177352103, 'p_miss': 0.010816282355225887}. Best is trial 51 with value: 0.06185144878731543.
running
[I 2024-09-21 06:28:48,997] Trial 32 finished with value: 0.15752695611441295 and parameters: {'model_name': 'VAE', 'batch_size': 1, 'iterations': 7899, 'learning_rate': 0.0002024952295783222, 'p_miss': 0.021221307746073503}. Best is trial 51 with value: 0.06185144878731543.
running
[I 2024-09-21 06:29:13,350] Trial 58 finished with value: 0.06264271672894076 and parameters: {'model_name': 'IterativeImputer', 'estimator': 'RFR', 'initial_strategy': 'mean', 'n_nearest_features': 17, 'imputation_order': 'arabic'}. Best is trial 51 with value: 0.06185144878731543.
running
[I 2024-09-21 06:29:40,083] Trial 59 finished with value: 0.06252438427907292 and parameters: {'model_name': 'IterativeImputer', 'estimator': 'RFR', 'initial_strategy': 'mean', 'n_nearest_features': 16, 'imputation_order': 'arabic'}. Best is trial 51 with value: 0.06185144878731543.
running
[I 2024-09-21 06:31:24,324] Trial 60 finished with value: 0.062172955474529744 and parameters: {'model_name': 'IterativeImputer', 'estimator': 'RFR', 'initial_strategy': 'mean', 'n_nearest_features': 16, 'imputation_order': 'arabic'}. Best is trial 51 with value: 0.06185144878731543.
running
[I 2024-09-21 06:44:53,230] Trial 33 finished with value: 0.14329098537054993 and parameters: {'model_name': 'VAE', 'batch_size': 1, 'iterations': 8481, 'learning_rate': 0.00022466256979990944, 'p_miss': 0.015958914607318547}. Best is trial 51 with value: 0.06185144878731543.
running
[I 2024-09-21 06:59:54,948] Trial 25 finished with value: 0.14423534000096808 and parameters: {'model_name': 'VAE', 'batch_size': 1, 'iterations': 9920, 'learning_rate': 0.00012234700992030874, 'p_miss': 0.012535017273188176}. Best is trial 51 with value: 0.06185144878731543.
running
[I 2024-09-21 07:01:14,222] Trial 28 finished with value: 0.1434749419281245 and parameters: {'model_name': 'VAE', 'batch_size': 1, 'iterations': 9220, 'learning_rate': 0.00010474532723478021, 'p_miss': 0.015615214328429605}. Best is trial 51 with value: 0.06185144878731543.
running
[I 2024-09-21 07:01:39,547] Trial 37 finished with value: 0.14422819735402115 and parameters: {'model_name': 'VAE', 'batch_size': 1, 'iterations': 9911, 'learning_rate': 0.00011436938473403208, 'p_miss': 0.015391023547462385}. Best is trial 51 with value: 0.06185144878731543.
running
[I 2024-09-21 07:01:59,426] Trial 36 finished with value: 0.14428163159984309 and parameters: {'model_name': 'VAE', 'batch_size': 1, 'iterations': 9479, 'learning_rate': 0.00010142910435625977, 'p_miss': 0.021571017042728458}. Best is trial 51 with value: 0.06185144878731543.
running
[I 2024-09-21 07:04:23,627] Trial 61 finished with value: 0.06241610486414088 and parameters: {'model_name': 'IterativeImputer', 'estimator': 'RFR', 'initial_strategy': 'mean', 'n_nearest_features': 16, 'imputation_order': 'arabic'}. Best is trial 51 with value: 0.06185144878731543.
running
[I 2024-09-21 07:18:00,918] Trial 62 finished with value: 0.06305163347413109 and parameters: {'model_name': 'IterativeImputer', 'estimator': 'RFR', 'initial_strategy': 'mean', 'n_nearest_features': 16, 'imputation_order': 'arabic'}. Best is trial 51 with value: 0.06185144878731543.
running
[I 2024-09-21 07:26:04,373] Trial 63 finished with value: 0.06275259632965155 and parameters: {'model_name': 'IterativeImputer', 'estimator': 'RFR', 'initial_strategy': 'mean', 'n_nearest_features': 16, 'imputation_order': 'arabic'}. Best is trial 51 with value: 0.06185144878731543.
running
[I 2024-09-21 07:27:12,265] Trial 64 finished with value: 0.06304841768956516 and parameters: {'model_name': 'IterativeImputer', 'estimator': 'RFR', 'initial_strategy': 'mean', 'n_nearest_features': 16, 'imputation_order': 'arabic'}. Best is trial 51 with value: 0.06185144878731543.
running
[I 2024-09-21 07:42:03,773] Trial 66 finished with value: 0.06280715970152942 and parameters: {'model_name': 'IterativeImputer', 'estimator': 'RFR', 'initial_strategy': 'mean', 'n_nearest_features': 16, 'imputation_order': 'arabic'}. Best is trial 51 with value: 0.06185144878731543.
running
[I 2024-09-21 07:42:04,320] Trial 82 finished with value: 0.244996043622378 and parameters: {'model_name': 'GAIN', 'batch_size': 4, 'hint_rate': 0.010621425871855328, 'alpha': 1, 'iterations': 1, 'learning_rate': 0.000590255048378655, 'p_miss': 0.22355479402792278}. Best is trial 51 with value: 0.06185144878731543.
running
[I 2024-09-21 07:44:47,319] Trial 67 finished with value: 0.06184196881728887 and parameters: {'model_name': 'IterativeImputer', 'estimator': 'RFR', 'initial_strategy': 'mean', 'n_nearest_features': 16, 'imputation_order': 'arabic'}. Best is trial 67 with value: 0.06184196881728887.
running
[I 2024-09-21 07:44:47,564] Trial 84 finished with value: 0.23535083093667 and parameters: {'model_name': 'SimpleImputer', 'strategy': 'constant'}. Best is trial 67 with value: 0.06184196881728887.
running
[I 2024-09-21 07:45:55,548] Trial 68 finished with value: 0.06257234538553684 and parameters: {'model_name': 'IterativeImputer', 'estimator': 'RFR', 'initial_strategy': 'mean', 'n_nearest_features': 16, 'imputation_order': 'arabic'}. Best is trial 67 with value: 0.06184196881728887.
running
[I 2024-09-21 07:53:55,032] Trial 71 finished with value: 0.0625500161145947 and parameters: {'model_name': 'IterativeImputer', 'estimator': 'RFR', 'initial_strategy': 'mean', 'n_nearest_features': 15, 'imputation_order': 'arabic'}. Best is trial 67 with value: 0.06184196881728887.
running
[I 2024-09-21 07:55:28,622] Trial 72 finished with value: 0.06340891799016277 and parameters: {'model_name': 'IterativeImputer', 'estimator': 'RFR', 'initial_strategy': 'mean', 'n_nearest_features': 15, 'imputation_order': 'arabic'}. Best is trial 67 with value: 0.06184196881728887.
running
[I 2024-09-21 07:57:44,687] Trial 69 finished with value: 0.06261438337263994 and parameters: {'model_name': 'IterativeImputer', 'estimator': 'RFR', 'initial_strategy': 'mean', 'n_nearest_features': 16, 'imputation_order': 'arabic'}. Best is trial 67 with value: 0.06184196881728887.
running
[I 2024-09-21 07:58:22,583] Trial 70 finished with value: 0.06273008692594441 and parameters: {'model_name': 'IterativeImputer', 'estimator': 'RFR', 'initial_strategy': 'mean', 'n_nearest_features': 16, 'imputation_order': 'arabic'}. Best is trial 67 with value: 0.06184196881728887.
running
[I 2024-09-21 08:06:34,089] Trial 73 finished with value: 0.06317317202881341 and parameters: {'model_name': 'IterativeImputer', 'estimator': 'RFR', 'initial_strategy': 'mean', 'n_nearest_features': 15, 'imputation_order': 'arabic'}. Best is trial 67 with value: 0.06184196881728887.
running
[I 2024-09-21 08:18:41,406] Trial 74 finished with value: 0.06348573777548913 and parameters: {'model_name': 'IterativeImputer', 'estimator': 'RFR', 'initial_strategy': 'mean', 'n_nearest_features': 15, 'imputation_order': 'arabic'}. Best is trial 67 with value: 0.06184196881728887.
running
[I 2024-09-21 08:18:44,447] Trial 92 finished with value: inf and parameters: {'model_name': 'GAIN', 'batch_size': 3, 'hint_rate': 0.9492829947373299, 'alpha': 63, 'iterations': 387, 'learning_rate': 0.0070414090852688495, 'p_miss': 0.06089276263391134}. Best is trial 67 with value: 0.06184196881728887.
running
[I 2024-09-21 08:20:06,132] Trial 75 finished with value: 0.06346291954624518 and parameters: {'model_name': 'IterativeImputer', 'estimator': 'RFR', 'initial_strategy': 'mean', 'n_nearest_features': 15, 'imputation_order': 'arabic'}. Best is trial 67 with value: 0.06184196881728887.
running
[I 2024-09-21 08:20:10,455] Trial 76 finished with value: 0.06330984883233293 and parameters: {'model_name': 'IterativeImputer', 'estimator': 'RFR', 'initial_strategy': 'mean', 'n_nearest_features': 15, 'imputation_order': 'arabic'}. Best is trial 67 with value: 0.06184196881728887.
running
[I 2024-09-21 08:20:20,429] Trial 95 finished with value: 0.09628022403378714 and parameters: {'model_name': 'IterativeImputer', 'estimator': 'Bayesian', 'initial_strategy': 'median', 'n_nearest_features': 12, 'imputation_order': 'random', 'sample_posterior': False}. Best is trial 67 with value: 0.06184196881728887.
running
[I 2024-09-21 08:23:11,263] Trial 78 finished with value: 0.0629703658415765 and parameters: {'model_name': 'IterativeImputer', 'estimator': 'RFR', 'initial_strategy': 'mean', 'n_nearest_features': 15, 'imputation_order': 'arabic'}. Best is trial 67 with value: 0.06184196881728887.
running
[I 2024-09-21 08:25:31,774] Trial 77 finished with value: 0.06258876258401558 and parameters: {'model_name': 'IterativeImputer', 'estimator': 'RFR', 'initial_strategy': 'mean', 'n_nearest_features': 16, 'imputation_order': 'arabic'}. Best is trial 67 with value: 0.06184196881728887.
running
[I 2024-09-21 08:25:47,422] Trial 98 finished with value: 0.09092292677101517 and parameters: {'model_name': 'IterativeImputer', 'estimator': 'Ridge', 'initial_strategy': 'median', 'n_nearest_features': 19, 'imputation_order': 'arabic'}. Best is trial 67 with value: 0.06184196881728887.
running
[I 2024-09-21 08:37:05,888] Trial 79 finished with value: 0.06356384422384478 and parameters: {'model_name': 'IterativeImputer', 'estimator': 'RFR', 'initial_strategy': 'mean', 'n_nearest_features': 15, 'imputation_order': 'arabic'}. Best is trial 67 with value: 0.06184196881728887.
running
[I 2024-09-21 08:37:07,156] Trial 100 finished with value: 0.1228966765605829 and parameters: {'model_name': 'KNNImputer', 'n_neighbors': 6352, 'weights': 'uniform'}. Best is trial 67 with value: 0.06184196881728887.
running
[I 2024-09-21 08:37:07,466] Trial 101 finished with value: 0.23470170236491938 and parameters: {'model_name': 'SimpleImputer', 'strategy': 'most_frequent'}. Best is trial 67 with value: 0.06184196881728887.
running
[I 2024-09-21 08:40:42,522] Trial 80 finished with value: 0.06183786869704897 and parameters: {'model_name': 'IterativeImputer', 'estimator': 'RFR', 'initial_strategy': 'mean', 'n_nearest_features': 14, 'imputation_order': 'arabic'}. Best is trial 80 with value: 0.06183786869704897.
running
[I 2024-09-21 08:46:25,425] Trial 81 finished with value: 0.06299214619144906 and parameters: {'model_name': 'IterativeImputer', 'estimator': 'RFR', 'initial_strategy': 'mean', 'n_nearest_features': 15, 'imputation_order': 'arabic'}. Best is trial 80 with value: 0.06183786869704897.
running
[I 2024-09-21 08:54:32,094] Trial 90 finished with value: 0.06384945023682917 and parameters: {'model_name': 'IterativeImputer', 'estimator': 'RFR', 'initial_strategy': 'median', 'n_nearest_features': 10, 'imputation_order': 'random'}. Best is trial 80 with value: 0.06183786869704897.
running
[I 2024-09-21 08:57:14,837] Trial 83 finished with value: 0.06145557785460718 and parameters: {'model_name': 'IterativeImputer', 'estimator': 'RFR', 'initial_strategy': 'mean', 'n_nearest_features': 14, 'imputation_order': 'arabic'}. Best is trial 83 with value: 0.06145557785460718.
running
[I 2024-09-21 08:58:47,802] Trial 89 finished with value: 0.0649794398242623 and parameters: {'model_name': 'IterativeImputer', 'estimator': 'RFR', 'initial_strategy': 'median', 'n_nearest_features': 11, 'imputation_order': 'random'}. Best is trial 83 with value: 0.06145557785460718.
running
[I 2024-09-21 08:59:52,049] Trial 85 finished with value: 0.06306153175005302 and parameters: {'model_name': 'IterativeImputer', 'estimator': 'RFR', 'initial_strategy': 'median', 'n_nearest_features': 14, 'imputation_order': 'arabic'}. Best is trial 83 with value: 0.06145557785460718.
running
[I 2024-09-21 09:00:03,492] Trial 108 finished with value: 0.12314068496793125 and parameters: {'model_name': 'IterativeImputer', 'estimator': 'Bayesian', 'initial_strategy': 'constant', 'n_nearest_features': 13, 'imputation_order': 'ascending', 'sample_posterior': True}. Best is trial 83 with value: 0.06145557785460718.
running
[I 2024-09-21 09:00:09,753] Trial 109 finished with value: 0.09138184995796014 and parameters: {'model_name': 'IterativeImputer', 'estimator': 'Ridge', 'initial_strategy': 'mean', 'n_nearest_features': 19, 'imputation_order': 'roman'}. Best is trial 83 with value: 0.06145557785460718.
running
[I 2024-09-21 09:01:14,030] Trial 86 finished with value: 0.06126064890044465 and parameters: {'model_name': 'IterativeImputer', 'estimator': 'RFR', 'initial_strategy': 'mean', 'n_nearest_features': 14, 'imputation_order': 'arabic'}. Best is trial 86 with value: 0.06126064890044465.
running
[I 2024-09-21 09:09:08,481] Trial 87 finished with value: 0.06225594728217463 and parameters: {'model_name': 'IterativeImputer', 'estimator': 'RFR', 'initial_strategy': 'median', 'n_nearest_features': 14, 'imputation_order': 'arabic'}. Best is trial 86 with value: 0.06126064890044465.
running
[I 2024-09-21 09:09:09,093] Trial 112 finished with value: 0.2491350520370606 and parameters: {'model_name': 'GAIN', 'batch_size': 286, 'hint_rate': 0.010414793585051707, 'alpha': 0, 'iterations': 4, 'learning_rate': 0.0009120043575726729, 'p_miss': 0.1960562857954054}. Best is trial 86 with value: 0.06126064890044465.
running
[I 2024-09-21 09:10:41,466] Trial 88 finished with value: 0.0631352217678485 and parameters: {'model_name': 'IterativeImputer', 'estimator': 'RFR', 'initial_strategy': 'median', 'n_nearest_features': 14, 'imputation_order': 'arabic'}. Best is trial 86 with value: 0.06126064890044465.
running
[I 2024-09-21 09:10:43,094] Trial 114 finished with value: 0.12112517214559634 and parameters: {'model_name': 'KNNImputer', 'n_neighbors': 4570, 'weights': 'uniform'}. Best is trial 86 with value: 0.06126064890044465.
running
[I 2024-09-21 09:16:41,017] Trial 94 finished with value: 0.06375153999045156 and parameters: {'model_name': 'IterativeImputer', 'estimator': 'RFR', 'initial_strategy': 'median', 'n_nearest_features': 10, 'imputation_order': 'random'}. Best is trial 86 with value: 0.06126064890044465.
running
[I 2024-09-21 09:28:09,787] Trial 102 finished with value: 0.07037584152929902 and parameters: {'model_name': 'IterativeImputer', 'estimator': 'RFR', 'initial_strategy': 'constant', 'n_nearest_features': 9, 'imputation_order': 'ascending'}. Best is trial 86 with value: 0.06126064890044465.
running
[I 2024-09-21 09:36:35,303] Trial 103 finished with value: 0.06737495047855577 and parameters: {'model_name': 'IterativeImputer', 'estimator': 'RFR', 'initial_strategy': 'constant', 'n_nearest_features': 10, 'imputation_order': 'ascending'}. Best is trial 86 with value: 0.06126064890044465.
running
[I 2024-09-21 09:44:05,522] Trial 91 finished with value: 0.062049329535973606 and parameters: {'model_name': 'IterativeImputer', 'estimator': 'RFR', 'initial_strategy': 'median', 'n_nearest_features': 19, 'imputation_order': 'random'}. Best is trial 86 with value: 0.06126064890044465.
running
[I 2024-09-21 09:56:37,362] Trial 93 finished with value: 0.06209731297000141 and parameters: {'model_name': 'IterativeImputer', 'estimator': 'RFR', 'initial_strategy': 'median', 'n_nearest_features': 19, 'imputation_order': 'arabic'}. Best is trial 86 with value: 0.06126064890044465.
running
[I 2024-09-21 09:57:06,048] Trial 104 finished with value: 0.06293067799904693 and parameters: {'model_name': 'IterativeImputer', 'estimator': 'RFR', 'initial_strategy': 'mean', 'n_nearest_features': 13, 'imputation_order': 'ascending'}. Best is trial 86 with value: 0.06126064890044465.
running
[I 2024-09-21 09:58:01,579] Trial 96 finished with value: 0.06210709071406535 and parameters: {'model_name': 'IterativeImputer', 'estimator': 'RFR', 'initial_strategy': 'mean', 'n_nearest_features': 19, 'imputation_order': 'arabic'}. Best is trial 86 with value: 0.06126064890044465.
running
[I 2024-09-21 10:01:08,346] Trial 97 finished with value: 0.06210769148373946 and parameters: {'model_name': 'IterativeImputer', 'estimator': 'RFR', 'initial_strategy': 'mean', 'n_nearest_features': 19, 'imputation_order': 'ascending'}. Best is trial 86 with value: 0.06126064890044465.
running
[I 2024-09-21 10:03:27,790] Trial 99 finished with value: 0.061654091842636316 and parameters: {'model_name': 'IterativeImputer', 'estimator': 'RFR', 'initial_strategy': 'mean', 'n_nearest_features': 19, 'imputation_order': 'ascending'}. Best is trial 86 with value: 0.06126064890044465.
running
[I 2024-09-21 10:03:37,129] Trial 124 finished with value: 0.09466435188793257 and parameters: {'model_name': 'IterativeImputer', 'estimator': 'Bayesian', 'initial_strategy': 'mean', 'n_nearest_features': 20, 'imputation_order': 'ascending', 'sample_posterior': False}. Best is trial 86 with value: 0.06126064890044465.
running
[I 2024-09-21 10:03:37,422] Trial 125 finished with value: 0.12913963229305755 and parameters: {'model_name': 'SimpleImputer', 'strategy': 'median'}. Best is trial 86 with value: 0.06126064890044465.
running
[I 2024-09-21 10:05:01,223] Trial 105 finished with value: 0.06352004919369639 and parameters: {'model_name': 'IterativeImputer', 'estimator': 'RFR', 'initial_strategy': 'constant', 'n_nearest_features': 13, 'imputation_order': 'ascending'}. Best is trial 86 with value: 0.06126064890044465.
running
[I 2024-09-21 10:07:30,064] Trial 106 finished with value: 0.06381824704068165 and parameters: {'model_name': 'IterativeImputer', 'estimator': 'RFR', 'initial_strategy': 'constant', 'n_nearest_features': 13, 'imputation_order': 'ascending'}. Best is trial 86 with value: 0.06126064890044465.
running
[I 2024-09-21 10:09:11,276] Trial 107 finished with value: 0.06324610769478531 and parameters: {'model_name': 'IterativeImputer', 'estimator': 'RFR', 'initial_strategy': 'constant', 'n_nearest_features': 13, 'imputation_order': 'ascending'}. Best is trial 86 with value: 0.06126064890044465.
running
[I 2024-09-21 10:10:27,169] Trial 110 finished with value: 0.0624016324393343 and parameters: {'model_name': 'IterativeImputer', 'estimator': 'RFR', 'initial_strategy': 'mean', 'n_nearest_features': 13, 'imputation_order': 'arabic'}. Best is trial 86 with value: 0.06126064890044465.
running
[I 2024-09-21 10:16:19,261] Trial 111 finished with value: 0.06301995877891667 and parameters: {'model_name': 'IterativeImputer', 'estimator': 'RFR', 'initial_strategy': 'mean', 'n_nearest_features': 14, 'imputation_order': 'ascending'}. Best is trial 86 with value: 0.06126064890044465.
running
[I 2024-09-21 10:19:17,214] Trial 113 finished with value: 0.06323671093124497 and parameters: {'model_name': 'IterativeImputer', 'estimator': 'RFR', 'initial_strategy': 'constant', 'n_nearest_features': 13, 'imputation_order': 'ascending'}. Best is trial 86 with value: 0.06126064890044465.
running
[I 2024-09-21 10:19:23,784] Trial 132 finished with value: 0.09129681423118348 and parameters: {'model_name': 'IterativeImputer', 'estimator': 'Ridge', 'initial_strategy': 'mean', 'n_nearest_features': 20, 'imputation_order': 'roman'}. Best is trial 86 with value: 0.06126064890044465.
running
[I 2024-09-21 10:20:57,571] Trial 115 finished with value: 0.06361787740910424 and parameters: {'model_name': 'IterativeImputer', 'estimator': 'RFR', 'initial_strategy': 'constant', 'n_nearest_features': 13, 'imputation_order': 'ascending'}. Best is trial 86 with value: 0.06126064890044465.
running
[I 2024-09-21 10:27:03,210] Trial 116 finished with value: 0.06266816131107501 and parameters: {'model_name': 'IterativeImputer', 'estimator': 'RFR', 'initial_strategy': 'mean', 'n_nearest_features': 13, 'imputation_order': 'ascending'}. Best is trial 86 with value: 0.06126064890044465.
running
[I 2024-09-21 10:38:02,899] Trial 117 finished with value: 0.062258486329542714 and parameters: {'model_name': 'IterativeImputer', 'estimator': 'RFR', 'initial_strategy': 'mean', 'n_nearest_features': 13, 'imputation_order': 'arabic'}. Best is trial 86 with value: 0.06126064890044465.
running
[I 2024-09-21 10:46:14,670] Trial 118 finished with value: 0.06233906488883402 and parameters: {'model_name': 'IterativeImputer', 'estimator': 'RFR', 'initial_strategy': 'mean', 'n_nearest_features': 13, 'imputation_order': 'arabic'}. Best is trial 86 with value: 0.06126064890044465.
running
[I 2024-09-21 10:53:55,829] Trial 119 finished with value: 0.06352978433838863 and parameters: {'model_name': 'IterativeImputer', 'estimator': 'RFR', 'initial_strategy': 'mean', 'n_nearest_features': 13, 'imputation_order': 'roman'}. Best is trial 86 with value: 0.06126064890044465.
running
[I 2024-09-21 11:36:54,989] Trial 120 finished with value: 0.06189962875782871 and parameters: {'model_name': 'IterativeImputer', 'estimator': 'RFR', 'initial_strategy': 'median', 'n_nearest_features': 20, 'imputation_order': 'random'}. Best is trial 86 with value: 0.06126064890044465.
running
[I 2024-09-21 11:37:01,665] Trial 139 finished with value: 0.08058009432865874 and parameters: {'model_name': 'IterativeImputer', 'estimator': 'KNN', 'initial_strategy': 'median', 'n_nearest_features': 19, 'imputation_order': 'random'}. Best is trial 86 with value: 0.06126064890044465.
running
[I 2024-09-21 11:37:23,792] Trial 121 finished with value: 0.06192791174717409 and parameters: {'model_name': 'IterativeImputer', 'estimator': 'RFR', 'initial_strategy': 'median', 'n_nearest_features': 20, 'imputation_order': 'roman'}. Best is trial 86 with value: 0.06126064890044465.
running
[I 2024-09-21 11:37:25,094] Trial 141 finished with value: 0.11114426220790552 and parameters: {'model_name': 'KNNImputer', 'n_neighbors': 2474, 'weights': 'uniform'}. Best is trial 86 with value: 0.06126064890044465.
running
[I 2024-09-21 11:37:31,497] Trial 123 finished with value: 0.06178067337878398 and parameters: {'model_name': 'IterativeImputer', 'estimator': 'RFR', 'initial_strategy': 'mean', 'n_nearest_features': 19, 'imputation_order': 'roman'}. Best is trial 86 with value: 0.06126064890044465.
running
[I 2024-09-21 11:37:34,118] Trial 143 finished with value: inf and parameters: {'model_name': 'GAIN', 'batch_size': 3, 'hint_rate': 0.4977377531717196, 'alpha': 77, 'iterations': 453, 'learning_rate': 0.005784608117282161, 'p_miss': 0.07044010563595471}. Best is trial 86 with value: 0.06126064890044465.
running
[I 2024-09-21 11:38:12,305] Trial 122 finished with value: 0.06193682850818377 and parameters: {'model_name': 'IterativeImputer', 'estimator': 'RFR', 'initial_strategy': 'median', 'n_nearest_features': 20, 'imputation_order': 'roman'}. Best is trial 86 with value: 0.06126064890044465.
running
[I 2024-09-21 11:43:47,647] Trial 126 finished with value: 0.061455095665159866 and parameters: {'model_name': 'IterativeImputer', 'estimator': 'RFR', 'initial_strategy': 'mean', 'n_nearest_features': 20, 'imputation_order': 'ascending'}. Best is trial 86 with value: 0.06126064890044465.
running
[I 2024-09-21 11:45:15,623] Trial 127 finished with value: 0.06172524546669953 and parameters: {'model_name': 'IterativeImputer', 'estimator': 'RFR', 'initial_strategy': 'mean', 'n_nearest_features': 20, 'imputation_order': 'roman'}. Best is trial 86 with value: 0.06126064890044465.
running
[I 2024-09-21 11:47:41,459] Trial 128 finished with value: 0.062057697454879546 and parameters: {'model_name': 'IterativeImputer', 'estimator': 'RFR', 'initial_strategy': 'mean', 'n_nearest_features': 20, 'imputation_order': 'roman'}. Best is trial 86 with value: 0.06126064890044465.
running
[I 2024-09-21 11:49:24,253] Trial 129 finished with value: 0.06225652306467078 and parameters: {'model_name': 'IterativeImputer', 'estimator': 'RFR', 'initial_strategy': 'mean', 'n_nearest_features': 20, 'imputation_order': 'random'}. Best is trial 86 with value: 0.06126064890044465.
running
[I 2024-09-21 11:50:46,192] Trial 130 finished with value: 0.061866412202059205 and parameters: {'model_name': 'IterativeImputer', 'estimator': 'RFR', 'initial_strategy': 'mean', 'n_nearest_features': 20, 'imputation_order': 'roman'}. Best is trial 86 with value: 0.06126064890044465.
running
[I 2024-09-21 11:53:07,984] Trial 134 finished with value: 0.06197744019460687 and parameters: {'model_name': 'IterativeImputer', 'estimator': 'RFR', 'initial_strategy': 'mean', 'n_nearest_features': 18, 'imputation_order': 'arabic'}. Best is trial 86 with value: 0.06126064890044465.
running
[I 2024-09-21 11:56:18,734] Trial 131 finished with value: 0.06212637343859771 and parameters: {'model_name': 'IterativeImputer', 'estimator': 'RFR', 'initial_strategy': 'mean', 'n_nearest_features': 20, 'imputation_order': 'roman'}. Best is trial 86 with value: 0.06126064890044465.
running
[I 2024-09-21 11:59:09,535] Trial 135 finished with value: 0.06180099559368463 and parameters: {'model_name': 'IterativeImputer', 'estimator': 'RFR', 'initial_strategy': 'mean', 'n_nearest_features': 18, 'imputation_order': 'random'}. Best is trial 86 with value: 0.06126064890044465.
running
[I 2024-09-21 11:59:47,671] Trial 133 finished with value: 0.06268182034285052 and parameters: {'model_name': 'IterativeImputer', 'estimator': 'RFR', 'initial_strategy': 'mean', 'n_nearest_features': 20, 'imputation_order': 'random'}. Best is trial 86 with value: 0.06126064890044465.
running
[I 2024-09-21 12:10:08,644] Trial 136 finished with value: 0.06239739937924219 and parameters: {'model_name': 'IterativeImputer', 'estimator': 'RFR', 'initial_strategy': 'median', 'n_nearest_features': 18, 'imputation_order': 'arabic'}. Best is trial 86 with value: 0.06126064890044465.
running
[I 2024-09-21 12:18:11,841] Trial 137 finished with value: 0.062323543631829 and parameters: {'model_name': 'IterativeImputer', 'estimator': 'RFR', 'initial_strategy': 'median', 'n_nearest_features': 18, 'imputation_order': 'random'}. Best is trial 86 with value: 0.06126064890044465.
running
[I 2024-09-21 12:25:57,361] Trial 138 finished with value: 0.06184752415583673 and parameters: {'model_name': 'IterativeImputer', 'estimator': 'RFR', 'initial_strategy': 'median', 'n_nearest_features': 18, 'imputation_order': 'arabic'}. Best is trial 86 with value: 0.06126064890044465.
running
[I 2024-09-21 13:16:44,181] Trial 140 finished with value: 0.06229468389135172 and parameters: {'model_name': 'IterativeImputer', 'estimator': 'RFR', 'initial_strategy': 'median', 'n_nearest_features': 20, 'imputation_order': 'random'}. Best is trial 86 with value: 0.06126064890044465.
running
[I 2024-09-21 13:17:11,948] Trial 144 finished with value: 0.06120071593606051 and parameters: {'model_name': 'IterativeImputer', 'estimator': 'RFR', 'initial_strategy': 'median', 'n_nearest_features': 20, 'imputation_order': 'roman'}. Best is trial 144 with value: 0.06120071593606051.
running
[I 2024-09-21 13:17:21,323] Trial 142 finished with value: 0.062116731355767764 and parameters: {'model_name': 'IterativeImputer', 'estimator': 'RFR', 'initial_strategy': 'median', 'n_nearest_features': 20, 'imputation_order': 'random'}. Best is trial 144 with value: 0.06120071593606051.
running
[I 2024-09-21 13:17:53,660] Trial 145 finished with value: 0.06209570464296432 and parameters: {'model_name': 'IterativeImputer', 'estimator': 'RFR', 'initial_strategy': 'median', 'n_nearest_features': 20, 'imputation_order': 'roman'}. Best is trial 144 with value: 0.06120071593606051.
running
[I 2024-09-21 13:17:54,041] Trial 161 finished with value: 0.23470170236491938 and parameters: {'model_name': 'SimpleImputer', 'strategy': 'most_frequent'}. Best is trial 144 with value: 0.06120071593606051.
running
[I 2024-09-21 13:18:00,856] Trial 162 finished with value: 0.0790590547664971 and parameters: {'model_name': 'IterativeImputer', 'estimator': 'KNN', 'initial_strategy': 'mean', 'n_nearest_features': 17, 'imputation_order': 'roman'}. Best is trial 144 with value: 0.06120071593606051.
running
[I 2024-09-21 13:21:12,675] Trial 149 finished with value: 0.061540570024969564 and parameters: {'model_name': 'IterativeImputer', 'estimator': 'RFR', 'initial_strategy': 'median', 'n_nearest_features': 18, 'imputation_order': 'roman'}. Best is trial 144 with value: 0.06120071593606051.
running
[I 2024-09-21 13:23:34,535] Trial 146 finished with value: 0.06164306283000209 and parameters: {'model_name': 'IterativeImputer', 'estimator': 'RFR', 'initial_strategy': 'median', 'n_nearest_features': 20, 'imputation_order': 'roman'}. Best is trial 144 with value: 0.06120071593606051.
running
[I 2024-09-21 13:25:07,936] Trial 147 finished with value: 0.06155477446728991 and parameters: {'model_name': 'IterativeImputer', 'estimator': 'RFR', 'initial_strategy': 'median', 'n_nearest_features': 20, 'imputation_order': 'roman'}. Best is trial 144 with value: 0.06120071593606051.
running
[I 2024-09-21 13:27:30,742] Trial 148 finished with value: 0.061450746886991245 and parameters: {'model_name': 'IterativeImputer', 'estimator': 'RFR', 'initial_strategy': 'median', 'n_nearest_features': 20, 'imputation_order': 'roman'}. Best is trial 144 with value: 0.06120071593606051.
running
[I 2024-09-21 13:30:07,217] Trial 150 finished with value: 0.0615859722290672 and parameters: {'model_name': 'IterativeImputer', 'estimator': 'RFR', 'initial_strategy': 'most_frequent', 'n_nearest_features': 21, 'imputation_order': 'roman'}. Best is trial 144 with value: 0.06120071593606051.
running
[I 2024-09-21 13:32:47,658] Trial 151 finished with value: 0.061386840304439395 and parameters: {'model_name': 'IterativeImputer', 'estimator': 'RFR', 'initial_strategy': 'most_frequent', 'n_nearest_features': 21, 'imputation_order': 'roman'}. Best is trial 144 with value: 0.06120071593606051.
running
[I 2024-09-21 13:35:53,099] Trial 152 finished with value: 0.062223787996233 and parameters: {'model_name': 'IterativeImputer', 'estimator': 'RFR', 'initial_strategy': 'most_frequent', 'n_nearest_features': 21, 'imputation_order': 'roman'}. Best is trial 144 with value: 0.06120071593606051.
running
[I 2024-09-21 13:38:48,803] Trial 153 finished with value: 0.06196448837120714 and parameters: {'model_name': 'IterativeImputer', 'estimator': 'RFR', 'initial_strategy': 'most_frequent', 'n_nearest_features': 21, 'imputation_order': 'roman'}. Best is trial 144 with value: 0.06120071593606051.
running
[I 2024-09-21 13:39:32,203] Trial 154 finished with value: 0.06149019027500906 and parameters: {'model_name': 'IterativeImputer', 'estimator': 'RFR', 'initial_strategy': 'median', 'n_nearest_features': 21, 'imputation_order': 'roman'}. Best is trial 144 with value: 0.06120071593606051.
running
[I 2024-09-21 13:39:46,457] Trial 172 finished with value: 0.1285888158457976 and parameters: {'model_name': 'VAE', 'batch_size': 389, 'iterations': 72, 'learning_rate': 0.0922858153870299, 'p_miss': 0.22965385956063922}. Best is trial 144 with value: 0.06120071593606051.
running
[I 2024-09-21 13:49:42,825] Trial 155 finished with value: 0.06207765872183466 and parameters: {'model_name': 'IterativeImputer', 'estimator': 'RFR', 'initial_strategy': 'most_frequent', 'n_nearest_features': 21, 'imputation_order': 'roman'}. Best is trial 144 with value: 0.06120071593606051.
running
[I 2024-09-21 13:49:51,933] Trial 174 finished with value: 0.11667523333844099 and parameters: {'model_name': 'IterativeImputer', 'estimator': 'Bayesian', 'initial_strategy': 'most_frequent', 'n_nearest_features': 21, 'imputation_order': 'roman', 'sample_posterior': True}. Best is trial 144 with value: 0.06120071593606051.
running
[I 2024-09-21 13:57:44,415] Trial 156 finished with value: 0.062423003747956396 and parameters: {'model_name': 'IterativeImputer', 'estimator': 'RFR', 'initial_strategy': 'most_frequent', 'n_nearest_features': 21, 'imputation_order': 'roman'}. Best is trial 144 with value: 0.06120071593606051.
running
[I 2024-09-21 14:05:20,403] Trial 157 finished with value: 0.061932553140134204 and parameters: {'model_name': 'IterativeImputer', 'estimator': 'RFR', 'initial_strategy': 'most_frequent', 'n_nearest_features': 21, 'imputation_order': 'roman'}. Best is trial 144 with value: 0.06120071593606051.
running
[I 2024-09-21 14:55:59,996] Trial 158 finished with value: 0.06222550880233394 and parameters: {'model_name': 'IterativeImputer', 'estimator': 'RFR', 'initial_strategy': 'most_frequent', 'n_nearest_features': 21, 'imputation_order': 'roman'}. Best is trial 144 with value: 0.06120071593606051.
running
[I 2024-09-21 14:56:38,291] Trial 159 finished with value: 0.06163447469836658 and parameters: {'model_name': 'IterativeImputer', 'estimator': 'RFR', 'initial_strategy': 'most_frequent', 'n_nearest_features': 21, 'imputation_order': 'roman'}. Best is trial 144 with value: 0.06120071593606051.
running
[I 2024-09-21 14:56:39,161] Trial 160 finished with value: 0.06221032855200766 and parameters: {'model_name': 'IterativeImputer', 'estimator': 'RFR', 'initial_strategy': 'most_frequent', 'n_nearest_features': 21, 'imputation_order': 'roman'}. Best is trial 144 with value: 0.06120071593606051.
running
[I 2024-09-21 14:57:21,378] Trial 163 finished with value: 0.0619299034670656 and parameters: {'model_name': 'IterativeImputer', 'estimator': 'RFR', 'initial_strategy': 'most_frequent', 'n_nearest_features': 21, 'imputation_order': 'roman'}. Best is trial 144 with value: 0.06120071593606051.
running
[I 2024-09-21 14:57:22,906] Trial 181 finished with value: 0.11480852836456294 and parameters: {'model_name': 'KNNImputer', 'n_neighbors': 4985, 'weights': 'distance'}. Best is trial 144 with value: 0.06120071593606051.
running
[I 2024-09-21 14:57:23,553] Trial 182 finished with value: 0.24049317155963373 and parameters: {'model_name': 'GAIN', 'batch_size': 51, 'hint_rate': 0.2840214264439635, 'alpha': 25, 'iterations': 2, 'learning_rate': 0.014556022000292249, 'p_miss': 0.08291995043253718}. Best is trial 144 with value: 0.06120071593606051.
running
[I 2024-09-21 14:57:25,790] Trial 183 finished with value: 0.10191757220812107 and parameters: {'model_name': 'IterativeImputer', 'estimator': 'Ridge', 'initial_strategy': 'median', 'n_nearest_features': 6, 'imputation_order': 'roman'}. Best is trial 144 with value: 0.06120071593606051.
running
[I 2024-09-21 15:00:38,174] Trial 164 finished with value: 0.06176742597371917 and parameters: {'model_name': 'IterativeImputer', 'estimator': 'RFR', 'initial_strategy': 'most_frequent', 'n_nearest_features': 21, 'imputation_order': 'roman'}. Best is trial 144 with value: 0.06120071593606051.
running
[I 2024-09-21 15:02:50,551] Trial 165 finished with value: 0.0620478104620821 and parameters: {'model_name': 'IterativeImputer', 'estimator': 'RFR', 'initial_strategy': 'mean', 'n_nearest_features': 21, 'imputation_order': 'roman'}. Best is trial 144 with value: 0.06120071593606051.
running
[I 2024-09-21 15:04:19,982] Trial 166 finished with value: 0.06173027093005551 and parameters: {'model_name': 'IterativeImputer', 'estimator': 'RFR', 'initial_strategy': 'mean', 'n_nearest_features': 21, 'imputation_order': 'roman'}. Best is trial 144 with value: 0.06120071593606051.
running
[I 2024-09-21 15:06:41,024] Trial 167 finished with value: 0.06156839048481919 and parameters: {'model_name': 'IterativeImputer', 'estimator': 'RFR', 'initial_strategy': 'most_frequent', 'n_nearest_features': 21, 'imputation_order': 'roman'}. Best is trial 144 with value: 0.06120071593606051.
running
[I 2024-09-21 15:09:26,600] Trial 168 finished with value: 0.06122101967929812 and parameters: {'model_name': 'IterativeImputer', 'estimator': 'RFR', 'initial_strategy': 'most_frequent', 'n_nearest_features': 21, 'imputation_order': 'roman'}. Best is trial 144 with value: 0.06120071593606051.
running
[I 2024-09-21 15:12:12,104] Trial 169 finished with value: 0.0619088601225941 and parameters: {'model_name': 'IterativeImputer', 'estimator': 'RFR', 'initial_strategy': 'most_frequent', 'n_nearest_features': 21, 'imputation_order': 'roman'}. Best is trial 144 with value: 0.06120071593606051.
running
[I 2024-09-21 15:15:00,457] Trial 170 finished with value: 0.06185800010958945 and parameters: {'model_name': 'IterativeImputer', 'estimator': 'RFR', 'initial_strategy': 'most_frequent', 'n_nearest_features': 21, 'imputation_order': 'roman'}. Best is trial 144 with value: 0.06120071593606051.
running
[I 2024-09-21 15:18:05,221] Trial 171 finished with value: 0.06211201183455413 and parameters: {'model_name': 'IterativeImputer', 'estimator': 'RFR', 'initial_strategy': 'most_frequent', 'n_nearest_features': 21, 'imputation_order': 'roman'}. Best is trial 144 with value: 0.06120071593606051.
running
[I 2024-09-21 15:19:17,494] Trial 173 finished with value: 0.06142632321840559 and parameters: {'model_name': 'IterativeImputer', 'estimator': 'RFR', 'initial_strategy': 'most_frequent', 'n_nearest_features': 21, 'imputation_order': 'roman'}. Best is trial 144 with value: 0.06120071593606051.
running
[I 2024-09-21 15:29:13,467] Trial 175 finished with value: 0.06229006751378863 and parameters: {'model_name': 'IterativeImputer', 'estimator': 'RFR', 'initial_strategy': 'most_frequent', 'n_nearest_features': 21, 'imputation_order': 'roman'}. Best is trial 144 with value: 0.06120071593606051.
running
[I 2024-09-21 15:37:04,879] Trial 176 finished with value: 0.06171856535856748 and parameters: {'model_name': 'IterativeImputer', 'estimator': 'RFR', 'initial_strategy': 'most_frequent', 'n_nearest_features': 21, 'imputation_order': 'roman'}. Best is trial 144 with value: 0.06120071593606051.
running
[I 2024-09-21 15:40:47,511] Trial 177 finished with value: 0.061785377712831824 and parameters: {'model_name': 'IterativeImputer', 'estimator': 'RFR', 'initial_strategy': 'median', 'n_nearest_features': 19, 'imputation_order': 'roman'}. Best is trial 144 with value: 0.06120071593606051.
running
