Run: 2
/cm/local/apps/slurm/var/spool/job996965/slurm_script: line 26: 
pip install -e tpot2
pip install -r tpot2/ImputerExperiments/requirements_.txt
: No such file or directory
RunStart
Version 0.1.7a0 of tpot2 is outdated. Version 0.1.8a0 was released Tuesday September 17, 2024.
starting loops
../data/c/32/32.pkl
working on 
../data/c/32/class_full_MCAR_0.1_1
4.253447532653809
running experiment 1/3 - Does large hyperparameter space improve reconstruction accuracy over simple
[I 2024-10-11 23:07:55,613] A new study created in memory with name: no-name-dbb5ab59-7647-4d0f-ac76-c4560a26b4fd
running
running
running
running
running
running
running
running
running
running
running
running
running
running
running
running
[I 2024-10-11 23:07:56,055] Trial 8 finished with value: 0.2938805716124878 and parameters: {'model_name': 'SimpleImputer', 'strategy': 'mean'}. Best is trial 8 with value: 0.2938805716124878.
running
[I 2024-10-11 23:07:56,193] Trial 0 finished with value: 0.2938805716124878 and parameters: {'model_name': 'SimpleImputer', 'strategy': 'mean'}. Best is trial 8 with value: 0.2938805716124878.
running
[I 2024-10-11 23:07:56,299] Trial 9 finished with value: 0.2938805716124878 and parameters: {'model_name': 'SimpleImputer', 'strategy': 'mean'}. Best is trial 8 with value: 0.2938805716124878.
running
[I 2024-10-11 23:07:56,423] Trial 7 finished with value: 0.3042631712545413 and parameters: {'model_name': 'SimpleImputer', 'strategy': 'median'}. Best is trial 8 with value: 0.2938805716124878.
running
[I 2024-10-11 23:07:56,517] Trial 2 finished with value: 0.3042631712545413 and parameters: {'model_name': 'SimpleImputer', 'strategy': 'median'}. Best is trial 8 with value: 0.2938805716124878.
running
[I 2024-10-11 23:07:56,598] Trial 15 finished with value: 0.3042631712545413 and parameters: {'model_name': 'SimpleImputer', 'strategy': 'median'}. Best is trial 8 with value: 0.2938805716124878.
running
[I 2024-10-11 23:07:56,717] Trial 16 finished with value: 0.3042631712545413 and parameters: {'model_name': 'SimpleImputer', 'strategy': 'median'}. Best is trial 8 with value: 0.2938805716124878.
running
[I 2024-10-11 23:07:56,915] Trial 20 finished with value: 0.3042631712545413 and parameters: {'model_name': 'SimpleImputer', 'strategy': 'median'}. Best is trial 8 with value: 0.2938805716124878.
running
[I 2024-10-11 23:07:57,227] Trial 22 finished with value: 0.5133879930289807 and parameters: {'model_name': 'SimpleImputer', 'strategy': 'most_frequent'}. Best is trial 8 with value: 0.2938805716124878.
running
[I 2024-10-11 23:07:57,494] Trial 23 finished with value: 0.5133879930289807 and parameters: {'model_name': 'SimpleImputer', 'strategy': 'most_frequent'}. Best is trial 8 with value: 0.2938805716124878.
running
[I 2024-10-11 23:08:01,621] Trial 6 finished with value: 0.16599483204626228 and parameters: {'model_name': 'KNNImputer', 'n_neighbors': 99, 'weights': 'uniform'}. Best is trial 6 with value: 0.16599483204626228.
running
[I 2024-10-11 23:08:02,500] Trial 1 finished with value: 0.2938805716124878 and parameters: {'model_name': 'KNNImputer', 'n_neighbors': 7932, 'weights': 'uniform'}. Best is trial 6 with value: 0.16599483204626228.
running
[I 2024-10-11 23:08:04,363] Trial 14 finished with value: 0.28088245525866734 and parameters: {'model_name': 'KNNImputer', 'n_neighbors': 5557, 'weights': 'uniform'}. Best is trial 6 with value: 0.16599483204626228.
running
[I 2024-10-11 23:08:06,328] Trial 11 finished with value: 0.27731905886042124 and parameters: {'model_name': 'KNNImputer', 'n_neighbors': 7620, 'weights': 'distance'}. Best is trial 6 with value: 0.16599483204626228.
running
[I 2024-10-11 23:08:09,348] Trial 19 finished with value: 0.2466723024727618 and parameters: {'model_name': 'IterativeImputer', 'estimator': 'Ridge', 'initial_strategy': 'mean', 'n_nearest_features': 3, 'imputation_order': 'arabic'}. Best is trial 6 with value: 0.16599483204626228.
running
[I 2024-10-11 23:08:09,952] Trial 26 finished with value: 0.17758478942650707 and parameters: {'model_name': 'KNNImputer', 'n_neighbors': 227, 'weights': 'uniform'}. Best is trial 6 with value: 0.16599483204626228.
running
[I 2024-10-11 23:08:10,251] Trial 12 finished with value: 0.27695861238578934 and parameters: {'model_name': 'KNNImputer', 'n_neighbors': 6639, 'weights': 'distance'}. Best is trial 6 with value: 0.16599483204626228.
running
[I 2024-10-11 23:08:11,550] Trial 4 finished with value: inf and parameters: {'model_name': 'GAIN', 'batch_size': 1, 'hint_rate': 0.09323214635916867, 'alpha': 31, 'iterations': 2, 'learning_rate': 0.07607632421762166, 'p_miss': 0.2704240120483894}. Best is trial 6 with value: 0.16599483204626228.
running
[I 2024-10-11 23:08:11,972] Trial 18 finished with value: inf and parameters: {'model_name': 'GAIN', 'batch_size': 1, 'hint_rate': 0.050385542866872135, 'alpha': 15, 'iterations': 1, 'learning_rate': 0.0009522635315316742, 'p_miss': 0.08442569200576955}. Best is trial 6 with value: 0.16599483204626228.
running
[I 2024-10-11 23:08:12,936] Trial 28 finished with value: 0.14890476516590218 and parameters: {'model_name': 'KNNImputer', 'n_neighbors': 15, 'weights': 'uniform'}. Best is trial 28 with value: 0.14890476516590218.
running
[I 2024-10-11 23:08:13,318] Trial 31 finished with value: 0.5691935277496624 and parameters: {'model_name': 'GAIN', 'batch_size': 4, 'hint_rate': 0.4047319543364536, 'alpha': 26, 'iterations': 1, 'learning_rate': 0.0010051728517412413, 'p_miss': 0.08946197258905306}. Best is trial 28 with value: 0.14890476516590218.
running
[I 2024-10-11 23:08:16,796] Trial 29 finished with value: 0.21063859125626871 and parameters: {'model_name': 'KNNImputer', 'n_neighbors': 1223, 'weights': 'distance'}. Best is trial 28 with value: 0.14890476516590218.
running
[I 2024-10-11 23:08:18,522] Trial 10 finished with value: 0.3283910012775818 and parameters: {'model_name': 'VAE', 'batch_size': 3, 'iterations': 11, 'learning_rate': 0.0023387862403103686, 'p_miss': 0.1495033626205263}. Best is trial 28 with value: 0.14890476516590218.
running
[I 2024-10-11 23:08:21,384] Trial 21 finished with value: 0.57625190263975 and parameters: {'model_name': 'GAIN', 'batch_size': 328, 'hint_rate': 0.40400584926211697, 'alpha': 21, 'iterations': 15, 'learning_rate': 0.0038730077285852476, 'p_miss': 0.05147663632920536}. Best is trial 28 with value: 0.14890476516590218.
running
[I 2024-10-11 23:08:24,339] Trial 38 finished with value: 0.158570714744282 and parameters: {'model_name': 'KNNImputer', 'n_neighbors': 5, 'weights': 'uniform'}. Best is trial 28 with value: 0.14890476516590218.
running
[I 2024-10-11 23:08:27,943] Trial 39 finished with value: 0.18651840771244277 and parameters: {'model_name': 'KNNImputer', 'n_neighbors': 367, 'weights': 'uniform'}. Best is trial 28 with value: 0.14890476516590218.
running
[I 2024-10-11 23:08:28,091] Trial 30 finished with value: 0.25370222821062555 and parameters: {'model_name': 'IterativeImputer', 'estimator': 'Ridge', 'initial_strategy': 'mean', 'n_nearest_features': 2, 'imputation_order': 'arabic'}. Best is trial 28 with value: 0.14890476516590218.
running
[I 2024-10-11 23:08:29,359] Trial 40 finished with value: 0.24058679736177363 and parameters: {'model_name': 'KNNImputer', 'n_neighbors': 2196, 'weights': 'uniform'}. Best is trial 28 with value: 0.14890476516590218.
running
[I 2024-10-11 23:08:30,748] Trial 3 finished with value: 0.548549277678037 and parameters: {'model_name': 'GAIN', 'batch_size': 4, 'hint_rate': 0.4206793719956167, 'alpha': 80, 'iterations': 51, 'learning_rate': 0.00021865030247012683, 'p_miss': 0.19434148804499543}. Best is trial 28 with value: 0.14890476516590218.
running
[I 2024-10-11 23:09:48,591] Trial 5 finished with value: 0.3020222713683549 and parameters: {'model_name': 'VAE', 'batch_size': 288, 'iterations': 62, 'learning_rate': 0.001366705370887845, 'p_miss': 0.13115709624353508}. Best is trial 28 with value: 0.14890476516590218.
running
[I 2024-10-11 23:09:51,299] Trial 45 finished with value: 0.2515302487183008 and parameters: {'model_name': 'KNNImputer', 'n_neighbors': 2916, 'weights': 'uniform'}. Best is trial 28 with value: 0.14890476516590218.
running
[I 2024-10-11 23:09:53,579] Trial 46 finished with value: 0.16210868597138867 and parameters: {'model_name': 'KNNImputer', 'n_neighbors': 74, 'weights': 'uniform'}. Best is trial 28 with value: 0.14890476516590218.
running
[I 2024-10-11 23:09:55,955] Trial 47 finished with value: 0.15923011552180705 and parameters: {'model_name': 'KNNImputer', 'n_neighbors': 60, 'weights': 'uniform'}. Best is trial 28 with value: 0.14890476516590218.
running
[I 2024-10-11 23:09:58,752] Trial 48 finished with value: 0.229866049630938 and parameters: {'model_name': 'KNNImputer', 'n_neighbors': 1649, 'weights': 'uniform'}. Best is trial 28 with value: 0.14890476516590218.
running
[I 2024-10-11 23:10:01,709] Trial 49 finished with value: 0.25931039896358377 and parameters: {'model_name': 'KNNImputer', 'n_neighbors': 3536, 'weights': 'uniform'}. Best is trial 28 with value: 0.14890476516590218.
running
[I 2024-10-11 23:10:04,279] Trial 50 finished with value: 0.21456035058864026 and parameters: {'model_name': 'KNNImputer', 'n_neighbors': 1054, 'weights': 'uniform'}. Best is trial 28 with value: 0.14890476516590218.
running
[I 2024-10-11 23:10:47,675] Trial 17 finished with value: 0.29944347591314724 and parameters: {'model_name': 'VAE', 'batch_size': 56, 'iterations': 237, 'learning_rate': 0.00850680714988933, 'p_miss': 0.07141826187871016}. Best is trial 28 with value: 0.14890476516590218.
running
[I 2024-10-11 23:10:49,918] Trial 52 finished with value: 0.17213857999684726 and parameters: {'model_name': 'KNNImputer', 'n_neighbors': 156, 'weights': 'uniform'}. Best is trial 28 with value: 0.14890476516590218.
running
[I 2024-10-11 23:11:15,056] Trial 13 finished with value: 0.5874059003952388 and parameters: {'model_name': 'GAIN', 'batch_size': 298, 'hint_rate': 0.5939779057229657, 'alpha': 33, 'iterations': 1118, 'learning_rate': 0.0010231983320298467, 'p_miss': 0.25673371656321103}. Best is trial 28 with value: 0.14890476516590218.
running
[I 2024-10-11 23:11:46,043] Trial 54 finished with value: 0.16168871943926966 and parameters: {'model_name': 'IterativeImputer', 'estimator': 'KNN', 'initial_strategy': 'constant', 'n_nearest_features': 16, 'imputation_order': 'descending'}. Best is trial 28 with value: 0.14890476516590218.
running
[I 2024-10-11 23:12:17,144] Trial 55 finished with value: 0.16168871943926966 and parameters: {'model_name': 'IterativeImputer', 'estimator': 'KNN', 'initial_strategy': 'constant', 'n_nearest_features': 16, 'imputation_order': 'descending'}. Best is trial 28 with value: 0.14890476516590218.
running
[I 2024-10-11 23:12:48,266] Trial 56 finished with value: 0.16168871943926966 and parameters: {'model_name': 'IterativeImputer', 'estimator': 'KNN', 'initial_strategy': 'constant', 'n_nearest_features': 16, 'imputation_order': 'descending'}. Best is trial 28 with value: 0.14890476516590218.
running
[I 2024-10-11 23:13:19,221] Trial 57 finished with value: 0.16168871943926966 and parameters: {'model_name': 'IterativeImputer', 'estimator': 'KNN', 'initial_strategy': 'constant', 'n_nearest_features': 16, 'imputation_order': 'descending'}. Best is trial 28 with value: 0.14890476516590218.
running
[I 2024-10-11 23:19:04,337] Trial 32 finished with value: 0.31243225419006987 and parameters: {'model_name': 'VAE', 'batch_size': 6, 'iterations': 2394, 'learning_rate': 0.001999492983220771, 'p_miss': 0.17213888680536854}. Best is trial 28 with value: 0.14890476516590218.
running
[I 2024-10-11 23:21:06,314] Trial 59 finished with value: 0.31430418780727304 and parameters: {'model_name': 'IterativeImputer', 'estimator': 'Bayesian', 'initial_strategy': 'median', 'n_nearest_features': 11, 'imputation_order': 'descending', 'sample_posterior': True}. Best is trial 28 with value: 0.14890476516590218.
running
[I 2024-10-11 23:56:59,456] Trial 27 finished with value: 0.14463922079611874 and parameters: {'model_name': 'IterativeImputer', 'estimator': 'RFR', 'initial_strategy': 'median', 'n_nearest_features': 10, 'imputation_order': 'ascending'}. Best is trial 27 with value: 0.14463922079611874.
running
[I 2024-10-12 00:06:06,981] Trial 58 finished with value: 0.14335453911299573 and parameters: {'model_name': 'IterativeImputer', 'estimator': 'RFR', 'initial_strategy': 'most_frequent', 'n_nearest_features': 11, 'imputation_order': 'descending'}. Best is trial 58 with value: 0.14335453911299573.
running
[I 2024-10-12 00:12:16,557] Trial 24 finished with value: 0.2997660342798619 and parameters: {'model_name': 'VAE', 'batch_size': 57, 'iterations': 7988, 'learning_rate': 0.04803948213169567, 'p_miss': 0.02151645599299187}. Best is trial 58 with value: 0.14335453911299573.
running
[I 2024-10-12 00:16:38,437] Trial 60 finished with value: 0.1412079435744465 and parameters: {'model_name': 'IterativeImputer', 'estimator': 'RFR', 'initial_strategy': 'most_frequent', 'n_nearest_features': 12, 'imputation_order': 'random'}. Best is trial 60 with value: 0.1412079435744465.
running
[I 2024-10-12 00:17:13,883] Trial 41 finished with value: 0.13731409495982108 and parameters: {'model_name': 'IterativeImputer', 'estimator': 'RFR', 'initial_strategy': 'most_frequent', 'n_nearest_features': 16, 'imputation_order': 'ascending'}. Best is trial 41 with value: 0.13731409495982108.
running
[I 2024-10-12 00:17:17,417] Trial 25 finished with value: 0.1385688139040892 and parameters: {'model_name': 'IterativeImputer', 'estimator': 'RFR', 'initial_strategy': 'constant', 'n_nearest_features': 15, 'imputation_order': 'roman'}. Best is trial 41 with value: 0.13731409495982108.
running
[I 2024-10-12 00:19:42,232] Trial 53 finished with value: 0.13848853494151997 and parameters: {'model_name': 'IterativeImputer', 'estimator': 'RFR', 'initial_strategy': 'median', 'n_nearest_features': 16, 'imputation_order': 'descending'}. Best is trial 41 with value: 0.13731409495982108.
running
[I 2024-10-12 00:22:57,205] Trial 51 finished with value: 0.30187973276537033 and parameters: {'model_name': 'VAE', 'batch_size': 64, 'iterations': 9715, 'learning_rate': 0.08287907189695963, 'p_miss': 0.2974880172960333}. Best is trial 41 with value: 0.13731409495982108.
running
[I 2024-10-12 00:45:20,642] Trial 61 finished with value: 0.1465817708873826 and parameters: {'model_name': 'IterativeImputer', 'estimator': 'RFR', 'initial_strategy': 'most_frequent', 'n_nearest_features': 10, 'imputation_order': 'ascending'}. Best is trial 41 with value: 0.13731409495982108.
running
[I 2024-10-12 00:50:36,885] Trial 62 finished with value: 0.14611685552905312 and parameters: {'model_name': 'IterativeImputer', 'estimator': 'RFR', 'initial_strategy': 'most_frequent', 'n_nearest_features': 9, 'imputation_order': 'ascending'}. Best is trial 41 with value: 0.13731409495982108.
running
[I 2024-10-12 00:54:40,801] Trial 35 finished with value: 0.2994698947599713 and parameters: {'model_name': 'VAE', 'batch_size': 410, 'iterations': 3869, 'learning_rate': 0.0001458071045669993, 'p_miss': 0.027433342710172615}. Best is trial 41 with value: 0.13731409495982108.
running
[I 2024-10-12 00:56:53,482] Trial 63 finished with value: 0.14664676006342428 and parameters: {'model_name': 'IterativeImputer', 'estimator': 'RFR', 'initial_strategy': 'most_frequent', 'n_nearest_features': 9, 'imputation_order': 'ascending'}. Best is trial 41 with value: 0.13731409495982108.
running
[I 2024-10-12 01:05:39,759] Trial 64 finished with value: 0.1451877109659471 and parameters: {'model_name': 'IterativeImputer', 'estimator': 'RFR', 'initial_strategy': 'most_frequent', 'n_nearest_features': 10, 'imputation_order': 'random'}. Best is trial 41 with value: 0.13731409495982108.
running
[I 2024-10-12 01:06:12,999] Trial 65 finished with value: 0.14551796952818125 and parameters: {'model_name': 'IterativeImputer', 'estimator': 'RFR', 'initial_strategy': 'most_frequent', 'n_nearest_features': 10, 'imputation_order': 'ascending'}. Best is trial 41 with value: 0.13731409495982108.
running
[I 2024-10-12 01:10:22,469] Trial 66 finished with value: 0.1427336248743472 and parameters: {'model_name': 'IterativeImputer', 'estimator': 'RFR', 'initial_strategy': 'most_frequent', 'n_nearest_features': 11, 'imputation_order': 'ascending'}. Best is trial 41 with value: 0.13731409495982108.
running
[I 2024-10-12 01:12:53,504] Trial 67 finished with value: 0.14299515456945613 and parameters: {'model_name': 'IterativeImputer', 'estimator': 'RFR', 'initial_strategy': 'most_frequent', 'n_nearest_features': 11, 'imputation_order': 'ascending'}. Best is trial 41 with value: 0.13731409495982108.
running
[I 2024-10-12 01:16:12,355] Trial 68 finished with value: 0.14219755407353873 and parameters: {'model_name': 'IterativeImputer', 'estimator': 'RFR', 'initial_strategy': 'most_frequent', 'n_nearest_features': 11, 'imputation_order': 'ascending'}. Best is trial 41 with value: 0.13731409495982108.
running
[I 2024-10-12 01:42:53,519] Trial 69 finished with value: 0.1408592199437729 and parameters: {'model_name': 'IterativeImputer', 'estimator': 'RFR', 'initial_strategy': 'most_frequent', 'n_nearest_features': 12, 'imputation_order': 'random'}. Best is trial 41 with value: 0.13731409495982108.
running
[I 2024-10-12 01:48:24,316] Trial 70 finished with value: 0.1425048590124697 and parameters: {'model_name': 'IterativeImputer', 'estimator': 'RFR', 'initial_strategy': 'median', 'n_nearest_features': 12, 'imputation_order': 'random'}. Best is trial 41 with value: 0.13731409495982108.
running
[I 2024-10-12 01:52:25,385] Trial 71 finished with value: 0.14015096498927607 and parameters: {'model_name': 'IterativeImputer', 'estimator': 'RFR', 'initial_strategy': 'median', 'n_nearest_features': 12, 'imputation_order': 'roman'}. Best is trial 41 with value: 0.13731409495982108.
running
[I 2024-10-12 01:53:02,925] Trial 36 finished with value: 0.2995286296988058 and parameters: {'model_name': 'VAE', 'batch_size': 907, 'iterations': 4064, 'learning_rate': 0.05235766678750149, 'p_miss': 0.27893049196940545}. Best is trial 41 with value: 0.13731409495982108.
running
[I 2024-10-12 01:58:50,459] Trial 72 finished with value: 0.14129778141540594 and parameters: {'model_name': 'IterativeImputer', 'estimator': 'RFR', 'initial_strategy': 'median', 'n_nearest_features': 13, 'imputation_order': 'roman'}. Best is trial 41 with value: 0.13731409495982108.
running
[I 2024-10-12 02:04:51,593] Trial 33 finished with value: 0.299332107076842 and parameters: {'model_name': 'VAE', 'batch_size': 795, 'iterations': 4466, 'learning_rate': 0.00010117076731596304, 'p_miss': 0.028372816118000577}. Best is trial 41 with value: 0.13731409495982108.
running
[I 2024-10-12 02:07:43,334] Trial 73 finished with value: 0.14059540027866296 and parameters: {'model_name': 'IterativeImputer', 'estimator': 'RFR', 'initial_strategy': 'median', 'n_nearest_features': 13, 'imputation_order': 'roman'}. Best is trial 41 with value: 0.13731409495982108.
running
[I 2024-10-12 02:08:07,399] Trial 74 finished with value: 0.14051413625083278 and parameters: {'model_name': 'IterativeImputer', 'estimator': 'RFR', 'initial_strategy': 'median', 'n_nearest_features': 13, 'imputation_order': 'roman'}. Best is trial 41 with value: 0.13731409495982108.
running
[I 2024-10-12 02:12:19,526] Trial 75 finished with value: 0.14075843623986045 and parameters: {'model_name': 'IterativeImputer', 'estimator': 'RFR', 'initial_strategy': 'most_frequent', 'n_nearest_features': 13, 'imputation_order': 'roman'}. Best is trial 41 with value: 0.13731409495982108.
running
[I 2024-10-12 02:14:49,575] Trial 76 finished with value: 0.14050826067508737 and parameters: {'model_name': 'IterativeImputer', 'estimator': 'RFR', 'initial_strategy': 'most_frequent', 'n_nearest_features': 13, 'imputation_order': 'roman'}. Best is trial 41 with value: 0.13731409495982108.
running
[I 2024-10-12 02:18:21,349] Trial 77 finished with value: 0.14050452735510516 and parameters: {'model_name': 'IterativeImputer', 'estimator': 'RFR', 'initial_strategy': 'most_frequent', 'n_nearest_features': 13, 'imputation_order': 'roman'}. Best is trial 41 with value: 0.13731409495982108.
running
[I 2024-10-12 02:19:51,595] Trial 37 finished with value: 0.2992437118173407 and parameters: {'model_name': 'VAE', 'batch_size': 983, 'iterations': 5431, 'learning_rate': 0.03125194204255223, 'p_miss': 0.2841629541379942}. Best is trial 41 with value: 0.13731409495982108.
running
[I 2024-10-12 02:28:08,223] Trial 43 finished with value: 0.2996835285604036 and parameters: {'model_name': 'VAE', 'batch_size': 674, 'iterations': 7207, 'learning_rate': 0.00019084409902806536, 'p_miss': 0.28436982647443343}. Best is trial 41 with value: 0.13731409495982108.
running
[I 2024-10-12 02:35:07,627] Trial 42 finished with value: 0.29951934589284385 and parameters: {'model_name': 'VAE', 'batch_size': 631, 'iterations': 8052, 'learning_rate': 0.00013395853769414967, 'p_miss': 0.286616641912548}. Best is trial 41 with value: 0.13731409495982108.
running
[I 2024-10-12 02:45:50,359] Trial 78 finished with value: 0.13965416792705998 and parameters: {'model_name': 'IterativeImputer', 'estimator': 'RFR', 'initial_strategy': 'most_frequent', 'n_nearest_features': 13, 'imputation_order': 'roman'}. Best is trial 41 with value: 0.13731409495982108.
running
[I 2024-10-12 02:48:03,203] Trial 92 finished with value: 0.19633608211067735 and parameters: {'model_name': 'IterativeImputer', 'estimator': 'Bayesian', 'initial_strategy': 'median', 'n_nearest_features': 14, 'imputation_order': 'roman', 'sample_posterior': False}. Best is trial 41 with value: 0.13731409495982108.
running
[I 2024-10-12 02:48:39,542] Trial 93 finished with value: 0.5317017060819389 and parameters: {'model_name': 'GAIN', 'batch_size': 13, 'hint_rate': 0.9519495077141142, 'alpha': 99, 'iterations': 419, 'learning_rate': 0.015150511635990096, 'p_miss': 0.22340020402134708}. Best is trial 41 with value: 0.13731409495982108.
running
[I 2024-10-12 02:49:18,335] Trial 34 finished with value: 0.2992010906898295 and parameters: {'model_name': 'VAE', 'batch_size': 812, 'iterations': 8986, 'learning_rate': 0.00011728366158710427, 'p_miss': 0.01587045180415428}. Best is trial 41 with value: 0.13731409495982108.
running
[I 2024-10-12 02:50:35,273] Trial 44 finished with value: 0.2990033744949966 and parameters: {'model_name': 'VAE', 'batch_size': 902, 'iterations': 8308, 'learning_rate': 0.07441586738276718, 'p_miss': 0.29726712486739537}. Best is trial 41 with value: 0.13731409495982108.
running
[I 2024-10-12 02:55:59,480] Trial 79 finished with value: 0.138619169837019 and parameters: {'model_name': 'IterativeImputer', 'estimator': 'RFR', 'initial_strategy': 'median', 'n_nearest_features': 14, 'imputation_order': 'random'}. Best is trial 41 with value: 0.13731409495982108.
running
[I 2024-10-12 02:59:36,308] Trial 80 finished with value: 0.1394589980044404 and parameters: {'model_name': 'IterativeImputer', 'estimator': 'RFR', 'initial_strategy': 'median', 'n_nearest_features': 14, 'imputation_order': 'roman'}. Best is trial 41 with value: 0.13731409495982108.
running
[I 2024-10-12 02:59:56,860] Trial 81 finished with value: 0.13860142293402875 and parameters: {'model_name': 'IterativeImputer', 'estimator': 'RFR', 'initial_strategy': 'median', 'n_nearest_features': 14, 'imputation_order': 'roman'}. Best is trial 41 with value: 0.13731409495982108.
running
[I 2024-10-12 03:00:16,794] Trial 99 finished with value: 0.195511516698552 and parameters: {'model_name': 'IterativeImputer', 'estimator': 'Ridge', 'initial_strategy': 'median', 'n_nearest_features': 15, 'imputation_order': 'roman'}. Best is trial 41 with value: 0.13731409495982108.
running
[I 2024-10-12 03:05:07,492] Trial 82 finished with value: 0.13801968352430696 and parameters: {'model_name': 'IterativeImputer', 'estimator': 'RFR', 'initial_strategy': 'median', 'n_nearest_features': 14, 'imputation_order': 'roman'}. Best is trial 41 with value: 0.13731409495982108.
running
[I 2024-10-12 03:10:06,399] Trial 83 finished with value: 0.13901741707592286 and parameters: {'model_name': 'IterativeImputer', 'estimator': 'RFR', 'initial_strategy': 'median', 'n_nearest_features': 14, 'imputation_order': 'roman'}. Best is trial 41 with value: 0.13731409495982108.
running
[I 2024-10-12 03:10:06,573] Trial 102 finished with value: 0.5835935273224675 and parameters: {'model_name': 'SimpleImputer', 'strategy': 'constant'}. Best is trial 41 with value: 0.13731409495982108.
running
[I 2024-10-12 03:12:35,787] Trial 84 finished with value: 0.13914789371185096 and parameters: {'model_name': 'IterativeImputer', 'estimator': 'RFR', 'initial_strategy': 'median', 'n_nearest_features': 14, 'imputation_order': 'roman'}. Best is trial 41 with value: 0.13731409495982108.
running
[I 2024-10-12 03:13:04,999] Trial 85 finished with value: 0.13881427466469978 and parameters: {'model_name': 'IterativeImputer', 'estimator': 'RFR', 'initial_strategy': 'median', 'n_nearest_features': 14, 'imputation_order': 'roman'}. Best is trial 41 with value: 0.13731409495982108.
running
[I 2024-10-12 03:13:27,750] Trial 105 finished with value: 0.19551164490767894 and parameters: {'model_name': 'IterativeImputer', 'estimator': 'Ridge', 'initial_strategy': 'median', 'n_nearest_features': 15, 'imputation_order': 'arabic'}. Best is trial 41 with value: 0.13731409495982108.
running
[I 2024-10-12 03:16:44,861] Trial 86 finished with value: 0.1384459922098941 and parameters: {'model_name': 'IterativeImputer', 'estimator': 'RFR', 'initial_strategy': 'median', 'n_nearest_features': 14, 'imputation_order': 'roman'}. Best is trial 41 with value: 0.13731409495982108.
running
[I 2024-10-12 03:18:51,336] Trial 87 finished with value: 0.13866470779842538 and parameters: {'model_name': 'IterativeImputer', 'estimator': 'RFR', 'initial_strategy': 'median', 'n_nearest_features': 14, 'imputation_order': 'roman'}. Best is trial 41 with value: 0.13731409495982108.
running
[I 2024-10-12 03:21:42,373] Trial 88 finished with value: 0.13942386080469485 and parameters: {'model_name': 'IterativeImputer', 'estimator': 'RFR', 'initial_strategy': 'median', 'n_nearest_features': 14, 'imputation_order': 'roman'}. Best is trial 41 with value: 0.13731409495982108.
running
[I 2024-10-12 03:23:03,635] Trial 89 finished with value: 0.1384617719615309 and parameters: {'model_name': 'IterativeImputer', 'estimator': 'RFR', 'initial_strategy': 'median', 'n_nearest_features': 14, 'imputation_order': 'roman'}. Best is trial 41 with value: 0.13731409495982108.
running
[I 2024-10-12 03:23:04,191] Trial 110 finished with value: 0.5658293184733111 and parameters: {'model_name': 'GAIN', 'batch_size': 132, 'hint_rate': 0.9538950924399299, 'alpha': 61, 'iterations': 5, 'learning_rate': 0.00044121869425282765, 'p_miss': 0.1097827574349975}. Best is trial 41 with value: 0.13731409495982108.
running
[I 2024-10-12 03:29:52,959] Trial 90 finished with value: 0.13900809182261648 and parameters: {'model_name': 'IterativeImputer', 'estimator': 'RFR', 'initial_strategy': 'median', 'n_nearest_features': 14, 'imputation_order': 'roman'}. Best is trial 41 with value: 0.13731409495982108.
running
[I 2024-10-12 03:35:48,940] Trial 91 finished with value: 0.13846145564137513 and parameters: {'model_name': 'IterativeImputer', 'estimator': 'RFR', 'initial_strategy': 'median', 'n_nearest_features': 14, 'imputation_order': 'roman'}. Best is trial 41 with value: 0.13731409495982108.
running
[I 2024-10-12 03:36:43,631] Trial 113 finished with value: 0.3408426674441047 and parameters: {'model_name': 'IterativeImputer', 'estimator': 'Bayesian', 'initial_strategy': 'mean', 'n_nearest_features': 6, 'imputation_order': 'descending', 'sample_posterior': True}. Best is trial 41 with value: 0.13731409495982108.
running
[I 2024-10-12 03:37:09,453] Trial 114 finished with value: 0.16101454595243064 and parameters: {'model_name': 'IterativeImputer', 'estimator': 'KNN', 'initial_strategy': 'constant', 'n_nearest_features': 15, 'imputation_order': 'arabic'}. Best is trial 41 with value: 0.13731409495982108.
running
[I 2024-10-12 03:37:09,618] Trial 115 finished with value: 0.5835935273224675 and parameters: {'model_name': 'SimpleImputer', 'strategy': 'constant'}. Best is trial 41 with value: 0.13731409495982108.
running
[I 2024-10-12 03:39:27,379] Trial 107 finished with value: 0.1829912993051434 and parameters: {'model_name': 'IterativeImputer', 'estimator': 'RFR', 'initial_strategy': 'median', 'n_nearest_features': 5, 'imputation_order': 'roman'}. Best is trial 41 with value: 0.13731409495982108.
running
[I 2024-10-12 03:46:11,269] Trial 94 finished with value: 0.1394115376189798 and parameters: {'model_name': 'IterativeImputer', 'estimator': 'RFR', 'initial_strategy': 'median', 'n_nearest_features': 14, 'imputation_order': 'roman'}. Best is trial 41 with value: 0.13731409495982108.
running
[I 2024-10-12 03:46:43,463] Trial 95 finished with value: 0.1381110756464476 and parameters: {'model_name': 'IterativeImputer', 'estimator': 'RFR', 'initial_strategy': 'median', 'n_nearest_features': 14, 'imputation_order': 'roman'}. Best is trial 41 with value: 0.13731409495982108.
running
[I 2024-10-12 03:47:38,768] Trial 96 finished with value: 0.13946486406062314 and parameters: {'model_name': 'IterativeImputer', 'estimator': 'RFR', 'initial_strategy': 'median', 'n_nearest_features': 14, 'imputation_order': 'roman'}. Best is trial 41 with value: 0.13731409495982108.
running
[I 2024-10-12 03:52:25,704] Trial 112 finished with value: 0.1830745733118031 and parameters: {'model_name': 'IterativeImputer', 'estimator': 'RFR', 'initial_strategy': 'mean', 'n_nearest_features': 5, 'imputation_order': 'arabic'}. Best is trial 41 with value: 0.13731409495982108.
running
[I 2024-10-12 03:53:01,614] Trial 97 finished with value: 0.13934060268144663 and parameters: {'model_name': 'IterativeImputer', 'estimator': 'RFR', 'initial_strategy': 'median', 'n_nearest_features': 14, 'imputation_order': 'roman'}. Best is trial 41 with value: 0.13731409495982108.
running
[I 2024-10-12 04:00:15,074] Trial 98 finished with value: 0.137626017391186 and parameters: {'model_name': 'IterativeImputer', 'estimator': 'RFR', 'initial_strategy': 'median', 'n_nearest_features': 15, 'imputation_order': 'roman'}. Best is trial 41 with value: 0.13731409495982108.
running
[I 2024-10-12 04:00:38,520] Trial 100 finished with value: 0.1392062705336223 and parameters: {'model_name': 'IterativeImputer', 'estimator': 'RFR', 'initial_strategy': 'median', 'n_nearest_features': 15, 'imputation_order': 'roman'}. Best is trial 41 with value: 0.13731409495982108.
running
[I 2024-10-12 04:05:32,088] Trial 101 finished with value: 0.1388220232425758 and parameters: {'model_name': 'IterativeImputer', 'estimator': 'RFR', 'initial_strategy': 'median', 'n_nearest_features': 15, 'imputation_order': 'roman'}. Best is trial 41 with value: 0.13731409495982108.
running
[I 2024-10-12 04:05:58,829] Trial 125 finished with value: 0.16168871943926966 and parameters: {'model_name': 'IterativeImputer', 'estimator': 'KNN', 'initial_strategy': 'constant', 'n_nearest_features': 16, 'imputation_order': 'descending'}. Best is trial 41 with value: 0.13731409495982108.
running
[I 2024-10-12 04:10:33,002] Trial 103 finished with value: 0.13754099032899414 and parameters: {'model_name': 'IterativeImputer', 'estimator': 'RFR', 'initial_strategy': 'median', 'n_nearest_features': 15, 'imputation_order': 'roman'}. Best is trial 41 with value: 0.13731409495982108.
running
[I 2024-10-12 04:12:55,780] Trial 104 finished with value: 0.13838381820877313 and parameters: {'model_name': 'IterativeImputer', 'estimator': 'RFR', 'initial_strategy': 'median', 'n_nearest_features': 15, 'imputation_order': 'arabic'}. Best is trial 41 with value: 0.13731409495982108.
running
[I 2024-10-12 04:13:35,877] Trial 106 finished with value: 0.1379815044444131 and parameters: {'model_name': 'IterativeImputer', 'estimator': 'RFR', 'initial_strategy': 'median', 'n_nearest_features': 15, 'imputation_order': 'roman'}. Best is trial 41 with value: 0.13731409495982108.
running
[I 2024-10-12 04:13:39,287] Trial 129 finished with value: 0.5356142899639212 and parameters: {'model_name': 'GAIN', 'batch_size': 15, 'hint_rate': 0.7497138655742499, 'alpha': 53, 'iterations': 179, 'learning_rate': 0.005073410310395826, 'p_miss': 0.23978530440753593}. Best is trial 41 with value: 0.13731409495982108.
running
[I 2024-10-12 04:18:54,380] Trial 108 finished with value: 0.13885110157662764 and parameters: {'model_name': 'IterativeImputer', 'estimator': 'RFR', 'initial_strategy': 'mean', 'n_nearest_features': 15, 'imputation_order': 'roman'}. Best is trial 41 with value: 0.13731409495982108.
running
[I 2024-10-12 04:21:51,531] Trial 109 finished with value: 0.13977263593077155 and parameters: {'model_name': 'IterativeImputer', 'estimator': 'RFR', 'initial_strategy': 'mean', 'n_nearest_features': 15, 'imputation_order': 'roman'}. Best is trial 41 with value: 0.13731409495982108.
running
[I 2024-10-12 04:23:07,251] Trial 111 finished with value: 0.13895426619557857 and parameters: {'model_name': 'IterativeImputer', 'estimator': 'RFR', 'initial_strategy': 'mean', 'n_nearest_features': 15, 'imputation_order': 'roman'}. Best is trial 41 with value: 0.13731409495982108.
running
[I 2024-10-12 04:23:26,061] Trial 133 finished with value: 0.19551162308176073 and parameters: {'model_name': 'IterativeImputer', 'estimator': 'Ridge', 'initial_strategy': 'constant', 'n_nearest_features': 16, 'imputation_order': 'arabic'}. Best is trial 41 with value: 0.13731409495982108.
running
[I 2024-10-12 04:36:43,161] Trial 116 finished with value: 0.13922613567015846 and parameters: {'model_name': 'IterativeImputer', 'estimator': 'RFR', 'initial_strategy': 'median', 'n_nearest_features': 15, 'imputation_order': 'roman'}. Best is trial 41 with value: 0.13731409495982108.
running
[I 2024-10-12 04:39:04,959] Trial 117 finished with value: 0.13906085241101634 and parameters: {'model_name': 'IterativeImputer', 'estimator': 'RFR', 'initial_strategy': 'median', 'n_nearest_features': 16, 'imputation_order': 'roman'}. Best is trial 41 with value: 0.13731409495982108.
running
[I 2024-10-12 04:45:34,320] Trial 118 finished with value: 0.13974757988199746 and parameters: {'model_name': 'IterativeImputer', 'estimator': 'RFR', 'initial_strategy': 'constant', 'n_nearest_features': 16, 'imputation_order': 'roman'}. Best is trial 41 with value: 0.13731409495982108.
running
[I 2024-10-12 04:46:14,446] Trial 119 finished with value: 0.13807910907514637 and parameters: {'model_name': 'IterativeImputer', 'estimator': 'RFR', 'initial_strategy': 'constant', 'n_nearest_features': 16, 'imputation_order': 'descending'}. Best is trial 41 with value: 0.13731409495982108.
running
[I 2024-10-12 04:46:58,371] Trial 120 finished with value: 0.13818218879603528 and parameters: {'model_name': 'IterativeImputer', 'estimator': 'RFR', 'initial_strategy': 'constant', 'n_nearest_features': 15, 'imputation_order': 'descending'}. Best is trial 41 with value: 0.13731409495982108.
running
[I 2024-10-12 04:51:48,058] Trial 121 finished with value: 0.13775379725872056 and parameters: {'model_name': 'IterativeImputer', 'estimator': 'RFR', 'initial_strategy': 'constant', 'n_nearest_features': 16, 'imputation_order': 'descending'}. Best is trial 41 with value: 0.13731409495982108.
running
[I 2024-10-12 04:52:23,902] Trial 122 finished with value: 0.1381169041714086 and parameters: {'model_name': 'IterativeImputer', 'estimator': 'RFR', 'initial_strategy': 'constant', 'n_nearest_features': 16, 'imputation_order': 'descending'}. Best is trial 41 with value: 0.13731409495982108.
running
[I 2024-10-12 04:59:40,044] Trial 123 finished with value: 0.13777437535144169 and parameters: {'model_name': 'IterativeImputer', 'estimator': 'RFR', 'initial_strategy': 'constant', 'n_nearest_features': 16, 'imputation_order': 'random'}. Best is trial 41 with value: 0.13731409495982108.
running
[I 2024-10-12 04:59:58,568] Trial 124 finished with value: 0.1386617876120057 and parameters: {'model_name': 'IterativeImputer', 'estimator': 'RFR', 'initial_strategy': 'constant', 'n_nearest_features': 16, 'imputation_order': 'descending'}. Best is trial 41 with value: 0.13731409495982108.
running
[I 2024-10-12 04:59:58,777] Trial 143 finished with value: 0.5133879930289807 and parameters: {'model_name': 'SimpleImputer', 'strategy': 'most_frequent'}. Best is trial 41 with value: 0.13731409495982108.
running
[I 2024-10-12 05:05:22,206] Trial 126 finished with value: 0.13804859901938935 and parameters: {'model_name': 'IterativeImputer', 'estimator': 'RFR', 'initial_strategy': 'constant', 'n_nearest_features': 16, 'imputation_order': 'random'}. Best is trial 41 with value: 0.13731409495982108.
running
[I 2024-10-12 05:06:34,907] Trial 145 finished with value: 0.19555381394621946 and parameters: {'model_name': 'IterativeImputer', 'estimator': 'Bayesian', 'initial_strategy': 'constant', 'n_nearest_features': 16, 'imputation_order': 'descending', 'sample_posterior': False}. Best is trial 41 with value: 0.13731409495982108.
running
[I 2024-10-12 05:10:44,630] Trial 127 finished with value: 0.13892936139993878 and parameters: {'model_name': 'IterativeImputer', 'estimator': 'RFR', 'initial_strategy': 'constant', 'n_nearest_features': 16, 'imputation_order': 'random'}. Best is trial 41 with value: 0.13731409495982108.
running
[I 2024-10-12 05:13:08,977] Trial 128 finished with value: 0.13866904031791746 and parameters: {'model_name': 'IterativeImputer', 'estimator': 'RFR', 'initial_strategy': 'constant', 'n_nearest_features': 16, 'imputation_order': 'arabic'}. Best is trial 41 with value: 0.13731409495982108.
running
[I 2024-10-12 05:13:50,903] Trial 130 finished with value: 0.13876069267050203 and parameters: {'model_name': 'IterativeImputer', 'estimator': 'RFR', 'initial_strategy': 'constant', 'n_nearest_features': 16, 'imputation_order': 'arabic'}. Best is trial 41 with value: 0.13731409495982108.
running
[I 2024-10-12 05:19:08,365] Trial 131 finished with value: 0.13846160960299797 and parameters: {'model_name': 'IterativeImputer', 'estimator': 'RFR', 'initial_strategy': 'constant', 'n_nearest_features': 15, 'imputation_order': 'arabic'}. Best is trial 41 with value: 0.13731409495982108.
running
[I 2024-10-12 05:22:03,813] Trial 132 finished with value: 0.13844312633849917 and parameters: {'model_name': 'IterativeImputer', 'estimator': 'RFR', 'initial_strategy': 'constant', 'n_nearest_features': 16, 'imputation_order': 'arabic'}. Best is trial 41 with value: 0.13731409495982108.
running
[I 2024-10-12 05:23:38,059] Trial 134 finished with value: 0.138558065122596 and parameters: {'model_name': 'IterativeImputer', 'estimator': 'RFR', 'initial_strategy': 'median', 'n_nearest_features': 16, 'imputation_order': 'descending'}. Best is trial 41 with value: 0.13731409495982108.
running
[I 2024-10-12 05:36:50,581] Trial 135 finished with value: 0.13941625062501345 and parameters: {'model_name': 'IterativeImputer', 'estimator': 'RFR', 'initial_strategy': 'constant', 'n_nearest_features': 16, 'imputation_order': 'descending'}. Best is trial 41 with value: 0.13731409495982108.
running
[I 2024-10-12 05:39:16,943] Trial 136 finished with value: 0.1381571039362218 and parameters: {'model_name': 'IterativeImputer', 'estimator': 'RFR', 'initial_strategy': 'median', 'n_nearest_features': 16, 'imputation_order': 'descending'}. Best is trial 41 with value: 0.13731409495982108.
running
[I 2024-10-12 05:45:42,500] Trial 137 finished with value: 0.1374448626763397 and parameters: {'model_name': 'IterativeImputer', 'estimator': 'RFR', 'initial_strategy': 'median', 'n_nearest_features': 16, 'imputation_order': 'descending'}. Best is trial 41 with value: 0.13731409495982108.
running
[I 2024-10-12 05:46:09,251] Trial 138 finished with value: 0.13791884905154878 and parameters: {'model_name': 'IterativeImputer', 'estimator': 'RFR', 'initial_strategy': 'constant', 'n_nearest_features': 16, 'imputation_order': 'descending'}. Best is trial 41 with value: 0.13731409495982108.
running
[I 2024-10-12 05:46:55,258] Trial 139 finished with value: 0.13866045637236452 and parameters: {'model_name': 'IterativeImputer', 'estimator': 'RFR', 'initial_strategy': 'constant', 'n_nearest_features': 16, 'imputation_order': 'descending'}. Best is trial 41 with value: 0.13731409495982108.
running
[I 2024-10-12 05:51:45,024] Trial 140 finished with value: 0.13859869684532483 and parameters: {'model_name': 'IterativeImputer', 'estimator': 'RFR', 'initial_strategy': 'constant', 'n_nearest_features': 16, 'imputation_order': 'descending'}. Best is trial 41 with value: 0.13731409495982108.
running
[I 2024-10-12 05:52:22,557] Trial 141 finished with value: 0.13775536242894587 and parameters: {'model_name': 'IterativeImputer', 'estimator': 'RFR', 'initial_strategy': 'constant', 'n_nearest_features': 16, 'imputation_order': 'descending'}. Best is trial 41 with value: 0.13731409495982108.
running
[I 2024-10-12 05:59:44,805] Trial 142 finished with value: 0.13890481229473667 and parameters: {'model_name': 'IterativeImputer', 'estimator': 'RFR', 'initial_strategy': 'constant', 'n_nearest_features': 16, 'imputation_order': 'descending'}. Best is trial 41 with value: 0.13731409495982108.
running
[I 2024-10-12 06:00:06,476] Trial 144 finished with value: 0.13938702172506895 and parameters: {'model_name': 'IterativeImputer', 'estimator': 'RFR', 'initial_strategy': 'constant', 'n_nearest_features': 16, 'imputation_order': 'descending'}. Best is trial 41 with value: 0.13731409495982108.
running
[I 2024-10-12 06:05:56,729] Trial 146 finished with value: 0.13898133872936555 and parameters: {'model_name': 'IterativeImputer', 'estimator': 'RFR', 'initial_strategy': 'constant', 'n_nearest_features': 16, 'imputation_order': 'random'}. Best is trial 41 with value: 0.13731409495982108.
running
[I 2024-10-12 06:05:59,918] Trial 162 finished with value: inf and parameters: {'model_name': 'GAIN', 'batch_size': 2, 'hint_rate': 0.16636349269367184, 'alpha': 2, 'iterations': 876, 'learning_rate': 0.0004227929313532681, 'p_miss': 0.20720282831196069}. Best is trial 41 with value: 0.13731409495982108.
running
[I 2024-10-12 06:09:54,295] Trial 147 finished with value: 0.13823294404201006 and parameters: {'model_name': 'IterativeImputer', 'estimator': 'RFR', 'initial_strategy': 'constant', 'n_nearest_features': 16, 'imputation_order': 'descending'}. Best is trial 41 with value: 0.13731409495982108.
running
[I 2024-10-12 06:12:30,427] Trial 148 finished with value: 0.13796795304679527 and parameters: {'model_name': 'IterativeImputer', 'estimator': 'RFR', 'initial_strategy': 'constant', 'n_nearest_features': 16, 'imputation_order': 'descending'}. Best is trial 41 with value: 0.13731409495982108.
running
[I 2024-10-12 06:12:55,695] Trial 165 finished with value: 0.16083596718769405 and parameters: {'model_name': 'IterativeImputer', 'estimator': 'KNN', 'initial_strategy': 'constant', 'n_nearest_features': 15, 'imputation_order': 'ascending'}. Best is trial 41 with value: 0.13731409495982108.
running
[I 2024-10-12 06:13:06,327] Trial 149 finished with value: 0.13822260234211753 and parameters: {'model_name': 'IterativeImputer', 'estimator': 'RFR', 'initial_strategy': 'constant', 'n_nearest_features': 15, 'imputation_order': 'descending'}. Best is trial 41 with value: 0.13731409495982108.
running
[I 2024-10-12 06:18:23,362] Trial 150 finished with value: 0.1386936537578766 and parameters: {'model_name': 'IterativeImputer', 'estimator': 'RFR', 'initial_strategy': 'constant', 'n_nearest_features': 16, 'imputation_order': 'descending'}. Best is trial 41 with value: 0.13731409495982108.
running
[I 2024-10-12 06:21:19,358] Trial 151 finished with value: 0.13858173885528882 and parameters: {'model_name': 'IterativeImputer', 'estimator': 'RFR', 'initial_strategy': 'constant', 'n_nearest_features': 16, 'imputation_order': 'descending'}. Best is trial 41 with value: 0.13731409495982108.
running
[I 2024-10-12 06:22:55,929] Trial 152 finished with value: 0.13817414844390163 and parameters: {'model_name': 'IterativeImputer', 'estimator': 'RFR', 'initial_strategy': 'constant', 'n_nearest_features': 15, 'imputation_order': 'random'}. Best is trial 41 with value: 0.13731409495982108.
running
[I 2024-10-12 06:36:11,974] Trial 153 finished with value: 0.13831446511837237 and parameters: {'model_name': 'IterativeImputer', 'estimator': 'RFR', 'initial_strategy': 'constant', 'n_nearest_features': 15, 'imputation_order': 'random'}. Best is trial 41 with value: 0.13731409495982108.
running
[I 2024-10-12 06:38:39,369] Trial 154 finished with value: 0.13750988073027304 and parameters: {'model_name': 'IterativeImputer', 'estimator': 'RFR', 'initial_strategy': 'constant', 'n_nearest_features': 15, 'imputation_order': 'random'}. Best is trial 41 with value: 0.13731409495982108.
running
[I 2024-10-12 06:45:01,376] Trial 155 finished with value: 0.1383377197725118 and parameters: {'model_name': 'IterativeImputer', 'estimator': 'RFR', 'initial_strategy': 'constant', 'n_nearest_features': 15, 'imputation_order': 'descending'}. Best is trial 41 with value: 0.13731409495982108.
running
[I 2024-10-12 06:45:01,561] Trial 173 finished with value: 0.5835935273224675 and parameters: {'model_name': 'SimpleImputer', 'strategy': 'constant'}. Best is trial 41 with value: 0.13731409495982108.
running
[I 2024-10-12 06:45:02,834] Trial 174 finished with value: 0.30277767444819803 and parameters: {'model_name': 'VAE', 'batch_size': 28, 'iterations': 19, 'learning_rate': 0.017889937768708897, 'p_miss': 0.18438000314453334}. Best is trial 41 with value: 0.13731409495982108.
running
[I 2024-10-12 06:45:29,305] Trial 156 finished with value: 0.13823990341604972 and parameters: {'model_name': 'IterativeImputer', 'estimator': 'RFR', 'initial_strategy': 'constant', 'n_nearest_features': 16, 'imputation_order': 'descending'}. Best is trial 41 with value: 0.13731409495982108.
running
[I 2024-10-12 06:46:11,043] Trial 157 finished with value: 0.13813365920444012 and parameters: {'model_name': 'IterativeImputer', 'estimator': 'RFR', 'initial_strategy': 'constant', 'n_nearest_features': 15, 'imputation_order': 'descending'}. Best is trial 41 with value: 0.13731409495982108.
running
[I 2024-10-12 06:51:06,435] Trial 158 finished with value: 0.13763767607407223 and parameters: {'model_name': 'IterativeImputer', 'estimator': 'RFR', 'initial_strategy': 'constant', 'n_nearest_features': 15, 'imputation_order': 'descending'}. Best is trial 41 with value: 0.13731409495982108.
running
[I 2024-10-12 06:51:44,724] Trial 159 finished with value: 0.13811471730374844 and parameters: {'model_name': 'IterativeImputer', 'estimator': 'RFR', 'initial_strategy': 'constant', 'n_nearest_features': 15, 'imputation_order': 'random'}. Best is trial 41 with value: 0.13731409495982108.
running
[I 2024-10-12 06:59:02,318] Trial 160 finished with value: 0.13963912276605134 and parameters: {'model_name': 'IterativeImputer', 'estimator': 'RFR', 'initial_strategy': 'constant', 'n_nearest_features': 15, 'imputation_order': 'ascending'}. Best is trial 41 with value: 0.13731409495982108.
running
[I 2024-10-12 06:59:20,658] Trial 180 finished with value: 0.19551149191226483 and parameters: {'model_name': 'IterativeImputer', 'estimator': 'Ridge', 'initial_strategy': 'constant', 'n_nearest_features': 15, 'imputation_order': 'ascending'}. Best is trial 41 with value: 0.13731409495982108.
running
[I 2024-10-12 06:59:50,564] Trial 161 finished with value: 0.137561079373653 and parameters: {'model_name': 'IterativeImputer', 'estimator': 'RFR', 'initial_strategy': 'constant', 'n_nearest_features': 15, 'imputation_order': 'random'}. Best is trial 41 with value: 0.13731409495982108.
running
[I 2024-10-12 07:05:48,684] Trial 163 finished with value: 0.1388919452698374 and parameters: {'model_name': 'IterativeImputer', 'estimator': 'RFR', 'initial_strategy': 'constant', 'n_nearest_features': 15, 'imputation_order': 'ascending'}. Best is trial 41 with value: 0.13731409495982108.
running
[I 2024-10-12 07:09:27,272] Trial 164 finished with value: 0.13824349140582756 and parameters: {'model_name': 'IterativeImputer', 'estimator': 'RFR', 'initial_strategy': 'constant', 'n_nearest_features': 15, 'imputation_order': 'ascending'}. Best is trial 41 with value: 0.13731409495982108.
running
[I 2024-10-12 07:09:28,987] Trial 184 finished with value: 0.27353630455648525 and parameters: {'model_name': 'IterativeImputer', 'estimator': 'Bayesian', 'initial_strategy': 'most_frequent', 'n_nearest_features': 1, 'imputation_order': 'random', 'sample_posterior': False}. Best is trial 41 with value: 0.13731409495982108.
running
[I 2024-10-12 07:12:45,302] Trial 167 finished with value: 0.13823369097075516 and parameters: {'model_name': 'IterativeImputer', 'estimator': 'RFR', 'initial_strategy': 'constant', 'n_nearest_features': 15, 'imputation_order': 'random'}. Best is trial 41 with value: 0.13731409495982108.
running
[I 2024-10-12 07:12:45,868] Trial 166 finished with value: 0.13913232033247858 and parameters: {'model_name': 'IterativeImputer', 'estimator': 'RFR', 'initial_strategy': 'constant', 'n_nearest_features': 15, 'imputation_order': 'random'}. Best is trial 41 with value: 0.13731409495982108.
running
[I 2024-10-12 07:13:42,964] Trial 183 finished with value: 0.25570750110883605 and parameters: {'model_name': 'IterativeImputer', 'estimator': 'RFR', 'initial_strategy': 'most_frequent', 'n_nearest_features': 2, 'imputation_order': 'random'}. Best is trial 41 with value: 0.13731409495982108.
running
[I 2024-10-12 07:18:02,913] Trial 168 finished with value: 0.1375003781219938 and parameters: {'model_name': 'IterativeImputer', 'estimator': 'RFR', 'initial_strategy': 'constant', 'n_nearest_features': 15, 'imputation_order': 'random'}. Best is trial 41 with value: 0.13731409495982108.
running
[I 2024-10-12 07:20:58,226] Trial 169 finished with value: 0.13836981888556021 and parameters: {'model_name': 'IterativeImputer', 'estimator': 'RFR', 'initial_strategy': 'most_frequent', 'n_nearest_features': 15, 'imputation_order': 'random'}. Best is trial 41 with value: 0.13731409495982108.
running
[I 2024-10-12 07:22:39,659] Trial 170 finished with value: 0.1382387590616327 and parameters: {'model_name': 'IterativeImputer', 'estimator': 'RFR', 'initial_strategy': 'most_frequent', 'n_nearest_features': 15, 'imputation_order': 'random'}. Best is trial 41 with value: 0.13731409495982108.
running
[I 2024-10-12 07:35:53,702] Trial 171 finished with value: 0.13878493606253678 and parameters: {'model_name': 'IterativeImputer', 'estimator': 'RFR', 'initial_strategy': 'most_frequent', 'n_nearest_features': 15, 'imputation_order': 'ascending'}. Best is trial 41 with value: 0.13731409495982108.
running
[I 2024-10-12 07:38:20,846] Trial 172 finished with value: 0.13790849481515055 and parameters: {'model_name': 'IterativeImputer', 'estimator': 'RFR', 'initial_strategy': 'most_frequent', 'n_nearest_features': 15, 'imputation_order': 'random'}. Best is trial 41 with value: 0.13731409495982108.
running
[I 2024-10-12 07:44:39,504] Trial 175 finished with value: 0.13753351655522458 and parameters: {'model_name': 'IterativeImputer', 'estimator': 'RFR', 'initial_strategy': 'most_frequent', 'n_nearest_features': 15, 'imputation_order': 'random'}. Best is trial 41 with value: 0.13731409495982108.
running
[I 2024-10-12 07:45:10,147] Trial 176 finished with value: 0.13854567267178158 and parameters: {'model_name': 'IterativeImputer', 'estimator': 'RFR', 'initial_strategy': 'most_frequent', 'n_nearest_features': 15, 'imputation_order': 'random'}. Best is trial 41 with value: 0.13731409495982108.
running
[I 2024-10-12 07:45:52,470] Trial 177 finished with value: 0.13876605219923227 and parameters: {'model_name': 'IterativeImputer', 'estimator': 'RFR', 'initial_strategy': 'most_frequent', 'n_nearest_features': 15, 'imputation_order': 'random'}. Best is trial 41 with value: 0.13731409495982108.
running
[I 2024-10-12 07:47:48,371] Trial 189 finished with value: 0.16041475935517918 and parameters: {'model_name': 'IterativeImputer', 'estimator': 'RFR', 'initial_strategy': 'median', 'n_nearest_features': 7, 'imputation_order': 'random'}. Best is trial 41 with value: 0.13731409495982108.
running
[I 2024-10-12 07:50:58,856] Trial 178 finished with value: 0.13854773872103018 and parameters: {'model_name': 'IterativeImputer', 'estimator': 'RFR', 'initial_strategy': 'most_frequent', 'n_nearest_features': 15, 'imputation_order': 'random'}. Best is trial 41 with value: 0.13731409495982108.
running
[I 2024-10-12 07:51:29,745] Trial 179 finished with value: 0.13827382063762542 and parameters: {'model_name': 'IterativeImputer', 'estimator': 'RFR', 'initial_strategy': 'most_frequent', 'n_nearest_features': 15, 'imputation_order': 'random'}. Best is trial 41 with value: 0.13731409495982108.
running
[I 2024-10-12 07:56:10,675] Trial 191 finished with value: 0.154305605497906 and parameters: {'model_name': 'IterativeImputer', 'estimator': 'RFR', 'initial_strategy': 'median', 'n_nearest_features': 8, 'imputation_order': 'random'}. Best is trial 41 with value: 0.13731409495982108.
[I 2024-10-12 07:58:49,006] Trial 181 finished with value: 0.13855918323957886 and parameters: {'model_name': 'IterativeImputer', 'estimator': 'RFR', 'initial_strategy': 'most_frequent', 'n_nearest_features': 15, 'imputation_order': 'random'}. Best is trial 41 with value: 0.13731409495982108.
[I 2024-10-12 07:59:20,847] Trial 182 finished with value: 0.13788777915230324 and parameters: {'model_name': 'IterativeImputer', 'estimator': 'RFR', 'initial_strategy': 'most_frequent', 'n_nearest_features': 15, 'imputation_order': 'random'}. Best is trial 41 with value: 0.13731409495982108.
[I 2024-10-12 08:08:49,646] Trial 185 finished with value: 0.1374842725639663 and parameters: {'model_name': 'IterativeImputer', 'estimator': 'RFR', 'initial_strategy': 'most_frequent', 'n_nearest_features': 15, 'imputation_order': 'random'}. Best is trial 41 with value: 0.13731409495982108.
[I 2024-10-12 08:12:00,859] Trial 187 finished with value: 0.13806693456745014 and parameters: {'model_name': 'IterativeImputer', 'estimator': 'RFR', 'initial_strategy': 'most_frequent', 'n_nearest_features': 16, 'imputation_order': 'random'}. Best is trial 41 with value: 0.13731409495982108.
[I 2024-10-12 08:12:06,233] Trial 186 finished with value: 0.13832713990899173 and parameters: {'model_name': 'IterativeImputer', 'estimator': 'RFR', 'initial_strategy': 'most_frequent', 'n_nearest_features': 15, 'imputation_order': 'random'}. Best is trial 41 with value: 0.13731409495982108.
[I 2024-10-12 08:13:05,081] Trial 188 finished with value: 0.13798351934679717 and parameters: {'model_name': 'IterativeImputer', 'estimator': 'RFR', 'initial_strategy': 'median', 'n_nearest_features': 16, 'imputation_order': 'random'}. Best is trial 41 with value: 0.13731409495982108.
[I 2024-10-12 08:20:09,672] Trial 190 finished with value: 0.13807511556780053 and parameters: {'model_name': 'IterativeImputer', 'estimator': 'RFR', 'initial_strategy': 'median', 'n_nearest_features': 16, 'imputation_order': 'random'}. Best is trial 41 with value: 0.13731409495982108.
[I 2024-10-12 08:34:53,013] Trial 192 finished with value: 0.13862405783417642 and parameters: {'model_name': 'IterativeImputer', 'estimator': 'RFR', 'initial_strategy': 'median', 'n_nearest_features': 16, 'imputation_order': 'random'}. Best is trial 41 with value: 0.13731409495982108.
[I 2024-10-12 08:37:05,046] Trial 193 finished with value: 0.13784650828311246 and parameters: {'model_name': 'IterativeImputer', 'estimator': 'RFR', 'initial_strategy': 'constant', 'n_nearest_features': 16, 'imputation_order': 'random'}. Best is trial 41 with value: 0.13731409495982108.
[I 2024-10-12 08:39:54,433] Trial 195 finished with value: 0.13920183343388373 and parameters: {'model_name': 'IterativeImputer', 'estimator': 'RFR', 'initial_strategy': 'most_frequent', 'n_nearest_features': 14, 'imputation_order': 'random'}. Best is trial 41 with value: 0.13731409495982108.
[I 2024-10-12 08:43:12,930] Trial 194 finished with value: 0.1376654277507881 and parameters: {'model_name': 'IterativeImputer', 'estimator': 'RFR', 'initial_strategy': 'most_frequent', 'n_nearest_features': 16, 'imputation_order': 'random'}. Best is trial 41 with value: 0.13731409495982108.
[I 2024-10-12 08:44:17,217] Trial 196 finished with value: 0.13748200462896903 and parameters: {'model_name': 'IterativeImputer', 'estimator': 'RFR', 'initial_strategy': 'most_frequent', 'n_nearest_features': 16, 'imputation_order': 'random'}. Best is trial 41 with value: 0.13731409495982108.
[I 2024-10-12 08:46:13,056] Trial 197 finished with value: 0.138192312714689 and parameters: {'model_name': 'IterativeImputer', 'estimator': 'RFR', 'initial_strategy': 'most_frequent', 'n_nearest_features': 16, 'imputation_order': 'random'}. Best is trial 41 with value: 0.13731409495982108.
[I 2024-10-12 08:49:09,054] Trial 198 finished with value: 0.13837746290910874 and parameters: {'model_name': 'IterativeImputer', 'estimator': 'RFR', 'initial_strategy': 'constant', 'n_nearest_features': 16, 'imputation_order': 'random'}. Best is trial 41 with value: 0.13731409495982108.
[I 2024-10-12 08:49:46,947] Trial 199 finished with value: 0.1373289400844846 and parameters: {'model_name': 'IterativeImputer', 'estimator': 'RFR', 'initial_strategy': 'constant', 'n_nearest_features': 16, 'imputation_order': 'random'}. Best is trial 41 with value: 0.13731409495982108.
fit
auto fit
auto transform
0     0
1     0
2     0
3     0
4     0
5     0
6     0
7     0
8     0
9     0
10    0
11    0
12    0
13    0
14    0
15    0
dtype: int64
0     0
1     0
2     0
3     0
4     0
5     0
6     0
7     0
8     0
9     0
10    0
11    0
12    0
13    0
14    0
15    0
dtype: int64
0.13731409495982108
{'model_name': 'IterativeImputer', 'estimator': 'RFR', 'initial_strategy': 'most_frequent', 'n_nearest_features': 16, 'imputation_order': 'ascending'}
running experiment 2/3 - Does reconstruction give good automl predictions
Start est fit
Version 0.1.7a0 of tpot2 is outdated. Version 0.1.8a0 was released Tuesday September 17, 2024.
Version 0.1.7a0 of tpot2 is outdated. Version 0.1.8a0 was released Tuesday September 17, 2024.
Version 0.1.7a0 of tpot2 is outdated. Version 0.1.8a0 was released Tuesday September 17, 2024.
Version 0.1.7a0 of tpot2 is outdated. Version 0.1.8a0 was released Tuesday September 17, 2024.
Version 0.1.7a0 of tpot2 is outdated. Version 0.1.8a0 was released Tuesday September 17, 2024.
Version 0.1.7a0 of tpot2 is outdated. Version 0.1.8a0 was released Tuesday September 17, 2024.
Version 0.1.7a0 of tpot2 is outdated. Version 0.1.8a0 was released Tuesday September 17, 2024.
Version 0.1.7a0 of tpot2 is outdated. Version 0.1.8a0 was released Tuesday September 17, 2024.
Version 0.1.7a0 of tpot2 is outdated. Version 0.1.8a0 was released Tuesday September 17, 2024.
Version 0.1.7a0 of tpot2 is outdated. Version 0.1.8a0 was released Tuesday September 17, 2024.
Version 0.1.7a0 of tpot2 is outdated. Version 0.1.8a0 was released Tuesday September 17, 2024.
Version 0.1.7a0 of tpot2 is outdated. Version 0.1.8a0 was released Tuesday September 17, 2024.
Version 0.1.7a0 of tpot2 is outdated. Version 0.1.8a0 was released Tuesday September 17, 2024.
Version 0.1.7a0 of tpot2 is outdated. Version 0.1.8a0 was released Tuesday September 17, 2024.
Version 0.1.7a0 of tpot2 is outdated. Version 0.1.8a0 was released Tuesday September 17, 2024.
Version 0.1.7a0 of tpot2 is outdated. Version 0.1.8a0 was released Tuesday September 17, 2024.
  0%|          | 0/25 [00:00<?, ?it/s]Generation:   0%|          | 0/25 [00:00<?, ?it/s]Generation:  1
Best f1_score score: 0.9861845807072521
Generation:   4%|         | 1/25 [00:27<10:59, 27.47s/it]Generation:  2
Best f1_score score: 0.9861845807072521
Generation:   8%|         | 2/25 [01:00<11:46, 30.73s/it]Generation:  3
Best f1_score score: 0.9894705753607342
Generation:  12%|        | 3/25 [03:14<28:36, 78.04s/it]Generation:  4
Best f1_score score: 0.9894705753607342
Generation:  16%|        | 4/25 [03:55<22:11, 63.38s/it]WARNING THIS INDIVIDUAL CAUSED AND EXCEPTION 
 <tpot2.search_spaces.pipelines.sequential.SequentialPipelineIndividual object at 0x15546fb0f580> 
 Argument 'metric' has incorrect type (expected str, got numpy.str_) 
 Traceback (most recent call last):
  File "/common/ketrong/tpotexp/tpot2/tpot2/utils/eval_utils.py", line 53, in objective_nan_wrapper
    value = func_timeout.func_timeout(timeout, objective_function, args=[individual], kwargs=objective_kwargs)
  File "/common/ketrong/tpotexp/env/lib/python3.10/site-packages/func_timeout/dafunc.py", line 108, in func_timeout
    raise_exception(exception)
  File "/common/ketrong/tpotexp/env/lib/python3.10/site-packages/func_timeout/py3_raise.py", line 7, in raise_exception
    raise exception[0] from None
  File "/common/ketrong/tpotexp/tpot2/tpot2/tpot_estimator/estimator.py", line 623, in objective_function
    return objective_function_generator(
  File "/common/ketrong/tpotexp/tpot2/tpot2/tpot_estimator/estimator_utils.py", line 55, in objective_function_generator
    cv_obj_scores = cross_val_score_objective(sklearn.base.clone(pipeline),x,y,scorers=scorers, cv=cv , fold=step)
  File "/common/ketrong/tpotexp/tpot2/tpot2/tpot_estimator/cross_val_utils.py", line 31, in cross_val_score_objective
    this_fold_scores = [sklearn.metrics.get_scorer(scorer)(this_fold_pipeline, X_test, y_test) for scorer in scorers]
  File "/common/ketrong/tpotexp/tpot2/tpot2/tpot_estimator/cross_val_utils.py", line 31, in <listcomp>
    this_fold_scores = [sklearn.metrics.get_scorer(scorer)(this_fold_pipeline, X_test, y_test) for scorer in scorers]
  File "/common/ketrong/tpotexp/env/lib/python3.10/site-packages/sklearn/metrics/_scorer.py", line 279, in __call__
    return self._score(partial(_cached_call, None), estimator, X, y_true, **_kwargs)
  File "/common/ketrong/tpotexp/env/lib/python3.10/site-packages/sklearn/metrics/_scorer.py", line 371, in _score
    y_pred = method_caller(
  File "/common/ketrong/tpotexp/env/lib/python3.10/site-packages/sklearn/metrics/_scorer.py", line 89, in _cached_call
    result, _ = _get_response_values(
  File "/common/ketrong/tpotexp/env/lib/python3.10/site-packages/sklearn/utils/_response.py", line 211, in _get_response_values
    y_pred = prediction_method(X)
  File "/common/ketrong/tpotexp/env/lib/python3.10/site-packages/sklearn/pipeline.py", line 601, in predict
    return self.steps[-1][1].predict(Xt, **params)
  File "/common/ketrong/tpotexp/env/lib/python3.10/site-packages/sklearn/neighbors/_classification.py", line 259, in predict
    probabilities = self.predict_proba(X)
  File "/common/ketrong/tpotexp/env/lib/python3.10/site-packages/sklearn/neighbors/_classification.py", line 343, in predict_proba
    probabilities = ArgKminClassMode.compute(
  File "/common/ketrong/tpotexp/env/lib/python3.10/site-packages/sklearn/metrics/_pairwise_distances_reduction/_dispatcher.py", line 584, in compute
    return ArgKminClassMode64.compute(
TypeError: Argument 'metric' has incorrect type (expected str, got numpy.str_)

Generation:  5
Best f1_score score: 0.9894705753607342
Generation:  20%|        | 5/25 [06:04<29:01, 87.07s/it]Generation:  6
Best f1_score score: 0.9894705753607342
Generation:  24%|       | 6/25 [08:10<31:43, 100.19s/it]Generation:  7
Best f1_score score: 0.9894705753607342
Generation:  28%|       | 7/25 [12:36<46:18, 154.37s/it]Generation:  8
Best f1_score score: 0.9894705753607342
Generation:  32%|      | 8/25 [19:45<1:08:31, 241.86s/it]Generation:  9
Best f1_score score: 0.9894705753607342
Generation:  36%|      | 9/25 [22:37<58:40, 220.04s/it]  Generation:  10
Best f1_score score: 0.9894705753607342
Generation:  40%|      | 10/25 [28:51<1:06:52, 267.48s/it]Generation:  11
Best f1_score score: 0.9894705753607342
Generation:  44%|     | 11/25 [31:16<53:38, 229.92s/it]  Generation:  12
Best f1_score score: 0.9894705753607342
Generation:  48%|     | 12/25 [36:34<55:39, 256.91s/it]Generation:  13
Best f1_score score: 0.9894705753607342
Generation:  52%|    | 13/25 [43:27<1:00:47, 303.98s/it]Generation:  14
Best f1_score score: 0.9894705753607342
Generation:  56%|    | 14/25 [45:58<47:17, 257.96s/it]  Generation:  15
Best f1_score score: 0.9898992999153633
Generation:  60%|    | 15/25 [52:32<49:48, 298.88s/it]Generation:  16
Best f1_score score: 0.9898992999153633
Generation:  64%|   | 16/25 [55:03<38:09, 254.39s/it]Generation:  17
Best f1_score score: 0.9898992999153633
Generation:  68%|   | 17/25 [1:02:08<40:45, 305.70s/it]Generation:  18
Best f1_score score: 0.990012331629688
Generation:  72%|  | 18/25 [1:03:57<28:46, 246.66s/it]Generation:  19
Best f1_score score: 0.990012331629688
Generation:  76%|  | 19/25 [1:07:43<24:02, 240.48s/it]Generation:  20
Best f1_score score: 0.990012331629688
Generation:  80%|  | 20/25 [1:12:47<21:37, 259.60s/it]Generation:  21
Best f1_score score: 0.990012331629688
Generation:  84%| | 21/25 [1:17:25<17:39, 264.86s/it]Generation:  22
Best f1_score score: 0.990012331629688
Generation:  88%| | 22/25 [1:24:23<15:32, 310.87s/it]Generation:  23
Best f1_score score: 0.990012331629688
Generation:  92%|| 23/25 [1:30:02<10:38, 319.49s/it]WARNING THIS INDIVIDUAL CAUSED AND EXCEPTION 
 <tpot2.search_spaces.pipelines.sequential.SequentialPipelineIndividual object at 0x155474363ca0> 
 The 'min_samples_split' parameter of DecisionTreeClassifier must be an int in the range [2, inf) or a float in the range (0.0, 1.0]. Got 1 instead. 
 Traceback (most recent call last):
  File "/common/ketrong/tpotexp/tpot2/tpot2/utils/eval_utils.py", line 53, in objective_nan_wrapper
    value = func_timeout.func_timeout(timeout, objective_function, args=[individual], kwargs=objective_kwargs)
  File "/common/ketrong/tpotexp/env/lib/python3.10/site-packages/func_timeout/dafunc.py", line 108, in func_timeout
    raise_exception(exception)
  File "/common/ketrong/tpotexp/env/lib/python3.10/site-packages/func_timeout/py3_raise.py", line 7, in raise_exception
    raise exception[0] from None
  File "/common/ketrong/tpotexp/tpot2/tpot2/tpot_estimator/estimator.py", line 623, in objective_function
    return objective_function_generator(
  File "/common/ketrong/tpotexp/tpot2/tpot2/tpot_estimator/estimator_utils.py", line 55, in objective_function_generator
    cv_obj_scores = cross_val_score_objective(sklearn.base.clone(pipeline),x,y,scorers=scorers, cv=cv , fold=step)
  File "/common/ketrong/tpotexp/tpot2/tpot2/tpot_estimator/cross_val_utils.py", line 28, in cross_val_score_objective
    this_fold_pipeline.fit(X_train,y_train)
  File "/common/ketrong/tpotexp/env/lib/python3.10/site-packages/sklearn/base.py", line 1473, in wrapper
    return fit_method(estimator, *args, **kwargs)
  File "/common/ketrong/tpotexp/env/lib/python3.10/site-packages/sklearn/pipeline.py", line 473, in fit
    self._final_estimator.fit(Xt, y, **last_step_params["fit"])
  File "/common/ketrong/tpotexp/env/lib/python3.10/site-packages/sklearn/base.py", line 1466, in wrapper
    estimator._validate_params()
  File "/common/ketrong/tpotexp/env/lib/python3.10/site-packages/sklearn/base.py", line 666, in _validate_params
    validate_parameter_constraints(
  File "/common/ketrong/tpotexp/env/lib/python3.10/site-packages/sklearn/utils/_param_validation.py", line 95, in validate_parameter_constraints
    raise InvalidParameterError(
sklearn.utils._param_validation.InvalidParameterError: The 'min_samples_split' parameter of DecisionTreeClassifier must be an int in the range [2, inf) or a float in the range (0.0, 1.0]. Got 1 instead.

Generation:  24
Best f1_score score: 0.9911284354051612
Generation:  96%|| 24/25 [1:36:14<05:35, 335.01s/it]Generation:  25
Best f1_score score: 0.9911284354051612
Generation: 100%|| 25/25 [1:37:51<00:00, 263.85s/it]Generation: 100%|| 25/25 [1:37:54<00:00, 234.98s/it]
2024-10-12 10:41:23,557 - distributed.scheduler - ERROR - Removing worker 'tcp://127.0.0.1:45271' caused the cluster to lose scattered data, which can't be recovered: {'ndarray-4a06c1d57d936f90e6fc22868c622b62', 'ndarray-43b3f1f1519cef9204d9df3fe7f7335b'} (stimulus_id='handle-worker-cleanup-1728754883.557276')
Fitted
Pipeline(steps=[('svc',
                 SVC(C=102.3887678555281, gamma=0.4946975991163, max_iter=3000,
                     probability=True))])
score start
train score: {'auroc': 0.999997494614248, 'accuracy': 0.9992039122028886, 'balanced_accuracy': 0.9992070532186013, 'logloss': 0.011827864684592487, 'f1': 0.9992162145473162}
original test score: {'auroc': 0.9999802078475953, 'accuracy': 0.9936334697589814, 'balanced_accuracy': 0.993657202517044, 'logloss': 0.024483607244994997, 'f1': 0.9936401431200398}
imputed test score: {'auroc': 0.9999244492534333, 'accuracy': 0.9899954524783993, 'balanced_accuracy': 0.9900128277605373, 'logloss': 0.03509798788160223, 'f1': 0.9900176436783708}
score end
check intended
EXP2 Finished
running experiment 3/3 - What is the best automl settings?
<tpot2.search_spaces.pipelines.sequential.SequentialPipeline object at 0x155434ce8550>
Start tpot fit
Version 0.1.7a0 of tpot2 is outdated. Version 0.1.8a0 was released Tuesday September 17, 2024.
Version 0.1.7a0 of tpot2 is outdated. Version 0.1.8a0 was released Tuesday September 17, 2024.
Version 0.1.7a0 of tpot2 is outdated. Version 0.1.8a0 was released Tuesday September 17, 2024.
Version 0.1.7a0 of tpot2 is outdated. Version 0.1.8a0 was released Tuesday September 17, 2024.
Version 0.1.7a0 of tpot2 is outdated. Version 0.1.8a0 was released Tuesday September 17, 2024.
Version 0.1.7a0 of tpot2 is outdated. Version 0.1.8a0 was released Tuesday September 17, 2024.
Version 0.1.7a0 of tpot2 is outdated. Version 0.1.8a0 was released Tuesday September 17, 2024.
Version 0.1.7a0 of tpot2 is outdated. Version 0.1.8a0 was released Tuesday September 17, 2024.
Version 0.1.7a0 of tpot2 is outdated. Version 0.1.8a0 was released Tuesday September 17, 2024.
Version 0.1.7a0 of tpot2 is outdated. Version 0.1.8a0 was released Tuesday September 17, 2024.
Version 0.1.7a0 of tpot2 is outdated. Version 0.1.8a0 was released Tuesday September 17, 2024.
Version 0.1.7a0 of tpot2 is outdated. Version 0.1.8a0 was released Tuesday September 17, 2024.
Version 0.1.7a0 of tpot2 is outdated. Version 0.1.8a0 was released Tuesday September 17, 2024.
Version 0.1.7a0 of tpot2 is outdated. Version 0.1.8a0 was released Tuesday September 17, 2024.
Version 0.1.7a0 of tpot2 is outdated. Version 0.1.8a0 was released Tuesday September 17, 2024.
Version 0.1.7a0 of tpot2 is outdated. Version 0.1.8a0 was released Tuesday September 17, 2024.
  0%|          | 0/25 [00:00<?, ?it/s]Generation:   0%|          | 0/25 [00:00<?, ?it/s]WARNING AN INDIVIDUAL TIMED OUT: 
 <tpot2.search_spaces.pipelines.sequential.SequentialPipelineIndividual object at 0x15547432d150> 

Generation:  1
Best f1_score score: 0.9853298166408088
Generation:   4%|         | 1/25 [10:04<4:01:39, 604.14s/it]WARNING AN INDIVIDUAL TIMED OUT: 
 <tpot2.search_spaces.pipelines.sequential.SequentialPipelineIndividual object at 0x15546fb0eec0> 

Generation:  2
Best f1_score score: 0.9853298166408088
Generation:   8%|         | 2/25 [20:07<3:51:24, 603.67s/it]WARNING AN INDIVIDUAL TIMED OUT: 
 <tpot2.search_spaces.pipelines.sequential.SequentialPipelineIndividual object at 0x15547438f970> 

WARNING AN INDIVIDUAL TIMED OUT: 
 <tpot2.search_spaces.pipelines.sequential.SequentialPipelineIndividual object at 0x15546fb31480> 

WARNING AN INDIVIDUAL TIMED OUT: 
 <tpot2.search_spaces.pipelines.sequential.SequentialPipelineIndividual object at 0x15546f1b4640> 

Generation:  3
Best f1_score score: 0.9885315010100643
Generation:  12%|        | 3/25 [30:12<3:41:31, 604.16s/it]Generation:  4
Best f1_score score: 0.9885315010100643
Generation:  16%|        | 4/25 [32:05<2:23:34, 410.21s/it]Generation:  5
Best f1_score score: 0.9892290421077791
Generation:  20%|        | 5/25 [32:56<1:33:32, 280.64s/it]WARNING AN INDIVIDUAL TIMED OUT: 
 <tpot2.search_spaces.pipelines.sequential.SequentialPipelineIndividual object at 0x15546fa13dc0> 

Generation:  6
Best f1_score score: 0.9893285715668195
Generation:  24%|       | 6/25 [43:00<2:03:43, 390.72s/it]WARNING AN INDIVIDUAL TIMED OUT: 
 <tpot2.search_spaces.pipelines.sequential.SequentialPipelineIndividual object at 0x155474337040> 

Generation:  7
Best f1_score score: 0.9893285715668195
Generation:  28%|       | 7/25 [53:06<2:18:18, 461.05s/it]Generation:  8
Best f1_score score: 0.9893285715668195
Generation:  32%|      | 8/25 [59:31<2:03:48, 436.98s/it]Generation:  9
Best f1_score score: 0.990320017098432
Generation:  36%|      | 9/25 [1:00:09<1:23:13, 312.11s/it]Generation:  10
Best f1_score score: 0.9904457883230474
Generation:  40%|      | 10/25 [1:00:46<56:49, 227.31s/it] Generation:  11
Best f1_score score: 0.9904457883230474
Generation:  44%|     | 11/25 [1:04:10<51:23, 220.23s/it]WARNING AN INDIVIDUAL TIMED OUT: 
 <tpot2.search_spaces.pipelines.sequential.SequentialPipelineIndividual object at 0x15546cacb130> 

WARNING AN INDIVIDUAL TIMED OUT: 
 <tpot2.search_spaces.pipelines.sequential.SequentialPipelineIndividual object at 0x1554591e6b30> 

Generation:  12
Best f1_score score: 0.9907823959120776
Generation:  48%|     | 12/25 [1:14:16<1:13:05, 337.36s/it]WARNING AN INDIVIDUAL TIMED OUT: 
 <tpot2.search_spaces.pipelines.sequential.SequentialPipelineIndividual object at 0x15546fa85300> 

Generation:  13
Best f1_score score: 0.9907823959120776
Generation:  52%|    | 13/25 [1:24:22<1:23:47, 418.99s/it]Generation:  14
Best f1_score score: 0.9909086615541739
Generation:  56%|    | 14/25 [1:26:15<59:51, 326.51s/it]  Generation:  15
Best f1_score score: 0.9909086615541739
Generation:  60%|    | 15/25 [1:27:07<40:37, 243.80s/it]WARNING AN INDIVIDUAL TIMED OUT: 
 <tpot2.search_spaces.pipelines.sequential.SequentialPipelineIndividual object at 0x15546d11b5b0> 

WARNING AN INDIVIDUAL TIMED OUT: 
 <tpot2.search_spaces.pipelines.sequential.SequentialPipelineIndividual object at 0x15546f8fbd30> 

Generation:  16
Best f1_score score: 0.9912567838200801
Generation:  64%|   | 16/25 [1:37:13<52:53, 352.61s/it]WARNING AN INDIVIDUAL TIMED OUT: 
 <tpot2.search_spaces.pipelines.sequential.SequentialPipelineIndividual object at 0x15546f3f81f0> 

WARNING AN INDIVIDUAL TIMED OUT: 
 <tpot2.search_spaces.pipelines.sequential.SequentialPipelineIndividual object at 0x15546d287ac0> 

Generation:  17
Best f1_score score: 0.9912567838200801
Generation:  68%|   | 17/25 [1:47:20<57:14, 429.27s/it]WARNING AN INDIVIDUAL TIMED OUT: 
 <tpot2.search_spaces.pipelines.sequential.SequentialPipelineIndividual object at 0x155486026fb0> 

Generation:  18
Best f1_score score: 0.9912567838200801
Generation:  72%|  | 18/25 [1:57:28<56:20, 482.91s/it]WARNING AN INDIVIDUAL TIMED OUT: 
 <tpot2.search_spaces.pipelines.sequential.SequentialPipelineIndividual object at 0x15546fb3ef20> 

WARNING AN INDIVIDUAL TIMED OUT: 
 <tpot2.search_spaces.pipelines.sequential.SequentialPipelineIndividual object at 0x155459185360> 

Generation:  19
Best f1_score score: 0.9912567838200801
Generation:  76%|  | 19/25 [2:07:33<51:57, 519.65s/it]WARNING AN INDIVIDUAL TIMED OUT: 
 <tpot2.search_spaces.pipelines.sequential.SequentialPipelineIndividual object at 0x15546d01ef50> 

Generation:  20
Best f1_score score: 0.9916993905480476
Generation:  80%|  | 20/25 [2:17:41<45:30, 546.01s/it]WARNING AN INDIVIDUAL TIMED OUT: 
 <tpot2.search_spaces.pipelines.sequential.SequentialPipelineIndividual object at 0x15546e8d9f90> 

WARNING AN INDIVIDUAL TIMED OUT: 
 <tpot2.search_spaces.pipelines.sequential.SequentialPipelineIndividual object at 0x1552fd745510> 

Generation:  21
Best f1_score score: 0.9916993905480476
Generation:  84%| | 21/25 [2:27:48<37:37, 564.48s/it]Generation:  22
Best f1_score score: 0.9916993905480476
Generation:  88%| | 22/25 [2:29:06<20:54, 418.30s/it]WARNING AN INDIVIDUAL TIMED OUT: 
 <tpot2.search_spaces.pipelines.sequential.SequentialPipelineIndividual object at 0x15545ac9be20> 

WARNING AN INDIVIDUAL TIMED OUT: 
 <tpot2.search_spaces.pipelines.sequential.SequentialPipelineIndividual object at 0x1552823ea920> 

WARNING AN INDIVIDUAL TIMED OUT: 
 <tpot2.search_spaces.pipelines.sequential.SequentialPipelineIndividual object at 0x155322cf1240> 

Generation:  23
Best f1_score score: 0.9916993905480476
Generation:  92%|| 23/25 [2:39:13<15:50, 475.13s/it]WARNING AN INDIVIDUAL TIMED OUT: 
 <tpot2.search_spaces.pipelines.sequential.SequentialPipelineIndividual object at 0x15545b427040> 

WARNING AN INDIVIDUAL TIMED OUT: 
 <tpot2.search_spaces.pipelines.sequential.SequentialPipelineIndividual object at 0x15546d285a50> 

Generation:  24
Best f1_score score: 0.9916993905480476
Generation:  96%|| 24/25 [2:49:19<08:34, 514.30s/it]Generation:  25
Best f1_score score: 0.9916993905480476
Generation: 100%|| 25/25 [2:50:06<00:00, 374.04s/it]Generation: 100%|| 25/25 [2:50:06<00:00, 408.25s/it]
2024-10-12 13:31:48,448 - distributed.scheduler - ERROR - Removing worker 'tcp://127.0.0.1:33035' caused the cluster to lose scattered data, which can't be recovered: {'DataFrame-0ec2946528479e188f8a8b3d34f45cac', 'ndarray-43b3f1f1519cef9204d9df3fe7f7335b'} (stimulus_id='handle-worker-cleanup-1728765108.4485266')
Fitted
Pipeline(steps=[('iterativeimputer',
                 IterativeImputer(estimator=KNeighborsRegressor(),
                                  imputation_order='arabic',
                                  n_nearest_features=64)),
                ('histgradientboostingclassifier',
                 HistGradientBoostingClassifier(early_stopping=False,
                                                l2_regularization=6.6913e-09,
                                                learning_rate=0.2527560362011,
                                                max_features=0.1052680585885,
                                                max_leaf_nodes=201,
                                                min_samples_leaf=73, tol=0.0001,
                                                validation_fraction=None))])
transform worked
try transform
transform worked
score start
train score: {'auroc': 1.0, 'accuracy': 1.0, 'balanced_accuracy': 1.0, 'logloss': 2.1909969038946427e-06, 'f1': 1.0}
test score: {'auroc': 0.9998444915760307, 'accuracy': 0.9890859481582538, 'balanced_accuracy': 0.9893257274480307, 'logloss': 0.0492140133819728, 'f1': 0.9892827395445256}
original test score: {'auroc': 0.9999548665767215, 'accuracy': 0.9913597089586176, 'balanced_accuracy': 0.991509133561568, 'logloss': 0.027209808578283468, 'f1': 0.9914914543122372}
score end
32
lvl
0.1
type
MCAR
num_run
1
class_full
finished
all finished
full run takes
14.409884409970708
hours
DONE
