Run: 37
/cm/local/apps/slurm/var/spool/job922486/slurm_script: line 26: 
pip install -e tpot2
pip install -r tpot2/ImputerExperiments/requirements_.txt
: No such file or directory
RunStart
starting loops
../data/c/30/30.pkl
working on 
../data/c/30/class_simple_MCAR_0.01_2
0.9849014282226562
running experiment 1/3 - Does large hyperparameter space improve reconstruction accuracy over simple
[I 2024-08-13 22:14:31,074] A new study created in memory with name: no-name-ad2f0c7b-2bbc-4f10-a47e-13b51b796525
running
running
running
running
running
running
running
running
running
running
running
running
running
running
running
running
[I 2024-08-13 22:14:31,525] Trial 0 finished with value: 0.07040928825171618 and parameters: {'model_name': 'SimpleImputer', 'strategy': 'mean'}. Best is trial 0 with value: 0.07040928825171618.
running
[I 2024-08-13 22:14:31,752] Trial 9 finished with value: 0.07040928825171618 and parameters: {'model_name': 'SimpleImputer', 'strategy': 'mean'}. Best is trial 0 with value: 0.07040928825171618.
running
[I 2024-08-13 22:14:31,949] Trial 2 finished with value: 0.32859327410532074 and parameters: {'model_name': 'SimpleImputer', 'strategy': 'constant'}. Best is trial 0 with value: 0.07040928825171618.
[I 2024-08-13 22:14:32,063] Trial 7 finished with value: 0.32859327410532074 and parameters: {'model_name': 'SimpleImputer', 'strategy': 'constant'}. Best is trial 0 with value: 0.07040928825171618.
running
running
[I 2024-08-13 22:14:32,190] Trial 10 finished with value: 0.07040928825171618 and parameters: {'model_name': 'SimpleImputer', 'strategy': 'mean'}. Best is trial 0 with value: 0.07040928825171618.
[I 2024-08-13 22:14:32,280] Trial 6 finished with value: 0.07040928825171618 and parameters: {'model_name': 'SimpleImputer', 'strategy': 'mean'}. Best is trial 0 with value: 0.07040928825171618.
running
running
[I 2024-08-13 22:14:32,655] Trial 11 finished with value: 0.07040928825171618 and parameters: {'model_name': 'SimpleImputer', 'strategy': 'mean'}. Best is trial 0 with value: 0.07040928825171618.
[I 2024-08-13 22:14:32,760] Trial 14 finished with value: 0.32859327410532074 and parameters: {'model_name': 'SimpleImputer', 'strategy': 'constant'}. Best is trial 0 with value: 0.07040928825171618.
running
running
[I 2024-08-13 22:14:32,874] Trial 16 finished with value: 0.32859327410532074 and parameters: {'model_name': 'SimpleImputer', 'strategy': 'constant'}. Best is trial 0 with value: 0.07040928825171618.
running
[I 2024-08-13 22:14:33,089] Trial 20 finished with value: 0.32859327410532074 and parameters: {'model_name': 'SimpleImputer', 'strategy': 'constant'}. Best is trial 0 with value: 0.07040928825171618.
running
[I 2024-08-13 22:14:33,310] Trial 15 finished with value: 0.07098459245572984 and parameters: {'model_name': 'SimpleImputer', 'strategy': 'median'}. Best is trial 0 with value: 0.07040928825171618.
running
[I 2024-08-13 22:14:33,434] Trial 23 finished with value: 0.32859327410532074 and parameters: {'model_name': 'SimpleImputer', 'strategy': 'constant'}. Best is trial 0 with value: 0.07040928825171618.
[I 2024-08-13 22:14:33,582] Trial 1 finished with value: 0.07098459245572984 and parameters: {'model_name': 'SimpleImputer', 'strategy': 'median'}. Best is trial 0 with value: 0.07040928825171618.
running
running
[I 2024-08-13 22:14:34,056] Trial 12 finished with value: 0.07098459245572984 and parameters: {'model_name': 'SimpleImputer', 'strategy': 'median'}. Best is trial 0 with value: 0.07040928825171618.
running
[I 2024-08-13 22:14:34,232] Trial 3 finished with value: 0.07098459245572984 and parameters: {'model_name': 'SimpleImputer', 'strategy': 'median'}. Best is trial 0 with value: 0.07040928825171618.
[I 2024-08-13 22:14:34,345] Trial 19 finished with value: 0.07040928825171618 and parameters: {'model_name': 'SimpleImputer', 'strategy': 'mean'}. Best is trial 0 with value: 0.07040928825171618.
[I 2024-08-13 22:14:34,432] Trial 17 finished with value: 0.07098459245572984 and parameters: {'model_name': 'SimpleImputer', 'strategy': 'median'}. Best is trial 0 with value: 0.07040928825171618.
[I 2024-08-13 22:14:34,529] Trial 22 finished with value: 0.32859327410532074 and parameters: {'model_name': 'SimpleImputer', 'strategy': 'constant'}. Best is trial 0 with value: 0.07040928825171618.
running
running
running
running
[I 2024-08-13 22:14:34,766] Trial 4 finished with value: 0.07098459245572984 and parameters: {'model_name': 'SimpleImputer', 'strategy': 'median'}. Best is trial 0 with value: 0.07040928825171618.
[I 2024-08-13 22:14:34,874] Trial 8 finished with value: 0.07098459245572984 and parameters: {'model_name': 'SimpleImputer', 'strategy': 'median'}. Best is trial 0 with value: 0.07040928825171618.
running
[I 2024-08-13 22:14:35,031] Trial 21 finished with value: 0.07098459245572984 and parameters: {'model_name': 'SimpleImputer', 'strategy': 'median'}. Best is trial 0 with value: 0.07040928825171618.
running
running
[I 2024-08-13 22:14:35,234] Trial 5 finished with value: 0.32859327410532074 and parameters: {'model_name': 'SimpleImputer', 'strategy': 'most_frequent'}. Best is trial 0 with value: 0.07040928825171618.
[I 2024-08-13 22:14:35,448] Trial 13 finished with value: 0.32859327410532074 and parameters: {'model_name': 'SimpleImputer', 'strategy': 'most_frequent'}. Best is trial 0 with value: 0.07040928825171618.
running
running
[I 2024-08-13 22:14:35,629] Trial 25 finished with value: 0.07098459245572984 and parameters: {'model_name': 'SimpleImputer', 'strategy': 'median'}. Best is trial 0 with value: 0.07040928825171618.
running
[I 2024-08-13 22:14:35,930] Trial 18 finished with value: 0.32859327410532074 and parameters: {'model_name': 'SimpleImputer', 'strategy': 'most_frequent'}. Best is trial 0 with value: 0.07040928825171618.
running
[I 2024-08-13 22:14:36,630] Trial 37 finished with value: 0.07040928825171618 and parameters: {'model_name': 'SimpleImputer', 'strategy': 'mean'}. Best is trial 0 with value: 0.07040928825171618.
running
[I 2024-08-13 22:14:36,898] Trial 39 finished with value: 0.07040928825171618 and parameters: {'model_name': 'SimpleImputer', 'strategy': 'mean'}. Best is trial 0 with value: 0.07040928825171618.
running
[I 2024-08-13 22:14:37,109] Trial 40 finished with value: 0.07040928825171618 and parameters: {'model_name': 'SimpleImputer', 'strategy': 'mean'}. Best is trial 0 with value: 0.07040928825171618.
running
[I 2024-08-13 22:14:37,286] Trial 38 finished with value: 0.07040928825171618 and parameters: {'model_name': 'SimpleImputer', 'strategy': 'mean'}. Best is trial 0 with value: 0.07040928825171618.
running
[I 2024-08-13 22:14:37,416] Trial 24 finished with value: 0.07098459245572984 and parameters: {'model_name': 'SimpleImputer', 'strategy': 'median'}. Best is trial 0 with value: 0.07040928825171618.
running
[I 2024-08-13 22:14:37,678] Trial 28 finished with value: 0.32859327410532074 and parameters: {'model_name': 'SimpleImputer', 'strategy': 'most_frequent'}. Best is trial 0 with value: 0.07040928825171618.
running
[I 2024-08-13 22:14:37,909] Trial 26 finished with value: 0.32859327410532074 and parameters: {'model_name': 'SimpleImputer', 'strategy': 'most_frequent'}. Best is trial 0 with value: 0.07040928825171618.
running
[I 2024-08-13 22:14:38,333] Trial 41 finished with value: 0.07040928825171618 and parameters: {'model_name': 'SimpleImputer', 'strategy': 'mean'}. Best is trial 0 with value: 0.07040928825171618.
[I 2024-08-13 22:14:38,437] Trial 29 finished with value: 0.32859327410532074 and parameters: {'model_name': 'SimpleImputer', 'strategy': 'most_frequent'}. Best is trial 0 with value: 0.07040928825171618.
running
running
[I 2024-08-13 22:14:38,720] Trial 45 finished with value: 0.07040928825171618 and parameters: {'model_name': 'SimpleImputer', 'strategy': 'mean'}. Best is trial 0 with value: 0.07040928825171618.
[I 2024-08-13 22:14:38,873] Trial 42 finished with value: 0.07040928825171618 and parameters: {'model_name': 'SimpleImputer', 'strategy': 'mean'}. Best is trial 0 with value: 0.07040928825171618.
running
running
[I 2024-08-13 22:14:39,034] Trial 35 finished with value: 0.32859327410532074 and parameters: {'model_name': 'SimpleImputer', 'strategy': 'most_frequent'}. Best is trial 0 with value: 0.07040928825171618.
[I 2024-08-13 22:14:39,125] Trial 36 finished with value: 0.32859327410532074 and parameters: {'model_name': 'SimpleImputer', 'strategy': 'most_frequent'}. Best is trial 0 with value: 0.07040928825171618.
[I 2024-08-13 22:14:39,238] Trial 27 finished with value: 0.32859327410532074 and parameters: {'model_name': 'SimpleImputer', 'strategy': 'most_frequent'}. Best is trial 0 with value: 0.07040928825171618.
running
running
running
[I 2024-08-13 22:14:39,405] Trial 33 finished with value: 0.32859327410532074 and parameters: {'model_name': 'SimpleImputer', 'strategy': 'most_frequent'}. Best is trial 0 with value: 0.07040928825171618.
[I 2024-08-13 22:14:39,510] Trial 43 finished with value: 0.07040928825171618 and parameters: {'model_name': 'SimpleImputer', 'strategy': 'mean'}. Best is trial 0 with value: 0.07040928825171618.
[I 2024-08-13 22:14:39,599] Trial 44 finished with value: 0.07040928825171618 and parameters: {'model_name': 'SimpleImputer', 'strategy': 'mean'}. Best is trial 0 with value: 0.07040928825171618.
running
[I 2024-08-13 22:14:39,724] Trial 34 finished with value: 0.32859327410532074 and parameters: {'model_name': 'SimpleImputer', 'strategy': 'most_frequent'}. Best is trial 0 with value: 0.07040928825171618.
running
running
running
[I 2024-08-13 22:14:39,934] Trial 47 finished with value: 0.07040928825171618 and parameters: {'model_name': 'SimpleImputer', 'strategy': 'mean'}. Best is trial 0 with value: 0.07040928825171618.
running
[I 2024-08-13 22:14:40,080] Trial 31 finished with value: 0.32859327410532074 and parameters: {'model_name': 'SimpleImputer', 'strategy': 'most_frequent'}. Best is trial 0 with value: 0.07040928825171618.
[I 2024-08-13 22:14:40,189] Trial 46 finished with value: 0.07040928825171618 and parameters: {'model_name': 'SimpleImputer', 'strategy': 'mean'}. Best is trial 0 with value: 0.07040928825171618.
running
running
[I 2024-08-13 22:14:40,459] Trial 48 finished with value: 0.07040928825171618 and parameters: {'model_name': 'SimpleImputer', 'strategy': 'mean'}. Best is trial 0 with value: 0.07040928825171618.
running
[I 2024-08-13 22:14:40,669] Trial 51 finished with value: 0.07040928825171618 and parameters: {'model_name': 'SimpleImputer', 'strategy': 'mean'}. Best is trial 0 with value: 0.07040928825171618.
[I 2024-08-13 22:14:40,772] Trial 49 finished with value: 0.07040928825171618 and parameters: {'model_name': 'SimpleImputer', 'strategy': 'mean'}. Best is trial 0 with value: 0.07040928825171618.
running
[I 2024-08-13 22:14:40,898] Trial 30 finished with value: 0.32859327410532074 and parameters: {'model_name': 'SimpleImputer', 'strategy': 'most_frequent'}. Best is trial 0 with value: 0.07040928825171618.
running
running
[I 2024-08-13 22:14:41,112] Trial 32 finished with value: 0.32859327410532074 and parameters: {'model_name': 'SimpleImputer', 'strategy': 'most_frequent'}. Best is trial 0 with value: 0.07040928825171618.
running
[I 2024-08-13 22:14:41,223] Trial 53 finished with value: 0.07040928825171618 and parameters: {'model_name': 'SimpleImputer', 'strategy': 'mean'}. Best is trial 0 with value: 0.07040928825171618.
[I 2024-08-13 22:14:41,321] Trial 56 finished with value: 0.07040928825171618 and parameters: {'model_name': 'SimpleImputer', 'strategy': 'mean'}. Best is trial 0 with value: 0.07040928825171618.
running
running
[I 2024-08-13 22:14:41,464] Trial 52 finished with value: 0.07040928825171618 and parameters: {'model_name': 'SimpleImputer', 'strategy': 'mean'}. Best is trial 0 with value: 0.07040928825171618.
running
[I 2024-08-13 22:14:41,623] Trial 50 finished with value: 0.07040928825171618 and parameters: {'model_name': 'SimpleImputer', 'strategy': 'mean'}. Best is trial 0 with value: 0.07040928825171618.
[I 2024-08-13 22:14:41,792] Trial 59 finished with value: 0.07040928825171618 and parameters: {'model_name': 'SimpleImputer', 'strategy': 'mean'}. Best is trial 0 with value: 0.07040928825171618.
running
running
[I 2024-08-13 22:14:42,016] Trial 61 finished with value: 0.07040928825171618 and parameters: {'model_name': 'SimpleImputer', 'strategy': 'mean'}. Best is trial 0 with value: 0.07040928825171618.
running
[I 2024-08-13 22:14:42,152] Trial 54 finished with value: 0.07040928825171618 and parameters: {'model_name': 'SimpleImputer', 'strategy': 'mean'}. Best is trial 0 with value: 0.07040928825171618.
[I 2024-08-13 22:14:42,155] Trial 57 finished with value: 0.07040928825171618 and parameters: {'model_name': 'SimpleImputer', 'strategy': 'mean'}. Best is trial 0 with value: 0.07040928825171618.
[I 2024-08-13 22:14:42,259] Trial 58 finished with value: 0.07040928825171618 and parameters: {'model_name': 'SimpleImputer', 'strategy': 'mean'}. Best is trial 0 with value: 0.07040928825171618.
[I 2024-08-13 22:14:42,464] Trial 60 finished with value: 0.07040928825171618 and parameters: {'model_name': 'SimpleImputer', 'strategy': 'mean'}. Best is trial 0 with value: 0.07040928825171618.
running
running
[I 2024-08-13 22:14:42,593] Trial 62 finished with value: 0.07040928825171618 and parameters: {'model_name': 'SimpleImputer', 'strategy': 'mean'}. Best is trial 0 with value: 0.07040928825171618.
running
[I 2024-08-13 22:14:42,727] Trial 63 finished with value: 0.07040928825171618 and parameters: {'model_name': 'SimpleImputer', 'strategy': 'mean'}. Best is trial 0 with value: 0.07040928825171618.
running
running
running
[I 2024-08-13 22:14:42,903] Trial 55 finished with value: 0.07040928825171618 and parameters: {'model_name': 'SimpleImputer', 'strategy': 'mean'}. Best is trial 0 with value: 0.07040928825171618.
running
[I 2024-08-13 22:14:43,205] Trial 68 finished with value: 0.07040928825171618 and parameters: {'model_name': 'SimpleImputer', 'strategy': 'mean'}. Best is trial 0 with value: 0.07040928825171618.
[I 2024-08-13 22:14:43,361] Trial 76 finished with value: 0.32859327410532074 and parameters: {'model_name': 'SimpleImputer', 'strategy': 'constant'}. Best is trial 0 with value: 0.07040928825171618.
[I 2024-08-13 22:14:43,457] Trial 72 finished with value: 0.32859327410532074 and parameters: {'model_name': 'SimpleImputer', 'strategy': 'constant'}. Best is trial 0 with value: 0.07040928825171618.
running
[I 2024-08-13 22:14:43,576] Trial 64 finished with value: 0.07040928825171618 and parameters: {'model_name': 'SimpleImputer', 'strategy': 'mean'}. Best is trial 0 with value: 0.07040928825171618.
running
[I 2024-08-13 22:14:43,683] Trial 69 finished with value: 0.07040928825171618 and parameters: {'model_name': 'SimpleImputer', 'strategy': 'mean'}. Best is trial 0 with value: 0.07040928825171618.
running
[I 2024-08-13 22:14:43,783] Trial 65 finished with value: 0.07040928825171618 and parameters: {'model_name': 'SimpleImputer', 'strategy': 'mean'}. Best is trial 0 with value: 0.07040928825171618.
[I 2024-08-13 22:14:43,869] Trial 66 finished with value: 0.07040928825171618 and parameters: {'model_name': 'SimpleImputer', 'strategy': 'mean'}. Best is trial 0 with value: 0.07040928825171618.
[I 2024-08-13 22:14:43,955] Trial 75 finished with value: 0.32859327410532074 and parameters: {'model_name': 'SimpleImputer', 'strategy': 'constant'}. Best is trial 0 with value: 0.07040928825171618.
[I 2024-08-13 22:14:44,052] Trial 77 finished with value: 0.32859327410532074 and parameters: {'model_name': 'SimpleImputer', 'strategy': 'constant'}. Best is trial 0 with value: 0.07040928825171618.
running
running
[I 2024-08-13 22:14:44,056] Trial 71 finished with value: 0.07040928825171618 and parameters: {'model_name': 'SimpleImputer', 'strategy': 'mean'}. Best is trial 0 with value: 0.07040928825171618.
running
running
running
running
[I 2024-08-13 22:14:44,287] Trial 70 finished with value: 0.07040928825171618 and parameters: {'model_name': 'SimpleImputer', 'strategy': 'mean'}. Best is trial 0 with value: 0.07040928825171618.
running
running
[I 2024-08-13 22:14:44,534] Trial 67 finished with value: 0.07040928825171618 and parameters: {'model_name': 'SimpleImputer', 'strategy': 'mean'}. Best is trial 0 with value: 0.07040928825171618.
running
[I 2024-08-13 22:14:44,660] Trial 79 finished with value: 0.32859327410532074 and parameters: {'model_name': 'SimpleImputer', 'strategy': 'constant'}. Best is trial 0 with value: 0.07040928825171618.
running
[I 2024-08-13 22:14:44,914] Trial 78 finished with value: 0.32859327410532074 and parameters: {'model_name': 'SimpleImputer', 'strategy': 'constant'}. Best is trial 0 with value: 0.07040928825171618.
running
[I 2024-08-13 22:14:45,052] Trial 74 finished with value: 0.07040928825171618 and parameters: {'model_name': 'SimpleImputer', 'strategy': 'mean'}. Best is trial 0 with value: 0.07040928825171618.
running
[I 2024-08-13 22:14:45,182] Trial 73 finished with value: 0.07040928825171618 and parameters: {'model_name': 'SimpleImputer', 'strategy': 'mean'}. Best is trial 0 with value: 0.07040928825171618.
running
[I 2024-08-13 22:14:45,353] Trial 90 finished with value: 0.07040928825171618 and parameters: {'model_name': 'SimpleImputer', 'strategy': 'mean'}. Best is trial 0 with value: 0.07040928825171618.
running
[I 2024-08-13 22:14:45,944] Trial 86 finished with value: 0.07098459245572984 and parameters: {'model_name': 'SimpleImputer', 'strategy': 'median'}. Best is trial 0 with value: 0.07040928825171618.
[I 2024-08-13 22:14:46,059] Trial 84 finished with value: 0.07098459245572984 and parameters: {'model_name': 'SimpleImputer', 'strategy': 'median'}. Best is trial 0 with value: 0.07040928825171618.
running
running
[I 2024-08-13 22:14:46,218] Trial 85 finished with value: 0.07098459245572984 and parameters: {'model_name': 'SimpleImputer', 'strategy': 'median'}. Best is trial 0 with value: 0.07040928825171618.
[I 2024-08-13 22:14:46,319] Trial 83 finished with value: 0.07098459245572984 and parameters: {'model_name': 'SimpleImputer', 'strategy': 'median'}. Best is trial 0 with value: 0.07040928825171618.
running
[I 2024-08-13 22:14:46,321] Trial 89 finished with value: 0.07098459245572984 and parameters: {'model_name': 'SimpleImputer', 'strategy': 'median'}. Best is trial 0 with value: 0.07040928825171618.
running
[I 2024-08-13 22:14:46,544] Trial 80 finished with value: 0.07098459245572984 and parameters: {'model_name': 'SimpleImputer', 'strategy': 'median'}. Best is trial 0 with value: 0.07040928825171618.
running
[I 2024-08-13 22:14:46,667] Trial 91 finished with value: 0.07098459245572984 and parameters: {'model_name': 'SimpleImputer', 'strategy': 'median'}. Best is trial 0 with value: 0.07040928825171618.
running
running
[I 2024-08-13 22:14:46,790] Trial 81 finished with value: 0.07098459245572984 and parameters: {'model_name': 'SimpleImputer', 'strategy': 'median'}. Best is trial 0 with value: 0.07040928825171618.
running
[I 2024-08-13 22:14:46,904] Trial 87 finished with value: 0.07098459245572984 and parameters: {'model_name': 'SimpleImputer', 'strategy': 'median'}. Best is trial 0 with value: 0.07040928825171618.
running
[I 2024-08-13 22:14:47,004] Trial 88 finished with value: 0.07098459245572984 and parameters: {'model_name': 'SimpleImputer', 'strategy': 'median'}. Best is trial 0 with value: 0.07040928825171618.
running
[I 2024-08-13 22:14:47,244] Trial 94 finished with value: 0.07098459245572984 and parameters: {'model_name': 'SimpleImputer', 'strategy': 'median'}. Best is trial 0 with value: 0.07040928825171618.
[I 2024-08-13 22:14:47,356] Trial 92 finished with value: 0.07098459245572984 and parameters: {'model_name': 'SimpleImputer', 'strategy': 'median'}. Best is trial 0 with value: 0.07040928825171618.
[I 2024-08-13 22:14:47,445] Trial 93 finished with value: 0.07098459245572984 and parameters: {'model_name': 'SimpleImputer', 'strategy': 'median'}. Best is trial 0 with value: 0.07040928825171618.
[I 2024-08-13 22:14:47,526] Trial 82 finished with value: 0.07098459245572984 and parameters: {'model_name': 'SimpleImputer', 'strategy': 'median'}. Best is trial 0 with value: 0.07040928825171618.
running
running
running
running
[I 2024-08-13 22:14:47,701] Trial 96 finished with value: 0.07098459245572984 and parameters: {'model_name': 'SimpleImputer', 'strategy': 'median'}. Best is trial 0 with value: 0.07040928825171618.
running
[I 2024-08-13 22:14:48,114] Trial 101 finished with value: 0.07040928825171618 and parameters: {'model_name': 'SimpleImputer', 'strategy': 'mean'}. Best is trial 0 with value: 0.07040928825171618.
running
[I 2024-08-13 22:14:48,289] Trial 103 finished with value: 0.07040928825171618 and parameters: {'model_name': 'SimpleImputer', 'strategy': 'mean'}. Best is trial 0 with value: 0.07040928825171618.
[I 2024-08-13 22:14:48,390] Trial 102 finished with value: 0.07040928825171618 and parameters: {'model_name': 'SimpleImputer', 'strategy': 'mean'}. Best is trial 0 with value: 0.07040928825171618.
running
[I 2024-08-13 22:14:48,490] Trial 98 finished with value: 0.07040928825171618 and parameters: {'model_name': 'SimpleImputer', 'strategy': 'mean'}. Best is trial 0 with value: 0.07040928825171618.
running
running
[I 2024-08-13 22:14:48,597] Trial 104 finished with value: 0.07040928825171618 and parameters: {'model_name': 'SimpleImputer', 'strategy': 'mean'}. Best is trial 0 with value: 0.07040928825171618.
[I 2024-08-13 22:14:48,686] Trial 105 finished with value: 0.07040928825171618 and parameters: {'model_name': 'SimpleImputer', 'strategy': 'mean'}. Best is trial 0 with value: 0.07040928825171618.
[I 2024-08-13 22:14:48,780] Trial 97 finished with value: 0.07040928825171618 and parameters: {'model_name': 'SimpleImputer', 'strategy': 'mean'}. Best is trial 0 with value: 0.07040928825171618.
[I 2024-08-13 22:14:48,887] Trial 95 finished with value: 0.07098459245572984 and parameters: {'model_name': 'SimpleImputer', 'strategy': 'median'}. Best is trial 0 with value: 0.07040928825171618.
running
running
running
running
[I 2024-08-13 22:14:49,128] Trial 99 finished with value: 0.07040928825171618 and parameters: {'model_name': 'SimpleImputer', 'strategy': 'mean'}. Best is trial 0 with value: 0.07040928825171618.
[I 2024-08-13 22:14:49,231] Trial 100 finished with value: 0.07040928825171618 and parameters: {'model_name': 'SimpleImputer', 'strategy': 'mean'}. Best is trial 0 with value: 0.07040928825171618.
running
running
[I 2024-08-13 22:14:49,405] Trial 106 finished with value: 0.07040928825171618 and parameters: {'model_name': 'SimpleImputer', 'strategy': 'mean'}. Best is trial 0 with value: 0.07040928825171618.
running
[I 2024-08-13 22:14:49,567] Trial 111 finished with value: 0.07040928825171618 and parameters: {'model_name': 'SimpleImputer', 'strategy': 'mean'}. Best is trial 0 with value: 0.07040928825171618.
[I 2024-08-13 22:14:49,667] Trial 107 finished with value: 0.07040928825171618 and parameters: {'model_name': 'SimpleImputer', 'strategy': 'mean'}. Best is trial 0 with value: 0.07040928825171618.
running
running
[I 2024-08-13 22:14:49,832] Trial 109 finished with value: 0.07040928825171618 and parameters: {'model_name': 'SimpleImputer', 'strategy': 'mean'}. Best is trial 0 with value: 0.07040928825171618.
running
[I 2024-08-13 22:14:49,984] Trial 110 finished with value: 0.07040928825171618 and parameters: {'model_name': 'SimpleImputer', 'strategy': 'mean'}. Best is trial 0 with value: 0.07040928825171618.
running
[I 2024-08-13 22:14:50,220] Trial 116 finished with value: 0.07040928825171618 and parameters: {'model_name': 'SimpleImputer', 'strategy': 'mean'}. Best is trial 0 with value: 0.07040928825171618.
running
[I 2024-08-13 22:14:50,377] Trial 113 finished with value: 0.07040928825171618 and parameters: {'model_name': 'SimpleImputer', 'strategy': 'mean'}. Best is trial 0 with value: 0.07040928825171618.
[I 2024-08-13 22:14:50,479] Trial 118 finished with value: 0.07040928825171618 and parameters: {'model_name': 'SimpleImputer', 'strategy': 'mean'}. Best is trial 0 with value: 0.07040928825171618.
running
[I 2024-08-13 22:14:50,588] Trial 108 finished with value: 0.07040928825171618 and parameters: {'model_name': 'SimpleImputer', 'strategy': 'mean'}. Best is trial 0 with value: 0.07040928825171618.
running
running
[I 2024-08-13 22:14:50,827] Trial 115 finished with value: 0.07040928825171618 and parameters: {'model_name': 'SimpleImputer', 'strategy': 'mean'}. Best is trial 0 with value: 0.07040928825171618.
[I 2024-08-13 22:14:50,941] Trial 117 finished with value: 0.07040928825171618 and parameters: {'model_name': 'SimpleImputer', 'strategy': 'mean'}. Best is trial 0 with value: 0.07040928825171618.
running
[I 2024-08-13 22:14:51,063] Trial 112 finished with value: 0.07040928825171618 and parameters: {'model_name': 'SimpleImputer', 'strategy': 'mean'}. Best is trial 0 with value: 0.07040928825171618.
[I 2024-08-13 22:14:51,206] Trial 114 finished with value: 0.07040928825171618 and parameters: {'model_name': 'SimpleImputer', 'strategy': 'mean'}. Best is trial 0 with value: 0.07040928825171618.
running
[I 2024-08-13 22:14:51,308] Trial 119 finished with value: 0.07040928825171618 and parameters: {'model_name': 'SimpleImputer', 'strategy': 'mean'}. Best is trial 0 with value: 0.07040928825171618.
running
running
running
[I 2024-08-13 22:14:51,480] Trial 126 finished with value: 0.07040928825171618 and parameters: {'model_name': 'SimpleImputer', 'strategy': 'mean'}. Best is trial 0 with value: 0.07040928825171618.
[I 2024-08-13 22:14:51,608] Trial 124 finished with value: 0.07040928825171618 and parameters: {'model_name': 'SimpleImputer', 'strategy': 'mean'}. Best is trial 0 with value: 0.07040928825171618.
running
[I 2024-08-13 22:14:51,730] Trial 123 finished with value: 0.07040928825171618 and parameters: {'model_name': 'SimpleImputer', 'strategy': 'mean'}. Best is trial 0 with value: 0.07040928825171618.
running
[I 2024-08-13 22:14:51,819] Trial 121 finished with value: 0.07040928825171618 and parameters: {'model_name': 'SimpleImputer', 'strategy': 'mean'}. Best is trial 0 with value: 0.07040928825171618.
running
running
[I 2024-08-13 22:14:51,943] Trial 125 finished with value: 0.07040928825171618 and parameters: {'model_name': 'SimpleImputer', 'strategy': 'mean'}. Best is trial 0 with value: 0.07040928825171618.
[I 2024-08-13 22:14:52,116] Trial 122 finished with value: 0.07040928825171618 and parameters: {'model_name': 'SimpleImputer', 'strategy': 'mean'}. Best is trial 0 with value: 0.07040928825171618.
running
running
[I 2024-08-13 22:14:52,294] Trial 120 finished with value: 0.07040928825171618 and parameters: {'model_name': 'SimpleImputer', 'strategy': 'mean'}. Best is trial 0 with value: 0.07040928825171618.
[I 2024-08-13 22:14:52,390] Trial 128 finished with value: 0.07040928825171618 and parameters: {'model_name': 'SimpleImputer', 'strategy': 'mean'}. Best is trial 0 with value: 0.07040928825171618.
running
running
[I 2024-08-13 22:14:52,579] Trial 130 finished with value: 0.07040928825171618 and parameters: {'model_name': 'SimpleImputer', 'strategy': 'mean'}. Best is trial 0 with value: 0.07040928825171618.
running
[I 2024-08-13 22:14:52,703] Trial 127 finished with value: 0.07040928825171618 and parameters: {'model_name': 'SimpleImputer', 'strategy': 'mean'}. Best is trial 0 with value: 0.07040928825171618.
running
[I 2024-08-13 22:14:52,928] Trial 129 finished with value: 0.07040928825171618 and parameters: {'model_name': 'SimpleImputer', 'strategy': 'mean'}. Best is trial 0 with value: 0.07040928825171618.
running
[I 2024-08-13 22:14:53,121] Trial 135 finished with value: 0.07040928825171618 and parameters: {'model_name': 'SimpleImputer', 'strategy': 'mean'}. Best is trial 0 with value: 0.07040928825171618.
running
[I 2024-08-13 22:14:53,268] Trial 132 finished with value: 0.07040928825171618 and parameters: {'model_name': 'SimpleImputer', 'strategy': 'mean'}. Best is trial 0 with value: 0.07040928825171618.
[I 2024-08-13 22:14:53,407] Trial 141 finished with value: 0.07040928825171618 and parameters: {'model_name': 'SimpleImputer', 'strategy': 'mean'}. Best is trial 0 with value: 0.07040928825171618.
running
[I 2024-08-13 22:14:53,503] Trial 131 finished with value: 0.07040928825171618 and parameters: {'model_name': 'SimpleImputer', 'strategy': 'mean'}. Best is trial 0 with value: 0.07040928825171618.
running
running
[I 2024-08-13 22:14:53,621] Trial 136 finished with value: 0.07040928825171618 and parameters: {'model_name': 'SimpleImputer', 'strategy': 'mean'}. Best is trial 0 with value: 0.07040928825171618.
running
[I 2024-08-13 22:14:53,822] Trial 139 finished with value: 0.07040928825171618 and parameters: {'model_name': 'SimpleImputer', 'strategy': 'mean'}. Best is trial 0 with value: 0.07040928825171618.
[I 2024-08-13 22:14:53,959] Trial 133 finished with value: 0.07040928825171618 and parameters: {'model_name': 'SimpleImputer', 'strategy': 'mean'}. Best is trial 0 with value: 0.07040928825171618.
running
running
[I 2024-08-13 22:14:54,110] Trial 134 finished with value: 0.07040928825171618 and parameters: {'model_name': 'SimpleImputer', 'strategy': 'mean'}. Best is trial 0 with value: 0.07040928825171618.
running
[I 2024-08-13 22:14:54,347] Trial 138 finished with value: 0.07040928825171618 and parameters: {'model_name': 'SimpleImputer', 'strategy': 'mean'}. Best is trial 0 with value: 0.07040928825171618.
[I 2024-08-13 22:14:54,438] Trial 137 finished with value: 0.07040928825171618 and parameters: {'model_name': 'SimpleImputer', 'strategy': 'mean'}. Best is trial 0 with value: 0.07040928825171618.
running
running
[I 2024-08-13 22:14:54,632] Trial 140 finished with value: 0.07040928825171618 and parameters: {'model_name': 'SimpleImputer', 'strategy': 'mean'}. Best is trial 0 with value: 0.07040928825171618.
running
[I 2024-08-13 22:14:54,916] Trial 142 finished with value: 0.07040928825171618 and parameters: {'model_name': 'SimpleImputer', 'strategy': 'mean'}. Best is trial 0 with value: 0.07040928825171618.
running
[I 2024-08-13 22:14:55,085] Trial 147 finished with value: 0.07040928825171618 and parameters: {'model_name': 'SimpleImputer', 'strategy': 'mean'}. Best is trial 0 with value: 0.07040928825171618.
running
[I 2024-08-13 22:14:55,326] Trial 146 finished with value: 0.07040928825171618 and parameters: {'model_name': 'SimpleImputer', 'strategy': 'mean'}. Best is trial 0 with value: 0.07040928825171618.
running
[I 2024-08-13 22:14:55,524] Trial 143 finished with value: 0.07040928825171618 and parameters: {'model_name': 'SimpleImputer', 'strategy': 'mean'}. Best is trial 0 with value: 0.07040928825171618.
running
[I 2024-08-13 22:14:57,109] Trial 148 finished with value: 0.32859327410532074 and parameters: {'model_name': 'SimpleImputer', 'strategy': 'most_frequent'}. Best is trial 0 with value: 0.07040928825171618.
running
[I 2024-08-13 22:14:57,413] Trial 149 finished with value: 0.32859327410532074 and parameters: {'model_name': 'SimpleImputer', 'strategy': 'most_frequent'}. Best is trial 0 with value: 0.07040928825171618.
[I 2024-08-13 22:14:57,545] Trial 145 finished with value: 0.32859327410532074 and parameters: {'model_name': 'SimpleImputer', 'strategy': 'most_frequent'}. Best is trial 0 with value: 0.07040928825171618.
[I 2024-08-13 22:14:57,662] Trial 151 finished with value: 0.32859327410532074 and parameters: {'model_name': 'SimpleImputer', 'strategy': 'most_frequent'}. Best is trial 0 with value: 0.07040928825171618.
running
[I 2024-08-13 22:14:57,783] Trial 153 finished with value: 0.32859327410532074 and parameters: {'model_name': 'SimpleImputer', 'strategy': 'most_frequent'}. Best is trial 0 with value: 0.07040928825171618.
running
running
running
[I 2024-08-13 22:14:58,064] Trial 152 finished with value: 0.32859327410532074 and parameters: {'model_name': 'SimpleImputer', 'strategy': 'most_frequent'}. Best is trial 0 with value: 0.07040928825171618.
running
[I 2024-08-13 22:14:58,345] Trial 154 finished with value: 0.32859327410532074 and parameters: {'model_name': 'SimpleImputer', 'strategy': 'most_frequent'}. Best is trial 0 with value: 0.07040928825171618.
[I 2024-08-13 22:14:58,445] Trial 150 finished with value: 0.32859327410532074 and parameters: {'model_name': 'SimpleImputer', 'strategy': 'most_frequent'}. Best is trial 0 with value: 0.07040928825171618.
running
[I 2024-08-13 22:14:58,596] Trial 144 finished with value: 0.32859327410532074 and parameters: {'model_name': 'SimpleImputer', 'strategy': 'most_frequent'}. Best is trial 0 with value: 0.07040928825171618.
running
running
[I 2024-08-13 22:14:58,730] Trial 155 finished with value: 0.32859327410532074 and parameters: {'model_name': 'SimpleImputer', 'strategy': 'most_frequent'}. Best is trial 0 with value: 0.07040928825171618.
running
[I 2024-08-13 22:14:58,853] Trial 162 finished with value: 0.07040928825171618 and parameters: {'model_name': 'SimpleImputer', 'strategy': 'mean'}. Best is trial 0 with value: 0.07040928825171618.
[I 2024-08-13 22:14:58,961] Trial 160 finished with value: 0.32859327410532074 and parameters: {'model_name': 'SimpleImputer', 'strategy': 'most_frequent'}. Best is trial 0 with value: 0.07040928825171618.
running
running
[I 2024-08-13 22:14:59,309] Trial 165 finished with value: 0.07040928825171618 and parameters: {'model_name': 'SimpleImputer', 'strategy': 'mean'}. Best is trial 0 with value: 0.07040928825171618.
running
[I 2024-08-13 22:14:59,505] Trial 159 finished with value: 0.32859327410532074 and parameters: {'model_name': 'SimpleImputer', 'strategy': 'most_frequent'}. Best is trial 0 with value: 0.07040928825171618.
running
[I 2024-08-13 22:14:59,733] Trial 166 finished with value: 0.07040928825171618 and parameters: {'model_name': 'SimpleImputer', 'strategy': 'mean'}. Best is trial 0 with value: 0.07040928825171618.
[I 2024-08-13 22:14:59,828] Trial 161 finished with value: 0.32859327410532074 and parameters: {'model_name': 'SimpleImputer', 'strategy': 'most_frequent'}. Best is trial 0 with value: 0.07040928825171618.
running
running
[I 2024-08-13 22:15:00,012] Trial 164 finished with value: 0.07040928825171618 and parameters: {'model_name': 'SimpleImputer', 'strategy': 'mean'}. Best is trial 0 with value: 0.07040928825171618.
[I 2024-08-13 22:15:00,119] Trial 168 finished with value: 0.07040928825171618 and parameters: {'model_name': 'SimpleImputer', 'strategy': 'mean'}. Best is trial 0 with value: 0.07040928825171618.
running
[I 2024-08-13 22:15:00,126] Trial 163 finished with value: 0.07040928825171618 and parameters: {'model_name': 'SimpleImputer', 'strategy': 'mean'}. Best is trial 0 with value: 0.07040928825171618.
[I 2024-08-13 22:15:00,307] Trial 171 finished with value: 0.07040928825171618 and parameters: {'model_name': 'SimpleImputer', 'strategy': 'mean'}. Best is trial 0 with value: 0.07040928825171618.
running
running
running
[I 2024-08-13 22:15:00,501] Trial 169 finished with value: 0.07040928825171618 and parameters: {'model_name': 'SimpleImputer', 'strategy': 'mean'}. Best is trial 0 with value: 0.07040928825171618.
[I 2024-08-13 22:15:00,601] Trial 157 finished with value: 0.32859327410532074 and parameters: {'model_name': 'SimpleImputer', 'strategy': 'most_frequent'}. Best is trial 0 with value: 0.07040928825171618.
running
running
[I 2024-08-13 22:15:00,738] Trial 156 finished with value: 0.32859327410532074 and parameters: {'model_name': 'SimpleImputer', 'strategy': 'most_frequent'}. Best is trial 0 with value: 0.07040928825171618.
running
[I 2024-08-13 22:15:00,900] Trial 167 finished with value: 0.07040928825171618 and parameters: {'model_name': 'SimpleImputer', 'strategy': 'mean'}. Best is trial 0 with value: 0.07040928825171618.
[I 2024-08-13 22:15:00,993] Trial 172 finished with value: 0.07040928825171618 and parameters: {'model_name': 'SimpleImputer', 'strategy': 'mean'}. Best is trial 0 with value: 0.07040928825171618.
running
running
[I 2024-08-13 22:15:01,157] Trial 158 finished with value: 0.32859327410532074 and parameters: {'model_name': 'SimpleImputer', 'strategy': 'most_frequent'}. Best is trial 0 with value: 0.07040928825171618.
running
[I 2024-08-13 22:15:01,303] Trial 170 finished with value: 0.07040928825171618 and parameters: {'model_name': 'SimpleImputer', 'strategy': 'mean'}. Best is trial 0 with value: 0.07040928825171618.
running
[I 2024-08-13 22:15:01,438] Trial 173 finished with value: 0.07040928825171618 and parameters: {'model_name': 'SimpleImputer', 'strategy': 'mean'}. Best is trial 0 with value: 0.07040928825171618.
running
[I 2024-08-13 22:15:01,682] Trial 174 finished with value: 0.07040928825171618 and parameters: {'model_name': 'SimpleImputer', 'strategy': 'mean'}. Best is trial 0 with value: 0.07040928825171618.
running
[I 2024-08-13 22:15:01,856] Trial 175 finished with value: 0.07040928825171618 and parameters: {'model_name': 'SimpleImputer', 'strategy': 'mean'}. Best is trial 0 with value: 0.07040928825171618.
[I 2024-08-13 22:15:01,978] Trial 177 finished with value: 0.07040928825171618 and parameters: {'model_name': 'SimpleImputer', 'strategy': 'mean'}. Best is trial 0 with value: 0.07040928825171618.
running
running
[I 2024-08-13 22:15:02,112] Trial 178 finished with value: 0.07040928825171618 and parameters: {'model_name': 'SimpleImputer', 'strategy': 'mean'}. Best is trial 0 with value: 0.07040928825171618.
running
[I 2024-08-13 22:15:02,329] Trial 183 finished with value: 0.07040928825171618 and parameters: {'model_name': 'SimpleImputer', 'strategy': 'mean'}. Best is trial 0 with value: 0.07040928825171618.
[I 2024-08-13 22:15:02,440] Trial 176 finished with value: 0.07040928825171618 and parameters: {'model_name': 'SimpleImputer', 'strategy': 'mean'}. Best is trial 0 with value: 0.07040928825171618.
running
running
[I 2024-08-13 22:15:02,555] Trial 180 finished with value: 0.07040928825171618 and parameters: {'model_name': 'SimpleImputer', 'strategy': 'mean'}. Best is trial 0 with value: 0.07040928825171618.
[I 2024-08-13 22:15:02,725] Trial 181 finished with value: 0.07040928825171618 and parameters: {'model_name': 'SimpleImputer', 'strategy': 'mean'}. Best is trial 0 with value: 0.07040928825171618.
running
[I 2024-08-13 22:15:02,873] Trial 186 finished with value: 0.07040928825171618 and parameters: {'model_name': 'SimpleImputer', 'strategy': 'mean'}. Best is trial 0 with value: 0.07040928825171618.
[I 2024-08-13 22:15:02,976] Trial 182 finished with value: 0.07040928825171618 and parameters: {'model_name': 'SimpleImputer', 'strategy': 'mean'}. Best is trial 0 with value: 0.07040928825171618.
running
[I 2024-08-13 22:15:03,105] Trial 179 finished with value: 0.07040928825171618 and parameters: {'model_name': 'SimpleImputer', 'strategy': 'mean'}. Best is trial 0 with value: 0.07040928825171618.
running
running
[I 2024-08-13 22:15:03,297] Trial 187 finished with value: 0.07040928825171618 and parameters: {'model_name': 'SimpleImputer', 'strategy': 'mean'}. Best is trial 0 with value: 0.07040928825171618.
[I 2024-08-13 22:15:03,486] Trial 189 finished with value: 0.07040928825171618 and parameters: {'model_name': 'SimpleImputer', 'strategy': 'mean'}. Best is trial 0 with value: 0.07040928825171618.
[I 2024-08-13 22:15:03,659] Trial 188 finished with value: 0.07040928825171618 and parameters: {'model_name': 'SimpleImputer', 'strategy': 'mean'}. Best is trial 0 with value: 0.07040928825171618.
[I 2024-08-13 22:15:03,780] Trial 190 finished with value: 0.07040928825171618 and parameters: {'model_name': 'SimpleImputer', 'strategy': 'mean'}. Best is trial 0 with value: 0.07040928825171618.
[I 2024-08-13 22:15:03,876] Trial 185 finished with value: 0.07040928825171618 and parameters: {'model_name': 'SimpleImputer', 'strategy': 'mean'}. Best is trial 0 with value: 0.07040928825171618.
[I 2024-08-13 22:15:03,982] Trial 194 finished with value: 0.32859327410532074 and parameters: {'model_name': 'SimpleImputer', 'strategy': 'constant'}. Best is trial 0 with value: 0.07040928825171618.
[I 2024-08-13 22:15:04,098] Trial 184 finished with value: 0.07040928825171618 and parameters: {'model_name': 'SimpleImputer', 'strategy': 'mean'}. Best is trial 0 with value: 0.07040928825171618.
[I 2024-08-13 22:15:04,184] Trial 193 finished with value: 0.32859327410532074 and parameters: {'model_name': 'SimpleImputer', 'strategy': 'constant'}. Best is trial 0 with value: 0.07040928825171618.
[I 2024-08-13 22:15:04,279] Trial 192 finished with value: 0.07040928825171618 and parameters: {'model_name': 'SimpleImputer', 'strategy': 'mean'}. Best is trial 0 with value: 0.07040928825171618.
[I 2024-08-13 22:15:04,367] Trial 196 finished with value: 0.32859327410532074 and parameters: {'model_name': 'SimpleImputer', 'strategy': 'constant'}. Best is trial 0 with value: 0.07040928825171618.
[I 2024-08-13 22:15:04,460] Trial 197 finished with value: 0.32859327410532074 and parameters: {'model_name': 'SimpleImputer', 'strategy': 'constant'}. Best is trial 0 with value: 0.07040928825171618.
[I 2024-08-13 22:15:04,547] Trial 195 finished with value: 0.32859327410532074 and parameters: {'model_name': 'SimpleImputer', 'strategy': 'constant'}. Best is trial 0 with value: 0.07040928825171618.
[I 2024-08-13 22:15:04,634] Trial 198 finished with value: 0.32859327410532074 and parameters: {'model_name': 'SimpleImputer', 'strategy': 'constant'}. Best is trial 0 with value: 0.07040928825171618.
[I 2024-08-13 22:15:04,721] Trial 191 finished with value: 0.07040928825171618 and parameters: {'model_name': 'SimpleImputer', 'strategy': 'mean'}. Best is trial 0 with value: 0.07040928825171618.
[I 2024-08-13 22:15:04,813] Trial 199 finished with value: 0.07040928825171618 and parameters: {'model_name': 'SimpleImputer', 'strategy': 'mean'}. Best is trial 0 with value: 0.07040928825171618.
fit
simple fit
simple transform
0    0
1    0
2    0
3    0
4    0
5    0
6    0
7    0
8    0
9    0
dtype: int64
0    0
1    0
2    0
3    0
4    0
5    0
6    0
7    0
8    0
9    0
dtype: int64
0.07040928825171618
{'model_name': 'SimpleImputer', 'strategy': 'mean'}
running experiment 2/3 - Does reconstruction give good automl predictions
Start est fit
  0%|          | 0/25 [00:00<?, ?it/s]Generation:   0%|          | 0/25 [00:00<?, ?it/s]Generation:  1
Best f1_score score: 0.9690701652070253
Generation:   4%|▍         | 1/25 [02:36<1:02:37, 156.56s/it]Generation:  2
Best f1_score score: 0.9690701652070253
Generation:   8%|▊         | 2/25 [06:07<1:12:20, 188.70s/it]WARNING AN INDIVIDUAL TIMED OUT: 
 <tpot2.search_spaces.pipelines.sequential.SequentialPipelineIndividual object at 0x155475da4b80> 

Generation:  3
Best f1_score score: 0.9690701652070253
Generation:  12%|█▏        | 3/25 [16:11<2:18:44, 378.40s/it]Generation:  4
Best f1_score score: 0.9690701652070253
Generation:  16%|█▌        | 4/25 [21:24<2:03:19, 352.36s/it]Generation:  5
Best f1_score score: 0.971084649092704
Generation:  20%|██        | 5/25 [23:02<1:26:53, 260.67s/it]Generation:  6
Best f1_score score: 0.971434035698139
Generation:  24%|██▍       | 6/25 [24:11<1:01:54, 195.51s/it]Generation:  7
Best f1_score score: 0.971434035698139
Generation:  28%|██▊       | 7/25 [32:28<1:28:11, 293.98s/it]Generation:  8
Best f1_score score: 0.971434035698139
Generation:  32%|███▏      | 8/25 [36:24<1:18:06, 275.70s/it]WARNING AN INDIVIDUAL TIMED OUT: 
 <tpot2.search_spaces.pipelines.sequential.SequentialPipelineIndividual object at 0x155475d3a650> 

Generation:  9
Best f1_score score: 0.971434035698139
Generation:  36%|███▌      | 9/25 [46:31<1:41:05, 379.10s/it]Generation:  10
Best f1_score score: 0.971434035698139
Generation:  40%|████      | 10/25 [47:29<1:10:01, 280.09s/it]Generation:  11
Best f1_score score: 0.971434035698139
Generation:  44%|████▍     | 11/25 [48:07<48:04, 206.03s/it]  Generation:  12
Best f1_score score: 0.971434035698139
Generation:  48%|████▊     | 12/25 [51:55<46:06, 212.78s/it]Generation:  13
Best f1_score score: 0.971434035698139
Generation:  52%|█████▏    | 13/25 [52:47<32:45, 163.80s/it]Generation:  14
Best f1_score score: 0.971434035698139
Generation:  56%|█████▌    | 14/25 [1:00:16<45:50, 250.05s/it]Generation:  15
Best f1_score score: 0.971434035698139
Generation:  60%|██████    | 15/25 [1:01:12<31:56, 191.67s/it]Generation:  16
Best f1_score score: 0.9722564286424001
Generation:  64%|██████▍   | 16/25 [1:07:54<38:13, 254.85s/it]Generation:  17
Best f1_score score: 0.9722564286424001
Generation:  68%|██████▊   | 17/25 [1:08:32<25:18, 189.84s/it]Generation:  18
Best f1_score score: 0.9722564286424001
Generation:  72%|███████▏  | 18/25 [1:09:16<17:00, 145.77s/it]Generation:  19
Best f1_score score: 0.9722564286424001
Generation:  76%|███████▌  | 19/25 [1:09:51<11:16, 112.74s/it]Generation:  20
Best f1_score score: 0.9722564286424001
Generation:  80%|████████  | 20/25 [1:10:40<07:47, 93.42s/it] Generation:  21
Best f1_score score: 0.9722564286424001
Generation:  84%|████████▍ | 21/25 [1:14:59<09:32, 143.04s/it]Generation:  22
Best f1_score score: 0.9722564286424001
Generation:  88%|████████▊ | 22/25 [1:16:09<06:03, 121.20s/it]WARNING AN INDIVIDUAL TIMED OUT: 
 <tpot2.search_spaces.pipelines.sequential.SequentialPipelineIndividual object at 0x155474a1b490> 

Generation:  23
Best f1_score score: 0.9722564286424001
Generation:  92%|█████████▏| 23/25 [1:26:20<08:56, 268.19s/it]Generation:  24
Best f1_score score: 0.9722564286424001
Generation:  96%|█████████▌| 24/25 [1:27:49<03:34, 214.32s/it]Generation:  25
Best f1_score score: 0.9722564286424001
Generation: 100%|██████████| 25/25 [1:28:52<00:00, 169.03s/it]Generation: 100%|██████████| 25/25 [1:28:55<00:00, 213.42s/it]
2024-08-13 23:44:10,758 - distributed.scheduler - ERROR - Removing worker 'tcp://127.0.0.1:40425' caused the cluster to lose scattered data, which can't be recovered: {'ndarray-23f0eef1ec7034d09b67651117ebaf48', 'ndarray-16dd215cd28ca5ad9411f406a0aff410'} (stimulus_id='handle-worker-cleanup-1723617850.758506')
Fitted
Pipeline(steps=[('randomforestclassifier',
                 RandomForestClassifier(bootstrap=False, criterion='entropy',
                                        max_features=0.5995563118751,
                                        min_samples_leaf=5, min_samples_split=9,
                                        n_estimators=128))])
score start
train score: {'auroc': 0.9997070519642108, 'accuracy': 0.9916751269035533, 'balanced_accuracy': 0.9631168349595077, 'logloss': 0.033283084822939006, 'f1': 0.9916639594621758}
original test score: {'auroc': 0.9971560349259958, 'accuracy': 0.9708029197080292, 'balanced_accuracy': 0.7510963291451096, 'logloss': 0.07183889292755262, 'f1': 0.9694264718417915}
imputed test score: {'auroc': 0.9972037851350866, 'accuracy': 0.9726277372262774, 'balanced_accuracy': 0.7515028332101503, 'logloss': 0.07185301941494741, 'f1': 0.9711420475270741}
score end
check intended
EXP2 Finished
running experiment 3/3 - What is the best automl settings?
<tpot2.search_spaces.pipelines.sequential.SequentialPipeline object at 0x155436386530>
Start tpot fit
  0%|          | 0/25 [00:00<?, ?it/s]Generation:   0%|          | 0/25 [00:00<?, ?it/s]Generation:  1
Best f1_score score: 0.9690929604445815
Generation:   4%|▍         | 1/25 [00:39<15:51, 39.63s/it]Generation:  2
Best f1_score score: 0.9698747996944391
Generation:   8%|▊         | 2/25 [01:14<14:08, 36.91s/it]Generation:  3
Best f1_score score: 0.9713760361257864
Generation:  12%|█▏        | 3/25 [01:50<13:24, 36.57s/it]Generation:  4
Best f1_score score: 0.9717194947226307
Generation:  16%|█▌        | 4/25 [02:22<12:10, 34.81s/it]Generation:  5
Best f1_score score: 0.9717194947226307
Generation:  20%|██        | 5/25 [02:34<08:48, 26.40s/it]Generation:  6
Best f1_score score: 0.9717194947226307
Generation:  24%|██▍       | 6/25 [02:52<07:29, 23.64s/it]Generation:  7
Best f1_score score: 0.9717194947226307
Generation:  28%|██▊       | 7/25 [03:18<07:18, 24.37s/it]Generation:  8
Best f1_score score: 0.9717194947226307
Generation:  32%|███▏      | 8/25 [03:53<07:49, 27.60s/it]Generation:  9
Best f1_score score: 0.9717194947226307
Generation:  36%|███▌      | 9/25 [04:05<06:05, 22.84s/it]Generation:  10
Best f1_score score: 0.9717194947226307
Generation:  40%|████      | 10/25 [04:41<06:44, 26.94s/it]Generation:  11
Best f1_score score: 0.9717194947226307
Generation:  44%|████▍     | 11/25 [06:48<13:27, 57.66s/it]Generation:  12
Best f1_score score: 0.9718907491169256
Generation:  48%|████▊     | 12/25 [07:12<10:13, 47.17s/it]Generation:  13
Best f1_score score: 0.9718907491169256
Generation:  52%|█████▏    | 13/25 [07:34<07:56, 39.75s/it]Generation:  14
Best f1_score score: 0.9718907491169256
Generation:  56%|█████▌    | 14/25 [07:43<05:33, 30.30s/it]Generation:  15
Best f1_score score: 0.9718907491169256
Generation:  60%|██████    | 15/25 [07:51<03:58, 23.80s/it]Generation:  16
Best f1_score score: 0.9718907491169256
Generation:  64%|██████▍   | 16/25 [08:55<05:20, 35.65s/it]Generation:  17
Best f1_score score: 0.9718907491169256
Generation:  68%|██████▊   | 17/25 [09:38<05:04, 38.12s/it]Generation:  18
Best f1_score score: 0.9718907491169256
Generation:  72%|███████▏  | 18/25 [10:09<04:11, 35.88s/it]Generation:  19
Best f1_score score: 0.9718907491169256
Generation:  76%|███████▌  | 19/25 [10:33<03:13, 32.20s/it]Generation:  20
Best f1_score score: 0.9718907491169256
Generation:  80%|████████  | 20/25 [12:32<04:51, 58.35s/it]Generation:  21
Best f1_score score: 0.9718907491169256
Generation:  84%|████████▍ | 21/25 [12:55<03:10, 47.59s/it]Generation:  22
Best f1_score score: 0.9718907491169256
Generation:  88%|████████▊ | 22/25 [13:21<02:03, 41.33s/it]Generation:  23
Best f1_score score: 0.9718907491169256
Generation:  92%|█████████▏| 23/25 [14:03<01:22, 41.49s/it]Generation:  24
Best f1_score score: 0.9718907491169256
Generation:  96%|█████████▌| 24/25 [14:48<00:42, 42.60s/it]Generation:  25
Best f1_score score: 0.9718907491169256
Generation: 100%|██████████| 25/25 [15:11<00:00, 36.60s/it]Generation: 100%|██████████| 25/25 [15:11<00:00, 36.46s/it]
2024-08-13 23:59:30,924 - distributed.scheduler - ERROR - Removing worker 'tcp://127.0.0.1:45665' caused the cluster to lose scattered data, which can't be recovered: {'ndarray-23f0eef1ec7034d09b67651117ebaf48', 'DataFrame-4efceeab275344e4ab52c24f533ae630'} (stimulus_id='handle-worker-cleanup-1723618770.9243205')
Fitted
Pipeline(steps=[('simpleimputer', SimpleImputer(strategy='median')),
                ('lgbmclassifier',
                 LGBMClassifier(boosting_type='goss', class_weight='balanced',
                                max_depth=7, n_estimators=59, n_jobs=1,
                                num_leaves=183, verbose=-1))])
transform worked
try transform
transform worked
score start
train score: {'auroc': 0.9998303939701678, 'accuracy': 0.9910659898477158, 'balanced_accuracy': 0.9973790630712142, 'logloss': 0.030006986488922843, 'f1': 0.991246053097835}
test score: {'auroc': 0.9981407501493322, 'accuracy': 0.9708029197080292, 'balanced_accuracy': 0.9522912047302292, 'logloss': 0.07811005230259965, 'f1': 0.9720309398713398}
original test score: {'auroc': 0.9981805638166028, 'accuracy': 0.9708029197080292, 'balanced_accuracy': 0.9522912047302292, 'logloss': 0.07910316826725022, 'f1': 0.9720309398713398}
score end
30
lvl
0.01
type
MCAR
num_run
2
class_simple
finished
all finished
full run takes
1.7529057418637806
hours
DONE
