Run: 2
/cm/local/apps/slurm/var/spool/job1032045/slurm_script: line 26: 
pip install -e tpot2
pip install -r tpot2/ImputerExperiments/requirements_.txt
: No such file or directory
RunStart
Version 0.1.7a0 of tpot2 is outdated. Version 0.1.8a0 was released Tuesday September 17, 2024.
starting loops
../data/c/871/871.pkl
working on 
../data/c/871/class_full_MCAR_0.1_1
3.117126703262329
running experiment 1/3 - Does large hyperparameter space improve reconstruction accuracy over simple
[I 2024-10-29 22:44:02,783] A new study created in memory with name: no-name-9bb01980-aa6a-4cf0-aede-3ae9174ca819
running
running
running
running
running
running
running
running
running
running
running
running
running
running
running
running
[I 2024-10-29 22:44:02,963] Trial 4 finished with value: 0.4950381474740926 and parameters: {'model_name': 'SimpleImputer', 'strategy': 'constant'}. Best is trial 4 with value: 0.4950381474740926.
running
[I 2024-10-29 22:44:03,295] Trial 10 finished with value: 0.4950381474740926 and parameters: {'model_name': 'SimpleImputer', 'strategy': 'most_frequent'}. Best is trial 4 with value: 0.4950381474740926.
[I 2024-10-29 22:44:03,414] Trial 12 finished with value: 0.13359113844923703 and parameters: {'model_name': 'SimpleImputer', 'strategy': 'median'}. Best is trial 12 with value: 0.13359113844923703.
running
running
[I 2024-10-29 22:44:03,685] Trial 1 finished with value: 0.11410601883167415 and parameters: {'model_name': 'KNNImputer', 'n_neighbors': 26, 'weights': 'uniform'}. Best is trial 1 with value: 0.11410601883167415.
running
[I 2024-10-29 22:44:03,889] Trial 0 finished with value: 0.13823832220062693 and parameters: {'model_name': 'KNNImputer', 'n_neighbors': 2125, 'weights': 'uniform'}. Best is trial 1 with value: 0.11410601883167415.
running
[I 2024-10-29 22:44:04,106] Trial 5 finished with value: 0.13471878644937005 and parameters: {'model_name': 'KNNImputer', 'n_neighbors': 2438, 'weights': 'distance'}. Best is trial 1 with value: 0.11410601883167415.
running
[I 2024-10-29 22:44:04,402] Trial 21 finished with value: 0.13359113844923703 and parameters: {'model_name': 'SimpleImputer', 'strategy': 'median'}. Best is trial 1 with value: 0.11410601883167415.
running
[I 2024-10-29 22:44:04,607] Trial 22 finished with value: 0.139743916114038 and parameters: {'model_name': 'SimpleImputer', 'strategy': 'mean'}. Best is trial 1 with value: 0.11410601883167415.
running
[I 2024-10-29 22:44:04,792] Trial 13 finished with value: 0.13141684884193056 and parameters: {'model_name': 'KNNImputer', 'n_neighbors': 1578, 'weights': 'distance'}. Best is trial 1 with value: 0.11410601883167415.
running
[I 2024-10-29 22:44:07,671] Trial 16 finished with value: 0.12988977921695097 and parameters: {'model_name': 'IterativeImputer', 'estimator': 'KNN', 'initial_strategy': 'median', 'n_nearest_features': 5, 'imputation_order': 'ascending'}. Best is trial 1 with value: 0.11410601883167415.
running
[I 2024-10-29 22:44:08,809] Trial 8 finished with value: 0.13745540686238214 and parameters: {'model_name': 'VAE', 'batch_size': 14, 'iterations': 1, 'learning_rate': 0.0009906625677613687, 'p_miss': 0.16341867998995838}. Best is trial 1 with value: 0.11410601883167415.
running
[I 2024-10-29 22:44:09,968] Trial 18 finished with value: inf and parameters: {'model_name': 'GAIN', 'batch_size': 2, 'hint_rate': 0.44494582871149296, 'alpha': 8, 'iterations': 27, 'learning_rate': 0.00040372631062103224, 'p_miss': 0.18742718827829574}. Best is trial 1 with value: 0.11410601883167415.
running
[I 2024-10-29 22:44:10,649] Trial 11 finished with value: inf and parameters: {'model_name': 'GAIN', 'batch_size': 1, 'hint_rate': 0.9025422854950165, 'alpha': 17, 'iterations': 31, 'learning_rate': 0.004782756357091909, 'p_miss': 0.2428357012491683}. Best is trial 1 with value: 0.11410601883167415.
running
[I 2024-10-29 22:44:14,555] Trial 23 finished with value: 0.22429504254456684 and parameters: {'model_name': 'IterativeImputer', 'estimator': 'Bayesian', 'initial_strategy': 'mean', 'n_nearest_features': 4, 'imputation_order': 'ascending', 'sample_posterior': True}. Best is trial 1 with value: 0.11410601883167415.
running
[I 2024-10-29 22:44:17,254] Trial 14 finished with value: 0.14418225684938193 and parameters: {'model_name': 'VAE', 'batch_size': 3, 'iterations': 7, 'learning_rate': 0.006407613607337513, 'p_miss': 0.2854147850512352}. Best is trial 1 with value: 0.11410601883167415.
running
[I 2024-10-29 22:44:20,101] Trial 26 finished with value: 0.12988977921695097 and parameters: {'model_name': 'IterativeImputer', 'estimator': 'KNN', 'initial_strategy': 'median', 'n_nearest_features': 5, 'imputation_order': 'ascending'}. Best is trial 1 with value: 0.11410601883167415.
running
[I 2024-10-29 22:44:21,190] Trial 28 finished with value: 0.12988977921695097 and parameters: {'model_name': 'IterativeImputer', 'estimator': 'KNN', 'initial_strategy': 'median', 'n_nearest_features': 5, 'imputation_order': 'ascending'}. Best is trial 1 with value: 0.11410601883167415.
running
[I 2024-10-29 22:44:22,074] Trial 27 finished with value: 0.12988977921695097 and parameters: {'model_name': 'IterativeImputer', 'estimator': 'KNN', 'initial_strategy': 'median', 'n_nearest_features': 5, 'imputation_order': 'ascending'}. Best is trial 1 with value: 0.11410601883167415.
running
[I 2024-10-29 22:44:23,650] Trial 33 finished with value: 0.1195224757996641 and parameters: {'model_name': 'KNNImputer', 'n_neighbors': 13, 'weights': 'uniform'}. Best is trial 1 with value: 0.11410601883167415.
running
[I 2024-10-29 22:44:25,466] Trial 34 finished with value: 0.11309550464061358 and parameters: {'model_name': 'KNNImputer', 'n_neighbors': 95, 'weights': 'uniform'}. Best is trial 34 with value: 0.11309550464061358.
running
[I 2024-10-29 22:44:27,058] Trial 29 finished with value: 0.1284737860426412 and parameters: {'model_name': 'IterativeImputer', 'estimator': 'KNN', 'initial_strategy': 'median', 'n_nearest_features': 5, 'imputation_order': 'roman'}. Best is trial 34 with value: 0.11309550464061358.
running
[I 2024-10-29 22:44:27,429] Trial 35 finished with value: 0.11311143000302155 and parameters: {'model_name': 'KNNImputer', 'n_neighbors': 43, 'weights': 'uniform'}. Best is trial 34 with value: 0.11309550464061358.
running
[I 2024-10-29 22:44:28,775] Trial 36 finished with value: 0.11411302929632397 and parameters: {'model_name': 'KNNImputer', 'n_neighbors': 23, 'weights': 'uniform'}. Best is trial 34 with value: 0.11309550464061358.
running
[I 2024-10-29 22:44:29,140] Trial 37 finished with value: 0.11295515771912815 and parameters: {'model_name': 'KNNImputer', 'n_neighbors': 45, 'weights': 'uniform'}. Best is trial 37 with value: 0.11295515771912815.
running
[I 2024-10-29 22:44:30,042] Trial 3 finished with value: 0.14721830543324413 and parameters: {'model_name': 'VAE', 'batch_size': 390, 'iterations': 4, 'learning_rate': 0.001324568412785395, 'p_miss': 0.15181510214549815}. Best is trial 37 with value: 0.11295515771912815.
running
[I 2024-10-29 22:44:31,002] Trial 30 finished with value: 0.12932317816237232 and parameters: {'model_name': 'IterativeImputer', 'estimator': 'KNN', 'initial_strategy': 'median', 'n_nearest_features': 5, 'imputation_order': 'arabic'}. Best is trial 37 with value: 0.11295515771912815.
running
[I 2024-10-29 22:44:31,160] Trial 38 finished with value: 0.12566539381620312 and parameters: {'model_name': 'KNNImputer', 'n_neighbors': 641, 'weights': 'uniform'}. Best is trial 37 with value: 0.11295515771912815.
[I 2024-10-29 22:44:31,358] Trial 39 finished with value: 0.12688791706630032 and parameters: {'model_name': 'KNNImputer', 'n_neighbors': 740, 'weights': 'uniform'}. Best is trial 37 with value: 0.11295515771912815.
running
running
[I 2024-10-29 22:44:31,823] Trial 31 finished with value: 0.15120405827715655 and parameters: {'model_name': 'IterativeImputer', 'estimator': 'KNN', 'initial_strategy': 'median', 'n_nearest_features': 1, 'imputation_order': 'roman'}. Best is trial 37 with value: 0.11295515771912815.
running
[I 2024-10-29 22:44:32,292] Trial 40 finished with value: 0.12659611822479402 and parameters: {'model_name': 'KNNImputer', 'n_neighbors': 716, 'weights': 'uniform'}. Best is trial 37 with value: 0.11295515771912815.
running
[I 2024-10-29 22:44:33,261] Trial 43 finished with value: 0.12556555227924113 and parameters: {'model_name': 'KNNImputer', 'n_neighbors': 626, 'weights': 'uniform'}. Best is trial 37 with value: 0.11295515771912815.
running
[I 2024-10-29 22:44:33,611] Trial 42 finished with value: 0.12648409366712654 and parameters: {'model_name': 'KNNImputer', 'n_neighbors': 708, 'weights': 'uniform'}. Best is trial 37 with value: 0.11295515771912815.
running
[I 2024-10-29 22:44:33,794] Trial 44 finished with value: 0.12632702198785867 and parameters: {'model_name': 'KNNImputer', 'n_neighbors': 697, 'weights': 'uniform'}. Best is trial 37 with value: 0.11295515771912815.
running
[I 2024-10-29 22:44:34,052] Trial 41 finished with value: 0.12688806260232224 and parameters: {'model_name': 'KNNImputer', 'n_neighbors': 743, 'weights': 'uniform'}. Best is trial 37 with value: 0.11295515771912815.
running
[I 2024-10-29 22:44:34,595] Trial 45 finished with value: 0.12468638154706979 and parameters: {'model_name': 'KNNImputer', 'n_neighbors': 551, 'weights': 'uniform'}. Best is trial 37 with value: 0.11295515771912815.
running
[I 2024-10-29 22:44:35,387] Trial 47 finished with value: 0.17235017868586108 and parameters: {'model_name': 'KNNImputer', 'n_neighbors': 2, 'weights': 'uniform'}. Best is trial 37 with value: 0.11295515771912815.
[I 2024-10-29 22:44:35,546] Trial 46 finished with value: 0.1138855213317814 and parameters: {'model_name': 'KNNImputer', 'n_neighbors': 28, 'weights': 'uniform'}. Best is trial 37 with value: 0.11295515771912815.
running
running
[I 2024-10-29 22:44:35,894] Trial 49 finished with value: 0.1455375987254304 and parameters: {'model_name': 'KNNImputer', 'n_neighbors': 4, 'weights': 'uniform'}. Best is trial 37 with value: 0.11295515771912815.
running
[I 2024-10-29 22:44:36,246] Trial 48 finished with value: 0.11281891792598638 and parameters: {'model_name': 'KNNImputer', 'n_neighbors': 58, 'weights': 'uniform'}. Best is trial 48 with value: 0.11281891792598638.
running
[I 2024-10-29 22:44:36,525] Trial 50 finished with value: 0.116886694132701 and parameters: {'model_name': 'KNNImputer', 'n_neighbors': 191, 'weights': 'uniform'}. Best is trial 48 with value: 0.11281891792598638.
running
[I 2024-10-29 22:44:45,254] Trial 24 finished with value: inf and parameters: {'model_name': 'GAIN', 'batch_size': 1, 'hint_rate': 0.6812006154136183, 'alpha': 21, 'iterations': 150, 'learning_rate': 0.0007245973673023078, 'p_miss': 0.22042643591471803}. Best is trial 48 with value: 0.11281891792598638.
running
[I 2024-10-29 22:45:21,532] Trial 2 finished with value: 0.18280454942978866 and parameters: {'model_name': 'VAE', 'batch_size': 2, 'iterations': 24, 'learning_rate': 0.01974782883271543, 'p_miss': 0.14542581784095124}. Best is trial 48 with value: 0.11281891792598638.
running
[I 2024-10-29 22:45:23,336] Trial 57 finished with value: 0.12110813542142243 and parameters: {'model_name': 'KNNImputer', 'n_neighbors': 369, 'weights': 'distance'}. Best is trial 48 with value: 0.11281891792598638.
running
[I 2024-10-29 22:45:54,955] Trial 25 finished with value: 0.39271305696270387 and parameters: {'model_name': 'GAIN', 'batch_size': 309, 'hint_rate': 0.6728361144513708, 'alpha': 11, 'iterations': 70, 'learning_rate': 0.006671999069869036, 'p_miss': 0.034252634009934876}. Best is trial 48 with value: 0.11281891792598638.
running
[I 2024-10-29 22:47:19,427] Trial 15 finished with value: 0.16229311413203434 and parameters: {'model_name': 'VAE', 'batch_size': 5, 'iterations': 57, 'learning_rate': 0.008888385170363175, 'p_miss': 0.2565797119899353}. Best is trial 48 with value: 0.11281891792598638.
running
[I 2024-10-29 22:47:21,509] Trial 60 finished with value: 0.12182196223970429 and parameters: {'model_name': 'KNNImputer', 'n_neighbors': 377, 'weights': 'uniform'}. Best is trial 48 with value: 0.11281891792598638.
running
[I 2024-10-29 22:47:23,781] Trial 61 finished with value: 0.1304596385164571 and parameters: {'model_name': 'KNNImputer', 'n_neighbors': 1069, 'weights': 'uniform'}. Best is trial 48 with value: 0.11281891792598638.
running
[I 2024-10-29 22:53:59,357] Trial 32 finished with value: 0.17332493697553047 and parameters: {'model_name': 'IterativeImputer', 'estimator': 'RFR', 'initial_strategy': 'constant', 'n_nearest_features': 1, 'imputation_order': 'random'}. Best is trial 48 with value: 0.11281891792598638.
running
[I 2024-10-29 22:56:14,667] Trial 19 finished with value: 0.1210562730572824 and parameters: {'model_name': 'IterativeImputer', 'estimator': 'RFR', 'initial_strategy': 'median', 'n_nearest_features': 5, 'imputation_order': 'descending'}. Best is trial 48 with value: 0.11281891792598638.
running
[I 2024-10-29 22:56:18,261] Trial 20 finished with value: 0.12203552207204346 and parameters: {'model_name': 'IterativeImputer', 'estimator': 'RFR', 'initial_strategy': 'constant', 'n_nearest_features': 4, 'imputation_order': 'random'}. Best is trial 48 with value: 0.11281891792598638.
running
[I 2024-10-29 22:56:32,912] Trial 9 finished with value: 0.15418613384066163 and parameters: {'model_name': 'VAE', 'batch_size': 61, 'iterations': 217, 'learning_rate': 0.004239048519746787, 'p_miss': 0.2643288293769892}. Best is trial 48 with value: 0.11281891792598638.
running
[I 2024-10-29 22:56:33,947] Trial 66 finished with value: 0.11939938828507138 and parameters: {'model_name': 'KNNImputer', 'n_neighbors': 271, 'weights': 'uniform'}. Best is trial 48 with value: 0.11281891792598638.
running
[I 2024-10-29 23:12:55,224] Trial 6 finished with value: 0.13842228740224954 and parameters: {'model_name': 'VAE', 'batch_size': 5, 'iterations': 510, 'learning_rate': 0.00018643607110249304, 'p_miss': 0.163018889643848}. Best is trial 48 with value: 0.11281891792598638.
running
[I 2024-10-29 23:12:56,340] Trial 68 finished with value: 0.11963649915299916 and parameters: {'model_name': 'KNNImputer', 'n_neighbors': 277, 'weights': 'uniform'}. Best is trial 48 with value: 0.11281891792598638.
running
[I 2024-10-29 23:12:57,261] Trial 69 finished with value: 0.11884370321650124 and parameters: {'model_name': 'KNNImputer', 'n_neighbors': 249, 'weights': 'uniform'}. Best is trial 48 with value: 0.11281891792598638.
running
[I 2024-10-29 23:26:52,540] Trial 51 finished with value: 0.39539180085763065 and parameters: {'model_name': 'GAIN', 'batch_size': 954, 'hint_rate': 0.02472596527770682, 'alpha': 99, 'iterations': 1386, 'learning_rate': 0.08704477897445027, 'p_miss': 0.018114183603111345}. Best is trial 48 with value: 0.11281891792598638.
running
[I 2024-10-29 23:59:40,773] Trial 59 finished with value: 0.15077647782056014 and parameters: {'model_name': 'VAE', 'batch_size': 81, 'iterations': 1408, 'learning_rate': 0.0001176227112906925, 'p_miss': 0.014576512803861436}. Best is trial 48 with value: 0.11281891792598638.
running
[I 2024-10-29 23:59:41,135] Trial 72 finished with value: 0.139743916114038 and parameters: {'model_name': 'SimpleImputer', 'strategy': 'mean'}. Best is trial 48 with value: 0.11281891792598638.
running
[I 2024-10-29 23:59:42,095] Trial 73 finished with value: 0.11716390943298638 and parameters: {'model_name': 'KNNImputer', 'n_neighbors': 199, 'weights': 'uniform'}. Best is trial 48 with value: 0.11281891792598638.
running
[I 2024-10-29 23:59:43,202] Trial 74 finished with value: 0.1227578518398067 and parameters: {'model_name': 'KNNImputer', 'n_neighbors': 428, 'weights': 'uniform'}. Best is trial 48 with value: 0.11281891792598638.
running
[I 2024-10-30 00:09:08,100] Trial 7 finished with value: 0.173590658948202 and parameters: {'model_name': 'VAE', 'batch_size': 1, 'iterations': 1483, 'learning_rate': 0.0001947098018903998, 'p_miss': 0.27671224790278537}. Best is trial 48 with value: 0.11281891792598638.
running
[I 2024-10-30 00:09:09,063] Trial 76 finished with value: 0.11450062286114988 and parameters: {'model_name': 'KNNImputer', 'n_neighbors': 20, 'weights': 'uniform'}. Best is trial 48 with value: 0.11281891792598638.
running
[I 2024-10-30 00:09:10,215] Trial 77 finished with value: 0.1195224757996641 and parameters: {'model_name': 'KNNImputer', 'n_neighbors': 13, 'weights': 'uniform'}. Best is trial 48 with value: 0.11281891792598638.
running
[I 2024-10-30 00:09:11,395] Trial 78 finished with value: 0.11733729715027548 and parameters: {'model_name': 'KNNImputer', 'n_neighbors': 206, 'weights': 'uniform'}. Best is trial 48 with value: 0.11281891792598638.
running
[I 2024-10-30 00:09:12,443] Trial 79 finished with value: 0.13498260095169073 and parameters: {'model_name': 'KNNImputer', 'n_neighbors': 1584, 'weights': 'uniform'}. Best is trial 48 with value: 0.11281891792598638.
running
[I 2024-10-30 00:09:13,482] Trial 80 finished with value: 0.11538221438301441 and parameters: {'model_name': 'KNNImputer', 'n_neighbors': 152, 'weights': 'uniform'}. Best is trial 48 with value: 0.11281891792598638.
running
[I 2024-10-30 00:22:05,179] Trial 55 finished with value: 0.3962136599136118 and parameters: {'model_name': 'GAIN', 'batch_size': 615, 'hint_rate': 0.034476057594969134, 'alpha': 93, 'iterations': 3475, 'learning_rate': 0.08279024611579497, 'p_miss': 0.012241283374727852}. Best is trial 48 with value: 0.11281891792598638.
running
[I 2024-10-30 00:51:52,863] Trial 17 finished with value: 0.15034747176235194 and parameters: {'model_name': 'VAE', 'batch_size': 93, 'iterations': 2332, 'learning_rate': 0.002189240421420428, 'p_miss': 0.22891777921157833}. Best is trial 48 with value: 0.11281891792598638.
running
[I 2024-10-30 00:51:53,091] Trial 83 finished with value: 0.4950381474740926 and parameters: {'model_name': 'SimpleImputer', 'strategy': 'constant'}. Best is trial 48 with value: 0.11281891792598638.
running
[I 2024-10-30 00:51:54,630] Trial 84 finished with value: 0.13471878644937005 and parameters: {'model_name': 'KNNImputer', 'n_neighbors': 2966, 'weights': 'distance'}. Best is trial 48 with value: 0.11281891792598638.
running
[I 2024-10-30 00:51:55,949] Trial 85 finished with value: 0.12193895388087454 and parameters: {'model_name': 'KNNImputer', 'n_neighbors': 430, 'weights': 'distance'}. Best is trial 48 with value: 0.11281891792598638.
running
[I 2024-10-30 00:51:57,015] Trial 86 finished with value: 0.12201211666380193 and parameters: {'model_name': 'KNNImputer', 'n_neighbors': 11, 'weights': 'uniform'}. Best is trial 48 with value: 0.11281891792598638.
running
[I 2024-10-30 00:51:58,008] Trial 87 finished with value: 0.11432074780673192 and parameters: {'model_name': 'KNNImputer', 'n_neighbors': 119, 'weights': 'uniform'}. Best is trial 48 with value: 0.11281891792598638.
running
[I 2024-10-30 00:51:58,648] Trial 88 finished with value: 0.11566608218326761 and parameters: {'model_name': 'KNNImputer', 'n_neighbors': 159, 'weights': 'uniform'}. Best is trial 48 with value: 0.11281891792598638.
running
[I 2024-10-30 00:52:05,876] Trial 89 finished with value: 0.139771960718685 and parameters: {'model_name': 'VAE', 'batch_size': 16, 'iterations': 1, 'learning_rate': 0.027423412981019933, 'p_miss': 0.07991680028164877}. Best is trial 48 with value: 0.11281891792598638.
running
[I 2024-10-30 00:52:06,988] Trial 90 finished with value: 0.11308952042048506 and parameters: {'model_name': 'KNNImputer', 'n_neighbors': 99, 'weights': 'uniform'}. Best is trial 48 with value: 0.11281891792598638.
running
[I 2024-10-30 00:52:08,429] Trial 91 finished with value: 0.13811552172481562 and parameters: {'model_name': 'KNNImputer', 'n_neighbors': 2101, 'weights': 'uniform'}. Best is trial 48 with value: 0.11281891792598638.
running
[I 2024-10-30 00:52:09,500] Trial 92 finished with value: 0.12275699261108938 and parameters: {'model_name': 'KNNImputer', 'n_neighbors': 427, 'weights': 'uniform'}. Best is trial 48 with value: 0.11281891792598638.
running
[I 2024-10-30 00:52:10,643] Trial 93 finished with value: 0.11541289803037517 and parameters: {'model_name': 'KNNImputer', 'n_neighbors': 154, 'weights': 'uniform'}. Best is trial 48 with value: 0.11281891792598638.
running
[I 2024-10-30 00:52:11,792] Trial 94 finished with value: 0.11899324646811042 and parameters: {'model_name': 'KNNImputer', 'n_neighbors': 254, 'weights': 'uniform'}. Best is trial 48 with value: 0.11281891792598638.
running
[I 2024-10-30 00:52:12,987] Trial 95 finished with value: 0.12399769516139494 and parameters: {'model_name': 'KNNImputer', 'n_neighbors': 502, 'weights': 'uniform'}. Best is trial 48 with value: 0.11281891792598638.
running
[I 2024-10-30 00:52:13,943] Trial 96 finished with value: 0.11412111056644099 and parameters: {'model_name': 'KNNImputer', 'n_neighbors': 114, 'weights': 'uniform'}. Best is trial 48 with value: 0.11281891792598638.
running
[I 2024-10-30 00:52:15,022] Trial 97 finished with value: 0.11345555630266549 and parameters: {'model_name': 'KNNImputer', 'n_neighbors': 103, 'weights': 'uniform'}. Best is trial 48 with value: 0.11281891792598638.
running
[I 2024-10-30 00:52:15,953] Trial 98 finished with value: 0.1204781342637418 and parameters: {'model_name': 'KNNImputer', 'n_neighbors': 318, 'weights': 'uniform'}. Best is trial 48 with value: 0.11281891792598638.
running
[I 2024-10-30 00:52:17,109] Trial 99 finished with value: 0.1297854935869941 and parameters: {'model_name': 'KNNImputer', 'n_neighbors': 1002, 'weights': 'uniform'}. Best is trial 48 with value: 0.11281891792598638.
running
[I 2024-10-30 00:52:28,853] Trial 100 finished with value: 0.3855933074482377 and parameters: {'model_name': 'GAIN', 'batch_size': 179, 'hint_rate': 0.33171536353491365, 'alpha': 60, 'iterations': 7, 'learning_rate': 0.03378999468327509, 'p_miss': 0.10521846938603202}. Best is trial 48 with value: 0.11281891792598638.
running
[I 2024-10-30 00:52:29,360] Trial 101 finished with value: 0.4950381474740926 and parameters: {'model_name': 'SimpleImputer', 'strategy': 'most_frequent'}. Best is trial 48 with value: 0.11281891792598638.
running
[I 2024-10-30 00:52:30,431] Trial 102 finished with value: 0.11330819306896942 and parameters: {'model_name': 'KNNImputer', 'n_neighbors': 101, 'weights': 'uniform'}. Best is trial 48 with value: 0.11281891792598638.
running
[I 2024-10-30 02:01:51,143] Trial 54 finished with value: 0.395431743004443 and parameters: {'model_name': 'GAIN', 'batch_size': 920, 'hint_rate': 0.10142271283355447, 'alpha': 99, 'iterations': 6767, 'learning_rate': 0.09162606985574087, 'p_miss': 0.01943797876496703}. Best is trial 48 with value: 0.11281891792598638.
running
[I 2024-10-30 02:18:22,186] Trial 71 finished with value: 0.15305872703573967 and parameters: {'model_name': 'VAE', 'batch_size': 55, 'iterations': 4104, 'learning_rate': 0.00012509118431620574, 'p_miss': 0.07443118945515716}. Best is trial 48 with value: 0.11281891792598638.
running
[I 2024-10-30 02:18:23,230] Trial 105 finished with value: 0.11682564438451123 and parameters: {'model_name': 'KNNImputer', 'n_neighbors': 112, 'weights': 'distance'}. Best is trial 48 with value: 0.11281891792598638.
running
[I 2024-10-30 02:18:24,116] Trial 106 finished with value: 0.11436842865767875 and parameters: {'model_name': 'KNNImputer', 'n_neighbors': 22, 'weights': 'uniform'}. Best is trial 48 with value: 0.11281891792598638.
running
[I 2024-10-30 02:18:24,917] Trial 107 finished with value: 0.11422144974326542 and parameters: {'model_name': 'KNNImputer', 'n_neighbors': 115, 'weights': 'uniform'}. Best is trial 48 with value: 0.11281891792598638.
running
[I 2024-10-30 02:18:25,865] Trial 108 finished with value: 0.11989551261158622 and parameters: {'model_name': 'KNNImputer', 'n_neighbors': 294, 'weights': 'uniform'}. Best is trial 48 with value: 0.11281891792598638.
running
[I 2024-10-30 02:18:26,830] Trial 109 finished with value: 0.11313374116360402 and parameters: {'model_name': 'KNNImputer', 'n_neighbors': 100, 'weights': 'uniform'}. Best is trial 48 with value: 0.11281891792598638.
running
[I 2024-10-30 02:18:27,892] Trial 110 finished with value: 0.11371330053996598 and parameters: {'model_name': 'KNNImputer', 'n_neighbors': 107, 'weights': 'uniform'}. Best is trial 48 with value: 0.11281891792598638.
running
[I 2024-10-30 02:18:28,758] Trial 111 finished with value: 0.11472078393890055 and parameters: {'model_name': 'KNNImputer', 'n_neighbors': 135, 'weights': 'uniform'}. Best is trial 48 with value: 0.11281891792598638.
running
[I 2024-10-30 02:18:29,659] Trial 112 finished with value: 0.12078722810693492 and parameters: {'model_name': 'KNNImputer', 'n_neighbors': 331, 'weights': 'uniform'}. Best is trial 48 with value: 0.11281891792598638.
running
[I 2024-10-30 02:18:30,624] Trial 113 finished with value: 0.113714065304523 and parameters: {'model_name': 'KNNImputer', 'n_neighbors': 108, 'weights': 'uniform'}. Best is trial 48 with value: 0.11281891792598638.
running
[I 2024-10-30 02:18:31,629] Trial 114 finished with value: 0.12461226340691205 and parameters: {'model_name': 'KNNImputer', 'n_neighbors': 544, 'weights': 'uniform'}. Best is trial 48 with value: 0.11281891792598638.
running
[I 2024-10-30 02:18:32,242] Trial 115 finished with value: 0.11701163600463964 and parameters: {'model_name': 'KNNImputer', 'n_neighbors': 195, 'weights': 'uniform'}. Best is trial 48 with value: 0.11281891792598638.
running
[I 2024-10-30 02:18:33,351] Trial 116 finished with value: 0.11261229477423296 and parameters: {'model_name': 'KNNImputer', 'n_neighbors': 90, 'weights': 'uniform'}. Best is trial 116 with value: 0.11261229477423296.
running
[I 2024-10-30 02:18:34,264] Trial 117 finished with value: 0.11309550464061358 and parameters: {'model_name': 'KNNImputer', 'n_neighbors': 95, 'weights': 'uniform'}. Best is trial 116 with value: 0.11261229477423296.
running
[I 2024-10-30 02:18:35,241] Trial 118 finished with value: 0.11928406965183588 and parameters: {'model_name': 'KNNImputer', 'n_neighbors': 267, 'weights': 'uniform'}. Best is trial 116 with value: 0.11261229477423296.
running
[I 2024-10-30 02:18:36,066] Trial 119 finished with value: 0.1125667677728778 and parameters: {'model_name': 'KNNImputer', 'n_neighbors': 88, 'weights': 'uniform'}. Best is trial 119 with value: 0.1125667677728778.
running
[I 2024-10-30 02:18:37,237] Trial 120 finished with value: 0.15166025009148817 and parameters: {'model_name': 'KNNImputer', 'n_neighbors': 3, 'weights': 'uniform'}. Best is trial 119 with value: 0.1125667677728778.
running
[I 2024-10-30 02:18:38,756] Trial 121 finished with value: 0.12065481727140348 and parameters: {'model_name': 'KNNImputer', 'n_neighbors': 326, 'weights': 'uniform'}. Best is trial 119 with value: 0.1125667677728778.
running
[I 2024-10-30 02:18:39,860] Trial 122 finished with value: 0.11780296990994565 and parameters: {'model_name': 'KNNImputer', 'n_neighbors': 218, 'weights': 'uniform'}. Best is trial 119 with value: 0.1125667677728778.
running
[I 2024-10-30 02:18:40,756] Trial 123 finished with value: 0.11275332185204519 and parameters: {'model_name': 'KNNImputer', 'n_neighbors': 91, 'weights': 'uniform'}. Best is trial 119 with value: 0.1125667677728778.
running
[I 2024-10-30 02:18:54,511] Trial 124 finished with value: 0.14072528301494772 and parameters: {'model_name': 'VAE', 'batch_size': 24, 'iterations': 3, 'learning_rate': 0.014020126847320047, 'p_miss': 0.29983977710827586}. Best is trial 119 with value: 0.1125667677728778.
running
[I 2024-10-30 02:18:54,943] Trial 125 finished with value: 0.139743916114038 and parameters: {'model_name': 'SimpleImputer', 'strategy': 'mean'}. Best is trial 119 with value: 0.1125667677728778.
running
[I 2024-10-30 02:18:55,970] Trial 126 finished with value: 0.11309348021129861 and parameters: {'model_name': 'KNNImputer', 'n_neighbors': 94, 'weights': 'uniform'}. Best is trial 119 with value: 0.1125667677728778.
running
[I 2024-10-30 02:18:56,959] Trial 127 finished with value: 0.11279516334627034 and parameters: {'model_name': 'KNNImputer', 'n_neighbors': 70, 'weights': 'uniform'}. Best is trial 119 with value: 0.1125667677728778.
running
[I 2024-10-30 02:18:58,161] Trial 128 finished with value: 0.11799109916206038 and parameters: {'model_name': 'KNNImputer', 'n_neighbors': 223, 'weights': 'uniform'}. Best is trial 119 with value: 0.1125667677728778.
running
[I 2024-10-30 02:18:59,069] Trial 129 finished with value: 0.11260538955034219 and parameters: {'model_name': 'KNNImputer', 'n_neighbors': 61, 'weights': 'uniform'}. Best is trial 119 with value: 0.1125667677728778.
running
[I 2024-10-30 02:18:59,952] Trial 130 finished with value: 0.1455375987254304 and parameters: {'model_name': 'KNNImputer', 'n_neighbors': 4, 'weights': 'uniform'}. Best is trial 119 with value: 0.1125667677728778.
running
[I 2024-10-30 02:19:00,977] Trial 131 finished with value: 0.12094764091613472 and parameters: {'model_name': 'KNNImputer', 'n_neighbors': 356, 'weights': 'distance'}. Best is trial 119 with value: 0.1125667677728778.
running
[I 2024-10-30 02:19:09,251] Trial 132 finished with value: 0.13175398122924867 and parameters: {'model_name': 'IterativeImputer', 'estimator': 'Ridge', 'initial_strategy': 'most_frequent', 'n_nearest_features': 2, 'imputation_order': 'arabic'}. Best is trial 119 with value: 0.1125667677728778.
running
[I 2024-10-30 02:19:10,171] Trial 133 finished with value: 0.11761956073127397 and parameters: {'model_name': 'KNNImputer', 'n_neighbors': 212, 'weights': 'uniform'}. Best is trial 119 with value: 0.1125667677728778.
running
[I 2024-10-30 02:19:11,252] Trial 134 finished with value: 0.13386790279853747 and parameters: {'model_name': 'KNNImputer', 'n_neighbors': 1437, 'weights': 'uniform'}. Best is trial 119 with value: 0.1125667677728778.
running
[I 2024-10-30 02:19:12,429] Trial 135 finished with value: 0.11281973681362471 and parameters: {'model_name': 'KNNImputer', 'n_neighbors': 56, 'weights': 'uniform'}. Best is trial 119 with value: 0.1125667677728778.
running
[I 2024-10-30 02:19:13,374] Trial 136 finished with value: 0.11260538955034219 and parameters: {'model_name': 'KNNImputer', 'n_neighbors': 61, 'weights': 'uniform'}. Best is trial 119 with value: 0.1125667677728778.
running
[I 2024-10-30 02:19:14,239] Trial 137 finished with value: 0.11247170092183174 and parameters: {'model_name': 'KNNImputer', 'n_neighbors': 64, 'weights': 'uniform'}. Best is trial 137 with value: 0.11247170092183174.
running
[I 2024-10-30 02:19:15,157] Trial 138 finished with value: 0.11697312420744546 and parameters: {'model_name': 'KNNImputer', 'n_neighbors': 194, 'weights': 'uniform'}. Best is trial 137 with value: 0.11247170092183174.
running
[I 2024-10-30 02:19:16,207] Trial 139 finished with value: 0.11321219935826003 and parameters: {'model_name': 'KNNImputer', 'n_neighbors': 46, 'weights': 'uniform'}. Best is trial 137 with value: 0.11247170092183174.
running
[I 2024-10-30 02:23:42,362] Trial 67 finished with value: 0.15252681091532388 and parameters: {'model_name': 'VAE', 'batch_size': 61, 'iterations': 4830, 'learning_rate': 0.0001221974549721784, 'p_miss': 0.010150963446623362}. Best is trial 137 with value: 0.11247170092183174.
running
[I 2024-10-30 02:25:33,704] Trial 141 finished with value: inf and parameters: {'model_name': 'GAIN', 'batch_size': 9, 'hint_rate': 0.9289349073707145, 'alpha': 51, 'iterations': 382, 'learning_rate': 0.0023792830550426972, 'p_miss': 0.1173247621446772}. Best is trial 137 with value: 0.11247170092183174.
running
[I 2024-10-30 02:25:34,360] Trial 142 finished with value: 0.11279516334627034 and parameters: {'model_name': 'KNNImputer', 'n_neighbors': 70, 'weights': 'uniform'}. Best is trial 137 with value: 0.11247170092183174.
running
[I 2024-10-30 02:25:34,925] Trial 143 finished with value: 0.20560445171445813 and parameters: {'model_name': 'KNNImputer', 'n_neighbors': 1, 'weights': 'uniform'}. Best is trial 137 with value: 0.11247170092183174.
running
[I 2024-10-30 02:25:35,545] Trial 144 finished with value: 0.11697312420744546 and parameters: {'model_name': 'KNNImputer', 'n_neighbors': 194, 'weights': 'uniform'}. Best is trial 137 with value: 0.11247170092183174.
running
[I 2024-10-30 02:25:36,511] Trial 145 finished with value: 0.12218742215726972 and parameters: {'model_name': 'KNNImputer', 'n_neighbors': 399, 'weights': 'uniform'}. Best is trial 137 with value: 0.11247170092183174.
running
[I 2024-10-30 02:25:37,343] Trial 146 finished with value: 0.11279516334627034 and parameters: {'model_name': 'KNNImputer', 'n_neighbors': 70, 'weights': 'uniform'}. Best is trial 137 with value: 0.11247170092183174.
running
[I 2024-10-30 02:25:37,927] Trial 147 finished with value: 0.11290693355231855 and parameters: {'model_name': 'KNNImputer', 'n_neighbors': 72, 'weights': 'uniform'}. Best is trial 137 with value: 0.11247170092183174.
running
[I 2024-10-30 02:25:38,473] Trial 148 finished with value: 0.11260538955034219 and parameters: {'model_name': 'KNNImputer', 'n_neighbors': 61, 'weights': 'uniform'}. Best is trial 137 with value: 0.11247170092183174.
running
[I 2024-10-30 02:25:39,020] Trial 149 finished with value: 0.11239787955190846 and parameters: {'model_name': 'KNNImputer', 'n_neighbors': 65, 'weights': 'uniform'}. Best is trial 149 with value: 0.11239787955190846.
running
[I 2024-10-30 02:25:40,122] Trial 150 finished with value: 0.11904840583617109 and parameters: {'model_name': 'KNNImputer', 'n_neighbors': 255, 'weights': 'uniform'}. Best is trial 149 with value: 0.11239787955190846.
running
[I 2024-10-30 02:25:40,996] Trial 151 finished with value: 0.11247170092183174 and parameters: {'model_name': 'KNNImputer', 'n_neighbors': 64, 'weights': 'uniform'}. Best is trial 149 with value: 0.11239787955190846.
running
[I 2024-10-30 02:25:42,023] Trial 152 finished with value: 0.11598013590244145 and parameters: {'model_name': 'KNNImputer', 'n_neighbors': 166, 'weights': 'uniform'}. Best is trial 149 with value: 0.11239787955190846.
running
[I 2024-10-30 02:25:43,005] Trial 153 finished with value: 0.11281973681362471 and parameters: {'model_name': 'KNNImputer', 'n_neighbors': 56, 'weights': 'uniform'}. Best is trial 149 with value: 0.11239787955190846.
running
[I 2024-10-30 02:25:51,995] Trial 154 finished with value: 0.1287517029129325 and parameters: {'model_name': 'IterativeImputer', 'estimator': 'Bayesian', 'initial_strategy': 'most_frequent', 'n_nearest_features': 3, 'imputation_order': 'descending', 'sample_posterior': False}. Best is trial 149 with value: 0.11239787955190846.
running
[I 2024-10-30 02:25:53,434] Trial 155 finished with value: 0.13389579234458437 and parameters: {'model_name': 'KNNImputer', 'n_neighbors': 2136, 'weights': 'distance'}. Best is trial 149 with value: 0.11239787955190846.
running
[I 2024-10-30 02:25:54,270] Trial 156 finished with value: 0.11273581294870345 and parameters: {'model_name': 'KNNImputer', 'n_neighbors': 68, 'weights': 'uniform'}. Best is trial 149 with value: 0.11239787955190846.
running
[I 2024-10-30 02:25:55,391] Trial 157 finished with value: 0.1152982216863492 and parameters: {'model_name': 'KNNImputer', 'n_neighbors': 147, 'weights': 'uniform'}. Best is trial 149 with value: 0.11239787955190846.
running
[I 2024-10-30 02:25:56,425] Trial 158 finished with value: 0.11247170092183174 and parameters: {'model_name': 'KNNImputer', 'n_neighbors': 64, 'weights': 'uniform'}. Best is trial 149 with value: 0.11239787955190846.
running
[I 2024-10-30 02:25:57,295] Trial 159 finished with value: 0.11571256524368805 and parameters: {'model_name': 'KNNImputer', 'n_neighbors': 161, 'weights': 'uniform'}. Best is trial 149 with value: 0.11239787955190846.
running
[I 2024-10-30 02:25:58,293] Trial 160 finished with value: 0.11939938828507138 and parameters: {'model_name': 'KNNImputer', 'n_neighbors': 271, 'weights': 'uniform'}. Best is trial 149 with value: 0.11239787955190846.
running
[I 2024-10-30 02:25:58,646] Trial 161 finished with value: 0.4950381474740926 and parameters: {'model_name': 'SimpleImputer', 'strategy': 'constant'}. Best is trial 149 with value: 0.11239787955190846.
running
[I 2024-10-30 02:25:59,371] Trial 162 finished with value: 0.1129102318365545 and parameters: {'model_name': 'KNNImputer', 'n_neighbors': 55, 'weights': 'uniform'}. Best is trial 149 with value: 0.11239787955190846.
running
[I 2024-10-30 02:26:00,332] Trial 163 finished with value: 0.13974391611403797 and parameters: {'model_name': 'KNNImputer', 'n_neighbors': 3045, 'weights': 'uniform'}. Best is trial 149 with value: 0.11239787955190846.
running
[I 2024-10-30 02:26:01,112] Trial 164 finished with value: 0.1162231532506706 and parameters: {'model_name': 'KNNImputer', 'n_neighbors': 175, 'weights': 'uniform'}. Best is trial 149 with value: 0.11239787955190846.
running
[I 2024-10-30 02:26:01,709] Trial 165 finished with value: 0.11239787955190846 and parameters: {'model_name': 'KNNImputer', 'n_neighbors': 65, 'weights': 'uniform'}. Best is trial 149 with value: 0.11239787955190846.
running
[I 2024-10-30 02:26:02,366] Trial 166 finished with value: 0.11253206067399404 and parameters: {'model_name': 'KNNImputer', 'n_neighbors': 67, 'weights': 'uniform'}. Best is trial 149 with value: 0.11239787955190846.
running
[I 2024-10-30 02:26:03,143] Trial 167 finished with value: 0.15166025009148817 and parameters: {'model_name': 'KNNImputer', 'n_neighbors': 3, 'weights': 'uniform'}. Best is trial 149 with value: 0.11239787955190846.
running
[I 2024-10-30 02:26:04,068] Trial 168 finished with value: 0.11290693355231855 and parameters: {'model_name': 'KNNImputer', 'n_neighbors': 72, 'weights': 'uniform'}. Best is trial 149 with value: 0.11239787955190846.
running
[I 2024-10-30 02:26:05,011] Trial 169 finished with value: 0.11524391389839113 and parameters: {'model_name': 'KNNImputer', 'n_neighbors': 148, 'weights': 'uniform'}. Best is trial 149 with value: 0.11239787955190846.
running
[I 2024-10-30 02:26:06,102] Trial 170 finished with value: 0.1193031619124105 and parameters: {'model_name': 'KNNImputer', 'n_neighbors': 265, 'weights': 'uniform'}. Best is trial 149 with value: 0.11239787955190846.
running
[I 2024-10-30 02:26:24,593] Trial 171 finished with value: 0.37090059074362686 and parameters: {'model_name': 'GAIN', 'batch_size': 33, 'hint_rate': 0.27478733421463963, 'alpha': 69, 'iterations': 13, 'learning_rate': 0.0004002650081201288, 'p_miss': 0.21040393567587581}. Best is trial 149 with value: 0.11239787955190846.
running
[I 2024-10-30 02:26:25,420] Trial 172 finished with value: 0.11242595882215975 and parameters: {'model_name': 'KNNImputer', 'n_neighbors': 66, 'weights': 'uniform'}. Best is trial 149 with value: 0.11239787955190846.
running
[I 2024-10-30 02:32:29,435] Trial 104 finished with value: 0.15160971174409002 and parameters: {'model_name': 'VAE', 'batch_size': 26, 'iterations': 551, 'learning_rate': 0.00048377555484388203, 'p_miss': 0.06369951826572005}. Best is trial 149 with value: 0.11239787955190846.
running
[I 2024-10-30 02:32:30,536] Trial 174 finished with value: 0.12859050221902946 and parameters: {'model_name': 'KNNImputer', 'n_neighbors': 877, 'weights': 'uniform'}. Best is trial 149 with value: 0.11239787955190846.
running
[I 2024-10-30 02:32:31,495] Trial 175 finished with value: 0.11510257739532373 and parameters: {'model_name': 'KNNImputer', 'n_neighbors': 143, 'weights': 'uniform'}. Best is trial 149 with value: 0.11239787955190846.
running
[I 2024-10-30 02:32:32,426] Trial 176 finished with value: 0.11275477649827866 and parameters: {'model_name': 'KNNImputer', 'n_neighbors': 69, 'weights': 'uniform'}. Best is trial 149 with value: 0.11239787955190846.
running
[I 2024-10-30 02:32:33,324] Trial 177 finished with value: 0.11260538955034219 and parameters: {'model_name': 'KNNImputer', 'n_neighbors': 61, 'weights': 'uniform'}. Best is trial 149 with value: 0.11239787955190846.
running
[I 2024-10-30 02:32:34,398] Trial 178 finished with value: 0.11771645358451233 and parameters: {'model_name': 'KNNImputer', 'n_neighbors': 215, 'weights': 'uniform'}. Best is trial 149 with value: 0.11239787955190846.
running
[I 2024-10-30 02:32:35,315] Trial 179 finished with value: 0.11571256524368805 and parameters: {'model_name': 'KNNImputer', 'n_neighbors': 161, 'weights': 'uniform'}. Best is trial 149 with value: 0.11239787955190846.
running
[I 2024-10-30 02:32:36,166] Trial 180 finished with value: 0.1126113792067986 and parameters: {'model_name': 'KNNImputer', 'n_neighbors': 62, 'weights': 'uniform'}. Best is trial 149 with value: 0.11239787955190846.
running
[I 2024-10-30 02:32:37,026] Trial 181 finished with value: 0.11762540772348984 and parameters: {'model_name': 'KNNImputer', 'n_neighbors': 14, 'weights': 'uniform'}. Best is trial 149 with value: 0.11239787955190846.
running
[I 2024-10-30 02:32:38,247] Trial 182 finished with value: 0.13316465860917126 and parameters: {'model_name': 'KNNImputer', 'n_neighbors': 1351, 'weights': 'uniform'}. Best is trial 149 with value: 0.11239787955190846.
running
[I 2024-10-30 02:32:39,217] Trial 183 finished with value: 0.11423047014693297 and parameters: {'model_name': 'KNNImputer', 'n_neighbors': 118, 'weights': 'uniform'}. Best is trial 149 with value: 0.11239787955190846.
running
[I 2024-10-30 02:32:40,472] Trial 184 finished with value: 0.11907477369382109 and parameters: {'model_name': 'KNNImputer', 'n_neighbors': 237, 'weights': 'distance'}. Best is trial 149 with value: 0.11239787955190846.
running
[I 2024-10-30 02:32:41,454] Trial 185 finished with value: 0.1198819578279016 and parameters: {'model_name': 'KNNImputer', 'n_neighbors': 292, 'weights': 'uniform'}. Best is trial 149 with value: 0.11239787955190846.
running
[I 2024-10-30 02:32:42,455] Trial 186 finished with value: 0.112656572543731 and parameters: {'model_name': 'KNNImputer', 'n_neighbors': 84, 'weights': 'uniform'}. Best is trial 149 with value: 0.11239787955190846.
running
[I 2024-10-30 02:32:43,524] Trial 187 finished with value: 0.1455375987254304 and parameters: {'model_name': 'KNNImputer', 'n_neighbors': 4, 'weights': 'uniform'}. Best is trial 149 with value: 0.11239787955190846.
running
[I 2024-10-30 02:32:44,509] Trial 188 finished with value: 0.11251245767269018 and parameters: {'model_name': 'KNNImputer', 'n_neighbors': 80, 'weights': 'uniform'}. Best is trial 149 with value: 0.11239787955190846.
running
[I 2024-10-30 02:32:45,583] Trial 189 finished with value: 0.1152982216863492 and parameters: {'model_name': 'KNNImputer', 'n_neighbors': 147, 'weights': 'uniform'}. Best is trial 149 with value: 0.11239787955190846.
running
[I 2024-10-30 02:32:46,654] Trial 190 finished with value: 0.1131136926817389 and parameters: {'model_name': 'KNNImputer', 'n_neighbors': 96, 'weights': 'uniform'}. Best is trial 149 with value: 0.11239787955190846.
running
[I 2024-10-30 02:32:47,677] Trial 191 finished with value: 0.11752001481610186 and parameters: {'model_name': 'KNNImputer', 'n_neighbors': 209, 'weights': 'uniform'}. Best is trial 149 with value: 0.11239787955190846.
running
[I 2024-10-30 02:32:48,871] Trial 192 finished with value: 0.11276531412800724 and parameters: {'model_name': 'KNNImputer', 'n_neighbors': 57, 'weights': 'uniform'}. Best is trial 149 with value: 0.11239787955190846.
running
[I 2024-10-30 02:32:57,746] Trial 193 finished with value: 0.15426620950449021 and parameters: {'model_name': 'VAE', 'batch_size': 193, 'iterations': 2, 'learning_rate': 0.05093007394282281, 'p_miss': 0.12301468814014586}. Best is trial 149 with value: 0.11239787955190846.
running
[I 2024-10-30 02:33:04,777] Trial 194 finished with value: 0.1279013552486725 and parameters: {'model_name': 'IterativeImputer', 'estimator': 'Ridge', 'initial_strategy': 'mean', 'n_nearest_features': 2, 'imputation_order': 'random'}. Best is trial 149 with value: 0.11239787955190846.
running
[I 2024-10-30 02:33:05,164] Trial 195 finished with value: 0.13359113844923703 and parameters: {'model_name': 'SimpleImputer', 'strategy': 'median'}. Best is trial 149 with value: 0.11239787955190846.
running
[I 2024-10-30 02:33:06,222] Trial 196 finished with value: 0.13974391611403797 and parameters: {'model_name': 'KNNImputer', 'n_neighbors': 2758, 'weights': 'uniform'}. Best is trial 149 with value: 0.11239787955190846.
running
[I 2024-10-30 02:33:07,280] Trial 197 finished with value: 0.11247170092183174 and parameters: {'model_name': 'KNNImputer', 'n_neighbors': 64, 'weights': 'uniform'}. Best is trial 149 with value: 0.11239787955190846.
running
[I 2024-10-30 02:33:08,237] Trial 198 finished with value: 0.11449679949120908 and parameters: {'model_name': 'KNNImputer', 'n_neighbors': 126, 'weights': 'uniform'}. Best is trial 149 with value: 0.11239787955190846.
running
[I 2024-10-30 02:33:09,040] Trial 199 finished with value: 0.20560445171445813 and parameters: {'model_name': 'KNNImputer', 'n_neighbors': 1, 'weights': 'uniform'}. Best is trial 149 with value: 0.11239787955190846.
[I 2024-10-30 02:33:29,205] Trial 140 finished with value: 0.383596678792392 and parameters: {'model_name': 'GAIN', 'batch_size': 29, 'hint_rate': 0.9762364752348314, 'alpha': 48, 'iterations': 607, 'learning_rate': 0.0004641812222312311, 'p_miss': 0.11630382335464923}. Best is trial 149 with value: 0.11239787955190846.
[I 2024-10-30 02:35:14,245] Trial 173 finished with value: 0.14676866188879478 and parameters: {'model_name': 'VAE', 'batch_size': 167, 'iterations': 144, 'learning_rate': 0.000597234233764079, 'p_miss': 0.04995480230444428}. Best is trial 149 with value: 0.11239787955190846.
[I 2024-10-30 02:40:09,999] Trial 52 finished with value: 0.39532870278098925 and parameters: {'model_name': 'GAIN', 'batch_size': 844, 'hint_rate': 0.044818341490392766, 'alpha': 93, 'iterations': 8494, 'learning_rate': 0.08038009429696884, 'p_miss': 0.016501209787312343}. Best is trial 149 with value: 0.11239787955190846.
[I 2024-10-30 03:10:47,877] Trial 53 finished with value: 0.39737499790850184 and parameters: {'model_name': 'GAIN', 'batch_size': 985, 'hint_rate': 0.04024197377442701, 'alpha': 86, 'iterations': 9536, 'learning_rate': 0.08264330612733009, 'p_miss': 0.015570660992047125}. Best is trial 149 with value: 0.11239787955190846.
[I 2024-10-30 04:11:34,772] Trial 63 finished with value: 0.1497159423169357 and parameters: {'model_name': 'VAE', 'batch_size': 82, 'iterations': 6914, 'learning_rate': 0.00010122620089905149, 'p_miss': 0.04047841831150481}. Best is trial 149 with value: 0.11239787955190846.
[I 2024-10-30 04:28:46,353] Trial 62 finished with value: 0.14899442701383467 and parameters: {'model_name': 'VAE', 'batch_size': 97, 'iterations': 8094, 'learning_rate': 0.000104341900814877, 'p_miss': 0.029130770248193688}. Best is trial 149 with value: 0.11239787955190846.
[I 2024-10-30 04:33:19,117] Trial 56 finished with value: 0.14856428316322998 and parameters: {'model_name': 'VAE', 'batch_size': 983, 'iterations': 5907, 'learning_rate': 0.08264055572136132, 'p_miss': 0.021640208960141488}. Best is trial 149 with value: 0.11239787955190846.
[I 2024-10-30 04:33:53,725] Trial 64 finished with value: 0.15412969624769332 and parameters: {'model_name': 'VAE', 'batch_size': 58, 'iterations': 9485, 'learning_rate': 0.06281956162786238, 'p_miss': 0.03435979943145752}. Best is trial 149 with value: 0.11239787955190846.
[I 2024-10-30 04:42:49,719] Trial 82 finished with value: 0.1513372502732444 and parameters: {'model_name': 'VAE', 'batch_size': 17, 'iterations': 7824, 'learning_rate': 0.027482453127424773, 'p_miss': 0.076294312272051}. Best is trial 149 with value: 0.11239787955190846.
[I 2024-10-30 04:46:27,832] Trial 103 finished with value: 0.1536439165065709 and parameters: {'model_name': 'VAE', 'batch_size': 44, 'iterations': 7192, 'learning_rate': 0.00046500701870244446, 'p_miss': 0.06978542776914855}. Best is trial 149 with value: 0.11239787955190846.
[I 2024-10-30 04:47:35,255] Trial 58 finished with value: 0.14917961030100427 and parameters: {'model_name': 'VAE', 'batch_size': 522, 'iterations': 8185, 'learning_rate': 0.09030475718320503, 'p_miss': 0.015254837886182648}. Best is trial 149 with value: 0.11239787955190846.
[I 2024-10-30 04:47:49,451] Trial 65 finished with value: 0.15075397576967117 and parameters: {'model_name': 'VAE', 'batch_size': 76, 'iterations': 9108, 'learning_rate': 0.00010909247397779364, 'p_miss': 0.016362785390760748}. Best is trial 149 with value: 0.11239787955190846.
[I 2024-10-30 04:48:02,632] Trial 75 finished with value: 0.15274925103648815 and parameters: {'model_name': 'VAE', 'batch_size': 20, 'iterations': 9553, 'learning_rate': 0.07153085200172599, 'p_miss': 0.08710001974958913}. Best is trial 149 with value: 0.11239787955190846.
[I 2024-10-30 04:48:04,891] Trial 81 finished with value: 0.14916850636221834 and parameters: {'model_name': 'VAE', 'batch_size': 19, 'iterations': 9354, 'learning_rate': 0.07795955724554762, 'p_miss': 0.08189391130910609}. Best is trial 149 with value: 0.11239787955190846.
[I 2024-10-30 04:48:33,783] Trial 70 finished with value: 0.1498207800593925 and parameters: {'model_name': 'VAE', 'batch_size': 75, 'iterations': 8716, 'learning_rate': 0.09241484175727646, 'p_miss': 0.03618036187360105}. Best is trial 149 with value: 0.11239787955190846.
fit
auto fit
auto transform
0    0
1    0
2    0
3    0
4    0
dtype: int64
0    0
1    0
2    0
3    0
4    0
dtype: int64
0.11239787955190846
{'model_name': 'KNNImputer', 'n_neighbors': 65, 'weights': 'uniform'}
running experiment 2/3 - Does reconstruction give good automl predictions
Start est fit
Version 0.1.7a0 of tpot2 is outdated. Version 0.1.8a0 was released Tuesday September 17, 2024.
Version 0.1.7a0 of tpot2 is outdated. Version 0.1.8a0 was released Tuesday September 17, 2024.
Version 0.1.7a0 of tpot2 is outdated. Version 0.1.8a0 was released Tuesday September 17, 2024.
Version 0.1.7a0 of tpot2 is outdated. Version 0.1.8a0 was released Tuesday September 17, 2024.
Version 0.1.7a0 of tpot2 is outdated. Version 0.1.8a0 was released Tuesday September 17, 2024.
Version 0.1.7a0 of tpot2 is outdated. Version 0.1.8a0 was released Tuesday September 17, 2024.
Version 0.1.7a0 of tpot2 is outdated. Version 0.1.8a0 was released Tuesday September 17, 2024.
Version 0.1.7a0 of tpot2 is outdated. Version 0.1.8a0 was released Tuesday September 17, 2024.
Version 0.1.7a0 of tpot2 is outdated. Version 0.1.8a0 was released Tuesday September 17, 2024.
Version 0.1.7a0 of tpot2 is outdated. Version 0.1.8a0 was released Tuesday September 17, 2024.
Version 0.1.7a0 of tpot2 is outdated. Version 0.1.8a0 was released Tuesday September 17, 2024.
Version 0.1.7a0 of tpot2 is outdated. Version 0.1.8a0 was released Tuesday September 17, 2024.
Version 0.1.7a0 of tpot2 is outdated. Version 0.1.8a0 was released Tuesday September 17, 2024.
Version 0.1.7a0 of tpot2 is outdated. Version 0.1.8a0 was released Tuesday September 17, 2024.
Version 0.1.7a0 of tpot2 is outdated. Version 0.1.8a0 was released Tuesday September 17, 2024.
Version 0.1.7a0 of tpot2 is outdated. Version 0.1.8a0 was released Tuesday September 17, 2024.
  0%|          | 0/25 [00:00<?, ?it/s]Generation:   0%|          | 0/25 [00:00<?, ?it/s]Generation:  1
Best f1_score score: 0.5148593995692868
Generation:   4%|         | 1/25 [00:09<03:43,  9.31s/it]Generation:  2
Best f1_score score: 0.5212769291250499
Generation:   8%|         | 2/25 [00:27<05:37, 14.66s/it]Generation:  3
Best f1_score score: 0.5212769291250499
Generation:  12%|        | 3/25 [00:38<04:46, 13.02s/it]Generation:  4
Best f1_score score: 0.5222606142296218
Generation:  16%|        | 4/25 [01:04<06:16, 17.91s/it]Generation:  5
Best f1_score score: 0.5222606142296218
Generation:  20%|        | 5/25 [01:21<05:53, 17.70s/it]Generation:  6
Best f1_score score: 0.5222606142296218
Generation:  24%|       | 6/25 [01:39<05:40, 17.91s/it]Generation:  7
Best f1_score score: 0.5222606142296218
Generation:  28%|       | 7/25 [01:53<04:59, 16.64s/it]Generation:  8
Best f1_score score: 0.530232907519617
Generation:  32%|      | 8/25 [02:06<04:23, 15.51s/it]Generation:  9
Best f1_score score: 0.530232907519617
Generation:  36%|      | 9/25 [02:21<04:05, 15.33s/it]Generation:  10
Best f1_score score: 0.530232907519617
Generation:  40%|      | 10/25 [02:37<03:51, 15.46s/it]Generation:  11
Best f1_score score: 0.530232907519617
Generation:  44%|     | 11/25 [02:52<03:34, 15.31s/it]Generation:  12
Best f1_score score: 0.530232907519617
Generation:  48%|     | 12/25 [03:08<03:19, 15.37s/it]Generation:  13
Best f1_score score: 0.530232907519617
Generation:  52%|    | 13/25 [03:34<03:43, 18.66s/it]Generation:  14
Best f1_score score: 0.530232907519617
Generation:  56%|    | 14/25 [04:22<05:02, 27.50s/it]Generation:  15
Best f1_score score: 0.530232907519617
Generation:  60%|    | 15/25 [05:47<07:27, 44.79s/it]Generation:  16
Best f1_score score: 0.530232907519617
Generation:  64%|   | 16/25 [06:02<05:22, 35.83s/it]Generation:  17
Best f1_score score: 0.530232907519617
Generation:  68%|   | 17/25 [06:19<04:01, 30.18s/it]Generation:  18
Best f1_score score: 0.530232907519617
Generation:  72%|  | 18/25 [06:37<03:06, 26.58s/it]Generation:  19
Best f1_score score: 0.530232907519617
Generation:  76%|  | 19/25 [06:56<02:26, 24.41s/it]Generation:  20
Best f1_score score: 0.530232907519617
Generation:  80%|  | 20/25 [07:15<01:52, 22.59s/it]Generation:  21
Best f1_score score: 0.530232907519617
Generation:  84%| | 21/25 [07:35<01:27, 21.91s/it]Generation:  22
Best f1_score score: 0.530232907519617
Generation:  88%| | 22/25 [07:56<01:04, 21.60s/it]Generation:  23
Best f1_score score: 0.530232907519617
Generation:  92%|| 23/25 [08:15<00:41, 20.95s/it]Generation:  24
Best f1_score score: 0.530232907519617
Generation:  96%|| 24/25 [08:37<00:21, 21.08s/it]Generation:  25
Best f1_score score: 0.530232907519617
Generation: 100%|| 25/25 [08:59<00:00, 21.36s/it]Generation: 100%|| 25/25 [09:03<00:00, 21.74s/it]
2024-10-30 04:57:49,011 - distributed.scheduler - ERROR - Removing worker 'tcp://127.0.0.1:33769' caused the cluster to lose scattered data, which can't be recovered: {'ndarray-2c00092ba1cd743626b416db9c976854', 'ndarray-5a27852f3393e60a78c28c6093aac2a9'} (stimulus_id='handle-worker-cleanup-1730289469.0115955')
Fitted
Pipeline(steps=[('adaboostclassifier',
                 AdaBoostClassifier(learning_rate=1.543408455936,
                                    n_estimators=202))])
score start
train score: {'auroc': 0.7414158455846497, 'accuracy': 0.6760883690708253, 'balanced_accuracy': 0.6760883690708253, 'logloss': 0.6919957273602854, 'f1': 0.6760825909879917}
original test score: {'auroc': 0.5184617979423175, 'accuracy': 0.509090909090909, 'balanced_accuracy': 0.509090909090909, 'logloss': 0.6927970463644283, 'f1': 0.5090875971502591}
imputed test score: {'auroc': 0.5128756957328386, 'accuracy': 0.5, 'balanced_accuracy': 0.5, 'logloss': 0.6928523278810335, 'f1': 0.499999156686046}
score end
check intended
EXP2 Finished
running experiment 3/3 - What is the best automl settings?
<tpot2.search_spaces.pipelines.sequential.SequentialPipeline object at 0x1554350145e0>
Start tpot fit
Version 0.1.7a0 of tpot2 is outdated. Version 0.1.8a0 was released Tuesday September 17, 2024.
Version 0.1.7a0 of tpot2 is outdated. Version 0.1.8a0 was released Tuesday September 17, 2024.
Version 0.1.7a0 of tpot2 is outdated. Version 0.1.8a0 was released Tuesday September 17, 2024.
Version 0.1.7a0 of tpot2 is outdated. Version 0.1.8a0 was released Tuesday September 17, 2024.
Version 0.1.7a0 of tpot2 is outdated. Version 0.1.8a0 was released Tuesday September 17, 2024.
Version 0.1.7a0 of tpot2 is outdated. Version 0.1.8a0 was released Tuesday September 17, 2024.
Version 0.1.7a0 of tpot2 is outdated. Version 0.1.8a0 was released Tuesday September 17, 2024.
Version 0.1.7a0 of tpot2 is outdated. Version 0.1.8a0 was released Tuesday September 17, 2024.
Version 0.1.7a0 of tpot2 is outdated. Version 0.1.8a0 was released Tuesday September 17, 2024.
Version 0.1.7a0 of tpot2 is outdated. Version 0.1.8a0 was released Tuesday September 17, 2024.
Version 0.1.7a0 of tpot2 is outdated. Version 0.1.8a0 was released Tuesday September 17, 2024.
Version 0.1.7a0 of tpot2 is outdated. Version 0.1.8a0 was released Tuesday September 17, 2024.
Version 0.1.7a0 of tpot2 is outdated. Version 0.1.8a0 was released Tuesday September 17, 2024.
Version 0.1.7a0 of tpot2 is outdated. Version 0.1.8a0 was released Tuesday September 17, 2024.
Version 0.1.7a0 of tpot2 is outdated. Version 0.1.8a0 was released Tuesday September 17, 2024.
Version 0.1.7a0 of tpot2 is outdated. Version 0.1.8a0 was released Tuesday September 17, 2024.
  0%|          | 0/25 [00:00<?, ?it/s]Generation:   0%|          | 0/25 [00:00<?, ?it/s]WARNING THIS INDIVIDUAL CAUSED AND EXCEPTION 
 <tpot2.search_spaces.pipelines.sequential.SequentialPipelineIndividual object at 0x155474d25f90> 
 Input X contains NaN.
MultinomialNB does not accept missing values encoded as NaN natively. For supervised learning, you might want to consider sklearn.ensemble.HistGradientBoostingClassifier and Regressor which accept missing values encoded as NaNs natively. Alternatively, it is possible to preprocess the data, for instance by using an imputer transformer in a pipeline or drop samples with missing values. See https://scikit-learn.org/stable/modules/impute.html You can find a list of all estimators that handle NaN values at the following page: https://scikit-learn.org/stable/modules/impute.html#estimators-that-handle-nan-values 
 Traceback (most recent call last):
  File "/common/ketrong/tpotexp/tpot2/tpot2/utils/eval_utils.py", line 53, in objective_nan_wrapper
    value = func_timeout.func_timeout(timeout, objective_function, args=[individual], kwargs=objective_kwargs)
  File "/common/ketrong/tpotexp/env/lib/python3.10/site-packages/func_timeout/dafunc.py", line 108, in func_timeout
    raise_exception(exception)
  File "/common/ketrong/tpotexp/env/lib/python3.10/site-packages/func_timeout/py3_raise.py", line 7, in raise_exception
    raise exception[0] from None
  File "/common/ketrong/tpotexp/tpot2/tpot2/tpot_estimator/estimator.py", line 623, in objective_function
    return objective_function_generator(
  File "/common/ketrong/tpotexp/tpot2/tpot2/tpot_estimator/estimator_utils.py", line 55, in objective_function_generator
    cv_obj_scores = cross_val_score_objective(sklearn.base.clone(pipeline),x,y,scorers=scorers, cv=cv , fold=step)
  File "/common/ketrong/tpotexp/tpot2/tpot2/tpot_estimator/cross_val_utils.py", line 28, in cross_val_score_objective
    this_fold_pipeline.fit(X_train,y_train)
  File "/common/ketrong/tpotexp/env/lib/python3.10/site-packages/sklearn/base.py", line 1473, in wrapper
    return fit_method(estimator, *args, **kwargs)
  File "/common/ketrong/tpotexp/env/lib/python3.10/site-packages/sklearn/pipeline.py", line 473, in fit
    self._final_estimator.fit(Xt, y, **last_step_params["fit"])
  File "/common/ketrong/tpotexp/env/lib/python3.10/site-packages/sklearn/base.py", line 1473, in wrapper
    return fit_method(estimator, *args, **kwargs)
  File "/common/ketrong/tpotexp/env/lib/python3.10/site-packages/sklearn/naive_bayes.py", line 732, in fit
    X, y = self._check_X_y(X, y)
  File "/common/ketrong/tpotexp/env/lib/python3.10/site-packages/sklearn/naive_bayes.py", line 578, in _check_X_y
    return self._validate_data(X, y, accept_sparse="csr", reset=reset)
  File "/common/ketrong/tpotexp/env/lib/python3.10/site-packages/sklearn/base.py", line 650, in _validate_data
    X, y = check_X_y(X, y, **check_params)
  File "/common/ketrong/tpotexp/env/lib/python3.10/site-packages/sklearn/utils/validation.py", line 1301, in check_X_y
    X = check_array(
  File "/common/ketrong/tpotexp/env/lib/python3.10/site-packages/sklearn/utils/validation.py", line 1064, in check_array
    _assert_all_finite(
  File "/common/ketrong/tpotexp/env/lib/python3.10/site-packages/sklearn/utils/validation.py", line 123, in _assert_all_finite
    _assert_all_finite_element_wise(
  File "/common/ketrong/tpotexp/env/lib/python3.10/site-packages/sklearn/utils/validation.py", line 172, in _assert_all_finite_element_wise
    raise ValueError(msg_err)
ValueError: Input X contains NaN.
MultinomialNB does not accept missing values encoded as NaN natively. For supervised learning, you might want to consider sklearn.ensemble.HistGradientBoostingClassifier and Regressor which accept missing values encoded as NaNs natively. Alternatively, it is possible to preprocess the data, for instance by using an imputer transformer in a pipeline or drop samples with missing values. See https://scikit-learn.org/stable/modules/impute.html You can find a list of all estimators that handle NaN values at the following page: https://scikit-learn.org/stable/modules/impute.html#estimators-that-handle-nan-values

Generation:  1
Best f1_score score: 0.5097255358336759
Generation:   4%|         | 1/25 [04:11<1:40:31, 251.30s/it]Generation:  2
Best f1_score score: 0.5157098741908425
Generation:   8%|         | 2/25 [07:13<1:20:41, 210.49s/it]Generation:  3
Best f1_score score: 0.5157098741908425
Generation:  12%|        | 3/25 [10:14<1:12:21, 197.34s/it]Generation:  4
Best f1_score score: 0.5157098741908425
Generation:  16%|        | 4/25 [13:17<1:06:58, 191.35s/it]WARNING THIS INDIVIDUAL CAUSED AND EXCEPTION 
 <tpot2.search_spaces.pipelines.sequential.SequentialPipelineIndividual object at 0x155456a3ff40> 
 Input X contains NaN.
ExtraTreesClassifier does not accept missing values encoded as NaN natively. For supervised learning, you might want to consider sklearn.ensemble.HistGradientBoostingClassifier and Regressor which accept missing values encoded as NaNs natively. Alternatively, it is possible to preprocess the data, for instance by using an imputer transformer in a pipeline or drop samples with missing values. See https://scikit-learn.org/stable/modules/impute.html You can find a list of all estimators that handle NaN values at the following page: https://scikit-learn.org/stable/modules/impute.html#estimators-that-handle-nan-values 
 Traceback (most recent call last):
  File "/common/ketrong/tpotexp/tpot2/tpot2/utils/eval_utils.py", line 53, in objective_nan_wrapper
    value = func_timeout.func_timeout(timeout, objective_function, args=[individual], kwargs=objective_kwargs)
  File "/common/ketrong/tpotexp/env/lib/python3.10/site-packages/func_timeout/dafunc.py", line 108, in func_timeout
    raise_exception(exception)
  File "/common/ketrong/tpotexp/env/lib/python3.10/site-packages/func_timeout/py3_raise.py", line 7, in raise_exception
    raise exception[0] from None
  File "/common/ketrong/tpotexp/tpot2/tpot2/tpot_estimator/estimator.py", line 623, in objective_function
    return objective_function_generator(
  File "/common/ketrong/tpotexp/tpot2/tpot2/tpot_estimator/estimator_utils.py", line 55, in objective_function_generator
    cv_obj_scores = cross_val_score_objective(sklearn.base.clone(pipeline),x,y,scorers=scorers, cv=cv , fold=step)
  File "/common/ketrong/tpotexp/tpot2/tpot2/tpot_estimator/cross_val_utils.py", line 28, in cross_val_score_objective
    this_fold_pipeline.fit(X_train,y_train)
  File "/common/ketrong/tpotexp/env/lib/python3.10/site-packages/sklearn/base.py", line 1473, in wrapper
    return fit_method(estimator, *args, **kwargs)
  File "/common/ketrong/tpotexp/env/lib/python3.10/site-packages/sklearn/pipeline.py", line 473, in fit
    self._final_estimator.fit(Xt, y, **last_step_params["fit"])
  File "/common/ketrong/tpotexp/env/lib/python3.10/site-packages/sklearn/base.py", line 1473, in wrapper
    return fit_method(estimator, *args, **kwargs)
  File "/common/ketrong/tpotexp/env/lib/python3.10/site-packages/sklearn/ensemble/_forest.py", line 377, in fit
    estimator._compute_missing_values_in_feature_mask(
  File "/common/ketrong/tpotexp/env/lib/python3.10/site-packages/sklearn/tree/_classes.py", line 214, in _compute_missing_values_in_feature_mask
    assert_all_finite(X, **common_kwargs)
  File "/common/ketrong/tpotexp/env/lib/python3.10/site-packages/sklearn/utils/validation.py", line 213, in assert_all_finite
    _assert_all_finite(
  File "/common/ketrong/tpotexp/env/lib/python3.10/site-packages/sklearn/utils/validation.py", line 123, in _assert_all_finite
    _assert_all_finite_element_wise(
  File "/common/ketrong/tpotexp/env/lib/python3.10/site-packages/sklearn/utils/validation.py", line 172, in _assert_all_finite_element_wise
    raise ValueError(msg_err)
ValueError: Input X contains NaN.
ExtraTreesClassifier does not accept missing values encoded as NaN natively. For supervised learning, you might want to consider sklearn.ensemble.HistGradientBoostingClassifier and Regressor which accept missing values encoded as NaNs natively. Alternatively, it is possible to preprocess the data, for instance by using an imputer transformer in a pipeline or drop samples with missing values. See https://scikit-learn.org/stable/modules/impute.html You can find a list of all estimators that handle NaN values at the following page: https://scikit-learn.org/stable/modules/impute.html#estimators-that-handle-nan-values

Generation:  5
Best f1_score score: 0.520007121835944
Generation:  20%|        | 5/25 [16:18<1:02:36, 187.81s/it]Generation:  6
Best f1_score score: 0.520007121835944
Generation:  24%|       | 6/25 [24:48<1:34:10, 297.41s/it]Generation:  7
Best f1_score score: 0.5280733829635949
Generation:  28%|       | 7/25 [27:56<1:18:30, 261.71s/it]Generation:  8
Best f1_score score: 0.5280733829635949
Generation:  32%|      | 8/25 [31:02<1:07:15, 237.38s/it]Generation:  9
Best f1_score score: 0.5280733829635949
Generation:  36%|      | 9/25 [34:04<58:41, 220.06s/it]  WARNING THIS INDIVIDUAL CAUSED AND EXCEPTION 
 <tpot2.search_spaces.pipelines.sequential.SequentialPipelineIndividual object at 0x15545543e8f0> 
 The 'min_samples_split' parameter of DecisionTreeClassifier must be an int in the range [2, inf) or a float in the range (0.0, 1.0]. Got 1 instead. 
 Traceback (most recent call last):
  File "/common/ketrong/tpotexp/tpot2/tpot2/utils/eval_utils.py", line 53, in objective_nan_wrapper
    value = func_timeout.func_timeout(timeout, objective_function, args=[individual], kwargs=objective_kwargs)
  File "/common/ketrong/tpotexp/env/lib/python3.10/site-packages/func_timeout/dafunc.py", line 108, in func_timeout
    raise_exception(exception)
  File "/common/ketrong/tpotexp/env/lib/python3.10/site-packages/func_timeout/py3_raise.py", line 7, in raise_exception
    raise exception[0] from None
  File "/common/ketrong/tpotexp/tpot2/tpot2/tpot_estimator/estimator.py", line 623, in objective_function
    return objective_function_generator(
  File "/common/ketrong/tpotexp/tpot2/tpot2/tpot_estimator/estimator_utils.py", line 55, in objective_function_generator
    cv_obj_scores = cross_val_score_objective(sklearn.base.clone(pipeline),x,y,scorers=scorers, cv=cv , fold=step)
  File "/common/ketrong/tpotexp/tpot2/tpot2/tpot_estimator/cross_val_utils.py", line 28, in cross_val_score_objective
    this_fold_pipeline.fit(X_train,y_train)
  File "/common/ketrong/tpotexp/env/lib/python3.10/site-packages/sklearn/base.py", line 1473, in wrapper
    return fit_method(estimator, *args, **kwargs)
  File "/common/ketrong/tpotexp/env/lib/python3.10/site-packages/sklearn/pipeline.py", line 473, in fit
    self._final_estimator.fit(Xt, y, **last_step_params["fit"])
  File "/common/ketrong/tpotexp/env/lib/python3.10/site-packages/sklearn/base.py", line 1466, in wrapper
    estimator._validate_params()
  File "/common/ketrong/tpotexp/env/lib/python3.10/site-packages/sklearn/base.py", line 666, in _validate_params
    validate_parameter_constraints(
  File "/common/ketrong/tpotexp/env/lib/python3.10/site-packages/sklearn/utils/_param_validation.py", line 95, in validate_parameter_constraints
    raise InvalidParameterError(
sklearn.utils._param_validation.InvalidParameterError: The 'min_samples_split' parameter of DecisionTreeClassifier must be an int in the range [2, inf) or a float in the range (0.0, 1.0]. Got 1 instead.

Generation:  10
Best f1_score score: 0.5280733829635949
Generation:  40%|      | 10/25 [37:11<52:28, 209.93s/it]Generation:  11
Best f1_score score: 0.5284522589284187
Generation:  44%|     | 11/25 [40:12<46:56, 201.18s/it]Generation:  12
Best f1_score score: 0.5284522589284187
Generation:  48%|     | 12/25 [40:19<30:47, 142.15s/it]WARNING THIS INDIVIDUAL CAUSED AND EXCEPTION 
 <tpot2.search_spaces.pipelines.sequential.SequentialPipelineIndividual object at 0x15545250e7d0> 
 Input X contains NaN.
KNeighborsClassifier does not accept missing values encoded as NaN natively. For supervised learning, you might want to consider sklearn.ensemble.HistGradientBoostingClassifier and Regressor which accept missing values encoded as NaNs natively. Alternatively, it is possible to preprocess the data, for instance by using an imputer transformer in a pipeline or drop samples with missing values. See https://scikit-learn.org/stable/modules/impute.html You can find a list of all estimators that handle NaN values at the following page: https://scikit-learn.org/stable/modules/impute.html#estimators-that-handle-nan-values 
 Traceback (most recent call last):
  File "/common/ketrong/tpotexp/tpot2/tpot2/utils/eval_utils.py", line 53, in objective_nan_wrapper
    value = func_timeout.func_timeout(timeout, objective_function, args=[individual], kwargs=objective_kwargs)
  File "/common/ketrong/tpotexp/env/lib/python3.10/site-packages/func_timeout/dafunc.py", line 108, in func_timeout
    raise_exception(exception)
  File "/common/ketrong/tpotexp/env/lib/python3.10/site-packages/func_timeout/py3_raise.py", line 7, in raise_exception
    raise exception[0] from None
  File "/common/ketrong/tpotexp/tpot2/tpot2/tpot_estimator/estimator.py", line 623, in objective_function
    return objective_function_generator(
  File "/common/ketrong/tpotexp/tpot2/tpot2/tpot_estimator/estimator_utils.py", line 55, in objective_function_generator
    cv_obj_scores = cross_val_score_objective(sklearn.base.clone(pipeline),x,y,scorers=scorers, cv=cv , fold=step)
  File "/common/ketrong/tpotexp/tpot2/tpot2/tpot_estimator/cross_val_utils.py", line 28, in cross_val_score_objective
    this_fold_pipeline.fit(X_train,y_train)
  File "/common/ketrong/tpotexp/env/lib/python3.10/site-packages/sklearn/base.py", line 1473, in wrapper
    return fit_method(estimator, *args, **kwargs)
  File "/common/ketrong/tpotexp/env/lib/python3.10/site-packages/sklearn/pipeline.py", line 473, in fit
    self._final_estimator.fit(Xt, y, **last_step_params["fit"])
  File "/common/ketrong/tpotexp/env/lib/python3.10/site-packages/sklearn/base.py", line 1473, in wrapper
    return fit_method(estimator, *args, **kwargs)
  File "/common/ketrong/tpotexp/env/lib/python3.10/site-packages/sklearn/neighbors/_classification.py", line 238, in fit
    return self._fit(X, y)
  File "/common/ketrong/tpotexp/env/lib/python3.10/site-packages/sklearn/neighbors/_base.py", line 475, in _fit
    X, y = self._validate_data(
  File "/common/ketrong/tpotexp/env/lib/python3.10/site-packages/sklearn/base.py", line 650, in _validate_data
    X, y = check_X_y(X, y, **check_params)
  File "/common/ketrong/tpotexp/env/lib/python3.10/site-packages/sklearn/utils/validation.py", line 1301, in check_X_y
    X = check_array(
  File "/common/ketrong/tpotexp/env/lib/python3.10/site-packages/sklearn/utils/validation.py", line 1064, in check_array
    _assert_all_finite(
  File "/common/ketrong/tpotexp/env/lib/python3.10/site-packages/sklearn/utils/validation.py", line 123, in _assert_all_finite
    _assert_all_finite_element_wise(
  File "/common/ketrong/tpotexp/env/lib/python3.10/site-packages/sklearn/utils/validation.py", line 172, in _assert_all_finite_element_wise
    raise ValueError(msg_err)
ValueError: Input X contains NaN.
KNeighborsClassifier does not accept missing values encoded as NaN natively. For supervised learning, you might want to consider sklearn.ensemble.HistGradientBoostingClassifier and Regressor which accept missing values encoded as NaNs natively. Alternatively, it is possible to preprocess the data, for instance by using an imputer transformer in a pipeline or drop samples with missing values. See https://scikit-learn.org/stable/modules/impute.html You can find a list of all estimators that handle NaN values at the following page: https://scikit-learn.org/stable/modules/impute.html#estimators-that-handle-nan-values

Generation:  13
Best f1_score score: 0.5284522589284187
Generation:  52%|    | 13/25 [43:23<30:54, 154.58s/it]Generation:  14
Best f1_score score: 0.5284522589284187
Generation:  56%|    | 14/25 [46:23<29:46, 162.40s/it]Generation:  15
Best f1_score score: 0.5284522589284187
Generation:  60%|    | 15/25 [49:24<27:59, 167.96s/it]Generation:  16
Best f1_score score: 0.53069354985501
Generation:  64%|   | 16/25 [52:29<25:59, 173.22s/it]Generation:  17
Best f1_score score: 0.53069354985501
Generation:  68%|   | 17/25 [55:32<23:29, 176.15s/it]Generation:  18
Best f1_score score: 0.53069354985501
Generation:  72%|  | 18/25 [58:35<20:47, 178.17s/it]Generation:  19
Best f1_score score: 0.53069354985501
Generation:  76%|  | 19/25 [1:01:40<18:00, 180.08s/it]Generation:  20
Best f1_score score: 0.53069354985501
Generation:  80%|  | 20/25 [1:05:39<16:29, 197.81s/it]Generation:  21
Best f1_score score: 0.53069354985501
Generation:  84%| | 21/25 [1:08:39<12:49, 192.38s/it]Generation:  22
Best f1_score score: 0.5316514120638861
Generation:  88%| | 22/25 [1:10:16<08:12, 164.01s/it]Generation:  23
Best f1_score score: 0.5316514120638861
Generation:  92%|| 23/25 [1:13:18<05:38, 169.32s/it]Generation:  24
Best f1_score score: 0.5316514120638861
Generation:  96%|| 24/25 [1:16:21<02:53, 173.50s/it]Generation:  25
Best f1_score score: 0.5316514120638861
Generation: 100%|| 25/25 [1:20:32<00:00, 196.65s/it]Generation: 100%|| 25/25 [1:20:32<00:00, 193.30s/it]
2024-10-30 06:18:30,637 - distributed.scheduler - ERROR - Removing worker 'tcp://127.0.0.1:40677' caused the cluster to lose scattered data, which can't be recovered: {'ndarray-2c00092ba1cd743626b416db9c976854', 'DataFrame-21fc08a45b89201670f39b0b65592e75'} (stimulus_id='handle-worker-cleanup-1730294310.6370926')
Fitted
Pipeline(steps=[('simpleimputer', SimpleImputer()),
                ('lgbmclassifier',
                 LGBMClassifier(boosting_type='goss', max_depth=9,
                                n_estimators=14, n_jobs=1, num_leaves=19,
                                verbose=-1))])
transform worked
try transform
transform worked
score start
train score: {'auroc': 0.6915454834472652, 'accuracy': 0.6397011046133854, 'balanced_accuracy': 0.6397011046133854, 'logloss': 0.654836912900136, 'f1': 0.6394261285606979}
test score: {'auroc': 0.46606847697756787, 'accuracy': 0.4688311688311688, 'balanced_accuracy': 0.4688311688311688, 'logloss': 0.7113399526252124, 'f1': 0.4679688278690879}
original test score: {'auroc': 0.47403946702648, 'accuracy': 0.4766233766233766, 'balanced_accuracy': 0.4766233766233766, 'logloss': 0.7114355807662012, 'f1': 0.47623379845693964}
score end
871
lvl
0.1
type
MCAR
num_run
1
class_full
finished
all finished
full run takes
7.577007988890012
hours
DONE
