Run: 9
/cm/local/apps/slurm/var/spool/job923851/slurm_script: line 26: 
pip install -e tpot2
pip install -r tpot2/ImputerExperiments/requirements_.txt
: No such file or directory
RunStart
starting loops
../data/c/6/6.pkl
working on 
../data/c/6/class_full_MNAR_0.01_1
3.6762492656707764
running experiment 1/3 - Does large hyperparameter space improve reconstruction accuracy over simple
[I 2024-08-15 10:45:04,193] A new study created in memory with name: no-name-466ab3bf-39fb-481e-853f-1f89644120e3
running
running
running
running
running
running
running
running
running
running
running
running
running
running
running
running
[I 2024-08-15 10:45:04,942] Trial 11 finished with value: 0.247871735515311 and parameters: {'model_name': 'SimpleImputer', 'strategy': 'constant'}. Best is trial 11 with value: 0.247871735515311.
running
[I 2024-08-15 10:45:05,386] Trial 1 finished with value: 0.247871735515311 and parameters: {'model_name': 'SimpleImputer', 'strategy': 'constant'}. Best is trial 11 with value: 0.247871735515311.
running
[I 2024-08-15 10:45:05,701] Trial 7 finished with value: 0.247871735515311 and parameters: {'model_name': 'SimpleImputer', 'strategy': 'constant'}. Best is trial 11 with value: 0.247871735515311.
running
[I 2024-08-15 10:45:06,453] Trial 15 finished with value: 0.08869796526520651 and parameters: {'model_name': 'SimpleImputer', 'strategy': 'median'}. Best is trial 15 with value: 0.08869796526520651.
running
[I 2024-08-15 10:45:08,031] Trial 19 finished with value: 0.08869796526520651 and parameters: {'model_name': 'SimpleImputer', 'strategy': 'median'}. Best is trial 15 with value: 0.08869796526520651.
running
[I 2024-08-15 10:45:26,805] Trial 17 finished with value: 0.20189676606203863 and parameters: {'model_name': 'GAIN', 'batch_size': 14, 'hint_rate': 0.9348457485696393, 'alpha': 26, 'iterations': 5, 'learning_rate': 0.0004101252486550985, 'p_miss': 0.2131293838611059}. Best is trial 15 with value: 0.08869796526520651.
running
[I 2024-08-15 10:45:44,336] Trial 16 finished with value: 0.1958731819006768 and parameters: {'model_name': 'GAIN', 'batch_size': 743, 'hint_rate': 0.5314615439726942, 'alpha': 85, 'iterations': 7, 'learning_rate': 0.00014297520749437793, 'p_miss': 0.11258184841743323}. Best is trial 15 with value: 0.08869796526520651.
running
[I 2024-08-15 10:45:52,789] Trial 9 finished with value: 0.06893846817116545 and parameters: {'model_name': 'KNNImputer', 'n_neighbors': 5544, 'weights': 'distance'}. Best is trial 9 with value: 0.06893846817116545.
running
[I 2024-08-15 10:45:56,841] Trial 13 finished with value: 0.0719237695129131 and parameters: {'model_name': 'KNNImputer', 'n_neighbors': 7775, 'weights': 'distance'}. Best is trial 9 with value: 0.06893846817116545.
running
[I 2024-08-15 10:45:57,722] Trial 2 finished with value: 0.0733656503909127 and parameters: {'model_name': 'KNNImputer', 'n_neighbors': 9088, 'weights': 'distance'}. Best is trial 9 with value: 0.06893846817116545.
running
[I 2024-08-15 10:46:00,931] Trial 8 finished with value: 0.07563221823973199 and parameters: {'model_name': 'KNNImputer', 'n_neighbors': 11524, 'weights': 'distance'}. Best is trial 9 with value: 0.06893846817116545.
running
[I 2024-08-15 10:46:04,594] Trial 5 finished with value: 0.20654991523514724 and parameters: {'model_name': 'GAIN', 'batch_size': 649, 'hint_rate': 0.36065372600901396, 'alpha': 19, 'iterations': 14, 'learning_rate': 0.01188223479643297, 'p_miss': 0.1128175670746495}. Best is trial 9 with value: 0.06893846817116545.
running
[I 2024-08-15 10:46:24,812] Trial 22 finished with value: 0.07579061952036215 and parameters: {'model_name': 'KNNImputer', 'n_neighbors': 5200, 'weights': 'uniform'}. Best is trial 9 with value: 0.06893846817116545.
running
[I 2024-08-15 10:46:38,822] Trial 23 finished with value: 0.08789708025447215 and parameters: {'model_name': 'KNNImputer', 'n_neighbors': 15351, 'weights': 'uniform'}. Best is trial 9 with value: 0.06893846817116545.
running
[I 2024-08-15 10:46:40,170] Trial 26 finished with value: 0.05791002900022278 and parameters: {'model_name': 'KNNImputer', 'n_neighbors': 1431, 'weights': 'distance'}. Best is trial 26 with value: 0.05791002900022278.
running
[I 2024-08-15 10:46:43,243] Trial 27 finished with value: 0.05736796966973079 and parameters: {'model_name': 'KNNImputer', 'n_neighbors': 1338, 'weights': 'distance'}. Best is trial 27 with value: 0.05736796966973079.
running
[I 2024-08-15 10:47:21,342] Trial 31 finished with value: 0.05939600257302245 and parameters: {'model_name': 'KNNImputer', 'n_neighbors': 1721, 'weights': 'distance'}. Best is trial 27 with value: 0.05736796966973079.
running
[I 2024-08-15 10:47:26,004] Trial 10 finished with value: 0.06247436971492247 and parameters: {'model_name': 'IterativeImputer', 'estimator': 'Ridge', 'initial_strategy': 'most_frequent', 'n_nearest_features': 12, 'imputation_order': 'arabic'}. Best is trial 27 with value: 0.05736796966973079.
running
[I 2024-08-15 10:48:45,031] Trial 29 finished with value: 0.0630681911375427 and parameters: {'model_name': 'IterativeImputer', 'estimator': 'Ridge', 'initial_strategy': 'mean', 'n_nearest_features': 11, 'imputation_order': 'descending'}. Best is trial 27 with value: 0.05736796966973079.
running
[I 2024-08-15 10:48:50,506] Trial 3 finished with value: 0.06968010733172099 and parameters: {'model_name': 'IterativeImputer', 'estimator': 'Bayesian', 'initial_strategy': 'constant', 'n_nearest_features': 5, 'imputation_order': 'arabic', 'sample_posterior': False}. Best is trial 27 with value: 0.05736796966973079.
running
[I 2024-08-15 10:49:18,666] Trial 34 finished with value: 0.02948946142895883 and parameters: {'model_name': 'KNNImputer', 'n_neighbors': 24, 'weights': 'distance'}. Best is trial 34 with value: 0.02948946142895883.
running
[I 2024-08-15 10:49:21,691] Trial 0 finished with value: 0.06839500539318538 and parameters: {'model_name': 'IterativeImputer', 'estimator': 'Bayesian', 'initial_strategy': 'most_frequent', 'n_nearest_features': 6, 'imputation_order': 'ascending', 'sample_posterior': False}. Best is trial 34 with value: 0.02948946142895883.
running
[I 2024-08-15 10:49:24,250] Trial 33 finished with value: 0.0839413320129209 and parameters: {'model_name': 'IterativeImputer', 'estimator': 'KNN', 'initial_strategy': 'median', 'n_nearest_features': 1, 'imputation_order': 'random'}. Best is trial 34 with value: 0.02948946142895883.
running
[I 2024-08-15 10:49:25,240] Trial 35 finished with value: 0.03899375088271462 and parameters: {'model_name': 'KNNImputer', 'n_neighbors': 143, 'weights': 'distance'}. Best is trial 34 with value: 0.02948946142895883.
running
[I 2024-08-15 10:49:52,918] Trial 36 finished with value: 0.04159436653940558 and parameters: {'model_name': 'KNNImputer', 'n_neighbors': 200, 'weights': 'distance'}. Best is trial 34 with value: 0.02948946142895883.
running
[I 2024-08-15 10:49:54,233] Trial 37 finished with value: 0.028956528478010633 and parameters: {'model_name': 'KNNImputer', 'n_neighbors': 20, 'weights': 'distance'}. Best is trial 37 with value: 0.028956528478010633.
running
[I 2024-08-15 10:49:55,574] Trial 12 finished with value: 0.2278290281474708 and parameters: {'model_name': 'GAIN', 'batch_size': 568, 'hint_rate': 0.8525262933588368, 'alpha': 55, 'iterations': 88, 'learning_rate': 0.005347887011216919, 'p_miss': 0.15308114459558655}. Best is trial 37 with value: 0.028956528478010633.
running
[I 2024-08-15 10:49:58,210] Trial 38 finished with value: 0.028956528478010633 and parameters: {'model_name': 'KNNImputer', 'n_neighbors': 20, 'weights': 'distance'}. Best is trial 37 with value: 0.028956528478010633.
running
[I 2024-08-15 10:50:03,266] Trial 39 finished with value: 0.05365084768072925 and parameters: {'model_name': 'KNNImputer', 'n_neighbors': 846, 'weights': 'distance'}. Best is trial 37 with value: 0.028956528478010633.
running
[I 2024-08-15 10:50:27,745] Trial 6 finished with value: 0.09718931527411644 and parameters: {'model_name': 'IterativeImputer', 'estimator': 'Bayesian', 'initial_strategy': 'mean', 'n_nearest_features': 6, 'imputation_order': 'descending', 'sample_posterior': True}. Best is trial 37 with value: 0.028956528478010633.
running
[I 2024-08-15 10:50:29,202] Trial 40 finished with value: 0.029946396456984537 and parameters: {'model_name': 'KNNImputer', 'n_neighbors': 28, 'weights': 'distance'}. Best is trial 37 with value: 0.028956528478010633.
running
[I 2024-08-15 10:50:41,082] Trial 43 finished with value: 0.07362619347736508 and parameters: {'model_name': 'KNNImputer', 'n_neighbors': 4104, 'weights': 'uniform'}. Best is trial 37 with value: 0.028956528478010633.
running
[I 2024-08-15 10:50:44,124] Trial 44 finished with value: 0.0738447216690318 and parameters: {'model_name': 'KNNImputer', 'n_neighbors': 4205, 'weights': 'uniform'}. Best is trial 37 with value: 0.028956528478010633.
running
[I 2024-08-15 10:50:44,849] Trial 41 finished with value: 0.06619248246824513 and parameters: {'model_name': 'KNNImputer', 'n_neighbors': 3998, 'weights': 'distance'}. Best is trial 37 with value: 0.028956528478010633.
running
[I 2024-08-15 10:50:46,430] Trial 42 finished with value: 0.06626799682813732 and parameters: {'model_name': 'KNNImputer', 'n_neighbors': 4035, 'weights': 'distance'}. Best is trial 37 with value: 0.028956528478010633.
running
[I 2024-08-15 10:51:10,005] Trial 45 finished with value: 0.07364349145337604 and parameters: {'model_name': 'KNNImputer', 'n_neighbors': 4112, 'weights': 'uniform'}. Best is trial 37 with value: 0.028956528478010633.
running
[I 2024-08-15 10:51:13,942] Trial 28 finished with value: 0.042772504863245714 and parameters: {'model_name': 'IterativeImputer', 'estimator': 'KNN', 'initial_strategy': 'constant', 'n_nearest_features': 7, 'imputation_order': 'roman'}. Best is trial 37 with value: 0.028956528478010633.
running
[I 2024-08-15 10:51:17,807] Trial 46 finished with value: 0.06518836269343684 and parameters: {'model_name': 'KNNImputer', 'n_neighbors': 3539, 'weights': 'distance'}. Best is trial 37 with value: 0.028956528478010633.
running
[I 2024-08-15 10:51:26,300] Trial 21 finished with value: 0.03587639550232576 and parameters: {'model_name': 'IterativeImputer', 'estimator': 'KNN', 'initial_strategy': 'constant', 'n_nearest_features': 9, 'imputation_order': 'arabic'}. Best is trial 37 with value: 0.028956528478010633.
running
[I 2024-08-15 10:51:29,368] Trial 47 finished with value: 0.06474590616212086 and parameters: {'model_name': 'KNNImputer', 'n_neighbors': 3352, 'weights': 'distance'}. Best is trial 37 with value: 0.028956528478010633.
running
[I 2024-08-15 10:51:30,122] Trial 48 finished with value: 0.06304521538125676 and parameters: {'model_name': 'KNNImputer', 'n_neighbors': 2717, 'weights': 'distance'}. Best is trial 37 with value: 0.028956528478010633.
running
[I 2024-08-15 10:51:30,720] Trial 49 finished with value: 0.06226993232180698 and parameters: {'model_name': 'KNNImputer', 'n_neighbors': 2468, 'weights': 'distance'}. Best is trial 37 with value: 0.028956528478010633.
running
[I 2024-08-15 10:51:33,030] Trial 50 finished with value: 0.06266386703586561 and parameters: {'model_name': 'KNNImputer', 'n_neighbors': 2592, 'weights': 'distance'}. Best is trial 37 with value: 0.028956528478010633.
running
[I 2024-08-15 10:51:51,184] Trial 51 finished with value: 0.061522443024646156 and parameters: {'model_name': 'KNNImputer', 'n_neighbors': 2247, 'weights': 'distance'}. Best is trial 37 with value: 0.028956528478010633.
running
[I 2024-08-15 10:51:53,561] Trial 52 finished with value: 0.061481168923986654 and parameters: {'model_name': 'KNNImputer', 'n_neighbors': 2236, 'weights': 'distance'}. Best is trial 37 with value: 0.028956528478010633.
running
[I 2024-08-15 10:51:55,908] Trial 53 finished with value: 0.061066658744643364 and parameters: {'model_name': 'KNNImputer', 'n_neighbors': 2122, 'weights': 'distance'}. Best is trial 37 with value: 0.028956528478010633.
running
[I 2024-08-15 10:52:03,947] Trial 54 finished with value: 0.06178899429258028 and parameters: {'model_name': 'KNNImputer', 'n_neighbors': 2324, 'weights': 'distance'}. Best is trial 37 with value: 0.028956528478010633.
running
[I 2024-08-15 10:52:06,031] Trial 55 finished with value: 0.06220375730084966 and parameters: {'model_name': 'KNNImputer', 'n_neighbors': 2448, 'weights': 'distance'}. Best is trial 37 with value: 0.028956528478010633.
running
[I 2024-08-15 10:52:24,600] Trial 30 finished with value: 0.09325045145190004 and parameters: {'model_name': 'IterativeImputer', 'estimator': 'Bayesian', 'initial_strategy': 'median', 'n_nearest_features': 8, 'imputation_order': 'roman', 'sample_posterior': True}. Best is trial 37 with value: 0.028956528478010633.
running
[I 2024-08-15 10:52:32,304] Trial 25 finished with value: 0.032543581159291825 and parameters: {'model_name': 'IterativeImputer', 'estimator': 'KNN', 'initial_strategy': 'median', 'n_nearest_features': 11, 'imputation_order': 'arabic'}. Best is trial 37 with value: 0.028956528478010633.
running
[I 2024-08-15 11:05:26,403] Trial 65 finished with value: inf and parameters: {'model_name': 'GAIN', 'batch_size': 1, 'hint_rate': 0.03917875582539926, 'alpha': 98, 'iterations': 8560, 'learning_rate': 0.09454211089625342, 'p_miss': 0.018470078735392498}. Best is trial 37 with value: 0.028956528478010633.
running
[I 2024-08-15 11:05:40,754] Trial 18 finished with value: 0.20064605156120963 and parameters: {'model_name': 'GAIN', 'batch_size': 16, 'hint_rate': 0.026537184827882185, 'alpha': 47, 'iterations': 1233, 'learning_rate': 0.0015184920264312695, 'p_miss': 0.12274126487457583}. Best is trial 37 with value: 0.028956528478010633.
running
[I 2024-08-15 11:06:08,705] Trial 14 finished with value: 0.20101117377364366 and parameters: {'model_name': 'GAIN', 'batch_size': 118, 'hint_rate': 0.7184321646578151, 'alpha': 34, 'iterations': 1353, 'learning_rate': 0.00016130698089842193, 'p_miss': 0.11747269615202759}. Best is trial 37 with value: 0.028956528478010633.
running
[I 2024-08-15 11:06:17,811] Trial 4 finished with value: 0.18768139192018557 and parameters: {'model_name': 'GAIN', 'batch_size': 5, 'hint_rate': 0.029113592844034003, 'alpha': 64, 'iterations': 1613, 'learning_rate': 0.0008836366864793374, 'p_miss': 0.17985547537663477}. Best is trial 37 with value: 0.028956528478010633.
running
[I 2024-08-15 11:08:15,306] Trial 20 finished with value: 0.2243879388642775 and parameters: {'model_name': 'GAIN', 'batch_size': 9, 'hint_rate': 0.19418218050369757, 'alpha': 34, 'iterations': 4595, 'learning_rate': 0.0010533814793476295, 'p_miss': 0.20054136398735772}. Best is trial 37 with value: 0.028956528478010633.
running
slurmstepd: error: Detected 1 oom-kill event(s) in StepId=923851.0. Some of your processes may have been killed by the cgroup out-of-memory handler.
srun: error: esplhpc-cp005: task 0: Out Of Memory
slurmstepd: error: Detected 1 oom-kill event(s) in StepId=923851.batch. Some of your processes may have been killed by the cgroup out-of-memory handler.
