Run: 21
/cm/local/apps/slurm/var/spool/job1068963/slurm_script: line 27: 
pip install -e tpot2
pip install -r tpot2/ImputerExperiments/requirements_.txt
: No such file or directory
RunStart
Version 0.1.7a0 of tpot2 is outdated. Version 0.1.8a0 was released Tuesday September 17, 2024.
starting loops
../data/c/41027/41027.pkl
working on 
../data/c/41027/class_simple_MNAR_0.01_1
3.222054958343506
running experiment 1/3 - Does large hyperparameter space improve reconstruction accuracy over simple
[I 2024-11-22 00:30:24,672] A new study created in memory with name: no-name-a438f2bb-8d21-4295-99c0-ee0dabb73532
running
running
running
running
running
running
running
running
running
running
running
running
running
running
running
running
[I 2024-11-22 00:30:25,166] Trial 1 finished with value: 0.6438782901177336 and parameters: {'model_name': 'SimpleImputer', 'strategy': 'constant'}. Best is trial 1 with value: 0.6438782901177336.
running
[I 2024-11-22 00:30:25,319] Trial 4 finished with value: 0.3572206754186875 and parameters: {'model_name': 'SimpleImputer', 'strategy': 'mean'}. Best is trial 4 with value: 0.3572206754186875.
[I 2024-11-22 00:30:25,420] Trial 3 finished with value: 0.3572206754186875 and parameters: {'model_name': 'SimpleImputer', 'strategy': 'mean'}. Best is trial 4 with value: 0.3572206754186875.
running
running
[I 2024-11-22 00:30:25,537] Trial 0 finished with value: 0.3572206754186875 and parameters: {'model_name': 'SimpleImputer', 'strategy': 'mean'}. Best is trial 4 with value: 0.3572206754186875.
running
[I 2024-11-22 00:30:25,754] Trial 10 finished with value: 0.3572206754186875 and parameters: {'model_name': 'SimpleImputer', 'strategy': 'mean'}. Best is trial 4 with value: 0.3572206754186875.
running
[I 2024-11-22 00:30:25,913] Trial 13 finished with value: 0.6438782901177336 and parameters: {'model_name': 'SimpleImputer', 'strategy': 'constant'}. Best is trial 4 with value: 0.3572206754186875.
running
[I 2024-11-22 00:30:26,067] Trial 8 finished with value: 0.36170190647132977 and parameters: {'model_name': 'SimpleImputer', 'strategy': 'median'}. Best is trial 4 with value: 0.3572206754186875.
running
[I 2024-11-22 00:30:26,206] Trial 2 finished with value: 0.6034536503766074 and parameters: {'model_name': 'SimpleImputer', 'strategy': 'most_frequent'}. Best is trial 4 with value: 0.3572206754186875.
[I 2024-11-22 00:30:26,306] Trial 12 finished with value: 0.36170190647132977 and parameters: {'model_name': 'SimpleImputer', 'strategy': 'median'}. Best is trial 4 with value: 0.3572206754186875.
running
running
[I 2024-11-22 00:30:26,484] Trial 5 finished with value: 0.6034536503766074 and parameters: {'model_name': 'SimpleImputer', 'strategy': 'most_frequent'}. Best is trial 4 with value: 0.3572206754186875.
running
[I 2024-11-22 00:30:26,585] Trial 6 finished with value: 0.6034536503766074 and parameters: {'model_name': 'SimpleImputer', 'strategy': 'most_frequent'}. Best is trial 4 with value: 0.3572206754186875.
[I 2024-11-22 00:30:26,691] Trial 14 finished with value: 0.6034536503766074 and parameters: {'model_name': 'SimpleImputer', 'strategy': 'most_frequent'}. Best is trial 4 with value: 0.3572206754186875.
[I 2024-11-22 00:30:26,784] Trial 11 finished with value: 0.36170190647132977 and parameters: {'model_name': 'SimpleImputer', 'strategy': 'median'}. Best is trial 4 with value: 0.3572206754186875.
running
running
running
[I 2024-11-22 00:30:26,895] Trial 7 finished with value: 0.6034536503766074 and parameters: {'model_name': 'SimpleImputer', 'strategy': 'most_frequent'}. Best is trial 4 with value: 0.3572206754186875.
running
[I 2024-11-22 00:30:27,107] Trial 9 finished with value: 0.6034536503766074 and parameters: {'model_name': 'SimpleImputer', 'strategy': 'most_frequent'}. Best is trial 4 with value: 0.3572206754186875.
running
[I 2024-11-22 00:30:27,235] Trial 15 finished with value: 0.6034536503766074 and parameters: {'model_name': 'SimpleImputer', 'strategy': 'most_frequent'}. Best is trial 4 with value: 0.3572206754186875.
running
[I 2024-11-22 00:30:27,435] Trial 18 finished with value: 0.36170190647132977 and parameters: {'model_name': 'SimpleImputer', 'strategy': 'median'}. Best is trial 4 with value: 0.3572206754186875.
running
[I 2024-11-22 00:30:27,545] Trial 20 finished with value: 0.3572206754186875 and parameters: {'model_name': 'SimpleImputer', 'strategy': 'mean'}. Best is trial 4 with value: 0.3572206754186875.
running
[I 2024-11-22 00:30:27,704] Trial 23 finished with value: 0.6438782901177336 and parameters: {'model_name': 'SimpleImputer', 'strategy': 'constant'}. Best is trial 4 with value: 0.3572206754186875.
running
[I 2024-11-22 00:30:27,809] Trial 17 finished with value: 0.36170190647132977 and parameters: {'model_name': 'SimpleImputer', 'strategy': 'median'}. Best is trial 4 with value: 0.3572206754186875.
running
[I 2024-11-22 00:30:27,992] Trial 19 finished with value: 0.36170190647132977 and parameters: {'model_name': 'SimpleImputer', 'strategy': 'median'}. Best is trial 4 with value: 0.3572206754186875.
[I 2024-11-22 00:30:28,122] Trial 16 finished with value: 0.6034536503766074 and parameters: {'model_name': 'SimpleImputer', 'strategy': 'most_frequent'}. Best is trial 4 with value: 0.3572206754186875.
running
[I 2024-11-22 00:30:28,230] Trial 21 finished with value: 0.36170190647132977 and parameters: {'model_name': 'SimpleImputer', 'strategy': 'median'}. Best is trial 4 with value: 0.3572206754186875.
running
running
[I 2024-11-22 00:30:28,394] Trial 25 finished with value: 0.3572206754186875 and parameters: {'model_name': 'SimpleImputer', 'strategy': 'mean'}. Best is trial 4 with value: 0.3572206754186875.
[I 2024-11-22 00:30:28,491] Trial 26 finished with value: 0.3572206754186875 and parameters: {'model_name': 'SimpleImputer', 'strategy': 'mean'}. Best is trial 4 with value: 0.3572206754186875.
running
running
[I 2024-11-22 00:30:28,587] Trial 22 finished with value: 0.36170190647132977 and parameters: {'model_name': 'SimpleImputer', 'strategy': 'median'}. Best is trial 4 with value: 0.3572206754186875.
running
[I 2024-11-22 00:30:28,755] Trial 29 finished with value: 0.3572206754186875 and parameters: {'model_name': 'SimpleImputer', 'strategy': 'mean'}. Best is trial 4 with value: 0.3572206754186875.
[I 2024-11-22 00:30:28,871] Trial 30 finished with value: 0.3572206754186875 and parameters: {'model_name': 'SimpleImputer', 'strategy': 'mean'}. Best is trial 4 with value: 0.3572206754186875.
[I 2024-11-22 00:30:28,961] Trial 31 finished with value: 0.3572206754186875 and parameters: {'model_name': 'SimpleImputer', 'strategy': 'mean'}. Best is trial 4 with value: 0.3572206754186875.
running
running
running
[I 2024-11-22 00:30:29,074] Trial 27 finished with value: 0.3572206754186875 and parameters: {'model_name': 'SimpleImputer', 'strategy': 'mean'}. Best is trial 4 with value: 0.3572206754186875.
running
[I 2024-11-22 00:30:29,189] Trial 28 finished with value: 0.3572206754186875 and parameters: {'model_name': 'SimpleImputer', 'strategy': 'mean'}. Best is trial 4 with value: 0.3572206754186875.
running
[I 2024-11-22 00:30:29,292] Trial 33 finished with value: 0.3572206754186875 and parameters: {'model_name': 'SimpleImputer', 'strategy': 'mean'}. Best is trial 4 with value: 0.3572206754186875.
running
[I 2024-11-22 00:30:29,399] Trial 24 finished with value: 0.6034536503766074 and parameters: {'model_name': 'SimpleImputer', 'strategy': 'most_frequent'}. Best is trial 4 with value: 0.3572206754186875.
running
[I 2024-11-22 00:30:29,548] Trial 32 finished with value: 0.3572206754186875 and parameters: {'model_name': 'SimpleImputer', 'strategy': 'mean'}. Best is trial 4 with value: 0.3572206754186875.
running
[I 2024-11-22 00:30:29,795] Trial 34 finished with value: 0.3572206754186875 and parameters: {'model_name': 'SimpleImputer', 'strategy': 'mean'}. Best is trial 4 with value: 0.3572206754186875.
[I 2024-11-22 00:30:29,888] Trial 35 finished with value: 0.3572206754186875 and parameters: {'model_name': 'SimpleImputer', 'strategy': 'mean'}. Best is trial 4 with value: 0.3572206754186875.
running
running
[I 2024-11-22 00:30:30,072] Trial 37 finished with value: 0.3572206754186875 and parameters: {'model_name': 'SimpleImputer', 'strategy': 'mean'}. Best is trial 4 with value: 0.3572206754186875.
running
[I 2024-11-22 00:30:30,195] Trial 42 finished with value: 0.3572206754186875 and parameters: {'model_name': 'SimpleImputer', 'strategy': 'mean'}. Best is trial 4 with value: 0.3572206754186875.
running
[I 2024-11-22 00:30:30,317] Trial 36 finished with value: 0.3572206754186875 and parameters: {'model_name': 'SimpleImputer', 'strategy': 'mean'}. Best is trial 4 with value: 0.3572206754186875.
running
[I 2024-11-22 00:30:30,434] Trial 40 finished with value: 0.3572206754186875 and parameters: {'model_name': 'SimpleImputer', 'strategy': 'mean'}. Best is trial 4 with value: 0.3572206754186875.
[I 2024-11-22 00:30:30,526] Trial 43 finished with value: 0.3572206754186875 and parameters: {'model_name': 'SimpleImputer', 'strategy': 'mean'}. Best is trial 4 with value: 0.3572206754186875.
running
[I 2024-11-22 00:30:30,612] Trial 41 finished with value: 0.3572206754186875 and parameters: {'model_name': 'SimpleImputer', 'strategy': 'mean'}. Best is trial 4 with value: 0.3572206754186875.
[I 2024-11-22 00:30:30,702] Trial 38 finished with value: 0.3572206754186875 and parameters: {'model_name': 'SimpleImputer', 'strategy': 'mean'}. Best is trial 4 with value: 0.3572206754186875.
running
[I 2024-11-22 00:30:30,801] Trial 39 finished with value: 0.3572206754186875 and parameters: {'model_name': 'SimpleImputer', 'strategy': 'mean'}. Best is trial 4 with value: 0.3572206754186875.
running
running
running
[I 2024-11-22 00:30:30,952] Trial 48 finished with value: 0.3572206754186875 and parameters: {'model_name': 'SimpleImputer', 'strategy': 'mean'}. Best is trial 4 with value: 0.3572206754186875.
running
[I 2024-11-22 00:30:31,101] Trial 46 finished with value: 0.3572206754186875 and parameters: {'model_name': 'SimpleImputer', 'strategy': 'mean'}. Best is trial 4 with value: 0.3572206754186875.
running
[I 2024-11-22 00:30:31,218] Trial 45 finished with value: 0.3572206754186875 and parameters: {'model_name': 'SimpleImputer', 'strategy': 'mean'}. Best is trial 4 with value: 0.3572206754186875.
[I 2024-11-22 00:30:31,319] Trial 47 finished with value: 0.3572206754186875 and parameters: {'model_name': 'SimpleImputer', 'strategy': 'mean'}. Best is trial 4 with value: 0.3572206754186875.
running
running
[I 2024-11-22 00:30:31,513] Trial 44 finished with value: 0.3572206754186875 and parameters: {'model_name': 'SimpleImputer', 'strategy': 'mean'}. Best is trial 4 with value: 0.3572206754186875.
running
[I 2024-11-22 00:30:31,680] Trial 50 finished with value: 0.3572206754186875 and parameters: {'model_name': 'SimpleImputer', 'strategy': 'mean'}. Best is trial 4 with value: 0.3572206754186875.
running
[I 2024-11-22 00:30:31,799] Trial 51 finished with value: 0.3572206754186875 and parameters: {'model_name': 'SimpleImputer', 'strategy': 'mean'}. Best is trial 4 with value: 0.3572206754186875.
[I 2024-11-22 00:30:31,889] Trial 49 finished with value: 0.3572206754186875 and parameters: {'model_name': 'SimpleImputer', 'strategy': 'mean'}. Best is trial 4 with value: 0.3572206754186875.
running
running
[I 2024-11-22 00:30:31,997] Trial 55 finished with value: 0.6438782901177336 and parameters: {'model_name': 'SimpleImputer', 'strategy': 'constant'}. Best is trial 4 with value: 0.3572206754186875.
running
[I 2024-11-22 00:30:32,105] Trial 52 finished with value: 0.6438782901177336 and parameters: {'model_name': 'SimpleImputer', 'strategy': 'constant'}. Best is trial 4 with value: 0.3572206754186875.
running
[I 2024-11-22 00:30:32,227] Trial 56 finished with value: 0.6438782901177336 and parameters: {'model_name': 'SimpleImputer', 'strategy': 'constant'}. Best is trial 4 with value: 0.3572206754186875.
running
[I 2024-11-22 00:30:32,344] Trial 59 finished with value: 0.6438782901177336 and parameters: {'model_name': 'SimpleImputer', 'strategy': 'constant'}. Best is trial 4 with value: 0.3572206754186875.
running
[I 2024-11-22 00:30:32,503] Trial 54 finished with value: 0.6438782901177336 and parameters: {'model_name': 'SimpleImputer', 'strategy': 'constant'}. Best is trial 4 with value: 0.3572206754186875.
running
[I 2024-11-22 00:30:32,620] Trial 53 finished with value: 0.6438782901177336 and parameters: {'model_name': 'SimpleImputer', 'strategy': 'constant'}. Best is trial 4 with value: 0.3572206754186875.
running
[I 2024-11-22 00:30:32,734] Trial 61 finished with value: 0.6438782901177336 and parameters: {'model_name': 'SimpleImputer', 'strategy': 'constant'}. Best is trial 4 with value: 0.3572206754186875.
[I 2024-11-22 00:30:32,838] Trial 57 finished with value: 0.3572206754186875 and parameters: {'model_name': 'SimpleImputer', 'strategy': 'mean'}. Best is trial 4 with value: 0.3572206754186875.
running
running
[I 2024-11-22 00:30:32,956] Trial 62 finished with value: 0.6438782901177336 and parameters: {'model_name': 'SimpleImputer', 'strategy': 'constant'}. Best is trial 4 with value: 0.3572206754186875.
running
[I 2024-11-22 00:30:33,069] Trial 63 finished with value: 0.6438782901177336 and parameters: {'model_name': 'SimpleImputer', 'strategy': 'constant'}. Best is trial 4 with value: 0.3572206754186875.
running
[I 2024-11-22 00:30:33,191] Trial 60 finished with value: 0.6438782901177336 and parameters: {'model_name': 'SimpleImputer', 'strategy': 'constant'}. Best is trial 4 with value: 0.3572206754186875.
[I 2024-11-22 00:30:33,294] Trial 58 finished with value: 0.6438782901177336 and parameters: {'model_name': 'SimpleImputer', 'strategy': 'constant'}. Best is trial 4 with value: 0.3572206754186875.
running
running
[I 2024-11-22 00:30:33,553] Trial 64 finished with value: 0.6438782901177336 and parameters: {'model_name': 'SimpleImputer', 'strategy': 'constant'}. Best is trial 4 with value: 0.3572206754186875.
[I 2024-11-22 00:30:33,664] Trial 68 finished with value: 0.6438782901177336 and parameters: {'model_name': 'SimpleImputer', 'strategy': 'constant'}. Best is trial 4 with value: 0.3572206754186875.
running
[I 2024-11-22 00:30:33,805] Trial 67 finished with value: 0.6438782901177336 and parameters: {'model_name': 'SimpleImputer', 'strategy': 'constant'}. Best is trial 4 with value: 0.3572206754186875.
running
running
[I 2024-11-22 00:30:33,935] Trial 65 finished with value: 0.6438782901177336 and parameters: {'model_name': 'SimpleImputer', 'strategy': 'constant'}. Best is trial 4 with value: 0.3572206754186875.
running
[I 2024-11-22 00:30:34,119] Trial 66 finished with value: 0.6438782901177336 and parameters: {'model_name': 'SimpleImputer', 'strategy': 'constant'}. Best is trial 4 with value: 0.3572206754186875.
running
[I 2024-11-22 00:30:34,389] Trial 73 finished with value: 0.3572206754186875 and parameters: {'model_name': 'SimpleImputer', 'strategy': 'mean'}. Best is trial 4 with value: 0.3572206754186875.
running
[I 2024-11-22 00:30:34,562] Trial 70 finished with value: 0.6034536503766074 and parameters: {'model_name': 'SimpleImputer', 'strategy': 'most_frequent'}. Best is trial 4 with value: 0.3572206754186875.
running
[I 2024-11-22 00:30:34,827] Trial 71 finished with value: 0.6034536503766074 and parameters: {'model_name': 'SimpleImputer', 'strategy': 'most_frequent'}. Best is trial 4 with value: 0.3572206754186875.
[I 2024-11-22 00:30:34,932] Trial 76 finished with value: 0.3572206754186875 and parameters: {'model_name': 'SimpleImputer', 'strategy': 'mean'}. Best is trial 4 with value: 0.3572206754186875.
running
running
[I 2024-11-22 00:30:35,086] Trial 74 finished with value: 0.6034536503766074 and parameters: {'model_name': 'SimpleImputer', 'strategy': 'most_frequent'}. Best is trial 4 with value: 0.3572206754186875.
running
[I 2024-11-22 00:30:35,292] Trial 83 finished with value: 0.3572206754186875 and parameters: {'model_name': 'SimpleImputer', 'strategy': 'mean'}. Best is trial 4 with value: 0.3572206754186875.
running
[I 2024-11-22 00:30:35,413] Trial 77 finished with value: 0.6034536503766074 and parameters: {'model_name': 'SimpleImputer', 'strategy': 'most_frequent'}. Best is trial 4 with value: 0.3572206754186875.
running
[I 2024-11-22 00:30:35,531] Trial 69 finished with value: 0.6034536503766074 and parameters: {'model_name': 'SimpleImputer', 'strategy': 'most_frequent'}. Best is trial 4 with value: 0.3572206754186875.
running
[I 2024-11-22 00:30:35,662] Trial 75 finished with value: 0.6034536503766074 and parameters: {'model_name': 'SimpleImputer', 'strategy': 'most_frequent'}. Best is trial 4 with value: 0.3572206754186875.
[I 2024-11-22 00:30:35,666] Trial 78 finished with value: 0.6034536503766074 and parameters: {'model_name': 'SimpleImputer', 'strategy': 'most_frequent'}. Best is trial 4 with value: 0.3572206754186875.
running
[I 2024-11-22 00:30:35,770] Trial 72 finished with value: 0.6034536503766074 and parameters: {'model_name': 'SimpleImputer', 'strategy': 'most_frequent'}. Best is trial 4 with value: 0.3572206754186875.
[I 2024-11-22 00:30:35,942] Trial 79 finished with value: 0.6034536503766074 and parameters: {'model_name': 'SimpleImputer', 'strategy': 'most_frequent'}. Best is trial 4 with value: 0.3572206754186875.
running
running
running
[I 2024-11-22 00:30:36,120] Trial 80 finished with value: 0.6034536503766074 and parameters: {'model_name': 'SimpleImputer', 'strategy': 'most_frequent'}. Best is trial 4 with value: 0.3572206754186875.
running
[I 2024-11-22 00:30:36,270] Trial 82 finished with value: 0.6034536503766074 and parameters: {'model_name': 'SimpleImputer', 'strategy': 'most_frequent'}. Best is trial 4 with value: 0.3572206754186875.
running
[I 2024-11-22 00:30:36,514] Trial 86 finished with value: 0.3572206754186875 and parameters: {'model_name': 'SimpleImputer', 'strategy': 'mean'}. Best is trial 4 with value: 0.3572206754186875.
running
[I 2024-11-22 00:30:36,664] Trial 81 finished with value: 0.6034536503766074 and parameters: {'model_name': 'SimpleImputer', 'strategy': 'most_frequent'}. Best is trial 4 with value: 0.3572206754186875.
running
[I 2024-11-22 00:30:36,779] Trial 87 finished with value: 0.3572206754186875 and parameters: {'model_name': 'SimpleImputer', 'strategy': 'mean'}. Best is trial 4 with value: 0.3572206754186875.
running
[I 2024-11-22 00:30:36,900] Trial 88 finished with value: 0.3572206754186875 and parameters: {'model_name': 'SimpleImputer', 'strategy': 'mean'}. Best is trial 4 with value: 0.3572206754186875.
[I 2024-11-22 00:30:36,990] Trial 89 finished with value: 0.3572206754186875 and parameters: {'model_name': 'SimpleImputer', 'strategy': 'mean'}. Best is trial 4 with value: 0.3572206754186875.
[I 2024-11-22 00:30:37,073] Trial 84 finished with value: 0.6034536503766074 and parameters: {'model_name': 'SimpleImputer', 'strategy': 'most_frequent'}. Best is trial 4 with value: 0.3572206754186875.
running
running
running
[I 2024-11-22 00:30:37,218] Trial 93 finished with value: 0.3572206754186875 and parameters: {'model_name': 'SimpleImputer', 'strategy': 'mean'}. Best is trial 4 with value: 0.3572206754186875.
running
[I 2024-11-22 00:30:37,408] Trial 94 finished with value: 0.3572206754186875 and parameters: {'model_name': 'SimpleImputer', 'strategy': 'mean'}. Best is trial 4 with value: 0.3572206754186875.
[I 2024-11-22 00:30:37,503] Trial 92 finished with value: 0.3572206754186875 and parameters: {'model_name': 'SimpleImputer', 'strategy': 'mean'}. Best is trial 4 with value: 0.3572206754186875.
running
running
[I 2024-11-22 00:30:37,622] Trial 96 finished with value: 0.3572206754186875 and parameters: {'model_name': 'SimpleImputer', 'strategy': 'mean'}. Best is trial 4 with value: 0.3572206754186875.
running
[I 2024-11-22 00:30:37,754] Trial 85 finished with value: 0.6034536503766074 and parameters: {'model_name': 'SimpleImputer', 'strategy': 'most_frequent'}. Best is trial 4 with value: 0.3572206754186875.
running
[I 2024-11-22 00:30:37,875] Trial 90 finished with value: 0.3572206754186875 and parameters: {'model_name': 'SimpleImputer', 'strategy': 'mean'}. Best is trial 4 with value: 0.3572206754186875.
running
[I 2024-11-22 00:30:37,974] Trial 91 finished with value: 0.3572206754186875 and parameters: {'model_name': 'SimpleImputer', 'strategy': 'mean'}. Best is trial 4 with value: 0.3572206754186875.
running
[I 2024-11-22 00:30:38,122] Trial 98 finished with value: 0.3572206754186875 and parameters: {'model_name': 'SimpleImputer', 'strategy': 'mean'}. Best is trial 4 with value: 0.3572206754186875.
[I 2024-11-22 00:30:38,217] Trial 95 finished with value: 0.3572206754186875 and parameters: {'model_name': 'SimpleImputer', 'strategy': 'mean'}. Best is trial 4 with value: 0.3572206754186875.
running
running
[I 2024-11-22 00:30:38,324] Trial 97 finished with value: 0.3572206754186875 and parameters: {'model_name': 'SimpleImputer', 'strategy': 'mean'}. Best is trial 4 with value: 0.3572206754186875.
running
[I 2024-11-22 00:30:38,543] Trial 100 finished with value: 0.3572206754186875 and parameters: {'model_name': 'SimpleImputer', 'strategy': 'mean'}. Best is trial 4 with value: 0.3572206754186875.
running
[I 2024-11-22 00:30:38,654] Trial 99 finished with value: 0.3572206754186875 and parameters: {'model_name': 'SimpleImputer', 'strategy': 'mean'}. Best is trial 4 with value: 0.3572206754186875.
running
[I 2024-11-22 00:30:38,776] Trial 104 finished with value: 0.3572206754186875 and parameters: {'model_name': 'SimpleImputer', 'strategy': 'mean'}. Best is trial 4 with value: 0.3572206754186875.
running
[I 2024-11-22 00:30:38,882] Trial 103 finished with value: 0.3572206754186875 and parameters: {'model_name': 'SimpleImputer', 'strategy': 'mean'}. Best is trial 4 with value: 0.3572206754186875.
running
[I 2024-11-22 00:30:39,009] Trial 106 finished with value: 0.3572206754186875 and parameters: {'model_name': 'SimpleImputer', 'strategy': 'mean'}. Best is trial 4 with value: 0.3572206754186875.
running
[I 2024-11-22 00:30:39,120] Trial 102 finished with value: 0.3572206754186875 and parameters: {'model_name': 'SimpleImputer', 'strategy': 'mean'}. Best is trial 4 with value: 0.3572206754186875.
[I 2024-11-22 00:30:39,215] Trial 101 finished with value: 0.3572206754186875 and parameters: {'model_name': 'SimpleImputer', 'strategy': 'mean'}. Best is trial 4 with value: 0.3572206754186875.
running
running
[I 2024-11-22 00:30:39,381] Trial 107 finished with value: 0.3572206754186875 and parameters: {'model_name': 'SimpleImputer', 'strategy': 'mean'}. Best is trial 4 with value: 0.3572206754186875.
running
[I 2024-11-22 00:30:39,659] Trial 108 finished with value: 0.36170190647132977 and parameters: {'model_name': 'SimpleImputer', 'strategy': 'median'}. Best is trial 4 with value: 0.3572206754186875.
running
[I 2024-11-22 00:30:39,858] Trial 114 finished with value: 0.3572206754186875 and parameters: {'model_name': 'SimpleImputer', 'strategy': 'mean'}. Best is trial 4 with value: 0.3572206754186875.
running
[I 2024-11-22 00:30:40,013] Trial 113 finished with value: 0.36170190647132977 and parameters: {'model_name': 'SimpleImputer', 'strategy': 'median'}. Best is trial 4 with value: 0.3572206754186875.
running
[I 2024-11-22 00:30:40,116] Trial 119 finished with value: 0.3572206754186875 and parameters: {'model_name': 'SimpleImputer', 'strategy': 'mean'}. Best is trial 4 with value: 0.3572206754186875.
[I 2024-11-22 00:30:40,208] Trial 110 finished with value: 0.36170190647132977 and parameters: {'model_name': 'SimpleImputer', 'strategy': 'median'}. Best is trial 4 with value: 0.3572206754186875.
running
running
[I 2024-11-22 00:30:40,305] Trial 117 finished with value: 0.3572206754186875 and parameters: {'model_name': 'SimpleImputer', 'strategy': 'mean'}. Best is trial 4 with value: 0.3572206754186875.
running
[I 2024-11-22 00:30:40,411] Trial 105 finished with value: 0.36170190647132977 and parameters: {'model_name': 'SimpleImputer', 'strategy': 'median'}. Best is trial 4 with value: 0.3572206754186875.
[I 2024-11-22 00:30:40,516] Trial 115 finished with value: 0.36170190647132977 and parameters: {'model_name': 'SimpleImputer', 'strategy': 'median'}. Best is trial 4 with value: 0.3572206754186875.
running
[I 2024-11-22 00:30:40,629] Trial 111 finished with value: 0.36170190647132977 and parameters: {'model_name': 'SimpleImputer', 'strategy': 'median'}. Best is trial 4 with value: 0.3572206754186875.
running
running
[I 2024-11-22 00:30:40,807] Trial 109 finished with value: 0.36170190647132977 and parameters: {'model_name': 'SimpleImputer', 'strategy': 'median'}. Best is trial 4 with value: 0.3572206754186875.
running
[I 2024-11-22 00:30:40,923] Trial 112 finished with value: 0.36170190647132977 and parameters: {'model_name': 'SimpleImputer', 'strategy': 'median'}. Best is trial 4 with value: 0.3572206754186875.
running
[I 2024-11-22 00:30:41,120] Trial 122 finished with value: 0.3572206754186875 and parameters: {'model_name': 'SimpleImputer', 'strategy': 'mean'}. Best is trial 4 with value: 0.3572206754186875.
[I 2024-11-22 00:30:41,225] Trial 118 finished with value: 0.36170190647132977 and parameters: {'model_name': 'SimpleImputer', 'strategy': 'median'}. Best is trial 4 with value: 0.3572206754186875.
running
running
[I 2024-11-22 00:30:41,359] Trial 120 finished with value: 0.36170190647132977 and parameters: {'model_name': 'SimpleImputer', 'strategy': 'median'}. Best is trial 4 with value: 0.3572206754186875.
[I 2024-11-22 00:30:41,457] Trial 116 finished with value: 0.36170190647132977 and parameters: {'model_name': 'SimpleImputer', 'strategy': 'median'}. Best is trial 4 with value: 0.3572206754186875.
running
running
[I 2024-11-22 00:30:41,573] Trial 121 finished with value: 0.36170190647132977 and parameters: {'model_name': 'SimpleImputer', 'strategy': 'median'}. Best is trial 4 with value: 0.3572206754186875.
running
[I 2024-11-22 00:30:41,700] Trial 125 finished with value: 0.3572206754186875 and parameters: {'model_name': 'SimpleImputer', 'strategy': 'mean'}. Best is trial 4 with value: 0.3572206754186875.
running
[I 2024-11-22 00:30:41,909] Trial 127 finished with value: 0.3572206754186875 and parameters: {'model_name': 'SimpleImputer', 'strategy': 'mean'}. Best is trial 4 with value: 0.3572206754186875.
running
[I 2024-11-22 00:30:42,055] Trial 128 finished with value: 0.3572206754186875 and parameters: {'model_name': 'SimpleImputer', 'strategy': 'mean'}. Best is trial 4 with value: 0.3572206754186875.
running
[I 2024-11-22 00:30:42,170] Trial 129 finished with value: 0.3572206754186875 and parameters: {'model_name': 'SimpleImputer', 'strategy': 'mean'}. Best is trial 4 with value: 0.3572206754186875.
running
[I 2024-11-22 00:30:42,317] Trial 133 finished with value: 0.3572206754186875 and parameters: {'model_name': 'SimpleImputer', 'strategy': 'mean'}. Best is trial 4 with value: 0.3572206754186875.
[I 2024-11-22 00:30:42,417] Trial 123 finished with value: 0.36170190647132977 and parameters: {'model_name': 'SimpleImputer', 'strategy': 'median'}. Best is trial 4 with value: 0.3572206754186875.
running
running
[I 2024-11-22 00:30:42,521] Trial 132 finished with value: 0.3572206754186875 and parameters: {'model_name': 'SimpleImputer', 'strategy': 'mean'}. Best is trial 4 with value: 0.3572206754186875.
[I 2024-11-22 00:30:42,622] Trial 130 finished with value: 0.3572206754186875 and parameters: {'model_name': 'SimpleImputer', 'strategy': 'mean'}. Best is trial 4 with value: 0.3572206754186875.
running
running
[I 2024-11-22 00:30:42,758] Trial 126 finished with value: 0.3572206754186875 and parameters: {'model_name': 'SimpleImputer', 'strategy': 'mean'}. Best is trial 4 with value: 0.3572206754186875.
running
[I 2024-11-22 00:30:42,902] Trial 135 finished with value: 0.3572206754186875 and parameters: {'model_name': 'SimpleImputer', 'strategy': 'mean'}. Best is trial 4 with value: 0.3572206754186875.
[I 2024-11-22 00:30:43,036] Trial 131 finished with value: 0.3572206754186875 and parameters: {'model_name': 'SimpleImputer', 'strategy': 'mean'}. Best is trial 4 with value: 0.3572206754186875.
running
running
[I 2024-11-22 00:30:43,150] Trial 138 finished with value: 0.3572206754186875 and parameters: {'model_name': 'SimpleImputer', 'strategy': 'mean'}. Best is trial 4 with value: 0.3572206754186875.
running
[I 2024-11-22 00:30:43,296] Trial 124 finished with value: 0.36170190647132977 and parameters: {'model_name': 'SimpleImputer', 'strategy': 'median'}. Best is trial 4 with value: 0.3572206754186875.
[I 2024-11-22 00:30:43,394] Trial 137 finished with value: 0.3572206754186875 and parameters: {'model_name': 'SimpleImputer', 'strategy': 'mean'}. Best is trial 4 with value: 0.3572206754186875.
running
[I 2024-11-22 00:30:43,489] Trial 136 finished with value: 0.3572206754186875 and parameters: {'model_name': 'SimpleImputer', 'strategy': 'mean'}. Best is trial 4 with value: 0.3572206754186875.
running
running
[I 2024-11-22 00:30:43,688] Trial 139 finished with value: 0.3572206754186875 and parameters: {'model_name': 'SimpleImputer', 'strategy': 'mean'}. Best is trial 4 with value: 0.3572206754186875.
running
[I 2024-11-22 00:30:43,802] Trial 134 finished with value: 0.3572206754186875 and parameters: {'model_name': 'SimpleImputer', 'strategy': 'mean'}. Best is trial 4 with value: 0.3572206754186875.
running
[I 2024-11-22 00:30:43,993] Trial 140 finished with value: 0.3572206754186875 and parameters: {'model_name': 'SimpleImputer', 'strategy': 'mean'}. Best is trial 4 with value: 0.3572206754186875.
running
[I 2024-11-22 00:30:44,092] Trial 141 finished with value: 0.3572206754186875 and parameters: {'model_name': 'SimpleImputer', 'strategy': 'mean'}. Best is trial 4 with value: 0.3572206754186875.
[I 2024-11-22 00:30:44,184] Trial 142 finished with value: 0.3572206754186875 and parameters: {'model_name': 'SimpleImputer', 'strategy': 'mean'}. Best is trial 4 with value: 0.3572206754186875.
running
running
[I 2024-11-22 00:30:44,359] Trial 143 finished with value: 0.3572206754186875 and parameters: {'model_name': 'SimpleImputer', 'strategy': 'mean'}. Best is trial 4 with value: 0.3572206754186875.
[I 2024-11-22 00:30:44,459] Trial 146 finished with value: 0.3572206754186875 and parameters: {'model_name': 'SimpleImputer', 'strategy': 'mean'}. Best is trial 4 with value: 0.3572206754186875.
running
running
[I 2024-11-22 00:30:44,603] Trial 147 finished with value: 0.3572206754186875 and parameters: {'model_name': 'SimpleImputer', 'strategy': 'mean'}. Best is trial 4 with value: 0.3572206754186875.
running
[I 2024-11-22 00:30:44,737] Trial 145 finished with value: 0.3572206754186875 and parameters: {'model_name': 'SimpleImputer', 'strategy': 'mean'}. Best is trial 4 with value: 0.3572206754186875.
running
[I 2024-11-22 00:30:44,857] Trial 148 finished with value: 0.3572206754186875 and parameters: {'model_name': 'SimpleImputer', 'strategy': 'mean'}. Best is trial 4 with value: 0.3572206754186875.
running
[I 2024-11-22 00:30:44,983] Trial 144 finished with value: 0.3572206754186875 and parameters: {'model_name': 'SimpleImputer', 'strategy': 'mean'}. Best is trial 4 with value: 0.3572206754186875.
running
[I 2024-11-22 00:30:45,094] Trial 151 finished with value: 0.3572206754186875 and parameters: {'model_name': 'SimpleImputer', 'strategy': 'mean'}. Best is trial 4 with value: 0.3572206754186875.
[I 2024-11-22 00:30:45,185] Trial 150 finished with value: 0.3572206754186875 and parameters: {'model_name': 'SimpleImputer', 'strategy': 'mean'}. Best is trial 4 with value: 0.3572206754186875.
[I 2024-11-22 00:30:45,275] Trial 153 finished with value: 0.3572206754186875 and parameters: {'model_name': 'SimpleImputer', 'strategy': 'mean'}. Best is trial 4 with value: 0.3572206754186875.
running
running
running
[I 2024-11-22 00:30:45,430] Trial 149 finished with value: 0.3572206754186875 and parameters: {'model_name': 'SimpleImputer', 'strategy': 'mean'}. Best is trial 4 with value: 0.3572206754186875.
[I 2024-11-22 00:30:45,535] Trial 152 finished with value: 0.3572206754186875 and parameters: {'model_name': 'SimpleImputer', 'strategy': 'mean'}. Best is trial 4 with value: 0.3572206754186875.
running
running
[I 2024-11-22 00:30:45,742] Trial 156 finished with value: 0.3572206754186875 and parameters: {'model_name': 'SimpleImputer', 'strategy': 'mean'}. Best is trial 4 with value: 0.3572206754186875.
running
[I 2024-11-22 00:30:45,869] Trial 154 finished with value: 0.3572206754186875 and parameters: {'model_name': 'SimpleImputer', 'strategy': 'mean'}. Best is trial 4 with value: 0.3572206754186875.
running
[I 2024-11-22 00:30:45,975] Trial 157 finished with value: 0.3572206754186875 and parameters: {'model_name': 'SimpleImputer', 'strategy': 'mean'}. Best is trial 4 with value: 0.3572206754186875.
running
[I 2024-11-22 00:30:46,116] Trial 155 finished with value: 0.3572206754186875 and parameters: {'model_name': 'SimpleImputer', 'strategy': 'mean'}. Best is trial 4 with value: 0.3572206754186875.
running
[I 2024-11-22 00:30:46,224] Trial 158 finished with value: 0.3572206754186875 and parameters: {'model_name': 'SimpleImputer', 'strategy': 'mean'}. Best is trial 4 with value: 0.3572206754186875.
[I 2024-11-22 00:30:46,310] Trial 159 finished with value: 0.3572206754186875 and parameters: {'model_name': 'SimpleImputer', 'strategy': 'mean'}. Best is trial 4 with value: 0.3572206754186875.
running
running
[I 2024-11-22 00:30:46,542] Trial 160 finished with value: 0.3572206754186875 and parameters: {'model_name': 'SimpleImputer', 'strategy': 'mean'}. Best is trial 4 with value: 0.3572206754186875.
running
[I 2024-11-22 00:30:46,675] Trial 164 finished with value: 0.3572206754186875 and parameters: {'model_name': 'SimpleImputer', 'strategy': 'mean'}. Best is trial 4 with value: 0.3572206754186875.
running
[I 2024-11-22 00:30:46,787] Trial 162 finished with value: 0.3572206754186875 and parameters: {'model_name': 'SimpleImputer', 'strategy': 'mean'}. Best is trial 4 with value: 0.3572206754186875.
[I 2024-11-22 00:30:46,898] Trial 163 finished with value: 0.3572206754186875 and parameters: {'model_name': 'SimpleImputer', 'strategy': 'mean'}. Best is trial 4 with value: 0.3572206754186875.
running
running
[I 2024-11-22 00:30:47,015] Trial 161 finished with value: 0.3572206754186875 and parameters: {'model_name': 'SimpleImputer', 'strategy': 'mean'}. Best is trial 4 with value: 0.3572206754186875.
[I 2024-11-22 00:30:47,117] Trial 166 finished with value: 0.3572206754186875 and parameters: {'model_name': 'SimpleImputer', 'strategy': 'mean'}. Best is trial 4 with value: 0.3572206754186875.
running
running
[I 2024-11-22 00:30:47,225] Trial 165 finished with value: 0.3572206754186875 and parameters: {'model_name': 'SimpleImputer', 'strategy': 'mean'}. Best is trial 4 with value: 0.3572206754186875.
running
[I 2024-11-22 00:30:47,392] Trial 170 finished with value: 0.3572206754186875 and parameters: {'model_name': 'SimpleImputer', 'strategy': 'mean'}. Best is trial 4 with value: 0.3572206754186875.
[I 2024-11-22 00:30:47,491] Trial 167 finished with value: 0.3572206754186875 and parameters: {'model_name': 'SimpleImputer', 'strategy': 'mean'}. Best is trial 4 with value: 0.3572206754186875.
running
running
[I 2024-11-22 00:30:47,621] Trial 171 finished with value: 0.3572206754186875 and parameters: {'model_name': 'SimpleImputer', 'strategy': 'mean'}. Best is trial 4 with value: 0.3572206754186875.
[I 2024-11-22 00:30:47,727] Trial 169 finished with value: 0.3572206754186875 and parameters: {'model_name': 'SimpleImputer', 'strategy': 'mean'}. Best is trial 4 with value: 0.3572206754186875.
running
running
[I 2024-11-22 00:30:47,888] Trial 168 finished with value: 0.3572206754186875 and parameters: {'model_name': 'SimpleImputer', 'strategy': 'mean'}. Best is trial 4 with value: 0.3572206754186875.
running
[I 2024-11-22 00:30:48,064] Trial 175 finished with value: 0.3572206754186875 and parameters: {'model_name': 'SimpleImputer', 'strategy': 'mean'}. Best is trial 4 with value: 0.3572206754186875.
running
[I 2024-11-22 00:30:48,185] Trial 174 finished with value: 0.3572206754186875 and parameters: {'model_name': 'SimpleImputer', 'strategy': 'mean'}. Best is trial 4 with value: 0.3572206754186875.
[I 2024-11-22 00:30:48,286] Trial 173 finished with value: 0.3572206754186875 and parameters: {'model_name': 'SimpleImputer', 'strategy': 'mean'}. Best is trial 4 with value: 0.3572206754186875.
running
[I 2024-11-22 00:30:48,377] Trial 172 finished with value: 0.3572206754186875 and parameters: {'model_name': 'SimpleImputer', 'strategy': 'mean'}. Best is trial 4 with value: 0.3572206754186875.
running
running
[I 2024-11-22 00:30:48,559] Trial 176 finished with value: 0.3572206754186875 and parameters: {'model_name': 'SimpleImputer', 'strategy': 'mean'}. Best is trial 4 with value: 0.3572206754186875.
running
[I 2024-11-22 00:30:48,763] Trial 177 finished with value: 0.3572206754186875 and parameters: {'model_name': 'SimpleImputer', 'strategy': 'mean'}. Best is trial 4 with value: 0.3572206754186875.
[I 2024-11-22 00:30:48,856] Trial 180 finished with value: 0.3572206754186875 and parameters: {'model_name': 'SimpleImputer', 'strategy': 'mean'}. Best is trial 4 with value: 0.3572206754186875.
running
[I 2024-11-22 00:30:48,949] Trial 178 finished with value: 0.3572206754186875 and parameters: {'model_name': 'SimpleImputer', 'strategy': 'mean'}. Best is trial 4 with value: 0.3572206754186875.
running
[I 2024-11-22 00:30:49,067] Trial 181 finished with value: 0.3572206754186875 and parameters: {'model_name': 'SimpleImputer', 'strategy': 'mean'}. Best is trial 4 with value: 0.3572206754186875.
running
running
[I 2024-11-22 00:30:49,204] Trial 179 finished with value: 0.3572206754186875 and parameters: {'model_name': 'SimpleImputer', 'strategy': 'mean'}. Best is trial 4 with value: 0.3572206754186875.
running
[I 2024-11-22 00:30:49,325] Trial 184 finished with value: 0.3572206754186875 and parameters: {'model_name': 'SimpleImputer', 'strategy': 'mean'}. Best is trial 4 with value: 0.3572206754186875.
running
[I 2024-11-22 00:30:49,464] Trial 183 finished with value: 0.3572206754186875 and parameters: {'model_name': 'SimpleImputer', 'strategy': 'mean'}. Best is trial 4 with value: 0.3572206754186875.
[I 2024-11-22 00:30:49,567] Trial 182 finished with value: 0.3572206754186875 and parameters: {'model_name': 'SimpleImputer', 'strategy': 'mean'}. Best is trial 4 with value: 0.3572206754186875.
running
[I 2024-11-22 00:30:49,666] Trial 187 finished with value: 0.3572206754186875 and parameters: {'model_name': 'SimpleImputer', 'strategy': 'mean'}. Best is trial 4 with value: 0.3572206754186875.
[I 2024-11-22 00:30:49,761] Trial 188 finished with value: 0.3572206754186875 and parameters: {'model_name': 'SimpleImputer', 'strategy': 'mean'}. Best is trial 4 with value: 0.3572206754186875.
[I 2024-11-22 00:30:49,892] Trial 191 finished with value: 0.3572206754186875 and parameters: {'model_name': 'SimpleImputer', 'strategy': 'mean'}. Best is trial 4 with value: 0.3572206754186875.
[I 2024-11-22 00:30:50,002] Trial 185 finished with value: 0.3572206754186875 and parameters: {'model_name': 'SimpleImputer', 'strategy': 'mean'}. Best is trial 4 with value: 0.3572206754186875.
[I 2024-11-22 00:30:50,114] Trial 190 finished with value: 0.3572206754186875 and parameters: {'model_name': 'SimpleImputer', 'strategy': 'mean'}. Best is trial 4 with value: 0.3572206754186875.
[I 2024-11-22 00:30:50,232] Trial 186 finished with value: 0.3572206754186875 and parameters: {'model_name': 'SimpleImputer', 'strategy': 'mean'}. Best is trial 4 with value: 0.3572206754186875.
[I 2024-11-22 00:30:50,385] Trial 189 finished with value: 0.3572206754186875 and parameters: {'model_name': 'SimpleImputer', 'strategy': 'mean'}. Best is trial 4 with value: 0.3572206754186875.
[I 2024-11-22 00:30:50,508] Trial 192 finished with value: 0.3572206754186875 and parameters: {'model_name': 'SimpleImputer', 'strategy': 'mean'}. Best is trial 4 with value: 0.3572206754186875.
[I 2024-11-22 00:30:50,618] Trial 195 finished with value: 0.3572206754186875 and parameters: {'model_name': 'SimpleImputer', 'strategy': 'mean'}. Best is trial 4 with value: 0.3572206754186875.
[I 2024-11-22 00:30:50,714] Trial 194 finished with value: 0.3572206754186875 and parameters: {'model_name': 'SimpleImputer', 'strategy': 'mean'}. Best is trial 4 with value: 0.3572206754186875.
[I 2024-11-22 00:30:50,814] Trial 197 finished with value: 0.3572206754186875 and parameters: {'model_name': 'SimpleImputer', 'strategy': 'mean'}. Best is trial 4 with value: 0.3572206754186875.
[I 2024-11-22 00:30:50,899] Trial 196 finished with value: 0.3572206754186875 and parameters: {'model_name': 'SimpleImputer', 'strategy': 'mean'}. Best is trial 4 with value: 0.3572206754186875.
[I 2024-11-22 00:30:50,979] Trial 199 finished with value: 0.3572206754186875 and parameters: {'model_name': 'SimpleImputer', 'strategy': 'mean'}. Best is trial 4 with value: 0.3572206754186875.
[I 2024-11-22 00:30:51,066] Trial 198 finished with value: 0.3572206754186875 and parameters: {'model_name': 'SimpleImputer', 'strategy': 'mean'}. Best is trial 4 with value: 0.3572206754186875.
[I 2024-11-22 00:30:51,155] Trial 193 finished with value: 0.3572206754186875 and parameters: {'model_name': 'SimpleImputer', 'strategy': 'mean'}. Best is trial 4 with value: 0.3572206754186875.
fit
simple fit
simple transform
0    0
1    0
2    0
3    0
4    0
5    0
dtype: int64
0    0
1    0
2    0
3    0
4    0
5    0
dtype: int64
0.3572206754186875
{'model_name': 'SimpleImputer', 'strategy': 'mean'}
running experiment 2/3 - Does reconstruction give good automl predictions
Start est fit
Version 0.1.7a0 of tpot2 is outdated. Version 0.1.8a0 was released Tuesday September 17, 2024.
Version 0.1.7a0 of tpot2 is outdated. Version 0.1.8a0 was released Tuesday September 17, 2024.
Version 0.1.7a0 of tpot2 is outdated. Version 0.1.8a0 was released Tuesday September 17, 2024.
Version 0.1.7a0 of tpot2 is outdated. Version 0.1.8a0 was released Tuesday September 17, 2024.
Version 0.1.7a0 of tpot2 is outdated. Version 0.1.8a0 was released Tuesday September 17, 2024.
Version 0.1.7a0 of tpot2 is outdated. Version 0.1.8a0 was released Tuesday September 17, 2024.
Version 0.1.7a0 of tpot2 is outdated. Version 0.1.8a0 was released Tuesday September 17, 2024.
Version 0.1.7a0 of tpot2 is outdated. Version 0.1.8a0 was released Tuesday September 17, 2024.
Version 0.1.7a0 of tpot2 is outdated. Version 0.1.8a0 was released Tuesday September 17, 2024.
Version 0.1.7a0 of tpot2 is outdated. Version 0.1.8a0 was released Tuesday September 17, 2024.
Version 0.1.7a0 of tpot2 is outdated. Version 0.1.8a0 was released Tuesday September 17, 2024.
Version 0.1.7a0 of tpot2 is outdated. Version 0.1.8a0 was released Tuesday September 17, 2024.
Version 0.1.7a0 of tpot2 is outdated. Version 0.1.8a0 was released Tuesday September 17, 2024.
Version 0.1.7a0 of tpot2 is outdated. Version 0.1.8a0 was released Tuesday September 17, 2024.
Version 0.1.7a0 of tpot2 is outdated. Version 0.1.8a0 was released Tuesday September 17, 2024.
Version 0.1.7a0 of tpot2 is outdated. Version 0.1.8a0 was released Tuesday September 17, 2024.
  0%|          | 0/25 [00:00<?, ?it/s]Generation:   0%|          | 0/25 [00:00<?, ?it/s]Generation:  1
Best f1_score score: 0.7879046218461332
Generation:   4%|▍         | 1/25 [00:48<19:13, 48.05s/it]Generation:  2
Best f1_score score: 0.7908629437864867
Generation:   8%|▊         | 2/25 [02:12<26:32, 69.22s/it]Generation:  3
Best f1_score score: 0.8098676399060546
Generation:  12%|█▏        | 3/25 [04:35<37:52, 103.28s/it]WARNING AN INDIVIDUAL TIMED OUT: 
 <tpot2.search_spaces.pipelines.sequential.SequentialPipelineIndividual object at 0x15547507d150> 

Generation:  4
Best f1_score score: 0.8098676399060546
Generation:  16%|█▌        | 4/25 [14:40<1:45:28, 301.37s/it]Generation:  5
Best f1_score score: 0.8098676399060546
Generation:  20%|██        | 5/25 [19:12<1:36:50, 290.53s/it]WARNING AN INDIVIDUAL TIMED OUT: 
 <tpot2.search_spaces.pipelines.sequential.SequentialPipelineIndividual object at 0x15545fb97970> 

WARNING AN INDIVIDUAL TIMED OUT: 
 <tpot2.search_spaces.pipelines.sequential.SequentialPipelineIndividual object at 0x15547461abc0> 

WARNING AN INDIVIDUAL TIMED OUT: 
 <tpot2.search_spaces.pipelines.sequential.SequentialPipelineIndividual object at 0x155474d360b0> 

Generation:  6
Best f1_score score: 0.8098676399060546
Generation:  24%|██▍       | 6/25 [29:18<2:05:58, 397.79s/it]Generation:  7
Best f1_score score: 0.8098676399060546
Generation:  28%|██▊       | 7/25 [32:19<1:38:05, 326.97s/it]Generation:  8
Best f1_score score: 0.8098676399060546
Generation:  32%|███▏      | 8/25 [34:28<1:14:49, 264.10s/it]Generation:  9
Best f1_score score: 0.8229968259378897
Generation:  36%|███▌      | 9/25 [36:44<59:44, 224.00s/it]  WARNING THIS INDIVIDUAL CAUSED AND EXCEPTION 
 <tpot2.search_spaces.pipelines.sequential.SequentialPipelineIndividual object at 0x15547507feb0> 
 The 'min_samples_split' parameter of DecisionTreeClassifier must be an int in the range [2, inf) or a float in the range (0.0, 1.0]. Got 1 instead. 
 Traceback (most recent call last):
  File "/common/ketrong/tpotexp/tpot2/tpot2/utils/eval_utils.py", line 53, in objective_nan_wrapper
    value = func_timeout.func_timeout(timeout, objective_function, args=[individual], kwargs=objective_kwargs)
  File "/common/ketrong/tpotexp/env/lib/python3.10/site-packages/func_timeout/dafunc.py", line 108, in func_timeout
    raise_exception(exception)
  File "/common/ketrong/tpotexp/env/lib/python3.10/site-packages/func_timeout/py3_raise.py", line 7, in raise_exception
    raise exception[0] from None
  File "/common/ketrong/tpotexp/tpot2/tpot2/tpot_estimator/estimator.py", line 623, in objective_function
    return objective_function_generator(
  File "/common/ketrong/tpotexp/tpot2/tpot2/tpot_estimator/estimator_utils.py", line 55, in objective_function_generator
    cv_obj_scores = cross_val_score_objective(sklearn.base.clone(pipeline),x,y,scorers=scorers, cv=cv , fold=step)
  File "/common/ketrong/tpotexp/tpot2/tpot2/tpot_estimator/cross_val_utils.py", line 28, in cross_val_score_objective
    this_fold_pipeline.fit(X_train,y_train)
  File "/common/ketrong/tpotexp/env/lib/python3.10/site-packages/sklearn/base.py", line 1473, in wrapper
    return fit_method(estimator, *args, **kwargs)
  File "/common/ketrong/tpotexp/env/lib/python3.10/site-packages/sklearn/pipeline.py", line 473, in fit
    self._final_estimator.fit(Xt, y, **last_step_params["fit"])
  File "/common/ketrong/tpotexp/env/lib/python3.10/site-packages/sklearn/base.py", line 1466, in wrapper
    estimator._validate_params()
  File "/common/ketrong/tpotexp/env/lib/python3.10/site-packages/sklearn/base.py", line 666, in _validate_params
    validate_parameter_constraints(
  File "/common/ketrong/tpotexp/env/lib/python3.10/site-packages/sklearn/utils/_param_validation.py", line 95, in validate_parameter_constraints
    raise InvalidParameterError(
sklearn.utils._param_validation.InvalidParameterError: The 'min_samples_split' parameter of DecisionTreeClassifier must be an int in the range [2, inf) or a float in the range (0.0, 1.0]. Got 1 instead.

Generation:  10
Best f1_score score: 0.8229968259378897
Generation:  40%|████      | 10/25 [43:25<1:09:38, 278.59s/it]Generation:  11
Best f1_score score: 0.8229968259378897
Generation:  44%|████▍     | 11/25 [44:42<50:35, 216.79s/it]  WARNING AN INDIVIDUAL TIMED OUT: 
 <tpot2.search_spaces.pipelines.sequential.SequentialPipelineIndividual object at 0x155474d32d70> 

WARNING AN INDIVIDUAL TIMED OUT: 
 <tpot2.search_spaces.pipelines.sequential.SequentialPipelineIndividual object at 0x15545ba608e0> 

WARNING AN INDIVIDUAL TIMED OUT: 
 <tpot2.search_spaces.pipelines.sequential.SequentialPipelineIndividual object at 0x155474d4a6e0> 

Generation:  12
Best f1_score score: 0.8229968259378897
Generation:  48%|████▊     | 12/25 [54:51<1:12:48, 336.07s/it]Generation:  13
Best f1_score score: 0.8229968259378897
Generation:  52%|█████▏    | 13/25 [55:19<48:35, 242.95s/it]  Generation:  14
Best f1_score score: 0.8229968259378897
Generation:  56%|█████▌    | 14/25 [59:29<44:56, 245.13s/it]WARNING AN INDIVIDUAL TIMED OUT: 
 <tpot2.search_spaces.pipelines.sequential.SequentialPipelineIndividual object at 0x155474670dc0> 

WARNING AN INDIVIDUAL TIMED OUT: 
 <tpot2.search_spaces.pipelines.sequential.SequentialPipelineIndividual object at 0x15548648b0a0> 

Generation:  15
Best f1_score score: 0.8229968259378897
Generation:  60%|██████    | 15/25 [1:09:39<59:10, 355.06s/it]WARNING AN INDIVIDUAL TIMED OUT: 
 <tpot2.search_spaces.pipelines.sequential.SequentialPipelineIndividual object at 0x1554745fceb0> 

Generation:  16
Best f1_score score: 0.8229968259378897
Generation:  64%|██████▍   | 16/25 [1:19:49<1:04:46, 431.84s/it]WARNING AN INDIVIDUAL TIMED OUT: 
 <tpot2.search_spaces.pipelines.sequential.SequentialPipelineIndividual object at 0x155474550940> 

Generation:  17
Best f1_score score: 0.8229968259378897
Generation:  68%|██████▊   | 17/25 [1:30:00<1:04:45, 485.64s/it]WARNING AN INDIVIDUAL TIMED OUT: 
 <tpot2.search_spaces.pipelines.sequential.SequentialPipelineIndividual object at 0x1554744b04f0> 

WARNING AN INDIVIDUAL TIMED OUT: 
 <tpot2.search_spaces.pipelines.sequential.SequentialPipelineIndividual object at 0x155474cd1c00> 

Generation:  18
Best f1_score score: 0.8229968259378897
Generation:  72%|███████▏  | 18/25 [1:40:10<1:01:00, 522.89s/it]WARNING AN INDIVIDUAL TIMED OUT: 
 <tpot2.search_spaces.pipelines.sequential.SequentialPipelineIndividual object at 0x155474d4bd30> 

Generation:  19
Best f1_score score: 0.8229968259378897
Generation:  76%|███████▌  | 19/25 [1:50:20<54:54, 549.15s/it]  Generation:  20
Best f1_score score: 0.8229968259378897
Generation:  80%|████████  | 20/25 [1:58:31<44:17, 531.52s/it]Generation:  21
Best f1_score score: 0.823379608886051
Generation:  84%|████████▍ | 21/25 [2:01:33<28:27, 426.83s/it]Generation:  22
Best f1_score score: 0.823379608886051
Generation:  88%|████████▊ | 22/25 [2:04:39<17:43, 354.45s/it]Generation:  23
Best f1_score score: 0.8409767311016108
Generation:  92%|█████████▏| 23/25 [2:08:04<10:19, 309.52s/it]Generation:  24
Best f1_score score: 0.8409767311016108
Generation:  96%|█████████▌| 24/25 [2:08:31<03:44, 224.92s/it]Generation:  25
Best f1_score score: 0.8409767311016108
Generation: 100%|██████████| 25/25 [2:10:44<00:00, 197.14s/it]Generation: 100%|██████████| 25/25 [2:10:47<00:00, 313.88s/it]
2024-11-22 02:41:43,783 - distributed.scheduler - ERROR - Removing worker 'tcp://127.0.0.1:40207' caused the cluster to lose scattered data, which can't be recovered: {'ndarray-2ccc21e36afd0cbe8767599e9f8d667d', 'ndarray-bbcff8349ee42c708f6fa6a3154c2ae0'} (stimulus_id='handle-worker-cleanup-1732272103.7836726')
Fitted
Pipeline(steps=[('kneighborsclassifier',
                 KNeighborsClassifier(n_jobs=1, n_neighbors=22, p=1))])
score start
train score: {'auroc': 0.9788197840227024, 'accuracy': 0.9108910891089109, 'balanced_accuracy': 0.8579533332765585, 'logloss': 0.32029210843751693, 'f1': 0.8795388702765484}
original test score: {'auroc': 0.9776880097358175, 'accuracy': 0.9024988844265953, 'balanced_accuracy': 0.8499107520651199, 'logloss': 0.3302716085315261, 'f1': 0.8723731035998773}
imputed test score: {'auroc': 0.9692307983182662, 'accuracy': 0.89078536367693, 'balanced_accuracy': 0.8358607825904111, 'logloss': 0.4165204480211609, 'f1': 0.8568824285085456}
score end
check intended
EXP2 Finished
running experiment 3/3 - What is the best automl settings?
<tpot2.search_spaces.pipelines.sequential.SequentialPipeline object at 0x15543504f9d0>
Start tpot fit
Version 0.1.7a0 of tpot2 is outdated. Version 0.1.8a0 was released Tuesday September 17, 2024.
Version 0.1.7a0 of tpot2 is outdated. Version 0.1.8a0 was released Tuesday September 17, 2024.
Version 0.1.7a0 of tpot2 is outdated. Version 0.1.8a0 was released Tuesday September 17, 2024.
Version 0.1.7a0 of tpot2 is outdated. Version 0.1.8a0 was released Tuesday September 17, 2024.
Version 0.1.7a0 of tpot2 is outdated. Version 0.1.8a0 was released Tuesday September 17, 2024.
Version 0.1.7a0 of tpot2 is outdated. Version 0.1.8a0 was released Tuesday September 17, 2024.
Version 0.1.7a0 of tpot2 is outdated. Version 0.1.8a0 was released Tuesday September 17, 2024.
Version 0.1.7a0 of tpot2 is outdated. Version 0.1.8a0 was released Tuesday September 17, 2024.
Version 0.1.7a0 of tpot2 is outdated. Version 0.1.8a0 was released Tuesday September 17, 2024.
Version 0.1.7a0 of tpot2 is outdated. Version 0.1.8a0 was released Tuesday September 17, 2024.
Version 0.1.7a0 of tpot2 is outdated. Version 0.1.8a0 was released Tuesday September 17, 2024.
Version 0.1.7a0 of tpot2 is outdated. Version 0.1.8a0 was released Tuesday September 17, 2024.
Version 0.1.7a0 of tpot2 is outdated. Version 0.1.8a0 was released Tuesday September 17, 2024.
Version 0.1.7a0 of tpot2 is outdated. Version 0.1.8a0 was released Tuesday September 17, 2024.
Version 0.1.7a0 of tpot2 is outdated. Version 0.1.8a0 was released Tuesday September 17, 2024.
Version 0.1.7a0 of tpot2 is outdated. Version 0.1.8a0 was released Tuesday September 17, 2024.
  0%|          | 0/25 [00:00<?, ?it/s]Generation:   0%|          | 0/25 [00:00<?, ?it/s]WARNING THIS INDIVIDUAL CAUSED AND EXCEPTION 
 <tpot2.search_spaces.pipelines.sequential.SequentialPipelineIndividual object at 0x1554746a4ac0> 
 The 'min_samples_split' parameter of DecisionTreeClassifier must be an int in the range [2, inf) or a float in the range (0.0, 1.0]. Got 1 instead. 
 Traceback (most recent call last):
  File "/common/ketrong/tpotexp/tpot2/tpot2/utils/eval_utils.py", line 53, in objective_nan_wrapper
    value = func_timeout.func_timeout(timeout, objective_function, args=[individual], kwargs=objective_kwargs)
  File "/common/ketrong/tpotexp/env/lib/python3.10/site-packages/func_timeout/dafunc.py", line 108, in func_timeout
    raise_exception(exception)
  File "/common/ketrong/tpotexp/env/lib/python3.10/site-packages/func_timeout/py3_raise.py", line 7, in raise_exception
    raise exception[0] from None
  File "/common/ketrong/tpotexp/tpot2/tpot2/tpot_estimator/estimator.py", line 623, in objective_function
    return objective_function_generator(
  File "/common/ketrong/tpotexp/tpot2/tpot2/tpot_estimator/estimator_utils.py", line 55, in objective_function_generator
    cv_obj_scores = cross_val_score_objective(sklearn.base.clone(pipeline),x,y,scorers=scorers, cv=cv , fold=step)
  File "/common/ketrong/tpotexp/tpot2/tpot2/tpot_estimator/cross_val_utils.py", line 28, in cross_val_score_objective
    this_fold_pipeline.fit(X_train,y_train)
  File "/common/ketrong/tpotexp/env/lib/python3.10/site-packages/sklearn/base.py", line 1473, in wrapper
    return fit_method(estimator, *args, **kwargs)
  File "/common/ketrong/tpotexp/env/lib/python3.10/site-packages/sklearn/pipeline.py", line 473, in fit
    self._final_estimator.fit(Xt, y, **last_step_params["fit"])
  File "/common/ketrong/tpotexp/env/lib/python3.10/site-packages/sklearn/base.py", line 1466, in wrapper
    estimator._validate_params()
  File "/common/ketrong/tpotexp/env/lib/python3.10/site-packages/sklearn/base.py", line 666, in _validate_params
    validate_parameter_constraints(
  File "/common/ketrong/tpotexp/env/lib/python3.10/site-packages/sklearn/utils/_param_validation.py", line 95, in validate_parameter_constraints
    raise InvalidParameterError(
sklearn.utils._param_validation.InvalidParameterError: The 'min_samples_split' parameter of DecisionTreeClassifier must be an int in the range [2, inf) or a float in the range (0.0, 1.0]. Got 1 instead.

WARNING AN INDIVIDUAL TIMED OUT: 
 <tpot2.search_spaces.pipelines.sequential.SequentialPipelineIndividual object at 0x1554746a4b20> 

Generation:  1
Best f1_score score: 0.7924467931971217
Generation:   4%|▍         | 1/25 [10:02<4:00:55, 602.30s/it]Generation:  2
Best f1_score score: 0.7924467931971217
Generation:   8%|▊         | 2/25 [10:53<1:46:31, 277.91s/it]Generation:  3
Best f1_score score: 0.7924467931971217
Generation:  12%|█▏        | 3/25 [15:15<1:39:19, 270.90s/it]Generation:  4
Best f1_score score: 0.8089352432596952
Generation:  16%|█▌        | 4/25 [24:07<2:10:51, 373.89s/it]WARNING AN INDIVIDUAL TIMED OUT: 
 <tpot2.search_spaces.pipelines.sequential.SequentialPipelineIndividual object at 0x155466d3a050> 

WARNING AN INDIVIDUAL TIMED OUT: 
 <tpot2.search_spaces.pipelines.sequential.SequentialPipelineIndividual object at 0x15548648b0a0> 

WARNING AN INDIVIDUAL TIMED OUT: 
 <tpot2.search_spaces.pipelines.sequential.SequentialPipelineIndividual object at 0x155467d49d50> 

Generation:  5
Best f1_score score: 0.8089352432596952
Generation:  20%|██        | 5/25 [34:12<2:32:24, 457.24s/it]WARNING AN INDIVIDUAL TIMED OUT: 
 <tpot2.search_spaces.pipelines.sequential.SequentialPipelineIndividual object at 0x155467113790> 

WARNING AN INDIVIDUAL TIMED OUT: 
 <tpot2.search_spaces.pipelines.sequential.SequentialPipelineIndividual object at 0x1554746a4be0> 

Generation:  6
Best f1_score score: 0.8131490917477091
Generation:  24%|██▍       | 6/25 [44:16<2:40:35, 507.11s/it]WARNING AN INDIVIDUAL TIMED OUT: 
 <tpot2.search_spaces.pipelines.sequential.SequentialPipelineIndividual object at 0x1554746fb220> 

Generation:  7
Best f1_score score: 0.8137276624609339
Generation:  28%|██▊       | 7/25 [54:20<2:41:37, 538.75s/it]WARNING THIS INDIVIDUAL CAUSED AND EXCEPTION 
 <tpot2.search_spaces.pipelines.sequential.SequentialPipelineIndividual object at 0x1554652cc490> 
 The 'min_samples_split' parameter of DecisionTreeClassifier must be an int in the range [2, inf) or a float in the range (0.0, 1.0]. Got 1 instead. 
 Traceback (most recent call last):
  File "/common/ketrong/tpotexp/tpot2/tpot2/utils/eval_utils.py", line 53, in objective_nan_wrapper
    value = func_timeout.func_timeout(timeout, objective_function, args=[individual], kwargs=objective_kwargs)
  File "/common/ketrong/tpotexp/env/lib/python3.10/site-packages/func_timeout/dafunc.py", line 108, in func_timeout
    raise_exception(exception)
  File "/common/ketrong/tpotexp/env/lib/python3.10/site-packages/func_timeout/py3_raise.py", line 7, in raise_exception
    raise exception[0] from None
  File "/common/ketrong/tpotexp/tpot2/tpot2/tpot_estimator/estimator.py", line 623, in objective_function
    return objective_function_generator(
  File "/common/ketrong/tpotexp/tpot2/tpot2/tpot_estimator/estimator_utils.py", line 55, in objective_function_generator
    cv_obj_scores = cross_val_score_objective(sklearn.base.clone(pipeline),x,y,scorers=scorers, cv=cv , fold=step)
  File "/common/ketrong/tpotexp/tpot2/tpot2/tpot_estimator/cross_val_utils.py", line 28, in cross_val_score_objective
    this_fold_pipeline.fit(X_train,y_train)
  File "/common/ketrong/tpotexp/env/lib/python3.10/site-packages/sklearn/base.py", line 1473, in wrapper
    return fit_method(estimator, *args, **kwargs)
  File "/common/ketrong/tpotexp/env/lib/python3.10/site-packages/sklearn/pipeline.py", line 473, in fit
    self._final_estimator.fit(Xt, y, **last_step_params["fit"])
  File "/common/ketrong/tpotexp/env/lib/python3.10/site-packages/sklearn/base.py", line 1466, in wrapper
    estimator._validate_params()
  File "/common/ketrong/tpotexp/env/lib/python3.10/site-packages/sklearn/base.py", line 666, in _validate_params
    validate_parameter_constraints(
  File "/common/ketrong/tpotexp/env/lib/python3.10/site-packages/sklearn/utils/_param_validation.py", line 95, in validate_parameter_constraints
    raise InvalidParameterError(
sklearn.utils._param_validation.InvalidParameterError: The 'min_samples_split' parameter of DecisionTreeClassifier must be an int in the range [2, inf) or a float in the range (0.0, 1.0]. Got 1 instead.

Generation:  8
Best f1_score score: 0.8137276624609339
Generation:  32%|███▏      | 8/25 [56:08<1:53:48, 401.71s/it]Generation:  9
Best f1_score score: 0.8138062140352089
Generation:  36%|███▌      | 9/25 [1:04:45<1:56:42, 437.68s/it]Generation:  10
Best f1_score score: 0.8267283022097051
Generation:  40%|████      | 10/25 [1:09:06<1:35:47, 383.14s/it]WARNING AN INDIVIDUAL TIMED OUT: 
 <tpot2.search_spaces.pipelines.sequential.SequentialPipelineIndividual object at 0x155467845840> 

Generation:  11
Best f1_score score: 0.8267283022097051
Generation:  44%|████▍     | 11/25 [1:19:10<1:45:09, 450.67s/it]Generation:  12
Best f1_score score: 0.8291983483225366
Generation:  48%|████▊     | 12/25 [1:22:46<1:22:10, 379.29s/it]WARNING AN INDIVIDUAL TIMED OUT: 
 <tpot2.search_spaces.pipelines.sequential.SequentialPipelineIndividual object at 0x15546767a8f0> 

WARNING AN INDIVIDUAL TIMED OUT: 
 <tpot2.search_spaces.pipelines.sequential.SequentialPipelineIndividual object at 0x1554746a5ed0> 

Generation:  13
Best f1_score score: 0.8308853213057816
Generation:  52%|█████▏    | 13/25 [1:32:49<1:29:26, 447.17s/it]Generation:  14
Best f1_score score: 0.8308853213057816
Generation:  56%|█████▌    | 14/25 [1:42:40<1:29:55, 490.49s/it]WARNING AN INDIVIDUAL TIMED OUT: 
 <tpot2.search_spaces.pipelines.sequential.SequentialPipelineIndividual object at 0x155467173ee0> 

WARNING AN INDIVIDUAL TIMED OUT: 
 <tpot2.search_spaces.pipelines.sequential.SequentialPipelineIndividual object at 0x155467c40820> 

Generation:  15
Best f1_score score: 0.8308853213057816
Generation:  60%|██████    | 15/25 [1:52:44<1:27:26, 524.70s/it]WARNING AN INDIVIDUAL TIMED OUT: 
 <tpot2.search_spaces.pipelines.sequential.SequentialPipelineIndividual object at 0x155467207850> 

WARNING AN INDIVIDUAL TIMED OUT: 
 <tpot2.search_spaces.pipelines.sequential.SequentialPipelineIndividual object at 0x155466b82b30> 

Generation:  16
Best f1_score score: 0.8308853213057816
Generation:  64%|██████▍   | 16/25 [2:02:48<1:22:19, 548.80s/it]WARNING AN INDIVIDUAL TIMED OUT: 
 <tpot2.search_spaces.pipelines.sequential.SequentialPipelineIndividual object at 0x155464c8cbb0> 

WARNING AN INDIVIDUAL TIMED OUT: 
 <tpot2.search_spaces.pipelines.sequential.SequentialPipelineIndividual object at 0x155467712320> 

Generation:  17
Best f1_score score: 0.8308853213057816
Generation:  68%|██████▊   | 17/25 [2:12:52<1:15:22, 565.33s/it]WARNING AN INDIVIDUAL TIMED OUT: 
 <tpot2.search_spaces.pipelines.sequential.SequentialPipelineIndividual object at 0x155467b03400> 

WARNING AN INDIVIDUAL TIMED OUT: 
 <tpot2.search_spaces.pipelines.sequential.SequentialPipelineIndividual object at 0x1554679c5270> 

WARNING AN INDIVIDUAL TIMED OUT: 
 <tpot2.search_spaces.pipelines.sequential.SequentialPipelineIndividual object at 0x155467d48dc0> 

Generation:  18
Best f1_score score: 0.8308853213057816
Generation:  72%|███████▏  | 18/25 [2:22:56<1:07:17, 576.83s/it]WARNING AN INDIVIDUAL TIMED OUT: 
 <tpot2.search_spaces.pipelines.sequential.SequentialPipelineIndividual object at 0x1554641ce470> 

WARNING AN INDIVIDUAL TIMED OUT: 
 <tpot2.search_spaces.pipelines.sequential.SequentialPipelineIndividual object at 0x1554670608b0> 

WARNING AN INDIVIDUAL TIMED OUT: 
 <tpot2.search_spaces.pipelines.sequential.SequentialPipelineIndividual object at 0x155467d030a0> 

Generation:  19
Best f1_score score: 0.8308853213057816
Generation:  76%|███████▌  | 19/25 [2:33:01<58:32, 585.40s/it]  WARNING AN INDIVIDUAL TIMED OUT: 
 <tpot2.search_spaces.pipelines.sequential.SequentialPipelineIndividual object at 0x155467f2be80> 

Generation:  20
Best f1_score score: 0.8308853213057816
Generation:  80%|████████  | 20/25 [2:43:04<49:13, 590.79s/it]WARNING AN INDIVIDUAL TIMED OUT: 
 <tpot2.search_spaces.pipelines.sequential.SequentialPipelineIndividual object at 0x155474739bd0> 

WARNING AN INDIVIDUAL TIMED OUT: 
 <tpot2.search_spaces.pipelines.sequential.SequentialPipelineIndividual object at 0x155464c1bd30> 

WARNING AN INDIVIDUAL TIMED OUT: 
 <tpot2.search_spaces.pipelines.sequential.SequentialPipelineIndividual object at 0x1554746a7d90> 

Generation:  21
Best f1_score score: 0.8308853213057816
Generation:  84%|████████▍ | 21/25 [2:53:10<39:40, 595.20s/it]WARNING AN INDIVIDUAL TIMED OUT: 
 <tpot2.search_spaces.pipelines.sequential.SequentialPipelineIndividual object at 0x15546486cbb0> 

WARNING AN INDIVIDUAL TIMED OUT: 
 <tpot2.search_spaces.pipelines.sequential.SequentialPipelineIndividual object at 0x1554679df1c0> 

WARNING AN INDIVIDUAL TIMED OUT: 
 <tpot2.search_spaces.pipelines.sequential.SequentialPipelineIndividual object at 0x155467f2a410> 

WARNING AN INDIVIDUAL TIMED OUT: 
 <tpot2.search_spaces.pipelines.sequential.SequentialPipelineIndividual object at 0x1554678d0c70> 

WARNING AN INDIVIDUAL TIMED OUT: 
 <tpot2.search_spaces.pipelines.sequential.SequentialPipelineIndividual object at 0x15547473a710> 

Generation:  22
Best f1_score score: 0.8308853213057816
Generation:  88%|████████▊ | 22/25 [3:03:14<29:53, 597.89s/it]WARNING AN INDIVIDUAL TIMED OUT: 
 <tpot2.search_spaces.pipelines.sequential.SequentialPipelineIndividual object at 0x1554674ac370> 

WARNING AN INDIVIDUAL TIMED OUT: 
 <tpot2.search_spaces.pipelines.sequential.SequentialPipelineIndividual object at 0x155467d2a410> 

Generation:  23
Best f1_score score: 0.8469741699937952
Generation:  92%|█████████▏| 23/25 [3:13:19<19:59, 599.98s/it]WARNING AN INDIVIDUAL TIMED OUT: 
 <tpot2.search_spaces.pipelines.sequential.SequentialPipelineIndividual object at 0x1554648b7910> 

WARNING AN INDIVIDUAL TIMED OUT: 
 <tpot2.search_spaces.pipelines.sequential.SequentialPipelineIndividual object at 0x155464d58580> 

WARNING AN INDIVIDUAL TIMED OUT: 
 <tpot2.search_spaces.pipelines.sequential.SequentialPipelineIndividual object at 0x155467f092d0> 

WARNING AN INDIVIDUAL TIMED OUT: 
 <tpot2.search_spaces.pipelines.sequential.SequentialPipelineIndividual object at 0x155467d172b0> 

WARNING AN INDIVIDUAL TIMED OUT: 
 <tpot2.search_spaces.pipelines.sequential.SequentialPipelineIndividual object at 0x155466fe2020> 

Generation:  24
Best f1_score score: 0.8469741699937952
Generation:  96%|█████████▌| 24/25 [3:23:22<10:01, 601.01s/it]WARNING AN INDIVIDUAL TIMED OUT: 
 <tpot2.search_spaces.pipelines.sequential.SequentialPipelineIndividual object at 0x155467309180> 

WARNING AN INDIVIDUAL TIMED OUT: 
 <tpot2.search_spaces.pipelines.sequential.SequentialPipelineIndividual object at 0x1554746a5780> 

WARNING AN INDIVIDUAL TIMED OUT: 
 <tpot2.search_spaces.pipelines.sequential.SequentialPipelineIndividual object at 0x1554654df3a0> 

WARNING AN INDIVIDUAL TIMED OUT: 
 <tpot2.search_spaces.pipelines.sequential.SequentialPipelineIndividual object at 0x15546792f880> 

Generation:  25
Best f1_score score: 0.8469741699937952
Generation: 100%|██████████| 25/25 [3:33:26<00:00, 601.75s/it]Generation: 100%|██████████| 25/25 [3:33:26<00:00, 512.26s/it]
2024-11-22 06:16:11,045 - distributed.scheduler - ERROR - Removing worker 'tcp://127.0.0.1:42383' caused the cluster to lose scattered data, which can't be recovered: {'DataFrame-17c1cbe01209d45c64dc43a8f633d11e', 'ndarray-bbcff8349ee42c708f6fa6a3154c2ae0'} (stimulus_id='handle-worker-cleanup-1732284971.0449748')
Fitted
Pipeline(steps=[('simpleimputer', SimpleImputer()),
                ('mlpclassifier',
                 MLPClassifier(activation='tanh', alpha=0.0211938152324,
                               hidden_layer_sizes=[113, 113, 113],
                               learning_rate='invscaling',
                               learning_rate_init=0.0044970704425,
                               n_iter_no_change=32))])
transform worked
try transform
transform worked
score start
train score: {'auroc': 0.9926624117673906, 'accuracy': 0.9406777297448055, 'balanced_accuracy': 0.896763579488926, 'logloss': 0.14812911013352803, 'f1': 0.9128400380947274}
test score: {'auroc': 0.9830284214303703, 'accuracy': 0.9126506024096386, 'balanced_accuracy': 0.8612397135091342, 'logloss': 0.2325151150184448, 'f1': 0.8774170600022478}
original test score: {'auroc': 0.9909458712074685, 'accuracy': 0.926595269968764, 'balanced_accuracy': 0.8771875775414392, 'logloss': 0.16399736537228315, 'f1': 0.89448931016987}
score end
41027
lvl
0.01
type
MNAR
num_run
1
class_simple
finished
all finished
full run takes
5.766860328978963
hours
DONE
