Run: 17
/cm/local/apps/slurm/var/spool/job921836/slurm_script: line 26: 
pip install -e tpot2
pip install -r tpot2/ImputerExperiments/requirements_.txt
: No such file or directory
RunStart
starting loops
../data/c/30/30.pkl
working on 
../data/c/30/class_simple_MAR_0.01_1
3.109304904937744
running experiment 1/3 - Does large hyperparameter space improve reconstruction accuracy over simple
[I 2024-08-13 11:51:16,996] A new study created in memory with name: no-name-2d3050ca-b82e-4fc1-9bb8-872611ada7e4
running
running
running
running
running
running
running
running
running
running
running
running
running
running
running
running
[I 2024-08-13 11:51:17,386] Trial 6 finished with value: 0.33752439728035133 and parameters: {'model_name': 'SimpleImputer', 'strategy': 'constant'}. Best is trial 6 with value: 0.33752439728035133.
running
[I 2024-08-13 11:51:17,680] Trial 4 finished with value: 0.10865644095159221 and parameters: {'model_name': 'SimpleImputer', 'strategy': 'mean'}. Best is trial 4 with value: 0.10865644095159221.
running
[I 2024-08-13 11:51:17,905] Trial 1 finished with value: 0.10865644095159221 and parameters: {'model_name': 'SimpleImputer', 'strategy': 'mean'}. Best is trial 4 with value: 0.10865644095159221.
running
[I 2024-08-13 11:51:18,190] Trial 3 finished with value: 0.10865644095159221 and parameters: {'model_name': 'SimpleImputer', 'strategy': 'mean'}. Best is trial 4 with value: 0.10865644095159221.
running
[I 2024-08-13 11:51:18,333] Trial 13 finished with value: 0.33752439728035133 and parameters: {'model_name': 'SimpleImputer', 'strategy': 'constant'}. Best is trial 4 with value: 0.10865644095159221.
[I 2024-08-13 11:51:18,447] Trial 8 finished with value: 0.10865644095159221 and parameters: {'model_name': 'SimpleImputer', 'strategy': 'mean'}. Best is trial 4 with value: 0.10865644095159221.
[I 2024-08-13 11:51:18,548] Trial 7 finished with value: 0.10865644095159221 and parameters: {'model_name': 'SimpleImputer', 'strategy': 'mean'}. Best is trial 4 with value: 0.10865644095159221.
running
[I 2024-08-13 11:51:18,675] Trial 15 finished with value: 0.10865644095159221 and parameters: {'model_name': 'SimpleImputer', 'strategy': 'mean'}. Best is trial 4 with value: 0.10865644095159221.
running
running
[I 2024-08-13 11:51:18,802] Trial 11 finished with value: 0.10865644095159221 and parameters: {'model_name': 'SimpleImputer', 'strategy': 'mean'}. Best is trial 4 with value: 0.10865644095159221.
running
running
[I 2024-08-13 11:51:19,107] Trial 17 finished with value: 0.33752439728035133 and parameters: {'model_name': 'SimpleImputer', 'strategy': 'constant'}. Best is trial 4 with value: 0.10865644095159221.
running
[I 2024-08-13 11:51:19,289] Trial 0 finished with value: 0.11160818135139812 and parameters: {'model_name': 'SimpleImputer', 'strategy': 'median'}. Best is trial 4 with value: 0.10865644095159221.
running
[I 2024-08-13 11:51:19,448] Trial 18 finished with value: 0.33752439728035133 and parameters: {'model_name': 'SimpleImputer', 'strategy': 'constant'}. Best is trial 4 with value: 0.10865644095159221.
running
[I 2024-08-13 11:51:19,678] Trial 2 finished with value: 0.11160818135139812 and parameters: {'model_name': 'SimpleImputer', 'strategy': 'median'}. Best is trial 4 with value: 0.10865644095159221.
running
[I 2024-08-13 11:51:19,869] Trial 14 finished with value: 0.11160818135139812 and parameters: {'model_name': 'SimpleImputer', 'strategy': 'median'}. Best is trial 4 with value: 0.10865644095159221.
running
[I 2024-08-13 11:51:20,026] Trial 22 finished with value: 0.33752439728035133 and parameters: {'model_name': 'SimpleImputer', 'strategy': 'constant'}. Best is trial 4 with value: 0.10865644095159221.
[I 2024-08-13 11:51:20,141] Trial 9 finished with value: 0.11160818135139812 and parameters: {'model_name': 'SimpleImputer', 'strategy': 'median'}. Best is trial 4 with value: 0.10865644095159221.
running
[I 2024-08-13 11:51:20,277] Trial 24 finished with value: 0.33752439728035133 and parameters: {'model_name': 'SimpleImputer', 'strategy': 'constant'}. Best is trial 4 with value: 0.10865644095159221.
[I 2024-08-13 11:51:20,420] Trial 12 finished with value: 0.11160818135139812 and parameters: {'model_name': 'SimpleImputer', 'strategy': 'median'}. Best is trial 4 with value: 0.10865644095159221.
[I 2024-08-13 11:51:20,556] Trial 10 finished with value: 0.11160818135139812 and parameters: {'model_name': 'SimpleImputer', 'strategy': 'median'}. Best is trial 4 with value: 0.10865644095159221.
running
running
[I 2024-08-13 11:51:20,710] Trial 23 finished with value: 0.33752439728035133 and parameters: {'model_name': 'SimpleImputer', 'strategy': 'constant'}. Best is trial 4 with value: 0.10865644095159221.
running
running
running
[I 2024-08-13 11:51:21,298] Trial 19 finished with value: 0.11160818135139812 and parameters: {'model_name': 'SimpleImputer', 'strategy': 'median'}. Best is trial 4 with value: 0.10865644095159221.
running
[I 2024-08-13 11:51:21,510] Trial 21 finished with value: 0.11160818135139812 and parameters: {'model_name': 'SimpleImputer', 'strategy': 'median'}. Best is trial 4 with value: 0.10865644095159221.
running
[I 2024-08-13 11:51:21,656] Trial 16 finished with value: 0.11160818135139812 and parameters: {'model_name': 'SimpleImputer', 'strategy': 'median'}. Best is trial 4 with value: 0.10865644095159221.
running
[I 2024-08-13 11:51:21,940] Trial 20 finished with value: 0.11160818135139812 and parameters: {'model_name': 'SimpleImputer', 'strategy': 'median'}. Best is trial 4 with value: 0.10865644095159221.
running
[I 2024-08-13 11:51:22,285] Trial 5 finished with value: 0.18340036161658543 and parameters: {'model_name': 'SimpleImputer', 'strategy': 'most_frequent'}. Best is trial 4 with value: 0.10865644095159221.
running
[I 2024-08-13 11:51:22,706] Trial 25 finished with value: 0.11160818135139812 and parameters: {'model_name': 'SimpleImputer', 'strategy': 'median'}. Best is trial 4 with value: 0.10865644095159221.
running
[I 2024-08-13 11:51:23,694] Trial 40 finished with value: 0.10865644095159221 and parameters: {'model_name': 'SimpleImputer', 'strategy': 'mean'}. Best is trial 4 with value: 0.10865644095159221.
running
[I 2024-08-13 11:51:23,954] Trial 41 finished with value: 0.10865644095159221 and parameters: {'model_name': 'SimpleImputer', 'strategy': 'mean'}. Best is trial 4 with value: 0.10865644095159221.
running
[I 2024-08-13 11:51:24,512] Trial 30 finished with value: 0.18340036161658543 and parameters: {'model_name': 'SimpleImputer', 'strategy': 'most_frequent'}. Best is trial 4 with value: 0.10865644095159221.
running
[I 2024-08-13 11:51:24,787] Trial 27 finished with value: 0.18340036161658543 and parameters: {'model_name': 'SimpleImputer', 'strategy': 'most_frequent'}. Best is trial 4 with value: 0.10865644095159221.
[I 2024-08-13 11:51:24,937] Trial 26 finished with value: 0.18340036161658543 and parameters: {'model_name': 'SimpleImputer', 'strategy': 'most_frequent'}. Best is trial 4 with value: 0.10865644095159221.
running
running
[I 2024-08-13 11:51:25,116] Trial 35 finished with value: 0.18340036161658543 and parameters: {'model_name': 'SimpleImputer', 'strategy': 'most_frequent'}. Best is trial 4 with value: 0.10865644095159221.
running
[I 2024-08-13 11:51:25,359] Trial 34 finished with value: 0.18340036161658543 and parameters: {'model_name': 'SimpleImputer', 'strategy': 'most_frequent'}. Best is trial 4 with value: 0.10865644095159221.
running
[I 2024-08-13 11:51:25,549] Trial 28 finished with value: 0.18340036161658543 and parameters: {'model_name': 'SimpleImputer', 'strategy': 'most_frequent'}. Best is trial 4 with value: 0.10865644095159221.
[I 2024-08-13 11:51:25,691] Trial 29 finished with value: 0.18340036161658543 and parameters: {'model_name': 'SimpleImputer', 'strategy': 'most_frequent'}. Best is trial 4 with value: 0.10865644095159221.
running
running
[I 2024-08-13 11:51:25,872] Trial 37 finished with value: 0.18340036161658543 and parameters: {'model_name': 'SimpleImputer', 'strategy': 'most_frequent'}. Best is trial 4 with value: 0.10865644095159221.
running
[I 2024-08-13 11:51:26,143] Trial 31 finished with value: 0.18340036161658543 and parameters: {'model_name': 'SimpleImputer', 'strategy': 'most_frequent'}. Best is trial 4 with value: 0.10865644095159221.
[I 2024-08-13 11:51:26,281] Trial 43 finished with value: 0.10865644095159221 and parameters: {'model_name': 'SimpleImputer', 'strategy': 'mean'}. Best is trial 4 with value: 0.10865644095159221.
[I 2024-08-13 11:51:26,414] Trial 33 finished with value: 0.18340036161658543 and parameters: {'model_name': 'SimpleImputer', 'strategy': 'most_frequent'}. Best is trial 4 with value: 0.10865644095159221.
[I 2024-08-13 11:51:26,560] Trial 32 finished with value: 0.18340036161658543 and parameters: {'model_name': 'SimpleImputer', 'strategy': 'most_frequent'}. Best is trial 4 with value: 0.10865644095159221.
running
[I 2024-08-13 11:51:26,693] Trial 39 finished with value: 0.18340036161658543 and parameters: {'model_name': 'SimpleImputer', 'strategy': 'most_frequent'}. Best is trial 4 with value: 0.10865644095159221.
running
running
running
[I 2024-08-13 11:51:26,832] Trial 44 finished with value: 0.10865644095159221 and parameters: {'model_name': 'SimpleImputer', 'strategy': 'mean'}. Best is trial 4 with value: 0.10865644095159221.
running
running
[I 2024-08-13 11:51:27,056] Trial 36 finished with value: 0.18340036161658543 and parameters: {'model_name': 'SimpleImputer', 'strategy': 'most_frequent'}. Best is trial 4 with value: 0.10865644095159221.
running
[I 2024-08-13 11:51:27,318] Trial 42 finished with value: 0.10865644095159221 and parameters: {'model_name': 'SimpleImputer', 'strategy': 'mean'}. Best is trial 4 with value: 0.10865644095159221.
[I 2024-08-13 11:51:27,450] Trial 50 finished with value: 0.10865644095159221 and parameters: {'model_name': 'SimpleImputer', 'strategy': 'mean'}. Best is trial 4 with value: 0.10865644095159221.
running
running
[I 2024-08-13 11:51:27,695] Trial 49 finished with value: 0.10865644095159221 and parameters: {'model_name': 'SimpleImputer', 'strategy': 'mean'}. Best is trial 4 with value: 0.10865644095159221.
[I 2024-08-13 11:51:27,840] Trial 48 finished with value: 0.10865644095159221 and parameters: {'model_name': 'SimpleImputer', 'strategy': 'mean'}. Best is trial 4 with value: 0.10865644095159221.
running
running
[I 2024-08-13 11:51:28,093] Trial 47 finished with value: 0.10865644095159221 and parameters: {'model_name': 'SimpleImputer', 'strategy': 'mean'}. Best is trial 4 with value: 0.10865644095159221.
running
[I 2024-08-13 11:51:28,284] Trial 45 finished with value: 0.10865644095159221 and parameters: {'model_name': 'SimpleImputer', 'strategy': 'mean'}. Best is trial 4 with value: 0.10865644095159221.
running
[I 2024-08-13 11:51:28,474] Trial 53 finished with value: 0.10865644095159221 and parameters: {'model_name': 'SimpleImputer', 'strategy': 'mean'}. Best is trial 4 with value: 0.10865644095159221.
running
[I 2024-08-13 11:51:28,613] Trial 38 finished with value: 0.18340036161658543 and parameters: {'model_name': 'SimpleImputer', 'strategy': 'most_frequent'}. Best is trial 4 with value: 0.10865644095159221.
running
[I 2024-08-13 11:51:28,776] Trial 52 finished with value: 0.10865644095159221 and parameters: {'model_name': 'SimpleImputer', 'strategy': 'mean'}. Best is trial 4 with value: 0.10865644095159221.
running
[I 2024-08-13 11:51:28,917] Trial 46 finished with value: 0.10865644095159221 and parameters: {'model_name': 'SimpleImputer', 'strategy': 'mean'}. Best is trial 4 with value: 0.10865644095159221.
[I 2024-08-13 11:51:29,058] Trial 51 finished with value: 0.10865644095159221 and parameters: {'model_name': 'SimpleImputer', 'strategy': 'mean'}. Best is trial 4 with value: 0.10865644095159221.
running
running
[I 2024-08-13 11:51:29,226] Trial 58 finished with value: 0.10865644095159221 and parameters: {'model_name': 'SimpleImputer', 'strategy': 'mean'}. Best is trial 4 with value: 0.10865644095159221.
running
[I 2024-08-13 11:51:29,438] Trial 60 finished with value: 0.10865644095159221 and parameters: {'model_name': 'SimpleImputer', 'strategy': 'mean'}. Best is trial 4 with value: 0.10865644095159221.
running
[I 2024-08-13 11:51:29,610] Trial 55 finished with value: 0.10865644095159221 and parameters: {'model_name': 'SimpleImputer', 'strategy': 'mean'}. Best is trial 4 with value: 0.10865644095159221.
running
[I 2024-08-13 11:51:29,799] Trial 56 finished with value: 0.10865644095159221 and parameters: {'model_name': 'SimpleImputer', 'strategy': 'mean'}. Best is trial 4 with value: 0.10865644095159221.
running
[I 2024-08-13 11:51:29,980] Trial 62 finished with value: 0.10865644095159221 and parameters: {'model_name': 'SimpleImputer', 'strategy': 'mean'}. Best is trial 4 with value: 0.10865644095159221.
[I 2024-08-13 11:51:30,151] Trial 57 finished with value: 0.10865644095159221 and parameters: {'model_name': 'SimpleImputer', 'strategy': 'mean'}. Best is trial 4 with value: 0.10865644095159221.
running
[I 2024-08-13 11:51:30,277] Trial 54 finished with value: 0.10865644095159221 and parameters: {'model_name': 'SimpleImputer', 'strategy': 'mean'}. Best is trial 4 with value: 0.10865644095159221.
running
running
[I 2024-08-13 11:51:30,562] Trial 59 finished with value: 0.10865644095159221 and parameters: {'model_name': 'SimpleImputer', 'strategy': 'mean'}. Best is trial 4 with value: 0.10865644095159221.
[I 2024-08-13 11:51:30,739] Trial 61 finished with value: 0.10865644095159221 and parameters: {'model_name': 'SimpleImputer', 'strategy': 'mean'}. Best is trial 4 with value: 0.10865644095159221.
running
running
[I 2024-08-13 11:51:30,895] Trial 65 finished with value: 0.10865644095159221 and parameters: {'model_name': 'SimpleImputer', 'strategy': 'mean'}. Best is trial 4 with value: 0.10865644095159221.
running
[I 2024-08-13 11:51:31,079] Trial 63 finished with value: 0.10865644095159221 and parameters: {'model_name': 'SimpleImputer', 'strategy': 'mean'}. Best is trial 4 with value: 0.10865644095159221.
running
[I 2024-08-13 11:51:31,224] Trial 71 finished with value: 0.10865644095159221 and parameters: {'model_name': 'SimpleImputer', 'strategy': 'mean'}. Best is trial 4 with value: 0.10865644095159221.
running
[I 2024-08-13 11:51:31,422] Trial 67 finished with value: 0.10865644095159221 and parameters: {'model_name': 'SimpleImputer', 'strategy': 'mean'}. Best is trial 4 with value: 0.10865644095159221.
running
[I 2024-08-13 11:51:31,549] Trial 64 finished with value: 0.10865644095159221 and parameters: {'model_name': 'SimpleImputer', 'strategy': 'mean'}. Best is trial 4 with value: 0.10865644095159221.
[I 2024-08-13 11:51:31,651] Trial 69 finished with value: 0.10865644095159221 and parameters: {'model_name': 'SimpleImputer', 'strategy': 'mean'}. Best is trial 4 with value: 0.10865644095159221.
[I 2024-08-13 11:51:31,757] Trial 68 finished with value: 0.10865644095159221 and parameters: {'model_name': 'SimpleImputer', 'strategy': 'mean'}. Best is trial 4 with value: 0.10865644095159221.
running
running
running
[I 2024-08-13 11:51:31,878] Trial 66 finished with value: 0.10865644095159221 and parameters: {'model_name': 'SimpleImputer', 'strategy': 'mean'}. Best is trial 4 with value: 0.10865644095159221.
running
[I 2024-08-13 11:51:32,065] Trial 70 finished with value: 0.10865644095159221 and parameters: {'model_name': 'SimpleImputer', 'strategy': 'mean'}. Best is trial 4 with value: 0.10865644095159221.
running
[I 2024-08-13 11:51:32,224] Trial 79 finished with value: 0.33752439728035133 and parameters: {'model_name': 'SimpleImputer', 'strategy': 'constant'}. Best is trial 4 with value: 0.10865644095159221.
running
[I 2024-08-13 11:51:32,378] Trial 74 finished with value: 0.10865644095159221 and parameters: {'model_name': 'SimpleImputer', 'strategy': 'mean'}. Best is trial 4 with value: 0.10865644095159221.
running
[I 2024-08-13 11:51:32,566] Trial 73 finished with value: 0.10865644095159221 and parameters: {'model_name': 'SimpleImputer', 'strategy': 'mean'}. Best is trial 4 with value: 0.10865644095159221.
running
[I 2024-08-13 11:51:32,739] Trial 80 finished with value: 0.33752439728035133 and parameters: {'model_name': 'SimpleImputer', 'strategy': 'constant'}. Best is trial 4 with value: 0.10865644095159221.
running
[I 2024-08-13 11:51:32,867] Trial 72 finished with value: 0.10865644095159221 and parameters: {'model_name': 'SimpleImputer', 'strategy': 'mean'}. Best is trial 4 with value: 0.10865644095159221.
running
[I 2024-08-13 11:51:33,072] Trial 82 finished with value: 0.33752439728035133 and parameters: {'model_name': 'SimpleImputer', 'strategy': 'constant'}. Best is trial 4 with value: 0.10865644095159221.
[I 2024-08-13 11:51:33,183] Trial 77 finished with value: 0.10865644095159221 and parameters: {'model_name': 'SimpleImputer', 'strategy': 'mean'}. Best is trial 4 with value: 0.10865644095159221.
running
[I 2024-08-13 11:51:33,304] Trial 81 finished with value: 0.33752439728035133 and parameters: {'model_name': 'SimpleImputer', 'strategy': 'constant'}. Best is trial 4 with value: 0.10865644095159221.
[I 2024-08-13 11:51:33,451] Trial 84 finished with value: 0.33752439728035133 and parameters: {'model_name': 'SimpleImputer', 'strategy': 'constant'}. Best is trial 4 with value: 0.10865644095159221.
running
running
running
[I 2024-08-13 11:51:33,666] Trial 78 finished with value: 0.10865644095159221 and parameters: {'model_name': 'SimpleImputer', 'strategy': 'mean'}. Best is trial 4 with value: 0.10865644095159221.
[I 2024-08-13 11:51:33,768] Trial 85 finished with value: 0.33752439728035133 and parameters: {'model_name': 'SimpleImputer', 'strategy': 'constant'}. Best is trial 4 with value: 0.10865644095159221.
running
running
[I 2024-08-13 11:51:33,931] Trial 83 finished with value: 0.33752439728035133 and parameters: {'model_name': 'SimpleImputer', 'strategy': 'constant'}. Best is trial 4 with value: 0.10865644095159221.
running
[I 2024-08-13 11:51:34,089] Trial 75 finished with value: 0.10865644095159221 and parameters: {'model_name': 'SimpleImputer', 'strategy': 'mean'}. Best is trial 4 with value: 0.10865644095159221.
[I 2024-08-13 11:51:34,195] Trial 76 finished with value: 0.10865644095159221 and parameters: {'model_name': 'SimpleImputer', 'strategy': 'mean'}. Best is trial 4 with value: 0.10865644095159221.
running
running
[I 2024-08-13 11:51:34,362] Trial 86 finished with value: 0.33752439728035133 and parameters: {'model_name': 'SimpleImputer', 'strategy': 'constant'}. Best is trial 4 with value: 0.10865644095159221.
running
[I 2024-08-13 11:51:34,943] Trial 89 finished with value: 0.11160818135139812 and parameters: {'model_name': 'SimpleImputer', 'strategy': 'median'}. Best is trial 4 with value: 0.10865644095159221.
running
[I 2024-08-13 11:51:35,119] Trial 87 finished with value: 0.11160818135139812 and parameters: {'model_name': 'SimpleImputer', 'strategy': 'median'}. Best is trial 4 with value: 0.10865644095159221.
running
[I 2024-08-13 11:51:35,462] Trial 92 finished with value: 0.11160818135139812 and parameters: {'model_name': 'SimpleImputer', 'strategy': 'median'}. Best is trial 4 with value: 0.10865644095159221.
running
[I 2024-08-13 11:51:35,593] Trial 90 finished with value: 0.11160818135139812 and parameters: {'model_name': 'SimpleImputer', 'strategy': 'median'}. Best is trial 4 with value: 0.10865644095159221.
running
[I 2024-08-13 11:51:35,725] Trial 97 finished with value: 0.11160818135139812 and parameters: {'model_name': 'SimpleImputer', 'strategy': 'median'}. Best is trial 4 with value: 0.10865644095159221.
[I 2024-08-13 11:51:35,819] Trial 95 finished with value: 0.11160818135139812 and parameters: {'model_name': 'SimpleImputer', 'strategy': 'median'}. Best is trial 4 with value: 0.10865644095159221.
running
[I 2024-08-13 11:51:35,917] Trial 88 finished with value: 0.11160818135139812 and parameters: {'model_name': 'SimpleImputer', 'strategy': 'median'}. Best is trial 4 with value: 0.10865644095159221.
running
[I 2024-08-13 11:51:36,029] Trial 91 finished with value: 0.11160818135139812 and parameters: {'model_name': 'SimpleImputer', 'strategy': 'median'}. Best is trial 4 with value: 0.10865644095159221.
running
running
[I 2024-08-13 11:51:36,171] Trial 94 finished with value: 0.11160818135139812 and parameters: {'model_name': 'SimpleImputer', 'strategy': 'median'}. Best is trial 4 with value: 0.10865644095159221.
running
[I 2024-08-13 11:51:36,343] Trial 102 finished with value: 0.11160818135139812 and parameters: {'model_name': 'SimpleImputer', 'strategy': 'median'}. Best is trial 4 with value: 0.10865644095159221.
[I 2024-08-13 11:51:36,450] Trial 93 finished with value: 0.11160818135139812 and parameters: {'model_name': 'SimpleImputer', 'strategy': 'median'}. Best is trial 4 with value: 0.10865644095159221.
running
[I 2024-08-13 11:51:36,464] Trial 104 finished with value: 0.10865644095159221 and parameters: {'model_name': 'SimpleImputer', 'strategy': 'mean'}. Best is trial 4 with value: 0.10865644095159221.
running
running
[I 2024-08-13 11:51:36,686] Trial 96 finished with value: 0.11160818135139812 and parameters: {'model_name': 'SimpleImputer', 'strategy': 'median'}. Best is trial 4 with value: 0.10865644095159221.
running
[I 2024-08-13 11:51:36,866] Trial 101 finished with value: 0.11160818135139812 and parameters: {'model_name': 'SimpleImputer', 'strategy': 'median'}. Best is trial 4 with value: 0.10865644095159221.
running
[I 2024-08-13 11:51:37,028] Trial 98 finished with value: 0.11160818135139812 and parameters: {'model_name': 'SimpleImputer', 'strategy': 'median'}. Best is trial 4 with value: 0.10865644095159221.
running
[I 2024-08-13 11:51:37,156] Trial 99 finished with value: 0.11160818135139812 and parameters: {'model_name': 'SimpleImputer', 'strategy': 'median'}. Best is trial 4 with value: 0.10865644095159221.
[I 2024-08-13 11:51:37,261] Trial 100 finished with value: 0.11160818135139812 and parameters: {'model_name': 'SimpleImputer', 'strategy': 'median'}. Best is trial 4 with value: 0.10865644095159221.
running
running
[I 2024-08-13 11:51:37,662] Trial 105 finished with value: 0.10865644095159221 and parameters: {'model_name': 'SimpleImputer', 'strategy': 'mean'}. Best is trial 4 with value: 0.10865644095159221.
[I 2024-08-13 11:51:37,769] Trial 115 finished with value: 0.10865644095159221 and parameters: {'model_name': 'SimpleImputer', 'strategy': 'mean'}. Best is trial 4 with value: 0.10865644095159221.
[I 2024-08-13 11:51:37,914] Trial 107 finished with value: 0.10865644095159221 and parameters: {'model_name': 'SimpleImputer', 'strategy': 'mean'}. Best is trial 4 with value: 0.10865644095159221.
[I 2024-08-13 11:51:38,016] Trial 111 finished with value: 0.10865644095159221 and parameters: {'model_name': 'SimpleImputer', 'strategy': 'mean'}. Best is trial 4 with value: 0.10865644095159221.
running
[I 2024-08-13 11:51:38,131] Trial 110 finished with value: 0.10865644095159221 and parameters: {'model_name': 'SimpleImputer', 'strategy': 'mean'}. Best is trial 4 with value: 0.10865644095159221.
running
[I 2024-08-13 11:51:38,228] Trial 106 finished with value: 0.10865644095159221 and parameters: {'model_name': 'SimpleImputer', 'strategy': 'mean'}. Best is trial 4 with value: 0.10865644095159221.
running
running
[I 2024-08-13 11:51:38,400] Trial 108 finished with value: 0.10865644095159221 and parameters: {'model_name': 'SimpleImputer', 'strategy': 'mean'}. Best is trial 4 with value: 0.10865644095159221.
running
running
[I 2024-08-13 11:51:38,523] Trial 109 finished with value: 0.10865644095159221 and parameters: {'model_name': 'SimpleImputer', 'strategy': 'mean'}. Best is trial 4 with value: 0.10865644095159221.
running
[I 2024-08-13 11:51:38,652] Trial 112 finished with value: 0.10865644095159221 and parameters: {'model_name': 'SimpleImputer', 'strategy': 'mean'}. Best is trial 4 with value: 0.10865644095159221.
[I 2024-08-13 11:51:38,826] Trial 117 finished with value: 0.10865644095159221 and parameters: {'model_name': 'SimpleImputer', 'strategy': 'mean'}. Best is trial 4 with value: 0.10865644095159221.
running
running
running
[I 2024-08-13 11:51:38,994] Trial 103 finished with value: 0.11160818135139812 and parameters: {'model_name': 'SimpleImputer', 'strategy': 'median'}. Best is trial 4 with value: 0.10865644095159221.
[I 2024-08-13 11:51:39,115] Trial 114 finished with value: 0.10865644095159221 and parameters: {'model_name': 'SimpleImputer', 'strategy': 'mean'}. Best is trial 4 with value: 0.10865644095159221.
[I 2024-08-13 11:51:39,250] Trial 113 finished with value: 0.10865644095159221 and parameters: {'model_name': 'SimpleImputer', 'strategy': 'mean'}. Best is trial 4 with value: 0.10865644095159221.
running
running
running
[I 2024-08-13 11:51:39,460] Trial 118 finished with value: 0.10865644095159221 and parameters: {'model_name': 'SimpleImputer', 'strategy': 'mean'}. Best is trial 4 with value: 0.10865644095159221.
running
[I 2024-08-13 11:51:39,618] Trial 116 finished with value: 0.10865644095159221 and parameters: {'model_name': 'SimpleImputer', 'strategy': 'mean'}. Best is trial 4 with value: 0.10865644095159221.
running
[I 2024-08-13 11:51:39,824] Trial 121 finished with value: 0.10865644095159221 and parameters: {'model_name': 'SimpleImputer', 'strategy': 'mean'}. Best is trial 4 with value: 0.10865644095159221.
[I 2024-08-13 11:51:39,937] Trial 120 finished with value: 0.10865644095159221 and parameters: {'model_name': 'SimpleImputer', 'strategy': 'mean'}. Best is trial 4 with value: 0.10865644095159221.
running
running
[I 2024-08-13 11:51:40,137] Trial 119 finished with value: 0.10865644095159221 and parameters: {'model_name': 'SimpleImputer', 'strategy': 'mean'}. Best is trial 4 with value: 0.10865644095159221.
running
[I 2024-08-13 11:51:40,394] Trial 122 finished with value: 0.10865644095159221 and parameters: {'model_name': 'SimpleImputer', 'strategy': 'mean'}. Best is trial 4 with value: 0.10865644095159221.
[I 2024-08-13 11:51:40,510] Trial 123 finished with value: 0.10865644095159221 and parameters: {'model_name': 'SimpleImputer', 'strategy': 'mean'}. Best is trial 4 with value: 0.10865644095159221.
running
running
[I 2024-08-13 11:51:40,672] Trial 126 finished with value: 0.10865644095159221 and parameters: {'model_name': 'SimpleImputer', 'strategy': 'mean'}. Best is trial 4 with value: 0.10865644095159221.
running
[I 2024-08-13 11:51:40,893] Trial 124 finished with value: 0.10865644095159221 and parameters: {'model_name': 'SimpleImputer', 'strategy': 'mean'}. Best is trial 4 with value: 0.10865644095159221.
running
[I 2024-08-13 11:51:41,019] Trial 129 finished with value: 0.10865644095159221 and parameters: {'model_name': 'SimpleImputer', 'strategy': 'mean'}. Best is trial 4 with value: 0.10865644095159221.
running
[I 2024-08-13 11:51:41,205] Trial 130 finished with value: 0.10865644095159221 and parameters: {'model_name': 'SimpleImputer', 'strategy': 'mean'}. Best is trial 4 with value: 0.10865644095159221.
[I 2024-08-13 11:51:41,326] Trial 131 finished with value: 0.10865644095159221 and parameters: {'model_name': 'SimpleImputer', 'strategy': 'mean'}. Best is trial 4 with value: 0.10865644095159221.
[I 2024-08-13 11:51:41,425] Trial 132 finished with value: 0.10865644095159221 and parameters: {'model_name': 'SimpleImputer', 'strategy': 'mean'}. Best is trial 4 with value: 0.10865644095159221.
[I 2024-08-13 11:51:41,518] Trial 128 finished with value: 0.10865644095159221 and parameters: {'model_name': 'SimpleImputer', 'strategy': 'mean'}. Best is trial 4 with value: 0.10865644095159221.
running
running
running
running
[I 2024-08-13 11:51:41,711] Trial 133 finished with value: 0.10865644095159221 and parameters: {'model_name': 'SimpleImputer', 'strategy': 'mean'}. Best is trial 4 with value: 0.10865644095159221.
running
[I 2024-08-13 11:51:41,844] Trial 125 finished with value: 0.10865644095159221 and parameters: {'model_name': 'SimpleImputer', 'strategy': 'mean'}. Best is trial 4 with value: 0.10865644095159221.
[I 2024-08-13 11:51:41,937] Trial 134 finished with value: 0.10865644095159221 and parameters: {'model_name': 'SimpleImputer', 'strategy': 'mean'}. Best is trial 4 with value: 0.10865644095159221.
running
[I 2024-08-13 11:51:42,040] Trial 127 finished with value: 0.10865644095159221 and parameters: {'model_name': 'SimpleImputer', 'strategy': 'mean'}. Best is trial 4 with value: 0.10865644095159221.
running
running
[I 2024-08-13 11:51:42,336] Trial 135 finished with value: 0.10865644095159221 and parameters: {'model_name': 'SimpleImputer', 'strategy': 'mean'}. Best is trial 4 with value: 0.10865644095159221.
running
[I 2024-08-13 11:51:42,524] Trial 136 finished with value: 0.10865644095159221 and parameters: {'model_name': 'SimpleImputer', 'strategy': 'mean'}. Best is trial 4 with value: 0.10865644095159221.
running
[I 2024-08-13 11:51:42,776] Trial 137 finished with value: 0.10865644095159221 and parameters: {'model_name': 'SimpleImputer', 'strategy': 'mean'}. Best is trial 4 with value: 0.10865644095159221.
running
[I 2024-08-13 11:51:42,927] Trial 138 finished with value: 0.10865644095159221 and parameters: {'model_name': 'SimpleImputer', 'strategy': 'mean'}. Best is trial 4 with value: 0.10865644095159221.
[I 2024-08-13 11:51:42,929] Trial 140 finished with value: 0.10865644095159221 and parameters: {'model_name': 'SimpleImputer', 'strategy': 'mean'}. Best is trial 4 with value: 0.10865644095159221.
[I 2024-08-13 11:51:43,128] Trial 141 finished with value: 0.10865644095159221 and parameters: {'model_name': 'SimpleImputer', 'strategy': 'mean'}. Best is trial 4 with value: 0.10865644095159221.
running
running
[I 2024-08-13 11:51:43,241] Trial 139 finished with value: 0.10865644095159221 and parameters: {'model_name': 'SimpleImputer', 'strategy': 'mean'}. Best is trial 4 with value: 0.10865644095159221.
running
[I 2024-08-13 11:51:43,248] Trial 144 finished with value: 0.10865644095159221 and parameters: {'model_name': 'SimpleImputer', 'strategy': 'mean'}. Best is trial 4 with value: 0.10865644095159221.
running
running
[I 2024-08-13 11:51:43,558] Trial 148 finished with value: 0.10865644095159221 and parameters: {'model_name': 'SimpleImputer', 'strategy': 'mean'}. Best is trial 4 with value: 0.10865644095159221.
[I 2024-08-13 11:51:43,672] Trial 146 finished with value: 0.10865644095159221 and parameters: {'model_name': 'SimpleImputer', 'strategy': 'mean'}. Best is trial 4 with value: 0.10865644095159221.
[I 2024-08-13 11:51:43,777] Trial 143 finished with value: 0.10865644095159221 and parameters: {'model_name': 'SimpleImputer', 'strategy': 'mean'}. Best is trial 4 with value: 0.10865644095159221.
running
[I 2024-08-13 11:51:43,878] Trial 142 finished with value: 0.10865644095159221 and parameters: {'model_name': 'SimpleImputer', 'strategy': 'mean'}. Best is trial 4 with value: 0.10865644095159221.
running
[I 2024-08-13 11:51:43,985] Trial 149 finished with value: 0.10865644095159221 and parameters: {'model_name': 'SimpleImputer', 'strategy': 'mean'}. Best is trial 4 with value: 0.10865644095159221.
running
running
running
[I 2024-08-13 11:51:44,179] Trial 145 finished with value: 0.10865644095159221 and parameters: {'model_name': 'SimpleImputer', 'strategy': 'mean'}. Best is trial 4 with value: 0.10865644095159221.
running
[I 2024-08-13 11:51:44,342] Trial 150 finished with value: 0.10865644095159221 and parameters: {'model_name': 'SimpleImputer', 'strategy': 'mean'}. Best is trial 4 with value: 0.10865644095159221.
[I 2024-08-13 11:51:44,448] Trial 147 finished with value: 0.10865644095159221 and parameters: {'model_name': 'SimpleImputer', 'strategy': 'mean'}. Best is trial 4 with value: 0.10865644095159221.
running
running
[I 2024-08-13 11:51:44,652] Trial 152 finished with value: 0.10865644095159221 and parameters: {'model_name': 'SimpleImputer', 'strategy': 'mean'}. Best is trial 4 with value: 0.10865644095159221.
running
[I 2024-08-13 11:51:44,765] Trial 151 finished with value: 0.10865644095159221 and parameters: {'model_name': 'SimpleImputer', 'strategy': 'mean'}. Best is trial 4 with value: 0.10865644095159221.
running
[I 2024-08-13 11:51:44,891] Trial 153 finished with value: 0.10865644095159221 and parameters: {'model_name': 'SimpleImputer', 'strategy': 'mean'}. Best is trial 4 with value: 0.10865644095159221.
[I 2024-08-13 11:51:44,992] Trial 154 finished with value: 0.10865644095159221 and parameters: {'model_name': 'SimpleImputer', 'strategy': 'mean'}. Best is trial 4 with value: 0.10865644095159221.
running
running
[I 2024-08-13 11:51:45,257] Trial 158 finished with value: 0.10865644095159221 and parameters: {'model_name': 'SimpleImputer', 'strategy': 'mean'}. Best is trial 4 with value: 0.10865644095159221.
[I 2024-08-13 11:51:45,355] Trial 155 finished with value: 0.10865644095159221 and parameters: {'model_name': 'SimpleImputer', 'strategy': 'mean'}. Best is trial 4 with value: 0.10865644095159221.
running
running
[I 2024-08-13 11:51:45,520] Trial 157 finished with value: 0.10865644095159221 and parameters: {'model_name': 'SimpleImputer', 'strategy': 'mean'}. Best is trial 4 with value: 0.10865644095159221.
[I 2024-08-13 11:51:45,641] Trial 156 finished with value: 0.10865644095159221 and parameters: {'model_name': 'SimpleImputer', 'strategy': 'mean'}. Best is trial 4 with value: 0.10865644095159221.
running
[I 2024-08-13 11:51:45,737] Trial 162 finished with value: 0.10865644095159221 and parameters: {'model_name': 'SimpleImputer', 'strategy': 'mean'}. Best is trial 4 with value: 0.10865644095159221.
running
running
[I 2024-08-13 11:51:45,967] Trial 159 finished with value: 0.10865644095159221 and parameters: {'model_name': 'SimpleImputer', 'strategy': 'mean'}. Best is trial 4 with value: 0.10865644095159221.
running
[I 2024-08-13 11:51:46,321] Trial 163 finished with value: 0.10865644095159221 and parameters: {'model_name': 'SimpleImputer', 'strategy': 'mean'}. Best is trial 4 with value: 0.10865644095159221.
running
[I 2024-08-13 11:51:46,441] Trial 170 finished with value: 0.10865644095159221 and parameters: {'model_name': 'SimpleImputer', 'strategy': 'mean'}. Best is trial 4 with value: 0.10865644095159221.
running
[I 2024-08-13 11:51:46,652] Trial 172 finished with value: 0.10865644095159221 and parameters: {'model_name': 'SimpleImputer', 'strategy': 'mean'}. Best is trial 4 with value: 0.10865644095159221.
running
[I 2024-08-13 11:51:46,832] Trial 171 finished with value: 0.10865644095159221 and parameters: {'model_name': 'SimpleImputer', 'strategy': 'mean'}. Best is trial 4 with value: 0.10865644095159221.
running
[I 2024-08-13 11:51:47,750] Trial 177 finished with value: 0.10865644095159221 and parameters: {'model_name': 'SimpleImputer', 'strategy': 'mean'}. Best is trial 4 with value: 0.10865644095159221.
running
[I 2024-08-13 11:51:48,771] Trial 174 finished with value: 0.18340036161658543 and parameters: {'model_name': 'SimpleImputer', 'strategy': 'most_frequent'}. Best is trial 4 with value: 0.10865644095159221.
running
[I 2024-08-13 11:51:48,918] Trial 164 finished with value: 0.18340036161658543 and parameters: {'model_name': 'SimpleImputer', 'strategy': 'most_frequent'}. Best is trial 4 with value: 0.10865644095159221.
running
[I 2024-08-13 11:51:49,059] Trial 161 finished with value: 0.18340036161658543 and parameters: {'model_name': 'SimpleImputer', 'strategy': 'most_frequent'}. Best is trial 4 with value: 0.10865644095159221.
running
[I 2024-08-13 11:51:49,218] Trial 166 finished with value: 0.18340036161658543 and parameters: {'model_name': 'SimpleImputer', 'strategy': 'most_frequent'}. Best is trial 4 with value: 0.10865644095159221.
running
[I 2024-08-13 11:51:49,401] Trial 167 finished with value: 0.18340036161658543 and parameters: {'model_name': 'SimpleImputer', 'strategy': 'most_frequent'}. Best is trial 4 with value: 0.10865644095159221.
running
[I 2024-08-13 11:51:49,759] Trial 168 finished with value: 0.18340036161658543 and parameters: {'model_name': 'SimpleImputer', 'strategy': 'most_frequent'}. Best is trial 4 with value: 0.10865644095159221.
running
[I 2024-08-13 11:51:49,905] Trial 165 finished with value: 0.18340036161658543 and parameters: {'model_name': 'SimpleImputer', 'strategy': 'most_frequent'}. Best is trial 4 with value: 0.10865644095159221.
running
[I 2024-08-13 11:51:50,077] Trial 176 finished with value: 0.18340036161658543 and parameters: {'model_name': 'SimpleImputer', 'strategy': 'most_frequent'}. Best is trial 4 with value: 0.10865644095159221.
running
[I 2024-08-13 11:51:50,363] Trial 186 finished with value: 0.10865644095159221 and parameters: {'model_name': 'SimpleImputer', 'strategy': 'mean'}. Best is trial 4 with value: 0.10865644095159221.
running
[I 2024-08-13 11:51:50,370] Trial 175 finished with value: 0.18340036161658543 and parameters: {'model_name': 'SimpleImputer', 'strategy': 'most_frequent'}. Best is trial 4 with value: 0.10865644095159221.
running
[I 2024-08-13 11:51:50,470] Trial 182 finished with value: 0.10865644095159221 and parameters: {'model_name': 'SimpleImputer', 'strategy': 'mean'}. Best is trial 4 with value: 0.10865644095159221.
[I 2024-08-13 11:51:50,471] Trial 173 finished with value: 0.18340036161658543 and parameters: {'model_name': 'SimpleImputer', 'strategy': 'most_frequent'}. Best is trial 4 with value: 0.10865644095159221.
[I 2024-08-13 11:51:50,588] Trial 169 finished with value: 0.18340036161658543 and parameters: {'model_name': 'SimpleImputer', 'strategy': 'most_frequent'}. Best is trial 4 with value: 0.10865644095159221.
[I 2024-08-13 11:51:50,836] Trial 184 finished with value: 0.10865644095159221 and parameters: {'model_name': 'SimpleImputer', 'strategy': 'mean'}. Best is trial 4 with value: 0.10865644095159221.
running
[I 2024-08-13 11:51:51,086] Trial 183 finished with value: 0.10865644095159221 and parameters: {'model_name': 'SimpleImputer', 'strategy': 'mean'}. Best is trial 4 with value: 0.10865644095159221.
running
running
running
[I 2024-08-13 11:51:51,309] Trial 160 finished with value: 0.18340036161658543 and parameters: {'model_name': 'SimpleImputer', 'strategy': 'most_frequent'}. Best is trial 4 with value: 0.10865644095159221.
running
running
[I 2024-08-13 11:51:51,513] Trial 185 finished with value: 0.10865644095159221 and parameters: {'model_name': 'SimpleImputer', 'strategy': 'mean'}. Best is trial 4 with value: 0.10865644095159221.
running
[I 2024-08-13 11:51:51,884] Trial 189 finished with value: 0.10865644095159221 and parameters: {'model_name': 'SimpleImputer', 'strategy': 'mean'}. Best is trial 4 with value: 0.10865644095159221.
[I 2024-08-13 11:51:52,034] Trial 190 finished with value: 0.10865644095159221 and parameters: {'model_name': 'SimpleImputer', 'strategy': 'mean'}. Best is trial 4 with value: 0.10865644095159221.
running
[I 2024-08-13 11:51:52,156] Trial 187 finished with value: 0.10865644095159221 and parameters: {'model_name': 'SimpleImputer', 'strategy': 'mean'}. Best is trial 4 with value: 0.10865644095159221.
[I 2024-08-13 11:51:52,273] Trial 188 finished with value: 0.10865644095159221 and parameters: {'model_name': 'SimpleImputer', 'strategy': 'mean'}. Best is trial 4 with value: 0.10865644095159221.
[I 2024-08-13 11:51:52,429] Trial 179 finished with value: 0.18340036161658543 and parameters: {'model_name': 'SimpleImputer', 'strategy': 'most_frequent'}. Best is trial 4 with value: 0.10865644095159221.
[I 2024-08-13 11:51:52,621] Trial 191 finished with value: 0.10865644095159221 and parameters: {'model_name': 'SimpleImputer', 'strategy': 'mean'}. Best is trial 4 with value: 0.10865644095159221.
[I 2024-08-13 11:51:52,713] Trial 196 finished with value: 0.10865644095159221 and parameters: {'model_name': 'SimpleImputer', 'strategy': 'mean'}. Best is trial 4 with value: 0.10865644095159221.
[I 2024-08-13 11:51:52,858] Trial 194 finished with value: 0.10865644095159221 and parameters: {'model_name': 'SimpleImputer', 'strategy': 'mean'}. Best is trial 4 with value: 0.10865644095159221.
[I 2024-08-13 11:51:52,973] Trial 198 finished with value: 0.10865644095159221 and parameters: {'model_name': 'SimpleImputer', 'strategy': 'mean'}. Best is trial 4 with value: 0.10865644095159221.
[I 2024-08-13 11:51:52,976] Trial 193 finished with value: 0.10865644095159221 and parameters: {'model_name': 'SimpleImputer', 'strategy': 'mean'}. Best is trial 4 with value: 0.10865644095159221.
[I 2024-08-13 11:51:53,156] Trial 192 finished with value: 0.10865644095159221 and parameters: {'model_name': 'SimpleImputer', 'strategy': 'mean'}. Best is trial 4 with value: 0.10865644095159221.
[I 2024-08-13 11:51:53,248] Trial 195 finished with value: 0.10865644095159221 and parameters: {'model_name': 'SimpleImputer', 'strategy': 'mean'}. Best is trial 4 with value: 0.10865644095159221.
[I 2024-08-13 11:51:53,396] Trial 180 finished with value: 0.18340036161658543 and parameters: {'model_name': 'SimpleImputer', 'strategy': 'most_frequent'}. Best is trial 4 with value: 0.10865644095159221.
[I 2024-08-13 11:51:53,518] Trial 197 finished with value: 0.10865644095159221 and parameters: {'model_name': 'SimpleImputer', 'strategy': 'mean'}. Best is trial 4 with value: 0.10865644095159221.
[I 2024-08-13 11:51:53,685] Trial 199 finished with value: 0.10865644095159221 and parameters: {'model_name': 'SimpleImputer', 'strategy': 'mean'}. Best is trial 4 with value: 0.10865644095159221.
[I 2024-08-13 11:51:53,789] Trial 178 finished with value: 0.18340036161658543 and parameters: {'model_name': 'SimpleImputer', 'strategy': 'most_frequent'}. Best is trial 4 with value: 0.10865644095159221.
[I 2024-08-13 11:51:53,884] Trial 181 finished with value: 0.18340036161658543 and parameters: {'model_name': 'SimpleImputer', 'strategy': 'most_frequent'}. Best is trial 4 with value: 0.10865644095159221.
fit
simple fit
simple transform
0    0
1    0
2    0
3    0
4    0
5    0
6    0
7    0
8    0
9    0
dtype: int64
0    0
1    0
2    0
3    0
4    0
5    0
6    0
7    0
8    0
9    0
dtype: int64
0.10865644095159221
{'model_name': 'SimpleImputer', 'strategy': 'mean'}
running experiment 2/3 - Does reconstruction give good automl predictions
Start est fit
  0%|          | 0/25 [00:00<?, ?it/s]Generation:   0%|          | 0/25 [00:00<?, ?it/s]Generation:  1
Best f1_score score: 0.9701338696952867
Generation:   4%|▍         | 1/25 [01:37<39:00, 97.53s/it]WARNING THIS INDIVIDUAL CAUSED AND EXCEPTION 
 <tpot2.search_spaces.pipelines.sequential.SequentialPipelineIndividual object at 0x155475da6560> 
 The 'min_samples_split' parameter of DecisionTreeClassifier must be an int in the range [2, inf) or a float in the range (0.0, 1.0]. Got 1 instead. 
 Traceback (most recent call last):
  File "/common/ketrong/tpotexp/tpot2/tpot2/utils/eval_utils.py", line 53, in objective_nan_wrapper
    value = func_timeout.func_timeout(timeout, objective_function, args=[individual], kwargs=objective_kwargs)
  File "/common/ketrong/tpotexp/env/lib/python3.10/site-packages/func_timeout/dafunc.py", line 108, in func_timeout
    raise_exception(exception)
  File "/common/ketrong/tpotexp/env/lib/python3.10/site-packages/func_timeout/py3_raise.py", line 7, in raise_exception
    raise exception[0] from None
  File "/common/ketrong/tpotexp/tpot2/tpot2/tpot_estimator/estimator.py", line 623, in objective_function
    return objective_function_generator(
  File "/common/ketrong/tpotexp/tpot2/tpot2/tpot_estimator/estimator_utils.py", line 55, in objective_function_generator
    cv_obj_scores = cross_val_score_objective(sklearn.base.clone(pipeline),x,y,scorers=scorers, cv=cv , fold=step)
  File "/common/ketrong/tpotexp/tpot2/tpot2/tpot_estimator/cross_val_utils.py", line 28, in cross_val_score_objective
    this_fold_pipeline.fit(X_train,y_train)
  File "/common/ketrong/tpotexp/env/lib/python3.10/site-packages/sklearn/base.py", line 1473, in wrapper
    return fit_method(estimator, *args, **kwargs)
  File "/common/ketrong/tpotexp/env/lib/python3.10/site-packages/sklearn/pipeline.py", line 473, in fit
    self._final_estimator.fit(Xt, y, **last_step_params["fit"])
  File "/common/ketrong/tpotexp/env/lib/python3.10/site-packages/sklearn/base.py", line 1466, in wrapper
    estimator._validate_params()
  File "/common/ketrong/tpotexp/env/lib/python3.10/site-packages/sklearn/base.py", line 666, in _validate_params
    validate_parameter_constraints(
  File "/common/ketrong/tpotexp/env/lib/python3.10/site-packages/sklearn/utils/_param_validation.py", line 95, in validate_parameter_constraints
    raise InvalidParameterError(
sklearn.utils._param_validation.InvalidParameterError: The 'min_samples_split' parameter of DecisionTreeClassifier must be an int in the range [2, inf) or a float in the range (0.0, 1.0]. Got 1 instead.

Generation:  2
Best f1_score score: 0.9701338696952867
Generation:   8%|▊         | 2/25 [02:04<21:23, 55.80s/it]Generation:  3
Best f1_score score: 0.9701338696952867
Generation:  12%|█▏        | 3/25 [11:31<1:46:07, 289.42s/it]Generation:  4
Best f1_score score: 0.9701338696952867
Generation:  16%|█▌        | 4/25 [12:29<1:09:20, 198.13s/it]Generation:  5
Best f1_score score: 0.9701338696952867
Generation:  20%|██        | 5/25 [12:58<45:42, 137.13s/it]  Generation:  6
Best f1_score score: 0.9701338696952867
Generation:  24%|██▍       | 6/25 [17:00<54:40, 172.66s/it]Generation:  7
Best f1_score score: 0.9701338696952867
Generation:  28%|██▊       | 7/25 [17:18<36:37, 122.08s/it]WARNING THIS INDIVIDUAL CAUSED AND EXCEPTION 
 <tpot2.search_spaces.pipelines.sequential.SequentialPipelineIndividual object at 0x15547567a770> 
 The 'min_samples_split' parameter of DecisionTreeClassifier must be an int in the range [2, inf) or a float in the range (0.0, 1.0]. Got 1 instead. 
 Traceback (most recent call last):
  File "/common/ketrong/tpotexp/tpot2/tpot2/utils/eval_utils.py", line 53, in objective_nan_wrapper
    value = func_timeout.func_timeout(timeout, objective_function, args=[individual], kwargs=objective_kwargs)
  File "/common/ketrong/tpotexp/env/lib/python3.10/site-packages/func_timeout/dafunc.py", line 108, in func_timeout
    raise_exception(exception)
  File "/common/ketrong/tpotexp/env/lib/python3.10/site-packages/func_timeout/py3_raise.py", line 7, in raise_exception
    raise exception[0] from None
  File "/common/ketrong/tpotexp/tpot2/tpot2/tpot_estimator/estimator.py", line 623, in objective_function
    return objective_function_generator(
  File "/common/ketrong/tpotexp/tpot2/tpot2/tpot_estimator/estimator_utils.py", line 55, in objective_function_generator
    cv_obj_scores = cross_val_score_objective(sklearn.base.clone(pipeline),x,y,scorers=scorers, cv=cv , fold=step)
  File "/common/ketrong/tpotexp/tpot2/tpot2/tpot_estimator/cross_val_utils.py", line 28, in cross_val_score_objective
    this_fold_pipeline.fit(X_train,y_train)
  File "/common/ketrong/tpotexp/env/lib/python3.10/site-packages/sklearn/base.py", line 1473, in wrapper
    return fit_method(estimator, *args, **kwargs)
  File "/common/ketrong/tpotexp/env/lib/python3.10/site-packages/sklearn/pipeline.py", line 473, in fit
    self._final_estimator.fit(Xt, y, **last_step_params["fit"])
  File "/common/ketrong/tpotexp/env/lib/python3.10/site-packages/sklearn/base.py", line 1466, in wrapper
    estimator._validate_params()
  File "/common/ketrong/tpotexp/env/lib/python3.10/site-packages/sklearn/base.py", line 666, in _validate_params
    validate_parameter_constraints(
  File "/common/ketrong/tpotexp/env/lib/python3.10/site-packages/sklearn/utils/_param_validation.py", line 95, in validate_parameter_constraints
    raise InvalidParameterError(
sklearn.utils._param_validation.InvalidParameterError: The 'min_samples_split' parameter of DecisionTreeClassifier must be an int in the range [2, inf) or a float in the range (0.0, 1.0]. Got 1 instead.

Generation:  8
Best f1_score score: 0.9701338696952867
Generation:  32%|███▏      | 8/25 [17:39<25:27, 89.83s/it] Generation:  9
Best f1_score score: 0.9701338696952867
Generation:  36%|███▌      | 9/25 [18:09<18:59, 71.23s/it]Generation:  10
Best f1_score score: 0.9701338696952867
Generation:  40%|████      | 10/25 [19:20<17:49, 71.30s/it]Generation:  11
Best f1_score score: 0.9702237057995766
Generation:  44%|████▍     | 11/25 [22:02<23:06, 99.04s/it]Generation:  12
Best f1_score score: 0.9702237057995766
Generation:  48%|████▊     | 12/25 [23:01<18:46, 86.68s/it]Generation:  13
Best f1_score score: 0.9702237057995766
Generation:  52%|█████▏    | 13/25 [28:41<32:42, 163.54s/it]Generation:  14
Best f1_score score: 0.9702237057995766
Generation:  56%|█████▌    | 14/25 [29:20<23:05, 125.94s/it]Generation:  15
Best f1_score score: 0.9702237057995766
Generation:  60%|██████    | 15/25 [30:07<17:00, 102.01s/it]Generation:  16
Best f1_score score: 0.9702237057995766
Generation:  64%|██████▍   | 16/25 [30:34<11:56, 79.58s/it] WARNING AN INDIVIDUAL TIMED OUT: 
 <tpot2.search_spaces.pipelines.sequential.SequentialPipelineIndividual object at 0x155475686830> 

Generation:  17
Best f1_score score: 0.971652956710359
Generation:  68%|██████▊   | 17/25 [40:43<31:49, 238.72s/it]Generation:  18
Best f1_score score: 0.971652956710359
Generation:  72%|███████▏  | 18/25 [42:14<22:40, 194.33s/it]Generation:  19
Best f1_score score: 0.971652956710359
Generation:  76%|███████▌  | 19/25 [42:45<14:32, 145.39s/it]Generation:  20
Best f1_score score: 0.971652956710359
Generation:  80%|████████  | 20/25 [43:29<09:34, 114.91s/it]Generation:  21
Best f1_score score: 0.971652956710359
Generation:  84%|████████▍ | 21/25 [44:36<06:42, 100.60s/it]WARNING AN INDIVIDUAL TIMED OUT: 
 <tpot2.search_spaces.pipelines.sequential.SequentialPipelineIndividual object at 0x155474e20d30> 

Generation:  22
Best f1_score score: 0.971652956710359
Generation:  88%|████████▊ | 22/25 [54:47<12:40, 253.64s/it]Generation:  23
Best f1_score score: 0.971652956710359
Generation:  92%|█████████▏| 23/25 [55:15<06:11, 185.96s/it]Generation:  24
Best f1_score score: 0.971652956710359
Generation:  96%|█████████▌| 24/25 [56:04<02:24, 144.87s/it]Generation:  25
Best f1_score score: 0.971652956710359
Generation: 100%|██████████| 25/25 [56:38<00:00, 111.66s/it]Generation: 100%|██████████| 25/25 [56:41<00:00, 136.07s/it]
2024-08-13 12:48:43,029 - distributed.scheduler - ERROR - Removing worker 'tcp://127.0.0.1:37699' caused the cluster to lose scattered data, which can't be recovered: {'ndarray-23f0eef1ec7034d09b67651117ebaf48', 'ndarray-d6fcc041098d4dd53dc19e4aab63fcbe'} (stimulus_id='handle-worker-cleanup-1723578523.0294714')
Fitted
Pipeline(steps=[('histgradientboostingclassifier',
                 HistGradientBoostingClassifier(early_stopping=True,
                                                l2_regularization=9.9802347e-06,
                                                learning_rate=0.0341263168687,
                                                max_features=0.7088665224764,
                                                max_leaf_nodes=441,
                                                min_samples_leaf=69,
                                                n_iter_no_change=5, tol=0.0001,
                                                validation_fraction=None))])
score start
train score: {'auroc': 0.9998400840451023, 'accuracy': 0.9951269035532995, 'balanced_accuracy': 0.9839604899422973, 'logloss': 0.02524727017810941, 'f1': 0.9951537721304295}
original test score: {'auroc': 0.9980648567448771, 'accuracy': 0.9799270072992701, 'balanced_accuracy': 0.9001847745750184, 'logloss': 0.060850670501755355, 'f1': 0.9801309340450839}
imputed test score: {'auroc': 0.998094518677172, 'accuracy': 0.9781021897810219, 'balanced_accuracy': 0.8335181079083519, 'logloss': 0.06288572260107993, 'f1': 0.9775845829731836}
score end
check intended
EXP2 Finished
running experiment 3/3 - What is the best automl settings?
<tpot2.search_spaces.pipelines.sequential.SequentialPipeline object at 0x155436386530>
Start tpot fit
  0%|          | 0/25 [00:00<?, ?it/s]Generation:   0%|          | 0/25 [00:00<?, ?it/s]Generation:  1
Best f1_score score: 0.9609696774237904
Generation:   4%|▍         | 1/25 [04:30<1:48:18, 270.77s/it]Generation:  2
Best f1_score score: 0.9694190877236096
Generation:   8%|▊         | 2/25 [09:41<1:52:52, 294.46s/it]WARNING AN INDIVIDUAL TIMED OUT: 
 <tpot2.search_spaces.pipelines.sequential.SequentialPipelineIndividual object at 0x155475d3e1d0> 

Generation:  3
Best f1_score score: 0.9694190877236096
Generation:  12%|█▏        | 3/25 [19:43<2:39:25, 434.82s/it]Generation:  4
Best f1_score score: 0.9700756396474743
Generation:  16%|█▌        | 4/25 [20:00<1:34:24, 269.76s/it]Generation:  5
Best f1_score score: 0.9703720256563475
Generation:  20%|██        | 5/25 [22:14<1:13:36, 220.81s/it]Generation:  6
Best f1_score score: 0.9705379891706016
Generation:  24%|██▍       | 6/25 [22:40<49:00, 154.75s/it]  Generation:  7
Best f1_score score: 0.9705379891706016
Generation:  28%|██▊       | 7/25 [22:48<32:01, 106.77s/it]Generation:  8
Best f1_score score: 0.9710239522808986
Generation:  32%|███▏      | 8/25 [23:23<23:41, 83.65s/it] Generation:  9
Best f1_score score: 0.9710239522808986
Generation:  36%|███▌      | 9/25 [24:01<18:30, 69.40s/it]Generation:  10
Best f1_score score: 0.9710239522808986
Generation:  40%|████      | 10/25 [24:26<13:58, 55.93s/it]Generation:  11
Best f1_score score: 0.9710239522808986
Generation:  44%|████▍     | 11/25 [25:30<13:35, 58.24s/it]Generation:  12
Best f1_score score: 0.9710239522808986
Generation:  48%|████▊     | 12/25 [28:12<19:28, 89.92s/it]Generation:  13
Best f1_score score: 0.9710239522808986
Generation:  52%|█████▏    | 13/25 [28:22<13:07, 65.59s/it]Generation:  14
Best f1_score score: 0.9710239522808986
Generation:  56%|█████▌    | 14/25 [28:33<09:00, 49.09s/it]Generation:  15
Best f1_score score: 0.9710239522808986
Generation:  60%|██████    | 15/25 [28:39<06:02, 36.28s/it]Generation:  16
Best f1_score score: 0.9710239522808986
Generation:  64%|██████▍   | 16/25 [32:30<14:14, 94.89s/it]Generation:  17
Best f1_score score: 0.9710239522808986
Generation:  68%|██████▊   | 17/25 [32:50<09:38, 72.36s/it]Generation:  18
Best f1_score score: 0.9710239522808986
Generation:  72%|███████▏  | 18/25 [34:58<10:22, 88.95s/it]Generation:  19
Best f1_score score: 0.9710239522808986
Generation:  76%|███████▌  | 19/25 [35:06<06:28, 64.67s/it]Generation:  20
Best f1_score score: 0.9712124986992088
Generation:  80%|████████  | 20/25 [35:13<03:56, 47.33s/it]Generation:  21
Best f1_score score: 0.9712124986992088
Generation:  84%|████████▍ | 21/25 [35:35<02:38, 39.66s/it]Generation:  22
Best f1_score score: 0.9712124986992088
Generation:  88%|████████▊ | 22/25 [41:32<06:44, 134.96s/it]Generation:  23
Best f1_score score: 0.9712124986992088
Generation:  92%|█████████▏| 23/25 [42:18<03:36, 108.17s/it]Generation:  24
Best f1_score score: 0.9712124986992088
Generation:  96%|█████████▌| 24/25 [45:47<02:18, 138.50s/it]Generation:  25
Best f1_score score: 0.9712124986992088
Generation: 100%|██████████| 25/25 [46:59<00:00, 118.47s/it]Generation: 100%|██████████| 25/25 [46:59<00:00, 112.76s/it]
2024-08-13 13:35:51,455 - distributed.scheduler - ERROR - Removing worker 'tcp://127.0.0.1:42779' caused the cluster to lose scattered data, which can't be recovered: {'ndarray-23f0eef1ec7034d09b67651117ebaf48', 'DataFrame-cebe49c93c74c6982e0bfcf7f5731641'} (stimulus_id='handle-worker-cleanup-1723581351.4559066')
Fitted
Pipeline(steps=[('simpleimputer', SimpleImputer(strategy='median')),
                ('xgbclassifier',
                 XGBClassifier(base_score=None, booster=None, callbacks=None,
                               colsample_bylevel=None, colsample_bynode=None,
                               colsample_bytree=None, device=None,
                               early_stopping_rounds=None,
                               enable_categorical=False, eval_metric=None,
                               feature_types=None, gamma=0.0006569210429,
                               grow_policy=None, importance_type=None,
                               interaction_constraints=None,
                               learning_rate=0.2211391626031, max_bin=None,
                               max_cat_threshold=None, max_cat_to_onehot=None,
                               max_delta_step=None, max_depth=4,
                               max_leaves=None, min_child_weight=5, missing=nan,
                               monotone_constraints=None, multi_strategy=None,
                               n_estimators=100, n_jobs=1, nthread=1,
                               num_parallel_tree=None, ...))])
transform worked
try transform
transform worked
score start
train score: {'auroc': 0.9999416477998604, 'accuracy': 0.9963451776649747, 'balanced_accuracy': 0.9866964602855447, 'logloss': 0.01794671805666623, 'f1': 0.9963584245734902}
test score: {'auroc': 0.9976443812600031, 'accuracy': 0.9744525547445255, 'balanced_accuracy': 0.8036215816703622, 'logloss': 0.0666840373808808, 'f1': 0.9735582744354696}
original test score: {'auroc': 0.9977716159050353, 'accuracy': 0.9744525547445255, 'balanced_accuracy': 0.8036215816703622, 'logloss': 0.06217506880555965, 'f1': 0.9735582744354696}
score end
30
lvl
0.01
type
MAR
num_run
1
class_simple
finished
all finished
full run takes
1.7464246806833479
hours
DONE
