Run: 6
/cm/local/apps/slurm/var/spool/job1005398/slurm_script: line 26: 
pip install -e tpot2
pip install -r tpot2/ImputerExperiments/requirements_.txt
: No such file or directory
RunStart
Version 0.1.7a0 of tpot2 is outdated. Version 0.1.8a0 was released Tuesday September 17, 2024.
starting loops
../data/c/151/151.pkl
working on 
../data/c/151/class_full_MAR_0.1_1
2.9863083362579346
running experiment 1/3 - Does large hyperparameter space improve reconstruction accuracy over simple
[I 2024-10-16 00:07:53,510] A new study created in memory with name: no-name-6a63d95b-ba90-4df2-92d7-c250a356115c
running
running
running
running
running
running
running
running
running
running
running
running
running
running
running
running
[I 2024-10-16 00:07:54,876] Trial 9 finished with value: 0.18189328646087027 and parameters: {'model_name': 'SimpleImputer', 'strategy': 'mean'}. Best is trial 9 with value: 0.18189328646087027.
running
[I 2024-10-16 00:07:55,413] Trial 3 finished with value: 0.18819837421633429 and parameters: {'model_name': 'SimpleImputer', 'strategy': 'median'}. Best is trial 9 with value: 0.18189328646087027.
running
[I 2024-10-16 00:07:55,564] Trial 1 finished with value: 0.18819837421633429 and parameters: {'model_name': 'SimpleImputer', 'strategy': 'median'}. Best is trial 9 with value: 0.18189328646087027.
running
[I 2024-10-16 00:07:56,061] Trial 10 finished with value: 0.271100928778336 and parameters: {'model_name': 'SimpleImputer', 'strategy': 'most_frequent'}. Best is trial 9 with value: 0.18189328646087027.
running
[I 2024-10-16 00:08:09,448] Trial 7 finished with value: 0.17305557841708602 and parameters: {'model_name': 'IterativeImputer', 'estimator': 'Ridge', 'initial_strategy': 'mean', 'n_nearest_features': 1, 'imputation_order': 'ascending'}. Best is trial 7 with value: 0.17305557841708602.
running
[I 2024-10-16 00:08:09,956] Trial 20 finished with value: 0.4303520672537954 and parameters: {'model_name': 'SimpleImputer', 'strategy': 'constant'}. Best is trial 7 with value: 0.17305557841708602.
running
[I 2024-10-16 00:08:14,254] Trial 15 finished with value: 0.1255687117667302 and parameters: {'model_name': 'KNNImputer', 'n_neighbors': 49, 'weights': 'distance'}. Best is trial 15 with value: 0.1255687117667302.
running
[I 2024-10-16 00:08:16,674] Trial 19 finished with value: inf and parameters: {'model_name': 'GAIN', 'batch_size': 1, 'hint_rate': 0.8924708350172815, 'alpha': 88, 'iterations': 11, 'learning_rate': 0.0009305601222466171, 'p_miss': 0.268972516783883}. Best is trial 15 with value: 0.1255687117667302.
running
[I 2024-10-16 00:08:16,997] Trial 14 finished with value: 0.16026221632249155 and parameters: {'model_name': 'KNNImputer', 'n_neighbors': 4899, 'weights': 'uniform'}. Best is trial 15 with value: 0.1255687117667302.
running
[I 2024-10-16 00:08:18,225] Trial 17 finished with value: inf and parameters: {'model_name': 'GAIN', 'batch_size': 4, 'hint_rate': 0.42428089976650446, 'alpha': 1, 'iterations': 14, 'learning_rate': 0.021306162561572684, 'p_miss': 0.0451687466770028}. Best is trial 15 with value: 0.1255687117667302.
running
[I 2024-10-16 00:08:18,701] Trial 13 finished with value: 0.2856865526413458 and parameters: {'model_name': 'VAE', 'batch_size': 10, 'iterations': 1, 'learning_rate': 0.002182607302994833, 'p_miss': 0.2231855061283548}. Best is trial 15 with value: 0.1255687117667302.
running
[I 2024-10-16 00:08:20,646] Trial 0 finished with value: 0.17254472875297616 and parameters: {'model_name': 'KNNImputer', 'n_neighbors': 12731, 'weights': 'uniform'}. Best is trial 15 with value: 0.1255687117667302.
running
[I 2024-10-16 00:08:21,442] Trial 8 finished with value: 0.18189328646087027 and parameters: {'model_name': 'KNNImputer', 'n_neighbors': 32862, 'weights': 'uniform'}. Best is trial 15 with value: 0.1255687117667302.
running
[I 2024-10-16 00:08:21,990] Trial 22 finished with value: 0.38943079360120325 and parameters: {'model_name': 'GAIN', 'batch_size': 16, 'hint_rate': 0.8079696511634414, 'alpha': 54, 'iterations': 1, 'learning_rate': 0.021709575187015218, 'p_miss': 0.28901475539282245}. Best is trial 15 with value: 0.1255687117667302.
running
[I 2024-10-16 00:08:22,668] Trial 5 finished with value: 0.1728861979624341 and parameters: {'model_name': 'KNNImputer', 'n_neighbors': 13101, 'weights': 'uniform'}. Best is trial 15 with value: 0.1255687117667302.
running
[I 2024-10-16 00:08:29,460] Trial 4 finished with value: 0.17113332884298904 and parameters: {'model_name': 'KNNImputer', 'n_neighbors': 32140, 'weights': 'distance'}. Best is trial 15 with value: 0.1255687117667302.
running
[I 2024-10-16 00:08:30,971] Trial 23 finished with value: 0.4254087640563384 and parameters: {'model_name': 'GAIN', 'batch_size': 343, 'hint_rate': 0.9435365958558408, 'alpha': 78, 'iterations': 3, 'learning_rate': 0.00047826963581849114, 'p_miss': 0.036236709043393225}. Best is trial 15 with value: 0.1255687117667302.
running
[I 2024-10-16 00:08:40,640] Trial 26 finished with value: 0.1377979878572602 and parameters: {'model_name': 'KNNImputer', 'n_neighbors': 477, 'weights': 'uniform'}. Best is trial 15 with value: 0.1255687117667302.
running
[I 2024-10-16 00:08:43,316] Trial 27 finished with value: 0.13459621988639772 and parameters: {'model_name': 'KNNImputer', 'n_neighbors': 657, 'weights': 'distance'}. Best is trial 15 with value: 0.1255687117667302.
running
[I 2024-10-16 00:08:44,379] Trial 29 finished with value: 0.13583126727950776 and parameters: {'model_name': 'KNNImputer', 'n_neighbors': 789, 'weights': 'distance'}. Best is trial 15 with value: 0.1255687117667302.
running
[I 2024-10-16 00:08:45,801] Trial 30 finished with value: 0.13391874716569413 and parameters: {'model_name': 'KNNImputer', 'n_neighbors': 590, 'weights': 'distance'}. Best is trial 15 with value: 0.1255687117667302.
running
[I 2024-10-16 00:08:46,207] Trial 28 finished with value: 0.13787799016545083 and parameters: {'model_name': 'KNNImputer', 'n_neighbors': 1031, 'weights': 'distance'}. Best is trial 15 with value: 0.1255687117667302.
running
[I 2024-10-16 00:08:51,759] Trial 32 finished with value: 0.13017520617554015 and parameters: {'model_name': 'KNNImputer', 'n_neighbors': 262, 'weights': 'distance'}. Best is trial 15 with value: 0.1255687117667302.
running
[I 2024-10-16 00:08:53,120] Trial 31 finished with value: 0.1428288557130057 and parameters: {'model_name': 'KNNImputer', 'n_neighbors': 1879, 'weights': 'distance'}. Best is trial 15 with value: 0.1255687117667302.
running
[I 2024-10-16 00:09:08,574] Trial 6 finished with value: 0.13743608376221045 and parameters: {'model_name': 'IterativeImputer', 'estimator': 'KNN', 'initial_strategy': 'most_frequent', 'n_nearest_features': 6, 'imputation_order': 'ascending'}. Best is trial 15 with value: 0.1255687117667302.
running
[I 2024-10-16 00:09:18,960] Trial 2 finished with value: 0.16777965021420213 and parameters: {'model_name': 'IterativeImputer', 'estimator': 'Bayesian', 'initial_strategy': 'constant', 'n_nearest_features': 5, 'imputation_order': 'ascending', 'sample_posterior': False}. Best is trial 15 with value: 0.1255687117667302.
running
[I 2024-10-16 00:09:24,944] Trial 24 finished with value: 0.1402345011512629 and parameters: {'model_name': 'IterativeImputer', 'estimator': 'KNN', 'initial_strategy': 'mean', 'n_nearest_features': 5, 'imputation_order': 'arabic'}. Best is trial 15 with value: 0.1255687117667302.
running
[I 2024-10-16 00:09:30,615] Trial 12 finished with value: 0.22294048351172444 and parameters: {'model_name': 'VAE', 'batch_size': 1, 'iterations': 71, 'learning_rate': 0.0035532708502645856, 'p_miss': 0.11150584110403956}. Best is trial 15 with value: 0.1255687117667302.
running
[I 2024-10-16 00:09:35,969] Trial 37 finished with value: 0.19311371194571192 and parameters: {'model_name': 'IterativeImputer', 'estimator': 'Bayesian', 'initial_strategy': 'constant', 'n_nearest_features': 8, 'imputation_order': 'descending', 'sample_posterior': False}. Best is trial 15 with value: 0.1255687117667302.
running
[I 2024-10-16 00:10:01,204] Trial 44 finished with value: 0.1570357078112786 and parameters: {'model_name': 'KNNImputer', 'n_neighbors': 8456, 'weights': 'distance'}. Best is trial 15 with value: 0.1255687117667302.
running
[I 2024-10-16 00:10:09,526] Trial 21 finished with value: 0.2617605232947159 and parameters: {'model_name': 'IterativeImputer', 'estimator': 'Bayesian', 'initial_strategy': 'median', 'n_nearest_features': 7, 'imputation_order': 'roman', 'sample_posterior': True}. Best is trial 15 with value: 0.1255687117667302.
running
[I 2024-10-16 00:10:27,261] Trial 34 finished with value: 0.2696045175942985 and parameters: {'model_name': 'IterativeImputer', 'estimator': 'Bayesian', 'initial_strategy': 'constant', 'n_nearest_features': 8, 'imputation_order': 'roman', 'sample_posterior': True}. Best is trial 15 with value: 0.1255687117667302.
running
[I 2024-10-16 00:10:30,622] Trial 46 finished with value: 0.15442261829963388 and parameters: {'model_name': 'KNNImputer', 'n_neighbors': 6811, 'weights': 'distance'}. Best is trial 15 with value: 0.1255687117667302.
running
[I 2024-10-16 00:10:43,789] Trial 47 finished with value: 0.15434878666925264 and parameters: {'model_name': 'KNNImputer', 'n_neighbors': 6768, 'weights': 'distance'}. Best is trial 15 with value: 0.1255687117667302.
running
[I 2024-10-16 00:10:51,042] Trial 48 finished with value: 0.16912516049457377 and parameters: {'model_name': 'KNNImputer', 'n_neighbors': 23810, 'weights': 'distance'}. Best is trial 15 with value: 0.1255687117667302.
running
[I 2024-10-16 00:11:02,929] Trial 50 finished with value: 0.12510385643890104 and parameters: {'model_name': 'KNNImputer', 'n_neighbors': 27, 'weights': 'distance'}. Best is trial 50 with value: 0.12510385643890104.
running
[I 2024-10-16 00:11:04,494] Trial 49 finished with value: 0.17003613946854318 and parameters: {'model_name': 'KNNImputer', 'n_neighbors': 25636, 'weights': 'distance'}. Best is trial 50 with value: 0.12510385643890104.
running
[I 2024-10-16 00:14:02,665] Trial 16 finished with value: 0.18538091378838917 and parameters: {'model_name': 'VAE', 'batch_size': 48, 'iterations': 207, 'learning_rate': 0.007572965737857499, 'p_miss': 0.12093955989843243}. Best is trial 50 with value: 0.12510385643890104.
running
[I 2024-10-16 00:14:17,307] Trial 53 finished with value: 0.1506342380561423 and parameters: {'model_name': 'KNNImputer', 'n_neighbors': 4752, 'weights': 'distance'}. Best is trial 50 with value: 0.12510385643890104.
running
[I 2024-10-16 00:14:33,880] Trial 54 finished with value: 0.1601359802972228 and parameters: {'model_name': 'KNNImputer', 'n_neighbors': 10738, 'weights': 'distance'}. Best is trial 50 with value: 0.12510385643890104.
running
[I 2024-10-16 00:14:48,312] Trial 55 finished with value: 0.15061281098031526 and parameters: {'model_name': 'KNNImputer', 'n_neighbors': 4741, 'weights': 'distance'}. Best is trial 50 with value: 0.12510385643890104.
running
[I 2024-10-16 00:15:00,674] Trial 56 finished with value: 0.1314027076080762 and parameters: {'model_name': 'KNNImputer', 'n_neighbors': 356, 'weights': 'distance'}. Best is trial 50 with value: 0.12510385643890104.
running
[I 2024-10-16 00:15:15,105] Trial 57 finished with value: 0.1487310833295069 and parameters: {'model_name': 'KNNImputer', 'n_neighbors': 3873, 'weights': 'distance'}. Best is trial 50 with value: 0.12510385643890104.
running
[I 2024-10-16 00:15:25,984] Trial 58 finished with value: 0.13459807040148958 and parameters: {'model_name': 'KNNImputer', 'n_neighbors': 5, 'weights': 'distance'}. Best is trial 50 with value: 0.12510385643890104.
running
[I 2024-10-16 00:15:40,288] Trial 59 finished with value: 0.14806185289083745 and parameters: {'model_name': 'KNNImputer', 'n_neighbors': 3587, 'weights': 'distance'}. Best is trial 50 with value: 0.12510385643890104.
running
[I 2024-10-16 00:35:20,634] Trial 11 finished with value: 0.4295703868569916 and parameters: {'model_name': 'GAIN', 'batch_size': 56, 'hint_rate': 0.7652634193580344, 'alpha': 50, 'iterations': 1108, 'learning_rate': 0.004273731920103312, 'p_miss': 0.10933296787691126}. Best is trial 50 with value: 0.12510385643890104.
running
[I 2024-10-16 00:35:21,576] Trial 61 finished with value: 0.18189328646087027 and parameters: {'model_name': 'SimpleImputer', 'strategy': 'mean'}. Best is trial 50 with value: 0.12510385643890104.
running
[I 2024-10-16 01:05:49,928] Trial 18 finished with value: 0.16099589681419774 and parameters: {'model_name': 'IterativeImputer', 'estimator': 'RFR', 'initial_strategy': 'median', 'n_nearest_features': 2, 'imputation_order': 'random'}. Best is trial 50 with value: 0.12510385643890104.
running
[I 2024-10-16 02:05:18,476] Trial 38 finished with value: 0.1147269370100934 and parameters: {'model_name': 'IterativeImputer', 'estimator': 'RFR', 'initial_strategy': 'constant', 'n_nearest_features': 8, 'imputation_order': 'roman'}. Best is trial 38 with value: 0.1147269370100934.
running
[I 2024-10-16 02:06:02,438] Trial 33 finished with value: 0.11448719411551048 and parameters: {'model_name': 'IterativeImputer', 'estimator': 'RFR', 'initial_strategy': 'median', 'n_nearest_features': 8, 'imputation_order': 'arabic'}. Best is trial 33 with value: 0.11448719411551048.
running
[I 2024-10-16 02:06:06,253] Trial 39 finished with value: 0.11471436383642 and parameters: {'model_name': 'IterativeImputer', 'estimator': 'RFR', 'initial_strategy': 'most_frequent', 'n_nearest_features': 8, 'imputation_order': 'random'}. Best is trial 33 with value: 0.11448719411551048.
running
[I 2024-10-16 03:52:27,113] Trial 42 finished with value: 0.18379164247239463 and parameters: {'model_name': 'VAE', 'batch_size': 692, 'iterations': 2501, 'learning_rate': 0.060663315689178744, 'p_miss': 0.15488519411147994}. Best is trial 33 with value: 0.11448719411551048.
running
[I 2024-10-16 04:03:59,755] Trial 66 finished with value: 0.11438545692933492 and parameters: {'model_name': 'IterativeImputer', 'estimator': 'RFR', 'initial_strategy': 'most_frequent', 'n_nearest_features': 8, 'imputation_order': 'random'}. Best is trial 66 with value: 0.11438545692933492.
running
[I 2024-10-16 04:04:16,296] Trial 65 finished with value: 0.11510948216148949 and parameters: {'model_name': 'IterativeImputer', 'estimator': 'RFR', 'initial_strategy': 'median', 'n_nearest_features': 8, 'imputation_order': 'arabic'}. Best is trial 66 with value: 0.11438545692933492.
running
[I 2024-10-16 05:52:47,001] Trial 67 finished with value: 0.11442110120705125 and parameters: {'model_name': 'IterativeImputer', 'estimator': 'RFR', 'initial_strategy': 'most_frequent', 'n_nearest_features': 8, 'imputation_order': 'arabic'}. Best is trial 66 with value: 0.11438545692933492.
running
[I 2024-10-16 06:04:45,047] Trial 68 finished with value: 0.11312960229750671 and parameters: {'model_name': 'IterativeImputer', 'estimator': 'RFR', 'initial_strategy': 'most_frequent', 'n_nearest_features': 8, 'imputation_order': 'random'}. Best is trial 68 with value: 0.11312960229750671.
running
[I 2024-10-16 06:05:35,969] Trial 69 finished with value: 0.11420061371231031 and parameters: {'model_name': 'IterativeImputer', 'estimator': 'RFR', 'initial_strategy': 'most_frequent', 'n_nearest_features': 8, 'imputation_order': 'random'}. Best is trial 68 with value: 0.11312960229750671.
running
[I 2024-10-16 07:12:49,565] Trial 62 finished with value: 0.18409465154894783 and parameters: {'model_name': 'VAE', 'batch_size': 797, 'iterations': 4213, 'learning_rate': 0.00011318859147981394, 'p_miss': 0.19347486539357694}. Best is trial 68 with value: 0.11312960229750671.
running
[I 2024-10-16 07:30:46,111] Trial 45 finished with value: 0.18393082763306076 and parameters: {'model_name': 'VAE', 'batch_size': 755, 'iterations': 5131, 'learning_rate': 0.08632538228449603, 'p_miss': 0.1713981240083628}. Best is trial 68 with value: 0.11312960229750671.
running
[I 2024-10-16 07:53:52,467] Trial 70 finished with value: 0.11454568256365376 and parameters: {'model_name': 'IterativeImputer', 'estimator': 'RFR', 'initial_strategy': 'most_frequent', 'n_nearest_features': 8, 'imputation_order': 'arabic'}. Best is trial 68 with value: 0.11312960229750671.
running
[I 2024-10-16 08:03:46,907] Trial 71 finished with value: 0.11352275392589568 and parameters: {'model_name': 'IterativeImputer', 'estimator': 'RFR', 'initial_strategy': 'most_frequent', 'n_nearest_features': 8, 'imputation_order': 'random'}. Best is trial 68 with value: 0.11312960229750671.
running
[I 2024-10-16 08:06:55,298] Trial 72 finished with value: 0.11477382871508549 and parameters: {'model_name': 'IterativeImputer', 'estimator': 'RFR', 'initial_strategy': 'most_frequent', 'n_nearest_features': 7, 'imputation_order': 'random'}. Best is trial 68 with value: 0.11312960229750671.
running
[I 2024-10-16 09:11:05,487] Trial 73 finished with value: 0.11462272120230776 and parameters: {'model_name': 'IterativeImputer', 'estimator': 'RFR', 'initial_strategy': 'most_frequent', 'n_nearest_features': 7, 'imputation_order': 'random'}. Best is trial 68 with value: 0.11312960229750671.
running
[I 2024-10-16 09:25:01,653] Trial 43 finished with value: 0.18389382756870365 and parameters: {'model_name': 'VAE', 'batch_size': 929, 'iterations': 6350, 'learning_rate': 0.00011908293914997923, 'p_miss': 0.16407317342993682}. Best is trial 68 with value: 0.11312960229750671.
running
[I 2024-10-16 09:26:57,727] Trial 74 finished with value: 0.11504076831246743 and parameters: {'model_name': 'IterativeImputer', 'estimator': 'RFR', 'initial_strategy': 'most_frequent', 'n_nearest_features': 7, 'imputation_order': 'random'}. Best is trial 68 with value: 0.11312960229750671.
running
[I 2024-10-16 09:36:41,520] Trial 25 finished with value: 0.1835715177648328 and parameters: {'model_name': 'VAE', 'batch_size': 955, 'iterations': 6829, 'learning_rate': 0.00013626451991088036, 'p_miss': 0.290828970900176}. Best is trial 68 with value: 0.11312960229750671.
running
[I 2024-10-16 09:49:43,344] Trial 75 finished with value: 0.11479474970090078 and parameters: {'model_name': 'IterativeImputer', 'estimator': 'RFR', 'initial_strategy': 'most_frequent', 'n_nearest_features': 7, 'imputation_order': 'arabic'}. Best is trial 68 with value: 0.11312960229750671.
running
[I 2024-10-16 09:52:45,217] Trial 36 finished with value: 0.18474743933401905 and parameters: {'model_name': 'VAE', 'batch_size': 378, 'iterations': 8903, 'learning_rate': 0.00012006005872969697, 'p_miss': 0.1342945437929911}. Best is trial 68 with value: 0.11312960229750671.
running
[I 2024-10-16 09:58:22,877] Trial 76 finished with value: 0.11411280057641124 and parameters: {'model_name': 'IterativeImputer', 'estimator': 'RFR', 'initial_strategy': 'most_frequent', 'n_nearest_features': 7, 'imputation_order': 'random'}. Best is trial 68 with value: 0.11312960229750671.
running
[I 2024-10-16 10:04:03,637] Trial 77 finished with value: 0.11389404711779785 and parameters: {'model_name': 'IterativeImputer', 'estimator': 'RFR', 'initial_strategy': 'most_frequent', 'n_nearest_features': 7, 'imputation_order': 'arabic'}. Best is trial 68 with value: 0.11312960229750671.
running
[I 2024-10-16 11:03:25,395] Trial 78 finished with value: 0.11462551702676875 and parameters: {'model_name': 'IterativeImputer', 'estimator': 'RFR', 'initial_strategy': 'most_frequent', 'n_nearest_features': 8, 'imputation_order': 'arabic'}. Best is trial 68 with value: 0.11312960229750671.
running
[I 2024-10-16 11:09:30,564] Trial 60 finished with value: 0.18374835961871652 and parameters: {'model_name': 'VAE', 'batch_size': 990, 'iterations': 7212, 'learning_rate': 0.00014260179350501128, 'p_miss': 0.19244046471878234}. Best is trial 68 with value: 0.11312960229750671.
running
[I 2024-10-16 11:17:19,159] Trial 79 finished with value: 0.11528694468449104 and parameters: {'model_name': 'IterativeImputer', 'estimator': 'RFR', 'initial_strategy': 'most_frequent', 'n_nearest_features': 8, 'imputation_order': 'arabic'}. Best is trial 68 with value: 0.11312960229750671.
running
[I 2024-10-16 11:17:50,897] Trial 52 finished with value: 0.18394756266301893 and parameters: {'model_name': 'VAE', 'batch_size': 969, 'iterations': 7687, 'learning_rate': 0.00013904407728883555, 'p_miss': 0.15771970457090057}. Best is trial 68 with value: 0.11312960229750671.
running
[I 2024-10-16 11:18:52,704] Trial 80 finished with value: 0.11548897178690136 and parameters: {'model_name': 'IterativeImputer', 'estimator': 'RFR', 'initial_strategy': 'most_frequent', 'n_nearest_features': 8, 'imputation_order': 'arabic'}. Best is trial 68 with value: 0.11312960229750671.
running
[I 2024-10-16 11:27:15,396] Trial 63 finished with value: 0.1850152156174367 and parameters: {'model_name': 'VAE', 'batch_size': 322, 'iterations': 9917, 'learning_rate': 0.00014052517745105224, 'p_miss': 0.19866690845871604}. Best is trial 68 with value: 0.11312960229750671.
running
[I 2024-10-16 11:28:37,986] Trial 81 finished with value: 0.11465384486176826 and parameters: {'model_name': 'IterativeImputer', 'estimator': 'RFR', 'initial_strategy': 'most_frequent', 'n_nearest_features': 8, 'imputation_order': 'arabic'}. Best is trial 68 with value: 0.11312960229750671.
running
[I 2024-10-16 11:39:48,205] Trial 82 finished with value: 0.11450340920249642 and parameters: {'model_name': 'IterativeImputer', 'estimator': 'RFR', 'initial_strategy': 'most_frequent', 'n_nearest_features': 8, 'imputation_order': 'arabic'}. Best is trial 68 with value: 0.11312960229750671.
running
[I 2024-10-16 11:40:39,451] Trial 40 finished with value: 0.18384064272577866 and parameters: {'model_name': 'VAE', 'batch_size': 796, 'iterations': 8015, 'learning_rate': 0.00010212948668932632, 'p_miss': 0.11405720949431415}. Best is trial 68 with value: 0.11312960229750671.
running
[I 2024-10-16 11:44:51,780] Trial 83 finished with value: 0.11467705531195808 and parameters: {'model_name': 'IterativeImputer', 'estimator': 'RFR', 'initial_strategy': 'most_frequent', 'n_nearest_features': 8, 'imputation_order': 'arabic'}. Best is trial 68 with value: 0.11312960229750671.
running
[I 2024-10-16 11:48:05,090] Trial 84 finished with value: 0.11403831284209667 and parameters: {'model_name': 'IterativeImputer', 'estimator': 'RFR', 'initial_strategy': 'most_frequent', 'n_nearest_features': 8, 'imputation_order': 'random'}. Best is trial 68 with value: 0.11312960229750671.
running
[I 2024-10-16 11:53:14,834] Trial 85 finished with value: 0.11468805260005507 and parameters: {'model_name': 'IterativeImputer', 'estimator': 'RFR', 'initial_strategy': 'most_frequent', 'n_nearest_features': 7, 'imputation_order': 'random'}. Best is trial 68 with value: 0.11312960229750671.
running
[I 2024-10-16 12:07:06,971] Trial 64 finished with value: 0.18386376625317896 and parameters: {'model_name': 'VAE', 'batch_size': 830, 'iterations': 7486, 'learning_rate': 0.0974868833317606, 'p_miss': 0.19789539029412526}. Best is trial 68 with value: 0.11312960229750671.
running
[I 2024-10-16 12:08:56,110] Trial 35 finished with value: 0.18372589525237154 and parameters: {'model_name': 'VAE', 'batch_size': 842, 'iterations': 8927, 'learning_rate': 0.00021760908567308005, 'p_miss': 0.14235749498110437}. Best is trial 68 with value: 0.11312960229750671.
running
[I 2024-10-16 12:12:11,815] Trial 51 finished with value: 0.18400572963738177 and parameters: {'model_name': 'VAE', 'batch_size': 893, 'iterations': 9474, 'learning_rate': 0.00012249113663406565, 'p_miss': 0.16443607440085012}. Best is trial 68 with value: 0.11312960229750671.
running
[I 2024-10-16 12:12:58,273] Trial 41 finished with value: 0.18377836753327448 and parameters: {'model_name': 'VAE', 'batch_size': 962, 'iterations': 9389, 'learning_rate': 0.00013048265670322843, 'p_miss': 0.13794682781705758}. Best is trial 68 with value: 0.11312960229750671.
running
[I 2024-10-16 12:42:51,836] Trial 86 finished with value: 0.11435495058986844 and parameters: {'model_name': 'IterativeImputer', 'estimator': 'RFR', 'initial_strategy': 'most_frequent', 'n_nearest_features': 8, 'imputation_order': 'random'}. Best is trial 68 with value: 0.11312960229750671.
running
[I 2024-10-16 12:48:37,705] Trial 87 finished with value: 0.11484314249972953 and parameters: {'model_name': 'IterativeImputer', 'estimator': 'RFR', 'initial_strategy': 'most_frequent', 'n_nearest_features': 8, 'imputation_order': 'random'}. Best is trial 68 with value: 0.11312960229750671.
running
[I 2024-10-16 12:48:42,284] Trial 103 finished with value: 0.14870582214261377 and parameters: {'model_name': 'IterativeImputer', 'estimator': 'Ridge', 'initial_strategy': 'most_frequent', 'n_nearest_features': 7, 'imputation_order': 'random'}. Best is trial 68 with value: 0.11312960229750671.
running
[I 2024-10-16 12:53:46,547] Trial 88 finished with value: 0.11480703822547907 and parameters: {'model_name': 'IterativeImputer', 'estimator': 'RFR', 'initial_strategy': 'most_frequent', 'n_nearest_features': 7, 'imputation_order': 'random'}. Best is trial 68 with value: 0.11312960229750671.
running
[I 2024-10-16 12:55:07,891] Trial 90 finished with value: 0.11422324165654432 and parameters: {'model_name': 'IterativeImputer', 'estimator': 'RFR', 'initial_strategy': 'most_frequent', 'n_nearest_features': 7, 'imputation_order': 'random'}. Best is trial 68 with value: 0.11312960229750671.
running
[I 2024-10-16 12:56:02,837] Trial 89 finished with value: 0.11440211741681088 and parameters: {'model_name': 'IterativeImputer', 'estimator': 'RFR', 'initial_strategy': 'most_frequent', 'n_nearest_features': 7, 'imputation_order': 'random'}. Best is trial 68 with value: 0.11312960229750671.
running
[I 2024-10-16 13:03:46,789] Trial 92 finished with value: 0.11534926016974625 and parameters: {'model_name': 'IterativeImputer', 'estimator': 'RFR', 'initial_strategy': 'most_frequent', 'n_nearest_features': 7, 'imputation_order': 'random'}. Best is trial 68 with value: 0.11312960229750671.
running
[I 2024-10-16 13:04:21,832] Trial 91 finished with value: 0.11438091852021826 and parameters: {'model_name': 'IterativeImputer', 'estimator': 'RFR', 'initial_strategy': 'most_frequent', 'n_nearest_features': 7, 'imputation_order': 'random'}. Best is trial 68 with value: 0.11312960229750671.
running
[I 2024-10-16 13:04:23,942] Trial 109 finished with value: inf and parameters: {'model_name': 'GAIN', 'batch_size': 3, 'hint_rate': 0.05122872551069041, 'alpha': 10, 'iterations': 409, 'learning_rate': 0.0011450160000004968, 'p_miss': 0.07279077293455938}. Best is trial 68 with value: 0.11312960229750671.
running
[I 2024-10-16 13:04:38,069] Trial 110 finished with value: 0.1383248208761958 and parameters: {'model_name': 'IterativeImputer', 'estimator': 'KNN', 'initial_strategy': 'most_frequent', 'n_nearest_features': 6, 'imputation_order': 'random'}. Best is trial 68 with value: 0.11312960229750671.
running
[I 2024-10-16 13:04:38,333] Trial 111 finished with value: 0.4303520672537954 and parameters: {'model_name': 'SimpleImputer', 'strategy': 'constant'}. Best is trial 68 with value: 0.11312960229750671.
running
[I 2024-10-16 13:11:54,595] Trial 93 finished with value: 0.11443670292371566 and parameters: {'model_name': 'IterativeImputer', 'estimator': 'RFR', 'initial_strategy': 'most_frequent', 'n_nearest_features': 7, 'imputation_order': 'random'}. Best is trial 68 with value: 0.11312960229750671.
running
[I 2024-10-16 13:12:02,700] Trial 113 finished with value: 0.15153764567076694 and parameters: {'model_name': 'IterativeImputer', 'estimator': 'Ridge', 'initial_strategy': 'most_frequent', 'n_nearest_features': 6, 'imputation_order': 'random'}. Best is trial 68 with value: 0.11312960229750671.
running
[I 2024-10-16 13:14:49,912] Trial 94 finished with value: 0.114541751244009 and parameters: {'model_name': 'IterativeImputer', 'estimator': 'RFR', 'initial_strategy': 'most_frequent', 'n_nearest_features': 7, 'imputation_order': 'random'}. Best is trial 68 with value: 0.11312960229750671.
running
[I 2024-10-16 13:17:54,165] Trial 95 finished with value: 0.1138590948033205 and parameters: {'model_name': 'IterativeImputer', 'estimator': 'RFR', 'initial_strategy': 'most_frequent', 'n_nearest_features': 7, 'imputation_order': 'random'}. Best is trial 68 with value: 0.11312960229750671.
running
[I 2024-10-16 13:18:46,355] Trial 96 finished with value: 0.11427233901206994 and parameters: {'model_name': 'IterativeImputer', 'estimator': 'RFR', 'initial_strategy': 'most_frequent', 'n_nearest_features': 7, 'imputation_order': 'random'}. Best is trial 68 with value: 0.11312960229750671.
running
[I 2024-10-16 13:23:00,436] Trial 97 finished with value: 0.11410485734058858 and parameters: {'model_name': 'IterativeImputer', 'estimator': 'RFR', 'initial_strategy': 'most_frequent', 'n_nearest_features': 7, 'imputation_order': 'random'}. Best is trial 68 with value: 0.11312960229750671.
running
[I 2024-10-16 13:36:07,710] Trial 98 finished with value: 0.11512493113288055 and parameters: {'model_name': 'IterativeImputer', 'estimator': 'RFR', 'initial_strategy': 'most_frequent', 'n_nearest_features': 7, 'imputation_order': 'random'}. Best is trial 68 with value: 0.11312960229750671.
running
[I 2024-10-16 13:36:18,377] Trial 119 finished with value: 0.14520949327009364 and parameters: {'model_name': 'IterativeImputer', 'estimator': 'KNN', 'initial_strategy': 'mean', 'n_nearest_features': 4, 'imputation_order': 'ascending'}. Best is trial 68 with value: 0.11312960229750671.
running
[I 2024-10-16 13:37:49,559] Trial 99 finished with value: 0.11480214719558528 and parameters: {'model_name': 'IterativeImputer', 'estimator': 'RFR', 'initial_strategy': 'most_frequent', 'n_nearest_features': 7, 'imputation_order': 'random'}. Best is trial 68 with value: 0.11312960229750671.
running
[I 2024-10-16 13:38:11,271] Trial 121 finished with value: 0.1793042770572107 and parameters: {'model_name': 'IterativeImputer', 'estimator': 'Bayesian', 'initial_strategy': 'most_frequent', 'n_nearest_features': 6, 'imputation_order': 'descending', 'sample_posterior': False}. Best is trial 68 with value: 0.11312960229750671.
running
[I 2024-10-16 13:38:12,749] Trial 122 finished with value: 0.4133949227213284 and parameters: {'model_name': 'GAIN', 'batch_size': 126, 'hint_rate': 0.06936581156285865, 'alpha': 25, 'iterations': 38, 'learning_rate': 0.01093885262963515, 'p_miss': 0.24467384000985837}. Best is trial 68 with value: 0.11312960229750671.
running
[I 2024-10-16 13:40:46,704] Trial 100 finished with value: 0.11502951800980143 and parameters: {'model_name': 'IterativeImputer', 'estimator': 'RFR', 'initial_strategy': 'most_frequent', 'n_nearest_features': 7, 'imputation_order': 'random'}. Best is trial 68 with value: 0.11312960229750671.
running
[I 2024-10-16 13:40:47,027] Trial 124 finished with value: 0.271100928778336 and parameters: {'model_name': 'SimpleImputer', 'strategy': 'most_frequent'}. Best is trial 68 with value: 0.11312960229750671.
running
[I 2024-10-16 13:41:44,497] Trial 101 finished with value: 0.11404180617179423 and parameters: {'model_name': 'IterativeImputer', 'estimator': 'RFR', 'initial_strategy': 'most_frequent', 'n_nearest_features': 7, 'imputation_order': 'random'}. Best is trial 68 with value: 0.11312960229750671.
running
[I 2024-10-16 13:55:23,788] Trial 114 finished with value: 0.1384184226439712 and parameters: {'model_name': 'IterativeImputer', 'estimator': 'RFR', 'initial_strategy': 'mean', 'n_nearest_features': 3, 'imputation_order': 'random'}. Best is trial 68 with value: 0.11312960229750671.
running
[I 2024-10-16 14:06:37,560] Trial 104 finished with value: 0.11657258877002041 and parameters: {'model_name': 'IterativeImputer', 'estimator': 'RFR', 'initial_strategy': 'most_frequent', 'n_nearest_features': 6, 'imputation_order': 'random'}. Best is trial 68 with value: 0.11312960229750671.
running
[I 2024-10-16 14:09:42,552] Trial 102 finished with value: 0.11482039844322052 and parameters: {'model_name': 'IterativeImputer', 'estimator': 'RFR', 'initial_strategy': 'most_frequent', 'n_nearest_features': 7, 'imputation_order': 'random'}. Best is trial 68 with value: 0.11312960229750671.
running
[I 2024-10-16 14:11:06,252] Trial 115 finished with value: 0.1310939203076264 and parameters: {'model_name': 'IterativeImputer', 'estimator': 'RFR', 'initial_strategy': 'most_frequent', 'n_nearest_features': 4, 'imputation_order': 'ascending'}. Best is trial 68 with value: 0.11312960229750671.
running
[I 2024-10-16 14:11:33,019] Trial 105 finished with value: 0.11659061180367589 and parameters: {'model_name': 'IterativeImputer', 'estimator': 'RFR', 'initial_strategy': 'most_frequent', 'n_nearest_features': 6, 'imputation_order': 'random'}. Best is trial 68 with value: 0.11312960229750671.
running
[I 2024-10-16 14:12:38,265] Trial 106 finished with value: 0.11701818782250091 and parameters: {'model_name': 'IterativeImputer', 'estimator': 'RFR', 'initial_strategy': 'most_frequent', 'n_nearest_features': 6, 'imputation_order': 'random'}. Best is trial 68 with value: 0.11312960229750671.
running
[I 2024-10-16 14:14:14,134] Trial 107 finished with value: 0.11693332257217774 and parameters: {'model_name': 'IterativeImputer', 'estimator': 'RFR', 'initial_strategy': 'most_frequent', 'n_nearest_features': 6, 'imputation_order': 'random'}. Best is trial 68 with value: 0.11312960229750671.
running
[I 2024-10-16 14:14:49,679] Trial 116 finished with value: 0.13425245492638851 and parameters: {'model_name': 'IterativeImputer', 'estimator': 'RFR', 'initial_strategy': 'mean', 'n_nearest_features': 4, 'imputation_order': 'random'}. Best is trial 68 with value: 0.11312960229750671.
running
[I 2024-10-16 14:14:54,659] Trial 133 finished with value: 0.2696045175942985 and parameters: {'model_name': 'IterativeImputer', 'estimator': 'Bayesian', 'initial_strategy': 'constant', 'n_nearest_features': 8, 'imputation_order': 'roman', 'sample_posterior': True}. Best is trial 68 with value: 0.11312960229750671.
running
[I 2024-10-16 14:15:20,104] Trial 134 finished with value: 0.26960451759429394 and parameters: {'model_name': 'IterativeImputer', 'estimator': 'Bayesian', 'initial_strategy': 'median', 'n_nearest_features': 8, 'imputation_order': 'roman', 'sample_posterior': True}. Best is trial 68 with value: 0.11312960229750671.
running
[I 2024-10-16 14:20:39,271] Trial 128 finished with value: 0.1763763548486133 and parameters: {'model_name': 'IterativeImputer', 'estimator': 'RFR', 'initial_strategy': 'median', 'n_nearest_features': 1, 'imputation_order': 'random'}. Best is trial 68 with value: 0.11312960229750671.
running
[I 2024-10-16 14:22:33,993] Trial 108 finished with value: 0.11678581029934185 and parameters: {'model_name': 'IterativeImputer', 'estimator': 'RFR', 'initial_strategy': 'most_frequent', 'n_nearest_features': 6, 'imputation_order': 'random'}. Best is trial 68 with value: 0.11312960229750671.
running
[I 2024-10-16 14:23:22,645] Trial 112 finished with value: 0.11674611303113111 and parameters: {'model_name': 'IterativeImputer', 'estimator': 'RFR', 'initial_strategy': 'most_frequent', 'n_nearest_features': 6, 'imputation_order': 'random'}. Best is trial 68 with value: 0.11312960229750671.
running
[I 2024-10-16 14:23:35,190] Trial 129 finished with value: 0.1754569366063499 and parameters: {'model_name': 'IterativeImputer', 'estimator': 'RFR', 'initial_strategy': 'constant', 'n_nearest_features': 1, 'imputation_order': 'roman'}. Best is trial 68 with value: 0.11312960229750671.
running
[I 2024-10-16 14:37:22,440] Trial 117 finished with value: 0.12110277815610045 and parameters: {'model_name': 'IterativeImputer', 'estimator': 'RFR', 'initial_strategy': 'mean', 'n_nearest_features': 6, 'imputation_order': 'ascending'}. Best is trial 68 with value: 0.11312960229750671.
running
[I 2024-10-16 14:41:22,513] Trial 118 finished with value: 0.1206429015306405 and parameters: {'model_name': 'IterativeImputer', 'estimator': 'RFR', 'initial_strategy': 'mean', 'n_nearest_features': 6, 'imputation_order': 'ascending'}. Best is trial 68 with value: 0.11312960229750671.
running
[I 2024-10-16 14:54:42,603] Trial 120 finished with value: 0.12251879068816825 and parameters: {'model_name': 'IterativeImputer', 'estimator': 'RFR', 'initial_strategy': 'mean', 'n_nearest_features': 6, 'imputation_order': 'descending'}. Best is trial 68 with value: 0.11312960229750671.
running
[I 2024-10-16 14:54:43,013] Trial 143 finished with value: inf and parameters: {'model_name': 'GAIN', 'batch_size': 2, 'hint_rate': 0.43124645974803494, 'alpha': 45, 'iterations': 3, 'learning_rate': 0.00031314703086548725, 'p_miss': 0.011475841654659785}. Best is trial 68 with value: 0.11312960229750671.
running
[I 2024-10-16 14:56:14,969] Trial 123 finished with value: 0.11576237360449834 and parameters: {'model_name': 'IterativeImputer', 'estimator': 'RFR', 'initial_strategy': 'constant', 'n_nearest_features': 6, 'imputation_order': 'random'}. Best is trial 68 with value: 0.11312960229750671.
running
[I 2024-10-16 14:58:37,665] Trial 125 finished with value: 0.11565263234877561 and parameters: {'model_name': 'IterativeImputer', 'estimator': 'RFR', 'initial_strategy': 'constant', 'n_nearest_features': 6, 'imputation_order': 'random'}. Best is trial 68 with value: 0.11312960229750671.
running
[I 2024-10-16 15:00:24,770] Trial 126 finished with value: 0.12115628015205342 and parameters: {'model_name': 'IterativeImputer', 'estimator': 'RFR', 'initial_strategy': 'mean', 'n_nearest_features': 6, 'imputation_order': 'random'}. Best is trial 68 with value: 0.11312960229750671.
running
[I 2024-10-16 15:13:47,345] Trial 127 finished with value: 0.12336619829012511 and parameters: {'model_name': 'IterativeImputer', 'estimator': 'RFR', 'initial_strategy': 'median', 'n_nearest_features': 6, 'imputation_order': 'random'}. Best is trial 68 with value: 0.11312960229750671.
running
[I 2024-10-16 15:37:46,570] Trial 130 finished with value: 0.11487429093993126 and parameters: {'model_name': 'IterativeImputer', 'estimator': 'RFR', 'initial_strategy': 'median', 'n_nearest_features': 8, 'imputation_order': 'roman'}. Best is trial 68 with value: 0.11312960229750671.
running
[I 2024-10-16 15:39:05,244] Trial 131 finished with value: 0.11429694003852515 and parameters: {'model_name': 'IterativeImputer', 'estimator': 'RFR', 'initial_strategy': 'constant', 'n_nearest_features': 8, 'imputation_order': 'random'}. Best is trial 68 with value: 0.11312960229750671.
running
[I 2024-10-16 15:39:52,903] Trial 132 finished with value: 0.11493849393953177 and parameters: {'model_name': 'IterativeImputer', 'estimator': 'RFR', 'initial_strategy': 'constant', 'n_nearest_features': 8, 'imputation_order': 'roman'}. Best is trial 68 with value: 0.11312960229750671.
running
[I 2024-10-16 15:39:57,967] Trial 151 finished with value: 0.14870582214261377 and parameters: {'model_name': 'IterativeImputer', 'estimator': 'Ridge', 'initial_strategy': 'most_frequent', 'n_nearest_features': 7, 'imputation_order': 'random'}. Best is trial 68 with value: 0.11312960229750671.
running
[I 2024-10-16 15:39:58,302] Trial 152 finished with value: 0.18819837421633429 and parameters: {'model_name': 'SimpleImputer', 'strategy': 'median'}. Best is trial 68 with value: 0.11312960229750671.
running
[I 2024-10-16 15:41:54,100] Trial 136 finished with value: 0.11456777269887948 and parameters: {'model_name': 'IterativeImputer', 'estimator': 'RFR', 'initial_strategy': 'most_frequent', 'n_nearest_features': 7, 'imputation_order': 'random'}. Best is trial 68 with value: 0.11312960229750671.
running
[I 2024-10-16 15:42:18,287] Trial 135 finished with value: 0.1145671342862014 and parameters: {'model_name': 'IterativeImputer', 'estimator': 'RFR', 'initial_strategy': 'median', 'n_nearest_features': 8, 'imputation_order': 'descending'}. Best is trial 68 with value: 0.11312960229750671.
running
[I 2024-10-16 15:47:37,660] Trial 137 finished with value: 0.11421655911617001 and parameters: {'model_name': 'IterativeImputer', 'estimator': 'RFR', 'initial_strategy': 'most_frequent', 'n_nearest_features': 8, 'imputation_order': 'random'}. Best is trial 68 with value: 0.11312960229750671.
running
[I 2024-10-16 15:49:35,686] Trial 138 finished with value: 0.11438544267074964 and parameters: {'model_name': 'IterativeImputer', 'estimator': 'RFR', 'initial_strategy': 'most_frequent', 'n_nearest_features': 8, 'imputation_order': 'descending'}. Best is trial 68 with value: 0.11312960229750671.
running
[I 2024-10-16 15:50:00,171] Trial 139 finished with value: 0.11564750181709119 and parameters: {'model_name': 'IterativeImputer', 'estimator': 'RFR', 'initial_strategy': 'most_frequent', 'n_nearest_features': 8, 'imputation_order': 'descending'}. Best is trial 68 with value: 0.11312960229750671.
running
[I 2024-10-16 15:50:24,963] Trial 140 finished with value: 0.11441705161765478 and parameters: {'model_name': 'IterativeImputer', 'estimator': 'RFR', 'initial_strategy': 'most_frequent', 'n_nearest_features': 8, 'imputation_order': 'descending'}. Best is trial 68 with value: 0.11312960229750671.
running
[I 2024-10-16 16:04:35,317] Trial 141 finished with value: 0.11471522830532699 and parameters: {'model_name': 'IterativeImputer', 'estimator': 'RFR', 'initial_strategy': 'most_frequent', 'n_nearest_features': 8, 'imputation_order': 'descending'}. Best is trial 68 with value: 0.11312960229750671.
running
[I 2024-10-16 16:04:51,793] Trial 160 finished with value: 0.13256853308522198 and parameters: {'model_name': 'IterativeImputer', 'estimator': 'KNN', 'initial_strategy': 'most_frequent', 'n_nearest_features': 7, 'imputation_order': 'random'}. Best is trial 68 with value: 0.11312960229750671.
running
[I 2024-10-16 16:08:39,551] Trial 142 finished with value: 0.11453043569201826 and parameters: {'model_name': 'IterativeImputer', 'estimator': 'RFR', 'initial_strategy': 'most_frequent', 'n_nearest_features': 8, 'imputation_order': 'descending'}. Best is trial 68 with value: 0.11312960229750671.
running
[I 2024-10-16 16:21:41,452] Trial 144 finished with value: 0.11493737213532085 and parameters: {'model_name': 'IterativeImputer', 'estimator': 'RFR', 'initial_strategy': 'most_frequent', 'n_nearest_features': 8, 'imputation_order': 'random'}. Best is trial 68 with value: 0.11312960229750671.
running
[I 2024-10-16 16:23:03,726] Trial 145 finished with value: 0.11567272059237643 and parameters: {'model_name': 'IterativeImputer', 'estimator': 'RFR', 'initial_strategy': 'most_frequent', 'n_nearest_features': 8, 'imputation_order': 'random'}. Best is trial 68 with value: 0.11312960229750671.
running
[I 2024-10-16 16:25:17,845] Trial 146 finished with value: 0.1147283605068156 and parameters: {'model_name': 'IterativeImputer', 'estimator': 'RFR', 'initial_strategy': 'most_frequent', 'n_nearest_features': 8, 'imputation_order': 'random'}. Best is trial 68 with value: 0.11312960229750671.
running
[I 2024-10-16 16:27:36,889] Trial 147 finished with value: 0.11452849461611443 and parameters: {'model_name': 'IterativeImputer', 'estimator': 'RFR', 'initial_strategy': 'most_frequent', 'n_nearest_features': 8, 'imputation_order': 'random'}. Best is trial 68 with value: 0.11312960229750671.
running
[I 2024-10-16 16:41:31,941] Trial 148 finished with value: 0.11415573038372144 and parameters: {'model_name': 'IterativeImputer', 'estimator': 'RFR', 'initial_strategy': 'most_frequent', 'n_nearest_features': 8, 'imputation_order': 'random'}. Best is trial 68 with value: 0.11312960229750671.
running
[I 2024-10-16 17:04:19,624] Trial 149 finished with value: 0.11440360050885187 and parameters: {'model_name': 'IterativeImputer', 'estimator': 'RFR', 'initial_strategy': 'most_frequent', 'n_nearest_features': 8, 'imputation_order': 'random'}. Best is trial 68 with value: 0.11312960229750671.
running
[I 2024-10-16 17:06:40,659] Trial 150 finished with value: 0.11507995548937837 and parameters: {'model_name': 'IterativeImputer', 'estimator': 'RFR', 'initial_strategy': 'most_frequent', 'n_nearest_features': 8, 'imputation_order': 'random'}. Best is trial 68 with value: 0.11312960229750671.
running
[I 2024-10-16 17:07:10,067] Trial 153 finished with value: 0.11462633568574054 and parameters: {'model_name': 'IterativeImputer', 'estimator': 'RFR', 'initial_strategy': 'most_frequent', 'n_nearest_features': 8, 'imputation_order': 'random'}. Best is trial 68 with value: 0.11312960229750671.
running
[I 2024-10-16 17:09:50,638] Trial 154 finished with value: 0.11470431325573882 and parameters: {'model_name': 'IterativeImputer', 'estimator': 'RFR', 'initial_strategy': 'most_frequent', 'n_nearest_features': 8, 'imputation_order': 'random'}. Best is trial 68 with value: 0.11312960229750671.
running
[I 2024-10-16 17:10:05,339] Trial 155 finished with value: 0.11474287981747452 and parameters: {'model_name': 'IterativeImputer', 'estimator': 'RFR', 'initial_strategy': 'most_frequent', 'n_nearest_features': 8, 'imputation_order': 'random'}. Best is trial 68 with value: 0.11312960229750671.
running
[I 2024-10-16 17:15:17,207] Trial 156 finished with value: 0.11381116906306565 and parameters: {'model_name': 'IterativeImputer', 'estimator': 'RFR', 'initial_strategy': 'most_frequent', 'n_nearest_features': 8, 'imputation_order': 'random'}. Best is trial 68 with value: 0.11312960229750671.
running
[I 2024-10-16 17:15:21,380] Trial 173 finished with value: inf and parameters: {'model_name': 'GAIN', 'batch_size': 7, 'hint_rate': 0.6124237025266824, 'alpha': 100, 'iterations': 700, 'learning_rate': 0.033366828056981386, 'p_miss': 0.07242801486609833}. Best is trial 68 with value: 0.11312960229750671.
running
[I 2024-10-16 17:16:44,183] Trial 157 finished with value: 0.11475085793721482 and parameters: {'model_name': 'IterativeImputer', 'estimator': 'RFR', 'initial_strategy': 'most_frequent', 'n_nearest_features': 8, 'imputation_order': 'random'}. Best is trial 68 with value: 0.11312960229750671.
running
[I 2024-10-16 17:17:26,520] Trial 158 finished with value: 0.11456513573054687 and parameters: {'model_name': 'IterativeImputer', 'estimator': 'RFR', 'initial_strategy': 'most_frequent', 'n_nearest_features': 7, 'imputation_order': 'random'}. Best is trial 68 with value: 0.11312960229750671.
running
[I 2024-10-16 17:18:04,404] Trial 159 finished with value: 0.11404606767298162 and parameters: {'model_name': 'IterativeImputer', 'estimator': 'RFR', 'initial_strategy': 'most_frequent', 'n_nearest_features': 7, 'imputation_order': 'random'}. Best is trial 68 with value: 0.11312960229750671.
running
[I 2024-10-16 17:33:03,885] Trial 161 finished with value: 0.11507159747775834 and parameters: {'model_name': 'IterativeImputer', 'estimator': 'RFR', 'initial_strategy': 'most_frequent', 'n_nearest_features': 7, 'imputation_order': 'random'}. Best is trial 68 with value: 0.11312960229750671.
running
[I 2024-10-16 17:36:46,014] Trial 162 finished with value: 0.11499220091733076 and parameters: {'model_name': 'IterativeImputer', 'estimator': 'RFR', 'initial_strategy': 'most_frequent', 'n_nearest_features': 7, 'imputation_order': 'random'}. Best is trial 68 with value: 0.11312960229750671.
running
[I 2024-10-16 17:49:31,749] Trial 163 finished with value: 0.11382305108771514 and parameters: {'model_name': 'IterativeImputer', 'estimator': 'RFR', 'initial_strategy': 'most_frequent', 'n_nearest_features': 7, 'imputation_order': 'random'}. Best is trial 68 with value: 0.11312960229750671.
running
[I 2024-10-16 17:50:34,898] Trial 164 finished with value: 0.11423540047683194 and parameters: {'model_name': 'IterativeImputer', 'estimator': 'RFR', 'initial_strategy': 'most_frequent', 'n_nearest_features': 7, 'imputation_order': 'random'}. Best is trial 68 with value: 0.11312960229750671.
running
[I 2024-10-16 17:50:40,089] Trial 181 finished with value: 0.14870577318596434 and parameters: {'model_name': 'IterativeImputer', 'estimator': 'Ridge', 'initial_strategy': 'most_frequent', 'n_nearest_features': 7, 'imputation_order': 'arabic'}. Best is trial 68 with value: 0.11312960229750671.
running
[I 2024-10-16 17:50:40,361] Trial 182 finished with value: 0.271100928778336 and parameters: {'model_name': 'SimpleImputer', 'strategy': 'most_frequent'}. Best is trial 68 with value: 0.11312960229750671.
running
[I 2024-10-16 17:52:56,267] Trial 165 finished with value: 0.11425420493720248 and parameters: {'model_name': 'IterativeImputer', 'estimator': 'RFR', 'initial_strategy': 'most_frequent', 'n_nearest_features': 7, 'imputation_order': 'random'}. Best is trial 68 with value: 0.11312960229750671.
running
[I 2024-10-16 17:56:19,639] Trial 166 finished with value: 0.11489458970743852 and parameters: {'model_name': 'IterativeImputer', 'estimator': 'RFR', 'initial_strategy': 'most_frequent', 'n_nearest_features': 7, 'imputation_order': 'random'}. Best is trial 68 with value: 0.11312960229750671.
running
[I 2024-10-16 18:10:41,532] Trial 167 finished with value: 0.11442861109944547 and parameters: {'model_name': 'IterativeImputer', 'estimator': 'RFR', 'initial_strategy': 'most_frequent', 'n_nearest_features': 7, 'imputation_order': 'random'}. Best is trial 68 with value: 0.11312960229750671.
running
[I 2024-10-16 18:32:54,754] Trial 168 finished with value: 0.11416145151553521 and parameters: {'model_name': 'IterativeImputer', 'estimator': 'RFR', 'initial_strategy': 'most_frequent', 'n_nearest_features': 7, 'imputation_order': 'random'}. Best is trial 68 with value: 0.11312960229750671.
running
[I 2024-10-16 18:35:18,594] Trial 170 finished with value: 0.11563957463306744 and parameters: {'model_name': 'IterativeImputer', 'estimator': 'RFR', 'initial_strategy': 'most_frequent', 'n_nearest_features': 7, 'imputation_order': 'random'}. Best is trial 68 with value: 0.11312960229750671.
running
[I 2024-10-16 18:36:04,196] Trial 169 finished with value: 0.11451154272015163 and parameters: {'model_name': 'IterativeImputer', 'estimator': 'RFR', 'initial_strategy': 'most_frequent', 'n_nearest_features': 7, 'imputation_order': 'random'}. Best is trial 68 with value: 0.11312960229750671.
running
[I 2024-10-16 18:38:09,061] Trial 171 finished with value: 0.11399988705396 and parameters: {'model_name': 'IterativeImputer', 'estimator': 'RFR', 'initial_strategy': 'most_frequent', 'n_nearest_features': 7, 'imputation_order': 'random'}. Best is trial 68 with value: 0.11312960229750671.
running
[I 2024-10-16 18:40:07,959] Trial 172 finished with value: 0.11508219821717533 and parameters: {'model_name': 'IterativeImputer', 'estimator': 'RFR', 'initial_strategy': 'most_frequent', 'n_nearest_features': 7, 'imputation_order': 'arabic'}. Best is trial 68 with value: 0.11312960229750671.
running
[I 2024-10-16 18:40:24,689] Trial 191 finished with value: 0.13256853308522198 and parameters: {'model_name': 'IterativeImputer', 'estimator': 'KNN', 'initial_strategy': 'most_frequent', 'n_nearest_features': 7, 'imputation_order': 'random'}. Best is trial 68 with value: 0.11312960229750671.
running
[I 2024-10-16 18:44:13,063] Trial 175 finished with value: 0.11483475050354516 and parameters: {'model_name': 'IterativeImputer', 'estimator': 'RFR', 'initial_strategy': 'most_frequent', 'n_nearest_features': 7, 'imputation_order': 'arabic'}. Best is trial 68 with value: 0.11312960229750671.
running
[I 2024-10-16 18:45:24,159] Trial 174 finished with value: 0.11477202068449133 and parameters: {'model_name': 'IterativeImputer', 'estimator': 'RFR', 'initial_strategy': 'most_frequent', 'n_nearest_features': 7, 'imputation_order': 'arabic'}. Best is trial 68 with value: 0.11312960229750671.
running
[I 2024-10-16 18:45:51,291] Trial 176 finished with value: 0.11555781638609657 and parameters: {'model_name': 'IterativeImputer', 'estimator': 'RFR', 'initial_strategy': 'most_frequent', 'n_nearest_features': 7, 'imputation_order': 'arabic'}. Best is trial 68 with value: 0.11312960229750671.
running
[I 2024-10-16 18:48:45,189] Trial 177 finished with value: 0.11441195213488704 and parameters: {'model_name': 'IterativeImputer', 'estimator': 'RFR', 'initial_strategy': 'most_frequent', 'n_nearest_features': 7, 'imputation_order': 'arabic'}. Best is trial 68 with value: 0.11312960229750671.
running
[I 2024-10-16 19:03:48,321] Trial 178 finished with value: 0.1151194488191188 and parameters: {'model_name': 'IterativeImputer', 'estimator': 'RFR', 'initial_strategy': 'most_frequent', 'n_nearest_features': 7, 'imputation_order': 'arabic'}. Best is trial 68 with value: 0.11312960229750671.
running
[I 2024-10-16 19:07:41,244] Trial 179 finished with value: 0.1143756553727906 and parameters: {'model_name': 'IterativeImputer', 'estimator': 'RFR', 'initial_strategy': 'most_frequent', 'n_nearest_features': 7, 'imputation_order': 'random'}. Best is trial 68 with value: 0.11312960229750671.
running
[I 2024-10-16 19:17:17,968] Trial 180 finished with value: 0.11409306648486155 and parameters: {'model_name': 'IterativeImputer', 'estimator': 'RFR', 'initial_strategy': 'most_frequent', 'n_nearest_features': 7, 'imputation_order': 'arabic'}. Best is trial 68 with value: 0.11312960229750671.
running
[I 2024-10-16 19:18:25,071] Trial 183 finished with value: 0.11450536709991006 and parameters: {'model_name': 'IterativeImputer', 'estimator': 'RFR', 'initial_strategy': 'most_frequent', 'n_nearest_features': 7, 'imputation_order': 'random'}. Best is trial 68 with value: 0.11312960229750671.
[I 2024-10-16 19:20:53,159] Trial 184 finished with value: 0.11511637267469463 and parameters: {'model_name': 'IterativeImputer', 'estimator': 'RFR', 'initial_strategy': 'most_frequent', 'n_nearest_features': 7, 'imputation_order': 'random'}. Best is trial 68 with value: 0.11312960229750671.
[I 2024-10-16 19:26:43,737] Trial 185 finished with value: 0.11437660666111102 and parameters: {'model_name': 'IterativeImputer', 'estimator': 'RFR', 'initial_strategy': 'most_frequent', 'n_nearest_features': 7, 'imputation_order': 'arabic'}. Best is trial 68 with value: 0.11312960229750671.
[I 2024-10-16 19:41:00,285] Trial 186 finished with value: 0.11494049875939136 and parameters: {'model_name': 'IterativeImputer', 'estimator': 'RFR', 'initial_strategy': 'most_frequent', 'n_nearest_features': 7, 'imputation_order': 'random'}. Best is trial 68 with value: 0.11312960229750671.
[I 2024-10-16 20:00:31,098] Trial 187 finished with value: 0.11443046579966495 and parameters: {'model_name': 'IterativeImputer', 'estimator': 'RFR', 'initial_strategy': 'most_frequent', 'n_nearest_features': 7, 'imputation_order': 'random'}. Best is trial 68 with value: 0.11312960229750671.
[I 2024-10-16 20:02:44,123] Trial 188 finished with value: 0.11421451618874005 and parameters: {'model_name': 'IterativeImputer', 'estimator': 'RFR', 'initial_strategy': 'most_frequent', 'n_nearest_features': 7, 'imputation_order': 'random'}. Best is trial 68 with value: 0.11312960229750671.
[I 2024-10-16 20:05:34,475] Trial 189 finished with value: 0.11411604442508971 and parameters: {'model_name': 'IterativeImputer', 'estimator': 'RFR', 'initial_strategy': 'most_frequent', 'n_nearest_features': 7, 'imputation_order': 'arabic'}. Best is trial 68 with value: 0.11312960229750671.
[I 2024-10-16 20:06:19,057] Trial 190 finished with value: 0.11468813766450467 and parameters: {'model_name': 'IterativeImputer', 'estimator': 'RFR', 'initial_strategy': 'most_frequent', 'n_nearest_features': 7, 'imputation_order': 'arabic'}. Best is trial 68 with value: 0.11312960229750671.
[I 2024-10-16 20:09:27,118] Trial 192 finished with value: 0.11402029056741184 and parameters: {'model_name': 'IterativeImputer', 'estimator': 'RFR', 'initial_strategy': 'most_frequent', 'n_nearest_features': 7, 'imputation_order': 'random'}. Best is trial 68 with value: 0.11312960229750671.
[I 2024-10-16 20:11:21,038] Trial 193 finished with value: 0.11424745282824089 and parameters: {'model_name': 'IterativeImputer', 'estimator': 'RFR', 'initial_strategy': 'most_frequent', 'n_nearest_features': 7, 'imputation_order': 'random'}. Best is trial 68 with value: 0.11312960229750671.
[I 2024-10-16 20:13:15,074] Trial 195 finished with value: 0.11467831751090722 and parameters: {'model_name': 'IterativeImputer', 'estimator': 'RFR', 'initial_strategy': 'most_frequent', 'n_nearest_features': 7, 'imputation_order': 'random'}. Best is trial 68 with value: 0.11312960229750671.
[I 2024-10-16 20:13:46,922] Trial 194 finished with value: 0.11493518771396008 and parameters: {'model_name': 'IterativeImputer', 'estimator': 'RFR', 'initial_strategy': 'most_frequent', 'n_nearest_features': 7, 'imputation_order': 'random'}. Best is trial 68 with value: 0.11312960229750671.
[I 2024-10-16 20:15:59,761] Trial 198 finished with value: 0.123462384869926 and parameters: {'model_name': 'IterativeImputer', 'estimator': 'RFR', 'initial_strategy': 'most_frequent', 'n_nearest_features': 5, 'imputation_order': 'random'}. Best is trial 68 with value: 0.11312960229750671.
[I 2024-10-16 20:17:23,539] Trial 196 finished with value: 0.11400676652644152 and parameters: {'model_name': 'IterativeImputer', 'estimator': 'RFR', 'initial_strategy': 'most_frequent', 'n_nearest_features': 7, 'imputation_order': 'random'}. Best is trial 68 with value: 0.11312960229750671.
[I 2024-10-16 20:25:04,621] Trial 199 finished with value: 0.12336370661538523 and parameters: {'model_name': 'IterativeImputer', 'estimator': 'RFR', 'initial_strategy': 'most_frequent', 'n_nearest_features': 5, 'imputation_order': 'random'}. Best is trial 68 with value: 0.11312960229750671.
[I 2024-10-16 20:31:58,487] Trial 197 finished with value: 0.11433033042275478 and parameters: {'model_name': 'IterativeImputer', 'estimator': 'RFR', 'initial_strategy': 'most_frequent', 'n_nearest_features': 7, 'imputation_order': 'random'}. Best is trial 68 with value: 0.11312960229750671.
fit
auto fit
auto transform
0    0
1    0
2    0
3    0
4    0
5    0
6    0
7    0
dtype: int64
0    0
1    0
2    0
3    0
4    0
5    0
6    0
7    0
dtype: int64
0.11312960229750671
{'model_name': 'IterativeImputer', 'estimator': 'RFR', 'initial_strategy': 'most_frequent', 'n_nearest_features': 8, 'imputation_order': 'random'}
running experiment 2/3 - Does reconstruction give good automl predictions
Start est fit
Version 0.1.7a0 of tpot2 is outdated. Version 0.1.8a0 was released Tuesday September 17, 2024.
Version 0.1.7a0 of tpot2 is outdated. Version 0.1.8a0 was released Tuesday September 17, 2024.
Version 0.1.7a0 of tpot2 is outdated. Version 0.1.8a0 was released Tuesday September 17, 2024.
Version 0.1.7a0 of tpot2 is outdated. Version 0.1.8a0 was released Tuesday September 17, 2024.
Version 0.1.7a0 of tpot2 is outdated. Version 0.1.8a0 was released Tuesday September 17, 2024.
Version 0.1.7a0 of tpot2 is outdated. Version 0.1.8a0 was released Tuesday September 17, 2024.
Version 0.1.7a0 of tpot2 is outdated. Version 0.1.8a0 was released Tuesday September 17, 2024.
Version 0.1.7a0 of tpot2 is outdated. Version 0.1.8a0 was released Tuesday September 17, 2024.
Version 0.1.7a0 of tpot2 is outdated. Version 0.1.8a0 was released Tuesday September 17, 2024.
Version 0.1.7a0 of tpot2 is outdated. Version 0.1.8a0 was released Tuesday September 17, 2024.
Version 0.1.7a0 of tpot2 is outdated. Version 0.1.8a0 was released Tuesday September 17, 2024.
Version 0.1.7a0 of tpot2 is outdated. Version 0.1.8a0 was released Tuesday September 17, 2024.
Version 0.1.7a0 of tpot2 is outdated. Version 0.1.8a0 was released Tuesday September 17, 2024.
Version 0.1.7a0 of tpot2 is outdated. Version 0.1.8a0 was released Tuesday September 17, 2024.
Version 0.1.7a0 of tpot2 is outdated. Version 0.1.8a0 was released Tuesday September 17, 2024.
Version 0.1.7a0 of tpot2 is outdated. Version 0.1.8a0 was released Tuesday September 17, 2024.
  0%|          | 0/25 [00:00<?, ?it/s]Generation:   0%|          | 0/25 [00:00<?, ?it/s]Generation:  1
Best f1_score score: 0.8469783259425547
Generation:   4%|         | 1/25 [07:07<2:51:10, 427.92s/it]WARNING AN INDIVIDUAL TIMED OUT: 
 <tpot2.search_spaces.pipelines.sequential.SequentialPipelineIndividual object at 0x15547470f0a0> 

WARNING AN INDIVIDUAL TIMED OUT: 
 <tpot2.search_spaces.pipelines.sequential.SequentialPipelineIndividual object at 0x1554746a0b50> 

Generation:  2
Best f1_score score: 0.8808082514955707
Generation:   8%|         | 2/25 [17:12<3:23:53, 531.88s/it]Generation:  3
Best f1_score score: 0.90303748035103
Generation:  12%|        | 3/25 [22:50<2:42:28, 443.13s/it]Generation:  4
Best f1_score score: 0.90303748035103
Generation:  16%|        | 4/25 [24:27<1:47:15, 306.46s/it]WARNING THIS INDIVIDUAL CAUSED AND EXCEPTION 
 <tpot2.search_spaces.pipelines.sequential.SequentialPipelineIndividual object at 0x155467dca2f0> 
 The 'min_samples_split' parameter of DecisionTreeClassifier must be an int in the range [2, inf) or a float in the range (0.0, 1.0]. Got 1 instead. 
 Traceback (most recent call last):
  File "/common/ketrong/tpotexp/tpot2/tpot2/utils/eval_utils.py", line 53, in objective_nan_wrapper
    value = func_timeout.func_timeout(timeout, objective_function, args=[individual], kwargs=objective_kwargs)
  File "/common/ketrong/tpotexp/env/lib/python3.10/site-packages/func_timeout/dafunc.py", line 108, in func_timeout
    raise_exception(exception)
  File "/common/ketrong/tpotexp/env/lib/python3.10/site-packages/func_timeout/py3_raise.py", line 7, in raise_exception
    raise exception[0] from None
  File "/common/ketrong/tpotexp/tpot2/tpot2/tpot_estimator/estimator.py", line 623, in objective_function
    return objective_function_generator(
  File "/common/ketrong/tpotexp/tpot2/tpot2/tpot_estimator/estimator_utils.py", line 55, in objective_function_generator
    cv_obj_scores = cross_val_score_objective(sklearn.base.clone(pipeline),x,y,scorers=scorers, cv=cv , fold=step)
  File "/common/ketrong/tpotexp/tpot2/tpot2/tpot_estimator/cross_val_utils.py", line 28, in cross_val_score_objective
    this_fold_pipeline.fit(X_train,y_train)
  File "/common/ketrong/tpotexp/env/lib/python3.10/site-packages/sklearn/base.py", line 1473, in wrapper
    return fit_method(estimator, *args, **kwargs)
  File "/common/ketrong/tpotexp/env/lib/python3.10/site-packages/sklearn/pipeline.py", line 473, in fit
    self._final_estimator.fit(Xt, y, **last_step_params["fit"])
  File "/common/ketrong/tpotexp/env/lib/python3.10/site-packages/sklearn/base.py", line 1466, in wrapper
    estimator._validate_params()
  File "/common/ketrong/tpotexp/env/lib/python3.10/site-packages/sklearn/base.py", line 666, in _validate_params
    validate_parameter_constraints(
  File "/common/ketrong/tpotexp/env/lib/python3.10/site-packages/sklearn/utils/_param_validation.py", line 95, in validate_parameter_constraints
    raise InvalidParameterError(
sklearn.utils._param_validation.InvalidParameterError: The 'min_samples_split' parameter of DecisionTreeClassifier must be an int in the range [2, inf) or a float in the range (0.0, 1.0]. Got 1 instead.

Generation:  5
Best f1_score score: 0.90303748035103
Generation:  20%|        | 5/25 [25:51<1:15:31, 226.59s/it]Generation:  6
Best f1_score score: 0.9164295969402501
Generation:  24%|       | 6/25 [27:23<57:12, 180.67s/it]  Generation:  7
Best f1_score score: 0.9164295969402501
Generation:  28%|       | 7/25 [29:06<46:35, 155.31s/it]Generation:  8
Best f1_score score: 0.9164295969402501
Generation:  32%|      | 8/25 [30:58<40:02, 141.35s/it]Generation:  9
Best f1_score score: 0.9164295969402501
Generation:  36%|      | 9/25 [35:40<49:29, 185.58s/it]Generation:  10
Best f1_score score: 0.9164295969402501
Generation:  40%|      | 10/25 [38:32<45:18, 181.22s/it]Generation:  11
Best f1_score score: 0.9164295969402501
Generation:  44%|     | 11/25 [40:36<38:10, 163.59s/it]WARNING AN INDIVIDUAL TIMED OUT: 
 <tpot2.search_spaces.pipelines.sequential.SequentialPipelineIndividual object at 0x155474749f60> 

Generation:  12
Best f1_score score: 0.9164295969402501
Generation:  48%|     | 12/25 [50:44<1:04:48, 299.08s/it]WARNING AN INDIVIDUAL TIMED OUT: 
 <tpot2.search_spaces.pipelines.sequential.SequentialPipelineIndividual object at 0x155467c35060> 

Generation:  13
Best f1_score score: 0.9164295969402501
Generation:  52%|    | 13/25 [1:00:55<1:18:41, 393.45s/it]Generation:  14
Best f1_score score: 0.9164295969402501
Generation:  56%|    | 14/25 [1:02:05<54:13, 295.81s/it]  Generation:  15
Best f1_score score: 0.9164295969402501
Generation:  60%|    | 15/25 [1:06:51<48:48, 292.85s/it]Generation:  16
Best f1_score score: 0.9164295969402501
Generation:  64%|   | 16/25 [1:07:22<32:06, 214.08s/it]Generation:  17
Best f1_score score: 0.9164295969402501
Generation:  68%|   | 17/25 [1:16:01<40:44, 305.50s/it]Generation:  18
Best f1_score score: 0.9164295969402501
Generation:  72%|  | 18/25 [1:17:10<27:21, 234.44s/it]Generation:  19
Best f1_score score: 0.9164295969402501
Generation:  76%|  | 19/25 [1:19:13<20:06, 201.03s/it]Generation:  20
Best f1_score score: 0.9192968247626274
Generation:  80%|  | 20/25 [1:20:35<13:47, 165.42s/it]Generation:  21
Best f1_score score: 0.9192968247626274
Generation:  84%| | 21/25 [1:22:24<09:53, 148.38s/it]Generation:  22
Best f1_score score: 0.9237361039844874
Generation:  88%| | 22/25 [1:24:17<06:53, 137.81s/it]Generation:  23
Best f1_score score: 0.9237361039844874
Generation:  92%|| 23/25 [1:24:54<03:35, 107.63s/it]Generation:  24
Best f1_score score: 0.9237361039844874
Generation:  96%|| 24/25 [1:25:53<01:33, 93.06s/it] Generation:  25
Best f1_score score: 0.9237361039844874
Generation: 100%|| 25/25 [1:26:27<00:00, 75.10s/it]Generation: 100%|| 25/25 [1:26:30<00:00, 207.63s/it]
2024-10-16 22:19:42,473 - distributed.scheduler - ERROR - Removing worker 'tcp://127.0.0.1:33643' caused the cluster to lose scattered data, which can't be recovered: {'ndarray-d893674e1bc265f049e22c5f0f6343ef', 'ndarray-b74dc7c66dec5ac2b4700b93e84a6dd3'} (stimulus_id='handle-worker-cleanup-1729142382.4735568')
Fitted
Pipeline(steps=[('histgradientboostingclassifier',
                 HistGradientBoostingClassifier(early_stopping=True,
                                                l2_regularization=0.0011671068362,
                                                learning_rate=0.1483593102515,
                                                max_features=0.9105306174226,
                                                max_leaf_nodes=1354,
                                                min_samples_leaf=1,
                                                n_iter_no_change=9, tol=0.0001,
                                                validation_fraction=None))])
score start
train score: {'auroc': 1.0, 'accuracy': 1.0, 'balanced_accuracy': 1.0, 'logloss': 0.00012719760410535386, 'f1': 1.0}
original test score: {'auroc': 0.9838289816477738, 'accuracy': 0.936224208319541, 'balanced_accuracy': 0.9346032504589552, 'logloss': 0.2439295588785207, 'f1': 0.9347216525945083}
imputed test score: {'auroc': 0.9722979451167371, 'accuracy': 0.9151495089926073, 'balanced_accuracy': 0.9135318019546208, 'logloss': 0.3571243142018376, 'f1': 0.9132357512057734}
score end
check intended
EXP2 Finished
running experiment 3/3 - What is the best automl settings?
<tpot2.search_spaces.pipelines.sequential.SequentialPipeline object at 0x1554350145e0>
Start tpot fit
Version 0.1.7a0 of tpot2 is outdated. Version 0.1.8a0 was released Tuesday September 17, 2024.
Version 0.1.7a0 of tpot2 is outdated. Version 0.1.8a0 was released Tuesday September 17, 2024.
Version 0.1.7a0 of tpot2 is outdated. Version 0.1.8a0 was released Tuesday September 17, 2024.
Version 0.1.7a0 of tpot2 is outdated. Version 0.1.8a0 was released Tuesday September 17, 2024.
Version 0.1.7a0 of tpot2 is outdated. Version 0.1.8a0 was released Tuesday September 17, 2024.
Version 0.1.7a0 of tpot2 is outdated. Version 0.1.8a0 was released Tuesday September 17, 2024.
Version 0.1.7a0 of tpot2 is outdated. Version 0.1.8a0 was released Tuesday September 17, 2024.
Version 0.1.7a0 of tpot2 is outdated. Version 0.1.8a0 was released Tuesday September 17, 2024.
Version 0.1.7a0 of tpot2 is outdated. Version 0.1.8a0 was released Tuesday September 17, 2024.
Version 0.1.7a0 of tpot2 is outdated. Version 0.1.8a0 was released Tuesday September 17, 2024.
Version 0.1.7a0 of tpot2 is outdated. Version 0.1.8a0 was released Tuesday September 17, 2024.
Version 0.1.7a0 of tpot2 is outdated. Version 0.1.8a0 was released Tuesday September 17, 2024.
Version 0.1.7a0 of tpot2 is outdated. Version 0.1.8a0 was released Tuesday September 17, 2024.
Version 0.1.7a0 of tpot2 is outdated. Version 0.1.8a0 was released Tuesday September 17, 2024.
Version 0.1.7a0 of tpot2 is outdated. Version 0.1.8a0 was released Tuesday September 17, 2024.
Version 0.1.7a0 of tpot2 is outdated. Version 0.1.8a0 was released Tuesday September 17, 2024.
  0%|          | 0/25 [00:00<?, ?it/s]Generation:   0%|          | 0/25 [00:00<?, ?it/s]WARNING THIS INDIVIDUAL CAUSED AND EXCEPTION 
 <tpot2.search_spaces.pipelines.sequential.SequentialPipelineIndividual object at 0x1554746a12d0> 
 Negative values in data passed to MultinomialNB (input X) 
 Traceback (most recent call last):
  File "/common/ketrong/tpotexp/tpot2/tpot2/utils/eval_utils.py", line 53, in objective_nan_wrapper
    value = func_timeout.func_timeout(timeout, objective_function, args=[individual], kwargs=objective_kwargs)
  File "/common/ketrong/tpotexp/env/lib/python3.10/site-packages/func_timeout/dafunc.py", line 108, in func_timeout
    raise_exception(exception)
  File "/common/ketrong/tpotexp/env/lib/python3.10/site-packages/func_timeout/py3_raise.py", line 7, in raise_exception
    raise exception[0] from None
  File "/common/ketrong/tpotexp/tpot2/tpot2/tpot_estimator/estimator.py", line 623, in objective_function
    return objective_function_generator(
  File "/common/ketrong/tpotexp/tpot2/tpot2/tpot_estimator/estimator_utils.py", line 55, in objective_function_generator
    cv_obj_scores = cross_val_score_objective(sklearn.base.clone(pipeline),x,y,scorers=scorers, cv=cv , fold=step)
  File "/common/ketrong/tpotexp/tpot2/tpot2/tpot_estimator/cross_val_utils.py", line 28, in cross_val_score_objective
    this_fold_pipeline.fit(X_train,y_train)
  File "/common/ketrong/tpotexp/env/lib/python3.10/site-packages/sklearn/base.py", line 1473, in wrapper
    return fit_method(estimator, *args, **kwargs)
  File "/common/ketrong/tpotexp/env/lib/python3.10/site-packages/sklearn/pipeline.py", line 473, in fit
    self._final_estimator.fit(Xt, y, **last_step_params["fit"])
  File "/common/ketrong/tpotexp/env/lib/python3.10/site-packages/sklearn/base.py", line 1473, in wrapper
    return fit_method(estimator, *args, **kwargs)
  File "/common/ketrong/tpotexp/env/lib/python3.10/site-packages/sklearn/naive_bayes.py", line 759, in fit
    self._count(X, Y)
  File "/common/ketrong/tpotexp/env/lib/python3.10/site-packages/sklearn/naive_bayes.py", line 881, in _count
    check_non_negative(X, "MultinomialNB (input X)")
  File "/common/ketrong/tpotexp/env/lib/python3.10/site-packages/sklearn/utils/validation.py", line 1689, in check_non_negative
    raise ValueError("Negative values in data passed to %s" % whom)
ValueError: Negative values in data passed to MultinomialNB (input X)

WARNING THIS INDIVIDUAL CAUSED AND EXCEPTION 
 <tpot2.search_spaces.pipelines.sequential.SequentialPipelineIndividual object at 0x1554746a0b20> 
 Input X contains NaN.
MultinomialNB does not accept missing values encoded as NaN natively. For supervised learning, you might want to consider sklearn.ensemble.HistGradientBoostingClassifier and Regressor which accept missing values encoded as NaNs natively. Alternatively, it is possible to preprocess the data, for instance by using an imputer transformer in a pipeline or drop samples with missing values. See https://scikit-learn.org/stable/modules/impute.html You can find a list of all estimators that handle NaN values at the following page: https://scikit-learn.org/stable/modules/impute.html#estimators-that-handle-nan-values 
 Traceback (most recent call last):
  File "/common/ketrong/tpotexp/tpot2/tpot2/utils/eval_utils.py", line 53, in objective_nan_wrapper
    value = func_timeout.func_timeout(timeout, objective_function, args=[individual], kwargs=objective_kwargs)
  File "/common/ketrong/tpotexp/env/lib/python3.10/site-packages/func_timeout/dafunc.py", line 108, in func_timeout
    raise_exception(exception)
  File "/common/ketrong/tpotexp/env/lib/python3.10/site-packages/func_timeout/py3_raise.py", line 7, in raise_exception
    raise exception[0] from None
  File "/common/ketrong/tpotexp/tpot2/tpot2/tpot_estimator/estimator.py", line 623, in objective_function
    return objective_function_generator(
  File "/common/ketrong/tpotexp/tpot2/tpot2/tpot_estimator/estimator_utils.py", line 55, in objective_function_generator
    cv_obj_scores = cross_val_score_objective(sklearn.base.clone(pipeline),x,y,scorers=scorers, cv=cv , fold=step)
  File "/common/ketrong/tpotexp/tpot2/tpot2/tpot_estimator/cross_val_utils.py", line 28, in cross_val_score_objective
    this_fold_pipeline.fit(X_train,y_train)
  File "/common/ketrong/tpotexp/env/lib/python3.10/site-packages/sklearn/base.py", line 1473, in wrapper
    return fit_method(estimator, *args, **kwargs)
  File "/common/ketrong/tpotexp/env/lib/python3.10/site-packages/sklearn/pipeline.py", line 473, in fit
    self._final_estimator.fit(Xt, y, **last_step_params["fit"])
  File "/common/ketrong/tpotexp/env/lib/python3.10/site-packages/sklearn/base.py", line 1473, in wrapper
    return fit_method(estimator, *args, **kwargs)
  File "/common/ketrong/tpotexp/env/lib/python3.10/site-packages/sklearn/naive_bayes.py", line 732, in fit
    X, y = self._check_X_y(X, y)
  File "/common/ketrong/tpotexp/env/lib/python3.10/site-packages/sklearn/naive_bayes.py", line 578, in _check_X_y
    return self._validate_data(X, y, accept_sparse="csr", reset=reset)
  File "/common/ketrong/tpotexp/env/lib/python3.10/site-packages/sklearn/base.py", line 650, in _validate_data
    X, y = check_X_y(X, y, **check_params)
  File "/common/ketrong/tpotexp/env/lib/python3.10/site-packages/sklearn/utils/validation.py", line 1301, in check_X_y
    X = check_array(
  File "/common/ketrong/tpotexp/env/lib/python3.10/site-packages/sklearn/utils/validation.py", line 1064, in check_array
    _assert_all_finite(
  File "/common/ketrong/tpotexp/env/lib/python3.10/site-packages/sklearn/utils/validation.py", line 123, in _assert_all_finite
    _assert_all_finite_element_wise(
  File "/common/ketrong/tpotexp/env/lib/python3.10/site-packages/sklearn/utils/validation.py", line 172, in _assert_all_finite_element_wise
    raise ValueError(msg_err)
ValueError: Input X contains NaN.
MultinomialNB does not accept missing values encoded as NaN natively. For supervised learning, you might want to consider sklearn.ensemble.HistGradientBoostingClassifier and Regressor which accept missing values encoded as NaNs natively. Alternatively, it is possible to preprocess the data, for instance by using an imputer transformer in a pipeline or drop samples with missing values. See https://scikit-learn.org/stable/modules/impute.html You can find a list of all estimators that handle NaN values at the following page: https://scikit-learn.org/stable/modules/impute.html#estimators-that-handle-nan-values

WARNING THIS INDIVIDUAL CAUSED AND EXCEPTION 
 <tpot2.search_spaces.pipelines.sequential.SequentialPipelineIndividual object at 0x1554746a13c0> 
 Input X contains NaN.
ExtraTreesClassifier does not accept missing values encoded as NaN natively. For supervised learning, you might want to consider sklearn.ensemble.HistGradientBoostingClassifier and Regressor which accept missing values encoded as NaNs natively. Alternatively, it is possible to preprocess the data, for instance by using an imputer transformer in a pipeline or drop samples with missing values. See https://scikit-learn.org/stable/modules/impute.html You can find a list of all estimators that handle NaN values at the following page: https://scikit-learn.org/stable/modules/impute.html#estimators-that-handle-nan-values 
 Traceback (most recent call last):
  File "/common/ketrong/tpotexp/tpot2/tpot2/utils/eval_utils.py", line 53, in objective_nan_wrapper
    value = func_timeout.func_timeout(timeout, objective_function, args=[individual], kwargs=objective_kwargs)
  File "/common/ketrong/tpotexp/env/lib/python3.10/site-packages/func_timeout/dafunc.py", line 108, in func_timeout
    raise_exception(exception)
  File "/common/ketrong/tpotexp/env/lib/python3.10/site-packages/func_timeout/py3_raise.py", line 7, in raise_exception
    raise exception[0] from None
  File "/common/ketrong/tpotexp/tpot2/tpot2/tpot_estimator/estimator.py", line 623, in objective_function
    return objective_function_generator(
  File "/common/ketrong/tpotexp/tpot2/tpot2/tpot_estimator/estimator_utils.py", line 55, in objective_function_generator
    cv_obj_scores = cross_val_score_objective(sklearn.base.clone(pipeline),x,y,scorers=scorers, cv=cv , fold=step)
  File "/common/ketrong/tpotexp/tpot2/tpot2/tpot_estimator/cross_val_utils.py", line 28, in cross_val_score_objective
    this_fold_pipeline.fit(X_train,y_train)
  File "/common/ketrong/tpotexp/env/lib/python3.10/site-packages/sklearn/base.py", line 1473, in wrapper
    return fit_method(estimator, *args, **kwargs)
  File "/common/ketrong/tpotexp/env/lib/python3.10/site-packages/sklearn/pipeline.py", line 473, in fit
    self._final_estimator.fit(Xt, y, **last_step_params["fit"])
  File "/common/ketrong/tpotexp/env/lib/python3.10/site-packages/sklearn/base.py", line 1473, in wrapper
    return fit_method(estimator, *args, **kwargs)
  File "/common/ketrong/tpotexp/env/lib/python3.10/site-packages/sklearn/ensemble/_forest.py", line 377, in fit
    estimator._compute_missing_values_in_feature_mask(
  File "/common/ketrong/tpotexp/env/lib/python3.10/site-packages/sklearn/tree/_classes.py", line 214, in _compute_missing_values_in_feature_mask
    assert_all_finite(X, **common_kwargs)
  File "/common/ketrong/tpotexp/env/lib/python3.10/site-packages/sklearn/utils/validation.py", line 213, in assert_all_finite
    _assert_all_finite(
  File "/common/ketrong/tpotexp/env/lib/python3.10/site-packages/sklearn/utils/validation.py", line 123, in _assert_all_finite
    _assert_all_finite_element_wise(
  File "/common/ketrong/tpotexp/env/lib/python3.10/site-packages/sklearn/utils/validation.py", line 172, in _assert_all_finite_element_wise
    raise ValueError(msg_err)
ValueError: Input X contains NaN.
ExtraTreesClassifier does not accept missing values encoded as NaN natively. For supervised learning, you might want to consider sklearn.ensemble.HistGradientBoostingClassifier and Regressor which accept missing values encoded as NaNs natively. Alternatively, it is possible to preprocess the data, for instance by using an imputer transformer in a pipeline or drop samples with missing values. See https://scikit-learn.org/stable/modules/impute.html You can find a list of all estimators that handle NaN values at the following page: https://scikit-learn.org/stable/modules/impute.html#estimators-that-handle-nan-values

Generation:  1
Best f1_score score: 0.8709513854409423
Generation:   4%|         | 1/25 [02:22<56:55, 142.33s/it]Generation:  2
Best f1_score score: 0.8744798123766266
Generation:   8%|         | 2/25 [05:05<59:14, 154.54s/it]Generation:  3
Best f1_score score: 0.8744798123766266
Generation:  12%|        | 3/25 [09:17<1:13:02, 199.19s/it]Generation:  4
Best f1_score score: 0.8744798123766266
Generation:  16%|        | 4/25 [12:17<1:07:03, 191.58s/it]Generation:  5
Best f1_score score: 0.8756518760630504
Generation:  20%|        | 5/25 [14:14<54:49, 164.45s/it]  WARNING AN INDIVIDUAL TIMED OUT: 
 <tpot2.search_spaces.pipelines.sequential.SequentialPipelineIndividual object at 0x1554672eafb0> 

WARNING AN INDIVIDUAL TIMED OUT: 
 <tpot2.search_spaces.pipelines.sequential.SequentialPipelineIndividual object at 0x15546566f550> 

Generation:  6
Best f1_score score: 0.9022490746612926
Generation:  24%|       | 6/25 [24:20<1:39:43, 314.91s/it]Generation:  7
Best f1_score score: 0.9022490746612926
Generation:  28%|       | 7/25 [26:31<1:16:22, 254.59s/it]Generation:  8
Best f1_score score: 0.9036655258712164
Generation:  32%|      | 8/25 [30:28<1:10:30, 248.87s/it]Generation:  9
Best f1_score score: 0.9050712048812285
Generation:  36%|      | 9/25 [32:54<57:50, 216.89s/it]  WARNING THIS INDIVIDUAL CAUSED AND EXCEPTION 
 <tpot2.search_spaces.pipelines.sequential.SequentialPipelineIndividual object at 0x1554679b1a50> 
 Negative values in data passed to MultinomialNB (input X) 
 Traceback (most recent call last):
  File "/common/ketrong/tpotexp/tpot2/tpot2/utils/eval_utils.py", line 53, in objective_nan_wrapper
    value = func_timeout.func_timeout(timeout, objective_function, args=[individual], kwargs=objective_kwargs)
  File "/common/ketrong/tpotexp/env/lib/python3.10/site-packages/func_timeout/dafunc.py", line 108, in func_timeout
    raise_exception(exception)
  File "/common/ketrong/tpotexp/env/lib/python3.10/site-packages/func_timeout/py3_raise.py", line 7, in raise_exception
    raise exception[0] from None
  File "/common/ketrong/tpotexp/tpot2/tpot2/tpot_estimator/estimator.py", line 623, in objective_function
    return objective_function_generator(
  File "/common/ketrong/tpotexp/tpot2/tpot2/tpot_estimator/estimator_utils.py", line 55, in objective_function_generator
    cv_obj_scores = cross_val_score_objective(sklearn.base.clone(pipeline),x,y,scorers=scorers, cv=cv , fold=step)
  File "/common/ketrong/tpotexp/tpot2/tpot2/tpot_estimator/cross_val_utils.py", line 28, in cross_val_score_objective
    this_fold_pipeline.fit(X_train,y_train)
  File "/common/ketrong/tpotexp/env/lib/python3.10/site-packages/sklearn/base.py", line 1473, in wrapper
    return fit_method(estimator, *args, **kwargs)
  File "/common/ketrong/tpotexp/env/lib/python3.10/site-packages/sklearn/pipeline.py", line 473, in fit
    self._final_estimator.fit(Xt, y, **last_step_params["fit"])
  File "/common/ketrong/tpotexp/env/lib/python3.10/site-packages/sklearn/base.py", line 1473, in wrapper
    return fit_method(estimator, *args, **kwargs)
  File "/common/ketrong/tpotexp/env/lib/python3.10/site-packages/sklearn/naive_bayes.py", line 759, in fit
    self._count(X, Y)
  File "/common/ketrong/tpotexp/env/lib/python3.10/site-packages/sklearn/naive_bayes.py", line 881, in _count
    check_non_negative(X, "MultinomialNB (input X)")
  File "/common/ketrong/tpotexp/env/lib/python3.10/site-packages/sklearn/utils/validation.py", line 1689, in check_non_negative
    raise ValueError("Negative values in data passed to %s" % whom)
ValueError: Negative values in data passed to MultinomialNB (input X)

Generation:  10
Best f1_score score: 0.9050712048812285
Generation:  40%|      | 10/25 [37:46<1:00:03, 240.20s/it]WARNING AN INDIVIDUAL TIMED OUT: 
 <tpot2.search_spaces.pipelines.sequential.SequentialPipelineIndividual object at 0x1554746a0e20> 

Generation:  11
Best f1_score score: 0.9050712048812285
Generation:  44%|     | 11/25 [47:53<1:22:10, 352.19s/it]Generation:  12
Best f1_score score: 0.9050712048812285
Generation:  48%|     | 12/25 [51:15<1:06:25, 306.58s/it]Generation:  13
Best f1_score score: 0.9067757242303738
Generation:  52%|    | 13/25 [57:40<1:06:05, 330.45s/it]Generation:  14
Best f1_score score: 0.9067757242303738
Generation:  56%|    | 14/25 [1:00:11<50:39, 276.33s/it]WARNING AN INDIVIDUAL TIMED OUT: 
 <tpot2.search_spaces.pipelines.sequential.SequentialPipelineIndividual object at 0x15547473bbb0> 

WARNING AN INDIVIDUAL TIMED OUT: 
 <tpot2.search_spaces.pipelines.sequential.SequentialPipelineIndividual object at 0x155464f2f0d0> 

Generation:  15
Best f1_score score: 0.9067757242303738
Generation:  60%|    | 15/25 [1:10:19<1:02:42, 376.20s/it]Generation:  16
Best f1_score score: 0.9067757242303738
Generation:  64%|   | 16/25 [1:12:51<46:19, 308.79s/it]  Generation:  17
Best f1_score score: 0.9067757242303738
Generation:  68%|   | 17/25 [1:15:36<35:23, 265.44s/it]Generation:  18
Best f1_score score: 0.9067757242303738
Generation:  72%|  | 18/25 [1:20:47<32:33, 279.12s/it]Generation:  19
Best f1_score score: 0.9067757242303738
Generation:  76%|  | 19/25 [1:23:27<24:20, 243.37s/it]Generation:  20
Best f1_score score: 0.9067757242303738
Generation:  80%|  | 20/25 [1:26:04<18:06, 217.31s/it]Generation:  21
Best f1_score score: 0.9067757242303738
Generation:  84%| | 21/25 [1:28:35<13:09, 197.49s/it]WARNING AN INDIVIDUAL TIMED OUT: 
 <tpot2.search_spaces.pipelines.sequential.SequentialPipelineIndividual object at 0x15546785f940> 

Generation:  22
Best f1_score score: 0.9067757242303738
Generation:  88%| | 22/25 [1:38:42<16:01, 320.42s/it]Generation:  23
Best f1_score score: 0.9067757242303738
Generation:  92%|| 23/25 [1:41:09<08:56, 268.46s/it]Generation:  24
Best f1_score score: 0.9067757242303738
Generation:  96%|| 24/25 [1:48:24<05:18, 318.48s/it]WARNING AN INDIVIDUAL TIMED OUT: 
 <tpot2.search_spaces.pipelines.sequential.SequentialPipelineIndividual object at 0x155466eec2b0> 

Generation:  25
Best f1_score score: 0.9067757242303738
Generation: 100%|| 25/25 [1:58:28<00:00, 404.13s/it]Generation: 100%|| 25/25 [1:58:28<00:00, 284.36s/it]
2024-10-17 00:19:09,310 - distributed.scheduler - ERROR - Removing worker 'tcp://127.0.0.1:36761' caused the cluster to lose scattered data, which can't be recovered: {'ndarray-b74dc7c66dec5ac2b4700b93e84a6dd3', 'DataFrame-e0003fb2983b961d441ba22d2c38286d'} (stimulus_id='handle-worker-cleanup-1729149549.310297')
2024-10-17 00:19:13,294 - distributed.nanny - WARNING - Worker process still alive after 4.0 seconds, killing
2024-10-17 00:19:13,294 - distributed.nanny - WARNING - Worker process still alive after 4.0 seconds, killing
2024-10-17 00:19:13,294 - distributed.nanny - WARNING - Worker process still alive after 4.0 seconds, killing
2024-10-17 00:19:13,294 - distributed.nanny - WARNING - Worker process still alive after 4.0 seconds, killing
2024-10-17 00:19:13,294 - distributed.nanny - WARNING - Worker process still alive after 4.0 seconds, killing
2024-10-17 00:19:13,295 - distributed.nanny - WARNING - Worker process still alive after 4.0 seconds, killing
2024-10-17 00:19:13,295 - distributed.nanny - WARNING - Worker process still alive after 4.0 seconds, killing
2024-10-17 00:19:13,296 - distributed.nanny - WARNING - Worker process still alive after 4.0 seconds, killing
2024-10-17 00:19:13,296 - distributed.nanny - WARNING - Worker process still alive after 4.0 seconds, killing
2024-10-17 00:19:13,297 - distributed.nanny - WARNING - Worker process still alive after 4.0 seconds, killing
2024-10-17 00:19:13,297 - distributed.nanny - WARNING - Worker process still alive after 4.0 seconds, killing
2024-10-17 00:19:13,310 - distributed.nanny - WARNING - Worker process still alive after 4.0 seconds, killing
2024-10-17 00:19:13,311 - distributed.nanny - WARNING - Worker process still alive after 4.0 seconds, killing
2024-10-17 00:19:13,311 - distributed.nanny - WARNING - Worker process still alive after 4.0 seconds, killing
2024-10-17 00:19:13,321 - distributed.nanny - WARNING - Worker process still alive after 4.0 seconds, killing
2024-10-17 00:19:13,322 - distributed.nanny - WARNING - Worker process still alive after 4.0 seconds, killing
Fitted
Pipeline(steps=[('knnimputer', KNNImputer(n_neighbors=92)),
                ('baggingclassifier',
                 BaggingClassifier(bootstrap=False,
                                   max_features=0.8245241930031,
                                   max_samples=0.9776000017616, n_estimators=44,
                                   n_jobs=1))])
transform worked
try transform
transform worked
score start
train score: {'auroc': 1.0, 'accuracy': 1.0, 'balanced_accuracy': 1.0, 'logloss': 0.004488149350207591, 'f1': 1.0}
test score: {'auroc': 0.9645023849721837, 'accuracy': 0.9059913935782853, 'balanced_accuracy': 0.9021338923184561, 'logloss': 0.27771470130052733, 'f1': 0.9034690880098826}
original test score: {'auroc': 0.9723068650921, 'accuracy': 0.9223215270881606, 'balanced_accuracy': 0.9185717126153368, 'logloss': 0.2549406165979559, 'f1': 0.9201903397912714}
score end
151
lvl
0.1
type
MAR
num_run
1
class_full
finished
all finished
full run takes
24.233264919784332
hours
DONE
