Run: 66
/cm/local/apps/slurm/var/spool/job1040787/slurm_script: line 26: 
pip install -e tpot2
pip install -r tpot2/ImputerExperiments/requirements_.txt
: No such file or directory
RunStart
Version 0.1.7a0 of tpot2 is outdated. Version 0.1.8a0 was released Tuesday September 17, 2024.
starting loops
../data/c/901/901.pkl
working on 
../data/c/901/class_simple_MAR_0.1_3
1.496290683746338
running experiment 1/3 - Does large hyperparameter space improve reconstruction accuracy over simple
[I 2024-11-05 05:41:26,511] A new study created in memory with name: no-name-6f2f236b-ae99-445d-98e8-bf44e4b92282
running
running
running
running
running
running
running
running
running
running
running
running
running
running
running
running
[I 2024-11-05 05:41:26,980] Trial 3 finished with value: 0.5604249112975417 and parameters: {'model_name': 'SimpleImputer', 'strategy': 'constant'}. Best is trial 3 with value: 0.5604249112975417.
running
[I 2024-11-05 05:41:27,102] Trial 1 finished with value: 0.5604249112975417 and parameters: {'model_name': 'SimpleImputer', 'strategy': 'constant'}. Best is trial 3 with value: 0.5604249112975417.
running
[I 2024-11-05 05:41:27,259] Trial 9 finished with value: 0.5604249112975417 and parameters: {'model_name': 'SimpleImputer', 'strategy': 'constant'}. Best is trial 3 with value: 0.5604249112975417.
running
[I 2024-11-05 05:41:27,380] Trial 0 finished with value: 0.5604249112975417 and parameters: {'model_name': 'SimpleImputer', 'strategy': 'constant'}. Best is trial 3 with value: 0.5604249112975417.
running
[I 2024-11-05 05:41:27,602] Trial 11 finished with value: 0.5604249112975417 and parameters: {'model_name': 'SimpleImputer', 'strategy': 'constant'}. Best is trial 3 with value: 0.5604249112975417.
[I 2024-11-05 05:41:27,705] Trial 8 finished with value: 0.28094879314253574 and parameters: {'model_name': 'SimpleImputer', 'strategy': 'mean'}. Best is trial 8 with value: 0.28094879314253574.
[I 2024-11-05 05:41:27,849] Trial 12 finished with value: 0.28094879314253574 and parameters: {'model_name': 'SimpleImputer', 'strategy': 'mean'}. Best is trial 8 with value: 0.28094879314253574.
running
running
running
[I 2024-11-05 05:41:27,989] Trial 10 finished with value: 0.5604249112975417 and parameters: {'model_name': 'SimpleImputer', 'strategy': 'constant'}. Best is trial 8 with value: 0.28094879314253574.
running
[I 2024-11-05 05:41:28,125] Trial 13 finished with value: 0.28094879314253574 and parameters: {'model_name': 'SimpleImputer', 'strategy': 'mean'}. Best is trial 8 with value: 0.28094879314253574.
running
[I 2024-11-05 05:41:28,252] Trial 6 finished with value: 0.28094879314253574 and parameters: {'model_name': 'SimpleImputer', 'strategy': 'mean'}. Best is trial 8 with value: 0.28094879314253574.
running
[I 2024-11-05 05:41:28,452] Trial 2 finished with value: 0.2815543359481617 and parameters: {'model_name': 'SimpleImputer', 'strategy': 'median'}. Best is trial 8 with value: 0.28094879314253574.
running
[I 2024-11-05 05:41:28,773] Trial 4 finished with value: 0.2815543359481617 and parameters: {'model_name': 'SimpleImputer', 'strategy': 'median'}. Best is trial 8 with value: 0.28094879314253574.
running
[I 2024-11-05 05:41:29,023] Trial 14 finished with value: 0.2815543359481617 and parameters: {'model_name': 'SimpleImputer', 'strategy': 'median'}. Best is trial 8 with value: 0.28094879314253574.
running
[I 2024-11-05 05:41:29,250] Trial 18 finished with value: 0.28094879314253574 and parameters: {'model_name': 'SimpleImputer', 'strategy': 'mean'}. Best is trial 8 with value: 0.28094879314253574.
running
[I 2024-11-05 05:41:29,365] Trial 20 finished with value: 0.5604249112975417 and parameters: {'model_name': 'SimpleImputer', 'strategy': 'constant'}. Best is trial 8 with value: 0.28094879314253574.
running
[I 2024-11-05 05:41:29,521] Trial 24 finished with value: 0.5604249112975417 and parameters: {'model_name': 'SimpleImputer', 'strategy': 'constant'}. Best is trial 8 with value: 0.28094879314253574.
running
[I 2024-11-05 05:41:29,666] Trial 22 finished with value: 0.5604249112975417 and parameters: {'model_name': 'SimpleImputer', 'strategy': 'constant'}. Best is trial 8 with value: 0.28094879314253574.
running
[I 2024-11-05 05:41:29,787] Trial 23 finished with value: 0.28094879314253574 and parameters: {'model_name': 'SimpleImputer', 'strategy': 'mean'}. Best is trial 8 with value: 0.28094879314253574.
running
[I 2024-11-05 05:41:30,021] Trial 16 finished with value: 0.2815543359481617 and parameters: {'model_name': 'SimpleImputer', 'strategy': 'median'}. Best is trial 8 with value: 0.28094879314253574.
running
[I 2024-11-05 05:41:30,163] Trial 19 finished with value: 0.2815543359481617 and parameters: {'model_name': 'SimpleImputer', 'strategy': 'median'}. Best is trial 8 with value: 0.28094879314253574.
running
[I 2024-11-05 05:41:30,355] Trial 26 finished with value: 0.28094879314253574 and parameters: {'model_name': 'SimpleImputer', 'strategy': 'mean'}. Best is trial 8 with value: 0.28094879314253574.
running
[I 2024-11-05 05:41:30,571] Trial 25 finished with value: 0.2815543359481617 and parameters: {'model_name': 'SimpleImputer', 'strategy': 'median'}. Best is trial 8 with value: 0.28094879314253574.
running
[I 2024-11-05 05:41:30,709] Trial 7 finished with value: 0.4966303705860852 and parameters: {'model_name': 'SimpleImputer', 'strategy': 'most_frequent'}. Best is trial 8 with value: 0.28094879314253574.
running
[I 2024-11-05 05:41:30,899] Trial 17 finished with value: 0.2815543359481617 and parameters: {'model_name': 'SimpleImputer', 'strategy': 'median'}. Best is trial 8 with value: 0.28094879314253574.
running
[I 2024-11-05 05:41:31,044] Trial 5 finished with value: 0.4966303705860852 and parameters: {'model_name': 'SimpleImputer', 'strategy': 'most_frequent'}. Best is trial 8 with value: 0.28094879314253574.
running
[I 2024-11-05 05:41:31,211] Trial 15 finished with value: 0.4966303705860852 and parameters: {'model_name': 'SimpleImputer', 'strategy': 'most_frequent'}. Best is trial 8 with value: 0.28094879314253574.
running
[I 2024-11-05 05:41:31,780] Trial 38 finished with value: 0.28094879314253574 and parameters: {'model_name': 'SimpleImputer', 'strategy': 'mean'}. Best is trial 8 with value: 0.28094879314253574.
running
[I 2024-11-05 05:41:32,041] Trial 21 finished with value: 0.4966303705860852 and parameters: {'model_name': 'SimpleImputer', 'strategy': 'most_frequent'}. Best is trial 8 with value: 0.28094879314253574.
running
[I 2024-11-05 05:41:32,327] Trial 39 finished with value: 0.28094879314253574 and parameters: {'model_name': 'SimpleImputer', 'strategy': 'mean'}. Best is trial 8 with value: 0.28094879314253574.
running
[I 2024-11-05 05:41:32,472] Trial 27 finished with value: 0.4966303705860852 and parameters: {'model_name': 'SimpleImputer', 'strategy': 'most_frequent'}. Best is trial 8 with value: 0.28094879314253574.
[I 2024-11-05 05:41:32,606] Trial 40 finished with value: 0.28094879314253574 and parameters: {'model_name': 'SimpleImputer', 'strategy': 'mean'}. Best is trial 8 with value: 0.28094879314253574.
running
running
[I 2024-11-05 05:41:32,781] Trial 41 finished with value: 0.28094879314253574 and parameters: {'model_name': 'SimpleImputer', 'strategy': 'mean'}. Best is trial 8 with value: 0.28094879314253574.
running
[I 2024-11-05 05:41:33,004] Trial 29 finished with value: 0.4966303705860852 and parameters: {'model_name': 'SimpleImputer', 'strategy': 'most_frequent'}. Best is trial 8 with value: 0.28094879314253574.
running
[I 2024-11-05 05:41:33,284] Trial 33 finished with value: 0.4966303705860852 and parameters: {'model_name': 'SimpleImputer', 'strategy': 'most_frequent'}. Best is trial 8 with value: 0.28094879314253574.
running
[I 2024-11-05 05:41:33,431] Trial 31 finished with value: 0.4966303705860852 and parameters: {'model_name': 'SimpleImputer', 'strategy': 'most_frequent'}. Best is trial 8 with value: 0.28094879314253574.
running
[I 2024-11-05 05:41:33,562] Trial 42 finished with value: 0.28094879314253574 and parameters: {'model_name': 'SimpleImputer', 'strategy': 'mean'}. Best is trial 8 with value: 0.28094879314253574.
running
[I 2024-11-05 05:41:33,701] Trial 28 finished with value: 0.4966303705860852 and parameters: {'model_name': 'SimpleImputer', 'strategy': 'most_frequent'}. Best is trial 8 with value: 0.28094879314253574.
[I 2024-11-05 05:41:33,823] Trial 30 finished with value: 0.4966303705860852 and parameters: {'model_name': 'SimpleImputer', 'strategy': 'most_frequent'}. Best is trial 8 with value: 0.28094879314253574.
running
running
[I 2024-11-05 05:41:34,048] Trial 35 finished with value: 0.4966303705860852 and parameters: {'model_name': 'SimpleImputer', 'strategy': 'most_frequent'}. Best is trial 8 with value: 0.28094879314253574.
running
[I 2024-11-05 05:41:34,226] Trial 43 finished with value: 0.28094879314253574 and parameters: {'model_name': 'SimpleImputer', 'strategy': 'mean'}. Best is trial 8 with value: 0.28094879314253574.
[I 2024-11-05 05:41:34,322] Trial 34 finished with value: 0.4966303705860852 and parameters: {'model_name': 'SimpleImputer', 'strategy': 'most_frequent'}. Best is trial 8 with value: 0.28094879314253574.
running
running
[I 2024-11-05 05:41:34,490] Trial 32 finished with value: 0.4966303705860852 and parameters: {'model_name': 'SimpleImputer', 'strategy': 'most_frequent'}. Best is trial 8 with value: 0.28094879314253574.
running
[I 2024-11-05 05:41:34,672] Trial 46 finished with value: 0.28094879314253574 and parameters: {'model_name': 'SimpleImputer', 'strategy': 'mean'}. Best is trial 8 with value: 0.28094879314253574.
[I 2024-11-05 05:41:34,772] Trial 36 finished with value: 0.4966303705860852 and parameters: {'model_name': 'SimpleImputer', 'strategy': 'most_frequent'}. Best is trial 8 with value: 0.28094879314253574.
running
running
[I 2024-11-05 05:41:34,938] Trial 45 finished with value: 0.28094879314253574 and parameters: {'model_name': 'SimpleImputer', 'strategy': 'mean'}. Best is trial 8 with value: 0.28094879314253574.
running
[I 2024-11-05 05:41:35,097] Trial 44 finished with value: 0.28094879314253574 and parameters: {'model_name': 'SimpleImputer', 'strategy': 'mean'}. Best is trial 8 with value: 0.28094879314253574.
running
[I 2024-11-05 05:41:35,300] Trial 47 finished with value: 0.28094879314253574 and parameters: {'model_name': 'SimpleImputer', 'strategy': 'mean'}. Best is trial 8 with value: 0.28094879314253574.
running
[I 2024-11-05 05:41:35,486] Trial 48 finished with value: 0.28094879314253574 and parameters: {'model_name': 'SimpleImputer', 'strategy': 'mean'}. Best is trial 8 with value: 0.28094879314253574.
running
[I 2024-11-05 05:41:35,605] Trial 37 finished with value: 0.4966303705860852 and parameters: {'model_name': 'SimpleImputer', 'strategy': 'most_frequent'}. Best is trial 8 with value: 0.28094879314253574.
running
[I 2024-11-05 05:41:35,784] Trial 50 finished with value: 0.28094879314253574 and parameters: {'model_name': 'SimpleImputer', 'strategy': 'mean'}. Best is trial 8 with value: 0.28094879314253574.
running
[I 2024-11-05 05:41:35,933] Trial 51 finished with value: 0.28094879314253574 and parameters: {'model_name': 'SimpleImputer', 'strategy': 'mean'}. Best is trial 8 with value: 0.28094879314253574.
running
[I 2024-11-05 05:41:36,054] Trial 49 finished with value: 0.28094879314253574 and parameters: {'model_name': 'SimpleImputer', 'strategy': 'mean'}. Best is trial 8 with value: 0.28094879314253574.
running
[I 2024-11-05 05:41:36,160] Trial 52 finished with value: 0.28094879314253574 and parameters: {'model_name': 'SimpleImputer', 'strategy': 'mean'}. Best is trial 8 with value: 0.28094879314253574.
running
[I 2024-11-05 05:41:36,336] Trial 54 finished with value: 0.28094879314253574 and parameters: {'model_name': 'SimpleImputer', 'strategy': 'mean'}. Best is trial 8 with value: 0.28094879314253574.
running
[I 2024-11-05 05:41:36,515] Trial 56 finished with value: 0.28094879314253574 and parameters: {'model_name': 'SimpleImputer', 'strategy': 'mean'}. Best is trial 8 with value: 0.28094879314253574.
[I 2024-11-05 05:41:36,654] Trial 55 finished with value: 0.28094879314253574 and parameters: {'model_name': 'SimpleImputer', 'strategy': 'mean'}. Best is trial 8 with value: 0.28094879314253574.
running
[I 2024-11-05 05:41:36,758] Trial 57 finished with value: 0.28094879314253574 and parameters: {'model_name': 'SimpleImputer', 'strategy': 'mean'}. Best is trial 8 with value: 0.28094879314253574.
running
running
[I 2024-11-05 05:41:36,885] Trial 53 finished with value: 0.28094879314253574 and parameters: {'model_name': 'SimpleImputer', 'strategy': 'mean'}. Best is trial 8 with value: 0.28094879314253574.
running
[I 2024-11-05 05:41:37,090] Trial 58 finished with value: 0.28094879314253574 and parameters: {'model_name': 'SimpleImputer', 'strategy': 'mean'}. Best is trial 8 with value: 0.28094879314253574.
running
[I 2024-11-05 05:41:37,313] Trial 61 finished with value: 0.28094879314253574 and parameters: {'model_name': 'SimpleImputer', 'strategy': 'mean'}. Best is trial 8 with value: 0.28094879314253574.
running
[I 2024-11-05 05:41:37,488] Trial 60 finished with value: 0.28094879314253574 and parameters: {'model_name': 'SimpleImputer', 'strategy': 'mean'}. Best is trial 8 with value: 0.28094879314253574.
running
[I 2024-11-05 05:41:37,651] Trial 59 finished with value: 0.28094879314253574 and parameters: {'model_name': 'SimpleImputer', 'strategy': 'mean'}. Best is trial 8 with value: 0.28094879314253574.
running
[I 2024-11-05 05:41:37,809] Trial 63 finished with value: 0.28094879314253574 and parameters: {'model_name': 'SimpleImputer', 'strategy': 'mean'}. Best is trial 8 with value: 0.28094879314253574.
running
[I 2024-11-05 05:41:37,925] Trial 64 finished with value: 0.28094879314253574 and parameters: {'model_name': 'SimpleImputer', 'strategy': 'mean'}. Best is trial 8 with value: 0.28094879314253574.
running
[I 2024-11-05 05:41:38,083] Trial 62 finished with value: 0.28094879314253574 and parameters: {'model_name': 'SimpleImputer', 'strategy': 'mean'}. Best is trial 8 with value: 0.28094879314253574.
running
[I 2024-11-05 05:41:38,223] Trial 69 finished with value: 0.28094879314253574 and parameters: {'model_name': 'SimpleImputer', 'strategy': 'mean'}. Best is trial 8 with value: 0.28094879314253574.
running
[I 2024-11-05 05:41:38,357] Trial 68 finished with value: 0.28094879314253574 and parameters: {'model_name': 'SimpleImputer', 'strategy': 'mean'}. Best is trial 8 with value: 0.28094879314253574.
[I 2024-11-05 05:41:38,456] Trial 67 finished with value: 0.28094879314253574 and parameters: {'model_name': 'SimpleImputer', 'strategy': 'mean'}. Best is trial 8 with value: 0.28094879314253574.
running
running
[I 2024-11-05 05:41:38,617] Trial 65 finished with value: 0.28094879314253574 and parameters: {'model_name': 'SimpleImputer', 'strategy': 'mean'}. Best is trial 8 with value: 0.28094879314253574.
[I 2024-11-05 05:41:38,739] Trial 66 finished with value: 0.28094879314253574 and parameters: {'model_name': 'SimpleImputer', 'strategy': 'mean'}. Best is trial 8 with value: 0.28094879314253574.
running
[I 2024-11-05 05:41:38,857] Trial 70 finished with value: 0.28094879314253574 and parameters: {'model_name': 'SimpleImputer', 'strategy': 'mean'}. Best is trial 8 with value: 0.28094879314253574.
running
running
[I 2024-11-05 05:41:38,998] Trial 71 finished with value: 0.28094879314253574 and parameters: {'model_name': 'SimpleImputer', 'strategy': 'mean'}. Best is trial 8 with value: 0.28094879314253574.
running
[I 2024-11-05 05:41:39,158] Trial 72 finished with value: 0.28094879314253574 and parameters: {'model_name': 'SimpleImputer', 'strategy': 'mean'}. Best is trial 8 with value: 0.28094879314253574.
running
[I 2024-11-05 05:41:39,395] Trial 73 finished with value: 0.28094879314253574 and parameters: {'model_name': 'SimpleImputer', 'strategy': 'mean'}. Best is trial 8 with value: 0.28094879314253574.
running
[I 2024-11-05 05:41:39,521] Trial 76 finished with value: 0.28094879314253574 and parameters: {'model_name': 'SimpleImputer', 'strategy': 'mean'}. Best is trial 8 with value: 0.28094879314253574.
running
[I 2024-11-05 05:41:39,780] Trial 74 finished with value: 0.2815543359481617 and parameters: {'model_name': 'SimpleImputer', 'strategy': 'median'}. Best is trial 8 with value: 0.28094879314253574.
running
[I 2024-11-05 05:41:39,980] Trial 81 finished with value: 0.5604249112975417 and parameters: {'model_name': 'SimpleImputer', 'strategy': 'constant'}. Best is trial 8 with value: 0.28094879314253574.
running
[I 2024-11-05 05:41:40,209] Trial 77 finished with value: 0.2815543359481617 and parameters: {'model_name': 'SimpleImputer', 'strategy': 'median'}. Best is trial 8 with value: 0.28094879314253574.
running
[I 2024-11-05 05:41:40,373] Trial 75 finished with value: 0.2815543359481617 and parameters: {'model_name': 'SimpleImputer', 'strategy': 'median'}. Best is trial 8 with value: 0.28094879314253574.
running
[I 2024-11-05 05:41:40,511] Trial 79 finished with value: 0.2815543359481617 and parameters: {'model_name': 'SimpleImputer', 'strategy': 'median'}. Best is trial 8 with value: 0.28094879314253574.
running
[I 2024-11-05 05:41:40,659] Trial 84 finished with value: 0.2815543359481617 and parameters: {'model_name': 'SimpleImputer', 'strategy': 'median'}. Best is trial 8 with value: 0.28094879314253574.
running
[I 2024-11-05 05:41:40,800] Trial 83 finished with value: 0.2815543359481617 and parameters: {'model_name': 'SimpleImputer', 'strategy': 'median'}. Best is trial 8 with value: 0.28094879314253574.
running
[I 2024-11-05 05:41:40,923] Trial 78 finished with value: 0.2815543359481617 and parameters: {'model_name': 'SimpleImputer', 'strategy': 'median'}. Best is trial 8 with value: 0.28094879314253574.
running
[I 2024-11-05 05:41:41,098] Trial 80 finished with value: 0.2815543359481617 and parameters: {'model_name': 'SimpleImputer', 'strategy': 'median'}. Best is trial 8 with value: 0.28094879314253574.
[I 2024-11-05 05:41:41,207] Trial 82 finished with value: 0.2815543359481617 and parameters: {'model_name': 'SimpleImputer', 'strategy': 'median'}. Best is trial 8 with value: 0.28094879314253574.
running
running
[I 2024-11-05 05:41:41,360] Trial 86 finished with value: 0.2815543359481617 and parameters: {'model_name': 'SimpleImputer', 'strategy': 'median'}. Best is trial 8 with value: 0.28094879314253574.
running
[I 2024-11-05 05:41:41,490] Trial 85 finished with value: 0.2815543359481617 and parameters: {'model_name': 'SimpleImputer', 'strategy': 'median'}. Best is trial 8 with value: 0.28094879314253574.
running
[I 2024-11-05 05:41:41,653] Trial 91 finished with value: 0.5604249112975417 and parameters: {'model_name': 'SimpleImputer', 'strategy': 'constant'}. Best is trial 8 with value: 0.28094879314253574.
running
[I 2024-11-05 05:41:41,798] Trial 90 finished with value: 0.2815543359481617 and parameters: {'model_name': 'SimpleImputer', 'strategy': 'median'}. Best is trial 8 with value: 0.28094879314253574.
[I 2024-11-05 05:41:41,901] Trial 87 finished with value: 0.2815543359481617 and parameters: {'model_name': 'SimpleImputer', 'strategy': 'median'}. Best is trial 8 with value: 0.28094879314253574.
running
running
[I 2024-11-05 05:41:42,029] Trial 89 finished with value: 0.2815543359481617 and parameters: {'model_name': 'SimpleImputer', 'strategy': 'median'}. Best is trial 8 with value: 0.28094879314253574.
running
[I 2024-11-05 05:41:42,256] Trial 88 finished with value: 0.2815543359481617 and parameters: {'model_name': 'SimpleImputer', 'strategy': 'median'}. Best is trial 8 with value: 0.28094879314253574.
running
[I 2024-11-05 05:41:42,454] Trial 96 finished with value: 0.5604249112975417 and parameters: {'model_name': 'SimpleImputer', 'strategy': 'constant'}. Best is trial 8 with value: 0.28094879314253574.
running
[I 2024-11-05 05:41:42,663] Trial 94 finished with value: 0.5604249112975417 and parameters: {'model_name': 'SimpleImputer', 'strategy': 'constant'}. Best is trial 8 with value: 0.28094879314253574.
running
[I 2024-11-05 05:41:42,804] Trial 97 finished with value: 0.5604249112975417 and parameters: {'model_name': 'SimpleImputer', 'strategy': 'constant'}. Best is trial 8 with value: 0.28094879314253574.
running
[I 2024-11-05 05:41:42,925] Trial 98 finished with value: 0.5604249112975417 and parameters: {'model_name': 'SimpleImputer', 'strategy': 'constant'}. Best is trial 8 with value: 0.28094879314253574.
running
[I 2024-11-05 05:41:43,028] Trial 95 finished with value: 0.5604249112975417 and parameters: {'model_name': 'SimpleImputer', 'strategy': 'constant'}. Best is trial 8 with value: 0.28094879314253574.
running
[I 2024-11-05 05:41:43,167] Trial 92 finished with value: 0.2815543359481617 and parameters: {'model_name': 'SimpleImputer', 'strategy': 'median'}. Best is trial 8 with value: 0.28094879314253574.
running
[I 2024-11-05 05:41:43,326] Trial 99 finished with value: 0.5604249112975417 and parameters: {'model_name': 'SimpleImputer', 'strategy': 'constant'}. Best is trial 8 with value: 0.28094879314253574.
running
[I 2024-11-05 05:41:43,468] Trial 101 finished with value: 0.5604249112975417 and parameters: {'model_name': 'SimpleImputer', 'strategy': 'constant'}. Best is trial 8 with value: 0.28094879314253574.
running
[I 2024-11-05 05:41:43,571] Trial 102 finished with value: 0.5604249112975417 and parameters: {'model_name': 'SimpleImputer', 'strategy': 'constant'}. Best is trial 8 with value: 0.28094879314253574.
running
[I 2024-11-05 05:41:43,715] Trial 100 finished with value: 0.5604249112975417 and parameters: {'model_name': 'SimpleImputer', 'strategy': 'constant'}. Best is trial 8 with value: 0.28094879314253574.
running
[I 2024-11-05 05:41:43,894] Trial 104 finished with value: 0.28094879314253574 and parameters: {'model_name': 'SimpleImputer', 'strategy': 'mean'}. Best is trial 8 with value: 0.28094879314253574.
running
[I 2024-11-05 05:41:44,051] Trial 93 finished with value: 0.2815543359481617 and parameters: {'model_name': 'SimpleImputer', 'strategy': 'median'}. Best is trial 8 with value: 0.28094879314253574.
running
[I 2024-11-05 05:41:44,181] Trial 103 finished with value: 0.28094879314253574 and parameters: {'model_name': 'SimpleImputer', 'strategy': 'mean'}. Best is trial 8 with value: 0.28094879314253574.
running
[I 2024-11-05 05:41:44,384] Trial 107 finished with value: 0.28094879314253574 and parameters: {'model_name': 'SimpleImputer', 'strategy': 'mean'}. Best is trial 8 with value: 0.28094879314253574.
running
[I 2024-11-05 05:41:44,507] Trial 106 finished with value: 0.28094879314253574 and parameters: {'model_name': 'SimpleImputer', 'strategy': 'mean'}. Best is trial 8 with value: 0.28094879314253574.
running
[I 2024-11-05 05:41:44,657] Trial 105 finished with value: 0.28094879314253574 and parameters: {'model_name': 'SimpleImputer', 'strategy': 'mean'}. Best is trial 8 with value: 0.28094879314253574.
running
[I 2024-11-05 05:41:44,907] Trial 110 finished with value: 0.28094879314253574 and parameters: {'model_name': 'SimpleImputer', 'strategy': 'mean'}. Best is trial 8 with value: 0.28094879314253574.
running
[I 2024-11-05 05:41:45,075] Trial 108 finished with value: 0.28094879314253574 and parameters: {'model_name': 'SimpleImputer', 'strategy': 'mean'}. Best is trial 8 with value: 0.28094879314253574.
running
[I 2024-11-05 05:41:45,271] Trial 109 finished with value: 0.28094879314253574 and parameters: {'model_name': 'SimpleImputer', 'strategy': 'mean'}. Best is trial 8 with value: 0.28094879314253574.
running
[I 2024-11-05 05:41:45,387] Trial 112 finished with value: 0.28094879314253574 and parameters: {'model_name': 'SimpleImputer', 'strategy': 'mean'}. Best is trial 8 with value: 0.28094879314253574.
[I 2024-11-05 05:41:45,481] Trial 115 finished with value: 0.28094879314253574 and parameters: {'model_name': 'SimpleImputer', 'strategy': 'mean'}. Best is trial 8 with value: 0.28094879314253574.
running
running
[I 2024-11-05 05:41:45,590] Trial 111 finished with value: 0.28094879314253574 and parameters: {'model_name': 'SimpleImputer', 'strategy': 'mean'}. Best is trial 8 with value: 0.28094879314253574.
running
[I 2024-11-05 05:41:45,712] Trial 116 finished with value: 0.28094879314253574 and parameters: {'model_name': 'SimpleImputer', 'strategy': 'mean'}. Best is trial 8 with value: 0.28094879314253574.
running
[I 2024-11-05 05:41:45,921] Trial 113 finished with value: 0.28094879314253574 and parameters: {'model_name': 'SimpleImputer', 'strategy': 'mean'}. Best is trial 8 with value: 0.28094879314253574.
running
[I 2024-11-05 05:41:46,078] Trial 118 finished with value: 0.28094879314253574 and parameters: {'model_name': 'SimpleImputer', 'strategy': 'mean'}. Best is trial 8 with value: 0.28094879314253574.
running
[I 2024-11-05 05:41:46,221] Trial 114 finished with value: 0.28094879314253574 and parameters: {'model_name': 'SimpleImputer', 'strategy': 'mean'}. Best is trial 8 with value: 0.28094879314253574.
running
[I 2024-11-05 05:41:46,401] Trial 121 finished with value: 0.28094879314253574 and parameters: {'model_name': 'SimpleImputer', 'strategy': 'mean'}. Best is trial 8 with value: 0.28094879314253574.
running
[I 2024-11-05 05:41:46,526] Trial 117 finished with value: 0.28094879314253574 and parameters: {'model_name': 'SimpleImputer', 'strategy': 'mean'}. Best is trial 8 with value: 0.28094879314253574.
running
[I 2024-11-05 05:41:46,703] Trial 119 finished with value: 0.28094879314253574 and parameters: {'model_name': 'SimpleImputer', 'strategy': 'mean'}. Best is trial 8 with value: 0.28094879314253574.
running
[I 2024-11-05 05:41:46,881] Trial 124 finished with value: 0.28094879314253574 and parameters: {'model_name': 'SimpleImputer', 'strategy': 'mean'}. Best is trial 8 with value: 0.28094879314253574.
[I 2024-11-05 05:41:46,999] Trial 123 finished with value: 0.28094879314253574 and parameters: {'model_name': 'SimpleImputer', 'strategy': 'mean'}. Best is trial 8 with value: 0.28094879314253574.
running
running
[I 2024-11-05 05:41:47,140] Trial 122 finished with value: 0.28094879314253574 and parameters: {'model_name': 'SimpleImputer', 'strategy': 'mean'}. Best is trial 8 with value: 0.28094879314253574.
running
[I 2024-11-05 05:41:47,323] Trial 120 finished with value: 0.28094879314253574 and parameters: {'model_name': 'SimpleImputer', 'strategy': 'mean'}. Best is trial 8 with value: 0.28094879314253574.
running
[I 2024-11-05 05:41:47,541] Trial 127 finished with value: 0.28094879314253574 and parameters: {'model_name': 'SimpleImputer', 'strategy': 'mean'}. Best is trial 8 with value: 0.28094879314253574.
running
[I 2024-11-05 05:41:47,715] Trial 128 finished with value: 0.28094879314253574 and parameters: {'model_name': 'SimpleImputer', 'strategy': 'mean'}. Best is trial 8 with value: 0.28094879314253574.
running
[I 2024-11-05 05:41:47,850] Trial 125 finished with value: 0.28094879314253574 and parameters: {'model_name': 'SimpleImputer', 'strategy': 'mean'}. Best is trial 8 with value: 0.28094879314253574.
running
[I 2024-11-05 05:41:47,961] Trial 126 finished with value: 0.28094879314253574 and parameters: {'model_name': 'SimpleImputer', 'strategy': 'mean'}. Best is trial 8 with value: 0.28094879314253574.
running
[I 2024-11-05 05:41:48,120] Trial 132 finished with value: 0.28094879314253574 and parameters: {'model_name': 'SimpleImputer', 'strategy': 'mean'}. Best is trial 8 with value: 0.28094879314253574.
running
[I 2024-11-05 05:41:48,249] Trial 129 finished with value: 0.28094879314253574 and parameters: {'model_name': 'SimpleImputer', 'strategy': 'mean'}. Best is trial 8 with value: 0.28094879314253574.
running
[I 2024-11-05 05:41:48,360] Trial 134 finished with value: 0.28094879314253574 and parameters: {'model_name': 'SimpleImputer', 'strategy': 'mean'}. Best is trial 8 with value: 0.28094879314253574.
running
[I 2024-11-05 05:41:48,471] Trial 133 finished with value: 0.28094879314253574 and parameters: {'model_name': 'SimpleImputer', 'strategy': 'mean'}. Best is trial 8 with value: 0.28094879314253574.
running
[I 2024-11-05 05:41:48,632] Trial 130 finished with value: 0.28094879314253574 and parameters: {'model_name': 'SimpleImputer', 'strategy': 'mean'}. Best is trial 8 with value: 0.28094879314253574.
running
[I 2024-11-05 05:41:48,765] Trial 131 finished with value: 0.28094879314253574 and parameters: {'model_name': 'SimpleImputer', 'strategy': 'mean'}. Best is trial 8 with value: 0.28094879314253574.
running
[I 2024-11-05 05:41:48,954] Trial 135 finished with value: 0.28094879314253574 and parameters: {'model_name': 'SimpleImputer', 'strategy': 'mean'}. Best is trial 8 with value: 0.28094879314253574.
running
[I 2024-11-05 05:41:49,204] Trial 136 finished with value: 0.28094879314253574 and parameters: {'model_name': 'SimpleImputer', 'strategy': 'mean'}. Best is trial 8 with value: 0.28094879314253574.
running
[I 2024-11-05 05:41:49,372] Trial 137 finished with value: 0.28094879314253574 and parameters: {'model_name': 'SimpleImputer', 'strategy': 'mean'}. Best is trial 8 with value: 0.28094879314253574.
running
[I 2024-11-05 05:41:49,515] Trial 140 finished with value: 0.28094879314253574 and parameters: {'model_name': 'SimpleImputer', 'strategy': 'mean'}. Best is trial 8 with value: 0.28094879314253574.
[I 2024-11-05 05:41:49,662] Trial 138 finished with value: 0.28094879314253574 and parameters: {'model_name': 'SimpleImputer', 'strategy': 'mean'}. Best is trial 8 with value: 0.28094879314253574.
running
[I 2024-11-05 05:41:49,782] Trial 139 finished with value: 0.28094879314253574 and parameters: {'model_name': 'SimpleImputer', 'strategy': 'mean'}. Best is trial 8 with value: 0.28094879314253574.
running
[I 2024-11-05 05:41:49,895] Trial 141 finished with value: 0.28094879314253574 and parameters: {'model_name': 'SimpleImputer', 'strategy': 'mean'}. Best is trial 8 with value: 0.28094879314253574.
running
running
[I 2024-11-05 05:41:50,108] Trial 143 finished with value: 0.28094879314253574 and parameters: {'model_name': 'SimpleImputer', 'strategy': 'mean'}. Best is trial 8 with value: 0.28094879314253574.
[I 2024-11-05 05:41:50,216] Trial 142 finished with value: 0.28094879314253574 and parameters: {'model_name': 'SimpleImputer', 'strategy': 'mean'}. Best is trial 8 with value: 0.28094879314253574.
running
running
[I 2024-11-05 05:41:50,388] Trial 144 finished with value: 0.28094879314253574 and parameters: {'model_name': 'SimpleImputer', 'strategy': 'mean'}. Best is trial 8 with value: 0.28094879314253574.
running
[I 2024-11-05 05:41:50,558] Trial 145 finished with value: 0.28094879314253574 and parameters: {'model_name': 'SimpleImputer', 'strategy': 'mean'}. Best is trial 8 with value: 0.28094879314253574.
[I 2024-11-05 05:41:50,704] Trial 146 finished with value: 0.28094879314253574 and parameters: {'model_name': 'SimpleImputer', 'strategy': 'mean'}. Best is trial 8 with value: 0.28094879314253574.
[I 2024-11-05 05:41:50,823] Trial 151 finished with value: 0.28094879314253574 and parameters: {'model_name': 'SimpleImputer', 'strategy': 'mean'}. Best is trial 8 with value: 0.28094879314253574.
running
running
running
[I 2024-11-05 05:41:50,962] Trial 147 finished with value: 0.28094879314253574 and parameters: {'model_name': 'SimpleImputer', 'strategy': 'mean'}. Best is trial 8 with value: 0.28094879314253574.
running
[I 2024-11-05 05:41:51,082] Trial 148 finished with value: 0.28094879314253574 and parameters: {'model_name': 'SimpleImputer', 'strategy': 'mean'}. Best is trial 8 with value: 0.28094879314253574.
[I 2024-11-05 05:41:51,219] Trial 150 finished with value: 0.28094879314253574 and parameters: {'model_name': 'SimpleImputer', 'strategy': 'mean'}. Best is trial 8 with value: 0.28094879314253574.
running
running
[I 2024-11-05 05:41:51,383] Trial 149 finished with value: 0.28094879314253574 and parameters: {'model_name': 'SimpleImputer', 'strategy': 'mean'}. Best is trial 8 with value: 0.28094879314253574.
running
[I 2024-11-05 05:41:51,558] Trial 152 finished with value: 0.28094879314253574 and parameters: {'model_name': 'SimpleImputer', 'strategy': 'mean'}. Best is trial 8 with value: 0.28094879314253574.
running
[I 2024-11-05 05:41:51,840] Trial 155 finished with value: 0.28094879314253574 and parameters: {'model_name': 'SimpleImputer', 'strategy': 'mean'}. Best is trial 8 with value: 0.28094879314253574.
running
[I 2024-11-05 05:41:52,015] Trial 157 finished with value: 0.28094879314253574 and parameters: {'model_name': 'SimpleImputer', 'strategy': 'mean'}. Best is trial 8 with value: 0.28094879314253574.
running
[I 2024-11-05 05:41:52,200] Trial 156 finished with value: 0.28094879314253574 and parameters: {'model_name': 'SimpleImputer', 'strategy': 'mean'}. Best is trial 8 with value: 0.28094879314253574.
running
[I 2024-11-05 05:41:52,314] Trial 153 finished with value: 0.28094879314253574 and parameters: {'model_name': 'SimpleImputer', 'strategy': 'mean'}. Best is trial 8 with value: 0.28094879314253574.
running
[I 2024-11-05 05:41:52,713] Trial 164 finished with value: 0.28094879314253574 and parameters: {'model_name': 'SimpleImputer', 'strategy': 'mean'}. Best is trial 8 with value: 0.28094879314253574.
running
[I 2024-11-05 05:41:52,888] Trial 166 finished with value: 0.28094879314253574 and parameters: {'model_name': 'SimpleImputer', 'strategy': 'mean'}. Best is trial 8 with value: 0.28094879314253574.
running
[I 2024-11-05 05:41:53,375] Trial 154 finished with value: 0.4966303705860852 and parameters: {'model_name': 'SimpleImputer', 'strategy': 'most_frequent'}. Best is trial 8 with value: 0.28094879314253574.
running
[I 2024-11-05 05:41:53,602] Trial 173 finished with value: 0.28094879314253574 and parameters: {'model_name': 'SimpleImputer', 'strategy': 'mean'}. Best is trial 8 with value: 0.28094879314253574.
running
[I 2024-11-05 05:41:53,727] Trial 171 finished with value: 0.28094879314253574 and parameters: {'model_name': 'SimpleImputer', 'strategy': 'mean'}. Best is trial 8 with value: 0.28094879314253574.
running
[I 2024-11-05 05:41:53,859] Trial 159 finished with value: 0.4966303705860852 and parameters: {'model_name': 'SimpleImputer', 'strategy': 'most_frequent'}. Best is trial 8 with value: 0.28094879314253574.
running
[I 2024-11-05 05:41:54,030] Trial 158 finished with value: 0.4966303705860852 and parameters: {'model_name': 'SimpleImputer', 'strategy': 'most_frequent'}. Best is trial 8 with value: 0.28094879314253574.
running
[I 2024-11-05 05:41:54,205] Trial 174 finished with value: 0.28094879314253574 and parameters: {'model_name': 'SimpleImputer', 'strategy': 'mean'}. Best is trial 8 with value: 0.28094879314253574.
running
[I 2024-11-05 05:41:54,417] Trial 163 finished with value: 0.4966303705860852 and parameters: {'model_name': 'SimpleImputer', 'strategy': 'most_frequent'}. Best is trial 8 with value: 0.28094879314253574.
running
[I 2024-11-05 05:41:54,561] Trial 162 finished with value: 0.4966303705860852 and parameters: {'model_name': 'SimpleImputer', 'strategy': 'most_frequent'}. Best is trial 8 with value: 0.28094879314253574.
running
[I 2024-11-05 05:41:54,682] Trial 160 finished with value: 0.4966303705860852 and parameters: {'model_name': 'SimpleImputer', 'strategy': 'most_frequent'}. Best is trial 8 with value: 0.28094879314253574.
running
[I 2024-11-05 05:41:54,844] Trial 168 finished with value: 0.4966303705860852 and parameters: {'model_name': 'SimpleImputer', 'strategy': 'most_frequent'}. Best is trial 8 with value: 0.28094879314253574.
running
[I 2024-11-05 05:41:55,023] Trial 165 finished with value: 0.4966303705860852 and parameters: {'model_name': 'SimpleImputer', 'strategy': 'most_frequent'}. Best is trial 8 with value: 0.28094879314253574.
running
[I 2024-11-05 05:41:55,339] Trial 167 finished with value: 0.4966303705860852 and parameters: {'model_name': 'SimpleImputer', 'strategy': 'most_frequent'}. Best is trial 8 with value: 0.28094879314253574.
[I 2024-11-05 05:41:55,467] Trial 161 finished with value: 0.4966303705860852 and parameters: {'model_name': 'SimpleImputer', 'strategy': 'most_frequent'}. Best is trial 8 with value: 0.28094879314253574.
running
running
[I 2024-11-05 05:41:55,628] Trial 169 finished with value: 0.4966303705860852 and parameters: {'model_name': 'SimpleImputer', 'strategy': 'most_frequent'}. Best is trial 8 with value: 0.28094879314253574.
running
[I 2024-11-05 05:41:55,832] Trial 179 finished with value: 0.28094879314253574 and parameters: {'model_name': 'SimpleImputer', 'strategy': 'mean'}. Best is trial 8 with value: 0.28094879314253574.
running
[I 2024-11-05 05:41:56,005] Trial 178 finished with value: 0.28094879314253574 and parameters: {'model_name': 'SimpleImputer', 'strategy': 'mean'}. Best is trial 8 with value: 0.28094879314253574.
[I 2024-11-05 05:41:56,125] Trial 176 finished with value: 0.28094879314253574 and parameters: {'model_name': 'SimpleImputer', 'strategy': 'mean'}. Best is trial 8 with value: 0.28094879314253574.
running
running
[I 2024-11-05 05:41:56,270] Trial 180 finished with value: 0.28094879314253574 and parameters: {'model_name': 'SimpleImputer', 'strategy': 'mean'}. Best is trial 8 with value: 0.28094879314253574.
running
[I 2024-11-05 05:41:56,392] Trial 170 finished with value: 0.4966303705860852 and parameters: {'model_name': 'SimpleImputer', 'strategy': 'most_frequent'}. Best is trial 8 with value: 0.28094879314253574.
running
[I 2024-11-05 05:41:56,511] Trial 177 finished with value: 0.28094879314253574 and parameters: {'model_name': 'SimpleImputer', 'strategy': 'mean'}. Best is trial 8 with value: 0.28094879314253574.
running
[I 2024-11-05 05:41:56,691] Trial 172 finished with value: 0.4966303705860852 and parameters: {'model_name': 'SimpleImputer', 'strategy': 'most_frequent'}. Best is trial 8 with value: 0.28094879314253574.
running
[I 2024-11-05 05:41:56,928] Trial 181 finished with value: 0.28094879314253574 and parameters: {'model_name': 'SimpleImputer', 'strategy': 'mean'}. Best is trial 8 with value: 0.28094879314253574.
running
[I 2024-11-05 05:41:57,095] Trial 185 finished with value: 0.28094879314253574 and parameters: {'model_name': 'SimpleImputer', 'strategy': 'mean'}. Best is trial 8 with value: 0.28094879314253574.
running
[I 2024-11-05 05:41:57,270] Trial 182 finished with value: 0.28094879314253574 and parameters: {'model_name': 'SimpleImputer', 'strategy': 'mean'}. Best is trial 8 with value: 0.28094879314253574.
running
[I 2024-11-05 05:41:57,420] Trial 184 finished with value: 0.28094879314253574 and parameters: {'model_name': 'SimpleImputer', 'strategy': 'mean'}. Best is trial 8 with value: 0.28094879314253574.
running
[I 2024-11-05 05:41:57,545] Trial 183 finished with value: 0.28094879314253574 and parameters: {'model_name': 'SimpleImputer', 'strategy': 'mean'}. Best is trial 8 with value: 0.28094879314253574.
[I 2024-11-05 05:41:57,725] Trial 187 finished with value: 0.28094879314253574 and parameters: {'model_name': 'SimpleImputer', 'strategy': 'mean'}. Best is trial 8 with value: 0.28094879314253574.
[I 2024-11-05 05:41:57,911] Trial 188 finished with value: 0.28094879314253574 and parameters: {'model_name': 'SimpleImputer', 'strategy': 'mean'}. Best is trial 8 with value: 0.28094879314253574.
[I 2024-11-05 05:41:58,041] Trial 175 finished with value: 0.4966303705860852 and parameters: {'model_name': 'SimpleImputer', 'strategy': 'most_frequent'}. Best is trial 8 with value: 0.28094879314253574.
[I 2024-11-05 05:41:58,168] Trial 186 finished with value: 0.28094879314253574 and parameters: {'model_name': 'SimpleImputer', 'strategy': 'mean'}. Best is trial 8 with value: 0.28094879314253574.
[I 2024-11-05 05:41:58,362] Trial 189 finished with value: 0.28094879314253574 and parameters: {'model_name': 'SimpleImputer', 'strategy': 'mean'}. Best is trial 8 with value: 0.28094879314253574.
[I 2024-11-05 05:41:58,511] Trial 194 finished with value: 0.28094879314253574 and parameters: {'model_name': 'SimpleImputer', 'strategy': 'mean'}. Best is trial 8 with value: 0.28094879314253574.
[I 2024-11-05 05:41:58,628] Trial 192 finished with value: 0.28094879314253574 and parameters: {'model_name': 'SimpleImputer', 'strategy': 'mean'}. Best is trial 8 with value: 0.28094879314253574.
[I 2024-11-05 05:41:58,753] Trial 193 finished with value: 0.28094879314253574 and parameters: {'model_name': 'SimpleImputer', 'strategy': 'mean'}. Best is trial 8 with value: 0.28094879314253574.
[I 2024-11-05 05:41:58,866] Trial 191 finished with value: 0.28094879314253574 and parameters: {'model_name': 'SimpleImputer', 'strategy': 'mean'}. Best is trial 8 with value: 0.28094879314253574.
[I 2024-11-05 05:41:58,988] Trial 190 finished with value: 0.28094879314253574 and parameters: {'model_name': 'SimpleImputer', 'strategy': 'mean'}. Best is trial 8 with value: 0.28094879314253574.
[I 2024-11-05 05:41:59,127] Trial 195 finished with value: 0.28094879314253574 and parameters: {'model_name': 'SimpleImputer', 'strategy': 'mean'}. Best is trial 8 with value: 0.28094879314253574.
[I 2024-11-05 05:41:59,237] Trial 196 finished with value: 0.28094879314253574 and parameters: {'model_name': 'SimpleImputer', 'strategy': 'mean'}. Best is trial 8 with value: 0.28094879314253574.
[I 2024-11-05 05:41:59,368] Trial 197 finished with value: 0.28094879314253574 and parameters: {'model_name': 'SimpleImputer', 'strategy': 'mean'}. Best is trial 8 with value: 0.28094879314253574.
[I 2024-11-05 05:41:59,487] Trial 198 finished with value: 0.28094879314253574 and parameters: {'model_name': 'SimpleImputer', 'strategy': 'mean'}. Best is trial 8 with value: 0.28094879314253574.
[I 2024-11-05 05:41:59,595] Trial 199 finished with value: 0.28094879314253574 and parameters: {'model_name': 'SimpleImputer', 'strategy': 'mean'}. Best is trial 8 with value: 0.28094879314253574.
fit
simple fit
simple transform
0    0
1    0
2    0
3    0
4    0
5    0
6    0
7    0
8    0
9    0
dtype: int64
0    0
1    0
2    0
3    0
4    0
5    0
6    0
7    0
8    0
9    0
dtype: int64
0.28094879314253574
{'model_name': 'SimpleImputer', 'strategy': 'mean'}
running experiment 2/3 - Does reconstruction give good automl predictions
Start est fit
Version 0.1.7a0 of tpot2 is outdated. Version 0.1.8a0 was released Tuesday September 17, 2024.
Version 0.1.7a0 of tpot2 is outdated. Version 0.1.8a0 was released Tuesday September 17, 2024.
Version 0.1.7a0 of tpot2 is outdated. Version 0.1.8a0 was released Tuesday September 17, 2024.
Version 0.1.7a0 of tpot2 is outdated. Version 0.1.8a0 was released Tuesday September 17, 2024.
Version 0.1.7a0 of tpot2 is outdated. Version 0.1.8a0 was released Tuesday September 17, 2024.
Version 0.1.7a0 of tpot2 is outdated. Version 0.1.8a0 was released Tuesday September 17, 2024.
Version 0.1.7a0 of tpot2 is outdated. Version 0.1.8a0 was released Tuesday September 17, 2024.
Version 0.1.7a0 of tpot2 is outdated. Version 0.1.8a0 was released Tuesday September 17, 2024.
Version 0.1.7a0 of tpot2 is outdated. Version 0.1.8a0 was released Tuesday September 17, 2024.
Version 0.1.7a0 of tpot2 is outdated. Version 0.1.8a0 was released Tuesday September 17, 2024.
Version 0.1.7a0 of tpot2 is outdated. Version 0.1.8a0 was released Tuesday September 17, 2024.
Version 0.1.7a0 of tpot2 is outdated. Version 0.1.8a0 was released Tuesday September 17, 2024.
Version 0.1.7a0 of tpot2 is outdated. Version 0.1.8a0 was released Tuesday September 17, 2024.
Version 0.1.7a0 of tpot2 is outdated. Version 0.1.8a0 was released Tuesday September 17, 2024.
Version 0.1.7a0 of tpot2 is outdated. Version 0.1.8a0 was released Tuesday September 17, 2024.
Version 0.1.7a0 of tpot2 is outdated. Version 0.1.8a0 was released Tuesday September 17, 2024.
  0%|          | 0/25 [00:00<?, ?it/s]Generation:   0%|          | 0/25 [00:00<?, ?it/s]WARNING AN INDIVIDUAL TIMED OUT: 
 <tpot2.search_spaces.pipelines.sequential.SequentialPipelineIndividual object at 0x155474cd4be0> 

Generation:  1
Best f1_score score: 0.9143402842990243
Generation:   4%|▍         | 1/25 [10:02<4:01:08, 602.84s/it]WARNING AN INDIVIDUAL TIMED OUT: 
 <tpot2.search_spaces.pipelines.sequential.SequentialPipelineIndividual object at 0x1554746736a0> 

Generation:  2
Best f1_score score: 0.9143402842990243
Generation:   8%|▊         | 2/25 [20:07<3:51:24, 603.66s/it]WARNING AN INDIVIDUAL TIMED OUT: 
 <tpot2.search_spaces.pipelines.sequential.SequentialPipelineIndividual object at 0x155474553100> 

WARNING AN INDIVIDUAL TIMED OUT: 
 <tpot2.search_spaces.pipelines.sequential.SequentialPipelineIndividual object at 0x155474cd57e0> 

Generation:  3
Best f1_score score: 0.9143402842990243
Generation:  12%|█▏        | 3/25 [30:12<3:41:36, 604.39s/it]Generation:  4
Best f1_score score: 0.9143402842990243
Generation:  16%|█▌        | 4/25 [32:00<2:22:57, 408.46s/it]WARNING AN INDIVIDUAL TIMED OUT: 
 <tpot2.search_spaces.pipelines.sequential.SequentialPipelineIndividual object at 0x155474d30be0> 

Generation:  5
Best f1_score score: 0.9151553753009353
Generation:  20%|██        | 5/25 [42:06<2:39:56, 479.84s/it]WARNING AN INDIVIDUAL TIMED OUT: 
 <tpot2.search_spaces.pipelines.sequential.SequentialPipelineIndividual object at 0x155474cd7b50> 

Generation:  6
Best f1_score score: 0.9151553753009353
Generation:  24%|██▍       | 6/25 [52:12<2:45:31, 522.72s/it]Generation:  7
Best f1_score score: 0.9151553753009353
Generation:  28%|██▊       | 7/25 [55:30<2:04:56, 416.45s/it]Generation:  8
Best f1_score score: 0.9151553753009353
Generation:  32%|███▏      | 8/25 [56:47<1:27:23, 308.43s/it]WARNING AN INDIVIDUAL TIMED OUT: 
 <tpot2.search_spaces.pipelines.sequential.SequentialPipelineIndividual object at 0x15545f87bf40> 

Generation:  9
Best f1_score score: 0.9151553753009353
Generation:  36%|███▌      | 9/25 [1:06:55<1:47:12, 402.04s/it]WARNING THIS INDIVIDUAL CAUSED AND EXCEPTION 
 <tpot2.search_spaces.pipelines.sequential.SequentialPipelineIndividual object at 0x15546769c5e0> 
 The 'min_samples_split' parameter of DecisionTreeClassifier must be an int in the range [2, inf) or a float in the range (0.0, 1.0]. Got 1 instead. 
 Traceback (most recent call last):
  File "/common/ketrong/tpotexp/tpot2/tpot2/utils/eval_utils.py", line 53, in objective_nan_wrapper
    value = func_timeout.func_timeout(timeout, objective_function, args=[individual], kwargs=objective_kwargs)
  File "/common/ketrong/tpotexp/env/lib/python3.10/site-packages/func_timeout/dafunc.py", line 108, in func_timeout
    raise_exception(exception)
  File "/common/ketrong/tpotexp/env/lib/python3.10/site-packages/func_timeout/py3_raise.py", line 7, in raise_exception
    raise exception[0] from None
  File "/common/ketrong/tpotexp/tpot2/tpot2/tpot_estimator/estimator.py", line 623, in objective_function
    return objective_function_generator(
  File "/common/ketrong/tpotexp/tpot2/tpot2/tpot_estimator/estimator_utils.py", line 55, in objective_function_generator
    cv_obj_scores = cross_val_score_objective(sklearn.base.clone(pipeline),x,y,scorers=scorers, cv=cv , fold=step)
  File "/common/ketrong/tpotexp/tpot2/tpot2/tpot_estimator/cross_val_utils.py", line 28, in cross_val_score_objective
    this_fold_pipeline.fit(X_train,y_train)
  File "/common/ketrong/tpotexp/env/lib/python3.10/site-packages/sklearn/base.py", line 1473, in wrapper
    return fit_method(estimator, *args, **kwargs)
  File "/common/ketrong/tpotexp/env/lib/python3.10/site-packages/sklearn/pipeline.py", line 473, in fit
    self._final_estimator.fit(Xt, y, **last_step_params["fit"])
  File "/common/ketrong/tpotexp/env/lib/python3.10/site-packages/sklearn/base.py", line 1466, in wrapper
    estimator._validate_params()
  File "/common/ketrong/tpotexp/env/lib/python3.10/site-packages/sklearn/base.py", line 666, in _validate_params
    validate_parameter_constraints(
  File "/common/ketrong/tpotexp/env/lib/python3.10/site-packages/sklearn/utils/_param_validation.py", line 95, in validate_parameter_constraints
    raise InvalidParameterError(
sklearn.utils._param_validation.InvalidParameterError: The 'min_samples_split' parameter of DecisionTreeClassifier must be an int in the range [2, inf) or a float in the range (0.0, 1.0]. Got 1 instead.

Generation:  10
Best f1_score score: 0.9151553753009353
Generation:  40%|████      | 10/25 [1:11:09<1:29:04, 356.30s/it]WARNING AN INDIVIDUAL TIMED OUT: 
 <tpot2.search_spaces.pipelines.sequential.SequentialPipelineIndividual object at 0x15545d7e82e0> 

WARNING AN INDIVIDUAL TIMED OUT: 
 <tpot2.search_spaces.pipelines.sequential.SequentialPipelineIndividual object at 0x1554744d89d0> 

WARNING AN INDIVIDUAL TIMED OUT: 
 <tpot2.search_spaces.pipelines.sequential.SequentialPipelineIndividual object at 0x1554741f6ad0> 

WARNING AN INDIVIDUAL TIMED OUT: 
 <tpot2.search_spaces.pipelines.sequential.SequentialPipelineIndividual object at 0x1554742cba00> 

Generation:  11
Best f1_score score: 0.9151553753009353
Generation:  44%|████▍     | 11/25 [1:21:19<1:41:17, 434.07s/it]Generation:  12
Best f1_score score: 0.9151553753009353
Generation:  48%|████▊     | 12/25 [1:22:56<1:11:47, 331.31s/it]Generation:  13
Best f1_score score: 0.9165280636297617
Generation:  52%|█████▏    | 13/25 [1:30:55<1:15:12, 376.07s/it]Generation:  14
Best f1_score score: 0.9165280636297617
Generation:  56%|█████▌    | 14/25 [1:38:02<1:11:48, 391.72s/it]Generation:  15
Best f1_score score: 0.9165280636297617
Generation:  60%|██████    | 15/25 [1:44:55<1:06:21, 398.10s/it]Generation:  16
Best f1_score score: 0.9165280636297617
Generation:  64%|██████▍   | 16/25 [1:47:13<47:56, 319.59s/it]  Generation:  17
Best f1_score score: 0.9165280636297617
Generation:  68%|██████▊   | 17/25 [1:56:55<53:09, 398.69s/it]Generation:  18
Best f1_score score: 0.9165280636297617
Generation:  72%|███████▏  | 18/25 [2:07:06<53:56, 462.34s/it]WARNING AN INDIVIDUAL TIMED OUT: 
 <tpot2.search_spaces.pipelines.sequential.SequentialPipelineIndividual object at 0x15545a66f880> 

WARNING AN INDIVIDUAL TIMED OUT: 
 <tpot2.search_spaces.pipelines.sequential.SequentialPipelineIndividual object at 0x15545fdc22f0> 

Generation:  19
Best f1_score score: 0.9165280636297617
Generation:  76%|███████▌  | 19/25 [2:17:21<50:50, 508.40s/it]WARNING AN INDIVIDUAL TIMED OUT: 
 <tpot2.search_spaces.pipelines.sequential.SequentialPipelineIndividual object at 0x1554744b8f40> 

Generation:  20
Best f1_score score: 0.9165280636297617
Generation:  80%|████████  | 20/25 [2:27:36<45:00, 540.13s/it]WARNING AN INDIVIDUAL TIMED OUT: 
 <tpot2.search_spaces.pipelines.sequential.SequentialPipelineIndividual object at 0x15545d112bf0> 

WARNING AN INDIVIDUAL TIMED OUT: 
 <tpot2.search_spaces.pipelines.sequential.SequentialPipelineIndividual object at 0x15545b66d000> 

Generation:  21
Best f1_score score: 0.9165280636297617
Generation:  84%|████████▍ | 21/25 [2:37:50<37:29, 562.35s/it]Generation:  22
Best f1_score score: 0.9175165270658393
Generation:  88%|████████▊ | 22/25 [2:41:00<22:32, 450.69s/it]Generation:  23
Best f1_score score: 0.9175165270658393
Generation:  92%|█████████▏| 23/25 [2:45:17<13:04, 392.42s/it]Generation:  24
Best f1_score score: 0.9175165270658393
Generation:  96%|█████████▌| 24/25 [2:53:09<06:56, 416.46s/it]Generation:  25
Best f1_score score: 0.9175165270658393
Generation: 100%|██████████| 25/25 [2:55:22<00:00, 331.36s/it]Generation: 100%|██████████| 25/25 [2:55:26<00:00, 421.07s/it]
2024-11-05 08:37:40,559 - distributed.scheduler - ERROR - Removing worker 'tcp://127.0.0.1:44365' caused the cluster to lose scattered data, which can't be recovered: {'ndarray-e6ce9090624c0355643e80ef35ea51e0', 'ndarray-c3745fbc00250b45723508a57453c1bd'} (stimulus_id='handle-worker-cleanup-1730824660.5589042')
Fitted
Pipeline(steps=[('mlpclassifier',
                 MLPClassifier(activation='tanh', alpha=0.0001425713816,
                               early_stopping=True,
                               hidden_layer_sizes=[95, 95, 95],
                               learning_rate_init=0.0007113446694,
                               n_iter_no_change=32))])
score start
train score: {'auroc': 0.9747930946281818, 'accuracy': 0.9174587600416999, 'balanced_accuracy': 0.9174874253006369, 'logloss': 0.20699301323187097, 'f1': 0.9174471963021051}
original test score: {'auroc': 0.9865525181074931, 'accuracy': 0.9307088545499141, 'balanced_accuracy': 0.9307282800324007, 'logloss': 0.16368013640638043, 'f1': 0.9307057018584926}
imputed test score: {'auroc': 0.963896132367472, 'accuracy': 0.9023792003924455, 'balanced_accuracy': 0.9023684370113358, 'logloss': 0.24475773406482226, 'f1': 0.9023745957333265}
score end
check intended
EXP2 Finished
running experiment 3/3 - What is the best automl settings?
<tpot2.search_spaces.pipelines.sequential.SequentialPipeline object at 0x15543504f9d0>
Start tpot fit
Version 0.1.7a0 of tpot2 is outdated. Version 0.1.8a0 was released Tuesday September 17, 2024.
Version 0.1.7a0 of tpot2 is outdated. Version 0.1.8a0 was released Tuesday September 17, 2024.
Version 0.1.7a0 of tpot2 is outdated. Version 0.1.8a0 was released Tuesday September 17, 2024.
Version 0.1.7a0 of tpot2 is outdated. Version 0.1.8a0 was released Tuesday September 17, 2024.
Version 0.1.7a0 of tpot2 is outdated. Version 0.1.8a0 was released Tuesday September 17, 2024.
Version 0.1.7a0 of tpot2 is outdated. Version 0.1.8a0 was released Tuesday September 17, 2024.
Version 0.1.7a0 of tpot2 is outdated. Version 0.1.8a0 was released Tuesday September 17, 2024.
Version 0.1.7a0 of tpot2 is outdated. Version 0.1.8a0 was released Tuesday September 17, 2024.
Version 0.1.7a0 of tpot2 is outdated. Version 0.1.8a0 was released Tuesday September 17, 2024.
Version 0.1.7a0 of tpot2 is outdated. Version 0.1.8a0 was released Tuesday September 17, 2024.
Version 0.1.7a0 of tpot2 is outdated. Version 0.1.8a0 was released Tuesday September 17, 2024.
Version 0.1.7a0 of tpot2 is outdated. Version 0.1.8a0 was released Tuesday September 17, 2024.
Version 0.1.7a0 of tpot2 is outdated. Version 0.1.8a0 was released Tuesday September 17, 2024.
Version 0.1.7a0 of tpot2 is outdated. Version 0.1.8a0 was released Tuesday September 17, 2024.
Version 0.1.7a0 of tpot2 is outdated. Version 0.1.8a0 was released Tuesday September 17, 2024.
Version 0.1.7a0 of tpot2 is outdated. Version 0.1.8a0 was released Tuesday September 17, 2024.
  0%|          | 0/25 [00:00<?, ?it/s]Generation:   0%|          | 0/25 [00:00<?, ?it/s]Generation:  1
Best f1_score score: 0.9059450114387779
Generation:   4%|▍         | 1/25 [02:44<1:05:58, 164.94s/it]Generation:  2
Best f1_score score: 0.9167419857894858
Generation:   8%|▊         | 2/25 [03:37<37:58, 99.05s/it]   Generation:  3
Best f1_score score: 0.9167419857894858
Generation:  12%|█▏        | 3/25 [07:56<1:03:06, 172.11s/it]WARNING AN INDIVIDUAL TIMED OUT: 
 <tpot2.search_spaces.pipelines.sequential.SequentialPipelineIndividual object at 0x155467f2dbd0> 

WARNING AN INDIVIDUAL TIMED OUT: 
 <tpot2.search_spaces.pipelines.sequential.SequentialPipelineIndividual object at 0x155467f0e140> 

WARNING AN INDIVIDUAL TIMED OUT: 
 <tpot2.search_spaces.pipelines.sequential.SequentialPipelineIndividual object at 0x1554747469e0> 

Generation:  4
Best f1_score score: 0.9167419857894858
Generation:  16%|█▌        | 4/25 [18:01<1:59:58, 342.79s/it]WARNING AN INDIVIDUAL TIMED OUT: 
 <tpot2.search_spaces.pipelines.sequential.SequentialPipelineIndividual object at 0x155467f09d50> 

Generation:  5
Best f1_score score: 0.9171806397120467
Generation:  20%|██        | 5/25 [28:05<2:25:38, 436.92s/it]WARNING AN INDIVIDUAL TIMED OUT: 
 <tpot2.search_spaces.pipelines.sequential.SequentialPipelineIndividual object at 0x15546717e470> 

Generation:  6
Best f1_score score: 0.9171806397120467
Generation:  24%|██▍       | 6/25 [38:09<2:36:22, 493.81s/it]WARNING AN INDIVIDUAL TIMED OUT: 
 <tpot2.search_spaces.pipelines.sequential.SequentialPipelineIndividual object at 0x155474714f40> 

WARNING AN INDIVIDUAL TIMED OUT: 
 <tpot2.search_spaces.pipelines.sequential.SequentialPipelineIndividual object at 0x155474738220> 

Generation:  7
Best f1_score score: 0.9171806397120467
Generation:  28%|██▊       | 7/25 [48:14<2:39:02, 530.14s/it]WARNING AN INDIVIDUAL TIMED OUT: 
 <tpot2.search_spaces.pipelines.sequential.SequentialPipelineIndividual object at 0x155467f0bbb0> 

WARNING AN INDIVIDUAL TIMED OUT: 
 <tpot2.search_spaces.pipelines.sequential.SequentialPipelineIndividual object at 0x1554670e9cc0> 

Generation:  8
Best f1_score score: 0.9171806397120467
Generation:  32%|███▏      | 8/25 [58:20<2:37:02, 554.24s/it]WARNING AN INDIVIDUAL TIMED OUT: 
 <tpot2.search_spaces.pipelines.sequential.SequentialPipelineIndividual object at 0x1554746a8b20> 

Generation:  9
Best f1_score score: 0.9171806397120467
Generation:  36%|███▌      | 9/25 [1:08:25<2:32:01, 570.09s/it]WARNING AN INDIVIDUAL TIMED OUT: 
 <tpot2.search_spaces.pipelines.sequential.SequentialPipelineIndividual object at 0x15546527b910> 

WARNING AN INDIVIDUAL TIMED OUT: 
 <tpot2.search_spaces.pipelines.sequential.SequentialPipelineIndividual object at 0x1554746a4910> 

WARNING AN INDIVIDUAL TIMED OUT: 
 <tpot2.search_spaces.pipelines.sequential.SequentialPipelineIndividual object at 0x155467f08850> 

WARNING AN INDIVIDUAL TIMED OUT: 
 <tpot2.search_spaces.pipelines.sequential.SequentialPipelineIndividual object at 0x155467de7940> 

Generation:  10
Best f1_score score: 0.9173541038534812
Generation:  40%|████      | 10/25 [1:18:31<2:25:17, 581.19s/it]WARNING AN INDIVIDUAL TIMED OUT: 
 <tpot2.search_spaces.pipelines.sequential.SequentialPipelineIndividual object at 0x1554772845e0> 

WARNING AN INDIVIDUAL TIMED OUT: 
 <tpot2.search_spaces.pipelines.sequential.SequentialPipelineIndividual object at 0x155464c76020> 

WARNING AN INDIVIDUAL TIMED OUT: 
 <tpot2.search_spaces.pipelines.sequential.SequentialPipelineIndividual object at 0x1554746a4ca0> 

WARNING AN INDIVIDUAL TIMED OUT: 
 <tpot2.search_spaces.pipelines.sequential.SequentialPipelineIndividual object at 0x15547471e860> 

Generation:  11
Best f1_score score: 0.9179769826400002
Generation:  44%|████▍     | 11/25 [1:28:35<2:17:15, 588.23s/it]WARNING AN INDIVIDUAL TIMED OUT: 
 <tpot2.search_spaces.pipelines.sequential.SequentialPipelineIndividual object at 0x155464b121d0> 

Generation:  12
Best f1_score score: 0.9179769826400002
Generation:  48%|████▊     | 12/25 [1:38:41<2:08:36, 593.56s/it]WARNING AN INDIVIDUAL TIMED OUT: 
 <tpot2.search_spaces.pipelines.sequential.SequentialPipelineIndividual object at 0x155464b28d30> 

WARNING AN INDIVIDUAL TIMED OUT: 
 <tpot2.search_spaces.pipelines.sequential.SequentialPipelineIndividual object at 0x1554654ef190> 

WARNING AN INDIVIDUAL TIMED OUT: 
 <tpot2.search_spaces.pipelines.sequential.SequentialPipelineIndividual object at 0x1554597bb5e0> 

WARNING AN INDIVIDUAL TIMED OUT: 
 <tpot2.search_spaces.pipelines.sequential.SequentialPipelineIndividual object at 0x1554746a6830> 

Generation:  13
Best f1_score score: 0.9179769826400002
Generation:  52%|█████▏    | 13/25 [1:48:45<1:59:21, 596.76s/it]WARNING AN INDIVIDUAL TIMED OUT: 
 <tpot2.search_spaces.pipelines.sequential.SequentialPipelineIndividual object at 0x155474720790> 

WARNING AN INDIVIDUAL TIMED OUT: 
 <tpot2.search_spaces.pipelines.sequential.SequentialPipelineIndividual object at 0x1554674abd00> 

Generation:  14
Best f1_score score: 0.9179769826400002
Generation:  56%|█████▌    | 14/25 [1:58:51<1:49:55, 599.60s/it]WARNING AN INDIVIDUAL TIMED OUT: 
 <tpot2.search_spaces.pipelines.sequential.SequentialPipelineIndividual object at 0x155464b965c0> 

WARNING AN INDIVIDUAL TIMED OUT: 
 <tpot2.search_spaces.pipelines.sequential.SequentialPipelineIndividual object at 0x1554672f3910> 

WARNING AN INDIVIDUAL TIMED OUT: 
 <tpot2.search_spaces.pipelines.sequential.SequentialPipelineIndividual object at 0x155474715ff0> 

Generation:  15
Best f1_score score: 0.9179769826400002
Generation:  60%|██████    | 15/25 [2:08:56<1:40:12, 601.25s/it]WARNING AN INDIVIDUAL TIMED OUT: 
 <tpot2.search_spaces.pipelines.sequential.SequentialPipelineIndividual object at 0x155464951f60> 

Generation:  16
Best f1_score score: 0.9179769826400002
Generation:  64%|██████▍   | 16/25 [2:19:01<1:30:21, 602.41s/it]WARNING AN INDIVIDUAL TIMED OUT: 
 <tpot2.search_spaces.pipelines.sequential.SequentialPipelineIndividual object at 0x1554746a5180> 

Generation:  17
Best f1_score score: 0.9179769826400002
Generation:  68%|██████▊   | 17/25 [2:29:07<1:20:26, 603.36s/it]WARNING AN INDIVIDUAL TIMED OUT: 
 <tpot2.search_spaces.pipelines.sequential.SequentialPipelineIndividual object at 0x155464dda140> 

Generation:  18
Best f1_score score: 0.9179769826400002
Generation:  72%|███████▏  | 18/25 [2:39:10<1:10:24, 603.49s/it]Generation:  19
Best f1_score score: 0.9179769826400002
Generation:  76%|███████▌  | 19/25 [2:47:40<57:32, 575.39s/it]  WARNING AN INDIVIDUAL TIMED OUT: 
 <tpot2.search_spaces.pipelines.sequential.SequentialPipelineIndividual object at 0x155464fccf70> 

WARNING AN INDIVIDUAL TIMED OUT: 
 <tpot2.search_spaces.pipelines.sequential.SequentialPipelineIndividual object at 0x155459ca5bd0> 

WARNING AN INDIVIDUAL TIMED OUT: 
 <tpot2.search_spaces.pipelines.sequential.SequentialPipelineIndividual object at 0x15546508d870> 

WARNING AN INDIVIDUAL TIMED OUT: 
 <tpot2.search_spaces.pipelines.sequential.SequentialPipelineIndividual object at 0x1554679d6500> 

WARNING AN INDIVIDUAL TIMED OUT: 
 <tpot2.search_spaces.pipelines.sequential.SequentialPipelineIndividual object at 0x155474704f40> 

Generation:  20
Best f1_score score: 0.9179769826400002
Generation:  80%|████████  | 20/25 [2:57:48<48:45, 585.19s/it]WARNING AN INDIVIDUAL TIMED OUT: 
 <tpot2.search_spaces.pipelines.sequential.SequentialPipelineIndividual object at 0x155464e88ac0> 

Generation:  21
Best f1_score score: 0.9180335375812115
Generation:  84%|████████▍ | 21/25 [3:07:53<39:23, 590.94s/it]WARNING AN INDIVIDUAL TIMED OUT: 
 <tpot2.search_spaces.pipelines.sequential.SequentialPipelineIndividual object at 0x155464831db0> 

Generation:  22
Best f1_score score: 0.9180335375812115
Generation:  88%|████████▊ | 22/25 [3:18:01<29:47, 596.00s/it]Generation:  23
Best f1_score score: 0.9180335375812115
Generation:  92%|█████████▏| 23/25 [3:27:17<19:28, 584.06s/it]Generation:  24
Best f1_score score: 0.9180335375812115
Generation:  96%|█████████▌| 24/25 [3:35:32<09:17, 557.47s/it]Generation:  25
Best f1_score score: 0.9180335375812115
Generation: 100%|██████████| 25/25 [3:45:02<00:00, 561.06s/it]Generation: 100%|██████████| 25/25 [3:45:02<00:00, 540.09s/it]
2024-11-05 12:23:14,790 - distributed.scheduler - ERROR - Removing worker 'tcp://127.0.0.1:36431' caused the cluster to lose scattered data, which can't be recovered: {'ndarray-c3745fbc00250b45723508a57453c1bd', 'DataFrame-158727261a20b8d45c0ce760d4919d54'} (stimulus_id='handle-worker-cleanup-1730838194.78994')
Fitted
Pipeline(steps=[('simpleimputer', SimpleImputer(strategy='median')),
                ('mlpclassifier',
                 MLPClassifier(activation='tanh', alpha=0.0248788624869,
                               early_stopping=True,
                               hidden_layer_sizes=[166, 166],
                               learning_rate='adaptive',
                               learning_rate_init=0.0008909306045,
                               n_iter_no_change=32))])
transform worked
try transform
transform worked
score start
train score: {'auroc': 0.9770530884977748, 'accuracy': 0.9204329429079536, 'balanced_accuracy': 0.9204051711711514, 'logloss': 0.19682253396945523, 'f1': 0.920414461340411}
test score: {'auroc': 0.9647904372606464, 'accuracy': 0.9078979641893549, 'balanced_accuracy': 0.9078344357378313, 'logloss': 0.24711954358231755, 'f1': 0.907810609349246}
original test score: {'auroc': 0.9874262476711374, 'accuracy': 0.9356144223693893, 'balanced_accuracy': 0.9355791846971528, 'logloss': 0.1569987983802007, 'f1': 0.9355934897766767}
score end
901
lvl
0.1
type
MAR
num_run
3
class_simple
finished
all finished
full run takes
6.699579769571622
hours
DONE
