Run: 64
/cm/local/apps/slurm/var/spool/job959857/slurm_script: line 26: 
pip install -e tpot2
pip install -r tpot2/ImputerExperiments/requirements_.txt
: No such file or directory
RunStart
Version 0.1.7a0 of tpot2 is outdated. Version 0.1.8a0 was released 2 days ago.
starting loops
../data/c/6/6.pkl
working on 
../data/c/6/class_simple_MCAR_0.5_3
3.415351152420044
running experiment 1/3 - Does large hyperparameter space improve reconstruction accuracy over simple
[I 2024-09-20 14:58:00,509] A new study created in memory with name: no-name-73561e7d-5184-4b78-ac79-f83e66c1f919
running
running
running
running
running
running
running
running
running
running
running
running
running
running
running
running
[I 2024-09-20 14:58:00,966] Trial 7 finished with value: 0.30472156628080693 and parameters: {'model_name': 'SimpleImputer', 'strategy': 'constant'}. Best is trial 7 with value: 0.30472156628080693.
running
[I 2024-09-20 14:58:01,123] Trial 4 finished with value: 0.30472156628080693 and parameters: {'model_name': 'SimpleImputer', 'strategy': 'constant'}. Best is trial 7 with value: 0.30472156628080693.
running
[I 2024-09-20 14:58:01,379] Trial 9 finished with value: 0.30472156628080693 and parameters: {'model_name': 'SimpleImputer', 'strategy': 'constant'}. Best is trial 7 with value: 0.30472156628080693.
[I 2024-09-20 14:58:01,482] Trial 12 finished with value: 0.30472156628080693 and parameters: {'model_name': 'SimpleImputer', 'strategy': 'constant'}. Best is trial 7 with value: 0.30472156628080693.
running
running
[I 2024-09-20 14:58:01,601] Trial 10 finished with value: 0.30472156628080693 and parameters: {'model_name': 'SimpleImputer', 'strategy': 'constant'}. Best is trial 7 with value: 0.30472156628080693.
[I 2024-09-20 14:58:01,693] Trial 0 finished with value: 0.17715199008024912 and parameters: {'model_name': 'SimpleImputer', 'strategy': 'mean'}. Best is trial 0 with value: 0.17715199008024912.
running
running
[I 2024-09-20 14:58:01,848] Trial 8 finished with value: 0.17715199008024912 and parameters: {'model_name': 'SimpleImputer', 'strategy': 'mean'}. Best is trial 0 with value: 0.17715199008024912.
running
[I 2024-09-20 14:58:02,029] Trial 5 finished with value: 0.17715199008024912 and parameters: {'model_name': 'SimpleImputer', 'strategy': 'mean'}. Best is trial 0 with value: 0.17715199008024912.
running
[I 2024-09-20 14:58:02,169] Trial 14 finished with value: 0.17715199008024912 and parameters: {'model_name': 'SimpleImputer', 'strategy': 'mean'}. Best is trial 0 with value: 0.17715199008024912.
running
[I 2024-09-20 14:58:02,481] Trial 16 finished with value: 0.30472156628080693 and parameters: {'model_name': 'SimpleImputer', 'strategy': 'constant'}. Best is trial 0 with value: 0.17715199008024912.
running
[I 2024-09-20 14:58:02,645] Trial 6 finished with value: 0.2943024651259378 and parameters: {'model_name': 'SimpleImputer', 'strategy': 'median'}. Best is trial 0 with value: 0.17715199008024912.
running
[I 2024-09-20 14:58:02,781] Trial 1 finished with value: 0.2943024651259378 and parameters: {'model_name': 'SimpleImputer', 'strategy': 'median'}. Best is trial 0 with value: 0.17715199008024912.
running
[I 2024-09-20 14:58:03,013] Trial 18 finished with value: 0.30472156628080693 and parameters: {'model_name': 'SimpleImputer', 'strategy': 'constant'}. Best is trial 0 with value: 0.17715199008024912.
[I 2024-09-20 14:58:03,112] Trial 19 finished with value: 0.17715199008024912 and parameters: {'model_name': 'SimpleImputer', 'strategy': 'mean'}. Best is trial 0 with value: 0.17715199008024912.
running
running
[I 2024-09-20 14:58:03,313] Trial 21 finished with value: 0.30472156628080693 and parameters: {'model_name': 'SimpleImputer', 'strategy': 'constant'}. Best is trial 0 with value: 0.17715199008024912.
running
[I 2024-09-20 14:58:03,721] Trial 2 finished with value: 0.30472156628080693 and parameters: {'model_name': 'SimpleImputer', 'strategy': 'most_frequent'}. Best is trial 0 with value: 0.17715199008024912.
running
[I 2024-09-20 14:58:04,003] Trial 23 finished with value: 0.2943024651259378 and parameters: {'model_name': 'SimpleImputer', 'strategy': 'median'}. Best is trial 0 with value: 0.17715199008024912.
[I 2024-09-20 14:58:04,110] Trial 26 finished with value: 0.17715199008024912 and parameters: {'model_name': 'SimpleImputer', 'strategy': 'mean'}. Best is trial 0 with value: 0.17715199008024912.
running
running
[I 2024-09-20 14:58:04,237] Trial 11 finished with value: 0.30472156628080693 and parameters: {'model_name': 'SimpleImputer', 'strategy': 'most_frequent'}. Best is trial 0 with value: 0.17715199008024912.
[I 2024-09-20 14:58:04,370] Trial 15 finished with value: 0.30472156628080693 and parameters: {'model_name': 'SimpleImputer', 'strategy': 'most_frequent'}. Best is trial 0 with value: 0.17715199008024912.
running
[I 2024-09-20 14:58:04,471] Trial 3 finished with value: 0.30472156628080693 and parameters: {'model_name': 'SimpleImputer', 'strategy': 'most_frequent'}. Best is trial 0 with value: 0.17715199008024912.
running
running
[I 2024-09-20 14:58:04,604] Trial 13 finished with value: 0.30472156628080693 and parameters: {'model_name': 'SimpleImputer', 'strategy': 'most_frequent'}. Best is trial 0 with value: 0.17715199008024912.
running
[I 2024-09-20 14:58:04,822] Trial 17 finished with value: 0.30472156628080693 and parameters: {'model_name': 'SimpleImputer', 'strategy': 'most_frequent'}. Best is trial 0 with value: 0.17715199008024912.
running
[I 2024-09-20 14:58:05,116] Trial 24 finished with value: 0.2943024651259378 and parameters: {'model_name': 'SimpleImputer', 'strategy': 'median'}. Best is trial 0 with value: 0.17715199008024912.
running
[I 2024-09-20 14:58:05,331] Trial 25 finished with value: 0.2943024651259378 and parameters: {'model_name': 'SimpleImputer', 'strategy': 'median'}. Best is trial 0 with value: 0.17715199008024912.
running
[I 2024-09-20 14:58:05,455] Trial 20 finished with value: 0.30472156628080693 and parameters: {'model_name': 'SimpleImputer', 'strategy': 'most_frequent'}. Best is trial 0 with value: 0.17715199008024912.
running
[I 2024-09-20 14:58:05,588] Trial 31 finished with value: 0.17715199008024912 and parameters: {'model_name': 'SimpleImputer', 'strategy': 'mean'}. Best is trial 0 with value: 0.17715199008024912.
running
[I 2024-09-20 14:58:05,792] Trial 32 finished with value: 0.17715199008024912 and parameters: {'model_name': 'SimpleImputer', 'strategy': 'mean'}. Best is trial 0 with value: 0.17715199008024912.
running
[I 2024-09-20 14:58:05,909] Trial 33 finished with value: 0.17715199008024912 and parameters: {'model_name': 'SimpleImputer', 'strategy': 'mean'}. Best is trial 0 with value: 0.17715199008024912.
[I 2024-09-20 14:58:06,004] Trial 34 finished with value: 0.17715199008024912 and parameters: {'model_name': 'SimpleImputer', 'strategy': 'mean'}. Best is trial 0 with value: 0.17715199008024912.
running
running
[I 2024-09-20 14:58:06,207] Trial 37 finished with value: 0.17715199008024912 and parameters: {'model_name': 'SimpleImputer', 'strategy': 'mean'}. Best is trial 0 with value: 0.17715199008024912.
running
[I 2024-09-20 14:58:06,349] Trial 35 finished with value: 0.17715199008024912 and parameters: {'model_name': 'SimpleImputer', 'strategy': 'mean'}. Best is trial 0 with value: 0.17715199008024912.
running
[I 2024-09-20 14:58:06,476] Trial 38 finished with value: 0.17715199008024912 and parameters: {'model_name': 'SimpleImputer', 'strategy': 'mean'}. Best is trial 0 with value: 0.17715199008024912.
[I 2024-09-20 14:58:06,593] Trial 36 finished with value: 0.17715199008024912 and parameters: {'model_name': 'SimpleImputer', 'strategy': 'mean'}. Best is trial 0 with value: 0.17715199008024912.
running
[I 2024-09-20 14:58:06,712] Trial 22 finished with value: 0.30472156628080693 and parameters: {'model_name': 'SimpleImputer', 'strategy': 'most_frequent'}. Best is trial 0 with value: 0.17715199008024912.
running
running
[I 2024-09-20 14:58:06,901] Trial 39 finished with value: 0.17715199008024912 and parameters: {'model_name': 'SimpleImputer', 'strategy': 'mean'}. Best is trial 0 with value: 0.17715199008024912.
[I 2024-09-20 14:58:07,023] Trial 29 finished with value: 0.30472156628080693 and parameters: {'model_name': 'SimpleImputer', 'strategy': 'most_frequent'}. Best is trial 0 with value: 0.17715199008024912.
running
[I 2024-09-20 14:58:07,163] Trial 27 finished with value: 0.30472156628080693 and parameters: {'model_name': 'SimpleImputer', 'strategy': 'most_frequent'}. Best is trial 0 with value: 0.17715199008024912.
running
[I 2024-09-20 14:58:07,265] Trial 40 finished with value: 0.17715199008024912 and parameters: {'model_name': 'SimpleImputer', 'strategy': 'mean'}. Best is trial 0 with value: 0.17715199008024912.
running
running
[I 2024-09-20 14:58:07,503] Trial 28 finished with value: 0.30472156628080693 and parameters: {'model_name': 'SimpleImputer', 'strategy': 'most_frequent'}. Best is trial 0 with value: 0.17715199008024912.
[I 2024-09-20 14:58:07,604] Trial 41 finished with value: 0.17715199008024912 and parameters: {'model_name': 'SimpleImputer', 'strategy': 'mean'}. Best is trial 0 with value: 0.17715199008024912.
[I 2024-09-20 14:58:07,694] Trial 43 finished with value: 0.17715199008024912 and parameters: {'model_name': 'SimpleImputer', 'strategy': 'mean'}. Best is trial 0 with value: 0.17715199008024912.
running
running
[I 2024-09-20 14:58:07,804] Trial 30 finished with value: 0.30472156628080693 and parameters: {'model_name': 'SimpleImputer', 'strategy': 'most_frequent'}. Best is trial 0 with value: 0.17715199008024912.
running
running
[I 2024-09-20 14:58:08,010] Trial 46 finished with value: 0.17715199008024912 and parameters: {'model_name': 'SimpleImputer', 'strategy': 'mean'}. Best is trial 0 with value: 0.17715199008024912.
[I 2024-09-20 14:58:08,119] Trial 44 finished with value: 0.17715199008024912 and parameters: {'model_name': 'SimpleImputer', 'strategy': 'mean'}. Best is trial 0 with value: 0.17715199008024912.
running
running
[I 2024-09-20 14:58:08,245] Trial 42 finished with value: 0.17715199008024912 and parameters: {'model_name': 'SimpleImputer', 'strategy': 'mean'}. Best is trial 0 with value: 0.17715199008024912.
running
[I 2024-09-20 14:58:08,416] Trial 45 finished with value: 0.17715199008024912 and parameters: {'model_name': 'SimpleImputer', 'strategy': 'mean'}. Best is trial 0 with value: 0.17715199008024912.
[I 2024-09-20 14:58:08,515] Trial 49 finished with value: 0.17715199008024912 and parameters: {'model_name': 'SimpleImputer', 'strategy': 'mean'}. Best is trial 0 with value: 0.17715199008024912.
running
running
[I 2024-09-20 14:58:08,663] Trial 50 finished with value: 0.17715199008024912 and parameters: {'model_name': 'SimpleImputer', 'strategy': 'mean'}. Best is trial 0 with value: 0.17715199008024912.
[I 2024-09-20 14:58:08,770] Trial 47 finished with value: 0.17715199008024912 and parameters: {'model_name': 'SimpleImputer', 'strategy': 'mean'}. Best is trial 0 with value: 0.17715199008024912.
running
running
[I 2024-09-20 14:58:08,903] Trial 48 finished with value: 0.17715199008024912 and parameters: {'model_name': 'SimpleImputer', 'strategy': 'mean'}. Best is trial 0 with value: 0.17715199008024912.
[I 2024-09-20 14:58:09,001] Trial 52 finished with value: 0.17715199008024912 and parameters: {'model_name': 'SimpleImputer', 'strategy': 'mean'}. Best is trial 0 with value: 0.17715199008024912.
running
[I 2024-09-20 14:58:09,145] Trial 51 finished with value: 0.17715199008024912 and parameters: {'model_name': 'SimpleImputer', 'strategy': 'mean'}. Best is trial 0 with value: 0.17715199008024912.
running
running
[I 2024-09-20 14:58:09,277] Trial 54 finished with value: 0.17715199008024912 and parameters: {'model_name': 'SimpleImputer', 'strategy': 'mean'}. Best is trial 0 with value: 0.17715199008024912.
running
[I 2024-09-20 14:58:09,448] Trial 55 finished with value: 0.17715199008024912 and parameters: {'model_name': 'SimpleImputer', 'strategy': 'mean'}. Best is trial 0 with value: 0.17715199008024912.
running
[I 2024-09-20 14:58:09,584] Trial 53 finished with value: 0.17715199008024912 and parameters: {'model_name': 'SimpleImputer', 'strategy': 'mean'}. Best is trial 0 with value: 0.17715199008024912.
running
[I 2024-09-20 14:58:09,770] Trial 58 finished with value: 0.17715199008024912 and parameters: {'model_name': 'SimpleImputer', 'strategy': 'mean'}. Best is trial 0 with value: 0.17715199008024912.
[I 2024-09-20 14:58:09,866] Trial 57 finished with value: 0.17715199008024912 and parameters: {'model_name': 'SimpleImputer', 'strategy': 'mean'}. Best is trial 0 with value: 0.17715199008024912.
running
running
[I 2024-09-20 14:58:09,994] Trial 60 finished with value: 0.17715199008024912 and parameters: {'model_name': 'SimpleImputer', 'strategy': 'mean'}. Best is trial 0 with value: 0.17715199008024912.
running
[I 2024-09-20 14:58:10,165] Trial 56 finished with value: 0.17715199008024912 and parameters: {'model_name': 'SimpleImputer', 'strategy': 'mean'}. Best is trial 0 with value: 0.17715199008024912.
[I 2024-09-20 14:58:10,260] Trial 61 finished with value: 0.17715199008024912 and parameters: {'model_name': 'SimpleImputer', 'strategy': 'mean'}. Best is trial 0 with value: 0.17715199008024912.
running
running
[I 2024-09-20 14:58:10,397] Trial 62 finished with value: 0.17715199008024912 and parameters: {'model_name': 'SimpleImputer', 'strategy': 'mean'}. Best is trial 0 with value: 0.17715199008024912.
running
[I 2024-09-20 14:58:10,522] Trial 66 finished with value: 0.17715199008024912 and parameters: {'model_name': 'SimpleImputer', 'strategy': 'mean'}. Best is trial 0 with value: 0.17715199008024912.
[I 2024-09-20 14:58:10,618] Trial 64 finished with value: 0.17715199008024912 and parameters: {'model_name': 'SimpleImputer', 'strategy': 'mean'}. Best is trial 0 with value: 0.17715199008024912.
running
running
[I 2024-09-20 14:58:10,725] Trial 59 finished with value: 0.17715199008024912 and parameters: {'model_name': 'SimpleImputer', 'strategy': 'mean'}. Best is trial 0 with value: 0.17715199008024912.
running
[I 2024-09-20 14:58:10,922] Trial 65 finished with value: 0.17715199008024912 and parameters: {'model_name': 'SimpleImputer', 'strategy': 'mean'}. Best is trial 0 with value: 0.17715199008024912.
running
[I 2024-09-20 14:58:11,037] Trial 63 finished with value: 0.17715199008024912 and parameters: {'model_name': 'SimpleImputer', 'strategy': 'mean'}. Best is trial 0 with value: 0.17715199008024912.
running
[I 2024-09-20 14:58:11,156] Trial 67 finished with value: 0.17715199008024912 and parameters: {'model_name': 'SimpleImputer', 'strategy': 'mean'}. Best is trial 0 with value: 0.17715199008024912.
running
[I 2024-09-20 14:58:11,308] Trial 68 finished with value: 0.17715199008024912 and parameters: {'model_name': 'SimpleImputer', 'strategy': 'mean'}. Best is trial 0 with value: 0.17715199008024912.
running
[I 2024-09-20 14:58:11,677] Trial 70 finished with value: 0.2943024651259378 and parameters: {'model_name': 'SimpleImputer', 'strategy': 'median'}. Best is trial 0 with value: 0.17715199008024912.
running
[I 2024-09-20 14:58:11,787] Trial 73 finished with value: 0.2943024651259378 and parameters: {'model_name': 'SimpleImputer', 'strategy': 'median'}. Best is trial 0 with value: 0.17715199008024912.
running
[I 2024-09-20 14:58:11,968] Trial 69 finished with value: 0.2943024651259378 and parameters: {'model_name': 'SimpleImputer', 'strategy': 'median'}. Best is trial 0 with value: 0.17715199008024912.
running
[I 2024-09-20 14:58:12,080] Trial 75 finished with value: 0.2943024651259378 and parameters: {'model_name': 'SimpleImputer', 'strategy': 'median'}. Best is trial 0 with value: 0.17715199008024912.
[I 2024-09-20 14:58:12,189] Trial 71 finished with value: 0.2943024651259378 and parameters: {'model_name': 'SimpleImputer', 'strategy': 'median'}. Best is trial 0 with value: 0.17715199008024912.
running
running
[I 2024-09-20 14:58:12,315] Trial 74 finished with value: 0.2943024651259378 and parameters: {'model_name': 'SimpleImputer', 'strategy': 'median'}. Best is trial 0 with value: 0.17715199008024912.
[I 2024-09-20 14:58:12,412] Trial 72 finished with value: 0.2943024651259378 and parameters: {'model_name': 'SimpleImputer', 'strategy': 'median'}. Best is trial 0 with value: 0.17715199008024912.
running
running
[I 2024-09-20 14:58:12,646] Trial 82 finished with value: 0.2943024651259378 and parameters: {'model_name': 'SimpleImputer', 'strategy': 'median'}. Best is trial 0 with value: 0.17715199008024912.
running
[I 2024-09-20 14:58:12,767] Trial 85 finished with value: 0.30472156628080693 and parameters: {'model_name': 'SimpleImputer', 'strategy': 'constant'}. Best is trial 0 with value: 0.17715199008024912.
[I 2024-09-20 14:58:12,870] Trial 77 finished with value: 0.2943024651259378 and parameters: {'model_name': 'SimpleImputer', 'strategy': 'median'}. Best is trial 0 with value: 0.17715199008024912.
running
[I 2024-09-20 14:58:12,968] Trial 76 finished with value: 0.2943024651259378 and parameters: {'model_name': 'SimpleImputer', 'strategy': 'median'}. Best is trial 0 with value: 0.17715199008024912.
running
[I 2024-09-20 14:58:13,090] Trial 78 finished with value: 0.2943024651259378 and parameters: {'model_name': 'SimpleImputer', 'strategy': 'median'}. Best is trial 0 with value: 0.17715199008024912.
running
running
[I 2024-09-20 14:58:13,220] Trial 83 finished with value: 0.2943024651259378 and parameters: {'model_name': 'SimpleImputer', 'strategy': 'median'}. Best is trial 0 with value: 0.17715199008024912.
[I 2024-09-20 14:58:13,316] Trial 79 finished with value: 0.2943024651259378 and parameters: {'model_name': 'SimpleImputer', 'strategy': 'median'}. Best is trial 0 with value: 0.17715199008024912.
running
running
[I 2024-09-20 14:58:13,493] Trial 86 finished with value: 0.30472156628080693 and parameters: {'model_name': 'SimpleImputer', 'strategy': 'constant'}. Best is trial 0 with value: 0.17715199008024912.
[I 2024-09-20 14:58:13,596] Trial 80 finished with value: 0.2943024651259378 and parameters: {'model_name': 'SimpleImputer', 'strategy': 'median'}. Best is trial 0 with value: 0.17715199008024912.
running
running
[I 2024-09-20 14:58:13,731] Trial 84 finished with value: 0.2943024651259378 and parameters: {'model_name': 'SimpleImputer', 'strategy': 'median'}. Best is trial 0 with value: 0.17715199008024912.
running
[I 2024-09-20 14:58:13,901] Trial 81 finished with value: 0.2943024651259378 and parameters: {'model_name': 'SimpleImputer', 'strategy': 'median'}. Best is trial 0 with value: 0.17715199008024912.
running
[I 2024-09-20 14:58:14,006] Trial 91 finished with value: 0.30472156628080693 and parameters: {'model_name': 'SimpleImputer', 'strategy': 'constant'}. Best is trial 0 with value: 0.17715199008024912.
[I 2024-09-20 14:58:14,096] Trial 88 finished with value: 0.30472156628080693 and parameters: {'model_name': 'SimpleImputer', 'strategy': 'constant'}. Best is trial 0 with value: 0.17715199008024912.
running
running
[I 2024-09-20 14:58:14,227] Trial 89 finished with value: 0.30472156628080693 and parameters: {'model_name': 'SimpleImputer', 'strategy': 'constant'}. Best is trial 0 with value: 0.17715199008024912.
running
[I 2024-09-20 14:58:14,353] Trial 87 finished with value: 0.30472156628080693 and parameters: {'model_name': 'SimpleImputer', 'strategy': 'constant'}. Best is trial 0 with value: 0.17715199008024912.
running
[I 2024-09-20 14:58:14,515] Trial 92 finished with value: 0.30472156628080693 and parameters: {'model_name': 'SimpleImputer', 'strategy': 'constant'}. Best is trial 0 with value: 0.17715199008024912.
running
[I 2024-09-20 14:58:14,681] Trial 94 finished with value: 0.30472156628080693 and parameters: {'model_name': 'SimpleImputer', 'strategy': 'constant'}. Best is trial 0 with value: 0.17715199008024912.
running
[I 2024-09-20 14:58:14,851] Trial 96 finished with value: 0.30472156628080693 and parameters: {'model_name': 'SimpleImputer', 'strategy': 'constant'}. Best is trial 0 with value: 0.17715199008024912.
[I 2024-09-20 14:58:14,951] Trial 93 finished with value: 0.17715199008024912 and parameters: {'model_name': 'SimpleImputer', 'strategy': 'mean'}. Best is trial 0 with value: 0.17715199008024912.
[I 2024-09-20 14:58:15,040] Trial 95 finished with value: 0.30472156628080693 and parameters: {'model_name': 'SimpleImputer', 'strategy': 'constant'}. Best is trial 0 with value: 0.17715199008024912.
[I 2024-09-20 14:58:15,130] Trial 90 finished with value: 0.30472156628080693 and parameters: {'model_name': 'SimpleImputer', 'strategy': 'constant'}. Best is trial 0 with value: 0.17715199008024912.
running
running
running
running
[I 2024-09-20 14:58:15,251] Trial 97 finished with value: 0.30472156628080693 and parameters: {'model_name': 'SimpleImputer', 'strategy': 'constant'}. Best is trial 0 with value: 0.17715199008024912.
running
[I 2024-09-20 14:58:15,376] Trial 98 finished with value: 0.30472156628080693 and parameters: {'model_name': 'SimpleImputer', 'strategy': 'constant'}. Best is trial 0 with value: 0.17715199008024912.
running
[I 2024-09-20 14:58:15,574] Trial 101 finished with value: 0.17715199008024912 and parameters: {'model_name': 'SimpleImputer', 'strategy': 'mean'}. Best is trial 0 with value: 0.17715199008024912.
running
[I 2024-09-20 14:58:15,725] Trial 99 finished with value: 0.17715199008024912 and parameters: {'model_name': 'SimpleImputer', 'strategy': 'mean'}. Best is trial 0 with value: 0.17715199008024912.
running
[I 2024-09-20 14:58:15,849] Trial 100 finished with value: 0.17715199008024912 and parameters: {'model_name': 'SimpleImputer', 'strategy': 'mean'}. Best is trial 0 with value: 0.17715199008024912.
running
[I 2024-09-20 14:58:16,047] Trial 104 finished with value: 0.17715199008024912 and parameters: {'model_name': 'SimpleImputer', 'strategy': 'mean'}. Best is trial 0 with value: 0.17715199008024912.
running
[I 2024-09-20 14:58:16,181] Trial 105 finished with value: 0.17715199008024912 and parameters: {'model_name': 'SimpleImputer', 'strategy': 'mean'}. Best is trial 0 with value: 0.17715199008024912.
running
[I 2024-09-20 14:58:16,317] Trial 103 finished with value: 0.17715199008024912 and parameters: {'model_name': 'SimpleImputer', 'strategy': 'mean'}. Best is trial 0 with value: 0.17715199008024912.
running
[I 2024-09-20 14:58:16,461] Trial 107 finished with value: 0.17715199008024912 and parameters: {'model_name': 'SimpleImputer', 'strategy': 'mean'}. Best is trial 0 with value: 0.17715199008024912.
[I 2024-09-20 14:58:16,556] Trial 106 finished with value: 0.17715199008024912 and parameters: {'model_name': 'SimpleImputer', 'strategy': 'mean'}. Best is trial 0 with value: 0.17715199008024912.
[I 2024-09-20 14:58:16,645] Trial 108 finished with value: 0.17715199008024912 and parameters: {'model_name': 'SimpleImputer', 'strategy': 'mean'}. Best is trial 0 with value: 0.17715199008024912.
running
running
running
[I 2024-09-20 14:58:16,796] Trial 102 finished with value: 0.17715199008024912 and parameters: {'model_name': 'SimpleImputer', 'strategy': 'mean'}. Best is trial 0 with value: 0.17715199008024912.
running
[I 2024-09-20 14:58:16,910] Trial 112 finished with value: 0.17715199008024912 and parameters: {'model_name': 'SimpleImputer', 'strategy': 'mean'}. Best is trial 0 with value: 0.17715199008024912.
running
[I 2024-09-20 14:58:17,053] Trial 110 finished with value: 0.17715199008024912 and parameters: {'model_name': 'SimpleImputer', 'strategy': 'mean'}. Best is trial 0 with value: 0.17715199008024912.
running
[I 2024-09-20 14:58:17,198] Trial 115 finished with value: 0.17715199008024912 and parameters: {'model_name': 'SimpleImputer', 'strategy': 'mean'}. Best is trial 0 with value: 0.17715199008024912.
running
[I 2024-09-20 14:58:17,334] Trial 109 finished with value: 0.17715199008024912 and parameters: {'model_name': 'SimpleImputer', 'strategy': 'mean'}. Best is trial 0 with value: 0.17715199008024912.
[I 2024-09-20 14:58:17,447] Trial 114 finished with value: 0.17715199008024912 and parameters: {'model_name': 'SimpleImputer', 'strategy': 'mean'}. Best is trial 0 with value: 0.17715199008024912.
running
running
[I 2024-09-20 14:58:17,575] Trial 111 finished with value: 0.17715199008024912 and parameters: {'model_name': 'SimpleImputer', 'strategy': 'mean'}. Best is trial 0 with value: 0.17715199008024912.
running
[I 2024-09-20 14:58:17,716] Trial 113 finished with value: 0.17715199008024912 and parameters: {'model_name': 'SimpleImputer', 'strategy': 'mean'}. Best is trial 0 with value: 0.17715199008024912.
running
[I 2024-09-20 14:58:17,869] Trial 117 finished with value: 0.17715199008024912 and parameters: {'model_name': 'SimpleImputer', 'strategy': 'mean'}. Best is trial 0 with value: 0.17715199008024912.
running
[I 2024-09-20 14:58:18,080] Trial 116 finished with value: 0.17715199008024912 and parameters: {'model_name': 'SimpleImputer', 'strategy': 'mean'}. Best is trial 0 with value: 0.17715199008024912.
running
[I 2024-09-20 14:58:18,295] Trial 123 finished with value: 0.17715199008024912 and parameters: {'model_name': 'SimpleImputer', 'strategy': 'mean'}. Best is trial 0 with value: 0.17715199008024912.
running
[I 2024-09-20 14:58:18,414] Trial 118 finished with value: 0.17715199008024912 and parameters: {'model_name': 'SimpleImputer', 'strategy': 'mean'}. Best is trial 0 with value: 0.17715199008024912.
[I 2024-09-20 14:58:18,508] Trial 121 finished with value: 0.17715199008024912 and parameters: {'model_name': 'SimpleImputer', 'strategy': 'mean'}. Best is trial 0 with value: 0.17715199008024912.
[I 2024-09-20 14:58:18,607] Trial 119 finished with value: 0.17715199008024912 and parameters: {'model_name': 'SimpleImputer', 'strategy': 'mean'}. Best is trial 0 with value: 0.17715199008024912.
[I 2024-09-20 14:58:18,697] Trial 120 finished with value: 0.17715199008024912 and parameters: {'model_name': 'SimpleImputer', 'strategy': 'mean'}. Best is trial 0 with value: 0.17715199008024912.
running
running
running
running
[I 2024-09-20 14:58:18,835] Trial 122 finished with value: 0.17715199008024912 and parameters: {'model_name': 'SimpleImputer', 'strategy': 'mean'}. Best is trial 0 with value: 0.17715199008024912.
running
[I 2024-09-20 14:58:19,028] Trial 125 finished with value: 0.17715199008024912 and parameters: {'model_name': 'SimpleImputer', 'strategy': 'mean'}. Best is trial 0 with value: 0.17715199008024912.
[I 2024-09-20 14:58:19,142] Trial 126 finished with value: 0.17715199008024912 and parameters: {'model_name': 'SimpleImputer', 'strategy': 'mean'}. Best is trial 0 with value: 0.17715199008024912.
running
running
[I 2024-09-20 14:58:19,359] Trial 127 finished with value: 0.17715199008024912 and parameters: {'model_name': 'SimpleImputer', 'strategy': 'mean'}. Best is trial 0 with value: 0.17715199008024912.
running
[I 2024-09-20 14:58:19,531] Trial 132 finished with value: 0.17715199008024912 and parameters: {'model_name': 'SimpleImputer', 'strategy': 'mean'}. Best is trial 0 with value: 0.17715199008024912.
running
[I 2024-09-20 14:58:19,660] Trial 124 finished with value: 0.17715199008024912 and parameters: {'model_name': 'SimpleImputer', 'strategy': 'mean'}. Best is trial 0 with value: 0.17715199008024912.
running
[I 2024-09-20 14:58:20,330] Trial 138 finished with value: 0.17715199008024912 and parameters: {'model_name': 'SimpleImputer', 'strategy': 'mean'}. Best is trial 0 with value: 0.17715199008024912.
running
[I 2024-09-20 14:58:20,477] Trial 133 finished with value: 0.17715199008024912 and parameters: {'model_name': 'SimpleImputer', 'strategy': 'mean'}. Best is trial 0 with value: 0.17715199008024912.
[I 2024-09-20 14:58:20,613] Trial 139 finished with value: 0.17715199008024912 and parameters: {'model_name': 'SimpleImputer', 'strategy': 'mean'}. Best is trial 0 with value: 0.17715199008024912.
running
running
[I 2024-09-20 14:58:20,994] Trial 144 finished with value: 0.17715199008024912 and parameters: {'model_name': 'SimpleImputer', 'strategy': 'mean'}. Best is trial 0 with value: 0.17715199008024912.
running
[I 2024-09-20 14:58:21,351] Trial 130 finished with value: 0.30472156628080693 and parameters: {'model_name': 'SimpleImputer', 'strategy': 'most_frequent'}. Best is trial 0 with value: 0.17715199008024912.
running
[I 2024-09-20 14:58:21,506] Trial 128 finished with value: 0.30472156628080693 and parameters: {'model_name': 'SimpleImputer', 'strategy': 'most_frequent'}. Best is trial 0 with value: 0.17715199008024912.
running
[I 2024-09-20 14:58:21,695] Trial 134 finished with value: 0.30472156628080693 and parameters: {'model_name': 'SimpleImputer', 'strategy': 'most_frequent'}. Best is trial 0 with value: 0.17715199008024912.
running
[I 2024-09-20 14:58:21,832] Trial 136 finished with value: 0.30472156628080693 and parameters: {'model_name': 'SimpleImputer', 'strategy': 'most_frequent'}. Best is trial 0 with value: 0.17715199008024912.
[I 2024-09-20 14:58:21,942] Trial 129 finished with value: 0.30472156628080693 and parameters: {'model_name': 'SimpleImputer', 'strategy': 'most_frequent'}. Best is trial 0 with value: 0.17715199008024912.
running
running
[I 2024-09-20 14:58:22,274] Trial 131 finished with value: 0.30472156628080693 and parameters: {'model_name': 'SimpleImputer', 'strategy': 'most_frequent'}. Best is trial 0 with value: 0.17715199008024912.
running
[I 2024-09-20 14:58:22,688] Trial 137 finished with value: 0.30472156628080693 and parameters: {'model_name': 'SimpleImputer', 'strategy': 'most_frequent'}. Best is trial 0 with value: 0.17715199008024912.
[I 2024-09-20 14:58:22,809] Trial 135 finished with value: 0.30472156628080693 and parameters: {'model_name': 'SimpleImputer', 'strategy': 'most_frequent'}. Best is trial 0 with value: 0.17715199008024912.
[I 2024-09-20 14:58:22,900] Trial 141 finished with value: 0.30472156628080693 and parameters: {'model_name': 'SimpleImputer', 'strategy': 'most_frequent'}. Best is trial 0 with value: 0.17715199008024912.
running
running
running
[I 2024-09-20 14:58:23,098] Trial 142 finished with value: 0.30472156628080693 and parameters: {'model_name': 'SimpleImputer', 'strategy': 'most_frequent'}. Best is trial 0 with value: 0.17715199008024912.
running
[I 2024-09-20 14:58:23,209] Trial 151 finished with value: 0.17715199008024912 and parameters: {'model_name': 'SimpleImputer', 'strategy': 'mean'}. Best is trial 0 with value: 0.17715199008024912.
[I 2024-09-20 14:58:23,302] Trial 140 finished with value: 0.30472156628080693 and parameters: {'model_name': 'SimpleImputer', 'strategy': 'most_frequent'}. Best is trial 0 with value: 0.17715199008024912.
[I 2024-09-20 14:58:23,393] Trial 143 finished with value: 0.30472156628080693 and parameters: {'model_name': 'SimpleImputer', 'strategy': 'most_frequent'}. Best is trial 0 with value: 0.17715199008024912.
running
running
running
[I 2024-09-20 14:58:23,570] Trial 150 finished with value: 0.17715199008024912 and parameters: {'model_name': 'SimpleImputer', 'strategy': 'mean'}. Best is trial 0 with value: 0.17715199008024912.
running
[I 2024-09-20 14:58:23,717] Trial 152 finished with value: 0.17715199008024912 and parameters: {'model_name': 'SimpleImputer', 'strategy': 'mean'}. Best is trial 0 with value: 0.17715199008024912.
[I 2024-09-20 14:58:23,829] Trial 153 finished with value: 0.17715199008024912 and parameters: {'model_name': 'SimpleImputer', 'strategy': 'mean'}. Best is trial 0 with value: 0.17715199008024912.
running
[I 2024-09-20 14:58:23,938] Trial 154 finished with value: 0.17715199008024912 and parameters: {'model_name': 'SimpleImputer', 'strategy': 'mean'}. Best is trial 0 with value: 0.17715199008024912.
running
running
[I 2024-09-20 14:58:24,438] Trial 147 finished with value: 0.30472156628080693 and parameters: {'model_name': 'SimpleImputer', 'strategy': 'most_frequent'}. Best is trial 0 with value: 0.17715199008024912.
running
[I 2024-09-20 14:58:24,567] Trial 158 finished with value: 0.17715199008024912 and parameters: {'model_name': 'SimpleImputer', 'strategy': 'mean'}. Best is trial 0 with value: 0.17715199008024912.
running
[I 2024-09-20 14:58:24,579] Trial 155 finished with value: 0.17715199008024912 and parameters: {'model_name': 'SimpleImputer', 'strategy': 'mean'}. Best is trial 0 with value: 0.17715199008024912.
[I 2024-09-20 14:58:24,581] Trial 161 finished with value: 0.17715199008024912 and parameters: {'model_name': 'SimpleImputer', 'strategy': 'mean'}. Best is trial 0 with value: 0.17715199008024912.
[I 2024-09-20 14:58:24,781] Trial 156 finished with value: 0.17715199008024912 and parameters: {'model_name': 'SimpleImputer', 'strategy': 'mean'}. Best is trial 0 with value: 0.17715199008024912.
running
running
running
[I 2024-09-20 14:58:25,044] Trial 157 finished with value: 0.17715199008024912 and parameters: {'model_name': 'SimpleImputer', 'strategy': 'mean'}. Best is trial 0 with value: 0.17715199008024912.
running
[I 2024-09-20 14:58:25,167] Trial 146 finished with value: 0.30472156628080693 and parameters: {'model_name': 'SimpleImputer', 'strategy': 'most_frequent'}. Best is trial 0 with value: 0.17715199008024912.
[I 2024-09-20 14:58:25,260] Trial 162 finished with value: 0.17715199008024912 and parameters: {'model_name': 'SimpleImputer', 'strategy': 'mean'}. Best is trial 0 with value: 0.17715199008024912.
[I 2024-09-20 14:58:25,351] Trial 149 finished with value: 0.30472156628080693 and parameters: {'model_name': 'SimpleImputer', 'strategy': 'most_frequent'}. Best is trial 0 with value: 0.17715199008024912.
running
[I 2024-09-20 14:58:25,452] Trial 159 finished with value: 0.17715199008024912 and parameters: {'model_name': 'SimpleImputer', 'strategy': 'mean'}. Best is trial 0 with value: 0.17715199008024912.
running
[I 2024-09-20 14:58:25,549] Trial 160 finished with value: 0.17715199008024912 and parameters: {'model_name': 'SimpleImputer', 'strategy': 'mean'}. Best is trial 0 with value: 0.17715199008024912.
running
running
[I 2024-09-20 14:58:25,665] Trial 164 finished with value: 0.17715199008024912 and parameters: {'model_name': 'SimpleImputer', 'strategy': 'mean'}. Best is trial 0 with value: 0.17715199008024912.
[I 2024-09-20 14:58:25,763] Trial 145 finished with value: 0.30472156628080693 and parameters: {'model_name': 'SimpleImputer', 'strategy': 'most_frequent'}. Best is trial 0 with value: 0.17715199008024912.
running
running
[I 2024-09-20 14:58:25,879] Trial 163 finished with value: 0.17715199008024912 and parameters: {'model_name': 'SimpleImputer', 'strategy': 'mean'}. Best is trial 0 with value: 0.17715199008024912.
running
running
[I 2024-09-20 14:58:26,045] Trial 148 finished with value: 0.30472156628080693 and parameters: {'model_name': 'SimpleImputer', 'strategy': 'most_frequent'}. Best is trial 0 with value: 0.17715199008024912.
running
[I 2024-09-20 14:58:26,148] Trial 165 finished with value: 0.17715199008024912 and parameters: {'model_name': 'SimpleImputer', 'strategy': 'mean'}. Best is trial 0 with value: 0.17715199008024912.
running
[I 2024-09-20 14:58:26,487] Trial 166 finished with value: 0.17715199008024912 and parameters: {'model_name': 'SimpleImputer', 'strategy': 'mean'}. Best is trial 0 with value: 0.17715199008024912.
[I 2024-09-20 14:58:26,601] Trial 171 finished with value: 0.17715199008024912 and parameters: {'model_name': 'SimpleImputer', 'strategy': 'mean'}. Best is trial 0 with value: 0.17715199008024912.
running
running
[I 2024-09-20 14:58:26,850] Trial 169 finished with value: 0.17715199008024912 and parameters: {'model_name': 'SimpleImputer', 'strategy': 'mean'}. Best is trial 0 with value: 0.17715199008024912.
running
[I 2024-09-20 14:58:26,981] Trial 170 finished with value: 0.17715199008024912 and parameters: {'model_name': 'SimpleImputer', 'strategy': 'mean'}. Best is trial 0 with value: 0.17715199008024912.
[I 2024-09-20 14:58:27,076] Trial 167 finished with value: 0.17715199008024912 and parameters: {'model_name': 'SimpleImputer', 'strategy': 'mean'}. Best is trial 0 with value: 0.17715199008024912.
running
running
[I 2024-09-20 14:58:27,196] Trial 174 finished with value: 0.17715199008024912 and parameters: {'model_name': 'SimpleImputer', 'strategy': 'mean'}. Best is trial 0 with value: 0.17715199008024912.
[I 2024-09-20 14:58:27,288] Trial 178 finished with value: 0.17715199008024912 and parameters: {'model_name': 'SimpleImputer', 'strategy': 'mean'}. Best is trial 0 with value: 0.17715199008024912.
running
[I 2024-09-20 14:58:27,397] Trial 179 finished with value: 0.17715199008024912 and parameters: {'model_name': 'SimpleImputer', 'strategy': 'mean'}. Best is trial 0 with value: 0.17715199008024912.
[I 2024-09-20 14:58:27,484] Trial 175 finished with value: 0.17715199008024912 and parameters: {'model_name': 'SimpleImputer', 'strategy': 'mean'}. Best is trial 0 with value: 0.17715199008024912.
running
running
running
[I 2024-09-20 14:58:27,642] Trial 177 finished with value: 0.17715199008024912 and parameters: {'model_name': 'SimpleImputer', 'strategy': 'mean'}. Best is trial 0 with value: 0.17715199008024912.
[I 2024-09-20 14:58:27,752] Trial 173 finished with value: 0.17715199008024912 and parameters: {'model_name': 'SimpleImputer', 'strategy': 'mean'}. Best is trial 0 with value: 0.17715199008024912.
[I 2024-09-20 14:58:27,865] Trial 180 finished with value: 0.17715199008024912 and parameters: {'model_name': 'SimpleImputer', 'strategy': 'mean'}. Best is trial 0 with value: 0.17715199008024912.
running
running
running
[I 2024-09-20 14:58:28,010] Trial 172 finished with value: 0.17715199008024912 and parameters: {'model_name': 'SimpleImputer', 'strategy': 'mean'}. Best is trial 0 with value: 0.17715199008024912.
running
[I 2024-09-20 14:58:28,146] Trial 176 finished with value: 0.17715199008024912 and parameters: {'model_name': 'SimpleImputer', 'strategy': 'mean'}. Best is trial 0 with value: 0.17715199008024912.
[I 2024-09-20 14:58:28,247] Trial 181 finished with value: 0.17715199008024912 and parameters: {'model_name': 'SimpleImputer', 'strategy': 'mean'}. Best is trial 0 with value: 0.17715199008024912.
[I 2024-09-20 14:58:28,336] Trial 168 finished with value: 0.17715199008024912 and parameters: {'model_name': 'SimpleImputer', 'strategy': 'mean'}. Best is trial 0 with value: 0.17715199008024912.
running
running
running
[I 2024-09-20 14:58:28,572] Trial 182 finished with value: 0.17715199008024912 and parameters: {'model_name': 'SimpleImputer', 'strategy': 'mean'}. Best is trial 0 with value: 0.17715199008024912.
running
[I 2024-09-20 14:58:28,814] Trial 185 finished with value: 0.17715199008024912 and parameters: {'model_name': 'SimpleImputer', 'strategy': 'mean'}. Best is trial 0 with value: 0.17715199008024912.
running
[I 2024-09-20 14:58:28,952] Trial 184 finished with value: 0.17715199008024912 and parameters: {'model_name': 'SimpleImputer', 'strategy': 'mean'}. Best is trial 0 with value: 0.17715199008024912.
[I 2024-09-20 14:58:29,090] Trial 186 finished with value: 0.17715199008024912 and parameters: {'model_name': 'SimpleImputer', 'strategy': 'mean'}. Best is trial 0 with value: 0.17715199008024912.
[I 2024-09-20 14:58:29,204] Trial 190 finished with value: 0.17715199008024912 and parameters: {'model_name': 'SimpleImputer', 'strategy': 'mean'}. Best is trial 0 with value: 0.17715199008024912.
[I 2024-09-20 14:58:29,305] Trial 188 finished with value: 0.17715199008024912 and parameters: {'model_name': 'SimpleImputer', 'strategy': 'mean'}. Best is trial 0 with value: 0.17715199008024912.
[I 2024-09-20 14:58:29,410] Trial 191 finished with value: 0.17715199008024912 and parameters: {'model_name': 'SimpleImputer', 'strategy': 'mean'}. Best is trial 0 with value: 0.17715199008024912.
[I 2024-09-20 14:58:29,510] Trial 183 finished with value: 0.17715199008024912 and parameters: {'model_name': 'SimpleImputer', 'strategy': 'mean'}. Best is trial 0 with value: 0.17715199008024912.
[I 2024-09-20 14:58:29,619] Trial 187 finished with value: 0.17715199008024912 and parameters: {'model_name': 'SimpleImputer', 'strategy': 'mean'}. Best is trial 0 with value: 0.17715199008024912.
[I 2024-09-20 14:58:29,726] Trial 195 finished with value: 0.17715199008024912 and parameters: {'model_name': 'SimpleImputer', 'strategy': 'mean'}. Best is trial 0 with value: 0.17715199008024912.
[I 2024-09-20 14:58:29,848] Trial 196 finished with value: 0.17715199008024912 and parameters: {'model_name': 'SimpleImputer', 'strategy': 'mean'}. Best is trial 0 with value: 0.17715199008024912.
[I 2024-09-20 14:58:29,945] Trial 189 finished with value: 0.17715199008024912 and parameters: {'model_name': 'SimpleImputer', 'strategy': 'mean'}. Best is trial 0 with value: 0.17715199008024912.
[I 2024-09-20 14:58:30,031] Trial 197 finished with value: 0.17715199008024912 and parameters: {'model_name': 'SimpleImputer', 'strategy': 'mean'}. Best is trial 0 with value: 0.17715199008024912.
[I 2024-09-20 14:58:30,112] Trial 192 finished with value: 0.17715199008024912 and parameters: {'model_name': 'SimpleImputer', 'strategy': 'mean'}. Best is trial 0 with value: 0.17715199008024912.
[I 2024-09-20 14:58:30,196] Trial 194 finished with value: 0.17715199008024912 and parameters: {'model_name': 'SimpleImputer', 'strategy': 'mean'}. Best is trial 0 with value: 0.17715199008024912.
[I 2024-09-20 14:58:30,282] Trial 193 finished with value: 0.17715199008024912 and parameters: {'model_name': 'SimpleImputer', 'strategy': 'mean'}. Best is trial 0 with value: 0.17715199008024912.
[I 2024-09-20 14:58:30,376] Trial 198 finished with value: 0.17715199008024912 and parameters: {'model_name': 'SimpleImputer', 'strategy': 'mean'}. Best is trial 0 with value: 0.17715199008024912.
[I 2024-09-20 14:58:30,467] Trial 199 finished with value: 0.17715199008024912 and parameters: {'model_name': 'SimpleImputer', 'strategy': 'mean'}. Best is trial 0 with value: 0.17715199008024912.
fit
simple fit
simple transform
0     0
1     0
2     0
3     0
4     0
5     0
6     0
7     0
8     0
9     0
10    0
11    0
12    0
13    0
14    0
15    0
dtype: int64
0     0
1     0
2     0
3     0
4     0
5     0
6     0
7     0
8     0
9     0
10    0
11    0
12    0
13    0
14    0
15    0
dtype: int64
0.17715199008024912
{'model_name': 'SimpleImputer', 'strategy': 'mean'}
running experiment 2/3 - Does reconstruction give good automl predictions
Start est fit
Version 0.1.7a0 of tpot2 is outdated. Version 0.1.8a0 was released 2 days ago.
Version 0.1.7a0 of tpot2 is outdated. Version 0.1.8a0 was released 2 days ago.
Version 0.1.7a0 of tpot2 is outdated. Version 0.1.8a0 was released 2 days ago.
Version 0.1.7a0 of tpot2 is outdated. Version 0.1.8a0 was released 2 days ago.
Version 0.1.7a0 of tpot2 is outdated. Version 0.1.8a0 was released 2 days ago.
Version 0.1.7a0 of tpot2 is outdated. Version 0.1.8a0 was released 2 days ago.
Version 0.1.7a0 of tpot2 is outdated. Version 0.1.8a0 was released 2 days ago.
Version 0.1.7a0 of tpot2 is outdated. Version 0.1.8a0 was released 2 days ago.
Version 0.1.7a0 of tpot2 is outdated. Version 0.1.8a0 was released 2 days ago.
Version 0.1.7a0 of tpot2 is outdated. Version 0.1.8a0 was released 2 days ago.
Version 0.1.7a0 of tpot2 is outdated. Version 0.1.8a0 was released 2 days ago.
Version 0.1.7a0 of tpot2 is outdated. Version 0.1.8a0 was released 2 days ago.
Version 0.1.7a0 of tpot2 is outdated. Version 0.1.8a0 was released 2 days ago.
Version 0.1.7a0 of tpot2 is outdated. Version 0.1.8a0 was released 2 days ago.
Version 0.1.7a0 of tpot2 is outdated. Version 0.1.8a0 was released 2 days ago.
Version 0.1.7a0 of tpot2 is outdated. Version 0.1.8a0 was released 2 days ago.
  0%|          | 0/25 [00:00<?, ?it/s]Generation:   0%|          | 0/25 [00:00<?, ?it/s]Generation:  1
Best f1_score score: 0.6092006681764994
Generation:   4%|▍         | 1/25 [01:31<36:41, 91.73s/it]Generation:  2
Best f1_score score: 0.6092006681764994
Generation:   8%|▊         | 2/25 [03:05<35:36, 92.89s/it]WARNING AN INDIVIDUAL TIMED OUT: 
 <tpot2.search_spaces.pipelines.sequential.SequentialPipelineIndividual object at 0x155474630b20> 

Generation:  3
Best f1_score score: 0.6092006681764994
Generation:  12%|█▏        | 3/25 [13:11<2:00:02, 327.40s/it]Generation:  4
Best f1_score score: 0.6109702055917117
Generation:  16%|█▌        | 4/25 [17:43<1:46:49, 305.22s/it]Generation:  5
Best f1_score score: 0.6109702055917117
Generation:  20%|██        | 5/25 [19:27<1:17:34, 232.75s/it]Generation:  6
Best f1_score score: 0.6109702055917117
Generation:  24%|██▍       | 6/25 [22:41<1:09:32, 219.62s/it]Generation:  7
Best f1_score score: 0.6109702055917117
Generation:  28%|██▊       | 7/25 [24:20<54:06, 180.33s/it]  Generation:  8
Best f1_score score: 0.6109702055917117
Generation:  32%|███▏      | 8/25 [26:45<47:49, 168.81s/it]Generation:  9
Best f1_score score: 0.6116214124374968
Generation:  36%|███▌      | 9/25 [30:16<48:33, 182.07s/it]WARNING THIS INDIVIDUAL CAUSED AND EXCEPTION 
 <tpot2.search_spaces.pipelines.sequential.SequentialPipelineIndividual object at 0x15547458fdf0> 
 Argument 'metric' has incorrect type (expected str, got numpy.str_) 
 Traceback (most recent call last):
  File "/common/ketrong/tpotexp/tpot2/tpot2/utils/eval_utils.py", line 53, in objective_nan_wrapper
    value = func_timeout.func_timeout(timeout, objective_function, args=[individual], kwargs=objective_kwargs)
  File "/common/ketrong/tpotexp/env/lib/python3.10/site-packages/func_timeout/dafunc.py", line 108, in func_timeout
    raise_exception(exception)
  File "/common/ketrong/tpotexp/env/lib/python3.10/site-packages/func_timeout/py3_raise.py", line 7, in raise_exception
    raise exception[0] from None
  File "/common/ketrong/tpotexp/tpot2/tpot2/tpot_estimator/estimator.py", line 623, in objective_function
    return objective_function_generator(
  File "/common/ketrong/tpotexp/tpot2/tpot2/tpot_estimator/estimator_utils.py", line 55, in objective_function_generator
    cv_obj_scores = cross_val_score_objective(sklearn.base.clone(pipeline),x,y,scorers=scorers, cv=cv , fold=step)
  File "/common/ketrong/tpotexp/tpot2/tpot2/tpot_estimator/cross_val_utils.py", line 31, in cross_val_score_objective
    this_fold_scores = [sklearn.metrics.get_scorer(scorer)(this_fold_pipeline, X_test, y_test) for scorer in scorers]
  File "/common/ketrong/tpotexp/tpot2/tpot2/tpot_estimator/cross_val_utils.py", line 31, in <listcomp>
    this_fold_scores = [sklearn.metrics.get_scorer(scorer)(this_fold_pipeline, X_test, y_test) for scorer in scorers]
  File "/common/ketrong/tpotexp/env/lib/python3.10/site-packages/sklearn/metrics/_scorer.py", line 279, in __call__
    return self._score(partial(_cached_call, None), estimator, X, y_true, **_kwargs)
  File "/common/ketrong/tpotexp/env/lib/python3.10/site-packages/sklearn/metrics/_scorer.py", line 371, in _score
    y_pred = method_caller(
  File "/common/ketrong/tpotexp/env/lib/python3.10/site-packages/sklearn/metrics/_scorer.py", line 89, in _cached_call
    result, _ = _get_response_values(
  File "/common/ketrong/tpotexp/env/lib/python3.10/site-packages/sklearn/utils/_response.py", line 211, in _get_response_values
    y_pred = prediction_method(X)
  File "/common/ketrong/tpotexp/env/lib/python3.10/site-packages/sklearn/pipeline.py", line 601, in predict
    return self.steps[-1][1].predict(Xt, **params)
  File "/common/ketrong/tpotexp/env/lib/python3.10/site-packages/sklearn/neighbors/_classification.py", line 259, in predict
    probabilities = self.predict_proba(X)
  File "/common/ketrong/tpotexp/env/lib/python3.10/site-packages/sklearn/neighbors/_classification.py", line 343, in predict_proba
    probabilities = ArgKminClassMode.compute(
  File "/common/ketrong/tpotexp/env/lib/python3.10/site-packages/sklearn/metrics/_pairwise_distances_reduction/_dispatcher.py", line 584, in compute
    return ArgKminClassMode64.compute(
TypeError: Argument 'metric' has incorrect type (expected str, got numpy.str_)

Generation:  10
Best f1_score score: 0.6132486293661229
Generation:  40%|████      | 10/25 [38:24<1:09:08, 276.55s/it]Generation:  11
Best f1_score score: 0.6132486293661229
Generation:  44%|████▍     | 11/25 [44:43<1:11:49, 307.84s/it]WARNING AN INDIVIDUAL TIMED OUT: 
 <tpot2.search_spaces.pipelines.sequential.SequentialPipelineIndividual object at 0x155474d1e650> 

Generation:  12
Best f1_score score: 0.6132486293661229
Generation:  48%|████▊     | 12/25 [54:52<1:26:33, 399.48s/it]Generation:  13
Best f1_score score: 0.6132486293661229
Generation:  52%|█████▏    | 13/25 [57:37<1:05:43, 328.66s/it]Generation:  14
Best f1_score score: 0.6132486293661229
Generation:  56%|█████▌    | 14/25 [1:04:27<1:04:45, 353.23s/it]Generation:  15
Best f1_score score: 0.6133416221872124
Generation:  60%|██████    | 15/25 [1:06:45<48:03, 288.35s/it]  Generation:  16
Best f1_score score: 0.6133416221872124
Generation:  64%|██████▍   | 16/25 [1:08:51<35:54, 239.39s/it]Generation:  17
Best f1_score score: 0.6133416221872124
Generation:  68%|██████▊   | 17/25 [1:14:49<36:38, 274.86s/it]Generation:  18
Best f1_score score: 0.6154307557378382
Generation:  72%|███████▏  | 18/25 [1:24:17<42:21, 363.02s/it]Generation:  19
Best f1_score score: 0.6154307557378382
Generation:  76%|███████▌  | 19/25 [1:26:38<29:38, 296.44s/it]Generation:  20
Best f1_score score: 0.6154307557378382
Generation:  80%|████████  | 20/25 [1:29:05<20:58, 251.68s/it]WARNING THIS INDIVIDUAL CAUSED AND EXCEPTION 
 <tpot2.search_spaces.pipelines.sequential.SequentialPipelineIndividual object at 0x15545b642ad0> 
 The 'min_samples_split' parameter of DecisionTreeClassifier must be an int in the range [2, inf) or a float in the range (0.0, 1.0]. Got 1 instead. 
 Traceback (most recent call last):
  File "/common/ketrong/tpotexp/tpot2/tpot2/utils/eval_utils.py", line 53, in objective_nan_wrapper
    value = func_timeout.func_timeout(timeout, objective_function, args=[individual], kwargs=objective_kwargs)
  File "/common/ketrong/tpotexp/env/lib/python3.10/site-packages/func_timeout/dafunc.py", line 108, in func_timeout
    raise_exception(exception)
  File "/common/ketrong/tpotexp/env/lib/python3.10/site-packages/func_timeout/py3_raise.py", line 7, in raise_exception
    raise exception[0] from None
  File "/common/ketrong/tpotexp/tpot2/tpot2/tpot_estimator/estimator.py", line 623, in objective_function
    return objective_function_generator(
  File "/common/ketrong/tpotexp/tpot2/tpot2/tpot_estimator/estimator_utils.py", line 55, in objective_function_generator
    cv_obj_scores = cross_val_score_objective(sklearn.base.clone(pipeline),x,y,scorers=scorers, cv=cv , fold=step)
  File "/common/ketrong/tpotexp/tpot2/tpot2/tpot_estimator/cross_val_utils.py", line 28, in cross_val_score_objective
    this_fold_pipeline.fit(X_train,y_train)
  File "/common/ketrong/tpotexp/env/lib/python3.10/site-packages/sklearn/base.py", line 1473, in wrapper
    return fit_method(estimator, *args, **kwargs)
  File "/common/ketrong/tpotexp/env/lib/python3.10/site-packages/sklearn/pipeline.py", line 473, in fit
    self._final_estimator.fit(Xt, y, **last_step_params["fit"])
  File "/common/ketrong/tpotexp/env/lib/python3.10/site-packages/sklearn/base.py", line 1466, in wrapper
    estimator._validate_params()
  File "/common/ketrong/tpotexp/env/lib/python3.10/site-packages/sklearn/base.py", line 666, in _validate_params
    validate_parameter_constraints(
  File "/common/ketrong/tpotexp/env/lib/python3.10/site-packages/sklearn/utils/_param_validation.py", line 95, in validate_parameter_constraints
    raise InvalidParameterError(
sklearn.utils._param_validation.InvalidParameterError: The 'min_samples_split' parameter of DecisionTreeClassifier must be an int in the range [2, inf) or a float in the range (0.0, 1.0]. Got 1 instead.

WARNING AN INDIVIDUAL TIMED OUT: 
 <tpot2.search_spaces.pipelines.sequential.SequentialPipelineIndividual object at 0x155474d381c0> 

Generation:  21
Best f1_score score: 0.6154307557378382
Generation:  84%|████████▍ | 21/25 [1:39:18<24:00, 360.06s/it]Generation:  22
Best f1_score score: 0.6154307557378382
Generation:  88%|████████▊ | 22/25 [1:42:41<15:38, 312.88s/it]WARNING THIS INDIVIDUAL CAUSED AND EXCEPTION 
 <tpot2.search_spaces.pipelines.sequential.SequentialPipelineIndividual object at 0x15545dad68f0> 
 The 'min_samples_split' parameter of DecisionTreeClassifier must be an int in the range [2, inf) or a float in the range (0.0, 1.0]. Got 1 instead. 
 Traceback (most recent call last):
  File "/common/ketrong/tpotexp/tpot2/tpot2/utils/eval_utils.py", line 53, in objective_nan_wrapper
    value = func_timeout.func_timeout(timeout, objective_function, args=[individual], kwargs=objective_kwargs)
  File "/common/ketrong/tpotexp/env/lib/python3.10/site-packages/func_timeout/dafunc.py", line 108, in func_timeout
    raise_exception(exception)
  File "/common/ketrong/tpotexp/env/lib/python3.10/site-packages/func_timeout/py3_raise.py", line 7, in raise_exception
    raise exception[0] from None
  File "/common/ketrong/tpotexp/tpot2/tpot2/tpot_estimator/estimator.py", line 623, in objective_function
    return objective_function_generator(
  File "/common/ketrong/tpotexp/tpot2/tpot2/tpot_estimator/estimator_utils.py", line 55, in objective_function_generator
    cv_obj_scores = cross_val_score_objective(sklearn.base.clone(pipeline),x,y,scorers=scorers, cv=cv , fold=step)
  File "/common/ketrong/tpotexp/tpot2/tpot2/tpot_estimator/cross_val_utils.py", line 28, in cross_val_score_objective
    this_fold_pipeline.fit(X_train,y_train)
  File "/common/ketrong/tpotexp/env/lib/python3.10/site-packages/sklearn/base.py", line 1473, in wrapper
    return fit_method(estimator, *args, **kwargs)
  File "/common/ketrong/tpotexp/env/lib/python3.10/site-packages/sklearn/pipeline.py", line 473, in fit
    self._final_estimator.fit(Xt, y, **last_step_params["fit"])
  File "/common/ketrong/tpotexp/env/lib/python3.10/site-packages/sklearn/base.py", line 1466, in wrapper
    estimator._validate_params()
  File "/common/ketrong/tpotexp/env/lib/python3.10/site-packages/sklearn/base.py", line 666, in _validate_params
    validate_parameter_constraints(
  File "/common/ketrong/tpotexp/env/lib/python3.10/site-packages/sklearn/utils/_param_validation.py", line 95, in validate_parameter_constraints
    raise InvalidParameterError(
sklearn.utils._param_validation.InvalidParameterError: The 'min_samples_split' parameter of DecisionTreeClassifier must be an int in the range [2, inf) or a float in the range (0.0, 1.0]. Got 1 instead.

Generation:  23
Best f1_score score: 0.6154307557378382
Generation:  92%|█████████▏| 23/25 [1:45:36<09:02, 271.34s/it]Generation:  24
Best f1_score score: 0.6154307557378382
Generation:  96%|█████████▌| 24/25 [1:54:35<05:51, 351.77s/it]Generation:  25
Best f1_score score: 0.6154307557378382
Generation: 100%|██████████| 25/25 [1:57:06<00:00, 291.65s/it]Generation: 100%|██████████| 25/25 [1:57:10<00:00, 281.21s/it]
2024-09-20 16:56:29,007 - distributed.scheduler - ERROR - Removing worker 'tcp://127.0.0.1:38025' caused the cluster to lose scattered data, which can't be recovered: {'ndarray-9ca482719aef162108ba11fd72516e7f', 'ndarray-f44562fbd7a1642dc081874940e80174'} (stimulus_id='handle-worker-cleanup-1726876589.0069997')
Fitted
Pipeline(steps=[('histgradientboostingclassifier',
                 HistGradientBoostingClassifier(early_stopping=True,
                                                l2_regularization=2.9797578e-06,
                                                learning_rate=0.1126208318123,
                                                max_features=0.488798645005,
                                                max_leaf_nodes=1635,
                                                min_samples_leaf=39,
                                                n_iter_no_change=13, tol=0.0001,
                                                validation_fraction=None))])
score start
train score: {'auroc': 0.9999999959846448, 'accuracy': 0.9999375, 'balanced_accuracy': 0.9999356830460508, 'logloss': 0.003193858826382631, 'f1': 0.9999382515541634}
original test score: {'auroc': 0.9973331742123899, 'accuracy': 0.896, 'balanced_accuracy': 0.8957712985195213, 'logloss': 0.34379663157511214, 'f1': 0.8958799435907413}
imputed test score: {'auroc': 0.9663798952348324, 'accuracy': 0.63825, 'balanced_accuracy': 0.6376878191484627, 'logloss': 1.3981344261614999, 'f1': 0.6391084505118941}
score end
check intended
EXP2 Finished
running experiment 3/3 - What is the best automl settings?
<tpot2.search_spaces.pipelines.sequential.SequentialPipeline object at 0x15543504f9d0>
Start tpot fit
Version 0.1.7a0 of tpot2 is outdated. Version 0.1.8a0 was released 3 days ago.
Version 0.1.7a0 of tpot2 is outdated. Version 0.1.8a0 was released 3 days ago.
Version 0.1.7a0 of tpot2 is outdated. Version 0.1.8a0 was released 3 days ago.
Version 0.1.7a0 of tpot2 is outdated. Version 0.1.8a0 was released 3 days ago.
Version 0.1.7a0 of tpot2 is outdated. Version 0.1.8a0 was released 3 days ago.
Version 0.1.7a0 of tpot2 is outdated. Version 0.1.8a0 was released 3 days ago.
Version 0.1.7a0 of tpot2 is outdated. Version 0.1.8a0 was released 3 days ago.
Version 0.1.7a0 of tpot2 is outdated. Version 0.1.8a0 was released 3 days ago.
Version 0.1.7a0 of tpot2 is outdated. Version 0.1.8a0 was released 3 days ago.
Version 0.1.7a0 of tpot2 is outdated. Version 0.1.8a0 was released 3 days ago.
Version 0.1.7a0 of tpot2 is outdated. Version 0.1.8a0 was released 3 days ago.
Version 0.1.7a0 of tpot2 is outdated. Version 0.1.8a0 was released 3 days ago.
Version 0.1.7a0 of tpot2 is outdated. Version 0.1.8a0 was released 3 days ago.
Version 0.1.7a0 of tpot2 is outdated. Version 0.1.8a0 was released 3 days ago.
Version 0.1.7a0 of tpot2 is outdated. Version 0.1.8a0 was released 3 days ago.
Version 0.1.7a0 of tpot2 is outdated. Version 0.1.8a0 was released 3 days ago.
  0%|          | 0/25 [00:00<?, ?it/s]Generation:   0%|          | 0/25 [00:00<?, ?it/s]Generation:  1
Best f1_score score: 0.5462053635175284
Generation:   4%|▍         | 1/25 [04:46<1:54:40, 286.69s/it]Generation:  2
Best f1_score score: 0.583262324704338
Generation:   8%|▊         | 2/25 [06:00<1:01:49, 161.27s/it]WARNING THIS INDIVIDUAL CAUSED AND EXCEPTION 
 <tpot2.search_spaces.pipelines.sequential.SequentialPipelineIndividual object at 0x15547471afb0> 
 The 'min_samples_split' parameter of DecisionTreeClassifier must be an int in the range [2, inf) or a float in the range (0.0, 1.0]. Got 1 instead. 
 Traceback (most recent call last):
  File "/common/ketrong/tpotexp/tpot2/tpot2/utils/eval_utils.py", line 53, in objective_nan_wrapper
    value = func_timeout.func_timeout(timeout, objective_function, args=[individual], kwargs=objective_kwargs)
  File "/common/ketrong/tpotexp/env/lib/python3.10/site-packages/func_timeout/dafunc.py", line 108, in func_timeout
    raise_exception(exception)
  File "/common/ketrong/tpotexp/env/lib/python3.10/site-packages/func_timeout/py3_raise.py", line 7, in raise_exception
    raise exception[0] from None
  File "/common/ketrong/tpotexp/tpot2/tpot2/tpot_estimator/estimator.py", line 623, in objective_function
    return objective_function_generator(
  File "/common/ketrong/tpotexp/tpot2/tpot2/tpot_estimator/estimator_utils.py", line 55, in objective_function_generator
    cv_obj_scores = cross_val_score_objective(sklearn.base.clone(pipeline),x,y,scorers=scorers, cv=cv , fold=step)
  File "/common/ketrong/tpotexp/tpot2/tpot2/tpot_estimator/cross_val_utils.py", line 28, in cross_val_score_objective
    this_fold_pipeline.fit(X_train,y_train)
  File "/common/ketrong/tpotexp/env/lib/python3.10/site-packages/sklearn/base.py", line 1473, in wrapper
    return fit_method(estimator, *args, **kwargs)
  File "/common/ketrong/tpotexp/env/lib/python3.10/site-packages/sklearn/pipeline.py", line 473, in fit
    self._final_estimator.fit(Xt, y, **last_step_params["fit"])
  File "/common/ketrong/tpotexp/env/lib/python3.10/site-packages/sklearn/base.py", line 1466, in wrapper
    estimator._validate_params()
  File "/common/ketrong/tpotexp/env/lib/python3.10/site-packages/sklearn/base.py", line 666, in _validate_params
    validate_parameter_constraints(
  File "/common/ketrong/tpotexp/env/lib/python3.10/site-packages/sklearn/utils/_param_validation.py", line 95, in validate_parameter_constraints
    raise InvalidParameterError(
sklearn.utils._param_validation.InvalidParameterError: The 'min_samples_split' parameter of DecisionTreeClassifier must be an int in the range [2, inf) or a float in the range (0.0, 1.0]. Got 1 instead.

Generation:  3
Best f1_score score: 0.605917393997056
Generation:  12%|█▏        | 3/25 [06:43<39:27, 107.63s/it]  Generation:  4
Best f1_score score: 0.605917393997056
Generation:  16%|█▌        | 4/25 [09:14<43:33, 124.47s/it]Generation:  5
Best f1_score score: 0.605917393997056
Generation:  20%|██        | 5/25 [09:35<29:03, 87.15s/it] Generation:  6
Best f1_score score: 0.605917393997056
Generation:  24%|██▍       | 6/25 [09:59<20:48, 65.69s/it]Generation:  7
Best f1_score score: 0.605917393997056
Generation:  28%|██▊       | 7/25 [11:02<19:27, 64.86s/it]Generation:  8
Best f1_score score: 0.605917393997056
Generation:  32%|███▏      | 8/25 [20:26<1:03:26, 223.93s/it]Generation:  9
Best f1_score score: 0.605917393997056
Generation:  36%|███▌      | 9/25 [20:51<43:07, 161.71s/it]  WARNING AN INDIVIDUAL TIMED OUT: 
 <tpot2.search_spaces.pipelines.sequential.SequentialPipelineIndividual object at 0x1554673f7310> 

Generation:  10
Best f1_score score: 0.605917393997056
Generation:  40%|████      | 10/25 [30:55<1:14:32, 298.18s/it]Generation:  11
Best f1_score score: 0.605917393997056
Generation:  44%|████▍     | 11/25 [31:43<51:44, 221.72s/it]  Generation:  12
Best f1_score score: 0.605917393997056
Generation:  48%|████▊     | 12/25 [32:46<37:31, 173.19s/it]Generation:  13
Best f1_score score: 0.605917393997056
Generation:  52%|█████▏    | 13/25 [36:55<39:14, 196.20s/it]Generation:  14
Best f1_score score: 0.605917393997056
Generation:  56%|█████▌    | 14/25 [38:34<30:37, 167.01s/it]Generation:  15
Best f1_score score: 0.605917393997056
Generation:  60%|██████    | 15/25 [41:09<27:12, 163.28s/it]Generation:  16
Best f1_score score: 0.605917393997056
Generation:  64%|██████▍   | 16/25 [45:45<29:35, 197.24s/it]Generation:  17
Best f1_score score: 0.605917393997056
Generation:  68%|██████▊   | 17/25 [50:28<29:42, 222.85s/it]Generation:  18
Best f1_score score: 0.605917393997056
Generation:  72%|███████▏  | 18/25 [54:10<25:59, 222.76s/it]Generation:  19
Best f1_score score: 0.6070291260589873
Generation:  76%|███████▌  | 19/25 [56:29<19:44, 197.48s/it]Generation:  20
Best f1_score score: 0.6070291260589873
Generation:  80%|████████  | 20/25 [1:00:37<17:43, 212.64s/it]Generation:  21
Best f1_score score: 0.6070291260589873
Generation:  84%|████████▍ | 21/25 [1:01:41<11:12, 168.09s/it]Generation:  22
Best f1_score score: 0.6070291260589873
Generation:  88%|████████▊ | 22/25 [1:08:18<11:50, 236.98s/it]Generation:  23
Best f1_score score: 0.6070291260589873
Generation:  92%|█████████▏| 23/25 [1:10:50<07:02, 211.46s/it]Generation:  24
Best f1_score score: 0.6070291260589873
Generation:  96%|█████████▌| 24/25 [1:14:29<03:33, 213.61s/it]Generation:  25
Best f1_score score: 0.6070291260589873
Generation: 100%|██████████| 25/25 [1:15:09<00:00, 161.58s/it]Generation: 100%|██████████| 25/25 [1:15:09<00:00, 180.39s/it]
2024-09-20 18:12:19,849 - distributed.scheduler - ERROR - Removing worker 'tcp://127.0.0.1:36397' caused the cluster to lose scattered data, which can't be recovered: {'ndarray-f44562fbd7a1642dc081874940e80174', 'DataFrame-f59ea4f3aa08d901c065bc2f03d20ab4'} (stimulus_id='handle-worker-cleanup-1726881139.8491945')
Fitted
Pipeline(steps=[('simpleimputer', SimpleImputer()),
                ('histgradientboostingclassifier',
                 HistGradientBoostingClassifier(early_stopping=True,
                                                l2_regularization=6.0203e-09,
                                                learning_rate=0.2369052607842,
                                                max_features=0.8704923295032,
                                                max_leaf_nodes=1048,
                                                min_samples_leaf=90,
                                                n_iter_no_change=15, tol=0.0001,
                                                validation_fraction=None))])
transform worked
try transform
transform worked
score start
train score: {'auroc': 0.9999999959846448, 'accuracy': 0.9999375, 'balanced_accuracy': 0.9999408284023669, 'logloss': 0.0005810356491811295, 'f1': 0.9999382598142778}
test score: {'auroc': 0.9639809706968947, 'accuracy': 0.6315, 'balanced_accuracy': 0.6310321398445917, 'logloss': 1.7652284891401968, 'f1': 0.6323419295608848}
original test score: {'auroc': 0.9974304048179253, 'accuracy': 0.89725, 'balanced_accuracy': 0.8969301367701086, 'logloss': 0.39419655356630817, 'f1': 0.8966955045429846}
score end
6
lvl
0.5
type
MCAR
num_run
3
class_simple
finished
all finished
full run takes
3.2441890991396374
hours
DONE
