Run: 53
/cm/local/apps/slurm/var/spool/job1030391/slurm_script: line 26: 
pip install -e tpot2
pip install -r tpot2/ImputerExperiments/requirements_.txt
: No such file or directory
RunStart
Version 0.1.7a0 of tpot2 is outdated. Version 0.1.8a0 was released Tuesday September 17, 2024.
starting loops
../data/c/803/803.pkl
working on 
../data/c/803/class_full_MAR_0.01_3
1.9009785652160645
running experiment 1/3 - Does large hyperparameter space improve reconstruction accuracy over simple
[I 2024-10-29 10:04:13,300] A new study created in memory with name: no-name-e0984e88-dfb8-475c-a309-2cdc27ffbf34
running
running
running
running
running
running
running
running
running
running
running
[I 2024-10-29 10:04:13,380] Trial 2 finished with value: 0.10236300830259777 and parameters: {'model_name': 'SimpleImputer', 'strategy': 'median'}. Best is trial 2 with value: 0.10236300830259777.
running
running
running
running
running
running
[I 2024-10-29 10:04:13,708] Trial 3 finished with value: 0.10236300830259777 and parameters: {'model_name': 'SimpleImputer', 'strategy': 'median'}. Best is trial 2 with value: 0.10236300830259777.
running
[I 2024-10-29 10:04:13,952] Trial 15 finished with value: 0.10451454204414665 and parameters: {'model_name': 'SimpleImputer', 'strategy': 'most_frequent'}. Best is trial 2 with value: 0.10236300830259777.
running
[I 2024-10-29 10:04:14,135] Trial 10 finished with value: 0.10451454204414665 and parameters: {'model_name': 'SimpleImputer', 'strategy': 'most_frequent'}. Best is trial 2 with value: 0.10236300830259777.
running
[I 2024-10-29 10:04:14,886] Trial 4 finished with value: 0.09149193199349916 and parameters: {'model_name': 'KNNImputer', 'n_neighbors': 758, 'weights': 'distance'}. Best is trial 4 with value: 0.09149193199349916.
running
[I 2024-10-29 10:04:15,152] Trial 16 finished with value: 0.09585833422084866 and parameters: {'model_name': 'KNNImputer', 'n_neighbors': 2417, 'weights': 'uniform'}. Best is trial 4 with value: 0.09149193199349916.
[I 2024-10-29 10:04:15,327] Trial 12 finished with value: 0.10136820657041949 and parameters: {'model_name': 'KNNImputer', 'n_neighbors': 4118, 'weights': 'uniform'}. Best is trial 4 with value: 0.09149193199349916.
running
running
[I 2024-10-29 10:04:15,650] Trial 9 finished with value: 0.09316311677771676 and parameters: {'model_name': 'KNNImputer', 'n_neighbors': 1821, 'weights': 'distance'}. Best is trial 4 with value: 0.09149193199349916.
running
[I 2024-10-29 10:04:15,936] Trial 19 finished with value: 0.09348059039108311 and parameters: {'model_name': 'KNNImputer', 'n_neighbors': 2002, 'weights': 'distance'}. Best is trial 4 with value: 0.09149193199349916.
running
[I 2024-10-29 10:04:16,369] Trial 24 finished with value: 0.10451454204414665 and parameters: {'model_name': 'SimpleImputer', 'strategy': 'most_frequent'}. Best is trial 4 with value: 0.09149193199349916.
running
[I 2024-10-29 10:04:16,602] Trial 18 finished with value: 0.09796013409006957 and parameters: {'model_name': 'KNNImputer', 'n_neighbors': 5439, 'weights': 'distance'}. Best is trial 4 with value: 0.09149193199349916.
running
[I 2024-10-29 10:04:17,405] Trial 22 finished with value: 0.09984896337505476 and parameters: {'model_name': 'KNNImputer', 'n_neighbors': 3705, 'weights': 'uniform'}. Best is trial 4 with value: 0.09149193199349916.
running
[I 2024-10-29 10:04:17,913] Trial 23 finished with value: 0.09072168436854247 and parameters: {'model_name': 'IterativeImputer', 'estimator': 'Ridge', 'initial_strategy': 'constant', 'n_nearest_features': 5, 'imputation_order': 'random'}. Best is trial 23 with value: 0.09072168436854247.
running
[I 2024-10-29 10:04:18,050] Trial 25 finished with value: 0.090721636480566 and parameters: {'model_name': 'IterativeImputer', 'estimator': 'Ridge', 'initial_strategy': 'mean', 'n_nearest_features': 4, 'imputation_order': 'arabic'}. Best is trial 25 with value: 0.090721636480566.
running
[I 2024-10-29 10:04:18,276] Trial 20 finished with value: 0.09073567828699036 and parameters: {'model_name': 'IterativeImputer', 'estimator': 'Bayesian', 'initial_strategy': 'most_frequent', 'n_nearest_features': 4, 'imputation_order': 'roman', 'sample_posterior': False}. Best is trial 25 with value: 0.090721636480566.
running
[I 2024-10-29 10:04:19,992] Trial 30 finished with value: 0.090721636480566 and parameters: {'model_name': 'IterativeImputer', 'estimator': 'Ridge', 'initial_strategy': 'mean', 'n_nearest_features': 5, 'imputation_order': 'arabic'}. Best is trial 25 with value: 0.090721636480566.
running
[I 2024-10-29 10:04:20,506] Trial 28 finished with value: 0.09072168436854247 and parameters: {'model_name': 'IterativeImputer', 'estimator': 'Ridge', 'initial_strategy': 'constant', 'n_nearest_features': 5, 'imputation_order': 'random'}. Best is trial 25 with value: 0.090721636480566.
running
[I 2024-10-29 10:04:21,170] Trial 29 finished with value: 0.09072200725584459 and parameters: {'model_name': 'IterativeImputer', 'estimator': 'Ridge', 'initial_strategy': 'mean', 'n_nearest_features': 5, 'imputation_order': 'random'}. Best is trial 25 with value: 0.090721636480566.
running
[I 2024-10-29 10:04:22,444] Trial 27 finished with value: 0.09073569475084514 and parameters: {'model_name': 'IterativeImputer', 'estimator': 'Bayesian', 'initial_strategy': 'most_frequent', 'n_nearest_features': 4, 'imputation_order': 'random', 'sample_posterior': False}. Best is trial 25 with value: 0.090721636480566.
running
[I 2024-10-29 10:04:56,898] Trial 5 finished with value: 0.2241095559060598 and parameters: {'model_name': 'GAIN', 'batch_size': 5, 'hint_rate': 0.5658752494943938, 'alpha': 79, 'iterations': 31, 'learning_rate': 0.0009218252465648351, 'p_miss': 0.26107566640378}. Best is trial 25 with value: 0.090721636480566.
running
[I 2024-10-29 10:05:58,229] Trial 33 finished with value: 0.23077866876641764 and parameters: {'model_name': 'GAIN', 'batch_size': 446, 'hint_rate': 0.37844577741357555, 'alpha': 52, 'iterations': 59, 'learning_rate': 0.004910650314099088, 'p_miss': 0.13240251419894153}. Best is trial 25 with value: 0.090721636480566.
running
[I 2024-10-29 10:06:02,450] Trial 13 finished with value: 0.11043166865617642 and parameters: {'model_name': 'VAE', 'batch_size': 86, 'iterations': 34, 'learning_rate': 0.0032809584909099868, 'p_miss': 0.21833740205085506}. Best is trial 25 with value: 0.090721636480566.
running
[I 2024-10-29 10:06:08,368] Trial 37 finished with value: 0.09557224955038832 and parameters: {'model_name': 'IterativeImputer', 'estimator': 'Ridge', 'initial_strategy': 'mean', 'n_nearest_features': 1, 'imputation_order': 'arabic'}. Best is trial 25 with value: 0.090721636480566.
running
[I 2024-10-29 10:06:16,774] Trial 38 finished with value: 0.101235917588035 and parameters: {'model_name': 'IterativeImputer', 'estimator': 'KNN', 'initial_strategy': 'median', 'n_nearest_features': 5, 'imputation_order': 'arabic'}. Best is trial 25 with value: 0.090721636480566.
running
[I 2024-10-29 10:06:49,403] Trial 11 finished with value: 0.10782739047116272 and parameters: {'model_name': 'VAE', 'batch_size': 3, 'iterations': 51, 'learning_rate': 0.050146610177463566, 'p_miss': 0.178778132089399}. Best is trial 25 with value: 0.090721636480566.
running
[I 2024-10-29 10:06:51,070] Trial 7 finished with value: 0.10654228428353447 and parameters: {'model_name': 'VAE', 'batch_size': 5, 'iterations': 43, 'learning_rate': 0.054887887927273456, 'p_miss': 0.24452989884829518}. Best is trial 25 with value: 0.090721636480566.
running
[I 2024-10-29 10:06:51,601] Trial 8 finished with value: 0.1029600398101426 and parameters: {'model_name': 'VAE', 'batch_size': 220, 'iterations': 40, 'learning_rate': 0.02481727566566959, 'p_miss': 0.1610236675526393}. Best is trial 25 with value: 0.090721636480566.
running
[I 2024-10-29 10:07:03,099] Trial 0 finished with value: 0.10505391976552539 and parameters: {'model_name': 'VAE', 'batch_size': 3, 'iterations': 55, 'learning_rate': 0.04203666350750187, 'p_miss': 0.1575965051075326}. Best is trial 25 with value: 0.090721636480566.
running
[I 2024-10-29 10:10:56,630] Trial 26 finished with value: 0.11686595497685588 and parameters: {'model_name': 'VAE', 'batch_size': 3, 'iterations': 119, 'learning_rate': 0.0009101885973644757, 'p_miss': 0.07341118285594099}. Best is trial 25 with value: 0.090721636480566.
running
[I 2024-10-29 10:12:25,509] Trial 17 finished with value: 0.09884116650416792 and parameters: {'model_name': 'IterativeImputer', 'estimator': 'RFR', 'initial_strategy': 'most_frequent', 'n_nearest_features': 1, 'imputation_order': 'random'}. Best is trial 25 with value: 0.090721636480566.
running
[I 2024-10-29 10:12:27,835] Trial 32 finished with value: 0.14283547356596416 and parameters: {'model_name': 'VAE', 'batch_size': 15, 'iterations': 157, 'learning_rate': 0.00021825773140730603, 'p_miss': 0.05960131359749758}. Best is trial 25 with value: 0.090721636480566.
running
[I 2024-10-29 10:12:29,941] Trial 45 finished with value: 0.090721636480566 and parameters: {'model_name': 'IterativeImputer', 'estimator': 'Ridge', 'initial_strategy': 'mean', 'n_nearest_features': 4, 'imputation_order': 'arabic'}. Best is trial 25 with value: 0.090721636480566.
running
[I 2024-10-29 10:12:32,366] Trial 46 finished with value: 0.09072162084473757 and parameters: {'model_name': 'IterativeImputer', 'estimator': 'Ridge', 'initial_strategy': 'constant', 'n_nearest_features': 5, 'imputation_order': 'descending'}. Best is trial 46 with value: 0.09072162084473757.
running
[I 2024-10-29 10:12:34,246] Trial 47 finished with value: 0.090721636480566 and parameters: {'model_name': 'IterativeImputer', 'estimator': 'Ridge', 'initial_strategy': 'mean', 'n_nearest_features': 4, 'imputation_order': 'arabic'}. Best is trial 46 with value: 0.09072162084473757.
running
[I 2024-10-29 10:12:40,833] Trial 48 finished with value: 0.09058114206886507 and parameters: {'model_name': 'IterativeImputer', 'estimator': 'Ridge', 'initial_strategy': 'mean', 'n_nearest_features': 3, 'imputation_order': 'descending'}. Best is trial 48 with value: 0.09058114206886507.
running
[I 2024-10-29 10:12:42,305] Trial 49 finished with value: 0.09058114206886507 and parameters: {'model_name': 'IterativeImputer', 'estimator': 'Ridge', 'initial_strategy': 'mean', 'n_nearest_features': 3, 'imputation_order': 'descending'}. Best is trial 48 with value: 0.09058114206886507.
running
[I 2024-10-29 10:12:44,045] Trial 51 finished with value: 0.2523125486294318 and parameters: {'model_name': 'GAIN', 'batch_size': 981, 'hint_rate': 0.9518843182684764, 'alpha': 8, 'iterations': 1, 'learning_rate': 0.00013213022881268028, 'p_miss': 0.29948501239403275}. Best is trial 48 with value: 0.09058114206886507.
running
[I 2024-10-29 10:12:49,631] Trial 50 finished with value: 0.09058114206886507 and parameters: {'model_name': 'IterativeImputer', 'estimator': 'Ridge', 'initial_strategy': 'mean', 'n_nearest_features': 3, 'imputation_order': 'descending'}. Best is trial 48 with value: 0.09058114206886507.
running
[I 2024-10-29 10:12:50,920] Trial 52 finished with value: 0.0908275162645211 and parameters: {'model_name': 'IterativeImputer', 'estimator': 'Ridge', 'initial_strategy': 'constant', 'n_nearest_features': 3, 'imputation_order': 'descending'}. Best is trial 48 with value: 0.09058114206886507.
running
[I 2024-10-29 10:12:57,587] Trial 53 finished with value: 0.09225412489549903 and parameters: {'model_name': 'IterativeImputer', 'estimator': 'Ridge', 'initial_strategy': 'constant', 'n_nearest_features': 2, 'imputation_order': 'descending'}. Best is trial 48 with value: 0.09058114206886507.
running
[I 2024-10-29 10:13:00,553] Trial 54 finished with value: 0.10388402330405382 and parameters: {'model_name': 'IterativeImputer', 'estimator': 'KNN', 'initial_strategy': 'mean', 'n_nearest_features': 3, 'imputation_order': 'descending'}. Best is trial 48 with value: 0.09058114206886507.
running
[I 2024-10-29 10:13:09,241] Trial 56 finished with value: 0.09058114206886507 and parameters: {'model_name': 'IterativeImputer', 'estimator': 'Ridge', 'initial_strategy': 'mean', 'n_nearest_features': 3, 'imputation_order': 'descending'}. Best is trial 48 with value: 0.09058114206886507.
running
[I 2024-10-29 10:13:18,433] Trial 57 finished with value: 0.09058114206886507 and parameters: {'model_name': 'IterativeImputer', 'estimator': 'Ridge', 'initial_strategy': 'mean', 'n_nearest_features': 3, 'imputation_order': 'descending'}. Best is trial 48 with value: 0.09058114206886507.
running
[I 2024-10-29 10:19:53,743] Trial 39 finished with value: 0.09923502639741962 and parameters: {'model_name': 'IterativeImputer', 'estimator': 'RFR', 'initial_strategy': 'constant', 'n_nearest_features': 4, 'imputation_order': 'arabic'}. Best is trial 48 with value: 0.09058114206886507.
running
[I 2024-10-29 10:20:50,874] Trial 40 finished with value: 0.09857578996888164 and parameters: {'model_name': 'IterativeImputer', 'estimator': 'RFR', 'initial_strategy': 'constant', 'n_nearest_features': 4, 'imputation_order': 'arabic'}. Best is trial 48 with value: 0.09058114206886507.
running
[I 2024-10-29 10:20:57,838] Trial 42 finished with value: 0.0981506106146941 and parameters: {'model_name': 'IterativeImputer', 'estimator': 'RFR', 'initial_strategy': 'constant', 'n_nearest_features': 4, 'imputation_order': 'arabic'}. Best is trial 48 with value: 0.09058114206886507.
running
[I 2024-10-29 10:20:58,823] Trial 41 finished with value: 0.09824406501128322 and parameters: {'model_name': 'IterativeImputer', 'estimator': 'RFR', 'initial_strategy': 'constant', 'n_nearest_features': 4, 'imputation_order': 'arabic'}. Best is trial 48 with value: 0.09058114206886507.
running
[I 2024-10-29 10:21:06,191] Trial 43 finished with value: 0.09935008501807463 and parameters: {'model_name': 'IterativeImputer', 'estimator': 'RFR', 'initial_strategy': 'constant', 'n_nearest_features': 4, 'imputation_order': 'arabic'}. Best is trial 48 with value: 0.09058114206886507.
running
[I 2024-10-29 10:24:42,951] Trial 44 finished with value: 0.09818900201977558 and parameters: {'model_name': 'IterativeImputer', 'estimator': 'RFR', 'initial_strategy': 'constant', 'n_nearest_features': 4, 'imputation_order': 'arabic'}. Best is trial 48 with value: 0.09058114206886507.
running
[I 2024-10-29 10:25:28,994] Trial 58 finished with value: 0.10010324692415454 and parameters: {'model_name': 'IterativeImputer', 'estimator': 'RFR', 'initial_strategy': 'mean', 'n_nearest_features': 3, 'imputation_order': 'descending'}. Best is trial 48 with value: 0.09058114206886507.
running
[I 2024-10-29 10:27:20,195] Trial 31 finished with value: 0.10338979401926782 and parameters: {'model_name': 'VAE', 'batch_size': 57, 'iterations': 542, 'learning_rate': 0.0012320825168525068, 'p_miss': 0.2709889137249742}. Best is trial 48 with value: 0.09058114206886507.
running
[I 2024-10-29 10:37:49,013] Trial 21 finished with value: 0.13210225457385855 and parameters: {'model_name': 'VAE', 'batch_size': 1, 'iterations': 690, 'learning_rate': 0.00011874660777554206, 'p_miss': 0.13887161641012744}. Best is trial 48 with value: 0.09058114206886507.
running
[I 2024-10-29 10:37:49,438] Trial 67 finished with value: 0.10219899289570689 and parameters: {'model_name': 'SimpleImputer', 'strategy': 'mean'}. Best is trial 48 with value: 0.09058114206886507.
running
[I 2024-10-29 10:40:00,051] Trial 34 finished with value: 0.2149321714306493 and parameters: {'model_name': 'GAIN', 'batch_size': 124, 'hint_rate': 0.5203502456118109, 'alpha': 87, 'iterations': 1527, 'learning_rate': 0.00013252601734760122, 'p_miss': 0.17865037242933277}. Best is trial 48 with value: 0.09058114206886507.
running
[I 2024-10-29 10:40:07,440] Trial 69 finished with value: 0.09463637029647223 and parameters: {'model_name': 'IterativeImputer', 'estimator': 'Ridge', 'initial_strategy': 'mean', 'n_nearest_features': 2, 'imputation_order': 'descending'}. Best is trial 48 with value: 0.09058114206886507.
running
[I 2024-10-29 10:40:14,187] Trial 70 finished with value: 0.09058114206886507 and parameters: {'model_name': 'IterativeImputer', 'estimator': 'Ridge', 'initial_strategy': 'mean', 'n_nearest_features': 3, 'imputation_order': 'descending'}. Best is trial 48 with value: 0.09058114206886507.
running
[I 2024-10-29 10:40:14,540] Trial 71 finished with value: 0.4889454126411309 and parameters: {'model_name': 'SimpleImputer', 'strategy': 'constant'}. Best is trial 48 with value: 0.09058114206886507.
running
[I 2024-10-29 10:40:19,824] Trial 72 finished with value: 0.09037162257027917 and parameters: {'model_name': 'IterativeImputer', 'estimator': 'Ridge', 'initial_strategy': 'mean', 'n_nearest_features': 3, 'imputation_order': 'ascending'}. Best is trial 72 with value: 0.09037162257027917.
running
[I 2024-10-29 10:40:25,697] Trial 73 finished with value: 0.09117141870672336 and parameters: {'model_name': 'IterativeImputer', 'estimator': 'Ridge', 'initial_strategy': 'mean', 'n_nearest_features': 2, 'imputation_order': 'ascending'}. Best is trial 72 with value: 0.09037162257027917.
running
[I 2024-10-29 10:40:26,771] Trial 74 finished with value: 0.09057694046036038 and parameters: {'model_name': 'KNNImputer', 'n_neighbors': 212, 'weights': 'uniform'}. Best is trial 72 with value: 0.09037162257027917.
running
[I 2024-10-29 10:40:27,716] Trial 75 finished with value: 0.09126155920758493 and parameters: {'model_name': 'KNNImputer', 'n_neighbors': 37, 'weights': 'uniform'}. Best is trial 72 with value: 0.09037162257027917.
running
[I 2024-10-29 10:40:28,855] Trial 76 finished with value: 0.0928826758097189 and parameters: {'model_name': 'KNNImputer', 'n_neighbors': 1108, 'weights': 'uniform'}. Best is trial 72 with value: 0.09037162257027917.
running
[I 2024-10-29 10:40:29,854] Trial 77 finished with value: 0.09581206284078211 and parameters: {'model_name': 'KNNImputer', 'n_neighbors': 10, 'weights': 'uniform'}. Best is trial 72 with value: 0.09037162257027917.
running
[I 2024-10-29 10:40:31,154] Trial 78 finished with value: 0.09913815392662458 and parameters: {'model_name': 'KNNImputer', 'n_neighbors': 3493, 'weights': 'uniform'}. Best is trial 72 with value: 0.09037162257027917.
running
[I 2024-10-29 10:40:33,309] Trial 79 finished with value: inf and parameters: {'model_name': 'GAIN', 'batch_size': 35, 'hint_rate': 0.1332781504767122, 'alpha': 0, 'iterations': 1, 'learning_rate': 0.01063426470124579, 'p_miss': 0.012121432477523425}. Best is trial 72 with value: 0.09037162257027917.
running
[I 2024-10-29 10:40:40,158] Trial 80 finished with value: 0.09037162257027917 and parameters: {'model_name': 'IterativeImputer', 'estimator': 'Ridge', 'initial_strategy': 'mean', 'n_nearest_features': 3, 'imputation_order': 'ascending'}. Best is trial 72 with value: 0.09037162257027917.
running
[I 2024-10-29 10:40:41,288] Trial 81 finished with value: 0.10219899289570689 and parameters: {'model_name': 'KNNImputer', 'n_neighbors': 5183, 'weights': 'uniform'}. Best is trial 72 with value: 0.09037162257027917.
running
[I 2024-10-29 10:40:46,917] Trial 82 finished with value: 0.09037041235242547 and parameters: {'model_name': 'IterativeImputer', 'estimator': 'Ridge', 'initial_strategy': 'median', 'n_nearest_features': 3, 'imputation_order': 'ascending'}. Best is trial 82 with value: 0.09037041235242547.
running
[I 2024-10-29 10:40:47,185] Trial 83 finished with value: 0.4889454126411309 and parameters: {'model_name': 'SimpleImputer', 'strategy': 'constant'}. Best is trial 82 with value: 0.09037041235242547.
running
[I 2024-10-29 10:41:00,590] Trial 63 finished with value: inf and parameters: {'model_name': 'GAIN', 'batch_size': 1, 'hint_rate': 0.03814599964562865, 'alpha': 99, 'iterations': 5083, 'learning_rate': 0.011195899992244053, 'p_miss': 0.1052892302272876}. Best is trial 82 with value: 0.09037041235242547.
running
[I 2024-10-29 10:41:02,235] Trial 84 finished with value: 0.14023562707694015 and parameters: {'model_name': 'IterativeImputer', 'estimator': 'Bayesian', 'initial_strategy': 'median', 'n_nearest_features': 3, 'imputation_order': 'ascending', 'sample_posterior': True}. Best is trial 82 with value: 0.09037041235242547.
running
[I 2024-10-29 10:41:06,855] Trial 1 finished with value: 0.12582724858588473 and parameters: {'model_name': 'VAE', 'batch_size': 1, 'iterations': 735, 'learning_rate': 0.00024014203576081834, 'p_miss': 0.18230462623212684}. Best is trial 82 with value: 0.09037041235242547.
running
[I 2024-10-29 10:41:07,092] Trial 86 finished with value: 0.09037041235242547 and parameters: {'model_name': 'IterativeImputer', 'estimator': 'Ridge', 'initial_strategy': 'median', 'n_nearest_features': 3, 'imputation_order': 'ascending'}. Best is trial 82 with value: 0.09037041235242547.
running
[I 2024-10-29 10:41:11,175] Trial 85 finished with value: 0.14023562707694015 and parameters: {'model_name': 'IterativeImputer', 'estimator': 'Bayesian', 'initial_strategy': 'median', 'n_nearest_features': 3, 'imputation_order': 'ascending', 'sample_posterior': True}. Best is trial 82 with value: 0.09037041235242547.
running
[I 2024-10-29 10:41:11,848] Trial 88 finished with value: 0.09037041235242547 and parameters: {'model_name': 'IterativeImputer', 'estimator': 'Ridge', 'initial_strategy': 'median', 'n_nearest_features': 3, 'imputation_order': 'ascending'}. Best is trial 82 with value: 0.09037041235242547.
running
[I 2024-10-29 10:41:12,123] Trial 87 finished with value: 0.09037041235242547 and parameters: {'model_name': 'IterativeImputer', 'estimator': 'Ridge', 'initial_strategy': 'median', 'n_nearest_features': 3, 'imputation_order': 'ascending'}. Best is trial 82 with value: 0.09037041235242547.
running
[I 2024-10-29 10:41:15,835] Trial 89 finished with value: 0.09294358760354392 and parameters: {'model_name': 'IterativeImputer', 'estimator': 'Ridge', 'initial_strategy': 'median', 'n_nearest_features': 2, 'imputation_order': 'ascending'}. Best is trial 82 with value: 0.09037041235242547.
running
[I 2024-10-29 10:41:16,138] Trial 90 finished with value: 0.09037041235242547 and parameters: {'model_name': 'IterativeImputer', 'estimator': 'Ridge', 'initial_strategy': 'median', 'n_nearest_features': 3, 'imputation_order': 'ascending'}. Best is trial 82 with value: 0.09037041235242547.
running
[I 2024-10-29 10:41:16,961] Trial 91 finished with value: 0.09294358760354392 and parameters: {'model_name': 'IterativeImputer', 'estimator': 'Ridge', 'initial_strategy': 'median', 'n_nearest_features': 2, 'imputation_order': 'ascending'}. Best is trial 82 with value: 0.09037041235242547.
running
[I 2024-10-29 10:41:25,654] Trial 94 finished with value: 0.1665677419087448 and parameters: {'model_name': 'VAE', 'batch_size': 16, 'iterations': 3, 'learning_rate': 0.0005139322990484689, 'p_miss': 0.011139793431089645}. Best is trial 82 with value: 0.09037041235242547.
running
[I 2024-10-29 10:41:27,452] Trial 93 finished with value: 0.10489577723947104 and parameters: {'model_name': 'VAE', 'batch_size': 21, 'iterations': 4, 'learning_rate': 0.09887524304794434, 'p_miss': 0.020910414265063376}. Best is trial 82 with value: 0.09037041235242547.
running
[I 2024-10-29 10:41:27,776] Trial 95 finished with value: 0.09228050054574298 and parameters: {'model_name': 'KNNImputer', 'n_neighbors': 1221, 'weights': 'distance'}. Best is trial 82 with value: 0.09037041235242547.
running
[I 2024-10-29 10:41:31,594] Trial 96 finished with value: 0.09037041235242547 and parameters: {'model_name': 'IterativeImputer', 'estimator': 'Ridge', 'initial_strategy': 'median', 'n_nearest_features': 3, 'imputation_order': 'ascending'}. Best is trial 82 with value: 0.09037041235242547.
running
[I 2024-10-29 10:41:31,950] Trial 97 finished with value: 0.09037041235242547 and parameters: {'model_name': 'IterativeImputer', 'estimator': 'Ridge', 'initial_strategy': 'median', 'n_nearest_features': 3, 'imputation_order': 'ascending'}. Best is trial 82 with value: 0.09037041235242547.
running
[I 2024-10-29 10:41:32,340] Trial 55 finished with value: inf and parameters: {'model_name': 'GAIN', 'batch_size': 1, 'hint_rate': 0.012917794919872216, 'alpha': 9, 'iterations': 7148, 'learning_rate': 0.01160696111308685, 'p_miss': 0.01264641362943461}. Best is trial 82 with value: 0.09037041235242547.
running
[I 2024-10-29 10:41:34,131] Trial 92 finished with value: 0.15102829289533912 and parameters: {'model_name': 'VAE', 'batch_size': 18, 'iterations': 10, 'learning_rate': 0.0005927586991618428, 'p_miss': 0.013133218622649656}. Best is trial 82 with value: 0.09037041235242547.
running
[I 2024-10-29 10:41:36,378] Trial 98 finished with value: 0.09037041235242547 and parameters: {'model_name': 'IterativeImputer', 'estimator': 'Ridge', 'initial_strategy': 'median', 'n_nearest_features': 3, 'imputation_order': 'ascending'}. Best is trial 82 with value: 0.09037041235242547.
running
[I 2024-10-29 10:41:36,610] Trial 99 finished with value: 0.09037041235242547 and parameters: {'model_name': 'IterativeImputer', 'estimator': 'Ridge', 'initial_strategy': 'median', 'n_nearest_features': 3, 'imputation_order': 'ascending'}. Best is trial 82 with value: 0.09037041235242547.
running
[I 2024-10-29 10:41:36,997] Trial 100 finished with value: 0.09037041235242547 and parameters: {'model_name': 'IterativeImputer', 'estimator': 'Ridge', 'initial_strategy': 'median', 'n_nearest_features': 3, 'imputation_order': 'ascending'}. Best is trial 82 with value: 0.09037041235242547.
running
[I 2024-10-29 10:41:39,043] Trial 101 finished with value: 0.09037041235242547 and parameters: {'model_name': 'IterativeImputer', 'estimator': 'Ridge', 'initial_strategy': 'median', 'n_nearest_features': 3, 'imputation_order': 'ascending'}. Best is trial 82 with value: 0.09037041235242547.
running
[I 2024-10-29 10:41:41,280] Trial 102 finished with value: 0.09037041235242547 and parameters: {'model_name': 'IterativeImputer', 'estimator': 'Ridge', 'initial_strategy': 'median', 'n_nearest_features': 3, 'imputation_order': 'ascending'}. Best is trial 82 with value: 0.09037041235242547.
running
[I 2024-10-29 10:41:41,486] Trial 103 finished with value: 0.09037041235242547 and parameters: {'model_name': 'IterativeImputer', 'estimator': 'Ridge', 'initial_strategy': 'median', 'n_nearest_features': 3, 'imputation_order': 'ascending'}. Best is trial 82 with value: 0.09037041235242547.
running
[I 2024-10-29 10:41:41,684] Trial 104 finished with value: 0.09037041235242547 and parameters: {'model_name': 'IterativeImputer', 'estimator': 'Ridge', 'initial_strategy': 'median', 'n_nearest_features': 3, 'imputation_order': 'ascending'}. Best is trial 82 with value: 0.09037041235242547.
running
[I 2024-10-29 10:41:44,000] Trial 64 finished with value: inf and parameters: {'model_name': 'GAIN', 'batch_size': 1, 'hint_rate': 0.07489966965222189, 'alpha': 0, 'iterations': 4731, 'learning_rate': 0.00817935800621767, 'p_miss': 0.08550806876239998}. Best is trial 82 with value: 0.09037041235242547.
running
[I 2024-10-29 10:41:45,316] Trial 105 finished with value: 0.09199398747880565 and parameters: {'model_name': 'IterativeImputer', 'estimator': 'Ridge', 'initial_strategy': 'median', 'n_nearest_features': 3, 'imputation_order': 'roman'}. Best is trial 82 with value: 0.09037041235242547.
running
[I 2024-10-29 10:41:46,536] Trial 106 finished with value: 0.09037041235242547 and parameters: {'model_name': 'IterativeImputer', 'estimator': 'Ridge', 'initial_strategy': 'median', 'n_nearest_features': 3, 'imputation_order': 'ascending'}. Best is trial 82 with value: 0.09037041235242547.
running
[I 2024-10-29 10:41:47,224] Trial 107 finished with value: 0.09199398747880565 and parameters: {'model_name': 'IterativeImputer', 'estimator': 'Ridge', 'initial_strategy': 'median', 'n_nearest_features': 3, 'imputation_order': 'roman'}. Best is trial 82 with value: 0.09037041235242547.
running
[I 2024-10-29 10:41:49,853] Trial 109 finished with value: 0.09037041235242547 and parameters: {'model_name': 'IterativeImputer', 'estimator': 'Ridge', 'initial_strategy': 'median', 'n_nearest_features': 3, 'imputation_order': 'ascending'}. Best is trial 82 with value: 0.09037041235242547.
running
[I 2024-10-29 10:41:53,456] Trial 108 finished with value: 0.1020876396355425 and parameters: {'model_name': 'IterativeImputer', 'estimator': 'KNN', 'initial_strategy': 'median', 'n_nearest_features': 3, 'imputation_order': 'roman'}. Best is trial 82 with value: 0.09037041235242547.
running
[I 2024-10-29 10:41:57,436] Trial 110 finished with value: 0.10171945489438286 and parameters: {'model_name': 'IterativeImputer', 'estimator': 'KNN', 'initial_strategy': 'median', 'n_nearest_features': 3, 'imputation_order': 'ascending'}. Best is trial 82 with value: 0.09037041235242547.
running
[I 2024-10-29 10:41:57,617] Trial 111 finished with value: 0.10171945489438286 and parameters: {'model_name': 'IterativeImputer', 'estimator': 'KNN', 'initial_strategy': 'median', 'n_nearest_features': 3, 'imputation_order': 'ascending'}. Best is trial 82 with value: 0.09037041235242547.
running
[I 2024-10-29 10:41:58,262] Trial 112 finished with value: 0.10214564889675151 and parameters: {'model_name': 'IterativeImputer', 'estimator': 'KNN', 'initial_strategy': 'most_frequent', 'n_nearest_features': 3, 'imputation_order': 'ascending'}. Best is trial 82 with value: 0.09037041235242547.
running
[I 2024-10-29 10:41:59,088] Trial 114 finished with value: 0.09034191497458208 and parameters: {'model_name': 'IterativeImputer', 'estimator': 'Ridge', 'initial_strategy': 'most_frequent', 'n_nearest_features': 3, 'imputation_order': 'ascending'}. Best is trial 114 with value: 0.09034191497458208.
running
[I 2024-10-29 10:42:01,320] Trial 113 finished with value: 0.10214564889675151 and parameters: {'model_name': 'IterativeImputer', 'estimator': 'KNN', 'initial_strategy': 'most_frequent', 'n_nearest_features': 3, 'imputation_order': 'ascending'}. Best is trial 114 with value: 0.09034191497458208.
running
[I 2024-10-29 10:42:01,651] Trial 116 finished with value: 0.09034191497458208 and parameters: {'model_name': 'IterativeImputer', 'estimator': 'Ridge', 'initial_strategy': 'most_frequent', 'n_nearest_features': 3, 'imputation_order': 'ascending'}. Best is trial 114 with value: 0.09034191497458208.
running
[I 2024-10-29 10:42:02,421] Trial 115 finished with value: 0.09034191497458208 and parameters: {'model_name': 'IterativeImputer', 'estimator': 'Ridge', 'initial_strategy': 'most_frequent', 'n_nearest_features': 3, 'imputation_order': 'ascending'}. Best is trial 114 with value: 0.09034191497458208.
running
[I 2024-10-29 10:42:03,102] Trial 118 finished with value: 0.09034191497458208 and parameters: {'model_name': 'IterativeImputer', 'estimator': 'Ridge', 'initial_strategy': 'most_frequent', 'n_nearest_features': 3, 'imputation_order': 'ascending'}. Best is trial 114 with value: 0.09034191497458208.
running
[I 2024-10-29 10:42:04,261] Trial 117 finished with value: 0.09037041235242547 and parameters: {'model_name': 'IterativeImputer', 'estimator': 'Ridge', 'initial_strategy': 'median', 'n_nearest_features': 3, 'imputation_order': 'ascending'}. Best is trial 114 with value: 0.09034191497458208.
running
[I 2024-10-29 10:42:04,990] Trial 119 finished with value: 0.09034191497458208 and parameters: {'model_name': 'IterativeImputer', 'estimator': 'Ridge', 'initial_strategy': 'most_frequent', 'n_nearest_features': 3, 'imputation_order': 'ascending'}. Best is trial 114 with value: 0.09034191497458208.
running
[I 2024-10-29 10:42:05,362] Trial 120 finished with value: 0.09034191497458208 and parameters: {'model_name': 'IterativeImputer', 'estimator': 'Ridge', 'initial_strategy': 'most_frequent', 'n_nearest_features': 3, 'imputation_order': 'ascending'}. Best is trial 114 with value: 0.09034191497458208.
running
[I 2024-10-29 10:42:05,800] Trial 125 finished with value: 0.10219899289570689 and parameters: {'model_name': 'SimpleImputer', 'strategy': 'mean'}. Best is trial 114 with value: 0.09034191497458208.
running
[I 2024-10-29 10:42:08,805] Trial 121 finished with value: 0.0903688172816545 and parameters: {'model_name': 'IterativeImputer', 'estimator': 'Ridge', 'initial_strategy': 'most_frequent', 'n_nearest_features': 3, 'imputation_order': 'random'}. Best is trial 114 with value: 0.09034191497458208.
running
[I 2024-10-29 10:42:09,778] Trial 122 finished with value: 0.0903688172816545 and parameters: {'model_name': 'IterativeImputer', 'estimator': 'Ridge', 'initial_strategy': 'most_frequent', 'n_nearest_features': 3, 'imputation_order': 'random'}. Best is trial 114 with value: 0.09034191497458208.
running
[I 2024-10-29 10:42:10,588] Trial 123 finished with value: 0.0903688172816545 and parameters: {'model_name': 'IterativeImputer', 'estimator': 'Ridge', 'initial_strategy': 'most_frequent', 'n_nearest_features': 3, 'imputation_order': 'random'}. Best is trial 114 with value: 0.09034191497458208.
[I 2024-10-29 10:42:10,718] Trial 124 finished with value: 0.09140096420456184 and parameters: {'model_name': 'IterativeImputer', 'estimator': 'Ridge', 'initial_strategy': 'most_frequent', 'n_nearest_features': 2, 'imputation_order': 'random'}. Best is trial 114 with value: 0.09034191497458208.
running
running
[I 2024-10-29 10:42:11,870] Trial 126 finished with value: 0.0903688172816545 and parameters: {'model_name': 'IterativeImputer', 'estimator': 'Ridge', 'initial_strategy': 'most_frequent', 'n_nearest_features': 3, 'imputation_order': 'random'}. Best is trial 114 with value: 0.09034191497458208.
running
[I 2024-10-29 10:42:13,284] Trial 127 finished with value: 0.0903688172816545 and parameters: {'model_name': 'IterativeImputer', 'estimator': 'Ridge', 'initial_strategy': 'most_frequent', 'n_nearest_features': 3, 'imputation_order': 'random'}. Best is trial 114 with value: 0.09034191497458208.
running
[I 2024-10-29 10:42:14,488] Trial 128 finished with value: 0.0903688172816545 and parameters: {'model_name': 'IterativeImputer', 'estimator': 'Ridge', 'initial_strategy': 'most_frequent', 'n_nearest_features': 3, 'imputation_order': 'random'}. Best is trial 114 with value: 0.09034191497458208.
running
[I 2024-10-29 10:42:15,184] Trial 130 finished with value: 0.0903688172816545 and parameters: {'model_name': 'IterativeImputer', 'estimator': 'Ridge', 'initial_strategy': 'most_frequent', 'n_nearest_features': 3, 'imputation_order': 'random'}. Best is trial 114 with value: 0.09034191497458208.
running
[I 2024-10-29 10:42:15,573] Trial 129 finished with value: 0.0903688172816545 and parameters: {'model_name': 'IterativeImputer', 'estimator': 'Ridge', 'initial_strategy': 'most_frequent', 'n_nearest_features': 3, 'imputation_order': 'random'}. Best is trial 114 with value: 0.09034191497458208.
running
[I 2024-10-29 10:42:16,738] Trial 131 finished with value: 0.0903688172816545 and parameters: {'model_name': 'IterativeImputer', 'estimator': 'Ridge', 'initial_strategy': 'most_frequent', 'n_nearest_features': 3, 'imputation_order': 'random'}. Best is trial 114 with value: 0.09034191497458208.
running
[I 2024-10-29 10:42:25,239] Trial 132 finished with value: 0.1320663872869744 and parameters: {'model_name': 'IterativeImputer', 'estimator': 'Bayesian', 'initial_strategy': 'most_frequent', 'n_nearest_features': 4, 'imputation_order': 'random', 'sample_posterior': True}. Best is trial 114 with value: 0.09034191497458208.
running
[I 2024-10-29 10:42:25,650] Trial 133 finished with value: 0.13439003044947942 and parameters: {'model_name': 'IterativeImputer', 'estimator': 'Bayesian', 'initial_strategy': 'most_frequent', 'n_nearest_features': 3, 'imputation_order': 'random', 'sample_posterior': True}. Best is trial 114 with value: 0.09034191497458208.
running
[I 2024-10-29 10:42:26,763] Trial 134 finished with value: 0.1320663872869744 and parameters: {'model_name': 'IterativeImputer', 'estimator': 'Bayesian', 'initial_strategy': 'most_frequent', 'n_nearest_features': 4, 'imputation_order': 'random', 'sample_posterior': True}. Best is trial 114 with value: 0.09034191497458208.
running
[I 2024-10-29 10:42:28,019] Trial 135 finished with value: 0.1320663872869744 and parameters: {'model_name': 'IterativeImputer', 'estimator': 'Bayesian', 'initial_strategy': 'most_frequent', 'n_nearest_features': 4, 'imputation_order': 'random', 'sample_posterior': True}. Best is trial 114 with value: 0.09034191497458208.
running
[I 2024-10-29 10:42:30,217] Trial 137 finished with value: 0.0903688172816545 and parameters: {'model_name': 'IterativeImputer', 'estimator': 'Ridge', 'initial_strategy': 'most_frequent', 'n_nearest_features': 3, 'imputation_order': 'random'}. Best is trial 114 with value: 0.09034191497458208.
running
[I 2024-10-29 10:42:30,416] Trial 136 finished with value: 0.13439003044947942 and parameters: {'model_name': 'IterativeImputer', 'estimator': 'Bayesian', 'initial_strategy': 'most_frequent', 'n_nearest_features': 3, 'imputation_order': 'random', 'sample_posterior': True}. Best is trial 114 with value: 0.09034191497458208.
running
[I 2024-10-29 10:42:31,072] Trial 138 finished with value: 0.0903688172816545 and parameters: {'model_name': 'IterativeImputer', 'estimator': 'Ridge', 'initial_strategy': 'most_frequent', 'n_nearest_features': 3, 'imputation_order': 'random'}. Best is trial 114 with value: 0.09034191497458208.
running
[I 2024-10-29 10:42:32,037] Trial 139 finished with value: 0.0903688172816545 and parameters: {'model_name': 'IterativeImputer', 'estimator': 'Ridge', 'initial_strategy': 'most_frequent', 'n_nearest_features': 3, 'imputation_order': 'random'}. Best is trial 114 with value: 0.09034191497458208.
running
[I 2024-10-29 10:42:32,373] Trial 144 finished with value: 0.4889454126411309 and parameters: {'model_name': 'SimpleImputer', 'strategy': 'constant'}. Best is trial 114 with value: 0.09034191497458208.
running
[I 2024-10-29 10:42:33,212] Trial 140 finished with value: 0.0903688172816545 and parameters: {'model_name': 'IterativeImputer', 'estimator': 'Ridge', 'initial_strategy': 'most_frequent', 'n_nearest_features': 3, 'imputation_order': 'random'}. Best is trial 114 with value: 0.09034191497458208.
running
[I 2024-10-29 10:42:34,823] Trial 141 finished with value: 0.0903688172816545 and parameters: {'model_name': 'IterativeImputer', 'estimator': 'Ridge', 'initial_strategy': 'most_frequent', 'n_nearest_features': 3, 'imputation_order': 'random'}. Best is trial 114 with value: 0.09034191497458208.
running
[I 2024-10-29 10:42:35,608] Trial 142 finished with value: 0.0903688172816545 and parameters: {'model_name': 'IterativeImputer', 'estimator': 'Ridge', 'initial_strategy': 'most_frequent', 'n_nearest_features': 3, 'imputation_order': 'random'}. Best is trial 114 with value: 0.09034191497458208.
running
[I 2024-10-29 10:42:35,790] Trial 143 finished with value: 0.0903688172816545 and parameters: {'model_name': 'IterativeImputer', 'estimator': 'Ridge', 'initial_strategy': 'most_frequent', 'n_nearest_features': 3, 'imputation_order': 'random'}. Best is trial 114 with value: 0.09034191497458208.
running
[I 2024-10-29 10:42:37,292] Trial 145 finished with value: 0.0903688172816545 and parameters: {'model_name': 'IterativeImputer', 'estimator': 'Ridge', 'initial_strategy': 'most_frequent', 'n_nearest_features': 3, 'imputation_order': 'random'}. Best is trial 114 with value: 0.09034191497458208.
running
[I 2024-10-29 10:42:37,978] Trial 146 finished with value: 0.0903688172816545 and parameters: {'model_name': 'IterativeImputer', 'estimator': 'Ridge', 'initial_strategy': 'most_frequent', 'n_nearest_features': 3, 'imputation_order': 'random'}. Best is trial 114 with value: 0.09034191497458208.
running
[I 2024-10-29 10:42:39,671] Trial 147 finished with value: 0.0903688172816545 and parameters: {'model_name': 'IterativeImputer', 'estimator': 'Ridge', 'initial_strategy': 'most_frequent', 'n_nearest_features': 3, 'imputation_order': 'random'}. Best is trial 114 with value: 0.09034191497458208.
running
[I 2024-10-29 10:42:40,106] Trial 149 finished with value: 0.0903688172816545 and parameters: {'model_name': 'IterativeImputer', 'estimator': 'Ridge', 'initial_strategy': 'most_frequent', 'n_nearest_features': 3, 'imputation_order': 'random'}. Best is trial 114 with value: 0.09034191497458208.
running
[I 2024-10-29 10:42:40,350] Trial 148 finished with value: 0.0903688172816545 and parameters: {'model_name': 'IterativeImputer', 'estimator': 'Ridge', 'initial_strategy': 'most_frequent', 'n_nearest_features': 3, 'imputation_order': 'random'}. Best is trial 114 with value: 0.09034191497458208.
running
[I 2024-10-29 10:42:57,046] Trial 154 finished with value: 0.21828228640737013 and parameters: {'model_name': 'GAIN', 'batch_size': 918, 'hint_rate': 0.9223627486153789, 'alpha': 35, 'iterations': 9, 'learning_rate': 0.0017544494829770394, 'p_miss': 0.23247768319049353}. Best is trial 114 with value: 0.09034191497458208.
running
[I 2024-10-29 10:42:58,269] Trial 153 finished with value: 0.2229227730090381 and parameters: {'model_name': 'GAIN', 'batch_size': 916, 'hint_rate': 0.9699456842483106, 'alpha': 36, 'iterations': 11, 'learning_rate': 0.0019904798352358023, 'p_miss': 0.21816145441642337}. Best is trial 114 with value: 0.09034191497458208.
running
[I 2024-10-29 10:43:02,484] Trial 155 finished with value: 0.0903688172816545 and parameters: {'model_name': 'IterativeImputer', 'estimator': 'Ridge', 'initial_strategy': 'most_frequent', 'n_nearest_features': 3, 'imputation_order': 'random'}. Best is trial 114 with value: 0.09034191497458208.
running
[I 2024-10-29 10:46:22,768] Trial 62 finished with value: inf and parameters: {'model_name': 'GAIN', 'batch_size': 1, 'hint_rate': 0.07044382098560587, 'alpha': 95, 'iterations': 7061, 'learning_rate': 0.012373693468007877, 'p_miss': 0.01935629668993258}. Best is trial 114 with value: 0.09034191497458208.
running
[I 2024-10-29 10:47:52,908] Trial 60 finished with value: inf and parameters: {'model_name': 'GAIN', 'batch_size': 1, 'hint_rate': 0.018185687544414963, 'alpha': 1, 'iterations': 7476, 'learning_rate': 0.010745474495057555, 'p_miss': 0.02272858526901525}. Best is trial 114 with value: 0.09034191497458208.
running
[I 2024-10-29 10:50:33,958] Trial 59 finished with value: inf and parameters: {'model_name': 'GAIN', 'batch_size': 1, 'hint_rate': 0.02649953173321834, 'alpha': 3, 'iterations': 8394, 'learning_rate': 0.011542423893712527, 'p_miss': 0.022506169791836506}. Best is trial 114 with value: 0.09034191497458208.
running
[I 2024-10-29 10:50:41,414] Trial 160 finished with value: 0.0903688172816545 and parameters: {'model_name': 'IterativeImputer', 'estimator': 'Ridge', 'initial_strategy': 'most_frequent', 'n_nearest_features': 3, 'imputation_order': 'random'}. Best is trial 114 with value: 0.09034191497458208.
running
[I 2024-10-29 10:55:15,573] Trial 150 finished with value: 0.10065799570752085 and parameters: {'model_name': 'IterativeImputer', 'estimator': 'RFR', 'initial_strategy': 'most_frequent', 'n_nearest_features': 3, 'imputation_order': 'random'}. Best is trial 114 with value: 0.09034191497458208.
running
[I 2024-10-29 10:55:21,577] Trial 152 finished with value: 0.10029705551036863 and parameters: {'model_name': 'IterativeImputer', 'estimator': 'RFR', 'initial_strategy': 'most_frequent', 'n_nearest_features': 3, 'imputation_order': 'random'}. Best is trial 114 with value: 0.09034191497458208.
running
[I 2024-10-29 10:55:22,453] Trial 151 finished with value: 0.1002643827818341 and parameters: {'model_name': 'IterativeImputer', 'estimator': 'RFR', 'initial_strategy': 'most_frequent', 'n_nearest_features': 3, 'imputation_order': 'random'}. Best is trial 114 with value: 0.09034191497458208.
running
[I 2024-10-29 10:55:22,756] Trial 162 finished with value: 0.0903688172816545 and parameters: {'model_name': 'IterativeImputer', 'estimator': 'Ridge', 'initial_strategy': 'most_frequent', 'n_nearest_features': 3, 'imputation_order': 'random'}. Best is trial 114 with value: 0.09034191497458208.
running
[I 2024-10-29 10:55:28,227] Trial 163 finished with value: 0.0903688172816545 and parameters: {'model_name': 'IterativeImputer', 'estimator': 'Ridge', 'initial_strategy': 'most_frequent', 'n_nearest_features': 3, 'imputation_order': 'random'}. Best is trial 114 with value: 0.09034191497458208.
running
[I 2024-10-29 10:55:28,761] Trial 164 finished with value: 0.0903688172816545 and parameters: {'model_name': 'IterativeImputer', 'estimator': 'Ridge', 'initial_strategy': 'most_frequent', 'n_nearest_features': 3, 'imputation_order': 'random'}. Best is trial 114 with value: 0.09034191497458208.
running
[I 2024-10-29 10:55:34,559] Trial 156 finished with value: 0.10055971502664714 and parameters: {'model_name': 'IterativeImputer', 'estimator': 'RFR', 'initial_strategy': 'most_frequent', 'n_nearest_features': 3, 'imputation_order': 'random'}. Best is trial 114 with value: 0.09034191497458208.
running
[I 2024-10-29 10:55:34,851] Trial 166 finished with value: 0.0903688172816545 and parameters: {'model_name': 'IterativeImputer', 'estimator': 'Ridge', 'initial_strategy': 'most_frequent', 'n_nearest_features': 3, 'imputation_order': 'random'}. Best is trial 114 with value: 0.09034191497458208.
running
[I 2024-10-29 10:55:36,405] Trial 167 finished with value: 0.0903688172816545 and parameters: {'model_name': 'IterativeImputer', 'estimator': 'Ridge', 'initial_strategy': 'most_frequent', 'n_nearest_features': 3, 'imputation_order': 'random'}. Best is trial 114 with value: 0.09034191497458208.
running
[I 2024-10-29 10:55:39,886] Trial 168 finished with value: 0.0903688172816545 and parameters: {'model_name': 'IterativeImputer', 'estimator': 'Ridge', 'initial_strategy': 'most_frequent', 'n_nearest_features': 3, 'imputation_order': 'random'}. Best is trial 114 with value: 0.09034191497458208.
running
[I 2024-10-29 10:55:40,867] Trial 169 finished with value: 0.0903688172816545 and parameters: {'model_name': 'IterativeImputer', 'estimator': 'Ridge', 'initial_strategy': 'most_frequent', 'n_nearest_features': 3, 'imputation_order': 'random'}. Best is trial 114 with value: 0.09034191497458208.
running
[I 2024-10-29 10:56:03,376] Trial 157 finished with value: 0.10089689951392522 and parameters: {'model_name': 'IterativeImputer', 'estimator': 'RFR', 'initial_strategy': 'most_frequent', 'n_nearest_features': 3, 'imputation_order': 'random'}. Best is trial 114 with value: 0.09034191497458208.
running
[I 2024-10-29 10:56:10,252] Trial 173 finished with value: 0.09554306905332316 and parameters: {'model_name': 'IterativeImputer', 'estimator': 'Ridge', 'initial_strategy': 'most_frequent', 'n_nearest_features': 1, 'imputation_order': 'arabic'}. Best is trial 114 with value: 0.09034191497458208.
running
[I 2024-10-29 10:57:29,071] Trial 66 finished with value: inf and parameters: {'model_name': 'GAIN', 'batch_size': 1, 'hint_rate': 0.029587825572725213, 'alpha': 99, 'iterations': 8166, 'learning_rate': 0.010378590401122836, 'p_miss': 0.01913114771007382}. Best is trial 114 with value: 0.09034191497458208.
running
[I 2024-10-29 10:58:48,628] Trial 61 finished with value: inf and parameters: {'model_name': 'GAIN', 'batch_size': 1, 'hint_rate': 0.0964107931916387, 'alpha': 100, 'iterations': 9966, 'learning_rate': 0.010320079879615824, 'p_miss': 0.014258550680224497}. Best is trial 114 with value: 0.09034191497458208.
running
[I 2024-10-29 10:58:54,656] Trial 176 finished with value: 0.0903688172816545 and parameters: {'model_name': 'IterativeImputer', 'estimator': 'Ridge', 'initial_strategy': 'most_frequent', 'n_nearest_features': 3, 'imputation_order': 'random'}. Best is trial 114 with value: 0.09034191497458208.
running
[I 2024-10-29 10:59:44,871] Trial 158 finished with value: 0.10033530062932336 and parameters: {'model_name': 'IterativeImputer', 'estimator': 'RFR', 'initial_strategy': 'most_frequent', 'n_nearest_features': 3, 'imputation_order': 'random'}. Best is trial 114 with value: 0.09034191497458208.
running
[I 2024-10-29 10:59:48,497] Trial 178 finished with value: 0.09034191497458208 and parameters: {'model_name': 'IterativeImputer', 'estimator': 'Ridge', 'initial_strategy': 'most_frequent', 'n_nearest_features': 3, 'imputation_order': 'ascending'}. Best is trial 114 with value: 0.09034191497458208.
running
[I 2024-10-29 10:59:52,125] Trial 179 finished with value: 0.09034191497458208 and parameters: {'model_name': 'IterativeImputer', 'estimator': 'Ridge', 'initial_strategy': 'most_frequent', 'n_nearest_features': 3, 'imputation_order': 'ascending'}. Best is trial 114 with value: 0.09034191497458208.
running
[I 2024-10-29 11:00:35,281] Trial 159 finished with value: 0.10016178717942403 and parameters: {'model_name': 'IterativeImputer', 'estimator': 'RFR', 'initial_strategy': 'most_frequent', 'n_nearest_features': 3, 'imputation_order': 'random'}. Best is trial 114 with value: 0.09034191497458208.
running
[I 2024-10-29 11:00:38,687] Trial 181 finished with value: 0.09034191497458208 and parameters: {'model_name': 'IterativeImputer', 'estimator': 'Ridge', 'initial_strategy': 'most_frequent', 'n_nearest_features': 3, 'imputation_order': 'ascending'}. Best is trial 114 with value: 0.09034191497458208.
running
[I 2024-10-29 11:01:01,799] Trial 68 finished with value: inf and parameters: {'model_name': 'GAIN', 'batch_size': 27, 'hint_rate': 0.0945772365502488, 'alpha': 3, 'iterations': 6343, 'learning_rate': 0.010244390303154488, 'p_miss': 0.012961232233483416}. Best is trial 114 with value: 0.09034191497458208.
running
[I 2024-10-29 11:01:04,996] Trial 183 finished with value: 0.09034191497458208 and parameters: {'model_name': 'IterativeImputer', 'estimator': 'Ridge', 'initial_strategy': 'most_frequent', 'n_nearest_features': 3, 'imputation_order': 'ascending'}. Best is trial 114 with value: 0.09034191497458208.
running
[I 2024-10-29 11:01:14,268] Trial 65 finished with value: inf and parameters: {'model_name': 'GAIN', 'batch_size': 1, 'hint_rate': 0.012018797984995777, 'alpha': 1, 'iterations': 9706, 'learning_rate': 0.012211626243613122, 'p_miss': 0.020387405906786088}. Best is trial 114 with value: 0.09034191497458208.
running
[I 2024-10-29 11:03:19,839] Trial 161 finished with value: 0.10067262111716031 and parameters: {'model_name': 'IterativeImputer', 'estimator': 'RFR', 'initial_strategy': 'most_frequent', 'n_nearest_features': 3, 'imputation_order': 'random'}. Best is trial 114 with value: 0.09034191497458208.
running
[I 2024-10-29 11:08:01,728] Trial 171 finished with value: 0.10319040573587328 and parameters: {'model_name': 'VAE', 'batch_size': 9, 'iterations': 245, 'learning_rate': 0.024968217391195497, 'p_miss': 0.05316255230531537}. Best is trial 114 with value: 0.09034191497458208.
running
[I 2024-10-29 11:08:05,789] Trial 187 finished with value: 0.09034191497458208 and parameters: {'model_name': 'IterativeImputer', 'estimator': 'Ridge', 'initial_strategy': 'most_frequent', 'n_nearest_features': 3, 'imputation_order': 'ascending'}. Best is trial 114 with value: 0.09034191497458208.
running
[I 2024-10-29 11:08:10,158] Trial 188 finished with value: 0.09034191497458208 and parameters: {'model_name': 'IterativeImputer', 'estimator': 'Ridge', 'initial_strategy': 'most_frequent', 'n_nearest_features': 3, 'imputation_order': 'ascending'}. Best is trial 114 with value: 0.09034191497458208.
running
[I 2024-10-29 11:08:14,353] Trial 189 finished with value: 0.09034191497458208 and parameters: {'model_name': 'IterativeImputer', 'estimator': 'Ridge', 'initial_strategy': 'most_frequent', 'n_nearest_features': 3, 'imputation_order': 'ascending'}. Best is trial 114 with value: 0.09034191497458208.
running
[I 2024-10-29 11:08:18,321] Trial 190 finished with value: 0.09034191497458208 and parameters: {'model_name': 'IterativeImputer', 'estimator': 'Ridge', 'initial_strategy': 'most_frequent', 'n_nearest_features': 3, 'imputation_order': 'ascending'}. Best is trial 114 with value: 0.09034191497458208.
running
[I 2024-10-29 11:08:22,432] Trial 191 finished with value: 0.09034191497458208 and parameters: {'model_name': 'IterativeImputer', 'estimator': 'Ridge', 'initial_strategy': 'most_frequent', 'n_nearest_features': 3, 'imputation_order': 'ascending'}. Best is trial 114 with value: 0.09034191497458208.
running
[I 2024-10-29 11:08:26,255] Trial 192 finished with value: 0.09034191497458208 and parameters: {'model_name': 'IterativeImputer', 'estimator': 'Ridge', 'initial_strategy': 'most_frequent', 'n_nearest_features': 3, 'imputation_order': 'ascending'}. Best is trial 114 with value: 0.09034191497458208.
running
[I 2024-10-29 11:08:31,602] Trial 193 finished with value: 0.09035076657577623 and parameters: {'model_name': 'IterativeImputer', 'estimator': 'Ridge', 'initial_strategy': 'constant', 'n_nearest_features': 3, 'imputation_order': 'ascending'}. Best is trial 114 with value: 0.09034191497458208.
running
[I 2024-10-29 11:08:32,191] Trial 194 finished with value: 0.10236300830259777 and parameters: {'model_name': 'SimpleImputer', 'strategy': 'median'}. Best is trial 114 with value: 0.09034191497458208.
running
[I 2024-10-29 11:08:33,601] Trial 170 finished with value: 0.10276509395614834 and parameters: {'model_name': 'VAE', 'batch_size': 223, 'iterations': 243, 'learning_rate': 0.026058517459384103, 'p_miss': 0.10377550980673952}. Best is trial 114 with value: 0.09034191497458208.
running
[I 2024-10-29 11:08:38,812] Trial 195 finished with value: 0.09035076657577623 and parameters: {'model_name': 'IterativeImputer', 'estimator': 'Ridge', 'initial_strategy': 'constant', 'n_nearest_features': 3, 'imputation_order': 'ascending'}. Best is trial 114 with value: 0.09034191497458208.
running
[I 2024-10-29 11:08:39,669] Trial 196 finished with value: 0.09035076657577623 and parameters: {'model_name': 'IterativeImputer', 'estimator': 'Ridge', 'initial_strategy': 'constant', 'n_nearest_features': 3, 'imputation_order': 'ascending'}. Best is trial 114 with value: 0.09034191497458208.
running
[I 2024-10-29 11:08:45,544] Trial 197 finished with value: 0.09035076657577623 and parameters: {'model_name': 'IterativeImputer', 'estimator': 'Ridge', 'initial_strategy': 'constant', 'n_nearest_features': 3, 'imputation_order': 'ascending'}. Best is trial 114 with value: 0.09034191497458208.
running
[I 2024-10-29 11:08:45,948] Trial 198 finished with value: 0.09035076657577623 and parameters: {'model_name': 'IterativeImputer', 'estimator': 'Ridge', 'initial_strategy': 'constant', 'n_nearest_features': 3, 'imputation_order': 'ascending'}. Best is trial 114 with value: 0.09034191497458208.
[I 2024-10-29 11:08:49,709] Trial 199 finished with value: 0.09035076657577623 and parameters: {'model_name': 'IterativeImputer', 'estimator': 'Ridge', 'initial_strategy': 'constant', 'n_nearest_features': 3, 'imputation_order': 'ascending'}. Best is trial 114 with value: 0.09034191497458208.
[I 2024-10-29 11:11:54,072] Trial 184 finished with value: 0.10282172775903102 and parameters: {'model_name': 'VAE', 'batch_size': 263, 'iterations': 208, 'learning_rate': 0.024007964458334398, 'p_miss': 0.04656330247328827}. Best is trial 114 with value: 0.09034191497458208.
[I 2024-10-29 11:12:07,052] Trial 6 finished with value: 0.20798029082245426 and parameters: {'model_name': 'GAIN', 'batch_size': 78, 'hint_rate': 0.7235699534339635, 'alpha': 28, 'iterations': 3432, 'learning_rate': 0.001040084520795216, 'p_miss': 0.17496749048636892}. Best is trial 114 with value: 0.09034191497458208.
[I 2024-10-29 11:12:13,085] Trial 165 finished with value: 0.103011973964885 and parameters: {'model_name': 'VAE', 'batch_size': 250, 'iterations': 331, 'learning_rate': 0.024499451973378016, 'p_miss': 0.04733896249766374}. Best is trial 114 with value: 0.09034191497458208.
[I 2024-10-29 11:13:28,344] Trial 182 finished with value: 0.10294941211972612 and parameters: {'model_name': 'VAE', 'batch_size': 377, 'iterations': 254, 'learning_rate': 0.026901741205493716, 'p_miss': 0.2980545306241027}. Best is trial 114 with value: 0.09034191497458208.
[I 2024-10-29 11:14:22,676] Trial 185 finished with value: 0.1025478979179465 and parameters: {'model_name': 'VAE', 'batch_size': 9, 'iterations': 353, 'learning_rate': 0.022761181005482474, 'p_miss': 0.04699401138855672}. Best is trial 114 with value: 0.09034191497458208.
[I 2024-10-29 11:23:53,223] Trial 14 finished with value: 0.10347657012081499 and parameters: {'model_name': 'VAE', 'batch_size': 70, 'iterations': 2098, 'learning_rate': 0.00018840915165095506, 'p_miss': 0.07979596242656528}. Best is trial 114 with value: 0.09034191497458208.
[I 2024-10-29 11:43:22,085] Trial 180 finished with value: 0.10318837475457968 and parameters: {'model_name': 'VAE', 'batch_size': 8, 'iterations': 1653, 'learning_rate': 0.020753888109714763, 'p_miss': 0.04674680567246092}. Best is trial 114 with value: 0.09034191497458208.
[I 2024-10-29 11:51:43,614] Trial 177 finished with value: 0.10496046631797487 and parameters: {'model_name': 'VAE', 'batch_size': 8, 'iterations': 1995, 'learning_rate': 0.029792174331025257, 'p_miss': 0.1123613779906842}. Best is trial 114 with value: 0.09034191497458208.
[I 2024-10-29 11:52:01,791] Trial 186 finished with value: 0.10197400196190318 and parameters: {'model_name': 'VAE', 'batch_size': 10, 'iterations': 2105, 'learning_rate': 0.03156270748569211, 'p_miss': 0.04460532530477267}. Best is trial 114 with value: 0.09034191497458208.
[I 2024-10-29 11:54:16,427] Trial 174 finished with value: 0.10267485315538931 and parameters: {'model_name': 'VAE', 'batch_size': 8, 'iterations': 2255, 'learning_rate': 0.024915032839558194, 'p_miss': 0.04735717431978345}. Best is trial 114 with value: 0.09034191497458208.
[I 2024-10-29 11:54:43,684] Trial 172 finished with value: 0.10232098881933538 and parameters: {'model_name': 'VAE', 'batch_size': 364, 'iterations': 2247, 'learning_rate': 0.028860256404683492, 'p_miss': 0.2993070272585624}. Best is trial 114 with value: 0.09034191497458208.
[I 2024-10-29 11:56:56,774] Trial 175 finished with value: 0.10278578869974582 and parameters: {'model_name': 'VAE', 'batch_size': 267, 'iterations': 2526, 'learning_rate': 0.0334948825718523, 'p_miss': 0.05324329397021066}. Best is trial 114 with value: 0.09034191497458208.
[I 2024-10-29 12:00:21,760] Trial 36 finished with value: 0.12553885144130694 and parameters: {'model_name': 'VAE', 'batch_size': 1, 'iterations': 6056, 'learning_rate': 0.08858856752273966, 'p_miss': 0.013494284902283438}. Best is trial 114 with value: 0.09034191497458208.
[I 2024-10-29 12:00:59,455] Trial 35 finished with value: 0.1023554598038023 and parameters: {'model_name': 'VAE', 'batch_size': 489, 'iterations': 4970, 'learning_rate': 0.09119182801587628, 'p_miss': 0.02823955276274434}. Best is trial 114 with value: 0.09034191497458208.
fit
auto fit
auto transform
0    0
1    0
2    0
3    0
4    0
dtype: int64
0    0
1    0
2    0
3    0
4    0
dtype: int64
0.09034191497458208
{'model_name': 'IterativeImputer', 'estimator': 'Ridge', 'initial_strategy': 'most_frequent', 'n_nearest_features': 3, 'imputation_order': 'ascending'}
running experiment 2/3 - Does reconstruction give good automl predictions
Start est fit
Version 0.1.7a0 of tpot2 is outdated. Version 0.1.8a0 was released Tuesday September 17, 2024.
Version 0.1.7a0 of tpot2 is outdated. Version 0.1.8a0 was released Tuesday September 17, 2024.
Version 0.1.7a0 of tpot2 is outdated. Version 0.1.8a0 was released Tuesday September 17, 2024.
Version 0.1.7a0 of tpot2 is outdated. Version 0.1.8a0 was released Tuesday September 17, 2024.
Version 0.1.7a0 of tpot2 is outdated. Version 0.1.8a0 was released Tuesday September 17, 2024.
Version 0.1.7a0 of tpot2 is outdated. Version 0.1.8a0 was released Tuesday September 17, 2024.
Version 0.1.7a0 of tpot2 is outdated. Version 0.1.8a0 was released Tuesday September 17, 2024.
Version 0.1.7a0 of tpot2 is outdated. Version 0.1.8a0 was released Tuesday September 17, 2024.
Version 0.1.7a0 of tpot2 is outdated. Version 0.1.8a0 was released Tuesday September 17, 2024.
Version 0.1.7a0 of tpot2 is outdated. Version 0.1.8a0 was released Tuesday September 17, 2024.
Version 0.1.7a0 of tpot2 is outdated. Version 0.1.8a0 was released Tuesday September 17, 2024.
Version 0.1.7a0 of tpot2 is outdated. Version 0.1.8a0 was released Tuesday September 17, 2024.
Version 0.1.7a0 of tpot2 is outdated. Version 0.1.8a0 was released Tuesday September 17, 2024.
Version 0.1.7a0 of tpot2 is outdated. Version 0.1.8a0 was released Tuesday September 17, 2024.
Version 0.1.7a0 of tpot2 is outdated. Version 0.1.8a0 was released Tuesday September 17, 2024.
Version 0.1.7a0 of tpot2 is outdated. Version 0.1.8a0 was released Tuesday September 17, 2024.
  0%|          | 0/25 [00:00<?, ?it/s]Generation:   0%|          | 0/25 [00:00<?, ?it/s]WARNING THIS INDIVIDUAL CAUSED AND EXCEPTION 
 <tpot2.search_spaces.pipelines.sequential.SequentialPipelineIndividual object at 0x15547469c940> 
 The 'min_samples_split' parameter of DecisionTreeClassifier must be an int in the range [2, inf) or a float in the range (0.0, 1.0]. Got 1 instead. 
 Traceback (most recent call last):
  File "/common/ketrong/tpotexp/tpot2/tpot2/utils/eval_utils.py", line 53, in objective_nan_wrapper
    value = func_timeout.func_timeout(timeout, objective_function, args=[individual], kwargs=objective_kwargs)
  File "/common/ketrong/tpotexp/env/lib/python3.10/site-packages/func_timeout/dafunc.py", line 108, in func_timeout
    raise_exception(exception)
  File "/common/ketrong/tpotexp/env/lib/python3.10/site-packages/func_timeout/py3_raise.py", line 7, in raise_exception
    raise exception[0] from None
  File "/common/ketrong/tpotexp/tpot2/tpot2/tpot_estimator/estimator.py", line 623, in objective_function
    return objective_function_generator(
  File "/common/ketrong/tpotexp/tpot2/tpot2/tpot_estimator/estimator_utils.py", line 55, in objective_function_generator
    cv_obj_scores = cross_val_score_objective(sklearn.base.clone(pipeline),x,y,scorers=scorers, cv=cv , fold=step)
  File "/common/ketrong/tpotexp/tpot2/tpot2/tpot_estimator/cross_val_utils.py", line 28, in cross_val_score_objective
    this_fold_pipeline.fit(X_train,y_train)
  File "/common/ketrong/tpotexp/env/lib/python3.10/site-packages/sklearn/base.py", line 1473, in wrapper
    return fit_method(estimator, *args, **kwargs)
  File "/common/ketrong/tpotexp/env/lib/python3.10/site-packages/sklearn/pipeline.py", line 473, in fit
    self._final_estimator.fit(Xt, y, **last_step_params["fit"])
  File "/common/ketrong/tpotexp/env/lib/python3.10/site-packages/sklearn/base.py", line 1466, in wrapper
    estimator._validate_params()
  File "/common/ketrong/tpotexp/env/lib/python3.10/site-packages/sklearn/base.py", line 666, in _validate_params
    validate_parameter_constraints(
  File "/common/ketrong/tpotexp/env/lib/python3.10/site-packages/sklearn/utils/_param_validation.py", line 95, in validate_parameter_constraints
    raise InvalidParameterError(
sklearn.utils._param_validation.InvalidParameterError: The 'min_samples_split' parameter of DecisionTreeClassifier must be an int in the range [2, inf) or a float in the range (0.0, 1.0]. Got 1 instead.

Generation:  1
Best f1_score score: 0.9416323663337739
Generation:   4%|         | 1/25 [00:36<14:29, 36.22s/it]Generation:  2
Best f1_score score: 0.9416323663337739
Generation:   8%|         | 2/25 [01:02<11:42, 30.53s/it]Generation:  3
Best f1_score score: 0.94180463352348
Generation:  12%|        | 3/25 [02:53<24:39, 67.25s/it]Generation:  4
Best f1_score score: 0.94180463352348
Generation:  16%|        | 4/25 [03:00<15:09, 43.33s/it]Generation:  5
Best f1_score score: 0.9418117833687877
Generation:  20%|        | 5/25 [04:16<18:24, 55.21s/it]Generation:  6
Best f1_score score: 0.9419884545239772
Generation:  24%|       | 6/25 [04:27<12:40, 40.01s/it]Generation:  7
Best f1_score score: 0.942397643307977
Generation:  28%|       | 7/25 [04:37<09:07, 30.41s/it]Generation:  8
Best f1_score score: 0.9428979752348926
Generation:  32%|      | 8/25 [04:48<06:49, 24.07s/it]Generation:  9
Best f1_score score: 0.9430840766479743
Generation:  36%|      | 9/25 [04:58<05:14, 19.67s/it]Generation:  10
Best f1_score score: 0.9430840766479743
Generation:  40%|      | 10/25 [06:45<11:39, 46.67s/it]Generation:  11
Best f1_score score: 0.9430840766479743
Generation:  44%|     | 11/25 [06:55<08:18, 35.59s/it]Generation:  12
Best f1_score score: 0.9430840766479743
Generation:  48%|     | 12/25 [07:45<08:38, 39.88s/it]Generation:  13
Best f1_score score: 0.9441386463626358
Generation:  52%|    | 13/25 [07:57<06:17, 31.47s/it]Generation:  14
Best f1_score score: 0.9441386463626358
Generation:  56%|    | 14/25 [08:10<04:44, 25.88s/it]Generation:  15
Best f1_score score: 0.9441386463626358
Generation:  60%|    | 15/25 [08:23<03:39, 21.90s/it]Generation:  16
Best f1_score score: 0.9441386463626358
Generation:  64%|   | 16/25 [08:37<02:55, 19.46s/it]Generation:  17
Best f1_score score: 0.9441386463626358
Generation:  68%|   | 17/25 [08:51<02:23, 17.92s/it]Generation:  18
Best f1_score score: 0.9441386463626358
Generation:  72%|  | 18/25 [09:08<02:03, 17.65s/it]Generation:  19
Best f1_score score: 0.9441386463626358
Generation:  76%|  | 19/25 [16:46<14:58, 149.82s/it]Generation:  20
Best f1_score score: 0.9441386463626358
Generation:  80%|  | 20/25 [17:04<09:11, 110.20s/it]Generation:  21
Best f1_score score: 0.9441386463626358
Generation:  84%| | 21/25 [17:36<05:47, 86.97s/it] WARNING THIS INDIVIDUAL CAUSED AND EXCEPTION 
 <tpot2.search_spaces.pipelines.sequential.SequentialPipelineIndividual object at 0x155465b043d0> 
 The 'min_samples_split' parameter of DecisionTreeClassifier must be an int in the range [2, inf) or a float in the range (0.0, 1.0]. Got 1 instead. 
 Traceback (most recent call last):
  File "/common/ketrong/tpotexp/tpot2/tpot2/utils/eval_utils.py", line 53, in objective_nan_wrapper
    value = func_timeout.func_timeout(timeout, objective_function, args=[individual], kwargs=objective_kwargs)
  File "/common/ketrong/tpotexp/env/lib/python3.10/site-packages/func_timeout/dafunc.py", line 108, in func_timeout
    raise_exception(exception)
  File "/common/ketrong/tpotexp/env/lib/python3.10/site-packages/func_timeout/py3_raise.py", line 7, in raise_exception
    raise exception[0] from None
  File "/common/ketrong/tpotexp/tpot2/tpot2/tpot_estimator/estimator.py", line 623, in objective_function
    return objective_function_generator(
  File "/common/ketrong/tpotexp/tpot2/tpot2/tpot_estimator/estimator_utils.py", line 55, in objective_function_generator
    cv_obj_scores = cross_val_score_objective(sklearn.base.clone(pipeline),x,y,scorers=scorers, cv=cv , fold=step)
  File "/common/ketrong/tpotexp/tpot2/tpot2/tpot_estimator/cross_val_utils.py", line 28, in cross_val_score_objective
    this_fold_pipeline.fit(X_train,y_train)
  File "/common/ketrong/tpotexp/env/lib/python3.10/site-packages/sklearn/base.py", line 1473, in wrapper
    return fit_method(estimator, *args, **kwargs)
  File "/common/ketrong/tpotexp/env/lib/python3.10/site-packages/sklearn/pipeline.py", line 473, in fit
    self._final_estimator.fit(Xt, y, **last_step_params["fit"])
  File "/common/ketrong/tpotexp/env/lib/python3.10/site-packages/sklearn/base.py", line 1466, in wrapper
    estimator._validate_params()
  File "/common/ketrong/tpotexp/env/lib/python3.10/site-packages/sklearn/base.py", line 666, in _validate_params
    validate_parameter_constraints(
  File "/common/ketrong/tpotexp/env/lib/python3.10/site-packages/sklearn/utils/_param_validation.py", line 95, in validate_parameter_constraints
    raise InvalidParameterError(
sklearn.utils._param_validation.InvalidParameterError: The 'min_samples_split' parameter of DecisionTreeClassifier must be an int in the range [2, inf) or a float in the range (0.0, 1.0]. Got 1 instead.

Generation:  22
Best f1_score score: 0.9441386463626358
Generation:  88%| | 22/25 [17:54<03:18, 66.26s/it]Generation:  23
Best f1_score score: 0.9441386463626358
Generation:  92%|| 23/25 [22:10<04:06, 123.17s/it]Generation:  24
Best f1_score score: 0.9441386463626358
Generation:  96%|| 24/25 [22:35<01:33, 93.54s/it] Generation:  25
Best f1_score score: 0.9441386463626358
Generation: 100%|| 25/25 [24:05<00:00, 92.66s/it]Generation: 100%|| 25/25 [24:09<00:00, 57.98s/it]
2024-10-29 12:25:16,188 - distributed.scheduler - ERROR - Removing worker 'tcp://127.0.0.1:37151' caused the cluster to lose scattered data, which can't be recovered: {'ndarray-582d7d183af8cedc419ecc82f5b1ea53', 'ndarray-e5d1a7afcb1b897541c4be947976219a'} (stimulus_id='handle-worker-cleanup-1730229916.188566')
Fitted
Pipeline(steps=[('lgbmclassifier',
                 LGBMClassifier(boosting_type='goss', class_weight='balanced',
                                max_depth=4, n_estimators=58, n_jobs=1,
                                num_leaves=197, verbose=-1))])
score start
train score: {'auroc': 0.9867550584512114, 'accuracy': 0.9505523408732246, 'balanced_accuracy': 0.9498925511955778, 'logloss': 0.14526282677683156, 'f1': 0.9503164064237732}
original test score: {'auroc': 0.9816352804813273, 'accuracy': 0.9438990182328191, 'balanced_accuracy': 0.9427288506080764, 'logloss': 0.16818859043361076, 'f1': 0.9435631965552178}
imputed test score: {'auroc': 0.9816500899427959, 'accuracy': 0.9438990182328191, 'balanced_accuracy': 0.9427288506080764, 'logloss': 0.16818277772046836, 'f1': 0.9435631965552178}
score end
check intended
EXP2 Finished
running experiment 3/3 - What is the best automl settings?
<tpot2.search_spaces.pipelines.sequential.SequentialPipeline object at 0x155435014610>
Start tpot fit
Version 0.1.7a0 of tpot2 is outdated. Version 0.1.8a0 was released Tuesday September 17, 2024.
Version 0.1.7a0 of tpot2 is outdated. Version 0.1.8a0 was released Tuesday September 17, 2024.
Version 0.1.7a0 of tpot2 is outdated. Version 0.1.8a0 was released Tuesday September 17, 2024.
Version 0.1.7a0 of tpot2 is outdated. Version 0.1.8a0 was released Tuesday September 17, 2024.
Version 0.1.7a0 of tpot2 is outdated. Version 0.1.8a0 was released Tuesday September 17, 2024.
Version 0.1.7a0 of tpot2 is outdated. Version 0.1.8a0 was released Tuesday September 17, 2024.
Version 0.1.7a0 of tpot2 is outdated. Version 0.1.8a0 was released Tuesday September 17, 2024.
Version 0.1.7a0 of tpot2 is outdated. Version 0.1.8a0 was released Tuesday September 17, 2024.
Version 0.1.7a0 of tpot2 is outdated. Version 0.1.8a0 was released Tuesday September 17, 2024.
Version 0.1.7a0 of tpot2 is outdated. Version 0.1.8a0 was released Tuesday September 17, 2024.
Version 0.1.7a0 of tpot2 is outdated. Version 0.1.8a0 was released Tuesday September 17, 2024.
Version 0.1.7a0 of tpot2 is outdated. Version 0.1.8a0 was released Tuesday September 17, 2024.
Version 0.1.7a0 of tpot2 is outdated. Version 0.1.8a0 was released Tuesday September 17, 2024.
Version 0.1.7a0 of tpot2 is outdated. Version 0.1.8a0 was released Tuesday September 17, 2024.
Version 0.1.7a0 of tpot2 is outdated. Version 0.1.8a0 was released Tuesday September 17, 2024.
Version 0.1.7a0 of tpot2 is outdated. Version 0.1.8a0 was released Tuesday September 17, 2024.
  0%|          | 0/25 [00:00<?, ?it/s]Generation:   0%|          | 0/25 [00:00<?, ?it/s]WARNING THIS INDIVIDUAL CAUSED AND EXCEPTION 
 <tpot2.search_spaces.pipelines.sequential.SequentialPipelineIndividual object at 0x155474cd1390> 
 Negative values in data passed to MultinomialNB (input X) 
 Traceback (most recent call last):
  File "/common/ketrong/tpotexp/tpot2/tpot2/utils/eval_utils.py", line 53, in objective_nan_wrapper
    value = func_timeout.func_timeout(timeout, objective_function, args=[individual], kwargs=objective_kwargs)
  File "/common/ketrong/tpotexp/env/lib/python3.10/site-packages/func_timeout/dafunc.py", line 108, in func_timeout
    raise_exception(exception)
  File "/common/ketrong/tpotexp/env/lib/python3.10/site-packages/func_timeout/py3_raise.py", line 7, in raise_exception
    raise exception[0] from None
  File "/common/ketrong/tpotexp/tpot2/tpot2/tpot_estimator/estimator.py", line 623, in objective_function
    return objective_function_generator(
  File "/common/ketrong/tpotexp/tpot2/tpot2/tpot_estimator/estimator_utils.py", line 55, in objective_function_generator
    cv_obj_scores = cross_val_score_objective(sklearn.base.clone(pipeline),x,y,scorers=scorers, cv=cv , fold=step)
  File "/common/ketrong/tpotexp/tpot2/tpot2/tpot_estimator/cross_val_utils.py", line 28, in cross_val_score_objective
    this_fold_pipeline.fit(X_train,y_train)
  File "/common/ketrong/tpotexp/env/lib/python3.10/site-packages/sklearn/base.py", line 1473, in wrapper
    return fit_method(estimator, *args, **kwargs)
  File "/common/ketrong/tpotexp/env/lib/python3.10/site-packages/sklearn/pipeline.py", line 473, in fit
    self._final_estimator.fit(Xt, y, **last_step_params["fit"])
  File "/common/ketrong/tpotexp/env/lib/python3.10/site-packages/sklearn/base.py", line 1473, in wrapper
    return fit_method(estimator, *args, **kwargs)
  File "/common/ketrong/tpotexp/env/lib/python3.10/site-packages/sklearn/naive_bayes.py", line 759, in fit
    self._count(X, Y)
  File "/common/ketrong/tpotexp/env/lib/python3.10/site-packages/sklearn/naive_bayes.py", line 881, in _count
    check_non_negative(X, "MultinomialNB (input X)")
  File "/common/ketrong/tpotexp/env/lib/python3.10/site-packages/sklearn/utils/validation.py", line 1689, in check_non_negative
    raise ValueError("Negative values in data passed to %s" % whom)
ValueError: Negative values in data passed to MultinomialNB (input X)

Generation:  1
Best f1_score score: 0.943270877922418
Generation:   4%|         | 1/25 [04:41<1:52:28, 281.17s/it]WARNING THIS INDIVIDUAL CAUSED AND EXCEPTION 
 <tpot2.search_spaces.pipelines.sequential.SequentialPipelineIndividual object at 0x155474597700> 
 Input X contains NaN.
QuadraticDiscriminantAnalysis does not accept missing values encoded as NaN natively. For supervised learning, you might want to consider sklearn.ensemble.HistGradientBoostingClassifier and Regressor which accept missing values encoded as NaNs natively. Alternatively, it is possible to preprocess the data, for instance by using an imputer transformer in a pipeline or drop samples with missing values. See https://scikit-learn.org/stable/modules/impute.html You can find a list of all estimators that handle NaN values at the following page: https://scikit-learn.org/stable/modules/impute.html#estimators-that-handle-nan-values 
 Traceback (most recent call last):
  File "/common/ketrong/tpotexp/tpot2/tpot2/utils/eval_utils.py", line 53, in objective_nan_wrapper
    value = func_timeout.func_timeout(timeout, objective_function, args=[individual], kwargs=objective_kwargs)
  File "/common/ketrong/tpotexp/env/lib/python3.10/site-packages/func_timeout/dafunc.py", line 108, in func_timeout
    raise_exception(exception)
  File "/common/ketrong/tpotexp/env/lib/python3.10/site-packages/func_timeout/py3_raise.py", line 7, in raise_exception
    raise exception[0] from None
  File "/common/ketrong/tpotexp/tpot2/tpot2/tpot_estimator/estimator.py", line 623, in objective_function
    return objective_function_generator(
  File "/common/ketrong/tpotexp/tpot2/tpot2/tpot_estimator/estimator_utils.py", line 55, in objective_function_generator
    cv_obj_scores = cross_val_score_objective(sklearn.base.clone(pipeline),x,y,scorers=scorers, cv=cv , fold=step)
  File "/common/ketrong/tpotexp/tpot2/tpot2/tpot_estimator/cross_val_utils.py", line 28, in cross_val_score_objective
    this_fold_pipeline.fit(X_train,y_train)
  File "/common/ketrong/tpotexp/env/lib/python3.10/site-packages/sklearn/base.py", line 1473, in wrapper
    return fit_method(estimator, *args, **kwargs)
  File "/common/ketrong/tpotexp/env/lib/python3.10/site-packages/sklearn/pipeline.py", line 473, in fit
    self._final_estimator.fit(Xt, y, **last_step_params["fit"])
  File "/common/ketrong/tpotexp/env/lib/python3.10/site-packages/sklearn/base.py", line 1473, in wrapper
    return fit_method(estimator, *args, **kwargs)
  File "/common/ketrong/tpotexp/env/lib/python3.10/site-packages/sklearn/discriminant_analysis.py", line 911, in fit
    X, y = self._validate_data(X, y)
  File "/common/ketrong/tpotexp/env/lib/python3.10/site-packages/sklearn/base.py", line 650, in _validate_data
    X, y = check_X_y(X, y, **check_params)
  File "/common/ketrong/tpotexp/env/lib/python3.10/site-packages/sklearn/utils/validation.py", line 1301, in check_X_y
    X = check_array(
  File "/common/ketrong/tpotexp/env/lib/python3.10/site-packages/sklearn/utils/validation.py", line 1064, in check_array
    _assert_all_finite(
  File "/common/ketrong/tpotexp/env/lib/python3.10/site-packages/sklearn/utils/validation.py", line 123, in _assert_all_finite
    _assert_all_finite_element_wise(
  File "/common/ketrong/tpotexp/env/lib/python3.10/site-packages/sklearn/utils/validation.py", line 172, in _assert_all_finite_element_wise
    raise ValueError(msg_err)
ValueError: Input X contains NaN.
QuadraticDiscriminantAnalysis does not accept missing values encoded as NaN natively. For supervised learning, you might want to consider sklearn.ensemble.HistGradientBoostingClassifier and Regressor which accept missing values encoded as NaNs natively. Alternatively, it is possible to preprocess the data, for instance by using an imputer transformer in a pipeline or drop samples with missing values. See https://scikit-learn.org/stable/modules/impute.html You can find a list of all estimators that handle NaN values at the following page: https://scikit-learn.org/stable/modules/impute.html#estimators-that-handle-nan-values

Generation:  2
Best f1_score score: 0.943270877922418
Generation:   8%|         | 2/25 [08:53<1:41:22, 264.45s/it]Generation:  3
Best f1_score score: 0.943270877922418
Generation:  12%|        | 3/25 [13:06<1:34:58, 259.04s/it]Generation:  4
Best f1_score score: 0.943270877922418
Generation:  16%|        | 4/25 [17:20<1:29:55, 256.93s/it]Generation:  5
Best f1_score score: 0.943270877922418
Generation:  20%|        | 5/25 [21:33<1:25:13, 255.67s/it]Generation:  6
Best f1_score score: 0.943270877922418
Generation:  24%|       | 6/25 [25:47<1:20:42, 254.89s/it]Generation:  7
Best f1_score score: 0.943270877922418
Generation:  28%|       | 7/25 [29:59<1:16:11, 253.99s/it]Generation:  8
Best f1_score score: 0.9436269997160875
Generation:  32%|      | 8/25 [34:12<1:11:54, 253.79s/it]Generation:  9
Best f1_score score: 0.9436269997160875
Generation:  36%|      | 9/25 [38:30<1:07:59, 254.96s/it]Generation:  10
Best f1_score score: 0.9436269997160875
Generation:  40%|      | 10/25 [42:44<1:03:39, 254.66s/it]Generation:  11
Best f1_score score: 0.9436269997160875
Generation:  44%|     | 11/25 [46:55<59:12, 253.77s/it]  Generation:  12
Best f1_score score: 0.9436269997160875
Generation:  48%|     | 12/25 [51:09<54:57, 253.65s/it]WARNING THIS INDIVIDUAL CAUSED AND EXCEPTION 
 <tpot2.search_spaces.pipelines.sequential.SequentialPipelineIndividual object at 0x15545f9c72b0> 
 KNeighborsRegressor.predict() got an unexpected keyword argument 'return_std' 
 Traceback (most recent call last):
  File "/common/ketrong/tpotexp/tpot2/tpot2/utils/eval_utils.py", line 53, in objective_nan_wrapper
    value = func_timeout.func_timeout(timeout, objective_function, args=[individual], kwargs=objective_kwargs)
  File "/common/ketrong/tpotexp/env/lib/python3.10/site-packages/func_timeout/dafunc.py", line 108, in func_timeout
    raise_exception(exception)
  File "/common/ketrong/tpotexp/env/lib/python3.10/site-packages/func_timeout/py3_raise.py", line 7, in raise_exception
    raise exception[0] from None
  File "/common/ketrong/tpotexp/tpot2/tpot2/tpot_estimator/estimator.py", line 623, in objective_function
    return objective_function_generator(
  File "/common/ketrong/tpotexp/tpot2/tpot2/tpot_estimator/estimator_utils.py", line 55, in objective_function_generator
    cv_obj_scores = cross_val_score_objective(sklearn.base.clone(pipeline),x,y,scorers=scorers, cv=cv , fold=step)
  File "/common/ketrong/tpotexp/tpot2/tpot2/tpot_estimator/cross_val_utils.py", line 28, in cross_val_score_objective
    this_fold_pipeline.fit(X_train,y_train)
  File "/common/ketrong/tpotexp/env/lib/python3.10/site-packages/sklearn/base.py", line 1473, in wrapper
    return fit_method(estimator, *args, **kwargs)
  File "/common/ketrong/tpotexp/env/lib/python3.10/site-packages/sklearn/pipeline.py", line 469, in fit
    Xt = self._fit(X, y, routed_params)
  File "/common/ketrong/tpotexp/env/lib/python3.10/site-packages/sklearn/pipeline.py", line 406, in _fit
    X, fitted_transformer = fit_transform_one_cached(
  File "/common/ketrong/tpotexp/env/lib/python3.10/site-packages/joblib/memory.py", line 312, in __call__
    return self.func(*args, **kwargs)
  File "/common/ketrong/tpotexp/env/lib/python3.10/site-packages/sklearn/pipeline.py", line 1310, in _fit_transform_one
    res = transformer.fit_transform(X, y, **params.get("fit_transform", {}))
  File "/common/ketrong/tpotexp/env/lib/python3.10/site-packages/sklearn/utils/_set_output.py", line 313, in wrapped
    data_to_wrap = f(self, X, *args, **kwargs)
  File "/common/ketrong/tpotexp/env/lib/python3.10/site-packages/sklearn/base.py", line 1473, in wrapper
    return fit_method(estimator, *args, **kwargs)
  File "/common/ketrong/tpotexp/env/lib/python3.10/site-packages/sklearn/impute/_iterative.py", line 789, in fit_transform
    Xt, estimator = self._impute_one_feature(
  File "/common/ketrong/tpotexp/env/lib/python3.10/site-packages/sklearn/impute/_iterative.py", line 431, in _impute_one_feature
    mus, sigmas = estimator.predict(X_test, return_std=True)
TypeError: KNeighborsRegressor.predict() got an unexpected keyword argument 'return_std'

Generation:  13
Best f1_score score: 0.9436269997160875
Generation:  52%|    | 13/25 [55:21<50:38, 253.24s/it]Generation:  14
Best f1_score score: 0.9436269997160875
Generation:  56%|    | 14/25 [59:33<46:22, 252.93s/it]Generation:  15
Best f1_score score: 0.9436269997160875
Generation:  60%|    | 15/25 [1:03:47<42:11, 253.10s/it]Generation:  16
Best f1_score score: 0.9436269997160875
Generation:  64%|   | 16/25 [1:07:58<37:52, 252.49s/it]Generation:  17
Best f1_score score: 0.9436269997160875
Generation:  68%|   | 17/25 [1:12:14<33:48, 253.55s/it]Generation:  18
Best f1_score score: 0.9436269997160875
Generation:  72%|  | 18/25 [1:16:23<29:26, 252.30s/it]Generation:  19
Best f1_score score: 0.9436269997160875
Generation:  76%|  | 19/25 [1:20:35<25:12, 252.16s/it]Generation:  20
Best f1_score score: 0.9436269997160875
Generation:  80%|  | 20/25 [1:20:46<14:58, 179.64s/it]Generation:  21
Best f1_score score: 0.9436269997160875
Generation:  84%| | 21/25 [1:20:55<08:34, 128.64s/it]Generation:  22
Best f1_score score: 0.9436269997160875
Generation:  88%| | 22/25 [1:25:08<08:17, 165.79s/it]Generation:  23
Best f1_score score: 0.9436269997160875
Generation:  92%|| 23/25 [1:29:26<06:27, 193.62s/it]Generation:  24
Best f1_score score: 0.9436269997160875
Generation:  96%|| 24/25 [1:33:37<03:30, 210.85s/it]Generation:  25
Best f1_score score: 0.9436269997160875
Generation: 100%|| 25/25 [1:37:53<00:00, 224.28s/it]Generation: 100%|| 25/25 [1:37:53<00:00, 234.94s/it]
2024-10-29 14:03:21,755 - distributed.scheduler - ERROR - Removing worker 'tcp://127.0.0.1:35301' caused the cluster to lose scattered data, which can't be recovered: {'ndarray-582d7d183af8cedc419ecc82f5b1ea53', 'DataFrame-67ea89e50dd78a2c7b7369a5fc1dee07'} (stimulus_id='handle-worker-cleanup-1730235801.7557774')
Fitted
Pipeline(steps=[('simpleimputer', SimpleImputer()),
                ('xgbclassifier',
                 XGBClassifier(base_score=None, booster=None, callbacks=None,
                               colsample_bylevel=None, colsample_bynode=None,
                               colsample_bytree=None, device=None,
                               early_stopping_rounds=None,
                               enable_categorical=False, eval_metric=None,
                               feature_types=None, gamma=0.0026936790249,
                               grow_policy=None, importance_type=None,
                               interaction_constraints=None,
                               learning_rate=0.1258381866119, max_bin=None,
                               max_cat_threshold=None, max_cat_to_onehot=None,
                               max_delta_step=None, max_depth=10,
                               max_leaves=None, min_child_weight=9, missing=nan,
                               monotone_constraints=None, multi_strategy=None,
                               n_estimators=100, n_jobs=1, nthread=1,
                               num_parallel_tree=None, ...))])
transform worked
try transform
transform worked
score start
train score: {'auroc': 0.9908103126162722, 'accuracy': 0.9558127301420305, 'balanced_accuracy': 0.9553665888041407, 'logloss': 0.12159843255757803, 'f1': 0.9556208478962674}
test score: {'auroc': 0.981819905100971, 'accuracy': 0.9438990182328191, 'balanced_accuracy': 0.9431632614778263, 'logloss': 0.1652802068476156, 'f1': 0.9436217676908449}
original test score: {'auroc': 0.9818574224033585, 'accuracy': 0.9446002805049089, 'balanced_accuracy': 0.9438237634593323, 'logloss': 0.1645840180698981, 'f1': 0.9443209647724604}
score end
803
lvl
0.01
type
MAR
num_run
3
class_full
finished
all finished
full run takes
3.9892220909727945
hours
DONE
