Run: 69
/cm/local/apps/slurm/var/spool/job925273/slurm_script: line 26: 
pip install -e tpot2
pip install -r tpot2/ImputerExperiments/requirements_.txt
: No such file or directory
RunStart
starting loops
../data/c/26/26.pkl
working on 
../data/c/26/class_simple_MNAR_0.01_3
1.4047901630401611
running experiment 1/3 - Does large hyperparameter space improve reconstruction accuracy over simple
[I 2024-08-17 07:48:38,541] A new study created in memory with name: no-name-1050b36f-2536-415f-b7ac-2650c1d77ecf
running
running
running
running
running
running
running
running
running
running
running
running
running
running
running
running
[I 2024-08-17 07:48:39,662] Trial 4 finished with value: 0.1926981012309677 and parameters: {'model_name': 'SimpleImputer', 'strategy': 'constant'}. Best is trial 4 with value: 0.1926981012309677.
running
[I 2024-08-17 07:48:39,954] Trial 5 finished with value: 0.1926981012309677 and parameters: {'model_name': 'SimpleImputer', 'strategy': 'constant'}. Best is trial 4 with value: 0.1926981012309677.
running
[I 2024-08-17 07:48:40,289] Trial 13 finished with value: 0.15878694492421 and parameters: {'model_name': 'SimpleImputer', 'strategy': 'mean'}. Best is trial 13 with value: 0.15878694492421.
running
[I 2024-08-17 07:48:40,496] Trial 15 finished with value: 0.1926981012309677 and parameters: {'model_name': 'SimpleImputer', 'strategy': 'constant'}. Best is trial 13 with value: 0.15878694492421.
running
[I 2024-08-17 07:48:40,954] Trial 9 finished with value: 0.15878694492421 and parameters: {'model_name': 'SimpleImputer', 'strategy': 'mean'}. Best is trial 13 with value: 0.15878694492421.
running
[I 2024-08-17 07:48:41,175] Trial 2 finished with value: 0.1926981012309677 and parameters: {'model_name': 'SimpleImputer', 'strategy': 'median'}. Best is trial 13 with value: 0.15878694492421.
running
[I 2024-08-17 07:48:41,402] Trial 6 finished with value: 0.1926981012309677 and parameters: {'model_name': 'SimpleImputer', 'strategy': 'median'}. Best is trial 13 with value: 0.15878694492421.
running
[I 2024-08-17 07:48:41,612] Trial 0 finished with value: 0.15878694492421 and parameters: {'model_name': 'SimpleImputer', 'strategy': 'mean'}. Best is trial 13 with value: 0.15878694492421.
[I 2024-08-17 07:48:41,763] Trial 11 finished with value: 0.1926981012309677 and parameters: {'model_name': 'SimpleImputer', 'strategy': 'median'}. Best is trial 13 with value: 0.15878694492421.
running
running
[I 2024-08-17 07:48:42,305] Trial 1 finished with value: 0.1926981012309677 and parameters: {'model_name': 'SimpleImputer', 'strategy': 'median'}. Best is trial 13 with value: 0.15878694492421.
running
[I 2024-08-17 07:48:42,733] Trial 18 finished with value: 0.15878694492421 and parameters: {'model_name': 'SimpleImputer', 'strategy': 'mean'}. Best is trial 13 with value: 0.15878694492421.
running
[I 2024-08-17 07:48:42,924] Trial 17 finished with value: 0.1926981012309677 and parameters: {'model_name': 'SimpleImputer', 'strategy': 'median'}. Best is trial 13 with value: 0.15878694492421.
running
[I 2024-08-17 07:48:43,411] Trial 22 finished with value: 0.1926981012309677 and parameters: {'model_name': 'SimpleImputer', 'strategy': 'constant'}. Best is trial 13 with value: 0.15878694492421.
running
[I 2024-08-17 07:48:43,760] Trial 20 finished with value: 0.15878694492421 and parameters: {'model_name': 'SimpleImputer', 'strategy': 'mean'}. Best is trial 13 with value: 0.15878694492421.
running
[I 2024-08-17 07:48:44,087] Trial 16 finished with value: 0.1926981012309677 and parameters: {'model_name': 'SimpleImputer', 'strategy': 'median'}. Best is trial 13 with value: 0.15878694492421.
running
[I 2024-08-17 07:48:44,346] Trial 23 finished with value: 0.1926981012309677 and parameters: {'model_name': 'SimpleImputer', 'strategy': 'constant'}. Best is trial 13 with value: 0.15878694492421.
running
[I 2024-08-17 07:48:45,024] Trial 19 finished with value: 0.1926981012309677 and parameters: {'model_name': 'SimpleImputer', 'strategy': 'median'}. Best is trial 13 with value: 0.15878694492421.
running
[I 2024-08-17 07:48:45,398] Trial 24 finished with value: 0.1926981012309677 and parameters: {'model_name': 'SimpleImputer', 'strategy': 'median'}. Best is trial 13 with value: 0.15878694492421.
running
[I 2024-08-17 07:48:45,595] Trial 26 finished with value: 0.15878694492421 and parameters: {'model_name': 'SimpleImputer', 'strategy': 'mean'}. Best is trial 13 with value: 0.15878694492421.
running
[I 2024-08-17 07:48:46,466] Trial 3 finished with value: 0.1926981012309677 and parameters: {'model_name': 'SimpleImputer', 'strategy': 'most_frequent'}. Best is trial 13 with value: 0.15878694492421.
running
[I 2024-08-17 07:48:46,791] Trial 12 finished with value: 0.1926981012309677 and parameters: {'model_name': 'SimpleImputer', 'strategy': 'most_frequent'}. Best is trial 13 with value: 0.15878694492421.
running
[I 2024-08-17 07:48:46,983] Trial 8 finished with value: 0.1926981012309677 and parameters: {'model_name': 'SimpleImputer', 'strategy': 'most_frequent'}. Best is trial 13 with value: 0.15878694492421.
running
[I 2024-08-17 07:48:47,242] Trial 14 finished with value: 0.1926981012309677 and parameters: {'model_name': 'SimpleImputer', 'strategy': 'most_frequent'}. Best is trial 13 with value: 0.15878694492421.
running
[I 2024-08-17 07:48:47,614] Trial 10 finished with value: 0.1926981012309677 and parameters: {'model_name': 'SimpleImputer', 'strategy': 'most_frequent'}. Best is trial 13 with value: 0.15878694492421.
running
[I 2024-08-17 07:48:48,263] Trial 7 finished with value: 0.1926981012309677 and parameters: {'model_name': 'SimpleImputer', 'strategy': 'most_frequent'}. Best is trial 13 with value: 0.15878694492421.
running
[I 2024-08-17 07:48:49,052] Trial 35 finished with value: 0.15878694492421 and parameters: {'model_name': 'SimpleImputer', 'strategy': 'mean'}. Best is trial 13 with value: 0.15878694492421.
running
[I 2024-08-17 07:48:49,407] Trial 37 finished with value: 0.15878694492421 and parameters: {'model_name': 'SimpleImputer', 'strategy': 'mean'}. Best is trial 13 with value: 0.15878694492421.
running
[I 2024-08-17 07:48:49,669] Trial 36 finished with value: 0.15878694492421 and parameters: {'model_name': 'SimpleImputer', 'strategy': 'mean'}. Best is trial 13 with value: 0.15878694492421.
running
[I 2024-08-17 07:48:49,915] Trial 38 finished with value: 0.15878694492421 and parameters: {'model_name': 'SimpleImputer', 'strategy': 'mean'}. Best is trial 13 with value: 0.15878694492421.
running
[I 2024-08-17 07:48:50,101] Trial 21 finished with value: 0.1926981012309677 and parameters: {'model_name': 'SimpleImputer', 'strategy': 'most_frequent'}. Best is trial 13 with value: 0.15878694492421.
running
[I 2024-08-17 07:48:50,634] Trial 39 finished with value: 0.15878694492421 and parameters: {'model_name': 'SimpleImputer', 'strategy': 'mean'}. Best is trial 13 with value: 0.15878694492421.
running
[I 2024-08-17 07:48:50,900] Trial 40 finished with value: 0.15878694492421 and parameters: {'model_name': 'SimpleImputer', 'strategy': 'mean'}. Best is trial 13 with value: 0.15878694492421.
[I 2024-08-17 07:48:51,013] Trial 25 finished with value: 0.1926981012309677 and parameters: {'model_name': 'SimpleImputer', 'strategy': 'most_frequent'}. Best is trial 13 with value: 0.15878694492421.
running
running
[I 2024-08-17 07:48:51,247] Trial 27 finished with value: 0.1926981012309677 and parameters: {'model_name': 'SimpleImputer', 'strategy': 'most_frequent'}. Best is trial 13 with value: 0.15878694492421.
running
[I 2024-08-17 07:48:51,774] Trial 43 finished with value: 0.15878694492421 and parameters: {'model_name': 'SimpleImputer', 'strategy': 'mean'}. Best is trial 13 with value: 0.15878694492421.
running
[I 2024-08-17 07:48:52,042] Trial 41 finished with value: 0.15878694492421 and parameters: {'model_name': 'SimpleImputer', 'strategy': 'mean'}. Best is trial 13 with value: 0.15878694492421.
running
[I 2024-08-17 07:48:52,203] Trial 28 finished with value: 0.1926981012309677 and parameters: {'model_name': 'SimpleImputer', 'strategy': 'most_frequent'}. Best is trial 13 with value: 0.15878694492421.
running
[I 2024-08-17 07:48:52,315] Trial 42 finished with value: 0.15878694492421 and parameters: {'model_name': 'SimpleImputer', 'strategy': 'mean'}. Best is trial 13 with value: 0.15878694492421.
[I 2024-08-17 07:48:52,430] Trial 44 finished with value: 0.15878694492421 and parameters: {'model_name': 'SimpleImputer', 'strategy': 'mean'}. Best is trial 13 with value: 0.15878694492421.
running
running
[I 2024-08-17 07:48:52,615] Trial 29 finished with value: 0.1926981012309677 and parameters: {'model_name': 'SimpleImputer', 'strategy': 'most_frequent'}. Best is trial 13 with value: 0.15878694492421.
running
[I 2024-08-17 07:48:52,848] Trial 31 finished with value: 0.1926981012309677 and parameters: {'model_name': 'SimpleImputer', 'strategy': 'most_frequent'}. Best is trial 13 with value: 0.15878694492421.
running
[I 2024-08-17 07:48:52,974] Trial 45 finished with value: 0.15878694492421 and parameters: {'model_name': 'SimpleImputer', 'strategy': 'mean'}. Best is trial 13 with value: 0.15878694492421.
running
[I 2024-08-17 07:48:53,437] Trial 47 finished with value: 0.15878694492421 and parameters: {'model_name': 'SimpleImputer', 'strategy': 'mean'}. Best is trial 13 with value: 0.15878694492421.
running
[I 2024-08-17 07:48:53,554] Trial 46 finished with value: 0.15878694492421 and parameters: {'model_name': 'SimpleImputer', 'strategy': 'mean'}. Best is trial 13 with value: 0.15878694492421.
running
[I 2024-08-17 07:48:53,661] Trial 33 finished with value: 0.1926981012309677 and parameters: {'model_name': 'SimpleImputer', 'strategy': 'most_frequent'}. Best is trial 13 with value: 0.15878694492421.
running
[I 2024-08-17 07:48:53,874] Trial 50 finished with value: 0.15878694492421 and parameters: {'model_name': 'SimpleImputer', 'strategy': 'mean'}. Best is trial 13 with value: 0.15878694492421.
running
[I 2024-08-17 07:48:54,055] Trial 49 finished with value: 0.15878694492421 and parameters: {'model_name': 'SimpleImputer', 'strategy': 'mean'}. Best is trial 13 with value: 0.15878694492421.
[I 2024-08-17 07:48:54,232] Trial 30 finished with value: 0.1926981012309677 and parameters: {'model_name': 'SimpleImputer', 'strategy': 'most_frequent'}. Best is trial 13 with value: 0.15878694492421.
running
running
[I 2024-08-17 07:48:54,372] Trial 48 finished with value: 0.15878694492421 and parameters: {'model_name': 'SimpleImputer', 'strategy': 'mean'}. Best is trial 13 with value: 0.15878694492421.
running
[I 2024-08-17 07:48:54,631] Trial 52 finished with value: 0.15878694492421 and parameters: {'model_name': 'SimpleImputer', 'strategy': 'mean'}. Best is trial 13 with value: 0.15878694492421.
running
[I 2024-08-17 07:48:54,887] Trial 51 finished with value: 0.15878694492421 and parameters: {'model_name': 'SimpleImputer', 'strategy': 'mean'}. Best is trial 13 with value: 0.15878694492421.
running
[I 2024-08-17 07:48:55,221] Trial 53 finished with value: 0.15878694492421 and parameters: {'model_name': 'SimpleImputer', 'strategy': 'mean'}. Best is trial 13 with value: 0.15878694492421.
running
[I 2024-08-17 07:48:55,399] Trial 34 finished with value: 0.1926981012309677 and parameters: {'model_name': 'SimpleImputer', 'strategy': 'most_frequent'}. Best is trial 13 with value: 0.15878694492421.
running
[I 2024-08-17 07:48:55,525] Trial 54 finished with value: 0.15878694492421 and parameters: {'model_name': 'SimpleImputer', 'strategy': 'mean'}. Best is trial 13 with value: 0.15878694492421.
running
[I 2024-08-17 07:48:55,699] Trial 55 finished with value: 0.15878694492421 and parameters: {'model_name': 'SimpleImputer', 'strategy': 'mean'}. Best is trial 13 with value: 0.15878694492421.
running
[I 2024-08-17 07:48:56,183] Trial 56 finished with value: 0.15878694492421 and parameters: {'model_name': 'SimpleImputer', 'strategy': 'mean'}. Best is trial 13 with value: 0.15878694492421.
running
[I 2024-08-17 07:48:56,356] Trial 32 finished with value: 0.1926981012309677 and parameters: {'model_name': 'SimpleImputer', 'strategy': 'most_frequent'}. Best is trial 13 with value: 0.15878694492421.
running
[I 2024-08-17 07:48:56,549] Trial 58 finished with value: 0.15878694492421 and parameters: {'model_name': 'SimpleImputer', 'strategy': 'mean'}. Best is trial 13 with value: 0.15878694492421.
[I 2024-08-17 07:48:56,653] Trial 61 finished with value: 0.15878694492421 and parameters: {'model_name': 'SimpleImputer', 'strategy': 'mean'}. Best is trial 13 with value: 0.15878694492421.
running
running
[I 2024-08-17 07:48:56,851] Trial 57 finished with value: 0.15878694492421 and parameters: {'model_name': 'SimpleImputer', 'strategy': 'mean'}. Best is trial 13 with value: 0.15878694492421.
running
[I 2024-08-17 07:48:57,075] Trial 59 finished with value: 0.15878694492421 and parameters: {'model_name': 'SimpleImputer', 'strategy': 'mean'}. Best is trial 13 with value: 0.15878694492421.
running
[I 2024-08-17 07:48:57,272] Trial 62 finished with value: 0.15878694492421 and parameters: {'model_name': 'SimpleImputer', 'strategy': 'mean'}. Best is trial 13 with value: 0.15878694492421.
running
[I 2024-08-17 07:48:57,558] Trial 65 finished with value: 0.15878694492421 and parameters: {'model_name': 'SimpleImputer', 'strategy': 'mean'}. Best is trial 13 with value: 0.15878694492421.
running
[I 2024-08-17 07:48:57,782] Trial 60 finished with value: 0.15878694492421 and parameters: {'model_name': 'SimpleImputer', 'strategy': 'mean'}. Best is trial 13 with value: 0.15878694492421.
running
[I 2024-08-17 07:48:57,966] Trial 64 finished with value: 0.15878694492421 and parameters: {'model_name': 'SimpleImputer', 'strategy': 'mean'}. Best is trial 13 with value: 0.15878694492421.
running
[I 2024-08-17 07:48:58,100] Trial 70 finished with value: 0.1926981012309677 and parameters: {'model_name': 'SimpleImputer', 'strategy': 'constant'}. Best is trial 13 with value: 0.15878694492421.
running
[I 2024-08-17 07:48:58,308] Trial 68 finished with value: 0.15878694492421 and parameters: {'model_name': 'SimpleImputer', 'strategy': 'mean'}. Best is trial 13 with value: 0.15878694492421.
running
[I 2024-08-17 07:48:58,477] Trial 71 finished with value: 0.1926981012309677 and parameters: {'model_name': 'SimpleImputer', 'strategy': 'constant'}. Best is trial 13 with value: 0.15878694492421.
running
[I 2024-08-17 07:48:58,617] Trial 69 finished with value: 0.1926981012309677 and parameters: {'model_name': 'SimpleImputer', 'strategy': 'constant'}. Best is trial 13 with value: 0.15878694492421.
running
[I 2024-08-17 07:48:58,740] Trial 67 finished with value: 0.15878694492421 and parameters: {'model_name': 'SimpleImputer', 'strategy': 'mean'}. Best is trial 13 with value: 0.15878694492421.
running
[I 2024-08-17 07:48:58,929] Trial 63 finished with value: 0.15878694492421 and parameters: {'model_name': 'SimpleImputer', 'strategy': 'mean'}. Best is trial 13 with value: 0.15878694492421.
running
[I 2024-08-17 07:48:59,204] Trial 73 finished with value: 0.1926981012309677 and parameters: {'model_name': 'SimpleImputer', 'strategy': 'constant'}. Best is trial 13 with value: 0.15878694492421.
[I 2024-08-17 07:48:59,307] Trial 66 finished with value: 0.15878694492421 and parameters: {'model_name': 'SimpleImputer', 'strategy': 'mean'}. Best is trial 13 with value: 0.15878694492421.
running
[I 2024-08-17 07:48:59,395] Trial 74 finished with value: 0.1926981012309677 and parameters: {'model_name': 'SimpleImputer', 'strategy': 'constant'}. Best is trial 13 with value: 0.15878694492421.
running
running
[I 2024-08-17 07:48:59,674] Trial 75 finished with value: 0.1926981012309677 and parameters: {'model_name': 'SimpleImputer', 'strategy': 'constant'}. Best is trial 13 with value: 0.15878694492421.
running
[I 2024-08-17 07:48:59,872] Trial 72 finished with value: 0.1926981012309677 and parameters: {'model_name': 'SimpleImputer', 'strategy': 'constant'}. Best is trial 13 with value: 0.15878694492421.
running
[I 2024-08-17 07:49:00,274] Trial 78 finished with value: 0.1926981012309677 and parameters: {'model_name': 'SimpleImputer', 'strategy': 'constant'}. Best is trial 13 with value: 0.15878694492421.
running
[I 2024-08-17 07:49:00,416] Trial 76 finished with value: 0.1926981012309677 and parameters: {'model_name': 'SimpleImputer', 'strategy': 'constant'}. Best is trial 13 with value: 0.15878694492421.
running
[I 2024-08-17 07:49:00,659] Trial 79 finished with value: 0.1926981012309677 and parameters: {'model_name': 'SimpleImputer', 'strategy': 'constant'}. Best is trial 13 with value: 0.15878694492421.
running
[I 2024-08-17 07:49:00,901] Trial 80 finished with value: 0.1926981012309677 and parameters: {'model_name': 'SimpleImputer', 'strategy': 'constant'}. Best is trial 13 with value: 0.15878694492421.
running
[I 2024-08-17 07:49:01,271] Trial 77 finished with value: 0.15878694492421 and parameters: {'model_name': 'SimpleImputer', 'strategy': 'mean'}. Best is trial 13 with value: 0.15878694492421.
running
[I 2024-08-17 07:49:01,667] Trial 82 finished with value: 0.1926981012309677 and parameters: {'model_name': 'SimpleImputer', 'strategy': 'median'}. Best is trial 13 with value: 0.15878694492421.
running
[I 2024-08-17 07:49:01,809] Trial 81 finished with value: 0.1926981012309677 and parameters: {'model_name': 'SimpleImputer', 'strategy': 'median'}. Best is trial 13 with value: 0.15878694492421.
running
[I 2024-08-17 07:49:02,025] Trial 85 finished with value: 0.1926981012309677 and parameters: {'model_name': 'SimpleImputer', 'strategy': 'median'}. Best is trial 13 with value: 0.15878694492421.
running
[I 2024-08-17 07:49:02,268] Trial 83 finished with value: 0.1926981012309677 and parameters: {'model_name': 'SimpleImputer', 'strategy': 'median'}. Best is trial 13 with value: 0.15878694492421.
running
[I 2024-08-17 07:49:02,462] Trial 86 finished with value: 0.1926981012309677 and parameters: {'model_name': 'SimpleImputer', 'strategy': 'median'}. Best is trial 13 with value: 0.15878694492421.
running
[I 2024-08-17 07:49:02,647] Trial 84 finished with value: 0.1926981012309677 and parameters: {'model_name': 'SimpleImputer', 'strategy': 'median'}. Best is trial 13 with value: 0.15878694492421.
running
[I 2024-08-17 07:49:02,806] Trial 89 finished with value: 0.1926981012309677 and parameters: {'model_name': 'SimpleImputer', 'strategy': 'median'}. Best is trial 13 with value: 0.15878694492421.
running
[I 2024-08-17 07:49:03,084] Trial 87 finished with value: 0.1926981012309677 and parameters: {'model_name': 'SimpleImputer', 'strategy': 'median'}. Best is trial 13 with value: 0.15878694492421.
running
[I 2024-08-17 07:49:03,259] Trial 88 finished with value: 0.1926981012309677 and parameters: {'model_name': 'SimpleImputer', 'strategy': 'median'}. Best is trial 13 with value: 0.15878694492421.
running
[I 2024-08-17 07:49:03,492] Trial 91 finished with value: 0.1926981012309677 and parameters: {'model_name': 'SimpleImputer', 'strategy': 'median'}. Best is trial 13 with value: 0.15878694492421.
running
[I 2024-08-17 07:49:03,734] Trial 90 finished with value: 0.1926981012309677 and parameters: {'model_name': 'SimpleImputer', 'strategy': 'median'}. Best is trial 13 with value: 0.15878694492421.
running
[I 2024-08-17 07:49:03,924] Trial 92 finished with value: 0.1926981012309677 and parameters: {'model_name': 'SimpleImputer', 'strategy': 'median'}. Best is trial 13 with value: 0.15878694492421.
running
[I 2024-08-17 07:49:04,241] Trial 98 finished with value: 0.15878694492421 and parameters: {'model_name': 'SimpleImputer', 'strategy': 'mean'}. Best is trial 13 with value: 0.15878694492421.
running
[I 2024-08-17 07:49:04,383] Trial 93 finished with value: 0.1926981012309677 and parameters: {'model_name': 'SimpleImputer', 'strategy': 'median'}. Best is trial 13 with value: 0.15878694492421.
running
[I 2024-08-17 07:49:04,601] Trial 96 finished with value: 0.1926981012309677 and parameters: {'model_name': 'SimpleImputer', 'strategy': 'median'}. Best is trial 13 with value: 0.15878694492421.
running
[I 2024-08-17 07:49:04,788] Trial 94 finished with value: 0.1926981012309677 and parameters: {'model_name': 'SimpleImputer', 'strategy': 'median'}. Best is trial 13 with value: 0.15878694492421.
running
[I 2024-08-17 07:49:04,933] Trial 95 finished with value: 0.1926981012309677 and parameters: {'model_name': 'SimpleImputer', 'strategy': 'median'}. Best is trial 13 with value: 0.15878694492421.
running
[I 2024-08-17 07:49:05,093] Trial 97 finished with value: 0.15878694492421 and parameters: {'model_name': 'SimpleImputer', 'strategy': 'mean'}. Best is trial 13 with value: 0.15878694492421.
running
[I 2024-08-17 07:49:05,243] Trial 99 finished with value: 0.15878694492421 and parameters: {'model_name': 'SimpleImputer', 'strategy': 'mean'}. Best is trial 13 with value: 0.15878694492421.
running
[I 2024-08-17 07:49:05,412] Trial 101 finished with value: 0.15878694492421 and parameters: {'model_name': 'SimpleImputer', 'strategy': 'mean'}. Best is trial 13 with value: 0.15878694492421.
running
[I 2024-08-17 07:49:05,617] Trial 100 finished with value: 0.15878694492421 and parameters: {'model_name': 'SimpleImputer', 'strategy': 'mean'}. Best is trial 13 with value: 0.15878694492421.
running
[I 2024-08-17 07:49:05,769] Trial 103 finished with value: 0.15878694492421 and parameters: {'model_name': 'SimpleImputer', 'strategy': 'mean'}. Best is trial 13 with value: 0.15878694492421.
running
[I 2024-08-17 07:49:06,033] Trial 102 finished with value: 0.15878694492421 and parameters: {'model_name': 'SimpleImputer', 'strategy': 'mean'}. Best is trial 13 with value: 0.15878694492421.
running
[I 2024-08-17 07:49:06,259] Trial 105 finished with value: 0.15878694492421 and parameters: {'model_name': 'SimpleImputer', 'strategy': 'mean'}. Best is trial 13 with value: 0.15878694492421.
running
[I 2024-08-17 07:49:06,578] Trial 106 finished with value: 0.15878694492421 and parameters: {'model_name': 'SimpleImputer', 'strategy': 'mean'}. Best is trial 13 with value: 0.15878694492421.
running
[I 2024-08-17 07:49:06,751] Trial 108 finished with value: 0.15878694492421 and parameters: {'model_name': 'SimpleImputer', 'strategy': 'mean'}. Best is trial 13 with value: 0.15878694492421.
running
[I 2024-08-17 07:49:06,905] Trial 107 finished with value: 0.15878694492421 and parameters: {'model_name': 'SimpleImputer', 'strategy': 'mean'}. Best is trial 13 with value: 0.15878694492421.
running
[I 2024-08-17 07:49:07,058] Trial 104 finished with value: 0.15878694492421 and parameters: {'model_name': 'SimpleImputer', 'strategy': 'mean'}. Best is trial 13 with value: 0.15878694492421.
running
[I 2024-08-17 07:49:07,432] Trial 109 finished with value: 0.15878694492421 and parameters: {'model_name': 'SimpleImputer', 'strategy': 'mean'}. Best is trial 13 with value: 0.15878694492421.
running
[I 2024-08-17 07:49:07,642] Trial 113 finished with value: 0.15878694492421 and parameters: {'model_name': 'SimpleImputer', 'strategy': 'mean'}. Best is trial 13 with value: 0.15878694492421.
running
[I 2024-08-17 07:49:07,804] Trial 116 finished with value: 0.15878694492421 and parameters: {'model_name': 'SimpleImputer', 'strategy': 'mean'}. Best is trial 13 with value: 0.15878694492421.
running
[I 2024-08-17 07:49:07,961] Trial 111 finished with value: 0.15878694492421 and parameters: {'model_name': 'SimpleImputer', 'strategy': 'mean'}. Best is trial 13 with value: 0.15878694492421.
running
[I 2024-08-17 07:49:08,108] Trial 118 finished with value: 0.15878694492421 and parameters: {'model_name': 'SimpleImputer', 'strategy': 'mean'}. Best is trial 13 with value: 0.15878694492421.
running
[I 2024-08-17 07:49:08,350] Trial 117 finished with value: 0.15878694492421 and parameters: {'model_name': 'SimpleImputer', 'strategy': 'mean'}. Best is trial 13 with value: 0.15878694492421.
running
[I 2024-08-17 07:49:08,559] Trial 114 finished with value: 0.15878694492421 and parameters: {'model_name': 'SimpleImputer', 'strategy': 'mean'}. Best is trial 13 with value: 0.15878694492421.
running
[I 2024-08-17 07:49:08,717] Trial 112 finished with value: 0.15878694492421 and parameters: {'model_name': 'SimpleImputer', 'strategy': 'mean'}. Best is trial 13 with value: 0.15878694492421.
[I 2024-08-17 07:49:08,721] Trial 115 finished with value: 0.15878694492421 and parameters: {'model_name': 'SimpleImputer', 'strategy': 'mean'}. Best is trial 13 with value: 0.15878694492421.
[I 2024-08-17 07:49:08,982] Trial 110 finished with value: 0.15878694492421 and parameters: {'model_name': 'SimpleImputer', 'strategy': 'mean'}. Best is trial 13 with value: 0.15878694492421.
running
running
running
[I 2024-08-17 07:49:09,223] Trial 119 finished with value: 0.15878694492421 and parameters: {'model_name': 'SimpleImputer', 'strategy': 'mean'}. Best is trial 13 with value: 0.15878694492421.
running
[I 2024-08-17 07:49:09,366] Trial 120 finished with value: 0.15878694492421 and parameters: {'model_name': 'SimpleImputer', 'strategy': 'mean'}. Best is trial 13 with value: 0.15878694492421.
running
[I 2024-08-17 07:49:09,610] Trial 123 finished with value: 0.15878694492421 and parameters: {'model_name': 'SimpleImputer', 'strategy': 'mean'}. Best is trial 13 with value: 0.15878694492421.
running
[I 2024-08-17 07:49:09,940] Trial 121 finished with value: 0.15878694492421 and parameters: {'model_name': 'SimpleImputer', 'strategy': 'mean'}. Best is trial 13 with value: 0.15878694492421.
running
[I 2024-08-17 07:49:10,163] Trial 122 finished with value: 0.15878694492421 and parameters: {'model_name': 'SimpleImputer', 'strategy': 'mean'}. Best is trial 13 with value: 0.15878694492421.
running
[I 2024-08-17 07:49:10,393] Trial 128 finished with value: 0.15878694492421 and parameters: {'model_name': 'SimpleImputer', 'strategy': 'mean'}. Best is trial 13 with value: 0.15878694492421.
running
[I 2024-08-17 07:49:10,575] Trial 129 finished with value: 0.15878694492421 and parameters: {'model_name': 'SimpleImputer', 'strategy': 'mean'}. Best is trial 13 with value: 0.15878694492421.
running
[I 2024-08-17 07:49:10,744] Trial 125 finished with value: 0.15878694492421 and parameters: {'model_name': 'SimpleImputer', 'strategy': 'mean'}. Best is trial 13 with value: 0.15878694492421.
running
[I 2024-08-17 07:49:10,886] Trial 127 finished with value: 0.15878694492421 and parameters: {'model_name': 'SimpleImputer', 'strategy': 'mean'}. Best is trial 13 with value: 0.15878694492421.
running
[I 2024-08-17 07:49:11,049] Trial 126 finished with value: 0.15878694492421 and parameters: {'model_name': 'SimpleImputer', 'strategy': 'mean'}. Best is trial 13 with value: 0.15878694492421.
running
[I 2024-08-17 07:49:11,218] Trial 124 finished with value: 0.15878694492421 and parameters: {'model_name': 'SimpleImputer', 'strategy': 'mean'}. Best is trial 13 with value: 0.15878694492421.
running
[I 2024-08-17 07:49:11,640] Trial 135 finished with value: 0.15878694492421 and parameters: {'model_name': 'SimpleImputer', 'strategy': 'mean'}. Best is trial 13 with value: 0.15878694492421.
running
[I 2024-08-17 07:49:11,810] Trial 132 finished with value: 0.15878694492421 and parameters: {'model_name': 'SimpleImputer', 'strategy': 'mean'}. Best is trial 13 with value: 0.15878694492421.
running
[I 2024-08-17 07:49:12,029] Trial 136 finished with value: 0.15878694492421 and parameters: {'model_name': 'SimpleImputer', 'strategy': 'mean'}. Best is trial 13 with value: 0.15878694492421.
running
[I 2024-08-17 07:49:12,173] Trial 130 finished with value: 0.15878694492421 and parameters: {'model_name': 'SimpleImputer', 'strategy': 'mean'}. Best is trial 13 with value: 0.15878694492421.
running
[I 2024-08-17 07:49:12,346] Trial 131 finished with value: 0.15878694492421 and parameters: {'model_name': 'SimpleImputer', 'strategy': 'mean'}. Best is trial 13 with value: 0.15878694492421.
running
[I 2024-08-17 07:49:12,568] Trial 137 finished with value: 0.15878694492421 and parameters: {'model_name': 'SimpleImputer', 'strategy': 'mean'}. Best is trial 13 with value: 0.15878694492421.
running
[I 2024-08-17 07:49:12,703] Trial 133 finished with value: 0.15878694492421 and parameters: {'model_name': 'SimpleImputer', 'strategy': 'mean'}. Best is trial 13 with value: 0.15878694492421.
running
[I 2024-08-17 07:49:12,876] Trial 134 finished with value: 0.15878694492421 and parameters: {'model_name': 'SimpleImputer', 'strategy': 'mean'}. Best is trial 13 with value: 0.15878694492421.
running
[I 2024-08-17 07:49:13,393] Trial 139 finished with value: 0.15878694492421 and parameters: {'model_name': 'SimpleImputer', 'strategy': 'mean'}. Best is trial 13 with value: 0.15878694492421.
running
[I 2024-08-17 07:49:13,601] Trial 138 finished with value: 0.15878694492421 and parameters: {'model_name': 'SimpleImputer', 'strategy': 'mean'}. Best is trial 13 with value: 0.15878694492421.
running
[I 2024-08-17 07:49:13,787] Trial 142 finished with value: 0.15878694492421 and parameters: {'model_name': 'SimpleImputer', 'strategy': 'mean'}. Best is trial 13 with value: 0.15878694492421.
running
[I 2024-08-17 07:49:14,062] Trial 143 finished with value: 0.15878694492421 and parameters: {'model_name': 'SimpleImputer', 'strategy': 'mean'}. Best is trial 13 with value: 0.15878694492421.
running
[I 2024-08-17 07:49:14,209] Trial 140 finished with value: 0.15878694492421 and parameters: {'model_name': 'SimpleImputer', 'strategy': 'mean'}. Best is trial 13 with value: 0.15878694492421.
[I 2024-08-17 07:49:14,299] Trial 145 finished with value: 0.15878694492421 and parameters: {'model_name': 'SimpleImputer', 'strategy': 'mean'}. Best is trial 13 with value: 0.15878694492421.
running
running
[I 2024-08-17 07:49:14,543] Trial 144 finished with value: 0.15878694492421 and parameters: {'model_name': 'SimpleImputer', 'strategy': 'mean'}. Best is trial 13 with value: 0.15878694492421.
running
[I 2024-08-17 07:49:14,674] Trial 141 finished with value: 0.15878694492421 and parameters: {'model_name': 'SimpleImputer', 'strategy': 'mean'}. Best is trial 13 with value: 0.15878694492421.
running
[I 2024-08-17 07:49:14,995] Trial 146 finished with value: 0.15878694492421 and parameters: {'model_name': 'SimpleImputer', 'strategy': 'mean'}. Best is trial 13 with value: 0.15878694492421.
running
[I 2024-08-17 07:49:15,533] Trial 147 finished with value: 0.15878694492421 and parameters: {'model_name': 'SimpleImputer', 'strategy': 'mean'}. Best is trial 13 with value: 0.15878694492421.
running
[I 2024-08-17 07:49:15,779] Trial 150 finished with value: 0.15878694492421 and parameters: {'model_name': 'SimpleImputer', 'strategy': 'mean'}. Best is trial 13 with value: 0.15878694492421.
running
[I 2024-08-17 07:49:16,744] Trial 153 finished with value: 0.15878694492421 and parameters: {'model_name': 'SimpleImputer', 'strategy': 'mean'}. Best is trial 13 with value: 0.15878694492421.
running
[I 2024-08-17 07:49:17,592] Trial 162 finished with value: 0.15878694492421 and parameters: {'model_name': 'SimpleImputer', 'strategy': 'mean'}. Best is trial 13 with value: 0.15878694492421.
running
[I 2024-08-17 07:49:19,273] Trial 165 finished with value: 0.15878694492421 and parameters: {'model_name': 'SimpleImputer', 'strategy': 'mean'}. Best is trial 13 with value: 0.15878694492421.
running
[I 2024-08-17 07:49:20,321] Trial 149 finished with value: 0.1926981012309677 and parameters: {'model_name': 'SimpleImputer', 'strategy': 'most_frequent'}. Best is trial 13 with value: 0.15878694492421.
running
[I 2024-08-17 07:49:20,885] Trial 154 finished with value: 0.1926981012309677 and parameters: {'model_name': 'SimpleImputer', 'strategy': 'most_frequent'}. Best is trial 13 with value: 0.15878694492421.
[I 2024-08-17 07:49:20,994] Trial 148 finished with value: 0.1926981012309677 and parameters: {'model_name': 'SimpleImputer', 'strategy': 'most_frequent'}. Best is trial 13 with value: 0.15878694492421.
running
running
[I 2024-08-17 07:49:21,128] Trial 151 finished with value: 0.1926981012309677 and parameters: {'model_name': 'SimpleImputer', 'strategy': 'most_frequent'}. Best is trial 13 with value: 0.15878694492421.
running
[I 2024-08-17 07:49:21,755] Trial 159 finished with value: 0.1926981012309677 and parameters: {'model_name': 'SimpleImputer', 'strategy': 'most_frequent'}. Best is trial 13 with value: 0.15878694492421.
running
[I 2024-08-17 07:49:21,885] Trial 156 finished with value: 0.1926981012309677 and parameters: {'model_name': 'SimpleImputer', 'strategy': 'most_frequent'}. Best is trial 13 with value: 0.15878694492421.
running
[I 2024-08-17 07:49:22,011] Trial 158 finished with value: 0.1926981012309677 and parameters: {'model_name': 'SimpleImputer', 'strategy': 'most_frequent'}. Best is trial 13 with value: 0.15878694492421.
running
[I 2024-08-17 07:49:22,194] Trial 160 finished with value: 0.1926981012309677 and parameters: {'model_name': 'SimpleImputer', 'strategy': 'most_frequent'}. Best is trial 13 with value: 0.15878694492421.
running
[I 2024-08-17 07:49:22,338] Trial 152 finished with value: 0.1926981012309677 and parameters: {'model_name': 'SimpleImputer', 'strategy': 'most_frequent'}. Best is trial 13 with value: 0.15878694492421.
running
[I 2024-08-17 07:49:22,726] Trial 157 finished with value: 0.1926981012309677 and parameters: {'model_name': 'SimpleImputer', 'strategy': 'most_frequent'}. Best is trial 13 with value: 0.15878694492421.
running
[I 2024-08-17 07:49:23,139] Trial 161 finished with value: 0.1926981012309677 and parameters: {'model_name': 'SimpleImputer', 'strategy': 'most_frequent'}. Best is trial 13 with value: 0.15878694492421.
[I 2024-08-17 07:49:23,295] Trial 168 finished with value: 0.15878694492421 and parameters: {'model_name': 'SimpleImputer', 'strategy': 'mean'}. Best is trial 13 with value: 0.15878694492421.
running
running
[I 2024-08-17 07:49:23,606] Trial 163 finished with value: 0.1926981012309677 and parameters: {'model_name': 'SimpleImputer', 'strategy': 'most_frequent'}. Best is trial 13 with value: 0.15878694492421.
[I 2024-08-17 07:49:23,713] Trial 169 finished with value: 0.15878694492421 and parameters: {'model_name': 'SimpleImputer', 'strategy': 'mean'}. Best is trial 13 with value: 0.15878694492421.
running
[I 2024-08-17 07:49:23,823] Trial 164 finished with value: 0.1926981012309677 and parameters: {'model_name': 'SimpleImputer', 'strategy': 'most_frequent'}. Best is trial 13 with value: 0.15878694492421.
running
[I 2024-08-17 07:49:23,927] Trial 170 finished with value: 0.15878694492421 and parameters: {'model_name': 'SimpleImputer', 'strategy': 'mean'}. Best is trial 13 with value: 0.15878694492421.
running
running
[I 2024-08-17 07:49:24,241] Trial 155 finished with value: 0.1926981012309677 and parameters: {'model_name': 'SimpleImputer', 'strategy': 'most_frequent'}. Best is trial 13 with value: 0.15878694492421.
running
[I 2024-08-17 07:49:24,674] Trial 172 finished with value: 0.15878694492421 and parameters: {'model_name': 'SimpleImputer', 'strategy': 'mean'}. Best is trial 13 with value: 0.15878694492421.
running
[I 2024-08-17 07:49:24,795] Trial 175 finished with value: 0.15878694492421 and parameters: {'model_name': 'SimpleImputer', 'strategy': 'mean'}. Best is trial 13 with value: 0.15878694492421.
running
[I 2024-08-17 07:49:24,924] Trial 174 finished with value: 0.15878694492421 and parameters: {'model_name': 'SimpleImputer', 'strategy': 'mean'}. Best is trial 13 with value: 0.15878694492421.
running
[I 2024-08-17 07:49:25,102] Trial 171 finished with value: 0.15878694492421 and parameters: {'model_name': 'SimpleImputer', 'strategy': 'mean'}. Best is trial 13 with value: 0.15878694492421.
[I 2024-08-17 07:49:25,267] Trial 173 finished with value: 0.15878694492421 and parameters: {'model_name': 'SimpleImputer', 'strategy': 'mean'}. Best is trial 13 with value: 0.15878694492421.
running
running
[I 2024-08-17 07:49:25,509] Trial 176 finished with value: 0.15878694492421 and parameters: {'model_name': 'SimpleImputer', 'strategy': 'mean'}. Best is trial 13 with value: 0.15878694492421.
running
[I 2024-08-17 07:49:25,744] Trial 177 finished with value: 0.15878694492421 and parameters: {'model_name': 'SimpleImputer', 'strategy': 'mean'}. Best is trial 13 with value: 0.15878694492421.
running
[I 2024-08-17 07:49:26,031] Trial 182 finished with value: 0.15878694492421 and parameters: {'model_name': 'SimpleImputer', 'strategy': 'mean'}. Best is trial 13 with value: 0.15878694492421.
running
[I 2024-08-17 07:49:26,211] Trial 179 finished with value: 0.15878694492421 and parameters: {'model_name': 'SimpleImputer', 'strategy': 'mean'}. Best is trial 13 with value: 0.15878694492421.
running
[I 2024-08-17 07:49:26,490] Trial 180 finished with value: 0.15878694492421 and parameters: {'model_name': 'SimpleImputer', 'strategy': 'mean'}. Best is trial 13 with value: 0.15878694492421.
running
[I 2024-08-17 07:49:26,650] Trial 178 finished with value: 0.15878694492421 and parameters: {'model_name': 'SimpleImputer', 'strategy': 'mean'}. Best is trial 13 with value: 0.15878694492421.
[I 2024-08-17 07:49:26,832] Trial 181 finished with value: 0.15878694492421 and parameters: {'model_name': 'SimpleImputer', 'strategy': 'mean'}. Best is trial 13 with value: 0.15878694492421.
running
running
[I 2024-08-17 07:49:27,031] Trial 183 finished with value: 0.15878694492421 and parameters: {'model_name': 'SimpleImputer', 'strategy': 'mean'}. Best is trial 13 with value: 0.15878694492421.
running
[I 2024-08-17 07:49:27,258] Trial 166 finished with value: 0.1926981012309677 and parameters: {'model_name': 'SimpleImputer', 'strategy': 'most_frequent'}. Best is trial 13 with value: 0.15878694492421.
[I 2024-08-17 07:49:27,361] Trial 185 finished with value: 0.15878694492421 and parameters: {'model_name': 'SimpleImputer', 'strategy': 'mean'}. Best is trial 13 with value: 0.15878694492421.
running
running
[I 2024-08-17 07:49:27,670] Trial 186 finished with value: 0.15878694492421 and parameters: {'model_name': 'SimpleImputer', 'strategy': 'mean'}. Best is trial 13 with value: 0.15878694492421.
[I 2024-08-17 07:49:27,809] Trial 184 finished with value: 0.15878694492421 and parameters: {'model_name': 'SimpleImputer', 'strategy': 'mean'}. Best is trial 13 with value: 0.15878694492421.
[I 2024-08-17 07:49:28,046] Trial 188 finished with value: 0.15878694492421 and parameters: {'model_name': 'SimpleImputer', 'strategy': 'mean'}. Best is trial 13 with value: 0.15878694492421.
[I 2024-08-17 07:49:28,314] Trial 167 finished with value: 0.1926981012309677 and parameters: {'model_name': 'SimpleImputer', 'strategy': 'most_frequent'}. Best is trial 13 with value: 0.15878694492421.
[I 2024-08-17 07:49:28,483] Trial 191 finished with value: 0.15878694492421 and parameters: {'model_name': 'SimpleImputer', 'strategy': 'mean'}. Best is trial 13 with value: 0.15878694492421.
[I 2024-08-17 07:49:28,587] Trial 187 finished with value: 0.15878694492421 and parameters: {'model_name': 'SimpleImputer', 'strategy': 'mean'}. Best is trial 13 with value: 0.15878694492421.
[I 2024-08-17 07:49:28,789] Trial 189 finished with value: 0.15878694492421 and parameters: {'model_name': 'SimpleImputer', 'strategy': 'mean'}. Best is trial 13 with value: 0.15878694492421.
[I 2024-08-17 07:49:28,962] Trial 190 finished with value: 0.15878694492421 and parameters: {'model_name': 'SimpleImputer', 'strategy': 'mean'}. Best is trial 13 with value: 0.15878694492421.
[I 2024-08-17 07:49:29,194] Trial 197 finished with value: 0.15878694492421 and parameters: {'model_name': 'SimpleImputer', 'strategy': 'mean'}. Best is trial 13 with value: 0.15878694492421.
[I 2024-08-17 07:49:29,303] Trial 194 finished with value: 0.15878694492421 and parameters: {'model_name': 'SimpleImputer', 'strategy': 'mean'}. Best is trial 13 with value: 0.15878694492421.
[I 2024-08-17 07:49:29,400] Trial 198 finished with value: 0.15878694492421 and parameters: {'model_name': 'SimpleImputer', 'strategy': 'mean'}. Best is trial 13 with value: 0.15878694492421.
[I 2024-08-17 07:49:29,494] Trial 199 finished with value: 0.15878694492421 and parameters: {'model_name': 'SimpleImputer', 'strategy': 'mean'}. Best is trial 13 with value: 0.15878694492421.
[I 2024-08-17 07:49:29,599] Trial 193 finished with value: 0.15878694492421 and parameters: {'model_name': 'SimpleImputer', 'strategy': 'mean'}. Best is trial 13 with value: 0.15878694492421.
[I 2024-08-17 07:49:29,708] Trial 196 finished with value: 0.15878694492421 and parameters: {'model_name': 'SimpleImputer', 'strategy': 'mean'}. Best is trial 13 with value: 0.15878694492421.
[I 2024-08-17 07:49:29,860] Trial 192 finished with value: 0.15878694492421 and parameters: {'model_name': 'SimpleImputer', 'strategy': 'mean'}. Best is trial 13 with value: 0.15878694492421.
[I 2024-08-17 07:49:29,962] Trial 195 finished with value: 0.15878694492421 and parameters: {'model_name': 'SimpleImputer', 'strategy': 'mean'}. Best is trial 13 with value: 0.15878694492421.
fit
simple fit
simple transform
0     0
1     0
2     0
3     0
4     0
5     0
6     0
7     0
8     0
9     0
10    0
11    0
12    0
13    0
14    0
15    0
16    0
17    0
18    0
19    0
20    0
21    0
22    0
23    0
24    0
25    0
26    0
dtype: int64
0     0
1     0
2     0
3     0
4     0
5     0
6     0
7     0
8     0
9     0
10    0
11    0
12    0
13    0
14    0
15    0
16    0
17    0
18    0
19    0
20    0
21    0
22    0
23    0
24    0
25    0
26    0
dtype: int64
0.15878694492421
{'model_name': 'SimpleImputer', 'strategy': 'mean'}
running experiment 2/3 - Does reconstruction give good automl predictions
Start est fit
  0%|          | 0/25 [00:00<?, ?it/s]Generation:   0%|          | 0/25 [00:00<?, ?it/s]WARNING THIS INDIVIDUAL CAUSED AND EXCEPTION 
 <tpot2.search_spaces.pipelines.sequential.SequentialPipelineIndividual object at 0x155475d3e320> 
 Invalid classes inferred from unique values of `y`.  Expected: [0 1 2 3], got [0 1 3 4] 
 Traceback (most recent call last):
  File "/common/ketrong/tpotexp/tpot2/tpot2/utils/eval_utils.py", line 53, in objective_nan_wrapper
    value = func_timeout.func_timeout(timeout, objective_function, args=[individual], kwargs=objective_kwargs)
  File "/common/ketrong/tpotexp/env/lib/python3.10/site-packages/func_timeout/dafunc.py", line 108, in func_timeout
    raise_exception(exception)
  File "/common/ketrong/tpotexp/env/lib/python3.10/site-packages/func_timeout/py3_raise.py", line 7, in raise_exception
    raise exception[0] from None
  File "/common/ketrong/tpotexp/tpot2/tpot2/tpot_estimator/estimator.py", line 623, in objective_function
    return objective_function_generator(
  File "/common/ketrong/tpotexp/tpot2/tpot2/tpot_estimator/estimator_utils.py", line 55, in objective_function_generator
    cv_obj_scores = cross_val_score_objective(sklearn.base.clone(pipeline),x,y,scorers=scorers, cv=cv , fold=step)
  File "/common/ketrong/tpotexp/tpot2/tpot2/tpot_estimator/cross_val_utils.py", line 28, in cross_val_score_objective
    this_fold_pipeline.fit(X_train,y_train)
  File "/common/ketrong/tpotexp/env/lib/python3.10/site-packages/sklearn/base.py", line 1473, in wrapper
    return fit_method(estimator, *args, **kwargs)
  File "/common/ketrong/tpotexp/env/lib/python3.10/site-packages/sklearn/pipeline.py", line 473, in fit
    self._final_estimator.fit(Xt, y, **last_step_params["fit"])
  File "/common/ketrong/tpotexp/env/lib/python3.10/site-packages/xgboost/core.py", line 726, in inner_f
    return func(**kwargs)
  File "/common/ketrong/tpotexp/env/lib/python3.10/site-packages/xgboost/sklearn.py", line 1491, in fit
    raise ValueError(
ValueError: Invalid classes inferred from unique values of `y`.  Expected: [0 1 2 3], got [0 1 3 4]

Generation:  1
Best f1_score score: 0.9949355383165337
Generation:   4%|▍         | 1/25 [04:10<1:40:08, 250.37s/it]WARNING THIS INDIVIDUAL CAUSED AND EXCEPTION 
 <tpot2.search_spaces.pipelines.sequential.SequentialPipelineIndividual object at 0x155475d9e110> 
 Invalid classes inferred from unique values of `y`.  Expected: [0 1 2 3], got [0 1 3 4] 
 Traceback (most recent call last):
  File "/common/ketrong/tpotexp/tpot2/tpot2/utils/eval_utils.py", line 53, in objective_nan_wrapper
    value = func_timeout.func_timeout(timeout, objective_function, args=[individual], kwargs=objective_kwargs)
  File "/common/ketrong/tpotexp/env/lib/python3.10/site-packages/func_timeout/dafunc.py", line 108, in func_timeout
    raise_exception(exception)
  File "/common/ketrong/tpotexp/env/lib/python3.10/site-packages/func_timeout/py3_raise.py", line 7, in raise_exception
    raise exception[0] from None
  File "/common/ketrong/tpotexp/tpot2/tpot2/tpot_estimator/estimator.py", line 623, in objective_function
    return objective_function_generator(
  File "/common/ketrong/tpotexp/tpot2/tpot2/tpot_estimator/estimator_utils.py", line 55, in objective_function_generator
    cv_obj_scores = cross_val_score_objective(sklearn.base.clone(pipeline),x,y,scorers=scorers, cv=cv , fold=step)
  File "/common/ketrong/tpotexp/tpot2/tpot2/tpot_estimator/cross_val_utils.py", line 28, in cross_val_score_objective
    this_fold_pipeline.fit(X_train,y_train)
  File "/common/ketrong/tpotexp/env/lib/python3.10/site-packages/sklearn/base.py", line 1473, in wrapper
    return fit_method(estimator, *args, **kwargs)
  File "/common/ketrong/tpotexp/env/lib/python3.10/site-packages/sklearn/pipeline.py", line 473, in fit
    self._final_estimator.fit(Xt, y, **last_step_params["fit"])
  File "/common/ketrong/tpotexp/env/lib/python3.10/site-packages/xgboost/core.py", line 726, in inner_f
    return func(**kwargs)
  File "/common/ketrong/tpotexp/env/lib/python3.10/site-packages/xgboost/sklearn.py", line 1491, in fit
    raise ValueError(
ValueError: Invalid classes inferred from unique values of `y`.  Expected: [0 1 2 3], got [0 1 3 4]

WARNING THIS INDIVIDUAL CAUSED AND EXCEPTION 
 <tpot2.search_spaces.pipelines.sequential.SequentialPipelineIndividual object at 0x155475da7bb0> 
 Invalid classes inferred from unique values of `y`.  Expected: [0 1 2 3], got [0 1 3 4] 
 Traceback (most recent call last):
  File "/common/ketrong/tpotexp/tpot2/tpot2/utils/eval_utils.py", line 53, in objective_nan_wrapper
    value = func_timeout.func_timeout(timeout, objective_function, args=[individual], kwargs=objective_kwargs)
  File "/common/ketrong/tpotexp/env/lib/python3.10/site-packages/func_timeout/dafunc.py", line 108, in func_timeout
    raise_exception(exception)
  File "/common/ketrong/tpotexp/env/lib/python3.10/site-packages/func_timeout/py3_raise.py", line 7, in raise_exception
    raise exception[0] from None
  File "/common/ketrong/tpotexp/tpot2/tpot2/tpot_estimator/estimator.py", line 623, in objective_function
    return objective_function_generator(
  File "/common/ketrong/tpotexp/tpot2/tpot2/tpot_estimator/estimator_utils.py", line 55, in objective_function_generator
    cv_obj_scores = cross_val_score_objective(sklearn.base.clone(pipeline),x,y,scorers=scorers, cv=cv , fold=step)
  File "/common/ketrong/tpotexp/tpot2/tpot2/tpot_estimator/cross_val_utils.py", line 28, in cross_val_score_objective
    this_fold_pipeline.fit(X_train,y_train)
  File "/common/ketrong/tpotexp/env/lib/python3.10/site-packages/sklearn/base.py", line 1473, in wrapper
    return fit_method(estimator, *args, **kwargs)
  File "/common/ketrong/tpotexp/env/lib/python3.10/site-packages/sklearn/pipeline.py", line 473, in fit
    self._final_estimator.fit(Xt, y, **last_step_params["fit"])
  File "/common/ketrong/tpotexp/env/lib/python3.10/site-packages/xgboost/core.py", line 726, in inner_f
    return func(**kwargs)
  File "/common/ketrong/tpotexp/env/lib/python3.10/site-packages/xgboost/sklearn.py", line 1491, in fit
    raise ValueError(
ValueError: Invalid classes inferred from unique values of `y`.  Expected: [0 1 2 3], got [0 1 3 4]

Generation:  2
Best f1_score score: 0.9961393198431348
Generation:   8%|▊         | 2/25 [12:29<2:32:06, 396.81s/it]WARNING THIS INDIVIDUAL CAUSED AND EXCEPTION 
 <tpot2.search_spaces.pipelines.sequential.SequentialPipelineIndividual object at 0x1554751d4940> 
 Invalid classes inferred from unique values of `y`.  Expected: [0 1 2 3], got [0 1 3 4] 
 Traceback (most recent call last):
  File "/common/ketrong/tpotexp/tpot2/tpot2/utils/eval_utils.py", line 53, in objective_nan_wrapper
    value = func_timeout.func_timeout(timeout, objective_function, args=[individual], kwargs=objective_kwargs)
  File "/common/ketrong/tpotexp/env/lib/python3.10/site-packages/func_timeout/dafunc.py", line 108, in func_timeout
    raise_exception(exception)
  File "/common/ketrong/tpotexp/env/lib/python3.10/site-packages/func_timeout/py3_raise.py", line 7, in raise_exception
    raise exception[0] from None
  File "/common/ketrong/tpotexp/tpot2/tpot2/tpot_estimator/estimator.py", line 623, in objective_function
    return objective_function_generator(
  File "/common/ketrong/tpotexp/tpot2/tpot2/tpot_estimator/estimator_utils.py", line 55, in objective_function_generator
    cv_obj_scores = cross_val_score_objective(sklearn.base.clone(pipeline),x,y,scorers=scorers, cv=cv , fold=step)
  File "/common/ketrong/tpotexp/tpot2/tpot2/tpot_estimator/cross_val_utils.py", line 28, in cross_val_score_objective
    this_fold_pipeline.fit(X_train,y_train)
  File "/common/ketrong/tpotexp/env/lib/python3.10/site-packages/sklearn/base.py", line 1473, in wrapper
    return fit_method(estimator, *args, **kwargs)
  File "/common/ketrong/tpotexp/env/lib/python3.10/site-packages/sklearn/pipeline.py", line 473, in fit
    self._final_estimator.fit(Xt, y, **last_step_params["fit"])
  File "/common/ketrong/tpotexp/env/lib/python3.10/site-packages/xgboost/core.py", line 726, in inner_f
    return func(**kwargs)
  File "/common/ketrong/tpotexp/env/lib/python3.10/site-packages/xgboost/sklearn.py", line 1491, in fit
    raise ValueError(
ValueError: Invalid classes inferred from unique values of `y`.  Expected: [0 1 2 3], got [0 1 3 4]

Generation:  3
Best f1_score score: 0.9961393198431348
Generation:  12%|█▏        | 3/25 [15:44<1:51:43, 304.70s/it]WARNING AN INDIVIDUAL TIMED OUT: 
 <tpot2.search_spaces.pipelines.sequential.SequentialPipelineIndividual object at 0x155475de33d0> 

Generation:  4
Best f1_score score: 0.9961393198431348
Generation:  16%|█▌        | 4/25 [25:47<2:27:50, 422.39s/it]Generation:  5
Best f1_score score: 0.9961393198431348
Generation:  20%|██        | 5/25 [26:20<1:33:58, 281.90s/it]WARNING THIS INDIVIDUAL CAUSED AND EXCEPTION 
 <tpot2.search_spaces.pipelines.sequential.SequentialPipelineIndividual object at 0x155475d3f100> 
 Invalid classes inferred from unique values of `y`.  Expected: [0 1 2 3], got [0 1 3 4] 
 Traceback (most recent call last):
  File "/common/ketrong/tpotexp/tpot2/tpot2/utils/eval_utils.py", line 53, in objective_nan_wrapper
    value = func_timeout.func_timeout(timeout, objective_function, args=[individual], kwargs=objective_kwargs)
  File "/common/ketrong/tpotexp/env/lib/python3.10/site-packages/func_timeout/dafunc.py", line 108, in func_timeout
    raise_exception(exception)
  File "/common/ketrong/tpotexp/env/lib/python3.10/site-packages/func_timeout/py3_raise.py", line 7, in raise_exception
    raise exception[0] from None
  File "/common/ketrong/tpotexp/tpot2/tpot2/tpot_estimator/estimator.py", line 623, in objective_function
    return objective_function_generator(
  File "/common/ketrong/tpotexp/tpot2/tpot2/tpot_estimator/estimator_utils.py", line 55, in objective_function_generator
    cv_obj_scores = cross_val_score_objective(sklearn.base.clone(pipeline),x,y,scorers=scorers, cv=cv , fold=step)
  File "/common/ketrong/tpotexp/tpot2/tpot2/tpot_estimator/cross_val_utils.py", line 28, in cross_val_score_objective
    this_fold_pipeline.fit(X_train,y_train)
  File "/common/ketrong/tpotexp/env/lib/python3.10/site-packages/sklearn/base.py", line 1473, in wrapper
    return fit_method(estimator, *args, **kwargs)
  File "/common/ketrong/tpotexp/env/lib/python3.10/site-packages/sklearn/pipeline.py", line 473, in fit
    self._final_estimator.fit(Xt, y, **last_step_params["fit"])
  File "/common/ketrong/tpotexp/env/lib/python3.10/site-packages/xgboost/core.py", line 726, in inner_f
    return func(**kwargs)
  File "/common/ketrong/tpotexp/env/lib/python3.10/site-packages/xgboost/sklearn.py", line 1491, in fit
    raise ValueError(
ValueError: Invalid classes inferred from unique values of `y`.  Expected: [0 1 2 3], got [0 1 3 4]

Generation:  6
Best f1_score score: 0.9961393198431348
Generation:  24%|██▍       | 6/25 [32:40<1:39:50, 315.27s/it]WARNING THIS INDIVIDUAL CAUSED AND EXCEPTION 
 <tpot2.search_spaces.pipelines.sequential.SequentialPipelineIndividual object at 0x155475dde260> 
 Invalid classes inferred from unique values of `y`.  Expected: [0 1 2 3], got [0 1 3 4] 
 Traceback (most recent call last):
  File "/common/ketrong/tpotexp/tpot2/tpot2/utils/eval_utils.py", line 53, in objective_nan_wrapper
    value = func_timeout.func_timeout(timeout, objective_function, args=[individual], kwargs=objective_kwargs)
  File "/common/ketrong/tpotexp/env/lib/python3.10/site-packages/func_timeout/dafunc.py", line 108, in func_timeout
    raise_exception(exception)
  File "/common/ketrong/tpotexp/env/lib/python3.10/site-packages/func_timeout/py3_raise.py", line 7, in raise_exception
    raise exception[0] from None
  File "/common/ketrong/tpotexp/tpot2/tpot2/tpot_estimator/estimator.py", line 623, in objective_function
    return objective_function_generator(
  File "/common/ketrong/tpotexp/tpot2/tpot2/tpot_estimator/estimator_utils.py", line 55, in objective_function_generator
    cv_obj_scores = cross_val_score_objective(sklearn.base.clone(pipeline),x,y,scorers=scorers, cv=cv , fold=step)
  File "/common/ketrong/tpotexp/tpot2/tpot2/tpot_estimator/cross_val_utils.py", line 28, in cross_val_score_objective
    this_fold_pipeline.fit(X_train,y_train)
  File "/common/ketrong/tpotexp/env/lib/python3.10/site-packages/sklearn/base.py", line 1473, in wrapper
    return fit_method(estimator, *args, **kwargs)
  File "/common/ketrong/tpotexp/env/lib/python3.10/site-packages/sklearn/pipeline.py", line 473, in fit
    self._final_estimator.fit(Xt, y, **last_step_params["fit"])
  File "/common/ketrong/tpotexp/env/lib/python3.10/site-packages/xgboost/core.py", line 726, in inner_f
    return func(**kwargs)
  File "/common/ketrong/tpotexp/env/lib/python3.10/site-packages/xgboost/sklearn.py", line 1491, in fit
    raise ValueError(
ValueError: Invalid classes inferred from unique values of `y`.  Expected: [0 1 2 3], got [0 1 3 4]

WARNING THIS INDIVIDUAL CAUSED AND EXCEPTION 
 <tpot2.search_spaces.pipelines.sequential.SequentialPipelineIndividual object at 0x155474f5b790> 
 Invalid classes inferred from unique values of `y`.  Expected: [0 1 2 3], got [0 1 3 4] 
 Traceback (most recent call last):
  File "/common/ketrong/tpotexp/tpot2/tpot2/utils/eval_utils.py", line 53, in objective_nan_wrapper
    value = func_timeout.func_timeout(timeout, objective_function, args=[individual], kwargs=objective_kwargs)
  File "/common/ketrong/tpotexp/env/lib/python3.10/site-packages/func_timeout/dafunc.py", line 108, in func_timeout
    raise_exception(exception)
  File "/common/ketrong/tpotexp/env/lib/python3.10/site-packages/func_timeout/py3_raise.py", line 7, in raise_exception
    raise exception[0] from None
  File "/common/ketrong/tpotexp/tpot2/tpot2/tpot_estimator/estimator.py", line 623, in objective_function
    return objective_function_generator(
  File "/common/ketrong/tpotexp/tpot2/tpot2/tpot_estimator/estimator_utils.py", line 55, in objective_function_generator
    cv_obj_scores = cross_val_score_objective(sklearn.base.clone(pipeline),x,y,scorers=scorers, cv=cv , fold=step)
  File "/common/ketrong/tpotexp/tpot2/tpot2/tpot_estimator/cross_val_utils.py", line 28, in cross_val_score_objective
    this_fold_pipeline.fit(X_train,y_train)
  File "/common/ketrong/tpotexp/env/lib/python3.10/site-packages/sklearn/base.py", line 1473, in wrapper
    return fit_method(estimator, *args, **kwargs)
  File "/common/ketrong/tpotexp/env/lib/python3.10/site-packages/sklearn/pipeline.py", line 473, in fit
    self._final_estimator.fit(Xt, y, **last_step_params["fit"])
  File "/common/ketrong/tpotexp/env/lib/python3.10/site-packages/xgboost/core.py", line 726, in inner_f
    return func(**kwargs)
  File "/common/ketrong/tpotexp/env/lib/python3.10/site-packages/xgboost/sklearn.py", line 1491, in fit
    raise ValueError(
ValueError: Invalid classes inferred from unique values of `y`.  Expected: [0 1 2 3], got [0 1 3 4]

Generation:  7
Best f1_score score: 0.9961393198431348
Generation:  28%|██▊       | 7/25 [36:52<1:28:25, 294.73s/it]Generation:  8
Best f1_score score: 0.9961456117164014
Generation:  32%|███▏      | 8/25 [39:35<1:11:37, 252.78s/it]Generation:  9
Best f1_score score: 0.9961456117164014
Generation:  36%|███▌      | 9/25 [45:29<1:15:50, 284.39s/it]WARNING AN INDIVIDUAL TIMED OUT: 
 <tpot2.search_spaces.pipelines.sequential.SequentialPipelineIndividual object at 0x155475a4f2e0> 

Generation:  10
Best f1_score score: 0.9962288909306825
Generation:  40%|████      | 10/25 [55:34<1:35:50, 383.34s/it]WARNING AN INDIVIDUAL TIMED OUT: 
 <tpot2.search_spaces.pipelines.sequential.SequentialPipelineIndividual object at 0x155475e22770> 

WARNING AN INDIVIDUAL TIMED OUT: 
 <tpot2.search_spaces.pipelines.sequential.SequentialPipelineIndividual object at 0x1554759225f0> 

WARNING AN INDIVIDUAL TIMED OUT: 
 <tpot2.search_spaces.pipelines.sequential.SequentialPipelineIndividual object at 0x155475ac53c0> 

Generation:  11
Best f1_score score: 0.9962288909306825
Generation:  44%|████▍     | 11/25 [1:05:41<1:45:23, 451.70s/it]WARNING AN INDIVIDUAL TIMED OUT: 
 <tpot2.search_spaces.pipelines.sequential.SequentialPipelineIndividual object at 0x1554759a8850> 

WARNING AN INDIVIDUAL TIMED OUT: 
 <tpot2.search_spaces.pipelines.sequential.SequentialPipelineIndividual object at 0x15547592ccd0> 

WARNING AN INDIVIDUAL TIMED OUT: 
 <tpot2.search_spaces.pipelines.sequential.SequentialPipelineIndividual object at 0x155475da2980> 

WARNING AN INDIVIDUAL TIMED OUT: 
 <tpot2.search_spaces.pipelines.sequential.SequentialPipelineIndividual object at 0x1554740cc940> 

Generation:  12
Best f1_score score: 0.9969117570702183
Generation:  48%|████▊     | 12/25 [1:15:48<1:48:07, 499.03s/it]Generation:  13
Best f1_score score: 0.9969117570702183
Generation:  52%|█████▏    | 13/25 [1:20:31<1:26:42, 433.53s/it]WARNING AN INDIVIDUAL TIMED OUT: 
 <tpot2.search_spaces.pipelines.sequential.SequentialPipelineIndividual object at 0x15545bef6500> 

WARNING AN INDIVIDUAL TIMED OUT: 
 <tpot2.search_spaces.pipelines.sequential.SequentialPipelineIndividual object at 0x155475544b20> 

Generation:  14
Best f1_score score: 0.9969117570702183
Generation:  56%|█████▌    | 14/25 [1:30:39<1:29:08, 486.23s/it]WARNING THIS INDIVIDUAL CAUSED AND EXCEPTION 
 <tpot2.search_spaces.pipelines.sequential.SequentialPipelineIndividual object at 0x155475dcf2b0> 
 Invalid classes inferred from unique values of `y`.  Expected: [0 1 2 3], got [0 1 3 4] 
 Traceback (most recent call last):
  File "/common/ketrong/tpotexp/tpot2/tpot2/utils/eval_utils.py", line 53, in objective_nan_wrapper
    value = func_timeout.func_timeout(timeout, objective_function, args=[individual], kwargs=objective_kwargs)
  File "/common/ketrong/tpotexp/env/lib/python3.10/site-packages/func_timeout/dafunc.py", line 108, in func_timeout
    raise_exception(exception)
  File "/common/ketrong/tpotexp/env/lib/python3.10/site-packages/func_timeout/py3_raise.py", line 7, in raise_exception
    raise exception[0] from None
  File "/common/ketrong/tpotexp/tpot2/tpot2/tpot_estimator/estimator.py", line 623, in objective_function
    return objective_function_generator(
  File "/common/ketrong/tpotexp/tpot2/tpot2/tpot_estimator/estimator_utils.py", line 55, in objective_function_generator
    cv_obj_scores = cross_val_score_objective(sklearn.base.clone(pipeline),x,y,scorers=scorers, cv=cv , fold=step)
  File "/common/ketrong/tpotexp/tpot2/tpot2/tpot_estimator/cross_val_utils.py", line 28, in cross_val_score_objective
    this_fold_pipeline.fit(X_train,y_train)
  File "/common/ketrong/tpotexp/env/lib/python3.10/site-packages/sklearn/base.py", line 1473, in wrapper
    return fit_method(estimator, *args, **kwargs)
  File "/common/ketrong/tpotexp/env/lib/python3.10/site-packages/sklearn/pipeline.py", line 473, in fit
    self._final_estimator.fit(Xt, y, **last_step_params["fit"])
  File "/common/ketrong/tpotexp/env/lib/python3.10/site-packages/xgboost/core.py", line 726, in inner_f
    return func(**kwargs)
  File "/common/ketrong/tpotexp/env/lib/python3.10/site-packages/xgboost/sklearn.py", line 1491, in fit
    raise ValueError(
ValueError: Invalid classes inferred from unique values of `y`.  Expected: [0 1 2 3], got [0 1 3 4]

WARNING THIS INDIVIDUAL CAUSED AND EXCEPTION 
 <tpot2.search_spaces.pipelines.sequential.SequentialPipelineIndividual object at 0x155474a5b6d0> 
 Invalid classes inferred from unique values of `y`.  Expected: [0 1 2 3], got [0 1 3 4] 
 Traceback (most recent call last):
  File "/common/ketrong/tpotexp/tpot2/tpot2/utils/eval_utils.py", line 53, in objective_nan_wrapper
    value = func_timeout.func_timeout(timeout, objective_function, args=[individual], kwargs=objective_kwargs)
  File "/common/ketrong/tpotexp/env/lib/python3.10/site-packages/func_timeout/dafunc.py", line 108, in func_timeout
    raise_exception(exception)
  File "/common/ketrong/tpotexp/env/lib/python3.10/site-packages/func_timeout/py3_raise.py", line 7, in raise_exception
    raise exception[0] from None
  File "/common/ketrong/tpotexp/tpot2/tpot2/tpot_estimator/estimator.py", line 623, in objective_function
    return objective_function_generator(
  File "/common/ketrong/tpotexp/tpot2/tpot2/tpot_estimator/estimator_utils.py", line 55, in objective_function_generator
    cv_obj_scores = cross_val_score_objective(sklearn.base.clone(pipeline),x,y,scorers=scorers, cv=cv , fold=step)
  File "/common/ketrong/tpotexp/tpot2/tpot2/tpot_estimator/cross_val_utils.py", line 28, in cross_val_score_objective
    this_fold_pipeline.fit(X_train,y_train)
  File "/common/ketrong/tpotexp/env/lib/python3.10/site-packages/sklearn/base.py", line 1473, in wrapper
    return fit_method(estimator, *args, **kwargs)
  File "/common/ketrong/tpotexp/env/lib/python3.10/site-packages/sklearn/pipeline.py", line 473, in fit
    self._final_estimator.fit(Xt, y, **last_step_params["fit"])
  File "/common/ketrong/tpotexp/env/lib/python3.10/site-packages/xgboost/core.py", line 726, in inner_f
    return func(**kwargs)
  File "/common/ketrong/tpotexp/env/lib/python3.10/site-packages/xgboost/sklearn.py", line 1491, in fit
    raise ValueError(
ValueError: Invalid classes inferred from unique values of `y`.  Expected: [0 1 2 3], got [0 1 3 4]

WARNING AN INDIVIDUAL TIMED OUT: 
 <tpot2.search_spaces.pipelines.sequential.SequentialPipelineIndividual object at 0x155475920880> 

Generation:  15
Best f1_score score: 0.9969117570702183
Generation:  60%|██████    | 15/25 [1:40:48<1:27:11, 523.16s/it]WARNING THIS INDIVIDUAL CAUSED AND EXCEPTION 
 <tpot2.search_spaces.pipelines.sequential.SequentialPipelineIndividual object at 0x155474aeb160> 
 Argument 'metric' has incorrect type (expected str, got numpy.str_) 
 Traceback (most recent call last):
  File "/common/ketrong/tpotexp/tpot2/tpot2/utils/eval_utils.py", line 53, in objective_nan_wrapper
    value = func_timeout.func_timeout(timeout, objective_function, args=[individual], kwargs=objective_kwargs)
  File "/common/ketrong/tpotexp/env/lib/python3.10/site-packages/func_timeout/dafunc.py", line 108, in func_timeout
    raise_exception(exception)
  File "/common/ketrong/tpotexp/env/lib/python3.10/site-packages/func_timeout/py3_raise.py", line 7, in raise_exception
    raise exception[0] from None
  File "/common/ketrong/tpotexp/tpot2/tpot2/tpot_estimator/estimator.py", line 623, in objective_function
    return objective_function_generator(
  File "/common/ketrong/tpotexp/tpot2/tpot2/tpot_estimator/estimator_utils.py", line 55, in objective_function_generator
    cv_obj_scores = cross_val_score_objective(sklearn.base.clone(pipeline),x,y,scorers=scorers, cv=cv , fold=step)
  File "/common/ketrong/tpotexp/tpot2/tpot2/tpot_estimator/cross_val_utils.py", line 31, in cross_val_score_objective
    this_fold_scores = [sklearn.metrics.get_scorer(scorer)(this_fold_pipeline, X_test, y_test) for scorer in scorers]
  File "/common/ketrong/tpotexp/tpot2/tpot2/tpot_estimator/cross_val_utils.py", line 31, in <listcomp>
    this_fold_scores = [sklearn.metrics.get_scorer(scorer)(this_fold_pipeline, X_test, y_test) for scorer in scorers]
  File "/common/ketrong/tpotexp/env/lib/python3.10/site-packages/sklearn/metrics/_scorer.py", line 279, in __call__
    return self._score(partial(_cached_call, None), estimator, X, y_true, **_kwargs)
  File "/common/ketrong/tpotexp/env/lib/python3.10/site-packages/sklearn/metrics/_scorer.py", line 371, in _score
    y_pred = method_caller(
  File "/common/ketrong/tpotexp/env/lib/python3.10/site-packages/sklearn/metrics/_scorer.py", line 89, in _cached_call
    result, _ = _get_response_values(
  File "/common/ketrong/tpotexp/env/lib/python3.10/site-packages/sklearn/utils/_response.py", line 211, in _get_response_values
    y_pred = prediction_method(X)
  File "/common/ketrong/tpotexp/env/lib/python3.10/site-packages/sklearn/pipeline.py", line 601, in predict
    return self.steps[-1][1].predict(Xt, **params)
  File "/common/ketrong/tpotexp/env/lib/python3.10/site-packages/sklearn/neighbors/_classification.py", line 259, in predict
    probabilities = self.predict_proba(X)
  File "/common/ketrong/tpotexp/env/lib/python3.10/site-packages/sklearn/neighbors/_classification.py", line 343, in predict_proba
    probabilities = ArgKminClassMode.compute(
  File "/common/ketrong/tpotexp/env/lib/python3.10/site-packages/sklearn/metrics/_pairwise_distances_reduction/_dispatcher.py", line 584, in compute
    return ArgKminClassMode64.compute(
TypeError: Argument 'metric' has incorrect type (expected str, got numpy.str_)

WARNING AN INDIVIDUAL TIMED OUT: 
 <tpot2.search_spaces.pipelines.sequential.SequentialPipelineIndividual object at 0x155475724c70> 

WARNING AN INDIVIDUAL TIMED OUT: 
 <tpot2.search_spaces.pipelines.sequential.SequentialPipelineIndividual object at 0x155474fe0b20> 

Generation:  16
Best f1_score score: 0.9969117570702183
Generation:  64%|██████▍   | 16/25 [1:50:56<1:22:20, 548.91s/it]WARNING AN INDIVIDUAL TIMED OUT: 
 <tpot2.search_spaces.pipelines.sequential.SequentialPipelineIndividual object at 0x155475d3c6d0> 

WARNING AN INDIVIDUAL TIMED OUT: 
 <tpot2.search_spaces.pipelines.sequential.SequentialPipelineIndividual object at 0x155474bfef80> 

WARNING AN INDIVIDUAL TIMED OUT: 
 <tpot2.search_spaces.pipelines.sequential.SequentialPipelineIndividual object at 0x155475e2bf70> 

Generation:  17
Best f1_score score: 0.9969117570702183
Generation:  68%|██████▊   | 17/25 [2:01:05<1:15:35, 566.91s/it]WARNING AN INDIVIDUAL TIMED OUT: 
 <tpot2.search_spaces.pipelines.sequential.SequentialPipelineIndividual object at 0x155474f57520> 

WARNING AN INDIVIDUAL TIMED OUT: 
 <tpot2.search_spaces.pipelines.sequential.SequentialPipelineIndividual object at 0x155475838f10> 

WARNING AN INDIVIDUAL TIMED OUT: 
 <tpot2.search_spaces.pipelines.sequential.SequentialPipelineIndividual object at 0x15545bef5cf0> 

Generation:  18
Best f1_score score: 0.9969117570702183
Generation:  72%|███████▏  | 18/25 [2:11:14<1:07:36, 579.45s/it]WARNING THIS INDIVIDUAL CAUSED AND EXCEPTION 
 <tpot2.search_spaces.pipelines.sequential.SequentialPipelineIndividual object at 0x1554752da560> 
 The 'min_samples_split' parameter of DecisionTreeClassifier must be an int in the range [2, inf) or a float in the range (0.0, 1.0]. Got 1 instead. 
 Traceback (most recent call last):
  File "/common/ketrong/tpotexp/tpot2/tpot2/utils/eval_utils.py", line 53, in objective_nan_wrapper
    value = func_timeout.func_timeout(timeout, objective_function, args=[individual], kwargs=objective_kwargs)
  File "/common/ketrong/tpotexp/env/lib/python3.10/site-packages/func_timeout/dafunc.py", line 108, in func_timeout
    raise_exception(exception)
  File "/common/ketrong/tpotexp/env/lib/python3.10/site-packages/func_timeout/py3_raise.py", line 7, in raise_exception
    raise exception[0] from None
  File "/common/ketrong/tpotexp/tpot2/tpot2/tpot_estimator/estimator.py", line 623, in objective_function
    return objective_function_generator(
  File "/common/ketrong/tpotexp/tpot2/tpot2/tpot_estimator/estimator_utils.py", line 55, in objective_function_generator
    cv_obj_scores = cross_val_score_objective(sklearn.base.clone(pipeline),x,y,scorers=scorers, cv=cv , fold=step)
  File "/common/ketrong/tpotexp/tpot2/tpot2/tpot_estimator/cross_val_utils.py", line 28, in cross_val_score_objective
    this_fold_pipeline.fit(X_train,y_train)
  File "/common/ketrong/tpotexp/env/lib/python3.10/site-packages/sklearn/base.py", line 1473, in wrapper
    return fit_method(estimator, *args, **kwargs)
  File "/common/ketrong/tpotexp/env/lib/python3.10/site-packages/sklearn/pipeline.py", line 473, in fit
    self._final_estimator.fit(Xt, y, **last_step_params["fit"])
  File "/common/ketrong/tpotexp/env/lib/python3.10/site-packages/sklearn/base.py", line 1466, in wrapper
    estimator._validate_params()
  File "/common/ketrong/tpotexp/env/lib/python3.10/site-packages/sklearn/base.py", line 666, in _validate_params
    validate_parameter_constraints(
  File "/common/ketrong/tpotexp/env/lib/python3.10/site-packages/sklearn/utils/_param_validation.py", line 95, in validate_parameter_constraints
    raise InvalidParameterError(
sklearn.utils._param_validation.InvalidParameterError: The 'min_samples_split' parameter of DecisionTreeClassifier must be an int in the range [2, inf) or a float in the range (0.0, 1.0]. Got 1 instead.

WARNING THIS INDIVIDUAL CAUSED AND EXCEPTION 
 <tpot2.search_spaces.pipelines.sequential.SequentialPipelineIndividual object at 0x15547594ec50> 
 Invalid classes inferred from unique values of `y`.  Expected: [0 1 2 3], got [0 1 3 4] 
 Traceback (most recent call last):
  File "/common/ketrong/tpotexp/tpot2/tpot2/utils/eval_utils.py", line 53, in objective_nan_wrapper
    value = func_timeout.func_timeout(timeout, objective_function, args=[individual], kwargs=objective_kwargs)
  File "/common/ketrong/tpotexp/env/lib/python3.10/site-packages/func_timeout/dafunc.py", line 108, in func_timeout
    raise_exception(exception)
  File "/common/ketrong/tpotexp/env/lib/python3.10/site-packages/func_timeout/py3_raise.py", line 7, in raise_exception
    raise exception[0] from None
  File "/common/ketrong/tpotexp/tpot2/tpot2/tpot_estimator/estimator.py", line 623, in objective_function
    return objective_function_generator(
  File "/common/ketrong/tpotexp/tpot2/tpot2/tpot_estimator/estimator_utils.py", line 55, in objective_function_generator
    cv_obj_scores = cross_val_score_objective(sklearn.base.clone(pipeline),x,y,scorers=scorers, cv=cv , fold=step)
  File "/common/ketrong/tpotexp/tpot2/tpot2/tpot_estimator/cross_val_utils.py", line 28, in cross_val_score_objective
    this_fold_pipeline.fit(X_train,y_train)
  File "/common/ketrong/tpotexp/env/lib/python3.10/site-packages/sklearn/base.py", line 1473, in wrapper
    return fit_method(estimator, *args, **kwargs)
  File "/common/ketrong/tpotexp/env/lib/python3.10/site-packages/sklearn/pipeline.py", line 473, in fit
    self._final_estimator.fit(Xt, y, **last_step_params["fit"])
  File "/common/ketrong/tpotexp/env/lib/python3.10/site-packages/xgboost/core.py", line 726, in inner_f
    return func(**kwargs)
  File "/common/ketrong/tpotexp/env/lib/python3.10/site-packages/xgboost/sklearn.py", line 1491, in fit
    raise ValueError(
ValueError: Invalid classes inferred from unique values of `y`.  Expected: [0 1 2 3], got [0 1 3 4]

WARNING AN INDIVIDUAL TIMED OUT: 
 <tpot2.search_spaces.pipelines.sequential.SequentialPipelineIndividual object at 0x155474ea7220> 

Generation:  19
Best f1_score score: 0.9969117570702183
Generation:  76%|███████▌  | 19/25 [2:21:22<58:48, 588.06s/it]  WARNING AN INDIVIDUAL TIMED OUT: 
 <tpot2.search_spaces.pipelines.sequential.SequentialPipelineIndividual object at 0x155475e23d60> 

Generation:  20
Best f1_score score: 0.9969117570702183
Generation:  80%|████████  | 20/25 [2:31:31<49:31, 594.36s/it]WARNING AN INDIVIDUAL TIMED OUT: 
 <tpot2.search_spaces.pipelines.sequential.SequentialPipelineIndividual object at 0x155474d30970> 

WARNING AN INDIVIDUAL TIMED OUT: 
 <tpot2.search_spaces.pipelines.sequential.SequentialPipelineIndividual object at 0x155475d3fb50> 

Generation:  21
Best f1_score score: 0.9969117570702183
Generation:  84%|████████▍ | 21/25 [2:41:41<39:55, 598.96s/it]WARNING AN INDIVIDUAL TIMED OUT: 
 <tpot2.search_spaces.pipelines.sequential.SequentialPipelineIndividual object at 0x155475de14b0> 

WARNING AN INDIVIDUAL TIMED OUT: 
 <tpot2.search_spaces.pipelines.sequential.SequentialPipelineIndividual object at 0x15547553d660> 

WARNING AN INDIVIDUAL TIMED OUT: 
 <tpot2.search_spaces.pipelines.sequential.SequentialPipelineIndividual object at 0x155475dc6ad0> 

WARNING AN INDIVIDUAL TIMED OUT: 
 <tpot2.search_spaces.pipelines.sequential.SequentialPipelineIndividual object at 0x155475dc9150> 

WARNING AN INDIVIDUAL TIMED OUT: 
 <tpot2.search_spaces.pipelines.sequential.SequentialPipelineIndividual object at 0x15545dfd7bb0> 

Generation:  22
Best f1_score score: 0.9969117570702183
Generation:  88%|████████▊ | 22/25 [2:51:51<30:06, 602.33s/it]WARNING THIS INDIVIDUAL CAUSED AND EXCEPTION 
 <tpot2.search_spaces.pipelines.sequential.SequentialPipelineIndividual object at 0x155474c4d2d0> 
 Invalid classes inferred from unique values of `y`.  Expected: [0 1 2 3], got [0 1 3 4] 
 Traceback (most recent call last):
  File "/common/ketrong/tpotexp/tpot2/tpot2/utils/eval_utils.py", line 53, in objective_nan_wrapper
    value = func_timeout.func_timeout(timeout, objective_function, args=[individual], kwargs=objective_kwargs)
  File "/common/ketrong/tpotexp/env/lib/python3.10/site-packages/func_timeout/dafunc.py", line 108, in func_timeout
    raise_exception(exception)
  File "/common/ketrong/tpotexp/env/lib/python3.10/site-packages/func_timeout/py3_raise.py", line 7, in raise_exception
    raise exception[0] from None
  File "/common/ketrong/tpotexp/tpot2/tpot2/tpot_estimator/estimator.py", line 623, in objective_function
    return objective_function_generator(
  File "/common/ketrong/tpotexp/tpot2/tpot2/tpot_estimator/estimator_utils.py", line 55, in objective_function_generator
    cv_obj_scores = cross_val_score_objective(sklearn.base.clone(pipeline),x,y,scorers=scorers, cv=cv , fold=step)
  File "/common/ketrong/tpotexp/tpot2/tpot2/tpot_estimator/cross_val_utils.py", line 28, in cross_val_score_objective
    this_fold_pipeline.fit(X_train,y_train)
  File "/common/ketrong/tpotexp/env/lib/python3.10/site-packages/sklearn/base.py", line 1473, in wrapper
    return fit_method(estimator, *args, **kwargs)
  File "/common/ketrong/tpotexp/env/lib/python3.10/site-packages/sklearn/pipeline.py", line 473, in fit
    self._final_estimator.fit(Xt, y, **last_step_params["fit"])
  File "/common/ketrong/tpotexp/env/lib/python3.10/site-packages/xgboost/core.py", line 726, in inner_f
    return func(**kwargs)
  File "/common/ketrong/tpotexp/env/lib/python3.10/site-packages/xgboost/sklearn.py", line 1491, in fit
    raise ValueError(
ValueError: Invalid classes inferred from unique values of `y`.  Expected: [0 1 2 3], got [0 1 3 4]

Generation:  23
Best f1_score score: 0.9969117570702183
Generation:  92%|█████████▏| 23/25 [2:56:14<16:40, 500.49s/it]Generation:  24
Best f1_score score: 0.9969117570702183
Generation:  96%|█████████▌| 24/25 [3:00:02<06:58, 418.82s/it]Generation:  25
Best f1_score score: 0.9969117570702183
Generation: 100%|██████████| 25/25 [3:04:30<00:00, 373.43s/it]Generation: 100%|██████████| 25/25 [3:04:32<00:00, 442.92s/it]
2024-08-17 10:54:21,155 - distributed.scheduler - ERROR - Removing worker 'tcp://127.0.0.1:43495' caused the cluster to lose scattered data, which can't be recovered: {'ndarray-d5d0197cfbffcb4eb0b55d601b541437', 'ndarray-db24653969be019008ffa5562a432775'} (stimulus_id='handle-worker-cleanup-1723917261.1557963')
Fitted
Pipeline(steps=[('mlpclassifier',
                 MLPClassifier(activation='tanh', alpha=0.0013204549224,
                               hidden_layer_sizes=[268],
                               learning_rate='adaptive',
                               learning_rate_init=0.0089733874533,
                               n_iter_no_change=32))])
score start
train score: {'auroc': 0.9999837477259244, 'accuracy': 0.9979423868312757, 'balanced_accuracy': 0.9986911762874833, 'logloss': 0.00900147385864637, 'f1': 0.9979422390107466}
failed on 
../data/c/26/class_simple_MNAR_0.01_3
y_true and y_pred have different number of output (1!=5)
Traceback (most recent call last):
  File "/common/ketrong/tpotexp/tpot2/ImputerExperiments/Locally_run_code/utils.py", line 33, in score
    this_auroc_score = sklearn.metrics.get_scorer("roc_auc_ovr")(est, X, y)
  File "/common/ketrong/tpotexp/env/lib/python3.10/site-packages/sklearn/metrics/_scorer.py", line 279, in __call__
    return self._score(partial(_cached_call, None), estimator, X, y_true, **_kwargs)
  File "/common/ketrong/tpotexp/env/lib/python3.10/site-packages/sklearn/metrics/_scorer.py", line 376, in _score
    return self._sign * self._score_func(y_true, y_pred, **scoring_kwargs)
  File "/common/ketrong/tpotexp/env/lib/python3.10/site-packages/sklearn/utils/_param_validation.py", line 213, in wrapper
    return func(*args, **kwargs)
  File "/common/ketrong/tpotexp/env/lib/python3.10/site-packages/sklearn/metrics/_ranking.py", line 634, in roc_auc_score
    return _multiclass_roc_auc_score(
  File "/common/ketrong/tpotexp/env/lib/python3.10/site-packages/sklearn/metrics/_ranking.py", line 751, in _multiclass_roc_auc_score
    raise ValueError(
ValueError: Number of classes in y_true not equal to the number of columns in 'y_score'

During handling of the above exception, another exception occurred:

Traceback (most recent call last):
  File "/common/ketrong/tpotexp/tpot2/ImputerExperiments/Locally_run_code/utils.py", line 605, in loop_through_tasks
    ori_test_score = score(est, X_test, y_test, r_or_c=r_or_c)
  File "/common/ketrong/tpotexp/tpot2/ImputerExperiments/Locally_run_code/utils.py", line 37, in score
    this_explained_score = sklearn.metrics.explained_variance_score(y, y_preds_onehot)
  File "/common/ketrong/tpotexp/env/lib/python3.10/site-packages/sklearn/utils/_param_validation.py", line 213, in wrapper
    return func(*args, **kwargs)
  File "/common/ketrong/tpotexp/env/lib/python3.10/site-packages/sklearn/metrics/_regression.py", line 1032, in explained_variance_score
    y_type, y_true, y_pred, multioutput = _check_reg_targets(
  File "/common/ketrong/tpotexp/env/lib/python3.10/site-packages/sklearn/metrics/_regression.py", line 122, in _check_reg_targets
    raise ValueError(
ValueError: y_true and y_pred have different number of output (1!=5)

full run takes
3.1012810805771087
hours
DONE
