Run: 54
/cm/local/apps/slurm/var/spool/job1064671/slurm_script: line 26: 
pip install -e tpot2
pip install -r tpot2/ImputerExperiments/requirements_.txt
: No such file or directory
RunStart
Version 0.1.7a0 of tpot2 is outdated. Version 0.1.8a0 was released Tuesday September 17, 2024.
starting loops
../data/c/40497/40497.pkl
working on 
../data/c/40497/class_full_MAR_0.1_3
4.9747395515441895
running experiment 1/3 - Does large hyperparameter space improve reconstruction accuracy over simple
[I 2024-11-19 11:03:03,062] A new study created in memory with name: no-name-22c8148e-6875-436b-8b1f-e1ba2238ff0d
running
running
running
running
running
running
running
running
running
running
running
running
running
running
running
running
slurmstepd: error: *** JOB 1064671 ON esplhpc-cp011 CANCELLED AT 2024-11-20T11:55:16 ***
slurmstepd: error: *** STEP 1064671.0 ON esplhpc-cp011 CANCELLED AT 2024-11-20T11:55:16 ***
