Run: 32
/cm/local/apps/slurm/var/spool/job995717/slurm_script: line 27: 
pip install -e tpot2
pip install -r tpot2/ImputerExperiments/requirements_.txt
: No such file or directory
RunStart
Version 0.1.7a0 of tpot2 is outdated. Version 0.1.8a0 was released Tuesday September 17, 2024.
starting loops
../data/r/1213/1213.pkl
working on 
../data/r/1213/reg_full_MAR_0.5_2
4.036253929138184
running experiment 1/3 - Does large hyperparameter space improve reconstruction accuracy over simple
[I 2024-10-10 10:47:55,022] A new study created in memory with name: no-name-b8cc54d3-1cd8-4702-8ec0-5e837a3e6fd6
running
running
running
running
running
running
running
running
running
running
running
running
running
running
running
running
[I 2024-10-10 10:47:55,725] Trial 7 finished with value: 0.42682271199825383 and parameters: {'model_name': 'SimpleImputer', 'strategy': 'constant'}. Best is trial 7 with value: 0.42682271199825383.
running
[I 2024-10-10 10:47:55,930] Trial 9 finished with value: 0.42682271199825383 and parameters: {'model_name': 'SimpleImputer', 'strategy': 'constant'}. Best is trial 7 with value: 0.42682271199825383.
running
[I 2024-10-10 10:47:56,734] Trial 1 finished with value: 0.36434145817064306 and parameters: {'model_name': 'SimpleImputer', 'strategy': 'median'}. Best is trial 1 with value: 0.36434145817064306.
running
[I 2024-10-10 10:48:00,707] Trial 3 finished with value: inf and parameters: {'model_name': 'GAIN', 'batch_size': 1, 'hint_rate': 0.054680675732332366, 'alpha': 67, 'iterations': 8, 'learning_rate': 0.02910635304095554, 'p_miss': 0.0696412805433676}. Best is trial 1 with value: 0.36434145817064306.
running
[I 2024-10-10 10:48:05,681] Trial 4 finished with value: 0.41943663540470943 and parameters: {'model_name': 'GAIN', 'batch_size': 33, 'hint_rate': 0.9363365190835927, 'alpha': 0, 'iterations': 4, 'learning_rate': 0.004850977752282098, 'p_miss': 0.22573265620016975}. Best is trial 1 with value: 0.36434145817064306.
running
[I 2024-10-10 10:48:06,684] Trial 0 finished with value: 0.28954724486421746 and parameters: {'model_name': 'VAE', 'batch_size': 75, 'iterations': 1, 'learning_rate': 0.032018232352605445, 'p_miss': 0.27387976757748095}. Best is trial 0 with value: 0.28954724486421746.
running
[I 2024-10-10 10:48:21,774] Trial 17 finished with value: 0.3041111112911673 and parameters: {'model_name': 'VAE', 'batch_size': 31, 'iterations': 14, 'learning_rate': 0.022782835288307178, 'p_miss': 0.18630771032388163}. Best is trial 0 with value: 0.28954724486421746.
running
[I 2024-10-10 10:48:51,137] Trial 16 finished with value: 0.30180979301124156 and parameters: {'model_name': 'IterativeImputer', 'estimator': 'Ridge', 'initial_strategy': 'median', 'n_nearest_features': 8, 'imputation_order': 'arabic'}. Best is trial 0 with value: 0.28954724486421746.
running
[I 2024-10-10 10:49:00,561] Trial 6 finished with value: 0.28501798266694545 and parameters: {'model_name': 'VAE', 'batch_size': 243, 'iterations': 30, 'learning_rate': 0.0020478029735173154, 'p_miss': 0.11411714363178498}. Best is trial 6 with value: 0.28501798266694545.
running
[I 2024-10-10 10:49:27,841] Trial 5 finished with value: 0.34606144081814916 and parameters: {'model_name': 'VAE', 'batch_size': 1, 'iterations': 94, 'learning_rate': 0.026865825072708856, 'p_miss': 0.29489217467640216}. Best is trial 6 with value: 0.28501798266694545.
running
[I 2024-10-10 10:49:43,420] Trial 11 finished with value: 0.2988198657984892 and parameters: {'model_name': 'KNNImputer', 'n_neighbors': 57740, 'weights': 'distance'}. Best is trial 6 with value: 0.28501798266694545.
running
[I 2024-10-10 10:49:46,866] Trial 21 finished with value: 0.4001208374175856 and parameters: {'model_name': 'IterativeImputer', 'estimator': 'Bayesian', 'initial_strategy': 'mean', 'n_nearest_features': 3, 'imputation_order': 'random', 'sample_posterior': True}. Best is trial 6 with value: 0.28501798266694545.
running
[I 2024-10-10 10:49:51,420] Trial 18 finished with value: 0.29881834100343563 and parameters: {'model_name': 'KNNImputer', 'n_neighbors': 47884, 'weights': 'distance'}. Best is trial 6 with value: 0.28501798266694545.
running
[I 2024-10-10 10:50:00,947] Trial 14 finished with value: 0.40274339165087164 and parameters: {'model_name': 'IterativeImputer', 'estimator': 'Bayesian', 'initial_strategy': 'median', 'n_nearest_features': 6, 'imputation_order': 'ascending', 'sample_posterior': True}. Best is trial 6 with value: 0.28501798266694545.
running
[I 2024-10-10 10:50:01,181] Trial 8 finished with value: 0.2987711590050755 and parameters: {'model_name': 'KNNImputer', 'n_neighbors': 45940, 'weights': 'distance'}. Best is trial 6 with value: 0.28501798266694545.
running
[I 2024-10-10 10:50:08,261] Trial 20 finished with value: 0.2987642082471842 and parameters: {'model_name': 'KNNImputer', 'n_neighbors': 44941, 'weights': 'distance'}. Best is trial 6 with value: 0.28501798266694545.
running
[I 2024-10-10 10:50:50,186] Trial 25 finished with value: 0.29955240256713017 and parameters: {'model_name': 'KNNImputer', 'n_neighbors': 16417, 'weights': 'distance'}. Best is trial 6 with value: 0.28501798266694545.
running
[I 2024-10-10 10:51:06,301] Trial 24 finished with value: 0.39870755627609633 and parameters: {'model_name': 'IterativeImputer', 'estimator': 'Bayesian', 'initial_strategy': 'mean', 'n_nearest_features': 6, 'imputation_order': 'roman', 'sample_posterior': True}. Best is trial 6 with value: 0.28501798266694545.
running
