Run: 21
/cm/local/apps/slurm/var/spool/job1069191/slurm_script: line 26: 
pip install -e tpot2
pip install -r tpot2/ImputerExperiments/requirements_.txt
: No such file or directory
RunStart
Version 0.1.7a0 of tpot2 is outdated. Version 0.1.8a0 was released Tuesday September 17, 2024.
starting loops
../data/c/23395/23395.pkl
working on 
../data/c/23395/class_simple_MNAR_0.01_1
3.588798761367798
running experiment 1/3 - Does large hyperparameter space improve reconstruction accuracy over simple
[I 2024-11-22 17:20:26,778] A new study created in memory with name: no-name-c29a91b6-cf46-4993-ae8f-70abcdf4418a
running
running
running
running
running
running
running
running
running
running
running
running
running
running
running
running
[I 2024-11-22 17:20:27,270] Trial 0 finished with value: 0.4245045652617955 and parameters: {'model_name': 'SimpleImputer', 'strategy': 'constant'}. Best is trial 0 with value: 0.4245045652617955.
running
[I 2024-11-22 17:20:27,450] Trial 3 finished with value: 0.23239507935567577 and parameters: {'model_name': 'SimpleImputer', 'strategy': 'mean'}. Best is trial 3 with value: 0.23239507935567577.
running
[I 2024-11-22 17:20:27,559] Trial 13 finished with value: 0.4245045652617955 and parameters: {'model_name': 'SimpleImputer', 'strategy': 'constant'}. Best is trial 3 with value: 0.23239507935567577.
[I 2024-11-22 17:20:27,655] Trial 9 finished with value: 0.4245045652617955 and parameters: {'model_name': 'SimpleImputer', 'strategy': 'constant'}. Best is trial 3 with value: 0.23239507935567577.
running
running
[I 2024-11-22 17:20:27,760] Trial 10 finished with value: 0.23239507935567577 and parameters: {'model_name': 'SimpleImputer', 'strategy': 'mean'}. Best is trial 3 with value: 0.23239507935567577.
running
[I 2024-11-22 17:20:27,902] Trial 2 finished with value: 0.23239507935567577 and parameters: {'model_name': 'SimpleImputer', 'strategy': 'mean'}. Best is trial 3 with value: 0.23239507935567577.
[I 2024-11-22 17:20:28,001] Trial 4 finished with value: 0.23530821917024491 and parameters: {'model_name': 'SimpleImputer', 'strategy': 'median'}. Best is trial 3 with value: 0.23239507935567577.
running
running
[I 2024-11-22 17:20:28,099] Trial 8 finished with value: 0.23239507935567577 and parameters: {'model_name': 'SimpleImputer', 'strategy': 'mean'}. Best is trial 3 with value: 0.23239507935567577.
[I 2024-11-22 17:20:28,188] Trial 11 finished with value: 0.4245045652617955 and parameters: {'model_name': 'SimpleImputer', 'strategy': 'constant'}. Best is trial 3 with value: 0.23239507935567577.
running
running
[I 2024-11-22 17:20:28,441] Trial 6 finished with value: 0.4245045652617955 and parameters: {'model_name': 'SimpleImputer', 'strategy': 'most_frequent'}. Best is trial 3 with value: 0.23239507935567577.
running
[I 2024-11-22 17:20:28,611] Trial 1 finished with value: 0.23530821917024491 and parameters: {'model_name': 'SimpleImputer', 'strategy': 'median'}. Best is trial 3 with value: 0.23239507935567577.
running
[I 2024-11-22 17:20:28,804] Trial 15 finished with value: 0.4245045652617955 and parameters: {'model_name': 'SimpleImputer', 'strategy': 'most_frequent'}. Best is trial 3 with value: 0.23239507935567577.
running
[I 2024-11-22 17:20:28,920] Trial 5 finished with value: 0.4245045652617955 and parameters: {'model_name': 'SimpleImputer', 'strategy': 'most_frequent'}. Best is trial 3 with value: 0.23239507935567577.
running
[I 2024-11-22 17:20:29,027] Trial 7 finished with value: 0.4245045652617955 and parameters: {'model_name': 'SimpleImputer', 'strategy': 'most_frequent'}. Best is trial 3 with value: 0.23239507935567577.
running
[I 2024-11-22 17:20:29,135] Trial 20 finished with value: 0.4245045652617955 and parameters: {'model_name': 'SimpleImputer', 'strategy': 'constant'}. Best is trial 3 with value: 0.23239507935567577.
running
[I 2024-11-22 17:20:29,263] Trial 14 finished with value: 0.4245045652617955 and parameters: {'model_name': 'SimpleImputer', 'strategy': 'most_frequent'}. Best is trial 3 with value: 0.23239507935567577.
running
[I 2024-11-22 17:20:29,402] Trial 12 finished with value: 0.23530821917024491 and parameters: {'model_name': 'SimpleImputer', 'strategy': 'median'}. Best is trial 3 with value: 0.23239507935567577.
running
[I 2024-11-22 17:20:29,551] Trial 16 finished with value: 0.23239507935567577 and parameters: {'model_name': 'SimpleImputer', 'strategy': 'mean'}. Best is trial 3 with value: 0.23239507935567577.
running
[I 2024-11-22 17:20:29,732] Trial 23 finished with value: 0.23239507935567577 and parameters: {'model_name': 'SimpleImputer', 'strategy': 'mean'}. Best is trial 3 with value: 0.23239507935567577.
[I 2024-11-22 17:20:29,829] Trial 21 finished with value: 0.23239507935567577 and parameters: {'model_name': 'SimpleImputer', 'strategy': 'mean'}. Best is trial 3 with value: 0.23239507935567577.
running
running
[I 2024-11-22 17:20:29,954] Trial 24 finished with value: 0.23239507935567577 and parameters: {'model_name': 'SimpleImputer', 'strategy': 'mean'}. Best is trial 3 with value: 0.23239507935567577.
running
[I 2024-11-22 17:20:30,159] Trial 22 finished with value: 0.4245045652617955 and parameters: {'model_name': 'SimpleImputer', 'strategy': 'constant'}. Best is trial 3 with value: 0.23239507935567577.
running
[I 2024-11-22 17:20:30,272] Trial 17 finished with value: 0.4245045652617955 and parameters: {'model_name': 'SimpleImputer', 'strategy': 'most_frequent'}. Best is trial 3 with value: 0.23239507935567577.
running
[I 2024-11-22 17:20:30,397] Trial 18 finished with value: 0.23530821917024491 and parameters: {'model_name': 'SimpleImputer', 'strategy': 'median'}. Best is trial 3 with value: 0.23239507935567577.
running
[I 2024-11-22 17:20:30,541] Trial 19 finished with value: 0.4245045652617955 and parameters: {'model_name': 'SimpleImputer', 'strategy': 'most_frequent'}. Best is trial 3 with value: 0.23239507935567577.
running
[I 2024-11-22 17:20:30,641] Trial 26 finished with value: 0.23239507935567577 and parameters: {'model_name': 'SimpleImputer', 'strategy': 'mean'}. Best is trial 3 with value: 0.23239507935567577.
running
[I 2024-11-22 17:20:30,749] Trial 29 finished with value: 0.23239507935567577 and parameters: {'model_name': 'SimpleImputer', 'strategy': 'mean'}. Best is trial 3 with value: 0.23239507935567577.
running
[I 2024-11-22 17:20:30,959] Trial 28 finished with value: 0.23239507935567577 and parameters: {'model_name': 'SimpleImputer', 'strategy': 'mean'}. Best is trial 3 with value: 0.23239507935567577.
[I 2024-11-22 17:20:31,061] Trial 32 finished with value: 0.23239507935567577 and parameters: {'model_name': 'SimpleImputer', 'strategy': 'mean'}. Best is trial 3 with value: 0.23239507935567577.
running
[I 2024-11-22 17:20:31,153] Trial 27 finished with value: 0.23239507935567577 and parameters: {'model_name': 'SimpleImputer', 'strategy': 'mean'}. Best is trial 3 with value: 0.23239507935567577.
[I 2024-11-22 17:20:31,238] Trial 30 finished with value: 0.23239507935567577 and parameters: {'model_name': 'SimpleImputer', 'strategy': 'mean'}. Best is trial 3 with value: 0.23239507935567577.
running
running
running
[I 2024-11-22 17:20:31,431] Trial 31 finished with value: 0.23239507935567577 and parameters: {'model_name': 'SimpleImputer', 'strategy': 'mean'}. Best is trial 3 with value: 0.23239507935567577.
[I 2024-11-22 17:20:31,525] Trial 25 finished with value: 0.4245045652617955 and parameters: {'model_name': 'SimpleImputer', 'strategy': 'most_frequent'}. Best is trial 3 with value: 0.23239507935567577.
running
running
[I 2024-11-22 17:20:31,631] Trial 33 finished with value: 0.23239507935567577 and parameters: {'model_name': 'SimpleImputer', 'strategy': 'mean'}. Best is trial 3 with value: 0.23239507935567577.
running
[I 2024-11-22 17:20:31,859] Trial 35 finished with value: 0.23239507935567577 and parameters: {'model_name': 'SimpleImputer', 'strategy': 'mean'}. Best is trial 3 with value: 0.23239507935567577.
[I 2024-11-22 17:20:31,956] Trial 34 finished with value: 0.23239507935567577 and parameters: {'model_name': 'SimpleImputer', 'strategy': 'mean'}. Best is trial 3 with value: 0.23239507935567577.
running
running
[I 2024-11-22 17:20:32,054] Trial 38 finished with value: 0.23239507935567577 and parameters: {'model_name': 'SimpleImputer', 'strategy': 'mean'}. Best is trial 3 with value: 0.23239507935567577.
running
[I 2024-11-22 17:20:32,162] Trial 36 finished with value: 0.23239507935567577 and parameters: {'model_name': 'SimpleImputer', 'strategy': 'mean'}. Best is trial 3 with value: 0.23239507935567577.
running
[I 2024-11-22 17:20:32,334] Trial 42 finished with value: 0.23239507935567577 and parameters: {'model_name': 'SimpleImputer', 'strategy': 'mean'}. Best is trial 3 with value: 0.23239507935567577.
[I 2024-11-22 17:20:32,432] Trial 37 finished with value: 0.23239507935567577 and parameters: {'model_name': 'SimpleImputer', 'strategy': 'mean'}. Best is trial 3 with value: 0.23239507935567577.
running
running
[I 2024-11-22 17:20:32,578] Trial 41 finished with value: 0.23239507935567577 and parameters: {'model_name': 'SimpleImputer', 'strategy': 'mean'}. Best is trial 3 with value: 0.23239507935567577.
running
[I 2024-11-22 17:20:32,710] Trial 39 finished with value: 0.23239507935567577 and parameters: {'model_name': 'SimpleImputer', 'strategy': 'mean'}. Best is trial 3 with value: 0.23239507935567577.
running
[I 2024-11-22 17:20:32,899] Trial 40 finished with value: 0.23239507935567577 and parameters: {'model_name': 'SimpleImputer', 'strategy': 'mean'}. Best is trial 3 with value: 0.23239507935567577.
[I 2024-11-22 17:20:32,991] Trial 44 finished with value: 0.23239507935567577 and parameters: {'model_name': 'SimpleImputer', 'strategy': 'mean'}. Best is trial 3 with value: 0.23239507935567577.
running
running
[I 2024-11-22 17:20:33,091] Trial 45 finished with value: 0.23239507935567577 and parameters: {'model_name': 'SimpleImputer', 'strategy': 'mean'}. Best is trial 3 with value: 0.23239507935567577.
running
[I 2024-11-22 17:20:33,209] Trial 43 finished with value: 0.23239507935567577 and parameters: {'model_name': 'SimpleImputer', 'strategy': 'mean'}. Best is trial 3 with value: 0.23239507935567577.
running
[I 2024-11-22 17:20:33,340] Trial 46 finished with value: 0.23239507935567577 and parameters: {'model_name': 'SimpleImputer', 'strategy': 'mean'}. Best is trial 3 with value: 0.23239507935567577.
[I 2024-11-22 17:20:33,443] Trial 47 finished with value: 0.23239507935567577 and parameters: {'model_name': 'SimpleImputer', 'strategy': 'mean'}. Best is trial 3 with value: 0.23239507935567577.
running
running
[I 2024-11-22 17:20:33,611] Trial 48 finished with value: 0.23239507935567577 and parameters: {'model_name': 'SimpleImputer', 'strategy': 'mean'}. Best is trial 3 with value: 0.23239507935567577.
running
[I 2024-11-22 17:20:33,738] Trial 50 finished with value: 0.23239507935567577 and parameters: {'model_name': 'SimpleImputer', 'strategy': 'mean'}. Best is trial 3 with value: 0.23239507935567577.
running
[I 2024-11-22 17:20:33,841] Trial 49 finished with value: 0.23239507935567577 and parameters: {'model_name': 'SimpleImputer', 'strategy': 'mean'}. Best is trial 3 with value: 0.23239507935567577.
running
[I 2024-11-22 17:20:34,018] Trial 51 finished with value: 0.23239507935567577 and parameters: {'model_name': 'SimpleImputer', 'strategy': 'mean'}. Best is trial 3 with value: 0.23239507935567577.
running
[I 2024-11-22 17:20:34,346] Trial 53 finished with value: 0.23530821917024491 and parameters: {'model_name': 'SimpleImputer', 'strategy': 'median'}. Best is trial 3 with value: 0.23239507935567577.
running
[I 2024-11-22 17:20:34,500] Trial 52 finished with value: 0.23530821917024491 and parameters: {'model_name': 'SimpleImputer', 'strategy': 'median'}. Best is trial 3 with value: 0.23239507935567577.
[I 2024-11-22 17:20:34,601] Trial 56 finished with value: 0.23530821917024491 and parameters: {'model_name': 'SimpleImputer', 'strategy': 'median'}. Best is trial 3 with value: 0.23239507935567577.
running
running
[I 2024-11-22 17:20:34,809] Trial 54 finished with value: 0.23530821917024491 and parameters: {'model_name': 'SimpleImputer', 'strategy': 'median'}. Best is trial 3 with value: 0.23239507935567577.
running
[I 2024-11-22 17:20:34,934] Trial 55 finished with value: 0.23530821917024491 and parameters: {'model_name': 'SimpleImputer', 'strategy': 'median'}. Best is trial 3 with value: 0.23239507935567577.
[I 2024-11-22 17:20:35,029] Trial 59 finished with value: 0.23530821917024491 and parameters: {'model_name': 'SimpleImputer', 'strategy': 'median'}. Best is trial 3 with value: 0.23239507935567577.
running
[I 2024-11-22 17:20:35,127] Trial 63 finished with value: 0.23530821917024491 and parameters: {'model_name': 'SimpleImputer', 'strategy': 'median'}. Best is trial 3 with value: 0.23239507935567577.
running
[I 2024-11-22 17:20:35,226] Trial 58 finished with value: 0.23530821917024491 and parameters: {'model_name': 'SimpleImputer', 'strategy': 'median'}. Best is trial 3 with value: 0.23239507935567577.
running
running
[I 2024-11-22 17:20:35,364] Trial 61 finished with value: 0.23530821917024491 and parameters: {'model_name': 'SimpleImputer', 'strategy': 'median'}. Best is trial 3 with value: 0.23239507935567577.
running
[I 2024-11-22 17:20:35,516] Trial 62 finished with value: 0.23530821917024491 and parameters: {'model_name': 'SimpleImputer', 'strategy': 'median'}. Best is trial 3 with value: 0.23239507935567577.
running
[I 2024-11-22 17:20:35,641] Trial 57 finished with value: 0.23530821917024491 and parameters: {'model_name': 'SimpleImputer', 'strategy': 'median'}. Best is trial 3 with value: 0.23239507935567577.
running
[I 2024-11-22 17:20:35,760] Trial 65 finished with value: 0.23530821917024491 and parameters: {'model_name': 'SimpleImputer', 'strategy': 'median'}. Best is trial 3 with value: 0.23239507935567577.
[I 2024-11-22 17:20:35,857] Trial 64 finished with value: 0.23530821917024491 and parameters: {'model_name': 'SimpleImputer', 'strategy': 'median'}. Best is trial 3 with value: 0.23239507935567577.
running
[I 2024-11-22 17:20:35,949] Trial 60 finished with value: 0.23530821917024491 and parameters: {'model_name': 'SimpleImputer', 'strategy': 'median'}. Best is trial 3 with value: 0.23239507935567577.
running
running
[I 2024-11-22 17:20:36,151] Trial 70 finished with value: 0.4245045652617955 and parameters: {'model_name': 'SimpleImputer', 'strategy': 'constant'}. Best is trial 3 with value: 0.23239507935567577.
running
[I 2024-11-22 17:20:36,302] Trial 67 finished with value: 0.23530821917024491 and parameters: {'model_name': 'SimpleImputer', 'strategy': 'median'}. Best is trial 3 with value: 0.23239507935567577.
running
[I 2024-11-22 17:20:36,473] Trial 71 finished with value: 0.4245045652617955 and parameters: {'model_name': 'SimpleImputer', 'strategy': 'constant'}. Best is trial 3 with value: 0.23239507935567577.
running
[I 2024-11-22 17:20:36,612] Trial 69 finished with value: 0.4245045652617955 and parameters: {'model_name': 'SimpleImputer', 'strategy': 'constant'}. Best is trial 3 with value: 0.23239507935567577.
running
[I 2024-11-22 17:20:36,744] Trial 66 finished with value: 0.23530821917024491 and parameters: {'model_name': 'SimpleImputer', 'strategy': 'median'}. Best is trial 3 with value: 0.23239507935567577.
running
[I 2024-11-22 17:20:36,868] Trial 73 finished with value: 0.4245045652617955 and parameters: {'model_name': 'SimpleImputer', 'strategy': 'constant'}. Best is trial 3 with value: 0.23239507935567577.
running
[I 2024-11-22 17:20:36,988] Trial 72 finished with value: 0.4245045652617955 and parameters: {'model_name': 'SimpleImputer', 'strategy': 'constant'}. Best is trial 3 with value: 0.23239507935567577.
running
[I 2024-11-22 17:20:37,094] Trial 74 finished with value: 0.4245045652617955 and parameters: {'model_name': 'SimpleImputer', 'strategy': 'constant'}. Best is trial 3 with value: 0.23239507935567577.
running
[I 2024-11-22 17:20:37,227] Trial 75 finished with value: 0.4245045652617955 and parameters: {'model_name': 'SimpleImputer', 'strategy': 'constant'}. Best is trial 3 with value: 0.23239507935567577.
running
[I 2024-11-22 17:20:37,343] Trial 68 finished with value: 0.23530821917024491 and parameters: {'model_name': 'SimpleImputer', 'strategy': 'median'}. Best is trial 3 with value: 0.23239507935567577.
running
[I 2024-11-22 17:20:37,525] Trial 80 finished with value: 0.4245045652617955 and parameters: {'model_name': 'SimpleImputer', 'strategy': 'constant'}. Best is trial 3 with value: 0.23239507935567577.
running
[I 2024-11-22 17:20:37,634] Trial 81 finished with value: 0.4245045652617955 and parameters: {'model_name': 'SimpleImputer', 'strategy': 'constant'}. Best is trial 3 with value: 0.23239507935567577.
running
[I 2024-11-22 17:20:37,741] Trial 78 finished with value: 0.4245045652617955 and parameters: {'model_name': 'SimpleImputer', 'strategy': 'constant'}. Best is trial 3 with value: 0.23239507935567577.
running
[I 2024-11-22 17:20:38,145] Trial 77 finished with value: 0.4245045652617955 and parameters: {'model_name': 'SimpleImputer', 'strategy': 'most_frequent'}. Best is trial 3 with value: 0.23239507935567577.
running
[I 2024-11-22 17:20:38,255] Trial 87 finished with value: 0.23239507935567577 and parameters: {'model_name': 'SimpleImputer', 'strategy': 'mean'}. Best is trial 3 with value: 0.23239507935567577.
running
[I 2024-11-22 17:20:38,395] Trial 76 finished with value: 0.4245045652617955 and parameters: {'model_name': 'SimpleImputer', 'strategy': 'most_frequent'}. Best is trial 3 with value: 0.23239507935567577.
[I 2024-11-22 17:20:38,491] Trial 86 finished with value: 0.23239507935567577 and parameters: {'model_name': 'SimpleImputer', 'strategy': 'mean'}. Best is trial 3 with value: 0.23239507935567577.
running
running
[I 2024-11-22 17:20:38,612] Trial 82 finished with value: 0.4245045652617955 and parameters: {'model_name': 'SimpleImputer', 'strategy': 'most_frequent'}. Best is trial 3 with value: 0.23239507935567577.
running
[I 2024-11-22 17:20:38,764] Trial 91 finished with value: 0.23239507935567577 and parameters: {'model_name': 'SimpleImputer', 'strategy': 'mean'}. Best is trial 3 with value: 0.23239507935567577.
running
[I 2024-11-22 17:20:38,883] Trial 88 finished with value: 0.23239507935567577 and parameters: {'model_name': 'SimpleImputer', 'strategy': 'mean'}. Best is trial 3 with value: 0.23239507935567577.
running
[I 2024-11-22 17:20:39,000] Trial 84 finished with value: 0.4245045652617955 and parameters: {'model_name': 'SimpleImputer', 'strategy': 'most_frequent'}. Best is trial 3 with value: 0.23239507935567577.
[I 2024-11-22 17:20:39,091] Trial 92 finished with value: 0.23239507935567577 and parameters: {'model_name': 'SimpleImputer', 'strategy': 'mean'}. Best is trial 3 with value: 0.23239507935567577.
[I 2024-11-22 17:20:39,178] Trial 90 finished with value: 0.23239507935567577 and parameters: {'model_name': 'SimpleImputer', 'strategy': 'mean'}. Best is trial 3 with value: 0.23239507935567577.
running
running
running
[I 2024-11-22 17:20:39,353] Trial 89 finished with value: 0.23239507935567577 and parameters: {'model_name': 'SimpleImputer', 'strategy': 'mean'}. Best is trial 3 with value: 0.23239507935567577.
running
[I 2024-11-22 17:20:39,454] Trial 79 finished with value: 0.4245045652617955 and parameters: {'model_name': 'SimpleImputer', 'strategy': 'most_frequent'}. Best is trial 3 with value: 0.23239507935567577.
running
[I 2024-11-22 17:20:39,570] Trial 83 finished with value: 0.4245045652617955 and parameters: {'model_name': 'SimpleImputer', 'strategy': 'most_frequent'}. Best is trial 3 with value: 0.23239507935567577.
running
[I 2024-11-22 17:20:39,685] Trial 94 finished with value: 0.23239507935567577 and parameters: {'model_name': 'SimpleImputer', 'strategy': 'mean'}. Best is trial 3 with value: 0.23239507935567577.
running
[I 2024-11-22 17:20:39,829] Trial 85 finished with value: 0.4245045652617955 and parameters: {'model_name': 'SimpleImputer', 'strategy': 'most_frequent'}. Best is trial 3 with value: 0.23239507935567577.
running
[I 2024-11-22 17:20:40,013] Trial 93 finished with value: 0.23239507935567577 and parameters: {'model_name': 'SimpleImputer', 'strategy': 'mean'}. Best is trial 3 with value: 0.23239507935567577.
running
[I 2024-11-22 17:20:40,195] Trial 99 finished with value: 0.23239507935567577 and parameters: {'model_name': 'SimpleImputer', 'strategy': 'mean'}. Best is trial 3 with value: 0.23239507935567577.
running
[I 2024-11-22 17:20:40,348] Trial 96 finished with value: 0.23239507935567577 and parameters: {'model_name': 'SimpleImputer', 'strategy': 'mean'}. Best is trial 3 with value: 0.23239507935567577.
running
[I 2024-11-22 17:20:40,491] Trial 98 finished with value: 0.23239507935567577 and parameters: {'model_name': 'SimpleImputer', 'strategy': 'mean'}. Best is trial 3 with value: 0.23239507935567577.
[I 2024-11-22 17:20:40,582] Trial 100 finished with value: 0.23239507935567577 and parameters: {'model_name': 'SimpleImputer', 'strategy': 'mean'}. Best is trial 3 with value: 0.23239507935567577.
[I 2024-11-22 17:20:40,672] Trial 95 finished with value: 0.23239507935567577 and parameters: {'model_name': 'SimpleImputer', 'strategy': 'mean'}. Best is trial 3 with value: 0.23239507935567577.
running
running
running
[I 2024-11-22 17:20:40,829] Trial 101 finished with value: 0.23239507935567577 and parameters: {'model_name': 'SimpleImputer', 'strategy': 'mean'}. Best is trial 3 with value: 0.23239507935567577.
running
[I 2024-11-22 17:20:40,950] Trial 102 finished with value: 0.23239507935567577 and parameters: {'model_name': 'SimpleImputer', 'strategy': 'mean'}. Best is trial 3 with value: 0.23239507935567577.
running
[I 2024-11-22 17:20:41,051] Trial 97 finished with value: 0.23239507935567577 and parameters: {'model_name': 'SimpleImputer', 'strategy': 'mean'}. Best is trial 3 with value: 0.23239507935567577.
running
[I 2024-11-22 17:20:41,188] Trial 104 finished with value: 0.23239507935567577 and parameters: {'model_name': 'SimpleImputer', 'strategy': 'mean'}. Best is trial 3 with value: 0.23239507935567577.
running
[I 2024-11-22 17:20:41,330] Trial 108 finished with value: 0.23239507935567577 and parameters: {'model_name': 'SimpleImputer', 'strategy': 'mean'}. Best is trial 3 with value: 0.23239507935567577.
running
[I 2024-11-22 17:20:41,430] Trial 106 finished with value: 0.23239507935567577 and parameters: {'model_name': 'SimpleImputer', 'strategy': 'mean'}. Best is trial 3 with value: 0.23239507935567577.
running
[I 2024-11-22 17:20:41,557] Trial 107 finished with value: 0.23239507935567577 and parameters: {'model_name': 'SimpleImputer', 'strategy': 'mean'}. Best is trial 3 with value: 0.23239507935567577.
[I 2024-11-22 17:20:41,654] Trial 103 finished with value: 0.23239507935567577 and parameters: {'model_name': 'SimpleImputer', 'strategy': 'mean'}. Best is trial 3 with value: 0.23239507935567577.
running
running
[I 2024-11-22 17:20:41,781] Trial 105 finished with value: 0.23239507935567577 and parameters: {'model_name': 'SimpleImputer', 'strategy': 'mean'}. Best is trial 3 with value: 0.23239507935567577.
running
[I 2024-11-22 17:20:41,971] Trial 110 finished with value: 0.23239507935567577 and parameters: {'model_name': 'SimpleImputer', 'strategy': 'mean'}. Best is trial 3 with value: 0.23239507935567577.
[I 2024-11-22 17:20:42,065] Trial 109 finished with value: 0.23239507935567577 and parameters: {'model_name': 'SimpleImputer', 'strategy': 'mean'}. Best is trial 3 with value: 0.23239507935567577.
running
running
[I 2024-11-22 17:20:42,257] Trial 111 finished with value: 0.23239507935567577 and parameters: {'model_name': 'SimpleImputer', 'strategy': 'mean'}. Best is trial 3 with value: 0.23239507935567577.
running
[I 2024-11-22 17:20:42,475] Trial 112 finished with value: 0.23239507935567577 and parameters: {'model_name': 'SimpleImputer', 'strategy': 'mean'}. Best is trial 3 with value: 0.23239507935567577.
[I 2024-11-22 17:20:42,573] Trial 113 finished with value: 0.23239507935567577 and parameters: {'model_name': 'SimpleImputer', 'strategy': 'mean'}. Best is trial 3 with value: 0.23239507935567577.
running
running
[I 2024-11-22 17:20:42,671] Trial 117 finished with value: 0.23239507935567577 and parameters: {'model_name': 'SimpleImputer', 'strategy': 'mean'}. Best is trial 3 with value: 0.23239507935567577.
running
[I 2024-11-22 17:20:42,780] Trial 115 finished with value: 0.23239507935567577 and parameters: {'model_name': 'SimpleImputer', 'strategy': 'mean'}. Best is trial 3 with value: 0.23239507935567577.
running
[I 2024-11-22 17:20:42,888] Trial 116 finished with value: 0.23239507935567577 and parameters: {'model_name': 'SimpleImputer', 'strategy': 'mean'}. Best is trial 3 with value: 0.23239507935567577.
running
[I 2024-11-22 17:20:43,029] Trial 114 finished with value: 0.23239507935567577 and parameters: {'model_name': 'SimpleImputer', 'strategy': 'mean'}. Best is trial 3 with value: 0.23239507935567577.
running
[I 2024-11-22 17:20:43,134] Trial 119 finished with value: 0.23239507935567577 and parameters: {'model_name': 'SimpleImputer', 'strategy': 'mean'}. Best is trial 3 with value: 0.23239507935567577.
[I 2024-11-22 17:20:43,261] Trial 120 finished with value: 0.23239507935567577 and parameters: {'model_name': 'SimpleImputer', 'strategy': 'mean'}. Best is trial 3 with value: 0.23239507935567577.
running
running
[I 2024-11-22 17:20:43,428] Trial 122 finished with value: 0.23239507935567577 and parameters: {'model_name': 'SimpleImputer', 'strategy': 'mean'}. Best is trial 3 with value: 0.23239507935567577.
running
[I 2024-11-22 17:20:43,566] Trial 123 finished with value: 0.23239507935567577 and parameters: {'model_name': 'SimpleImputer', 'strategy': 'mean'}. Best is trial 3 with value: 0.23239507935567577.
[I 2024-11-22 17:20:43,668] Trial 121 finished with value: 0.23239507935567577 and parameters: {'model_name': 'SimpleImputer', 'strategy': 'mean'}. Best is trial 3 with value: 0.23239507935567577.
running
running
[I 2024-11-22 17:20:43,858] Trial 125 finished with value: 0.23239507935567577 and parameters: {'model_name': 'SimpleImputer', 'strategy': 'mean'}. Best is trial 3 with value: 0.23239507935567577.
[I 2024-11-22 17:20:43,956] Trial 124 finished with value: 0.23239507935567577 and parameters: {'model_name': 'SimpleImputer', 'strategy': 'mean'}. Best is trial 3 with value: 0.23239507935567577.
running
running
[I 2024-11-22 17:20:44,054] Trial 118 finished with value: 0.23239507935567577 and parameters: {'model_name': 'SimpleImputer', 'strategy': 'mean'}. Best is trial 3 with value: 0.23239507935567577.
running
[I 2024-11-22 17:20:44,177] Trial 126 finished with value: 0.23239507935567577 and parameters: {'model_name': 'SimpleImputer', 'strategy': 'mean'}. Best is trial 3 with value: 0.23239507935567577.
running
[I 2024-11-22 17:20:44,332] Trial 127 finished with value: 0.23239507935567577 and parameters: {'model_name': 'SimpleImputer', 'strategy': 'mean'}. Best is trial 3 with value: 0.23239507935567577.
running
[I 2024-11-22 17:20:44,475] Trial 129 finished with value: 0.23239507935567577 and parameters: {'model_name': 'SimpleImputer', 'strategy': 'mean'}. Best is trial 3 with value: 0.23239507935567577.
[I 2024-11-22 17:20:44,576] Trial 130 finished with value: 0.23239507935567577 and parameters: {'model_name': 'SimpleImputer', 'strategy': 'mean'}. Best is trial 3 with value: 0.23239507935567577.
running
running
[I 2024-11-22 17:20:44,722] Trial 128 finished with value: 0.23239507935567577 and parameters: {'model_name': 'SimpleImputer', 'strategy': 'mean'}. Best is trial 3 with value: 0.23239507935567577.
running
[I 2024-11-22 17:20:44,907] Trial 131 finished with value: 0.23239507935567577 and parameters: {'model_name': 'SimpleImputer', 'strategy': 'mean'}. Best is trial 3 with value: 0.23239507935567577.
running
[I 2024-11-22 17:20:45,041] Trial 132 finished with value: 0.23239507935567577 and parameters: {'model_name': 'SimpleImputer', 'strategy': 'mean'}. Best is trial 3 with value: 0.23239507935567577.
running
[I 2024-11-22 17:20:45,219] Trial 136 finished with value: 0.23239507935567577 and parameters: {'model_name': 'SimpleImputer', 'strategy': 'mean'}. Best is trial 3 with value: 0.23239507935567577.
running
[I 2024-11-22 17:20:45,336] Trial 133 finished with value: 0.23239507935567577 and parameters: {'model_name': 'SimpleImputer', 'strategy': 'mean'}. Best is trial 3 with value: 0.23239507935567577.
running
[I 2024-11-22 17:20:45,474] Trial 135 finished with value: 0.23239507935567577 and parameters: {'model_name': 'SimpleImputer', 'strategy': 'mean'}. Best is trial 3 with value: 0.23239507935567577.
running
[I 2024-11-22 17:20:45,605] Trial 138 finished with value: 0.23239507935567577 and parameters: {'model_name': 'SimpleImputer', 'strategy': 'mean'}. Best is trial 3 with value: 0.23239507935567577.
running
[I 2024-11-22 17:20:45,745] Trial 134 finished with value: 0.23239507935567577 and parameters: {'model_name': 'SimpleImputer', 'strategy': 'mean'}. Best is trial 3 with value: 0.23239507935567577.
running
[I 2024-11-22 17:20:45,861] Trial 139 finished with value: 0.23239507935567577 and parameters: {'model_name': 'SimpleImputer', 'strategy': 'mean'}. Best is trial 3 with value: 0.23239507935567577.
running
[I 2024-11-22 17:20:45,983] Trial 137 finished with value: 0.23239507935567577 and parameters: {'model_name': 'SimpleImputer', 'strategy': 'mean'}. Best is trial 3 with value: 0.23239507935567577.
running
[I 2024-11-22 17:20:46,135] Trial 141 finished with value: 0.23239507935567577 and parameters: {'model_name': 'SimpleImputer', 'strategy': 'mean'}. Best is trial 3 with value: 0.23239507935567577.
running
[I 2024-11-22 17:20:46,246] Trial 142 finished with value: 0.23239507935567577 and parameters: {'model_name': 'SimpleImputer', 'strategy': 'mean'}. Best is trial 3 with value: 0.23239507935567577.
running
[I 2024-11-22 17:20:46,350] Trial 140 finished with value: 0.23239507935567577 and parameters: {'model_name': 'SimpleImputer', 'strategy': 'mean'}. Best is trial 3 with value: 0.23239507935567577.
running
[I 2024-11-22 17:20:46,475] Trial 143 finished with value: 0.23239507935567577 and parameters: {'model_name': 'SimpleImputer', 'strategy': 'mean'}. Best is trial 3 with value: 0.23239507935567577.
running
[I 2024-11-22 17:20:46,590] Trial 145 finished with value: 0.23239507935567577 and parameters: {'model_name': 'SimpleImputer', 'strategy': 'mean'}. Best is trial 3 with value: 0.23239507935567577.
[I 2024-11-22 17:20:46,683] Trial 146 finished with value: 0.23239507935567577 and parameters: {'model_name': 'SimpleImputer', 'strategy': 'mean'}. Best is trial 3 with value: 0.23239507935567577.
running
running
[I 2024-11-22 17:20:46,904] Trial 147 finished with value: 0.23239507935567577 and parameters: {'model_name': 'SimpleImputer', 'strategy': 'mean'}. Best is trial 3 with value: 0.23239507935567577.
running
[I 2024-11-22 17:20:47,062] Trial 144 finished with value: 0.23239507935567577 and parameters: {'model_name': 'SimpleImputer', 'strategy': 'mean'}. Best is trial 3 with value: 0.23239507935567577.
running
[I 2024-11-22 17:20:47,191] Trial 149 finished with value: 0.23239507935567577 and parameters: {'model_name': 'SimpleImputer', 'strategy': 'mean'}. Best is trial 3 with value: 0.23239507935567577.
[I 2024-11-22 17:20:47,288] Trial 148 finished with value: 0.23239507935567577 and parameters: {'model_name': 'SimpleImputer', 'strategy': 'mean'}. Best is trial 3 with value: 0.23239507935567577.
running
running
[I 2024-11-22 17:20:47,485] Trial 151 finished with value: 0.23239507935567577 and parameters: {'model_name': 'SimpleImputer', 'strategy': 'mean'}. Best is trial 3 with value: 0.23239507935567577.
running
[I 2024-11-22 17:20:47,634] Trial 150 finished with value: 0.23239507935567577 and parameters: {'model_name': 'SimpleImputer', 'strategy': 'mean'}. Best is trial 3 with value: 0.23239507935567577.
running
[I 2024-11-22 17:20:47,766] Trial 158 finished with value: 0.23239507935567577 and parameters: {'model_name': 'SimpleImputer', 'strategy': 'mean'}. Best is trial 3 with value: 0.23239507935567577.
running
[I 2024-11-22 17:20:47,885] Trial 153 finished with value: 0.23239507935567577 and parameters: {'model_name': 'SimpleImputer', 'strategy': 'mean'}. Best is trial 3 with value: 0.23239507935567577.
running
[I 2024-11-22 17:20:47,996] Trial 152 finished with value: 0.23239507935567577 and parameters: {'model_name': 'SimpleImputer', 'strategy': 'mean'}. Best is trial 3 with value: 0.23239507935567577.
running
[I 2024-11-22 17:20:48,116] Trial 157 finished with value: 0.23239507935567577 and parameters: {'model_name': 'SimpleImputer', 'strategy': 'mean'}. Best is trial 3 with value: 0.23239507935567577.
running
[I 2024-11-22 17:20:48,217] Trial 154 finished with value: 0.23239507935567577 and parameters: {'model_name': 'SimpleImputer', 'strategy': 'mean'}. Best is trial 3 with value: 0.23239507935567577.
running
[I 2024-11-22 17:20:48,341] Trial 161 finished with value: 0.23239507935567577 and parameters: {'model_name': 'SimpleImputer', 'strategy': 'mean'}. Best is trial 3 with value: 0.23239507935567577.
running
[I 2024-11-22 17:20:48,459] Trial 159 finished with value: 0.23239507935567577 and parameters: {'model_name': 'SimpleImputer', 'strategy': 'mean'}. Best is trial 3 with value: 0.23239507935567577.
running
[I 2024-11-22 17:20:48,570] Trial 155 finished with value: 0.23239507935567577 and parameters: {'model_name': 'SimpleImputer', 'strategy': 'mean'}. Best is trial 3 with value: 0.23239507935567577.
running
[I 2024-11-22 17:20:48,747] Trial 156 finished with value: 0.23239507935567577 and parameters: {'model_name': 'SimpleImputer', 'strategy': 'mean'}. Best is trial 3 with value: 0.23239507935567577.
running
[I 2024-11-22 17:20:48,852] Trial 163 finished with value: 0.23239507935567577 and parameters: {'model_name': 'SimpleImputer', 'strategy': 'mean'}. Best is trial 3 with value: 0.23239507935567577.
running
[I 2024-11-22 17:20:48,975] Trial 160 finished with value: 0.23239507935567577 and parameters: {'model_name': 'SimpleImputer', 'strategy': 'mean'}. Best is trial 3 with value: 0.23239507935567577.
running
[I 2024-11-22 17:20:49,163] Trial 165 finished with value: 0.23239507935567577 and parameters: {'model_name': 'SimpleImputer', 'strategy': 'mean'}. Best is trial 3 with value: 0.23239507935567577.
running
[I 2024-11-22 17:20:49,294] Trial 164 finished with value: 0.23239507935567577 and parameters: {'model_name': 'SimpleImputer', 'strategy': 'mean'}. Best is trial 3 with value: 0.23239507935567577.
[I 2024-11-22 17:20:49,394] Trial 162 finished with value: 0.23239507935567577 and parameters: {'model_name': 'SimpleImputer', 'strategy': 'mean'}. Best is trial 3 with value: 0.23239507935567577.
running
running
[I 2024-11-22 17:20:49,588] Trial 166 finished with value: 0.23239507935567577 and parameters: {'model_name': 'SimpleImputer', 'strategy': 'mean'}. Best is trial 3 with value: 0.23239507935567577.
running
[I 2024-11-22 17:20:49,794] Trial 170 finished with value: 0.23239507935567577 and parameters: {'model_name': 'SimpleImputer', 'strategy': 'mean'}. Best is trial 3 with value: 0.23239507935567577.
running
[I 2024-11-22 17:20:49,909] Trial 167 finished with value: 0.23239507935567577 and parameters: {'model_name': 'SimpleImputer', 'strategy': 'mean'}. Best is trial 3 with value: 0.23239507935567577.
[I 2024-11-22 17:20:50,007] Trial 174 finished with value: 0.23239507935567577 and parameters: {'model_name': 'SimpleImputer', 'strategy': 'mean'}. Best is trial 3 with value: 0.23239507935567577.
running
running
[I 2024-11-22 17:20:50,126] Trial 168 finished with value: 0.23239507935567577 and parameters: {'model_name': 'SimpleImputer', 'strategy': 'mean'}. Best is trial 3 with value: 0.23239507935567577.
running
[I 2024-11-22 17:20:50,231] Trial 173 finished with value: 0.23239507935567577 and parameters: {'model_name': 'SimpleImputer', 'strategy': 'mean'}. Best is trial 3 with value: 0.23239507935567577.
running
[I 2024-11-22 17:20:50,336] Trial 172 finished with value: 0.23239507935567577 and parameters: {'model_name': 'SimpleImputer', 'strategy': 'mean'}. Best is trial 3 with value: 0.23239507935567577.
running
[I 2024-11-22 17:20:50,455] Trial 169 finished with value: 0.23239507935567577 and parameters: {'model_name': 'SimpleImputer', 'strategy': 'mean'}. Best is trial 3 with value: 0.23239507935567577.
running
[I 2024-11-22 17:20:50,572] Trial 175 finished with value: 0.23239507935567577 and parameters: {'model_name': 'SimpleImputer', 'strategy': 'mean'}. Best is trial 3 with value: 0.23239507935567577.
running
[I 2024-11-22 17:20:50,709] Trial 171 finished with value: 0.23239507935567577 and parameters: {'model_name': 'SimpleImputer', 'strategy': 'mean'}. Best is trial 3 with value: 0.23239507935567577.
running
[I 2024-11-22 17:20:50,888] Trial 176 finished with value: 0.23239507935567577 and parameters: {'model_name': 'SimpleImputer', 'strategy': 'mean'}. Best is trial 3 with value: 0.23239507935567577.
running
[I 2024-11-22 17:20:50,997] Trial 179 finished with value: 0.23239507935567577 and parameters: {'model_name': 'SimpleImputer', 'strategy': 'mean'}. Best is trial 3 with value: 0.23239507935567577.
running
[I 2024-11-22 17:20:51,144] Trial 178 finished with value: 0.23239507935567577 and parameters: {'model_name': 'SimpleImputer', 'strategy': 'mean'}. Best is trial 3 with value: 0.23239507935567577.
running
[I 2024-11-22 17:20:51,264] Trial 177 finished with value: 0.23239507935567577 and parameters: {'model_name': 'SimpleImputer', 'strategy': 'mean'}. Best is trial 3 with value: 0.23239507935567577.
running
[I 2024-11-22 17:20:51,406] Trial 181 finished with value: 0.23239507935567577 and parameters: {'model_name': 'SimpleImputer', 'strategy': 'mean'}. Best is trial 3 with value: 0.23239507935567577.
running
[I 2024-11-22 17:20:51,544] Trial 180 finished with value: 0.23239507935567577 and parameters: {'model_name': 'SimpleImputer', 'strategy': 'mean'}. Best is trial 3 with value: 0.23239507935567577.
running
[I 2024-11-22 17:20:51,720] Trial 182 finished with value: 0.23239507935567577 and parameters: {'model_name': 'SimpleImputer', 'strategy': 'mean'}. Best is trial 3 with value: 0.23239507935567577.
running
[I 2024-11-22 17:20:51,854] Trial 183 finished with value: 0.23239507935567577 and parameters: {'model_name': 'SimpleImputer', 'strategy': 'mean'}. Best is trial 3 with value: 0.23239507935567577.
running
[I 2024-11-22 17:20:52,070] Trial 189 finished with value: 0.23239507935567577 and parameters: {'model_name': 'SimpleImputer', 'strategy': 'mean'}. Best is trial 3 with value: 0.23239507935567577.
[I 2024-11-22 17:20:52,206] Trial 186 finished with value: 0.23239507935567577 and parameters: {'model_name': 'SimpleImputer', 'strategy': 'mean'}. Best is trial 3 with value: 0.23239507935567577.
[I 2024-11-22 17:20:52,340] Trial 185 finished with value: 0.4245045652617955 and parameters: {'model_name': 'SimpleImputer', 'strategy': 'most_frequent'}. Best is trial 3 with value: 0.23239507935567577.
[I 2024-11-22 17:20:52,478] Trial 190 finished with value: 0.23239507935567577 and parameters: {'model_name': 'SimpleImputer', 'strategy': 'mean'}. Best is trial 3 with value: 0.23239507935567577.
[I 2024-11-22 17:20:52,573] Trial 187 finished with value: 0.23239507935567577 and parameters: {'model_name': 'SimpleImputer', 'strategy': 'mean'}. Best is trial 3 with value: 0.23239507935567577.
[I 2024-11-22 17:20:52,728] Trial 191 finished with value: 0.23239507935567577 and parameters: {'model_name': 'SimpleImputer', 'strategy': 'mean'}. Best is trial 3 with value: 0.23239507935567577.
[I 2024-11-22 17:20:52,884] Trial 184 finished with value: 0.4245045652617955 and parameters: {'model_name': 'SimpleImputer', 'strategy': 'most_frequent'}. Best is trial 3 with value: 0.23239507935567577.
[I 2024-11-22 17:20:53,009] Trial 195 finished with value: 0.23239507935567577 and parameters: {'model_name': 'SimpleImputer', 'strategy': 'mean'}. Best is trial 3 with value: 0.23239507935567577.
[I 2024-11-22 17:20:53,112] Trial 188 finished with value: 0.4245045652617955 and parameters: {'model_name': 'SimpleImputer', 'strategy': 'most_frequent'}. Best is trial 3 with value: 0.23239507935567577.
[I 2024-11-22 17:20:53,241] Trial 193 finished with value: 0.4245045652617955 and parameters: {'model_name': 'SimpleImputer', 'strategy': 'most_frequent'}. Best is trial 3 with value: 0.23239507935567577.
[I 2024-11-22 17:20:53,378] Trial 194 finished with value: 0.4245045652617955 and parameters: {'model_name': 'SimpleImputer', 'strategy': 'most_frequent'}. Best is trial 3 with value: 0.23239507935567577.
[I 2024-11-22 17:20:53,492] Trial 196 finished with value: 0.4245045652617955 and parameters: {'model_name': 'SimpleImputer', 'strategy': 'most_frequent'}. Best is trial 3 with value: 0.23239507935567577.
[I 2024-11-22 17:20:53,583] Trial 192 finished with value: 0.4245045652617955 and parameters: {'model_name': 'SimpleImputer', 'strategy': 'most_frequent'}. Best is trial 3 with value: 0.23239507935567577.
[I 2024-11-22 17:20:53,671] Trial 198 finished with value: 0.4245045652617955 and parameters: {'model_name': 'SimpleImputer', 'strategy': 'most_frequent'}. Best is trial 3 with value: 0.23239507935567577.
[I 2024-11-22 17:20:53,766] Trial 199 finished with value: 0.4245045652617955 and parameters: {'model_name': 'SimpleImputer', 'strategy': 'most_frequent'}. Best is trial 3 with value: 0.23239507935567577.
[I 2024-11-22 17:20:53,855] Trial 197 finished with value: 0.4245045652617955 and parameters: {'model_name': 'SimpleImputer', 'strategy': 'most_frequent'}. Best is trial 3 with value: 0.23239507935567577.
fit
simple fit
simple transform
0    0
1    0
2    0
3    0
dtype: int64
0    0
1    0
2    0
3    0
dtype: int64
0.23239507935567577
{'model_name': 'SimpleImputer', 'strategy': 'mean'}
running experiment 2/3 - Does reconstruction give good automl predictions
Start est fit
Version 0.1.7a0 of tpot2 is outdated. Version 0.1.8a0 was released Tuesday September 17, 2024.
Version 0.1.7a0 of tpot2 is outdated. Version 0.1.8a0 was released Tuesday September 17, 2024.
Version 0.1.7a0 of tpot2 is outdated. Version 0.1.8a0 was released Tuesday September 17, 2024.
Version 0.1.7a0 of tpot2 is outdated. Version 0.1.8a0 was released Tuesday September 17, 2024.
Version 0.1.7a0 of tpot2 is outdated. Version 0.1.8a0 was released Tuesday September 17, 2024.
Version 0.1.7a0 of tpot2 is outdated. Version 0.1.8a0 was released Tuesday September 17, 2024.
Version 0.1.7a0 of tpot2 is outdated. Version 0.1.8a0 was released Tuesday September 17, 2024.
Version 0.1.7a0 of tpot2 is outdated. Version 0.1.8a0 was released Tuesday September 17, 2024.
Version 0.1.7a0 of tpot2 is outdated. Version 0.1.8a0 was released Tuesday September 17, 2024.
Version 0.1.7a0 of tpot2 is outdated. Version 0.1.8a0 was released Tuesday September 17, 2024.
Version 0.1.7a0 of tpot2 is outdated. Version 0.1.8a0 was released Tuesday September 17, 2024.
Version 0.1.7a0 of tpot2 is outdated. Version 0.1.8a0 was released Tuesday September 17, 2024.
Version 0.1.7a0 of tpot2 is outdated. Version 0.1.8a0 was released Tuesday September 17, 2024.
Version 0.1.7a0 of tpot2 is outdated. Version 0.1.8a0 was released Tuesday September 17, 2024.
Version 0.1.7a0 of tpot2 is outdated. Version 0.1.8a0 was released Tuesday September 17, 2024.
Version 0.1.7a0 of tpot2 is outdated. Version 0.1.8a0 was released Tuesday September 17, 2024.
  0%|          | 0/25 [00:00<?, ?it/s]Generation:   0%|          | 0/25 [00:00<?, ?it/s]WARNING AN INDIVIDUAL TIMED OUT: 
 <tpot2.search_spaces.pipelines.sequential.SequentialPipelineIndividual object at 0x155474cd1420> 

WARNING AN INDIVIDUAL TIMED OUT: 
 <tpot2.search_spaces.pipelines.sequential.SequentialPipelineIndividual object at 0x155474cd0a90> 

Generation:  1
Best f1_score score: 0.9290898483715224
Generation:   4%|▍         | 1/25 [10:02<4:01:11, 602.98s/it]WARNING AN INDIVIDUAL TIMED OUT: 
 <tpot2.search_spaces.pipelines.sequential.SequentialPipelineIndividual object at 0x155474d1a8f0> 

Generation:  2
Best f1_score score: 0.9290898483715224
Generation:   8%|▊         | 2/25 [20:07<3:51:22, 603.61s/it]Generation:  3
Best f1_score score: 0.9297052552871776
Generation:  12%|█▏        | 3/25 [21:39<2:15:47, 370.33s/it]Generation:  4
Best f1_score score: 0.9309537412543547
Generation:  16%|█▌        | 4/25 [29:51<2:26:26, 418.42s/it]Generation:  5
Best f1_score score: 0.9309537412543547
Generation:  20%|██        | 5/25 [32:57<1:51:27, 334.38s/it]Generation:  6
Best f1_score score: 0.9309537412543547
Generation:  24%|██▍       | 6/25 [34:31<1:19:59, 252.58s/it]WARNING THIS INDIVIDUAL CAUSED AND EXCEPTION 
 <tpot2.search_spaces.pipelines.sequential.SequentialPipelineIndividual object at 0x155474596680> 
 The 'min_samples_split' parameter of DecisionTreeClassifier must be an int in the range [2, inf) or a float in the range (0.0, 1.0]. Got 1 instead. 
 Traceback (most recent call last):
  File "/common/ketrong/tpotexp/tpot2/tpot2/utils/eval_utils.py", line 53, in objective_nan_wrapper
    value = func_timeout.func_timeout(timeout, objective_function, args=[individual], kwargs=objective_kwargs)
  File "/common/ketrong/tpotexp/env/lib/python3.10/site-packages/func_timeout/dafunc.py", line 108, in func_timeout
    raise_exception(exception)
  File "/common/ketrong/tpotexp/env/lib/python3.10/site-packages/func_timeout/py3_raise.py", line 7, in raise_exception
    raise exception[0] from None
  File "/common/ketrong/tpotexp/tpot2/tpot2/tpot_estimator/estimator.py", line 623, in objective_function
    return objective_function_generator(
  File "/common/ketrong/tpotexp/tpot2/tpot2/tpot_estimator/estimator_utils.py", line 55, in objective_function_generator
    cv_obj_scores = cross_val_score_objective(sklearn.base.clone(pipeline),x,y,scorers=scorers, cv=cv , fold=step)
  File "/common/ketrong/tpotexp/tpot2/tpot2/tpot_estimator/cross_val_utils.py", line 28, in cross_val_score_objective
    this_fold_pipeline.fit(X_train,y_train)
  File "/common/ketrong/tpotexp/env/lib/python3.10/site-packages/sklearn/base.py", line 1473, in wrapper
    return fit_method(estimator, *args, **kwargs)
  File "/common/ketrong/tpotexp/env/lib/python3.10/site-packages/sklearn/pipeline.py", line 473, in fit
    self._final_estimator.fit(Xt, y, **last_step_params["fit"])
  File "/common/ketrong/tpotexp/env/lib/python3.10/site-packages/sklearn/base.py", line 1466, in wrapper
    estimator._validate_params()
  File "/common/ketrong/tpotexp/env/lib/python3.10/site-packages/sklearn/base.py", line 666, in _validate_params
    validate_parameter_constraints(
  File "/common/ketrong/tpotexp/env/lib/python3.10/site-packages/sklearn/utils/_param_validation.py", line 95, in validate_parameter_constraints
    raise InvalidParameterError(
sklearn.utils._param_validation.InvalidParameterError: The 'min_samples_split' parameter of DecisionTreeClassifier must be an int in the range [2, inf) or a float in the range (0.0, 1.0]. Got 1 instead.

Generation:  7
Best f1_score score: 0.9309537412543547
Generation:  28%|██▊       | 7/25 [34:53<53:13, 177.41s/it]  Generation:  8
Best f1_score score: 0.934300553950879
Generation:  32%|███▏      | 8/25 [39:16<57:58, 204.64s/it]Generation:  9
Best f1_score score: 0.934300553950879
Generation:  36%|███▌      | 9/25 [44:24<1:03:11, 236.98s/it]Generation:  10
Best f1_score score: 0.934300553950879
Generation:  40%|████      | 10/25 [44:43<42:22, 169.50s/it] Generation:  11
Best f1_score score: 0.934300553950879
Generation:  44%|████▍     | 11/25 [47:46<40:30, 173.60s/it]WARNING AN INDIVIDUAL TIMED OUT: 
 <tpot2.search_spaces.pipelines.sequential.SequentialPipelineIndividual object at 0x1554743fe410> 

Generation:  12
Best f1_score score: 0.934300553950879
Generation:  48%|████▊     | 12/25 [57:54<1:06:14, 305.75s/it]Generation:  13
Best f1_score score: 0.934300553950879
Generation:  52%|█████▏    | 13/25 [58:30<44:50, 224.17s/it]  Generation:  14
Best f1_score score: 0.934300553950879
Generation:  56%|█████▌    | 14/25 [1:00:06<33:59, 185.43s/it]Generation:  15
Best f1_score score: 0.934300553950879
Generation:  60%|██████    | 15/25 [1:04:00<33:22, 200.22s/it]Generation:  16
Best f1_score score: 0.934300553950879
Generation:  64%|██████▍   | 16/25 [1:04:46<23:02, 153.61s/it]Generation:  17
Best f1_score score: 0.934300553950879
Generation:  68%|██████▊   | 17/25 [1:06:12<17:47, 133.38s/it]Generation:  18
Best f1_score score: 0.934300553950879
Generation:  72%|███████▏  | 18/25 [1:12:03<23:11, 198.85s/it]Generation:  19
Best f1_score score: 0.934300553950879
Generation:  76%|███████▌  | 19/25 [1:15:53<20:48, 208.17s/it]WARNING AN INDIVIDUAL TIMED OUT: 
 <tpot2.search_spaces.pipelines.sequential.SequentialPipelineIndividual object at 0x15545d450bb0> 

Generation:  20
Best f1_score score: 0.934300553950879
Generation:  80%|████████  | 20/25 [1:26:04<27:24, 328.92s/it]Generation:  21
Best f1_score score: 0.934300553950879
Generation:  84%|████████▍ | 21/25 [1:26:51<16:18, 244.55s/it]Generation:  22
Best f1_score score: 0.934300553950879
Generation:  88%|████████▊ | 22/25 [1:27:29<09:07, 182.58s/it]Generation:  23
Best f1_score score: 0.938642980458053
Generation:  92%|█████████▏| 23/25 [1:27:47<04:26, 133.12s/it]Generation:  24
Best f1_score score: 0.938642980458053
Generation:  96%|█████████▌| 24/25 [1:31:25<02:38, 158.36s/it]Generation:  25
Best f1_score score: 0.938642980458053
Generation: 100%|██████████| 25/25 [1:33:32<00:00, 149.16s/it]Generation: 100%|██████████| 25/25 [1:33:35<00:00, 224.62s/it]
2024-11-22 18:54:35,799 - distributed.scheduler - ERROR - Removing worker 'tcp://127.0.0.1:33481' caused the cluster to lose scattered data, which can't be recovered: {'ndarray-ccd7b36aa2d384d98a7fc869ace4ced6', 'ndarray-8f8c22aea6c70fbd60fa1f9e6d8850d2'} (stimulus_id='handle-worker-cleanup-1732330475.799507')
Fitted
Pipeline(steps=[('histgradientboostingclassifier',
                 HistGradientBoostingClassifier(early_stopping=True,
                                                l2_regularization=0.1886676582303,
                                                learning_rate=0.1157299542226,
                                                max_features=0.9976539666479,
                                                max_leaf_nodes=2033,
                                                min_samples_leaf=187,
                                                n_iter_no_change=3, tol=0.0001,
                                                validation_fraction=None))])
score start
train score: {'auroc': 0.9998032487317438, 'accuracy': 0.99776885319054, 'balanced_accuracy': 0.9879837607085322, 'logloss': 0.007348924565039722, 'f1': 0.975347109065485}
original test score: {'auroc': 0.9988277745259118, 'accuracy': 0.9950356983489513, 'balanced_accuracy': 0.9648151559049993, 'logloss': 0.012648462379913366, 'f1': 0.9459413803901815}
imputed test score: {'auroc': 0.9987139278296695, 'accuracy': 0.9947010263275323, 'balanced_accuracy': 0.9561803218669276, 'logloss': 0.01325239239024799, 'f1': 0.9417574433953828}
score end
check intended
EXP2 Finished
running experiment 3/3 - What is the best automl settings?
<tpot2.search_spaces.pipelines.sequential.SequentialPipeline object at 0x15543504f9d0>
Start tpot fit
Version 0.1.7a0 of tpot2 is outdated. Version 0.1.8a0 was released Tuesday September 17, 2024.
Version 0.1.7a0 of tpot2 is outdated. Version 0.1.8a0 was released Tuesday September 17, 2024.
Version 0.1.7a0 of tpot2 is outdated. Version 0.1.8a0 was released Tuesday September 17, 2024.
Version 0.1.7a0 of tpot2 is outdated. Version 0.1.8a0 was released Tuesday September 17, 2024.
Version 0.1.7a0 of tpot2 is outdated. Version 0.1.8a0 was released Tuesday September 17, 2024.
Version 0.1.7a0 of tpot2 is outdated. Version 0.1.8a0 was released Tuesday September 17, 2024.
Version 0.1.7a0 of tpot2 is outdated. Version 0.1.8a0 was released Tuesday September 17, 2024.
Version 0.1.7a0 of tpot2 is outdated. Version 0.1.8a0 was released Tuesday September 17, 2024.
Version 0.1.7a0 of tpot2 is outdated. Version 0.1.8a0 was released Tuesday September 17, 2024.
Version 0.1.7a0 of tpot2 is outdated. Version 0.1.8a0 was released Tuesday September 17, 2024.
Version 0.1.7a0 of tpot2 is outdated. Version 0.1.8a0 was released Tuesday September 17, 2024.
Version 0.1.7a0 of tpot2 is outdated. Version 0.1.8a0 was released Tuesday September 17, 2024.
Version 0.1.7a0 of tpot2 is outdated. Version 0.1.8a0 was released Tuesday September 17, 2024.
Version 0.1.7a0 of tpot2 is outdated. Version 0.1.8a0 was released Tuesday September 17, 2024.
Version 0.1.7a0 of tpot2 is outdated. Version 0.1.8a0 was released Tuesday September 17, 2024.
Version 0.1.7a0 of tpot2 is outdated. Version 0.1.8a0 was released Tuesday September 17, 2024.
  0%|          | 0/25 [00:00<?, ?it/s]Generation:   0%|          | 0/25 [00:00<?, ?it/s]Generation:  1
Best f1_score score: 0.8958374302650144
Generation:   4%|▍         | 1/25 [03:36<1:26:31, 216.31s/it]WARNING AN INDIVIDUAL TIMED OUT: 
 <tpot2.search_spaces.pipelines.sequential.SequentialPipelineIndividual object at 0x1554746f46d0> 

Generation:  2
Best f1_score score: 0.8966622172960086
Generation:   8%|▊         | 2/25 [13:38<2:49:54, 443.24s/it]WARNING AN INDIVIDUAL TIMED OUT: 
 <tpot2.search_spaces.pipelines.sequential.SequentialPipelineIndividual object at 0x1554747140a0> 

WARNING AN INDIVIDUAL TIMED OUT: 
 <tpot2.search_spaces.pipelines.sequential.SequentialPipelineIndividual object at 0x1555544846d0> 

Generation:  3
Best f1_score score: 0.9296151690757559
Generation:  12%|█▏        | 3/25 [23:42<3:09:28, 516.76s/it]Generation:  4
Best f1_score score: 0.9296151690757559
Generation:  16%|█▌        | 4/25 [23:49<1:50:21, 315.30s/it]Generation:  5
Best f1_score score: 0.9322248524970729
Generation:  20%|██        | 5/25 [24:01<1:08:43, 206.19s/it]Generation:  6
Best f1_score score: 0.9322248524970729
Generation:  24%|██▍       | 6/25 [25:45<54:14, 171.29s/it]  WARNING AN INDIVIDUAL TIMED OUT: 
 <tpot2.search_spaces.pipelines.sequential.SequentialPipelineIndividual object at 0x155464bda0e0> 

Generation:  7
Best f1_score score: 0.934028013175318
Generation:  28%|██▊       | 7/25 [35:49<1:33:49, 312.74s/it]Generation:  8
Best f1_score score: 0.934028013175318
Generation:  32%|███▏      | 8/25 [35:57<1:01:08, 215.78s/it]Generation:  9
Best f1_score score: 0.9359917381536238
Generation:  36%|███▌      | 9/25 [37:28<47:10, 176.92s/it]  Generation:  10
Best f1_score score: 0.9359917381536238
Generation:  40%|████      | 10/25 [40:38<45:12, 180.80s/it]Generation:  11
Best f1_score score: 0.9359917381536238
Generation:  44%|████▍     | 11/25 [42:21<36:36, 156.90s/it]Generation:  12
Best f1_score score: 0.9359917381536238
Generation:  48%|████▊     | 12/25 [47:24<43:39, 201.51s/it]Generation:  13
Best f1_score score: 0.9359917381536238
Generation:  52%|█████▏    | 13/25 [47:37<28:51, 144.31s/it]Generation:  14
Best f1_score score: 0.9359917381536238
Generation:  56%|█████▌    | 14/25 [49:13<23:47, 129.76s/it]Generation:  15
Best f1_score score: 0.9365971161311668
Generation:  60%|██████    | 15/25 [49:41<16:31, 99.19s/it] Generation:  16
Best f1_score score: 0.9365971161311668
Generation:  64%|██████▍   | 16/25 [53:14<20:00, 133.39s/it]Generation:  17
Best f1_score score: 0.9365971161311668
Generation:  68%|██████▊   | 17/25 [54:17<14:56, 112.10s/it]WARNING AN INDIVIDUAL TIMED OUT: 
 <tpot2.search_spaces.pipelines.sequential.SequentialPipelineIndividual object at 0x155464c1ed70> 

Generation:  18
Best f1_score score: 0.9365971161311668
Generation:  72%|███████▏  | 18/25 [1:04:22<30:21, 260.24s/it]Generation:  19
Best f1_score score: 0.9365971161311668
Generation:  76%|███████▌  | 19/25 [1:07:36<24:01, 240.28s/it]WARNING THIS INDIVIDUAL CAUSED AND EXCEPTION 
 <tpot2.search_spaces.pipelines.sequential.SequentialPipelineIndividual object at 0x15547471d750> 
 The 'min_samples_split' parameter of DecisionTreeClassifier must be an int in the range [2, inf) or a float in the range (0.0, 1.0]. Got 1 instead. 
 Traceback (most recent call last):
  File "/common/ketrong/tpotexp/tpot2/tpot2/utils/eval_utils.py", line 53, in objective_nan_wrapper
    value = func_timeout.func_timeout(timeout, objective_function, args=[individual], kwargs=objective_kwargs)
  File "/common/ketrong/tpotexp/env/lib/python3.10/site-packages/func_timeout/dafunc.py", line 108, in func_timeout
    raise_exception(exception)
  File "/common/ketrong/tpotexp/env/lib/python3.10/site-packages/func_timeout/py3_raise.py", line 7, in raise_exception
    raise exception[0] from None
  File "/common/ketrong/tpotexp/tpot2/tpot2/tpot_estimator/estimator.py", line 623, in objective_function
    return objective_function_generator(
  File "/common/ketrong/tpotexp/tpot2/tpot2/tpot_estimator/estimator_utils.py", line 55, in objective_function_generator
    cv_obj_scores = cross_val_score_objective(sklearn.base.clone(pipeline),x,y,scorers=scorers, cv=cv , fold=step)
  File "/common/ketrong/tpotexp/tpot2/tpot2/tpot_estimator/cross_val_utils.py", line 28, in cross_val_score_objective
    this_fold_pipeline.fit(X_train,y_train)
  File "/common/ketrong/tpotexp/env/lib/python3.10/site-packages/sklearn/base.py", line 1473, in wrapper
    return fit_method(estimator, *args, **kwargs)
  File "/common/ketrong/tpotexp/env/lib/python3.10/site-packages/sklearn/pipeline.py", line 473, in fit
    self._final_estimator.fit(Xt, y, **last_step_params["fit"])
  File "/common/ketrong/tpotexp/env/lib/python3.10/site-packages/sklearn/base.py", line 1466, in wrapper
    estimator._validate_params()
  File "/common/ketrong/tpotexp/env/lib/python3.10/site-packages/sklearn/base.py", line 666, in _validate_params
    validate_parameter_constraints(
  File "/common/ketrong/tpotexp/env/lib/python3.10/site-packages/sklearn/utils/_param_validation.py", line 95, in validate_parameter_constraints
    raise InvalidParameterError(
sklearn.utils._param_validation.InvalidParameterError: The 'min_samples_split' parameter of DecisionTreeClassifier must be an int in the range [2, inf) or a float in the range (0.0, 1.0]. Got 1 instead.

Generation:  20
Best f1_score score: 0.9365971161311668
Generation:  80%|████████  | 20/25 [1:11:58<20:34, 246.96s/it]WARNING AN INDIVIDUAL TIMED OUT: 
 <tpot2.search_spaces.pipelines.sequential.SequentialPipelineIndividual object at 0x155467cb93c0> 

Generation:  21
Best f1_score score: 0.9379912782435769
Generation:  84%|████████▍ | 21/25 [1:22:04<23:38, 354.54s/it]Generation:  22
Best f1_score score: 0.9379912782435769
Generation:  88%|████████▊ | 22/25 [1:25:27<15:27, 309.15s/it]Generation:  23
Best f1_score score: 0.9379912782435769
Generation:  92%|█████████▏| 23/25 [1:25:50<07:26, 223.42s/it]Generation:  24
Best f1_score score: 0.9379912782435769
Generation:  96%|█████████▌| 24/25 [1:26:32<02:48, 168.96s/it]Generation:  25
Best f1_score score: 0.9379912782435769
Generation: 100%|██████████| 25/25 [1:29:36<00:00, 173.33s/it]Generation: 100%|██████████| 25/25 [1:29:36<00:00, 215.05s/it]
2024-11-22 20:24:22,497 - distributed.scheduler - ERROR - Removing worker 'tcp://127.0.0.1:39791' caused the cluster to lose scattered data, which can't be recovered: {'DataFrame-b3936ebc6090eee4234acc4cfb4a302a', 'ndarray-8f8c22aea6c70fbd60fa1f9e6d8850d2'} (stimulus_id='handle-worker-cleanup-1732335862.4978225')
Fitted
Pipeline(steps=[('simpleimputer', SimpleImputer()),
                ('histgradientboostingclassifier',
                 HistGradientBoostingClassifier(early_stopping=True,
                                                l2_regularization=0.1466208691335,
                                                learning_rate=0.1374665221594,
                                                max_features=0.8005750505315,
                                                max_leaf_nodes=1522,
                                                min_samples_leaf=200,
                                                n_iter_no_change=6, tol=0.0001,
                                                validation_fraction=None))])
transform worked
try transform
transform worked
score start
train score: {'auroc': 0.9998815107494146, 'accuracy': 0.9983126952253458, 'balanced_accuracy': 0.9903765245179448, 'logloss': 0.006337860479943455, 'f1': 0.9812182336375699}
test score: {'auroc': 0.9987520650604207, 'accuracy': 0.9945336903168228, 'balanced_accuracy': 0.9560947249712417, 'logloss': 0.013123725096012924, 'f1': 0.9401281659306207}
original test score: {'auroc': 0.998887946601097, 'accuracy': 0.9949241410084784, 'balanced_accuracy': 0.9647580913078754, 'logloss': 0.012406926725666009, 'f1': 0.944854254596907}
score end
23395
lvl
0.01
type
MNAR
num_run
1
class_simple
finished
all finished
full run takes
3.0678568883736927
hours
DONE
