Run: 17
/cm/local/apps/slurm/var/spool/job1046045/slurm_script: line 26: 
pip install -e tpot2
pip install -r tpot2/ImputerExperiments/requirements_.txt
: No such file or directory
RunStart
Version 0.1.7a0 of tpot2 is outdated. Version 0.1.8a0 was released Tuesday September 17, 2024.
starting loops
../data/c/1489/1489.pkl
working on 
../data/c/1489/class_simple_MAR_0.01_1
0.5562863349914551
running experiment 1/3 - Does large hyperparameter space improve reconstruction accuracy over simple
[I 2024-11-12 03:20:33,766] A new study created in memory with name: no-name-be4548f4-1f10-4e99-b542-5fe7cde61178
running
running
running
running
running
running
running
running
running
running
running
running
running
running
running
running
[I 2024-11-12 03:20:33,973] Trial 8 finished with value: 0.4494389355733309 and parameters: {'model_name': 'SimpleImputer', 'strategy': 'constant'}. Best is trial 8 with value: 0.4494389355733309.
[I 2024-11-12 03:20:34,122] Trial 0 finished with value: 0.4494389355733309 and parameters: {'model_name': 'SimpleImputer', 'strategy': 'constant'}. Best is trial 8 with value: 0.4494389355733309.
running
running
[I 2024-11-12 03:20:34,327] Trial 12 finished with value: 0.4494389355733309 and parameters: {'model_name': 'SimpleImputer', 'strategy': 'constant'}. Best is trial 8 with value: 0.4494389355733309.
running
[I 2024-11-12 03:20:34,541] Trial 10 finished with value: 0.4494389355733309 and parameters: {'model_name': 'SimpleImputer', 'strategy': 'constant'}. Best is trial 8 with value: 0.4494389355733309.
running
[I 2024-11-12 03:20:34,693] Trial 9 finished with value: 0.1513199909104538 and parameters: {'model_name': 'SimpleImputer', 'strategy': 'mean'}. Best is trial 9 with value: 0.1513199909104538.
running
[I 2024-11-12 03:20:34,847] Trial 14 finished with value: 0.1513199909104538 and parameters: {'model_name': 'SimpleImputer', 'strategy': 'mean'}. Best is trial 9 with value: 0.1513199909104538.
[I 2024-11-12 03:20:35,004] Trial 7 finished with value: 0.1513199909104538 and parameters: {'model_name': 'SimpleImputer', 'strategy': 'mean'}. Best is trial 9 with value: 0.1513199909104538.
running
[I 2024-11-12 03:20:35,131] Trial 3 finished with value: 0.1513199909104538 and parameters: {'model_name': 'SimpleImputer', 'strategy': 'mean'}. Best is trial 9 with value: 0.1513199909104538.
running
[I 2024-11-12 03:20:35,253] Trial 13 finished with value: 0.1513199909104538 and parameters: {'model_name': 'SimpleImputer', 'strategy': 'mean'}. Best is trial 9 with value: 0.1513199909104538.
[I 2024-11-12 03:20:35,375] Trial 1 finished with value: 0.18014736168978251 and parameters: {'model_name': 'SimpleImputer', 'strategy': 'most_frequent'}. Best is trial 9 with value: 0.1513199909104538.
running
running
running
[I 2024-11-12 03:20:35,559] Trial 6 finished with value: 0.15116529842579776 and parameters: {'model_name': 'SimpleImputer', 'strategy': 'median'}. Best is trial 6 with value: 0.15116529842579776.
[I 2024-11-12 03:20:35,675] Trial 5 finished with value: 0.4494389355733309 and parameters: {'model_name': 'SimpleImputer', 'strategy': 'constant'}. Best is trial 6 with value: 0.15116529842579776.
running
[I 2024-11-12 03:20:35,834] Trial 4 finished with value: 0.18014736168978251 and parameters: {'model_name': 'SimpleImputer', 'strategy': 'most_frequent'}. Best is trial 6 with value: 0.15116529842579776.
[I 2024-11-12 03:20:35,967] Trial 2 finished with value: 0.18014736168978251 and parameters: {'model_name': 'SimpleImputer', 'strategy': 'most_frequent'}. Best is trial 6 with value: 0.15116529842579776.
running
[I 2024-11-12 03:20:36,118] Trial 21 finished with value: 0.1513199909104538 and parameters: {'model_name': 'SimpleImputer', 'strategy': 'mean'}. Best is trial 6 with value: 0.15116529842579776.
[I 2024-11-12 03:20:36,216] Trial 15 finished with value: 0.15116529842579776 and parameters: {'model_name': 'SimpleImputer', 'strategy': 'median'}. Best is trial 6 with value: 0.15116529842579776.
running
running
running
running
[I 2024-11-12 03:20:36,350] Trial 19 finished with value: 0.1513199909104538 and parameters: {'model_name': 'SimpleImputer', 'strategy': 'mean'}. Best is trial 6 with value: 0.15116529842579776.
running
[I 2024-11-12 03:20:36,739] Trial 11 finished with value: 0.15116529842579776 and parameters: {'model_name': 'SimpleImputer', 'strategy': 'median'}. Best is trial 6 with value: 0.15116529842579776.
running
[I 2024-11-12 03:20:36,886] Trial 23 finished with value: 0.15116529842579776 and parameters: {'model_name': 'SimpleImputer', 'strategy': 'median'}. Best is trial 6 with value: 0.15116529842579776.
running
[I 2024-11-12 03:20:36,898] Trial 20 finished with value: 0.15116529842579776 and parameters: {'model_name': 'SimpleImputer', 'strategy': 'median'}. Best is trial 6 with value: 0.15116529842579776.
[I 2024-11-12 03:20:37,003] Trial 17 finished with value: 0.18014736168978251 and parameters: {'model_name': 'SimpleImputer', 'strategy': 'most_frequent'}. Best is trial 6 with value: 0.15116529842579776.
[I 2024-11-12 03:20:37,013] Trial 16 finished with value: 0.18014736168978251 and parameters: {'model_name': 'SimpleImputer', 'strategy': 'most_frequent'}. Best is trial 6 with value: 0.15116529842579776.
running
running
[I 2024-11-12 03:20:37,250] Trial 29 finished with value: 0.15116529842579776 and parameters: {'model_name': 'SimpleImputer', 'strategy': 'median'}. Best is trial 6 with value: 0.15116529842579776.
[I 2024-11-12 03:20:37,358] Trial 18 finished with value: 0.18014736168978251 and parameters: {'model_name': 'SimpleImputer', 'strategy': 'most_frequent'}. Best is trial 6 with value: 0.15116529842579776.
running
running
[I 2024-11-12 03:20:37,362] Trial 25 finished with value: 0.15116529842579776 and parameters: {'model_name': 'SimpleImputer', 'strategy': 'median'}. Best is trial 6 with value: 0.15116529842579776.
[I 2024-11-12 03:20:37,469] Trial 22 finished with value: 0.18014736168978251 and parameters: {'model_name': 'SimpleImputer', 'strategy': 'most_frequent'}. Best is trial 6 with value: 0.15116529842579776.
running
running
[I 2024-11-12 03:20:37,808] Trial 26 finished with value: 0.15116529842579776 and parameters: {'model_name': 'SimpleImputer', 'strategy': 'median'}. Best is trial 6 with value: 0.15116529842579776.
[I 2024-11-12 03:20:37,920] Trial 31 finished with value: 0.15116529842579776 and parameters: {'model_name': 'SimpleImputer', 'strategy': 'median'}. Best is trial 6 with value: 0.15116529842579776.
[I 2024-11-12 03:20:38,017] Trial 32 finished with value: 0.15116529842579776 and parameters: {'model_name': 'SimpleImputer', 'strategy': 'median'}. Best is trial 6 with value: 0.15116529842579776.
[I 2024-11-12 03:20:38,164] Trial 24 finished with value: 0.15116529842579776 and parameters: {'model_name': 'SimpleImputer', 'strategy': 'median'}. Best is trial 6 with value: 0.15116529842579776.
running
running
running
[I 2024-11-12 03:20:38,195] Trial 27 finished with value: 0.15116529842579776 and parameters: {'model_name': 'SimpleImputer', 'strategy': 'median'}. Best is trial 6 with value: 0.15116529842579776.
running
[I 2024-11-12 03:20:38,504] Trial 28 finished with value: 0.15116529842579776 and parameters: {'model_name': 'SimpleImputer', 'strategy': 'median'}. Best is trial 6 with value: 0.15116529842579776.
running
running
running
[I 2024-11-12 03:20:38,687] Trial 30 finished with value: 0.15116529842579776 and parameters: {'model_name': 'SimpleImputer', 'strategy': 'median'}. Best is trial 6 with value: 0.15116529842579776.
running
[I 2024-11-12 03:20:38,849] Trial 34 finished with value: 0.15116529842579776 and parameters: {'model_name': 'SimpleImputer', 'strategy': 'median'}. Best is trial 6 with value: 0.15116529842579776.
running
[I 2024-11-12 03:20:38,973] Trial 36 finished with value: 0.15116529842579776 and parameters: {'model_name': 'SimpleImputer', 'strategy': 'median'}. Best is trial 6 with value: 0.15116529842579776.
[I 2024-11-12 03:20:39,100] Trial 43 finished with value: 0.15116529842579776 and parameters: {'model_name': 'SimpleImputer', 'strategy': 'median'}. Best is trial 6 with value: 0.15116529842579776.
running
running
[I 2024-11-12 03:20:39,313] Trial 42 finished with value: 0.15116529842579776 and parameters: {'model_name': 'SimpleImputer', 'strategy': 'median'}. Best is trial 6 with value: 0.15116529842579776.
running
[I 2024-11-12 03:20:39,458] Trial 38 finished with value: 0.15116529842579776 and parameters: {'model_name': 'SimpleImputer', 'strategy': 'median'}. Best is trial 6 with value: 0.15116529842579776.
[I 2024-11-12 03:20:39,576] Trial 44 finished with value: 0.15116529842579776 and parameters: {'model_name': 'SimpleImputer', 'strategy': 'median'}. Best is trial 6 with value: 0.15116529842579776.
[I 2024-11-12 03:20:39,669] Trial 39 finished with value: 0.15116529842579776 and parameters: {'model_name': 'SimpleImputer', 'strategy': 'median'}. Best is trial 6 with value: 0.15116529842579776.
running
[I 2024-11-12 03:20:39,782] Trial 35 finished with value: 0.15116529842579776 and parameters: {'model_name': 'SimpleImputer', 'strategy': 'median'}. Best is trial 6 with value: 0.15116529842579776.
running
running
running
[I 2024-11-12 03:20:39,952] Trial 33 finished with value: 0.15116529842579776 and parameters: {'model_name': 'SimpleImputer', 'strategy': 'median'}. Best is trial 6 with value: 0.15116529842579776.
running
[I 2024-11-12 03:20:40,069] Trial 41 finished with value: 0.15116529842579776 and parameters: {'model_name': 'SimpleImputer', 'strategy': 'median'}. Best is trial 6 with value: 0.15116529842579776.
[I 2024-11-12 03:20:40,160] Trial 37 finished with value: 0.15116529842579776 and parameters: {'model_name': 'SimpleImputer', 'strategy': 'median'}. Best is trial 6 with value: 0.15116529842579776.
running
running
[I 2024-11-12 03:20:40,313] Trial 46 finished with value: 0.15116529842579776 and parameters: {'model_name': 'SimpleImputer', 'strategy': 'median'}. Best is trial 6 with value: 0.15116529842579776.
[I 2024-11-12 03:20:40,431] Trial 53 finished with value: 0.4494389355733309 and parameters: {'model_name': 'SimpleImputer', 'strategy': 'constant'}. Best is trial 6 with value: 0.15116529842579776.
[I 2024-11-12 03:20:40,527] Trial 47 finished with value: 0.15116529842579776 and parameters: {'model_name': 'SimpleImputer', 'strategy': 'median'}. Best is trial 6 with value: 0.15116529842579776.
running
running
[I 2024-11-12 03:20:40,642] Trial 40 finished with value: 0.15116529842579776 and parameters: {'model_name': 'SimpleImputer', 'strategy': 'median'}. Best is trial 6 with value: 0.15116529842579776.
running
running
[I 2024-11-12 03:20:40,852] Trial 58 finished with value: 0.4494389355733309 and parameters: {'model_name': 'SimpleImputer', 'strategy': 'constant'}. Best is trial 6 with value: 0.15116529842579776.
[I 2024-11-12 03:20:40,958] Trial 48 finished with value: 0.15116529842579776 and parameters: {'model_name': 'SimpleImputer', 'strategy': 'median'}. Best is trial 6 with value: 0.15116529842579776.
[I 2024-11-12 03:20:41,045] Trial 61 finished with value: 0.4494389355733309 and parameters: {'model_name': 'SimpleImputer', 'strategy': 'constant'}. Best is trial 6 with value: 0.15116529842579776.
[I 2024-11-12 03:20:41,137] Trial 59 finished with value: 0.4494389355733309 and parameters: {'model_name': 'SimpleImputer', 'strategy': 'constant'}. Best is trial 6 with value: 0.15116529842579776.
running
[I 2024-11-12 03:20:41,261] Trial 45 finished with value: 0.15116529842579776 and parameters: {'model_name': 'SimpleImputer', 'strategy': 'median'}. Best is trial 6 with value: 0.15116529842579776.
running
running
running
running
[I 2024-11-12 03:20:41,421] Trial 60 finished with value: 0.4494389355733309 and parameters: {'model_name': 'SimpleImputer', 'strategy': 'constant'}. Best is trial 6 with value: 0.15116529842579776.
running
[I 2024-11-12 03:20:41,559] Trial 51 finished with value: 0.15116529842579776 and parameters: {'model_name': 'SimpleImputer', 'strategy': 'median'}. Best is trial 6 with value: 0.15116529842579776.
running
[I 2024-11-12 03:20:41,675] Trial 50 finished with value: 0.15116529842579776 and parameters: {'model_name': 'SimpleImputer', 'strategy': 'median'}. Best is trial 6 with value: 0.15116529842579776.
[I 2024-11-12 03:20:41,770] Trial 52 finished with value: 0.15116529842579776 and parameters: {'model_name': 'SimpleImputer', 'strategy': 'median'}. Best is trial 6 with value: 0.15116529842579776.
[I 2024-11-12 03:20:41,853] Trial 49 finished with value: 0.15116529842579776 and parameters: {'model_name': 'SimpleImputer', 'strategy': 'median'}. Best is trial 6 with value: 0.15116529842579776.
[I 2024-11-12 03:20:41,942] Trial 56 finished with value: 0.15116529842579776 and parameters: {'model_name': 'SimpleImputer', 'strategy': 'median'}. Best is trial 6 with value: 0.15116529842579776.
running
[I 2024-11-12 03:20:42,036] Trial 63 finished with value: 0.4494389355733309 and parameters: {'model_name': 'SimpleImputer', 'strategy': 'constant'}. Best is trial 6 with value: 0.15116529842579776.
running
running
running
[I 2024-11-12 03:20:42,199] Trial 62 finished with value: 0.4494389355733309 and parameters: {'model_name': 'SimpleImputer', 'strategy': 'constant'}. Best is trial 6 with value: 0.15116529842579776.
[I 2024-11-12 03:20:42,320] Trial 57 finished with value: 0.15116529842579776 and parameters: {'model_name': 'SimpleImputer', 'strategy': 'median'}. Best is trial 6 with value: 0.15116529842579776.
running
running
[I 2024-11-12 03:20:42,455] Trial 55 finished with value: 0.15116529842579776 and parameters: {'model_name': 'SimpleImputer', 'strategy': 'median'}. Best is trial 6 with value: 0.15116529842579776.
running
running
[I 2024-11-12 03:20:42,759] Trial 73 finished with value: 0.1513199909104538 and parameters: {'model_name': 'SimpleImputer', 'strategy': 'mean'}. Best is trial 6 with value: 0.15116529842579776.
running
[I 2024-11-12 03:20:42,885] Trial 54 finished with value: 0.15116529842579776 and parameters: {'model_name': 'SimpleImputer', 'strategy': 'median'}. Best is trial 6 with value: 0.15116529842579776.
running
[I 2024-11-12 03:20:43,026] Trial 66 finished with value: 0.15116529842579776 and parameters: {'model_name': 'SimpleImputer', 'strategy': 'median'}. Best is trial 6 with value: 0.15116529842579776.
running
[I 2024-11-12 03:20:43,165] Trial 68 finished with value: 0.15116529842579776 and parameters: {'model_name': 'SimpleImputer', 'strategy': 'median'}. Best is trial 6 with value: 0.15116529842579776.
[I 2024-11-12 03:20:43,291] Trial 65 finished with value: 0.15116529842579776 and parameters: {'model_name': 'SimpleImputer', 'strategy': 'median'}. Best is trial 6 with value: 0.15116529842579776.
running
[I 2024-11-12 03:20:43,412] Trial 67 finished with value: 0.15116529842579776 and parameters: {'model_name': 'SimpleImputer', 'strategy': 'median'}. Best is trial 6 with value: 0.15116529842579776.
running
[I 2024-11-12 03:20:43,570] Trial 64 finished with value: 0.15116529842579776 and parameters: {'model_name': 'SimpleImputer', 'strategy': 'median'}. Best is trial 6 with value: 0.15116529842579776.
running
running
[I 2024-11-12 03:20:43,804] Trial 70 finished with value: 0.18014736168978251 and parameters: {'model_name': 'SimpleImputer', 'strategy': 'most_frequent'}. Best is trial 6 with value: 0.15116529842579776.
running
[I 2024-11-12 03:20:43,926] Trial 69 finished with value: 0.18014736168978251 and parameters: {'model_name': 'SimpleImputer', 'strategy': 'most_frequent'}. Best is trial 6 with value: 0.15116529842579776.
running
[I 2024-11-12 03:20:44,113] Trial 72 finished with value: 0.18014736168978251 and parameters: {'model_name': 'SimpleImputer', 'strategy': 'most_frequent'}. Best is trial 6 with value: 0.15116529842579776.
[I 2024-11-12 03:20:44,206] Trial 71 finished with value: 0.18014736168978251 and parameters: {'model_name': 'SimpleImputer', 'strategy': 'most_frequent'}. Best is trial 6 with value: 0.15116529842579776.
[I 2024-11-12 03:20:44,309] Trial 77 finished with value: 0.18014736168978251 and parameters: {'model_name': 'SimpleImputer', 'strategy': 'most_frequent'}. Best is trial 6 with value: 0.15116529842579776.
[I 2024-11-12 03:20:44,396] Trial 74 finished with value: 0.18014736168978251 and parameters: {'model_name': 'SimpleImputer', 'strategy': 'most_frequent'}. Best is trial 6 with value: 0.15116529842579776.
running
running
running
running
[I 2024-11-12 03:20:44,520] Trial 75 finished with value: 0.18014736168978251 and parameters: {'model_name': 'SimpleImputer', 'strategy': 'most_frequent'}. Best is trial 6 with value: 0.15116529842579776.
running
[I 2024-11-12 03:20:44,744] Trial 78 finished with value: 0.18014736168978251 and parameters: {'model_name': 'SimpleImputer', 'strategy': 'most_frequent'}. Best is trial 6 with value: 0.15116529842579776.
running
[I 2024-11-12 03:20:44,925] Trial 76 finished with value: 0.18014736168978251 and parameters: {'model_name': 'SimpleImputer', 'strategy': 'most_frequent'}. Best is trial 6 with value: 0.15116529842579776.
[I 2024-11-12 03:20:45,027] Trial 81 finished with value: 0.18014736168978251 and parameters: {'model_name': 'SimpleImputer', 'strategy': 'most_frequent'}. Best is trial 6 with value: 0.15116529842579776.
[I 2024-11-12 03:20:45,140] Trial 80 finished with value: 0.18014736168978251 and parameters: {'model_name': 'SimpleImputer', 'strategy': 'most_frequent'}. Best is trial 6 with value: 0.15116529842579776.
running
[I 2024-11-12 03:20:45,252] Trial 87 finished with value: 0.1513199909104538 and parameters: {'model_name': 'SimpleImputer', 'strategy': 'mean'}. Best is trial 6 with value: 0.15116529842579776.
running
running
[I 2024-11-12 03:20:45,376] Trial 79 finished with value: 0.18014736168978251 and parameters: {'model_name': 'SimpleImputer', 'strategy': 'most_frequent'}. Best is trial 6 with value: 0.15116529842579776.
[I 2024-11-12 03:20:45,486] Trial 91 finished with value: 0.1513199909104538 and parameters: {'model_name': 'SimpleImputer', 'strategy': 'mean'}. Best is trial 6 with value: 0.15116529842579776.
running
running
running
[I 2024-11-12 03:20:45,666] Trial 90 finished with value: 0.1513199909104538 and parameters: {'model_name': 'SimpleImputer', 'strategy': 'mean'}. Best is trial 6 with value: 0.15116529842579776.
[I 2024-11-12 03:20:45,779] Trial 89 finished with value: 0.1513199909104538 and parameters: {'model_name': 'SimpleImputer', 'strategy': 'mean'}. Best is trial 6 with value: 0.15116529842579776.
[I 2024-11-12 03:20:45,869] Trial 93 finished with value: 0.1513199909104538 and parameters: {'model_name': 'SimpleImputer', 'strategy': 'mean'}. Best is trial 6 with value: 0.15116529842579776.
[I 2024-11-12 03:20:45,954] Trial 84 finished with value: 0.18014736168978251 and parameters: {'model_name': 'SimpleImputer', 'strategy': 'most_frequent'}. Best is trial 6 with value: 0.15116529842579776.
running
running
[I 2024-11-12 03:20:46,087] Trial 86 finished with value: 0.18014736168978251 and parameters: {'model_name': 'SimpleImputer', 'strategy': 'most_frequent'}. Best is trial 6 with value: 0.15116529842579776.
running
running
running
[I 2024-11-12 03:20:46,223] Trial 85 finished with value: 0.18014736168978251 and parameters: {'model_name': 'SimpleImputer', 'strategy': 'most_frequent'}. Best is trial 6 with value: 0.15116529842579776.
[I 2024-11-12 03:20:46,319] Trial 82 finished with value: 0.18014736168978251 and parameters: {'model_name': 'SimpleImputer', 'strategy': 'most_frequent'}. Best is trial 6 with value: 0.15116529842579776.
running
[I 2024-11-12 03:20:46,406] Trial 92 finished with value: 0.1513199909104538 and parameters: {'model_name': 'SimpleImputer', 'strategy': 'mean'}. Best is trial 6 with value: 0.15116529842579776.
running
running
[I 2024-11-12 03:20:46,530] Trial 83 finished with value: 0.18014736168978251 and parameters: {'model_name': 'SimpleImputer', 'strategy': 'most_frequent'}. Best is trial 6 with value: 0.15116529842579776.
running
[I 2024-11-12 03:20:46,668] Trial 88 finished with value: 0.1513199909104538 and parameters: {'model_name': 'SimpleImputer', 'strategy': 'mean'}. Best is trial 6 with value: 0.15116529842579776.
running
[I 2024-11-12 03:20:46,933] Trial 96 finished with value: 0.15116529842579776 and parameters: {'model_name': 'SimpleImputer', 'strategy': 'median'}. Best is trial 6 with value: 0.15116529842579776.
running
[I 2024-11-12 03:20:47,075] Trial 95 finished with value: 0.15116529842579776 and parameters: {'model_name': 'SimpleImputer', 'strategy': 'median'}. Best is trial 6 with value: 0.15116529842579776.
[I 2024-11-12 03:20:47,165] Trial 99 finished with value: 0.15116529842579776 and parameters: {'model_name': 'SimpleImputer', 'strategy': 'median'}. Best is trial 6 with value: 0.15116529842579776.
[I 2024-11-12 03:20:47,249] Trial 94 finished with value: 0.15116529842579776 and parameters: {'model_name': 'SimpleImputer', 'strategy': 'median'}. Best is trial 6 with value: 0.15116529842579776.
[I 2024-11-12 03:20:47,380] Trial 101 finished with value: 0.15116529842579776 and parameters: {'model_name': 'SimpleImputer', 'strategy': 'median'}. Best is trial 6 with value: 0.15116529842579776.
[I 2024-11-12 03:20:47,467] Trial 105 finished with value: 0.15116529842579776 and parameters: {'model_name': 'SimpleImputer', 'strategy': 'median'}. Best is trial 6 with value: 0.15116529842579776.
running
running
running
running
running
[I 2024-11-12 03:20:47,610] Trial 102 finished with value: 0.15116529842579776 and parameters: {'model_name': 'SimpleImputer', 'strategy': 'median'}. Best is trial 6 with value: 0.15116529842579776.
running
[I 2024-11-12 03:20:47,714] Trial 103 finished with value: 0.15116529842579776 and parameters: {'model_name': 'SimpleImputer', 'strategy': 'median'}. Best is trial 6 with value: 0.15116529842579776.
running
[I 2024-11-12 03:20:47,822] Trial 100 finished with value: 0.15116529842579776 and parameters: {'model_name': 'SimpleImputer', 'strategy': 'median'}. Best is trial 6 with value: 0.15116529842579776.
[I 2024-11-12 03:20:47,918] Trial 97 finished with value: 0.15116529842579776 and parameters: {'model_name': 'SimpleImputer', 'strategy': 'median'}. Best is trial 6 with value: 0.15116529842579776.
[I 2024-11-12 03:20:48,024] Trial 106 finished with value: 0.15116529842579776 and parameters: {'model_name': 'SimpleImputer', 'strategy': 'median'}. Best is trial 6 with value: 0.15116529842579776.
[I 2024-11-12 03:20:48,110] Trial 109 finished with value: 0.15116529842579776 and parameters: {'model_name': 'SimpleImputer', 'strategy': 'median'}. Best is trial 6 with value: 0.15116529842579776.
running
running
running
[I 2024-11-12 03:20:48,226] Trial 98 finished with value: 0.15116529842579776 and parameters: {'model_name': 'SimpleImputer', 'strategy': 'median'}. Best is trial 6 with value: 0.15116529842579776.
[I 2024-11-12 03:20:48,321] Trial 104 finished with value: 0.15116529842579776 and parameters: {'model_name': 'SimpleImputer', 'strategy': 'median'}. Best is trial 6 with value: 0.15116529842579776.
running
running
running
[I 2024-11-12 03:20:48,544] Trial 107 finished with value: 0.15116529842579776 and parameters: {'model_name': 'SimpleImputer', 'strategy': 'median'}. Best is trial 6 with value: 0.15116529842579776.
running
[I 2024-11-12 03:20:48,734] Trial 108 finished with value: 0.15116529842579776 and parameters: {'model_name': 'SimpleImputer', 'strategy': 'median'}. Best is trial 6 with value: 0.15116529842579776.
running
[I 2024-11-12 03:20:48,881] Trial 114 finished with value: 0.15116529842579776 and parameters: {'model_name': 'SimpleImputer', 'strategy': 'median'}. Best is trial 6 with value: 0.15116529842579776.
running
[I 2024-11-12 03:20:49,041] Trial 115 finished with value: 0.15116529842579776 and parameters: {'model_name': 'SimpleImputer', 'strategy': 'median'}. Best is trial 6 with value: 0.15116529842579776.
[I 2024-11-12 03:20:49,136] Trial 113 finished with value: 0.15116529842579776 and parameters: {'model_name': 'SimpleImputer', 'strategy': 'median'}. Best is trial 6 with value: 0.15116529842579776.
[I 2024-11-12 03:20:49,221] Trial 111 finished with value: 0.15116529842579776 and parameters: {'model_name': 'SimpleImputer', 'strategy': 'median'}. Best is trial 6 with value: 0.15116529842579776.
running
running
[I 2024-11-12 03:20:49,397] Trial 110 finished with value: 0.15116529842579776 and parameters: {'model_name': 'SimpleImputer', 'strategy': 'median'}. Best is trial 6 with value: 0.15116529842579776.
[I 2024-11-12 03:20:49,499] Trial 112 finished with value: 0.15116529842579776 and parameters: {'model_name': 'SimpleImputer', 'strategy': 'median'}. Best is trial 6 with value: 0.15116529842579776.
[I 2024-11-12 03:20:49,631] Trial 119 finished with value: 0.15116529842579776 and parameters: {'model_name': 'SimpleImputer', 'strategy': 'median'}. Best is trial 6 with value: 0.15116529842579776.
running
running
running
[I 2024-11-12 03:20:49,763] Trial 121 finished with value: 0.15116529842579776 and parameters: {'model_name': 'SimpleImputer', 'strategy': 'median'}. Best is trial 6 with value: 0.15116529842579776.
[I 2024-11-12 03:20:49,853] Trial 116 finished with value: 0.15116529842579776 and parameters: {'model_name': 'SimpleImputer', 'strategy': 'median'}. Best is trial 6 with value: 0.15116529842579776.
running
[I 2024-11-12 03:20:49,946] Trial 117 finished with value: 0.15116529842579776 and parameters: {'model_name': 'SimpleImputer', 'strategy': 'median'}. Best is trial 6 with value: 0.15116529842579776.
[I 2024-11-12 03:20:50,063] Trial 120 finished with value: 0.15116529842579776 and parameters: {'model_name': 'SimpleImputer', 'strategy': 'median'}. Best is trial 6 with value: 0.15116529842579776.
running
running
[I 2024-11-12 03:20:50,159] Trial 123 finished with value: 0.15116529842579776 and parameters: {'model_name': 'SimpleImputer', 'strategy': 'median'}. Best is trial 6 with value: 0.15116529842579776.
running
running
running
[I 2024-11-12 03:20:50,302] Trial 124 finished with value: 0.15116529842579776 and parameters: {'model_name': 'SimpleImputer', 'strategy': 'median'}. Best is trial 6 with value: 0.15116529842579776.
[I 2024-11-12 03:20:50,414] Trial 118 finished with value: 0.15116529842579776 and parameters: {'model_name': 'SimpleImputer', 'strategy': 'median'}. Best is trial 6 with value: 0.15116529842579776.
[I 2024-11-12 03:20:50,512] Trial 122 finished with value: 0.15116529842579776 and parameters: {'model_name': 'SimpleImputer', 'strategy': 'median'}. Best is trial 6 with value: 0.15116529842579776.
running
running
running
[I 2024-11-12 03:20:50,730] Trial 128 finished with value: 0.15116529842579776 and parameters: {'model_name': 'SimpleImputer', 'strategy': 'median'}. Best is trial 6 with value: 0.15116529842579776.
running
[I 2024-11-12 03:20:50,934] Trial 127 finished with value: 0.15116529842579776 and parameters: {'model_name': 'SimpleImputer', 'strategy': 'median'}. Best is trial 6 with value: 0.15116529842579776.
[I 2024-11-12 03:20:51,060] Trial 125 finished with value: 0.15116529842579776 and parameters: {'model_name': 'SimpleImputer', 'strategy': 'median'}. Best is trial 6 with value: 0.15116529842579776.
running
[I 2024-11-12 03:20:51,152] Trial 126 finished with value: 0.15116529842579776 and parameters: {'model_name': 'SimpleImputer', 'strategy': 'median'}. Best is trial 6 with value: 0.15116529842579776.
running
running
[I 2024-11-12 03:20:51,362] Trial 132 finished with value: 0.15116529842579776 and parameters: {'model_name': 'SimpleImputer', 'strategy': 'median'}. Best is trial 6 with value: 0.15116529842579776.
running
[I 2024-11-12 03:20:51,507] Trial 130 finished with value: 0.15116529842579776 and parameters: {'model_name': 'SimpleImputer', 'strategy': 'median'}. Best is trial 6 with value: 0.15116529842579776.
[I 2024-11-12 03:20:51,609] Trial 129 finished with value: 0.15116529842579776 and parameters: {'model_name': 'SimpleImputer', 'strategy': 'median'}. Best is trial 6 with value: 0.15116529842579776.
[I 2024-11-12 03:20:51,696] Trial 137 finished with value: 0.15116529842579776 and parameters: {'model_name': 'SimpleImputer', 'strategy': 'median'}. Best is trial 6 with value: 0.15116529842579776.
running
[I 2024-11-12 03:20:51,806] Trial 134 finished with value: 0.15116529842579776 and parameters: {'model_name': 'SimpleImputer', 'strategy': 'median'}. Best is trial 6 with value: 0.15116529842579776.
running
[I 2024-11-12 03:20:51,896] Trial 131 finished with value: 0.15116529842579776 and parameters: {'model_name': 'SimpleImputer', 'strategy': 'median'}. Best is trial 6 with value: 0.15116529842579776.
[I 2024-11-12 03:20:52,000] Trial 138 finished with value: 0.15116529842579776 and parameters: {'model_name': 'SimpleImputer', 'strategy': 'median'}. Best is trial 6 with value: 0.15116529842579776.
[I 2024-11-12 03:20:52,092] Trial 133 finished with value: 0.15116529842579776 and parameters: {'model_name': 'SimpleImputer', 'strategy': 'median'}. Best is trial 6 with value: 0.15116529842579776.
running
running
running
[I 2024-11-12 03:20:52,207] Trial 135 finished with value: 0.15116529842579776 and parameters: {'model_name': 'SimpleImputer', 'strategy': 'median'}. Best is trial 6 with value: 0.15116529842579776.
running
running
running
[I 2024-11-12 03:20:52,422] Trial 139 finished with value: 0.15116529842579776 and parameters: {'model_name': 'SimpleImputer', 'strategy': 'median'}. Best is trial 6 with value: 0.15116529842579776.
[I 2024-11-12 03:20:52,525] Trial 141 finished with value: 0.15116529842579776 and parameters: {'model_name': 'SimpleImputer', 'strategy': 'median'}. Best is trial 6 with value: 0.15116529842579776.
running
running
[I 2024-11-12 03:20:52,526] Trial 143 finished with value: 0.15116529842579776 and parameters: {'model_name': 'SimpleImputer', 'strategy': 'median'}. Best is trial 6 with value: 0.15116529842579776.
running
[I 2024-11-12 03:20:52,547] Trial 136 finished with value: 0.15116529842579776 and parameters: {'model_name': 'SimpleImputer', 'strategy': 'median'}. Best is trial 6 with value: 0.15116529842579776.
[I 2024-11-12 03:20:52,639] Trial 145 finished with value: 0.15116529842579776 and parameters: {'model_name': 'SimpleImputer', 'strategy': 'median'}. Best is trial 6 with value: 0.15116529842579776.
running
running
[I 2024-11-12 03:20:52,963] Trial 144 finished with value: 0.15116529842579776 and parameters: {'model_name': 'SimpleImputer', 'strategy': 'median'}. Best is trial 6 with value: 0.15116529842579776.
running
[I 2024-11-12 03:20:53,189] Trial 142 finished with value: 0.15116529842579776 and parameters: {'model_name': 'SimpleImputer', 'strategy': 'median'}. Best is trial 6 with value: 0.15116529842579776.
running
[I 2024-11-12 03:20:53,401] Trial 140 finished with value: 0.15116529842579776 and parameters: {'model_name': 'SimpleImputer', 'strategy': 'median'}. Best is trial 6 with value: 0.15116529842579776.
[I 2024-11-12 03:20:53,504] Trial 147 finished with value: 0.15116529842579776 and parameters: {'model_name': 'SimpleImputer', 'strategy': 'median'}. Best is trial 6 with value: 0.15116529842579776.
running
running
[I 2024-11-12 03:20:53,607] Trial 157 finished with value: 0.4494389355733309 and parameters: {'model_name': 'SimpleImputer', 'strategy': 'constant'}. Best is trial 6 with value: 0.15116529842579776.
running
[I 2024-11-12 03:20:53,734] Trial 160 finished with value: 0.4494389355733309 and parameters: {'model_name': 'SimpleImputer', 'strategy': 'constant'}. Best is trial 6 with value: 0.15116529842579776.
running
[I 2024-11-12 03:20:53,857] Trial 155 finished with value: 0.4494389355733309 and parameters: {'model_name': 'SimpleImputer', 'strategy': 'constant'}. Best is trial 6 with value: 0.15116529842579776.
[I 2024-11-12 03:20:53,860] Trial 156 finished with value: 0.4494389355733309 and parameters: {'model_name': 'SimpleImputer', 'strategy': 'constant'}. Best is trial 6 with value: 0.15116529842579776.
running
running
[I 2024-11-12 03:20:54,105] Trial 150 finished with value: 0.15116529842579776 and parameters: {'model_name': 'SimpleImputer', 'strategy': 'median'}. Best is trial 6 with value: 0.15116529842579776.
[I 2024-11-12 03:20:54,203] Trial 151 finished with value: 0.15116529842579776 and parameters: {'model_name': 'SimpleImputer', 'strategy': 'median'}. Best is trial 6 with value: 0.15116529842579776.
[I 2024-11-12 03:20:54,301] Trial 159 finished with value: 0.15116529842579776 and parameters: {'model_name': 'SimpleImputer', 'strategy': 'median'}. Best is trial 6 with value: 0.15116529842579776.
running
running
[I 2024-11-12 03:20:54,397] Trial 146 finished with value: 0.15116529842579776 and parameters: {'model_name': 'SimpleImputer', 'strategy': 'median'}. Best is trial 6 with value: 0.15116529842579776.
[I 2024-11-12 03:20:54,485] Trial 149 finished with value: 0.15116529842579776 and parameters: {'model_name': 'SimpleImputer', 'strategy': 'median'}. Best is trial 6 with value: 0.15116529842579776.
running
running
[I 2024-11-12 03:20:54,590] Trial 153 finished with value: 0.15116529842579776 and parameters: {'model_name': 'SimpleImputer', 'strategy': 'median'}. Best is trial 6 with value: 0.15116529842579776.
running
[I 2024-11-12 03:20:54,599] Trial 162 finished with value: 0.4494389355733309 and parameters: {'model_name': 'SimpleImputer', 'strategy': 'constant'}. Best is trial 6 with value: 0.15116529842579776.
running
[I 2024-11-12 03:20:54,820] Trial 148 finished with value: 0.15116529842579776 and parameters: {'model_name': 'SimpleImputer', 'strategy': 'median'}. Best is trial 6 with value: 0.15116529842579776.
[I 2024-11-12 03:20:54,914] Trial 152 finished with value: 0.15116529842579776 and parameters: {'model_name': 'SimpleImputer', 'strategy': 'median'}. Best is trial 6 with value: 0.15116529842579776.
running
running
running
[I 2024-11-12 03:20:55,110] Trial 161 finished with value: 0.4494389355733309 and parameters: {'model_name': 'SimpleImputer', 'strategy': 'constant'}. Best is trial 6 with value: 0.15116529842579776.
running
[I 2024-11-12 03:20:55,256] Trial 164 finished with value: 0.15116529842579776 and parameters: {'model_name': 'SimpleImputer', 'strategy': 'median'}. Best is trial 6 with value: 0.15116529842579776.
running
[I 2024-11-12 03:20:55,468] Trial 154 finished with value: 0.15116529842579776 and parameters: {'model_name': 'SimpleImputer', 'strategy': 'median'}. Best is trial 6 with value: 0.15116529842579776.
running
[I 2024-11-12 03:20:55,650] Trial 163 finished with value: 0.15116529842579776 and parameters: {'model_name': 'SimpleImputer', 'strategy': 'median'}. Best is trial 6 with value: 0.15116529842579776.
[I 2024-11-12 03:20:55,816] Trial 158 finished with value: 0.15116529842579776 and parameters: {'model_name': 'SimpleImputer', 'strategy': 'median'}. Best is trial 6 with value: 0.15116529842579776.
running
running
[I 2024-11-12 03:20:55,962] Trial 175 finished with value: 0.15116529842579776 and parameters: {'model_name': 'SimpleImputer', 'strategy': 'median'}. Best is trial 6 with value: 0.15116529842579776.
running
[I 2024-11-12 03:20:56,155] Trial 168 finished with value: 0.15116529842579776 and parameters: {'model_name': 'SimpleImputer', 'strategy': 'median'}. Best is trial 6 with value: 0.15116529842579776.
running
[I 2024-11-12 03:20:56,313] Trial 174 finished with value: 0.15116529842579776 and parameters: {'model_name': 'SimpleImputer', 'strategy': 'median'}. Best is trial 6 with value: 0.15116529842579776.
[I 2024-11-12 03:20:56,442] Trial 173 finished with value: 0.15116529842579776 and parameters: {'model_name': 'SimpleImputer', 'strategy': 'median'}. Best is trial 6 with value: 0.15116529842579776.
[I 2024-11-12 03:20:56,620] Trial 166 finished with value: 0.15116529842579776 and parameters: {'model_name': 'SimpleImputer', 'strategy': 'median'}. Best is trial 6 with value: 0.15116529842579776.
running
[I 2024-11-12 03:20:56,757] Trial 169 finished with value: 0.15116529842579776 and parameters: {'model_name': 'SimpleImputer', 'strategy': 'median'}. Best is trial 6 with value: 0.15116529842579776.
running
[I 2024-11-12 03:20:56,929] Trial 167 finished with value: 0.15116529842579776 and parameters: {'model_name': 'SimpleImputer', 'strategy': 'median'}. Best is trial 6 with value: 0.15116529842579776.
[I 2024-11-12 03:20:57,069] Trial 165 finished with value: 0.15116529842579776 and parameters: {'model_name': 'SimpleImputer', 'strategy': 'median'}. Best is trial 6 with value: 0.15116529842579776.
[I 2024-11-12 03:20:57,180] Trial 172 finished with value: 0.15116529842579776 and parameters: {'model_name': 'SimpleImputer', 'strategy': 'median'}. Best is trial 6 with value: 0.15116529842579776.
[I 2024-11-12 03:20:57,278] Trial 171 finished with value: 0.15116529842579776 and parameters: {'model_name': 'SimpleImputer', 'strategy': 'median'}. Best is trial 6 with value: 0.15116529842579776.
running
running
[I 2024-11-12 03:20:57,415] Trial 176 finished with value: 0.15116529842579776 and parameters: {'model_name': 'SimpleImputer', 'strategy': 'median'}. Best is trial 6 with value: 0.15116529842579776.
[I 2024-11-12 03:20:57,513] Trial 170 finished with value: 0.15116529842579776 and parameters: {'model_name': 'SimpleImputer', 'strategy': 'median'}. Best is trial 6 with value: 0.15116529842579776.
[I 2024-11-12 03:20:57,616] Trial 178 finished with value: 0.15116529842579776 and parameters: {'model_name': 'SimpleImputer', 'strategy': 'median'}. Best is trial 6 with value: 0.15116529842579776.
running
running
[I 2024-11-12 03:20:57,739] Trial 177 finished with value: 0.15116529842579776 and parameters: {'model_name': 'SimpleImputer', 'strategy': 'median'}. Best is trial 6 with value: 0.15116529842579776.
[I 2024-11-12 03:20:57,879] Trial 180 finished with value: 0.15116529842579776 and parameters: {'model_name': 'SimpleImputer', 'strategy': 'median'}. Best is trial 6 with value: 0.15116529842579776.
running
running
running
running
running
[I 2024-11-12 03:20:58,030] Trial 179 finished with value: 0.15116529842579776 and parameters: {'model_name': 'SimpleImputer', 'strategy': 'median'}. Best is trial 6 with value: 0.15116529842579776.
running
running
[I 2024-11-12 03:20:58,231] Trial 181 finished with value: 0.15116529842579776 and parameters: {'model_name': 'SimpleImputer', 'strategy': 'median'}. Best is trial 6 with value: 0.15116529842579776.
running
[I 2024-11-12 03:20:58,359] Trial 184 finished with value: 0.15116529842579776 and parameters: {'model_name': 'SimpleImputer', 'strategy': 'median'}. Best is trial 6 with value: 0.15116529842579776.
running
running
[I 2024-11-12 03:20:58,768] Trial 183 finished with value: 0.15116529842579776 and parameters: {'model_name': 'SimpleImputer', 'strategy': 'median'}. Best is trial 6 with value: 0.15116529842579776.
running
[I 2024-11-12 03:20:59,002] Trial 182 finished with value: 0.15116529842579776 and parameters: {'model_name': 'SimpleImputer', 'strategy': 'median'}. Best is trial 6 with value: 0.15116529842579776.
[I 2024-11-12 03:20:59,144] Trial 198 finished with value: 0.15116529842579776 and parameters: {'model_name': 'SimpleImputer', 'strategy': 'median'}. Best is trial 6 with value: 0.15116529842579776.
[I 2024-11-12 03:20:59,260] Trial 192 finished with value: 0.15116529842579776 and parameters: {'model_name': 'SimpleImputer', 'strategy': 'median'}. Best is trial 6 with value: 0.15116529842579776.
[I 2024-11-12 03:20:59,387] Trial 187 finished with value: 0.15116529842579776 and parameters: {'model_name': 'SimpleImputer', 'strategy': 'median'}. Best is trial 6 with value: 0.15116529842579776.
[I 2024-11-12 03:20:59,511] Trial 185 finished with value: 0.15116529842579776 and parameters: {'model_name': 'SimpleImputer', 'strategy': 'median'}. Best is trial 6 with value: 0.15116529842579776.
[I 2024-11-12 03:20:59,639] Trial 197 finished with value: 0.15116529842579776 and parameters: {'model_name': 'SimpleImputer', 'strategy': 'median'}. Best is trial 6 with value: 0.15116529842579776.
[I 2024-11-12 03:20:59,800] Trial 196 finished with value: 0.15116529842579776 and parameters: {'model_name': 'SimpleImputer', 'strategy': 'median'}. Best is trial 6 with value: 0.15116529842579776.
[I 2024-11-12 03:20:59,931] Trial 189 finished with value: 0.15116529842579776 and parameters: {'model_name': 'SimpleImputer', 'strategy': 'median'}. Best is trial 6 with value: 0.15116529842579776.
[I 2024-11-12 03:21:00,037] Trial 194 finished with value: 0.15116529842579776 and parameters: {'model_name': 'SimpleImputer', 'strategy': 'median'}. Best is trial 6 with value: 0.15116529842579776.
[I 2024-11-12 03:21:00,142] Trial 195 finished with value: 0.15116529842579776 and parameters: {'model_name': 'SimpleImputer', 'strategy': 'median'}. Best is trial 6 with value: 0.15116529842579776.
[I 2024-11-12 03:21:00,250] Trial 193 finished with value: 0.15116529842579776 and parameters: {'model_name': 'SimpleImputer', 'strategy': 'median'}. Best is trial 6 with value: 0.15116529842579776.
[I 2024-11-12 03:21:00,380] Trial 191 finished with value: 0.15116529842579776 and parameters: {'model_name': 'SimpleImputer', 'strategy': 'median'}. Best is trial 6 with value: 0.15116529842579776.
[I 2024-11-12 03:21:00,493] Trial 188 finished with value: 0.15116529842579776 and parameters: {'model_name': 'SimpleImputer', 'strategy': 'median'}. Best is trial 6 with value: 0.15116529842579776.
[I 2024-11-12 03:21:00,600] Trial 190 finished with value: 0.15116529842579776 and parameters: {'model_name': 'SimpleImputer', 'strategy': 'median'}. Best is trial 6 with value: 0.15116529842579776.
[I 2024-11-12 03:21:00,710] Trial 186 finished with value: 0.15116529842579776 and parameters: {'model_name': 'SimpleImputer', 'strategy': 'median'}. Best is trial 6 with value: 0.15116529842579776.
[I 2024-11-12 03:21:00,818] Trial 199 finished with value: 0.15116529842579776 and parameters: {'model_name': 'SimpleImputer', 'strategy': 'median'}. Best is trial 6 with value: 0.15116529842579776.
fit
simple fit
simple transform
0    0
1    0
2    0
3    0
4    0
dtype: int64
0    0
1    0
2    0
3    0
4    0
dtype: int64
0.15116529842579776
{'model_name': 'SimpleImputer', 'strategy': 'median'}
running experiment 2/3 - Does reconstruction give good automl predictions
Start est fit
Version 0.1.7a0 of tpot2 is outdated. Version 0.1.8a0 was released Tuesday September 17, 2024.
Version 0.1.7a0 of tpot2 is outdated. Version 0.1.8a0 was released Tuesday September 17, 2024.
Version 0.1.7a0 of tpot2 is outdated. Version 0.1.8a0 was released Tuesday September 17, 2024.
Version 0.1.7a0 of tpot2 is outdated. Version 0.1.8a0 was released Tuesday September 17, 2024.
Version 0.1.7a0 of tpot2 is outdated. Version 0.1.8a0 was released Tuesday September 17, 2024.
Version 0.1.7a0 of tpot2 is outdated. Version 0.1.8a0 was released Tuesday September 17, 2024.
Version 0.1.7a0 of tpot2 is outdated. Version 0.1.8a0 was released Tuesday September 17, 2024.
Version 0.1.7a0 of tpot2 is outdated. Version 0.1.8a0 was released Tuesday September 17, 2024.
Version 0.1.7a0 of tpot2 is outdated. Version 0.1.8a0 was released Tuesday September 17, 2024.
Version 0.1.7a0 of tpot2 is outdated. Version 0.1.8a0 was released Tuesday September 17, 2024.
Version 0.1.7a0 of tpot2 is outdated. Version 0.1.8a0 was released Tuesday September 17, 2024.
Version 0.1.7a0 of tpot2 is outdated. Version 0.1.8a0 was released Tuesday September 17, 2024.
Version 0.1.7a0 of tpot2 is outdated. Version 0.1.8a0 was released Tuesday September 17, 2024.
Version 0.1.7a0 of tpot2 is outdated. Version 0.1.8a0 was released Tuesday September 17, 2024.
Version 0.1.7a0 of tpot2 is outdated. Version 0.1.8a0 was released Tuesday September 17, 2024.
Version 0.1.7a0 of tpot2 is outdated. Version 0.1.8a0 was released Tuesday September 17, 2024.
  0%|          | 0/25 [00:00<?, ?it/s]Generation:   0%|          | 0/25 [00:00<?, ?it/s]Generation:  1
Best f1_score score: 0.8584017568210468
Generation:   4%|▍         | 1/25 [00:06<02:39,  6.66s/it]Generation:  2
Best f1_score score: 0.8584017568210468
Generation:   8%|▊         | 2/25 [00:16<03:18,  8.64s/it]Generation:  3
Best f1_score score: 0.8584017568210468
Generation:  12%|█▏        | 3/25 [00:25<03:07,  8.53s/it]Generation:  4
Best f1_score score: 0.8584017568210468
Generation:  16%|█▌        | 4/25 [00:37<03:29,  9.98s/it]Generation:  5
Best f1_score score: 0.8586543328379392
Generation:  20%|██        | 5/25 [00:44<02:59,  9.00s/it]Generation:  6
Best f1_score score: 0.8586543328379392
Generation:  24%|██▍       | 6/25 [00:56<03:08,  9.94s/it]Generation:  7
Best f1_score score: 0.8586543328379392
Generation:  28%|██▊       | 7/25 [02:44<12:34, 41.92s/it]Generation:  8
Best f1_score score: 0.8678444897201398
Generation:  32%|███▏      | 8/25 [02:56<09:10, 32.38s/it]Generation:  9
Best f1_score score: 0.8695658051074535
Generation:  36%|███▌      | 9/25 [04:11<12:15, 45.98s/it]Generation:  10
Best f1_score score: 0.8695658051074535
Generation:  40%|████      | 10/25 [04:22<08:47, 35.16s/it]Generation:  11
Best f1_score score: 0.8695658051074535
Generation:  44%|████▍     | 11/25 [06:07<13:08, 56.29s/it]Generation:  12
Best f1_score score: 0.8717582282168997
Generation:  48%|████▊     | 12/25 [06:20<09:24, 43.39s/it]Generation:  13
Best f1_score score: 0.8749303559878344
Generation:  52%|█████▏    | 13/25 [06:35<06:55, 34.66s/it]Generation:  14
Best f1_score score: 0.8749303559878344
Generation:  56%|█████▌    | 14/25 [07:24<07:07, 38.84s/it]Generation:  15
Best f1_score score: 0.8749303559878344
Generation:  60%|██████    | 15/25 [07:42<05:26, 32.64s/it]Generation:  16
Best f1_score score: 0.8749303559878344
Generation:  64%|██████▍   | 16/25 [08:01<04:18, 28.73s/it]Generation:  17
Best f1_score score: 0.8749303559878344
Generation:  68%|██████▊   | 17/25 [08:15<03:13, 24.23s/it]WARNING THIS INDIVIDUAL CAUSED AND EXCEPTION 
 <tpot2.search_spaces.pipelines.sequential.SequentialPipelineIndividual object at 0x15545db23250> 
 The 'min_samples_split' parameter of DecisionTreeClassifier must be an int in the range [2, inf) or a float in the range (0.0, 1.0]. Got 1 instead. 
 Traceback (most recent call last):
  File "/common/ketrong/tpotexp/tpot2/tpot2/utils/eval_utils.py", line 53, in objective_nan_wrapper
    value = func_timeout.func_timeout(timeout, objective_function, args=[individual], kwargs=objective_kwargs)
  File "/common/ketrong/tpotexp/env/lib/python3.10/site-packages/func_timeout/dafunc.py", line 108, in func_timeout
    raise_exception(exception)
  File "/common/ketrong/tpotexp/env/lib/python3.10/site-packages/func_timeout/py3_raise.py", line 7, in raise_exception
    raise exception[0] from None
  File "/common/ketrong/tpotexp/tpot2/tpot2/tpot_estimator/estimator.py", line 623, in objective_function
    return objective_function_generator(
  File "/common/ketrong/tpotexp/tpot2/tpot2/tpot_estimator/estimator_utils.py", line 55, in objective_function_generator
    cv_obj_scores = cross_val_score_objective(sklearn.base.clone(pipeline),x,y,scorers=scorers, cv=cv , fold=step)
  File "/common/ketrong/tpotexp/tpot2/tpot2/tpot_estimator/cross_val_utils.py", line 28, in cross_val_score_objective
    this_fold_pipeline.fit(X_train,y_train)
  File "/common/ketrong/tpotexp/env/lib/python3.10/site-packages/sklearn/base.py", line 1473, in wrapper
    return fit_method(estimator, *args, **kwargs)
  File "/common/ketrong/tpotexp/env/lib/python3.10/site-packages/sklearn/pipeline.py", line 473, in fit
    self._final_estimator.fit(Xt, y, **last_step_params["fit"])
  File "/common/ketrong/tpotexp/env/lib/python3.10/site-packages/sklearn/base.py", line 1466, in wrapper
    estimator._validate_params()
  File "/common/ketrong/tpotexp/env/lib/python3.10/site-packages/sklearn/base.py", line 666, in _validate_params
    validate_parameter_constraints(
  File "/common/ketrong/tpotexp/env/lib/python3.10/site-packages/sklearn/utils/_param_validation.py", line 95, in validate_parameter_constraints
    raise InvalidParameterError(
sklearn.utils._param_validation.InvalidParameterError: The 'min_samples_split' parameter of DecisionTreeClassifier must be an int in the range [2, inf) or a float in the range (0.0, 1.0]. Got 1 instead.

Generation:  18
Best f1_score score: 0.8749303559878344
Generation:  72%|███████▏  | 18/25 [08:29<02:28, 21.25s/it]Generation:  19
Best f1_score score: 0.8749303559878344
Generation:  76%|███████▌  | 19/25 [08:52<02:09, 21.51s/it]Generation:  20
Best f1_score score: 0.8749303559878344
Generation:  80%|████████  | 20/25 [09:11<01:44, 20.88s/it]Generation:  21
Best f1_score score: 0.8749303559878344
Generation:  84%|████████▍ | 21/25 [10:06<02:04, 31.02s/it]Generation:  22
Best f1_score score: 0.8749303559878344
Generation:  88%|████████▊ | 22/25 [10:24<01:21, 27.20s/it]Generation:  23
Best f1_score score: 0.8749303559878344
Generation:  92%|█████████▏| 23/25 [10:47<00:51, 25.88s/it]Generation:  24
Best f1_score score: 0.8749303559878344
Generation:  96%|█████████▌| 24/25 [11:06<00:23, 23.96s/it]Generation:  25
Best f1_score score: 0.8752440101002457
Generation: 100%|██████████| 25/25 [11:40<00:00, 26.77s/it]Generation: 100%|██████████| 25/25 [11:46<00:00, 28.27s/it]
2024-11-12 03:32:54,807 - distributed.scheduler - ERROR - Removing worker 'tcp://127.0.0.1:33553' caused the cluster to lose scattered data, which can't be recovered: {'ndarray-fdada7ba6773d9eacf0f40919a4fd303', 'ndarray-517cd59f157fc470f6fab3a5fae55ce9'} (stimulus_id='handle-worker-cleanup-1731411174.8078945')
Fitted
Pipeline(steps=[('histgradientboostingclassifier',
                 HistGradientBoostingClassifier(early_stopping=False,
                                                l2_regularization=0.005902537948,
                                                learning_rate=0.1186204000621,
                                                max_features=0.4684153855284,
                                                max_leaf_nodes=632,
                                                min_samples_leaf=9, tol=0.0001,
                                                validation_fraction=None))])
score start
train score: {'auroc': 0.9999999999999999, 'accuracy': 1.0, 'balanced_accuracy': 1.0, 'logloss': 0.0018532575194836736, 'f1': 1.0}
original test score: {'auroc': 0.9682560655358646, 'accuracy': 0.9130434782608695, 'balanced_accuracy': 0.8932626719738385, 'logloss': 0.2626893023280932, 'f1': 0.8947179742218907}
imputed test score: {'auroc': 0.9656176193700761, 'accuracy': 0.910268270120259, 'balanced_accuracy': 0.8894536475795662, 'logloss': 0.27678839947426165, 'f1': 0.8912561692577808}
score end
check intended
EXP2 Finished
running experiment 3/3 - What is the best automl settings?
<tpot2.search_spaces.pipelines.sequential.SequentialPipeline object at 0x15543504f9d0>
Start tpot fit
Version 0.1.7a0 of tpot2 is outdated. Version 0.1.8a0 was released Tuesday September 17, 2024.
Version 0.1.7a0 of tpot2 is outdated. Version 0.1.8a0 was released Tuesday September 17, 2024.
Version 0.1.7a0 of tpot2 is outdated. Version 0.1.8a0 was released Tuesday September 17, 2024.
Version 0.1.7a0 of tpot2 is outdated. Version 0.1.8a0 was released Tuesday September 17, 2024.
Version 0.1.7a0 of tpot2 is outdated. Version 0.1.8a0 was released Tuesday September 17, 2024.
Version 0.1.7a0 of tpot2 is outdated. Version 0.1.8a0 was released Tuesday September 17, 2024.
Version 0.1.7a0 of tpot2 is outdated. Version 0.1.8a0 was released Tuesday September 17, 2024.
Version 0.1.7a0 of tpot2 is outdated. Version 0.1.8a0 was released Tuesday September 17, 2024.
Version 0.1.7a0 of tpot2 is outdated. Version 0.1.8a0 was released Tuesday September 17, 2024.
Version 0.1.7a0 of tpot2 is outdated. Version 0.1.8a0 was released Tuesday September 17, 2024.
Version 0.1.7a0 of tpot2 is outdated. Version 0.1.8a0 was released Tuesday September 17, 2024.
Version 0.1.7a0 of tpot2 is outdated. Version 0.1.8a0 was released Tuesday September 17, 2024.
Version 0.1.7a0 of tpot2 is outdated. Version 0.1.8a0 was released Tuesday September 17, 2024.
Version 0.1.7a0 of tpot2 is outdated. Version 0.1.8a0 was released Tuesday September 17, 2024.
Version 0.1.7a0 of tpot2 is outdated. Version 0.1.8a0 was released Tuesday September 17, 2024.
Version 0.1.7a0 of tpot2 is outdated. Version 0.1.8a0 was released Tuesday September 17, 2024.
  0%|          | 0/25 [00:00<?, ?it/s]Generation:   0%|          | 0/25 [00:00<?, ?it/s]Generation:  1
Best f1_score score: 0.8607319492874961
Generation:   4%|▍         | 1/25 [00:13<05:29, 13.71s/it]Generation:  2
Best f1_score score: 0.8649300523399452
Generation:   8%|▊         | 2/25 [00:19<03:33,  9.30s/it]Generation:  3
Best f1_score score: 0.8676385348475115
Generation:  12%|█▏        | 3/25 [00:26<02:55,  7.97s/it]Generation:  4
Best f1_score score: 0.8676385348475115
Generation:  16%|█▌        | 4/25 [00:52<05:20, 15.27s/it]Generation:  5
Best f1_score score: 0.8676385348475115
Generation:  20%|██        | 5/25 [01:01<04:20, 13.00s/it]Generation:  6
Best f1_score score: 0.8676385348475115
Generation:  24%|██▍       | 6/25 [01:11<03:47, 11.97s/it]Generation:  7
Best f1_score score: 0.8676385348475115
Generation:  28%|██▊       | 7/25 [01:35<04:45, 15.87s/it]Generation:  8
Best f1_score score: 0.8676385348475115
Generation:  32%|███▏      | 8/25 [01:44<03:53, 13.74s/it]Generation:  9
Best f1_score score: 0.871077036240232
Generation:  36%|███▌      | 9/25 [02:23<05:42, 21.42s/it]Generation:  10
Best f1_score score: 0.8747766384937243
Generation:  40%|████      | 10/25 [08:40<32:51, 131.43s/it]Generation:  11
Best f1_score score: 0.8747766384937243
Generation:  44%|████▍     | 11/25 [08:47<21:47, 93.37s/it] Generation:  12
Best f1_score score: 0.8747766384937243
Generation:  48%|████▊     | 12/25 [08:59<14:49, 68.44s/it]Generation:  13
Best f1_score score: 0.8747766384937243
Generation:  52%|█████▏    | 13/25 [09:06<09:57, 49.80s/it]Generation:  14
Best f1_score score: 0.8747766384937243
Generation:  56%|█████▌    | 14/25 [10:46<11:55, 65.05s/it]Generation:  15
Best f1_score score: 0.8747766384937243
Generation:  60%|██████    | 15/25 [10:59<08:12, 49.29s/it]Generation:  16
Best f1_score score: 0.8793196109199286
Generation:  64%|██████▍   | 16/25 [11:13<05:49, 38.79s/it]Generation:  17
Best f1_score score: 0.8793196109199286
Generation:  68%|██████▊   | 17/25 [11:26<04:08, 31.06s/it]Generation:  18
Best f1_score score: 0.8793196109199286
Generation:  72%|███████▏  | 18/25 [11:39<02:59, 25.64s/it]Generation:  19
Best f1_score score: 0.8793756179785239
Generation:  76%|███████▌  | 19/25 [11:53<02:12, 22.02s/it]Generation:  20
Best f1_score score: 0.8793756179785239
Generation:  80%|████████  | 20/25 [12:01<01:28, 17.69s/it]Generation:  21
Best f1_score score: 0.8793756179785239
Generation:  84%|████████▍ | 21/25 [14:08<03:22, 50.57s/it]Generation:  22
Best f1_score score: 0.8793756179785239
Generation:  88%|████████▊ | 22/25 [16:56<04:17, 85.87s/it]Generation:  23
Best f1_score score: 0.8793756179785239
Generation:  92%|█████████▏| 23/25 [17:04<02:04, 62.46s/it]Generation:  24
Best f1_score score: 0.8793756179785239
Generation:  96%|█████████▌| 24/25 [17:24<00:49, 49.86s/it]Generation:  25
Best f1_score score: 0.8793756179785239
Generation: 100%|██████████| 25/25 [18:17<00:00, 50.61s/it]Generation: 100%|██████████| 25/25 [18:17<00:00, 43.88s/it]
2024-11-12 03:51:21,043 - distributed.scheduler - ERROR - Removing worker 'tcp://127.0.0.1:39551' caused the cluster to lose scattered data, which can't be recovered: {'DataFrame-642a3e07115dd8f24b6acf4490849511', 'ndarray-517cd59f157fc470f6fab3a5fae55ce9'} (stimulus_id='handle-worker-cleanup-1731412281.0433807')
Fitted
Pipeline(steps=[('simpleimputer', SimpleImputer(strategy='most_frequent')),
                ('histgradientboostingclassifier',
                 HistGradientBoostingClassifier(early_stopping=False,
                                                l2_regularization=0.0011951709041,
                                                learning_rate=0.4432186565292,
                                                max_features=0.5425376004616,
                                                max_leaf_nodes=1926,
                                                min_samples_leaf=3, tol=0.0001,
                                                validation_fraction=None))])
transform worked
try transform
transform worked
score start
train score: {'auroc': 1.0, 'accuracy': 1.0, 'balanced_accuracy': 1.0, 'logloss': 1.034109620016065e-05, 'f1': 1.0}
test score: {'auroc': 0.960084727567014, 'accuracy': 0.9111933395004626, 'balanced_accuracy': 0.8891852610368804, 'logloss': 0.49475721124990146, 'f1': 0.8920726837060703}
original test score: {'auroc': 0.9660759410045089, 'accuracy': 0.9167437557816837, 'balanced_accuracy': 0.8977261466298909, 'logloss': 0.4440165812862219, 'f1': 0.8991980604252144}
score end
1489
lvl
0.01
type
MAR
num_run
1
class_simple
finished
all finished
full run takes
0.5166389471292496
hours
DONE
