Run: 51
/cm/local/apps/slurm/var/spool/job987010/slurm_script: line 26: 
pip install -e tpot2
pip install -r tpot2/ImputerExperiments/requirements_.txt
: No such file or directory
RunStart
Version 0.1.7a0 of tpot2 is outdated. Version 0.1.8a0 was released Tuesday September 17, 2024.
starting loops
../data/r/42183/42183.pkl
working on 
../data/r/42183/reg_full_MCAR_0.3_3
0.12255406379699707
running experiment 1/3 - Does large hyperparameter space improve reconstruction accuracy over simple
[I 2024-10-03 15:23:30,918] A new study created in memory with name: no-name-3de15460-26b4-46d4-8aa9-16eac4d958d8
running
running
running
running
running
running
running
running
running
running
running
running
running
running
running
running
[I 2024-10-03 15:23:31,471] Trial 8 finished with value: 0.5564669151921062 and parameters: {'model_name': 'SimpleImputer', 'strategy': 'constant'}. Best is trial 8 with value: 0.5564669151921062.
running
[I 2024-10-03 15:23:31,851] Trial 11 finished with value: 0.28691012232064567 and parameters: {'model_name': 'SimpleImputer', 'strategy': 'median'}. Best is trial 11 with value: 0.28691012232064567.
running
[I 2024-10-03 15:23:32,188] Trial 10 finished with value: 0.41128431305346325 and parameters: {'model_name': 'SimpleImputer', 'strategy': 'most_frequent'}. Best is trial 11 with value: 0.28691012232064567.
running
[I 2024-10-03 15:23:32,663] Trial 18 finished with value: 0.28691012232064567 and parameters: {'model_name': 'SimpleImputer', 'strategy': 'median'}. Best is trial 11 with value: 0.28691012232064567.
running
[I 2024-10-03 15:23:33,114] Trial 19 finished with value: 0.2805671929296317 and parameters: {'model_name': 'SimpleImputer', 'strategy': 'mean'}. Best is trial 19 with value: 0.2805671929296317.
running
[I 2024-10-03 15:23:40,407] Trial 5 finished with value: 0.27811365999157933 and parameters: {'model_name': 'KNNImputer', 'n_neighbors': 1151, 'weights': 'uniform'}. Best is trial 5 with value: 0.27811365999157933.
running
[I 2024-10-03 15:23:41,003] Trial 1 finished with value: 0.2805671929296317 and parameters: {'model_name': 'KNNImputer', 'n_neighbors': 6709, 'weights': 'uniform'}. Best is trial 5 with value: 0.27811365999157933.
running
[I 2024-10-03 15:23:41,232] Trial 15 finished with value: 0.2805671929296317 and parameters: {'model_name': 'KNNImputer', 'n_neighbors': 6855, 'weights': 'uniform'}. Best is trial 5 with value: 0.27811365999157933.
running
[I 2024-10-03 15:23:41,791] Trial 22 finished with value: 0.41128431305346325 and parameters: {'model_name': 'SimpleImputer', 'strategy': 'most_frequent'}. Best is trial 5 with value: 0.27811365999157933.
running
[I 2024-10-03 15:23:42,702] Trial 6 finished with value: 0.279864854162997 and parameters: {'model_name': 'KNNImputer', 'n_neighbors': 1591, 'weights': 'distance'}. Best is trial 5 with value: 0.27811365999157933.
running
[I 2024-10-03 15:23:45,919] Trial 4 finished with value: 0.28184460883477175 and parameters: {'model_name': 'KNNImputer', 'n_neighbors': 6603, 'weights': 'distance'}. Best is trial 5 with value: 0.27811365999157933.
running
[I 2024-10-03 15:23:46,400] Trial 13 finished with value: 0.28119593850626895 and parameters: {'model_name': 'KNNImputer', 'n_neighbors': 4314, 'weights': 'distance'}. Best is trial 5 with value: 0.27811365999157933.
running
[I 2024-10-03 15:23:47,121] Trial 3 finished with value: 0.27257926804403987 and parameters: {'model_name': 'IterativeImputer', 'estimator': 'Ridge', 'initial_strategy': 'mean', 'n_nearest_features': 3, 'imputation_order': 'arabic'}. Best is trial 3 with value: 0.27257926804403987.
running
[I 2024-10-03 15:23:49,878] Trial 20 finished with value: 0.2711413827232852 and parameters: {'model_name': 'IterativeImputer', 'estimator': 'Ridge', 'initial_strategy': 'median', 'n_nearest_features': 5, 'imputation_order': 'ascending'}. Best is trial 20 with value: 0.2711413827232852.
running
[I 2024-10-03 15:23:54,919] Trial 9 finished with value: 0.4050791226289384 and parameters: {'model_name': 'IterativeImputer', 'estimator': 'Bayesian', 'initial_strategy': 'median', 'n_nearest_features': 1, 'imputation_order': 'arabic', 'sample_posterior': True}. Best is trial 20 with value: 0.2711413827232852.
running
[I 2024-10-03 15:24:05,506] Trial 14 finished with value: 0.5536554911752715 and parameters: {'model_name': 'GAIN', 'batch_size': 488, 'hint_rate': 0.33823188224863776, 'alpha': 20, 'iterations': 31, 'learning_rate': 0.0005713056207201665, 'p_miss': 0.054249750041081346}. Best is trial 20 with value: 0.2711413827232852.
running
[I 2024-10-03 15:24:08,667] Trial 28 finished with value: 0.274776502322752 and parameters: {'model_name': 'IterativeImputer', 'estimator': 'Ridge', 'initial_strategy': 'mean', 'n_nearest_features': 2, 'imputation_order': 'arabic'}. Best is trial 20 with value: 0.2711413827232852.
running
[I 2024-10-03 15:24:11,960] Trial 29 finished with value: 0.2715898804441772 and parameters: {'model_name': 'IterativeImputer', 'estimator': 'Ridge', 'initial_strategy': 'mean', 'n_nearest_features': 4, 'imputation_order': 'ascending'}. Best is trial 20 with value: 0.2711413827232852.
running
[I 2024-10-03 15:24:17,767] Trial 30 finished with value: 0.2707794060677035 and parameters: {'model_name': 'IterativeImputer', 'estimator': 'Ridge', 'initial_strategy': 'mean', 'n_nearest_features': 5, 'imputation_order': 'ascending'}. Best is trial 30 with value: 0.2707794060677035.
running
[I 2024-10-03 15:24:25,153] Trial 25 finished with value: inf and parameters: {'model_name': 'GAIN', 'batch_size': 1, 'hint_rate': 0.38956763321668375, 'alpha': 56, 'iterations': 585, 'learning_rate': 0.00025865147063048325, 'p_miss': 0.23668188976052318}. Best is trial 30 with value: 0.2707794060677035.
running
[I 2024-10-03 15:24:28,123] Trial 35 finished with value: 0.29860897332289826 and parameters: {'model_name': 'VAE', 'batch_size': 21, 'iterations': 2, 'learning_rate': 0.09681055242525832, 'p_miss': 0.2978841218620648}. Best is trial 30 with value: 0.2707794060677035.
running
[I 2024-10-03 15:24:28,618] Trial 31 finished with value: 0.2707794060677035 and parameters: {'model_name': 'IterativeImputer', 'estimator': 'Ridge', 'initial_strategy': 'mean', 'n_nearest_features': 5, 'imputation_order': 'ascending'}. Best is trial 30 with value: 0.2707794060677035.
running
[I 2024-10-03 15:24:34,949] Trial 21 finished with value: 0.5282382447247114 and parameters: {'model_name': 'GAIN', 'batch_size': 10, 'hint_rate': 0.4100165678770528, 'alpha': 56, 'iterations': 132, 'learning_rate': 0.0008731434241369765, 'p_miss': 0.2240114147191401}. Best is trial 30 with value: 0.2707794060677035.
running
[I 2024-10-03 15:24:37,252] Trial 7 finished with value: 0.2713569063830152 and parameters: {'model_name': 'IterativeImputer', 'estimator': 'Bayesian', 'initial_strategy': 'constant', 'n_nearest_features': 4, 'imputation_order': 'descending', 'sample_posterior': False}. Best is trial 30 with value: 0.2707794060677035.
running
[I 2024-10-03 15:24:41,657] Trial 16 finished with value: 0.2942173341258235 and parameters: {'model_name': 'IterativeImputer', 'estimator': 'KNN', 'initial_strategy': 'constant', 'n_nearest_features': 7, 'imputation_order': 'arabic'}. Best is trial 30 with value: 0.2707794060677035.
running
[I 2024-10-03 15:24:54,848] Trial 36 finished with value: 0.270501773836634 and parameters: {'model_name': 'IterativeImputer', 'estimator': 'Ridge', 'initial_strategy': 'mean', 'n_nearest_features': 7, 'imputation_order': 'ascending'}. Best is trial 36 with value: 0.270501773836634.
running
[I 2024-10-03 15:25:12,800] Trial 40 finished with value: 0.2703707667143648 and parameters: {'model_name': 'IterativeImputer', 'estimator': 'Ridge', 'initial_strategy': 'most_frequent', 'n_nearest_features': 8, 'imputation_order': 'ascending'}. Best is trial 40 with value: 0.2703707667143648.
running
[I 2024-10-03 15:25:43,313] Trial 37 finished with value: 0.29353788956727944 and parameters: {'model_name': 'IterativeImputer', 'estimator': 'KNN', 'initial_strategy': 'most_frequent', 'n_nearest_features': 8, 'imputation_order': 'ascending'}. Best is trial 40 with value: 0.2703707667143648.
running
[I 2024-10-03 15:25:45,853] Trial 39 finished with value: 0.29353788956727944 and parameters: {'model_name': 'IterativeImputer', 'estimator': 'KNN', 'initial_strategy': 'most_frequent', 'n_nearest_features': 8, 'imputation_order': 'ascending'}. Best is trial 40 with value: 0.2703707667143648.
running
[I 2024-10-03 15:25:46,621] Trial 38 finished with value: 0.29353788956727944 and parameters: {'model_name': 'IterativeImputer', 'estimator': 'KNN', 'initial_strategy': 'most_frequent', 'n_nearest_features': 8, 'imputation_order': 'ascending'}. Best is trial 40 with value: 0.2703707667143648.
running
[I 2024-10-03 15:25:47,068] Trial 23 finished with value: 0.3061961378903385 and parameters: {'model_name': 'IterativeImputer', 'estimator': 'KNN', 'initial_strategy': 'mean', 'n_nearest_features': 14, 'imputation_order': 'roman'}. Best is trial 40 with value: 0.2703707667143648.
running
[I 2024-10-03 15:26:13,025] Trial 46 finished with value: 0.27069957636734737 and parameters: {'model_name': 'IterativeImputer', 'estimator': 'Ridge', 'initial_strategy': 'mean', 'n_nearest_features': 6, 'imputation_order': 'random'}. Best is trial 40 with value: 0.2703707667143648.
running
[I 2024-10-03 15:26:37,720] Trial 27 finished with value: inf and parameters: {'model_name': 'GAIN', 'batch_size': 1, 'hint_rate': 0.3818359472278065, 'alpha': 27, 'iterations': 1614, 'learning_rate': 0.0012148378654576733, 'p_miss': 0.17132852439489804}. Best is trial 40 with value: 0.2703707667143648.
running
[I 2024-10-03 15:27:14,308] Trial 48 finished with value: 0.2970634497663305 and parameters: {'model_name': 'VAE', 'batch_size': 784, 'iterations': 2, 'learning_rate': 0.017754693418628373, 'p_miss': 0.017252440507237843}. Best is trial 40 with value: 0.2703707667143648.
running
[I 2024-10-03 15:44:02,148] Trial 17 finished with value: inf and parameters: {'model_name': 'GAIN', 'batch_size': 1, 'hint_rate': 0.8531895212027961, 'alpha': 77, 'iterations': 4613, 'learning_rate': 0.026269299821917995, 'p_miss': 0.06356313365299442}. Best is trial 40 with value: 0.2703707667143648.
running
