Run: 53
/cm/local/apps/slurm/var/spool/job1014994/slurm_script: line 26: 
pip install -e tpot2
pip install -r tpot2/ImputerExperiments/requirements_.txt
: No such file or directory
RunStart
Version 0.1.7a0 of tpot2 is outdated. Version 0.1.8a0 was released Tuesday September 17, 2024.
starting loops
../data/c/728/728.pkl
working on 
../data/c/728/class_full_MAR_0.01_3
0.19454741477966309
running experiment 1/3 - Does large hyperparameter space improve reconstruction accuracy over simple
[I 2024-10-24 15:26:28,326] A new study created in memory with name: no-name-1eafbb2a-d1ef-4acd-8cde-fd911d7e1061
running
running
running
running
running
running
running
running
running
running
running
running
running
running
running
running
[I 2024-10-24 15:26:28,462] Trial 9 finished with value: 0.26573905634619 and parameters: {'model_name': 'SimpleImputer', 'strategy': 'mean'}. Best is trial 9 with value: 0.26573905634619.
running
[I 2024-10-24 15:26:28,656] Trial 13 finished with value: 0.31843614650767554 and parameters: {'model_name': 'SimpleImputer', 'strategy': 'constant'}. Best is trial 9 with value: 0.26573905634619.
running
[I 2024-10-24 15:26:28,787] Trial 12 finished with value: 0.31843614650767554 and parameters: {'model_name': 'SimpleImputer', 'strategy': 'median'}. Best is trial 9 with value: 0.26573905634619.
running
[I 2024-10-24 15:26:29,000] Trial 16 finished with value: 0.31843614650767554 and parameters: {'model_name': 'SimpleImputer', 'strategy': 'most_frequent'}. Best is trial 9 with value: 0.26573905634619.
running
[I 2024-10-24 15:26:29,257] Trial 5 finished with value: 0.2786793047720089 and parameters: {'model_name': 'KNNImputer', 'n_neighbors': 569, 'weights': 'distance'}. Best is trial 9 with value: 0.26573905634619.
[I 2024-10-24 15:26:29,265] Trial 2 finished with value: 0.27851552405241925 and parameters: {'model_name': 'KNNImputer', 'n_neighbors': 2615, 'weights': 'distance'}. Best is trial 9 with value: 0.26573905634619.
running
running
[I 2024-10-24 15:26:29,574] Trial 17 finished with value: 0.26751161247986577 and parameters: {'model_name': 'KNNImputer', 'n_neighbors': 926, 'weights': 'uniform'}. Best is trial 9 with value: 0.26573905634619.
running
[I 2024-10-24 15:26:32,292] Trial 18 finished with value: 0.49956623939396455 and parameters: {'model_name': 'VAE', 'batch_size': 43, 'iterations': 1, 'learning_rate': 0.0024822077621107345, 'p_miss': 0.23165811516510224}. Best is trial 9 with value: 0.26573905634619.
running
[I 2024-10-24 15:26:32,512] Trial 11 finished with value: 0.33822041928690244 and parameters: {'model_name': 'GAIN', 'batch_size': 114, 'hint_rate': 0.3837037651773972, 'alpha': 23, 'iterations': 2, 'learning_rate': 0.09992230719460027, 'p_miss': 0.14279415995606995}. Best is trial 9 with value: 0.26573905634619.
running
[I 2024-10-24 15:26:32,775] Trial 23 finished with value: 0.26573905634619 and parameters: {'model_name': 'SimpleImputer', 'strategy': 'mean'}. Best is trial 9 with value: 0.26573905634619.
running
[I 2024-10-24 15:26:33,100] Trial 8 finished with value: 0.3332063189494233 and parameters: {'model_name': 'GAIN', 'batch_size': 42, 'hint_rate': 0.2749904415942569, 'alpha': 28, 'iterations': 2, 'learning_rate': 0.0002433499739230057, 'p_miss': 0.03958634247428317}. Best is trial 9 with value: 0.26573905634619.
running
[I 2024-10-24 15:26:33,897] Trial 24 finished with value: 0.39933541403112194 and parameters: {'model_name': 'GAIN', 'batch_size': 1, 'hint_rate': 0.579545137398323, 'alpha': 51, 'iterations': 1, 'learning_rate': 0.011663070347808377, 'p_miss': 0.22181232893109926}. Best is trial 9 with value: 0.26573905634619.
running
[I 2024-10-24 15:26:34,140] Trial 7 finished with value: 0.37475898351936854 and parameters: {'model_name': 'GAIN', 'batch_size': 42, 'hint_rate': 0.8788006643896039, 'alpha': 68, 'iterations': 4, 'learning_rate': 0.006165846895864614, 'p_miss': 0.09514276521710541}. Best is trial 9 with value: 0.26573905634619.
running
[I 2024-10-24 15:26:35,550] Trial 10 finished with value: inf and parameters: {'model_name': 'GAIN', 'batch_size': 2, 'hint_rate': 0.870090953562161, 'alpha': 54, 'iterations': 33, 'learning_rate': 0.0005718242876778544, 'p_miss': 0.19890372609451376}. Best is trial 9 with value: 0.26573905634619.
running
[I 2024-10-24 15:26:37,349] Trial 6 finished with value: 0.2658790073886964 and parameters: {'model_name': 'IterativeImputer', 'estimator': 'Bayesian', 'initial_strategy': 'most_frequent', 'n_nearest_features': 5, 'imputation_order': 'descending', 'sample_posterior': False}. Best is trial 9 with value: 0.26573905634619.
running
[I 2024-10-24 15:26:37,856] Trial 30 finished with value: 0.26573905634619 and parameters: {'model_name': 'SimpleImputer', 'strategy': 'mean'}. Best is trial 9 with value: 0.26573905634619.
running
[I 2024-10-24 15:26:38,231] Trial 31 finished with value: 0.26573905634619 and parameters: {'model_name': 'SimpleImputer', 'strategy': 'mean'}. Best is trial 9 with value: 0.26573905634619.
running
[I 2024-10-24 15:26:44,085] Trial 28 finished with value: 0.26449181536053706 and parameters: {'model_name': 'IterativeImputer', 'estimator': 'Bayesian', 'initial_strategy': 'mean', 'n_nearest_features': 1, 'imputation_order': 'ascending', 'sample_posterior': False}. Best is trial 28 with value: 0.26449181536053706.
running
[I 2024-10-24 15:26:44,449] Trial 25 finished with value: 0.31108119568734083 and parameters: {'model_name': 'IterativeImputer', 'estimator': 'KNN', 'initial_strategy': 'mean', 'n_nearest_features': 2, 'imputation_order': 'descending'}. Best is trial 28 with value: 0.26449181536053706.
running
[I 2024-10-24 15:26:46,482] Trial 15 finished with value: inf and parameters: {'model_name': 'GAIN', 'batch_size': 4, 'hint_rate': 0.18348631881164362, 'alpha': 68, 'iterations': 73, 'learning_rate': 0.000681968119081843, 'p_miss': 0.07478200054115008}. Best is trial 28 with value: 0.26449181536053706.
running
[I 2024-10-24 15:26:46,969] Trial 26 finished with value: 0.29043697850226574 and parameters: {'model_name': 'IterativeImputer', 'estimator': 'KNN', 'initial_strategy': 'constant', 'n_nearest_features': 4, 'imputation_order': 'arabic'}. Best is trial 28 with value: 0.26449181536053706.
running
[I 2024-10-24 15:26:49,469] Trial 27 finished with value: 0.27673945314374004 and parameters: {'model_name': 'IterativeImputer', 'estimator': 'KNN', 'initial_strategy': 'constant', 'n_nearest_features': 5, 'imputation_order': 'roman'}. Best is trial 28 with value: 0.26449181536053706.
running
[I 2024-10-24 15:26:55,116] Trial 33 finished with value: 0.27147096812033683 and parameters: {'model_name': 'IterativeImputer', 'estimator': 'KNN', 'initial_strategy': 'mean', 'n_nearest_features': 1, 'imputation_order': 'ascending'}. Best is trial 28 with value: 0.26449181536053706.
running
[I 2024-10-24 15:26:56,128] Trial 34 finished with value: 0.26449181536053706 and parameters: {'model_name': 'IterativeImputer', 'estimator': 'Bayesian', 'initial_strategy': 'mean', 'n_nearest_features': 1, 'imputation_order': 'ascending', 'sample_posterior': False}. Best is trial 28 with value: 0.26449181536053706.
running
[I 2024-10-24 15:26:58,842] Trial 35 finished with value: 0.26449181536053706 and parameters: {'model_name': 'IterativeImputer', 'estimator': 'Bayesian', 'initial_strategy': 'mean', 'n_nearest_features': 1, 'imputation_order': 'ascending', 'sample_posterior': False}. Best is trial 28 with value: 0.26449181536053706.
running
[I 2024-10-24 15:27:04,228] Trial 14 finished with value: 0.31628653740221996 and parameters: {'model_name': 'VAE', 'batch_size': 3, 'iterations': 12, 'learning_rate': 0.020784512139786868, 'p_miss': 0.26992035875651976}. Best is trial 28 with value: 0.26449181536053706.
running
[I 2024-10-24 15:27:10,126] Trial 40 finished with value: 0.26449181536053706 and parameters: {'model_name': 'IterativeImputer', 'estimator': 'Bayesian', 'initial_strategy': 'mean', 'n_nearest_features': 1, 'imputation_order': 'ascending', 'sample_posterior': False}. Best is trial 28 with value: 0.26449181536053706.
running
[I 2024-10-24 15:27:15,312] Trial 41 finished with value: 0.26449181536053706 and parameters: {'model_name': 'IterativeImputer', 'estimator': 'Bayesian', 'initial_strategy': 'mean', 'n_nearest_features': 1, 'imputation_order': 'ascending', 'sample_posterior': False}. Best is trial 28 with value: 0.26449181536053706.
running
[I 2024-10-24 15:27:27,257] Trial 43 finished with value: 0.26728852289133725 and parameters: {'model_name': 'IterativeImputer', 'estimator': 'Ridge', 'initial_strategy': 'median', 'n_nearest_features': 3, 'imputation_order': 'ascending'}. Best is trial 28 with value: 0.26449181536053706.
running
[I 2024-10-24 15:27:27,840] Trial 42 finished with value: 0.26739576531111164 and parameters: {'model_name': 'IterativeImputer', 'estimator': 'Bayesian', 'initial_strategy': 'median', 'n_nearest_features': 2, 'imputation_order': 'ascending', 'sample_posterior': False}. Best is trial 28 with value: 0.26449181536053706.
running
[I 2024-10-24 15:29:38,181] Trial 0 finished with value: 0.4921511611716576 and parameters: {'model_name': 'VAE', 'batch_size': 6, 'iterations': 51, 'learning_rate': 0.00013569809970822536, 'p_miss': 0.21963772674029874}. Best is trial 28 with value: 0.26449181536053706.
running
[I 2024-10-24 15:29:47,026] Trial 46 finished with value: 0.26416150153064477 and parameters: {'model_name': 'IterativeImputer', 'estimator': 'Bayesian', 'initial_strategy': 'mean', 'n_nearest_features': 1, 'imputation_order': 'random', 'sample_posterior': False}. Best is trial 46 with value: 0.26416150153064477.
running
[I 2024-10-24 15:29:55,768] Trial 47 finished with value: 0.26416150153064477 and parameters: {'model_name': 'IterativeImputer', 'estimator': 'Bayesian', 'initial_strategy': 'mean', 'n_nearest_features': 1, 'imputation_order': 'random', 'sample_posterior': False}. Best is trial 46 with value: 0.26416150153064477.
running
[I 2024-10-24 15:34:41,971] Trial 4 finished with value: 0.2757436203316123 and parameters: {'model_name': 'VAE', 'batch_size': 6, 'iterations': 103, 'learning_rate': 0.023815384688879334, 'p_miss': 0.23763067317490427}. Best is trial 46 with value: 0.26416150153064477.
running
[I 2024-10-24 15:35:54,418] Trial 22 finished with value: 0.2669401936402732 and parameters: {'model_name': 'IterativeImputer', 'estimator': 'RFR', 'initial_strategy': 'constant', 'n_nearest_features': 1, 'imputation_order': 'ascending'}. Best is trial 46 with value: 0.26416150153064477.
running
[I 2024-10-24 15:36:53,388] Trial 50 finished with value: 0.38061152126114217 and parameters: {'model_name': 'IterativeImputer', 'estimator': 'Bayesian', 'initial_strategy': 'mean', 'n_nearest_features': 7, 'imputation_order': 'random', 'sample_posterior': True}. Best is trial 46 with value: 0.26416150153064477.
running
[I 2024-10-24 15:36:55,422] Trial 51 finished with value: 0.26573905634619 and parameters: {'model_name': 'KNNImputer', 'n_neighbors': 3119, 'weights': 'uniform'}. Best is trial 46 with value: 0.26416150153064477.
running
[I 2024-10-24 15:37:11,260] Trial 52 finished with value: 0.2639436986129883 and parameters: {'model_name': 'IterativeImputer', 'estimator': 'Bayesian', 'initial_strategy': 'mean', 'n_nearest_features': 2, 'imputation_order': 'random', 'sample_posterior': False}. Best is trial 52 with value: 0.2639436986129883.
running
[I 2024-10-24 15:37:25,823] Trial 53 finished with value: 0.2639436986129883 and parameters: {'model_name': 'IterativeImputer', 'estimator': 'Bayesian', 'initial_strategy': 'mean', 'n_nearest_features': 2, 'imputation_order': 'random', 'sample_posterior': False}. Best is trial 52 with value: 0.2639436986129883.
running
[I 2024-10-24 15:38:43,966] Trial 21 finished with value: 0.2702207622700657 and parameters: {'model_name': 'IterativeImputer', 'estimator': 'RFR', 'initial_strategy': 'most_frequent', 'n_nearest_features': 5, 'imputation_order': 'descending'}. Best is trial 52 with value: 0.2639436986129883.
running
[I 2024-10-24 15:39:06,679] Trial 29 finished with value: 0.272185663523675 and parameters: {'model_name': 'IterativeImputer', 'estimator': 'RFR', 'initial_strategy': 'constant', 'n_nearest_features': 6, 'imputation_order': 'arabic'}. Best is trial 52 with value: 0.2639436986129883.
running
[I 2024-10-24 15:39:21,767] Trial 56 finished with value: 0.2639436986129883 and parameters: {'model_name': 'IterativeImputer', 'estimator': 'Bayesian', 'initial_strategy': 'mean', 'n_nearest_features': 2, 'imputation_order': 'random', 'sample_posterior': False}. Best is trial 52 with value: 0.2639436986129883.
running
[I 2024-10-24 15:39:37,228] Trial 57 finished with value: 0.2639436986129883 and parameters: {'model_name': 'IterativeImputer', 'estimator': 'Bayesian', 'initial_strategy': 'mean', 'n_nearest_features': 2, 'imputation_order': 'random', 'sample_posterior': False}. Best is trial 52 with value: 0.2639436986129883.
running
[I 2024-10-24 15:40:07,801] Trial 44 finished with value: 0.2674912876752723 and parameters: {'model_name': 'IterativeImputer', 'estimator': 'RFR', 'initial_strategy': 'mean', 'n_nearest_features': 7, 'imputation_order': 'random'}. Best is trial 52 with value: 0.2639436986129883.
running
[I 2024-10-24 15:40:19,598] Trial 45 finished with value: 0.2744229971828642 and parameters: {'model_name': 'IterativeImputer', 'estimator': 'RFR', 'initial_strategy': 'mean', 'n_nearest_features': 7, 'imputation_order': 'random'}. Best is trial 52 with value: 0.2639436986129883.
running
[I 2024-10-24 15:42:39,138] Trial 48 finished with value: 0.27028333827324824 and parameters: {'model_name': 'IterativeImputer', 'estimator': 'RFR', 'initial_strategy': 'mean', 'n_nearest_features': 7, 'imputation_order': 'random'}. Best is trial 52 with value: 0.2639436986129883.
running
[I 2024-10-24 15:44:38,706] Trial 49 finished with value: 0.2690013564698259 and parameters: {'model_name': 'IterativeImputer', 'estimator': 'RFR', 'initial_strategy': 'mean', 'n_nearest_features': 2, 'imputation_order': 'random'}. Best is trial 52 with value: 0.2639436986129883.
running
[I 2024-10-24 15:46:07,822] Trial 20 finished with value: 0.32949849209371374 and parameters: {'model_name': 'GAIN', 'batch_size': 98, 'hint_rate': 0.641601439850905, 'alpha': 64, 'iterations': 664, 'learning_rate': 0.0022222692105044514, 'p_miss': 0.032794969353667255}. Best is trial 52 with value: 0.2639436986129883.
running
[I 2024-10-24 15:46:46,422] Trial 19 finished with value: 0.5179523227989603 and parameters: {'model_name': 'GAIN', 'batch_size': 136, 'hint_rate': 0.8872478937287457, 'alpha': 67, 'iterations': 677, 'learning_rate': 0.002785398320188396, 'p_miss': 0.29991642154755094}. Best is trial 52 with value: 0.2639436986129883.
running
[I 2024-10-24 15:47:02,073] Trial 64 finished with value: 0.26849188325202034 and parameters: {'model_name': 'IterativeImputer', 'estimator': 'Bayesian', 'initial_strategy': 'mean', 'n_nearest_features': 3, 'imputation_order': 'random', 'sample_posterior': False}. Best is trial 52 with value: 0.2639436986129883.
running
[I 2024-10-24 16:11:39,963] Trial 3 finished with value: 0.4034569142514129 and parameters: {'model_name': 'GAIN', 'batch_size': 50, 'hint_rate': 0.8057497483553817, 'alpha': 32, 'iterations': 1472, 'learning_rate': 0.0022867435326707646, 'p_miss': 0.13048112084158242}. Best is trial 52 with value: 0.2639436986129883.
running
[I 2024-10-24 16:22:56,075] Trial 1 finished with value: 0.33988223548379726 and parameters: {'model_name': 'GAIN', 'batch_size': 11, 'hint_rate': 0.38869406421308994, 'alpha': 20, 'iterations': 1839, 'learning_rate': 0.08435237744122136, 'p_miss': 0.2293758228877152}. Best is trial 52 with value: 0.2639436986129883.
running
[I 2024-10-24 17:52:56,935] Trial 59 finished with value: 0.26558874125827414 and parameters: {'model_name': 'VAE', 'batch_size': 651, 'iterations': 1301, 'learning_rate': 0.08359008205878811, 'p_miss': 0.011097190428553727}. Best is trial 52 with value: 0.2639436986129883.
running
[I 2024-10-24 17:52:58,645] Trial 68 finished with value: 0.26542795081786263 and parameters: {'model_name': 'KNNImputer', 'n_neighbors': 1862, 'weights': 'uniform'}. Best is trial 52 with value: 0.2639436986129883.
running
[I 2024-10-24 17:53:14,644] Trial 69 finished with value: 0.2639436986129883 and parameters: {'model_name': 'IterativeImputer', 'estimator': 'Bayesian', 'initial_strategy': 'mean', 'n_nearest_features': 2, 'imputation_order': 'random', 'sample_posterior': False}. Best is trial 52 with value: 0.2639436986129883.
running
[I 2024-10-24 22:33:43,433] Trial 58 finished with value: 0.26666067514045044 and parameters: {'model_name': 'VAE', 'batch_size': 750, 'iterations': 3694, 'learning_rate': 0.08120707717150695, 'p_miss': 0.2940988379063065}. Best is trial 52 with value: 0.2639436986129883.
running
[I 2024-10-24 22:34:00,471] Trial 71 finished with value: 0.2639436986129883 and parameters: {'model_name': 'IterativeImputer', 'estimator': 'Bayesian', 'initial_strategy': 'mean', 'n_nearest_features': 2, 'imputation_order': 'random', 'sample_posterior': False}. Best is trial 52 with value: 0.2639436986129883.
running
[I 2024-10-24 22:34:18,172] Trial 72 finished with value: 0.2639436986129883 and parameters: {'model_name': 'IterativeImputer', 'estimator': 'Bayesian', 'initial_strategy': 'mean', 'n_nearest_features': 2, 'imputation_order': 'random', 'sample_posterior': False}. Best is trial 52 with value: 0.2639436986129883.
running
[I 2024-10-24 22:34:19,897] Trial 73 finished with value: 0.2785920679066905 and parameters: {'model_name': 'KNNImputer', 'n_neighbors': 217, 'weights': 'distance'}. Best is trial 52 with value: 0.2639436986129883.
running
[I 2024-10-24 22:34:32,872] Trial 74 finished with value: 0.26865994001923893 and parameters: {'model_name': 'IterativeImputer', 'estimator': 'Ridge', 'initial_strategy': 'mean', 'n_nearest_features': 3, 'imputation_order': 'random'}. Best is trial 52 with value: 0.2639436986129883.
running
[I 2024-10-24 22:34:49,183] Trial 75 finished with value: 0.36021092974522695 and parameters: {'model_name': 'IterativeImputer', 'estimator': 'Bayesian', 'initial_strategy': 'mean', 'n_nearest_features': 2, 'imputation_order': 'random', 'sample_posterior': True}. Best is trial 52 with value: 0.2639436986129883.
running
[I 2024-10-24 22:35:06,306] Trial 76 finished with value: 0.2639436986129883 and parameters: {'model_name': 'IterativeImputer', 'estimator': 'Bayesian', 'initial_strategy': 'mean', 'n_nearest_features': 2, 'imputation_order': 'random', 'sample_posterior': False}. Best is trial 52 with value: 0.2639436986129883.
running
[I 2024-10-24 22:35:24,146] Trial 77 finished with value: 0.26719984934102864 and parameters: {'model_name': 'IterativeImputer', 'estimator': 'Bayesian', 'initial_strategy': 'most_frequent', 'n_nearest_features': 2, 'imputation_order': 'random', 'sample_posterior': False}. Best is trial 52 with value: 0.2639436986129883.
running
[I 2024-10-24 22:35:42,297] Trial 78 finished with value: 0.26849188325202034 and parameters: {'model_name': 'IterativeImputer', 'estimator': 'Bayesian', 'initial_strategy': 'mean', 'n_nearest_features': 3, 'imputation_order': 'random', 'sample_posterior': False}. Best is trial 52 with value: 0.2639436986129883.
running
[I 2024-10-24 22:35:58,991] Trial 79 finished with value: 0.26719984934102864 and parameters: {'model_name': 'IterativeImputer', 'estimator': 'Bayesian', 'initial_strategy': 'most_frequent', 'n_nearest_features': 2, 'imputation_order': 'random', 'sample_posterior': False}. Best is trial 52 with value: 0.2639436986129883.
running
[I 2024-10-24 22:36:16,226] Trial 80 finished with value: 0.2650155713570096 and parameters: {'model_name': 'IterativeImputer', 'estimator': 'Bayesian', 'initial_strategy': 'mean', 'n_nearest_features': 2, 'imputation_order': 'roman', 'sample_posterior': False}. Best is trial 52 with value: 0.2639436986129883.
running
[I 2024-10-24 22:58:39,313] Trial 81 finished with value: 0.35717344634444725 and parameters: {'model_name': 'VAE', 'batch_size': 377, 'iterations': 226, 'learning_rate': 0.00045096733065942, 'p_miss': 0.1781386844960208}. Best is trial 52 with value: 0.2639436986129883.
running
[I 2024-10-24 22:58:55,594] Trial 82 finished with value: 0.26672753270565996 and parameters: {'model_name': 'IterativeImputer', 'estimator': 'Bayesian', 'initial_strategy': 'mean', 'n_nearest_features': 3, 'imputation_order': 'descending', 'sample_posterior': False}. Best is trial 52 with value: 0.2639436986129883.
running
[I 2024-10-24 22:59:10,958] Trial 83 finished with value: 0.26719984934102864 and parameters: {'model_name': 'IterativeImputer', 'estimator': 'Bayesian', 'initial_strategy': 'median', 'n_nearest_features': 2, 'imputation_order': 'random', 'sample_posterior': False}. Best is trial 52 with value: 0.2639436986129883.
running
[I 2024-10-24 22:59:37,353] Trial 84 finished with value: 0.3223016987015512 and parameters: {'model_name': 'GAIN', 'batch_size': 15, 'hint_rate': 0.016003526491567, 'alpha': 99, 'iterations': 11, 'learning_rate': 0.029934896732522708, 'p_miss': 0.10230300499972197}. Best is trial 52 with value: 0.2639436986129883.
running
[I 2024-10-24 22:59:54,350] Trial 85 finished with value: 0.2639436986129883 and parameters: {'model_name': 'IterativeImputer', 'estimator': 'Bayesian', 'initial_strategy': 'mean', 'n_nearest_features': 2, 'imputation_order': 'random', 'sample_posterior': False}. Best is trial 52 with value: 0.2639436986129883.
running
[I 2024-10-24 23:00:11,275] Trial 86 finished with value: 0.2639436986129883 and parameters: {'model_name': 'IterativeImputer', 'estimator': 'Bayesian', 'initial_strategy': 'mean', 'n_nearest_features': 2, 'imputation_order': 'random', 'sample_posterior': False}. Best is trial 52 with value: 0.2639436986129883.
running
[I 2024-10-24 23:00:26,888] Trial 87 finished with value: 0.2639436986129883 and parameters: {'model_name': 'IterativeImputer', 'estimator': 'Bayesian', 'initial_strategy': 'mean', 'n_nearest_features': 2, 'imputation_order': 'random', 'sample_posterior': False}. Best is trial 52 with value: 0.2639436986129883.
running
[I 2024-10-24 23:00:44,373] Trial 88 finished with value: 0.26849188325202034 and parameters: {'model_name': 'IterativeImputer', 'estimator': 'Bayesian', 'initial_strategy': 'mean', 'n_nearest_features': 3, 'imputation_order': 'random', 'sample_posterior': False}. Best is trial 52 with value: 0.2639436986129883.
running
[I 2024-10-24 23:01:00,545] Trial 89 finished with value: 0.2659212390389262 and parameters: {'model_name': 'IterativeImputer', 'estimator': 'Bayesian', 'initial_strategy': 'constant', 'n_nearest_features': 2, 'imputation_order': 'arabic', 'sample_posterior': False}. Best is trial 52 with value: 0.2639436986129883.
running
[I 2024-10-24 23:01:01,129] Trial 90 finished with value: 0.31843614650767554 and parameters: {'model_name': 'SimpleImputer', 'strategy': 'median'}. Best is trial 52 with value: 0.2639436986129883.
running
[I 2024-10-24 23:01:38,830] Trial 91 finished with value: 0.35834031915310116 and parameters: {'model_name': 'IterativeImputer', 'estimator': 'Bayesian', 'initial_strategy': 'mean', 'n_nearest_features': 4, 'imputation_order': 'random', 'sample_posterior': True}. Best is trial 52 with value: 0.2639436986129883.
running
[I 2024-10-24 23:01:50,078] Trial 92 finished with value: 0.30085803051047205 and parameters: {'model_name': 'IterativeImputer', 'estimator': 'KNN', 'initial_strategy': 'most_frequent', 'n_nearest_features': 2, 'imputation_order': 'descending'}. Best is trial 52 with value: 0.2639436986129883.
running
[I 2024-10-24 23:02:02,249] Trial 93 finished with value: 0.26377307215844603 and parameters: {'model_name': 'IterativeImputer', 'estimator': 'Ridge', 'initial_strategy': 'mean', 'n_nearest_features': 2, 'imputation_order': 'random'}. Best is trial 93 with value: 0.26377307215844603.
running
[I 2024-10-24 23:02:13,033] Trial 94 finished with value: 0.2660160734288154 and parameters: {'model_name': 'IterativeImputer', 'estimator': 'Ridge', 'initial_strategy': 'mean', 'n_nearest_features': 3, 'imputation_order': 'roman'}. Best is trial 93 with value: 0.26377307215844603.
running
[I 2024-10-24 23:02:14,552] Trial 95 finished with value: 0.26546413589671536 and parameters: {'model_name': 'KNNImputer', 'n_neighbors': 1583, 'weights': 'uniform'}. Best is trial 93 with value: 0.26377307215844603.
running
[I 2024-10-24 23:02:25,697] Trial 96 finished with value: 0.26377307215844603 and parameters: {'model_name': 'IterativeImputer', 'estimator': 'Ridge', 'initial_strategy': 'mean', 'n_nearest_features': 2, 'imputation_order': 'random'}. Best is trial 93 with value: 0.26377307215844603.
running
[I 2024-10-24 23:02:36,387] Trial 97 finished with value: 0.26377307215844603 and parameters: {'model_name': 'IterativeImputer', 'estimator': 'Ridge', 'initial_strategy': 'mean', 'n_nearest_features': 2, 'imputation_order': 'random'}. Best is trial 93 with value: 0.26377307215844603.
running
[I 2024-10-24 23:02:48,403] Trial 98 finished with value: 0.26377307215844603 and parameters: {'model_name': 'IterativeImputer', 'estimator': 'Ridge', 'initial_strategy': 'mean', 'n_nearest_features': 2, 'imputation_order': 'random'}. Best is trial 93 with value: 0.26377307215844603.
running
[I 2024-10-24 23:02:55,024] Trial 99 finished with value: 0.26413453491700906 and parameters: {'model_name': 'IterativeImputer', 'estimator': 'Ridge', 'initial_strategy': 'constant', 'n_nearest_features': 1, 'imputation_order': 'random'}. Best is trial 93 with value: 0.26377307215844603.
running
[I 2024-10-24 23:03:04,537] Trial 100 finished with value: 0.2688773460402391 and parameters: {'model_name': 'IterativeImputer', 'estimator': 'Ridge', 'initial_strategy': 'mean', 'n_nearest_features': 2, 'imputation_order': 'arabic'}. Best is trial 93 with value: 0.26377307215844603.
running
[I 2024-10-24 23:04:18,852] Trial 101 finished with value: inf and parameters: {'model_name': 'GAIN', 'batch_size': 1, 'hint_rate': 0.7049503631242257, 'alpha': 1, 'iterations': 180, 'learning_rate': 0.0001016581582649614, 'p_miss': 0.17575227965372792}. Best is trial 93 with value: 0.26377307215844603.
running
[I 2024-10-24 23:04:31,050] Trial 102 finished with value: 0.26865994001923893 and parameters: {'model_name': 'IterativeImputer', 'estimator': 'Ridge', 'initial_strategy': 'mean', 'n_nearest_features': 3, 'imputation_order': 'random'}. Best is trial 93 with value: 0.26377307215844603.
running
[I 2024-10-24 23:08:16,051] Trial 60 finished with value: 0.2657428761618813 and parameters: {'model_name': 'VAE', 'batch_size': 927, 'iterations': 3906, 'learning_rate': 0.09842083075375899, 'p_miss': 0.29572814904398925}. Best is trial 93 with value: 0.26377307215844603.
running
[I 2024-10-24 23:08:27,948] Trial 104 finished with value: 0.2649490151363211 and parameters: {'model_name': 'IterativeImputer', 'estimator': 'Ridge', 'initial_strategy': 'mean', 'n_nearest_features': 5, 'imputation_order': 'random'}. Best is trial 93 with value: 0.26377307215844603.
running
[I 2024-10-24 23:08:28,609] Trial 105 finished with value: 0.31843614650767554 and parameters: {'model_name': 'SimpleImputer', 'strategy': 'most_frequent'}. Best is trial 93 with value: 0.26377307215844603.
running
[I 2024-10-24 23:08:40,578] Trial 106 finished with value: 0.26377307215844603 and parameters: {'model_name': 'IterativeImputer', 'estimator': 'Ridge', 'initial_strategy': 'mean', 'n_nearest_features': 2, 'imputation_order': 'random'}. Best is trial 93 with value: 0.26377307215844603.
running
[I 2024-10-24 23:08:52,820] Trial 107 finished with value: 0.26377307215844603 and parameters: {'model_name': 'IterativeImputer', 'estimator': 'Ridge', 'initial_strategy': 'mean', 'n_nearest_features': 2, 'imputation_order': 'random'}. Best is trial 93 with value: 0.26377307215844603.
running
[I 2024-10-24 23:09:00,294] Trial 108 finished with value: 0.26414198368790653 and parameters: {'model_name': 'IterativeImputer', 'estimator': 'Ridge', 'initial_strategy': 'mean', 'n_nearest_features': 1, 'imputation_order': 'random'}. Best is trial 93 with value: 0.26377307215844603.
running
[I 2024-10-24 23:09:11,272] Trial 109 finished with value: 0.26737352054988006 and parameters: {'model_name': 'IterativeImputer', 'estimator': 'Ridge', 'initial_strategy': 'median', 'n_nearest_features': 2, 'imputation_order': 'random'}. Best is trial 93 with value: 0.26377307215844603.
running
[I 2024-10-24 23:09:23,209] Trial 110 finished with value: 0.26377307215844603 and parameters: {'model_name': 'IterativeImputer', 'estimator': 'Ridge', 'initial_strategy': 'mean', 'n_nearest_features': 2, 'imputation_order': 'random'}. Best is trial 93 with value: 0.26377307215844603.
running
[I 2024-10-24 23:09:29,822] Trial 111 finished with value: 0.26414198368790653 and parameters: {'model_name': 'IterativeImputer', 'estimator': 'Ridge', 'initial_strategy': 'mean', 'n_nearest_features': 1, 'imputation_order': 'random'}. Best is trial 93 with value: 0.26377307215844603.
running
[I 2024-10-24 23:09:39,817] Trial 112 finished with value: 0.26377307215844603 and parameters: {'model_name': 'IterativeImputer', 'estimator': 'Ridge', 'initial_strategy': 'mean', 'n_nearest_features': 2, 'imputation_order': 'random'}. Best is trial 93 with value: 0.26377307215844603.
running
[I 2024-10-24 23:09:50,588] Trial 113 finished with value: 0.26377307215844603 and parameters: {'model_name': 'IterativeImputer', 'estimator': 'Ridge', 'initial_strategy': 'mean', 'n_nearest_features': 2, 'imputation_order': 'random'}. Best is trial 93 with value: 0.26377307215844603.
running
[I 2024-10-24 23:09:57,457] Trial 114 finished with value: 0.2680815555352042 and parameters: {'model_name': 'IterativeImputer', 'estimator': 'Ridge', 'initial_strategy': 'mean', 'n_nearest_features': 1, 'imputation_order': 'descending'}. Best is trial 93 with value: 0.26377307215844603.
running
[I 2024-10-24 23:10:08,394] Trial 115 finished with value: 0.26377307215844603 and parameters: {'model_name': 'IterativeImputer', 'estimator': 'Ridge', 'initial_strategy': 'mean', 'n_nearest_features': 2, 'imputation_order': 'random'}. Best is trial 93 with value: 0.26377307215844603.
running
[I 2024-10-24 23:10:19,243] Trial 116 finished with value: 0.26377307215844603 and parameters: {'model_name': 'IterativeImputer', 'estimator': 'Ridge', 'initial_strategy': 'mean', 'n_nearest_features': 2, 'imputation_order': 'random'}. Best is trial 93 with value: 0.26377307215844603.
running
[I 2024-10-24 23:10:29,711] Trial 117 finished with value: 0.26377307215844603 and parameters: {'model_name': 'IterativeImputer', 'estimator': 'Ridge', 'initial_strategy': 'mean', 'n_nearest_features': 2, 'imputation_order': 'random'}. Best is trial 93 with value: 0.26377307215844603.
running
[I 2024-10-24 23:10:41,330] Trial 118 finished with value: 0.26377307215844603 and parameters: {'model_name': 'IterativeImputer', 'estimator': 'Ridge', 'initial_strategy': 'mean', 'n_nearest_features': 2, 'imputation_order': 'random'}. Best is trial 93 with value: 0.26377307215844603.
running
[I 2024-10-24 23:10:51,791] Trial 119 finished with value: 0.2648604328892056 and parameters: {'model_name': 'IterativeImputer', 'estimator': 'Ridge', 'initial_strategy': 'mean', 'n_nearest_features': 2, 'imputation_order': 'roman'}. Best is trial 93 with value: 0.26377307215844603.
running
[I 2024-10-24 23:11:03,892] Trial 120 finished with value: 0.26865994001923893 and parameters: {'model_name': 'IterativeImputer', 'estimator': 'Ridge', 'initial_strategy': 'mean', 'n_nearest_features': 3, 'imputation_order': 'random'}. Best is trial 93 with value: 0.26377307215844603.
running
[I 2024-10-24 23:11:15,152] Trial 121 finished with value: 0.26377307215844603 and parameters: {'model_name': 'IterativeImputer', 'estimator': 'Ridge', 'initial_strategy': 'mean', 'n_nearest_features': 2, 'imputation_order': 'random'}. Best is trial 93 with value: 0.26377307215844603.
running
[I 2024-10-24 23:11:17,449] Trial 122 finished with value: 0.27857016251346345 and parameters: {'model_name': 'KNNImputer', 'n_neighbors': 1991, 'weights': 'distance'}. Best is trial 93 with value: 0.26377307215844603.
running
[I 2024-10-24 23:13:02,440] Trial 123 finished with value: 0.48026686770721794 and parameters: {'model_name': 'VAE', 'batch_size': 328, 'iterations': 15, 'learning_rate': 0.001152401548650122, 'p_miss': 0.06614198778123706}. Best is trial 93 with value: 0.26377307215844603.
running
[I 2024-10-24 23:13:13,353] Trial 124 finished with value: 0.26737352054988006 and parameters: {'model_name': 'IterativeImputer', 'estimator': 'Ridge', 'initial_strategy': 'constant', 'n_nearest_features': 2, 'imputation_order': 'random'}. Best is trial 93 with value: 0.26377307215844603.
running
[I 2024-10-25 00:37:58,196] Trial 66 finished with value: 0.2653862141459561 and parameters: {'model_name': 'VAE', 'batch_size': 444, 'iterations': 5528, 'learning_rate': 0.09171941498126616, 'p_miss': 0.17607403028661825}. Best is trial 93 with value: 0.26377307215844603.
running
[I 2024-10-25 00:38:10,784] Trial 126 finished with value: 0.26377307215844603 and parameters: {'model_name': 'IterativeImputer', 'estimator': 'Ridge', 'initial_strategy': 'mean', 'n_nearest_features': 2, 'imputation_order': 'random'}. Best is trial 93 with value: 0.26377307215844603.
running
[I 2024-10-25 00:38:23,854] Trial 127 finished with value: 0.26377307215844603 and parameters: {'model_name': 'IterativeImputer', 'estimator': 'Ridge', 'initial_strategy': 'mean', 'n_nearest_features': 2, 'imputation_order': 'random'}. Best is trial 93 with value: 0.26377307215844603.
running
[I 2024-10-25 00:38:34,549] Trial 128 finished with value: 0.26377307215844603 and parameters: {'model_name': 'IterativeImputer', 'estimator': 'Ridge', 'initial_strategy': 'mean', 'n_nearest_features': 2, 'imputation_order': 'random'}. Best is trial 93 with value: 0.26377307215844603.
running
[I 2024-10-25 00:38:45,259] Trial 129 finished with value: 0.26377307215844603 and parameters: {'model_name': 'IterativeImputer', 'estimator': 'Ridge', 'initial_strategy': 'mean', 'n_nearest_features': 2, 'imputation_order': 'random'}. Best is trial 93 with value: 0.26377307215844603.
running
[I 2024-10-25 00:38:49,934] Trial 130 finished with value: 0.2661322793505867 and parameters: {'model_name': 'IterativeImputer', 'estimator': 'Ridge', 'initial_strategy': 'mean', 'n_nearest_features': 6, 'imputation_order': 'random'}. Best is trial 93 with value: 0.26377307215844603.
running
[I 2024-10-25 00:39:21,779] Trial 36 finished with value: 0.2658820554667576 and parameters: {'model_name': 'VAE', 'batch_size': 957, 'iterations': 5421, 'learning_rate': 0.07232957561946046, 'p_miss': 0.29460556595129217}. Best is trial 93 with value: 0.26377307215844603.
running
[I 2024-10-25 00:39:37,438] Trial 132 finished with value: 0.39794111444031693 and parameters: {'model_name': 'GAIN', 'batch_size': 217, 'hint_rate': 0.039522270014750005, 'alpha': 100, 'iterations': 6, 'learning_rate': 0.006848166670591548, 'p_miss': 0.1195391283540972}. Best is trial 93 with value: 0.26377307215844603.
running
[I 2024-10-25 00:39:48,404] Trial 133 finished with value: 0.2678777109185268 and parameters: {'model_name': 'IterativeImputer', 'estimator': 'Ridge', 'initial_strategy': 'mean', 'n_nearest_features': 2, 'imputation_order': 'ascending'}. Best is trial 93 with value: 0.26377307215844603.
running
[I 2024-10-25 00:40:00,552] Trial 134 finished with value: 0.26377307215844603 and parameters: {'model_name': 'IterativeImputer', 'estimator': 'Ridge', 'initial_strategy': 'mean', 'n_nearest_features': 2, 'imputation_order': 'random'}. Best is trial 93 with value: 0.26377307215844603.
running
[I 2024-10-25 00:40:00,953] Trial 135 finished with value: 0.31843614650767554 and parameters: {'model_name': 'SimpleImputer', 'strategy': 'constant'}. Best is trial 93 with value: 0.26377307215844603.
running
[I 2024-10-25 00:40:10,612] Trial 136 finished with value: 0.26377307215844603 and parameters: {'model_name': 'IterativeImputer', 'estimator': 'Ridge', 'initial_strategy': 'mean', 'n_nearest_features': 2, 'imputation_order': 'random'}. Best is trial 93 with value: 0.26377307215844603.
running
[I 2024-10-25 00:40:21,182] Trial 137 finished with value: 0.26377307215844603 and parameters: {'model_name': 'IterativeImputer', 'estimator': 'Ridge', 'initial_strategy': 'mean', 'n_nearest_features': 2, 'imputation_order': 'random'}. Best is trial 93 with value: 0.26377307215844603.
running
[I 2024-10-25 00:40:32,425] Trial 138 finished with value: 0.26377307215844603 and parameters: {'model_name': 'IterativeImputer', 'estimator': 'Ridge', 'initial_strategy': 'mean', 'n_nearest_features': 2, 'imputation_order': 'random'}. Best is trial 93 with value: 0.26377307215844603.
running
[I 2024-10-25 00:40:41,878] Trial 139 finished with value: 0.26377307215844603 and parameters: {'model_name': 'IterativeImputer', 'estimator': 'Ridge', 'initial_strategy': 'mean', 'n_nearest_features': 2, 'imputation_order': 'random'}. Best is trial 93 with value: 0.26377307215844603.
running
[I 2024-10-25 00:40:52,306] Trial 140 finished with value: 0.26593856537986466 and parameters: {'model_name': 'IterativeImputer', 'estimator': 'Ridge', 'initial_strategy': 'median', 'n_nearest_features': 2, 'imputation_order': 'arabic'}. Best is trial 93 with value: 0.26377307215844603.
running
[I 2024-10-25 00:41:03,592] Trial 141 finished with value: 0.26377307215844603 and parameters: {'model_name': 'IterativeImputer', 'estimator': 'Ridge', 'initial_strategy': 'mean', 'n_nearest_features': 2, 'imputation_order': 'random'}. Best is trial 93 with value: 0.26377307215844603.
running
[I 2024-10-25 00:41:11,170] Trial 142 finished with value: 0.29821991600387776 and parameters: {'model_name': 'IterativeImputer', 'estimator': 'KNN', 'initial_strategy': 'most_frequent', 'n_nearest_features': 1, 'imputation_order': 'random'}. Best is trial 93 with value: 0.26377307215844603.
running
[I 2024-10-25 00:41:21,872] Trial 143 finished with value: 0.26865994001923893 and parameters: {'model_name': 'IterativeImputer', 'estimator': 'Ridge', 'initial_strategy': 'mean', 'n_nearest_features': 3, 'imputation_order': 'random'}. Best is trial 93 with value: 0.26377307215844603.
running
[I 2024-10-25 00:41:33,036] Trial 144 finished with value: 0.26377307215844603 and parameters: {'model_name': 'IterativeImputer', 'estimator': 'Ridge', 'initial_strategy': 'mean', 'n_nearest_features': 2, 'imputation_order': 'random'}. Best is trial 93 with value: 0.26377307215844603.
running
[I 2024-10-25 00:41:43,598] Trial 145 finished with value: 0.26377307215844603 and parameters: {'model_name': 'IterativeImputer', 'estimator': 'Ridge', 'initial_strategy': 'mean', 'n_nearest_features': 2, 'imputation_order': 'random'}. Best is trial 93 with value: 0.26377307215844603.
running
[I 2024-10-25 00:41:53,531] Trial 146 finished with value: 0.26377307215844603 and parameters: {'model_name': 'IterativeImputer', 'estimator': 'Ridge', 'initial_strategy': 'mean', 'n_nearest_features': 2, 'imputation_order': 'random'}. Best is trial 93 with value: 0.26377307215844603.
running
[I 2024-10-25 00:42:03,296] Trial 147 finished with value: 0.26377307215844603 and parameters: {'model_name': 'IterativeImputer', 'estimator': 'Ridge', 'initial_strategy': 'mean', 'n_nearest_features': 2, 'imputation_order': 'random'}. Best is trial 93 with value: 0.26377307215844603.
running
[I 2024-10-25 00:50:51,683] Trial 148 finished with value: 0.26941311938819196 and parameters: {'model_name': 'IterativeImputer', 'estimator': 'RFR', 'initial_strategy': 'mean', 'n_nearest_features': 2, 'imputation_order': 'random'}. Best is trial 93 with value: 0.26377307215844603.
running
[I 2024-10-25 00:51:03,106] Trial 149 finished with value: 0.26377307215844603 and parameters: {'model_name': 'IterativeImputer', 'estimator': 'Ridge', 'initial_strategy': 'mean', 'n_nearest_features': 2, 'imputation_order': 'random'}. Best is trial 93 with value: 0.26377307215844603.
running
[I 2024-10-25 00:51:15,437] Trial 150 finished with value: 0.26865994001923893 and parameters: {'model_name': 'IterativeImputer', 'estimator': 'Ridge', 'initial_strategy': 'mean', 'n_nearest_features': 3, 'imputation_order': 'random'}. Best is trial 93 with value: 0.26377307215844603.
running
[I 2024-10-25 00:51:26,977] Trial 151 finished with value: 0.26377307215844603 and parameters: {'model_name': 'IterativeImputer', 'estimator': 'Ridge', 'initial_strategy': 'mean', 'n_nearest_features': 2, 'imputation_order': 'random'}. Best is trial 93 with value: 0.26377307215844603.
running
[I 2024-10-25 00:51:28,755] Trial 152 finished with value: 0.2665826455713417 and parameters: {'model_name': 'KNNImputer', 'n_neighbors': 1149, 'weights': 'uniform'}. Best is trial 93 with value: 0.26377307215844603.
running
[I 2024-10-25 00:51:39,787] Trial 153 finished with value: 0.2666543693796909 and parameters: {'model_name': 'IterativeImputer', 'estimator': 'Ridge', 'initial_strategy': 'mean', 'n_nearest_features': 4, 'imputation_order': 'random'}. Best is trial 93 with value: 0.26377307215844603.
running
[I 2024-10-25 00:51:50,138] Trial 154 finished with value: 0.2693745382597129 and parameters: {'model_name': 'IterativeImputer', 'estimator': 'Ridge', 'initial_strategy': 'mean', 'n_nearest_features': 2, 'imputation_order': 'descending'}. Best is trial 93 with value: 0.26377307215844603.
running
[I 2024-10-25 01:03:43,960] Trial 155 finished with value: 0.3161183609768985 and parameters: {'model_name': 'GAIN', 'batch_size': 16, 'hint_rate': 0.9749867421296667, 'alpha': 87, 'iterations': 384, 'learning_rate': 0.0011326680701586097, 'p_miss': 0.2603268463292043}. Best is trial 93 with value: 0.26377307215844603.
running
[I 2024-10-25 01:03:55,356] Trial 156 finished with value: 0.26377307215844603 and parameters: {'model_name': 'IterativeImputer', 'estimator': 'Ridge', 'initial_strategy': 'mean', 'n_nearest_features': 2, 'imputation_order': 'random'}. Best is trial 93 with value: 0.26377307215844603.
running
[I 2024-10-25 01:04:06,540] Trial 157 finished with value: 0.26377307215844603 and parameters: {'model_name': 'IterativeImputer', 'estimator': 'Ridge', 'initial_strategy': 'mean', 'n_nearest_features': 2, 'imputation_order': 'random'}. Best is trial 93 with value: 0.26377307215844603.
running
[I 2024-10-25 01:04:17,659] Trial 158 finished with value: 0.26377307215844603 and parameters: {'model_name': 'IterativeImputer', 'estimator': 'Ridge', 'initial_strategy': 'mean', 'n_nearest_features': 2, 'imputation_order': 'random'}. Best is trial 93 with value: 0.26377307215844603.
running
[I 2024-10-25 01:04:27,738] Trial 159 finished with value: 0.2648604328892056 and parameters: {'model_name': 'IterativeImputer', 'estimator': 'Ridge', 'initial_strategy': 'mean', 'n_nearest_features': 2, 'imputation_order': 'roman'}. Best is trial 93 with value: 0.26377307215844603.
running
[I 2024-10-25 01:04:37,899] Trial 160 finished with value: 0.26377307215844603 and parameters: {'model_name': 'IterativeImputer', 'estimator': 'Ridge', 'initial_strategy': 'mean', 'n_nearest_features': 2, 'imputation_order': 'random'}. Best is trial 93 with value: 0.26377307215844603.
running
[I 2024-10-25 01:04:44,049] Trial 161 finished with value: 0.2643195294982465 and parameters: {'model_name': 'IterativeImputer', 'estimator': 'Ridge', 'initial_strategy': 'constant', 'n_nearest_features': 1, 'imputation_order': 'ascending'}. Best is trial 93 with value: 0.26377307215844603.
running
[I 2024-10-25 01:04:54,151] Trial 162 finished with value: 0.2877099122147275 and parameters: {'model_name': 'IterativeImputer', 'estimator': 'KNN', 'initial_strategy': 'mean', 'n_nearest_features': 2, 'imputation_order': 'random'}. Best is trial 93 with value: 0.26377307215844603.
running
[I 2024-10-25 01:04:54,532] Trial 163 finished with value: 0.31843614650767554 and parameters: {'model_name': 'SimpleImputer', 'strategy': 'constant'}. Best is trial 93 with value: 0.26377307215844603.
running
[I 2024-10-25 01:05:05,084] Trial 164 finished with value: 0.26737352054988006 and parameters: {'model_name': 'IterativeImputer', 'estimator': 'Ridge', 'initial_strategy': 'most_frequent', 'n_nearest_features': 2, 'imputation_order': 'random'}. Best is trial 93 with value: 0.26377307215844603.
running
[I 2024-10-25 01:05:15,498] Trial 165 finished with value: 0.26377307215844603 and parameters: {'model_name': 'IterativeImputer', 'estimator': 'Ridge', 'initial_strategy': 'mean', 'n_nearest_features': 2, 'imputation_order': 'random'}. Best is trial 93 with value: 0.26377307215844603.
running
[I 2024-10-25 01:05:26,002] Trial 166 finished with value: 0.26377307215844603 and parameters: {'model_name': 'IterativeImputer', 'estimator': 'Ridge', 'initial_strategy': 'mean', 'n_nearest_features': 2, 'imputation_order': 'random'}. Best is trial 93 with value: 0.26377307215844603.
running
[I 2024-10-25 01:05:36,728] Trial 167 finished with value: 0.26377307215844603 and parameters: {'model_name': 'IterativeImputer', 'estimator': 'Ridge', 'initial_strategy': 'mean', 'n_nearest_features': 2, 'imputation_order': 'random'}. Best is trial 93 with value: 0.26377307215844603.
running
[I 2024-10-25 01:05:47,381] Trial 168 finished with value: 0.26377307215844603 and parameters: {'model_name': 'IterativeImputer', 'estimator': 'Ridge', 'initial_strategy': 'mean', 'n_nearest_features': 2, 'imputation_order': 'random'}. Best is trial 93 with value: 0.26377307215844603.
running
[I 2024-10-25 01:05:58,963] Trial 169 finished with value: 0.26377307215844603 and parameters: {'model_name': 'IterativeImputer', 'estimator': 'Ridge', 'initial_strategy': 'mean', 'n_nearest_features': 2, 'imputation_order': 'random'}. Best is trial 93 with value: 0.26377307215844603.
running
[I 2024-10-25 01:06:11,422] Trial 170 finished with value: 0.26593856537986466 and parameters: {'model_name': 'IterativeImputer', 'estimator': 'Ridge', 'initial_strategy': 'median', 'n_nearest_features': 2, 'imputation_order': 'arabic'}. Best is trial 93 with value: 0.26377307215844603.
running
[I 2024-10-25 01:14:51,636] Trial 171 finished with value: 0.26908368424342344 and parameters: {'model_name': 'IterativeImputer', 'estimator': 'RFR', 'initial_strategy': 'mean', 'n_nearest_features': 2, 'imputation_order': 'random'}. Best is trial 93 with value: 0.26377307215844603.
running
[I 2024-10-25 01:15:02,349] Trial 172 finished with value: 0.26377307215844603 and parameters: {'model_name': 'IterativeImputer', 'estimator': 'Ridge', 'initial_strategy': 'mean', 'n_nearest_features': 2, 'imputation_order': 'random'}. Best is trial 93 with value: 0.26377307215844603.
running
[I 2024-10-25 01:15:13,963] Trial 173 finished with value: 0.26377307215844603 and parameters: {'model_name': 'IterativeImputer', 'estimator': 'Ridge', 'initial_strategy': 'mean', 'n_nearest_features': 2, 'imputation_order': 'random'}. Best is trial 93 with value: 0.26377307215844603.
running
[I 2024-10-25 01:17:08,737] Trial 174 finished with value: 0.3174264211661092 and parameters: {'model_name': 'VAE', 'batch_size': 2, 'iterations': 31, 'learning_rate': 0.039419750095254655, 'p_miss': 0.1605334251739413}. Best is trial 93 with value: 0.26377307215844603.
running
[I 2024-10-25 01:17:19,544] Trial 175 finished with value: 0.26377307215844603 and parameters: {'model_name': 'IterativeImputer', 'estimator': 'Ridge', 'initial_strategy': 'mean', 'n_nearest_features': 2, 'imputation_order': 'random'}. Best is trial 93 with value: 0.26377307215844603.
running
[I 2024-10-25 01:17:31,409] Trial 176 finished with value: 0.26377307215844603 and parameters: {'model_name': 'IterativeImputer', 'estimator': 'Ridge', 'initial_strategy': 'mean', 'n_nearest_features': 2, 'imputation_order': 'random'}. Best is trial 93 with value: 0.26377307215844603.
running
[I 2024-10-25 01:17:42,973] Trial 177 finished with value: 0.26377307215844603 and parameters: {'model_name': 'IterativeImputer', 'estimator': 'Ridge', 'initial_strategy': 'mean', 'n_nearest_features': 2, 'imputation_order': 'random'}. Best is trial 93 with value: 0.26377307215844603.
running
[I 2024-10-25 01:17:54,830] Trial 178 finished with value: 0.26377307215844603 and parameters: {'model_name': 'IterativeImputer', 'estimator': 'Ridge', 'initial_strategy': 'mean', 'n_nearest_features': 2, 'imputation_order': 'random'}. Best is trial 93 with value: 0.26377307215844603.
running
[I 2024-10-25 01:18:04,135] Trial 37 finished with value: 0.26536480415546615 and parameters: {'model_name': 'VAE', 'batch_size': 554, 'iterations': 6183, 'learning_rate': 0.09781187366677362, 'p_miss': 0.2694410498852198}. Best is trial 93 with value: 0.26377307215844603.
running
[I 2024-10-25 01:18:05,831] Trial 179 finished with value: 0.26377307215844603 and parameters: {'model_name': 'IterativeImputer', 'estimator': 'Ridge', 'initial_strategy': 'mean', 'n_nearest_features': 2, 'imputation_order': 'random'}. Best is trial 93 with value: 0.26377307215844603.
running
[I 2024-10-25 01:18:15,725] Trial 180 finished with value: 0.26377307215844603 and parameters: {'model_name': 'IterativeImputer', 'estimator': 'Ridge', 'initial_strategy': 'mean', 'n_nearest_features': 2, 'imputation_order': 'random'}. Best is trial 93 with value: 0.26377307215844603.
running
[I 2024-10-25 01:18:17,021] Trial 181 finished with value: 0.26377307215844603 and parameters: {'model_name': 'IterativeImputer', 'estimator': 'Ridge', 'initial_strategy': 'mean', 'n_nearest_features': 2, 'imputation_order': 'random'}. Best is trial 93 with value: 0.26377307215844603.
running
[I 2024-10-25 01:18:26,216] Trial 182 finished with value: 0.26377307215844603 and parameters: {'model_name': 'IterativeImputer', 'estimator': 'Ridge', 'initial_strategy': 'mean', 'n_nearest_features': 2, 'imputation_order': 'random'}. Best is trial 93 with value: 0.26377307215844603.
running
[I 2024-10-25 01:18:27,515] Trial 184 finished with value: 0.27851552405241925 and parameters: {'model_name': 'KNNImputer', 'n_neighbors': 2530, 'weights': 'distance'}. Best is trial 93 with value: 0.26377307215844603.
running
[I 2024-10-25 01:18:28,404] Trial 183 finished with value: 0.26865994001923893 and parameters: {'model_name': 'IterativeImputer', 'estimator': 'Ridge', 'initial_strategy': 'mean', 'n_nearest_features': 3, 'imputation_order': 'random'}. Best is trial 93 with value: 0.26377307215844603.
running
[I 2024-10-25 01:18:38,732] Trial 185 finished with value: 0.26865994001923893 and parameters: {'model_name': 'IterativeImputer', 'estimator': 'Ridge', 'initial_strategy': 'mean', 'n_nearest_features': 3, 'imputation_order': 'random'}. Best is trial 93 with value: 0.26377307215844603.
running
[I 2024-10-25 01:18:39,149] Trial 186 finished with value: 0.26377307215844603 and parameters: {'model_name': 'IterativeImputer', 'estimator': 'Ridge', 'initial_strategy': 'mean', 'n_nearest_features': 2, 'imputation_order': 'random'}. Best is trial 93 with value: 0.26377307215844603.
running
[I 2024-10-25 01:18:50,433] Trial 187 finished with value: 0.26377307215844603 and parameters: {'model_name': 'IterativeImputer', 'estimator': 'Ridge', 'initial_strategy': 'mean', 'n_nearest_features': 2, 'imputation_order': 'random'}. Best is trial 93 with value: 0.26377307215844603.
running
[I 2024-10-25 01:18:50,795] Trial 188 finished with value: 0.26377307215844603 and parameters: {'model_name': 'IterativeImputer', 'estimator': 'Ridge', 'initial_strategy': 'mean', 'n_nearest_features': 2, 'imputation_order': 'random'}. Best is trial 93 with value: 0.26377307215844603.
running
[I 2024-10-25 01:19:01,624] Trial 190 finished with value: 0.2693745382597129 and parameters: {'model_name': 'IterativeImputer', 'estimator': 'Ridge', 'initial_strategy': 'mean', 'n_nearest_features': 2, 'imputation_order': 'descending'}. Best is trial 93 with value: 0.26377307215844603.
running
[I 2024-10-25 01:19:01,937] Trial 189 finished with value: 0.26377307215844603 and parameters: {'model_name': 'IterativeImputer', 'estimator': 'Ridge', 'initial_strategy': 'mean', 'n_nearest_features': 2, 'imputation_order': 'random'}. Best is trial 93 with value: 0.26377307215844603.
running
[I 2024-10-25 01:19:13,211] Trial 191 finished with value: 0.2648604328892056 and parameters: {'model_name': 'IterativeImputer', 'estimator': 'Ridge', 'initial_strategy': 'mean', 'n_nearest_features': 2, 'imputation_order': 'roman'}. Best is trial 93 with value: 0.26377307215844603.
running
[I 2024-10-25 01:19:22,126] Trial 193 finished with value: 0.28228126809501464 and parameters: {'model_name': 'IterativeImputer', 'estimator': 'KNN', 'initial_strategy': 'constant', 'n_nearest_features': 1, 'imputation_order': 'ascending'}. Best is trial 93 with value: 0.26377307215844603.
running
[I 2024-10-25 01:20:09,863] Trial 192 finished with value: 0.40568778776689046 and parameters: {'model_name': 'GAIN', 'batch_size': 25, 'hint_rate': 0.4760462517954668, 'alpha': 39, 'iterations': 37, 'learning_rate': 0.00016917823738131754, 'p_miss': 0.2042831483181748}. Best is trial 93 with value: 0.26377307215844603.
running
[I 2024-10-25 01:20:10,669] Trial 195 finished with value: 0.31843614650767554 and parameters: {'model_name': 'SimpleImputer', 'strategy': 'most_frequent'}. Best is trial 93 with value: 0.26377307215844603.
running
[I 2024-10-25 01:20:22,012] Trial 196 finished with value: 0.26377307215844603 and parameters: {'model_name': 'IterativeImputer', 'estimator': 'Ridge', 'initial_strategy': 'mean', 'n_nearest_features': 2, 'imputation_order': 'random'}. Best is trial 93 with value: 0.26377307215844603.
running
[I 2024-10-25 01:20:32,834] Trial 197 finished with value: 0.26377307215844603 and parameters: {'model_name': 'IterativeImputer', 'estimator': 'Ridge', 'initial_strategy': 'mean', 'n_nearest_features': 2, 'imputation_order': 'random'}. Best is trial 93 with value: 0.26377307215844603.
running
[I 2024-10-25 01:20:43,962] Trial 198 finished with value: 0.26377307215844603 and parameters: {'model_name': 'IterativeImputer', 'estimator': 'Ridge', 'initial_strategy': 'mean', 'n_nearest_features': 2, 'imputation_order': 'random'}. Best is trial 93 with value: 0.26377307215844603.
running
[I 2024-10-25 01:20:54,988] Trial 199 finished with value: 0.26377307215844603 and parameters: {'model_name': 'IterativeImputer', 'estimator': 'Ridge', 'initial_strategy': 'mean', 'n_nearest_features': 2, 'imputation_order': 'random'}. Best is trial 93 with value: 0.26377307215844603.
[I 2024-10-25 02:49:47,855] Trial 38 finished with value: 0.26494968005738373 and parameters: {'model_name': 'VAE', 'batch_size': 483, 'iterations': 7902, 'learning_rate': 0.07474889686019856, 'p_miss': 0.2951286825526595}. Best is trial 93 with value: 0.26377307215844603.
[I 2024-10-25 03:43:25,104] Trial 39 finished with value: 0.26577658211095395 and parameters: {'model_name': 'VAE', 'batch_size': 692, 'iterations': 6650, 'learning_rate': 0.09986900707729698, 'p_miss': 0.2932182703718774}. Best is trial 93 with value: 0.26377307215844603.
[I 2024-10-25 03:54:33,675] Trial 125 finished with value: 0.3947356552129892 and parameters: {'model_name': 'GAIN', 'batch_size': 23, 'hint_rate': 0.4335645044110929, 'alpha': 94, 'iterations': 9429, 'learning_rate': 0.0066745116498885156, 'p_miss': 0.11567462666663313}. Best is trial 93 with value: 0.26377307215844603.
[I 2024-10-25 04:19:49,005] Trial 61 finished with value: 0.26581811948792683 and parameters: {'model_name': 'VAE', 'batch_size': 897, 'iterations': 7578, 'learning_rate': 0.08315315472123841, 'p_miss': 0.2994601772603268}. Best is trial 93 with value: 0.26377307215844603.
[I 2024-10-25 04:33:42,158] Trial 65 finished with value: 0.26571555065743224 and parameters: {'model_name': 'VAE', 'batch_size': 621, 'iterations': 6950, 'learning_rate': 0.07059101164437066, 'p_miss': 0.15506426741973794}. Best is trial 93 with value: 0.26377307215844603.
[I 2024-10-25 04:48:29,348] Trial 131 finished with value: 0.37551276260921523 and parameters: {'model_name': 'GAIN', 'batch_size': 210, 'hint_rate': 0.051018357787612045, 'alpha': 89, 'iterations': 9007, 'learning_rate': 0.00617426009256991, 'p_miss': 0.12318884239176192}. Best is trial 93 with value: 0.26377307215844603.
[I 2024-10-25 04:56:35,646] Trial 55 finished with value: 0.2661561444683948 and parameters: {'model_name': 'VAE', 'batch_size': 796, 'iterations': 7763, 'learning_rate': 0.07937580198869891, 'p_miss': 0.15238928496425713}. Best is trial 93 with value: 0.26377307215844603.
[I 2024-10-25 05:00:16,627] Trial 62 finished with value: 0.2658138935826894 and parameters: {'model_name': 'VAE', 'batch_size': 929, 'iterations': 8264, 'learning_rate': 0.08285231693158984, 'p_miss': 0.01418156629308584}. Best is trial 93 with value: 0.26377307215844603.
[I 2024-10-25 05:01:52,486] Trial 194 finished with value: inf and parameters: {'model_name': 'GAIN', 'batch_size': 8, 'hint_rate': 0.4923911682282658, 'alpha': 1, 'iterations': 9237, 'learning_rate': 0.00030096735818874745, 'p_miss': 0.20374508996621696}. Best is trial 93 with value: 0.26377307215844603.
[I 2024-10-25 05:08:57,042] Trial 54 finished with value: 0.26593930794640636 and parameters: {'model_name': 'VAE', 'batch_size': 914, 'iterations': 8221, 'learning_rate': 0.0015763983132910336, 'p_miss': 0.2975724410703685}. Best is trial 93 with value: 0.26377307215844603.
[I 2024-10-25 05:09:03,946] Trial 32 finished with value: 0.2659546605926617 and parameters: {'model_name': 'VAE', 'batch_size': 809, 'iterations': 8239, 'learning_rate': 0.00010095301770854533, 'p_miss': 0.291440907763317}. Best is trial 93 with value: 0.26377307215844603.
[I 2024-10-25 05:09:56,163] Trial 67 finished with value: 0.2660906682100593 and parameters: {'model_name': 'VAE', 'batch_size': 775, 'iterations': 7138, 'learning_rate': 0.0005293433840388901, 'p_miss': 0.16635540130657217}. Best is trial 93 with value: 0.26377307215844603.
[I 2024-10-25 05:19:54,091] Trial 103 finished with value: 0.26425706607865623 and parameters: {'model_name': 'VAE', 'batch_size': 287, 'iterations': 7200, 'learning_rate': 0.001369062070307155, 'p_miss': 0.06321167671246031}. Best is trial 93 with value: 0.26377307215844603.
[I 2024-10-25 05:24:57,562] Trial 63 finished with value: 0.2661981201411889 and parameters: {'model_name': 'VAE', 'batch_size': 760, 'iterations': 9927, 'learning_rate': 0.0818412207590685, 'p_miss': 0.147026957931467}. Best is trial 93 with value: 0.26377307215844603.
[I 2024-10-25 05:25:21,636] Trial 70 finished with value: 0.2661787301580729 and parameters: {'model_name': 'VAE', 'batch_size': 817, 'iterations': 9431, 'learning_rate': 0.0008063614282307225, 'p_miss': 0.17380637517166944}. Best is trial 93 with value: 0.26377307215844603.
fit
auto fit
auto transform
0    0
1    0
2    0
3    0
4    0
5    0
6    0
dtype: int64
0    0
1    0
2    0
3    0
4    0
5    0
6    0
dtype: int64
0.26377307215844603
{'model_name': 'IterativeImputer', 'estimator': 'Ridge', 'initial_strategy': 'mean', 'n_nearest_features': 2, 'imputation_order': 'random'}
running experiment 2/3 - Does reconstruction give good automl predictions
Start est fit
Version 0.1.7a0 of tpot2 is outdated. Version 0.1.8a0 was released Tuesday September 17, 2024.
Version 0.1.7a0 of tpot2 is outdated. Version 0.1.8a0 was released Tuesday September 17, 2024.
Version 0.1.7a0 of tpot2 is outdated. Version 0.1.8a0 was released Tuesday September 17, 2024.
Version 0.1.7a0 of tpot2 is outdated. Version 0.1.8a0 was released Tuesday September 17, 2024.
Version 0.1.7a0 of tpot2 is outdated. Version 0.1.8a0 was released Tuesday September 17, 2024.
Version 0.1.7a0 of tpot2 is outdated. Version 0.1.8a0 was released Tuesday September 17, 2024.
Version 0.1.7a0 of tpot2 is outdated. Version 0.1.8a0 was released Tuesday September 17, 2024.
Version 0.1.7a0 of tpot2 is outdated. Version 0.1.8a0 was released Tuesday September 17, 2024.
Version 0.1.7a0 of tpot2 is outdated. Version 0.1.8a0 was released Tuesday September 17, 2024.
Version 0.1.7a0 of tpot2 is outdated. Version 0.1.8a0 was released Tuesday September 17, 2024.
Version 0.1.7a0 of tpot2 is outdated. Version 0.1.8a0 was released Tuesday September 17, 2024.
Version 0.1.7a0 of tpot2 is outdated. Version 0.1.8a0 was released Tuesday September 17, 2024.
Version 0.1.7a0 of tpot2 is outdated. Version 0.1.8a0 was released Tuesday September 17, 2024.
Version 0.1.7a0 of tpot2 is outdated. Version 0.1.8a0 was released Tuesday September 17, 2024.
Version 0.1.7a0 of tpot2 is outdated. Version 0.1.8a0 was released Tuesday September 17, 2024.
Version 0.1.7a0 of tpot2 is outdated. Version 0.1.8a0 was released Tuesday September 17, 2024.
  0%|          | 0/25 [00:00<?, ?it/s]Generation:   0%|          | 0/25 [00:00<?, ?it/s]Generation:  1
Best f1_score score: 0.9862448695610174
Generation:   4%|         | 1/25 [00:16<06:28, 16.18s/it]Generation:  2
Best f1_score score: 0.9862448695610174
Generation:   8%|         | 2/25 [00:30<05:48, 15.14s/it]Generation:  3
Best f1_score score: 0.9863240927663645
Generation:  12%|        | 3/25 [00:41<04:45, 12.99s/it]Generation:  4
Best f1_score score: 0.9863240927663645
Generation:  16%|        | 4/25 [01:04<05:56, 17.00s/it]Generation:  5
Best f1_score score: 0.986379545316353
Generation:  20%|        | 5/25 [01:12<04:39, 13.99s/it]Generation:  6
Best f1_score score: 0.986379545316353
Generation:  24%|       | 6/25 [01:21<03:52, 12.23s/it]Generation:  7
Best f1_score score: 0.986379545316353
Generation:  28%|       | 7/25 [01:30<03:20, 11.12s/it]Generation:  8
Best f1_score score: 0.986379545316353
Generation:  32%|      | 8/25 [01:39<02:55, 10.34s/it]Generation:  9
Best f1_score score: 0.986379545316353
Generation:  36%|      | 9/25 [01:49<02:44, 10.30s/it]Generation:  10
Best f1_score score: 0.986379545316353
Generation:  40%|      | 10/25 [02:56<06:56, 27.74s/it]Generation:  11
Best f1_score score: 0.986379545316353
Generation:  44%|     | 11/25 [03:07<05:17, 22.69s/it]Generation:  12
Best f1_score score: 0.986379545316353
Generation:  48%|     | 12/25 [03:18<04:08, 19.10s/it]Generation:  13
Best f1_score score: 0.986379545316353
Generation:  52%|    | 13/25 [03:28<03:16, 16.37s/it]Generation:  14
Best f1_score score: 0.986379545316353
Generation:  56%|    | 14/25 [03:40<02:45, 15.04s/it]Generation:  15
Best f1_score score: 0.986379545316353
Generation:  60%|    | 15/25 [03:52<02:22, 14.30s/it]Generation:  16
Best f1_score score: 0.9871102018968303
Generation:  64%|   | 16/25 [04:03<01:59, 13.31s/it]Generation:  17
Best f1_score score: 0.9871102018968303
Generation:  68%|   | 17/25 [04:15<01:42, 12.83s/it]Generation:  18
Best f1_score score: 0.9871102018968303
Generation:  72%|  | 18/25 [04:27<01:28, 12.67s/it]Generation:  19
Best f1_score score: 0.9871102018968303
Generation:  76%|  | 19/25 [04:44<01:23, 13.86s/it]Generation:  20
Best f1_score score: 0.9871102018968303
Generation:  80%|  | 20/25 [06:09<02:55, 35.14s/it]Generation:  21
Best f1_score score: 0.9871102018968303
Generation:  84%| | 21/25 [06:22<01:53, 28.42s/it]Generation:  22
Best f1_score score: 0.9871102018968303
Generation:  88%| | 22/25 [07:06<01:39, 33.13s/it]Generation:  23
Best f1_score score: 0.9876376353578775
Generation:  92%|| 23/25 [07:21<00:55, 27.70s/it]Generation:  24
Best f1_score score: 0.9876376353578775
Generation:  96%|| 24/25 [07:37<00:24, 24.23s/it]Generation:  25
Best f1_score score: 0.9876376353578775
Generation: 100%|| 25/25 [07:51<00:00, 21.33s/it]Generation: 100%|| 25/25 [07:56<00:00, 19.05s/it]
2024-10-25 05:33:28,948 - distributed.scheduler - ERROR - Removing worker 'tcp://127.0.0.1:40871' caused the cluster to lose scattered data, which can't be recovered: {'ndarray-98384d096df9b91ea418777d7047bef4', 'ndarray-9cdf49f4ddc68caa75cb403dadad3ab7'} (stimulus_id='handle-worker-cleanup-1729859608.9485307')
Fitted
Pipeline(steps=[('histgradientboostingclassifier',
                 HistGradientBoostingClassifier(early_stopping=True,
                                                l2_regularization=5.33335323e-05,
                                                learning_rate=0.4484407274573,
                                                max_features=0.6147283224723,
                                                max_leaf_nodes=563,
                                                min_samples_leaf=14, tol=0.0001,
                                                validation_fraction=None))])
score start
train score: {'auroc': 0.9998963190927477, 'accuracy': 0.9966059858068498, 'balanced_accuracy': 0.9933620714870715, 'logloss': 0.008751506902468691, 'f1': 0.9953260925853455}
original test score: {'auroc': 0.9996156995104345, 'accuracy': 0.9950678175092479, 'balanced_accuracy': 0.9914576684656385, 'logloss': 0.025667000859970576, 'f1': 0.9932005298723947}
imputed test score: {'auroc': 0.9995989907934969, 'accuracy': 0.9950678175092479, 'balanced_accuracy': 0.9914576684656385, 'logloss': 0.025685967322109173, 'f1': 0.9932005298723947}
score end
check intended
EXP2 Finished
running experiment 3/3 - What is the best automl settings?
<tpot2.search_spaces.pipelines.sequential.SequentialPipeline object at 0x155435014610>
Start tpot fit
Version 0.1.7a0 of tpot2 is outdated. Version 0.1.8a0 was released Tuesday September 17, 2024.
Version 0.1.7a0 of tpot2 is outdated. Version 0.1.8a0 was released Tuesday September 17, 2024.
Version 0.1.7a0 of tpot2 is outdated. Version 0.1.8a0 was released Tuesday September 17, 2024.
Version 0.1.7a0 of tpot2 is outdated. Version 0.1.8a0 was released Tuesday September 17, 2024.
Version 0.1.7a0 of tpot2 is outdated. Version 0.1.8a0 was released Tuesday September 17, 2024.
Version 0.1.7a0 of tpot2 is outdated. Version 0.1.8a0 was released Tuesday September 17, 2024.
Version 0.1.7a0 of tpot2 is outdated. Version 0.1.8a0 was released Tuesday September 17, 2024.
Version 0.1.7a0 of tpot2 is outdated. Version 0.1.8a0 was released Tuesday September 17, 2024.
Version 0.1.7a0 of tpot2 is outdated. Version 0.1.8a0 was released Tuesday September 17, 2024.
Version 0.1.7a0 of tpot2 is outdated. Version 0.1.8a0 was released Tuesday September 17, 2024.
Version 0.1.7a0 of tpot2 is outdated. Version 0.1.8a0 was released Tuesday September 17, 2024.
Version 0.1.7a0 of tpot2 is outdated. Version 0.1.8a0 was released Tuesday September 17, 2024.
Version 0.1.7a0 of tpot2 is outdated. Version 0.1.8a0 was released Tuesday September 17, 2024.
Version 0.1.7a0 of tpot2 is outdated. Version 0.1.8a0 was released Tuesday September 17, 2024.
Version 0.1.7a0 of tpot2 is outdated. Version 0.1.8a0 was released Tuesday September 17, 2024.
Version 0.1.7a0 of tpot2 is outdated. Version 0.1.8a0 was released Tuesday September 17, 2024.
  0%|          | 0/25 [00:00<?, ?it/s]Generation:   0%|          | 0/25 [00:00<?, ?it/s]Generation:  1
Best f1_score score: 0.9862448695610174
Generation:   4%|         | 1/25 [06:16<2:30:36, 376.54s/it]Generation:  2
Best f1_score score: 0.9862448695610174
Generation:   8%|         | 2/25 [06:59<1:09:06, 180.30s/it]Generation:  3
Best f1_score score: 0.9866795073511158
Generation:  12%|        | 3/25 [07:13<38:12, 104.19s/it]  Generation:  4
Best f1_score score: 0.9866795073511158
Generation:  16%|        | 4/25 [08:06<29:30, 84.31s/it] Generation:  5
Best f1_score score: 0.9866795073511158
Generation:  20%|        | 5/25 [08:59<24:18, 72.91s/it]WARNING AN INDIVIDUAL TIMED OUT: 
 <tpot2.search_spaces.pipelines.sequential.SequentialPipelineIndividual object at 0x1554530c38b0> 

Generation:  6
Best f1_score score: 0.9868073513752437
Generation:  24%|       | 6/25 [19:03<1:20:14, 253.38s/it]Generation:  7
Best f1_score score: 0.988065973042773
Generation:  28%|       | 7/25 [19:59<56:39, 188.89s/it]  Generation:  8
Best f1_score score: 0.988065973042773
Generation:  32%|      | 8/25 [20:33<39:34, 139.69s/it]Generation:  9
Best f1_score score: 0.9880743483195479
Generation:  36%|      | 9/25 [22:07<33:25, 125.33s/it]Generation:  10
Best f1_score score: 0.9880743483195479
Generation:  40%|      | 10/25 [23:00<25:47, 103.13s/it]Generation:  11
Best f1_score score: 0.9880743483195479
Generation:  44%|     | 11/25 [23:23<18:17, 78.43s/it] Generation:  12
Best f1_score score: 0.9884891012096022
Generation:  48%|     | 12/25 [23:31<12:20, 56.96s/it]Generation:  13
Best f1_score score: 0.9884891012096022
Generation:  52%|    | 13/25 [23:38<08:22, 41.84s/it]Generation:  14
Best f1_score score: 0.9885124124938208
Generation:  56%|    | 14/25 [32:56<36:16, 197.87s/it]Generation:  15
Best f1_score score: 0.9885124124938208
Generation:  60%|    | 15/25 [33:29<24:41, 148.16s/it]Generation:  16
Best f1_score score: 0.9885124124938208
Generation:  64%|   | 16/25 [34:07<17:15, 115.01s/it]Generation:  17
Best f1_score score: 0.9885124124938208
Generation:  68%|   | 17/25 [35:27<13:54, 104.34s/it]Generation:  18
Best f1_score score: 0.9885124124938208
Generation:  72%|  | 18/25 [35:34<08:46, 75.19s/it] Generation:  19
Best f1_score score: 0.9889142710420403
Generation:  76%|  | 19/25 [35:47<05:39, 56.53s/it]Generation:  20
Best f1_score score: 0.9889142710420403
Generation:  80%|  | 20/25 [40:12<09:55, 119.08s/it]Generation:  21
Best f1_score score: 0.9889297115453554
Generation:  84%| | 21/25 [41:10<06:42, 100.69s/it]Generation:  22
Best f1_score score: 0.9889297115453554
Generation:  88%| | 22/25 [41:19<03:40, 73.34s/it] Generation:  23
Best f1_score score: 0.9893468902938105
Generation:  92%|| 23/25 [42:14<02:15, 67.71s/it]Generation:  24
Best f1_score score: 0.9893468902938105
Generation:  96%|| 24/25 [42:55<00:59, 59.71s/it]Generation:  25
Best f1_score score: 0.9893468902938105
Generation: 100%|| 25/25 [43:53<00:00, 59.35s/it]Generation: 100%|| 25/25 [43:53<00:00, 105.36s/it]
2024-10-25 06:17:31,862 - distributed.scheduler - ERROR - Removing worker 'tcp://127.0.0.1:33853' caused the cluster to lose scattered data, which can't be recovered: {'ndarray-98384d096df9b91ea418777d7047bef4', 'DataFrame-6f16c70e9eb63b10e060af1b9ba33ca9'} (stimulus_id='handle-worker-cleanup-1729862251.8622446')
Fitted
Pipeline(steps=[('knnimputer', KNNImputer(n_neighbors=35, weights='distance')),
                ('histgradientboostingclassifier',
                 HistGradientBoostingClassifier(early_stopping=True,
                                                l2_regularization=1.256972e-07,
                                                learning_rate=0.1491771057988,
                                                max_features=0.6802522687971,
                                                max_leaf_nodes=120,
                                                min_samples_leaf=12,
                                                n_iter_no_change=16, tol=0.0001,
                                                validation_fraction=None))])
transform worked
try transform
transform worked
score start
train score: {'auroc': 0.9998910958732387, 'accuracy': 0.9966059858068498, 'balanced_accuracy': 0.9933620714870715, 'logloss': 0.009245024816535994, 'f1': 0.9953260925853455}
test score: {'auroc': 0.999548864642684, 'accuracy': 0.9938347718865598, 'balanced_accuracy': 0.9888803488780096, 'logloss': 0.020799739281241493, 'f1': 0.9914854749131224}
original test score: {'auroc': 0.9995572190011529, 'accuracy': 0.9938347718865598, 'balanced_accuracy': 0.9888803488780096, 'logloss': 0.02062052327472671, 'f1': 0.9914854749131224}
score end
728
lvl
0.01
type
MAR
num_run
3
class_full
finished
all finished
full run takes
14.855410662558343
hours
DONE
