Run: 33
/cm/local/apps/slurm/var/spool/job1010622/slurm_script: line 26: 
pip install -e tpot2
pip install -r tpot2/ImputerExperiments/requirements_.txt
: No such file or directory
RunStart
Version 0.1.7a0 of tpot2 is outdated. Version 0.1.8a0 was released Tuesday September 17, 2024.
starting loops
../data/c/251/251.pkl
working on 
../data/c/251/class_full_MNAR_0.01_2
1.1422555446624756
running experiment 1/3 - Does large hyperparameter space improve reconstruction accuracy over simple
[I 2024-10-21 23:24:58,924] A new study created in memory with name: no-name-ea9f4dfd-2aa1-44d3-92c2-afcd7353e19b
running
running
running
running
running
running
running
running
running
running
running
running
running
running
running
running
[I 2024-10-21 23:24:59,620] Trial 10 finished with value: 0.2904740962556605 and parameters: {'model_name': 'SimpleImputer', 'strategy': 'constant'}. Best is trial 10 with value: 0.2904740962556605.
[I 2024-10-21 23:24:59,952] Trial 1 finished with value: 0.22951974299603686 and parameters: {'model_name': 'SimpleImputer', 'strategy': 'mean'}. Best is trial 1 with value: 0.22951974299603686.
running
running
[I 2024-10-21 23:25:00,451] Trial 2 finished with value: 0.2523040183104089 and parameters: {'model_name': 'SimpleImputer', 'strategy': 'median'}. Best is trial 1 with value: 0.22951974299603686.
running
[I 2024-10-21 23:25:00,801] Trial 13 finished with value: 0.2692381217281364 and parameters: {'model_name': 'SimpleImputer', 'strategy': 'most_frequent'}. Best is trial 1 with value: 0.22951974299603686.
running
[I 2024-10-21 23:25:01,008] Trial 16 finished with value: 0.2523040183104089 and parameters: {'model_name': 'SimpleImputer', 'strategy': 'median'}. Best is trial 1 with value: 0.22951974299603686.
running
[I 2024-10-21 23:25:15,869] Trial 17 finished with value: 0.39949754471749876 and parameters: {'model_name': 'VAE', 'batch_size': 16, 'iterations': 1, 'learning_rate': 0.005117884833885006, 'p_miss': 0.2662312937099741}. Best is trial 1 with value: 0.22951974299603686.
running
[I 2024-10-21 23:25:21,060] Trial 6 finished with value: 0.15470856367257158 and parameters: {'model_name': 'IterativeImputer', 'estimator': 'Ridge', 'initial_strategy': 'mean', 'n_nearest_features': 6, 'imputation_order': 'roman'}. Best is trial 6 with value: 0.15470856367257158.
running
[I 2024-10-21 23:25:30,666] Trial 5 finished with value: 0.15221188553055023 and parameters: {'model_name': 'IterativeImputer', 'estimator': 'Ridge', 'initial_strategy': 'mean', 'n_nearest_features': 8, 'imputation_order': 'random'}. Best is trial 5 with value: 0.15221188553055023.
running
[I 2024-10-21 23:25:35,914] Trial 0 finished with value: 0.1681282257883097 and parameters: {'model_name': 'KNNImputer', 'n_neighbors': 8616, 'weights': 'uniform'}. Best is trial 5 with value: 0.15221188553055023.
running
[I 2024-10-21 23:25:36,763] Trial 3 finished with value: 0.16724101162816157 and parameters: {'model_name': 'KNNImputer', 'n_neighbors': 8269, 'weights': 'uniform'}. Best is trial 5 with value: 0.15221188553055023.
running
[I 2024-10-21 23:25:39,703] Trial 12 finished with value: 0.18117069252518717 and parameters: {'model_name': 'KNNImputer', 'n_neighbors': 12671, 'weights': 'uniform'}. Best is trial 5 with value: 0.15221188553055023.
running
[I 2024-10-21 23:25:41,935] Trial 18 finished with value: 0.3990224807012556 and parameters: {'model_name': 'VAE', 'batch_size': 4, 'iterations': 17, 'learning_rate': 0.00025690912285902904, 'p_miss': 0.23614136374728928}. Best is trial 5 with value: 0.15221188553055023.
running
[I 2024-10-21 23:25:47,936] Trial 15 finished with value: 0.3567348529394494 and parameters: {'model_name': 'VAE', 'batch_size': 2, 'iterations': 22, 'learning_rate': 0.003056987684712224, 'p_miss': 0.05606353990890452}. Best is trial 5 with value: 0.15221188553055023.
running
[I 2024-10-21 23:25:54,878] Trial 11 finished with value: 0.23241072777107954 and parameters: {'model_name': 'VAE', 'batch_size': 30, 'iterations': 25, 'learning_rate': 0.04854166011376806, 'p_miss': 0.06354576966331553}. Best is trial 5 with value: 0.15221188553055023.
running
[I 2024-10-21 23:25:56,762] Trial 21 finished with value: 0.17752909120680793 and parameters: {'model_name': 'KNNImputer', 'n_neighbors': 11557, 'weights': 'uniform'}. Best is trial 5 with value: 0.15221188553055023.
running
[I 2024-10-21 23:26:11,858] Trial 22 finished with value: 0.1619539412705647 and parameters: {'model_name': 'IterativeImputer', 'estimator': 'Ridge', 'initial_strategy': 'median', 'n_nearest_features': 3, 'imputation_order': 'random'}. Best is trial 5 with value: 0.15221188553055023.
running
[I 2024-10-21 23:26:19,441] Trial 24 finished with value: 0.19294032708699044 and parameters: {'model_name': 'KNNImputer', 'n_neighbors': 16490, 'weights': 'uniform'}. Best is trial 5 with value: 0.15221188553055023.
running
[I 2024-10-21 23:26:27,972] Trial 23 finished with value: 0.19656020567358093 and parameters: {'model_name': 'KNNImputer', 'n_neighbors': 23343, 'weights': 'distance'}. Best is trial 5 with value: 0.15221188553055023.
running
[I 2024-10-21 23:26:31,947] Trial 27 finished with value: 0.1528675534171711 and parameters: {'model_name': 'IterativeImputer', 'estimator': 'Ridge', 'initial_strategy': 'mean', 'n_nearest_features': 7, 'imputation_order': 'roman'}. Best is trial 5 with value: 0.15221188553055023.
running
[I 2024-10-21 23:26:33,524] Trial 26 finished with value: 0.1528675534171711 and parameters: {'model_name': 'IterativeImputer', 'estimator': 'Ridge', 'initial_strategy': 'mean', 'n_nearest_features': 7, 'imputation_order': 'roman'}. Best is trial 5 with value: 0.15221188553055023.
running
[I 2024-10-21 23:26:35,097] Trial 28 finished with value: 0.1528675534171711 and parameters: {'model_name': 'IterativeImputer', 'estimator': 'Ridge', 'initial_strategy': 'mean', 'n_nearest_features': 7, 'imputation_order': 'roman'}. Best is trial 5 with value: 0.15221188553055023.
running
[I 2024-10-21 23:26:41,237] Trial 29 finished with value: 0.1528675534171711 and parameters: {'model_name': 'IterativeImputer', 'estimator': 'Ridge', 'initial_strategy': 'mean', 'n_nearest_features': 7, 'imputation_order': 'roman'}. Best is trial 5 with value: 0.15221188553055023.
running
[I 2024-10-21 23:26:42,269] Trial 30 finished with value: 0.1528675534171711 and parameters: {'model_name': 'IterativeImputer', 'estimator': 'Ridge', 'initial_strategy': 'mean', 'n_nearest_features': 7, 'imputation_order': 'roman'}. Best is trial 5 with value: 0.15221188553055023.
running
[I 2024-10-21 23:26:49,205] Trial 31 finished with value: 0.15221189050662157 and parameters: {'model_name': 'IterativeImputer', 'estimator': 'Ridge', 'initial_strategy': 'mean', 'n_nearest_features': 8, 'imputation_order': 'roman'}. Best is trial 5 with value: 0.15221188553055023.
running
[I 2024-10-21 23:26:50,903] Trial 4 finished with value: 0.16962989810597368 and parameters: {'model_name': 'IterativeImputer', 'estimator': 'KNN', 'initial_strategy': 'mean', 'n_nearest_features': 3, 'imputation_order': 'random'}. Best is trial 5 with value: 0.15221188553055023.
running
[I 2024-10-21 23:26:54,769] Trial 32 finished with value: 0.15221189050662157 and parameters: {'model_name': 'IterativeImputer', 'estimator': 'Ridge', 'initial_strategy': 'mean', 'n_nearest_features': 8, 'imputation_order': 'roman'}. Best is trial 5 with value: 0.15221188553055023.
running
[I 2024-10-21 23:26:59,848] Trial 33 finished with value: 0.15221189050662157 and parameters: {'model_name': 'IterativeImputer', 'estimator': 'Ridge', 'initial_strategy': 'mean', 'n_nearest_features': 8, 'imputation_order': 'roman'}. Best is trial 5 with value: 0.15221188553055023.
running
[I 2024-10-21 23:27:00,122] Trial 20 finished with value: 0.16642255548164225 and parameters: {'model_name': 'IterativeImputer', 'estimator': 'KNN', 'initial_strategy': 'mean', 'n_nearest_features': 5, 'imputation_order': 'arabic'}. Best is trial 5 with value: 0.15221188553055023.
running
[I 2024-10-21 23:27:02,471] Trial 34 finished with value: 0.15221189602052973 and parameters: {'model_name': 'IterativeImputer', 'estimator': 'Ridge', 'initial_strategy': 'mean', 'n_nearest_features': 9, 'imputation_order': 'arabic'}. Best is trial 5 with value: 0.15221188553055023.
running
[I 2024-10-21 23:27:04,286] Trial 36 finished with value: 0.15221189050662157 and parameters: {'model_name': 'IterativeImputer', 'estimator': 'Ridge', 'initial_strategy': 'mean', 'n_nearest_features': 9, 'imputation_order': 'roman'}. Best is trial 5 with value: 0.15221188553055023.
running
[I 2024-10-21 23:27:39,204] Trial 25 finished with value: 0.1616378655782878 and parameters: {'model_name': 'IterativeImputer', 'estimator': 'KNN', 'initial_strategy': 'constant', 'n_nearest_features': 9, 'imputation_order': 'random'}. Best is trial 5 with value: 0.15221188553055023.
running
[I 2024-10-21 23:36:08,973] Trial 14 finished with value: 0.2992252995528833 and parameters: {'model_name': 'GAIN', 'batch_size': 250, 'hint_rate': 0.1149891243369948, 'alpha': 87, 'iterations': 528, 'learning_rate': 0.08334333388719747, 'p_miss': 0.15565994993923335}. Best is trial 5 with value: 0.15221188553055023.
running
[I 2024-10-22 00:10:10,944] Trial 19 finished with value: 0.23007201812232886 and parameters: {'model_name': 'VAE', 'batch_size': 293, 'iterations': 871, 'learning_rate': 0.0002509171377093332, 'p_miss': 0.12736949556287455}. Best is trial 5 with value: 0.15221188553055023.
running
[I 2024-10-22 00:24:45,242] Trial 7 finished with value: 0.16363520519432015 and parameters: {'model_name': 'IterativeImputer', 'estimator': 'RFR', 'initial_strategy': 'constant', 'n_nearest_features': 4, 'imputation_order': 'ascending'}. Best is trial 5 with value: 0.15221188553055023.
running
[I 2024-10-22 00:24:52,195] Trial 49 finished with value: 0.30409248207246087 and parameters: {'model_name': 'GAIN', 'batch_size': 847, 'hint_rate': 0.9059187020446304, 'alpha': 5, 'iterations': 1, 'learning_rate': 0.002639338198832351, 'p_miss': 0.29773566591336964}. Best is trial 5 with value: 0.15221188553055023.
running
[I 2024-10-22 00:25:33,341] Trial 50 finished with value: 0.2719551716191766 and parameters: {'model_name': 'IterativeImputer', 'estimator': 'Bayesian', 'initial_strategy': 'most_frequent', 'n_nearest_features': 1, 'imputation_order': 'descending', 'sample_posterior': True}. Best is trial 5 with value: 0.15221188553055023.
running
[I 2024-10-22 00:43:05,486] Trial 9 finished with value: 0.26326821414456764 and parameters: {'model_name': 'VAE', 'batch_size': 2, 'iterations': 2028, 'learning_rate': 0.0001751989272952596, 'p_miss': 0.055651366418022236}. Best is trial 5 with value: 0.15221188553055023.
running
[I 2024-10-22 00:45:25,535] Trial 51 finished with value: inf and parameters: {'model_name': 'GAIN', 'batch_size': 1, 'hint_rate': 0.5975298019082864, 'alpha': 30, 'iterations': 5285, 'learning_rate': 0.015266766187274367, 'p_miss': 0.014778412922611506}. Best is trial 5 with value: 0.15221188553055023.
running
[I 2024-10-22 01:00:38,714] Trial 39 finished with value: 0.1529918985384066 and parameters: {'model_name': 'IterativeImputer', 'estimator': 'RFR', 'initial_strategy': 'most_frequent', 'n_nearest_features': 9, 'imputation_order': 'random'}. Best is trial 5 with value: 0.15221188553055023.
running
[I 2024-10-22 01:01:28,192] Trial 54 finished with value: 0.1522107019893412 and parameters: {'model_name': 'IterativeImputer', 'estimator': 'Bayesian', 'initial_strategy': 'median', 'n_nearest_features': 8, 'imputation_order': 'descending', 'sample_posterior': False}. Best is trial 54 with value: 0.1522107019893412.
running
[I 2024-10-22 01:02:17,970] Trial 55 finished with value: 0.1522107019893412 and parameters: {'model_name': 'IterativeImputer', 'estimator': 'Bayesian', 'initial_strategy': 'median', 'n_nearest_features': 8, 'imputation_order': 'descending', 'sample_posterior': False}. Best is trial 54 with value: 0.1522107019893412.
running
[I 2024-10-22 01:03:05,525] Trial 56 finished with value: 0.1522107019893412 and parameters: {'model_name': 'IterativeImputer', 'estimator': 'Bayesian', 'initial_strategy': 'median', 'n_nearest_features': 8, 'imputation_order': 'descending', 'sample_posterior': False}. Best is trial 54 with value: 0.1522107019893412.
running
[I 2024-10-22 01:03:54,638] Trial 57 finished with value: 0.1522107019893412 and parameters: {'model_name': 'IterativeImputer', 'estimator': 'Bayesian', 'initial_strategy': 'median', 'n_nearest_features': 8, 'imputation_order': 'descending', 'sample_posterior': False}. Best is trial 54 with value: 0.1522107019893412.
running
[I 2024-10-22 01:03:59,432] Trial 35 finished with value: 0.3120250073618659 and parameters: {'model_name': 'GAIN', 'batch_size': 904, 'hint_rate': 0.7216874675645875, 'alpha': 66, 'iterations': 4502, 'learning_rate': 0.00010867875154267172, 'p_miss': 0.1576773081478043}. Best is trial 54 with value: 0.1522107019893412.
running
[I 2024-10-22 01:04:43,464] Trial 58 finished with value: 0.1522107019893412 and parameters: {'model_name': 'IterativeImputer', 'estimator': 'Bayesian', 'initial_strategy': 'median', 'n_nearest_features': 8, 'imputation_order': 'descending', 'sample_posterior': False}. Best is trial 54 with value: 0.1522107019893412.
running
[I 2024-10-22 01:04:48,345] Trial 59 finished with value: 0.1522107019893412 and parameters: {'model_name': 'IterativeImputer', 'estimator': 'Bayesian', 'initial_strategy': 'median', 'n_nearest_features': 8, 'imputation_order': 'descending', 'sample_posterior': False}. Best is trial 54 with value: 0.1522107019893412.
running
[I 2024-10-22 01:05:30,661] Trial 60 finished with value: 0.1522107019893412 and parameters: {'model_name': 'IterativeImputer', 'estimator': 'Bayesian', 'initial_strategy': 'median', 'n_nearest_features': 8, 'imputation_order': 'descending', 'sample_posterior': False}. Best is trial 54 with value: 0.1522107019893412.
running
[I 2024-10-22 01:05:31,279] Trial 62 finished with value: 0.2904740962556605 and parameters: {'model_name': 'SimpleImputer', 'strategy': 'constant'}. Best is trial 54 with value: 0.1522107019893412.
running
[I 2024-10-22 01:05:31,794] Trial 61 finished with value: 0.15485358838986024 and parameters: {'model_name': 'IterativeImputer', 'estimator': 'Bayesian', 'initial_strategy': 'median', 'n_nearest_features': 6, 'imputation_order': 'descending', 'sample_posterior': False}. Best is trial 54 with value: 0.1522107019893412.
running
[I 2024-10-22 01:06:15,621] Trial 63 finished with value: 0.15485358838986024 and parameters: {'model_name': 'IterativeImputer', 'estimator': 'Bayesian', 'initial_strategy': 'median', 'n_nearest_features': 6, 'imputation_order': 'descending', 'sample_posterior': False}. Best is trial 54 with value: 0.1522107019893412.
running
[I 2024-10-22 01:06:16,488] Trial 64 finished with value: 0.15485358838986024 and parameters: {'model_name': 'IterativeImputer', 'estimator': 'Bayesian', 'initial_strategy': 'median', 'n_nearest_features': 6, 'imputation_order': 'descending', 'sample_posterior': False}. Best is trial 54 with value: 0.1522107019893412.
running
[I 2024-10-22 01:07:06,977] Trial 65 finished with value: 0.1522107019893412 and parameters: {'model_name': 'IterativeImputer', 'estimator': 'Bayesian', 'initial_strategy': 'median', 'n_nearest_features': 9, 'imputation_order': 'descending', 'sample_posterior': False}. Best is trial 54 with value: 0.1522107019893412.
running
[I 2024-10-22 01:07:07,511] Trial 66 finished with value: 0.1522107019893412 and parameters: {'model_name': 'IterativeImputer', 'estimator': 'Bayesian', 'initial_strategy': 'median', 'n_nearest_features': 8, 'imputation_order': 'descending', 'sample_posterior': False}. Best is trial 54 with value: 0.1522107019893412.
running
[I 2024-10-22 01:07:57,935] Trial 68 finished with value: 0.1522107019893412 and parameters: {'model_name': 'IterativeImputer', 'estimator': 'Bayesian', 'initial_strategy': 'median', 'n_nearest_features': 8, 'imputation_order': 'descending', 'sample_posterior': False}. Best is trial 54 with value: 0.1522107019893412.
running
[I 2024-10-22 01:07:58,470] Trial 69 finished with value: 0.22951974299603686 and parameters: {'model_name': 'SimpleImputer', 'strategy': 'mean'}. Best is trial 54 with value: 0.1522107019893412.
running
[I 2024-10-22 01:07:59,124] Trial 67 finished with value: 0.1522107019893412 and parameters: {'model_name': 'IterativeImputer', 'estimator': 'Bayesian', 'initial_strategy': 'median', 'n_nearest_features': 8, 'imputation_order': 'descending', 'sample_posterior': False}. Best is trial 54 with value: 0.1522107019893412.
running
[I 2024-10-22 01:08:50,889] Trial 70 finished with value: 0.1522107019893412 and parameters: {'model_name': 'IterativeImputer', 'estimator': 'Bayesian', 'initial_strategy': 'median', 'n_nearest_features': 8, 'imputation_order': 'descending', 'sample_posterior': False}. Best is trial 54 with value: 0.1522107019893412.
running
[I 2024-10-22 01:08:55,760] Trial 71 finished with value: 0.15309957908942043 and parameters: {'model_name': 'IterativeImputer', 'estimator': 'Bayesian', 'initial_strategy': 'median', 'n_nearest_features': 7, 'imputation_order': 'descending', 'sample_posterior': False}. Best is trial 54 with value: 0.1522107019893412.
running
[I 2024-10-22 01:09:13,571] Trial 72 finished with value: 0.16277156653484268 and parameters: {'model_name': 'KNNImputer', 'n_neighbors': 804, 'weights': 'distance'}. Best is trial 54 with value: 0.1522107019893412.
running
[I 2024-10-22 01:09:17,944] Trial 73 finished with value: 0.1636504875765362 and parameters: {'model_name': 'KNNImputer', 'n_neighbors': 1425, 'weights': 'distance'}. Best is trial 54 with value: 0.1522107019893412.
running
[I 2024-10-22 01:14:19,688] Trial 74 finished with value: 0.3311199795209348 and parameters: {'model_name': 'VAE', 'batch_size': 37, 'iterations': 124, 'learning_rate': 0.0006492793661139087, 'p_miss': 0.22163990987280785}. Best is trial 54 with value: 0.1522107019893412.
running
[I 2024-10-22 01:15:02,580] Trial 75 finished with value: 0.2565139800145988 and parameters: {'model_name': 'VAE', 'batch_size': 40, 'iterations': 167, 'learning_rate': 0.0008700983088789278, 'p_miss': 0.2016769827869124}. Best is trial 54 with value: 0.1522107019893412.
running
[I 2024-10-22 01:15:12,088] Trial 76 finished with value: 0.1522107019893412 and parameters: {'model_name': 'IterativeImputer', 'estimator': 'Bayesian', 'initial_strategy': 'median', 'n_nearest_features': 8, 'imputation_order': 'descending', 'sample_posterior': False}. Best is trial 54 with value: 0.1522107019893412.
running
[I 2024-10-22 01:15:54,885] Trial 77 finished with value: 0.1522107019893412 and parameters: {'model_name': 'IterativeImputer', 'estimator': 'Bayesian', 'initial_strategy': 'median', 'n_nearest_features': 8, 'imputation_order': 'descending', 'sample_posterior': False}. Best is trial 54 with value: 0.1522107019893412.
running
[I 2024-10-22 01:16:03,481] Trial 78 finished with value: 0.1522107019893412 and parameters: {'model_name': 'IterativeImputer', 'estimator': 'Bayesian', 'initial_strategy': 'median', 'n_nearest_features': 8, 'imputation_order': 'descending', 'sample_posterior': False}. Best is trial 54 with value: 0.1522107019893412.
running
[I 2024-10-22 01:16:45,728] Trial 79 finished with value: 0.1522107107157537 and parameters: {'model_name': 'IterativeImputer', 'estimator': 'Bayesian', 'initial_strategy': 'median', 'n_nearest_features': 9, 'imputation_order': 'ascending', 'sample_posterior': False}. Best is trial 54 with value: 0.1522107019893412.
running
[I 2024-10-22 01:16:52,662] Trial 80 finished with value: 0.1522107107157537 and parameters: {'model_name': 'IterativeImputer', 'estimator': 'Bayesian', 'initial_strategy': 'median', 'n_nearest_features': 9, 'imputation_order': 'ascending', 'sample_posterior': False}. Best is trial 54 with value: 0.1522107019893412.
running
[I 2024-10-22 01:16:53,456] Trial 82 finished with value: 0.2692381217281364 and parameters: {'model_name': 'SimpleImputer', 'strategy': 'most_frequent'}. Best is trial 54 with value: 0.1522107019893412.
running
[I 2024-10-22 01:17:49,469] Trial 81 finished with value: 0.22889771209248155 and parameters: {'model_name': 'IterativeImputer', 'estimator': 'Bayesian', 'initial_strategy': 'median', 'n_nearest_features': 7, 'imputation_order': 'descending', 'sample_posterior': True}. Best is trial 54 with value: 0.1522107019893412.
running
[I 2024-10-22 01:17:54,208] Trial 83 finished with value: 0.22889771209248155 and parameters: {'model_name': 'IterativeImputer', 'estimator': 'Bayesian', 'initial_strategy': 'median', 'n_nearest_features': 7, 'imputation_order': 'descending', 'sample_posterior': True}. Best is trial 54 with value: 0.1522107019893412.
running
[I 2024-10-22 01:19:07,786] Trial 84 finished with value: 0.1623250432886127 and parameters: {'model_name': 'IterativeImputer', 'estimator': 'KNN', 'initial_strategy': 'constant', 'n_nearest_features': 8, 'imputation_order': 'descending'}. Best is trial 54 with value: 0.1522107019893412.
running
[I 2024-10-22 01:19:15,290] Trial 85 finished with value: 0.1623250432886127 and parameters: {'model_name': 'IterativeImputer', 'estimator': 'KNN', 'initial_strategy': 'constant', 'n_nearest_features': 8, 'imputation_order': 'descending'}. Best is trial 54 with value: 0.1522107019893412.
running
[I 2024-10-22 01:19:56,283] Trial 86 finished with value: 0.1522107019893412 and parameters: {'model_name': 'IterativeImputer', 'estimator': 'Bayesian', 'initial_strategy': 'median', 'n_nearest_features': 9, 'imputation_order': 'descending', 'sample_posterior': False}. Best is trial 54 with value: 0.1522107019893412.
running
[I 2024-10-22 01:20:03,318] Trial 87 finished with value: 0.1522107019893412 and parameters: {'model_name': 'IterativeImputer', 'estimator': 'Bayesian', 'initial_strategy': 'median', 'n_nearest_features': 9, 'imputation_order': 'descending', 'sample_posterior': False}. Best is trial 54 with value: 0.1522107019893412.
running
[I 2024-10-22 01:21:53,928] Trial 37 finished with value: 0.3137355695209777 and parameters: {'model_name': 'GAIN', 'batch_size': 958, 'hint_rate': 0.9592916888625109, 'alpha': 49, 'iterations': 6012, 'learning_rate': 0.00024195664393152018, 'p_miss': 0.1451258773450938}. Best is trial 54 with value: 0.1522107019893412.
running
[I 2024-10-22 01:26:30,940] Trial 47 finished with value: 0.3059272111816751 and parameters: {'model_name': 'GAIN', 'batch_size': 831, 'hint_rate': 0.9562426748979107, 'alpha': 2, 'iterations': 5879, 'learning_rate': 0.00010119089321633347, 'p_miss': 0.1593469369064622}. Best is trial 54 with value: 0.1522107019893412.
running
[I 2024-10-22 01:36:46,279] Trial 45 finished with value: 0.30646147327220613 and parameters: {'model_name': 'GAIN', 'batch_size': 641, 'hint_rate': 0.7796834127556008, 'alpha': 40, 'iterations': 6987, 'learning_rate': 0.00022170866547292347, 'p_miss': 0.16090465787230362}. Best is trial 54 with value: 0.1522107019893412.
running
[I 2024-10-22 01:37:36,268] Trial 92 finished with value: 0.15221074693535658 and parameters: {'model_name': 'IterativeImputer', 'estimator': 'Bayesian', 'initial_strategy': 'median', 'n_nearest_features': 9, 'imputation_order': 'arabic', 'sample_posterior': False}. Best is trial 54 with value: 0.1522107019893412.
running
[I 2024-10-22 01:37:37,838] Trial 42 finished with value: 0.3191975236473418 and parameters: {'model_name': 'GAIN', 'batch_size': 646, 'hint_rate': 0.15650708209868402, 'alpha': 89, 'iterations': 7093, 'learning_rate': 0.00017783955153497392, 'p_miss': 0.15978252033207688}. Best is trial 54 with value: 0.1522107019893412.
running
[I 2024-10-22 01:37:55,376] Trial 44 finished with value: 0.30508323591631586 and parameters: {'model_name': 'GAIN', 'batch_size': 305, 'hint_rate': 0.5446330547125025, 'alpha': 90, 'iterations': 7421, 'learning_rate': 0.00023846952786052167, 'p_miss': 0.1545397260067371}. Best is trial 54 with value: 0.1522107019893412.
running
[I 2024-10-22 01:46:56,741] Trial 38 finished with value: 0.3191424528219827 and parameters: {'model_name': 'GAIN', 'batch_size': 635, 'hint_rate': 0.6993294118167147, 'alpha': 93, 'iterations': 7668, 'learning_rate': 0.00016295083830177053, 'p_miss': 0.17619480968597445}. Best is trial 54 with value: 0.1522107019893412.
running
[I 2024-10-22 01:47:51,554] Trial 96 finished with value: 0.1522107019893412 and parameters: {'model_name': 'IterativeImputer', 'estimator': 'Bayesian', 'initial_strategy': 'median', 'n_nearest_features': 8, 'imputation_order': 'descending', 'sample_posterior': False}. Best is trial 54 with value: 0.1522107019893412.
running
[I 2024-10-22 01:54:18,918] Trial 46 finished with value: 0.3133257138825571 and parameters: {'model_name': 'GAIN', 'batch_size': 841, 'hint_rate': 0.46661324910951635, 'alpha': 27, 'iterations': 7916, 'learning_rate': 0.00010952620108681455, 'p_miss': 0.1590793749437215}. Best is trial 54 with value: 0.1522107019893412.
running
[I 2024-10-22 02:04:00,730] Trial 48 finished with value: 0.32860485442255055 and parameters: {'model_name': 'GAIN', 'batch_size': 835, 'hint_rate': 0.9561123614788197, 'alpha': 5, 'iterations': 6882, 'learning_rate': 0.003517188984845737, 'p_miss': 0.18829964092298979}. Best is trial 54 with value: 0.1522107019893412.
running
[I 2024-10-22 02:06:43,242] Trial 40 finished with value: 0.32102515112810964 and parameters: {'model_name': 'GAIN', 'batch_size': 946, 'hint_rate': 0.17358564481896815, 'alpha': 59, 'iterations': 8828, 'learning_rate': 0.00010578625234546824, 'p_miss': 0.15486826508487478}. Best is trial 54 with value: 0.1522107019893412.
running
[I 2024-10-22 02:08:10,878] Trial 41 finished with value: 0.3147072902693372 and parameters: {'model_name': 'GAIN', 'batch_size': 345, 'hint_rate': 0.4607323868125892, 'alpha': 22, 'iterations': 9702, 'learning_rate': 0.00010413562404984132, 'p_miss': 0.15242471818797784}. Best is trial 54 with value: 0.1522107019893412.
running
[I 2024-10-22 02:08:11,636] Trial 43 finished with value: 0.32423448823470047 and parameters: {'model_name': 'GAIN', 'batch_size': 615, 'hint_rate': 0.7427411302866265, 'alpha': 73, 'iterations': 9459, 'learning_rate': 0.00010015003789289312, 'p_miss': 0.15801715397267113}. Best is trial 54 with value: 0.1522107019893412.
running
[I 2024-10-22 02:08:25,936] Trial 8 finished with value: 0.3088406644963265 and parameters: {'model_name': 'VAE', 'batch_size': 1, 'iterations': 5780, 'learning_rate': 0.0010213782485724177, 'p_miss': 0.1884752804794925}. Best is trial 54 with value: 0.1522107019893412.
running
[I 2024-10-22 02:08:41,929] Trial 52 finished with value: 0.30215675764281325 and parameters: {'model_name': 'GAIN', 'batch_size': 32, 'hint_rate': 0.024787997418952212, 'alpha': 21, 'iterations': 8553, 'learning_rate': 0.01294442237916071, 'p_miss': 0.19700833747811128}. Best is trial 54 with value: 0.1522107019893412.
running
[I 2024-10-22 02:19:31,871] Trial 53 finished with value: 0.1523549760683923 and parameters: {'model_name': 'IterativeImputer', 'estimator': 'RFR', 'initial_strategy': 'median', 'n_nearest_features': 8, 'imputation_order': 'descending'}. Best is trial 54 with value: 0.1522107019893412.
running
[I 2024-10-22 02:20:02,137] Trial 105 finished with value: 0.15309957908942043 and parameters: {'model_name': 'IterativeImputer', 'estimator': 'Bayesian', 'initial_strategy': 'median', 'n_nearest_features': 7, 'imputation_order': 'descending', 'sample_posterior': False}. Best is trial 54 with value: 0.1522107019893412.
running
[I 2024-10-22 02:20:32,481] Trial 106 finished with value: 0.1522107019893412 and parameters: {'model_name': 'IterativeImputer', 'estimator': 'Bayesian', 'initial_strategy': 'median', 'n_nearest_features': 8, 'imputation_order': 'descending', 'sample_posterior': False}. Best is trial 54 with value: 0.1522107019893412.
running
[I 2024-10-22 02:21:04,010] Trial 107 finished with value: 0.1522107019893412 and parameters: {'model_name': 'IterativeImputer', 'estimator': 'Bayesian', 'initial_strategy': 'median', 'n_nearest_features': 8, 'imputation_order': 'descending', 'sample_posterior': False}. Best is trial 54 with value: 0.1522107019893412.
running
[I 2024-10-22 02:21:32,124] Trial 108 finished with value: 0.1522107019893412 and parameters: {'model_name': 'IterativeImputer', 'estimator': 'Bayesian', 'initial_strategy': 'median', 'n_nearest_features': 8, 'imputation_order': 'descending', 'sample_posterior': False}. Best is trial 54 with value: 0.1522107019893412.
running
[I 2024-10-22 02:22:01,880] Trial 109 finished with value: 0.1522107019893412 and parameters: {'model_name': 'IterativeImputer', 'estimator': 'Bayesian', 'initial_strategy': 'median', 'n_nearest_features': 8, 'imputation_order': 'descending', 'sample_posterior': False}. Best is trial 54 with value: 0.1522107019893412.
running
[I 2024-10-22 02:22:29,499] Trial 110 finished with value: 0.15309957908942043 and parameters: {'model_name': 'IterativeImputer', 'estimator': 'Bayesian', 'initial_strategy': 'median', 'n_nearest_features': 7, 'imputation_order': 'descending', 'sample_posterior': False}. Best is trial 54 with value: 0.1522107019893412.
running
[I 2024-10-22 02:23:02,877] Trial 111 finished with value: 0.15221066771849495 and parameters: {'model_name': 'IterativeImputer', 'estimator': 'Bayesian', 'initial_strategy': 'median', 'n_nearest_features': 9, 'imputation_order': 'random', 'sample_posterior': False}. Best is trial 111 with value: 0.15221066771849495.
running
[I 2024-10-22 02:23:36,821] Trial 112 finished with value: 0.15221066771849495 and parameters: {'model_name': 'IterativeImputer', 'estimator': 'Bayesian', 'initial_strategy': 'median', 'n_nearest_features': 9, 'imputation_order': 'random', 'sample_posterior': False}. Best is trial 111 with value: 0.15221066771849495.
running
[I 2024-10-22 02:27:06,466] Trial 93 finished with value: 0.16392259940363857 and parameters: {'model_name': 'IterativeImputer', 'estimator': 'RFR', 'initial_strategy': 'median', 'n_nearest_features': 4, 'imputation_order': 'descending'}. Best is trial 111 with value: 0.15221066771849495.
running
[I 2024-10-22 02:27:38,433] Trial 114 finished with value: 0.15221066228378768 and parameters: {'model_name': 'IterativeImputer', 'estimator': 'Bayesian', 'initial_strategy': 'most_frequent', 'n_nearest_features': 9, 'imputation_order': 'random', 'sample_posterior': False}. Best is trial 114 with value: 0.15221066228378768.
running
[I 2024-10-22 02:28:10,525] Trial 115 finished with value: 0.15221066228378768 and parameters: {'model_name': 'IterativeImputer', 'estimator': 'Bayesian', 'initial_strategy': 'most_frequent', 'n_nearest_features': 9, 'imputation_order': 'random', 'sample_posterior': False}. Best is trial 114 with value: 0.15221066228378768.
running
[I 2024-10-22 02:28:40,646] Trial 116 finished with value: 0.15221066228378768 and parameters: {'model_name': 'IterativeImputer', 'estimator': 'Bayesian', 'initial_strategy': 'most_frequent', 'n_nearest_features': 9, 'imputation_order': 'random', 'sample_posterior': False}. Best is trial 114 with value: 0.15221066228378768.
running
[I 2024-10-22 02:29:12,266] Trial 117 finished with value: 0.15221066228378768 and parameters: {'model_name': 'IterativeImputer', 'estimator': 'Bayesian', 'initial_strategy': 'most_frequent', 'n_nearest_features': 9, 'imputation_order': 'random', 'sample_posterior': False}. Best is trial 114 with value: 0.15221066228378768.
running
[I 2024-10-22 02:29:43,779] Trial 118 finished with value: 0.15221066228378768 and parameters: {'model_name': 'IterativeImputer', 'estimator': 'Bayesian', 'initial_strategy': 'most_frequent', 'n_nearest_features': 9, 'imputation_order': 'random', 'sample_posterior': False}. Best is trial 114 with value: 0.15221066228378768.
running
[I 2024-10-22 02:30:13,885] Trial 119 finished with value: 0.15221066228378768 and parameters: {'model_name': 'IterativeImputer', 'estimator': 'Bayesian', 'initial_strategy': 'most_frequent', 'n_nearest_features': 9, 'imputation_order': 'random', 'sample_posterior': False}. Best is trial 114 with value: 0.15221066228378768.
running
[I 2024-10-22 02:30:48,460] Trial 120 finished with value: 0.15221066228378768 and parameters: {'model_name': 'IterativeImputer', 'estimator': 'Bayesian', 'initial_strategy': 'most_frequent', 'n_nearest_features': 9, 'imputation_order': 'random', 'sample_posterior': False}. Best is trial 114 with value: 0.15221066228378768.
running
[I 2024-10-22 02:31:21,764] Trial 121 finished with value: 0.15221066228378768 and parameters: {'model_name': 'IterativeImputer', 'estimator': 'Bayesian', 'initial_strategy': 'most_frequent', 'n_nearest_features': 9, 'imputation_order': 'random', 'sample_posterior': False}. Best is trial 114 with value: 0.15221066228378768.
running
[I 2024-10-22 02:31:43,407] Trial 122 finished with value: 0.19665707588887055 and parameters: {'model_name': 'KNNImputer', 'n_neighbors': 30854, 'weights': 'distance'}. Best is trial 114 with value: 0.15221066228378768.
running
[I 2024-10-22 02:32:18,137] Trial 123 finished with value: 0.22774010389806904 and parameters: {'model_name': 'IterativeImputer', 'estimator': 'Bayesian', 'initial_strategy': 'most_frequent', 'n_nearest_features': 9, 'imputation_order': 'random', 'sample_posterior': True}. Best is trial 114 with value: 0.15221066228378768.
running
[I 2024-10-22 02:48:50,862] Trial 88 finished with value: 0.15218916983227274 and parameters: {'model_name': 'IterativeImputer', 'estimator': 'RFR', 'initial_strategy': 'median', 'n_nearest_features': 9, 'imputation_order': 'descending'}. Best is trial 88 with value: 0.15218916983227274.
running
[I 2024-10-22 02:48:51,998] Trial 125 finished with value: 0.23920316192143018 and parameters: {'model_name': 'VAE', 'batch_size': 75, 'iterations': 6, 'learning_rate': 0.019258637708938882, 'p_miss': 0.1084933553573789}. Best is trial 88 with value: 0.15218916983227274.
running
[I 2024-10-22 02:49:20,564] Trial 89 finished with value: 0.15223202128149835 and parameters: {'model_name': 'IterativeImputer', 'estimator': 'RFR', 'initial_strategy': 'median', 'n_nearest_features': 9, 'imputation_order': 'arabic'}. Best is trial 88 with value: 0.15218916983227274.
running
[I 2024-10-22 02:50:55,346] Trial 90 finished with value: 0.15223140680154976 and parameters: {'model_name': 'IterativeImputer', 'estimator': 'RFR', 'initial_strategy': 'median', 'n_nearest_features': 9, 'imputation_order': 'arabic'}. Best is trial 88 with value: 0.15218916983227274.
running
[I 2024-10-22 02:54:30,252] Trial 91 finished with value: 0.1519271764462739 and parameters: {'model_name': 'IterativeImputer', 'estimator': 'RFR', 'initial_strategy': 'median', 'n_nearest_features': 9, 'imputation_order': 'descending'}. Best is trial 91 with value: 0.1519271764462739.
running
[I 2024-10-22 02:55:21,814] Trial 94 finished with value: 0.15356771540112077 and parameters: {'model_name': 'IterativeImputer', 'estimator': 'RFR', 'initial_strategy': 'median', 'n_nearest_features': 7, 'imputation_order': 'descending'}. Best is trial 91 with value: 0.1519271764462739.
running
[I 2024-10-22 02:55:58,281] Trial 95 finished with value: 0.15325861532454996 and parameters: {'model_name': 'IterativeImputer', 'estimator': 'RFR', 'initial_strategy': 'median', 'n_nearest_features': 7, 'imputation_order': 'descending'}. Best is trial 91 with value: 0.1519271764462739.
running
[I 2024-10-22 02:55:58,612] Trial 131 finished with value: 0.2692381217281364 and parameters: {'model_name': 'SimpleImputer', 'strategy': 'most_frequent'}. Best is trial 91 with value: 0.1519271764462739.
running
[I 2024-10-22 03:11:19,583] Trial 97 finished with value: 0.15209865305748305 and parameters: {'model_name': 'IterativeImputer', 'estimator': 'RFR', 'initial_strategy': 'median', 'n_nearest_features': 8, 'imputation_order': 'descending'}. Best is trial 91 with value: 0.1519271764462739.
running
[I 2024-10-22 03:16:37,345] Trial 98 finished with value: 0.15170862419503664 and parameters: {'model_name': 'IterativeImputer', 'estimator': 'RFR', 'initial_strategy': 'median', 'n_nearest_features': 8, 'imputation_order': 'descending'}. Best is trial 98 with value: 0.15170862419503664.
running
[I 2024-10-22 03:25:04,372] Trial 99 finished with value: 0.15192292129680643 and parameters: {'model_name': 'IterativeImputer', 'estimator': 'RFR', 'initial_strategy': 'median', 'n_nearest_features': 8, 'imputation_order': 'descending'}. Best is trial 98 with value: 0.15170862419503664.
running
[I 2024-10-22 03:27:18,060] Trial 100 finished with value: 0.15154315767034285 and parameters: {'model_name': 'IterativeImputer', 'estimator': 'RFR', 'initial_strategy': 'median', 'n_nearest_features': 8, 'imputation_order': 'descending'}. Best is trial 100 with value: 0.15154315767034285.
running
[I 2024-10-22 03:28:31,253] Trial 101 finished with value: 0.1520199906407901 and parameters: {'model_name': 'IterativeImputer', 'estimator': 'RFR', 'initial_strategy': 'median', 'n_nearest_features': 8, 'imputation_order': 'descending'}. Best is trial 100 with value: 0.15154315767034285.
running
[I 2024-10-22 03:28:42,439] Trial 102 finished with value: 0.15188214476703482 and parameters: {'model_name': 'IterativeImputer', 'estimator': 'RFR', 'initial_strategy': 'median', 'n_nearest_features': 8, 'imputation_order': 'descending'}. Best is trial 100 with value: 0.15154315767034285.
running
[I 2024-10-22 03:28:53,154] Trial 103 finished with value: 0.1520917303625128 and parameters: {'model_name': 'IterativeImputer', 'estimator': 'RFR', 'initial_strategy': 'median', 'n_nearest_features': 8, 'imputation_order': 'descending'}. Best is trial 100 with value: 0.15154315767034285.
running
[I 2024-10-22 03:29:02,457] Trial 104 finished with value: 0.15222629725729364 and parameters: {'model_name': 'IterativeImputer', 'estimator': 'RFR', 'initial_strategy': 'median', 'n_nearest_features': 8, 'imputation_order': 'descending'}. Best is trial 100 with value: 0.15154315767034285.
running
[I 2024-10-22 03:41:20,149] Trial 113 finished with value: 0.15210104424772503 and parameters: {'model_name': 'IterativeImputer', 'estimator': 'RFR', 'initial_strategy': 'most_frequent', 'n_nearest_features': 9, 'imputation_order': 'random'}. Best is trial 100 with value: 0.15154315767034285.
running
[I 2024-10-22 03:47:07,631] Trial 124 finished with value: 0.1521828670084907 and parameters: {'model_name': 'IterativeImputer', 'estimator': 'RFR', 'initial_strategy': 'most_frequent', 'n_nearest_features': 9, 'imputation_order': 'random'}. Best is trial 100 with value: 0.15154315767034285.
running
[I 2024-10-22 04:03:22,827] Trial 126 finished with value: 0.15212831810736663 and parameters: {'model_name': 'IterativeImputer', 'estimator': 'RFR', 'initial_strategy': 'most_frequent', 'n_nearest_features': 9, 'imputation_order': 'random'}. Best is trial 100 with value: 0.15154315767034285.
running
[I 2024-10-22 04:03:58,316] Trial 127 finished with value: 0.1521763045652355 and parameters: {'model_name': 'IterativeImputer', 'estimator': 'RFR', 'initial_strategy': 'most_frequent', 'n_nearest_features': 9, 'imputation_order': 'random'}. Best is trial 100 with value: 0.15154315767034285.
running
[I 2024-10-22 04:04:19,195] Trial 144 finished with value: 0.19665707588887055 and parameters: {'model_name': 'KNNImputer', 'n_neighbors': 30649, 'weights': 'distance'}. Best is trial 100 with value: 0.15154315767034285.
running
[I 2024-10-22 04:06:13,135] Trial 128 finished with value: 0.15260089935664015 and parameters: {'model_name': 'IterativeImputer', 'estimator': 'RFR', 'initial_strategy': 'most_frequent', 'n_nearest_features': 9, 'imputation_order': 'random'}. Best is trial 100 with value: 0.15154315767034285.
running
[I 2024-10-22 04:08:04,334] Trial 142 finished with value: 0.18092882505931235 and parameters: {'model_name': 'IterativeImputer', 'estimator': 'RFR', 'initial_strategy': 'most_frequent', 'n_nearest_features': 2, 'imputation_order': 'random'}. Best is trial 100 with value: 0.15154315767034285.
running
[I 2024-10-22 04:09:23,305] Trial 129 finished with value: 0.15211369292713015 and parameters: {'model_name': 'IterativeImputer', 'estimator': 'RFR', 'initial_strategy': 'most_frequent', 'n_nearest_features': 9, 'imputation_order': 'random'}. Best is trial 100 with value: 0.15154315767034285.
running
[I 2024-10-22 04:10:12,619] Trial 130 finished with value: 0.15216231682052742 and parameters: {'model_name': 'IterativeImputer', 'estimator': 'RFR', 'initial_strategy': 'most_frequent', 'n_nearest_features': 9, 'imputation_order': 'random'}. Best is trial 100 with value: 0.15154315767034285.
running
[I 2024-10-22 04:11:20,825] Trial 132 finished with value: 0.152410188304813 and parameters: {'model_name': 'IterativeImputer', 'estimator': 'RFR', 'initial_strategy': 'most_frequent', 'n_nearest_features': 9, 'imputation_order': 'random'}. Best is trial 100 with value: 0.15154315767034285.
running
[I 2024-10-22 04:26:12,806] Trial 133 finished with value: 0.1522753891576684 and parameters: {'model_name': 'IterativeImputer', 'estimator': 'RFR', 'initial_strategy': 'most_frequent', 'n_nearest_features': 9, 'imputation_order': 'random'}. Best is trial 100 with value: 0.15154315767034285.
running
[I 2024-10-22 04:31:25,495] Trial 134 finished with value: 0.15264795822784588 and parameters: {'model_name': 'IterativeImputer', 'estimator': 'RFR', 'initial_strategy': 'most_frequent', 'n_nearest_features': 9, 'imputation_order': 'random'}. Best is trial 100 with value: 0.15154315767034285.
running
[I 2024-10-22 04:31:26,172] Trial 152 finished with value: 0.40292339070097005 and parameters: {'model_name': 'VAE', 'batch_size': 10, 'iterations': 3, 'learning_rate': 0.0014108277874247646, 'p_miss': 0.09288617493942648}. Best is trial 100 with value: 0.15154315767034285.
running
[I 2024-10-22 04:39:57,273] Trial 135 finished with value: 0.15221246293906315 and parameters: {'model_name': 'IterativeImputer', 'estimator': 'RFR', 'initial_strategy': 'most_frequent', 'n_nearest_features': 9, 'imputation_order': 'random'}. Best is trial 100 with value: 0.15154315767034285.
running
[I 2024-10-22 04:39:57,473] Trial 154 finished with value: 0.2904740962556605 and parameters: {'model_name': 'SimpleImputer', 'strategy': 'constant'}. Best is trial 100 with value: 0.15154315767034285.
running
[I 2024-10-22 04:42:12,242] Trial 136 finished with value: 0.1522565713684796 and parameters: {'model_name': 'IterativeImputer', 'estimator': 'RFR', 'initial_strategy': 'most_frequent', 'n_nearest_features': 9, 'imputation_order': 'random'}. Best is trial 100 with value: 0.15154315767034285.
running
[I 2024-10-22 04:43:19,471] Trial 137 finished with value: 0.15231473648405972 and parameters: {'model_name': 'IterativeImputer', 'estimator': 'RFR', 'initial_strategy': 'most_frequent', 'n_nearest_features': 9, 'imputation_order': 'random'}. Best is trial 100 with value: 0.15154315767034285.
running
[I 2024-10-22 04:43:27,120] Trial 138 finished with value: 0.15218825827196114 and parameters: {'model_name': 'IterativeImputer', 'estimator': 'RFR', 'initial_strategy': 'most_frequent', 'n_nearest_features': 9, 'imputation_order': 'random'}. Best is trial 100 with value: 0.15154315767034285.
running
[I 2024-10-22 04:43:34,212] Trial 139 finished with value: 0.15234716719663086 and parameters: {'model_name': 'IterativeImputer', 'estimator': 'RFR', 'initial_strategy': 'most_frequent', 'n_nearest_features': 9, 'imputation_order': 'random'}. Best is trial 100 with value: 0.15154315767034285.
running
[I 2024-10-22 04:43:45,355] Trial 140 finished with value: 0.15233001335317392 and parameters: {'model_name': 'IterativeImputer', 'estimator': 'RFR', 'initial_strategy': 'most_frequent', 'n_nearest_features': 9, 'imputation_order': 'random'}. Best is trial 100 with value: 0.15154315767034285.
running
[I 2024-10-22 04:56:07,580] Trial 141 finished with value: 0.1521152963039678 and parameters: {'model_name': 'IterativeImputer', 'estimator': 'RFR', 'initial_strategy': 'most_frequent', 'n_nearest_features': 9, 'imputation_order': 'random'}. Best is trial 100 with value: 0.15154315767034285.
running
[I 2024-10-22 04:57:03,753] Trial 148 finished with value: 0.15899470274326039 and parameters: {'model_name': 'IterativeImputer', 'estimator': 'RFR', 'initial_strategy': 'most_frequent', 'n_nearest_features': 5, 'imputation_order': 'random'}. Best is trial 100 with value: 0.15154315767034285.
running
[I 2024-10-22 05:14:08,286] Trial 151 finished with value: 0.15692691089525865 and parameters: {'model_name': 'IterativeImputer', 'estimator': 'RFR', 'initial_strategy': 'most_frequent', 'n_nearest_features': 5, 'imputation_order': 'ascending'}. Best is trial 100 with value: 0.15154315767034285.
running
[I 2024-10-22 05:18:21,754] Trial 143 finished with value: 0.15193599817782127 and parameters: {'model_name': 'IterativeImputer', 'estimator': 'RFR', 'initial_strategy': 'most_frequent', 'n_nearest_features': 9, 'imputation_order': 'random'}. Best is trial 100 with value: 0.15154315767034285.
running
[I 2024-10-22 05:19:11,284] Trial 153 finished with value: 0.1586680091419272 and parameters: {'model_name': 'IterativeImputer', 'estimator': 'RFR', 'initial_strategy': 'most_frequent', 'n_nearest_features': 5, 'imputation_order': 'random'}. Best is trial 100 with value: 0.15154315767034285.
running
[I 2024-10-22 05:19:31,813] Trial 145 finished with value: 0.15226900682723848 and parameters: {'model_name': 'IterativeImputer', 'estimator': 'RFR', 'initial_strategy': 'most_frequent', 'n_nearest_features': 9, 'imputation_order': 'ascending'}. Best is trial 100 with value: 0.15154315767034285.
running
[I 2024-10-22 05:21:57,105] Trial 146 finished with value: 0.15219043636442656 and parameters: {'model_name': 'IterativeImputer', 'estimator': 'RFR', 'initial_strategy': 'most_frequent', 'n_nearest_features': 9, 'imputation_order': 'random'}. Best is trial 100 with value: 0.15154315767034285.
running
[I 2024-10-22 05:23:05,958] Trial 147 finished with value: 0.15196014441659572 and parameters: {'model_name': 'IterativeImputer', 'estimator': 'RFR', 'initial_strategy': 'most_frequent', 'n_nearest_features': 9, 'imputation_order': 'random'}. Best is trial 100 with value: 0.15154315767034285.
running
[I 2024-10-22 05:26:01,832] Trial 149 finished with value: 0.15213427712567965 and parameters: {'model_name': 'IterativeImputer', 'estimator': 'RFR', 'initial_strategy': 'most_frequent', 'n_nearest_features': 8, 'imputation_order': 'random'}. Best is trial 100 with value: 0.15154315767034285.
running
[I 2024-10-22 05:27:44,212] Trial 150 finished with value: 0.15264436378700844 and parameters: {'model_name': 'IterativeImputer', 'estimator': 'RFR', 'initial_strategy': 'most_frequent', 'n_nearest_features': 8, 'imputation_order': 'ascending'}. Best is trial 100 with value: 0.15154315767034285.
running
[I 2024-10-22 05:31:48,000] Trial 160 finished with value: 0.15739858601676116 and parameters: {'model_name': 'IterativeImputer', 'estimator': 'RFR', 'initial_strategy': 'constant', 'n_nearest_features': 5, 'imputation_order': 'ascending'}. Best is trial 100 with value: 0.15154315767034285.
running
[I 2024-10-22 05:55:48,933] Trial 155 finished with value: 0.15207340541221223 and parameters: {'model_name': 'IterativeImputer', 'estimator': 'RFR', 'initial_strategy': 'constant', 'n_nearest_features': 8, 'imputation_order': 'ascending'}. Best is trial 100 with value: 0.15154315767034285.
running
[I 2024-10-22 05:57:30,638] Trial 156 finished with value: 0.152572927410828 and parameters: {'model_name': 'IterativeImputer', 'estimator': 'RFR', 'initial_strategy': 'most_frequent', 'n_nearest_features': 8, 'imputation_order': 'ascending'}. Best is trial 100 with value: 0.15154315767034285.
running
[I 2024-10-22 05:58:45,198] Trial 157 finished with value: 0.15278244369971417 and parameters: {'model_name': 'IterativeImputer', 'estimator': 'RFR', 'initial_strategy': 'most_frequent', 'n_nearest_features': 8, 'imputation_order': 'ascending'}. Best is trial 100 with value: 0.15154315767034285.
running
[I 2024-10-22 05:58:57,636] Trial 159 finished with value: 0.15250881100973518 and parameters: {'model_name': 'IterativeImputer', 'estimator': 'RFR', 'initial_strategy': 'constant', 'n_nearest_features': 8, 'imputation_order': 'roman'}. Best is trial 100 with value: 0.15154315767034285.
running
[I 2024-10-22 05:59:14,346] Trial 158 finished with value: 0.1520765445152403 and parameters: {'model_name': 'IterativeImputer', 'estimator': 'RFR', 'initial_strategy': 'constant', 'n_nearest_features': 8, 'imputation_order': 'ascending'}. Best is trial 100 with value: 0.15154315767034285.
running
[I 2024-10-22 06:11:39,088] Trial 161 finished with value: 0.1525631831352677 and parameters: {'model_name': 'IterativeImputer', 'estimator': 'RFR', 'initial_strategy': 'constant', 'n_nearest_features': 8, 'imputation_order': 'ascending'}. Best is trial 100 with value: 0.15154315767034285.
running
[I 2024-10-22 06:12:49,662] Trial 162 finished with value: 0.15223569143801488 and parameters: {'model_name': 'IterativeImputer', 'estimator': 'RFR', 'initial_strategy': 'constant', 'n_nearest_features': 8, 'imputation_order': 'ascending'}. Best is trial 100 with value: 0.15154315767034285.
running
[I 2024-10-22 06:29:51,913] Trial 163 finished with value: 0.15237265619563817 and parameters: {'model_name': 'IterativeImputer', 'estimator': 'RFR', 'initial_strategy': 'constant', 'n_nearest_features': 8, 'imputation_order': 'ascending'}. Best is trial 100 with value: 0.15154315767034285.
running
[I 2024-10-22 06:30:36,746] Trial 179 finished with value: 0.16199491104835478 and parameters: {'model_name': 'IterativeImputer', 'estimator': 'KNN', 'initial_strategy': 'mean', 'n_nearest_features': 8, 'imputation_order': 'descending'}. Best is trial 100 with value: 0.15154315767034285.
running
[I 2024-10-22 06:34:11,568] Trial 164 finished with value: 0.15209330213326114 and parameters: {'model_name': 'IterativeImputer', 'estimator': 'RFR', 'initial_strategy': 'mean', 'n_nearest_features': 8, 'imputation_order': 'roman'}. Best is trial 100 with value: 0.15154315767034285.
running
[I 2024-10-22 06:34:45,963] Trial 165 finished with value: 0.15237903094057476 and parameters: {'model_name': 'IterativeImputer', 'estimator': 'RFR', 'initial_strategy': 'constant', 'n_nearest_features': 8, 'imputation_order': 'roman'}. Best is trial 100 with value: 0.15154315767034285.
running
[I 2024-10-22 06:34:55,864] Trial 166 finished with value: 0.15220792081197926 and parameters: {'model_name': 'IterativeImputer', 'estimator': 'RFR', 'initial_strategy': 'constant', 'n_nearest_features': 8, 'imputation_order': 'roman'}. Best is trial 100 with value: 0.15154315767034285.
running
[I 2024-10-22 06:35:05,674] Trial 182 finished with value: 0.21507997813934732 and parameters: {'model_name': 'KNNImputer', 'n_neighbors': 21357, 'weights': 'uniform'}. Best is trial 100 with value: 0.15154315767034285.
running
[I 2024-10-22 06:35:15,498] Trial 183 finished with value: 0.2166195519076591 and parameters: {'model_name': 'KNNImputer', 'n_neighbors': 21650, 'weights': 'uniform'}. Best is trial 100 with value: 0.15154315767034285.
running
[I 2024-10-22 06:35:19,843] Trial 185 finished with value: 0.38242906722418196 and parameters: {'model_name': 'VAE', 'batch_size': 125, 'iterations': 53, 'learning_rate': 0.0004773388155541762, 'p_miss': 0.010177794323178196}. Best is trial 100 with value: 0.15154315767034285.
running
[I 2024-10-22 06:39:00,541] Trial 167 finished with value: 0.15215194591731213 and parameters: {'model_name': 'IterativeImputer', 'estimator': 'RFR', 'initial_strategy': 'constant', 'n_nearest_features': 8, 'imputation_order': 'roman'}. Best is trial 100 with value: 0.15154315767034285.
running
[I 2024-10-22 06:39:13,383] Trial 168 finished with value: 0.15249438294441525 and parameters: {'model_name': 'IterativeImputer', 'estimator': 'RFR', 'initial_strategy': 'constant', 'n_nearest_features': 8, 'imputation_order': 'roman'}. Best is trial 100 with value: 0.15154315767034285.
running
[I 2024-10-22 06:41:39,702] Trial 169 finished with value: 0.15203918159311625 and parameters: {'model_name': 'IterativeImputer', 'estimator': 'RFR', 'initial_strategy': 'constant', 'n_nearest_features': 8, 'imputation_order': 'descending'}. Best is trial 100 with value: 0.15154315767034285.
running
[I 2024-10-22 06:44:34,334] Trial 170 finished with value: 0.15217321102500014 and parameters: {'model_name': 'IterativeImputer', 'estimator': 'RFR', 'initial_strategy': 'constant', 'n_nearest_features': 8, 'imputation_order': 'roman'}. Best is trial 100 with value: 0.15154315767034285.
running
[I 2024-10-22 06:47:41,033] Trial 171 finished with value: 0.15245270524491852 and parameters: {'model_name': 'IterativeImputer', 'estimator': 'RFR', 'initial_strategy': 'mean', 'n_nearest_features': 8, 'imputation_order': 'roman'}. Best is trial 100 with value: 0.15154315767034285.
running
[I 2024-10-22 06:47:50,505] Trial 191 finished with value: 0.15367983673721847 and parameters: {'model_name': 'IterativeImputer', 'estimator': 'Ridge', 'initial_strategy': 'mean', 'n_nearest_features': 7, 'imputation_order': 'descending'}. Best is trial 100 with value: 0.15154315767034285.
running
[I 2024-10-22 07:11:38,888] Trial 172 finished with value: 0.15249983511626133 and parameters: {'model_name': 'IterativeImputer', 'estimator': 'RFR', 'initial_strategy': 'constant', 'n_nearest_features': 8, 'imputation_order': 'roman'}. Best is trial 100 with value: 0.15154315767034285.
running
[I 2024-10-22 07:11:39,157] Trial 193 finished with value: 0.2523040183104089 and parameters: {'model_name': 'SimpleImputer', 'strategy': 'median'}. Best is trial 100 with value: 0.15154315767034285.
running
[I 2024-10-22 07:13:13,822] Trial 173 finished with value: 0.15249111984751834 and parameters: {'model_name': 'IterativeImputer', 'estimator': 'RFR', 'initial_strategy': 'constant', 'n_nearest_features': 8, 'imputation_order': 'descending'}. Best is trial 100 with value: 0.15154315767034285.
running
[I 2024-10-22 07:14:34,757] Trial 174 finished with value: 0.1524101975304404 and parameters: {'model_name': 'IterativeImputer', 'estimator': 'RFR', 'initial_strategy': 'constant', 'n_nearest_features': 8, 'imputation_order': 'roman'}. Best is trial 100 with value: 0.15154315767034285.
running
[I 2024-10-22 07:14:57,573] Trial 175 finished with value: 0.15226744897886196 and parameters: {'model_name': 'IterativeImputer', 'estimator': 'RFR', 'initial_strategy': 'constant', 'n_nearest_features': 8, 'imputation_order': 'descending'}. Best is trial 100 with value: 0.15154315767034285.
running
[I 2024-10-22 07:15:15,411] Trial 176 finished with value: 0.1521157111192329 and parameters: {'model_name': 'IterativeImputer', 'estimator': 'RFR', 'initial_strategy': 'constant', 'n_nearest_features': 8, 'imputation_order': 'descending'}. Best is trial 100 with value: 0.15154315767034285.
running
[I 2024-10-22 07:27:16,604] Trial 177 finished with value: 0.15193769532728524 and parameters: {'model_name': 'IterativeImputer', 'estimator': 'RFR', 'initial_strategy': 'constant', 'n_nearest_features': 8, 'imputation_order': 'descending'}. Best is trial 100 with value: 0.15154315767034285.
running
[I 2024-10-22 07:28:33,919] Trial 178 finished with value: 0.15177915000637737 and parameters: {'model_name': 'IterativeImputer', 'estimator': 'RFR', 'initial_strategy': 'constant', 'n_nearest_features': 8, 'imputation_order': 'descending'}. Best is trial 100 with value: 0.15154315767034285.
[I 2024-10-22 07:46:26,927] Trial 180 finished with value: 0.1521319778896273 and parameters: {'model_name': 'IterativeImputer', 'estimator': 'RFR', 'initial_strategy': 'constant', 'n_nearest_features': 8, 'imputation_order': 'descending'}. Best is trial 100 with value: 0.15154315767034285.
[I 2024-10-22 07:48:43,713] Trial 189 finished with value: 0.154003858752491 and parameters: {'model_name': 'IterativeImputer', 'estimator': 'RFR', 'initial_strategy': 'mean', 'n_nearest_features': 7, 'imputation_order': 'descending'}. Best is trial 100 with value: 0.15154315767034285.
[I 2024-10-22 07:50:08,521] Trial 181 finished with value: 0.1520213035474181 and parameters: {'model_name': 'IterativeImputer', 'estimator': 'RFR', 'initial_strategy': 'mean', 'n_nearest_features': 8, 'imputation_order': 'roman'}. Best is trial 100 with value: 0.15154315767034285.
[I 2024-10-22 07:50:45,951] Trial 186 finished with value: 0.15178265870804125 and parameters: {'model_name': 'IterativeImputer', 'estimator': 'RFR', 'initial_strategy': 'median', 'n_nearest_features': 8, 'imputation_order': 'descending'}. Best is trial 100 with value: 0.15154315767034285.
[I 2024-10-22 07:51:09,021] Trial 184 finished with value: 0.15201094173646973 and parameters: {'model_name': 'IterativeImputer', 'estimator': 'RFR', 'initial_strategy': 'mean', 'n_nearest_features': 8, 'imputation_order': 'descending'}. Best is trial 100 with value: 0.15154315767034285.
[I 2024-10-22 07:52:59,394] Trial 190 finished with value: 0.1540791403106378 and parameters: {'model_name': 'IterativeImputer', 'estimator': 'RFR', 'initial_strategy': 'mean', 'n_nearest_features': 7, 'imputation_order': 'descending'}. Best is trial 100 with value: 0.15154315767034285.
[I 2024-10-22 07:54:59,765] Trial 188 finished with value: 0.15278059651878875 and parameters: {'model_name': 'IterativeImputer', 'estimator': 'RFR', 'initial_strategy': 'mean', 'n_nearest_features': 8, 'imputation_order': 'descending'}. Best is trial 100 with value: 0.15154315767034285.
[I 2024-10-22 07:56:01,926] Trial 187 finished with value: 0.1521351987174545 and parameters: {'model_name': 'IterativeImputer', 'estimator': 'RFR', 'initial_strategy': 'mean', 'n_nearest_features': 8, 'imputation_order': 'descending'}. Best is trial 100 with value: 0.15154315767034285.
[I 2024-10-22 08:02:45,238] Trial 192 finished with value: 0.15196066723807472 and parameters: {'model_name': 'IterativeImputer', 'estimator': 'RFR', 'initial_strategy': 'median', 'n_nearest_features': 8, 'imputation_order': 'descending'}. Best is trial 100 with value: 0.15154315767034285.
[I 2024-10-22 08:17:40,563] Trial 194 finished with value: 0.15344654031058338 and parameters: {'model_name': 'IterativeImputer', 'estimator': 'RFR', 'initial_strategy': 'median', 'n_nearest_features': 7, 'imputation_order': 'descending'}. Best is trial 100 with value: 0.15154315767034285.
[I 2024-10-22 08:19:10,351] Trial 195 finished with value: 0.15322119472362528 and parameters: {'model_name': 'IterativeImputer', 'estimator': 'RFR', 'initial_strategy': 'median', 'n_nearest_features': 7, 'imputation_order': 'descending'}. Best is trial 100 with value: 0.15154315767034285.
[I 2024-10-22 08:20:33,813] Trial 196 finished with value: 0.15343834527355213 and parameters: {'model_name': 'IterativeImputer', 'estimator': 'RFR', 'initial_strategy': 'median', 'n_nearest_features': 7, 'imputation_order': 'descending'}. Best is trial 100 with value: 0.15154315767034285.
[I 2024-10-22 08:20:56,327] Trial 197 finished with value: 0.1532329188968738 and parameters: {'model_name': 'IterativeImputer', 'estimator': 'RFR', 'initial_strategy': 'median', 'n_nearest_features': 7, 'imputation_order': 'descending'}. Best is trial 100 with value: 0.15154315767034285.
[I 2024-10-22 08:29:08,522] Trial 198 finished with value: 0.15203970486211613 and parameters: {'model_name': 'IterativeImputer', 'estimator': 'RFR', 'initial_strategy': 'median', 'n_nearest_features': 8, 'imputation_order': 'descending'}. Best is trial 100 with value: 0.15154315767034285.
[I 2024-10-22 08:32:28,737] Trial 199 finished with value: 0.15355184820142687 and parameters: {'model_name': 'IterativeImputer', 'estimator': 'RFR', 'initial_strategy': 'median', 'n_nearest_features': 7, 'imputation_order': 'descending'}. Best is trial 100 with value: 0.15154315767034285.
fit
auto fit
auto transform
0    0
1    0
2    0
3    0
4    0
5    0
6    0
7    0
8    0
dtype: int64
0    0
1    0
2    0
3    0
4    0
5    0
6    0
7    0
8    0
dtype: int64
0.15154315767034285
{'model_name': 'IterativeImputer', 'estimator': 'RFR', 'initial_strategy': 'median', 'n_nearest_features': 8, 'imputation_order': 'descending'}
running experiment 2/3 - Does reconstruction give good automl predictions
Start est fit
Version 0.1.7a0 of tpot2 is outdated. Version 0.1.8a0 was released Tuesday September 17, 2024.
Version 0.1.7a0 of tpot2 is outdated. Version 0.1.8a0 was released Tuesday September 17, 2024.
Version 0.1.7a0 of tpot2 is outdated. Version 0.1.8a0 was released Tuesday September 17, 2024.
Version 0.1.7a0 of tpot2 is outdated. Version 0.1.8a0 was released Tuesday September 17, 2024.
Version 0.1.7a0 of tpot2 is outdated. Version 0.1.8a0 was released Tuesday September 17, 2024.
Version 0.1.7a0 of tpot2 is outdated. Version 0.1.8a0 was released Tuesday September 17, 2024.
Version 0.1.7a0 of tpot2 is outdated. Version 0.1.8a0 was released Tuesday September 17, 2024.
Version 0.1.7a0 of tpot2 is outdated. Version 0.1.8a0 was released Tuesday September 17, 2024.
Version 0.1.7a0 of tpot2 is outdated. Version 0.1.8a0 was released Tuesday September 17, 2024.
Version 0.1.7a0 of tpot2 is outdated. Version 0.1.8a0 was released Tuesday September 17, 2024.
Version 0.1.7a0 of tpot2 is outdated. Version 0.1.8a0 was released Tuesday September 17, 2024.
Version 0.1.7a0 of tpot2 is outdated. Version 0.1.8a0 was released Tuesday September 17, 2024.
Version 0.1.7a0 of tpot2 is outdated. Version 0.1.8a0 was released Tuesday September 17, 2024.
Version 0.1.7a0 of tpot2 is outdated. Version 0.1.8a0 was released Tuesday September 17, 2024.
Version 0.1.7a0 of tpot2 is outdated. Version 0.1.8a0 was released Tuesday September 17, 2024.
Version 0.1.7a0 of tpot2 is outdated. Version 0.1.8a0 was released Tuesday September 17, 2024.
  0%|          | 0/25 [00:00<?, ?it/s]Generation:   0%|          | 0/25 [00:00<?, ?it/s]Generation:  1
Best f1_score score: 0.9840909152232046
Generation:   4%|         | 1/25 [00:36<14:34, 36.43s/it]Generation:  2
Best f1_score score: 0.9840909152232046
Generation:   8%|         | 2/25 [01:16<14:44, 38.44s/it]Generation:  3
Best f1_score score: 0.9840909152232046
Generation:  12%|        | 3/25 [02:59<24:59, 68.16s/it]Generation:  4
Best f1_score score: 0.9840909152232046
Generation:  16%|        | 4/25 [07:55<55:15, 157.87s/it]Generation:  5
Best f1_score score: 0.9840909152232046
Generation:  20%|        | 5/25 [08:59<41:19, 123.99s/it]Generation:  6
Best f1_score score: 0.9844044274204118
Generation:  24%|       | 6/25 [09:37<30:02, 94.86s/it] Generation:  7
Best f1_score score: 0.9845146046994188
Generation:  28%|       | 7/25 [10:30<24:21, 81.20s/it]Generation:  8
Best f1_score score: 0.9845146046994188
Generation:  32%|      | 8/25 [11:05<18:49, 66.44s/it]Generation:  9
Best f1_score score: 0.9845146046994188
Generation:  36%|      | 9/25 [12:46<20:35, 77.22s/it]Generation:  10
Best f1_score score: 0.9847195152587915
Generation:  40%|      | 10/25 [16:39<31:20, 125.39s/it]Generation:  11
Best f1_score score: 0.9847195152587915
Generation:  44%|     | 11/25 [17:20<23:15, 99.68s/it] Generation:  12
Best f1_score score: 0.9847195152587915
Generation:  48%|     | 12/25 [18:03<17:51, 82.41s/it]WARNING AN INDIVIDUAL TIMED OUT: 
 <tpot2.search_spaces.pipelines.sequential.SequentialPipelineIndividual object at 0x155467dda0e0> 

Generation:  13
Best f1_score score: 0.9847195152587915
Generation:  52%|    | 13/25 [28:12<48:22, 241.86s/it]Generation:  14
Best f1_score score: 0.9847195152587915
Generation:  56%|    | 14/25 [28:53<33:13, 181.24s/it]WARNING AN INDIVIDUAL TIMED OUT: 
 <tpot2.search_spaces.pipelines.sequential.SequentialPipelineIndividual object at 0x155467d8f2e0> 

Generation:  15
Best f1_score score: 0.9847195152587915
Generation:  60%|    | 15/25 [39:00<51:35, 309.54s/it]Generation:  16
Best f1_score score: 0.9847195152587915
Generation:  64%|   | 16/25 [40:01<35:10, 234.55s/it]Generation:  17
Best f1_score score: 0.985393619682054
Generation:  68%|   | 17/25 [42:48<28:34, 214.27s/it]Generation:  18
Best f1_score score: 0.985393619682054
Generation:  72%|  | 18/25 [43:19<18:35, 159.34s/it]Generation:  19
Best f1_score score: 0.985393619682054
Generation:  76%|  | 19/25 [50:12<23:33, 235.62s/it]Generation:  20
Best f1_score score: 0.985393619682054
Generation:  80%|  | 20/25 [51:16<15:20, 184.03s/it]Generation:  21
Best f1_score score: 0.985393619682054
Generation:  84%| | 21/25 [51:46<09:11, 137.81s/it]Generation:  22
Best f1_score score: 0.985393619682054
Generation:  88%| | 22/25 [53:07<06:01, 120.64s/it]Generation:  23
Best f1_score score: 0.985393619682054
Generation:  92%|| 23/25 [53:32<03:04, 92.05s/it] Generation:  24
Best f1_score score: 0.985393619682054
Generation:  96%|| 24/25 [54:57<01:29, 89.80s/it]Generation:  25
Best f1_score score: 0.985393619682054
Generation: 100%|| 25/25 [55:40<00:00, 75.87s/it]Generation: 100%|| 25/25 [55:43<00:00, 133.76s/it]
2024-10-22 09:47:34,850 - distributed.scheduler - ERROR - Removing worker 'tcp://127.0.0.1:38091' caused the cluster to lose scattered data, which can't be recovered: {'ndarray-4ad86aebab919d978b829b0224bc65b0', 'ndarray-e4a60c677fc40c7d2e1b8acc8775c803'} (stimulus_id='handle-worker-cleanup-1729615654.8502302')
Fitted
Pipeline(steps=[('histgradientboostingclassifier',
                 HistGradientBoostingClassifier(early_stopping=True,
                                                l2_regularization=2.856e-10,
                                                learning_rate=0.1909193774411,
                                                max_features=0.153767377219,
                                                max_leaf_nodes=1892,
                                                min_samples_leaf=123,
                                                n_iter_no_change=11, tol=0.0001,
                                                validation_fraction=0.1598500330286))])
score start
train score: {'auroc': 0.9998223002428517, 'accuracy': 0.9955544265210212, 'balanced_accuracy': 0.9952293360426113, 'logloss': 0.017028924562615382, 'f1': 0.9950773292786959}
original test score: {'auroc': 0.9989586180945734, 'accuracy': 0.9884429768859537, 'balanced_accuracy': 0.9877678899741531, 'logloss': 0.034637403410864916, 'f1': 0.9872119722670198}
imputed test score: {'auroc': 0.9988921514710027, 'accuracy': 0.9876809753619508, 'balanced_accuracy': 0.9870992929166233, 'logloss': 0.036318479338462197, 'f1': 0.9863735546573482}
score end
check intended
EXP2 Finished
running experiment 3/3 - What is the best automl settings?
<tpot2.search_spaces.pipelines.sequential.SequentialPipeline object at 0x1554350145b0>
Start tpot fit
Version 0.1.7a0 of tpot2 is outdated. Version 0.1.8a0 was released Tuesday September 17, 2024.
Version 0.1.7a0 of tpot2 is outdated. Version 0.1.8a0 was released Tuesday September 17, 2024.
Version 0.1.7a0 of tpot2 is outdated. Version 0.1.8a0 was released Tuesday September 17, 2024.
Version 0.1.7a0 of tpot2 is outdated. Version 0.1.8a0 was released Tuesday September 17, 2024.
Version 0.1.7a0 of tpot2 is outdated. Version 0.1.8a0 was released Tuesday September 17, 2024.
Version 0.1.7a0 of tpot2 is outdated. Version 0.1.8a0 was released Tuesday September 17, 2024.
Version 0.1.7a0 of tpot2 is outdated. Version 0.1.8a0 was released Tuesday September 17, 2024.
Version 0.1.7a0 of tpot2 is outdated. Version 0.1.8a0 was released Tuesday September 17, 2024.
Version 0.1.7a0 of tpot2 is outdated. Version 0.1.8a0 was released Tuesday September 17, 2024.
Version 0.1.7a0 of tpot2 is outdated. Version 0.1.8a0 was released Tuesday September 17, 2024.
Version 0.1.7a0 of tpot2 is outdated. Version 0.1.8a0 was released Tuesday September 17, 2024.
Version 0.1.7a0 of tpot2 is outdated. Version 0.1.8a0 was released Tuesday September 17, 2024.
Version 0.1.7a0 of tpot2 is outdated. Version 0.1.8a0 was released Tuesday September 17, 2024.
Version 0.1.7a0 of tpot2 is outdated. Version 0.1.8a0 was released Tuesday September 17, 2024.
Version 0.1.7a0 of tpot2 is outdated. Version 0.1.8a0 was released Tuesday September 17, 2024.
Version 0.1.7a0 of tpot2 is outdated. Version 0.1.8a0 was released Tuesday September 17, 2024.
  0%|          | 0/25 [00:00<?, ?it/s]Generation:   0%|          | 0/25 [00:00<?, ?it/s]WARNING AN INDIVIDUAL TIMED OUT: 
 <tpot2.search_spaces.pipelines.sequential.SequentialPipelineIndividual object at 0x155474cd1030> 

Generation:  1
Best f1_score score: 0.9844075190969193
Generation:   4%|         | 1/25 [10:02<4:01:11, 602.97s/it]corrupted size vs. prev_size
2024-10-22 10:06:56,757 - distributed.scheduler - ERROR - Removing worker 'tcp://127.0.0.1:46911' caused the cluster to lose scattered data, which can't be recovered: {'ndarray-e4a60c677fc40c7d2e1b8acc8775c803', 'DataFrame-2bbd116318cfb884cf1f4e57f7205635'} (stimulus_id='handle-worker-cleanup-1729616816.757573')
Cancelled future (likely memory related)
Generation:  2
Best f1_score score: 0.9844075190969193
Generation:   8%|         | 2/25 [19:13<3:39:12, 571.87s/it]2024-10-22 10:06:57,395 - distributed.nanny - WARNING - Restarting worker
Cancelled future (likely memory related)
Cancelled future (likely memory related)
Cancelled future (likely memory related)
Cancelled future (likely memory related)
Cancelled future (likely memory related)
Cancelled future (likely memory related)
Cancelled future (likely memory related)
Cancelled future (likely memory related)
Cancelled future (likely memory related)
Cancelled future (likely memory related)
Cancelled future (likely memory related)
Cancelled future (likely memory related)
Cancelled future (likely memory related)
Cancelled future (likely memory related)
Cancelled future (likely memory related)
Cancelled future (likely memory related)
Generation:  3
Best f1_score score: 0.9844075190969193
Generation:  12%|        | 3/25 [19:16<1:54:35, 312.53s/it]Cancelled future (likely memory related)
Cancelled future (likely memory related)
Cancelled future (likely memory related)
Cancelled future (likely memory related)
Cancelled future (likely memory related)
Cancelled future (likely memory related)
Cancelled future (likely memory related)
Cancelled future (likely memory related)
Cancelled future (likely memory related)
Cancelled future (likely memory related)
Cancelled future (likely memory related)
Cancelled future (likely memory related)
Cancelled future (likely memory related)
Cancelled future (likely memory related)
Cancelled future (likely memory related)
Cancelled future (likely memory related)
Generation:  4
Best f1_score score: 0.9844075190969193
Generation:  16%|        | 4/25 [19:20<1:06:39, 190.43s/it]Version 0.1.7a0 of tpot2 is outdated. Version 0.1.8a0 was released Tuesday September 17, 2024.
Cancelled future (likely memory related)
Cancelled future (likely memory related)
Cancelled future (likely memory related)
Cancelled future (likely memory related)
Cancelled future (likely memory related)
Cancelled future (likely memory related)
Cancelled future (likely memory related)
Cancelled future (likely memory related)
Cancelled future (likely memory related)
Cancelled future (likely memory related)
Cancelled future (likely memory related)
Cancelled future (likely memory related)
Cancelled future (likely memory related)
Cancelled future (likely memory related)
Cancelled future (likely memory related)
Cancelled future (likely memory related)
Generation:  5
Best f1_score score: 0.9844075190969193
Generation:  20%|        | 5/25 [19:24<41:03, 123.20s/it]  Cancelled future (likely memory related)
Cancelled future (likely memory related)
Cancelled future (likely memory related)
Cancelled future (likely memory related)
Cancelled future (likely memory related)
Cancelled future (likely memory related)
Cancelled future (likely memory related)
Cancelled future (likely memory related)
Cancelled future (likely memory related)
Cancelled future (likely memory related)
Cancelled future (likely memory related)
Cancelled future (likely memory related)
Cancelled future (likely memory related)
Cancelled future (likely memory related)
Cancelled future (likely memory related)
Cancelled future (likely memory related)
Generation:  6
Best f1_score score: 0.9844075190969193
Generation:  24%|       | 6/25 [19:28<26:10, 82.67s/it] Cancelled future (likely memory related)
Cancelled future (likely memory related)
Cancelled future (likely memory related)
Cancelled future (likely memory related)
Cancelled future (likely memory related)
Cancelled future (likely memory related)
Cancelled future (likely memory related)
Cancelled future (likely memory related)
Cancelled future (likely memory related)
Cancelled future (likely memory related)
Cancelled future (likely memory related)
Cancelled future (likely memory related)
Cancelled future (likely memory related)
Cancelled future (likely memory related)
Cancelled future (likely memory related)
Cancelled future (likely memory related)
Generation:  7
Best f1_score score: 0.9844075190969193
Generation:  28%|       | 7/25 [19:31<17:00, 56.70s/it]Cancelled future (likely memory related)
Cancelled future (likely memory related)
Cancelled future (likely memory related)
Cancelled future (likely memory related)
Cancelled future (likely memory related)
Cancelled future (likely memory related)
Cancelled future (likely memory related)
Cancelled future (likely memory related)
Cancelled future (likely memory related)
Cancelled future (likely memory related)
Cancelled future (likely memory related)
Cancelled future (likely memory related)
Cancelled future (likely memory related)
Cancelled future (likely memory related)
Cancelled future (likely memory related)
Cancelled future (likely memory related)
Generation:  8
Best f1_score score: 0.9844075190969193
Generation:  32%|      | 8/25 [19:35<11:17, 39.83s/it]Cancelled future (likely memory related)
Cancelled future (likely memory related)
Cancelled future (likely memory related)
Cancelled future (likely memory related)
Cancelled future (likely memory related)
Cancelled future (likely memory related)
Cancelled future (likely memory related)
Cancelled future (likely memory related)
Cancelled future (likely memory related)
Cancelled future (likely memory related)
Cancelled future (likely memory related)
Cancelled future (likely memory related)
Cancelled future (likely memory related)
Cancelled future (likely memory related)
Cancelled future (likely memory related)
Cancelled future (likely memory related)
Generation:  9
Best f1_score score: 0.9844075190969193
Generation:  36%|      | 9/25 [19:38<07:36, 28.54s/it]Cancelled future (likely memory related)
Cancelled future (likely memory related)
Cancelled future (likely memory related)
Cancelled future (likely memory related)
Cancelled future (likely memory related)
Cancelled future (likely memory related)
Cancelled future (likely memory related)
Cancelled future (likely memory related)
Cancelled future (likely memory related)
Cancelled future (likely memory related)
Cancelled future (likely memory related)
Cancelled future (likely memory related)
Cancelled future (likely memory related)
Cancelled future (likely memory related)
Cancelled future (likely memory related)
Cancelled future (likely memory related)
Generation:  10
Best f1_score score: 0.9844075190969193
Generation:  40%|      | 10/25 [19:42<05:11, 20.76s/it]Cancelled future (likely memory related)
Cancelled future (likely memory related)
Cancelled future (likely memory related)
Cancelled future (likely memory related)
Cancelled future (likely memory related)
Cancelled future (likely memory related)
Cancelled future (likely memory related)
Cancelled future (likely memory related)
Cancelled future (likely memory related)
Cancelled future (likely memory related)
Cancelled future (likely memory related)
Cancelled future (likely memory related)
Cancelled future (likely memory related)
Cancelled future (likely memory related)
Cancelled future (likely memory related)
Cancelled future (likely memory related)
Generation:  11
Best f1_score score: 0.9844075190969193
Generation:  44%|     | 11/25 [19:46<03:38, 15.64s/it]Cancelled future (likely memory related)
Cancelled future (likely memory related)
Cancelled future (likely memory related)
Cancelled future (likely memory related)
Cancelled future (likely memory related)
Cancelled future (likely memory related)
Cancelled future (likely memory related)
Cancelled future (likely memory related)
Cancelled future (likely memory related)
Cancelled future (likely memory related)
Cancelled future (likely memory related)
Cancelled future (likely memory related)
Cancelled future (likely memory related)
Cancelled future (likely memory related)
Cancelled future (likely memory related)
Cancelled future (likely memory related)
Generation:  12
Best f1_score score: 0.9844075190969193
Generation:  48%|     | 12/25 [19:49<02:33, 11.80s/it]Cancelled future (likely memory related)
Cancelled future (likely memory related)
Cancelled future (likely memory related)
Cancelled future (likely memory related)
Cancelled future (likely memory related)
Cancelled future (likely memory related)
Cancelled future (likely memory related)
Cancelled future (likely memory related)
Cancelled future (likely memory related)
Cancelled future (likely memory related)
Cancelled future (likely memory related)
Cancelled future (likely memory related)
Cancelled future (likely memory related)
Cancelled future (likely memory related)
Cancelled future (likely memory related)
Cancelled future (likely memory related)
Generation:  13
Best f1_score score: 0.9844075190969193
Generation:  52%|    | 13/25 [19:53<01:54,  9.56s/it]Cancelled future (likely memory related)
Cancelled future (likely memory related)
Cancelled future (likely memory related)
Cancelled future (likely memory related)
Cancelled future (likely memory related)
Cancelled future (likely memory related)
Cancelled future (likely memory related)
Cancelled future (likely memory related)
Cancelled future (likely memory related)
Cancelled future (likely memory related)
Cancelled future (likely memory related)
Cancelled future (likely memory related)
Cancelled future (likely memory related)
Cancelled future (likely memory related)
Cancelled future (likely memory related)
Cancelled future (likely memory related)
Generation:  14
Best f1_score score: 0.9844075190969193
Generation:  56%|    | 14/25 [19:58<01:28,  8.02s/it]Cancelled future (likely memory related)
Cancelled future (likely memory related)
Cancelled future (likely memory related)
Cancelled future (likely memory related)
Cancelled future (likely memory related)
Cancelled future (likely memory related)
Cancelled future (likely memory related)
Cancelled future (likely memory related)
Cancelled future (likely memory related)
Cancelled future (likely memory related)
Cancelled future (likely memory related)
Cancelled future (likely memory related)
Cancelled future (likely memory related)
Cancelled future (likely memory related)
Cancelled future (likely memory related)
Cancelled future (likely memory related)
Generation:  15
Best f1_score score: 0.9844075190969193
Generation:  60%|    | 15/25 [20:01<01:05,  6.54s/it]Cancelled future (likely memory related)
Cancelled future (likely memory related)
Cancelled future (likely memory related)
Cancelled future (likely memory related)
Cancelled future (likely memory related)
Cancelled future (likely memory related)
Cancelled future (likely memory related)
Cancelled future (likely memory related)
Cancelled future (likely memory related)
Cancelled future (likely memory related)
Cancelled future (likely memory related)
Cancelled future (likely memory related)
Cancelled future (likely memory related)
Cancelled future (likely memory related)
Cancelled future (likely memory related)
Cancelled future (likely memory related)
Generation:  16
Best f1_score score: 0.9844075190969193
Generation:  64%|   | 16/25 [20:05<00:53,  5.89s/it]Cancelled future (likely memory related)
Cancelled future (likely memory related)
Cancelled future (likely memory related)
Cancelled future (likely memory related)
Cancelled future (likely memory related)
Cancelled future (likely memory related)
Cancelled future (likely memory related)
Cancelled future (likely memory related)
Cancelled future (likely memory related)
Cancelled future (likely memory related)
Cancelled future (likely memory related)
Cancelled future (likely memory related)
Cancelled future (likely memory related)
Cancelled future (likely memory related)
Cancelled future (likely memory related)
Cancelled future (likely memory related)
Generation:  17
Best f1_score score: 0.9844075190969193
Generation:  68%|   | 17/25 [20:08<00:41,  5.13s/it]Cancelled future (likely memory related)
Cancelled future (likely memory related)
Cancelled future (likely memory related)
Cancelled future (likely memory related)
Cancelled future (likely memory related)
Cancelled future (likely memory related)
Cancelled future (likely memory related)
Cancelled future (likely memory related)
Cancelled future (likely memory related)
Cancelled future (likely memory related)
Cancelled future (likely memory related)
Cancelled future (likely memory related)
Cancelled future (likely memory related)
Cancelled future (likely memory related)
Cancelled future (likely memory related)
Cancelled future (likely memory related)
Generation:  18
Best f1_score score: 0.9844075190969193
Generation:  72%|  | 18/25 [20:13<00:34,  4.89s/it]Cancelled future (likely memory related)
Cancelled future (likely memory related)
Cancelled future (likely memory related)
Cancelled future (likely memory related)
Cancelled future (likely memory related)
Cancelled future (likely memory related)
Cancelled future (likely memory related)
Cancelled future (likely memory related)
Cancelled future (likely memory related)
Cancelled future (likely memory related)
Cancelled future (likely memory related)
Cancelled future (likely memory related)
Cancelled future (likely memory related)
Cancelled future (likely memory related)
Cancelled future (likely memory related)
Cancelled future (likely memory related)
Generation:  19
Best f1_score score: 0.9844075190969193
Generation:  76%|  | 19/25 [20:16<00:26,  4.42s/it]Cancelled future (likely memory related)
Cancelled future (likely memory related)
Cancelled future (likely memory related)
Cancelled future (likely memory related)
Cancelled future (likely memory related)
Cancelled future (likely memory related)
Cancelled future (likely memory related)
Cancelled future (likely memory related)
Cancelled future (likely memory related)
Cancelled future (likely memory related)
Cancelled future (likely memory related)
Cancelled future (likely memory related)
Cancelled future (likely memory related)
Cancelled future (likely memory related)
Cancelled future (likely memory related)
Cancelled future (likely memory related)
Generation:  20
Best f1_score score: 0.9844075190969193
Generation:  80%|  | 20/25 [20:20<00:21,  4.39s/it]Cancelled future (likely memory related)
Cancelled future (likely memory related)
Cancelled future (likely memory related)
Cancelled future (likely memory related)
Cancelled future (likely memory related)
Cancelled future (likely memory related)
Cancelled future (likely memory related)
Cancelled future (likely memory related)
Cancelled future (likely memory related)
Cancelled future (likely memory related)
Cancelled future (likely memory related)
Cancelled future (likely memory related)
Cancelled future (likely memory related)
Cancelled future (likely memory related)
Cancelled future (likely memory related)
Cancelled future (likely memory related)
Generation:  21
Best f1_score score: 0.9844075190969193
Generation:  84%| | 21/25 [20:25<00:17,  4.44s/it]Cancelled future (likely memory related)
Cancelled future (likely memory related)
Cancelled future (likely memory related)
Cancelled future (likely memory related)
Cancelled future (likely memory related)
Cancelled future (likely memory related)
Cancelled future (likely memory related)
Cancelled future (likely memory related)
Cancelled future (likely memory related)
Cancelled future (likely memory related)
Cancelled future (likely memory related)
Cancelled future (likely memory related)
Cancelled future (likely memory related)
Cancelled future (likely memory related)
Cancelled future (likely memory related)
Cancelled future (likely memory related)
Generation:  22
Best f1_score score: 0.9844075190969193
Generation:  88%| | 22/25 [20:28<00:12,  4.07s/it]Cancelled future (likely memory related)
Cancelled future (likely memory related)
Cancelled future (likely memory related)
Cancelled future (likely memory related)
Cancelled future (likely memory related)
Cancelled future (likely memory related)
Cancelled future (likely memory related)
Cancelled future (likely memory related)
Cancelled future (likely memory related)
Cancelled future (likely memory related)
Cancelled future (likely memory related)
Cancelled future (likely memory related)
Cancelled future (likely memory related)
Cancelled future (likely memory related)
Cancelled future (likely memory related)
Cancelled future (likely memory related)
Generation:  23
Best f1_score score: 0.9844075190969193
Generation:  92%|| 23/25 [20:33<00:08,  4.31s/it]Cancelled future (likely memory related)
Cancelled future (likely memory related)
Cancelled future (likely memory related)
Cancelled future (likely memory related)
Cancelled future (likely memory related)
Cancelled future (likely memory related)
Cancelled future (likely memory related)
Cancelled future (likely memory related)
Cancelled future (likely memory related)
Cancelled future (likely memory related)
Cancelled future (likely memory related)
Cancelled future (likely memory related)
Cancelled future (likely memory related)
Cancelled future (likely memory related)
Cancelled future (likely memory related)
Cancelled future (likely memory related)
Generation:  24
Best f1_score score: 0.9844075190969193
Generation:  96%|| 24/25 [20:36<00:03,  3.91s/it]Cancelled future (likely memory related)
Cancelled future (likely memory related)
Cancelled future (likely memory related)
Cancelled future (likely memory related)
Cancelled future (likely memory related)
Cancelled future (likely memory related)
Cancelled future (likely memory related)
Cancelled future (likely memory related)
Cancelled future (likely memory related)
Cancelled future (likely memory related)
Cancelled future (likely memory related)
Cancelled future (likely memory related)
Cancelled future (likely memory related)
Cancelled future (likely memory related)
Cancelled future (likely memory related)
Cancelled future (likely memory related)
Generation:  25
Best f1_score score: 0.9844075190969193
Generation: 100%|| 25/25 [20:41<00:00,  4.10s/it]Generation: 100%|| 25/25 [20:41<00:00, 49.64s/it]
Fitted
Pipeline(steps=[('simpleimputer', SimpleImputer()),
                ('xgbclassifier',
                 XGBClassifier(base_score=None, booster=None, callbacks=None,
                               colsample_bylevel=None, colsample_bynode=None,
                               colsample_bytree=None, device=None,
                               early_stopping_rounds=None,
                               enable_categorical=False, eval_metric=None,
                               feature_types=None, gamma=0.0017496780676,
                               grow_policy=None, importance_type=None,
                               interaction_constraints=None,
                               learning_rate=0.2332472345806, max_bin=None,
                               max_cat_threshold=None, max_cat_to_onehot=None,
                               max_delta_step=None, max_depth=5,
                               max_leaves=None, min_child_weight=4, missing=nan,
                               monotone_constraints=None, multi_strategy=None,
                               n_estimators=100, n_jobs=1, nthread=1,
                               num_parallel_tree=None, ...))])
transform worked
try transform
transform worked
score start
train score: {'auroc': 0.9996269783846358, 'accuracy': 0.9919344595452814, 'balanced_accuracy': 0.9916801970851852, 'logloss': 0.02340484994125197, 'f1': 0.9910770559704305}
test score: {'auroc': 0.9988717826670055, 'accuracy': 0.9884429768859537, 'balanced_accuracy': 0.9876801254432448, 'logloss': 0.03464631321930612, 'f1': 0.9872097407134941}
original test score: {'auroc': 0.9989175231391401, 'accuracy': 0.9892049784099568, 'balanced_accuracy': 0.9886120160934992, 'logloss': 0.03369218675892178, 'f1': 0.9880551389307328}
score end
251
lvl
0.01
type
MNAR
num_run
2
class_full
finished
all finished
full run takes
10.726874735024241
hours
DONE
