Run: 41
/cm/local/apps/slurm/var/spool/job1010633/slurm_script: line 26: 
pip install -e tpot2
pip install -r tpot2/ImputerExperiments/requirements_.txt
: No such file or directory
RunStart
Version 0.1.7a0 of tpot2 is outdated. Version 0.1.8a0 was released Tuesday September 17, 2024.
starting loops
../data/c/251/251.pkl
working on 
../data/c/251/class_simple_MAR_0.01_2
3.560546398162842
running experiment 1/3 - Does large hyperparameter space improve reconstruction accuracy over simple
[I 2024-10-22 00:11:47,391] A new study created in memory with name: no-name-99d8e83d-f665-4c74-bd57-6e217e1141fa
running
running
running
running
running
running
running
running
running
running
running
running
running
running
running
running
[I 2024-10-22 00:11:47,871] Trial 1 finished with value: 0.3992330726340907 and parameters: {'model_name': 'SimpleImputer', 'strategy': 'constant'}. Best is trial 1 with value: 0.3992330726340907.
running
[I 2024-10-22 00:11:48,144] Trial 9 finished with value: 0.3992330726340907 and parameters: {'model_name': 'SimpleImputer', 'strategy': 'constant'}. Best is trial 1 with value: 0.3992330726340907.
running
[I 2024-10-22 00:11:48,389] Trial 10 finished with value: 0.3992330726340907 and parameters: {'model_name': 'SimpleImputer', 'strategy': 'constant'}. Best is trial 1 with value: 0.3992330726340907.
running
[I 2024-10-22 00:11:48,514] Trial 11 finished with value: 0.29983907044970276 and parameters: {'model_name': 'SimpleImputer', 'strategy': 'mean'}. Best is trial 11 with value: 0.29983907044970276.
running
[I 2024-10-22 00:11:48,700] Trial 15 finished with value: 0.29983907044970276 and parameters: {'model_name': 'SimpleImputer', 'strategy': 'mean'}. Best is trial 11 with value: 0.29983907044970276.
running
[I 2024-10-22 00:11:48,834] Trial 13 finished with value: 0.29983907044970276 and parameters: {'model_name': 'SimpleImputer', 'strategy': 'mean'}. Best is trial 11 with value: 0.29983907044970276.
running
[I 2024-10-22 00:11:49,021] Trial 12 finished with value: 0.3823945153229701 and parameters: {'model_name': 'SimpleImputer', 'strategy': 'median'}. Best is trial 11 with value: 0.29983907044970276.
running
[I 2024-10-22 00:11:49,228] Trial 8 finished with value: 0.3823945153229701 and parameters: {'model_name': 'SimpleImputer', 'strategy': 'median'}. Best is trial 11 with value: 0.29983907044970276.
running
[I 2024-10-22 00:11:49,424] Trial 3 finished with value: 0.3823945153229701 and parameters: {'model_name': 'SimpleImputer', 'strategy': 'median'}. Best is trial 11 with value: 0.29983907044970276.
running
[I 2024-10-22 00:11:49,571] Trial 6 finished with value: 0.3823945153229701 and parameters: {'model_name': 'SimpleImputer', 'strategy': 'median'}. Best is trial 11 with value: 0.29983907044970276.
running
[I 2024-10-22 00:11:49,771] Trial 17 finished with value: 0.3992330726340907 and parameters: {'model_name': 'SimpleImputer', 'strategy': 'constant'}. Best is trial 11 with value: 0.29983907044970276.
running
[I 2024-10-22 00:11:49,943] Trial 0 finished with value: 0.3823945153229701 and parameters: {'model_name': 'SimpleImputer', 'strategy': 'most_frequent'}. Best is trial 11 with value: 0.29983907044970276.
running
[I 2024-10-22 00:11:50,253] Trial 4 finished with value: 0.3823945153229701 and parameters: {'model_name': 'SimpleImputer', 'strategy': 'most_frequent'}. Best is trial 11 with value: 0.29983907044970276.
running
[I 2024-10-22 00:11:50,393] Trial 14 finished with value: 0.3823945153229701 and parameters: {'model_name': 'SimpleImputer', 'strategy': 'most_frequent'}. Best is trial 11 with value: 0.29983907044970276.
running
[I 2024-10-22 00:11:50,528] Trial 16 finished with value: 0.3823945153229701 and parameters: {'model_name': 'SimpleImputer', 'strategy': 'median'}. Best is trial 11 with value: 0.29983907044970276.
running
[I 2024-10-22 00:11:50,633] Trial 5 finished with value: 0.3823945153229701 and parameters: {'model_name': 'SimpleImputer', 'strategy': 'most_frequent'}. Best is trial 11 with value: 0.29983907044970276.
running
[I 2024-10-22 00:11:50,766] Trial 2 finished with value: 0.3823945153229701 and parameters: {'model_name': 'SimpleImputer', 'strategy': 'most_frequent'}. Best is trial 11 with value: 0.29983907044970276.
[I 2024-10-22 00:11:50,931] Trial 21 finished with value: 0.3992330726340907 and parameters: {'model_name': 'SimpleImputer', 'strategy': 'constant'}. Best is trial 11 with value: 0.29983907044970276.
running
running
[I 2024-10-22 00:11:51,154] Trial 19 finished with value: 0.3823945153229701 and parameters: {'model_name': 'SimpleImputer', 'strategy': 'median'}. Best is trial 11 with value: 0.29983907044970276.
running
[I 2024-10-22 00:11:51,335] Trial 7 finished with value: 0.3823945153229701 and parameters: {'model_name': 'SimpleImputer', 'strategy': 'most_frequent'}. Best is trial 11 with value: 0.29983907044970276.
running
[I 2024-10-22 00:11:51,525] Trial 23 finished with value: 0.29983907044970276 and parameters: {'model_name': 'SimpleImputer', 'strategy': 'mean'}. Best is trial 11 with value: 0.29983907044970276.
running
[I 2024-10-22 00:11:51,696] Trial 26 finished with value: 0.29983907044970276 and parameters: {'model_name': 'SimpleImputer', 'strategy': 'mean'}. Best is trial 11 with value: 0.29983907044970276.
running
[I 2024-10-22 00:11:51,860] Trial 22 finished with value: 0.3823945153229701 and parameters: {'model_name': 'SimpleImputer', 'strategy': 'median'}. Best is trial 11 with value: 0.29983907044970276.
running
[I 2024-10-22 00:11:52,006] Trial 20 finished with value: 0.3823945153229701 and parameters: {'model_name': 'SimpleImputer', 'strategy': 'median'}. Best is trial 11 with value: 0.29983907044970276.
running
[I 2024-10-22 00:11:52,161] Trial 27 finished with value: 0.29983907044970276 and parameters: {'model_name': 'SimpleImputer', 'strategy': 'mean'}. Best is trial 11 with value: 0.29983907044970276.
running
[I 2024-10-22 00:11:52,347] Trial 30 finished with value: 0.29983907044970276 and parameters: {'model_name': 'SimpleImputer', 'strategy': 'mean'}. Best is trial 11 with value: 0.29983907044970276.
running
[I 2024-10-22 00:11:52,554] Trial 28 finished with value: 0.29983907044970276 and parameters: {'model_name': 'SimpleImputer', 'strategy': 'mean'}. Best is trial 11 with value: 0.29983907044970276.
running
[I 2024-10-22 00:11:52,737] Trial 29 finished with value: 0.29983907044970276 and parameters: {'model_name': 'SimpleImputer', 'strategy': 'mean'}. Best is trial 11 with value: 0.29983907044970276.
running
[I 2024-10-22 00:11:52,910] Trial 31 finished with value: 0.29983907044970276 and parameters: {'model_name': 'SimpleImputer', 'strategy': 'mean'}. Best is trial 11 with value: 0.29983907044970276.
[I 2024-10-22 00:11:53,024] Trial 33 finished with value: 0.29983907044970276 and parameters: {'model_name': 'SimpleImputer', 'strategy': 'mean'}. Best is trial 11 with value: 0.29983907044970276.
[I 2024-10-22 00:11:53,175] Trial 24 finished with value: 0.3823945153229701 and parameters: {'model_name': 'SimpleImputer', 'strategy': 'median'}. Best is trial 11 with value: 0.29983907044970276.
running
running
running
[I 2024-10-22 00:11:53,330] Trial 18 finished with value: 0.3823945153229701 and parameters: {'model_name': 'SimpleImputer', 'strategy': 'most_frequent'}. Best is trial 11 with value: 0.29983907044970276.
running
[I 2024-10-22 00:11:53,535] Trial 32 finished with value: 0.29983907044970276 and parameters: {'model_name': 'SimpleImputer', 'strategy': 'mean'}. Best is trial 11 with value: 0.29983907044970276.
running
[I 2024-10-22 00:11:53,703] Trial 34 finished with value: 0.29983907044970276 and parameters: {'model_name': 'SimpleImputer', 'strategy': 'mean'}. Best is trial 11 with value: 0.29983907044970276.
running
[I 2024-10-22 00:11:53,870] Trial 37 finished with value: 0.29983907044970276 and parameters: {'model_name': 'SimpleImputer', 'strategy': 'mean'}. Best is trial 11 with value: 0.29983907044970276.
[I 2024-10-22 00:11:53,972] Trial 38 finished with value: 0.29983907044970276 and parameters: {'model_name': 'SimpleImputer', 'strategy': 'mean'}. Best is trial 11 with value: 0.29983907044970276.
running
running
[I 2024-10-22 00:11:54,156] Trial 35 finished with value: 0.29983907044970276 and parameters: {'model_name': 'SimpleImputer', 'strategy': 'mean'}. Best is trial 11 with value: 0.29983907044970276.
[I 2024-10-22 00:11:54,322] Trial 36 finished with value: 0.29983907044970276 and parameters: {'model_name': 'SimpleImputer', 'strategy': 'mean'}. Best is trial 11 with value: 0.29983907044970276.
running
running
[I 2024-10-22 00:11:54,514] Trial 25 finished with value: 0.3823945153229701 and parameters: {'model_name': 'SimpleImputer', 'strategy': 'most_frequent'}. Best is trial 11 with value: 0.29983907044970276.
[I 2024-10-22 00:11:54,685] Trial 39 finished with value: 0.29983907044970276 and parameters: {'model_name': 'SimpleImputer', 'strategy': 'mean'}. Best is trial 11 with value: 0.29983907044970276.
running
running
[I 2024-10-22 00:11:54,914] Trial 40 finished with value: 0.29983907044970276 and parameters: {'model_name': 'SimpleImputer', 'strategy': 'mean'}. Best is trial 11 with value: 0.29983907044970276.
running
[I 2024-10-22 00:11:55,100] Trial 41 finished with value: 0.29983907044970276 and parameters: {'model_name': 'SimpleImputer', 'strategy': 'mean'}. Best is trial 11 with value: 0.29983907044970276.
running
[I 2024-10-22 00:11:55,237] Trial 42 finished with value: 0.29983907044970276 and parameters: {'model_name': 'SimpleImputer', 'strategy': 'mean'}. Best is trial 11 with value: 0.29983907044970276.
running
[I 2024-10-22 00:11:55,393] Trial 43 finished with value: 0.29983907044970276 and parameters: {'model_name': 'SimpleImputer', 'strategy': 'mean'}. Best is trial 11 with value: 0.29983907044970276.
running
[I 2024-10-22 00:11:55,538] Trial 44 finished with value: 0.29983907044970276 and parameters: {'model_name': 'SimpleImputer', 'strategy': 'mean'}. Best is trial 11 with value: 0.29983907044970276.
running
[I 2024-10-22 00:11:55,653] Trial 46 finished with value: 0.29983907044970276 and parameters: {'model_name': 'SimpleImputer', 'strategy': 'mean'}. Best is trial 11 with value: 0.29983907044970276.
running
[I 2024-10-22 00:11:55,778] Trial 45 finished with value: 0.29983907044970276 and parameters: {'model_name': 'SimpleImputer', 'strategy': 'mean'}. Best is trial 11 with value: 0.29983907044970276.
running
[I 2024-10-22 00:11:56,041] Trial 47 finished with value: 0.29983907044970276 and parameters: {'model_name': 'SimpleImputer', 'strategy': 'mean'}. Best is trial 11 with value: 0.29983907044970276.
running
[I 2024-10-22 00:11:56,259] Trial 48 finished with value: 0.29983907044970276 and parameters: {'model_name': 'SimpleImputer', 'strategy': 'mean'}. Best is trial 11 with value: 0.29983907044970276.
running
[I 2024-10-22 00:11:56,414] Trial 49 finished with value: 0.29983907044970276 and parameters: {'model_name': 'SimpleImputer', 'strategy': 'mean'}. Best is trial 11 with value: 0.29983907044970276.
running
[I 2024-10-22 00:11:56,566] Trial 50 finished with value: 0.29983907044970276 and parameters: {'model_name': 'SimpleImputer', 'strategy': 'mean'}. Best is trial 11 with value: 0.29983907044970276.
running
[I 2024-10-22 00:11:56,811] Trial 52 finished with value: 0.29983907044970276 and parameters: {'model_name': 'SimpleImputer', 'strategy': 'mean'}. Best is trial 11 with value: 0.29983907044970276.
running
[I 2024-10-22 00:11:56,943] Trial 51 finished with value: 0.29983907044970276 and parameters: {'model_name': 'SimpleImputer', 'strategy': 'mean'}. Best is trial 11 with value: 0.29983907044970276.
[I 2024-10-22 00:11:57,081] Trial 55 finished with value: 0.29983907044970276 and parameters: {'model_name': 'SimpleImputer', 'strategy': 'mean'}. Best is trial 11 with value: 0.29983907044970276.
[I 2024-10-22 00:11:57,267] Trial 53 finished with value: 0.29983907044970276 and parameters: {'model_name': 'SimpleImputer', 'strategy': 'mean'}. Best is trial 11 with value: 0.29983907044970276.
running
running
running
[I 2024-10-22 00:11:57,480] Trial 54 finished with value: 0.29983907044970276 and parameters: {'model_name': 'SimpleImputer', 'strategy': 'mean'}. Best is trial 11 with value: 0.29983907044970276.
running
[I 2024-10-22 00:11:57,692] Trial 56 finished with value: 0.29983907044970276 and parameters: {'model_name': 'SimpleImputer', 'strategy': 'mean'}. Best is trial 11 with value: 0.29983907044970276.
running
[I 2024-10-22 00:11:57,957] Trial 59 finished with value: 0.29983907044970276 and parameters: {'model_name': 'SimpleImputer', 'strategy': 'mean'}. Best is trial 11 with value: 0.29983907044970276.
running
[I 2024-10-22 00:11:58,133] Trial 61 finished with value: 0.29983907044970276 and parameters: {'model_name': 'SimpleImputer', 'strategy': 'mean'}. Best is trial 11 with value: 0.29983907044970276.
running
[I 2024-10-22 00:11:58,297] Trial 60 finished with value: 0.29983907044970276 and parameters: {'model_name': 'SimpleImputer', 'strategy': 'mean'}. Best is trial 11 with value: 0.29983907044970276.
[I 2024-10-22 00:11:58,414] Trial 58 finished with value: 0.29983907044970276 and parameters: {'model_name': 'SimpleImputer', 'strategy': 'mean'}. Best is trial 11 with value: 0.29983907044970276.
running
running
[I 2024-10-22 00:11:58,565] Trial 57 finished with value: 0.29983907044970276 and parameters: {'model_name': 'SimpleImputer', 'strategy': 'mean'}. Best is trial 11 with value: 0.29983907044970276.
running
[I 2024-10-22 00:11:58,739] Trial 66 finished with value: 0.3992330726340907 and parameters: {'model_name': 'SimpleImputer', 'strategy': 'constant'}. Best is trial 11 with value: 0.29983907044970276.
[I 2024-10-22 00:11:58,855] Trial 63 finished with value: 0.3992330726340907 and parameters: {'model_name': 'SimpleImputer', 'strategy': 'constant'}. Best is trial 11 with value: 0.29983907044970276.
running
[I 2024-10-22 00:11:58,967] Trial 64 finished with value: 0.3992330726340907 and parameters: {'model_name': 'SimpleImputer', 'strategy': 'constant'}. Best is trial 11 with value: 0.29983907044970276.
running
running
[I 2024-10-22 00:11:59,149] Trial 67 finished with value: 0.3992330726340907 and parameters: {'model_name': 'SimpleImputer', 'strategy': 'constant'}. Best is trial 11 with value: 0.29983907044970276.
running
[I 2024-10-22 00:11:59,345] Trial 65 finished with value: 0.3992330726340907 and parameters: {'model_name': 'SimpleImputer', 'strategy': 'constant'}. Best is trial 11 with value: 0.29983907044970276.
running
[I 2024-10-22 00:11:59,503] Trial 62 finished with value: 0.29983907044970276 and parameters: {'model_name': 'SimpleImputer', 'strategy': 'mean'}. Best is trial 11 with value: 0.29983907044970276.
running
[I 2024-10-22 00:11:59,695] Trial 69 finished with value: 0.3992330726340907 and parameters: {'model_name': 'SimpleImputer', 'strategy': 'constant'}. Best is trial 11 with value: 0.29983907044970276.
running
[I 2024-10-22 00:11:59,879] Trial 68 finished with value: 0.3992330726340907 and parameters: {'model_name': 'SimpleImputer', 'strategy': 'constant'}. Best is trial 11 with value: 0.29983907044970276.
running
[I 2024-10-22 00:12:00,037] Trial 72 finished with value: 0.3992330726340907 and parameters: {'model_name': 'SimpleImputer', 'strategy': 'constant'}. Best is trial 11 with value: 0.29983907044970276.
running
[I 2024-10-22 00:12:00,205] Trial 70 finished with value: 0.3992330726340907 and parameters: {'model_name': 'SimpleImputer', 'strategy': 'constant'}. Best is trial 11 with value: 0.29983907044970276.
running
[I 2024-10-22 00:12:00,520] Trial 74 finished with value: 0.3992330726340907 and parameters: {'model_name': 'SimpleImputer', 'strategy': 'constant'}. Best is trial 11 with value: 0.29983907044970276.
running
[I 2024-10-22 00:12:00,839] Trial 77 finished with value: 0.3992330726340907 and parameters: {'model_name': 'SimpleImputer', 'strategy': 'constant'}. Best is trial 11 with value: 0.29983907044970276.
running
[I 2024-10-22 00:12:01,078] Trial 76 finished with value: 0.3992330726340907 and parameters: {'model_name': 'SimpleImputer', 'strategy': 'constant'}. Best is trial 11 with value: 0.29983907044970276.
running
[I 2024-10-22 00:12:01,890] Trial 73 finished with value: 0.3823945153229701 and parameters: {'model_name': 'SimpleImputer', 'strategy': 'most_frequent'}. Best is trial 11 with value: 0.29983907044970276.
running
[I 2024-10-22 00:12:02,088] Trial 75 finished with value: 0.3823945153229701 and parameters: {'model_name': 'SimpleImputer', 'strategy': 'most_frequent'}. Best is trial 11 with value: 0.29983907044970276.
running
[I 2024-10-22 00:12:02,413] Trial 71 finished with value: 0.3823945153229701 and parameters: {'model_name': 'SimpleImputer', 'strategy': 'most_frequent'}. Best is trial 11 with value: 0.29983907044970276.
running
[I 2024-10-22 00:12:02,667] Trial 82 finished with value: 0.3823945153229701 and parameters: {'model_name': 'SimpleImputer', 'strategy': 'most_frequent'}. Best is trial 11 with value: 0.29983907044970276.
running
[I 2024-10-22 00:12:02,887] Trial 78 finished with value: 0.3823945153229701 and parameters: {'model_name': 'SimpleImputer', 'strategy': 'most_frequent'}. Best is trial 11 with value: 0.29983907044970276.
running
[I 2024-10-22 00:12:03,019] Trial 80 finished with value: 0.3823945153229701 and parameters: {'model_name': 'SimpleImputer', 'strategy': 'most_frequent'}. Best is trial 11 with value: 0.29983907044970276.
running
[I 2024-10-22 00:12:03,169] Trial 81 finished with value: 0.3823945153229701 and parameters: {'model_name': 'SimpleImputer', 'strategy': 'most_frequent'}. Best is trial 11 with value: 0.29983907044970276.
running
[I 2024-10-22 00:12:03,377] Trial 83 finished with value: 0.3823945153229701 and parameters: {'model_name': 'SimpleImputer', 'strategy': 'most_frequent'}. Best is trial 11 with value: 0.29983907044970276.
[I 2024-10-22 00:12:03,503] Trial 79 finished with value: 0.3823945153229701 and parameters: {'model_name': 'SimpleImputer', 'strategy': 'most_frequent'}. Best is trial 11 with value: 0.29983907044970276.
running
running
[I 2024-10-22 00:12:03,684] Trial 84 finished with value: 0.3823945153229701 and parameters: {'model_name': 'SimpleImputer', 'strategy': 'most_frequent'}. Best is trial 11 with value: 0.29983907044970276.
running
[I 2024-10-22 00:12:03,991] Trial 87 finished with value: 0.3823945153229701 and parameters: {'model_name': 'SimpleImputer', 'strategy': 'most_frequent'}. Best is trial 11 with value: 0.29983907044970276.
[I 2024-10-22 00:12:04,117] Trial 86 finished with value: 0.3823945153229701 and parameters: {'model_name': 'SimpleImputer', 'strategy': 'most_frequent'}. Best is trial 11 with value: 0.29983907044970276.
running
[I 2024-10-22 00:12:04,230] Trial 85 finished with value: 0.3823945153229701 and parameters: {'model_name': 'SimpleImputer', 'strategy': 'most_frequent'}. Best is trial 11 with value: 0.29983907044970276.
running
[I 2024-10-22 00:12:04,386] Trial 88 finished with value: 0.3823945153229701 and parameters: {'model_name': 'SimpleImputer', 'strategy': 'most_frequent'}. Best is trial 11 with value: 0.29983907044970276.
running
running
[I 2024-10-22 00:12:04,575] Trial 89 finished with value: 0.3823945153229701 and parameters: {'model_name': 'SimpleImputer', 'strategy': 'most_frequent'}. Best is trial 11 with value: 0.29983907044970276.
running
[I 2024-10-22 00:12:04,851] Trial 90 finished with value: 0.3823945153229701 and parameters: {'model_name': 'SimpleImputer', 'strategy': 'most_frequent'}. Best is trial 11 with value: 0.29983907044970276.
running
[I 2024-10-22 00:12:05,224] Trial 93 finished with value: 0.29983907044970276 and parameters: {'model_name': 'SimpleImputer', 'strategy': 'mean'}. Best is trial 11 with value: 0.29983907044970276.
running
[I 2024-10-22 00:12:05,354] Trial 96 finished with value: 0.29983907044970276 and parameters: {'model_name': 'SimpleImputer', 'strategy': 'mean'}. Best is trial 11 with value: 0.29983907044970276.
running
[I 2024-10-22 00:12:05,512] Trial 91 finished with value: 0.3823945153229701 and parameters: {'model_name': 'SimpleImputer', 'strategy': 'median'}. Best is trial 11 with value: 0.29983907044970276.
running
[I 2024-10-22 00:12:05,627] Trial 97 finished with value: 0.29983907044970276 and parameters: {'model_name': 'SimpleImputer', 'strategy': 'mean'}. Best is trial 11 with value: 0.29983907044970276.
running
[I 2024-10-22 00:12:05,780] Trial 100 finished with value: 0.29983907044970276 and parameters: {'model_name': 'SimpleImputer', 'strategy': 'mean'}. Best is trial 11 with value: 0.29983907044970276.
[I 2024-10-22 00:12:05,930] Trial 99 finished with value: 0.29983907044970276 and parameters: {'model_name': 'SimpleImputer', 'strategy': 'mean'}. Best is trial 11 with value: 0.29983907044970276.
running
running
[I 2024-10-22 00:12:06,122] Trial 94 finished with value: 0.3823945153229701 and parameters: {'model_name': 'SimpleImputer', 'strategy': 'median'}. Best is trial 11 with value: 0.29983907044970276.
[I 2024-10-22 00:12:06,282] Trial 92 finished with value: 0.3823945153229701 and parameters: {'model_name': 'SimpleImputer', 'strategy': 'median'}. Best is trial 11 with value: 0.29983907044970276.
running
running
[I 2024-10-22 00:12:06,402] Trial 98 finished with value: 0.29983907044970276 and parameters: {'model_name': 'SimpleImputer', 'strategy': 'mean'}. Best is trial 11 with value: 0.29983907044970276.
[I 2024-10-22 00:12:06,558] Trial 95 finished with value: 0.3823945153229701 and parameters: {'model_name': 'SimpleImputer', 'strategy': 'median'}. Best is trial 11 with value: 0.29983907044970276.
running
running
[I 2024-10-22 00:12:06,758] Trial 101 finished with value: 0.29983907044970276 and parameters: {'model_name': 'SimpleImputer', 'strategy': 'mean'}. Best is trial 11 with value: 0.29983907044970276.
running
[I 2024-10-22 00:12:06,953] Trial 103 finished with value: 0.29983907044970276 and parameters: {'model_name': 'SimpleImputer', 'strategy': 'mean'}. Best is trial 11 with value: 0.29983907044970276.
running
[I 2024-10-22 00:12:07,148] Trial 102 finished with value: 0.29983907044970276 and parameters: {'model_name': 'SimpleImputer', 'strategy': 'mean'}. Best is trial 11 with value: 0.29983907044970276.
running
[I 2024-10-22 00:12:07,274] Trial 104 finished with value: 0.29983907044970276 and parameters: {'model_name': 'SimpleImputer', 'strategy': 'mean'}. Best is trial 11 with value: 0.29983907044970276.
running
[I 2024-10-22 00:12:07,452] Trial 105 finished with value: 0.29983907044970276 and parameters: {'model_name': 'SimpleImputer', 'strategy': 'mean'}. Best is trial 11 with value: 0.29983907044970276.
running
[I 2024-10-22 00:12:07,593] Trial 106 finished with value: 0.29983907044970276 and parameters: {'model_name': 'SimpleImputer', 'strategy': 'mean'}. Best is trial 11 with value: 0.29983907044970276.
running
[I 2024-10-22 00:12:07,782] Trial 108 finished with value: 0.29983907044970276 and parameters: {'model_name': 'SimpleImputer', 'strategy': 'mean'}. Best is trial 11 with value: 0.29983907044970276.
running
[I 2024-10-22 00:12:07,898] Trial 107 finished with value: 0.29983907044970276 and parameters: {'model_name': 'SimpleImputer', 'strategy': 'mean'}. Best is trial 11 with value: 0.29983907044970276.
running
[I 2024-10-22 00:12:08,183] Trial 112 finished with value: 0.29983907044970276 and parameters: {'model_name': 'SimpleImputer', 'strategy': 'mean'}. Best is trial 11 with value: 0.29983907044970276.
running
[I 2024-10-22 00:12:08,381] Trial 110 finished with value: 0.29983907044970276 and parameters: {'model_name': 'SimpleImputer', 'strategy': 'mean'}. Best is trial 11 with value: 0.29983907044970276.
running
[I 2024-10-22 00:12:08,516] Trial 116 finished with value: 0.29983907044970276 and parameters: {'model_name': 'SimpleImputer', 'strategy': 'mean'}. Best is trial 11 with value: 0.29983907044970276.
[I 2024-10-22 00:12:08,678] Trial 111 finished with value: 0.29983907044970276 and parameters: {'model_name': 'SimpleImputer', 'strategy': 'mean'}. Best is trial 11 with value: 0.29983907044970276.
running
running
[I 2024-10-22 00:12:08,851] Trial 117 finished with value: 0.29983907044970276 and parameters: {'model_name': 'SimpleImputer', 'strategy': 'mean'}. Best is trial 11 with value: 0.29983907044970276.
running
[I 2024-10-22 00:12:09,065] Trial 119 finished with value: 0.29983907044970276 and parameters: {'model_name': 'SimpleImputer', 'strategy': 'mean'}. Best is trial 11 with value: 0.29983907044970276.
[I 2024-10-22 00:12:09,186] Trial 115 finished with value: 0.29983907044970276 and parameters: {'model_name': 'SimpleImputer', 'strategy': 'mean'}. Best is trial 11 with value: 0.29983907044970276.
[I 2024-10-22 00:12:09,350] Trial 118 finished with value: 0.29983907044970276 and parameters: {'model_name': 'SimpleImputer', 'strategy': 'mean'}. Best is trial 11 with value: 0.29983907044970276.
[I 2024-10-22 00:12:09,461] Trial 114 finished with value: 0.29983907044970276 and parameters: {'model_name': 'SimpleImputer', 'strategy': 'mean'}. Best is trial 11 with value: 0.29983907044970276.
running
running
running
running
[I 2024-10-22 00:12:09,590] Trial 109 finished with value: 0.29983907044970276 and parameters: {'model_name': 'SimpleImputer', 'strategy': 'mean'}. Best is trial 11 with value: 0.29983907044970276.
running
[I 2024-10-22 00:12:09,707] Trial 120 finished with value: 0.29983907044970276 and parameters: {'model_name': 'SimpleImputer', 'strategy': 'mean'}. Best is trial 11 with value: 0.29983907044970276.
[I 2024-10-22 00:12:09,811] Trial 113 finished with value: 0.29983907044970276 and parameters: {'model_name': 'SimpleImputer', 'strategy': 'mean'}. Best is trial 11 with value: 0.29983907044970276.
running
running
[I 2024-10-22 00:12:10,021] Trial 122 finished with value: 0.29983907044970276 and parameters: {'model_name': 'SimpleImputer', 'strategy': 'mean'}. Best is trial 11 with value: 0.29983907044970276.
[I 2024-10-22 00:12:10,133] Trial 123 finished with value: 0.29983907044970276 and parameters: {'model_name': 'SimpleImputer', 'strategy': 'mean'}. Best is trial 11 with value: 0.29983907044970276.
running
running
[I 2024-10-22 00:12:10,384] Trial 121 finished with value: 0.29983907044970276 and parameters: {'model_name': 'SimpleImputer', 'strategy': 'mean'}. Best is trial 11 with value: 0.29983907044970276.
running
[I 2024-10-22 00:12:10,550] Trial 125 finished with value: 0.29983907044970276 and parameters: {'model_name': 'SimpleImputer', 'strategy': 'mean'}. Best is trial 11 with value: 0.29983907044970276.
running
[I 2024-10-22 00:12:10,730] Trial 124 finished with value: 0.29983907044970276 and parameters: {'model_name': 'SimpleImputer', 'strategy': 'mean'}. Best is trial 11 with value: 0.29983907044970276.
running
[I 2024-10-22 00:12:11,010] Trial 127 finished with value: 0.29983907044970276 and parameters: {'model_name': 'SimpleImputer', 'strategy': 'mean'}. Best is trial 11 with value: 0.29983907044970276.
running
[I 2024-10-22 00:12:11,154] Trial 129 finished with value: 0.29983907044970276 and parameters: {'model_name': 'SimpleImputer', 'strategy': 'mean'}. Best is trial 11 with value: 0.29983907044970276.
[I 2024-10-22 00:12:11,308] Trial 133 finished with value: 0.29983907044970276 and parameters: {'model_name': 'SimpleImputer', 'strategy': 'mean'}. Best is trial 11 with value: 0.29983907044970276.
running
running
[I 2024-10-22 00:12:11,517] Trial 132 finished with value: 0.29983907044970276 and parameters: {'model_name': 'SimpleImputer', 'strategy': 'mean'}. Best is trial 11 with value: 0.29983907044970276.
running
[I 2024-10-22 00:12:11,646] Trial 126 finished with value: 0.29983907044970276 and parameters: {'model_name': 'SimpleImputer', 'strategy': 'mean'}. Best is trial 11 with value: 0.29983907044970276.
[I 2024-10-22 00:12:11,793] Trial 134 finished with value: 0.29983907044970276 and parameters: {'model_name': 'SimpleImputer', 'strategy': 'mean'}. Best is trial 11 with value: 0.29983907044970276.
running
running
[I 2024-10-22 00:12:11,940] Trial 131 finished with value: 0.29983907044970276 and parameters: {'model_name': 'SimpleImputer', 'strategy': 'mean'}. Best is trial 11 with value: 0.29983907044970276.
running
[I 2024-10-22 00:12:12,133] Trial 128 finished with value: 0.29983907044970276 and parameters: {'model_name': 'SimpleImputer', 'strategy': 'mean'}. Best is trial 11 with value: 0.29983907044970276.
running
[I 2024-10-22 00:12:12,247] Trial 136 finished with value: 0.29983907044970276 and parameters: {'model_name': 'SimpleImputer', 'strategy': 'mean'}. Best is trial 11 with value: 0.29983907044970276.
running
[I 2024-10-22 00:12:12,431] Trial 135 finished with value: 0.29983907044970276 and parameters: {'model_name': 'SimpleImputer', 'strategy': 'mean'}. Best is trial 11 with value: 0.29983907044970276.
[I 2024-10-22 00:12:12,586] Trial 130 finished with value: 0.29983907044970276 and parameters: {'model_name': 'SimpleImputer', 'strategy': 'mean'}. Best is trial 11 with value: 0.29983907044970276.
running
running
[I 2024-10-22 00:12:12,750] Trial 137 finished with value: 0.29983907044970276 and parameters: {'model_name': 'SimpleImputer', 'strategy': 'mean'}. Best is trial 11 with value: 0.29983907044970276.
running
[I 2024-10-22 00:12:12,906] Trial 138 finished with value: 0.29983907044970276 and parameters: {'model_name': 'SimpleImputer', 'strategy': 'mean'}. Best is trial 11 with value: 0.29983907044970276.
running
[I 2024-10-22 00:12:13,127] Trial 139 finished with value: 0.29983907044970276 and parameters: {'model_name': 'SimpleImputer', 'strategy': 'mean'}. Best is trial 11 with value: 0.29983907044970276.
running
[I 2024-10-22 00:12:13,337] Trial 143 finished with value: 0.29983907044970276 and parameters: {'model_name': 'SimpleImputer', 'strategy': 'mean'}. Best is trial 11 with value: 0.29983907044970276.
running
[I 2024-10-22 00:12:13,507] Trial 140 finished with value: 0.29983907044970276 and parameters: {'model_name': 'SimpleImputer', 'strategy': 'mean'}. Best is trial 11 with value: 0.29983907044970276.
running
[I 2024-10-22 00:12:13,718] Trial 146 finished with value: 0.29983907044970276 and parameters: {'model_name': 'SimpleImputer', 'strategy': 'mean'}. Best is trial 11 with value: 0.29983907044970276.
[I 2024-10-22 00:12:13,872] Trial 141 finished with value: 0.29983907044970276 and parameters: {'model_name': 'SimpleImputer', 'strategy': 'mean'}. Best is trial 11 with value: 0.29983907044970276.
[I 2024-10-22 00:12:13,979] Trial 142 finished with value: 0.29983907044970276 and parameters: {'model_name': 'SimpleImputer', 'strategy': 'mean'}. Best is trial 11 with value: 0.29983907044970276.
running
[I 2024-10-22 00:12:14,077] Trial 145 finished with value: 0.29983907044970276 and parameters: {'model_name': 'SimpleImputer', 'strategy': 'mean'}. Best is trial 11 with value: 0.29983907044970276.
running
running
[I 2024-10-22 00:12:14,192] Trial 144 finished with value: 0.29983907044970276 and parameters: {'model_name': 'SimpleImputer', 'strategy': 'mean'}. Best is trial 11 with value: 0.29983907044970276.
running
running
[I 2024-10-22 00:12:14,508] Trial 148 finished with value: 0.29983907044970276 and parameters: {'model_name': 'SimpleImputer', 'strategy': 'mean'}. Best is trial 11 with value: 0.29983907044970276.
running
[I 2024-10-22 00:12:14,638] Trial 152 finished with value: 0.29983907044970276 and parameters: {'model_name': 'SimpleImputer', 'strategy': 'mean'}. Best is trial 11 with value: 0.29983907044970276.
[I 2024-10-22 00:12:14,749] Trial 151 finished with value: 0.29983907044970276 and parameters: {'model_name': 'SimpleImputer', 'strategy': 'mean'}. Best is trial 11 with value: 0.29983907044970276.
[I 2024-10-22 00:12:14,908] Trial 147 finished with value: 0.29983907044970276 and parameters: {'model_name': 'SimpleImputer', 'strategy': 'mean'}. Best is trial 11 with value: 0.29983907044970276.
running
running
running
[I 2024-10-22 00:12:15,105] Trial 149 finished with value: 0.29983907044970276 and parameters: {'model_name': 'SimpleImputer', 'strategy': 'mean'}. Best is trial 11 with value: 0.29983907044970276.
[I 2024-10-22 00:12:15,234] Trial 150 finished with value: 0.29983907044970276 and parameters: {'model_name': 'SimpleImputer', 'strategy': 'mean'}. Best is trial 11 with value: 0.29983907044970276.
running
running
[I 2024-10-22 00:12:15,445] Trial 155 finished with value: 0.29983907044970276 and parameters: {'model_name': 'SimpleImputer', 'strategy': 'mean'}. Best is trial 11 with value: 0.29983907044970276.
running
[I 2024-10-22 00:12:15,597] Trial 154 finished with value: 0.29983907044970276 and parameters: {'model_name': 'SimpleImputer', 'strategy': 'mean'}. Best is trial 11 with value: 0.29983907044970276.
running
[I 2024-10-22 00:12:15,725] Trial 156 finished with value: 0.29983907044970276 and parameters: {'model_name': 'SimpleImputer', 'strategy': 'mean'}. Best is trial 11 with value: 0.29983907044970276.
[I 2024-10-22 00:12:15,828] Trial 153 finished with value: 0.29983907044970276 and parameters: {'model_name': 'SimpleImputer', 'strategy': 'mean'}. Best is trial 11 with value: 0.29983907044970276.
running
running
[I 2024-10-22 00:12:16,127] Trial 162 finished with value: 0.29983907044970276 and parameters: {'model_name': 'SimpleImputer', 'strategy': 'mean'}. Best is trial 11 with value: 0.29983907044970276.
running
[I 2024-10-22 00:12:16,301] Trial 157 finished with value: 0.29983907044970276 and parameters: {'model_name': 'SimpleImputer', 'strategy': 'mean'}. Best is trial 11 with value: 0.29983907044970276.
running
[I 2024-10-22 00:12:16,521] Trial 159 finished with value: 0.29983907044970276 and parameters: {'model_name': 'SimpleImputer', 'strategy': 'mean'}. Best is trial 11 with value: 0.29983907044970276.
[I 2024-10-22 00:12:16,624] Trial 160 finished with value: 0.29983907044970276 and parameters: {'model_name': 'SimpleImputer', 'strategy': 'mean'}. Best is trial 11 with value: 0.29983907044970276.
running
running
[I 2024-10-22 00:12:16,754] Trial 161 finished with value: 0.29983907044970276 and parameters: {'model_name': 'SimpleImputer', 'strategy': 'mean'}. Best is trial 11 with value: 0.29983907044970276.
[I 2024-10-22 00:12:16,856] Trial 158 finished with value: 0.29983907044970276 and parameters: {'model_name': 'SimpleImputer', 'strategy': 'mean'}. Best is trial 11 with value: 0.29983907044970276.
running
running
[I 2024-10-22 00:12:17,051] Trial 167 finished with value: 0.29983907044970276 and parameters: {'model_name': 'SimpleImputer', 'strategy': 'mean'}. Best is trial 11 with value: 0.29983907044970276.
running
[I 2024-10-22 00:12:17,196] Trial 165 finished with value: 0.29983907044970276 and parameters: {'model_name': 'SimpleImputer', 'strategy': 'mean'}. Best is trial 11 with value: 0.29983907044970276.
running
[I 2024-10-22 00:12:17,312] Trial 163 finished with value: 0.29983907044970276 and parameters: {'model_name': 'SimpleImputer', 'strategy': 'mean'}. Best is trial 11 with value: 0.29983907044970276.
running
[I 2024-10-22 00:12:17,509] Trial 166 finished with value: 0.29983907044970276 and parameters: {'model_name': 'SimpleImputer', 'strategy': 'mean'}. Best is trial 11 with value: 0.29983907044970276.
running
[I 2024-10-22 00:12:17,730] Trial 170 finished with value: 0.29983907044970276 and parameters: {'model_name': 'SimpleImputer', 'strategy': 'mean'}. Best is trial 11 with value: 0.29983907044970276.
running
[I 2024-10-22 00:12:17,852] Trial 168 finished with value: 0.29983907044970276 and parameters: {'model_name': 'SimpleImputer', 'strategy': 'mean'}. Best is trial 11 with value: 0.29983907044970276.
running
[I 2024-10-22 00:12:17,965] Trial 169 finished with value: 0.29983907044970276 and parameters: {'model_name': 'SimpleImputer', 'strategy': 'mean'}. Best is trial 11 with value: 0.29983907044970276.
running
[I 2024-10-22 00:12:18,146] Trial 164 finished with value: 0.29983907044970276 and parameters: {'model_name': 'SimpleImputer', 'strategy': 'mean'}. Best is trial 11 with value: 0.29983907044970276.
running
[I 2024-10-22 00:12:18,501] Trial 171 finished with value: 0.3823945153229701 and parameters: {'model_name': 'SimpleImputer', 'strategy': 'median'}. Best is trial 11 with value: 0.29983907044970276.
running
[I 2024-10-22 00:12:18,698] Trial 175 finished with value: 0.29983907044970276 and parameters: {'model_name': 'SimpleImputer', 'strategy': 'mean'}. Best is trial 11 with value: 0.29983907044970276.
running
[I 2024-10-22 00:12:18,818] Trial 177 finished with value: 0.29983907044970276 and parameters: {'model_name': 'SimpleImputer', 'strategy': 'mean'}. Best is trial 11 with value: 0.29983907044970276.
running
[I 2024-10-22 00:12:19,079] Trial 178 finished with value: 0.29983907044970276 and parameters: {'model_name': 'SimpleImputer', 'strategy': 'mean'}. Best is trial 11 with value: 0.29983907044970276.
running
[I 2024-10-22 00:12:19,199] Trial 173 finished with value: 0.3823945153229701 and parameters: {'model_name': 'SimpleImputer', 'strategy': 'median'}. Best is trial 11 with value: 0.29983907044970276.
running
[I 2024-10-22 00:12:19,321] Trial 172 finished with value: 0.3823945153229701 and parameters: {'model_name': 'SimpleImputer', 'strategy': 'median'}. Best is trial 11 with value: 0.29983907044970276.
running
[I 2024-10-22 00:12:19,493] Trial 174 finished with value: 0.3823945153229701 and parameters: {'model_name': 'SimpleImputer', 'strategy': 'median'}. Best is trial 11 with value: 0.29983907044970276.
running
[I 2024-10-22 00:12:19,743] Trial 179 finished with value: 0.3823945153229701 and parameters: {'model_name': 'SimpleImputer', 'strategy': 'median'}. Best is trial 11 with value: 0.29983907044970276.
running
[I 2024-10-22 00:12:19,921] Trial 180 finished with value: 0.3823945153229701 and parameters: {'model_name': 'SimpleImputer', 'strategy': 'median'}. Best is trial 11 with value: 0.29983907044970276.
running
[I 2024-10-22 00:12:20,097] Trial 176 finished with value: 0.3823945153229701 and parameters: {'model_name': 'SimpleImputer', 'strategy': 'median'}. Best is trial 11 with value: 0.29983907044970276.
running
[I 2024-10-22 00:12:20,258] Trial 188 finished with value: 0.29983907044970276 and parameters: {'model_name': 'SimpleImputer', 'strategy': 'mean'}. Best is trial 11 with value: 0.29983907044970276.
running
[I 2024-10-22 00:12:20,371] Trial 187 finished with value: 0.29983907044970276 and parameters: {'model_name': 'SimpleImputer', 'strategy': 'mean'}. Best is trial 11 with value: 0.29983907044970276.
running
[I 2024-10-22 00:12:20,583] Trial 186 finished with value: 0.3823945153229701 and parameters: {'model_name': 'SimpleImputer', 'strategy': 'median'}. Best is trial 11 with value: 0.29983907044970276.
[I 2024-10-22 00:12:20,691] Trial 181 finished with value: 0.3823945153229701 and parameters: {'model_name': 'SimpleImputer', 'strategy': 'median'}. Best is trial 11 with value: 0.29983907044970276.
running
[I 2024-10-22 00:12:20,787] Trial 183 finished with value: 0.3823945153229701 and parameters: {'model_name': 'SimpleImputer', 'strategy': 'median'}. Best is trial 11 with value: 0.29983907044970276.
[I 2024-10-22 00:12:20,950] Trial 182 finished with value: 0.3823945153229701 and parameters: {'model_name': 'SimpleImputer', 'strategy': 'median'}. Best is trial 11 with value: 0.29983907044970276.
[I 2024-10-22 00:12:21,116] Trial 185 finished with value: 0.3823945153229701 and parameters: {'model_name': 'SimpleImputer', 'strategy': 'median'}. Best is trial 11 with value: 0.29983907044970276.
[I 2024-10-22 00:12:21,286] Trial 189 finished with value: 0.29983907044970276 and parameters: {'model_name': 'SimpleImputer', 'strategy': 'mean'}. Best is trial 11 with value: 0.29983907044970276.
[I 2024-10-22 00:12:21,461] Trial 190 finished with value: 0.29983907044970276 and parameters: {'model_name': 'SimpleImputer', 'strategy': 'mean'}. Best is trial 11 with value: 0.29983907044970276.
[I 2024-10-22 00:12:21,568] Trial 184 finished with value: 0.3823945153229701 and parameters: {'model_name': 'SimpleImputer', 'strategy': 'median'}. Best is trial 11 with value: 0.29983907044970276.
[I 2024-10-22 00:12:21,676] Trial 193 finished with value: 0.29983907044970276 and parameters: {'model_name': 'SimpleImputer', 'strategy': 'mean'}. Best is trial 11 with value: 0.29983907044970276.
[I 2024-10-22 00:12:21,839] Trial 191 finished with value: 0.29983907044970276 and parameters: {'model_name': 'SimpleImputer', 'strategy': 'mean'}. Best is trial 11 with value: 0.29983907044970276.
[I 2024-10-22 00:12:21,995] Trial 194 finished with value: 0.29983907044970276 and parameters: {'model_name': 'SimpleImputer', 'strategy': 'mean'}. Best is trial 11 with value: 0.29983907044970276.
[I 2024-10-22 00:12:22,115] Trial 195 finished with value: 0.29983907044970276 and parameters: {'model_name': 'SimpleImputer', 'strategy': 'mean'}. Best is trial 11 with value: 0.29983907044970276.
[I 2024-10-22 00:12:22,225] Trial 192 finished with value: 0.29983907044970276 and parameters: {'model_name': 'SimpleImputer', 'strategy': 'mean'}. Best is trial 11 with value: 0.29983907044970276.
[I 2024-10-22 00:12:22,342] Trial 198 finished with value: 0.29983907044970276 and parameters: {'model_name': 'SimpleImputer', 'strategy': 'mean'}. Best is trial 11 with value: 0.29983907044970276.
[I 2024-10-22 00:12:22,493] Trial 197 finished with value: 0.29983907044970276 and parameters: {'model_name': 'SimpleImputer', 'strategy': 'mean'}. Best is trial 11 with value: 0.29983907044970276.
[I 2024-10-22 00:12:22,599] Trial 199 finished with value: 0.29983907044970276 and parameters: {'model_name': 'SimpleImputer', 'strategy': 'mean'}. Best is trial 11 with value: 0.29983907044970276.
[I 2024-10-22 00:12:22,692] Trial 196 finished with value: 0.29983907044970276 and parameters: {'model_name': 'SimpleImputer', 'strategy': 'mean'}. Best is trial 11 with value: 0.29983907044970276.
fit
simple fit
simple transform
0    0
1    0
2    0
3    0
4    0
5    0
6    0
7    0
8    0
dtype: int64
0    0
1    0
2    0
3    0
4    0
5    0
6    0
7    0
8    0
dtype: int64
0.29983907044970276
{'model_name': 'SimpleImputer', 'strategy': 'mean'}
running experiment 2/3 - Does reconstruction give good automl predictions
Start est fit
Version 0.1.7a0 of tpot2 is outdated. Version 0.1.8a0 was released Tuesday September 17, 2024.
Version 0.1.7a0 of tpot2 is outdated. Version 0.1.8a0 was released Tuesday September 17, 2024.
Version 0.1.7a0 of tpot2 is outdated. Version 0.1.8a0 was released Tuesday September 17, 2024.
Version 0.1.7a0 of tpot2 is outdated. Version 0.1.8a0 was released Tuesday September 17, 2024.
Version 0.1.7a0 of tpot2 is outdated. Version 0.1.8a0 was released Tuesday September 17, 2024.
Version 0.1.7a0 of tpot2 is outdated. Version 0.1.8a0 was released Tuesday September 17, 2024.
Version 0.1.7a0 of tpot2 is outdated. Version 0.1.8a0 was released Tuesday September 17, 2024.
Version 0.1.7a0 of tpot2 is outdated. Version 0.1.8a0 was released Tuesday September 17, 2024.
Version 0.1.7a0 of tpot2 is outdated. Version 0.1.8a0 was released Tuesday September 17, 2024.
Version 0.1.7a0 of tpot2 is outdated. Version 0.1.8a0 was released Tuesday September 17, 2024.
Version 0.1.7a0 of tpot2 is outdated. Version 0.1.8a0 was released Tuesday September 17, 2024.
Version 0.1.7a0 of tpot2 is outdated. Version 0.1.8a0 was released Tuesday September 17, 2024.
Version 0.1.7a0 of tpot2 is outdated. Version 0.1.8a0 was released Tuesday September 17, 2024.
Version 0.1.7a0 of tpot2 is outdated. Version 0.1.8a0 was released Tuesday September 17, 2024.
Version 0.1.7a0 of tpot2 is outdated. Version 0.1.8a0 was released Tuesday September 17, 2024.
Version 0.1.7a0 of tpot2 is outdated. Version 0.1.8a0 was released Tuesday September 17, 2024.
  0%|          | 0/25 [00:00<?, ?it/s]Generation:   0%|          | 0/25 [00:00<?, ?it/s]Generation:  1
Best f1_score score: 0.9825083879792956
Generation:   4%|▍         | 1/25 [00:45<18:13, 45.55s/it]Generation:  2
Best f1_score score: 0.9850062169625694
Generation:   8%|▊         | 2/25 [01:38<19:06, 49.84s/it]Generation:  3
Best f1_score score: 0.9850062169625694
Generation:  12%|█▏        | 3/25 [02:22<17:19, 47.27s/it]WARNING AN INDIVIDUAL TIMED OUT: 
 <tpot2.search_spaces.pipelines.sequential.SequentialPipelineIndividual object at 0x155474d4db10> 

Generation:  4
Best f1_score score: 0.9850062169625694
Generation:  16%|█▌        | 4/25 [12:28<1:33:42, 267.75s/it]WARNING THIS INDIVIDUAL CAUSED AND EXCEPTION 
 <tpot2.search_spaces.pipelines.sequential.SequentialPipelineIndividual object at 0x1554742a3520> 
 The 'min_samples_split' parameter of DecisionTreeClassifier must be an int in the range [2, inf) or a float in the range (0.0, 1.0]. Got 1 instead. 
 Traceback (most recent call last):
  File "/common/ketrong/tpotexp/tpot2/tpot2/utils/eval_utils.py", line 53, in objective_nan_wrapper
    value = func_timeout.func_timeout(timeout, objective_function, args=[individual], kwargs=objective_kwargs)
  File "/common/ketrong/tpotexp/env/lib/python3.10/site-packages/func_timeout/dafunc.py", line 108, in func_timeout
    raise_exception(exception)
  File "/common/ketrong/tpotexp/env/lib/python3.10/site-packages/func_timeout/py3_raise.py", line 7, in raise_exception
    raise exception[0] from None
  File "/common/ketrong/tpotexp/tpot2/tpot2/tpot_estimator/estimator.py", line 623, in objective_function
    return objective_function_generator(
  File "/common/ketrong/tpotexp/tpot2/tpot2/tpot_estimator/estimator_utils.py", line 55, in objective_function_generator
    cv_obj_scores = cross_val_score_objective(sklearn.base.clone(pipeline),x,y,scorers=scorers, cv=cv , fold=step)
  File "/common/ketrong/tpotexp/tpot2/tpot2/tpot_estimator/cross_val_utils.py", line 28, in cross_val_score_objective
    this_fold_pipeline.fit(X_train,y_train)
  File "/common/ketrong/tpotexp/env/lib/python3.10/site-packages/sklearn/base.py", line 1473, in wrapper
    return fit_method(estimator, *args, **kwargs)
  File "/common/ketrong/tpotexp/env/lib/python3.10/site-packages/sklearn/pipeline.py", line 473, in fit
    self._final_estimator.fit(Xt, y, **last_step_params["fit"])
  File "/common/ketrong/tpotexp/env/lib/python3.10/site-packages/sklearn/base.py", line 1466, in wrapper
    estimator._validate_params()
  File "/common/ketrong/tpotexp/env/lib/python3.10/site-packages/sklearn/base.py", line 666, in _validate_params
    validate_parameter_constraints(
  File "/common/ketrong/tpotexp/env/lib/python3.10/site-packages/sklearn/utils/_param_validation.py", line 95, in validate_parameter_constraints
    raise InvalidParameterError(
sklearn.utils._param_validation.InvalidParameterError: The 'min_samples_split' parameter of DecisionTreeClassifier must be an int in the range [2, inf) or a float in the range (0.0, 1.0]. Got 1 instead.

Generation:  5
Best f1_score score: 0.9850062169625694
Generation:  20%|██        | 5/25 [13:27<1:04:10, 192.50s/it]Generation:  6
Best f1_score score: 0.9850062169625694
Generation:  24%|██▍       | 6/25 [13:38<41:24, 130.74s/it]  Generation:  7
Best f1_score score: 0.9850062169625694
Generation:  28%|██▊       | 7/25 [13:54<27:57, 93.17s/it] Generation:  8
Best f1_score score: 0.9850062169625694
Generation:  32%|███▏      | 8/25 [14:08<19:15, 67.95s/it]Generation:  9
Best f1_score score: 0.9850062169625694
Generation:  36%|███▌      | 9/25 [14:57<16:34, 62.16s/it]Generation:  10
Best f1_score score: 0.9850062169625694
Generation:  40%|████      | 10/25 [19:11<30:23, 121.54s/it]Generation:  11
Best f1_score score: 0.9850062169625694
Generation:  44%|████▍     | 11/25 [20:21<24:37, 105.54s/it]Generation:  12
Best f1_score score: 0.9850062169625694
Generation:  48%|████▊     | 12/25 [20:58<18:20, 84.64s/it] Generation:  13
Best f1_score score: 0.985251360138751
Generation:  52%|█████▏    | 13/25 [28:00<37:24, 187.01s/it]WARNING AN INDIVIDUAL TIMED OUT: 
 <tpot2.search_spaces.pipelines.sequential.SequentialPipelineIndividual object at 0x15547458e470> 

Generation:  14
Best f1_score score: 0.985251360138751
Generation:  56%|█████▌    | 14/25 [38:11<57:46, 315.16s/it]Generation:  15
Best f1_score score: 0.985251360138751
Generation:  60%|██████    | 15/25 [38:27<37:28, 224.88s/it]Generation:  16
Best f1_score score: 0.985251360138751
Generation:  64%|██████▍   | 16/25 [39:02<25:09, 167.74s/it]Generation:  17
Best f1_score score: 0.985251360138751
Generation:  68%|██████▊   | 17/25 [41:07<20:39, 154.88s/it]Generation:  18
Best f1_score score: 0.985251360138751
Generation:  72%|███████▏  | 18/25 [41:53<14:15, 122.24s/it]Generation:  19
Best f1_score score: 0.9853212499371418
Generation:  76%|███████▌  | 19/25 [42:22<09:24, 94.05s/it] Generation:  20
Best f1_score score: 0.9853212499371418
Generation:  80%|████████  | 20/25 [43:03<06:31, 78.29s/it]Generation:  21
Best f1_score score: 0.9853212499371418
Generation:  84%|████████▍ | 21/25 [44:12<05:01, 75.28s/it]Generation:  22
Best f1_score score: 0.9853212499371418
Generation:  88%|████████▊ | 22/25 [44:35<02:58, 59.59s/it]Generation:  23
Best f1_score score: 0.9853212499371418
Generation:  92%|█████████▏| 23/25 [45:25<01:53, 56.83s/it]Generation:  24
Best f1_score score: 0.985325610705879
Generation:  96%|█████████▌| 24/25 [45:58<00:49, 49.75s/it]Generation:  25
Best f1_score score: 0.985325610705879
Generation: 100%|██████████| 25/25 [48:08<00:00, 73.65s/it]Generation: 100%|██████████| 25/25 [48:11<00:00, 115.67s/it]
2024-10-22 01:00:44,056 - distributed.worker - ERROR - Failed to communicate with scheduler during heartbeat.
Traceback (most recent call last):
  File "/common/ketrong/tpotexp/env/lib/python3.10/site-packages/distributed/comm/tcp.py", line 225, in read
    frames_nosplit_nbytes_bin = await stream.read_bytes(fmt_size)
tornado.iostream.StreamClosedError: Stream is closed

The above exception was the direct cause of the following exception:

Traceback (most recent call last):
  File "/common/ketrong/tpotexp/env/lib/python3.10/site-packages/distributed/worker.py", line 1250, in heartbeat
    response = await retry_operation(
  File "/common/ketrong/tpotexp/env/lib/python3.10/site-packages/distributed/utils_comm.py", line 459, in retry_operation
    return await retry(
  File "/common/ketrong/tpotexp/env/lib/python3.10/site-packages/distributed/utils_comm.py", line 438, in retry
    return await coro()
  File "/common/ketrong/tpotexp/env/lib/python3.10/site-packages/distributed/core.py", line 1256, in send_recv_from_rpc
    return await send_recv(comm=comm, op=key, **kwargs)
  File "/common/ketrong/tpotexp/env/lib/python3.10/site-packages/distributed/core.py", line 1015, in send_recv
    response = await comm.read(deserializers=deserializers)
  File "/common/ketrong/tpotexp/env/lib/python3.10/site-packages/distributed/comm/tcp.py", line 236, in read
    convert_stream_closed_error(self, e)
  File "/common/ketrong/tpotexp/env/lib/python3.10/site-packages/distributed/comm/tcp.py", line 142, in convert_stream_closed_error
    raise CommClosedError(f"in {obj}: {exc}") from exc
distributed.comm.core.CommClosedError: in <TCP (closed) ConnectionPool.heartbeat_worker local=tcp://127.0.0.1:45538 remote=tcp://127.0.0.1:45325>: Stream is closed
2024-10-22 01:00:44,065 - distributed.worker - ERROR - Failed to communicate with scheduler during heartbeat.
Traceback (most recent call last):
  File "/common/ketrong/tpotexp/env/lib/python3.10/site-packages/distributed/comm/tcp.py", line 225, in read
    frames_nosplit_nbytes_bin = await stream.read_bytes(fmt_size)
tornado.iostream.StreamClosedError: Stream is closed

The above exception was the direct cause of the following exception:

Traceback (most recent call last):
  File "/common/ketrong/tpotexp/env/lib/python3.10/site-packages/distributed/worker.py", line 1250, in heartbeat
    response = await retry_operation(
  File "/common/ketrong/tpotexp/env/lib/python3.10/site-packages/distributed/utils_comm.py", line 459, in retry_operation
    return await retry(
  File "/common/ketrong/tpotexp/env/lib/python3.10/site-packages/distributed/utils_comm.py", line 438, in retry
    return await coro()
  File "/common/ketrong/tpotexp/env/lib/python3.10/site-packages/distributed/core.py", line 1256, in send_recv_from_rpc
    return await send_recv(comm=comm, op=key, **kwargs)
  File "/common/ketrong/tpotexp/env/lib/python3.10/site-packages/distributed/core.py", line 1015, in send_recv
    response = await comm.read(deserializers=deserializers)
  File "/common/ketrong/tpotexp/env/lib/python3.10/site-packages/distributed/comm/tcp.py", line 236, in read
    convert_stream_closed_error(self, e)
  File "/common/ketrong/tpotexp/env/lib/python3.10/site-packages/distributed/comm/tcp.py", line 142, in convert_stream_closed_error
    raise CommClosedError(f"in {obj}: {exc}") from exc
distributed.comm.core.CommClosedError: in <TCP (closed) ConnectionPool.heartbeat_worker local=tcp://127.0.0.1:45542 remote=tcp://127.0.0.1:45325>: Stream is closed
2024-10-22 01:00:44,067 - distributed.worker - ERROR - Failed to communicate with scheduler during heartbeat.
Traceback (most recent call last):
  File "/common/ketrong/tpotexp/env/lib/python3.10/site-packages/distributed/comm/tcp.py", line 225, in read
    frames_nosplit_nbytes_bin = await stream.read_bytes(fmt_size)
tornado.iostream.StreamClosedError: Stream is closed

The above exception was the direct cause of the following exception:

Traceback (most recent call last):
  File "/common/ketrong/tpotexp/env/lib/python3.10/site-packages/distributed/worker.py", line 1250, in heartbeat
    response = await retry_operation(
  File "/common/ketrong/tpotexp/env/lib/python3.10/site-packages/distributed/utils_comm.py", line 459, in retry_operation
    return await retry(
  File "/common/ketrong/tpotexp/env/lib/python3.10/site-packages/distributed/utils_comm.py", line 438, in retry
    return await coro()
  File "/common/ketrong/tpotexp/env/lib/python3.10/site-packages/distributed/core.py", line 1256, in send_recv_from_rpc
    return await send_recv(comm=comm, op=key, **kwargs)
  File "/common/ketrong/tpotexp/env/lib/python3.10/site-packages/distributed/core.py", line 1015, in send_recv
    response = await comm.read(deserializers=deserializers)
  File "/common/ketrong/tpotexp/env/lib/python3.10/site-packages/distributed/comm/tcp.py", line 236, in read
    convert_stream_closed_error(self, e)
  File "/common/ketrong/tpotexp/env/lib/python3.10/site-packages/distributed/comm/tcp.py", line 142, in convert_stream_closed_error
    raise CommClosedError(f"in {obj}: {exc}") from exc
distributed.comm.core.CommClosedError: in <TCP (closed) ConnectionPool.heartbeat_worker local=tcp://127.0.0.1:45544 remote=tcp://127.0.0.1:45325>: Stream is closed
2024-10-22 01:00:44,084 - distributed.scheduler - ERROR - Removing worker 'tcp://127.0.0.1:46739' caused the cluster to lose scattered data, which can't be recovered: {'ndarray-e4a60c677fc40c7d2e1b8acc8775c803', 'ndarray-914ebcb1846fe153da7763312b8d707b'} (stimulus_id='handle-worker-cleanup-1729584044.084318')
Fitted
Pipeline(steps=[('histgradientboostingclassifier',
                 HistGradientBoostingClassifier(early_stopping=True,
                                                l2_regularization=2.0749e-09,
                                                learning_rate=0.0576220937438,
                                                max_features=0.32376949755,
                                                max_leaf_nodes=1206,
                                                min_samples_leaf=49,
                                                n_iter_no_change=19, tol=0.0001,
                                                validation_fraction=0.0485806783382))])
score start
train score: {'auroc': 0.9998844679060304, 'accuracy': 0.9943795249587197, 'balanced_accuracy': 0.9942678760847091, 'logloss': 0.019192102629540398, 'f1': 0.9937805520962211}
original test score: {'auroc': 0.9986838179143273, 'accuracy': 0.9879349758699517, 'balanced_accuracy': 0.9869418456351976, 'logloss': 0.03503185873475812, 'f1': 0.9866428640622189}
imputed test score: {'auroc': 0.9987140495076289, 'accuracy': 0.9879349758699517, 'balanced_accuracy': 0.9869418456351976, 'logloss': 0.03511567513199694, 'f1': 0.9866428640622189}
score end
check intended
EXP2 Finished
running experiment 3/3 - What is the best automl settings?
<tpot2.search_spaces.pipelines.sequential.SequentialPipeline object at 0x15543504f9d0>
Start tpot fit
Version 0.1.7a0 of tpot2 is outdated. Version 0.1.8a0 was released Tuesday September 17, 2024.
Version 0.1.7a0 of tpot2 is outdated. Version 0.1.8a0 was released Tuesday September 17, 2024.
Version 0.1.7a0 of tpot2 is outdated. Version 0.1.8a0 was released Tuesday September 17, 2024.
Version 0.1.7a0 of tpot2 is outdated. Version 0.1.8a0 was released Tuesday September 17, 2024.
Version 0.1.7a0 of tpot2 is outdated. Version 0.1.8a0 was released Tuesday September 17, 2024.
Version 0.1.7a0 of tpot2 is outdated. Version 0.1.8a0 was released Tuesday September 17, 2024.
Version 0.1.7a0 of tpot2 is outdated. Version 0.1.8a0 was released Tuesday September 17, 2024.
Version 0.1.7a0 of tpot2 is outdated. Version 0.1.8a0 was released Tuesday September 17, 2024.
Version 0.1.7a0 of tpot2 is outdated. Version 0.1.8a0 was released Tuesday September 17, 2024.
Version 0.1.7a0 of tpot2 is outdated. Version 0.1.8a0 was released Tuesday September 17, 2024.
Version 0.1.7a0 of tpot2 is outdated. Version 0.1.8a0 was released Tuesday September 17, 2024.
Version 0.1.7a0 of tpot2 is outdated. Version 0.1.8a0 was released Tuesday September 17, 2024.
Version 0.1.7a0 of tpot2 is outdated. Version 0.1.8a0 was released Tuesday September 17, 2024.
Version 0.1.7a0 of tpot2 is outdated. Version 0.1.8a0 was released Tuesday September 17, 2024.
Version 0.1.7a0 of tpot2 is outdated. Version 0.1.8a0 was released Tuesday September 17, 2024.
Version 0.1.7a0 of tpot2 is outdated. Version 0.1.8a0 was released Tuesday September 17, 2024.
  0%|          | 0/25 [00:00<?, ?it/s]Generation:   0%|          | 0/25 [00:00<?, ?it/s]Generation:  1
Best f1_score score: 0.9832374908733319
Generation:   4%|▍         | 1/25 [00:11<04:33, 11.38s/it]Generation:  2
Best f1_score score: 0.9842948821542787
Generation:   8%|▊         | 2/25 [01:08<14:35, 38.07s/it]Generation:  3
Best f1_score score: 0.9844811073587019
Generation:  12%|█▏        | 3/25 [01:35<12:10, 33.22s/it]Generation:  4
Best f1_score score: 0.9845168018872638
Generation:  16%|█▌        | 4/25 [11:24<1:28:28, 252.79s/it]Generation:  5
Best f1_score score: 0.9845168018872638
Generation:  20%|██        | 5/25 [12:24<1:00:59, 182.99s/it]WARNING AN INDIVIDUAL TIMED OUT: 
 <tpot2.search_spaces.pipelines.sequential.SequentialPipelineIndividual object at 0x1554745b09d0> 

Generation:  6
Best f1_score score: 0.9845168018872638
Generation:  24%|██▍       | 6/25 [22:27<1:43:11, 325.89s/it]Generation:  7
Best f1_score score: 0.9845450382827223
Generation:  28%|██▊       | 7/25 [22:57<1:08:47, 229.30s/it]Generation:  8
Best f1_score score: 0.9847962328102824
Generation:  32%|███▏      | 8/25 [23:09<45:17, 159.87s/it]  Generation:  9
Best f1_score score: 0.9849738774515593
Generation:  36%|███▌      | 9/25 [23:43<32:09, 120.59s/it]Generation:  10
Best f1_score score: 0.9849738774515593
Generation:  40%|████      | 10/25 [24:30<24:27, 97.81s/it]Generation:  11
Best f1_score score: 0.9849738774515593
Generation:  44%|████▍     | 11/25 [24:41<16:37, 71.26s/it]Generation:  12
Best f1_score score: 0.9849738774515593
Generation:  48%|████▊     | 12/25 [32:32<41:50, 193.09s/it]Generation:  13
Best f1_score score: 0.9849738774515593
Generation:  52%|█████▏    | 13/25 [34:17<33:15, 166.28s/it]Generation:  14
Best f1_score score: 0.9850393088134364
Generation:  56%|█████▌    | 14/25 [34:42<22:41, 123.73s/it]Generation:  15
Best f1_score score: 0.9850393088134364
Generation:  60%|██████    | 15/25 [35:13<15:57, 95.76s/it] WARNING THIS INDIVIDUAL CAUSED AND EXCEPTION 
 <tpot2.search_spaces.pipelines.sequential.SequentialPipelineIndividual object at 0x15545f9f31c0> 
 The 'min_samples_split' parameter of DecisionTreeClassifier must be an int in the range [2, inf) or a float in the range (0.0, 1.0]. Got 1 instead. 
 Traceback (most recent call last):
  File "/common/ketrong/tpotexp/tpot2/tpot2/utils/eval_utils.py", line 53, in objective_nan_wrapper
    value = func_timeout.func_timeout(timeout, objective_function, args=[individual], kwargs=objective_kwargs)
  File "/common/ketrong/tpotexp/env/lib/python3.10/site-packages/func_timeout/dafunc.py", line 108, in func_timeout
    raise_exception(exception)
  File "/common/ketrong/tpotexp/env/lib/python3.10/site-packages/func_timeout/py3_raise.py", line 7, in raise_exception
    raise exception[0] from None
  File "/common/ketrong/tpotexp/tpot2/tpot2/tpot_estimator/estimator.py", line 623, in objective_function
    return objective_function_generator(
  File "/common/ketrong/tpotexp/tpot2/tpot2/tpot_estimator/estimator_utils.py", line 55, in objective_function_generator
    cv_obj_scores = cross_val_score_objective(sklearn.base.clone(pipeline),x,y,scorers=scorers, cv=cv , fold=step)
  File "/common/ketrong/tpotexp/tpot2/tpot2/tpot_estimator/cross_val_utils.py", line 28, in cross_val_score_objective
    this_fold_pipeline.fit(X_train,y_train)
  File "/common/ketrong/tpotexp/env/lib/python3.10/site-packages/sklearn/base.py", line 1473, in wrapper
    return fit_method(estimator, *args, **kwargs)
  File "/common/ketrong/tpotexp/env/lib/python3.10/site-packages/sklearn/pipeline.py", line 473, in fit
    self._final_estimator.fit(Xt, y, **last_step_params["fit"])
  File "/common/ketrong/tpotexp/env/lib/python3.10/site-packages/sklearn/base.py", line 1466, in wrapper
    estimator._validate_params()
  File "/common/ketrong/tpotexp/env/lib/python3.10/site-packages/sklearn/base.py", line 666, in _validate_params
    validate_parameter_constraints(
  File "/common/ketrong/tpotexp/env/lib/python3.10/site-packages/sklearn/utils/_param_validation.py", line 95, in validate_parameter_constraints
    raise InvalidParameterError(
sklearn.utils._param_validation.InvalidParameterError: The 'min_samples_split' parameter of DecisionTreeClassifier must be an int in the range [2, inf) or a float in the range (0.0, 1.0]. Got 1 instead.

Generation:  16
Best f1_score score: 0.9850393088134364
Generation:  64%|██████▍   | 16/25 [35:27<10:40, 71.14s/it]Generation:  17
Best f1_score score: 0.9850393088134364
Generation:  68%|██████▊   | 17/25 [35:58<07:52, 59.07s/it]Generation:  18
Best f1_score score: 0.9853546456585438
Generation:  72%|███████▏  | 18/25 [40:04<13:26, 115.24s/it]Generation:  19
Best f1_score score: 0.9853546456585438
Generation:  76%|███████▌  | 19/25 [40:48<09:23, 93.84s/it] Generation:  20
Best f1_score score: 0.9853546456585438
Generation:  80%|████████  | 20/25 [41:22<06:18, 75.77s/it]Generation:  21
Best f1_score score: 0.9853546456585438
Generation:  84%|████████▍ | 21/25 [43:22<05:55, 88.96s/it]Generation:  22
Best f1_score score: 0.9853546456585438
Generation:  88%|████████▊ | 22/25 [44:56<04:31, 90.52s/it]WARNING AN INDIVIDUAL TIMED OUT: 
 <tpot2.search_spaces.pipelines.sequential.SequentialPipelineIndividual object at 0x1554740870a0> 

Generation:  23
Best f1_score score: 0.9853546456585438
Generation:  92%|█████████▏| 23/25 [55:04<08:11, 245.78s/it]Generation:  24
Best f1_score score: 0.9853546456585438
Generation:  96%|█████████▌| 24/25 [55:43<03:03, 183.81s/it]Generation:  25
Best f1_score score: 0.9853546456585438
Generation: 100%|██████████| 25/25 [56:01<00:00, 134.18s/it]Generation: 100%|██████████| 25/25 [56:01<00:00, 134.48s/it]
2024-10-22 01:56:59,952 - distributed.scheduler - ERROR - Removing worker 'tcp://127.0.0.1:34067' caused the cluster to lose scattered data, which can't be recovered: {'ndarray-e4a60c677fc40c7d2e1b8acc8775c803', 'DataFrame-8c8bec631946d4c8b9efaee7811a2e7c'} (stimulus_id='handle-worker-cleanup-1729587419.9519858')
Fitted
Pipeline(steps=[('simpleimputer', SimpleImputer(strategy='median')),
                ('histgradientboostingclassifier',
                 HistGradientBoostingClassifier(early_stopping=True,
                                                l2_regularization=1.12346e-07,
                                                learning_rate=0.086900992465,
                                                max_features=0.8403983005111,
                                                max_leaf_nodes=1616,
                                                min_samples_leaf=166,
                                                n_iter_no_change=18, tol=0.0001,
                                                validation_fraction=None))])
transform worked
try transform
transform worked
score start
train score: {'auroc': 0.9998858260296772, 'accuracy': 0.9944430331512765, 'balanced_accuracy': 0.9943382215285963, 'logloss': 0.017519579372336683, 'f1': 0.9938508283437215}
test score: {'auroc': 0.9988160364665915, 'accuracy': 0.9880619761239523, 'balanced_accuracy': 0.9867753574635765, 'logloss': 0.034781849263161455, 'f1': 0.9867753574635765}
original test score: {'auroc': 0.9988407649093392, 'accuracy': 0.9885699771399543, 'balanced_accuracy': 0.9876014018025319, 'logloss': 0.03402998277378228, 'f1': 0.9873447641546633}
score end
251
lvl
0.01
type
MAR
num_run
2
class_simple
finished
all finished
full run takes
1.7579857250054678
hours
DONE
