Run: 44
/cm/local/apps/slurm/var/spool/job1050073/slurm_script: line 27: 
pip install -e tpot2
pip install -r tpot2/ImputerExperiments/requirements_.txt
: No such file or directory
RunStart
Version 0.1.7a0 of tpot2 is outdated. Version 0.1.8a0 was released Tuesday September 17, 2024.
starting loops
../data/c/1459/1459.pkl
working on 
../data/c/1459/class_simple_MAR_0.5_2
4.592569351196289
running experiment 1/3 - Does large hyperparameter space improve reconstruction accuracy over simple
[I 2024-11-15 06:38:54,269] A new study created in memory with name: no-name-9b2db1d2-66f7-458f-8ab3-f494b25d2a87
running
running
running
running
running
running
running
running
running
running
running
running
running
running
running
running
[I 2024-11-15 06:38:54,664] Trial 3 finished with value: 0.3143447275424962 and parameters: {'model_name': 'SimpleImputer', 'strategy': 'constant'}. Best is trial 3 with value: 0.3143447275424962.
running
[I 2024-11-15 06:38:54,848] Trial 12 finished with value: 0.19978169151043484 and parameters: {'model_name': 'SimpleImputer', 'strategy': 'mean'}. Best is trial 12 with value: 0.19978169151043484.
[I 2024-11-15 06:38:54,970] Trial 7 finished with value: 0.3143447275424962 and parameters: {'model_name': 'SimpleImputer', 'strategy': 'constant'}. Best is trial 12 with value: 0.19978169151043484.
running
[I 2024-11-15 06:38:55,103] Trial 1 finished with value: 0.2487635703073045 and parameters: {'model_name': 'SimpleImputer', 'strategy': 'median'}. Best is trial 12 with value: 0.19978169151043484.
[I 2024-11-15 06:38:55,223] Trial 8 finished with value: 0.19978169151043484 and parameters: {'model_name': 'SimpleImputer', 'strategy': 'mean'}. Best is trial 12 with value: 0.19978169151043484.
running
running
running
[I 2024-11-15 06:38:55,368] Trial 11 finished with value: 0.2487635703073045 and parameters: {'model_name': 'SimpleImputer', 'strategy': 'median'}. Best is trial 12 with value: 0.19978169151043484.
[I 2024-11-15 06:38:55,469] Trial 5 finished with value: 0.19978169151043484 and parameters: {'model_name': 'SimpleImputer', 'strategy': 'mean'}. Best is trial 12 with value: 0.19978169151043484.
running
running
[I 2024-11-15 06:38:55,612] Trial 15 finished with value: 0.19978169151043484 and parameters: {'model_name': 'SimpleImputer', 'strategy': 'mean'}. Best is trial 12 with value: 0.19978169151043484.
[I 2024-11-15 06:38:55,619] Trial 14 finished with value: 0.3143447275424962 and parameters: {'model_name': 'SimpleImputer', 'strategy': 'constant'}. Best is trial 12 with value: 0.19978169151043484.
running
running
[I 2024-11-15 06:38:55,894] Trial 4 finished with value: 0.2487635703073045 and parameters: {'model_name': 'SimpleImputer', 'strategy': 'median'}. Best is trial 12 with value: 0.19978169151043484.
running
[I 2024-11-15 06:38:56,025] Trial 10 finished with value: 0.30597127576637395 and parameters: {'model_name': 'SimpleImputer', 'strategy': 'most_frequent'}. Best is trial 12 with value: 0.19978169151043484.
running
[I 2024-11-15 06:38:56,161] Trial 2 finished with value: 0.2487635703073045 and parameters: {'model_name': 'SimpleImputer', 'strategy': 'median'}. Best is trial 12 with value: 0.19978169151043484.
[I 2024-11-15 06:38:56,256] Trial 13 finished with value: 0.2487635703073045 and parameters: {'model_name': 'SimpleImputer', 'strategy': 'median'}. Best is trial 12 with value: 0.19978169151043484.
running
running
[I 2024-11-15 06:38:56,416] Trial 16 finished with value: 0.19978169151043484 and parameters: {'model_name': 'SimpleImputer', 'strategy': 'mean'}. Best is trial 12 with value: 0.19978169151043484.
running
[I 2024-11-15 06:38:56,596] Trial 0 finished with value: 0.30597127576637395 and parameters: {'model_name': 'SimpleImputer', 'strategy': 'most_frequent'}. Best is trial 12 with value: 0.19978169151043484.
running
[I 2024-11-15 06:38:56,713] Trial 22 finished with value: 0.19978169151043484 and parameters: {'model_name': 'SimpleImputer', 'strategy': 'mean'}. Best is trial 12 with value: 0.19978169151043484.
[I 2024-11-15 06:38:56,806] Trial 18 finished with value: 0.19978169151043484 and parameters: {'model_name': 'SimpleImputer', 'strategy': 'mean'}. Best is trial 12 with value: 0.19978169151043484.
[I 2024-11-15 06:38:56,902] Trial 9 finished with value: 0.30597127576637395 and parameters: {'model_name': 'SimpleImputer', 'strategy': 'most_frequent'}. Best is trial 12 with value: 0.19978169151043484.
running
running
running
[I 2024-11-15 06:38:57,076] Trial 24 finished with value: 0.19978169151043484 and parameters: {'model_name': 'SimpleImputer', 'strategy': 'mean'}. Best is trial 12 with value: 0.19978169151043484.
running
[I 2024-11-15 06:38:57,229] Trial 23 finished with value: 0.19978169151043484 and parameters: {'model_name': 'SimpleImputer', 'strategy': 'mean'}. Best is trial 12 with value: 0.19978169151043484.
running
[I 2024-11-15 06:38:57,398] Trial 17 finished with value: 0.2487635703073045 and parameters: {'model_name': 'SimpleImputer', 'strategy': 'median'}. Best is trial 12 with value: 0.19978169151043484.
[I 2024-11-15 06:38:57,501] Trial 30 finished with value: 0.19978169151043484 and parameters: {'model_name': 'SimpleImputer', 'strategy': 'mean'}. Best is trial 12 with value: 0.19978169151043484.
running
[I 2024-11-15 06:38:57,602] Trial 6 finished with value: 0.30597127576637395 and parameters: {'model_name': 'SimpleImputer', 'strategy': 'most_frequent'}. Best is trial 12 with value: 0.19978169151043484.
running
running
[I 2024-11-15 06:38:57,745] Trial 26 finished with value: 0.19978169151043484 and parameters: {'model_name': 'SimpleImputer', 'strategy': 'mean'}. Best is trial 12 with value: 0.19978169151043484.
[I 2024-11-15 06:38:57,856] Trial 21 finished with value: 0.2487635703073045 and parameters: {'model_name': 'SimpleImputer', 'strategy': 'median'}. Best is trial 12 with value: 0.19978169151043484.
running
running
[I 2024-11-15 06:38:57,991] Trial 25 finished with value: 0.19978169151043484 and parameters: {'model_name': 'SimpleImputer', 'strategy': 'mean'}. Best is trial 12 with value: 0.19978169151043484.
running
[I 2024-11-15 06:38:58,092] Trial 29 finished with value: 0.19978169151043484 and parameters: {'model_name': 'SimpleImputer', 'strategy': 'mean'}. Best is trial 12 with value: 0.19978169151043484.
[I 2024-11-15 06:38:58,181] Trial 28 finished with value: 0.19978169151043484 and parameters: {'model_name': 'SimpleImputer', 'strategy': 'mean'}. Best is trial 12 with value: 0.19978169151043484.
[I 2024-11-15 06:38:58,288] Trial 31 finished with value: 0.19978169151043484 and parameters: {'model_name': 'SimpleImputer', 'strategy': 'mean'}. Best is trial 12 with value: 0.19978169151043484.
running
running
running
[I 2024-11-15 06:38:58,515] Trial 27 finished with value: 0.19978169151043484 and parameters: {'model_name': 'SimpleImputer', 'strategy': 'mean'}. Best is trial 12 with value: 0.19978169151043484.
[I 2024-11-15 06:38:58,622] Trial 32 finished with value: 0.19978169151043484 and parameters: {'model_name': 'SimpleImputer', 'strategy': 'mean'}. Best is trial 12 with value: 0.19978169151043484.
running
running
[I 2024-11-15 06:38:58,741] Trial 20 finished with value: 0.30597127576637395 and parameters: {'model_name': 'SimpleImputer', 'strategy': 'most_frequent'}. Best is trial 12 with value: 0.19978169151043484.
running
[I 2024-11-15 06:38:58,894] Trial 37 finished with value: 0.19978169151043484 and parameters: {'model_name': 'SimpleImputer', 'strategy': 'mean'}. Best is trial 12 with value: 0.19978169151043484.
[I 2024-11-15 06:38:59,005] Trial 36 finished with value: 0.19978169151043484 and parameters: {'model_name': 'SimpleImputer', 'strategy': 'mean'}. Best is trial 12 with value: 0.19978169151043484.
running
running
[I 2024-11-15 06:38:59,148] Trial 35 finished with value: 0.19978169151043484 and parameters: {'model_name': 'SimpleImputer', 'strategy': 'mean'}. Best is trial 12 with value: 0.19978169151043484.
[I 2024-11-15 06:38:59,256] Trial 38 finished with value: 0.19978169151043484 and parameters: {'model_name': 'SimpleImputer', 'strategy': 'mean'}. Best is trial 12 with value: 0.19978169151043484.
running
[I 2024-11-15 06:38:59,357] Trial 33 finished with value: 0.19978169151043484 and parameters: {'model_name': 'SimpleImputer', 'strategy': 'mean'}. Best is trial 12 with value: 0.19978169151043484.
[I 2024-11-15 06:38:59,473] Trial 39 finished with value: 0.19978169151043484 and parameters: {'model_name': 'SimpleImputer', 'strategy': 'mean'}. Best is trial 12 with value: 0.19978169151043484.
[I 2024-11-15 06:38:59,568] Trial 34 finished with value: 0.19978169151043484 and parameters: {'model_name': 'SimpleImputer', 'strategy': 'mean'}. Best is trial 12 with value: 0.19978169151043484.
running
[I 2024-11-15 06:38:59,673] Trial 40 finished with value: 0.19978169151043484 and parameters: {'model_name': 'SimpleImputer', 'strategy': 'mean'}. Best is trial 12 with value: 0.19978169151043484.
running
[I 2024-11-15 06:38:59,787] Trial 19 finished with value: 0.30597127576637395 and parameters: {'model_name': 'SimpleImputer', 'strategy': 'most_frequent'}. Best is trial 12 with value: 0.19978169151043484.
running
running
running
[I 2024-11-15 06:38:59,934] Trial 41 finished with value: 0.19978169151043484 and parameters: {'model_name': 'SimpleImputer', 'strategy': 'mean'}. Best is trial 12 with value: 0.19978169151043484.
[I 2024-11-15 06:38:59,935] Trial 43 finished with value: 0.19978169151043484 and parameters: {'model_name': 'SimpleImputer', 'strategy': 'mean'}. Best is trial 12 with value: 0.19978169151043484.
running
running
[I 2024-11-15 06:39:00,173] Trial 45 finished with value: 0.19978169151043484 and parameters: {'model_name': 'SimpleImputer', 'strategy': 'mean'}. Best is trial 12 with value: 0.19978169151043484.
running
[I 2024-11-15 06:39:00,321] Trial 42 finished with value: 0.19978169151043484 and parameters: {'model_name': 'SimpleImputer', 'strategy': 'mean'}. Best is trial 12 with value: 0.19978169151043484.
[I 2024-11-15 06:39:00,422] Trial 47 finished with value: 0.19978169151043484 and parameters: {'model_name': 'SimpleImputer', 'strategy': 'mean'}. Best is trial 12 with value: 0.19978169151043484.
running
[I 2024-11-15 06:39:00,550] Trial 50 finished with value: 0.3143447275424962 and parameters: {'model_name': 'SimpleImputer', 'strategy': 'constant'}. Best is trial 12 with value: 0.19978169151043484.
[I 2024-11-15 06:39:00,643] Trial 48 finished with value: 0.19978169151043484 and parameters: {'model_name': 'SimpleImputer', 'strategy': 'mean'}. Best is trial 12 with value: 0.19978169151043484.
[I 2024-11-15 06:39:00,757] Trial 44 finished with value: 0.19978169151043484 and parameters: {'model_name': 'SimpleImputer', 'strategy': 'mean'}. Best is trial 12 with value: 0.19978169151043484.
running
running
[I 2024-11-15 06:39:00,897] Trial 49 finished with value: 0.19978169151043484 and parameters: {'model_name': 'SimpleImputer', 'strategy': 'mean'}. Best is trial 12 with value: 0.19978169151043484.
running
running
[I 2024-11-15 06:39:01,010] Trial 46 finished with value: 0.19978169151043484 and parameters: {'model_name': 'SimpleImputer', 'strategy': 'mean'}. Best is trial 12 with value: 0.19978169151043484.
[I 2024-11-15 06:39:01,102] Trial 52 finished with value: 0.3143447275424962 and parameters: {'model_name': 'SimpleImputer', 'strategy': 'constant'}. Best is trial 12 with value: 0.19978169151043484.
[I 2024-11-15 06:39:01,228] Trial 51 finished with value: 0.3143447275424962 and parameters: {'model_name': 'SimpleImputer', 'strategy': 'constant'}. Best is trial 12 with value: 0.19978169151043484.
running
running
running
running
running
[I 2024-11-15 06:39:01,414] Trial 56 finished with value: 0.3143447275424962 and parameters: {'model_name': 'SimpleImputer', 'strategy': 'constant'}. Best is trial 12 with value: 0.19978169151043484.
[I 2024-11-15 06:39:01,511] Trial 53 finished with value: 0.3143447275424962 and parameters: {'model_name': 'SimpleImputer', 'strategy': 'constant'}. Best is trial 12 with value: 0.19978169151043484.
[I 2024-11-15 06:39:01,613] Trial 55 finished with value: 0.3143447275424962 and parameters: {'model_name': 'SimpleImputer', 'strategy': 'constant'}. Best is trial 12 with value: 0.19978169151043484.
running
running
[I 2024-11-15 06:39:01,777] Trial 59 finished with value: 0.3143447275424962 and parameters: {'model_name': 'SimpleImputer', 'strategy': 'constant'}. Best is trial 12 with value: 0.19978169151043484.
[I 2024-11-15 06:39:01,869] Trial 54 finished with value: 0.3143447275424962 and parameters: {'model_name': 'SimpleImputer', 'strategy': 'constant'}. Best is trial 12 with value: 0.19978169151043484.
running
[I 2024-11-15 06:39:02,004] Trial 57 finished with value: 0.3143447275424962 and parameters: {'model_name': 'SimpleImputer', 'strategy': 'constant'}. Best is trial 12 with value: 0.19978169151043484.
running
running
[I 2024-11-15 06:39:02,141] Trial 61 finished with value: 0.3143447275424962 and parameters: {'model_name': 'SimpleImputer', 'strategy': 'constant'}. Best is trial 12 with value: 0.19978169151043484.
running
[I 2024-11-15 06:39:02,246] Trial 60 finished with value: 0.3143447275424962 and parameters: {'model_name': 'SimpleImputer', 'strategy': 'constant'}. Best is trial 12 with value: 0.19978169151043484.
running
running
[I 2024-11-15 06:39:02,400] Trial 63 finished with value: 0.3143447275424962 and parameters: {'model_name': 'SimpleImputer', 'strategy': 'constant'}. Best is trial 12 with value: 0.19978169151043484.
[I 2024-11-15 06:39:02,514] Trial 62 finished with value: 0.3143447275424962 and parameters: {'model_name': 'SimpleImputer', 'strategy': 'constant'}. Best is trial 12 with value: 0.19978169151043484.
running
running
[I 2024-11-15 06:39:02,702] Trial 58 finished with value: 0.3143447275424962 and parameters: {'model_name': 'SimpleImputer', 'strategy': 'constant'}. Best is trial 12 with value: 0.19978169151043484.
running
[I 2024-11-15 06:39:02,866] Trial 68 finished with value: 0.19978169151043484 and parameters: {'model_name': 'SimpleImputer', 'strategy': 'mean'}. Best is trial 12 with value: 0.19978169151043484.
running
[I 2024-11-15 06:39:03,440] Trial 69 finished with value: 0.30597127576637395 and parameters: {'model_name': 'SimpleImputer', 'strategy': 'most_frequent'}. Best is trial 12 with value: 0.19978169151043484.
running
[I 2024-11-15 06:39:03,747] Trial 73 finished with value: 0.30597127576637395 and parameters: {'model_name': 'SimpleImputer', 'strategy': 'most_frequent'}. Best is trial 12 with value: 0.19978169151043484.
[I 2024-11-15 06:39:03,848] Trial 66 finished with value: 0.30597127576637395 and parameters: {'model_name': 'SimpleImputer', 'strategy': 'most_frequent'}. Best is trial 12 with value: 0.19978169151043484.
running
running
[I 2024-11-15 06:39:04,074] Trial 76 finished with value: 0.30597127576637395 and parameters: {'model_name': 'SimpleImputer', 'strategy': 'most_frequent'}. Best is trial 12 with value: 0.19978169151043484.
[I 2024-11-15 06:39:04,171] Trial 64 finished with value: 0.30597127576637395 and parameters: {'model_name': 'SimpleImputer', 'strategy': 'most_frequent'}. Best is trial 12 with value: 0.19978169151043484.
running
running
[I 2024-11-15 06:39:04,305] Trial 71 finished with value: 0.30597127576637395 and parameters: {'model_name': 'SimpleImputer', 'strategy': 'most_frequent'}. Best is trial 12 with value: 0.19978169151043484.
running
[I 2024-11-15 06:39:04,440] Trial 70 finished with value: 0.30597127576637395 and parameters: {'model_name': 'SimpleImputer', 'strategy': 'most_frequent'}. Best is trial 12 with value: 0.19978169151043484.
running
[I 2024-11-15 06:39:04,568] Trial 67 finished with value: 0.30597127576637395 and parameters: {'model_name': 'SimpleImputer', 'strategy': 'most_frequent'}. Best is trial 12 with value: 0.19978169151043484.
[I 2024-11-15 06:39:04,661] Trial 79 finished with value: 0.30597127576637395 and parameters: {'model_name': 'SimpleImputer', 'strategy': 'most_frequent'}. Best is trial 12 with value: 0.19978169151043484.
running
running
[I 2024-11-15 06:39:04,795] Trial 72 finished with value: 0.30597127576637395 and parameters: {'model_name': 'SimpleImputer', 'strategy': 'most_frequent'}. Best is trial 12 with value: 0.19978169151043484.
[I 2024-11-15 06:39:04,891] Trial 77 finished with value: 0.30597127576637395 and parameters: {'model_name': 'SimpleImputer', 'strategy': 'most_frequent'}. Best is trial 12 with value: 0.19978169151043484.
running
[I 2024-11-15 06:39:05,002] Trial 75 finished with value: 0.30597127576637395 and parameters: {'model_name': 'SimpleImputer', 'strategy': 'most_frequent'}. Best is trial 12 with value: 0.19978169151043484.
[I 2024-11-15 06:39:05,108] Trial 80 finished with value: 0.30597127576637395 and parameters: {'model_name': 'SimpleImputer', 'strategy': 'most_frequent'}. Best is trial 12 with value: 0.19978169151043484.
[I 2024-11-15 06:39:05,200] Trial 74 finished with value: 0.30597127576637395 and parameters: {'model_name': 'SimpleImputer', 'strategy': 'most_frequent'}. Best is trial 12 with value: 0.19978169151043484.
running
running
running
running
[I 2024-11-15 06:39:05,342] Trial 65 finished with value: 0.30597127576637395 and parameters: {'model_name': 'SimpleImputer', 'strategy': 'most_frequent'}. Best is trial 12 with value: 0.19978169151043484.
running
[I 2024-11-15 06:39:05,503] Trial 78 finished with value: 0.30597127576637395 and parameters: {'model_name': 'SimpleImputer', 'strategy': 'most_frequent'}. Best is trial 12 with value: 0.19978169151043484.
running
[I 2024-11-15 06:39:05,623] Trial 81 finished with value: 0.2487635703073045 and parameters: {'model_name': 'SimpleImputer', 'strategy': 'median'}. Best is trial 12 with value: 0.19978169151043484.
running
[I 2024-11-15 06:39:05,761] Trial 82 finished with value: 0.19978169151043484 and parameters: {'model_name': 'SimpleImputer', 'strategy': 'mean'}. Best is trial 12 with value: 0.19978169151043484.
running
[I 2024-11-15 06:39:06,062] Trial 88 finished with value: 0.2487635703073045 and parameters: {'model_name': 'SimpleImputer', 'strategy': 'median'}. Best is trial 12 with value: 0.19978169151043484.
running
[I 2024-11-15 06:39:06,170] Trial 86 finished with value: 0.2487635703073045 and parameters: {'model_name': 'SimpleImputer', 'strategy': 'median'}. Best is trial 12 with value: 0.19978169151043484.
running
[I 2024-11-15 06:39:06,333] Trial 85 finished with value: 0.2487635703073045 and parameters: {'model_name': 'SimpleImputer', 'strategy': 'median'}. Best is trial 12 with value: 0.19978169151043484.
running
[I 2024-11-15 06:39:06,435] Trial 97 finished with value: 0.19978169151043484 and parameters: {'model_name': 'SimpleImputer', 'strategy': 'mean'}. Best is trial 12 with value: 0.19978169151043484.
running
[I 2024-11-15 06:39:06,544] Trial 96 finished with value: 0.19978169151043484 and parameters: {'model_name': 'SimpleImputer', 'strategy': 'mean'}. Best is trial 12 with value: 0.19978169151043484.
running
[I 2024-11-15 06:39:06,679] Trial 94 finished with value: 0.2487635703073045 and parameters: {'model_name': 'SimpleImputer', 'strategy': 'median'}. Best is trial 12 with value: 0.19978169151043484.
running
[I 2024-11-15 06:39:06,801] Trial 89 finished with value: 0.2487635703073045 and parameters: {'model_name': 'SimpleImputer', 'strategy': 'median'}. Best is trial 12 with value: 0.19978169151043484.
running
[I 2024-11-15 06:39:06,935] Trial 84 finished with value: 0.2487635703073045 and parameters: {'model_name': 'SimpleImputer', 'strategy': 'median'}. Best is trial 12 with value: 0.19978169151043484.
running
[I 2024-11-15 06:39:07,047] Trial 87 finished with value: 0.2487635703073045 and parameters: {'model_name': 'SimpleImputer', 'strategy': 'median'}. Best is trial 12 with value: 0.19978169151043484.
running
[I 2024-11-15 06:39:07,243] Trial 90 finished with value: 0.2487635703073045 and parameters: {'model_name': 'SimpleImputer', 'strategy': 'median'}. Best is trial 12 with value: 0.19978169151043484.
running
[I 2024-11-15 06:39:07,361] Trial 92 finished with value: 0.2487635703073045 and parameters: {'model_name': 'SimpleImputer', 'strategy': 'median'}. Best is trial 12 with value: 0.19978169151043484.
running
[I 2024-11-15 06:39:07,475] Trial 91 finished with value: 0.2487635703073045 and parameters: {'model_name': 'SimpleImputer', 'strategy': 'median'}. Best is trial 12 with value: 0.19978169151043484.
[I 2024-11-15 06:39:07,567] Trial 83 finished with value: 0.2487635703073045 and parameters: {'model_name': 'SimpleImputer', 'strategy': 'median'}. Best is trial 12 with value: 0.19978169151043484.
[I 2024-11-15 06:39:07,659] Trial 100 finished with value: 0.19978169151043484 and parameters: {'model_name': 'SimpleImputer', 'strategy': 'mean'}. Best is trial 12 with value: 0.19978169151043484.
[I 2024-11-15 06:39:07,752] Trial 98 finished with value: 0.19978169151043484 and parameters: {'model_name': 'SimpleImputer', 'strategy': 'mean'}. Best is trial 12 with value: 0.19978169151043484.
running
running
running
[I 2024-11-15 06:39:07,867] Trial 99 finished with value: 0.19978169151043484 and parameters: {'model_name': 'SimpleImputer', 'strategy': 'mean'}. Best is trial 12 with value: 0.19978169151043484.
running
running
[I 2024-11-15 06:39:08,049] Trial 93 finished with value: 0.2487635703073045 and parameters: {'model_name': 'SimpleImputer', 'strategy': 'median'}. Best is trial 12 with value: 0.19978169151043484.
running
[I 2024-11-15 06:39:08,148] Trial 103 finished with value: 0.19978169151043484 and parameters: {'model_name': 'SimpleImputer', 'strategy': 'mean'}. Best is trial 12 with value: 0.19978169151043484.
running
[I 2024-11-15 06:39:08,259] Trial 101 finished with value: 0.19978169151043484 and parameters: {'model_name': 'SimpleImputer', 'strategy': 'mean'}. Best is trial 12 with value: 0.19978169151043484.
[I 2024-11-15 06:39:08,374] Trial 95 finished with value: 0.2487635703073045 and parameters: {'model_name': 'SimpleImputer', 'strategy': 'median'}. Best is trial 12 with value: 0.19978169151043484.
running
[I 2024-11-15 06:39:08,480] Trial 102 finished with value: 0.19978169151043484 and parameters: {'model_name': 'SimpleImputer', 'strategy': 'mean'}. Best is trial 12 with value: 0.19978169151043484.
running
[I 2024-11-15 06:39:08,585] Trial 105 finished with value: 0.19978169151043484 and parameters: {'model_name': 'SimpleImputer', 'strategy': 'mean'}. Best is trial 12 with value: 0.19978169151043484.
running
running
[I 2024-11-15 06:39:08,806] Trial 106 finished with value: 0.19978169151043484 and parameters: {'model_name': 'SimpleImputer', 'strategy': 'mean'}. Best is trial 12 with value: 0.19978169151043484.
[I 2024-11-15 06:39:08,901] Trial 107 finished with value: 0.19978169151043484 and parameters: {'model_name': 'SimpleImputer', 'strategy': 'mean'}. Best is trial 12 with value: 0.19978169151043484.
[I 2024-11-15 06:39:08,994] Trial 114 finished with value: 0.19978169151043484 and parameters: {'model_name': 'SimpleImputer', 'strategy': 'mean'}. Best is trial 12 with value: 0.19978169151043484.
running
running
running
[I 2024-11-15 06:39:09,206] Trial 104 finished with value: 0.19978169151043484 and parameters: {'model_name': 'SimpleImputer', 'strategy': 'mean'}. Best is trial 12 with value: 0.19978169151043484.
[I 2024-11-15 06:39:09,302] Trial 110 finished with value: 0.19978169151043484 and parameters: {'model_name': 'SimpleImputer', 'strategy': 'mean'}. Best is trial 12 with value: 0.19978169151043484.
running
[I 2024-11-15 06:39:09,402] Trial 108 finished with value: 0.19978169151043484 and parameters: {'model_name': 'SimpleImputer', 'strategy': 'mean'}. Best is trial 12 with value: 0.19978169151043484.
running
[I 2024-11-15 06:39:09,509] Trial 112 finished with value: 0.19978169151043484 and parameters: {'model_name': 'SimpleImputer', 'strategy': 'mean'}. Best is trial 12 with value: 0.19978169151043484.
running
running
[I 2024-11-15 06:39:09,654] Trial 109 finished with value: 0.19978169151043484 and parameters: {'model_name': 'SimpleImputer', 'strategy': 'mean'}. Best is trial 12 with value: 0.19978169151043484.
[I 2024-11-15 06:39:09,780] Trial 119 finished with value: 0.19978169151043484 and parameters: {'model_name': 'SimpleImputer', 'strategy': 'mean'}. Best is trial 12 with value: 0.19978169151043484.
running
[I 2024-11-15 06:39:09,898] Trial 113 finished with value: 0.19978169151043484 and parameters: {'model_name': 'SimpleImputer', 'strategy': 'mean'}. Best is trial 12 with value: 0.19978169151043484.
[I 2024-11-15 06:39:09,990] Trial 116 finished with value: 0.19978169151043484 and parameters: {'model_name': 'SimpleImputer', 'strategy': 'mean'}. Best is trial 12 with value: 0.19978169151043484.
running
[I 2024-11-15 06:39:10,111] Trial 118 finished with value: 0.19978169151043484 and parameters: {'model_name': 'SimpleImputer', 'strategy': 'mean'}. Best is trial 12 with value: 0.19978169151043484.
running
running
running
[I 2024-11-15 06:39:10,257] Trial 115 finished with value: 0.19978169151043484 and parameters: {'model_name': 'SimpleImputer', 'strategy': 'mean'}. Best is trial 12 with value: 0.19978169151043484.
[I 2024-11-15 06:39:10,361] Trial 120 finished with value: 0.19978169151043484 and parameters: {'model_name': 'SimpleImputer', 'strategy': 'mean'}. Best is trial 12 with value: 0.19978169151043484.
running
[I 2024-11-15 06:39:10,376] Trial 117 finished with value: 0.19978169151043484 and parameters: {'model_name': 'SimpleImputer', 'strategy': 'mean'}. Best is trial 12 with value: 0.19978169151043484.
[I 2024-11-15 06:39:10,566] Trial 111 finished with value: 0.19978169151043484 and parameters: {'model_name': 'SimpleImputer', 'strategy': 'mean'}. Best is trial 12 with value: 0.19978169151043484.
running
running
running
[I 2024-11-15 06:39:10,699] Trial 123 finished with value: 0.19978169151043484 and parameters: {'model_name': 'SimpleImputer', 'strategy': 'mean'}. Best is trial 12 with value: 0.19978169151043484.
running
[I 2024-11-15 06:39:10,869] Trial 122 finished with value: 0.19978169151043484 and parameters: {'model_name': 'SimpleImputer', 'strategy': 'mean'}. Best is trial 12 with value: 0.19978169151043484.
running
[I 2024-11-15 06:39:11,086] Trial 124 finished with value: 0.19978169151043484 and parameters: {'model_name': 'SimpleImputer', 'strategy': 'mean'}. Best is trial 12 with value: 0.19978169151043484.
[I 2024-11-15 06:39:11,195] Trial 131 finished with value: 0.19978169151043484 and parameters: {'model_name': 'SimpleImputer', 'strategy': 'mean'}. Best is trial 12 with value: 0.19978169151043484.
running
[I 2024-11-15 06:39:11,336] Trial 134 finished with value: 0.19978169151043484 and parameters: {'model_name': 'SimpleImputer', 'strategy': 'mean'}. Best is trial 12 with value: 0.19978169151043484.
[I 2024-11-15 06:39:11,433] Trial 128 finished with value: 0.19978169151043484 and parameters: {'model_name': 'SimpleImputer', 'strategy': 'mean'}. Best is trial 12 with value: 0.19978169151043484.
[I 2024-11-15 06:39:11,525] Trial 126 finished with value: 0.19978169151043484 and parameters: {'model_name': 'SimpleImputer', 'strategy': 'mean'}. Best is trial 12 with value: 0.19978169151043484.
[I 2024-11-15 06:39:11,622] Trial 125 finished with value: 0.19978169151043484 and parameters: {'model_name': 'SimpleImputer', 'strategy': 'mean'}. Best is trial 12 with value: 0.19978169151043484.
running
running
running
[I 2024-11-15 06:39:11,756] Trial 121 finished with value: 0.19978169151043484 and parameters: {'model_name': 'SimpleImputer', 'strategy': 'mean'}. Best is trial 12 with value: 0.19978169151043484.
[I 2024-11-15 06:39:11,855] Trial 135 finished with value: 0.19978169151043484 and parameters: {'model_name': 'SimpleImputer', 'strategy': 'mean'}. Best is trial 12 with value: 0.19978169151043484.
running
running
running
running
[I 2024-11-15 06:39:11,975] Trial 132 finished with value: 0.19978169151043484 and parameters: {'model_name': 'SimpleImputer', 'strategy': 'mean'}. Best is trial 12 with value: 0.19978169151043484.
[I 2024-11-15 06:39:12,087] Trial 127 finished with value: 0.19978169151043484 and parameters: {'model_name': 'SimpleImputer', 'strategy': 'mean'}. Best is trial 12 with value: 0.19978169151043484.
running
running
[I 2024-11-15 06:39:12,237] Trial 133 finished with value: 0.19978169151043484 and parameters: {'model_name': 'SimpleImputer', 'strategy': 'mean'}. Best is trial 12 with value: 0.19978169151043484.
running
[I 2024-11-15 06:39:12,403] Trial 129 finished with value: 0.19978169151043484 and parameters: {'model_name': 'SimpleImputer', 'strategy': 'mean'}. Best is trial 12 with value: 0.19978169151043484.
[I 2024-11-15 06:39:12,503] Trial 137 finished with value: 0.19978169151043484 and parameters: {'model_name': 'SimpleImputer', 'strategy': 'mean'}. Best is trial 12 with value: 0.19978169151043484.
running
running
[I 2024-11-15 06:39:12,663] Trial 136 finished with value: 0.19978169151043484 and parameters: {'model_name': 'SimpleImputer', 'strategy': 'mean'}. Best is trial 12 with value: 0.19978169151043484.
[I 2024-11-15 06:39:12,765] Trial 130 finished with value: 0.19978169151043484 and parameters: {'model_name': 'SimpleImputer', 'strategy': 'mean'}. Best is trial 12 with value: 0.19978169151043484.
running
[I 2024-11-15 06:39:12,878] Trial 139 finished with value: 0.19978169151043484 and parameters: {'model_name': 'SimpleImputer', 'strategy': 'mean'}. Best is trial 12 with value: 0.19978169151043484.
running
running
[I 2024-11-15 06:39:13,044] Trial 140 finished with value: 0.19978169151043484 and parameters: {'model_name': 'SimpleImputer', 'strategy': 'mean'}. Best is trial 12 with value: 0.19978169151043484.
running
[I 2024-11-15 06:39:13,208] Trial 138 finished with value: 0.19978169151043484 and parameters: {'model_name': 'SimpleImputer', 'strategy': 'mean'}. Best is trial 12 with value: 0.19978169151043484.
running
[I 2024-11-15 06:39:13,370] Trial 147 finished with value: 0.19978169151043484 and parameters: {'model_name': 'SimpleImputer', 'strategy': 'mean'}. Best is trial 12 with value: 0.19978169151043484.
[I 2024-11-15 06:39:13,510] Trial 141 finished with value: 0.19978169151043484 and parameters: {'model_name': 'SimpleImputer', 'strategy': 'mean'}. Best is trial 12 with value: 0.19978169151043484.
running
[I 2024-11-15 06:39:13,607] Trial 152 finished with value: 0.19978169151043484 and parameters: {'model_name': 'SimpleImputer', 'strategy': 'mean'}. Best is trial 12 with value: 0.19978169151043484.
[I 2024-11-15 06:39:13,721] Trial 143 finished with value: 0.19978169151043484 and parameters: {'model_name': 'SimpleImputer', 'strategy': 'mean'}. Best is trial 12 with value: 0.19978169151043484.
running
running
[I 2024-11-15 06:39:13,853] Trial 151 finished with value: 0.19978169151043484 and parameters: {'model_name': 'SimpleImputer', 'strategy': 'mean'}. Best is trial 12 with value: 0.19978169151043484.
running
running
[I 2024-11-15 06:39:13,969] Trial 146 finished with value: 0.19978169151043484 and parameters: {'model_name': 'SimpleImputer', 'strategy': 'mean'}. Best is trial 12 with value: 0.19978169151043484.
running
[I 2024-11-15 06:39:14,070] Trial 148 finished with value: 0.19978169151043484 and parameters: {'model_name': 'SimpleImputer', 'strategy': 'mean'}. Best is trial 12 with value: 0.19978169151043484.
[I 2024-11-15 06:39:14,162] Trial 144 finished with value: 0.19978169151043484 and parameters: {'model_name': 'SimpleImputer', 'strategy': 'mean'}. Best is trial 12 with value: 0.19978169151043484.
running
[I 2024-11-15 06:39:14,267] Trial 149 finished with value: 0.19978169151043484 and parameters: {'model_name': 'SimpleImputer', 'strategy': 'mean'}. Best is trial 12 with value: 0.19978169151043484.
running
[I 2024-11-15 06:39:14,384] Trial 150 finished with value: 0.19978169151043484 and parameters: {'model_name': 'SimpleImputer', 'strategy': 'mean'}. Best is trial 12 with value: 0.19978169151043484.
running
[I 2024-11-15 06:39:14,482] Trial 142 finished with value: 0.19978169151043484 and parameters: {'model_name': 'SimpleImputer', 'strategy': 'mean'}. Best is trial 12 with value: 0.19978169151043484.
running
running
[I 2024-11-15 06:39:14,665] Trial 145 finished with value: 0.19978169151043484 and parameters: {'model_name': 'SimpleImputer', 'strategy': 'mean'}. Best is trial 12 with value: 0.19978169151043484.
[I 2024-11-15 06:39:14,803] Trial 153 finished with value: 0.19978169151043484 and parameters: {'model_name': 'SimpleImputer', 'strategy': 'mean'}. Best is trial 12 with value: 0.19978169151043484.
running
running
[I 2024-11-15 06:39:14,961] Trial 155 finished with value: 0.19978169151043484 and parameters: {'model_name': 'SimpleImputer', 'strategy': 'mean'}. Best is trial 12 with value: 0.19978169151043484.
[I 2024-11-15 06:39:15,082] Trial 157 finished with value: 0.19978169151043484 and parameters: {'model_name': 'SimpleImputer', 'strategy': 'mean'}. Best is trial 12 with value: 0.19978169151043484.
[I 2024-11-15 06:39:15,185] Trial 158 finished with value: 0.19978169151043484 and parameters: {'model_name': 'SimpleImputer', 'strategy': 'mean'}. Best is trial 12 with value: 0.19978169151043484.
running
[I 2024-11-15 06:39:15,292] Trial 159 finished with value: 0.19978169151043484 and parameters: {'model_name': 'SimpleImputer', 'strategy': 'mean'}. Best is trial 12 with value: 0.19978169151043484.
running
running
running
[I 2024-11-15 06:39:15,456] Trial 156 finished with value: 0.19978169151043484 and parameters: {'model_name': 'SimpleImputer', 'strategy': 'mean'}. Best is trial 12 with value: 0.19978169151043484.
running
[I 2024-11-15 06:39:15,644] Trial 164 finished with value: 0.19978169151043484 and parameters: {'model_name': 'SimpleImputer', 'strategy': 'mean'}. Best is trial 12 with value: 0.19978169151043484.
[I 2024-11-15 06:39:15,754] Trial 161 finished with value: 0.19978169151043484 and parameters: {'model_name': 'SimpleImputer', 'strategy': 'mean'}. Best is trial 12 with value: 0.19978169151043484.
running
[I 2024-11-15 06:39:15,850] Trial 162 finished with value: 0.19978169151043484 and parameters: {'model_name': 'SimpleImputer', 'strategy': 'mean'}. Best is trial 12 with value: 0.19978169151043484.
[I 2024-11-15 06:39:15,947] Trial 160 finished with value: 0.19978169151043484 and parameters: {'model_name': 'SimpleImputer', 'strategy': 'mean'}. Best is trial 12 with value: 0.19978169151043484.
running
running
[I 2024-11-15 06:39:16,054] Trial 166 finished with value: 0.19978169151043484 and parameters: {'model_name': 'SimpleImputer', 'strategy': 'mean'}. Best is trial 12 with value: 0.19978169151043484.
running
running
[I 2024-11-15 06:39:16,196] Trial 154 finished with value: 0.19978169151043484 and parameters: {'model_name': 'SimpleImputer', 'strategy': 'mean'}. Best is trial 12 with value: 0.19978169151043484.
[I 2024-11-15 06:39:16,300] Trial 167 finished with value: 0.19978169151043484 and parameters: {'model_name': 'SimpleImputer', 'strategy': 'mean'}. Best is trial 12 with value: 0.19978169151043484.
[I 2024-11-15 06:39:16,400] Trial 163 finished with value: 0.19978169151043484 and parameters: {'model_name': 'SimpleImputer', 'strategy': 'mean'}. Best is trial 12 with value: 0.19978169151043484.
running
running
running
[I 2024-11-15 06:39:16,556] Trial 168 finished with value: 0.19978169151043484 and parameters: {'model_name': 'SimpleImputer', 'strategy': 'mean'}. Best is trial 12 with value: 0.19978169151043484.
running
[I 2024-11-15 06:39:16,757] Trial 165 finished with value: 0.19978169151043484 and parameters: {'model_name': 'SimpleImputer', 'strategy': 'mean'}. Best is trial 12 with value: 0.19978169151043484.
[I 2024-11-15 06:39:16,879] Trial 170 finished with value: 0.19978169151043484 and parameters: {'model_name': 'SimpleImputer', 'strategy': 'mean'}. Best is trial 12 with value: 0.19978169151043484.
running
[I 2024-11-15 06:39:16,979] Trial 169 finished with value: 0.19978169151043484 and parameters: {'model_name': 'SimpleImputer', 'strategy': 'mean'}. Best is trial 12 with value: 0.19978169151043484.
running
running
[I 2024-11-15 06:39:17,111] Trial 174 finished with value: 0.19978169151043484 and parameters: {'model_name': 'SimpleImputer', 'strategy': 'mean'}. Best is trial 12 with value: 0.19978169151043484.
[I 2024-11-15 06:39:17,241] Trial 173 finished with value: 0.19978169151043484 and parameters: {'model_name': 'SimpleImputer', 'strategy': 'mean'}. Best is trial 12 with value: 0.19978169151043484.
running
[I 2024-11-15 06:39:17,354] Trial 171 finished with value: 0.19978169151043484 and parameters: {'model_name': 'SimpleImputer', 'strategy': 'mean'}. Best is trial 12 with value: 0.19978169151043484.
running
running
[I 2024-11-15 06:39:17,489] Trial 182 finished with value: 0.19978169151043484 and parameters: {'model_name': 'SimpleImputer', 'strategy': 'mean'}. Best is trial 12 with value: 0.19978169151043484.
[I 2024-11-15 06:39:17,585] Trial 175 finished with value: 0.19978169151043484 and parameters: {'model_name': 'SimpleImputer', 'strategy': 'mean'}. Best is trial 12 with value: 0.19978169151043484.
running
[I 2024-11-15 06:39:17,688] Trial 177 finished with value: 0.19978169151043484 and parameters: {'model_name': 'SimpleImputer', 'strategy': 'mean'}. Best is trial 12 with value: 0.19978169151043484.
[I 2024-11-15 06:39:17,783] Trial 172 finished with value: 0.19978169151043484 and parameters: {'model_name': 'SimpleImputer', 'strategy': 'mean'}. Best is trial 12 with value: 0.19978169151043484.
running
running
[I 2024-11-15 06:39:17,919] Trial 178 finished with value: 0.19978169151043484 and parameters: {'model_name': 'SimpleImputer', 'strategy': 'mean'}. Best is trial 12 with value: 0.19978169151043484.
running
running
[I 2024-11-15 06:39:18,068] Trial 179 finished with value: 0.19978169151043484 and parameters: {'model_name': 'SimpleImputer', 'strategy': 'mean'}. Best is trial 12 with value: 0.19978169151043484.
[I 2024-11-15 06:39:18,165] Trial 180 finished with value: 0.19978169151043484 and parameters: {'model_name': 'SimpleImputer', 'strategy': 'mean'}. Best is trial 12 with value: 0.19978169151043484.
running
[I 2024-11-15 06:39:18,293] Trial 176 finished with value: 0.19978169151043484 and parameters: {'model_name': 'SimpleImputer', 'strategy': 'mean'}. Best is trial 12 with value: 0.19978169151043484.
running
running
[I 2024-11-15 06:39:18,402] Trial 181 finished with value: 0.19978169151043484 and parameters: {'model_name': 'SimpleImputer', 'strategy': 'mean'}. Best is trial 12 with value: 0.19978169151043484.
[I 2024-11-15 06:39:18,515] Trial 185 finished with value: 0.19978169151043484 and parameters: {'model_name': 'SimpleImputer', 'strategy': 'mean'}. Best is trial 12 with value: 0.19978169151043484.
running
running
[I 2024-11-15 06:39:18,695] Trial 183 finished with value: 0.19978169151043484 and parameters: {'model_name': 'SimpleImputer', 'strategy': 'mean'}. Best is trial 12 with value: 0.19978169151043484.
[I 2024-11-15 06:39:18,913] Trial 186 finished with value: 0.19978169151043484 and parameters: {'model_name': 'SimpleImputer', 'strategy': 'mean'}. Best is trial 12 with value: 0.19978169151043484.
[I 2024-11-15 06:39:19,025] Trial 190 finished with value: 0.19978169151043484 and parameters: {'model_name': 'SimpleImputer', 'strategy': 'mean'}. Best is trial 12 with value: 0.19978169151043484.
[I 2024-11-15 06:39:19,149] Trial 184 finished with value: 0.19978169151043484 and parameters: {'model_name': 'SimpleImputer', 'strategy': 'mean'}. Best is trial 12 with value: 0.19978169151043484.
[I 2024-11-15 06:39:19,241] Trial 187 finished with value: 0.19978169151043484 and parameters: {'model_name': 'SimpleImputer', 'strategy': 'mean'}. Best is trial 12 with value: 0.19978169151043484.
[I 2024-11-15 06:39:19,355] Trial 188 finished with value: 0.19978169151043484 and parameters: {'model_name': 'SimpleImputer', 'strategy': 'mean'}. Best is trial 12 with value: 0.19978169151043484.
[I 2024-11-15 06:39:19,469] Trial 194 finished with value: 0.19978169151043484 and parameters: {'model_name': 'SimpleImputer', 'strategy': 'mean'}. Best is trial 12 with value: 0.19978169151043484.
[I 2024-11-15 06:39:19,559] Trial 189 finished with value: 0.19978169151043484 and parameters: {'model_name': 'SimpleImputer', 'strategy': 'mean'}. Best is trial 12 with value: 0.19978169151043484.
[I 2024-11-15 06:39:19,679] Trial 199 finished with value: 0.19978169151043484 and parameters: {'model_name': 'SimpleImputer', 'strategy': 'mean'}. Best is trial 12 with value: 0.19978169151043484.
[I 2024-11-15 06:39:19,680] Trial 193 finished with value: 0.19978169151043484 and parameters: {'model_name': 'SimpleImputer', 'strategy': 'mean'}. Best is trial 12 with value: 0.19978169151043484.
[I 2024-11-15 06:39:19,905] Trial 197 finished with value: 0.19978169151043484 and parameters: {'model_name': 'SimpleImputer', 'strategy': 'mean'}. Best is trial 12 with value: 0.19978169151043484.
[I 2024-11-15 06:39:19,997] Trial 198 finished with value: 0.19978169151043484 and parameters: {'model_name': 'SimpleImputer', 'strategy': 'mean'}. Best is trial 12 with value: 0.19978169151043484.
[I 2024-11-15 06:39:20,086] Trial 196 finished with value: 0.19978169151043484 and parameters: {'model_name': 'SimpleImputer', 'strategy': 'mean'}. Best is trial 12 with value: 0.19978169151043484.
[I 2024-11-15 06:39:20,193] Trial 192 finished with value: 0.19978169151043484 and parameters: {'model_name': 'SimpleImputer', 'strategy': 'mean'}. Best is trial 12 with value: 0.19978169151043484.
[I 2024-11-15 06:39:20,289] Trial 195 finished with value: 0.19978169151043484 and parameters: {'model_name': 'SimpleImputer', 'strategy': 'mean'}. Best is trial 12 with value: 0.19978169151043484.
[I 2024-11-15 06:39:20,381] Trial 191 finished with value: 0.19978169151043484 and parameters: {'model_name': 'SimpleImputer', 'strategy': 'mean'}. Best is trial 12 with value: 0.19978169151043484.
fit
simple fit
simple transform
0    0
1    0
2    0
3    0
4    0
5    0
6    0
dtype: int64
0    0
1    0
2    0
3    0
4    0
5    0
6    0
dtype: int64
0.19978169151043484
{'model_name': 'SimpleImputer', 'strategy': 'mean'}
running experiment 2/3 - Does reconstruction give good automl predictions
Start est fit
Version 0.1.7a0 of tpot2 is outdated. Version 0.1.8a0 was released Tuesday September 17, 2024.
Version 0.1.7a0 of tpot2 is outdated. Version 0.1.8a0 was released Tuesday September 17, 2024.
Version 0.1.7a0 of tpot2 is outdated. Version 0.1.8a0 was released Tuesday September 17, 2024.
Version 0.1.7a0 of tpot2 is outdated. Version 0.1.8a0 was released Tuesday September 17, 2024.
Version 0.1.7a0 of tpot2 is outdated. Version 0.1.8a0 was released Tuesday September 17, 2024.
Version 0.1.7a0 of tpot2 is outdated. Version 0.1.8a0 was released Tuesday September 17, 2024.
Version 0.1.7a0 of tpot2 is outdated. Version 0.1.8a0 was released Tuesday September 17, 2024.
Version 0.1.7a0 of tpot2 is outdated. Version 0.1.8a0 was released Tuesday September 17, 2024.
Version 0.1.7a0 of tpot2 is outdated. Version 0.1.8a0 was released Tuesday September 17, 2024.
Version 0.1.7a0 of tpot2 is outdated. Version 0.1.8a0 was released Tuesday September 17, 2024.
Version 0.1.7a0 of tpot2 is outdated. Version 0.1.8a0 was released Tuesday September 17, 2024.
Version 0.1.7a0 of tpot2 is outdated. Version 0.1.8a0 was released Tuesday September 17, 2024.
Version 0.1.7a0 of tpot2 is outdated. Version 0.1.8a0 was released Tuesday September 17, 2024.
Version 0.1.7a0 of tpot2 is outdated. Version 0.1.8a0 was released Tuesday September 17, 2024.
Version 0.1.7a0 of tpot2 is outdated. Version 0.1.8a0 was released Tuesday September 17, 2024.
Version 0.1.7a0 of tpot2 is outdated. Version 0.1.8a0 was released Tuesday September 17, 2024.
  0%|          | 0/25 [00:00<?, ?it/s]Generation:   0%|          | 0/25 [00:00<?, ?it/s]Generation:  1
Best f1_score score: 0.5065398031744924
Generation:   4%|▍         | 1/25 [00:28<11:35, 28.99s/it]Generation:  2
Best f1_score score: 0.5407354173644077
Generation:   8%|▊         | 2/25 [01:04<12:30, 32.65s/it]Generation:  3
Best f1_score score: 0.6971736904492752
Generation:  12%|█▏        | 3/25 [02:18<19:01, 51.88s/it]Generation:  4
Best f1_score score: 0.6971736904492752
Generation:  16%|█▌        | 4/25 [10:01<1:14:51, 213.87s/it]Generation:  5
Best f1_score score: 0.6971736904492752
Generation:  20%|██        | 5/25 [10:19<47:49, 143.50s/it]  Generation:  6
Best f1_score score: 0.6971736904492752
Generation:  24%|██▍       | 6/25 [10:46<32:53, 103.85s/it]Generation:  7
Best f1_score score: 0.6971736904492752
Generation:  28%|██▊       | 7/25 [10:58<22:04, 73.58s/it] Generation:  8
Best f1_score score: 0.7090500796599762
Generation:  32%|███▏      | 8/25 [11:37<17:48, 62.84s/it]WARNING THIS INDIVIDUAL CAUSED AND EXCEPTION 
 <tpot2.search_spaces.pipelines.sequential.SequentialPipelineIndividual object at 0x1554741a9300> 
 The 'min_samples_split' parameter of DecisionTreeClassifier must be an int in the range [2, inf) or a float in the range (0.0, 1.0]. Got 1 instead. 
 Traceback (most recent call last):
  File "/common/ketrong/tpotexp/tpot2/tpot2/utils/eval_utils.py", line 53, in objective_nan_wrapper
    value = func_timeout.func_timeout(timeout, objective_function, args=[individual], kwargs=objective_kwargs)
  File "/common/ketrong/tpotexp/env/lib/python3.10/site-packages/func_timeout/dafunc.py", line 108, in func_timeout
    raise_exception(exception)
  File "/common/ketrong/tpotexp/env/lib/python3.10/site-packages/func_timeout/py3_raise.py", line 7, in raise_exception
    raise exception[0] from None
  File "/common/ketrong/tpotexp/tpot2/tpot2/tpot_estimator/estimator.py", line 623, in objective_function
    return objective_function_generator(
  File "/common/ketrong/tpotexp/tpot2/tpot2/tpot_estimator/estimator_utils.py", line 55, in objective_function_generator
    cv_obj_scores = cross_val_score_objective(sklearn.base.clone(pipeline),x,y,scorers=scorers, cv=cv , fold=step)
  File "/common/ketrong/tpotexp/tpot2/tpot2/tpot_estimator/cross_val_utils.py", line 28, in cross_val_score_objective
    this_fold_pipeline.fit(X_train,y_train)
  File "/common/ketrong/tpotexp/env/lib/python3.10/site-packages/sklearn/base.py", line 1473, in wrapper
    return fit_method(estimator, *args, **kwargs)
  File "/common/ketrong/tpotexp/env/lib/python3.10/site-packages/sklearn/pipeline.py", line 473, in fit
    self._final_estimator.fit(Xt, y, **last_step_params["fit"])
  File "/common/ketrong/tpotexp/env/lib/python3.10/site-packages/sklearn/base.py", line 1466, in wrapper
    estimator._validate_params()
  File "/common/ketrong/tpotexp/env/lib/python3.10/site-packages/sklearn/base.py", line 666, in _validate_params
    validate_parameter_constraints(
  File "/common/ketrong/tpotexp/env/lib/python3.10/site-packages/sklearn/utils/_param_validation.py", line 95, in validate_parameter_constraints
    raise InvalidParameterError(
sklearn.utils._param_validation.InvalidParameterError: The 'min_samples_split' parameter of DecisionTreeClassifier must be an int in the range [2, inf) or a float in the range (0.0, 1.0]. Got 1 instead.

Generation:  9
Best f1_score score: 0.7090500796599762
Generation:  36%|███▌      | 9/25 [12:16<14:46, 55.41s/it]Generation:  10
Best f1_score score: 0.7090500796599762
Generation:  40%|████      | 10/25 [13:33<15:28, 61.88s/it]Generation:  11
Best f1_score score: 0.7213348095138876
Generation:  44%|████▍     | 11/25 [15:04<16:31, 70.81s/it]Generation:  12
Best f1_score score: 0.7213348095138876
Generation:  48%|████▊     | 12/25 [17:21<19:43, 91.05s/it]Generation:  13
Best f1_score score: 0.7213348095138876
Generation:  52%|█████▏    | 13/25 [17:34<13:26, 67.23s/it]Generation:  14
Best f1_score score: 0.7213348095138876
Generation:  56%|█████▌    | 14/25 [18:13<10:47, 58.87s/it]WARNING THIS INDIVIDUAL CAUSED AND EXCEPTION 
 <tpot2.search_spaces.pipelines.sequential.SequentialPipelineIndividual object at 0x155474104d00> 
 Out of bag estimation only available if bootstrap=True 
 Traceback (most recent call last):
  File "/common/ketrong/tpotexp/tpot2/tpot2/utils/eval_utils.py", line 53, in objective_nan_wrapper
    value = func_timeout.func_timeout(timeout, objective_function, args=[individual], kwargs=objective_kwargs)
  File "/common/ketrong/tpotexp/env/lib/python3.10/site-packages/func_timeout/dafunc.py", line 108, in func_timeout
    raise_exception(exception)
  File "/common/ketrong/tpotexp/env/lib/python3.10/site-packages/func_timeout/py3_raise.py", line 7, in raise_exception
    raise exception[0] from None
  File "/common/ketrong/tpotexp/tpot2/tpot2/tpot_estimator/estimator.py", line 623, in objective_function
    return objective_function_generator(
  File "/common/ketrong/tpotexp/tpot2/tpot2/tpot_estimator/estimator_utils.py", line 55, in objective_function_generator
    cv_obj_scores = cross_val_score_objective(sklearn.base.clone(pipeline),x,y,scorers=scorers, cv=cv , fold=step)
  File "/common/ketrong/tpotexp/tpot2/tpot2/tpot_estimator/cross_val_utils.py", line 28, in cross_val_score_objective
    this_fold_pipeline.fit(X_train,y_train)
  File "/common/ketrong/tpotexp/env/lib/python3.10/site-packages/sklearn/base.py", line 1473, in wrapper
    return fit_method(estimator, *args, **kwargs)
  File "/common/ketrong/tpotexp/env/lib/python3.10/site-packages/sklearn/pipeline.py", line 473, in fit
    self._final_estimator.fit(Xt, y, **last_step_params["fit"])
  File "/common/ketrong/tpotexp/env/lib/python3.10/site-packages/sklearn/utils/validation.py", line 66, in inner_f
    return f(*args, **kwargs)
  File "/common/ketrong/tpotexp/env/lib/python3.10/site-packages/sklearn/base.py", line 1473, in wrapper
    return fit_method(estimator, *args, **kwargs)
  File "/common/ketrong/tpotexp/env/lib/python3.10/site-packages/sklearn/ensemble/_bagging.py", line 402, in fit
    return self._fit(X, y, max_samples=self.max_samples, **fit_params)
  File "/common/ketrong/tpotexp/env/lib/python3.10/site-packages/sklearn/ensemble/_bagging.py", line 502, in _fit
    raise ValueError("Out of bag estimation only available if bootstrap=True")
ValueError: Out of bag estimation only available if bootstrap=True

Generation:  15
Best f1_score score: 0.7213348095138876
Generation:  60%|██████    | 15/25 [18:28<07:37, 45.73s/it]Generation:  16
Best f1_score score: 0.7213348095138876
Generation:  64%|██████▍   | 16/25 [19:21<07:09, 47.73s/it]Generation:  17
Best f1_score score: 0.7213348095138876
Generation:  68%|██████▊   | 17/25 [20:13<06:31, 48.94s/it]Generation:  18
Best f1_score score: 0.7213348095138876
Generation:  72%|███████▏  | 18/25 [20:32<04:40, 40.10s/it]Generation:  19
Best f1_score score: 0.7213348095138876
Generation:  76%|███████▌  | 19/25 [20:50<03:20, 33.34s/it]Generation:  20
Best f1_score score: 0.7213348095138876
Generation:  80%|████████  | 20/25 [26:24<10:17, 123.59s/it]Generation:  21
Best f1_score score: 0.7213348095138876
Generation:  84%|████████▍ | 21/25 [26:40<06:05, 91.29s/it] Generation:  22
Best f1_score score: 0.7213348095138876
Generation:  88%|████████▊ | 22/25 [29:08<05:25, 108.55s/it]Generation:  23
Best f1_score score: 0.7213348095138876
Generation:  92%|█████████▏| 23/25 [30:10<03:08, 94.32s/it] WARNING THIS INDIVIDUAL CAUSED AND EXCEPTION 
 <tpot2.search_spaces.pipelines.sequential.SequentialPipelineIndividual object at 0x15545ffda2f0> 
 Out of bag estimation only available if bootstrap=True 
 Traceback (most recent call last):
  File "/common/ketrong/tpotexp/tpot2/tpot2/utils/eval_utils.py", line 53, in objective_nan_wrapper
    value = func_timeout.func_timeout(timeout, objective_function, args=[individual], kwargs=objective_kwargs)
  File "/common/ketrong/tpotexp/env/lib/python3.10/site-packages/func_timeout/dafunc.py", line 108, in func_timeout
    raise_exception(exception)
  File "/common/ketrong/tpotexp/env/lib/python3.10/site-packages/func_timeout/py3_raise.py", line 7, in raise_exception
    raise exception[0] from None
  File "/common/ketrong/tpotexp/tpot2/tpot2/tpot_estimator/estimator.py", line 623, in objective_function
    return objective_function_generator(
  File "/common/ketrong/tpotexp/tpot2/tpot2/tpot_estimator/estimator_utils.py", line 55, in objective_function_generator
    cv_obj_scores = cross_val_score_objective(sklearn.base.clone(pipeline),x,y,scorers=scorers, cv=cv , fold=step)
  File "/common/ketrong/tpotexp/tpot2/tpot2/tpot_estimator/cross_val_utils.py", line 28, in cross_val_score_objective
    this_fold_pipeline.fit(X_train,y_train)
  File "/common/ketrong/tpotexp/env/lib/python3.10/site-packages/sklearn/base.py", line 1473, in wrapper
    return fit_method(estimator, *args, **kwargs)
  File "/common/ketrong/tpotexp/env/lib/python3.10/site-packages/sklearn/pipeline.py", line 473, in fit
    self._final_estimator.fit(Xt, y, **last_step_params["fit"])
  File "/common/ketrong/tpotexp/env/lib/python3.10/site-packages/sklearn/utils/validation.py", line 66, in inner_f
    return f(*args, **kwargs)
  File "/common/ketrong/tpotexp/env/lib/python3.10/site-packages/sklearn/base.py", line 1473, in wrapper
    return fit_method(estimator, *args, **kwargs)
  File "/common/ketrong/tpotexp/env/lib/python3.10/site-packages/sklearn/ensemble/_bagging.py", line 402, in fit
    return self._fit(X, y, max_samples=self.max_samples, **fit_params)
  File "/common/ketrong/tpotexp/env/lib/python3.10/site-packages/sklearn/ensemble/_bagging.py", line 502, in _fit
    raise ValueError("Out of bag estimation only available if bootstrap=True")
ValueError: Out of bag estimation only available if bootstrap=True

Generation:  24
Best f1_score score: 0.7213348095138876
Generation:  96%|█████████▌| 24/25 [31:20<01:27, 87.25s/it]Generation:  25
Best f1_score score: 0.7213348095138876
Generation: 100%|██████████| 25/25 [31:45<00:00, 68.56s/it]Generation: 100%|██████████| 25/25 [31:48<00:00, 76.36s/it]
2024-11-15 07:11:15,326 - distributed.scheduler - ERROR - Removing worker 'tcp://127.0.0.1:35857' caused the cluster to lose scattered data, which can't be recovered: {'ndarray-09df496c13b4db9071c806cb3a50c62f', 'ndarray-26814314f5e56af0d614d2cc0f809fa3'} (stimulus_id='handle-worker-cleanup-1731683475.3264072')
Fitted
Pipeline(steps=[('baggingclassifier',
                 BaggingClassifier(bootstrap=False,
                                   max_features=0.4059637739786,
                                   max_samples=0.9571426707255, n_estimators=94,
                                   n_jobs=1))])
score start
train score: {'auroc': 0.99499768158661, 'accuracy': 0.9383410814778567, 'balanced_accuracy': 0.932367431631366, 'logloss': 0.97236438235584, 'f1': 0.9355287776511355}
original test score: {'auroc': 0.9857555951482218, 'accuracy': 0.8693737769080235, 'balanced_accuracy': 0.8632565369242775, 'logloss': 0.961539888247848, 'f1': 0.8651401092042328}
imputed test score: {'auroc': 0.9398515329882386, 'accuracy': 0.6996086105675147, 'balanced_accuracy': 0.6811145500818976, 'logloss': 1.3851222120998934, 'f1': 0.6866851559218433}
score end
check intended
EXP2 Finished
running experiment 3/3 - What is the best automl settings?
<tpot2.search_spaces.pipelines.sequential.SequentialPipeline object at 0x15543504f9d0>
Start tpot fit
Version 0.1.7a0 of tpot2 is outdated. Version 0.1.8a0 was released Tuesday September 17, 2024.
Version 0.1.7a0 of tpot2 is outdated. Version 0.1.8a0 was released Tuesday September 17, 2024.
Version 0.1.7a0 of tpot2 is outdated. Version 0.1.8a0 was released Tuesday September 17, 2024.
Version 0.1.7a0 of tpot2 is outdated. Version 0.1.8a0 was released Tuesday September 17, 2024.
Version 0.1.7a0 of tpot2 is outdated. Version 0.1.8a0 was released Tuesday September 17, 2024.
Version 0.1.7a0 of tpot2 is outdated. Version 0.1.8a0 was released Tuesday September 17, 2024.
Version 0.1.7a0 of tpot2 is outdated. Version 0.1.8a0 was released Tuesday September 17, 2024.
Version 0.1.7a0 of tpot2 is outdated. Version 0.1.8a0 was released Tuesday September 17, 2024.
Version 0.1.7a0 of tpot2 is outdated. Version 0.1.8a0 was released Tuesday September 17, 2024.
Version 0.1.7a0 of tpot2 is outdated. Version 0.1.8a0 was released Tuesday September 17, 2024.
Version 0.1.7a0 of tpot2 is outdated. Version 0.1.8a0 was released Tuesday September 17, 2024.
Version 0.1.7a0 of tpot2 is outdated. Version 0.1.8a0 was released Tuesday September 17, 2024.
Version 0.1.7a0 of tpot2 is outdated. Version 0.1.8a0 was released Tuesday September 17, 2024.
Version 0.1.7a0 of tpot2 is outdated. Version 0.1.8a0 was released Tuesday September 17, 2024.
Version 0.1.7a0 of tpot2 is outdated. Version 0.1.8a0 was released Tuesday September 17, 2024.
Version 0.1.7a0 of tpot2 is outdated. Version 0.1.8a0 was released Tuesday September 17, 2024.
  0%|          | 0/25 [00:00<?, ?it/s]Generation:   0%|          | 0/25 [00:00<?, ?it/s]Generation:  1
Best f1_score score: 0.5443453077091448
Generation:   4%|▍         | 1/25 [00:21<08:42, 21.76s/it]Generation:  2
Best f1_score score: 0.5706639641120755
Generation:   8%|▊         | 2/25 [01:03<12:56, 33.75s/it]Generation:  3
Best f1_score score: 0.6327407659106511
Generation:  12%|█▏        | 3/25 [07:06<1:07:26, 183.92s/it]Generation:  4
Best f1_score score: 0.6504029385402952
Generation:  16%|█▌        | 4/25 [07:49<44:51, 128.19s/it]  Generation:  5
Best f1_score score: 0.6565131630888235
Generation:  20%|██        | 5/25 [08:13<30:12, 90.63s/it] Generation:  6
Best f1_score score: 0.6565131630888235
Generation:  24%|██▍       | 6/25 [10:07<31:14, 98.64s/it]Generation:  7
Best f1_score score: 0.6565131630888235
Generation:  28%|██▊       | 7/25 [10:31<22:16, 74.28s/it]Generation:  8
Best f1_score score: 0.6615795063848329
Generation:  32%|███▏      | 8/25 [11:25<19:10, 67.66s/it]Generation:  9
Best f1_score score: 0.6615795063848329
Generation:  36%|███▌      | 9/25 [12:10<16:12, 60.76s/it]Generation:  10
Best f1_score score: 0.6615795063848329
Generation:  40%|████      | 10/25 [13:02<14:27, 57.86s/it]Generation:  11
Best f1_score score: 0.6615795063848329
Generation:  44%|████▍     | 11/25 [15:02<18:00, 77.15s/it]Generation:  12
Best f1_score score: 0.6615795063848329
Generation:  48%|████▊     | 12/25 [16:24<17:01, 78.60s/it]Generation:  13
Best f1_score score: 0.6615795063848329
Generation:  52%|█████▏    | 13/25 [17:16<14:04, 70.40s/it]Generation:  14
Best f1_score score: 0.6757774539427661
Generation:  56%|█████▌    | 14/25 [23:42<30:23, 165.79s/it]Generation:  15
Best f1_score score: 0.6757774539427661
Generation:  60%|██████    | 15/25 [24:09<20:40, 124.00s/it]Generation:  16
Best f1_score score: 0.6757774539427661
Generation:  64%|██████▍   | 16/25 [25:58<17:55, 119.52s/it]Generation:  17
Best f1_score score: 0.6992708966206648
Generation:  68%|██████▊   | 17/25 [27:41<15:15, 114.41s/it]Generation:  18
Best f1_score score: 0.7127751759902257
Generation:  72%|███████▏  | 18/25 [28:09<10:19, 88.44s/it] Generation:  19
Best f1_score score: 0.7127751759902257
Generation:  76%|███████▌  | 19/25 [29:53<09:18, 93.05s/it]Generation:  20
Best f1_score score: 0.7197602724980079
Generation:  80%|████████  | 20/25 [33:40<11:07, 133.44s/it]Generation:  21
Best f1_score score: 0.7197602724980079
Generation:  84%|████████▍ | 21/25 [35:01<07:50, 117.62s/it]Generation:  22
Best f1_score score: 0.7197602724980079
Generation:  88%|████████▊ | 22/25 [35:48<04:49, 96.40s/it] Generation:  23
Best f1_score score: 0.7197602724980079
Generation:  92%|█████████▏| 23/25 [35:59<02:21, 70.77s/it]Generation:  24
Best f1_score score: 0.7197602724980079
Generation:  96%|█████████▌| 24/25 [36:37<01:01, 61.01s/it]Generation:  25
Best f1_score score: 0.7197602724980079
Generation: 100%|██████████| 25/25 [36:49<00:00, 46.19s/it]Generation: 100%|██████████| 25/25 [36:49<00:00, 88.37s/it]
2024-11-15 07:48:20,594 - distributed.scheduler - ERROR - Removing worker 'tcp://127.0.0.1:38511' caused the cluster to lose scattered data, which can't be recovered: {'DataFrame-085dea793d310cae0d0d9f06c65f9948', 'ndarray-26814314f5e56af0d614d2cc0f809fa3'} (stimulus_id='handle-worker-cleanup-1731685700.5945907')
Fitted
Pipeline(steps=[('simpleimputer', SimpleImputer(strategy='constant')),
                ('baggingclassifier',
                 BaggingClassifier(bootstrap=False,
                                   max_features=0.4479324339535,
                                   max_samples=0.7276747551032, n_estimators=95,
                                   n_jobs=1))])
transform worked
try transform
transform worked
score start
train score: {'auroc': 0.9978544939819299, 'accuracy': 0.9603621238071935, 'balanced_accuracy': 0.9568686000630151, 'logloss': 0.6137605244050672, 'f1': 0.9576625022900117}
test score: {'auroc': 0.9090841916184415, 'accuracy': 0.48336594911937375, 'balanced_accuracy': 0.46594284446129974, 'logloss': 1.4180254767672502, 'f1': 0.517947097919288}
original test score: {'auroc': 0.9864761456671113, 'accuracy': 0.8522504892367906, 'balanced_accuracy': 0.8461944893938014, 'logloss': 0.806282103565228, 'f1': 0.8482981980436686}
score end
1459
lvl
0.5
type
MAR
num_run
2
class_simple
finished
all finished
full run takes
1.1609920301702288
hours
DONE
