Run: 41
/cm/local/apps/slurm/var/spool/job1050060/slurm_script: line 27: 
pip install -e tpot2
pip install -r tpot2/ImputerExperiments/requirements_.txt
: No such file or directory
RunStart
Version 0.1.7a0 of tpot2 is outdated. Version 0.1.8a0 was released Tuesday September 17, 2024.
starting loops
../data/c/1459/1459.pkl
working on 
../data/c/1459/class_simple_MAR_0.01_2
1.1172316074371338
running experiment 1/3 - Does large hyperparameter space improve reconstruction accuracy over simple
[I 2024-11-15 05:36:52,069] A new study created in memory with name: no-name-a127a705-204c-44f8-9d77-9141458f0f8c
running
running
running
running
running
running
running
running
running
running
running
running
running
running
running
running
[I 2024-11-15 05:36:52,344] Trial 4 finished with value: 0.32065614959285077 and parameters: {'model_name': 'SimpleImputer', 'strategy': 'constant'}. Best is trial 4 with value: 0.32065614959285077.
running
[I 2024-11-15 05:36:52,541] Trial 10 finished with value: 0.32065614959285077 and parameters: {'model_name': 'SimpleImputer', 'strategy': 'constant'}. Best is trial 4 with value: 0.32065614959285077.
[I 2024-11-15 05:36:52,657] Trial 2 finished with value: 0.1807412511325936 and parameters: {'model_name': 'SimpleImputer', 'strategy': 'mean'}. Best is trial 2 with value: 0.1807412511325936.
running
running
[I 2024-11-15 05:36:52,779] Trial 1 finished with value: 0.1807412511325936 and parameters: {'model_name': 'SimpleImputer', 'strategy': 'mean'}. Best is trial 2 with value: 0.1807412511325936.
running
[I 2024-11-15 05:36:52,932] Trial 7 finished with value: 0.32065614959285077 and parameters: {'model_name': 'SimpleImputer', 'strategy': 'constant'}. Best is trial 2 with value: 0.1807412511325936.
running
[I 2024-11-15 05:36:53,039] Trial 13 finished with value: 0.32065614959285077 and parameters: {'model_name': 'SimpleImputer', 'strategy': 'constant'}. Best is trial 2 with value: 0.1807412511325936.
running
[I 2024-11-15 05:36:53,231] Trial 6 finished with value: 0.19196120443663786 and parameters: {'model_name': 'SimpleImputer', 'strategy': 'median'}. Best is trial 2 with value: 0.1807412511325936.
[I 2024-11-15 05:36:53,329] Trial 5 finished with value: 0.19196120443663786 and parameters: {'model_name': 'SimpleImputer', 'strategy': 'median'}. Best is trial 2 with value: 0.1807412511325936.
running
running
[I 2024-11-15 05:36:53,465] Trial 14 finished with value: 0.1807412511325936 and parameters: {'model_name': 'SimpleImputer', 'strategy': 'mean'}. Best is trial 2 with value: 0.1807412511325936.
[I 2024-11-15 05:36:53,578] Trial 8 finished with value: 0.19196120443663786 and parameters: {'model_name': 'SimpleImputer', 'strategy': 'median'}. Best is trial 2 with value: 0.1807412511325936.
running
running
[I 2024-11-15 05:36:53,709] Trial 9 finished with value: 0.19196120443663786 and parameters: {'model_name': 'SimpleImputer', 'strategy': 'median'}. Best is trial 2 with value: 0.1807412511325936.
running
[I 2024-11-15 05:36:53,844] Trial 12 finished with value: 0.19196120443663786 and parameters: {'model_name': 'SimpleImputer', 'strategy': 'median'}. Best is trial 2 with value: 0.1807412511325936.
[I 2024-11-15 05:36:53,940] Trial 0 finished with value: 0.19196120443663786 and parameters: {'model_name': 'SimpleImputer', 'strategy': 'median'}. Best is trial 2 with value: 0.1807412511325936.
running
[I 2024-11-15 05:36:54,070] Trial 11 finished with value: 0.19196120443663786 and parameters: {'model_name': 'SimpleImputer', 'strategy': 'median'}. Best is trial 2 with value: 0.1807412511325936.
running
[I 2024-11-15 05:36:54,238] Trial 21 finished with value: 0.32065614959285077 and parameters: {'model_name': 'SimpleImputer', 'strategy': 'constant'}. Best is trial 2 with value: 0.1807412511325936.
running
running
[I 2024-11-15 05:36:54,419] Trial 20 finished with value: 0.32065614959285077 and parameters: {'model_name': 'SimpleImputer', 'strategy': 'constant'}. Best is trial 2 with value: 0.1807412511325936.
[I 2024-11-15 05:36:54,577] Trial 3 finished with value: 0.22663869257332042 and parameters: {'model_name': 'SimpleImputer', 'strategy': 'most_frequent'}. Best is trial 2 with value: 0.1807412511325936.
running
running
[I 2024-11-15 05:36:54,782] Trial 17 finished with value: 0.19196120443663786 and parameters: {'model_name': 'SimpleImputer', 'strategy': 'median'}. Best is trial 2 with value: 0.1807412511325936.
running
[I 2024-11-15 05:36:55,000] Trial 22 finished with value: 0.32065614959285077 and parameters: {'model_name': 'SimpleImputer', 'strategy': 'constant'}. Best is trial 2 with value: 0.1807412511325936.
running
[I 2024-11-15 05:36:55,253] Trial 29 finished with value: 0.1807412511325936 and parameters: {'model_name': 'SimpleImputer', 'strategy': 'mean'}. Best is trial 2 with value: 0.1807412511325936.
[I 2024-11-15 05:36:55,356] Trial 28 finished with value: 0.1807412511325936 and parameters: {'model_name': 'SimpleImputer', 'strategy': 'mean'}. Best is trial 2 with value: 0.1807412511325936.
[I 2024-11-15 05:36:55,464] Trial 15 finished with value: 0.22663869257332042 and parameters: {'model_name': 'SimpleImputer', 'strategy': 'most_frequent'}. Best is trial 2 with value: 0.1807412511325936.
running
running
running
[I 2024-11-15 05:36:55,655] Trial 26 finished with value: 0.1807412511325936 and parameters: {'model_name': 'SimpleImputer', 'strategy': 'mean'}. Best is trial 2 with value: 0.1807412511325936.
running
[I 2024-11-15 05:36:55,842] Trial 16 finished with value: 0.19196120443663786 and parameters: {'model_name': 'SimpleImputer', 'strategy': 'median'}. Best is trial 2 with value: 0.1807412511325936.
[I 2024-11-15 05:36:55,971] Trial 19 finished with value: 0.19196120443663786 and parameters: {'model_name': 'SimpleImputer', 'strategy': 'median'}. Best is trial 2 with value: 0.1807412511325936.
[I 2024-11-15 05:36:56,062] Trial 27 finished with value: 0.1807412511325936 and parameters: {'model_name': 'SimpleImputer', 'strategy': 'mean'}. Best is trial 2 with value: 0.1807412511325936.
running
[I 2024-11-15 05:36:56,177] Trial 30 finished with value: 0.1807412511325936 and parameters: {'model_name': 'SimpleImputer', 'strategy': 'mean'}. Best is trial 2 with value: 0.1807412511325936.
running
running
running
[I 2024-11-15 05:36:56,397] Trial 32 finished with value: 0.1807412511325936 and parameters: {'model_name': 'SimpleImputer', 'strategy': 'mean'}. Best is trial 2 with value: 0.1807412511325936.
running
[I 2024-11-15 05:36:56,532] Trial 23 finished with value: 0.19196120443663786 and parameters: {'model_name': 'SimpleImputer', 'strategy': 'median'}. Best is trial 2 with value: 0.1807412511325936.
running
[I 2024-11-15 05:36:56,821] Trial 33 finished with value: 0.1807412511325936 and parameters: {'model_name': 'SimpleImputer', 'strategy': 'mean'}. Best is trial 2 with value: 0.1807412511325936.
[I 2024-11-15 05:36:56,961] Trial 25 finished with value: 0.22663869257332042 and parameters: {'model_name': 'SimpleImputer', 'strategy': 'most_frequent'}. Best is trial 2 with value: 0.1807412511325936.
[I 2024-11-15 05:36:57,086] Trial 35 finished with value: 0.1807412511325936 and parameters: {'model_name': 'SimpleImputer', 'strategy': 'mean'}. Best is trial 2 with value: 0.1807412511325936.
running
running
running
[I 2024-11-15 05:36:57,253] Trial 31 finished with value: 0.1807412511325936 and parameters: {'model_name': 'SimpleImputer', 'strategy': 'mean'}. Best is trial 2 with value: 0.1807412511325936.
running
[I 2024-11-15 05:36:57,439] Trial 34 finished with value: 0.1807412511325936 and parameters: {'model_name': 'SimpleImputer', 'strategy': 'mean'}. Best is trial 2 with value: 0.1807412511325936.
[I 2024-11-15 05:36:57,565] Trial 18 finished with value: 0.22663869257332042 and parameters: {'model_name': 'SimpleImputer', 'strategy': 'most_frequent'}. Best is trial 2 with value: 0.1807412511325936.
running
[I 2024-11-15 05:36:57,723] Trial 36 finished with value: 0.1807412511325936 and parameters: {'model_name': 'SimpleImputer', 'strategy': 'mean'}. Best is trial 2 with value: 0.1807412511325936.
running
[I 2024-11-15 05:36:57,856] Trial 40 finished with value: 0.1807412511325936 and parameters: {'model_name': 'SimpleImputer', 'strategy': 'mean'}. Best is trial 2 with value: 0.1807412511325936.
running
[I 2024-11-15 05:36:57,993] Trial 24 finished with value: 0.22663869257332042 and parameters: {'model_name': 'SimpleImputer', 'strategy': 'most_frequent'}. Best is trial 2 with value: 0.1807412511325936.
running
[I 2024-11-15 05:36:58,134] Trial 39 finished with value: 0.1807412511325936 and parameters: {'model_name': 'SimpleImputer', 'strategy': 'mean'}. Best is trial 2 with value: 0.1807412511325936.
running
[I 2024-11-15 05:36:58,269] Trial 37 finished with value: 0.1807412511325936 and parameters: {'model_name': 'SimpleImputer', 'strategy': 'mean'}. Best is trial 2 with value: 0.1807412511325936.
running
running
[I 2024-11-15 05:36:58,498] Trial 42 finished with value: 0.1807412511325936 and parameters: {'model_name': 'SimpleImputer', 'strategy': 'mean'}. Best is trial 2 with value: 0.1807412511325936.
[I 2024-11-15 05:36:58,631] Trial 38 finished with value: 0.1807412511325936 and parameters: {'model_name': 'SimpleImputer', 'strategy': 'mean'}. Best is trial 2 with value: 0.1807412511325936.
running
running
[I 2024-11-15 05:36:58,811] Trial 43 finished with value: 0.1807412511325936 and parameters: {'model_name': 'SimpleImputer', 'strategy': 'mean'}. Best is trial 2 with value: 0.1807412511325936.
running
[I 2024-11-15 05:36:58,970] Trial 44 finished with value: 0.1807412511325936 and parameters: {'model_name': 'SimpleImputer', 'strategy': 'mean'}. Best is trial 2 with value: 0.1807412511325936.
running
[I 2024-11-15 05:36:59,156] Trial 47 finished with value: 0.1807412511325936 and parameters: {'model_name': 'SimpleImputer', 'strategy': 'mean'}. Best is trial 2 with value: 0.1807412511325936.
[I 2024-11-15 05:36:59,287] Trial 41 finished with value: 0.1807412511325936 and parameters: {'model_name': 'SimpleImputer', 'strategy': 'mean'}. Best is trial 2 with value: 0.1807412511325936.
running
running
[I 2024-11-15 05:36:59,449] Trial 53 finished with value: 0.1807412511325936 and parameters: {'model_name': 'SimpleImputer', 'strategy': 'mean'}. Best is trial 2 with value: 0.1807412511325936.
[I 2024-11-15 05:36:59,586] Trial 46 finished with value: 0.1807412511325936 and parameters: {'model_name': 'SimpleImputer', 'strategy': 'mean'}. Best is trial 2 with value: 0.1807412511325936.
[I 2024-11-15 05:36:59,735] Trial 45 finished with value: 0.1807412511325936 and parameters: {'model_name': 'SimpleImputer', 'strategy': 'mean'}. Best is trial 2 with value: 0.1807412511325936.
running
running
[I 2024-11-15 05:36:59,893] Trial 50 finished with value: 0.1807412511325936 and parameters: {'model_name': 'SimpleImputer', 'strategy': 'mean'}. Best is trial 2 with value: 0.1807412511325936.
running
[I 2024-11-15 05:37:00,041] Trial 48 finished with value: 0.1807412511325936 and parameters: {'model_name': 'SimpleImputer', 'strategy': 'mean'}. Best is trial 2 with value: 0.1807412511325936.
[I 2024-11-15 05:37:00,167] Trial 51 finished with value: 0.1807412511325936 and parameters: {'model_name': 'SimpleImputer', 'strategy': 'mean'}. Best is trial 2 with value: 0.1807412511325936.
running
running
[I 2024-11-15 05:37:00,328] Trial 55 finished with value: 0.1807412511325936 and parameters: {'model_name': 'SimpleImputer', 'strategy': 'mean'}. Best is trial 2 with value: 0.1807412511325936.
running
running
[I 2024-11-15 05:37:00,512] Trial 56 finished with value: 0.1807412511325936 and parameters: {'model_name': 'SimpleImputer', 'strategy': 'mean'}. Best is trial 2 with value: 0.1807412511325936.
running
[I 2024-11-15 05:37:00,691] Trial 57 finished with value: 0.1807412511325936 and parameters: {'model_name': 'SimpleImputer', 'strategy': 'mean'}. Best is trial 2 with value: 0.1807412511325936.
[I 2024-11-15 05:37:00,830] Trial 59 finished with value: 0.1807412511325936 and parameters: {'model_name': 'SimpleImputer', 'strategy': 'mean'}. Best is trial 2 with value: 0.1807412511325936.
[I 2024-11-15 05:37:00,961] Trial 49 finished with value: 0.1807412511325936 and parameters: {'model_name': 'SimpleImputer', 'strategy': 'mean'}. Best is trial 2 with value: 0.1807412511325936.
running
[I 2024-11-15 05:37:01,100] Trial 52 finished with value: 0.1807412511325936 and parameters: {'model_name': 'SimpleImputer', 'strategy': 'mean'}. Best is trial 2 with value: 0.1807412511325936.
running
running
[I 2024-11-15 05:37:01,263] Trial 60 finished with value: 0.1807412511325936 and parameters: {'model_name': 'SimpleImputer', 'strategy': 'mean'}. Best is trial 2 with value: 0.1807412511325936.
running
[I 2024-11-15 05:37:01,431] Trial 62 finished with value: 0.1807412511325936 and parameters: {'model_name': 'SimpleImputer', 'strategy': 'mean'}. Best is trial 2 with value: 0.1807412511325936.
running
running
[I 2024-11-15 05:37:01,571] Trial 58 finished with value: 0.1807412511325936 and parameters: {'model_name': 'SimpleImputer', 'strategy': 'mean'}. Best is trial 2 with value: 0.1807412511325936.
running
[I 2024-11-15 05:37:01,730] Trial 54 finished with value: 0.1807412511325936 and parameters: {'model_name': 'SimpleImputer', 'strategy': 'mean'}. Best is trial 2 with value: 0.1807412511325936.
running
[I 2024-11-15 05:37:01,953] Trial 61 finished with value: 0.1807412511325936 and parameters: {'model_name': 'SimpleImputer', 'strategy': 'mean'}. Best is trial 2 with value: 0.1807412511325936.
running
[I 2024-11-15 05:37:02,126] Trial 68 finished with value: 0.1807412511325936 and parameters: {'model_name': 'SimpleImputer', 'strategy': 'mean'}. Best is trial 2 with value: 0.1807412511325936.
running
[I 2024-11-15 05:37:02,259] Trial 63 finished with value: 0.1807412511325936 and parameters: {'model_name': 'SimpleImputer', 'strategy': 'mean'}. Best is trial 2 with value: 0.1807412511325936.
running
[I 2024-11-15 05:37:02,488] Trial 66 finished with value: 0.1807412511325936 and parameters: {'model_name': 'SimpleImputer', 'strategy': 'mean'}. Best is trial 2 with value: 0.1807412511325936.
running
[I 2024-11-15 05:37:02,719] Trial 67 finished with value: 0.1807412511325936 and parameters: {'model_name': 'SimpleImputer', 'strategy': 'mean'}. Best is trial 2 with value: 0.1807412511325936.
running
[I 2024-11-15 05:37:02,953] Trial 80 finished with value: 0.32065614959285077 and parameters: {'model_name': 'SimpleImputer', 'strategy': 'constant'}. Best is trial 2 with value: 0.1807412511325936.
running
[I 2024-11-15 05:37:03,116] Trial 65 finished with value: 0.1807412511325936 and parameters: {'model_name': 'SimpleImputer', 'strategy': 'mean'}. Best is trial 2 with value: 0.1807412511325936.
running
[I 2024-11-15 05:37:03,488] Trial 64 finished with value: 0.22663869257332042 and parameters: {'model_name': 'SimpleImputer', 'strategy': 'most_frequent'}. Best is trial 2 with value: 0.1807412511325936.
[I 2024-11-15 05:37:03,652] Trial 82 finished with value: 0.32065614959285077 and parameters: {'model_name': 'SimpleImputer', 'strategy': 'constant'}. Best is trial 2 with value: 0.1807412511325936.
running
running
[I 2024-11-15 05:37:03,975] Trial 73 finished with value: 0.22663869257332042 and parameters: {'model_name': 'SimpleImputer', 'strategy': 'most_frequent'}. Best is trial 2 with value: 0.1807412511325936.
[I 2024-11-15 05:37:04,130] Trial 71 finished with value: 0.22663869257332042 and parameters: {'model_name': 'SimpleImputer', 'strategy': 'most_frequent'}. Best is trial 2 with value: 0.1807412511325936.
running
running
[I 2024-11-15 05:37:04,369] Trial 74 finished with value: 0.22663869257332042 and parameters: {'model_name': 'SimpleImputer', 'strategy': 'most_frequent'}. Best is trial 2 with value: 0.1807412511325936.
[I 2024-11-15 05:37:04,532] Trial 69 finished with value: 0.22663869257332042 and parameters: {'model_name': 'SimpleImputer', 'strategy': 'most_frequent'}. Best is trial 2 with value: 0.1807412511325936.
running
[I 2024-11-15 05:37:04,682] Trial 79 finished with value: 0.22663869257332042 and parameters: {'model_name': 'SimpleImputer', 'strategy': 'most_frequent'}. Best is trial 2 with value: 0.1807412511325936.
running
running
[I 2024-11-15 05:37:04,926] Trial 72 finished with value: 0.22663869257332042 and parameters: {'model_name': 'SimpleImputer', 'strategy': 'most_frequent'}. Best is trial 2 with value: 0.1807412511325936.
[I 2024-11-15 05:37:05,077] Trial 76 finished with value: 0.22663869257332042 and parameters: {'model_name': 'SimpleImputer', 'strategy': 'most_frequent'}. Best is trial 2 with value: 0.1807412511325936.
running
running
[I 2024-11-15 05:37:05,205] Trial 77 finished with value: 0.22663869257332042 and parameters: {'model_name': 'SimpleImputer', 'strategy': 'most_frequent'}. Best is trial 2 with value: 0.1807412511325936.
[I 2024-11-15 05:37:05,372] Trial 78 finished with value: 0.22663869257332042 and parameters: {'model_name': 'SimpleImputer', 'strategy': 'most_frequent'}. Best is trial 2 with value: 0.1807412511325936.
running
running
[I 2024-11-15 05:37:05,529] Trial 75 finished with value: 0.22663869257332042 and parameters: {'model_name': 'SimpleImputer', 'strategy': 'most_frequent'}. Best is trial 2 with value: 0.1807412511325936.
running
[I 2024-11-15 05:37:05,764] Trial 70 finished with value: 0.22663869257332042 and parameters: {'model_name': 'SimpleImputer', 'strategy': 'most_frequent'}. Best is trial 2 with value: 0.1807412511325936.
[I 2024-11-15 05:37:05,898] Trial 81 finished with value: 0.22663869257332042 and parameters: {'model_name': 'SimpleImputer', 'strategy': 'most_frequent'}. Best is trial 2 with value: 0.1807412511325936.
running
running
[I 2024-11-15 05:37:06,085] Trial 85 finished with value: 0.19196120443663786 and parameters: {'model_name': 'SimpleImputer', 'strategy': 'median'}. Best is trial 2 with value: 0.1807412511325936.
running
[I 2024-11-15 05:37:06,316] Trial 86 finished with value: 0.19196120443663786 and parameters: {'model_name': 'SimpleImputer', 'strategy': 'median'}. Best is trial 2 with value: 0.1807412511325936.
running
[I 2024-11-15 05:37:06,486] Trial 89 finished with value: 0.19196120443663786 and parameters: {'model_name': 'SimpleImputer', 'strategy': 'median'}. Best is trial 2 with value: 0.1807412511325936.
running
[I 2024-11-15 05:37:06,751] Trial 87 finished with value: 0.19196120443663786 and parameters: {'model_name': 'SimpleImputer', 'strategy': 'median'}. Best is trial 2 with value: 0.1807412511325936.
running
[I 2024-11-15 05:37:06,986] Trial 88 finished with value: 0.19196120443663786 and parameters: {'model_name': 'SimpleImputer', 'strategy': 'median'}. Best is trial 2 with value: 0.1807412511325936.
running
[I 2024-11-15 05:37:07,164] Trial 84 finished with value: 0.22663869257332042 and parameters: {'model_name': 'SimpleImputer', 'strategy': 'most_frequent'}. Best is trial 2 with value: 0.1807412511325936.
[I 2024-11-15 05:37:07,279] Trial 99 finished with value: 0.1807412511325936 and parameters: {'model_name': 'SimpleImputer', 'strategy': 'mean'}. Best is trial 2 with value: 0.1807412511325936.
running
[I 2024-11-15 05:37:07,440] Trial 90 finished with value: 0.19196120443663786 and parameters: {'model_name': 'SimpleImputer', 'strategy': 'median'}. Best is trial 2 with value: 0.1807412511325936.
[I 2024-11-15 05:37:07,549] Trial 92 finished with value: 0.19196120443663786 and parameters: {'model_name': 'SimpleImputer', 'strategy': 'median'}. Best is trial 2 with value: 0.1807412511325936.
[I 2024-11-15 05:37:07,693] Trial 83 finished with value: 0.22663869257332042 and parameters: {'model_name': 'SimpleImputer', 'strategy': 'most_frequent'}. Best is trial 2 with value: 0.1807412511325936.
running
running
running
running
[I 2024-11-15 05:37:07,881] Trial 91 finished with value: 0.19196120443663786 and parameters: {'model_name': 'SimpleImputer', 'strategy': 'median'}. Best is trial 2 with value: 0.1807412511325936.
[I 2024-11-15 05:37:08,022] Trial 93 finished with value: 0.19196120443663786 and parameters: {'model_name': 'SimpleImputer', 'strategy': 'median'}. Best is trial 2 with value: 0.1807412511325936.
running
[I 2024-11-15 05:37:08,146] Trial 95 finished with value: 0.19196120443663786 and parameters: {'model_name': 'SimpleImputer', 'strategy': 'median'}. Best is trial 2 with value: 0.1807412511325936.
running
running
[I 2024-11-15 05:37:08,370] Trial 101 finished with value: 0.1807412511325936 and parameters: {'model_name': 'SimpleImputer', 'strategy': 'mean'}. Best is trial 2 with value: 0.1807412511325936.
running
[I 2024-11-15 05:37:08,545] Trial 96 finished with value: 0.19196120443663786 and parameters: {'model_name': 'SimpleImputer', 'strategy': 'median'}. Best is trial 2 with value: 0.1807412511325936.
running
[I 2024-11-15 05:37:08,702] Trial 100 finished with value: 0.1807412511325936 and parameters: {'model_name': 'SimpleImputer', 'strategy': 'mean'}. Best is trial 2 with value: 0.1807412511325936.
[I 2024-11-15 05:37:08,841] Trial 94 finished with value: 0.19196120443663786 and parameters: {'model_name': 'SimpleImputer', 'strategy': 'median'}. Best is trial 2 with value: 0.1807412511325936.
running
[I 2024-11-15 05:37:09,010] Trial 97 finished with value: 0.19196120443663786 and parameters: {'model_name': 'SimpleImputer', 'strategy': 'median'}. Best is trial 2 with value: 0.1807412511325936.
running
running
[I 2024-11-15 05:37:09,231] Trial 102 finished with value: 0.1807412511325936 and parameters: {'model_name': 'SimpleImputer', 'strategy': 'mean'}. Best is trial 2 with value: 0.1807412511325936.
[I 2024-11-15 05:37:09,349] Trial 98 finished with value: 0.19196120443663786 and parameters: {'model_name': 'SimpleImputer', 'strategy': 'median'}. Best is trial 2 with value: 0.1807412511325936.
running
[I 2024-11-15 05:37:09,461] Trial 110 finished with value: 0.1807412511325936 and parameters: {'model_name': 'SimpleImputer', 'strategy': 'mean'}. Best is trial 2 with value: 0.1807412511325936.
running
running
[I 2024-11-15 05:37:09,678] Trial 109 finished with value: 0.1807412511325936 and parameters: {'model_name': 'SimpleImputer', 'strategy': 'mean'}. Best is trial 2 with value: 0.1807412511325936.
[I 2024-11-15 05:37:09,795] Trial 106 finished with value: 0.1807412511325936 and parameters: {'model_name': 'SimpleImputer', 'strategy': 'mean'}. Best is trial 2 with value: 0.1807412511325936.
running
[I 2024-11-15 05:37:09,904] Trial 103 finished with value: 0.1807412511325936 and parameters: {'model_name': 'SimpleImputer', 'strategy': 'mean'}. Best is trial 2 with value: 0.1807412511325936.
running
[I 2024-11-15 05:37:10,028] Trial 112 finished with value: 0.1807412511325936 and parameters: {'model_name': 'SimpleImputer', 'strategy': 'mean'}. Best is trial 2 with value: 0.1807412511325936.
[I 2024-11-15 05:37:10,189] Trial 107 finished with value: 0.1807412511325936 and parameters: {'model_name': 'SimpleImputer', 'strategy': 'mean'}. Best is trial 2 with value: 0.1807412511325936.
running
running
running
[I 2024-11-15 05:37:10,402] Trial 104 finished with value: 0.1807412511325936 and parameters: {'model_name': 'SimpleImputer', 'strategy': 'mean'}. Best is trial 2 with value: 0.1807412511325936.
[I 2024-11-15 05:37:10,514] Trial 111 finished with value: 0.1807412511325936 and parameters: {'model_name': 'SimpleImputer', 'strategy': 'mean'}. Best is trial 2 with value: 0.1807412511325936.
running
[I 2024-11-15 05:37:10,634] Trial 108 finished with value: 0.1807412511325936 and parameters: {'model_name': 'SimpleImputer', 'strategy': 'mean'}. Best is trial 2 with value: 0.1807412511325936.
running
[I 2024-11-15 05:37:10,801] Trial 105 finished with value: 0.1807412511325936 and parameters: {'model_name': 'SimpleImputer', 'strategy': 'mean'}. Best is trial 2 with value: 0.1807412511325936.
running
[I 2024-11-15 05:37:10,977] Trial 115 finished with value: 0.1807412511325936 and parameters: {'model_name': 'SimpleImputer', 'strategy': 'mean'}. Best is trial 2 with value: 0.1807412511325936.
running
running
[I 2024-11-15 05:37:11,211] Trial 116 finished with value: 0.1807412511325936 and parameters: {'model_name': 'SimpleImputer', 'strategy': 'mean'}. Best is trial 2 with value: 0.1807412511325936.
running
[I 2024-11-15 05:37:11,453] Trial 113 finished with value: 0.1807412511325936 and parameters: {'model_name': 'SimpleImputer', 'strategy': 'mean'}. Best is trial 2 with value: 0.1807412511325936.
running
[I 2024-11-15 05:37:11,590] Trial 118 finished with value: 0.1807412511325936 and parameters: {'model_name': 'SimpleImputer', 'strategy': 'mean'}. Best is trial 2 with value: 0.1807412511325936.
running
[I 2024-11-15 05:37:11,776] Trial 119 finished with value: 0.1807412511325936 and parameters: {'model_name': 'SimpleImputer', 'strategy': 'mean'}. Best is trial 2 with value: 0.1807412511325936.
running
[I 2024-11-15 05:37:12,017] Trial 124 finished with value: 0.1807412511325936 and parameters: {'model_name': 'SimpleImputer', 'strategy': 'mean'}. Best is trial 2 with value: 0.1807412511325936.
[I 2024-11-15 05:37:12,173] Trial 121 finished with value: 0.1807412511325936 and parameters: {'model_name': 'SimpleImputer', 'strategy': 'mean'}. Best is trial 2 with value: 0.1807412511325936.
running
[I 2024-11-15 05:37:12,298] Trial 127 finished with value: 0.1807412511325936 and parameters: {'model_name': 'SimpleImputer', 'strategy': 'mean'}. Best is trial 2 with value: 0.1807412511325936.
running
[I 2024-11-15 05:37:12,441] Trial 125 finished with value: 0.1807412511325936 and parameters: {'model_name': 'SimpleImputer', 'strategy': 'mean'}. Best is trial 2 with value: 0.1807412511325936.
[I 2024-11-15 05:37:12,560] Trial 130 finished with value: 0.1807412511325936 and parameters: {'model_name': 'SimpleImputer', 'strategy': 'mean'}. Best is trial 2 with value: 0.1807412511325936.
[I 2024-11-15 05:37:12,691] Trial 120 finished with value: 0.1807412511325936 and parameters: {'model_name': 'SimpleImputer', 'strategy': 'mean'}. Best is trial 2 with value: 0.1807412511325936.
running
running
running
running
[I 2024-11-15 05:37:12,850] Trial 114 finished with value: 0.1807412511325936 and parameters: {'model_name': 'SimpleImputer', 'strategy': 'mean'}. Best is trial 2 with value: 0.1807412511325936.
[I 2024-11-15 05:37:12,997] Trial 117 finished with value: 0.1807412511325936 and parameters: {'model_name': 'SimpleImputer', 'strategy': 'mean'}. Best is trial 2 with value: 0.1807412511325936.
running
running
[I 2024-11-15 05:37:13,169] Trial 129 finished with value: 0.1807412511325936 and parameters: {'model_name': 'SimpleImputer', 'strategy': 'mean'}. Best is trial 2 with value: 0.1807412511325936.
[I 2024-11-15 05:37:13,303] Trial 122 finished with value: 0.1807412511325936 and parameters: {'model_name': 'SimpleImputer', 'strategy': 'mean'}. Best is trial 2 with value: 0.1807412511325936.
running
running
[I 2024-11-15 05:37:13,470] Trial 133 finished with value: 0.1807412511325936 and parameters: {'model_name': 'SimpleImputer', 'strategy': 'mean'}. Best is trial 2 with value: 0.1807412511325936.
[I 2024-11-15 05:37:13,618] Trial 123 finished with value: 0.1807412511325936 and parameters: {'model_name': 'SimpleImputer', 'strategy': 'mean'}. Best is trial 2 with value: 0.1807412511325936.
running
running
[I 2024-11-15 05:37:13,792] Trial 128 finished with value: 0.1807412511325936 and parameters: {'model_name': 'SimpleImputer', 'strategy': 'mean'}. Best is trial 2 with value: 0.1807412511325936.
running
[I 2024-11-15 05:37:13,980] Trial 126 finished with value: 0.1807412511325936 and parameters: {'model_name': 'SimpleImputer', 'strategy': 'mean'}. Best is trial 2 with value: 0.1807412511325936.
[I 2024-11-15 05:37:14,131] Trial 137 finished with value: 0.32065614959285077 and parameters: {'model_name': 'SimpleImputer', 'strategy': 'constant'}. Best is trial 2 with value: 0.1807412511325936.
running
[I 2024-11-15 05:37:14,266] Trial 134 finished with value: 0.1807412511325936 and parameters: {'model_name': 'SimpleImputer', 'strategy': 'mean'}. Best is trial 2 with value: 0.1807412511325936.
[I 2024-11-15 05:37:14,401] Trial 132 finished with value: 0.1807412511325936 and parameters: {'model_name': 'SimpleImputer', 'strategy': 'mean'}. Best is trial 2 with value: 0.1807412511325936.
running
running
running
[I 2024-11-15 05:37:14,578] Trial 140 finished with value: 0.32065614959285077 and parameters: {'model_name': 'SimpleImputer', 'strategy': 'constant'}. Best is trial 2 with value: 0.1807412511325936.
[I 2024-11-15 05:37:14,699] Trial 138 finished with value: 0.32065614959285077 and parameters: {'model_name': 'SimpleImputer', 'strategy': 'constant'}. Best is trial 2 with value: 0.1807412511325936.
running
running
[I 2024-11-15 05:37:14,905] Trial 142 finished with value: 0.32065614959285077 and parameters: {'model_name': 'SimpleImputer', 'strategy': 'constant'}. Best is trial 2 with value: 0.1807412511325936.
[I 2024-11-15 05:37:15,064] Trial 131 finished with value: 0.1807412511325936 and parameters: {'model_name': 'SimpleImputer', 'strategy': 'mean'}. Best is trial 2 with value: 0.1807412511325936.
running
running
[I 2024-11-15 05:37:15,270] Trial 144 finished with value: 0.32065614959285077 and parameters: {'model_name': 'SimpleImputer', 'strategy': 'constant'}. Best is trial 2 with value: 0.1807412511325936.
[I 2024-11-15 05:37:15,425] Trial 139 finished with value: 0.32065614959285077 and parameters: {'model_name': 'SimpleImputer', 'strategy': 'constant'}. Best is trial 2 with value: 0.1807412511325936.
running
[I 2024-11-15 05:37:15,567] Trial 141 finished with value: 0.32065614959285077 and parameters: {'model_name': 'SimpleImputer', 'strategy': 'constant'}. Best is trial 2 with value: 0.1807412511325936.
[I 2024-11-15 05:37:15,725] Trial 143 finished with value: 0.32065614959285077 and parameters: {'model_name': 'SimpleImputer', 'strategy': 'constant'}. Best is trial 2 with value: 0.1807412511325936.
[I 2024-11-15 05:37:15,893] Trial 135 finished with value: 0.1807412511325936 and parameters: {'model_name': 'SimpleImputer', 'strategy': 'mean'}. Best is trial 2 with value: 0.1807412511325936.
running
[I 2024-11-15 05:37:16,045] Trial 136 finished with value: 0.32065614959285077 and parameters: {'model_name': 'SimpleImputer', 'strategy': 'constant'}. Best is trial 2 with value: 0.1807412511325936.
running
running
running
[I 2024-11-15 05:37:16,217] Trial 145 finished with value: 0.32065614959285077 and parameters: {'model_name': 'SimpleImputer', 'strategy': 'constant'}. Best is trial 2 with value: 0.1807412511325936.
running
running
[I 2024-11-15 05:37:16,361] Trial 148 finished with value: 0.1807412511325936 and parameters: {'model_name': 'SimpleImputer', 'strategy': 'mean'}. Best is trial 2 with value: 0.1807412511325936.
running
[I 2024-11-15 05:37:16,533] Trial 146 finished with value: 0.32065614959285077 and parameters: {'model_name': 'SimpleImputer', 'strategy': 'constant'}. Best is trial 2 with value: 0.1807412511325936.
running
[I 2024-11-15 05:37:16,723] Trial 150 finished with value: 0.1807412511325936 and parameters: {'model_name': 'SimpleImputer', 'strategy': 'mean'}. Best is trial 2 with value: 0.1807412511325936.
running
[I 2024-11-15 05:37:16,890] Trial 149 finished with value: 0.1807412511325936 and parameters: {'model_name': 'SimpleImputer', 'strategy': 'mean'}. Best is trial 2 with value: 0.1807412511325936.
running
[I 2024-11-15 05:37:17,078] Trial 153 finished with value: 0.1807412511325936 and parameters: {'model_name': 'SimpleImputer', 'strategy': 'mean'}. Best is trial 2 with value: 0.1807412511325936.
[I 2024-11-15 05:37:17,216] Trial 152 finished with value: 0.1807412511325936 and parameters: {'model_name': 'SimpleImputer', 'strategy': 'mean'}. Best is trial 2 with value: 0.1807412511325936.
running
running
[I 2024-11-15 05:37:17,427] Trial 155 finished with value: 0.1807412511325936 and parameters: {'model_name': 'SimpleImputer', 'strategy': 'mean'}. Best is trial 2 with value: 0.1807412511325936.
running
[I 2024-11-15 05:37:17,562] Trial 154 finished with value: 0.1807412511325936 and parameters: {'model_name': 'SimpleImputer', 'strategy': 'mean'}. Best is trial 2 with value: 0.1807412511325936.
[I 2024-11-15 05:37:17,699] Trial 147 finished with value: 0.1807412511325936 and parameters: {'model_name': 'SimpleImputer', 'strategy': 'mean'}. Best is trial 2 with value: 0.1807412511325936.
running
running
[I 2024-11-15 05:37:17,874] Trial 158 finished with value: 0.1807412511325936 and parameters: {'model_name': 'SimpleImputer', 'strategy': 'mean'}. Best is trial 2 with value: 0.1807412511325936.
running
[I 2024-11-15 05:37:18,044] Trial 157 finished with value: 0.1807412511325936 and parameters: {'model_name': 'SimpleImputer', 'strategy': 'mean'}. Best is trial 2 with value: 0.1807412511325936.
running
[I 2024-11-15 05:37:18,253] Trial 163 finished with value: 0.1807412511325936 and parameters: {'model_name': 'SimpleImputer', 'strategy': 'mean'}. Best is trial 2 with value: 0.1807412511325936.
[I 2024-11-15 05:37:18,369] Trial 159 finished with value: 0.1807412511325936 and parameters: {'model_name': 'SimpleImputer', 'strategy': 'mean'}. Best is trial 2 with value: 0.1807412511325936.
running
[I 2024-11-15 05:37:18,481] Trial 151 finished with value: 0.1807412511325936 and parameters: {'model_name': 'SimpleImputer', 'strategy': 'mean'}. Best is trial 2 with value: 0.1807412511325936.
[I 2024-11-15 05:37:18,589] Trial 164 finished with value: 0.1807412511325936 and parameters: {'model_name': 'SimpleImputer', 'strategy': 'mean'}. Best is trial 2 with value: 0.1807412511325936.
[I 2024-11-15 05:37:18,695] Trial 160 finished with value: 0.1807412511325936 and parameters: {'model_name': 'SimpleImputer', 'strategy': 'mean'}. Best is trial 2 with value: 0.1807412511325936.
running
running
running
running
[I 2024-11-15 05:37:18,908] Trial 156 finished with value: 0.1807412511325936 and parameters: {'model_name': 'SimpleImputer', 'strategy': 'mean'}. Best is trial 2 with value: 0.1807412511325936.
running
[I 2024-11-15 05:37:19,104] Trial 165 finished with value: 0.1807412511325936 and parameters: {'model_name': 'SimpleImputer', 'strategy': 'mean'}. Best is trial 2 with value: 0.1807412511325936.
[I 2024-11-15 05:37:19,238] Trial 161 finished with value: 0.1807412511325936 and parameters: {'model_name': 'SimpleImputer', 'strategy': 'mean'}. Best is trial 2 with value: 0.1807412511325936.
running
running
[I 2024-11-15 05:37:19,383] Trial 162 finished with value: 0.1807412511325936 and parameters: {'model_name': 'SimpleImputer', 'strategy': 'mean'}. Best is trial 2 with value: 0.1807412511325936.
[I 2024-11-15 05:37:19,516] Trial 171 finished with value: 0.1807412511325936 and parameters: {'model_name': 'SimpleImputer', 'strategy': 'mean'}. Best is trial 2 with value: 0.1807412511325936.
running
[I 2024-11-15 05:37:19,664] Trial 169 finished with value: 0.1807412511325936 and parameters: {'model_name': 'SimpleImputer', 'strategy': 'mean'}. Best is trial 2 with value: 0.1807412511325936.
[I 2024-11-15 05:37:19,784] Trial 170 finished with value: 0.1807412511325936 and parameters: {'model_name': 'SimpleImputer', 'strategy': 'mean'}. Best is trial 2 with value: 0.1807412511325936.
[I 2024-11-15 05:37:19,917] Trial 167 finished with value: 0.1807412511325936 and parameters: {'model_name': 'SimpleImputer', 'strategy': 'mean'}. Best is trial 2 with value: 0.1807412511325936.
running
running
running
running
[I 2024-11-15 05:37:20,110] Trial 168 finished with value: 0.1807412511325936 and parameters: {'model_name': 'SimpleImputer', 'strategy': 'mean'}. Best is trial 2 with value: 0.1807412511325936.
[I 2024-11-15 05:37:20,248] Trial 176 finished with value: 0.1807412511325936 and parameters: {'model_name': 'SimpleImputer', 'strategy': 'mean'}. Best is trial 2 with value: 0.1807412511325936.
running
running
[I 2024-11-15 05:37:20,431] Trial 166 finished with value: 0.1807412511325936 and parameters: {'model_name': 'SimpleImputer', 'strategy': 'mean'}. Best is trial 2 with value: 0.1807412511325936.
[I 2024-11-15 05:37:20,623] Trial 173 finished with value: 0.1807412511325936 and parameters: {'model_name': 'SimpleImputer', 'strategy': 'mean'}. Best is trial 2 with value: 0.1807412511325936.
running
running
[I 2024-11-15 05:37:20,787] Trial 175 finished with value: 0.1807412511325936 and parameters: {'model_name': 'SimpleImputer', 'strategy': 'mean'}. Best is trial 2 with value: 0.1807412511325936.
[I 2024-11-15 05:37:20,926] Trial 172 finished with value: 0.1807412511325936 and parameters: {'model_name': 'SimpleImputer', 'strategy': 'mean'}. Best is trial 2 with value: 0.1807412511325936.
[I 2024-11-15 05:37:21,065] Trial 177 finished with value: 0.1807412511325936 and parameters: {'model_name': 'SimpleImputer', 'strategy': 'mean'}. Best is trial 2 with value: 0.1807412511325936.
running
running
[I 2024-11-15 05:37:21,267] Trial 174 finished with value: 0.1807412511325936 and parameters: {'model_name': 'SimpleImputer', 'strategy': 'mean'}. Best is trial 2 with value: 0.1807412511325936.
running
running
[I 2024-11-15 05:37:21,574] Trial 180 finished with value: 0.1807412511325936 and parameters: {'model_name': 'SimpleImputer', 'strategy': 'mean'}. Best is trial 2 with value: 0.1807412511325936.
[I 2024-11-15 05:37:21,719] Trial 178 finished with value: 0.1807412511325936 and parameters: {'model_name': 'SimpleImputer', 'strategy': 'mean'}. Best is trial 2 with value: 0.1807412511325936.
running
running
[I 2024-11-15 05:37:21,903] Trial 179 finished with value: 0.1807412511325936 and parameters: {'model_name': 'SimpleImputer', 'strategy': 'mean'}. Best is trial 2 with value: 0.1807412511325936.
[I 2024-11-15 05:37:22,033] Trial 185 finished with value: 0.1807412511325936 and parameters: {'model_name': 'SimpleImputer', 'strategy': 'mean'}. Best is trial 2 with value: 0.1807412511325936.
[I 2024-11-15 05:37:22,161] Trial 183 finished with value: 0.1807412511325936 and parameters: {'model_name': 'SimpleImputer', 'strategy': 'mean'}. Best is trial 2 with value: 0.1807412511325936.
running
running
running
[I 2024-11-15 05:37:22,349] Trial 181 finished with value: 0.1807412511325936 and parameters: {'model_name': 'SimpleImputer', 'strategy': 'mean'}. Best is trial 2 with value: 0.1807412511325936.
[I 2024-11-15 05:37:22,474] Trial 182 finished with value: 0.1807412511325936 and parameters: {'model_name': 'SimpleImputer', 'strategy': 'mean'}. Best is trial 2 with value: 0.1807412511325936.
running
[I 2024-11-15 05:37:22,676] Trial 189 finished with value: 0.1807412511325936 and parameters: {'model_name': 'SimpleImputer', 'strategy': 'mean'}. Best is trial 2 with value: 0.1807412511325936.
[I 2024-11-15 05:37:22,846] Trial 184 finished with value: 0.1807412511325936 and parameters: {'model_name': 'SimpleImputer', 'strategy': 'mean'}. Best is trial 2 with value: 0.1807412511325936.
[I 2024-11-15 05:37:22,990] Trial 192 finished with value: 0.1807412511325936 and parameters: {'model_name': 'SimpleImputer', 'strategy': 'mean'}. Best is trial 2 with value: 0.1807412511325936.
[I 2024-11-15 05:37:23,122] Trial 188 finished with value: 0.1807412511325936 and parameters: {'model_name': 'SimpleImputer', 'strategy': 'mean'}. Best is trial 2 with value: 0.1807412511325936.
[I 2024-11-15 05:37:23,269] Trial 186 finished with value: 0.1807412511325936 and parameters: {'model_name': 'SimpleImputer', 'strategy': 'mean'}. Best is trial 2 with value: 0.1807412511325936.
[I 2024-11-15 05:37:23,433] Trial 193 finished with value: 0.1807412511325936 and parameters: {'model_name': 'SimpleImputer', 'strategy': 'mean'}. Best is trial 2 with value: 0.1807412511325936.
[I 2024-11-15 05:37:23,567] Trial 187 finished with value: 0.1807412511325936 and parameters: {'model_name': 'SimpleImputer', 'strategy': 'mean'}. Best is trial 2 with value: 0.1807412511325936.
[I 2024-11-15 05:37:23,744] Trial 199 finished with value: 0.1807412511325936 and parameters: {'model_name': 'SimpleImputer', 'strategy': 'mean'}. Best is trial 2 with value: 0.1807412511325936.
[I 2024-11-15 05:37:23,934] Trial 191 finished with value: 0.1807412511325936 and parameters: {'model_name': 'SimpleImputer', 'strategy': 'mean'}. Best is trial 2 with value: 0.1807412511325936.
[I 2024-11-15 05:37:24,086] Trial 190 finished with value: 0.1807412511325936 and parameters: {'model_name': 'SimpleImputer', 'strategy': 'mean'}. Best is trial 2 with value: 0.1807412511325936.
[I 2024-11-15 05:37:24,236] Trial 198 finished with value: 0.1807412511325936 and parameters: {'model_name': 'SimpleImputer', 'strategy': 'mean'}. Best is trial 2 with value: 0.1807412511325936.
[I 2024-11-15 05:37:24,353] Trial 195 finished with value: 0.1807412511325936 and parameters: {'model_name': 'SimpleImputer', 'strategy': 'mean'}. Best is trial 2 with value: 0.1807412511325936.
[I 2024-11-15 05:37:24,465] Trial 197 finished with value: 0.1807412511325936 and parameters: {'model_name': 'SimpleImputer', 'strategy': 'mean'}. Best is trial 2 with value: 0.1807412511325936.
[I 2024-11-15 05:37:24,574] Trial 194 finished with value: 0.1807412511325936 and parameters: {'model_name': 'SimpleImputer', 'strategy': 'mean'}. Best is trial 2 with value: 0.1807412511325936.
[I 2024-11-15 05:37:24,675] Trial 196 finished with value: 0.1807412511325936 and parameters: {'model_name': 'SimpleImputer', 'strategy': 'mean'}. Best is trial 2 with value: 0.1807412511325936.
fit
simple fit
simple transform
0    0
1    0
2    0
3    0
4    0
5    0
6    0
dtype: int64
0    0
1    0
2    0
3    0
4    0
5    0
6    0
dtype: int64
0.1807412511325936
{'model_name': 'SimpleImputer', 'strategy': 'mean'}
running experiment 2/3 - Does reconstruction give good automl predictions
Start est fit
Version 0.1.7a0 of tpot2 is outdated. Version 0.1.8a0 was released Tuesday September 17, 2024.
Version 0.1.7a0 of tpot2 is outdated. Version 0.1.8a0 was released Tuesday September 17, 2024.
Version 0.1.7a0 of tpot2 is outdated. Version 0.1.8a0 was released Tuesday September 17, 2024.
Version 0.1.7a0 of tpot2 is outdated. Version 0.1.8a0 was released Tuesday September 17, 2024.
Version 0.1.7a0 of tpot2 is outdated. Version 0.1.8a0 was released Tuesday September 17, 2024.
Version 0.1.7a0 of tpot2 is outdated. Version 0.1.8a0 was released Tuesday September 17, 2024.
Version 0.1.7a0 of tpot2 is outdated. Version 0.1.8a0 was released Tuesday September 17, 2024.
Version 0.1.7a0 of tpot2 is outdated. Version 0.1.8a0 was released Tuesday September 17, 2024.
Version 0.1.7a0 of tpot2 is outdated. Version 0.1.8a0 was released Tuesday September 17, 2024.
Version 0.1.7a0 of tpot2 is outdated. Version 0.1.8a0 was released Tuesday September 17, 2024.
Version 0.1.7a0 of tpot2 is outdated. Version 0.1.8a0 was released Tuesday September 17, 2024.
Version 0.1.7a0 of tpot2 is outdated. Version 0.1.8a0 was released Tuesday September 17, 2024.
Version 0.1.7a0 of tpot2 is outdated. Version 0.1.8a0 was released Tuesday September 17, 2024.
Version 0.1.7a0 of tpot2 is outdated. Version 0.1.8a0 was released Tuesday September 17, 2024.
Version 0.1.7a0 of tpot2 is outdated. Version 0.1.8a0 was released Tuesday September 17, 2024.
Version 0.1.7a0 of tpot2 is outdated. Version 0.1.8a0 was released Tuesday September 17, 2024.
  0%|          | 0/25 [00:00<?, ?it/s]Generation:   0%|          | 0/25 [00:00<?, ?it/s]Generation:  1
Best f1_score score: 0.8290821196721854
Generation:   4%|▍         | 1/25 [00:45<18:22, 45.95s/it]Generation:  2
Best f1_score score: 0.8414574201569657
Generation:   8%|▊         | 2/25 [04:25<56:38, 147.78s/it]WARNING THIS INDIVIDUAL CAUSED AND EXCEPTION 
 <tpot2.search_spaces.pipelines.sequential.SequentialPipelineIndividual object at 0x155474d74f10> 
 The 'min_samples_split' parameter of DecisionTreeClassifier must be an int in the range [2, inf) or a float in the range (0.0, 1.0]. Got 1 instead. 
 Traceback (most recent call last):
  File "/common/ketrong/tpotexp/tpot2/tpot2/utils/eval_utils.py", line 53, in objective_nan_wrapper
    value = func_timeout.func_timeout(timeout, objective_function, args=[individual], kwargs=objective_kwargs)
  File "/common/ketrong/tpotexp/env/lib/python3.10/site-packages/func_timeout/dafunc.py", line 108, in func_timeout
    raise_exception(exception)
  File "/common/ketrong/tpotexp/env/lib/python3.10/site-packages/func_timeout/py3_raise.py", line 7, in raise_exception
    raise exception[0] from None
  File "/common/ketrong/tpotexp/tpot2/tpot2/tpot_estimator/estimator.py", line 623, in objective_function
    return objective_function_generator(
  File "/common/ketrong/tpotexp/tpot2/tpot2/tpot_estimator/estimator_utils.py", line 55, in objective_function_generator
    cv_obj_scores = cross_val_score_objective(sklearn.base.clone(pipeline),x,y,scorers=scorers, cv=cv , fold=step)
  File "/common/ketrong/tpotexp/tpot2/tpot2/tpot_estimator/cross_val_utils.py", line 28, in cross_val_score_objective
    this_fold_pipeline.fit(X_train,y_train)
  File "/common/ketrong/tpotexp/env/lib/python3.10/site-packages/sklearn/base.py", line 1473, in wrapper
    return fit_method(estimator, *args, **kwargs)
  File "/common/ketrong/tpotexp/env/lib/python3.10/site-packages/sklearn/pipeline.py", line 473, in fit
    self._final_estimator.fit(Xt, y, **last_step_params["fit"])
  File "/common/ketrong/tpotexp/env/lib/python3.10/site-packages/sklearn/base.py", line 1466, in wrapper
    estimator._validate_params()
  File "/common/ketrong/tpotexp/env/lib/python3.10/site-packages/sklearn/base.py", line 666, in _validate_params
    validate_parameter_constraints(
  File "/common/ketrong/tpotexp/env/lib/python3.10/site-packages/sklearn/utils/_param_validation.py", line 95, in validate_parameter_constraints
    raise InvalidParameterError(
sklearn.utils._param_validation.InvalidParameterError: The 'min_samples_split' parameter of DecisionTreeClassifier must be an int in the range [2, inf) or a float in the range (0.0, 1.0]. Got 1 instead.

Generation:  3
Best f1_score score: 0.8414574201569657
Generation:  12%|█▏        | 3/25 [05:53<44:11, 120.52s/it]Generation:  4
Best f1_score score: 0.8488392879219843
Generation:  16%|█▌        | 4/25 [09:08<52:30, 150.01s/it]Generation:  5
Best f1_score score: 0.85680922728962
Generation:  20%|██        | 5/25 [09:21<33:32, 100.63s/it]Generation:  6
Best f1_score score: 0.85680922728962
Generation:  24%|██▍       | 6/25 [09:38<22:52, 72.25s/it] Generation:  7
Best f1_score score: 0.8681401984563216
Generation:  28%|██▊       | 7/25 [10:12<17:53, 59.64s/it]Generation:  8
Best f1_score score: 0.8681401984563216
Generation:  32%|███▏      | 8/25 [10:32<13:23, 47.24s/it]Generation:  9
Best f1_score score: 0.8681401984563216
Generation:  36%|███▌      | 9/25 [11:22<12:46, 47.91s/it]Generation:  10
Best f1_score score: 0.8681401984563216
Generation:  40%|████      | 10/25 [11:46<10:10, 40.70s/it]Generation:  11
Best f1_score score: 0.8681401984563216
Generation:  44%|████▍     | 11/25 [13:20<13:18, 57.01s/it]Generation:  12
Best f1_score score: 0.8738981778950203
Generation:  48%|████▊     | 12/25 [14:54<14:44, 68.05s/it]Generation:  13
Best f1_score score: 0.8738981778950203
Generation:  52%|█████▏    | 13/25 [15:27<11:30, 57.54s/it]Generation:  14
Best f1_score score: 0.8738981778950203
Generation:  56%|█████▌    | 14/25 [16:26<10:37, 57.99s/it]Generation:  15
Best f1_score score: 0.8738981778950203
Generation:  60%|██████    | 15/25 [17:09<08:53, 53.34s/it]Generation:  16
Best f1_score score: 0.8790264376301696
Generation:  64%|██████▍   | 16/25 [21:09<16:27, 109.77s/it]Generation:  17
Best f1_score score: 0.8790264376301696
Generation:  68%|██████▊   | 17/25 [24:13<17:35, 131.89s/it]WARNING THIS INDIVIDUAL CAUSED AND EXCEPTION 
 <tpot2.search_spaces.pipelines.sequential.SequentialPipelineIndividual object at 0x155474d38070> 
 Out of bag estimation only available if bootstrap=True 
 Traceback (most recent call last):
  File "/common/ketrong/tpotexp/tpot2/tpot2/utils/eval_utils.py", line 53, in objective_nan_wrapper
    value = func_timeout.func_timeout(timeout, objective_function, args=[individual], kwargs=objective_kwargs)
  File "/common/ketrong/tpotexp/env/lib/python3.10/site-packages/func_timeout/dafunc.py", line 108, in func_timeout
    raise_exception(exception)
  File "/common/ketrong/tpotexp/env/lib/python3.10/site-packages/func_timeout/py3_raise.py", line 7, in raise_exception
    raise exception[0] from None
  File "/common/ketrong/tpotexp/tpot2/tpot2/tpot_estimator/estimator.py", line 623, in objective_function
    return objective_function_generator(
  File "/common/ketrong/tpotexp/tpot2/tpot2/tpot_estimator/estimator_utils.py", line 55, in objective_function_generator
    cv_obj_scores = cross_val_score_objective(sklearn.base.clone(pipeline),x,y,scorers=scorers, cv=cv , fold=step)
  File "/common/ketrong/tpotexp/tpot2/tpot2/tpot_estimator/cross_val_utils.py", line 28, in cross_val_score_objective
    this_fold_pipeline.fit(X_train,y_train)
  File "/common/ketrong/tpotexp/env/lib/python3.10/site-packages/sklearn/base.py", line 1473, in wrapper
    return fit_method(estimator, *args, **kwargs)
  File "/common/ketrong/tpotexp/env/lib/python3.10/site-packages/sklearn/pipeline.py", line 473, in fit
    self._final_estimator.fit(Xt, y, **last_step_params["fit"])
  File "/common/ketrong/tpotexp/env/lib/python3.10/site-packages/sklearn/utils/validation.py", line 66, in inner_f
    return f(*args, **kwargs)
  File "/common/ketrong/tpotexp/env/lib/python3.10/site-packages/sklearn/base.py", line 1473, in wrapper
    return fit_method(estimator, *args, **kwargs)
  File "/common/ketrong/tpotexp/env/lib/python3.10/site-packages/sklearn/ensemble/_bagging.py", line 402, in fit
    return self._fit(X, y, max_samples=self.max_samples, **fit_params)
  File "/common/ketrong/tpotexp/env/lib/python3.10/site-packages/sklearn/ensemble/_bagging.py", line 502, in _fit
    raise ValueError("Out of bag estimation only available if bootstrap=True")
ValueError: Out of bag estimation only available if bootstrap=True

Generation:  18
Best f1_score score: 0.8790264376301696
Generation:  72%|███████▏  | 18/25 [24:47<11:58, 102.61s/it]Generation:  19
Best f1_score score: 0.8790264376301696
Generation:  76%|███████▌  | 19/25 [25:28<08:23, 83.97s/it] Generation:  20
Best f1_score score: 0.8790264376301696
Generation:  80%|████████  | 20/25 [25:51<05:28, 65.64s/it]Generation:  21
Best f1_score score: 0.8790264376301696
Generation:  84%|████████▍ | 21/25 [26:10<03:26, 51.67s/it]Generation:  22
Best f1_score score: 0.8790264376301696
Generation:  88%|████████▊ | 22/25 [26:51<02:25, 48.40s/it]Generation:  23
Best f1_score score: 0.8795306538837687
Generation:  92%|█████████▏| 23/25 [27:23<01:27, 43.65s/it]Generation:  24
Best f1_score score: 0.886554716556453
Generation:  96%|█████████▌| 24/25 [28:22<00:48, 48.33s/it]Generation:  25
Best f1_score score: 0.886554716556453
Generation: 100%|██████████| 25/25 [29:05<00:00, 46.72s/it]Generation: 100%|██████████| 25/25 [29:10<00:00, 70.00s/it]
2024-11-15 06:06:40,890 - distributed.scheduler - ERROR - Removing worker 'tcp://127.0.0.1:37993' caused the cluster to lose scattered data, which can't be recovered: {'ndarray-970f44622fdc75dba0352d76909d6d20', 'ndarray-26814314f5e56af0d614d2cc0f809fa3'} (stimulus_id='handle-worker-cleanup-1731679600.889892')
Fitted
Pipeline(steps=[('baggingclassifier',
                 BaggingClassifier(bootstrap=False, bootstrap_features=True,
                                   max_features=0.4262814366186,
                                   max_samples=0.8917730174349, n_estimators=95,
                                   n_jobs=1))])
score start
train score: {'auroc': 0.9996618010000521, 'accuracy': 0.9877660875948128, 'balanced_accuracy': 0.9871128146703935, 'logloss': 0.7440342970478724, 'f1': 0.9869651867736149}
original test score: {'auroc': 0.994577288886013, 'accuracy': 0.9241682974559687, 'balanced_accuracy': 0.9165554478442737, 'logloss': 0.8885818207346536, 'f1': 0.9197084108521023}
imputed test score: {'auroc': 0.9944326477868641, 'accuracy': 0.9231898238747553, 'balanced_accuracy': 0.9154304478442737, 'logloss': 0.8970985306794316, 'f1': 0.9185905457506326}
score end
check intended
EXP2 Finished
running experiment 3/3 - What is the best automl settings?
<tpot2.search_spaces.pipelines.sequential.SequentialPipeline object at 0x15543504f9d0>
Start tpot fit
Version 0.1.7a0 of tpot2 is outdated. Version 0.1.8a0 was released Tuesday September 17, 2024.
Version 0.1.7a0 of tpot2 is outdated. Version 0.1.8a0 was released Tuesday September 17, 2024.
Version 0.1.7a0 of tpot2 is outdated. Version 0.1.8a0 was released Tuesday September 17, 2024.
Version 0.1.7a0 of tpot2 is outdated. Version 0.1.8a0 was released Tuesday September 17, 2024.
Version 0.1.7a0 of tpot2 is outdated. Version 0.1.8a0 was released Tuesday September 17, 2024.
Version 0.1.7a0 of tpot2 is outdated. Version 0.1.8a0 was released Tuesday September 17, 2024.
Version 0.1.7a0 of tpot2 is outdated. Version 0.1.8a0 was released Tuesday September 17, 2024.
Version 0.1.7a0 of tpot2 is outdated. Version 0.1.8a0 was released Tuesday September 17, 2024.
Version 0.1.7a0 of tpot2 is outdated. Version 0.1.8a0 was released Tuesday September 17, 2024.
Version 0.1.7a0 of tpot2 is outdated. Version 0.1.8a0 was released Tuesday September 17, 2024.
Version 0.1.7a0 of tpot2 is outdated. Version 0.1.8a0 was released Tuesday September 17, 2024.
Version 0.1.7a0 of tpot2 is outdated. Version 0.1.8a0 was released Tuesday September 17, 2024.
Version 0.1.7a0 of tpot2 is outdated. Version 0.1.8a0 was released Tuesday September 17, 2024.
Version 0.1.7a0 of tpot2 is outdated. Version 0.1.8a0 was released Tuesday September 17, 2024.
Version 0.1.7a0 of tpot2 is outdated. Version 0.1.8a0 was released Tuesday September 17, 2024.
Version 0.1.7a0 of tpot2 is outdated. Version 0.1.8a0 was released Tuesday September 17, 2024.
  0%|          | 0/25 [00:00<?, ?it/s]Generation:   0%|          | 0/25 [00:00<?, ?it/s]Generation:  1
Best f1_score score: 0.834682161279472
Generation:   4%|▍         | 1/25 [00:14<05:53, 14.73s/it]Generation:  2
Best f1_score score: 0.834682161279472
Generation:   8%|▊         | 2/25 [00:30<05:55, 15.47s/it]Generation:  3
Best f1_score score: 0.834682161279472
Generation:  12%|█▏        | 3/25 [00:42<05:00, 13.67s/it]Generation:  4
Best f1_score score: 0.843975644226893
Generation:  16%|█▌        | 4/25 [00:56<04:49, 13.78s/it]Generation:  5
Best f1_score score: 0.8571616156235902
Generation:  20%|██        | 5/25 [03:44<23:11, 69.55s/it]Generation:  6
Best f1_score score: 0.8593608882616804
Generation:  24%|██▍       | 6/25 [03:55<15:43, 49.66s/it]Generation:  7
Best f1_score score: 0.8713463877205714
Generation:  28%|██▊       | 7/25 [04:06<11:07, 37.08s/it]WARNING AN INDIVIDUAL TIMED OUT: 
 <tpot2.search_spaces.pipelines.sequential.SequentialPipelineIndividual object at 0x155474521090> 

Generation:  8
Best f1_score score: 0.8713463877205714
Generation:  32%|███▏      | 8/25 [14:13<1:01:51, 218.30s/it]Generation:  9
Best f1_score score: 0.8713463877205714
Generation:  36%|███▌      | 9/25 [14:38<42:06, 157.93s/it]  Generation:  10
Best f1_score score: 0.8713463877205714
Generation:  40%|████      | 10/25 [20:06<52:37, 210.50s/it]Generation:  11
Best f1_score score: 0.8713463877205714
Generation:  44%|████▍     | 11/25 [21:56<41:56, 179.75s/it]Generation:  12
Best f1_score score: 0.8713463877205714
Generation:  48%|████▊     | 12/25 [22:08<27:51, 128.61s/it]Generation:  13
Best f1_score score: 0.8713463877205714
Generation:  52%|█████▏    | 13/25 [22:20<18:42, 93.51s/it] Generation:  14
Best f1_score score: 0.872519491128379
Generation:  56%|█████▌    | 14/25 [23:00<14:09, 77.19s/it]Generation:  15
Best f1_score score: 0.872519491128379
Generation:  60%|██████    | 15/25 [23:10<09:30, 57.05s/it]Generation:  16
Best f1_score score: 0.886856636878551
Generation:  64%|██████▍   | 16/25 [23:32<06:56, 46.27s/it]Generation:  17
Best f1_score score: 0.886856636878551
Generation:  68%|██████▊   | 17/25 [23:49<04:59, 37.45s/it]Generation:  18
Best f1_score score: 0.886856636878551
Generation:  72%|███████▏  | 18/25 [24:12<03:51, 33.12s/it]Generation:  19
Best f1_score score: 0.886856636878551
Generation:  76%|███████▌  | 19/25 [24:39<03:07, 31.28s/it]Generation:  20
Best f1_score score: 0.886856636878551
Generation:  80%|████████  | 20/25 [24:57<02:16, 27.39s/it]Generation:  21
Best f1_score score: 0.8869014814576616
Generation:  84%|████████▍ | 21/25 [25:49<02:19, 34.93s/it]Generation:  22
Best f1_score score: 0.8869014814576616
Generation:  88%|████████▊ | 22/25 [26:19<01:39, 33.26s/it]Generation:  23
Best f1_score score: 0.8869014814576616
Generation:  92%|█████████▏| 23/25 [27:35<01:32, 46.23s/it]Generation:  24
Best f1_score score: 0.8869014814576616
Generation:  96%|█████████▌| 24/25 [27:47<00:35, 35.94s/it]Generation:  25
Best f1_score score: 0.8869014814576616
Generation: 100%|██████████| 25/25 [28:15<00:00, 33.45s/it]Generation: 100%|██████████| 25/25 [28:15<00:00, 67.81s/it]
2024-11-15 06:35:08,119 - distributed.scheduler - ERROR - Removing worker 'tcp://127.0.0.1:33971' caused the cluster to lose scattered data, which can't be recovered: {'DataFrame-eea08e2fe64ff83ddd8180595068eb28', 'ndarray-26814314f5e56af0d614d2cc0f809fa3'} (stimulus_id='handle-worker-cleanup-1731681308.1190925')
Fitted
Pipeline(steps=[('simpleimputer', SimpleImputer(strategy='median')),
                ('baggingclassifier',
                 BaggingClassifier(bootstrap=False,
                                   max_features=0.3178387368125,
                                   max_samples=0.9717356822137, n_estimators=65,
                                   n_jobs=1))])
transform worked
try transform
transform worked
score start
train score: {'auroc': 0.9994449071330447, 'accuracy': 0.9833618791289455, 'balanced_accuracy': 0.9825856112200446, 'logloss': 0.6695074803292438, 'f1': 0.9823160533823747}
test score: {'auroc': 0.9924398666106103, 'accuracy': 0.910958904109589, 'balanced_accuracy': 0.9018163777159899, 'logloss': 0.8299104057644926, 'f1': 0.9037898258643693}
original test score: {'auroc': 0.9926072606079555, 'accuracy': 0.912426614481409, 'balanced_accuracy': 0.9039718269327137, 'logloss': 0.821442548616341, 'f1': 0.9057743422780234}
score end
1459
lvl
0.01
type
MAR
num_run
2
class_simple
finished
all finished
full run takes
0.9762659823894501
hours
DONE
