Run: 46
/cm/local/apps/slurm/var/spool/job1064084/slurm_script: line 26: 
pip install -e tpot2
pip install -r tpot2/ImputerExperiments/requirements_.txt
: No such file or directory
RunStart
Version 0.1.7a0 of tpot2 is outdated. Version 0.1.8a0 was released Tuesday September 17, 2024.
starting loops
../data/c/40497/40497.pkl
working on 
../data/c/40497/class_simple_MNAR_0.1_2
4.981578588485718
running experiment 1/3 - Does large hyperparameter space improve reconstruction accuracy over simple
[I 2024-11-19 08:18:19,677] A new study created in memory with name: no-name-df956a15-047c-40ec-ae8f-8650348f4003
running
running
running
running
running
running
running
running
running
running
running
running
running
running
running
running
[I 2024-11-19 08:18:19,917] Trial 1 finished with value: 0.25203154156574076 and parameters: {'model_name': 'SimpleImputer', 'strategy': 'constant'}. Best is trial 1 with value: 0.25203154156574076.
running
[I 2024-11-19 08:18:20,178] Trial 5 finished with value: 0.25203154156574076 and parameters: {'model_name': 'SimpleImputer', 'strategy': 'constant'}. Best is trial 1 with value: 0.25203154156574076.
[I 2024-11-19 08:18:20,310] Trial 4 finished with value: 0.17121964109109103 and parameters: {'model_name': 'SimpleImputer', 'strategy': 'mean'}. Best is trial 4 with value: 0.17121964109109103.
running
running
[I 2024-11-19 08:18:20,438] Trial 6 finished with value: 0.17121964109109103 and parameters: {'model_name': 'SimpleImputer', 'strategy': 'mean'}. Best is trial 4 with value: 0.17121964109109103.
running
[I 2024-11-19 08:18:20,564] Trial 3 finished with value: 0.25203154156574076 and parameters: {'model_name': 'SimpleImputer', 'strategy': 'constant'}. Best is trial 4 with value: 0.17121964109109103.
running
[I 2024-11-19 08:18:20,728] Trial 10 finished with value: 0.17121964109109103 and parameters: {'model_name': 'SimpleImputer', 'strategy': 'mean'}. Best is trial 4 with value: 0.17121964109109103.
[I 2024-11-19 08:18:20,817] Trial 7 finished with value: 0.17121964109109103 and parameters: {'model_name': 'SimpleImputer', 'strategy': 'mean'}. Best is trial 4 with value: 0.17121964109109103.
[I 2024-11-19 08:18:20,897] Trial 12 finished with value: 0.25203154156574076 and parameters: {'model_name': 'SimpleImputer', 'strategy': 'constant'}. Best is trial 4 with value: 0.17121964109109103.
running
running
running
[I 2024-11-19 08:18:21,090] Trial 8 finished with value: 0.17121964109109103 and parameters: {'model_name': 'SimpleImputer', 'strategy': 'mean'}. Best is trial 4 with value: 0.17121964109109103.
running
[I 2024-11-19 08:18:21,221] Trial 17 finished with value: 0.25203154156574076 and parameters: {'model_name': 'SimpleImputer', 'strategy': 'constant'}. Best is trial 4 with value: 0.17121964109109103.
running
[I 2024-11-19 08:18:21,372] Trial 14 finished with value: 0.17121964109109103 and parameters: {'model_name': 'SimpleImputer', 'strategy': 'mean'}. Best is trial 4 with value: 0.17121964109109103.
running
[I 2024-11-19 08:18:21,516] Trial 2 finished with value: 0.18280982248293345 and parameters: {'model_name': 'SimpleImputer', 'strategy': 'median'}. Best is trial 4 with value: 0.17121964109109103.
[I 2024-11-19 08:18:21,614] Trial 19 finished with value: 0.25203154156574076 and parameters: {'model_name': 'SimpleImputer', 'strategy': 'constant'}. Best is trial 4 with value: 0.17121964109109103.
running
[I 2024-11-19 08:18:21,742] Trial 16 finished with value: 0.18280982248293345 and parameters: {'model_name': 'SimpleImputer', 'strategy': 'median'}. Best is trial 4 with value: 0.17121964109109103.
running
running
[I 2024-11-19 08:18:22,090] Trial 24 finished with value: 0.25203154156574076 and parameters: {'model_name': 'SimpleImputer', 'strategy': 'constant'}. Best is trial 4 with value: 0.17121964109109103.
running
[I 2024-11-19 08:18:22,357] Trial 18 finished with value: 0.18280982248293345 and parameters: {'model_name': 'SimpleImputer', 'strategy': 'median'}. Best is trial 4 with value: 0.17121964109109103.
running
[I 2024-11-19 08:18:22,681] Trial 0 finished with value: 0.23338923286253785 and parameters: {'model_name': 'SimpleImputer', 'strategy': 'most_frequent'}. Best is trial 4 with value: 0.17121964109109103.
running
[I 2024-11-19 08:18:23,083] Trial 11 finished with value: 0.23338923286253785 and parameters: {'model_name': 'SimpleImputer', 'strategy': 'most_frequent'}. Best is trial 4 with value: 0.17121964109109103.
running
[I 2024-11-19 08:18:23,476] Trial 9 finished with value: 0.23338923286253785 and parameters: {'model_name': 'SimpleImputer', 'strategy': 'most_frequent'}. Best is trial 4 with value: 0.17121964109109103.
running
[I 2024-11-19 08:18:23,576] Trial 32 finished with value: 0.17121964109109103 and parameters: {'model_name': 'SimpleImputer', 'strategy': 'mean'}. Best is trial 4 with value: 0.17121964109109103.
running
[I 2024-11-19 08:18:23,692] Trial 20 finished with value: 0.23338923286253785 and parameters: {'model_name': 'SimpleImputer', 'strategy': 'most_frequent'}. Best is trial 4 with value: 0.17121964109109103.
running
[I 2024-11-19 08:18:23,890] Trial 13 finished with value: 0.23338923286253785 and parameters: {'model_name': 'SimpleImputer', 'strategy': 'most_frequent'}. Best is trial 4 with value: 0.17121964109109103.
running
[I 2024-11-19 08:18:24,021] Trial 33 finished with value: 0.17121964109109103 and parameters: {'model_name': 'SimpleImputer', 'strategy': 'mean'}. Best is trial 4 with value: 0.17121964109109103.
running
[I 2024-11-19 08:18:24,252] Trial 15 finished with value: 0.23338923286253785 and parameters: {'model_name': 'SimpleImputer', 'strategy': 'most_frequent'}. Best is trial 4 with value: 0.17121964109109103.
running
[I 2024-11-19 08:18:24,418] Trial 25 finished with value: 0.23338923286253785 and parameters: {'model_name': 'SimpleImputer', 'strategy': 'most_frequent'}. Best is trial 4 with value: 0.17121964109109103.
running
[I 2024-11-19 08:18:24,519] Trial 34 finished with value: 0.17121964109109103 and parameters: {'model_name': 'SimpleImputer', 'strategy': 'mean'}. Best is trial 4 with value: 0.17121964109109103.
running
[I 2024-11-19 08:18:24,672] Trial 22 finished with value: 0.23338923286253785 and parameters: {'model_name': 'SimpleImputer', 'strategy': 'most_frequent'}. Best is trial 4 with value: 0.17121964109109103.
[I 2024-11-19 08:18:24,764] Trial 23 finished with value: 0.23338923286253785 and parameters: {'model_name': 'SimpleImputer', 'strategy': 'most_frequent'}. Best is trial 4 with value: 0.17121964109109103.
running
running
[I 2024-11-19 08:18:24,880] Trial 26 finished with value: 0.23338923286253785 and parameters: {'model_name': 'SimpleImputer', 'strategy': 'most_frequent'}. Best is trial 4 with value: 0.17121964109109103.
running
[I 2024-11-19 08:18:25,047] Trial 35 finished with value: 0.17121964109109103 and parameters: {'model_name': 'SimpleImputer', 'strategy': 'mean'}. Best is trial 4 with value: 0.17121964109109103.
running
[I 2024-11-19 08:18:25,181] Trial 29 finished with value: 0.23338923286253785 and parameters: {'model_name': 'SimpleImputer', 'strategy': 'most_frequent'}. Best is trial 4 with value: 0.17121964109109103.
[I 2024-11-19 08:18:25,269] Trial 21 finished with value: 0.23338923286253785 and parameters: {'model_name': 'SimpleImputer', 'strategy': 'most_frequent'}. Best is trial 4 with value: 0.17121964109109103.
[I 2024-11-19 08:18:25,361] Trial 36 finished with value: 0.17121964109109103 and parameters: {'model_name': 'SimpleImputer', 'strategy': 'mean'}. Best is trial 4 with value: 0.17121964109109103.
running
running
running
[I 2024-11-19 08:18:25,525] Trial 38 finished with value: 0.17121964109109103 and parameters: {'model_name': 'SimpleImputer', 'strategy': 'mean'}. Best is trial 4 with value: 0.17121964109109103.
running
[I 2024-11-19 08:18:25,698] Trial 40 finished with value: 0.17121964109109103 and parameters: {'model_name': 'SimpleImputer', 'strategy': 'mean'}. Best is trial 4 with value: 0.17121964109109103.
running
[I 2024-11-19 08:18:25,835] Trial 37 finished with value: 0.17121964109109103 and parameters: {'model_name': 'SimpleImputer', 'strategy': 'mean'}. Best is trial 4 with value: 0.17121964109109103.
[I 2024-11-19 08:18:25,936] Trial 43 finished with value: 0.17121964109109103 and parameters: {'model_name': 'SimpleImputer', 'strategy': 'mean'}. Best is trial 4 with value: 0.17121964109109103.
running
[I 2024-11-19 08:18:26,022] Trial 41 finished with value: 0.17121964109109103 and parameters: {'model_name': 'SimpleImputer', 'strategy': 'mean'}. Best is trial 4 with value: 0.17121964109109103.
running
[I 2024-11-19 08:18:26,139] Trial 28 finished with value: 0.23338923286253785 and parameters: {'model_name': 'SimpleImputer', 'strategy': 'most_frequent'}. Best is trial 4 with value: 0.17121964109109103.
[I 2024-11-19 08:18:26,230] Trial 39 finished with value: 0.17121964109109103 and parameters: {'model_name': 'SimpleImputer', 'strategy': 'mean'}. Best is trial 4 with value: 0.17121964109109103.
[I 2024-11-19 08:18:26,321] Trial 30 finished with value: 0.23338923286253785 and parameters: {'model_name': 'SimpleImputer', 'strategy': 'most_frequent'}. Best is trial 4 with value: 0.17121964109109103.
running
running
running
running
[I 2024-11-19 08:18:26,493] Trial 42 finished with value: 0.17121964109109103 and parameters: {'model_name': 'SimpleImputer', 'strategy': 'mean'}. Best is trial 4 with value: 0.17121964109109103.
running
[I 2024-11-19 08:18:26,636] Trial 46 finished with value: 0.17121964109109103 and parameters: {'model_name': 'SimpleImputer', 'strategy': 'mean'}. Best is trial 4 with value: 0.17121964109109103.
running
[I 2024-11-19 08:18:26,749] Trial 27 finished with value: 0.23338923286253785 and parameters: {'model_name': 'SimpleImputer', 'strategy': 'most_frequent'}. Best is trial 4 with value: 0.17121964109109103.
running
[I 2024-11-19 08:18:26,869] Trial 45 finished with value: 0.17121964109109103 and parameters: {'model_name': 'SimpleImputer', 'strategy': 'mean'}. Best is trial 4 with value: 0.17121964109109103.
running
[I 2024-11-19 08:18:27,005] Trial 44 finished with value: 0.17121964109109103 and parameters: {'model_name': 'SimpleImputer', 'strategy': 'mean'}. Best is trial 4 with value: 0.17121964109109103.
[I 2024-11-19 08:18:27,097] Trial 48 finished with value: 0.17121964109109103 and parameters: {'model_name': 'SimpleImputer', 'strategy': 'mean'}. Best is trial 4 with value: 0.17121964109109103.
running
[I 2024-11-19 08:18:27,197] Trial 49 finished with value: 0.17121964109109103 and parameters: {'model_name': 'SimpleImputer', 'strategy': 'mean'}. Best is trial 4 with value: 0.17121964109109103.
running
[I 2024-11-19 08:18:27,284] Trial 53 finished with value: 0.17121964109109103 and parameters: {'model_name': 'SimpleImputer', 'strategy': 'mean'}. Best is trial 4 with value: 0.17121964109109103.
[I 2024-11-19 08:18:27,365] Trial 47 finished with value: 0.17121964109109103 and parameters: {'model_name': 'SimpleImputer', 'strategy': 'mean'}. Best is trial 4 with value: 0.17121964109109103.
running
running
running
[I 2024-11-19 08:18:27,487] Trial 51 finished with value: 0.17121964109109103 and parameters: {'model_name': 'SimpleImputer', 'strategy': 'mean'}. Best is trial 4 with value: 0.17121964109109103.
running
[I 2024-11-19 08:18:27,656] Trial 50 finished with value: 0.17121964109109103 and parameters: {'model_name': 'SimpleImputer', 'strategy': 'mean'}. Best is trial 4 with value: 0.17121964109109103.
running
[I 2024-11-19 08:18:27,783] Trial 52 finished with value: 0.17121964109109103 and parameters: {'model_name': 'SimpleImputer', 'strategy': 'mean'}. Best is trial 4 with value: 0.17121964109109103.
running
[I 2024-11-19 08:18:27,885] Trial 31 finished with value: 0.23338923286253785 and parameters: {'model_name': 'SimpleImputer', 'strategy': 'most_frequent'}. Best is trial 4 with value: 0.17121964109109103.
[I 2024-11-19 08:18:27,986] Trial 56 finished with value: 0.17121964109109103 and parameters: {'model_name': 'SimpleImputer', 'strategy': 'mean'}. Best is trial 4 with value: 0.17121964109109103.
running
running
[I 2024-11-19 08:18:28,117] Trial 57 finished with value: 0.17121964109109103 and parameters: {'model_name': 'SimpleImputer', 'strategy': 'mean'}. Best is trial 4 with value: 0.17121964109109103.
running
[I 2024-11-19 08:18:28,250] Trial 54 finished with value: 0.17121964109109103 and parameters: {'model_name': 'SimpleImputer', 'strategy': 'mean'}. Best is trial 4 with value: 0.17121964109109103.
running
[I 2024-11-19 08:18:28,373] Trial 55 finished with value: 0.17121964109109103 and parameters: {'model_name': 'SimpleImputer', 'strategy': 'mean'}. Best is trial 4 with value: 0.17121964109109103.
running
[I 2024-11-19 08:18:28,572] Trial 58 finished with value: 0.17121964109109103 and parameters: {'model_name': 'SimpleImputer', 'strategy': 'mean'}. Best is trial 4 with value: 0.17121964109109103.
[I 2024-11-19 08:18:28,664] Trial 60 finished with value: 0.18280982248293345 and parameters: {'model_name': 'SimpleImputer', 'strategy': 'median'}. Best is trial 4 with value: 0.17121964109109103.
running
running
[I 2024-11-19 08:18:28,812] Trial 62 finished with value: 0.18280982248293345 and parameters: {'model_name': 'SimpleImputer', 'strategy': 'median'}. Best is trial 4 with value: 0.17121964109109103.
running
[I 2024-11-19 08:18:28,927] Trial 59 finished with value: 0.18280982248293345 and parameters: {'model_name': 'SimpleImputer', 'strategy': 'median'}. Best is trial 4 with value: 0.17121964109109103.
running
[I 2024-11-19 08:18:29,034] Trial 61 finished with value: 0.18280982248293345 and parameters: {'model_name': 'SimpleImputer', 'strategy': 'median'}. Best is trial 4 with value: 0.17121964109109103.
running
[I 2024-11-19 08:18:29,136] Trial 68 finished with value: 0.17121964109109103 and parameters: {'model_name': 'SimpleImputer', 'strategy': 'mean'}. Best is trial 4 with value: 0.17121964109109103.
running
[I 2024-11-19 08:18:29,275] Trial 66 finished with value: 0.18280982248293345 and parameters: {'model_name': 'SimpleImputer', 'strategy': 'median'}. Best is trial 4 with value: 0.17121964109109103.
running
[I 2024-11-19 08:18:29,393] Trial 64 finished with value: 0.18280982248293345 and parameters: {'model_name': 'SimpleImputer', 'strategy': 'median'}. Best is trial 4 with value: 0.17121964109109103.
[I 2024-11-19 08:18:29,498] Trial 63 finished with value: 0.18280982248293345 and parameters: {'model_name': 'SimpleImputer', 'strategy': 'median'}. Best is trial 4 with value: 0.17121964109109103.
running
[I 2024-11-19 08:18:29,594] Trial 67 finished with value: 0.18280982248293345 and parameters: {'model_name': 'SimpleImputer', 'strategy': 'median'}. Best is trial 4 with value: 0.17121964109109103.
running
[I 2024-11-19 08:18:29,698] Trial 65 finished with value: 0.18280982248293345 and parameters: {'model_name': 'SimpleImputer', 'strategy': 'median'}. Best is trial 4 with value: 0.17121964109109103.
running
running
[I 2024-11-19 08:18:29,834] Trial 69 finished with value: 0.18280982248293345 and parameters: {'model_name': 'SimpleImputer', 'strategy': 'median'}. Best is trial 4 with value: 0.17121964109109103.
running
[I 2024-11-19 08:18:29,976] Trial 76 finished with value: 0.25203154156574076 and parameters: {'model_name': 'SimpleImputer', 'strategy': 'constant'}. Best is trial 4 with value: 0.17121964109109103.
running
[I 2024-11-19 08:18:30,085] Trial 78 finished with value: 0.25203154156574076 and parameters: {'model_name': 'SimpleImputer', 'strategy': 'constant'}. Best is trial 4 with value: 0.17121964109109103.
[I 2024-11-19 08:18:30,184] Trial 77 finished with value: 0.25203154156574076 and parameters: {'model_name': 'SimpleImputer', 'strategy': 'constant'}. Best is trial 4 with value: 0.17121964109109103.
[I 2024-11-19 08:18:30,265] Trial 72 finished with value: 0.18280982248293345 and parameters: {'model_name': 'SimpleImputer', 'strategy': 'median'}. Best is trial 4 with value: 0.17121964109109103.
running
running
[I 2024-11-19 08:18:30,403] Trial 70 finished with value: 0.18280982248293345 and parameters: {'model_name': 'SimpleImputer', 'strategy': 'median'}. Best is trial 4 with value: 0.17121964109109103.
running
running
[I 2024-11-19 08:18:30,534] Trial 79 finished with value: 0.25203154156574076 and parameters: {'model_name': 'SimpleImputer', 'strategy': 'constant'}. Best is trial 4 with value: 0.17121964109109103.
running
[I 2024-11-19 08:18:30,626] Trial 73 finished with value: 0.18280982248293345 and parameters: {'model_name': 'SimpleImputer', 'strategy': 'median'}. Best is trial 4 with value: 0.17121964109109103.
running
[I 2024-11-19 08:18:30,734] Trial 80 finished with value: 0.25203154156574076 and parameters: {'model_name': 'SimpleImputer', 'strategy': 'constant'}. Best is trial 4 with value: 0.17121964109109103.
running
[I 2024-11-19 08:18:30,855] Trial 71 finished with value: 0.18280982248293345 and parameters: {'model_name': 'SimpleImputer', 'strategy': 'median'}. Best is trial 4 with value: 0.17121964109109103.
running
[I 2024-11-19 08:18:30,948] Trial 82 finished with value: 0.25203154156574076 and parameters: {'model_name': 'SimpleImputer', 'strategy': 'constant'}. Best is trial 4 with value: 0.17121964109109103.
running
[I 2024-11-19 08:18:31,050] Trial 81 finished with value: 0.25203154156574076 and parameters: {'model_name': 'SimpleImputer', 'strategy': 'constant'}. Best is trial 4 with value: 0.17121964109109103.
[I 2024-11-19 08:18:31,129] Trial 85 finished with value: 0.25203154156574076 and parameters: {'model_name': 'SimpleImputer', 'strategy': 'constant'}. Best is trial 4 with value: 0.17121964109109103.
[I 2024-11-19 08:18:31,210] Trial 75 finished with value: 0.18280982248293345 and parameters: {'model_name': 'SimpleImputer', 'strategy': 'median'}. Best is trial 4 with value: 0.17121964109109103.
[I 2024-11-19 08:18:31,295] Trial 84 finished with value: 0.25203154156574076 and parameters: {'model_name': 'SimpleImputer', 'strategy': 'constant'}. Best is trial 4 with value: 0.17121964109109103.
running
running
running
running
[I 2024-11-19 08:18:31,477] Trial 74 finished with value: 0.18280982248293345 and parameters: {'model_name': 'SimpleImputer', 'strategy': 'median'}. Best is trial 4 with value: 0.17121964109109103.
running
[I 2024-11-19 08:18:31,659] Trial 87 finished with value: 0.17121964109109103 and parameters: {'model_name': 'SimpleImputer', 'strategy': 'mean'}. Best is trial 4 with value: 0.17121964109109103.
running
[I 2024-11-19 08:18:31,774] Trial 88 finished with value: 0.17121964109109103 and parameters: {'model_name': 'SimpleImputer', 'strategy': 'mean'}. Best is trial 4 with value: 0.17121964109109103.
running
[I 2024-11-19 08:18:31,869] Trial 83 finished with value: 0.17121964109109103 and parameters: {'model_name': 'SimpleImputer', 'strategy': 'mean'}. Best is trial 4 with value: 0.17121964109109103.
[I 2024-11-19 08:18:31,947] Trial 90 finished with value: 0.17121964109109103 and parameters: {'model_name': 'SimpleImputer', 'strategy': 'mean'}. Best is trial 4 with value: 0.17121964109109103.
running
running
[I 2024-11-19 08:18:32,078] Trial 96 finished with value: 0.17121964109109103 and parameters: {'model_name': 'SimpleImputer', 'strategy': 'mean'}. Best is trial 4 with value: 0.17121964109109103.
[I 2024-11-19 08:18:32,162] Trial 89 finished with value: 0.17121964109109103 and parameters: {'model_name': 'SimpleImputer', 'strategy': 'mean'}. Best is trial 4 with value: 0.17121964109109103.
running
running
[I 2024-11-19 08:18:32,299] Trial 94 finished with value: 0.17121964109109103 and parameters: {'model_name': 'SimpleImputer', 'strategy': 'mean'}. Best is trial 4 with value: 0.17121964109109103.
[I 2024-11-19 08:18:32,389] Trial 86 finished with value: 0.17121964109109103 and parameters: {'model_name': 'SimpleImputer', 'strategy': 'mean'}. Best is trial 4 with value: 0.17121964109109103.
running
[I 2024-11-19 08:18:32,389] Trial 92 finished with value: 0.17121964109109103 and parameters: {'model_name': 'SimpleImputer', 'strategy': 'mean'}. Best is trial 4 with value: 0.17121964109109103.
[I 2024-11-19 08:18:32,389] Trial 97 finished with value: 0.17121964109109103 and parameters: {'model_name': 'SimpleImputer', 'strategy': 'mean'}. Best is trial 4 with value: 0.17121964109109103.
running
[I 2024-11-19 08:18:32,650] Trial 93 finished with value: 0.17121964109109103 and parameters: {'model_name': 'SimpleImputer', 'strategy': 'mean'}. Best is trial 4 with value: 0.17121964109109103.
running
[I 2024-11-19 08:18:32,741] Trial 91 finished with value: 0.17121964109109103 and parameters: {'model_name': 'SimpleImputer', 'strategy': 'mean'}. Best is trial 4 with value: 0.17121964109109103.
running
running
[I 2024-11-19 08:18:32,831] Trial 98 finished with value: 0.17121964109109103 and parameters: {'model_name': 'SimpleImputer', 'strategy': 'mean'}. Best is trial 4 with value: 0.17121964109109103.
running
running
[I 2024-11-19 08:18:32,961] Trial 99 finished with value: 0.17121964109109103 and parameters: {'model_name': 'SimpleImputer', 'strategy': 'mean'}. Best is trial 4 with value: 0.17121964109109103.
running
[I 2024-11-19 08:18:33,132] Trial 95 finished with value: 0.17121964109109103 and parameters: {'model_name': 'SimpleImputer', 'strategy': 'mean'}. Best is trial 4 with value: 0.17121964109109103.
running
[I 2024-11-19 08:18:33,290] Trial 100 finished with value: 0.17121964109109103 and parameters: {'model_name': 'SimpleImputer', 'strategy': 'mean'}. Best is trial 4 with value: 0.17121964109109103.
running
[I 2024-11-19 08:18:33,406] Trial 101 finished with value: 0.17121964109109103 and parameters: {'model_name': 'SimpleImputer', 'strategy': 'mean'}. Best is trial 4 with value: 0.17121964109109103.
[I 2024-11-19 08:18:33,504] Trial 109 finished with value: 0.17121964109109103 and parameters: {'model_name': 'SimpleImputer', 'strategy': 'mean'}. Best is trial 4 with value: 0.17121964109109103.
running
running
[I 2024-11-19 08:18:33,645] Trial 105 finished with value: 0.17121964109109103 and parameters: {'model_name': 'SimpleImputer', 'strategy': 'mean'}. Best is trial 4 with value: 0.17121964109109103.
[I 2024-11-19 08:18:33,753] Trial 102 finished with value: 0.17121964109109103 and parameters: {'model_name': 'SimpleImputer', 'strategy': 'mean'}. Best is trial 4 with value: 0.17121964109109103.
[I 2024-11-19 08:18:33,838] Trial 111 finished with value: 0.17121964109109103 and parameters: {'model_name': 'SimpleImputer', 'strategy': 'mean'}. Best is trial 4 with value: 0.17121964109109103.
running
running
running
[I 2024-11-19 08:18:33,962] Trial 107 finished with value: 0.17121964109109103 and parameters: {'model_name': 'SimpleImputer', 'strategy': 'mean'}. Best is trial 4 with value: 0.17121964109109103.
[I 2024-11-19 08:18:34,052] Trial 104 finished with value: 0.17121964109109103 and parameters: {'model_name': 'SimpleImputer', 'strategy': 'mean'}. Best is trial 4 with value: 0.17121964109109103.
running
running
[I 2024-11-19 08:18:34,150] Trial 112 finished with value: 0.17121964109109103 and parameters: {'model_name': 'SimpleImputer', 'strategy': 'mean'}. Best is trial 4 with value: 0.17121964109109103.
running
[I 2024-11-19 08:18:34,286] Trial 106 finished with value: 0.17121964109109103 and parameters: {'model_name': 'SimpleImputer', 'strategy': 'mean'}. Best is trial 4 with value: 0.17121964109109103.
running
[I 2024-11-19 08:18:34,397] Trial 114 finished with value: 0.17121964109109103 and parameters: {'model_name': 'SimpleImputer', 'strategy': 'mean'}. Best is trial 4 with value: 0.17121964109109103.
running
[I 2024-11-19 08:18:34,515] Trial 108 finished with value: 0.17121964109109103 and parameters: {'model_name': 'SimpleImputer', 'strategy': 'mean'}. Best is trial 4 with value: 0.17121964109109103.
[I 2024-11-19 08:18:34,616] Trial 110 finished with value: 0.17121964109109103 and parameters: {'model_name': 'SimpleImputer', 'strategy': 'mean'}. Best is trial 4 with value: 0.17121964109109103.
running
[I 2024-11-19 08:18:34,722] Trial 116 finished with value: 0.17121964109109103 and parameters: {'model_name': 'SimpleImputer', 'strategy': 'mean'}. Best is trial 4 with value: 0.17121964109109103.
running
[I 2024-11-19 08:18:34,818] Trial 103 finished with value: 0.17121964109109103 and parameters: {'model_name': 'SimpleImputer', 'strategy': 'mean'}. Best is trial 4 with value: 0.17121964109109103.
running
running
[I 2024-11-19 08:18:34,918] Trial 113 finished with value: 0.17121964109109103 and parameters: {'model_name': 'SimpleImputer', 'strategy': 'mean'}. Best is trial 4 with value: 0.17121964109109103.
running
[I 2024-11-19 08:18:35,028] Trial 117 finished with value: 0.17121964109109103 and parameters: {'model_name': 'SimpleImputer', 'strategy': 'mean'}. Best is trial 4 with value: 0.17121964109109103.
running
[I 2024-11-19 08:18:35,169] Trial 123 finished with value: 0.17121964109109103 and parameters: {'model_name': 'SimpleImputer', 'strategy': 'mean'}. Best is trial 4 with value: 0.17121964109109103.
[I 2024-11-19 08:18:35,271] Trial 120 finished with value: 0.17121964109109103 and parameters: {'model_name': 'SimpleImputer', 'strategy': 'mean'}. Best is trial 4 with value: 0.17121964109109103.
running
running
[I 2024-11-19 08:18:35,388] Trial 115 finished with value: 0.17121964109109103 and parameters: {'model_name': 'SimpleImputer', 'strategy': 'mean'}. Best is trial 4 with value: 0.17121964109109103.
running
[I 2024-11-19 08:18:35,549] Trial 121 finished with value: 0.17121964109109103 and parameters: {'model_name': 'SimpleImputer', 'strategy': 'mean'}. Best is trial 4 with value: 0.17121964109109103.
running
[I 2024-11-19 08:18:35,654] Trial 124 finished with value: 0.17121964109109103 and parameters: {'model_name': 'SimpleImputer', 'strategy': 'mean'}. Best is trial 4 with value: 0.17121964109109103.
[I 2024-11-19 08:18:35,745] Trial 122 finished with value: 0.17121964109109103 and parameters: {'model_name': 'SimpleImputer', 'strategy': 'mean'}. Best is trial 4 with value: 0.17121964109109103.
running
running
[I 2024-11-19 08:18:35,885] Trial 125 finished with value: 0.17121964109109103 and parameters: {'model_name': 'SimpleImputer', 'strategy': 'mean'}. Best is trial 4 with value: 0.17121964109109103.
running
[I 2024-11-19 08:18:36,041] Trial 118 finished with value: 0.17121964109109103 and parameters: {'model_name': 'SimpleImputer', 'strategy': 'mean'}. Best is trial 4 with value: 0.17121964109109103.
running
[I 2024-11-19 08:18:36,141] Trial 126 finished with value: 0.17121964109109103 and parameters: {'model_name': 'SimpleImputer', 'strategy': 'mean'}. Best is trial 4 with value: 0.17121964109109103.
[I 2024-11-19 08:18:36,222] Trial 119 finished with value: 0.17121964109109103 and parameters: {'model_name': 'SimpleImputer', 'strategy': 'mean'}. Best is trial 4 with value: 0.17121964109109103.
running
[I 2024-11-19 08:18:36,302] Trial 127 finished with value: 0.17121964109109103 and parameters: {'model_name': 'SimpleImputer', 'strategy': 'mean'}. Best is trial 4 with value: 0.17121964109109103.
running
running
[I 2024-11-19 08:18:36,442] Trial 128 finished with value: 0.17121964109109103 and parameters: {'model_name': 'SimpleImputer', 'strategy': 'mean'}. Best is trial 4 with value: 0.17121964109109103.
running
[I 2024-11-19 08:18:36,630] Trial 130 finished with value: 0.17121964109109103 and parameters: {'model_name': 'SimpleImputer', 'strategy': 'mean'}. Best is trial 4 with value: 0.17121964109109103.
running
[I 2024-11-19 08:18:36,757] Trial 131 finished with value: 0.17121964109109103 and parameters: {'model_name': 'SimpleImputer', 'strategy': 'mean'}. Best is trial 4 with value: 0.17121964109109103.
[I 2024-11-19 08:18:36,841] Trial 129 finished with value: 0.17121964109109103 and parameters: {'model_name': 'SimpleImputer', 'strategy': 'mean'}. Best is trial 4 with value: 0.17121964109109103.
running
running
[I 2024-11-19 08:18:37,405] Trial 141 finished with value: 0.17121964109109103 and parameters: {'model_name': 'SimpleImputer', 'strategy': 'mean'}. Best is trial 4 with value: 0.17121964109109103.
running
[I 2024-11-19 08:18:38,396] Trial 133 finished with value: 0.23338923286253785 and parameters: {'model_name': 'SimpleImputer', 'strategy': 'most_frequent'}. Best is trial 4 with value: 0.17121964109109103.
running
[I 2024-11-19 08:18:38,569] Trial 134 finished with value: 0.23338923286253785 and parameters: {'model_name': 'SimpleImputer', 'strategy': 'most_frequent'}. Best is trial 4 with value: 0.17121964109109103.
running
[I 2024-11-19 08:18:38,944] Trial 137 finished with value: 0.23338923286253785 and parameters: {'model_name': 'SimpleImputer', 'strategy': 'most_frequent'}. Best is trial 4 with value: 0.17121964109109103.
running
[I 2024-11-19 08:18:39,056] Trial 132 finished with value: 0.23338923286253785 and parameters: {'model_name': 'SimpleImputer', 'strategy': 'most_frequent'}. Best is trial 4 with value: 0.17121964109109103.
running
[I 2024-11-19 08:18:39,347] Trial 135 finished with value: 0.23338923286253785 and parameters: {'model_name': 'SimpleImputer', 'strategy': 'most_frequent'}. Best is trial 4 with value: 0.17121964109109103.
[I 2024-11-19 08:18:39,494] Trial 144 finished with value: 0.23338923286253785 and parameters: {'model_name': 'SimpleImputer', 'strategy': 'most_frequent'}. Best is trial 4 with value: 0.17121964109109103.
running
running
[I 2024-11-19 08:18:39,536] Trial 149 finished with value: 0.17121964109109103 and parameters: {'model_name': 'SimpleImputer', 'strategy': 'mean'}. Best is trial 4 with value: 0.17121964109109103.
running
[I 2024-11-19 08:18:39,750] Trial 136 finished with value: 0.23338923286253785 and parameters: {'model_name': 'SimpleImputer', 'strategy': 'most_frequent'}. Best is trial 4 with value: 0.17121964109109103.
running
[I 2024-11-19 08:18:39,908] Trial 138 finished with value: 0.23338923286253785 and parameters: {'model_name': 'SimpleImputer', 'strategy': 'most_frequent'}. Best is trial 4 with value: 0.17121964109109103.
[I 2024-11-19 08:18:40,006] Trial 142 finished with value: 0.23338923286253785 and parameters: {'model_name': 'SimpleImputer', 'strategy': 'most_frequent'}. Best is trial 4 with value: 0.17121964109109103.
[I 2024-11-19 08:18:40,096] Trial 146 finished with value: 0.23338923286253785 and parameters: {'model_name': 'SimpleImputer', 'strategy': 'most_frequent'}. Best is trial 4 with value: 0.17121964109109103.
running
[I 2024-11-19 08:18:40,181] Trial 143 finished with value: 0.23338923286253785 and parameters: {'model_name': 'SimpleImputer', 'strategy': 'most_frequent'}. Best is trial 4 with value: 0.17121964109109103.
running
[I 2024-11-19 08:18:40,267] Trial 150 finished with value: 0.17121964109109103 and parameters: {'model_name': 'SimpleImputer', 'strategy': 'mean'}. Best is trial 4 with value: 0.17121964109109103.
[I 2024-11-19 08:18:40,344] Trial 145 finished with value: 0.23338923286253785 and parameters: {'model_name': 'SimpleImputer', 'strategy': 'most_frequent'}. Best is trial 4 with value: 0.17121964109109103.
running
running
[I 2024-11-19 08:18:40,448] Trial 139 finished with value: 0.23338923286253785 and parameters: {'model_name': 'SimpleImputer', 'strategy': 'most_frequent'}. Best is trial 4 with value: 0.17121964109109103.
running
running
running
[I 2024-11-19 08:18:40,568] Trial 152 finished with value: 0.17121964109109103 and parameters: {'model_name': 'SimpleImputer', 'strategy': 'mean'}. Best is trial 4 with value: 0.17121964109109103.
running
[I 2024-11-19 08:18:40,667] Trial 140 finished with value: 0.23338923286253785 and parameters: {'model_name': 'SimpleImputer', 'strategy': 'most_frequent'}. Best is trial 4 with value: 0.17121964109109103.
[I 2024-11-19 08:18:40,747] Trial 151 finished with value: 0.17121964109109103 and parameters: {'model_name': 'SimpleImputer', 'strategy': 'mean'}. Best is trial 4 with value: 0.17121964109109103.
running
running
[I 2024-11-19 08:18:40,839] Trial 147 finished with value: 0.23338923286253785 and parameters: {'model_name': 'SimpleImputer', 'strategy': 'most_frequent'}. Best is trial 4 with value: 0.17121964109109103.
running
[I 2024-11-19 08:18:41,120] Trial 153 finished with value: 0.17121964109109103 and parameters: {'model_name': 'SimpleImputer', 'strategy': 'mean'}. Best is trial 4 with value: 0.17121964109109103.
running
[I 2024-11-19 08:18:41,237] Trial 148 finished with value: 0.23338923286253785 and parameters: {'model_name': 'SimpleImputer', 'strategy': 'most_frequent'}. Best is trial 4 with value: 0.17121964109109103.
running
[I 2024-11-19 08:18:41,428] Trial 157 finished with value: 0.17121964109109103 and parameters: {'model_name': 'SimpleImputer', 'strategy': 'mean'}. Best is trial 4 with value: 0.17121964109109103.
[I 2024-11-19 08:18:41,538] Trial 164 finished with value: 0.17121964109109103 and parameters: {'model_name': 'SimpleImputer', 'strategy': 'mean'}. Best is trial 4 with value: 0.17121964109109103.
[I 2024-11-19 08:18:41,620] Trial 167 finished with value: 0.17121964109109103 and parameters: {'model_name': 'SimpleImputer', 'strategy': 'mean'}. Best is trial 4 with value: 0.17121964109109103.
[I 2024-11-19 08:18:41,696] Trial 156 finished with value: 0.17121964109109103 and parameters: {'model_name': 'SimpleImputer', 'strategy': 'mean'}. Best is trial 4 with value: 0.17121964109109103.
running
running
running
running
[I 2024-11-19 08:18:41,823] Trial 162 finished with value: 0.17121964109109103 and parameters: {'model_name': 'SimpleImputer', 'strategy': 'mean'}. Best is trial 4 with value: 0.17121964109109103.
[I 2024-11-19 08:18:41,920] Trial 154 finished with value: 0.17121964109109103 and parameters: {'model_name': 'SimpleImputer', 'strategy': 'mean'}. Best is trial 4 with value: 0.17121964109109103.
[I 2024-11-19 08:18:41,999] Trial 160 finished with value: 0.17121964109109103 and parameters: {'model_name': 'SimpleImputer', 'strategy': 'mean'}. Best is trial 4 with value: 0.17121964109109103.
running
[I 2024-11-19 08:18:42,079] Trial 155 finished with value: 0.17121964109109103 and parameters: {'model_name': 'SimpleImputer', 'strategy': 'mean'}. Best is trial 4 with value: 0.17121964109109103.
running
[I 2024-11-19 08:18:42,164] Trial 159 finished with value: 0.17121964109109103 and parameters: {'model_name': 'SimpleImputer', 'strategy': 'mean'}. Best is trial 4 with value: 0.17121964109109103.
running
running
[I 2024-11-19 08:18:42,269] Trial 161 finished with value: 0.17121964109109103 and parameters: {'model_name': 'SimpleImputer', 'strategy': 'mean'}. Best is trial 4 with value: 0.17121964109109103.
running
running
[I 2024-11-19 08:18:42,383] Trial 158 finished with value: 0.17121964109109103 and parameters: {'model_name': 'SimpleImputer', 'strategy': 'mean'}. Best is trial 4 with value: 0.17121964109109103.
[I 2024-11-19 08:18:42,476] Trial 165 finished with value: 0.17121964109109103 and parameters: {'model_name': 'SimpleImputer', 'strategy': 'mean'}. Best is trial 4 with value: 0.17121964109109103.
[I 2024-11-19 08:18:42,594] Trial 163 finished with value: 0.17121964109109103 and parameters: {'model_name': 'SimpleImputer', 'strategy': 'mean'}. Best is trial 4 with value: 0.17121964109109103.
running
running
running
[I 2024-11-19 08:18:42,760] Trial 168 finished with value: 0.17121964109109103 and parameters: {'model_name': 'SimpleImputer', 'strategy': 'mean'}. Best is trial 4 with value: 0.17121964109109103.
[I 2024-11-19 08:18:42,885] Trial 166 finished with value: 0.17121964109109103 and parameters: {'model_name': 'SimpleImputer', 'strategy': 'mean'}. Best is trial 4 with value: 0.17121964109109103.
running
running
[I 2024-11-19 08:18:43,020] Trial 173 finished with value: 0.17121964109109103 and parameters: {'model_name': 'SimpleImputer', 'strategy': 'mean'}. Best is trial 4 with value: 0.17121964109109103.
running
[I 2024-11-19 08:18:43,187] Trial 171 finished with value: 0.17121964109109103 and parameters: {'model_name': 'SimpleImputer', 'strategy': 'mean'}. Best is trial 4 with value: 0.17121964109109103.
running
[I 2024-11-19 08:18:43,299] Trial 174 finished with value: 0.17121964109109103 and parameters: {'model_name': 'SimpleImputer', 'strategy': 'mean'}. Best is trial 4 with value: 0.17121964109109103.
[I 2024-11-19 08:18:43,388] Trial 172 finished with value: 0.17121964109109103 and parameters: {'model_name': 'SimpleImputer', 'strategy': 'mean'}. Best is trial 4 with value: 0.17121964109109103.
running
[I 2024-11-19 08:18:43,497] Trial 175 finished with value: 0.17121964109109103 and parameters: {'model_name': 'SimpleImputer', 'strategy': 'mean'}. Best is trial 4 with value: 0.17121964109109103.
running
[I 2024-11-19 08:18:43,587] Trial 179 finished with value: 0.17121964109109103 and parameters: {'model_name': 'SimpleImputer', 'strategy': 'mean'}. Best is trial 4 with value: 0.17121964109109103.
[I 2024-11-19 08:18:43,674] Trial 169 finished with value: 0.17121964109109103 and parameters: {'model_name': 'SimpleImputer', 'strategy': 'mean'}. Best is trial 4 with value: 0.17121964109109103.
[I 2024-11-19 08:18:43,755] Trial 176 finished with value: 0.17121964109109103 and parameters: {'model_name': 'SimpleImputer', 'strategy': 'mean'}. Best is trial 4 with value: 0.17121964109109103.
running
running
running
running
[I 2024-11-19 08:18:43,910] Trial 182 finished with value: 0.17121964109109103 and parameters: {'model_name': 'SimpleImputer', 'strategy': 'mean'}. Best is trial 4 with value: 0.17121964109109103.
[I 2024-11-19 08:18:44,004] Trial 177 finished with value: 0.17121964109109103 and parameters: {'model_name': 'SimpleImputer', 'strategy': 'mean'}. Best is trial 4 with value: 0.17121964109109103.
[I 2024-11-19 08:18:44,103] Trial 183 finished with value: 0.17121964109109103 and parameters: {'model_name': 'SimpleImputer', 'strategy': 'mean'}. Best is trial 4 with value: 0.17121964109109103.
running
running
[I 2024-11-19 08:18:44,204] Trial 180 finished with value: 0.17121964109109103 and parameters: {'model_name': 'SimpleImputer', 'strategy': 'mean'}. Best is trial 4 with value: 0.17121964109109103.
running
[I 2024-11-19 08:18:44,297] Trial 170 finished with value: 0.17121964109109103 and parameters: {'model_name': 'SimpleImputer', 'strategy': 'mean'}. Best is trial 4 with value: 0.17121964109109103.
[I 2024-11-19 08:18:44,383] Trial 178 finished with value: 0.17121964109109103 and parameters: {'model_name': 'SimpleImputer', 'strategy': 'mean'}. Best is trial 4 with value: 0.17121964109109103.
[I 2024-11-19 08:18:44,465] Trial 184 finished with value: 0.17121964109109103 and parameters: {'model_name': 'SimpleImputer', 'strategy': 'mean'}. Best is trial 4 with value: 0.17121964109109103.
running
[I 2024-11-19 08:18:44,468] Trial 181 finished with value: 0.17121964109109103 and parameters: {'model_name': 'SimpleImputer', 'strategy': 'mean'}. Best is trial 4 with value: 0.17121964109109103.
running
running
running
[I 2024-11-19 08:18:44,778] Trial 187 finished with value: 0.17121964109109103 and parameters: {'model_name': 'SimpleImputer', 'strategy': 'mean'}. Best is trial 4 with value: 0.17121964109109103.
[I 2024-11-19 08:18:44,948] Trial 185 finished with value: 0.17121964109109103 and parameters: {'model_name': 'SimpleImputer', 'strategy': 'mean'}. Best is trial 4 with value: 0.17121964109109103.
[I 2024-11-19 08:18:45,056] Trial 188 finished with value: 0.17121964109109103 and parameters: {'model_name': 'SimpleImputer', 'strategy': 'mean'}. Best is trial 4 with value: 0.17121964109109103.
[I 2024-11-19 08:18:45,148] Trial 186 finished with value: 0.17121964109109103 and parameters: {'model_name': 'SimpleImputer', 'strategy': 'mean'}. Best is trial 4 with value: 0.17121964109109103.
[I 2024-11-19 08:18:45,239] Trial 195 finished with value: 0.17121964109109103 and parameters: {'model_name': 'SimpleImputer', 'strategy': 'mean'}. Best is trial 4 with value: 0.17121964109109103.
[I 2024-11-19 08:18:45,336] Trial 197 finished with value: 0.17121964109109103 and parameters: {'model_name': 'SimpleImputer', 'strategy': 'mean'}. Best is trial 4 with value: 0.17121964109109103.
[I 2024-11-19 08:18:45,413] Trial 189 finished with value: 0.17121964109109103 and parameters: {'model_name': 'SimpleImputer', 'strategy': 'mean'}. Best is trial 4 with value: 0.17121964109109103.
[I 2024-11-19 08:18:45,499] Trial 190 finished with value: 0.17121964109109103 and parameters: {'model_name': 'SimpleImputer', 'strategy': 'mean'}. Best is trial 4 with value: 0.17121964109109103.
[I 2024-11-19 08:18:45,579] Trial 192 finished with value: 0.17121964109109103 and parameters: {'model_name': 'SimpleImputer', 'strategy': 'mean'}. Best is trial 4 with value: 0.17121964109109103.
[I 2024-11-19 08:18:45,656] Trial 194 finished with value: 0.17121964109109103 and parameters: {'model_name': 'SimpleImputer', 'strategy': 'mean'}. Best is trial 4 with value: 0.17121964109109103.
[I 2024-11-19 08:18:45,755] Trial 193 finished with value: 0.17121964109109103 and parameters: {'model_name': 'SimpleImputer', 'strategy': 'mean'}. Best is trial 4 with value: 0.17121964109109103.
[I 2024-11-19 08:18:45,839] Trial 191 finished with value: 0.17121964109109103 and parameters: {'model_name': 'SimpleImputer', 'strategy': 'mean'}. Best is trial 4 with value: 0.17121964109109103.
[I 2024-11-19 08:18:45,914] Trial 196 finished with value: 0.17121964109109103 and parameters: {'model_name': 'SimpleImputer', 'strategy': 'mean'}. Best is trial 4 with value: 0.17121964109109103.
[I 2024-11-19 08:18:45,990] Trial 199 finished with value: 0.17121964109109103 and parameters: {'model_name': 'SimpleImputer', 'strategy': 'mean'}. Best is trial 4 with value: 0.17121964109109103.
[I 2024-11-19 08:18:46,068] Trial 198 finished with value: 0.17121964109109103 and parameters: {'model_name': 'SimpleImputer', 'strategy': 'mean'}. Best is trial 4 with value: 0.17121964109109103.
fit
simple fit
simple transform
0     0
1     0
2     0
3     0
4     0
5     0
6     0
7     0
8     0
9     0
10    0
11    0
12    0
13    0
14    0
15    0
16    0
17    0
18    0
19    0
20    0
dtype: int64
0     0
1     0
2     0
3     0
4     0
5     0
6     0
7     0
8     0
9     0
10    0
11    0
12    0
13    0
14    0
15    0
16    0
17    0
18    0
19    0
20    0
dtype: int64
0.17121964109109103
{'model_name': 'SimpleImputer', 'strategy': 'mean'}
running experiment 2/3 - Does reconstruction give good automl predictions
Start est fit
Version 0.1.7a0 of tpot2 is outdated. Version 0.1.8a0 was released Tuesday September 17, 2024.
Version 0.1.7a0 of tpot2 is outdated. Version 0.1.8a0 was released Tuesday September 17, 2024.
Version 0.1.7a0 of tpot2 is outdated. Version 0.1.8a0 was released Tuesday September 17, 2024.
Version 0.1.7a0 of tpot2 is outdated. Version 0.1.8a0 was released Tuesday September 17, 2024.
Version 0.1.7a0 of tpot2 is outdated. Version 0.1.8a0 was released Tuesday September 17, 2024.
Version 0.1.7a0 of tpot2 is outdated. Version 0.1.8a0 was released Tuesday September 17, 2024.
Version 0.1.7a0 of tpot2 is outdated. Version 0.1.8a0 was released Tuesday September 17, 2024.
Version 0.1.7a0 of tpot2 is outdated. Version 0.1.8a0 was released Tuesday September 17, 2024.
Version 0.1.7a0 of tpot2 is outdated. Version 0.1.8a0 was released Tuesday September 17, 2024.
Version 0.1.7a0 of tpot2 is outdated. Version 0.1.8a0 was released Tuesday September 17, 2024.
Version 0.1.7a0 of tpot2 is outdated. Version 0.1.8a0 was released Tuesday September 17, 2024.
Version 0.1.7a0 of tpot2 is outdated. Version 0.1.8a0 was released Tuesday September 17, 2024.
Version 0.1.7a0 of tpot2 is outdated. Version 0.1.8a0 was released Tuesday September 17, 2024.
Version 0.1.7a0 of tpot2 is outdated. Version 0.1.8a0 was released Tuesday September 17, 2024.
Version 0.1.7a0 of tpot2 is outdated. Version 0.1.8a0 was released Tuesday September 17, 2024.
Version 0.1.7a0 of tpot2 is outdated. Version 0.1.8a0 was released Tuesday September 17, 2024.
  0%|          | 0/25 [00:00<?, ?it/s]Generation:   0%|          | 0/25 [00:00<?, ?it/s]WARNING THIS INDIVIDUAL CAUSED AND EXCEPTION 
 <tpot2.search_spaces.pipelines.sequential.SequentialPipelineIndividual object at 0x155474d35570> 
 Argument 'metric' has incorrect type (expected str, got numpy.str_) 
 Traceback (most recent call last):
  File "/common/ketrong/tpotexp/tpot2/tpot2/utils/eval_utils.py", line 53, in objective_nan_wrapper
    value = func_timeout.func_timeout(timeout, objective_function, args=[individual], kwargs=objective_kwargs)
  File "/common/ketrong/tpotexp/env/lib/python3.10/site-packages/func_timeout/dafunc.py", line 108, in func_timeout
    raise_exception(exception)
  File "/common/ketrong/tpotexp/env/lib/python3.10/site-packages/func_timeout/py3_raise.py", line 7, in raise_exception
    raise exception[0] from None
  File "/common/ketrong/tpotexp/tpot2/tpot2/tpot_estimator/estimator.py", line 623, in objective_function
    return objective_function_generator(
  File "/common/ketrong/tpotexp/tpot2/tpot2/tpot_estimator/estimator_utils.py", line 55, in objective_function_generator
    cv_obj_scores = cross_val_score_objective(sklearn.base.clone(pipeline),x,y,scorers=scorers, cv=cv , fold=step)
  File "/common/ketrong/tpotexp/tpot2/tpot2/tpot_estimator/cross_val_utils.py", line 31, in cross_val_score_objective
    this_fold_scores = [sklearn.metrics.get_scorer(scorer)(this_fold_pipeline, X_test, y_test) for scorer in scorers]
  File "/common/ketrong/tpotexp/tpot2/tpot2/tpot_estimator/cross_val_utils.py", line 31, in <listcomp>
    this_fold_scores = [sklearn.metrics.get_scorer(scorer)(this_fold_pipeline, X_test, y_test) for scorer in scorers]
  File "/common/ketrong/tpotexp/env/lib/python3.10/site-packages/sklearn/metrics/_scorer.py", line 279, in __call__
    return self._score(partial(_cached_call, None), estimator, X, y_true, **_kwargs)
  File "/common/ketrong/tpotexp/env/lib/python3.10/site-packages/sklearn/metrics/_scorer.py", line 371, in _score
    y_pred = method_caller(
  File "/common/ketrong/tpotexp/env/lib/python3.10/site-packages/sklearn/metrics/_scorer.py", line 89, in _cached_call
    result, _ = _get_response_values(
  File "/common/ketrong/tpotexp/env/lib/python3.10/site-packages/sklearn/utils/_response.py", line 211, in _get_response_values
    y_pred = prediction_method(X)
  File "/common/ketrong/tpotexp/env/lib/python3.10/site-packages/sklearn/pipeline.py", line 601, in predict
    return self.steps[-1][1].predict(Xt, **params)
  File "/common/ketrong/tpotexp/env/lib/python3.10/site-packages/sklearn/neighbors/_classification.py", line 259, in predict
    probabilities = self.predict_proba(X)
  File "/common/ketrong/tpotexp/env/lib/python3.10/site-packages/sklearn/neighbors/_classification.py", line 343, in predict_proba
    probabilities = ArgKminClassMode.compute(
  File "/common/ketrong/tpotexp/env/lib/python3.10/site-packages/sklearn/metrics/_pairwise_distances_reduction/_dispatcher.py", line 584, in compute
    return ArgKminClassMode64.compute(
TypeError: Argument 'metric' has incorrect type (expected str, got numpy.str_)

Generation:  1
Best f1_score score: 0.9332599413582262
Generation:   4%|▍         | 1/25 [00:04<01:40,  4.20s/it]Generation:  2
Best f1_score score: 0.9332599413582262
Generation:   8%|▊         | 2/25 [05:23<1:12:44, 189.75s/it]Generation:  3
Best f1_score score: 0.944232303034551
Generation:  12%|█▏        | 3/25 [05:35<39:41, 108.27s/it]  Generation:  4
Best f1_score score: 0.944232303034551
Generation:  16%|█▌        | 4/25 [05:42<23:56, 68.40s/it] Generation:  5
Best f1_score score: 0.944232303034551
Generation:  20%|██        | 5/25 [05:51<15:39, 46.99s/it]Generation:  6
Best f1_score score: 0.944232303034551
Generation:  24%|██▍       | 6/25 [06:02<11:00, 34.77s/it]Generation:  7
Best f1_score score: 0.944232303034551
Generation:  28%|██▊       | 7/25 [06:14<08:13, 27.40s/it]WARNING THIS INDIVIDUAL CAUSED AND EXCEPTION 
 <tpot2.search_spaces.pipelines.sequential.SequentialPipelineIndividual object at 0x1554742b1180> 
 Argument 'metric' has incorrect type (expected str, got numpy.str_) 
 Traceback (most recent call last):
  File "/common/ketrong/tpotexp/tpot2/tpot2/utils/eval_utils.py", line 53, in objective_nan_wrapper
    value = func_timeout.func_timeout(timeout, objective_function, args=[individual], kwargs=objective_kwargs)
  File "/common/ketrong/tpotexp/env/lib/python3.10/site-packages/func_timeout/dafunc.py", line 108, in func_timeout
    raise_exception(exception)
  File "/common/ketrong/tpotexp/env/lib/python3.10/site-packages/func_timeout/py3_raise.py", line 7, in raise_exception
    raise exception[0] from None
  File "/common/ketrong/tpotexp/tpot2/tpot2/tpot_estimator/estimator.py", line 623, in objective_function
    return objective_function_generator(
  File "/common/ketrong/tpotexp/tpot2/tpot2/tpot_estimator/estimator_utils.py", line 55, in objective_function_generator
    cv_obj_scores = cross_val_score_objective(sklearn.base.clone(pipeline),x,y,scorers=scorers, cv=cv , fold=step)
  File "/common/ketrong/tpotexp/tpot2/tpot2/tpot_estimator/cross_val_utils.py", line 31, in cross_val_score_objective
    this_fold_scores = [sklearn.metrics.get_scorer(scorer)(this_fold_pipeline, X_test, y_test) for scorer in scorers]
  File "/common/ketrong/tpotexp/tpot2/tpot2/tpot_estimator/cross_val_utils.py", line 31, in <listcomp>
    this_fold_scores = [sklearn.metrics.get_scorer(scorer)(this_fold_pipeline, X_test, y_test) for scorer in scorers]
  File "/common/ketrong/tpotexp/env/lib/python3.10/site-packages/sklearn/metrics/_scorer.py", line 279, in __call__
    return self._score(partial(_cached_call, None), estimator, X, y_true, **_kwargs)
  File "/common/ketrong/tpotexp/env/lib/python3.10/site-packages/sklearn/metrics/_scorer.py", line 371, in _score
    y_pred = method_caller(
  File "/common/ketrong/tpotexp/env/lib/python3.10/site-packages/sklearn/metrics/_scorer.py", line 89, in _cached_call
    result, _ = _get_response_values(
  File "/common/ketrong/tpotexp/env/lib/python3.10/site-packages/sklearn/utils/_response.py", line 211, in _get_response_values
    y_pred = prediction_method(X)
  File "/common/ketrong/tpotexp/env/lib/python3.10/site-packages/sklearn/pipeline.py", line 601, in predict
    return self.steps[-1][1].predict(Xt, **params)
  File "/common/ketrong/tpotexp/env/lib/python3.10/site-packages/sklearn/neighbors/_classification.py", line 259, in predict
    probabilities = self.predict_proba(X)
  File "/common/ketrong/tpotexp/env/lib/python3.10/site-packages/sklearn/neighbors/_classification.py", line 343, in predict_proba
    probabilities = ArgKminClassMode.compute(
  File "/common/ketrong/tpotexp/env/lib/python3.10/site-packages/sklearn/metrics/_pairwise_distances_reduction/_dispatcher.py", line 584, in compute
    return ArgKminClassMode64.compute(
TypeError: Argument 'metric' has incorrect type (expected str, got numpy.str_)

Generation:  8
Best f1_score score: 0.944232303034551
Generation:  32%|███▏      | 8/25 [06:26<06:22, 22.52s/it]Generation:  9
Best f1_score score: 0.944232303034551
Generation:  36%|███▌      | 9/25 [06:34<04:48, 18.04s/it]Generation:  10
Best f1_score score: 0.9480814595604627
Generation:  40%|████      | 10/25 [06:43<03:47, 15.19s/it]Generation:  11
Best f1_score score: 0.9480814595604627
Generation:  44%|████▍     | 11/25 [06:55<03:18, 14.21s/it]Generation:  12
Best f1_score score: 0.94881911956089
Generation:  48%|████▊     | 12/25 [08:11<07:07, 32.90s/it]Generation:  13
Best f1_score score: 0.94881911956089
Generation:  52%|█████▏    | 13/25 [08:20<05:08, 25.73s/it]Generation:  14
Best f1_score score: 0.94881911956089
Generation:  56%|█████▌    | 14/25 [08:42<04:29, 24.48s/it]Generation:  15
Best f1_score score: 0.94881911956089
Generation:  60%|██████    | 15/25 [08:54<03:27, 20.76s/it]Generation:  16
Best f1_score score: 0.94881911956089
Generation:  64%|██████▍   | 16/25 [09:05<02:41, 17.98s/it]Generation:  17
Best f1_score score: 0.94881911956089
Generation:  68%|██████▊   | 17/25 [09:21<02:18, 17.29s/it]Generation:  18
Best f1_score score: 0.94881911956089
Generation:  72%|███████▏  | 18/25 [09:35<01:53, 16.17s/it]Generation:  19
Best f1_score score: 0.94881911956089
Generation:  76%|███████▌  | 19/25 [09:51<01:37, 16.30s/it]Generation:  20
Best f1_score score: 0.94881911956089
Generation:  80%|████████  | 20/25 [10:02<01:13, 14.74s/it]Generation:  21
Best f1_score score: 0.94881911956089
Generation:  84%|████████▍ | 21/25 [10:18<00:59, 14.97s/it]WARNING THIS INDIVIDUAL CAUSED AND EXCEPTION 
 <tpot2.search_spaces.pipelines.sequential.SequentialPipelineIndividual object at 0x15545bbfac20> 
 Argument 'metric' has incorrect type (expected str, got numpy.str_) 
 Traceback (most recent call last):
  File "/common/ketrong/tpotexp/tpot2/tpot2/utils/eval_utils.py", line 53, in objective_nan_wrapper
    value = func_timeout.func_timeout(timeout, objective_function, args=[individual], kwargs=objective_kwargs)
  File "/common/ketrong/tpotexp/env/lib/python3.10/site-packages/func_timeout/dafunc.py", line 108, in func_timeout
    raise_exception(exception)
  File "/common/ketrong/tpotexp/env/lib/python3.10/site-packages/func_timeout/py3_raise.py", line 7, in raise_exception
    raise exception[0] from None
  File "/common/ketrong/tpotexp/tpot2/tpot2/tpot_estimator/estimator.py", line 623, in objective_function
    return objective_function_generator(
  File "/common/ketrong/tpotexp/tpot2/tpot2/tpot_estimator/estimator_utils.py", line 55, in objective_function_generator
    cv_obj_scores = cross_val_score_objective(sklearn.base.clone(pipeline),x,y,scorers=scorers, cv=cv , fold=step)
  File "/common/ketrong/tpotexp/tpot2/tpot2/tpot_estimator/cross_val_utils.py", line 31, in cross_val_score_objective
    this_fold_scores = [sklearn.metrics.get_scorer(scorer)(this_fold_pipeline, X_test, y_test) for scorer in scorers]
  File "/common/ketrong/tpotexp/tpot2/tpot2/tpot_estimator/cross_val_utils.py", line 31, in <listcomp>
    this_fold_scores = [sklearn.metrics.get_scorer(scorer)(this_fold_pipeline, X_test, y_test) for scorer in scorers]
  File "/common/ketrong/tpotexp/env/lib/python3.10/site-packages/sklearn/metrics/_scorer.py", line 279, in __call__
    return self._score(partial(_cached_call, None), estimator, X, y_true, **_kwargs)
  File "/common/ketrong/tpotexp/env/lib/python3.10/site-packages/sklearn/metrics/_scorer.py", line 371, in _score
    y_pred = method_caller(
  File "/common/ketrong/tpotexp/env/lib/python3.10/site-packages/sklearn/metrics/_scorer.py", line 89, in _cached_call
    result, _ = _get_response_values(
  File "/common/ketrong/tpotexp/env/lib/python3.10/site-packages/sklearn/utils/_response.py", line 211, in _get_response_values
    y_pred = prediction_method(X)
  File "/common/ketrong/tpotexp/env/lib/python3.10/site-packages/sklearn/pipeline.py", line 601, in predict
    return self.steps[-1][1].predict(Xt, **params)
  File "/common/ketrong/tpotexp/env/lib/python3.10/site-packages/sklearn/neighbors/_classification.py", line 259, in predict
    probabilities = self.predict_proba(X)
  File "/common/ketrong/tpotexp/env/lib/python3.10/site-packages/sklearn/neighbors/_classification.py", line 343, in predict_proba
    probabilities = ArgKminClassMode.compute(
  File "/common/ketrong/tpotexp/env/lib/python3.10/site-packages/sklearn/metrics/_pairwise_distances_reduction/_dispatcher.py", line 584, in compute
    return ArgKminClassMode64.compute(
TypeError: Argument 'metric' has incorrect type (expected str, got numpy.str_)

Generation:  22
Best f1_score score: 0.94881911956089
Generation:  88%|████████▊ | 22/25 [11:05<01:14, 24.71s/it]Generation:  23
Best f1_score score: 0.94881911956089
Generation:  92%|█████████▏| 23/25 [11:22<00:44, 22.19s/it]Generation:  24
Best f1_score score: 0.94881911956089
Generation:  96%|█████████▌| 24/25 [11:40<00:21, 21.12s/it]Generation:  25
Best f1_score score: 0.94881911956089
Generation: 100%|██████████| 25/25 [11:54<00:00, 18.89s/it]Generation: 100%|██████████| 25/25 [11:57<00:00, 28.70s/it]
2024-11-19 08:30:48,830 - distributed.scheduler - ERROR - Removing worker 'tcp://127.0.0.1:41081' caused the cluster to lose scattered data, which can't be recovered: {'ndarray-b630d46ad1cbbfbb33677ff1ca771924', 'ndarray-be8e58bb7db38b8362a0d067e597e808'} (stimulus_id='handle-worker-cleanup-1732033848.8308399')
Fitted
Pipeline(steps=[('lgbmclassifier',
                 LGBMClassifier(boosting_type='goss', max_depth=4,
                                n_estimators=70, n_jobs=1, num_leaves=12,
                                verbose=-1))])
score start
train score: {'auroc': 0.9999142384186787, 'accuracy': 0.9976798143851509, 'balanced_accuracy': 0.9847494553376906, 'logloss': 0.01133845881090132, 'f1': 0.9917785734082883}
original test score: {'auroc': 0.9997242266050909, 'accuracy': 0.9973509933774835, 'balanced_accuracy': 0.9819785854320614, 'logloss': 0.014324099517299125, 'f1': 0.9819785854320614}
imputed test score: {'auroc': 0.998620694361063, 'accuracy': 0.9880794701986755, 'balanced_accuracy': 0.962524506107676, 'logloss': 0.03187775251644576, 'f1': 0.946332653729014}
score end
check intended
EXP2 Finished
running experiment 3/3 - What is the best automl settings?
<tpot2.search_spaces.pipelines.sequential.SequentialPipeline object at 0x15543504f9d0>
Start tpot fit
Version 0.1.7a0 of tpot2 is outdated. Version 0.1.8a0 was released Tuesday September 17, 2024.
Version 0.1.7a0 of tpot2 is outdated. Version 0.1.8a0 was released Tuesday September 17, 2024.
Version 0.1.7a0 of tpot2 is outdated. Version 0.1.8a0 was released Tuesday September 17, 2024.
Version 0.1.7a0 of tpot2 is outdated. Version 0.1.8a0 was released Tuesday September 17, 2024.
Version 0.1.7a0 of tpot2 is outdated. Version 0.1.8a0 was released Tuesday September 17, 2024.
Version 0.1.7a0 of tpot2 is outdated. Version 0.1.8a0 was released Tuesday September 17, 2024.
Version 0.1.7a0 of tpot2 is outdated. Version 0.1.8a0 was released Tuesday September 17, 2024.
Version 0.1.7a0 of tpot2 is outdated. Version 0.1.8a0 was released Tuesday September 17, 2024.
Version 0.1.7a0 of tpot2 is outdated. Version 0.1.8a0 was released Tuesday September 17, 2024.
Version 0.1.7a0 of tpot2 is outdated. Version 0.1.8a0 was released Tuesday September 17, 2024.
Version 0.1.7a0 of tpot2 is outdated. Version 0.1.8a0 was released Tuesday September 17, 2024.
Version 0.1.7a0 of tpot2 is outdated. Version 0.1.8a0 was released Tuesday September 17, 2024.
Version 0.1.7a0 of tpot2 is outdated. Version 0.1.8a0 was released Tuesday September 17, 2024.
Version 0.1.7a0 of tpot2 is outdated. Version 0.1.8a0 was released Tuesday September 17, 2024.
Version 0.1.7a0 of tpot2 is outdated. Version 0.1.8a0 was released Tuesday September 17, 2024.
Version 0.1.7a0 of tpot2 is outdated. Version 0.1.8a0 was released Tuesday September 17, 2024.
  0%|          | 0/25 [00:00<?, ?it/s]Generation:   0%|          | 0/25 [00:00<?, ?it/s]Generation:  1
Best f1_score score: 0.9366824840707988
Generation:   4%|▍         | 1/25 [00:08<03:34,  8.92s/it]Generation:  2
Best f1_score score: 0.9387076202403657
Generation:   8%|▊         | 2/25 [00:19<03:43,  9.73s/it]Generation:  3
Best f1_score score: 0.9395175471996502
Generation:  12%|█▏        | 3/25 [00:23<02:40,  7.31s/it]Generation:  4
Best f1_score score: 0.9395175471996502
Generation:  16%|█▌        | 4/25 [00:29<02:18,  6.58s/it]Generation:  5
Best f1_score score: 0.9395175471996502
Generation:  20%|██        | 5/25 [00:38<02:35,  7.76s/it]Generation:  6
Best f1_score score: 0.9395175471996502
Generation:  24%|██▍       | 6/25 [00:44<02:13,  7.04s/it]Generation:  7
Best f1_score score: 0.9404597051663959
Generation:  28%|██▊       | 7/25 [00:51<02:07,  7.06s/it]Generation:  8
Best f1_score score: 0.9455400313599599
Generation:  32%|███▏      | 8/25 [00:57<01:50,  6.52s/it]Generation:  9
Best f1_score score: 0.9455400313599599
Generation:  36%|███▌      | 9/25 [02:25<08:35, 32.24s/it]Generation:  10
Best f1_score score: 0.9455400313599599
Generation:  40%|████      | 10/25 [02:34<06:13, 24.88s/it]Generation:  11
Best f1_score score: 0.9455400313599599
Generation:  44%|████▍     | 11/25 [02:40<04:26, 19.03s/it]Generation:  12
Best f1_score score: 0.9455400313599599
Generation:  48%|████▊     | 12/25 [02:45<03:14, 14.97s/it]Generation:  13
Best f1_score score: 0.9455400313599599
Generation:  52%|█████▏    | 13/25 [02:50<02:23, 11.99s/it]Generation:  14
Best f1_score score: 0.9455400313599599
Generation:  56%|█████▌    | 14/25 [02:57<01:53, 10.31s/it]Generation:  15
Best f1_score score: 0.9455400313599599
Generation:  60%|██████    | 15/25 [03:09<01:48, 10.81s/it]Generation:  16
Best f1_score score: 0.9455400313599599
Generation:  64%|██████▍   | 16/25 [03:28<01:59, 13.22s/it]Generation:  17
Best f1_score score: 0.9455400313599599
Generation:  68%|██████▊   | 17/25 [05:54<07:06, 53.27s/it]Generation:  18
Best f1_score score: 0.9455400313599599
Generation:  72%|███████▏  | 18/25 [06:03<04:39, 39.86s/it]Generation:  19
Best f1_score score: 0.9455400313599599
Generation:  76%|███████▌  | 19/25 [06:10<03:00, 30.08s/it]Generation:  20
Best f1_score score: 0.9455400313599599
Generation:  80%|████████  | 20/25 [06:18<01:57, 23.44s/it]Generation:  21
Best f1_score score: 0.9455400313599599
Generation:  84%|████████▍ | 21/25 [06:25<01:13, 18.44s/it]Generation:  22
Best f1_score score: 0.9455400313599599
Generation:  88%|████████▊ | 22/25 [06:50<01:01, 20.53s/it]Generation:  23
Best f1_score score: 0.9455400313599599
Generation:  92%|█████████▏| 23/25 [06:59<00:33, 16.96s/it]Generation:  24
Best f1_score score: 0.9456370935757814
Generation:  96%|█████████▌| 24/25 [07:05<00:13, 13.75s/it]WARNING THIS INDIVIDUAL CAUSED AND EXCEPTION 
 <tpot2.search_spaces.pipelines.sequential.SequentialPipelineIndividual object at 0x15545b8737c0> 
 The 'min_samples_split' parameter of DecisionTreeClassifier must be an int in the range [2, inf) or a float in the range (0.0, 1.0]. Got 1 instead. 
 Traceback (most recent call last):
  File "/common/ketrong/tpotexp/tpot2/tpot2/utils/eval_utils.py", line 53, in objective_nan_wrapper
    value = func_timeout.func_timeout(timeout, objective_function, args=[individual], kwargs=objective_kwargs)
  File "/common/ketrong/tpotexp/env/lib/python3.10/site-packages/func_timeout/dafunc.py", line 108, in func_timeout
    raise_exception(exception)
  File "/common/ketrong/tpotexp/env/lib/python3.10/site-packages/func_timeout/py3_raise.py", line 7, in raise_exception
    raise exception[0] from None
  File "/common/ketrong/tpotexp/tpot2/tpot2/tpot_estimator/estimator.py", line 623, in objective_function
    return objective_function_generator(
  File "/common/ketrong/tpotexp/tpot2/tpot2/tpot_estimator/estimator_utils.py", line 55, in objective_function_generator
    cv_obj_scores = cross_val_score_objective(sklearn.base.clone(pipeline),x,y,scorers=scorers, cv=cv , fold=step)
  File "/common/ketrong/tpotexp/tpot2/tpot2/tpot_estimator/cross_val_utils.py", line 28, in cross_val_score_objective
    this_fold_pipeline.fit(X_train,y_train)
  File "/common/ketrong/tpotexp/env/lib/python3.10/site-packages/sklearn/base.py", line 1473, in wrapper
    return fit_method(estimator, *args, **kwargs)
  File "/common/ketrong/tpotexp/env/lib/python3.10/site-packages/sklearn/pipeline.py", line 473, in fit
    self._final_estimator.fit(Xt, y, **last_step_params["fit"])
  File "/common/ketrong/tpotexp/env/lib/python3.10/site-packages/sklearn/base.py", line 1466, in wrapper
    estimator._validate_params()
  File "/common/ketrong/tpotexp/env/lib/python3.10/site-packages/sklearn/base.py", line 666, in _validate_params
    validate_parameter_constraints(
  File "/common/ketrong/tpotexp/env/lib/python3.10/site-packages/sklearn/utils/_param_validation.py", line 95, in validate_parameter_constraints
    raise InvalidParameterError(
sklearn.utils._param_validation.InvalidParameterError: The 'min_samples_split' parameter of DecisionTreeClassifier must be an int in the range [2, inf) or a float in the range (0.0, 1.0]. Got 1 instead.

Generation:  25
Best f1_score score: 0.949154408521893
Generation: 100%|██████████| 25/25 [07:14<00:00, 12.44s/it]Generation: 100%|██████████| 25/25 [07:14<00:00, 17.39s/it]
2024-11-19 08:38:11,294 - distributed.scheduler - ERROR - Removing worker 'tcp://127.0.0.1:44471' caused the cluster to lose scattered data, which can't be recovered: {'ndarray-b630d46ad1cbbfbb33677ff1ca771924', 'DataFrame-48d58774f1483fb2394987c96d322e19'} (stimulus_id='handle-worker-cleanup-1732034291.2941673')
Fitted
Pipeline(steps=[('simpleimputer', SimpleImputer()),
                ('lgbmclassifier',
                 LGBMClassifier(max_depth=2, n_estimators=63, n_jobs=1,
                                num_leaves=227, verbose=-1))])
transform worked
try transform
transform worked
score start
train score: {'auroc': 0.998891577909676, 'accuracy': 0.9920450778919456, 'balanced_accuracy': 0.9515640878069721, 'logloss': 0.029533689943160118, 'f1': 0.9686034507175986}
test score: {'auroc': 0.9977458288623287, 'accuracy': 0.9880794701986755, 'balanced_accuracy': 0.9366862715528076, 'logloss': 0.04174098963955128, 'f1': 0.9445097246589165}
original test score: {'auroc': 0.999392993457024, 'accuracy': 0.9947019867549669, 'balanced_accuracy': 0.9639571708641231, 'logloss': 0.022336029161860477, 'f1': 0.9676888588063374}
score end
40497
lvl
0.1
type
MNAR
num_run
2
class_simple
finished
all finished
full run takes
0.33627816239992775
hours
DONE
