Run: 62
/cm/local/apps/slurm/var/spool/job1043785/slurm_script: line 27: 
pip install -e tpot2
pip install -r tpot2/ImputerExperiments/requirements_.txt
: No such file or directory
RunStart
Version 0.1.7a0 of tpot2 is outdated. Version 0.1.8a0 was released Tuesday September 17, 2024.
starting loops
../data/c/1558/1558.pkl
working on 
../data/c/1558/class_simple_MCAR_0.1_3
4.410319566726685
running experiment 1/3 - Does large hyperparameter space improve reconstruction accuracy over simple
[I 2024-11-07 20:38:22,519] A new study created in memory with name: no-name-d70901a0-abb9-4287-adba-c4685b41b0be
running
running
running
running
running
running
running
running
running
running
running
running
running
running
running
running
[I 2024-11-07 20:38:22,779] Trial 10 finished with value: 0.46698420528762596 and parameters: {'model_name': 'SimpleImputer', 'strategy': 'constant'}. Best is trial 10 with value: 0.46698420528762596.
[I 2024-11-07 20:38:22,911] Trial 3 finished with value: 0.46698420528762596 and parameters: {'model_name': 'SimpleImputer', 'strategy': 'constant'}. Best is trial 10 with value: 0.46698420528762596.
running
running
[I 2024-11-07 20:38:23,172] Trial 12 finished with value: 0.46698420528762596 and parameters: {'model_name': 'SimpleImputer', 'strategy': 'constant'}. Best is trial 10 with value: 0.46698420528762596.
running
[I 2024-11-07 20:38:23,348] Trial 7 finished with value: 0.46698420528762596 and parameters: {'model_name': 'SimpleImputer', 'strategy': 'constant'}. Best is trial 10 with value: 0.46698420528762596.
[I 2024-11-07 20:38:23,452] Trial 5 finished with value: 0.46698420528762596 and parameters: {'model_name': 'SimpleImputer', 'strategy': 'constant'}. Best is trial 10 with value: 0.46698420528762596.
running
[I 2024-11-07 20:38:23,605] Trial 1 finished with value: 0.2539736426813636 and parameters: {'model_name': 'SimpleImputer', 'strategy': 'mean'}. Best is trial 1 with value: 0.2539736426813636.
running
running
[I 2024-11-07 20:38:23,817] Trial 0 finished with value: 0.46698420528762596 and parameters: {'model_name': 'SimpleImputer', 'strategy': 'constant'}. Best is trial 1 with value: 0.2539736426813636.
running
[I 2024-11-07 20:38:24,133] Trial 8 finished with value: 0.28459095391617056 and parameters: {'model_name': 'SimpleImputer', 'strategy': 'median'}. Best is trial 1 with value: 0.2539736426813636.
[I 2024-11-07 20:38:24,239] Trial 18 finished with value: 0.46698420528762596 and parameters: {'model_name': 'SimpleImputer', 'strategy': 'constant'}. Best is trial 1 with value: 0.2539736426813636.
running
running
[I 2024-11-07 20:38:24,370] Trial 4 finished with value: 0.46698420528762596 and parameters: {'model_name': 'SimpleImputer', 'strategy': 'constant'}. Best is trial 1 with value: 0.2539736426813636.
running
[I 2024-11-07 20:38:24,687] Trial 16 finished with value: 0.2539736426813636 and parameters: {'model_name': 'SimpleImputer', 'strategy': 'mean'}. Best is trial 1 with value: 0.2539736426813636.
running
[I 2024-11-07 20:38:24,883] Trial 19 finished with value: 0.2539736426813636 and parameters: {'model_name': 'SimpleImputer', 'strategy': 'mean'}. Best is trial 1 with value: 0.2539736426813636.
running
[I 2024-11-07 20:38:24,998] Trial 6 finished with value: 0.28459095391617056 and parameters: {'model_name': 'SimpleImputer', 'strategy': 'median'}. Best is trial 1 with value: 0.2539736426813636.
running
[I 2024-11-07 20:38:25,185] Trial 21 finished with value: 0.46698420528762596 and parameters: {'model_name': 'SimpleImputer', 'strategy': 'constant'}. Best is trial 1 with value: 0.2539736426813636.
running
[I 2024-11-07 20:38:25,381] Trial 11 finished with value: 0.28459095391617056 and parameters: {'model_name': 'SimpleImputer', 'strategy': 'median'}. Best is trial 1 with value: 0.2539736426813636.
[I 2024-11-07 20:38:25,483] Trial 20 finished with value: 0.46698420528762596 and parameters: {'model_name': 'SimpleImputer', 'strategy': 'constant'}. Best is trial 1 with value: 0.2539736426813636.
running
running
[I 2024-11-07 20:38:25,649] Trial 23 finished with value: 0.46698420528762596 and parameters: {'model_name': 'SimpleImputer', 'strategy': 'constant'}. Best is trial 1 with value: 0.2539736426813636.
running
[I 2024-11-07 20:38:25,772] Trial 9 finished with value: 0.28459095391617056 and parameters: {'model_name': 'SimpleImputer', 'strategy': 'median'}. Best is trial 1 with value: 0.2539736426813636.
[I 2024-11-07 20:38:25,920] Trial 22 finished with value: 0.2539736426813636 and parameters: {'model_name': 'SimpleImputer', 'strategy': 'mean'}. Best is trial 1 with value: 0.2539736426813636.
running
running
[I 2024-11-07 20:38:26,062] Trial 24 finished with value: 0.2539736426813636 and parameters: {'model_name': 'SimpleImputer', 'strategy': 'mean'}. Best is trial 1 with value: 0.2539736426813636.
running
[I 2024-11-07 20:38:26,348] Trial 15 finished with value: 0.3399115023183544 and parameters: {'model_name': 'SimpleImputer', 'strategy': 'most_frequent'}. Best is trial 1 with value: 0.2539736426813636.
running
[I 2024-11-07 20:38:26,539] Trial 27 finished with value: 0.2539736426813636 and parameters: {'model_name': 'SimpleImputer', 'strategy': 'mean'}. Best is trial 1 with value: 0.2539736426813636.
[I 2024-11-07 20:38:26,645] Trial 28 finished with value: 0.2539736426813636 and parameters: {'model_name': 'SimpleImputer', 'strategy': 'mean'}. Best is trial 1 with value: 0.2539736426813636.
running
running
[I 2024-11-07 20:38:26,856] Trial 30 finished with value: 0.2539736426813636 and parameters: {'model_name': 'SimpleImputer', 'strategy': 'mean'}. Best is trial 1 with value: 0.2539736426813636.
running
[I 2024-11-07 20:38:26,857] Trial 29 finished with value: 0.2539736426813636 and parameters: {'model_name': 'SimpleImputer', 'strategy': 'mean'}. Best is trial 1 with value: 0.2539736426813636.
running
[I 2024-11-07 20:38:27,102] Trial 2 finished with value: 0.3399115023183544 and parameters: {'model_name': 'SimpleImputer', 'strategy': 'most_frequent'}. Best is trial 1 with value: 0.2539736426813636.
running
[I 2024-11-07 20:38:27,242] Trial 25 finished with value: 0.2539736426813636 and parameters: {'model_name': 'SimpleImputer', 'strategy': 'mean'}. Best is trial 1 with value: 0.2539736426813636.
running
[I 2024-11-07 20:38:27,405] Trial 31 finished with value: 0.2539736426813636 and parameters: {'model_name': 'SimpleImputer', 'strategy': 'mean'}. Best is trial 1 with value: 0.2539736426813636.
running
[I 2024-11-07 20:38:27,521] Trial 36 finished with value: 0.2539736426813636 and parameters: {'model_name': 'SimpleImputer', 'strategy': 'mean'}. Best is trial 1 with value: 0.2539736426813636.
[I 2024-11-07 20:38:27,618] Trial 26 finished with value: 0.2539736426813636 and parameters: {'model_name': 'SimpleImputer', 'strategy': 'mean'}. Best is trial 1 with value: 0.2539736426813636.
[I 2024-11-07 20:38:27,713] Trial 32 finished with value: 0.2539736426813636 and parameters: {'model_name': 'SimpleImputer', 'strategy': 'mean'}. Best is trial 1 with value: 0.2539736426813636.
running
running
running
[I 2024-11-07 20:38:27,897] Trial 14 finished with value: 0.3399115023183544 and parameters: {'model_name': 'SimpleImputer', 'strategy': 'most_frequent'}. Best is trial 1 with value: 0.2539736426813636.
running
[I 2024-11-07 20:38:28,037] Trial 37 finished with value: 0.2539736426813636 and parameters: {'model_name': 'SimpleImputer', 'strategy': 'mean'}. Best is trial 1 with value: 0.2539736426813636.
running
[I 2024-11-07 20:38:28,159] Trial 38 finished with value: 0.2539736426813636 and parameters: {'model_name': 'SimpleImputer', 'strategy': 'mean'}. Best is trial 1 with value: 0.2539736426813636.
running
[I 2024-11-07 20:38:28,379] Trial 39 finished with value: 0.2539736426813636 and parameters: {'model_name': 'SimpleImputer', 'strategy': 'mean'}. Best is trial 1 with value: 0.2539736426813636.
[I 2024-11-07 20:38:28,480] Trial 13 finished with value: 0.3399115023183544 and parameters: {'model_name': 'SimpleImputer', 'strategy': 'most_frequent'}. Best is trial 1 with value: 0.2539736426813636.
running
running
[I 2024-11-07 20:38:28,706] Trial 17 finished with value: 0.3399115023183544 and parameters: {'model_name': 'SimpleImputer', 'strategy': 'most_frequent'}. Best is trial 1 with value: 0.2539736426813636.
[I 2024-11-07 20:38:28,802] Trial 40 finished with value: 0.2539736426813636 and parameters: {'model_name': 'SimpleImputer', 'strategy': 'mean'}. Best is trial 1 with value: 0.2539736426813636.
running
running
[I 2024-11-07 20:38:28,999] Trial 48 finished with value: 0.2539736426813636 and parameters: {'model_name': 'SimpleImputer', 'strategy': 'mean'}. Best is trial 1 with value: 0.2539736426813636.
running
[I 2024-11-07 20:38:29,187] Trial 46 finished with value: 0.2539736426813636 and parameters: {'model_name': 'SimpleImputer', 'strategy': 'mean'}. Best is trial 1 with value: 0.2539736426813636.
running
[I 2024-11-07 20:38:29,358] Trial 41 finished with value: 0.2539736426813636 and parameters: {'model_name': 'SimpleImputer', 'strategy': 'mean'}. Best is trial 1 with value: 0.2539736426813636.
[I 2024-11-07 20:38:29,513] Trial 43 finished with value: 0.2539736426813636 and parameters: {'model_name': 'SimpleImputer', 'strategy': 'mean'}. Best is trial 1 with value: 0.2539736426813636.
running
[I 2024-11-07 20:38:29,644] Trial 42 finished with value: 0.2539736426813636 and parameters: {'model_name': 'SimpleImputer', 'strategy': 'mean'}. Best is trial 1 with value: 0.2539736426813636.
running
[I 2024-11-07 20:38:29,832] Trial 45 finished with value: 0.2539736426813636 and parameters: {'model_name': 'SimpleImputer', 'strategy': 'mean'}. Best is trial 1 with value: 0.2539736426813636.
running
running
[I 2024-11-07 20:38:30,114] Trial 44 finished with value: 0.2539736426813636 and parameters: {'model_name': 'SimpleImputer', 'strategy': 'mean'}. Best is trial 1 with value: 0.2539736426813636.
running
[I 2024-11-07 20:38:30,242] Trial 47 finished with value: 0.2539736426813636 and parameters: {'model_name': 'SimpleImputer', 'strategy': 'mean'}. Best is trial 1 with value: 0.2539736426813636.
[I 2024-11-07 20:38:30,334] Trial 34 finished with value: 0.3399115023183544 and parameters: {'model_name': 'SimpleImputer', 'strategy': 'most_frequent'}. Best is trial 1 with value: 0.2539736426813636.
running
running
[I 2024-11-07 20:38:30,456] Trial 50 finished with value: 0.2539736426813636 and parameters: {'model_name': 'SimpleImputer', 'strategy': 'mean'}. Best is trial 1 with value: 0.2539736426813636.
running
[I 2024-11-07 20:38:30,622] Trial 49 finished with value: 0.2539736426813636 and parameters: {'model_name': 'SimpleImputer', 'strategy': 'mean'}. Best is trial 1 with value: 0.2539736426813636.
[I 2024-11-07 20:38:30,716] Trial 53 finished with value: 0.2539736426813636 and parameters: {'model_name': 'SimpleImputer', 'strategy': 'mean'}. Best is trial 1 with value: 0.2539736426813636.
running
running
[I 2024-11-07 20:38:30,836] Trial 54 finished with value: 0.2539736426813636 and parameters: {'model_name': 'SimpleImputer', 'strategy': 'mean'}. Best is trial 1 with value: 0.2539736426813636.
running
[I 2024-11-07 20:38:30,963] Trial 55 finished with value: 0.2539736426813636 and parameters: {'model_name': 'SimpleImputer', 'strategy': 'mean'}. Best is trial 1 with value: 0.2539736426813636.
[I 2024-11-07 20:38:31,073] Trial 33 finished with value: 0.3399115023183544 and parameters: {'model_name': 'SimpleImputer', 'strategy': 'most_frequent'}. Best is trial 1 with value: 0.2539736426813636.
[I 2024-11-07 20:38:31,167] Trial 51 finished with value: 0.2539736426813636 and parameters: {'model_name': 'SimpleImputer', 'strategy': 'mean'}. Best is trial 1 with value: 0.2539736426813636.
[I 2024-11-07 20:38:31,257] Trial 52 finished with value: 0.2539736426813636 and parameters: {'model_name': 'SimpleImputer', 'strategy': 'mean'}. Best is trial 1 with value: 0.2539736426813636.
running
running
running
running
[I 2024-11-07 20:38:31,484] Trial 56 finished with value: 0.28459095391617056 and parameters: {'model_name': 'SimpleImputer', 'strategy': 'median'}. Best is trial 1 with value: 0.2539736426813636.
running
[I 2024-11-07 20:38:31,663] Trial 59 finished with value: 0.28459095391617056 and parameters: {'model_name': 'SimpleImputer', 'strategy': 'median'}. Best is trial 1 with value: 0.2539736426813636.
running
[I 2024-11-07 20:38:31,819] Trial 57 finished with value: 0.28459095391617056 and parameters: {'model_name': 'SimpleImputer', 'strategy': 'median'}. Best is trial 1 with value: 0.2539736426813636.
running
[I 2024-11-07 20:38:31,937] Trial 61 finished with value: 0.28459095391617056 and parameters: {'model_name': 'SimpleImputer', 'strategy': 'median'}. Best is trial 1 with value: 0.2539736426813636.
[I 2024-11-07 20:38:32,043] Trial 35 finished with value: 0.3399115023183544 and parameters: {'model_name': 'SimpleImputer', 'strategy': 'most_frequent'}. Best is trial 1 with value: 0.2539736426813636.
running
[I 2024-11-07 20:38:32,141] Trial 58 finished with value: 0.28459095391617056 and parameters: {'model_name': 'SimpleImputer', 'strategy': 'median'}. Best is trial 1 with value: 0.2539736426813636.
running
[I 2024-11-07 20:38:32,241] Trial 60 finished with value: 0.28459095391617056 and parameters: {'model_name': 'SimpleImputer', 'strategy': 'median'}. Best is trial 1 with value: 0.2539736426813636.
running
[I 2024-11-07 20:38:32,354] Trial 62 finished with value: 0.28459095391617056 and parameters: {'model_name': 'SimpleImputer', 'strategy': 'median'}. Best is trial 1 with value: 0.2539736426813636.
running
running
[I 2024-11-07 20:38:32,490] Trial 65 finished with value: 0.28459095391617056 and parameters: {'model_name': 'SimpleImputer', 'strategy': 'median'}. Best is trial 1 with value: 0.2539736426813636.
running
[I 2024-11-07 20:38:32,629] Trial 63 finished with value: 0.28459095391617056 and parameters: {'model_name': 'SimpleImputer', 'strategy': 'median'}. Best is trial 1 with value: 0.2539736426813636.
[I 2024-11-07 20:38:32,730] Trial 66 finished with value: 0.28459095391617056 and parameters: {'model_name': 'SimpleImputer', 'strategy': 'median'}. Best is trial 1 with value: 0.2539736426813636.
running
running
[I 2024-11-07 20:38:32,889] Trial 69 finished with value: 0.28459095391617056 and parameters: {'model_name': 'SimpleImputer', 'strategy': 'median'}. Best is trial 1 with value: 0.2539736426813636.
[I 2024-11-07 20:38:32,984] Trial 68 finished with value: 0.28459095391617056 and parameters: {'model_name': 'SimpleImputer', 'strategy': 'median'}. Best is trial 1 with value: 0.2539736426813636.
running
running
[I 2024-11-07 20:38:33,121] Trial 67 finished with value: 0.28459095391617056 and parameters: {'model_name': 'SimpleImputer', 'strategy': 'median'}. Best is trial 1 with value: 0.2539736426813636.
running
[I 2024-11-07 20:38:33,222] Trial 64 finished with value: 0.28459095391617056 and parameters: {'model_name': 'SimpleImputer', 'strategy': 'median'}. Best is trial 1 with value: 0.2539736426813636.
running
[I 2024-11-07 20:38:33,460] Trial 70 finished with value: 0.28459095391617056 and parameters: {'model_name': 'SimpleImputer', 'strategy': 'median'}. Best is trial 1 with value: 0.2539736426813636.
running
[I 2024-11-07 20:38:33,581] Trial 76 finished with value: 0.2539736426813636 and parameters: {'model_name': 'SimpleImputer', 'strategy': 'mean'}. Best is trial 1 with value: 0.2539736426813636.
running
[I 2024-11-07 20:38:33,690] Trial 74 finished with value: 0.2539736426813636 and parameters: {'model_name': 'SimpleImputer', 'strategy': 'mean'}. Best is trial 1 with value: 0.2539736426813636.
[I 2024-11-07 20:38:33,818] Trial 75 finished with value: 0.2539736426813636 and parameters: {'model_name': 'SimpleImputer', 'strategy': 'mean'}. Best is trial 1 with value: 0.2539736426813636.
running
[I 2024-11-07 20:38:33,920] Trial 77 finished with value: 0.2539736426813636 and parameters: {'model_name': 'SimpleImputer', 'strategy': 'mean'}. Best is trial 1 with value: 0.2539736426813636.
[I 2024-11-07 20:38:34,068] Trial 71 finished with value: 0.28459095391617056 and parameters: {'model_name': 'SimpleImputer', 'strategy': 'median'}. Best is trial 1 with value: 0.2539736426813636.
running
running
running
[I 2024-11-07 20:38:34,194] Trial 72 finished with value: 0.28459095391617056 and parameters: {'model_name': 'SimpleImputer', 'strategy': 'median'}. Best is trial 1 with value: 0.2539736426813636.
[I 2024-11-07 20:38:34,309] Trial 73 finished with value: 0.2539736426813636 and parameters: {'model_name': 'SimpleImputer', 'strategy': 'mean'}. Best is trial 1 with value: 0.2539736426813636.
running
running
[I 2024-11-07 20:38:34,485] Trial 78 finished with value: 0.2539736426813636 and parameters: {'model_name': 'SimpleImputer', 'strategy': 'mean'}. Best is trial 1 with value: 0.2539736426813636.
running
[I 2024-11-07 20:38:34,611] Trial 81 finished with value: 0.2539736426813636 and parameters: {'model_name': 'SimpleImputer', 'strategy': 'mean'}. Best is trial 1 with value: 0.2539736426813636.
[I 2024-11-07 20:38:34,704] Trial 82 finished with value: 0.2539736426813636 and parameters: {'model_name': 'SimpleImputer', 'strategy': 'mean'}. Best is trial 1 with value: 0.2539736426813636.
running
running
[I 2024-11-07 20:38:34,833] Trial 80 finished with value: 0.2539736426813636 and parameters: {'model_name': 'SimpleImputer', 'strategy': 'mean'}. Best is trial 1 with value: 0.2539736426813636.
running
[I 2024-11-07 20:38:34,938] Trial 84 finished with value: 0.2539736426813636 and parameters: {'model_name': 'SimpleImputer', 'strategy': 'mean'}. Best is trial 1 with value: 0.2539736426813636.
[I 2024-11-07 20:38:34,942] Trial 85 finished with value: 0.2539736426813636 and parameters: {'model_name': 'SimpleImputer', 'strategy': 'mean'}. Best is trial 1 with value: 0.2539736426813636.
running
running
[I 2024-11-07 20:38:35,170] Trial 79 finished with value: 0.2539736426813636 and parameters: {'model_name': 'SimpleImputer', 'strategy': 'mean'}. Best is trial 1 with value: 0.2539736426813636.
running
[I 2024-11-07 20:38:35,330] Trial 88 finished with value: 0.2539736426813636 and parameters: {'model_name': 'SimpleImputer', 'strategy': 'mean'}. Best is trial 1 with value: 0.2539736426813636.
running
[I 2024-11-07 20:38:35,513] Trial 87 finished with value: 0.2539736426813636 and parameters: {'model_name': 'SimpleImputer', 'strategy': 'mean'}. Best is trial 1 with value: 0.2539736426813636.
[I 2024-11-07 20:38:35,609] Trial 89 finished with value: 0.2539736426813636 and parameters: {'model_name': 'SimpleImputer', 'strategy': 'mean'}. Best is trial 1 with value: 0.2539736426813636.
[I 2024-11-07 20:38:35,700] Trial 86 finished with value: 0.2539736426813636 and parameters: {'model_name': 'SimpleImputer', 'strategy': 'mean'}. Best is trial 1 with value: 0.2539736426813636.
[I 2024-11-07 20:38:35,788] Trial 83 finished with value: 0.2539736426813636 and parameters: {'model_name': 'SimpleImputer', 'strategy': 'mean'}. Best is trial 1 with value: 0.2539736426813636.
running
[I 2024-11-07 20:38:35,883] Trial 90 finished with value: 0.2539736426813636 and parameters: {'model_name': 'SimpleImputer', 'strategy': 'mean'}. Best is trial 1 with value: 0.2539736426813636.
running
running
running
[I 2024-11-07 20:38:35,885] Trial 91 finished with value: 0.2539736426813636 and parameters: {'model_name': 'SimpleImputer', 'strategy': 'mean'}. Best is trial 1 with value: 0.2539736426813636.
running
[I 2024-11-07 20:38:35,984] Trial 94 finished with value: 0.46698420528762596 and parameters: {'model_name': 'SimpleImputer', 'strategy': 'constant'}. Best is trial 1 with value: 0.2539736426813636.
running
running
[I 2024-11-07 20:38:36,220] Trial 92 finished with value: 0.2539736426813636 and parameters: {'model_name': 'SimpleImputer', 'strategy': 'mean'}. Best is trial 1 with value: 0.2539736426813636.
[I 2024-11-07 20:38:36,337] Trial 97 finished with value: 0.46698420528762596 and parameters: {'model_name': 'SimpleImputer', 'strategy': 'constant'}. Best is trial 1 with value: 0.2539736426813636.
[I 2024-11-07 20:38:36,457] Trial 93 finished with value: 0.2539736426813636 and parameters: {'model_name': 'SimpleImputer', 'strategy': 'mean'}. Best is trial 1 with value: 0.2539736426813636.
[I 2024-11-07 20:38:36,551] Trial 98 finished with value: 0.46698420528762596 and parameters: {'model_name': 'SimpleImputer', 'strategy': 'constant'}. Best is trial 1 with value: 0.2539736426813636.
running
running
running
running
[I 2024-11-07 20:38:36,689] Trial 99 finished with value: 0.46698420528762596 and parameters: {'model_name': 'SimpleImputer', 'strategy': 'constant'}. Best is trial 1 with value: 0.2539736426813636.
[I 2024-11-07 20:38:36,835] Trial 101 finished with value: 0.46698420528762596 and parameters: {'model_name': 'SimpleImputer', 'strategy': 'constant'}. Best is trial 1 with value: 0.2539736426813636.
running
[I 2024-11-07 20:38:37,028] Trial 100 finished with value: 0.2539736426813636 and parameters: {'model_name': 'SimpleImputer', 'strategy': 'mean'}. Best is trial 1 with value: 0.2539736426813636.
[I 2024-11-07 20:38:37,122] Trial 95 finished with value: 0.2539736426813636 and parameters: {'model_name': 'SimpleImputer', 'strategy': 'mean'}. Best is trial 1 with value: 0.2539736426813636.
running
running
running
[I 2024-11-07 20:38:37,291] Trial 102 finished with value: 0.46698420528762596 and parameters: {'model_name': 'SimpleImputer', 'strategy': 'constant'}. Best is trial 1 with value: 0.2539736426813636.
[I 2024-11-07 20:38:37,414] Trial 96 finished with value: 0.2539736426813636 and parameters: {'model_name': 'SimpleImputer', 'strategy': 'mean'}. Best is trial 1 with value: 0.2539736426813636.
running
running
[I 2024-11-07 20:38:37,593] Trial 103 finished with value: 0.46698420528762596 and parameters: {'model_name': 'SimpleImputer', 'strategy': 'constant'}. Best is trial 1 with value: 0.2539736426813636.
running
[I 2024-11-07 20:38:37,910] Trial 105 finished with value: 0.46698420528762596 and parameters: {'model_name': 'SimpleImputer', 'strategy': 'constant'}. Best is trial 1 with value: 0.2539736426813636.
running
[I 2024-11-07 20:38:38,607] Trial 120 finished with value: 0.2539736426813636 and parameters: {'model_name': 'SimpleImputer', 'strategy': 'mean'}. Best is trial 1 with value: 0.2539736426813636.
[I 2024-11-07 20:38:38,723] Trial 115 finished with value: 0.2539736426813636 and parameters: {'model_name': 'SimpleImputer', 'strategy': 'mean'}. Best is trial 1 with value: 0.2539736426813636.
running
running
[I 2024-11-07 20:38:39,374] Trial 121 finished with value: 0.2539736426813636 and parameters: {'model_name': 'SimpleImputer', 'strategy': 'mean'}. Best is trial 1 with value: 0.2539736426813636.
running
[I 2024-11-07 20:38:39,562] Trial 106 finished with value: 0.3399115023183544 and parameters: {'model_name': 'SimpleImputer', 'strategy': 'most_frequent'}. Best is trial 1 with value: 0.2539736426813636.
[I 2024-11-07 20:38:39,664] Trial 108 finished with value: 0.3399115023183544 and parameters: {'model_name': 'SimpleImputer', 'strategy': 'most_frequent'}. Best is trial 1 with value: 0.2539736426813636.
running
[I 2024-11-07 20:38:39,769] Trial 110 finished with value: 0.3399115023183544 and parameters: {'model_name': 'SimpleImputer', 'strategy': 'most_frequent'}. Best is trial 1 with value: 0.2539736426813636.
running
[I 2024-11-07 20:38:39,941] Trial 107 finished with value: 0.3399115023183544 and parameters: {'model_name': 'SimpleImputer', 'strategy': 'most_frequent'}. Best is trial 1 with value: 0.2539736426813636.
running
running
[I 2024-11-07 20:38:40,272] Trial 112 finished with value: 0.3399115023183544 and parameters: {'model_name': 'SimpleImputer', 'strategy': 'most_frequent'}. Best is trial 1 with value: 0.2539736426813636.
running
[I 2024-11-07 20:38:40,437] Trial 104 finished with value: 0.3399115023183544 and parameters: {'model_name': 'SimpleImputer', 'strategy': 'most_frequent'}. Best is trial 1 with value: 0.2539736426813636.
running
[I 2024-11-07 20:38:40,688] Trial 125 finished with value: 0.2539736426813636 and parameters: {'model_name': 'SimpleImputer', 'strategy': 'mean'}. Best is trial 1 with value: 0.2539736426813636.
running
[I 2024-11-07 20:38:40,845] Trial 109 finished with value: 0.3399115023183544 and parameters: {'model_name': 'SimpleImputer', 'strategy': 'most_frequent'}. Best is trial 1 with value: 0.2539736426813636.
running
[I 2024-11-07 20:38:40,970] Trial 126 finished with value: 0.2539736426813636 and parameters: {'model_name': 'SimpleImputer', 'strategy': 'mean'}. Best is trial 1 with value: 0.2539736426813636.
[I 2024-11-07 20:38:41,070] Trial 127 finished with value: 0.2539736426813636 and parameters: {'model_name': 'SimpleImputer', 'strategy': 'mean'}. Best is trial 1 with value: 0.2539736426813636.
running
running
[I 2024-11-07 20:38:41,334] Trial 117 finished with value: 0.3399115023183544 and parameters: {'model_name': 'SimpleImputer', 'strategy': 'most_frequent'}. Best is trial 1 with value: 0.2539736426813636.
running
[I 2024-11-07 20:38:41,480] Trial 124 finished with value: 0.2539736426813636 and parameters: {'model_name': 'SimpleImputer', 'strategy': 'mean'}. Best is trial 1 with value: 0.2539736426813636.
running
[I 2024-11-07 20:38:41,657] Trial 123 finished with value: 0.2539736426813636 and parameters: {'model_name': 'SimpleImputer', 'strategy': 'mean'}. Best is trial 1 with value: 0.2539736426813636.
running
[I 2024-11-07 20:38:41,849] Trial 116 finished with value: 0.3399115023183544 and parameters: {'model_name': 'SimpleImputer', 'strategy': 'most_frequent'}. Best is trial 1 with value: 0.2539736426813636.
running
[I 2024-11-07 20:38:42,011] Trial 111 finished with value: 0.3399115023183544 and parameters: {'model_name': 'SimpleImputer', 'strategy': 'most_frequent'}. Best is trial 1 with value: 0.2539736426813636.
running
[I 2024-11-07 20:38:42,156] Trial 114 finished with value: 0.3399115023183544 and parameters: {'model_name': 'SimpleImputer', 'strategy': 'most_frequent'}. Best is trial 1 with value: 0.2539736426813636.
running
[I 2024-11-07 20:38:42,265] Trial 118 finished with value: 0.3399115023183544 and parameters: {'model_name': 'SimpleImputer', 'strategy': 'most_frequent'}. Best is trial 1 with value: 0.2539736426813636.
running
[I 2024-11-07 20:38:42,410] Trial 130 finished with value: 0.2539736426813636 and parameters: {'model_name': 'SimpleImputer', 'strategy': 'mean'}. Best is trial 1 with value: 0.2539736426813636.
[I 2024-11-07 20:38:42,567] Trial 129 finished with value: 0.2539736426813636 and parameters: {'model_name': 'SimpleImputer', 'strategy': 'mean'}. Best is trial 1 with value: 0.2539736426813636.
[I 2024-11-07 20:38:42,712] Trial 119 finished with value: 0.3399115023183544 and parameters: {'model_name': 'SimpleImputer', 'strategy': 'most_frequent'}. Best is trial 1 with value: 0.2539736426813636.
running
running
[I 2024-11-07 20:38:42,852] Trial 128 finished with value: 0.2539736426813636 and parameters: {'model_name': 'SimpleImputer', 'strategy': 'mean'}. Best is trial 1 with value: 0.2539736426813636.
running
[I 2024-11-07 20:38:42,988] Trial 131 finished with value: 0.2539736426813636 and parameters: {'model_name': 'SimpleImputer', 'strategy': 'mean'}. Best is trial 1 with value: 0.2539736426813636.
running
[I 2024-11-07 20:38:43,153] Trial 132 finished with value: 0.2539736426813636 and parameters: {'model_name': 'SimpleImputer', 'strategy': 'mean'}. Best is trial 1 with value: 0.2539736426813636.
running
[I 2024-11-07 20:38:43,280] Trial 135 finished with value: 0.2539736426813636 and parameters: {'model_name': 'SimpleImputer', 'strategy': 'mean'}. Best is trial 1 with value: 0.2539736426813636.
running
[I 2024-11-07 20:38:43,310] Trial 134 finished with value: 0.2539736426813636 and parameters: {'model_name': 'SimpleImputer', 'strategy': 'mean'}. Best is trial 1 with value: 0.2539736426813636.
running
running
[I 2024-11-07 20:38:43,819] Trial 136 finished with value: 0.2539736426813636 and parameters: {'model_name': 'SimpleImputer', 'strategy': 'mean'}. Best is trial 1 with value: 0.2539736426813636.
[I 2024-11-07 20:38:43,920] Trial 133 finished with value: 0.2539736426813636 and parameters: {'model_name': 'SimpleImputer', 'strategy': 'mean'}. Best is trial 1 with value: 0.2539736426813636.
[I 2024-11-07 20:38:44,074] Trial 142 finished with value: 0.2539736426813636 and parameters: {'model_name': 'SimpleImputer', 'strategy': 'mean'}. Best is trial 1 with value: 0.2539736426813636.
running
[I 2024-11-07 20:38:44,199] Trial 140 finished with value: 0.2539736426813636 and parameters: {'model_name': 'SimpleImputer', 'strategy': 'mean'}. Best is trial 1 with value: 0.2539736426813636.
[I 2024-11-07 20:38:44,355] Trial 113 finished with value: 0.3399115023183544 and parameters: {'model_name': 'SimpleImputer', 'strategy': 'most_frequent'}. Best is trial 1 with value: 0.2539736426813636.
[I 2024-11-07 20:38:44,478] Trial 138 finished with value: 0.2539736426813636 and parameters: {'model_name': 'SimpleImputer', 'strategy': 'mean'}. Best is trial 1 with value: 0.2539736426813636.
[I 2024-11-07 20:38:44,637] Trial 122 finished with value: 0.3399115023183544 and parameters: {'model_name': 'SimpleImputer', 'strategy': 'most_frequent'}. Best is trial 1 with value: 0.2539736426813636.
running
running
running
running
[I 2024-11-07 20:38:44,772] Trial 139 finished with value: 0.2539736426813636 and parameters: {'model_name': 'SimpleImputer', 'strategy': 'mean'}. Best is trial 1 with value: 0.2539736426813636.
running
[I 2024-11-07 20:38:44,884] Trial 137 finished with value: 0.2539736426813636 and parameters: {'model_name': 'SimpleImputer', 'strategy': 'mean'}. Best is trial 1 with value: 0.2539736426813636.
running
running
[I 2024-11-07 20:38:45,036] Trial 141 finished with value: 0.2539736426813636 and parameters: {'model_name': 'SimpleImputer', 'strategy': 'mean'}. Best is trial 1 with value: 0.2539736426813636.
[I 2024-11-07 20:38:45,134] Trial 147 finished with value: 0.2539736426813636 and parameters: {'model_name': 'SimpleImputer', 'strategy': 'mean'}. Best is trial 1 with value: 0.2539736426813636.
running
[I 2024-11-07 20:38:45,235] Trial 144 finished with value: 0.2539736426813636 and parameters: {'model_name': 'SimpleImputer', 'strategy': 'mean'}. Best is trial 1 with value: 0.2539736426813636.
running
running
running
[I 2024-11-07 20:38:45,375] Trial 143 finished with value: 0.2539736426813636 and parameters: {'model_name': 'SimpleImputer', 'strategy': 'mean'}. Best is trial 1 with value: 0.2539736426813636.
running
[I 2024-11-07 20:38:45,558] Trial 146 finished with value: 0.2539736426813636 and parameters: {'model_name': 'SimpleImputer', 'strategy': 'mean'}. Best is trial 1 with value: 0.2539736426813636.
running
[I 2024-11-07 20:38:45,733] Trial 148 finished with value: 0.2539736426813636 and parameters: {'model_name': 'SimpleImputer', 'strategy': 'mean'}. Best is trial 1 with value: 0.2539736426813636.
running
[I 2024-11-07 20:38:45,853] Trial 145 finished with value: 0.2539736426813636 and parameters: {'model_name': 'SimpleImputer', 'strategy': 'mean'}. Best is trial 1 with value: 0.2539736426813636.
running
[I 2024-11-07 20:38:46,084] Trial 151 finished with value: 0.2539736426813636 and parameters: {'model_name': 'SimpleImputer', 'strategy': 'mean'}. Best is trial 1 with value: 0.2539736426813636.
[I 2024-11-07 20:38:46,222] Trial 154 finished with value: 0.2539736426813636 and parameters: {'model_name': 'SimpleImputer', 'strategy': 'mean'}. Best is trial 1 with value: 0.2539736426813636.
running
[I 2024-11-07 20:38:46,413] Trial 156 finished with value: 0.2539736426813636 and parameters: {'model_name': 'SimpleImputer', 'strategy': 'mean'}. Best is trial 1 with value: 0.2539736426813636.
running
running
[I 2024-11-07 20:38:46,586] Trial 155 finished with value: 0.2539736426813636 and parameters: {'model_name': 'SimpleImputer', 'strategy': 'mean'}. Best is trial 1 with value: 0.2539736426813636.
[I 2024-11-07 20:38:46,752] Trial 149 finished with value: 0.2539736426813636 and parameters: {'model_name': 'SimpleImputer', 'strategy': 'mean'}. Best is trial 1 with value: 0.2539736426813636.
running
[I 2024-11-07 20:38:46,880] Trial 150 finished with value: 0.2539736426813636 and parameters: {'model_name': 'SimpleImputer', 'strategy': 'mean'}. Best is trial 1 with value: 0.2539736426813636.
running
[I 2024-11-07 20:38:46,986] Trial 158 finished with value: 0.2539736426813636 and parameters: {'model_name': 'SimpleImputer', 'strategy': 'mean'}. Best is trial 1 with value: 0.2539736426813636.
running
running
[I 2024-11-07 20:38:47,120] Trial 153 finished with value: 0.2539736426813636 and parameters: {'model_name': 'SimpleImputer', 'strategy': 'mean'}. Best is trial 1 with value: 0.2539736426813636.
running
[I 2024-11-07 20:38:47,265] Trial 152 finished with value: 0.2539736426813636 and parameters: {'model_name': 'SimpleImputer', 'strategy': 'mean'}. Best is trial 1 with value: 0.2539736426813636.
[I 2024-11-07 20:38:47,400] Trial 157 finished with value: 0.2539736426813636 and parameters: {'model_name': 'SimpleImputer', 'strategy': 'mean'}. Best is trial 1 with value: 0.2539736426813636.
running
[I 2024-11-07 20:38:47,568] Trial 159 finished with value: 0.2539736426813636 and parameters: {'model_name': 'SimpleImputer', 'strategy': 'mean'}. Best is trial 1 with value: 0.2539736426813636.
running
running
[I 2024-11-07 20:38:47,816] Trial 170 finished with value: 0.2539736426813636 and parameters: {'model_name': 'SimpleImputer', 'strategy': 'mean'}. Best is trial 1 with value: 0.2539736426813636.
[I 2024-11-07 20:38:47,913] Trial 160 finished with value: 0.2539736426813636 and parameters: {'model_name': 'SimpleImputer', 'strategy': 'mean'}. Best is trial 1 with value: 0.2539736426813636.
[I 2024-11-07 20:38:48,071] Trial 161 finished with value: 0.2539736426813636 and parameters: {'model_name': 'SimpleImputer', 'strategy': 'mean'}. Best is trial 1 with value: 0.2539736426813636.
running
running
[I 2024-11-07 20:38:48,187] Trial 167 finished with value: 0.2539736426813636 and parameters: {'model_name': 'SimpleImputer', 'strategy': 'mean'}. Best is trial 1 with value: 0.2539736426813636.
[I 2024-11-07 20:38:48,281] Trial 163 finished with value: 0.2539736426813636 and parameters: {'model_name': 'SimpleImputer', 'strategy': 'mean'}. Best is trial 1 with value: 0.2539736426813636.
[I 2024-11-07 20:38:48,436] Trial 162 finished with value: 0.2539736426813636 and parameters: {'model_name': 'SimpleImputer', 'strategy': 'mean'}. Best is trial 1 with value: 0.2539736426813636.
running
[I 2024-11-07 20:38:48,592] Trial 169 finished with value: 0.2539736426813636 and parameters: {'model_name': 'SimpleImputer', 'strategy': 'mean'}. Best is trial 1 with value: 0.2539736426813636.
running
[I 2024-11-07 20:38:48,701] Trial 165 finished with value: 0.2539736426813636 and parameters: {'model_name': 'SimpleImputer', 'strategy': 'mean'}. Best is trial 1 with value: 0.2539736426813636.
running
running
running
[I 2024-11-07 20:38:48,904] Trial 164 finished with value: 0.2539736426813636 and parameters: {'model_name': 'SimpleImputer', 'strategy': 'mean'}. Best is trial 1 with value: 0.2539736426813636.
[I 2024-11-07 20:38:49,053] Trial 166 finished with value: 0.2539736426813636 and parameters: {'model_name': 'SimpleImputer', 'strategy': 'mean'}. Best is trial 1 with value: 0.2539736426813636.
[I 2024-11-07 20:38:49,162] Trial 168 finished with value: 0.2539736426813636 and parameters: {'model_name': 'SimpleImputer', 'strategy': 'mean'}. Best is trial 1 with value: 0.2539736426813636.
[I 2024-11-07 20:38:49,286] Trial 171 finished with value: 0.2539736426813636 and parameters: {'model_name': 'SimpleImputer', 'strategy': 'mean'}. Best is trial 1 with value: 0.2539736426813636.
running
[I 2024-11-07 20:38:49,396] Trial 172 finished with value: 0.2539736426813636 and parameters: {'model_name': 'SimpleImputer', 'strategy': 'mean'}. Best is trial 1 with value: 0.2539736426813636.
running
[I 2024-11-07 20:38:49,491] Trial 175 finished with value: 0.2539736426813636 and parameters: {'model_name': 'SimpleImputer', 'strategy': 'mean'}. Best is trial 1 with value: 0.2539736426813636.
running
running
[I 2024-11-07 20:38:49,645] Trial 176 finished with value: 0.2539736426813636 and parameters: {'model_name': 'SimpleImputer', 'strategy': 'mean'}. Best is trial 1 with value: 0.2539736426813636.
[I 2024-11-07 20:38:49,736] Trial 178 finished with value: 0.2539736426813636 and parameters: {'model_name': 'SimpleImputer', 'strategy': 'mean'}. Best is trial 1 with value: 0.2539736426813636.
running
running
running
[I 2024-11-07 20:38:49,850] Trial 173 finished with value: 0.2539736426813636 and parameters: {'model_name': 'SimpleImputer', 'strategy': 'mean'}. Best is trial 1 with value: 0.2539736426813636.
running
running
[I 2024-11-07 20:38:50,026] Trial 177 finished with value: 0.2539736426813636 and parameters: {'model_name': 'SimpleImputer', 'strategy': 'mean'}. Best is trial 1 with value: 0.2539736426813636.
[I 2024-11-07 20:38:50,140] Trial 174 finished with value: 0.2539736426813636 and parameters: {'model_name': 'SimpleImputer', 'strategy': 'mean'}. Best is trial 1 with value: 0.2539736426813636.
running
running
running
[I 2024-11-07 20:38:50,515] Trial 179 finished with value: 0.2539736426813636 and parameters: {'model_name': 'SimpleImputer', 'strategy': 'mean'}. Best is trial 1 with value: 0.2539736426813636.
[I 2024-11-07 20:38:50,649] Trial 181 finished with value: 0.2539736426813636 and parameters: {'model_name': 'SimpleImputer', 'strategy': 'mean'}. Best is trial 1 with value: 0.2539736426813636.
running
running
[I 2024-11-07 20:38:50,877] Trial 192 finished with value: 0.2539736426813636 and parameters: {'model_name': 'SimpleImputer', 'strategy': 'mean'}. Best is trial 1 with value: 0.2539736426813636.
[I 2024-11-07 20:38:50,994] Trial 183 finished with value: 0.2539736426813636 and parameters: {'model_name': 'SimpleImputer', 'strategy': 'mean'}. Best is trial 1 with value: 0.2539736426813636.
running
[I 2024-11-07 20:38:51,108] Trial 185 finished with value: 0.2539736426813636 and parameters: {'model_name': 'SimpleImputer', 'strategy': 'mean'}. Best is trial 1 with value: 0.2539736426813636.
running
[I 2024-11-07 20:38:51,209] Trial 184 finished with value: 0.2539736426813636 and parameters: {'model_name': 'SimpleImputer', 'strategy': 'mean'}. Best is trial 1 with value: 0.2539736426813636.
[I 2024-11-07 20:38:51,302] Trial 182 finished with value: 0.2539736426813636 and parameters: {'model_name': 'SimpleImputer', 'strategy': 'mean'}. Best is trial 1 with value: 0.2539736426813636.
running
[I 2024-11-07 20:38:51,433] Trial 180 finished with value: 0.2539736426813636 and parameters: {'model_name': 'SimpleImputer', 'strategy': 'mean'}. Best is trial 1 with value: 0.2539736426813636.
[I 2024-11-07 20:38:51,602] Trial 186 finished with value: 0.2539736426813636 and parameters: {'model_name': 'SimpleImputer', 'strategy': 'mean'}. Best is trial 1 with value: 0.2539736426813636.
[I 2024-11-07 20:38:51,712] Trial 190 finished with value: 0.2539736426813636 and parameters: {'model_name': 'SimpleImputer', 'strategy': 'mean'}. Best is trial 1 with value: 0.2539736426813636.
[I 2024-11-07 20:38:51,831] Trial 188 finished with value: 0.2539736426813636 and parameters: {'model_name': 'SimpleImputer', 'strategy': 'mean'}. Best is trial 1 with value: 0.2539736426813636.
[I 2024-11-07 20:38:51,993] Trial 187 finished with value: 0.2539736426813636 and parameters: {'model_name': 'SimpleImputer', 'strategy': 'mean'}. Best is trial 1 with value: 0.2539736426813636.
[I 2024-11-07 20:38:52,110] Trial 189 finished with value: 0.2539736426813636 and parameters: {'model_name': 'SimpleImputer', 'strategy': 'mean'}. Best is trial 1 with value: 0.2539736426813636.
[I 2024-11-07 20:38:52,223] Trial 194 finished with value: 0.2539736426813636 and parameters: {'model_name': 'SimpleImputer', 'strategy': 'mean'}. Best is trial 1 with value: 0.2539736426813636.
[I 2024-11-07 20:38:52,392] Trial 191 finished with value: 0.2539736426813636 and parameters: {'model_name': 'SimpleImputer', 'strategy': 'mean'}. Best is trial 1 with value: 0.2539736426813636.
[I 2024-11-07 20:38:52,508] Trial 195 finished with value: 0.2539736426813636 and parameters: {'model_name': 'SimpleImputer', 'strategy': 'mean'}. Best is trial 1 with value: 0.2539736426813636.
[I 2024-11-07 20:38:52,663] Trial 193 finished with value: 0.2539736426813636 and parameters: {'model_name': 'SimpleImputer', 'strategy': 'mean'}. Best is trial 1 with value: 0.2539736426813636.
[I 2024-11-07 20:38:52,804] Trial 197 finished with value: 0.2539736426813636 and parameters: {'model_name': 'SimpleImputer', 'strategy': 'mean'}. Best is trial 1 with value: 0.2539736426813636.
[I 2024-11-07 20:38:52,909] Trial 198 finished with value: 0.2539736426813636 and parameters: {'model_name': 'SimpleImputer', 'strategy': 'mean'}. Best is trial 1 with value: 0.2539736426813636.
[I 2024-11-07 20:38:52,999] Trial 199 finished with value: 0.2539736426813636 and parameters: {'model_name': 'SimpleImputer', 'strategy': 'mean'}. Best is trial 1 with value: 0.2539736426813636.
[I 2024-11-07 20:38:53,149] Trial 196 finished with value: 0.2539736426813636 and parameters: {'model_name': 'SimpleImputer', 'strategy': 'mean'}. Best is trial 1 with value: 0.2539736426813636.
fit
simple fit
simple transform
0     0
1     0
2     0
3     0
4     0
5     0
6     0
7     0
8     0
9     0
10    0
11    0
12    0
13    0
14    0
15    0
dtype: int64
0     0
1     0
2     0
3     0
4     0
5     0
6     0
7     0
8     0
9     0
10    0
11    0
12    0
13    0
14    0
15    0
dtype: int64
0.2539736426813636
{'model_name': 'SimpleImputer', 'strategy': 'mean'}
running experiment 2/3 - Does reconstruction give good automl predictions
Start est fit
Version 0.1.7a0 of tpot2 is outdated. Version 0.1.8a0 was released Tuesday September 17, 2024.
Version 0.1.7a0 of tpot2 is outdated. Version 0.1.8a0 was released Tuesday September 17, 2024.
Version 0.1.7a0 of tpot2 is outdated. Version 0.1.8a0 was released Tuesday September 17, 2024.
Version 0.1.7a0 of tpot2 is outdated. Version 0.1.8a0 was released Tuesday September 17, 2024.
Version 0.1.7a0 of tpot2 is outdated. Version 0.1.8a0 was released Tuesday September 17, 2024.
Version 0.1.7a0 of tpot2 is outdated. Version 0.1.8a0 was released Tuesday September 17, 2024.
Version 0.1.7a0 of tpot2 is outdated. Version 0.1.8a0 was released Tuesday September 17, 2024.
Version 0.1.7a0 of tpot2 is outdated. Version 0.1.8a0 was released Tuesday September 17, 2024.
Version 0.1.7a0 of tpot2 is outdated. Version 0.1.8a0 was released Tuesday September 17, 2024.
Version 0.1.7a0 of tpot2 is outdated. Version 0.1.8a0 was released Tuesday September 17, 2024.
Version 0.1.7a0 of tpot2 is outdated. Version 0.1.8a0 was released Tuesday September 17, 2024.
Version 0.1.7a0 of tpot2 is outdated. Version 0.1.8a0 was released Tuesday September 17, 2024.
Version 0.1.7a0 of tpot2 is outdated. Version 0.1.8a0 was released Tuesday September 17, 2024.
Version 0.1.7a0 of tpot2 is outdated. Version 0.1.8a0 was released Tuesday September 17, 2024.
Version 0.1.7a0 of tpot2 is outdated. Version 0.1.8a0 was released Tuesday September 17, 2024.
Version 0.1.7a0 of tpot2 is outdated. Version 0.1.8a0 was released Tuesday September 17, 2024.
  0%|          | 0/25 [00:00<?, ?it/s]Generation:   0%|          | 0/25 [00:00<?, ?it/s]Generation:  1
Best f1_score score: 0.7090891108964348
Generation:   4%|▍         | 1/25 [00:07<03:01,  7.57s/it]Generation:  2
Best f1_score score: 0.7090891108964348
Generation:   8%|▊         | 2/25 [00:15<02:54,  7.61s/it]Generation:  3
Best f1_score score: 0.7090891108964348
Generation:  12%|█▏        | 3/25 [00:22<02:40,  7.30s/it]Generation:  4
Best f1_score score: 0.7133762795793327
Generation:  16%|█▌        | 4/25 [00:33<03:10,  9.10s/it]Generation:  5
Best f1_score score: 0.7218459063774603
Generation:  20%|██        | 5/25 [00:45<03:22, 10.11s/it]Generation:  6
Best f1_score score: 0.7218459063774603
Generation:  24%|██▍       | 6/25 [00:56<03:17, 10.38s/it]Generation:  7
Best f1_score score: 0.7218459063774603
Generation:  28%|██▊       | 7/25 [01:11<03:30, 11.71s/it]Generation:  8
Best f1_score score: 0.7218459063774603
Generation:  32%|███▏      | 8/25 [01:30<04:00, 14.15s/it]Generation:  9
Best f1_score score: 0.7218459063774603
Generation:  36%|███▌      | 9/25 [01:46<03:53, 14.59s/it]Generation:  10
Best f1_score score: 0.7218459063774603
Generation:  40%|████      | 10/25 [02:04<03:54, 15.61s/it]Generation:  11
Best f1_score score: 0.7218459063774603
Generation:  44%|████▍     | 11/25 [02:19<03:37, 15.55s/it]Generation:  12
Best f1_score score: 0.7222524314681561
Generation:  48%|████▊     | 12/25 [02:34<03:19, 15.37s/it]Generation:  13
Best f1_score score: 0.7222524314681561
Generation:  52%|█████▏    | 13/25 [02:51<03:10, 15.85s/it]Generation:  14
Best f1_score score: 0.7239480299228055
Generation:  56%|█████▌    | 14/25 [03:08<02:59, 16.29s/it]Generation:  15
Best f1_score score: 0.7239480299228055
Generation:  60%|██████    | 15/25 [03:43<03:39, 21.92s/it]Generation:  16
Best f1_score score: 0.7239480299228055
Generation:  64%|██████▍   | 16/25 [04:08<03:25, 22.80s/it]Generation:  17
Best f1_score score: 0.7309860701800142
Generation:  68%|██████▊   | 17/25 [04:26<02:51, 21.43s/it]WARNING THIS INDIVIDUAL CAUSED AND EXCEPTION 
 <tpot2.search_spaces.pipelines.sequential.SequentialPipelineIndividual object at 0x15545bc9e7a0> 
 Argument 'metric' has incorrect type (expected str, got numpy.str_) 
 Traceback (most recent call last):
  File "/common/ketrong/tpotexp/tpot2/tpot2/utils/eval_utils.py", line 53, in objective_nan_wrapper
    value = func_timeout.func_timeout(timeout, objective_function, args=[individual], kwargs=objective_kwargs)
  File "/common/ketrong/tpotexp/env/lib/python3.10/site-packages/func_timeout/dafunc.py", line 108, in func_timeout
    raise_exception(exception)
  File "/common/ketrong/tpotexp/env/lib/python3.10/site-packages/func_timeout/py3_raise.py", line 7, in raise_exception
    raise exception[0] from None
  File "/common/ketrong/tpotexp/tpot2/tpot2/tpot_estimator/estimator.py", line 623, in objective_function
    return objective_function_generator(
  File "/common/ketrong/tpotexp/tpot2/tpot2/tpot_estimator/estimator_utils.py", line 55, in objective_function_generator
    cv_obj_scores = cross_val_score_objective(sklearn.base.clone(pipeline),x,y,scorers=scorers, cv=cv , fold=step)
  File "/common/ketrong/tpotexp/tpot2/tpot2/tpot_estimator/cross_val_utils.py", line 31, in cross_val_score_objective
    this_fold_scores = [sklearn.metrics.get_scorer(scorer)(this_fold_pipeline, X_test, y_test) for scorer in scorers]
  File "/common/ketrong/tpotexp/tpot2/tpot2/tpot_estimator/cross_val_utils.py", line 31, in <listcomp>
    this_fold_scores = [sklearn.metrics.get_scorer(scorer)(this_fold_pipeline, X_test, y_test) for scorer in scorers]
  File "/common/ketrong/tpotexp/env/lib/python3.10/site-packages/sklearn/metrics/_scorer.py", line 279, in __call__
    return self._score(partial(_cached_call, None), estimator, X, y_true, **_kwargs)
  File "/common/ketrong/tpotexp/env/lib/python3.10/site-packages/sklearn/metrics/_scorer.py", line 371, in _score
    y_pred = method_caller(
  File "/common/ketrong/tpotexp/env/lib/python3.10/site-packages/sklearn/metrics/_scorer.py", line 89, in _cached_call
    result, _ = _get_response_values(
  File "/common/ketrong/tpotexp/env/lib/python3.10/site-packages/sklearn/utils/_response.py", line 211, in _get_response_values
    y_pred = prediction_method(X)
  File "/common/ketrong/tpotexp/env/lib/python3.10/site-packages/sklearn/pipeline.py", line 601, in predict
    return self.steps[-1][1].predict(Xt, **params)
  File "/common/ketrong/tpotexp/env/lib/python3.10/site-packages/sklearn/neighbors/_classification.py", line 259, in predict
    probabilities = self.predict_proba(X)
  File "/common/ketrong/tpotexp/env/lib/python3.10/site-packages/sklearn/neighbors/_classification.py", line 343, in predict_proba
    probabilities = ArgKminClassMode.compute(
  File "/common/ketrong/tpotexp/env/lib/python3.10/site-packages/sklearn/metrics/_pairwise_distances_reduction/_dispatcher.py", line 584, in compute
    return ArgKminClassMode64.compute(
TypeError: Argument 'metric' has incorrect type (expected str, got numpy.str_)

Generation:  18
Best f1_score score: 0.7309860701800142
Generation:  72%|███████▏  | 18/25 [04:48<02:30, 21.56s/it]Generation:  19
Best f1_score score: 0.7309860701800142
Generation:  76%|███████▌  | 19/25 [05:09<02:08, 21.33s/it]Generation:  20
Best f1_score score: 0.7309860701800142
Generation:  80%|████████  | 20/25 [05:28<01:42, 20.51s/it]Generation:  21
Best f1_score score: 0.7309860701800142
Generation:  84%|████████▍ | 21/25 [05:51<01:25, 21.32s/it]Generation:  22
Best f1_score score: 0.7309860701800142
Generation:  88%|████████▊ | 22/25 [06:51<01:38, 32.95s/it]WARNING THIS INDIVIDUAL CAUSED AND EXCEPTION 
 <tpot2.search_spaces.pipelines.sequential.SequentialPipelineIndividual object at 0x15545b9afdc0> 
 Argument 'metric' has incorrect type (expected str, got numpy.str_) 
 Traceback (most recent call last):
  File "/common/ketrong/tpotexp/tpot2/tpot2/utils/eval_utils.py", line 53, in objective_nan_wrapper
    value = func_timeout.func_timeout(timeout, objective_function, args=[individual], kwargs=objective_kwargs)
  File "/common/ketrong/tpotexp/env/lib/python3.10/site-packages/func_timeout/dafunc.py", line 108, in func_timeout
    raise_exception(exception)
  File "/common/ketrong/tpotexp/env/lib/python3.10/site-packages/func_timeout/py3_raise.py", line 7, in raise_exception
    raise exception[0] from None
  File "/common/ketrong/tpotexp/tpot2/tpot2/tpot_estimator/estimator.py", line 623, in objective_function
    return objective_function_generator(
  File "/common/ketrong/tpotexp/tpot2/tpot2/tpot_estimator/estimator_utils.py", line 55, in objective_function_generator
    cv_obj_scores = cross_val_score_objective(sklearn.base.clone(pipeline),x,y,scorers=scorers, cv=cv , fold=step)
  File "/common/ketrong/tpotexp/tpot2/tpot2/tpot_estimator/cross_val_utils.py", line 31, in cross_val_score_objective
    this_fold_scores = [sklearn.metrics.get_scorer(scorer)(this_fold_pipeline, X_test, y_test) for scorer in scorers]
  File "/common/ketrong/tpotexp/tpot2/tpot2/tpot_estimator/cross_val_utils.py", line 31, in <listcomp>
    this_fold_scores = [sklearn.metrics.get_scorer(scorer)(this_fold_pipeline, X_test, y_test) for scorer in scorers]
  File "/common/ketrong/tpotexp/env/lib/python3.10/site-packages/sklearn/metrics/_scorer.py", line 279, in __call__
    return self._score(partial(_cached_call, None), estimator, X, y_true, **_kwargs)
  File "/common/ketrong/tpotexp/env/lib/python3.10/site-packages/sklearn/metrics/_scorer.py", line 371, in _score
    y_pred = method_caller(
  File "/common/ketrong/tpotexp/env/lib/python3.10/site-packages/sklearn/metrics/_scorer.py", line 89, in _cached_call
    result, _ = _get_response_values(
  File "/common/ketrong/tpotexp/env/lib/python3.10/site-packages/sklearn/utils/_response.py", line 211, in _get_response_values
    y_pred = prediction_method(X)
  File "/common/ketrong/tpotexp/env/lib/python3.10/site-packages/sklearn/pipeline.py", line 601, in predict
    return self.steps[-1][1].predict(Xt, **params)
  File "/common/ketrong/tpotexp/env/lib/python3.10/site-packages/sklearn/neighbors/_classification.py", line 259, in predict
    probabilities = self.predict_proba(X)
  File "/common/ketrong/tpotexp/env/lib/python3.10/site-packages/sklearn/neighbors/_classification.py", line 343, in predict_proba
    probabilities = ArgKminClassMode.compute(
  File "/common/ketrong/tpotexp/env/lib/python3.10/site-packages/sklearn/metrics/_pairwise_distances_reduction/_dispatcher.py", line 584, in compute
    return ArgKminClassMode64.compute(
TypeError: Argument 'metric' has incorrect type (expected str, got numpy.str_)

Generation:  23
Best f1_score score: 0.7309860701800142
Generation:  92%|█████████▏| 23/25 [07:41<01:16, 38.12s/it]Generation:  24
Best f1_score score: 0.7309860701800142
Generation:  96%|█████████▌| 24/25 [08:13<00:36, 36.24s/it]Generation:  25
Best f1_score score: 0.7309860701800142
Generation: 100%|██████████| 25/25 [08:37<00:00, 32.72s/it]Generation: 100%|██████████| 25/25 [08:42<00:00, 20.90s/it]
2024-11-07 20:47:41,256 - distributed.scheduler - ERROR - Removing worker 'tcp://127.0.0.1:43017' caused the cluster to lose scattered data, which can't be recovered: {'ndarray-b6f1c60d1f9a0fafa76867fbe2747a6e', 'ndarray-66219ebf67d56b981490522e0b5c280d'} (stimulus_id='handle-worker-cleanup-1731041261.2563088')
Fitted
Pipeline(steps=[('randomforestclassifier',
                 RandomForestClassifier(class_weight='balanced',
                                        criterion='entropy',
                                        max_features=0.2579634440032,
                                        min_samples_leaf=3,
                                        min_samples_split=18,
                                        n_estimators=128))])
score start
train score: {'auroc': 0.9892292480488882, 'accuracy': 0.9477323008849557, 'balanced_accuracy': 0.9506474220436092, 'logloss': 0.20454646182136785, 'f1': 0.8889336526202628}
original test score: {'auroc': 0.9224527033515797, 'accuracy': 0.9160220994475138, 'balanced_accuracy': 0.7977708153269951, 'logloss': 0.24768283323996684, 'f1': 0.7952976190476191}
imputed test score: {'auroc': 0.8967636608086047, 'accuracy': 0.9027624309392265, 'balanced_accuracy': 0.7609958705464324, 'logloss': 0.2757729263154866, 'f1': 0.7609958705464324}
score end
check intended
EXP2 Finished
running experiment 3/3 - What is the best automl settings?
<tpot2.search_spaces.pipelines.sequential.SequentialPipeline object at 0x15543504f9d0>
Start tpot fit
Version 0.1.7a0 of tpot2 is outdated. Version 0.1.8a0 was released Tuesday September 17, 2024.
Version 0.1.7a0 of tpot2 is outdated. Version 0.1.8a0 was released Tuesday September 17, 2024.
Version 0.1.7a0 of tpot2 is outdated. Version 0.1.8a0 was released Tuesday September 17, 2024.
Version 0.1.7a0 of tpot2 is outdated. Version 0.1.8a0 was released Tuesday September 17, 2024.
Version 0.1.7a0 of tpot2 is outdated. Version 0.1.8a0 was released Tuesday September 17, 2024.
Version 0.1.7a0 of tpot2 is outdated. Version 0.1.8a0 was released Tuesday September 17, 2024.
Version 0.1.7a0 of tpot2 is outdated. Version 0.1.8a0 was released Tuesday September 17, 2024.
Version 0.1.7a0 of tpot2 is outdated. Version 0.1.8a0 was released Tuesday September 17, 2024.
Version 0.1.7a0 of tpot2 is outdated. Version 0.1.8a0 was released Tuesday September 17, 2024.
Version 0.1.7a0 of tpot2 is outdated. Version 0.1.8a0 was released Tuesday September 17, 2024.
Version 0.1.7a0 of tpot2 is outdated. Version 0.1.8a0 was released Tuesday September 17, 2024.
Version 0.1.7a0 of tpot2 is outdated. Version 0.1.8a0 was released Tuesday September 17, 2024.
Version 0.1.7a0 of tpot2 is outdated. Version 0.1.8a0 was released Tuesday September 17, 2024.
Version 0.1.7a0 of tpot2 is outdated. Version 0.1.8a0 was released Tuesday September 17, 2024.
Version 0.1.7a0 of tpot2 is outdated. Version 0.1.8a0 was released Tuesday September 17, 2024.
Version 0.1.7a0 of tpot2 is outdated. Version 0.1.8a0 was released Tuesday September 17, 2024.
  0%|          | 0/25 [00:00<?, ?it/s]Generation:   0%|          | 0/25 [00:00<?, ?it/s]Generation:  1
Best f1_score score: 0.7057276326165173
Generation:   4%|▍         | 1/25 [00:06<02:45,  6.89s/it]Generation:  2
Best f1_score score: 0.7116662474160144
Generation:   8%|▊         | 2/25 [00:15<03:00,  7.84s/it]Generation:  3
Best f1_score score: 0.7116662474160144
Generation:  12%|█▏        | 3/25 [00:21<02:39,  7.25s/it]Generation:  4
Best f1_score score: 0.7116662474160144
Generation:  16%|█▌        | 4/25 [00:29<02:33,  7.31s/it]Generation:  5
Best f1_score score: 0.7116662474160144
Generation:  20%|██        | 5/25 [00:34<02:12,  6.62s/it]WARNING THIS INDIVIDUAL CAUSED AND EXCEPTION 
 <tpot2.search_spaces.pipelines.sequential.SequentialPipelineIndividual object at 0x155474cd5360> 
 The 'min_samples_split' parameter of DecisionTreeClassifier must be an int in the range [2, inf) or a float in the range (0.0, 1.0]. Got 1 instead. 
 Traceback (most recent call last):
  File "/common/ketrong/tpotexp/tpot2/tpot2/utils/eval_utils.py", line 53, in objective_nan_wrapper
    value = func_timeout.func_timeout(timeout, objective_function, args=[individual], kwargs=objective_kwargs)
  File "/common/ketrong/tpotexp/env/lib/python3.10/site-packages/func_timeout/dafunc.py", line 108, in func_timeout
    raise_exception(exception)
  File "/common/ketrong/tpotexp/env/lib/python3.10/site-packages/func_timeout/py3_raise.py", line 7, in raise_exception
    raise exception[0] from None
  File "/common/ketrong/tpotexp/tpot2/tpot2/tpot_estimator/estimator.py", line 623, in objective_function
    return objective_function_generator(
  File "/common/ketrong/tpotexp/tpot2/tpot2/tpot_estimator/estimator_utils.py", line 55, in objective_function_generator
    cv_obj_scores = cross_val_score_objective(sklearn.base.clone(pipeline),x,y,scorers=scorers, cv=cv , fold=step)
  File "/common/ketrong/tpotexp/tpot2/tpot2/tpot_estimator/cross_val_utils.py", line 28, in cross_val_score_objective
    this_fold_pipeline.fit(X_train,y_train)
  File "/common/ketrong/tpotexp/env/lib/python3.10/site-packages/sklearn/base.py", line 1473, in wrapper
    return fit_method(estimator, *args, **kwargs)
  File "/common/ketrong/tpotexp/env/lib/python3.10/site-packages/sklearn/pipeline.py", line 473, in fit
    self._final_estimator.fit(Xt, y, **last_step_params["fit"])
  File "/common/ketrong/tpotexp/env/lib/python3.10/site-packages/sklearn/base.py", line 1466, in wrapper
    estimator._validate_params()
  File "/common/ketrong/tpotexp/env/lib/python3.10/site-packages/sklearn/base.py", line 666, in _validate_params
    validate_parameter_constraints(
  File "/common/ketrong/tpotexp/env/lib/python3.10/site-packages/sklearn/utils/_param_validation.py", line 95, in validate_parameter_constraints
    raise InvalidParameterError(
sklearn.utils._param_validation.InvalidParameterError: The 'min_samples_split' parameter of DecisionTreeClassifier must be an int in the range [2, inf) or a float in the range (0.0, 1.0]. Got 1 instead.

Generation:  6
Best f1_score score: 0.7116662474160144
Generation:  24%|██▍       | 6/25 [01:24<06:45, 21.36s/it]Generation:  7
Best f1_score score: 0.7116662474160144
Generation:  28%|██▊       | 7/25 [01:35<05:25, 18.06s/it]Generation:  8
Best f1_score score: 0.7116662474160144
Generation:  32%|███▏      | 8/25 [04:29<19:10, 67.67s/it]Generation:  9
Best f1_score score: 0.7124233304276111
Generation:  36%|███▌      | 9/25 [04:41<13:24, 50.29s/it]Generation:  10
Best f1_score score: 0.7124233304276111
Generation:  40%|████      | 10/25 [05:17<11:23, 45.60s/it]Generation:  11
Best f1_score score: 0.7148114701161893
Generation:  44%|████▍     | 11/25 [05:24<07:54, 33.90s/it]Generation:  12
Best f1_score score: 0.721642614414531
Generation:  48%|████▊     | 12/25 [05:31<05:34, 25.73s/it]Generation:  13
Best f1_score score: 0.721642614414531
Generation:  52%|█████▏    | 13/25 [05:39<04:04, 20.36s/it]Generation:  14
Best f1_score score: 0.721642614414531
Generation:  56%|█████▌    | 14/25 [05:44<02:53, 15.80s/it]Generation:  15
Best f1_score score: 0.721642614414531
Generation:  60%|██████    | 15/25 [05:53<02:16, 13.61s/it]Generation:  16
Best f1_score score: 0.721642614414531
Generation:  64%|██████▍   | 16/25 [06:27<02:57, 19.69s/it]Generation:  17
Best f1_score score: 0.721642614414531
Generation:  68%|██████▊   | 17/25 [06:37<02:14, 16.77s/it]Generation:  18
Best f1_score score: 0.721642614414531
Generation:  72%|███████▏  | 18/25 [06:44<01:37, 13.86s/it]Generation:  19
Best f1_score score: 0.721642614414531
Generation:  76%|███████▌  | 19/25 [07:28<02:18, 23.01s/it]Generation:  20
Best f1_score score: 0.721642614414531
Generation:  80%|████████  | 20/25 [07:40<01:38, 19.62s/it]Generation:  21
Best f1_score score: 0.721642614414531
Generation:  84%|████████▍ | 21/25 [08:31<01:57, 29.27s/it]Generation:  22
Best f1_score score: 0.721642614414531
Generation:  88%|████████▊ | 22/25 [08:53<01:21, 27.02s/it]Generation:  23
Best f1_score score: 0.721642614414531
Generation:  92%|█████████▏| 23/25 [09:01<00:42, 21.20s/it]Generation:  24
Best f1_score score: 0.721642614414531
Generation:  96%|█████████▌| 24/25 [09:12<00:18, 18.08s/it]Generation:  25
Best f1_score score: 0.721642614414531
Generation: 100%|██████████| 25/25 [09:20<00:00, 15.27s/it]Generation: 100%|██████████| 25/25 [09:20<00:00, 22.43s/it]
2024-11-07 20:57:09,912 - distributed.scheduler - ERROR - Removing worker 'tcp://127.0.0.1:40791' caused the cluster to lose scattered data, which can't be recovered: {'ndarray-b6f1c60d1f9a0fafa76867fbe2747a6e', 'DataFrame-db9e0a030e4bdbccece0f2704c6a4da1'} (stimulus_id='handle-worker-cleanup-1731041829.9119685')
Fitted
Pipeline(steps=[('simpleimputer', SimpleImputer()),
                ('lgbmclassifier',
                 LGBMClassifier(class_weight='balanced', max_depth=8,
                                n_estimators=60, n_jobs=1, num_leaves=120,
                                verbose=-1))])
transform worked
try transform
transform worked
score start
train score: {'auroc': 0.994849259698212, 'accuracy': 0.9416482300884956, 'balanced_accuracy': 0.967020944045014, 'logloss': 0.17465299477757926, 'f1': 0.8819911792205141}
test score: {'auroc': 0.8857557860366848, 'accuracy': 0.8806629834254144, 'balanced_accuracy': 0.7736123115336598, 'logloss': 0.28678363714228317, 'f1': 0.7406050955414013}
original test score: {'auroc': 0.9088399116489004, 'accuracy': 0.8994475138121547, 'balanced_accuracy': 0.7967744646115433, 'logloss': 0.2512274857895377, 'f1': 0.7725307900311835}
score end
1558
lvl
0.1
type
MCAR
num_run
3
class_simple
finished
all finished
full run takes
0.316119244562255
hours
DONE
