Run: 53
/cm/local/apps/slurm/var/spool/job1005734/slurm_script: line 26: 
pip install -e tpot2
pip install -r tpot2/ImputerExperiments/requirements_.txt
: No such file or directory
RunStart
Version 0.1.7a0 of tpot2 is outdated. Version 0.1.8a0 was released Tuesday September 17, 2024.
starting loops
../data/c/151/151.pkl
working on 
../data/c/151/class_full_MAR_0.01_3
4.3309221267700195
running experiment 1/3 - Does large hyperparameter space improve reconstruction accuracy over simple
[I 2024-10-16 12:15:12,962] A new study created in memory with name: no-name-937612fa-2b81-4d41-a26b-8cff6afe70b7
running
running
running
running
running
running
running
running
running
running
running
running
running
running
running
running
[I 2024-10-16 12:15:13,293] Trial 6 finished with value: 0.42492499535987627 and parameters: {'model_name': 'SimpleImputer', 'strategy': 'constant'}. Best is trial 6 with value: 0.42492499535987627.
running
[I 2024-10-16 12:15:13,609] Trial 7 finished with value: 0.17418043830160168 and parameters: {'model_name': 'SimpleImputer', 'strategy': 'mean'}. Best is trial 7 with value: 0.17418043830160168.
running
[I 2024-10-16 12:15:13,849] Trial 5 finished with value: 0.42492499535987627 and parameters: {'model_name': 'SimpleImputer', 'strategy': 'constant'}. Best is trial 7 with value: 0.17418043830160168.
[I 2024-10-16 12:15:13,994] Trial 10 finished with value: 0.42492499535987627 and parameters: {'model_name': 'SimpleImputer', 'strategy': 'constant'}. Best is trial 7 with value: 0.17418043830160168.
running
running
[I 2024-10-16 12:15:14,297] Trial 2 finished with value: 0.17512685690063906 and parameters: {'model_name': 'SimpleImputer', 'strategy': 'median'}. Best is trial 7 with value: 0.17418043830160168.
running
[I 2024-10-16 12:15:15,329] Trial 19 finished with value: 0.17512685690063906 and parameters: {'model_name': 'SimpleImputer', 'strategy': 'median'}. Best is trial 7 with value: 0.17418043830160168.
running
[I 2024-10-16 12:15:36,060] Trial 21 finished with value: 0.15597846575468122 and parameters: {'model_name': 'IterativeImputer', 'estimator': 'Ridge', 'initial_strategy': 'mean', 'n_nearest_features': 4, 'imputation_order': 'arabic'}. Best is trial 21 with value: 0.15597846575468122.
running
[I 2024-10-16 12:15:37,673] Trial 17 finished with value: 0.17418043830160168 and parameters: {'model_name': 'KNNImputer', 'n_neighbors': 32091, 'weights': 'uniform'}. Best is trial 21 with value: 0.15597846575468122.
running
[I 2024-10-16 12:15:42,468] Trial 16 finished with value: inf and parameters: {'model_name': 'GAIN', 'batch_size': 1, 'hint_rate': 0.7740367805147385, 'alpha': 99, 'iterations': 21, 'learning_rate': 0.0006662764663413411, 'p_miss': 0.25986355461467264}. Best is trial 21 with value: 0.15597846575468122.
running
[I 2024-10-16 12:15:45,341] Trial 14 finished with value: 0.15220278483064814 and parameters: {'model_name': 'IterativeImputer', 'estimator': 'Ridge', 'initial_strategy': 'mean', 'n_nearest_features': 8, 'imputation_order': 'random'}. Best is trial 14 with value: 0.15220278483064814.
running
[I 2024-10-16 12:15:46,866] Trial 4 finished with value: 0.1643099641096534 and parameters: {'model_name': 'KNNImputer', 'n_neighbors': 21691, 'weights': 'distance'}. Best is trial 14 with value: 0.15220278483064814.
running
[I 2024-10-16 12:15:47,657] Trial 20 finished with value: 0.1662406567932689 and parameters: {'model_name': 'KNNImputer', 'n_neighbors': 27602, 'weights': 'distance'}. Best is trial 14 with value: 0.15220278483064814.
running
[I 2024-10-16 12:15:47,843] Trial 13 finished with value: 0.16447834320906612 and parameters: {'model_name': 'KNNImputer', 'n_neighbors': 22224, 'weights': 'distance'}. Best is trial 14 with value: 0.15220278483064814.
running
[I 2024-10-16 12:15:56,644] Trial 12 finished with value: 0.3161524752330358 and parameters: {'model_name': 'VAE', 'batch_size': 679, 'iterations': 4, 'learning_rate': 0.00027293371689948395, 'p_miss': 0.08341718433754708}. Best is trial 14 with value: 0.15220278483064814.
running
[I 2024-10-16 12:15:58,349] Trial 22 finished with value: 0.17195977493100373 and parameters: {'model_name': 'KNNImputer', 'n_neighbors': 22107, 'weights': 'uniform'}. Best is trial 14 with value: 0.15220278483064814.
running
[I 2024-10-16 12:16:11,496] Trial 15 finished with value: 0.1539603780235616 and parameters: {'model_name': 'IterativeImputer', 'estimator': 'KNN', 'initial_strategy': 'constant', 'n_nearest_features': 3, 'imputation_order': 'roman'}. Best is trial 14 with value: 0.15220278483064814.
running
[I 2024-10-16 12:16:17,292] Trial 9 finished with value: 0.3016325148923073 and parameters: {'model_name': 'VAE', 'batch_size': 49, 'iterations': 37, 'learning_rate': 0.0005485823442759012, 'p_miss': 0.1416133992436945}. Best is trial 14 with value: 0.15220278483064814.
running
[I 2024-10-16 12:16:20,051] Trial 18 finished with value: 0.14708916542993436 and parameters: {'model_name': 'IterativeImputer', 'estimator': 'KNN', 'initial_strategy': 'mean', 'n_nearest_features': 4, 'imputation_order': 'ascending'}. Best is trial 18 with value: 0.14708916542993436.
running
[I 2024-10-16 12:16:20,518] Trial 28 finished with value: 0.1540581102655328 and parameters: {'model_name': 'IterativeImputer', 'estimator': 'Ridge', 'initial_strategy': 'mean', 'n_nearest_features': 5, 'imputation_order': 'arabic'}. Best is trial 18 with value: 0.14708916542993436.
running
[I 2024-10-16 12:16:21,308] Trial 26 finished with value: 0.1540581102655328 and parameters: {'model_name': 'IterativeImputer', 'estimator': 'Ridge', 'initial_strategy': 'mean', 'n_nearest_features': 5, 'imputation_order': 'arabic'}. Best is trial 18 with value: 0.14708916542993436.
running
[I 2024-10-16 12:16:21,629] Trial 27 finished with value: 0.1540581102655328 and parameters: {'model_name': 'IterativeImputer', 'estimator': 'Ridge', 'initial_strategy': 'mean', 'n_nearest_features': 5, 'imputation_order': 'arabic'}. Best is trial 18 with value: 0.14708916542993436.
running
[I 2024-10-16 12:16:29,316] Trial 25 finished with value: 0.15220275470107364 and parameters: {'model_name': 'IterativeImputer', 'estimator': 'Ridge', 'initial_strategy': 'median', 'n_nearest_features': 8, 'imputation_order': 'random'}. Best is trial 18 with value: 0.14708916542993436.
running
[I 2024-10-16 12:16:35,859] Trial 30 finished with value: 0.1535649430599525 and parameters: {'model_name': 'IterativeImputer', 'estimator': 'Ridge', 'initial_strategy': 'mean', 'n_nearest_features': 5, 'imputation_order': 'random'}. Best is trial 18 with value: 0.14708916542993436.
running
[I 2024-10-16 12:16:40,699] Trial 29 finished with value: 0.1535649430599525 and parameters: {'model_name': 'IterativeImputer', 'estimator': 'Ridge', 'initial_strategy': 'mean', 'n_nearest_features': 5, 'imputation_order': 'random'}. Best is trial 18 with value: 0.14708916542993436.
running
[I 2024-10-16 12:16:45,083] Trial 8 finished with value: 0.21806696782451906 and parameters: {'model_name': 'IterativeImputer', 'estimator': 'Bayesian', 'initial_strategy': 'most_frequent', 'n_nearest_features': 5, 'imputation_order': 'roman', 'sample_posterior': True}. Best is trial 18 with value: 0.14708916542993436.
running
[I 2024-10-16 12:17:03,058] Trial 23 finished with value: 0.13413357971403023 and parameters: {'model_name': 'IterativeImputer', 'estimator': 'KNN', 'initial_strategy': 'constant', 'n_nearest_features': 8, 'imputation_order': 'descending'}. Best is trial 23 with value: 0.13413357971403023.
running
[I 2024-10-16 12:17:09,743] Trial 33 finished with value: 0.15220285299586625 and parameters: {'model_name': 'IterativeImputer', 'estimator': 'Ridge', 'initial_strategy': 'mean', 'n_nearest_features': 8, 'imputation_order': 'ascending'}. Best is trial 23 with value: 0.13413357971403023.
running
[I 2024-10-16 12:17:11,787] Trial 24 finished with value: 0.1339663714615557 and parameters: {'model_name': 'IterativeImputer', 'estimator': 'KNN', 'initial_strategy': 'median', 'n_nearest_features': 8, 'imputation_order': 'arabic'}. Best is trial 24 with value: 0.1339663714615557.
running
[I 2024-10-16 12:17:26,249] Trial 36 finished with value: 0.17600468972949906 and parameters: {'model_name': 'IterativeImputer', 'estimator': 'KNN', 'initial_strategy': 'constant', 'n_nearest_features': 1, 'imputation_order': 'random'}. Best is trial 24 with value: 0.1339663714615557.
running
[I 2024-10-16 12:17:38,789] Trial 31 finished with value: 0.13503091073498363 and parameters: {'model_name': 'IterativeImputer', 'estimator': 'KNN', 'initial_strategy': 'constant', 'n_nearest_features': 8, 'imputation_order': 'random'}. Best is trial 24 with value: 0.1339663714615557.
running
[I 2024-10-16 12:17:42,678] Trial 32 finished with value: 0.13503091073498363 and parameters: {'model_name': 'IterativeImputer', 'estimator': 'KNN', 'initial_strategy': 'constant', 'n_nearest_features': 8, 'imputation_order': 'random'}. Best is trial 24 with value: 0.1339663714615557.
running
[I 2024-10-16 12:17:53,364] Trial 38 finished with value: 0.13490995691557545 and parameters: {'model_name': 'IterativeImputer', 'estimator': 'KNN', 'initial_strategy': 'median', 'n_nearest_features': 8, 'imputation_order': 'ascending'}. Best is trial 24 with value: 0.1339663714615557.
running
[I 2024-10-16 12:18:09,251] Trial 35 finished with value: 0.15220188002697982 and parameters: {'model_name': 'IterativeImputer', 'estimator': 'Bayesian', 'initial_strategy': 'most_frequent', 'n_nearest_features': 8, 'imputation_order': 'random', 'sample_posterior': False}. Best is trial 24 with value: 0.1339663714615557.
running
[I 2024-10-16 12:18:11,836] Trial 42 finished with value: 0.135690436712618 and parameters: {'model_name': 'IterativeImputer', 'estimator': 'KNN', 'initial_strategy': 'median', 'n_nearest_features': 7, 'imputation_order': 'descending'}. Best is trial 24 with value: 0.1339663714615557.
running
[I 2024-10-16 12:18:14,462] Trial 34 finished with value: 0.2162634496084958 and parameters: {'model_name': 'IterativeImputer', 'estimator': 'Bayesian', 'initial_strategy': 'mean', 'n_nearest_features': 8, 'imputation_order': 'ascending', 'sample_posterior': True}. Best is trial 24 with value: 0.1339663714615557.
running
[I 2024-10-16 12:21:40,632] Trial 11 finished with value: 0.2184091162079235 and parameters: {'model_name': 'VAE', 'batch_size': 280, 'iterations': 83, 'learning_rate': 0.0012544300776166273, 'p_miss': 0.07505136394321668}. Best is trial 24 with value: 0.1339663714615557.
running
[I 2024-10-16 12:23:38,468] Trial 3 finished with value: 0.1790199679157282 and parameters: {'model_name': 'VAE', 'batch_size': 113, 'iterations': 193, 'learning_rate': 0.0017271356887004036, 'p_miss': 0.288678715860729}. Best is trial 24 with value: 0.1339663714615557.
running
[I 2024-10-16 12:23:41,240] Trial 1 finished with value: 0.30575888082674807 and parameters: {'model_name': 'VAE', 'batch_size': 205, 'iterations': 144, 'learning_rate': 0.00011212392066400838, 'p_miss': 0.0807279386784776}. Best is trial 24 with value: 0.1339663714615557.
running
[I 2024-10-16 12:28:51,176] Trial 50 finished with value: inf and parameters: {'model_name': 'GAIN', 'batch_size': 1, 'hint_rate': 0.07669310789085287, 'alpha': 1, 'iterations': 2348, 'learning_rate': 0.08886574658040941, 'p_miss': 0.02206092506558141}. Best is trial 24 with value: 0.1339663714615557.
running
[I 2024-10-16 12:28:58,488] Trial 54 finished with value: 0.4036033248601746 and parameters: {'model_name': 'GAIN', 'batch_size': 8, 'hint_rate': 0.9756926200146223, 'alpha': 52, 'iterations': 1, 'learning_rate': 0.021389537266779432, 'p_miss': 0.2092342137608055}. Best is trial 24 with value: 0.1339663714615557.
running
[I 2024-10-16 12:34:35,470] Trial 49 finished with value: inf and parameters: {'model_name': 'GAIN', 'batch_size': 1, 'hint_rate': 0.04004061701768169, 'alpha': 0, 'iterations': 3719, 'learning_rate': 0.035108901396358215, 'p_miss': 0.2985528653991806}. Best is trial 24 with value: 0.1339663714615557.
running
[I 2024-10-16 12:35:14,290] Trial 56 finished with value: 0.13418637964647 and parameters: {'model_name': 'IterativeImputer', 'estimator': 'KNN', 'initial_strategy': 'constant', 'n_nearest_features': 7, 'imputation_order': 'descending'}. Best is trial 24 with value: 0.1339663714615557.
running
[I 2024-10-16 12:36:12,182] Trial 40 finished with value: inf and parameters: {'model_name': 'GAIN', 'batch_size': 1, 'hint_rate': 0.08834296420795079, 'alpha': 6, 'iterations': 4451, 'learning_rate': 0.08417093649527313, 'p_miss': 0.28848612180477795}. Best is trial 24 with value: 0.1339663714615557.
running
[I 2024-10-16 12:41:53,396] Trial 52 finished with value: inf and parameters: {'model_name': 'GAIN', 'batch_size': 3, 'hint_rate': 0.03893345635965079, 'alpha': 10, 'iterations': 4151, 'learning_rate': 0.04211701902436959, 'p_miss': 0.020795092674575133}. Best is trial 24 with value: 0.1339663714615557.
running
[I 2024-10-16 12:45:09,436] Trial 44 finished with value: inf and parameters: {'model_name': 'GAIN', 'batch_size': 1, 'hint_rate': 0.06690585194665932, 'alpha': 1, 'iterations': 6691, 'learning_rate': 0.06143384473142418, 'p_miss': 0.012591653096622302}. Best is trial 24 with value: 0.1339663714615557.
running
[I 2024-10-16 12:47:27,202] Trial 0 finished with value: 0.4304678921211769 and parameters: {'model_name': 'GAIN', 'batch_size': 574, 'hint_rate': 0.6102799460566768, 'alpha': 99, 'iterations': 1237, 'learning_rate': 0.05486604741301526, 'p_miss': 0.2078897083809634}. Best is trial 24 with value: 0.1339663714615557.
running
[I 2024-10-16 12:49:12,933] Trial 43 finished with value: inf and parameters: {'model_name': 'GAIN', 'batch_size': 1, 'hint_rate': 0.030220598767210227, 'alpha': 4, 'iterations': 7851, 'learning_rate': 0.0501015077541616, 'p_miss': 0.29487225225454405}. Best is trial 24 with value: 0.1339663714615557.
running
[I 2024-10-16 12:50:00,938] Trial 46 finished with value: inf and parameters: {'model_name': 'GAIN', 'batch_size': 1, 'hint_rate': 0.02401955492444513, 'alpha': 4, 'iterations': 8202, 'learning_rate': 0.0482566322517093, 'p_miss': 0.02291666975610024}. Best is trial 24 with value: 0.1339663714615557.
running
[I 2024-10-16 12:52:38,111] Trial 39 finished with value: inf and parameters: {'model_name': 'GAIN', 'batch_size': 1, 'hint_rate': 0.04918184653273605, 'alpha': 0, 'iterations': 9061, 'learning_rate': 0.09039532440033408, 'p_miss': 0.01243752128456907}. Best is trial 24 with value: 0.1339663714615557.
running
[I 2024-10-16 12:56:52,897] Trial 47 finished with value: inf and parameters: {'model_name': 'GAIN', 'batch_size': 1, 'hint_rate': 0.041205980926300734, 'alpha': 2, 'iterations': 9877, 'learning_rate': 0.08153605619877977, 'p_miss': 0.020916589111174666}. Best is trial 24 with value: 0.1339663714615557.
running
[I 2024-10-16 12:56:58,718] Trial 48 finished with value: inf and parameters: {'model_name': 'GAIN', 'batch_size': 1, 'hint_rate': 0.012793223163069578, 'alpha': 3, 'iterations': 9651, 'learning_rate': 0.046868606986174434, 'p_miss': 0.020882302500023125}. Best is trial 24 with value: 0.1339663714615557.
running
[I 2024-10-16 12:57:03,258] Trial 45 finished with value: inf and parameters: {'model_name': 'GAIN', 'batch_size': 1, 'hint_rate': 0.04353325187932633, 'alpha': 0, 'iterations': 9805, 'learning_rate': 0.09132844713507468, 'p_miss': 0.011676293084876888}. Best is trial 24 with value: 0.1339663714615557.
running
[I 2024-10-16 12:57:05,442] Trial 53 finished with value: inf and parameters: {'model_name': 'GAIN', 'batch_size': 4, 'hint_rate': 0.1084362833307882, 'alpha': 2, 'iterations': 8271, 'learning_rate': 0.08704112281472579, 'p_miss': 0.010648466673190027}. Best is trial 24 with value: 0.1339663714615557.
running
[I 2024-10-16 12:57:05,891] Trial 51 finished with value: inf and parameters: {'model_name': 'GAIN', 'batch_size': 1, 'hint_rate': 0.05829803752763929, 'alpha': 1, 'iterations': 8948, 'learning_rate': 0.08853362571196112, 'p_miss': 0.2699190895686363}. Best is trial 24 with value: 0.1339663714615557.
running
[I 2024-10-16 12:57:54,528] Trial 66 finished with value: 0.13418637964647 and parameters: {'model_name': 'IterativeImputer', 'estimator': 'KNN', 'initial_strategy': 'constant', 'n_nearest_features': 7, 'imputation_order': 'descending'}. Best is trial 24 with value: 0.1339663714615557.
running
[I 2024-10-16 12:57:58,359] Trial 67 finished with value: 0.13418637964647 and parameters: {'model_name': 'IterativeImputer', 'estimator': 'KNN', 'initial_strategy': 'constant', 'n_nearest_features': 7, 'imputation_order': 'descending'}. Best is trial 24 with value: 0.1339663714615557.
running
[I 2024-10-16 12:58:01,107] Trial 68 finished with value: 0.13418637964647 and parameters: {'model_name': 'IterativeImputer', 'estimator': 'KNN', 'initial_strategy': 'constant', 'n_nearest_features': 7, 'imputation_order': 'descending'}. Best is trial 24 with value: 0.1339663714615557.
running
[I 2024-10-16 12:58:01,301] Trial 69 finished with value: 0.13418637964647 and parameters: {'model_name': 'IterativeImputer', 'estimator': 'KNN', 'initial_strategy': 'constant', 'n_nearest_features': 7, 'imputation_order': 'descending'}. Best is trial 24 with value: 0.1339663714615557.
running
[I 2024-10-16 12:58:24,724] Trial 71 finished with value: 0.26658051367562713 and parameters: {'model_name': 'VAE', 'batch_size': 24, 'iterations': 8, 'learning_rate': 0.006178503103415688, 'p_miss': 0.1318988052393459}. Best is trial 24 with value: 0.1339663714615557.
running
[I 2024-10-16 12:58:25,950] Trial 74 finished with value: 0.3349680149591575 and parameters: {'model_name': 'SimpleImputer', 'strategy': 'most_frequent'}. Best is trial 24 with value: 0.1339663714615557.
running
[I 2024-10-16 13:12:54,348] Trial 70 finished with value: 0.1761376714887334 and parameters: {'model_name': 'VAE', 'batch_size': 46, 'iterations': 376, 'learning_rate': 0.01004099272022554, 'p_miss': 0.13829597968674084}. Best is trial 24 with value: 0.1339663714615557.
running
[I 2024-10-16 13:13:30,986] Trial 76 finished with value: 0.13418637964647 and parameters: {'model_name': 'IterativeImputer', 'estimator': 'KNN', 'initial_strategy': 'constant', 'n_nearest_features': 7, 'imputation_order': 'descending'}. Best is trial 24 with value: 0.1339663714615557.
running
[I 2024-10-16 13:14:27,586] Trial 62 finished with value: 0.17664673025212008 and parameters: {'model_name': 'VAE', 'batch_size': 20, 'iterations': 491, 'learning_rate': 0.009168126027879251, 'p_miss': 0.15287318549327344}. Best is trial 24 with value: 0.1339663714615557.
running
[I 2024-10-16 13:14:37,038] Trial 73 finished with value: 0.17845785574626238 and parameters: {'model_name': 'VAE', 'batch_size': 21, 'iterations': 408, 'learning_rate': 0.00892462052171788, 'p_miss': 0.14826383179759922}. Best is trial 24 with value: 0.1339663714615557.
running
[I 2024-10-16 13:14:55,603] Trial 72 finished with value: 0.17564655720761418 and parameters: {'model_name': 'VAE', 'batch_size': 24, 'iterations': 414, 'learning_rate': 0.010693100078859126, 'p_miss': 0.1446211606917825}. Best is trial 24 with value: 0.1339663714615557.
running
[I 2024-10-16 13:15:33,736] Trial 65 finished with value: 0.1789229340558608 and parameters: {'model_name': 'VAE', 'batch_size': 18, 'iterations': 491, 'learning_rate': 0.009842804765116994, 'p_miss': 0.1506825879385364}. Best is trial 24 with value: 0.1339663714615557.
running
[I 2024-10-16 13:16:10,072] Trial 63 finished with value: 0.17793191954595325 and parameters: {'model_name': 'VAE', 'batch_size': 17, 'iterations': 694, 'learning_rate': 0.006693889575117445, 'p_miss': 0.14887861586966225}. Best is trial 24 with value: 0.1339663714615557.
running
[I 2024-10-16 13:16:21,702] Trial 64 finished with value: 0.17892470732659513 and parameters: {'model_name': 'VAE', 'batch_size': 18, 'iterations': 661, 'learning_rate': 0.008315463199421972, 'p_miss': 0.14679517740135717}. Best is trial 24 with value: 0.1339663714615557.
running
[I 2024-10-16 13:17:25,381] Trial 60 finished with value: 0.17855892425069697 and parameters: {'model_name': 'VAE', 'batch_size': 12, 'iterations': 1001, 'learning_rate': 0.008900354215194315, 'p_miss': 0.17797261907188888}. Best is trial 24 with value: 0.1339663714615557.
running
[I 2024-10-16 13:17:46,465] Trial 41 finished with value: inf and parameters: {'model_name': 'GAIN', 'batch_size': 2, 'hint_rate': 0.01081056095499039, 'alpha': 2, 'iterations': 6598, 'learning_rate': 0.0713460967682379, 'p_miss': 0.2942547190150875}. Best is trial 24 with value: 0.1339663714615557.
running
[I 2024-10-16 13:19:16,610] Trial 55 finished with value: 0.4281994193790896 and parameters: {'model_name': 'GAIN', 'batch_size': 10, 'hint_rate': 0.1859314407531153, 'alpha': 1, 'iterations': 7112, 'learning_rate': 0.00613276078103297, 'p_miss': 0.19394250023452458}. Best is trial 24 with value: 0.1339663714615557.
running
[I 2024-10-16 13:19:32,306] Trial 86 finished with value: 0.13418637964647 and parameters: {'model_name': 'IterativeImputer', 'estimator': 'KNN', 'initial_strategy': 'constant', 'n_nearest_features': 7, 'imputation_order': 'descending'}. Best is trial 24 with value: 0.1339663714615557.
running
[I 2024-10-16 13:19:48,081] Trial 87 finished with value: 0.13418637964647 and parameters: {'model_name': 'IterativeImputer', 'estimator': 'KNN', 'initial_strategy': 'constant', 'n_nearest_features': 7, 'imputation_order': 'descending'}. Best is trial 24 with value: 0.1339663714615557.
running
[I 2024-10-16 13:54:36,393] Trial 37 finished with value: 0.11967486414614974 and parameters: {'model_name': 'IterativeImputer', 'estimator': 'RFR', 'initial_strategy': 'median', 'n_nearest_features': 8, 'imputation_order': 'random'}. Best is trial 37 with value: 0.11967486414614974.
running
[I 2024-10-16 14:08:42,786] Trial 57 finished with value: 0.12088951459956869 and parameters: {'model_name': 'IterativeImputer', 'estimator': 'RFR', 'initial_strategy': 'median', 'n_nearest_features': 7, 'imputation_order': 'descending'}. Best is trial 37 with value: 0.11967486414614974.
running
[I 2024-10-16 14:11:04,536] Trial 58 finished with value: 0.12010286045667962 and parameters: {'model_name': 'IterativeImputer', 'estimator': 'RFR', 'initial_strategy': 'median', 'n_nearest_features': 7, 'imputation_order': 'descending'}. Best is trial 37 with value: 0.11967486414614974.
running
[I 2024-10-16 14:14:46,852] Trial 59 finished with value: 0.11988921746188648 and parameters: {'model_name': 'IterativeImputer', 'estimator': 'RFR', 'initial_strategy': 'constant', 'n_nearest_features': 7, 'imputation_order': 'descending'}. Best is trial 37 with value: 0.11967486414614974.
running
[I 2024-10-16 14:21:08,175] Trial 61 finished with value: 0.12085985603827469 and parameters: {'model_name': 'IterativeImputer', 'estimator': 'RFR', 'initial_strategy': 'median', 'n_nearest_features': 7, 'imputation_order': 'descending'}. Best is trial 37 with value: 0.11967486414614974.
running
[I 2024-10-16 14:29:07,227] Trial 75 finished with value: 0.11999732634562452 and parameters: {'model_name': 'IterativeImputer', 'estimator': 'RFR', 'initial_strategy': 'constant', 'n_nearest_features': 7, 'imputation_order': 'descending'}. Best is trial 37 with value: 0.11967486414614974.
running
[I 2024-10-16 14:42:43,532] Trial 80 finished with value: 0.1209384869527665 and parameters: {'model_name': 'IterativeImputer', 'estimator': 'RFR', 'initial_strategy': 'constant', 'n_nearest_features': 7, 'imputation_order': 'descending'}. Best is trial 37 with value: 0.11967486414614974.
running
[I 2024-10-16 14:42:54,655] Trial 95 finished with value: 0.14653677643421542 and parameters: {'model_name': 'KNNImputer', 'n_neighbors': 678, 'weights': 'uniform'}. Best is trial 37 with value: 0.11967486414614974.
running
[I 2024-10-16 14:43:16,123] Trial 78 finished with value: 0.12031144627405424 and parameters: {'model_name': 'IterativeImputer', 'estimator': 'RFR', 'initial_strategy': 'constant', 'n_nearest_features': 7, 'imputation_order': 'descending'}. Best is trial 37 with value: 0.11967486414614974.
running
[I 2024-10-16 14:43:28,372] Trial 77 finished with value: 0.11993714166185791 and parameters: {'model_name': 'IterativeImputer', 'estimator': 'RFR', 'initial_strategy': 'constant', 'n_nearest_features': 7, 'imputation_order': 'descending'}. Best is trial 37 with value: 0.11967486414614974.
running
[I 2024-10-16 14:43:48,374] Trial 81 finished with value: 0.12049559889065298 and parameters: {'model_name': 'IterativeImputer', 'estimator': 'RFR', 'initial_strategy': 'constant', 'n_nearest_features': 7, 'imputation_order': 'descending'}. Best is trial 37 with value: 0.11967486414614974.
running
[I 2024-10-16 14:44:35,109] Trial 82 finished with value: 0.11992074715215757 and parameters: {'model_name': 'IterativeImputer', 'estimator': 'RFR', 'initial_strategy': 'constant', 'n_nearest_features': 7, 'imputation_order': 'descending'}. Best is trial 37 with value: 0.11967486414614974.
running
[I 2024-10-16 14:44:59,230] Trial 79 finished with value: 0.12004385091963517 and parameters: {'model_name': 'IterativeImputer', 'estimator': 'RFR', 'initial_strategy': 'constant', 'n_nearest_features': 7, 'imputation_order': 'descending'}. Best is trial 37 with value: 0.11967486414614974.
running
[I 2024-10-16 14:45:26,353] Trial 84 finished with value: 0.11993491584111471 and parameters: {'model_name': 'IterativeImputer', 'estimator': 'RFR', 'initial_strategy': 'constant', 'n_nearest_features': 7, 'imputation_order': 'descending'}. Best is trial 37 with value: 0.11967486414614974.
running
[I 2024-10-16 14:45:55,343] Trial 83 finished with value: 0.12075589063745398 and parameters: {'model_name': 'IterativeImputer', 'estimator': 'RFR', 'initial_strategy': 'constant', 'n_nearest_features': 7, 'imputation_order': 'descending'}. Best is trial 37 with value: 0.11967486414614974.
running
[I 2024-10-16 14:45:55,599] Trial 103 finished with value: 0.17418043830160168 and parameters: {'model_name': 'SimpleImputer', 'strategy': 'mean'}. Best is trial 37 with value: 0.11967486414614974.
running
[I 2024-10-16 14:47:56,453] Trial 85 finished with value: 0.11971949990488033 and parameters: {'model_name': 'IterativeImputer', 'estimator': 'RFR', 'initial_strategy': 'constant', 'n_nearest_features': 7, 'imputation_order': 'descending'}. Best is trial 37 with value: 0.11967486414614974.
running
[I 2024-10-16 14:49:07,467] Trial 88 finished with value: 0.12007731943546991 and parameters: {'model_name': 'IterativeImputer', 'estimator': 'RFR', 'initial_strategy': 'constant', 'n_nearest_features': 7, 'imputation_order': 'descending'}. Best is trial 37 with value: 0.11967486414614974.
running
[I 2024-10-16 15:15:07,500] Trial 89 finished with value: 0.1237840473903217 and parameters: {'model_name': 'IterativeImputer', 'estimator': 'RFR', 'initial_strategy': 'constant', 'n_nearest_features': 6, 'imputation_order': 'descending'}. Best is trial 37 with value: 0.11967486414614974.
running
[I 2024-10-16 15:28:42,155] Trial 90 finished with value: 0.12370797780610929 and parameters: {'model_name': 'IterativeImputer', 'estimator': 'RFR', 'initial_strategy': 'median', 'n_nearest_features': 6, 'imputation_order': 'descending'}. Best is trial 37 with value: 0.11967486414614974.
running
[I 2024-10-16 15:32:12,407] Trial 91 finished with value: 0.12371256698400981 and parameters: {'model_name': 'IterativeImputer', 'estimator': 'RFR', 'initial_strategy': 'median', 'n_nearest_features': 6, 'imputation_order': 'descending'}. Best is trial 37 with value: 0.11967486414614974.
running
[I 2024-10-16 15:35:19,833] Trial 92 finished with value: 0.12298161347379288 and parameters: {'model_name': 'IterativeImputer', 'estimator': 'RFR', 'initial_strategy': 'median', 'n_nearest_features': 6, 'imputation_order': 'descending'}. Best is trial 37 with value: 0.11967486414614974.
running
[I 2024-10-16 15:41:09,327] Trial 93 finished with value: 0.12341551506524304 and parameters: {'model_name': 'IterativeImputer', 'estimator': 'RFR', 'initial_strategy': 'median', 'n_nearest_features': 6, 'imputation_order': 'descending'}. Best is trial 37 with value: 0.11967486414614974.
running
[I 2024-10-16 15:49:08,393] Trial 94 finished with value: 0.12332844481463176 and parameters: {'model_name': 'IterativeImputer', 'estimator': 'RFR', 'initial_strategy': 'median', 'n_nearest_features': 6, 'imputation_order': 'descending'}. Best is trial 37 with value: 0.11967486414614974.
running
[I 2024-10-16 15:49:19,211] Trial 112 finished with value: 0.16309677268125727 and parameters: {'model_name': 'KNNImputer', 'n_neighbors': 7584, 'weights': 'uniform'}. Best is trial 37 with value: 0.11967486414614974.
running
slurmstepd: error: Detected 1 oom-kill event(s) in StepId=1005734.0. Some of your processes may have been killed by the cgroup out-of-memory handler.
srun: error: esplhpc-cp001: task 0: Out Of Memory
slurmstepd: error: Detected 1 oom-kill event(s) in StepId=1005734.batch. Some of your processes may have been killed by the cgroup out-of-memory handler.
