Run: 38
/cm/local/apps/slurm/var/spool/job1068893/slurm_script: line 26: 
pip install -e tpot2
pip install -r tpot2/ImputerExperiments/requirements_.txt
: No such file or directory
RunStart
Version 0.1.7a0 of tpot2 is outdated. Version 0.1.8a0 was released Tuesday September 17, 2024.
starting loops
../data/c/40983/40983.pkl
working on 
../data/c/40983/class_simple_MCAR_0.1_2
1.855076789855957
running experiment 1/3 - Does large hyperparameter space improve reconstruction accuracy over simple
[I 2024-11-21 19:28:43,141] A new study created in memory with name: no-name-f665591f-d8fb-48ad-ba4e-86473cf3b216
running
running
running
running
running
running
running
running
running
running
[I 2024-11-21 19:28:43,311] Trial 0 finished with value: 0.33255048739538706 and parameters: {'model_name': 'SimpleImputer', 'strategy': 'constant'}. Best is trial 0 with value: 0.33255048739538706.
running
[I 2024-11-21 19:28:43,318] Trial 5 finished with value: 0.0713291480358262 and parameters: {'model_name': 'SimpleImputer', 'strategy': 'mean'}. Best is trial 5 with value: 0.0713291480358262.
running
running
[I 2024-11-21 19:28:43,569] Trial 7 finished with value: 0.33255048739538706 and parameters: {'model_name': 'SimpleImputer', 'strategy': 'constant'}. Best is trial 5 with value: 0.0713291480358262.
running
running
[I 2024-11-21 19:28:43,725] Trial 8 finished with value: 0.0713291480358262 and parameters: {'model_name': 'SimpleImputer', 'strategy': 'mean'}. Best is trial 5 with value: 0.0713291480358262.
running
running
[I 2024-11-21 19:28:43,845] Trial 6 finished with value: 0.33255048739538706 and parameters: {'model_name': 'SimpleImputer', 'strategy': 'constant'}. Best is trial 5 with value: 0.0713291480358262.
[I 2024-11-21 19:28:43,956] Trial 4 finished with value: 0.06381197923369006 and parameters: {'model_name': 'SimpleImputer', 'strategy': 'median'}. Best is trial 4 with value: 0.06381197923369006.
running
running
running
[I 2024-11-21 19:28:44,067] Trial 12 finished with value: 0.33255048739538706 and parameters: {'model_name': 'SimpleImputer', 'strategy': 'constant'}. Best is trial 4 with value: 0.06381197923369006.
running
running
running
[I 2024-11-21 19:28:44,355] Trial 9 finished with value: 0.0713291480358262 and parameters: {'model_name': 'SimpleImputer', 'strategy': 'mean'}. Best is trial 4 with value: 0.06381197923369006.
[I 2024-11-21 19:28:44,479] Trial 1 finished with value: 0.33255048739538706 and parameters: {'model_name': 'SimpleImputer', 'strategy': 'most_frequent'}. Best is trial 4 with value: 0.06381197923369006.
running
[I 2024-11-21 19:28:44,578] Trial 17 finished with value: 0.33255048739538706 and parameters: {'model_name': 'SimpleImputer', 'strategy': 'constant'}. Best is trial 4 with value: 0.06381197923369006.
running
[I 2024-11-21 19:28:44,690] Trial 10 finished with value: 0.0713291480358262 and parameters: {'model_name': 'SimpleImputer', 'strategy': 'mean'}. Best is trial 4 with value: 0.06381197923369006.
[I 2024-11-21 19:28:44,799] Trial 3 finished with value: 0.06381197923369006 and parameters: {'model_name': 'SimpleImputer', 'strategy': 'median'}. Best is trial 4 with value: 0.06381197923369006.
running
running
[I 2024-11-21 19:28:44,913] Trial 22 finished with value: 0.0713291480358262 and parameters: {'model_name': 'SimpleImputer', 'strategy': 'mean'}. Best is trial 4 with value: 0.06381197923369006.
running
running
[I 2024-11-21 19:28:45,059] Trial 19 finished with value: 0.33255048739538706 and parameters: {'model_name': 'SimpleImputer', 'strategy': 'constant'}. Best is trial 4 with value: 0.06381197923369006.
[I 2024-11-21 19:28:45,149] Trial 21 finished with value: 0.0713291480358262 and parameters: {'model_name': 'SimpleImputer', 'strategy': 'mean'}. Best is trial 4 with value: 0.06381197923369006.
running
[I 2024-11-21 19:28:45,275] Trial 2 finished with value: 0.33255048739538706 and parameters: {'model_name': 'SimpleImputer', 'strategy': 'most_frequent'}. Best is trial 4 with value: 0.06381197923369006.
[I 2024-11-21 19:28:45,394] Trial 16 finished with value: 0.0713291480358262 and parameters: {'model_name': 'SimpleImputer', 'strategy': 'mean'}. Best is trial 4 with value: 0.06381197923369006.
running
[I 2024-11-21 19:28:45,509] Trial 15 finished with value: 0.06381197923369006 and parameters: {'model_name': 'SimpleImputer', 'strategy': 'median'}. Best is trial 4 with value: 0.06381197923369006.
[I 2024-11-21 19:28:45,610] Trial 14 finished with value: 0.06381197923369006 and parameters: {'model_name': 'SimpleImputer', 'strategy': 'median'}. Best is trial 4 with value: 0.06381197923369006.
[I 2024-11-21 19:28:45,726] Trial 23 finished with value: 0.33255048739538706 and parameters: {'model_name': 'SimpleImputer', 'strategy': 'constant'}. Best is trial 4 with value: 0.06381197923369006.
running
running
running
running
running
[I 2024-11-21 19:28:45,900] Trial 13 finished with value: 0.06381197923369006 and parameters: {'model_name': 'SimpleImputer', 'strategy': 'median'}. Best is trial 4 with value: 0.06381197923369006.
running
[I 2024-11-21 19:28:46,064] Trial 18 finished with value: 0.33255048739538706 and parameters: {'model_name': 'SimpleImputer', 'strategy': 'most_frequent'}. Best is trial 4 with value: 0.06381197923369006.
[I 2024-11-21 19:28:46,185] Trial 25 finished with value: 0.06381197923369006 and parameters: {'model_name': 'SimpleImputer', 'strategy': 'median'}. Best is trial 4 with value: 0.06381197923369006.
running
running
[I 2024-11-21 19:28:46,381] Trial 11 finished with value: 0.33255048739538706 and parameters: {'model_name': 'SimpleImputer', 'strategy': 'most_frequent'}. Best is trial 4 with value: 0.06381197923369006.
[I 2024-11-21 19:28:46,511] Trial 24 finished with value: 0.06381197923369006 and parameters: {'model_name': 'SimpleImputer', 'strategy': 'median'}. Best is trial 4 with value: 0.06381197923369006.
running
[I 2024-11-21 19:28:46,638] Trial 28 finished with value: 0.06381197923369006 and parameters: {'model_name': 'SimpleImputer', 'strategy': 'median'}. Best is trial 4 with value: 0.06381197923369006.
running
running
[I 2024-11-21 19:28:46,826] Trial 29 finished with value: 0.06381197923369006 and parameters: {'model_name': 'SimpleImputer', 'strategy': 'median'}. Best is trial 4 with value: 0.06381197923369006.
running
[I 2024-11-21 19:28:46,935] Trial 26 finished with value: 0.06381197923369006 and parameters: {'model_name': 'SimpleImputer', 'strategy': 'median'}. Best is trial 4 with value: 0.06381197923369006.
[I 2024-11-21 19:28:47,026] Trial 27 finished with value: 0.06381197923369006 and parameters: {'model_name': 'SimpleImputer', 'strategy': 'median'}. Best is trial 4 with value: 0.06381197923369006.
running
running
[I 2024-11-21 19:28:47,117] Trial 30 finished with value: 0.06381197923369006 and parameters: {'model_name': 'SimpleImputer', 'strategy': 'median'}. Best is trial 4 with value: 0.06381197923369006.
[I 2024-11-21 19:28:47,252] Trial 32 finished with value: 0.06381197923369006 and parameters: {'model_name': 'SimpleImputer', 'strategy': 'median'}. Best is trial 4 with value: 0.06381197923369006.
running
running
[I 2024-11-21 19:28:47,368] Trial 33 finished with value: 0.06381197923369006 and parameters: {'model_name': 'SimpleImputer', 'strategy': 'median'}. Best is trial 4 with value: 0.06381197923369006.
running
[I 2024-11-21 19:28:47,512] Trial 20 finished with value: 0.33255048739538706 and parameters: {'model_name': 'SimpleImputer', 'strategy': 'most_frequent'}. Best is trial 4 with value: 0.06381197923369006.
[I 2024-11-21 19:28:47,608] Trial 34 finished with value: 0.06381197923369006 and parameters: {'model_name': 'SimpleImputer', 'strategy': 'median'}. Best is trial 4 with value: 0.06381197923369006.
running
[I 2024-11-21 19:28:47,760] Trial 36 finished with value: 0.06381197923369006 and parameters: {'model_name': 'SimpleImputer', 'strategy': 'median'}. Best is trial 4 with value: 0.06381197923369006.
running
running
[I 2024-11-21 19:28:47,885] Trial 38 finished with value: 0.06381197923369006 and parameters: {'model_name': 'SimpleImputer', 'strategy': 'median'}. Best is trial 4 with value: 0.06381197923369006.
running
[I 2024-11-21 19:28:48,064] Trial 31 finished with value: 0.06381197923369006 and parameters: {'model_name': 'SimpleImputer', 'strategy': 'median'}. Best is trial 4 with value: 0.06381197923369006.
[I 2024-11-21 19:28:48,159] Trial 37 finished with value: 0.06381197923369006 and parameters: {'model_name': 'SimpleImputer', 'strategy': 'median'}. Best is trial 4 with value: 0.06381197923369006.
[I 2024-11-21 19:28:48,243] Trial 40 finished with value: 0.06381197923369006 and parameters: {'model_name': 'SimpleImputer', 'strategy': 'median'}. Best is trial 4 with value: 0.06381197923369006.
[I 2024-11-21 19:28:48,342] Trial 39 finished with value: 0.06381197923369006 and parameters: {'model_name': 'SimpleImputer', 'strategy': 'median'}. Best is trial 4 with value: 0.06381197923369006.
running
running
[I 2024-11-21 19:28:48,452] Trial 43 finished with value: 0.06381197923369006 and parameters: {'model_name': 'SimpleImputer', 'strategy': 'median'}. Best is trial 4 with value: 0.06381197923369006.
running
running
[I 2024-11-21 19:28:48,594] Trial 35 finished with value: 0.06381197923369006 and parameters: {'model_name': 'SimpleImputer', 'strategy': 'median'}. Best is trial 4 with value: 0.06381197923369006.
[I 2024-11-21 19:28:48,703] Trial 47 finished with value: 0.06381197923369006 and parameters: {'model_name': 'SimpleImputer', 'strategy': 'median'}. Best is trial 4 with value: 0.06381197923369006.
running
running
running
[I 2024-11-21 19:28:48,872] Trial 42 finished with value: 0.06381197923369006 and parameters: {'model_name': 'SimpleImputer', 'strategy': 'median'}. Best is trial 4 with value: 0.06381197923369006.
[I 2024-11-21 19:28:49,003] Trial 41 finished with value: 0.06381197923369006 and parameters: {'model_name': 'SimpleImputer', 'strategy': 'median'}. Best is trial 4 with value: 0.06381197923369006.
running
running
[I 2024-11-21 19:28:49,158] Trial 46 finished with value: 0.06381197923369006 and parameters: {'model_name': 'SimpleImputer', 'strategy': 'median'}. Best is trial 4 with value: 0.06381197923369006.
running
[I 2024-11-21 19:28:49,368] Trial 51 finished with value: 0.06381197923369006 and parameters: {'model_name': 'SimpleImputer', 'strategy': 'median'}. Best is trial 4 with value: 0.06381197923369006.
[I 2024-11-21 19:28:49,475] Trial 53 finished with value: 0.06381197923369006 and parameters: {'model_name': 'SimpleImputer', 'strategy': 'median'}. Best is trial 4 with value: 0.06381197923369006.
running
[I 2024-11-21 19:28:49,574] Trial 45 finished with value: 0.06381197923369006 and parameters: {'model_name': 'SimpleImputer', 'strategy': 'median'}. Best is trial 4 with value: 0.06381197923369006.
[I 2024-11-21 19:28:49,670] Trial 55 finished with value: 0.06381197923369006 and parameters: {'model_name': 'SimpleImputer', 'strategy': 'median'}. Best is trial 4 with value: 0.06381197923369006.
running
[I 2024-11-21 19:28:49,763] Trial 44 finished with value: 0.06381197923369006 and parameters: {'model_name': 'SimpleImputer', 'strategy': 'median'}. Best is trial 4 with value: 0.06381197923369006.
running
[I 2024-11-21 19:28:49,879] Trial 48 finished with value: 0.06381197923369006 and parameters: {'model_name': 'SimpleImputer', 'strategy': 'median'}. Best is trial 4 with value: 0.06381197923369006.
running
running
[I 2024-11-21 19:28:50,012] Trial 56 finished with value: 0.06381197923369006 and parameters: {'model_name': 'SimpleImputer', 'strategy': 'median'}. Best is trial 4 with value: 0.06381197923369006.
[I 2024-11-21 19:28:50,176] Trial 54 finished with value: 0.06381197923369006 and parameters: {'model_name': 'SimpleImputer', 'strategy': 'median'}. Best is trial 4 with value: 0.06381197923369006.
running
[I 2024-11-21 19:28:50,309] Trial 49 finished with value: 0.06381197923369006 and parameters: {'model_name': 'SimpleImputer', 'strategy': 'median'}. Best is trial 4 with value: 0.06381197923369006.
[I 2024-11-21 19:28:50,403] Trial 57 finished with value: 0.06381197923369006 and parameters: {'model_name': 'SimpleImputer', 'strategy': 'median'}. Best is trial 4 with value: 0.06381197923369006.
running
running
running
running
[I 2024-11-21 19:28:50,530] Trial 52 finished with value: 0.06381197923369006 and parameters: {'model_name': 'SimpleImputer', 'strategy': 'median'}. Best is trial 4 with value: 0.06381197923369006.
running
[I 2024-11-21 19:28:50,665] Trial 50 finished with value: 0.06381197923369006 and parameters: {'model_name': 'SimpleImputer', 'strategy': 'median'}. Best is trial 4 with value: 0.06381197923369006.
[I 2024-11-21 19:28:50,805] Trial 65 finished with value: 0.33255048739538706 and parameters: {'model_name': 'SimpleImputer', 'strategy': 'constant'}. Best is trial 4 with value: 0.06381197923369006.
running
[I 2024-11-21 19:28:50,921] Trial 58 finished with value: 0.06381197923369006 and parameters: {'model_name': 'SimpleImputer', 'strategy': 'median'}. Best is trial 4 with value: 0.06381197923369006.
running
running
[I 2024-11-21 19:28:51,181] Trial 60 finished with value: 0.33255048739538706 and parameters: {'model_name': 'SimpleImputer', 'strategy': 'most_frequent'}. Best is trial 4 with value: 0.06381197923369006.
running
[I 2024-11-21 19:28:51,367] Trial 72 finished with value: 0.33255048739538706 and parameters: {'model_name': 'SimpleImputer', 'strategy': 'constant'}. Best is trial 4 with value: 0.06381197923369006.
[I 2024-11-21 19:28:51,621] Trial 63 finished with value: 0.33255048739538706 and parameters: {'model_name': 'SimpleImputer', 'strategy': 'most_frequent'}. Best is trial 4 with value: 0.06381197923369006.
running
running
[I 2024-11-21 19:28:51,823] Trial 70 finished with value: 0.33255048739538706 and parameters: {'model_name': 'SimpleImputer', 'strategy': 'most_frequent'}. Best is trial 4 with value: 0.06381197923369006.
[I 2024-11-21 19:28:51,826] Trial 61 finished with value: 0.33255048739538706 and parameters: {'model_name': 'SimpleImputer', 'strategy': 'most_frequent'}. Best is trial 4 with value: 0.06381197923369006.
[I 2024-11-21 19:28:51,839] Trial 62 finished with value: 0.33255048739538706 and parameters: {'model_name': 'SimpleImputer', 'strategy': 'most_frequent'}. Best is trial 4 with value: 0.06381197923369006.
[I 2024-11-21 19:28:51,846] Trial 71 finished with value: 0.33255048739538706 and parameters: {'model_name': 'SimpleImputer', 'strategy': 'most_frequent'}. Best is trial 4 with value: 0.06381197923369006.
running
running
running
[I 2024-11-21 19:28:51,961] Trial 64 finished with value: 0.33255048739538706 and parameters: {'model_name': 'SimpleImputer', 'strategy': 'most_frequent'}. Best is trial 4 with value: 0.06381197923369006.
[I 2024-11-21 19:28:52,075] Trial 69 finished with value: 0.33255048739538706 and parameters: {'model_name': 'SimpleImputer', 'strategy': 'most_frequent'}. Best is trial 4 with value: 0.06381197923369006.
running
running
[I 2024-11-21 19:28:52,428] Trial 66 finished with value: 0.33255048739538706 and parameters: {'model_name': 'SimpleImputer', 'strategy': 'most_frequent'}. Best is trial 4 with value: 0.06381197923369006.
[I 2024-11-21 19:28:52,441] Trial 59 finished with value: 0.33255048739538706 and parameters: {'model_name': 'SimpleImputer', 'strategy': 'most_frequent'}. Best is trial 4 with value: 0.06381197923369006.
running
running
[I 2024-11-21 19:28:52,585] Trial 67 finished with value: 0.33255048739538706 and parameters: {'model_name': 'SimpleImputer', 'strategy': 'most_frequent'}. Best is trial 4 with value: 0.06381197923369006.
[I 2024-11-21 19:28:52,799] Trial 68 finished with value: 0.33255048739538706 and parameters: {'model_name': 'SimpleImputer', 'strategy': 'most_frequent'}. Best is trial 4 with value: 0.06381197923369006.
running
[I 2024-11-21 19:28:52,807] Trial 73 finished with value: 0.33255048739538706 and parameters: {'model_name': 'SimpleImputer', 'strategy': 'most_frequent'}. Best is trial 4 with value: 0.06381197923369006.
running
running
running
[I 2024-11-21 19:28:53,286] Trial 77 finished with value: 0.0713291480358262 and parameters: {'model_name': 'SimpleImputer', 'strategy': 'mean'}. Best is trial 4 with value: 0.06381197923369006.
[I 2024-11-21 19:28:53,391] Trial 79 finished with value: 0.0713291480358262 and parameters: {'model_name': 'SimpleImputer', 'strategy': 'mean'}. Best is trial 4 with value: 0.06381197923369006.
[I 2024-11-21 19:28:53,514] Trial 81 finished with value: 0.0713291480358262 and parameters: {'model_name': 'SimpleImputer', 'strategy': 'mean'}. Best is trial 4 with value: 0.06381197923369006.
running
[I 2024-11-21 19:28:53,641] Trial 74 finished with value: 0.33255048739538706 and parameters: {'model_name': 'SimpleImputer', 'strategy': 'most_frequent'}. Best is trial 4 with value: 0.06381197923369006.
[I 2024-11-21 19:28:53,757] Trial 75 finished with value: 0.33255048739538706 and parameters: {'model_name': 'SimpleImputer', 'strategy': 'most_frequent'}. Best is trial 4 with value: 0.06381197923369006.
[I 2024-11-21 19:28:53,874] Trial 80 finished with value: 0.0713291480358262 and parameters: {'model_name': 'SimpleImputer', 'strategy': 'mean'}. Best is trial 4 with value: 0.06381197923369006.
[I 2024-11-21 19:28:53,983] Trial 83 finished with value: 0.0713291480358262 and parameters: {'model_name': 'SimpleImputer', 'strategy': 'mean'}. Best is trial 4 with value: 0.06381197923369006.
running
running
running
running
[I 2024-11-21 19:28:54,143] Trial 78 finished with value: 0.0713291480358262 and parameters: {'model_name': 'SimpleImputer', 'strategy': 'mean'}. Best is trial 4 with value: 0.06381197923369006.
[I 2024-11-21 19:28:54,246] Trial 87 finished with value: 0.0713291480358262 and parameters: {'model_name': 'SimpleImputer', 'strategy': 'mean'}. Best is trial 4 with value: 0.06381197923369006.
[I 2024-11-21 19:28:54,345] Trial 76 finished with value: 0.33255048739538706 and parameters: {'model_name': 'SimpleImputer', 'strategy': 'most_frequent'}. Best is trial 4 with value: 0.06381197923369006.
running
running
running
[I 2024-11-21 19:28:54,480] Trial 82 finished with value: 0.0713291480358262 and parameters: {'model_name': 'SimpleImputer', 'strategy': 'mean'}. Best is trial 4 with value: 0.06381197923369006.
running
running
[I 2024-11-21 19:28:54,591] Trial 86 finished with value: 0.0713291480358262 and parameters: {'model_name': 'SimpleImputer', 'strategy': 'mean'}. Best is trial 4 with value: 0.06381197923369006.
[I 2024-11-21 19:28:54,705] Trial 88 finished with value: 0.0713291480358262 and parameters: {'model_name': 'SimpleImputer', 'strategy': 'mean'}. Best is trial 4 with value: 0.06381197923369006.
running
running
running
[I 2024-11-21 19:28:54,923] Trial 84 finished with value: 0.0713291480358262 and parameters: {'model_name': 'SimpleImputer', 'strategy': 'mean'}. Best is trial 4 with value: 0.06381197923369006.
[I 2024-11-21 19:28:55,037] Trial 89 finished with value: 0.0713291480358262 and parameters: {'model_name': 'SimpleImputer', 'strategy': 'mean'}. Best is trial 4 with value: 0.06381197923369006.
[I 2024-11-21 19:28:55,145] Trial 85 finished with value: 0.06381197923369006 and parameters: {'model_name': 'SimpleImputer', 'strategy': 'median'}. Best is trial 4 with value: 0.06381197923369006.
running
running
running
[I 2024-11-21 19:28:55,420] Trial 95 finished with value: 0.06381197923369006 and parameters: {'model_name': 'SimpleImputer', 'strategy': 'median'}. Best is trial 4 with value: 0.06381197923369006.
running
[I 2024-11-21 19:28:55,573] Trial 93 finished with value: 0.06381197923369006 and parameters: {'model_name': 'SimpleImputer', 'strategy': 'median'}. Best is trial 4 with value: 0.06381197923369006.
running
[I 2024-11-21 19:28:55,776] Trial 98 finished with value: 0.06381197923369006 and parameters: {'model_name': 'SimpleImputer', 'strategy': 'median'}. Best is trial 4 with value: 0.06381197923369006.
[I 2024-11-21 19:28:55,905] Trial 92 finished with value: 0.06381197923369006 and parameters: {'model_name': 'SimpleImputer', 'strategy': 'median'}. Best is trial 4 with value: 0.06381197923369006.
[I 2024-11-21 19:28:56,011] Trial 96 finished with value: 0.06381197923369006 and parameters: {'model_name': 'SimpleImputer', 'strategy': 'median'}. Best is trial 4 with value: 0.06381197923369006.
running
running
[I 2024-11-21 19:28:56,180] Trial 101 finished with value: 0.06381197923369006 and parameters: {'model_name': 'SimpleImputer', 'strategy': 'median'}. Best is trial 4 with value: 0.06381197923369006.
[I 2024-11-21 19:28:56,277] Trial 90 finished with value: 0.06381197923369006 and parameters: {'model_name': 'SimpleImputer', 'strategy': 'median'}. Best is trial 4 with value: 0.06381197923369006.
running
running
[I 2024-11-21 19:28:56,408] Trial 94 finished with value: 0.06381197923369006 and parameters: {'model_name': 'SimpleImputer', 'strategy': 'median'}. Best is trial 4 with value: 0.06381197923369006.
running
running
[I 2024-11-21 19:28:56,541] Trial 100 finished with value: 0.06381197923369006 and parameters: {'model_name': 'SimpleImputer', 'strategy': 'median'}. Best is trial 4 with value: 0.06381197923369006.
running
[I 2024-11-21 19:28:56,676] Trial 91 finished with value: 0.06381197923369006 and parameters: {'model_name': 'SimpleImputer', 'strategy': 'median'}. Best is trial 4 with value: 0.06381197923369006.
[I 2024-11-21 19:28:56,813] Trial 99 finished with value: 0.06381197923369006 and parameters: {'model_name': 'SimpleImputer', 'strategy': 'median'}. Best is trial 4 with value: 0.06381197923369006.
[I 2024-11-21 19:28:56,932] Trial 102 finished with value: 0.06381197923369006 and parameters: {'model_name': 'SimpleImputer', 'strategy': 'median'}. Best is trial 4 with value: 0.06381197923369006.
running
running
[I 2024-11-21 19:28:57,040] Trial 97 finished with value: 0.06381197923369006 and parameters: {'model_name': 'SimpleImputer', 'strategy': 'median'}. Best is trial 4 with value: 0.06381197923369006.
running
[I 2024-11-21 19:28:57,148] Trial 103 finished with value: 0.06381197923369006 and parameters: {'model_name': 'SimpleImputer', 'strategy': 'median'}. Best is trial 4 with value: 0.06381197923369006.
[I 2024-11-21 19:28:57,243] Trial 105 finished with value: 0.06381197923369006 and parameters: {'model_name': 'SimpleImputer', 'strategy': 'median'}. Best is trial 4 with value: 0.06381197923369006.
running
running
[I 2024-11-21 19:28:57,381] Trial 104 finished with value: 0.06381197923369006 and parameters: {'model_name': 'SimpleImputer', 'strategy': 'median'}. Best is trial 4 with value: 0.06381197923369006.
running
running
[I 2024-11-21 19:28:57,646] Trial 110 finished with value: 0.06381197923369006 and parameters: {'model_name': 'SimpleImputer', 'strategy': 'median'}. Best is trial 4 with value: 0.06381197923369006.
running
[I 2024-11-21 19:28:57,803] Trial 106 finished with value: 0.06381197923369006 and parameters: {'model_name': 'SimpleImputer', 'strategy': 'median'}. Best is trial 4 with value: 0.06381197923369006.
[I 2024-11-21 19:28:57,921] Trial 108 finished with value: 0.06381197923369006 and parameters: {'model_name': 'SimpleImputer', 'strategy': 'median'}. Best is trial 4 with value: 0.06381197923369006.
running
[I 2024-11-21 19:28:58,029] Trial 107 finished with value: 0.06381197923369006 and parameters: {'model_name': 'SimpleImputer', 'strategy': 'median'}. Best is trial 4 with value: 0.06381197923369006.
[I 2024-11-21 19:28:58,128] Trial 111 finished with value: 0.06381197923369006 and parameters: {'model_name': 'SimpleImputer', 'strategy': 'median'}. Best is trial 4 with value: 0.06381197923369006.
[I 2024-11-21 19:28:58,263] Trial 118 finished with value: 0.06381197923369006 and parameters: {'model_name': 'SimpleImputer', 'strategy': 'median'}. Best is trial 4 with value: 0.06381197923369006.
running
[I 2024-11-21 19:28:58,404] Trial 116 finished with value: 0.06381197923369006 and parameters: {'model_name': 'SimpleImputer', 'strategy': 'median'}. Best is trial 4 with value: 0.06381197923369006.
[I 2024-11-21 19:28:58,504] Trial 109 finished with value: 0.06381197923369006 and parameters: {'model_name': 'SimpleImputer', 'strategy': 'median'}. Best is trial 4 with value: 0.06381197923369006.
[I 2024-11-21 19:28:58,621] Trial 112 finished with value: 0.06381197923369006 and parameters: {'model_name': 'SimpleImputer', 'strategy': 'median'}. Best is trial 4 with value: 0.06381197923369006.
running
running
running
running
running
[I 2024-11-21 19:28:58,783] Trial 119 finished with value: 0.06381197923369006 and parameters: {'model_name': 'SimpleImputer', 'strategy': 'median'}. Best is trial 4 with value: 0.06381197923369006.
[I 2024-11-21 19:28:58,893] Trial 113 finished with value: 0.06381197923369006 and parameters: {'model_name': 'SimpleImputer', 'strategy': 'median'}. Best is trial 4 with value: 0.06381197923369006.
running
running
running
[I 2024-11-21 19:28:59,079] Trial 121 finished with value: 0.06381197923369006 and parameters: {'model_name': 'SimpleImputer', 'strategy': 'median'}. Best is trial 4 with value: 0.06381197923369006.
running
[I 2024-11-21 19:28:59,224] Trial 115 finished with value: 0.06381197923369006 and parameters: {'model_name': 'SimpleImputer', 'strategy': 'median'}. Best is trial 4 with value: 0.06381197923369006.
running
[I 2024-11-21 19:28:59,385] Trial 123 finished with value: 0.33255048739538706 and parameters: {'model_name': 'SimpleImputer', 'strategy': 'constant'}. Best is trial 4 with value: 0.06381197923369006.
[I 2024-11-21 19:28:59,491] Trial 126 finished with value: 0.33255048739538706 and parameters: {'model_name': 'SimpleImputer', 'strategy': 'constant'}. Best is trial 4 with value: 0.06381197923369006.
running
[I 2024-11-21 19:28:59,624] Trial 120 finished with value: 0.06381197923369006 and parameters: {'model_name': 'SimpleImputer', 'strategy': 'median'}. Best is trial 4 with value: 0.06381197923369006.
[I 2024-11-21 19:28:59,729] Trial 128 finished with value: 0.33255048739538706 and parameters: {'model_name': 'SimpleImputer', 'strategy': 'constant'}. Best is trial 4 with value: 0.06381197923369006.
running
running
running
[I 2024-11-21 19:28:59,890] Trial 127 finished with value: 0.33255048739538706 and parameters: {'model_name': 'SimpleImputer', 'strategy': 'constant'}. Best is trial 4 with value: 0.06381197923369006.
[I 2024-11-21 19:28:59,908] Trial 114 finished with value: 0.06381197923369006 and parameters: {'model_name': 'SimpleImputer', 'strategy': 'median'}. Best is trial 4 with value: 0.06381197923369006.
[I 2024-11-21 19:28:59,912] Trial 131 finished with value: 0.33255048739538706 and parameters: {'model_name': 'SimpleImputer', 'strategy': 'constant'}. Best is trial 4 with value: 0.06381197923369006.
[I 2024-11-21 19:29:00,025] Trial 124 finished with value: 0.33255048739538706 and parameters: {'model_name': 'SimpleImputer', 'strategy': 'constant'}. Best is trial 4 with value: 0.06381197923369006.
[I 2024-11-21 19:29:00,029] Trial 129 finished with value: 0.33255048739538706 and parameters: {'model_name': 'SimpleImputer', 'strategy': 'constant'}. Best is trial 4 with value: 0.06381197923369006.
[I 2024-11-21 19:29:00,349] Trial 117 finished with value: 0.06381197923369006 and parameters: {'model_name': 'SimpleImputer', 'strategy': 'median'}. Best is trial 4 with value: 0.06381197923369006.
running
running
[I 2024-11-21 19:29:00,455] Trial 130 finished with value: 0.33255048739538706 and parameters: {'model_name': 'SimpleImputer', 'strategy': 'constant'}. Best is trial 4 with value: 0.06381197923369006.
running
running
running
[I 2024-11-21 19:29:00,558] Trial 134 finished with value: 0.33255048739538706 and parameters: {'model_name': 'SimpleImputer', 'strategy': 'constant'}. Best is trial 4 with value: 0.06381197923369006.
running
running
[I 2024-11-21 19:29:00,844] Trial 133 finished with value: 0.33255048739538706 and parameters: {'model_name': 'SimpleImputer', 'strategy': 'constant'}. Best is trial 4 with value: 0.06381197923369006.
[I 2024-11-21 19:29:00,950] Trial 132 finished with value: 0.33255048739538706 and parameters: {'model_name': 'SimpleImputer', 'strategy': 'constant'}. Best is trial 4 with value: 0.06381197923369006.
running
running
running
[I 2024-11-21 19:29:01,146] Trial 125 finished with value: 0.06381197923369006 and parameters: {'model_name': 'SimpleImputer', 'strategy': 'median'}. Best is trial 4 with value: 0.06381197923369006.
[I 2024-11-21 19:29:01,276] Trial 122 finished with value: 0.06381197923369006 and parameters: {'model_name': 'SimpleImputer', 'strategy': 'median'}. Best is trial 4 with value: 0.06381197923369006.
running
running
[I 2024-11-21 19:29:01,523] Trial 138 finished with value: 0.06381197923369006 and parameters: {'model_name': 'SimpleImputer', 'strategy': 'median'}. Best is trial 4 with value: 0.06381197923369006.
running
[I 2024-11-21 19:29:01,752] Trial 137 finished with value: 0.06381197923369006 and parameters: {'model_name': 'SimpleImputer', 'strategy': 'median'}. Best is trial 4 with value: 0.06381197923369006.
[I 2024-11-21 19:29:01,863] Trial 143 finished with value: 0.06381197923369006 and parameters: {'model_name': 'SimpleImputer', 'strategy': 'median'}. Best is trial 4 with value: 0.06381197923369006.
running
[I 2024-11-21 19:29:01,983] Trial 146 finished with value: 0.06381197923369006 and parameters: {'model_name': 'SimpleImputer', 'strategy': 'median'}. Best is trial 4 with value: 0.06381197923369006.
[I 2024-11-21 19:29:02,086] Trial 147 finished with value: 0.06381197923369006 and parameters: {'model_name': 'SimpleImputer', 'strategy': 'median'}. Best is trial 4 with value: 0.06381197923369006.
running
running
[I 2024-11-21 19:29:02,209] Trial 135 finished with value: 0.06381197923369006 and parameters: {'model_name': 'SimpleImputer', 'strategy': 'median'}. Best is trial 4 with value: 0.06381197923369006.
running
running
[I 2024-11-21 19:29:02,346] Trial 148 finished with value: 0.06381197923369006 and parameters: {'model_name': 'SimpleImputer', 'strategy': 'median'}. Best is trial 4 with value: 0.06381197923369006.
[I 2024-11-21 19:29:02,450] Trial 142 finished with value: 0.06381197923369006 and parameters: {'model_name': 'SimpleImputer', 'strategy': 'median'}. Best is trial 4 with value: 0.06381197923369006.
[I 2024-11-21 19:29:02,568] Trial 144 finished with value: 0.06381197923369006 and parameters: {'model_name': 'SimpleImputer', 'strategy': 'median'}. Best is trial 4 with value: 0.06381197923369006.
running
running
running
[I 2024-11-21 19:29:02,692] Trial 141 finished with value: 0.06381197923369006 and parameters: {'model_name': 'SimpleImputer', 'strategy': 'median'}. Best is trial 4 with value: 0.06381197923369006.
[I 2024-11-21 19:29:02,817] Trial 136 finished with value: 0.06381197923369006 and parameters: {'model_name': 'SimpleImputer', 'strategy': 'median'}. Best is trial 4 with value: 0.06381197923369006.
running
running
[I 2024-11-21 19:29:03,012] Trial 145 finished with value: 0.06381197923369006 and parameters: {'model_name': 'SimpleImputer', 'strategy': 'median'}. Best is trial 4 with value: 0.06381197923369006.
running
[I 2024-11-21 19:29:03,168] Trial 140 finished with value: 0.06381197923369006 and parameters: {'model_name': 'SimpleImputer', 'strategy': 'median'}. Best is trial 4 with value: 0.06381197923369006.
running
[I 2024-11-21 19:29:03,284] Trial 139 finished with value: 0.06381197923369006 and parameters: {'model_name': 'SimpleImputer', 'strategy': 'median'}. Best is trial 4 with value: 0.06381197923369006.
[I 2024-11-21 19:29:03,422] Trial 151 finished with value: 0.06381197923369006 and parameters: {'model_name': 'SimpleImputer', 'strategy': 'median'}. Best is trial 4 with value: 0.06381197923369006.
running
running
[I 2024-11-21 19:29:03,609] Trial 150 finished with value: 0.06381197923369006 and parameters: {'model_name': 'SimpleImputer', 'strategy': 'median'}. Best is trial 4 with value: 0.06381197923369006.
running
[I 2024-11-21 19:29:03,796] Trial 154 finished with value: 0.06381197923369006 and parameters: {'model_name': 'SimpleImputer', 'strategy': 'median'}. Best is trial 4 with value: 0.06381197923369006.
[I 2024-11-21 19:29:03,924] Trial 159 finished with value: 0.06381197923369006 and parameters: {'model_name': 'SimpleImputer', 'strategy': 'median'}. Best is trial 4 with value: 0.06381197923369006.
[I 2024-11-21 19:29:04,025] Trial 152 finished with value: 0.06381197923369006 and parameters: {'model_name': 'SimpleImputer', 'strategy': 'median'}. Best is trial 4 with value: 0.06381197923369006.
[I 2024-11-21 19:29:04,143] Trial 149 finished with value: 0.06381197923369006 and parameters: {'model_name': 'SimpleImputer', 'strategy': 'median'}. Best is trial 4 with value: 0.06381197923369006.
[I 2024-11-21 19:29:04,272] Trial 160 finished with value: 0.06381197923369006 and parameters: {'model_name': 'SimpleImputer', 'strategy': 'median'}. Best is trial 4 with value: 0.06381197923369006.
[I 2024-11-21 19:29:04,377] Trial 158 finished with value: 0.06381197923369006 and parameters: {'model_name': 'SimpleImputer', 'strategy': 'median'}. Best is trial 4 with value: 0.06381197923369006.
running
running
[I 2024-11-21 19:29:04,484] Trial 153 finished with value: 0.06381197923369006 and parameters: {'model_name': 'SimpleImputer', 'strategy': 'median'}. Best is trial 4 with value: 0.06381197923369006.
running
running
[I 2024-11-21 19:29:04,599] Trial 155 finished with value: 0.06381197923369006 and parameters: {'model_name': 'SimpleImputer', 'strategy': 'median'}. Best is trial 4 with value: 0.06381197923369006.
running
running
running
running
[I 2024-11-21 19:29:04,760] Trial 156 finished with value: 0.06381197923369006 and parameters: {'model_name': 'SimpleImputer', 'strategy': 'median'}. Best is trial 4 with value: 0.06381197923369006.
running
[I 2024-11-21 19:29:04,944] Trial 162 finished with value: 0.06381197923369006 and parameters: {'model_name': 'SimpleImputer', 'strategy': 'median'}. Best is trial 4 with value: 0.06381197923369006.
[I 2024-11-21 19:29:05,090] Trial 163 finished with value: 0.06381197923369006 and parameters: {'model_name': 'SimpleImputer', 'strategy': 'median'}. Best is trial 4 with value: 0.06381197923369006.
running
[I 2024-11-21 19:29:05,105] Trial 161 finished with value: 0.06381197923369006 and parameters: {'model_name': 'SimpleImputer', 'strategy': 'median'}. Best is trial 4 with value: 0.06381197923369006.
[I 2024-11-21 19:29:05,217] Trial 165 finished with value: 0.06381197923369006 and parameters: {'model_name': 'SimpleImputer', 'strategy': 'median'}. Best is trial 4 with value: 0.06381197923369006.
[I 2024-11-21 19:29:05,431] Trial 164 finished with value: 0.06381197923369006 and parameters: {'model_name': 'SimpleImputer', 'strategy': 'median'}. Best is trial 4 with value: 0.06381197923369006.
running
running
running
[I 2024-11-21 19:29:05,596] Trial 157 finished with value: 0.06381197923369006 and parameters: {'model_name': 'SimpleImputer', 'strategy': 'median'}. Best is trial 4 with value: 0.06381197923369006.
running
running
[I 2024-11-21 19:29:05,781] Trial 166 finished with value: 0.06381197923369006 and parameters: {'model_name': 'SimpleImputer', 'strategy': 'median'}. Best is trial 4 with value: 0.06381197923369006.
running
[I 2024-11-21 19:29:05,940] Trial 167 finished with value: 0.06381197923369006 and parameters: {'model_name': 'SimpleImputer', 'strategy': 'median'}. Best is trial 4 with value: 0.06381197923369006.
[I 2024-11-21 19:29:06,080] Trial 169 finished with value: 0.06381197923369006 and parameters: {'model_name': 'SimpleImputer', 'strategy': 'median'}. Best is trial 4 with value: 0.06381197923369006.
running
running
[I 2024-11-21 19:29:06,195] Trial 168 finished with value: 0.06381197923369006 and parameters: {'model_name': 'SimpleImputer', 'strategy': 'median'}. Best is trial 4 with value: 0.06381197923369006.
[I 2024-11-21 19:29:06,296] Trial 172 finished with value: 0.06381197923369006 and parameters: {'model_name': 'SimpleImputer', 'strategy': 'median'}. Best is trial 4 with value: 0.06381197923369006.
running
running
[I 2024-11-21 19:29:06,520] Trial 174 finished with value: 0.06381197923369006 and parameters: {'model_name': 'SimpleImputer', 'strategy': 'median'}. Best is trial 4 with value: 0.06381197923369006.
running
[I 2024-11-21 19:29:06,632] Trial 173 finished with value: 0.06381197923369006 and parameters: {'model_name': 'SimpleImputer', 'strategy': 'median'}. Best is trial 4 with value: 0.06381197923369006.
running
[I 2024-11-21 19:29:06,757] Trial 175 finished with value: 0.06381197923369006 and parameters: {'model_name': 'SimpleImputer', 'strategy': 'median'}. Best is trial 4 with value: 0.06381197923369006.
running
[I 2024-11-21 19:29:06,887] Trial 170 finished with value: 0.06381197923369006 and parameters: {'model_name': 'SimpleImputer', 'strategy': 'median'}. Best is trial 4 with value: 0.06381197923369006.
[I 2024-11-21 19:29:07,014] Trial 171 finished with value: 0.06381197923369006 and parameters: {'model_name': 'SimpleImputer', 'strategy': 'median'}. Best is trial 4 with value: 0.06381197923369006.
running
[I 2024-11-21 19:29:07,119] Trial 176 finished with value: 0.06381197923369006 and parameters: {'model_name': 'SimpleImputer', 'strategy': 'median'}. Best is trial 4 with value: 0.06381197923369006.
running
[I 2024-11-21 19:29:07,238] Trial 178 finished with value: 0.06381197923369006 and parameters: {'model_name': 'SimpleImputer', 'strategy': 'median'}. Best is trial 4 with value: 0.06381197923369006.
running
[I 2024-11-21 19:29:07,375] Trial 179 finished with value: 0.06381197923369006 and parameters: {'model_name': 'SimpleImputer', 'strategy': 'median'}. Best is trial 4 with value: 0.06381197923369006.
running
running
[I 2024-11-21 19:29:07,484] Trial 180 finished with value: 0.06381197923369006 and parameters: {'model_name': 'SimpleImputer', 'strategy': 'median'}. Best is trial 4 with value: 0.06381197923369006.
running
[I 2024-11-21 19:29:07,639] Trial 181 finished with value: 0.06381197923369006 and parameters: {'model_name': 'SimpleImputer', 'strategy': 'median'}. Best is trial 4 with value: 0.06381197923369006.
[I 2024-11-21 19:29:07,764] Trial 183 finished with value: 0.06381197923369006 and parameters: {'model_name': 'SimpleImputer', 'strategy': 'median'}. Best is trial 4 with value: 0.06381197923369006.
running
[I 2024-11-21 19:29:07,892] Trial 182 finished with value: 0.06381197923369006 and parameters: {'model_name': 'SimpleImputer', 'strategy': 'median'}. Best is trial 4 with value: 0.06381197923369006.
running
running
[I 2024-11-21 19:29:08,032] Trial 187 finished with value: 0.06381197923369006 and parameters: {'model_name': 'SimpleImputer', 'strategy': 'median'}. Best is trial 4 with value: 0.06381197923369006.
running
[I 2024-11-21 19:29:08,144] Trial 186 finished with value: 0.06381197923369006 and parameters: {'model_name': 'SimpleImputer', 'strategy': 'median'}. Best is trial 4 with value: 0.06381197923369006.
[I 2024-11-21 19:29:08,276] Trial 184 finished with value: 0.06381197923369006 and parameters: {'model_name': 'SimpleImputer', 'strategy': 'median'}. Best is trial 4 with value: 0.06381197923369006.
[I 2024-11-21 19:29:08,374] Trial 188 finished with value: 0.06381197923369006 and parameters: {'model_name': 'SimpleImputer', 'strategy': 'median'}. Best is trial 4 with value: 0.06381197923369006.
[I 2024-11-21 19:29:08,480] Trial 185 finished with value: 0.06381197923369006 and parameters: {'model_name': 'SimpleImputer', 'strategy': 'median'}. Best is trial 4 with value: 0.06381197923369006.
[I 2024-11-21 19:29:08,583] Trial 177 finished with value: 0.06381197923369006 and parameters: {'model_name': 'SimpleImputer', 'strategy': 'median'}. Best is trial 4 with value: 0.06381197923369006.
[I 2024-11-21 19:29:08,816] Trial 191 finished with value: 0.06381197923369006 and parameters: {'model_name': 'SimpleImputer', 'strategy': 'median'}. Best is trial 4 with value: 0.06381197923369006.
[I 2024-11-21 19:29:08,916] Trial 192 finished with value: 0.06381197923369006 and parameters: {'model_name': 'SimpleImputer', 'strategy': 'median'}. Best is trial 4 with value: 0.06381197923369006.
[I 2024-11-21 19:29:09,020] Trial 193 finished with value: 0.06381197923369006 and parameters: {'model_name': 'SimpleImputer', 'strategy': 'median'}. Best is trial 4 with value: 0.06381197923369006.
[I 2024-11-21 19:29:09,122] Trial 190 finished with value: 0.06381197923369006 and parameters: {'model_name': 'SimpleImputer', 'strategy': 'median'}. Best is trial 4 with value: 0.06381197923369006.
[I 2024-11-21 19:29:09,240] Trial 199 finished with value: 0.06381197923369006 and parameters: {'model_name': 'SimpleImputer', 'strategy': 'median'}. Best is trial 4 with value: 0.06381197923369006.
[I 2024-11-21 19:29:09,241] Trial 195 finished with value: 0.06381197923369006 and parameters: {'model_name': 'SimpleImputer', 'strategy': 'median'}. Best is trial 4 with value: 0.06381197923369006.
[I 2024-11-21 19:29:09,443] Trial 189 finished with value: 0.06381197923369006 and parameters: {'model_name': 'SimpleImputer', 'strategy': 'median'}. Best is trial 4 with value: 0.06381197923369006.
[I 2024-11-21 19:29:09,443] Trial 197 finished with value: 0.06381197923369006 and parameters: {'model_name': 'SimpleImputer', 'strategy': 'median'}. Best is trial 4 with value: 0.06381197923369006.
[I 2024-11-21 19:29:09,641] Trial 194 finished with value: 0.06381197923369006 and parameters: {'model_name': 'SimpleImputer', 'strategy': 'median'}. Best is trial 4 with value: 0.06381197923369006.
[I 2024-11-21 19:29:09,739] Trial 196 finished with value: 0.06381197923369006 and parameters: {'model_name': 'SimpleImputer', 'strategy': 'median'}. Best is trial 4 with value: 0.06381197923369006.
[I 2024-11-21 19:29:09,832] Trial 198 finished with value: 0.06381197923369006 and parameters: {'model_name': 'SimpleImputer', 'strategy': 'median'}. Best is trial 4 with value: 0.06381197923369006.
fit
simple fit
simple transform
0    0
1    0
2    0
3    0
4    0
dtype: int64
0    0
1    0
2    0
3    0
4    0
dtype: int64
0.06381197923369006
{'model_name': 'SimpleImputer', 'strategy': 'median'}
running experiment 2/3 - Does reconstruction give good automl predictions
Start est fit
Version 0.1.7a0 of tpot2 is outdated. Version 0.1.8a0 was released Tuesday September 17, 2024.
Version 0.1.7a0 of tpot2 is outdated. Version 0.1.8a0 was released Tuesday September 17, 2024.
Version 0.1.7a0 of tpot2 is outdated. Version 0.1.8a0 was released Tuesday September 17, 2024.
Version 0.1.7a0 of tpot2 is outdated. Version 0.1.8a0 was released Tuesday September 17, 2024.
Version 0.1.7a0 of tpot2 is outdated. Version 0.1.8a0 was released Tuesday September 17, 2024.
Version 0.1.7a0 of tpot2 is outdated. Version 0.1.8a0 was released Tuesday September 17, 2024.
Version 0.1.7a0 of tpot2 is outdated. Version 0.1.8a0 was released Tuesday September 17, 2024.
Version 0.1.7a0 of tpot2 is outdated. Version 0.1.8a0 was released Tuesday September 17, 2024.
Version 0.1.7a0 of tpot2 is outdated. Version 0.1.8a0 was released Tuesday September 17, 2024.
Version 0.1.7a0 of tpot2 is outdated. Version 0.1.8a0 was released Tuesday September 17, 2024.
Version 0.1.7a0 of tpot2 is outdated. Version 0.1.8a0 was released Tuesday September 17, 2024.
Version 0.1.7a0 of tpot2 is outdated. Version 0.1.8a0 was released Tuesday September 17, 2024.
Version 0.1.7a0 of tpot2 is outdated. Version 0.1.8a0 was released Tuesday September 17, 2024.
Version 0.1.7a0 of tpot2 is outdated. Version 0.1.8a0 was released Tuesday September 17, 2024.
Version 0.1.7a0 of tpot2 is outdated. Version 0.1.8a0 was released Tuesday September 17, 2024.
Version 0.1.7a0 of tpot2 is outdated. Version 0.1.8a0 was released Tuesday September 17, 2024.
  0%|          | 0/25 [00:00<?, ?it/s]Generation:   0%|          | 0/25 [00:00<?, ?it/s]Generation:  1
Best f1_score score: 0.779335988783538
Generation:   4%|▍         | 1/25 [00:56<22:32, 56.37s/it]Generation:  2
Best f1_score score: 0.7943589133659448
Generation:   8%|▊         | 2/25 [01:01<10:01, 26.17s/it]Generation:  3
Best f1_score score: 0.8076330798832061
Generation:  12%|█▏        | 3/25 [01:14<07:25, 20.25s/it]Generation:  4
Best f1_score score: 0.8369579084244677
Generation:  16%|█▌        | 4/25 [01:26<05:53, 16.83s/it]Generation:  5
Best f1_score score: 0.8369579084244677
Generation:  20%|██        | 5/25 [04:05<22:43, 68.16s/it]Generation:  6
Best f1_score score: 0.8404228683355708
Generation:  24%|██▍       | 6/25 [04:13<15:06, 47.70s/it]Generation:  7
Best f1_score score: 0.8404228683355708
Generation:  28%|██▊       | 7/25 [04:25<10:50, 36.14s/it]Generation:  8
Best f1_score score: 0.8467172878359832
Generation:  32%|███▏      | 8/25 [04:37<08:03, 28.42s/it]Generation:  9
Best f1_score score: 0.866671081974071
Generation:  36%|███▌      | 9/25 [04:48<06:07, 22.99s/it]Generation:  10
Best f1_score score: 0.866671081974071
Generation:  40%|████      | 10/25 [04:58<04:44, 18.99s/it]Generation:  11
Best f1_score score: 0.8667200831967572
Generation:  44%|████▍     | 11/25 [07:17<12:59, 55.70s/it]Generation:  12
Best f1_score score: 0.8698292047910238
Generation:  48%|████▊     | 12/25 [07:33<09:25, 43.49s/it]Generation:  13
Best f1_score score: 0.8698292047910238
Generation:  52%|█████▏    | 13/25 [07:45<06:49, 34.12s/it]Generation:  14
Best f1_score score: 0.8698292047910238
Generation:  56%|█████▌    | 14/25 [08:20<06:18, 34.40s/it]Generation:  15
Best f1_score score: 0.8698292047910238
Generation:  60%|██████    | 15/25 [08:30<04:30, 27.03s/it]Generation:  16
Best f1_score score: 0.8698292047910238
Generation:  64%|██████▍   | 16/25 [08:40<03:16, 21.83s/it]Generation:  17
Best f1_score score: 0.8698292047910238
Generation:  68%|██████▊   | 17/25 [08:51<02:29, 18.69s/it]Generation:  18
Best f1_score score: 0.8698292047910238
Generation:  72%|███████▏  | 18/25 [10:20<04:37, 39.68s/it]Generation:  19
Best f1_score score: 0.8698292047910238
Generation:  76%|███████▌  | 19/25 [10:31<03:06, 31.04s/it]Generation:  20
Best f1_score score: 0.8698292047910238
Generation:  80%|████████  | 20/25 [10:47<02:12, 26.44s/it]Generation:  21
Best f1_score score: 0.8698292047910238
Generation:  84%|████████▍ | 21/25 [10:59<01:29, 22.25s/it]Generation:  22
Best f1_score score: 0.8698292047910238
Generation:  88%|████████▊ | 22/25 [11:15<01:01, 20.35s/it]Generation:  23
Best f1_score score: 0.8698292047910238
Generation:  92%|█████████▏| 23/25 [13:13<01:39, 49.55s/it]Generation:  24
Best f1_score score: 0.8698292047910238
Generation:  96%|█████████▌| 24/25 [13:27<00:39, 39.08s/it]Generation:  25
Best f1_score score: 0.8715103906210908
Generation: 100%|██████████| 25/25 [13:44<00:00, 32.33s/it]Generation: 100%|██████████| 25/25 [13:47<00:00, 33.10s/it]
2024-11-21 19:43:03,182 - distributed.scheduler - ERROR - Removing worker 'tcp://127.0.0.1:44361' caused the cluster to lose scattered data, which can't be recovered: {'ndarray-ebd5ec05bb0f66b412969f9be33321b3', 'ndarray-e86f2ca5deae2e03addf73ef9fb92c85'} (stimulus_id='handle-worker-cleanup-1732246983.1821501')
Fitted
Pipeline(steps=[('lgbmclassifier',
                 LGBMClassifier(max_depth=8, n_estimators=74, n_jobs=1,
                                num_leaves=127, verbose=-1))])
score start
train score: {'auroc': 1.0, 'accuracy': 0.998966675277706, 'balanced_accuracy': 0.9904306220095693, 'logloss': 0.012520529515735677, 'f1': 0.9948961563614117}
original test score: {'auroc': 0.9767593214645617, 'accuracy': 0.9803719008264463, 'balanced_accuracy': 0.8445162915686932, 'logloss': 0.06831557974301318, 'f1': 0.8904553441138807}
imputed test score: {'auroc': 0.9578434665770911, 'accuracy': 0.9721074380165289, 'balanced_accuracy': 0.7766627477326167, 'logloss': 0.09387878500476651, 'f1': 0.8338831156449613}
score end
check intended
EXP2 Finished
running experiment 3/3 - What is the best automl settings?
<tpot2.search_spaces.pipelines.sequential.SequentialPipeline object at 0x15543504f9d0>
Start tpot fit
Version 0.1.7a0 of tpot2 is outdated. Version 0.1.8a0 was released Tuesday September 17, 2024.
Version 0.1.7a0 of tpot2 is outdated. Version 0.1.8a0 was released Tuesday September 17, 2024.
Version 0.1.7a0 of tpot2 is outdated. Version 0.1.8a0 was released Tuesday September 17, 2024.
Version 0.1.7a0 of tpot2 is outdated. Version 0.1.8a0 was released Tuesday September 17, 2024.
Version 0.1.7a0 of tpot2 is outdated. Version 0.1.8a0 was released Tuesday September 17, 2024.
Version 0.1.7a0 of tpot2 is outdated. Version 0.1.8a0 was released Tuesday September 17, 2024.
Version 0.1.7a0 of tpot2 is outdated. Version 0.1.8a0 was released Tuesday September 17, 2024.
Version 0.1.7a0 of tpot2 is outdated. Version 0.1.8a0 was released Tuesday September 17, 2024.
Version 0.1.7a0 of tpot2 is outdated. Version 0.1.8a0 was released Tuesday September 17, 2024.
Version 0.1.7a0 of tpot2 is outdated. Version 0.1.8a0 was released Tuesday September 17, 2024.
Version 0.1.7a0 of tpot2 is outdated. Version 0.1.8a0 was released Tuesday September 17, 2024.
Version 0.1.7a0 of tpot2 is outdated. Version 0.1.8a0 was released Tuesday September 17, 2024.
Version 0.1.7a0 of tpot2 is outdated. Version 0.1.8a0 was released Tuesday September 17, 2024.
Version 0.1.7a0 of tpot2 is outdated. Version 0.1.8a0 was released Tuesday September 17, 2024.
Version 0.1.7a0 of tpot2 is outdated. Version 0.1.8a0 was released Tuesday September 17, 2024.
Version 0.1.7a0 of tpot2 is outdated. Version 0.1.8a0 was released Tuesday September 17, 2024.
  0%|          | 0/25 [00:00<?, ?it/s]Generation:   0%|          | 0/25 [00:00<?, ?it/s]Generation:  1
Best f1_score score: 0.8481363694176022
Generation:   4%|▍         | 1/25 [00:05<02:20,  5.86s/it]Generation:  2
Best f1_score score: 0.8578900647187396
Generation:   8%|▊         | 2/25 [00:16<03:15,  8.49s/it]Generation:  3
Best f1_score score: 0.8596568278771297
Generation:  12%|█▏        | 3/25 [00:24<03:05,  8.43s/it]Generation:  4
Best f1_score score: 0.8666527346549119
Generation:  16%|█▌        | 4/25 [00:32<02:54,  8.33s/it]Generation:  5
Best f1_score score: 0.8705821449492266
Generation:  20%|██        | 5/25 [00:41<02:46,  8.35s/it]Generation:  6
Best f1_score score: 0.8705821449492266
Generation:  24%|██▍       | 6/25 [00:48<02:34,  8.14s/it]Generation:  7
Best f1_score score: 0.8705821449492266
Generation:  28%|██▊       | 7/25 [00:59<02:40,  8.91s/it]Generation:  8
Best f1_score score: 0.8705821449492266
Generation:  32%|███▏      | 8/25 [01:07<02:26,  8.59s/it]Generation:  9
Best f1_score score: 0.8705821449492266
Generation:  36%|███▌      | 9/25 [01:15<02:15,  8.45s/it]Generation:  10
Best f1_score score: 0.8705821449492266
Generation:  40%|████      | 10/25 [01:27<02:21,  9.45s/it]Generation:  11
Best f1_score score: 0.8737647681135217
Generation:  44%|████▍     | 11/25 [01:36<02:11,  9.36s/it]Generation:  12
Best f1_score score: 0.8737647681135217
Generation:  48%|████▊     | 12/25 [01:41<01:47,  8.26s/it]Generation:  13
Best f1_score score: 0.8748037241282078
Generation:  52%|█████▏    | 13/25 [01:52<01:47,  8.93s/it]Generation:  14
Best f1_score score: 0.8748037241282078
Generation:  56%|█████▌    | 14/25 [02:02<01:40,  9.15s/it]Generation:  15
Best f1_score score: 0.8748037241282078
Generation:  60%|██████    | 15/25 [02:43<03:07, 18.76s/it]Generation:  16
Best f1_score score: 0.8748037241282078
Generation:  64%|██████▍   | 16/25 [02:55<02:32, 16.92s/it]Generation:  17
Best f1_score score: 0.8748037241282078
Generation:  68%|██████▊   | 17/25 [07:22<12:15, 91.96s/it]Generation:  18
Best f1_score score: 0.8748037241282078
Generation:  72%|███████▏  | 18/25 [07:34<07:56, 68.03s/it]Generation:  19
Best f1_score score: 0.8748037241282078
Generation:  76%|███████▌  | 19/25 [07:45<05:06, 51.02s/it]WARNING THIS INDIVIDUAL CAUSED AND EXCEPTION 
 <tpot2.search_spaces.pipelines.sequential.SequentialPipelineIndividual object at 0x1554742fd0f0> 
 The 'min_samples_split' parameter of DecisionTreeClassifier must be an int in the range [2, inf) or a float in the range (0.0, 1.0]. Got 1 instead. 
 Traceback (most recent call last):
  File "/common/ketrong/tpotexp/tpot2/tpot2/utils/eval_utils.py", line 53, in objective_nan_wrapper
    value = func_timeout.func_timeout(timeout, objective_function, args=[individual], kwargs=objective_kwargs)
  File "/common/ketrong/tpotexp/env/lib/python3.10/site-packages/func_timeout/dafunc.py", line 108, in func_timeout
    raise_exception(exception)
  File "/common/ketrong/tpotexp/env/lib/python3.10/site-packages/func_timeout/py3_raise.py", line 7, in raise_exception
    raise exception[0] from None
  File "/common/ketrong/tpotexp/tpot2/tpot2/tpot_estimator/estimator.py", line 623, in objective_function
    return objective_function_generator(
  File "/common/ketrong/tpotexp/tpot2/tpot2/tpot_estimator/estimator_utils.py", line 55, in objective_function_generator
    cv_obj_scores = cross_val_score_objective(sklearn.base.clone(pipeline),x,y,scorers=scorers, cv=cv , fold=step)
  File "/common/ketrong/tpotexp/tpot2/tpot2/tpot_estimator/cross_val_utils.py", line 28, in cross_val_score_objective
    this_fold_pipeline.fit(X_train,y_train)
  File "/common/ketrong/tpotexp/env/lib/python3.10/site-packages/sklearn/base.py", line 1473, in wrapper
    return fit_method(estimator, *args, **kwargs)
  File "/common/ketrong/tpotexp/env/lib/python3.10/site-packages/sklearn/pipeline.py", line 473, in fit
    self._final_estimator.fit(Xt, y, **last_step_params["fit"])
  File "/common/ketrong/tpotexp/env/lib/python3.10/site-packages/sklearn/base.py", line 1466, in wrapper
    estimator._validate_params()
  File "/common/ketrong/tpotexp/env/lib/python3.10/site-packages/sklearn/base.py", line 666, in _validate_params
    validate_parameter_constraints(
  File "/common/ketrong/tpotexp/env/lib/python3.10/site-packages/sklearn/utils/_param_validation.py", line 95, in validate_parameter_constraints
    raise InvalidParameterError(
sklearn.utils._param_validation.InvalidParameterError: The 'min_samples_split' parameter of DecisionTreeClassifier must be an int in the range [2, inf) or a float in the range (0.0, 1.0]. Got 1 instead.

Generation:  20
Best f1_score score: 0.8748037241282078
Generation:  80%|████████  | 20/25 [07:56<03:14, 38.92s/it]Generation:  21
Best f1_score score: 0.8748037241282078
Generation:  84%|████████▍ | 21/25 [08:23<02:21, 35.41s/it]Generation:  22
Best f1_score score: 0.8748037241282078
Generation:  88%|████████▊ | 22/25 [08:33<01:22, 27.51s/it]Generation:  23
Best f1_score score: 0.8748037241282078
Generation:  92%|█████████▏| 23/25 [08:42<00:43, 21.99s/it]Generation:  24
Best f1_score score: 0.8787136018554926
Generation:  96%|█████████▌| 24/25 [08:55<00:19, 19.33s/it]Generation:  25
Best f1_score score: 0.8787136018554926
Generation: 100%|██████████| 25/25 [09:05<00:00, 16.72s/it]Generation: 100%|██████████| 25/25 [09:05<00:00, 21.84s/it]
2024-11-21 19:52:18,256 - distributed.scheduler - ERROR - Removing worker 'tcp://127.0.0.1:43827' caused the cluster to lose scattered data, which can't be recovered: {'ndarray-ebd5ec05bb0f66b412969f9be33321b3', 'DataFrame-9d0846078369a0c70a9a55055cee3c7a'} (stimulus_id='handle-worker-cleanup-1732247538.256027')
Fitted
Pipeline(steps=[('simpleimputer', SimpleImputer(strategy='constant')),
                ('lgbmclassifier',
                 LGBMClassifier(boosting_type='dart', max_depth=7,
                                n_estimators=66, n_jobs=1, num_leaves=13,
                                verbose=-1))])
transform worked
try transform
transform worked
score start
train score: {'auroc': 0.997363978687098, 'accuracy': 0.9886334280547662, 'balanced_accuracy': 0.899248456277977, 'logloss': 0.0520211201773271, 'f1': 0.9388114350091536}
test score: {'auroc': 0.9658422908968761, 'accuracy': 0.9710743801652892, 'balanced_accuracy': 0.7579778300302318, 'logloss': 0.08665605184376021, 'f1': 0.8217170521219775}
original test score: {'auroc': 0.9804963050050387, 'accuracy': 0.9783057851239669, 'balanced_accuracy': 0.8252855223379241, 'logloss': 0.06436072550879826, 'f1': 0.876337577486723}
score end
40983
lvl
0.1
type
MCAR
num_run
2
class_simple
finished
all finished
full run takes
0.3964572988616096
hours
DONE
