Run: 49
/cm/local/apps/slurm/var/spool/job962452/slurm_script: line 26: 
pip install -e tpot2
pip install -r tpot2/ImputerExperiments/requirements_.txt
: No such file or directory
RunStart
Version 0.1.7a0 of tpot2 is outdated. Version 0.1.8a0 was released 3 days ago.
starting loops
../data/r/197/197.pkl
working on 
../data/r/197/reg_full_MCAR_0.01_3
1.384049892425537
running experiment 1/3 - Does large hyperparameter space improve reconstruction accuracy over simple
[I 2024-09-21 05:39:23,290] A new study created in memory with name: no-name-e9e06062-cf9f-4e2a-9d56-32c44a6b76b7
running
running
running
running
running
running
running
running
running
running
running
running
running
running
running
running
[I 2024-09-21 05:39:23,547] Trial 1 finished with value: 0.17336403588857588 and parameters: {'model_name': 'SimpleImputer', 'strategy': 'constant'}. Best is trial 1 with value: 0.17336403588857588.
running
[I 2024-09-21 05:39:23,891] Trial 7 finished with value: 0.09591782830964131 and parameters: {'model_name': 'SimpleImputer', 'strategy': 'mean'}. Best is trial 7 with value: 0.09591782830964131.
running
[I 2024-09-21 05:39:24,031] Trial 11 finished with value: 0.17336403588857588 and parameters: {'model_name': 'SimpleImputer', 'strategy': 'constant'}. Best is trial 7 with value: 0.09591782830964131.
running
[I 2024-09-21 05:39:24,273] Trial 5 finished with value: 0.17205428148836036 and parameters: {'model_name': 'SimpleImputer', 'strategy': 'most_frequent'}. Best is trial 7 with value: 0.09591782830964131.
running
[I 2024-09-21 05:39:24,496] Trial 19 finished with value: 0.09591782830964131 and parameters: {'model_name': 'SimpleImputer', 'strategy': 'mean'}. Best is trial 7 with value: 0.09591782830964131.
running
[I 2024-09-21 05:39:28,521] Trial 10 finished with value: 0.0544785599639113 and parameters: {'model_name': 'KNNImputer', 'n_neighbors': 12, 'weights': 'uniform'}. Best is trial 10 with value: 0.0544785599639113.
running
[I 2024-09-21 05:39:31,146] Trial 18 finished with value: 0.4505153747018963 and parameters: {'model_name': 'VAE', 'batch_size': 257, 'iterations': 1, 'learning_rate': 0.0003578296371352043, 'p_miss': 0.1417761172723785}. Best is trial 10 with value: 0.0544785599639113.
running
[I 2024-09-21 05:39:33,791] Trial 16 finished with value: 0.0828333548435337 and parameters: {'model_name': 'KNNImputer', 'n_neighbors': 3428, 'weights': 'distance'}. Best is trial 10 with value: 0.0544785599639113.
running
[I 2024-09-21 05:39:39,639] Trial 22 finished with value: 0.06857138337780185 and parameters: {'model_name': 'KNNImputer', 'n_neighbors': 601, 'weights': 'distance'}. Best is trial 10 with value: 0.0544785599639113.
running
[I 2024-09-21 05:39:40,240] Trial 0 finished with value: 0.44994313052930873 and parameters: {'model_name': 'VAE', 'batch_size': 5, 'iterations': 12, 'learning_rate': 0.00011465834545998036, 'p_miss': 0.04716658243937761}. Best is trial 10 with value: 0.0544785599639113.
running
[I 2024-09-21 05:39:40,792] Trial 20 finished with value: 0.28169625776046975 and parameters: {'model_name': 'VAE', 'batch_size': 12, 'iterations': 11, 'learning_rate': 0.0061874808157379784, 'p_miss': 0.22361399484156783}. Best is trial 10 with value: 0.0544785599639113.
running
[I 2024-09-21 05:39:45,655] Trial 8 finished with value: 0.43611313523404815 and parameters: {'model_name': 'VAE', 'batch_size': 2, 'iterations': 18, 'learning_rate': 0.0011691070976444589, 'p_miss': 0.1698576090840391}. Best is trial 10 with value: 0.0544785599639113.
running
[I 2024-09-21 05:39:49,395] Trial 26 finished with value: 0.060137854043996616 and parameters: {'model_name': 'KNNImputer', 'n_neighbors': 97, 'weights': 'uniform'}. Best is trial 10 with value: 0.0544785599639113.
running
[I 2024-09-21 05:39:49,917] Trial 21 finished with value: inf and parameters: {'model_name': 'GAIN', 'batch_size': 1, 'hint_rate': 0.43888336829749586, 'alpha': 41, 'iterations': 86, 'learning_rate': 0.007010160520851472, 'p_miss': 0.2539893243438796}. Best is trial 10 with value: 0.0544785599639113.
running
[I 2024-09-21 05:39:54,901] Trial 27 finished with value: 0.06647268245994166 and parameters: {'model_name': 'KNNImputer', 'n_neighbors': 327, 'weights': 'uniform'}. Best is trial 10 with value: 0.0544785599639113.
running
[I 2024-09-21 05:39:58,115] Trial 4 finished with value: 0.2897103493645131 and parameters: {'model_name': 'VAE', 'batch_size': 1, 'iterations': 30, 'learning_rate': 0.004273543865163252, 'p_miss': 0.11431074831340306}. Best is trial 10 with value: 0.0544785599639113.
running
[I 2024-09-21 05:39:58,295] Trial 28 finished with value: 0.06106392853500468 and parameters: {'model_name': 'KNNImputer', 'n_neighbors': 122, 'weights': 'uniform'}. Best is trial 10 with value: 0.0544785599639113.
running
[I 2024-09-21 05:39:59,377] Trial 29 finished with value: 0.060575305781477504 and parameters: {'model_name': 'KNNImputer', 'n_neighbors': 108, 'weights': 'uniform'}. Best is trial 10 with value: 0.0544785599639113.
running
[I 2024-09-21 05:40:07,233] Trial 2 finished with value: 0.05872495514849403 and parameters: {'model_name': 'IterativeImputer', 'estimator': 'Ridge', 'initial_strategy': 'mean', 'n_nearest_features': 21, 'imputation_order': 'descending'}. Best is trial 10 with value: 0.0544785599639113.
running
[I 2024-09-21 05:40:33,841] Trial 25 finished with value: 0.06151636137402959 and parameters: {'model_name': 'IterativeImputer', 'estimator': 'Ridge', 'initial_strategy': 'median', 'n_nearest_features': 10, 'imputation_order': 'descending'}. Best is trial 10 with value: 0.0544785599639113.
running
[I 2024-09-21 05:40:46,993] Trial 33 finished with value: 0.07347193353326421 and parameters: {'model_name': 'IterativeImputer', 'estimator': 'Ridge', 'initial_strategy': 'constant', 'n_nearest_features': 3, 'imputation_order': 'descending'}. Best is trial 10 with value: 0.0544785599639113.
running
[I 2024-09-21 05:41:03,377] Trial 34 finished with value: 0.05872495514849403 and parameters: {'model_name': 'IterativeImputer', 'estimator': 'Ridge', 'initial_strategy': 'mean', 'n_nearest_features': 21, 'imputation_order': 'descending'}. Best is trial 10 with value: 0.0544785599639113.
running
[I 2024-09-21 05:41:42,367] Trial 31 finished with value: 0.05518745614612417 and parameters: {'model_name': 'IterativeImputer', 'estimator': 'KNN', 'initial_strategy': 'mean', 'n_nearest_features': 9, 'imputation_order': 'random'}. Best is trial 10 with value: 0.0544785599639113.
running
[I 2024-09-21 05:41:42,961] Trial 12 finished with value: inf and parameters: {'model_name': 'GAIN', 'batch_size': 1, 'hint_rate': 0.7297713363965486, 'alpha': 23, 'iterations': 1078, 'learning_rate': 0.03339117295945607, 'p_miss': 0.109864332873286}. Best is trial 10 with value: 0.0544785599639113.
running
[I 2024-09-21 05:41:59,545] Trial 3 finished with value: 0.09063521761087598 and parameters: {'model_name': 'IterativeImputer', 'estimator': 'Bayesian', 'initial_strategy': 'median', 'n_nearest_features': 10, 'imputation_order': 'descending', 'sample_posterior': True}. Best is trial 10 with value: 0.0544785599639113.
running
[I 2024-09-21 05:42:02,092] Trial 37 finished with value: 0.05872495514849403 and parameters: {'model_name': 'IterativeImputer', 'estimator': 'Ridge', 'initial_strategy': 'mean', 'n_nearest_features': 21, 'imputation_order': 'descending'}. Best is trial 10 with value: 0.0544785599639113.
running
[I 2024-09-21 05:42:04,768] Trial 30 finished with value: 0.06375649961843166 and parameters: {'model_name': 'IterativeImputer', 'estimator': 'Bayesian', 'initial_strategy': 'median', 'n_nearest_features': 7, 'imputation_order': 'descending', 'sample_posterior': False}. Best is trial 10 with value: 0.0544785599639113.
running
[I 2024-09-21 05:42:11,229] Trial 32 finished with value: 0.06284824844508287 and parameters: {'model_name': 'IterativeImputer', 'estimator': 'Bayesian', 'initial_strategy': 'most_frequent', 'n_nearest_features': 10, 'imputation_order': 'descending', 'sample_posterior': False}. Best is trial 10 with value: 0.0544785599639113.
running
[I 2024-09-21 05:42:39,370] Trial 36 finished with value: 0.05878898377716472 and parameters: {'model_name': 'IterativeImputer', 'estimator': 'Bayesian', 'initial_strategy': 'mean', 'n_nearest_features': 21, 'imputation_order': 'random', 'sample_posterior': False}. Best is trial 10 with value: 0.0544785599639113.
running
[I 2024-09-21 05:43:06,385] Trial 41 finished with value: 0.052549386429117995 and parameters: {'model_name': 'IterativeImputer', 'estimator': 'KNN', 'initial_strategy': 'most_frequent', 'n_nearest_features': 15, 'imputation_order': 'random'}. Best is trial 41 with value: 0.052549386429117995.
running
[I 2024-09-21 05:43:21,981] Trial 38 finished with value: 0.053461260012062126 and parameters: {'model_name': 'IterativeImputer', 'estimator': 'KNN', 'initial_strategy': 'mean', 'n_nearest_features': 21, 'imputation_order': 'random'}. Best is trial 41 with value: 0.052549386429117995.
running
[I 2024-09-21 05:43:23,238] Trial 39 finished with value: 0.05416075227549623 and parameters: {'model_name': 'IterativeImputer', 'estimator': 'KNN', 'initial_strategy': 'mean', 'n_nearest_features': 19, 'imputation_order': 'random'}. Best is trial 41 with value: 0.052549386429117995.
running
[I 2024-09-21 05:43:32,247] Trial 40 finished with value: 0.053461260012062126 and parameters: {'model_name': 'IterativeImputer', 'estimator': 'KNN', 'initial_strategy': 'mean', 'n_nearest_features': 21, 'imputation_order': 'random'}. Best is trial 41 with value: 0.052549386429117995.
running
[I 2024-09-21 05:43:37,563] Trial 42 finished with value: 0.051937245832581636 and parameters: {'model_name': 'IterativeImputer', 'estimator': 'KNN', 'initial_strategy': 'mean', 'n_nearest_features': 16, 'imputation_order': 'random'}. Best is trial 42 with value: 0.051937245832581636.
running
[I 2024-09-21 05:43:44,714] Trial 43 finished with value: 0.051937245832581636 and parameters: {'model_name': 'IterativeImputer', 'estimator': 'KNN', 'initial_strategy': 'mean', 'n_nearest_features': 16, 'imputation_order': 'random'}. Best is trial 42 with value: 0.051937245832581636.
running
[I 2024-09-21 05:44:15,312] Trial 44 finished with value: 0.05344965508831216 and parameters: {'model_name': 'IterativeImputer', 'estimator': 'KNN', 'initial_strategy': 'mean', 'n_nearest_features': 16, 'imputation_order': 'arabic'}. Best is trial 42 with value: 0.051937245832581636.
running
[I 2024-09-21 05:44:29,417] Trial 46 finished with value: 0.052549386429117995 and parameters: {'model_name': 'IterativeImputer', 'estimator': 'KNN', 'initial_strategy': 'most_frequent', 'n_nearest_features': 15, 'imputation_order': 'random'}. Best is trial 42 with value: 0.051937245832581636.
running
[I 2024-09-21 05:44:52,398] Trial 50 finished with value: 0.053816157046169655 and parameters: {'model_name': 'IterativeImputer', 'estimator': 'KNN', 'initial_strategy': 'most_frequent', 'n_nearest_features': 15, 'imputation_order': 'roman'}. Best is trial 42 with value: 0.051937245832581636.
running
[I 2024-09-21 05:45:18,854] Trial 48 finished with value: 0.05310397846182615 and parameters: {'model_name': 'IterativeImputer', 'estimator': 'KNN', 'initial_strategy': 'most_frequent', 'n_nearest_features': 16, 'imputation_order': 'random'}. Best is trial 42 with value: 0.051937245832581636.
running
[I 2024-09-21 05:45:20,410] Trial 51 finished with value: 0.05321907412075525 and parameters: {'model_name': 'IterativeImputer', 'estimator': 'KNN', 'initial_strategy': 'most_frequent', 'n_nearest_features': 15, 'imputation_order': 'arabic'}. Best is trial 42 with value: 0.051937245832581636.
running
[I 2024-09-21 05:45:23,227] Trial 49 finished with value: 0.05310397846182615 and parameters: {'model_name': 'IterativeImputer', 'estimator': 'KNN', 'initial_strategy': 'most_frequent', 'n_nearest_features': 16, 'imputation_order': 'random'}. Best is trial 42 with value: 0.051937245832581636.
running
[I 2024-09-21 05:50:40,603] Trial 17 finished with value: 0.10040427783477453 and parameters: {'model_name': 'VAE', 'batch_size': 8, 'iterations': 400, 'learning_rate': 0.017342060665161026, 'p_miss': 0.25820494729221394}. Best is trial 42 with value: 0.051937245832581636.
running
[I 2024-09-21 05:51:10,074] Trial 9 finished with value: 0.30840843127173134 and parameters: {'model_name': 'VAE', 'batch_size': 108, 'iterations': 286, 'learning_rate': 0.00016787829143928971, 'p_miss': 0.23606675934937316}. Best is trial 42 with value: 0.051937245832581636.
running
[I 2024-09-21 05:58:59,353] Trial 14 finished with value: 0.2568747831266384 and parameters: {'model_name': 'GAIN', 'batch_size': 266, 'hint_rate': 0.22789847296987698, 'alpha': 75, 'iterations': 955, 'learning_rate': 0.03776603958987405, 'p_miss': 0.2961129262736087}. Best is trial 42 with value: 0.051937245832581636.
running
[I 2024-09-21 06:29:01,979] Trial 15 finished with value: 0.06477535141359173 and parameters: {'model_name': 'IterativeImputer', 'estimator': 'RFR', 'initial_strategy': 'most_frequent', 'n_nearest_features': 4, 'imputation_order': 'ascending'}. Best is trial 42 with value: 0.051937245832581636.
running
[I 2024-09-21 06:29:56,624] Trial 60 finished with value: 0.05371675551154239 and parameters: {'model_name': 'IterativeImputer', 'estimator': 'KNN', 'initial_strategy': 'most_frequent', 'n_nearest_features': 13, 'imputation_order': 'random'}. Best is trial 42 with value: 0.051937245832581636.
running
[I 2024-09-21 06:31:31,991] Trial 61 finished with value: 0.05315807523971816 and parameters: {'model_name': 'IterativeImputer', 'estimator': 'KNN', 'initial_strategy': 'most_frequent', 'n_nearest_features': 18, 'imputation_order': 'random'}. Best is trial 42 with value: 0.051937245832581636.
running
[I 2024-09-21 06:31:32,729] Trial 62 finished with value: 0.10320976711337457 and parameters: {'model_name': 'SimpleImputer', 'strategy': 'median'}. Best is trial 42 with value: 0.051937245832581636.
running
[I 2024-09-21 06:45:09,373] Trial 13 finished with value: 0.2760305559548023 and parameters: {'model_name': 'GAIN', 'batch_size': 38, 'hint_rate': 0.2979164622219375, 'alpha': 9, 'iterations': 3837, 'learning_rate': 0.008147931552455403, 'p_miss': 0.24102450313342116}. Best is trial 42 with value: 0.051937245832581636.
running
[I 2024-09-21 06:46:05,166] Trial 64 finished with value: 0.05317350433796837 and parameters: {'model_name': 'IterativeImputer', 'estimator': 'KNN', 'initial_strategy': 'constant', 'n_nearest_features': 13, 'imputation_order': 'random'}. Best is trial 42 with value: 0.051937245832581636.
running
[I 2024-09-21 07:07:21,196] Trial 23 finished with value: 0.04292450426790752 and parameters: {'model_name': 'IterativeImputer', 'estimator': 'RFR', 'initial_strategy': 'mean', 'n_nearest_features': 12, 'imputation_order': 'descending'}. Best is trial 23 with value: 0.04292450426790752.
running
[I 2024-09-21 07:29:42,384] Trial 59 finished with value: 0.04121534415158792 and parameters: {'model_name': 'IterativeImputer', 'estimator': 'RFR', 'initial_strategy': 'most_frequent', 'n_nearest_features': 13, 'imputation_order': 'ascending'}. Best is trial 59 with value: 0.04121534415158792.
running
[I 2024-09-21 07:43:00,215] Trial 24 finished with value: 0.040801890887058385 and parameters: {'model_name': 'IterativeImputer', 'estimator': 'RFR', 'initial_strategy': 'median', 'n_nearest_features': 20, 'imputation_order': 'arabic'}. Best is trial 24 with value: 0.040801890887058385.
running
[I 2024-09-21 07:43:16,450] Trial 35 finished with value: 0.04029131800483966 and parameters: {'model_name': 'IterativeImputer', 'estimator': 'RFR', 'initial_strategy': 'mean', 'n_nearest_features': 21, 'imputation_order': 'random'}. Best is trial 35 with value: 0.04029131800483966.
running
[I 2024-09-21 07:43:23,590] Trial 69 finished with value: 0.178987102977835 and parameters: {'model_name': 'GAIN', 'batch_size': 818, 'hint_rate': 0.9763276632437707, 'alpha': 85, 'iterations': 1, 'learning_rate': 0.08828770911876005, 'p_miss': 0.04571639941479361}. Best is trial 35 with value: 0.04029131800483966.
running
[I 2024-09-21 07:43:25,112] Trial 70 finished with value: 0.17205428148836036 and parameters: {'model_name': 'SimpleImputer', 'strategy': 'most_frequent'}. Best is trial 35 with value: 0.04029131800483966.
running
[I 2024-09-21 07:45:21,208] Trial 52 finished with value: 0.17294858890541615 and parameters: {'model_name': 'GAIN', 'batch_size': 145, 'hint_rate': 0.023973707175179104, 'alpha': 99, 'iterations': 6718, 'learning_rate': 0.08640104936633895, 'p_miss': 0.019491979534873305}. Best is trial 35 with value: 0.04029131800483966.
running
[I 2024-09-21 07:56:27,592] Trial 47 finished with value: 0.24626476970833178 and parameters: {'model_name': 'GAIN', 'batch_size': 772, 'hint_rate': 0.06615338727461134, 'alpha': 97, 'iterations': 4259, 'learning_rate': 0.0928397829328222, 'p_miss': 0.2977331649291364}. Best is trial 35 with value: 0.04029131800483966.
running
[I 2024-09-21 08:03:45,427] Trial 57 finished with value: 0.17543497304743166 and parameters: {'model_name': 'GAIN', 'batch_size': 765, 'hint_rate': 0.015856411001730353, 'alpha': 96, 'iterations': 4432, 'learning_rate': 0.0009318921054208616, 'p_miss': 0.014193344777787165}. Best is trial 35 with value: 0.04029131800483966.
running
[I 2024-09-21 08:03:54,701] Trial 74 finished with value: 0.4458521400891656 and parameters: {'model_name': 'VAE', 'batch_size': 44, 'iterations': 4, 'learning_rate': 0.0011294342021379846, 'p_miss': 0.19429145426905386}. Best is trial 35 with value: 0.04029131800483966.
running
[I 2024-09-21 08:13:09,634] Trial 54 finished with value: 0.17391120483176326 and parameters: {'model_name': 'GAIN', 'batch_size': 154, 'hint_rate': 0.010567815058881325, 'alpha': 95, 'iterations': 8440, 'learning_rate': 0.06929770105782085, 'p_miss': 0.023644870000593315}. Best is trial 35 with value: 0.04029131800483966.
running
[I 2024-09-21 08:17:14,296] Trial 65 finished with value: 0.04099245362297243 and parameters: {'model_name': 'IterativeImputer', 'estimator': 'RFR', 'initial_strategy': 'most_frequent', 'n_nearest_features': 13, 'imputation_order': 'random'}. Best is trial 35 with value: 0.04029131800483966.
running
[I 2024-09-21 08:19:35,917] Trial 56 finished with value: 0.23642782904777865 and parameters: {'model_name': 'GAIN', 'batch_size': 559, 'hint_rate': 0.08791438790359657, 'alpha': 91, 'iterations': 6334, 'learning_rate': 0.06385204842586238, 'p_miss': 0.2991706586716645}. Best is trial 35 with value: 0.04029131800483966.
running
[I 2024-09-21 08:21:28,457] Trial 6 finished with value: 0.09710887310843179 and parameters: {'model_name': 'VAE', 'batch_size': 19, 'iterations': 5400, 'learning_rate': 0.0016680177240493957, 'p_miss': 0.148448899619935}. Best is trial 35 with value: 0.04029131800483966.
running
[I 2024-09-21 08:37:56,289] Trial 66 finished with value: 0.041163565233425826 and parameters: {'model_name': 'IterativeImputer', 'estimator': 'RFR', 'initial_strategy': 'most_frequent', 'n_nearest_features': 13, 'imputation_order': 'random'}. Best is trial 35 with value: 0.04029131800483966.
running
[I 2024-09-21 08:59:37,438] Trial 67 finished with value: 0.04138862467667344 and parameters: {'model_name': 'IterativeImputer', 'estimator': 'RFR', 'initial_strategy': 'most_frequent', 'n_nearest_features': 13, 'imputation_order': 'ascending'}. Best is trial 35 with value: 0.04029131800483966.
running
[I 2024-09-21 09:01:53,836] Trial 45 finished with value: 0.17323494789827623 and parameters: {'model_name': 'GAIN', 'batch_size': 750, 'hint_rate': 0.03998352279835965, 'alpha': 97, 'iterations': 6612, 'learning_rate': 0.08295323204800119, 'p_miss': 0.017762402285453588}. Best is trial 35 with value: 0.04029131800483966.
running
[I 2024-09-21 09:13:53,213] Trial 68 finished with value: 0.04126211710726359 and parameters: {'model_name': 'IterativeImputer', 'estimator': 'RFR', 'initial_strategy': 'median', 'n_nearest_features': 13, 'imputation_order': 'ascending'}. Best is trial 35 with value: 0.04029131800483966.
running
[I 2024-09-21 09:16:02,146] Trial 72 finished with value: 0.04164980942633063 and parameters: {'model_name': 'IterativeImputer', 'estimator': 'RFR', 'initial_strategy': 'median', 'n_nearest_features': 13, 'imputation_order': 'ascending'}. Best is trial 35 with value: 0.04029131800483966.
running
[I 2024-09-21 09:27:37,686] Trial 55 finished with value: 0.17357852330936002 and parameters: {'model_name': 'GAIN', 'batch_size': 616, 'hint_rate': 0.026562548281279297, 'alpha': 97, 'iterations': 8722, 'learning_rate': 0.08575535191453212, 'p_miss': 0.011203711683366258}. Best is trial 35 with value: 0.04029131800483966.
running
[I 2024-09-21 09:29:06,625] Trial 53 finished with value: 0.23026517840009503 and parameters: {'model_name': 'GAIN', 'batch_size': 754, 'hint_rate': 0.010009428895034367, 'alpha': 100, 'iterations': 7584, 'learning_rate': 0.09965042909821709, 'p_miss': 0.29651189028731306}. Best is trial 35 with value: 0.04029131800483966.
running
[I 2024-09-21 09:36:41,651] Trial 71 finished with value: 0.04095102289394479 and parameters: {'model_name': 'IterativeImputer', 'estimator': 'RFR', 'initial_strategy': 'median', 'n_nearest_features': 18, 'imputation_order': 'ascending'}. Best is trial 35 with value: 0.04029131800483966.
running
[I 2024-09-21 09:43:03,487] Trial 76 finished with value: 0.04160904898262941 and parameters: {'model_name': 'IterativeImputer', 'estimator': 'RFR', 'initial_strategy': 'median', 'n_nearest_features': 13, 'imputation_order': 'ascending'}. Best is trial 35 with value: 0.04029131800483966.
running
[I 2024-09-21 09:47:00,958] Trial 77 finished with value: 0.04127635450026994 and parameters: {'model_name': 'IterativeImputer', 'estimator': 'RFR', 'initial_strategy': 'median', 'n_nearest_features': 13, 'imputation_order': 'ascending'}. Best is trial 35 with value: 0.04029131800483966.
running
[I 2024-09-21 09:49:19,392] Trial 73 finished with value: 0.04127552437059955 and parameters: {'model_name': 'IterativeImputer', 'estimator': 'RFR', 'initial_strategy': 'median', 'n_nearest_features': 18, 'imputation_order': 'ascending'}. Best is trial 35 with value: 0.04029131800483966.
running
[I 2024-09-21 09:49:57,454] Trial 78 finished with value: 0.041459980018290016 and parameters: {'model_name': 'IterativeImputer', 'estimator': 'RFR', 'initial_strategy': 'median', 'n_nearest_features': 13, 'imputation_order': 'ascending'}. Best is trial 35 with value: 0.04029131800483966.
running
[I 2024-09-21 09:51:10,067] Trial 79 finished with value: 0.041629516228766546 and parameters: {'model_name': 'IterativeImputer', 'estimator': 'RFR', 'initial_strategy': 'median', 'n_nearest_features': 13, 'imputation_order': 'ascending'}. Best is trial 35 with value: 0.04029131800483966.
running
[I 2024-09-21 09:56:45,976] Trial 75 finished with value: 0.040596513196996975 and parameters: {'model_name': 'IterativeImputer', 'estimator': 'RFR', 'initial_strategy': 'median', 'n_nearest_features': 18, 'imputation_order': 'ascending'}. Best is trial 35 with value: 0.04029131800483966.
running
[I 2024-09-21 10:02:48,950] Trial 80 finished with value: 0.04053648189642245 and parameters: {'model_name': 'IterativeImputer', 'estimator': 'RFR', 'initial_strategy': 'median', 'n_nearest_features': 12, 'imputation_order': 'ascending'}. Best is trial 35 with value: 0.04029131800483966.
running
[I 2024-09-21 10:02:51,346] Trial 94 finished with value: 0.4516537280092713 and parameters: {'model_name': 'VAE', 'batch_size': 3, 'iterations': 4, 'learning_rate': 0.0004521972165894743, 'p_miss': 0.09155214589643101}. Best is trial 35 with value: 0.04029131800483966.
running
[I 2024-09-21 10:23:48,840] Trial 81 finished with value: 0.04063646255216584 and parameters: {'model_name': 'IterativeImputer', 'estimator': 'RFR', 'initial_strategy': 'median', 'n_nearest_features': 12, 'imputation_order': 'ascending'}. Best is trial 35 with value: 0.04029131800483966.
running
[I 2024-09-21 10:26:12,130] Trial 82 finished with value: 0.04065160215668548 and parameters: {'model_name': 'IterativeImputer', 'estimator': 'RFR', 'initial_strategy': 'median', 'n_nearest_features': 12, 'imputation_order': 'ascending'}. Best is trial 35 with value: 0.04029131800483966.
running
[I 2024-09-21 10:42:19,598] Trial 83 finished with value: 0.041564540452921406 and parameters: {'model_name': 'IterativeImputer', 'estimator': 'RFR', 'initial_strategy': 'median', 'n_nearest_features': 13, 'imputation_order': 'ascending'}. Best is trial 35 with value: 0.04029131800483966.
running
[I 2024-09-21 10:57:05,286] Trial 86 finished with value: 0.04160432442524852 and parameters: {'model_name': 'IterativeImputer', 'estimator': 'RFR', 'initial_strategy': 'median', 'n_nearest_features': 13, 'imputation_order': 'ascending'}. Best is trial 35 with value: 0.04029131800483966.
running
[I 2024-09-21 11:01:49,384] Trial 58 finished with value: 0.17344378183485112 and parameters: {'model_name': 'GAIN', 'batch_size': 804, 'hint_rate': 0.06869334068565525, 'alpha': 100, 'iterations': 9378, 'learning_rate': 0.06550808044876082, 'p_miss': 0.027479117070837666}. Best is trial 35 with value: 0.04029131800483966.
running
[I 2024-09-21 11:12:18,237] Trial 84 finished with value: 0.0411171756242907 and parameters: {'model_name': 'IterativeImputer', 'estimator': 'RFR', 'initial_strategy': 'median', 'n_nearest_features': 19, 'imputation_order': 'ascending'}. Best is trial 35 with value: 0.04029131800483966.
running
[I 2024-09-21 11:13:17,473] Trial 93 finished with value: 0.042458003849861606 and parameters: {'model_name': 'IterativeImputer', 'estimator': 'RFR', 'initial_strategy': 'median', 'n_nearest_features': 11, 'imputation_order': 'arabic'}. Best is trial 35 with value: 0.04029131800483966.
running
[I 2024-09-21 11:13:17,928] Trial 102 finished with value: 0.10320976711337457 and parameters: {'model_name': 'SimpleImputer', 'strategy': 'median'}. Best is trial 35 with value: 0.04029131800483966.
running
[I 2024-09-21 11:18:27,863] Trial 85 finished with value: 0.04079126037447331 and parameters: {'model_name': 'IterativeImputer', 'estimator': 'RFR', 'initial_strategy': 'median', 'n_nearest_features': 18, 'imputation_order': 'ascending'}. Best is trial 35 with value: 0.04029131800483966.
running
[I 2024-09-21 11:18:32,957] Trial 104 finished with value: 0.08697270503282861 and parameters: {'model_name': 'KNNImputer', 'n_neighbors': 6537, 'weights': 'distance'}. Best is trial 35 with value: 0.04029131800483966.
running
[I 2024-09-21 11:30:24,565] Trial 87 finished with value: 0.0406018944380096 and parameters: {'model_name': 'IterativeImputer', 'estimator': 'RFR', 'initial_strategy': 'median', 'n_nearest_features': 19, 'imputation_order': 'ascending'}. Best is trial 35 with value: 0.04029131800483966.
running
[I 2024-09-21 11:36:26,780] Trial 88 finished with value: 0.04079672947280442 and parameters: {'model_name': 'IterativeImputer', 'estimator': 'RFR', 'initial_strategy': 'median', 'n_nearest_features': 19, 'imputation_order': 'ascending'}. Best is trial 35 with value: 0.04029131800483966.
running
[I 2024-09-21 11:37:29,936] Trial 96 finished with value: 0.042570777514361516 and parameters: {'model_name': 'IterativeImputer', 'estimator': 'RFR', 'initial_strategy': 'median', 'n_nearest_features': 11, 'imputation_order': 'arabic'}. Best is trial 35 with value: 0.04029131800483966.
running
[I 2024-09-21 11:39:57,844] Trial 89 finished with value: 0.041203857262863505 and parameters: {'model_name': 'IterativeImputer', 'estimator': 'RFR', 'initial_strategy': 'median', 'n_nearest_features': 19, 'imputation_order': 'ascending'}. Best is trial 35 with value: 0.04029131800483966.
running
[I 2024-09-21 11:40:22,955] Trial 97 finished with value: 0.04222858965725995 and parameters: {'model_name': 'IterativeImputer', 'estimator': 'RFR', 'initial_strategy': 'median', 'n_nearest_features': 11, 'imputation_order': 'arabic'}. Best is trial 35 with value: 0.04029131800483966.
running
[I 2024-09-21 11:42:12,508] Trial 90 finished with value: 0.04039407715655606 and parameters: {'model_name': 'IterativeImputer', 'estimator': 'RFR', 'initial_strategy': 'median', 'n_nearest_features': 19, 'imputation_order': 'ascending'}. Best is trial 35 with value: 0.04029131800483966.
running
[I 2024-09-21 11:42:54,783] Trial 91 finished with value: 0.040821596372842654 and parameters: {'model_name': 'IterativeImputer', 'estimator': 'RFR', 'initial_strategy': 'median', 'n_nearest_features': 19, 'imputation_order': 'ascending'}. Best is trial 35 with value: 0.04029131800483966.
running
[I 2024-09-21 11:43:21,120] Trial 112 finished with value: 0.08506173099246912 and parameters: {'model_name': 'IterativeImputer', 'estimator': 'Bayesian', 'initial_strategy': 'median', 'n_nearest_features': 20, 'imputation_order': 'roman', 'sample_posterior': True}. Best is trial 35 with value: 0.04029131800483966.
running
[I 2024-09-21 11:44:32,653] Trial 92 finished with value: 0.04081029108917615 and parameters: {'model_name': 'IterativeImputer', 'estimator': 'RFR', 'initial_strategy': 'median', 'n_nearest_features': 19, 'imputation_order': 'arabic'}. Best is trial 35 with value: 0.04029131800483966.
running
[I 2024-09-21 11:53:37,031] Trial 63 finished with value: 0.17654111072291073 and parameters: {'model_name': 'GAIN', 'batch_size': 917, 'hint_rate': 0.051517018588859986, 'alpha': 99, 'iterations': 9761, 'learning_rate': 0.0010858553870886287, 'p_miss': 0.020575012347795824}. Best is trial 35 with value: 0.04029131800483966.
running
[I 2024-09-21 11:54:29,216] Trial 98 finished with value: 0.042233740343835015 and parameters: {'model_name': 'IterativeImputer', 'estimator': 'RFR', 'initial_strategy': 'median', 'n_nearest_features': 11, 'imputation_order': 'arabic'}. Best is trial 35 with value: 0.04029131800483966.
running
[I 2024-09-21 11:54:33,720] Trial 95 finished with value: 0.04043549024687413 and parameters: {'model_name': 'IterativeImputer', 'estimator': 'RFR', 'initial_strategy': 'median', 'n_nearest_features': 19, 'imputation_order': 'arabic'}. Best is trial 35 with value: 0.04029131800483966.
running
[I 2024-09-21 12:06:15,645] Trial 99 finished with value: 0.04251727283027677 and parameters: {'model_name': 'IterativeImputer', 'estimator': 'RFR', 'initial_strategy': 'median', 'n_nearest_features': 11, 'imputation_order': 'arabic'}. Best is trial 35 with value: 0.04029131800483966.
running
[I 2024-09-21 12:06:20,722] Trial 118 finished with value: 0.05873407854731831 and parameters: {'model_name': 'IterativeImputer', 'estimator': 'Ridge', 'initial_strategy': 'constant', 'n_nearest_features': 20, 'imputation_order': 'ascending'}. Best is trial 35 with value: 0.04029131800483966.
running
[I 2024-09-21 12:09:20,636] Trial 100 finished with value: 0.0423720536337253 and parameters: {'model_name': 'IterativeImputer', 'estimator': 'RFR', 'initial_strategy': 'median', 'n_nearest_features': 11, 'imputation_order': 'arabic'}. Best is trial 35 with value: 0.04029131800483966.
running
[I 2024-09-21 12:18:38,341] Trial 101 finished with value: 0.042821990186060414 and parameters: {'model_name': 'IterativeImputer', 'estimator': 'RFR', 'initial_strategy': 'median', 'n_nearest_features': 11, 'imputation_order': 'arabic'}. Best is trial 35 with value: 0.04029131800483966.
running
[I 2024-09-21 12:18:48,325] Trial 121 finished with value: 0.09720198734155101 and parameters: {'model_name': 'VAE', 'batch_size': 58, 'iterations': 111, 'learning_rate': 0.01197845201745745, 'p_miss': 0.07719526442443324}. Best is trial 35 with value: 0.04029131800483966.
running
[I 2024-09-21 12:29:22,536] Trial 115 finished with value: 0.04885613400112963 and parameters: {'model_name': 'IterativeImputer', 'estimator': 'RFR', 'initial_strategy': 'constant', 'n_nearest_features': 6, 'imputation_order': 'ascending'}. Best is trial 35 with value: 0.04029131800483966.
running
[I 2024-09-21 12:29:24,995] Trial 123 finished with value: 0.08697270503282861 and parameters: {'model_name': 'KNNImputer', 'n_neighbors': 6496, 'weights': 'distance'}. Best is trial 35 with value: 0.04029131800483966.
running
[I 2024-09-21 12:41:52,896] Trial 119 finished with value: 0.054807553524473786 and parameters: {'model_name': 'IterativeImputer', 'estimator': 'RFR', 'initial_strategy': 'median', 'n_nearest_features': 6, 'imputation_order': 'ascending'}. Best is trial 35 with value: 0.04029131800483966.
running
[I 2024-09-21 12:54:16,771] Trial 122 finished with value: 0.05515285607151673 and parameters: {'model_name': 'IterativeImputer', 'estimator': 'RFR', 'initial_strategy': 'median', 'n_nearest_features': 6, 'imputation_order': 'ascending'}. Best is trial 35 with value: 0.04029131800483966.
running
[I 2024-09-21 12:54:35,764] Trial 103 finished with value: 0.0404892784310135 and parameters: {'model_name': 'IterativeImputer', 'estimator': 'RFR', 'initial_strategy': 'median', 'n_nearest_features': 19, 'imputation_order': 'roman'}. Best is trial 35 with value: 0.04029131800483966.
running
[I 2024-09-21 12:58:57,258] Trial 105 finished with value: 0.040705621637935764 and parameters: {'model_name': 'IterativeImputer', 'estimator': 'RFR', 'initial_strategy': 'median', 'n_nearest_features': 19, 'imputation_order': 'roman'}. Best is trial 35 with value: 0.04029131800483966.
running
[I 2024-09-21 13:08:20,848] Trial 106 finished with value: 0.04110759542571198 and parameters: {'model_name': 'IterativeImputer', 'estimator': 'RFR', 'initial_strategy': 'median', 'n_nearest_features': 19, 'imputation_order': 'ascending'}. Best is trial 35 with value: 0.04029131800483966.
running
[I 2024-09-21 13:13:56,371] Trial 107 finished with value: 0.0407177115719043 and parameters: {'model_name': 'IterativeImputer', 'estimator': 'RFR', 'initial_strategy': 'median', 'n_nearest_features': 19, 'imputation_order': 'ascending'}. Best is trial 35 with value: 0.04029131800483966.
running
[I 2024-09-21 13:14:09,247] Trial 130 finished with value: 0.08460107334408501 and parameters: {'model_name': 'IterativeImputer', 'estimator': 'Bayesian', 'initial_strategy': 'median', 'n_nearest_features': 18, 'imputation_order': 'roman', 'sample_posterior': True}. Best is trial 35 with value: 0.04029131800483966.
running
[I 2024-09-21 13:14:09,573] Trial 131 finished with value: 0.09591782830964131 and parameters: {'model_name': 'SimpleImputer', 'strategy': 'mean'}. Best is trial 35 with value: 0.04029131800483966.
running
[I 2024-09-21 13:14:47,476] Trial 108 finished with value: 0.040850302639136284 and parameters: {'model_name': 'IterativeImputer', 'estimator': 'RFR', 'initial_strategy': 'median', 'n_nearest_features': 19, 'imputation_order': 'ascending'}. Best is trial 35 with value: 0.04029131800483966.
running
[I 2024-09-21 13:21:03,169] Trial 110 finished with value: 0.0404336077060565 and parameters: {'model_name': 'IterativeImputer', 'estimator': 'RFR', 'initial_strategy': 'median', 'n_nearest_features': 20, 'imputation_order': 'ascending'}. Best is trial 35 with value: 0.04029131800483966.
running
[I 2024-09-21 13:21:07,030] Trial 134 finished with value: 0.058725397503841016 and parameters: {'model_name': 'IterativeImputer', 'estimator': 'Ridge', 'initial_strategy': 'mean', 'n_nearest_features': 20, 'imputation_order': 'roman'}. Best is trial 35 with value: 0.04029131800483966.
running
[I 2024-09-21 13:21:22,889] Trial 109 finished with value: 0.04071713373807957 and parameters: {'model_name': 'IterativeImputer', 'estimator': 'RFR', 'initial_strategy': 'median', 'n_nearest_features': 20, 'imputation_order': 'ascending'}. Best is trial 35 with value: 0.04029131800483966.
running
[I 2024-09-21 13:22:45,253] Trial 111 finished with value: 0.040807400624501174 and parameters: {'model_name': 'IterativeImputer', 'estimator': 'RFR', 'initial_strategy': 'median', 'n_nearest_features': 20, 'imputation_order': 'ascending'}. Best is trial 35 with value: 0.04029131800483966.
running
[I 2024-09-21 13:24:23,236] Trial 113 finished with value: 0.04058140279295833 and parameters: {'model_name': 'IterativeImputer', 'estimator': 'RFR', 'initial_strategy': 'median', 'n_nearest_features': 20, 'imputation_order': 'ascending'}. Best is trial 35 with value: 0.04029131800483966.
running
[I 2024-09-21 13:26:26,189] Trial 114 finished with value: 0.04118045601740376 and parameters: {'model_name': 'IterativeImputer', 'estimator': 'RFR', 'initial_strategy': 'constant', 'n_nearest_features': 20, 'imputation_order': 'ascending'}. Best is trial 35 with value: 0.04029131800483966.
running
[I 2024-09-21 13:33:53,659] Trial 117 finished with value: 0.04094197137061082 and parameters: {'model_name': 'IterativeImputer', 'estimator': 'RFR', 'initial_strategy': 'median', 'n_nearest_features': 20, 'imputation_order': 'ascending'}. Best is trial 35 with value: 0.04029131800483966.
running
[I 2024-09-21 13:34:45,539] Trial 116 finished with value: 0.04088428517722994 and parameters: {'model_name': 'IterativeImputer', 'estimator': 'RFR', 'initial_strategy': 'median', 'n_nearest_features': 20, 'imputation_order': 'ascending'}. Best is trial 35 with value: 0.04029131800483966.
running
[I 2024-09-21 13:48:17,720] Trial 120 finished with value: 0.04101210637182121 and parameters: {'model_name': 'IterativeImputer', 'estimator': 'RFR', 'initial_strategy': 'median', 'n_nearest_features': 20, 'imputation_order': 'ascending'}. Best is trial 35 with value: 0.04029131800483966.
running
[I 2024-09-21 14:09:24,044] Trial 124 finished with value: 0.04081647200674228 and parameters: {'model_name': 'IterativeImputer', 'estimator': 'RFR', 'initial_strategy': 'median', 'n_nearest_features': 20, 'imputation_order': 'ascending'}. Best is trial 35 with value: 0.04029131800483966.
running
[I 2024-09-21 14:21:35,377] Trial 125 finished with value: 0.04084625494804579 and parameters: {'model_name': 'IterativeImputer', 'estimator': 'RFR', 'initial_strategy': 'median', 'n_nearest_features': 20, 'imputation_order': 'ascending'}. Best is trial 35 with value: 0.04029131800483966.
running
[I 2024-09-21 14:25:50,192] Trial 128 finished with value: 0.04063033329799649 and parameters: {'model_name': 'IterativeImputer', 'estimator': 'RFR', 'initial_strategy': 'median', 'n_nearest_features': 17, 'imputation_order': 'roman'}. Best is trial 35 with value: 0.04029131800483966.
running
[I 2024-09-21 14:33:49,419] Trial 126 finished with value: 0.040444848312481414 and parameters: {'model_name': 'IterativeImputer', 'estimator': 'RFR', 'initial_strategy': 'median', 'n_nearest_features': 20, 'imputation_order': 'ascending'}. Best is trial 35 with value: 0.04029131800483966.
running
[I 2024-09-21 14:34:01,647] Trial 129 finished with value: 0.04078723724576748 and parameters: {'model_name': 'IterativeImputer', 'estimator': 'RFR', 'initial_strategy': 'median', 'n_nearest_features': 17, 'imputation_order': 'roman'}. Best is trial 35 with value: 0.04029131800483966.
running
[I 2024-09-21 14:34:05,024] Trial 127 finished with value: 0.04082803799344384 and parameters: {'model_name': 'IterativeImputer', 'estimator': 'RFR', 'initial_strategy': 'median', 'n_nearest_features': 20, 'imputation_order': 'ascending'}. Best is trial 35 with value: 0.04029131800483966.
running
[I 2024-09-21 14:40:21,335] Trial 132 finished with value: 0.040422831590173944 and parameters: {'model_name': 'IterativeImputer', 'estimator': 'RFR', 'initial_strategy': 'median', 'n_nearest_features': 17, 'imputation_order': 'roman'}. Best is trial 35 with value: 0.04029131800483966.
running
[I 2024-09-21 14:41:19,715] Trial 133 finished with value: 0.041187661497029945 and parameters: {'model_name': 'IterativeImputer', 'estimator': 'RFR', 'initial_strategy': 'mean', 'n_nearest_features': 17, 'imputation_order': 'roman'}. Best is trial 35 with value: 0.04029131800483966.
running
[I 2024-09-21 14:41:20,410] Trial 150 finished with value: 0.44910146736867745 and parameters: {'model_name': 'VAE', 'batch_size': 6, 'iterations': 5, 'learning_rate': 0.00014954276939263965, 'p_miss': 0.19835801335653905}. Best is trial 35 with value: 0.04029131800483966.
running
[I 2024-09-21 14:46:59,036] Trial 136 finished with value: 0.040517976992689574 and parameters: {'model_name': 'IterativeImputer', 'estimator': 'RFR', 'initial_strategy': 'median', 'n_nearest_features': 17, 'imputation_order': 'roman'}. Best is trial 35 with value: 0.04029131800483966.
running
[I 2024-09-21 14:48:20,846] Trial 137 finished with value: 0.04025344804972244 and parameters: {'model_name': 'IterativeImputer', 'estimator': 'RFR', 'initial_strategy': 'median', 'n_nearest_features': 17, 'imputation_order': 'roman'}. Best is trial 137 with value: 0.04025344804972244.
running
[I 2024-09-21 14:48:23,621] Trial 153 finished with value: 0.08518257683134885 and parameters: {'model_name': 'KNNImputer', 'n_neighbors': 4207, 'weights': 'distance'}. Best is trial 137 with value: 0.04025344804972244.
running
[I 2024-09-21 14:59:58,165] Trial 135 finished with value: 0.04054617872523343 and parameters: {'model_name': 'IterativeImputer', 'estimator': 'RFR', 'initial_strategy': 'median', 'n_nearest_features': 20, 'imputation_order': 'roman'}. Best is trial 137 with value: 0.04025344804972244.
running
[I 2024-09-21 15:00:06,124] Trial 155 finished with value: 0.05878757985803127 and parameters: {'model_name': 'IterativeImputer', 'estimator': 'Bayesian', 'initial_strategy': 'mean', 'n_nearest_features': 21, 'imputation_order': 'roman', 'sample_posterior': False}. Best is trial 137 with value: 0.04025344804972244.
running
[I 2024-09-21 15:01:28,213] Trial 141 finished with value: 0.040761385900614365 and parameters: {'model_name': 'IterativeImputer', 'estimator': 'RFR', 'initial_strategy': 'mean', 'n_nearest_features': 17, 'imputation_order': 'roman'}. Best is trial 137 with value: 0.04025344804972244.
running
[I 2024-09-21 15:03:27,230] Trial 138 finished with value: 0.0406125302640191 and parameters: {'model_name': 'IterativeImputer', 'estimator': 'RFR', 'initial_strategy': 'median', 'n_nearest_features': 21, 'imputation_order': 'roman'}. Best is trial 137 with value: 0.04025344804972244.
running
[I 2024-09-21 15:05:06,795] Trial 139 finished with value: 0.04050213719530268 and parameters: {'model_name': 'IterativeImputer', 'estimator': 'RFR', 'initial_strategy': 'median', 'n_nearest_features': 21, 'imputation_order': 'roman'}. Best is trial 137 with value: 0.04025344804972244.
running
[I 2024-09-21 15:12:14,208] Trial 140 finished with value: 0.040132990089869966 and parameters: {'model_name': 'IterativeImputer', 'estimator': 'RFR', 'initial_strategy': 'mean', 'n_nearest_features': 21, 'imputation_order': 'roman'}. Best is trial 140 with value: 0.040132990089869966.
running
[I 2024-09-21 15:12:59,061] Trial 159 finished with value: 0.08921166775094529 and parameters: {'model_name': 'IterativeImputer', 'estimator': 'RFR', 'initial_strategy': 'median', 'n_nearest_features': 1, 'imputation_order': 'roman'}. Best is trial 140 with value: 0.040132990089869966.
running
[I 2024-09-21 15:12:59,390] Trial 161 finished with value: 0.17336403588857588 and parameters: {'model_name': 'SimpleImputer', 'strategy': 'constant'}. Best is trial 140 with value: 0.040132990089869966.
running
[I 2024-09-21 15:26:09,313] Trial 142 finished with value: 0.040245013559424836 and parameters: {'model_name': 'IterativeImputer', 'estimator': 'RFR', 'initial_strategy': 'mean', 'n_nearest_features': 21, 'imputation_order': 'roman'}. Best is trial 140 with value: 0.040132990089869966.
running
[I 2024-09-21 15:36:35,669] Trial 143 finished with value: 0.04068579294851865 and parameters: {'model_name': 'IterativeImputer', 'estimator': 'RFR', 'initial_strategy': 'mean', 'n_nearest_features': 17, 'imputation_order': 'roman'}. Best is trial 140 with value: 0.040132990089869966.
running
[I 2024-09-21 15:48:16,856] Trial 144 finished with value: 0.04104954869615478 and parameters: {'model_name': 'IterativeImputer', 'estimator': 'RFR', 'initial_strategy': 'mean', 'n_nearest_features': 17, 'imputation_order': 'roman'}. Best is trial 140 with value: 0.040132990089869966.
running
[I 2024-09-21 15:52:01,480] Trial 145 finished with value: 0.04048743723203547 and parameters: {'model_name': 'IterativeImputer', 'estimator': 'RFR', 'initial_strategy': 'median', 'n_nearest_features': 17, 'imputation_order': 'roman'}. Best is trial 140 with value: 0.040132990089869966.
running
[I 2024-09-21 16:00:48,555] Trial 146 finished with value: 0.040775755707520844 and parameters: {'model_name': 'IterativeImputer', 'estimator': 'RFR', 'initial_strategy': 'mean', 'n_nearest_features': 17, 'imputation_order': 'roman'}. Best is trial 140 with value: 0.040132990089869966.
running
