Run: 49
/cm/local/apps/slurm/var/spool/job1064091/slurm_script: line 26: 
pip install -e tpot2
pip install -r tpot2/ImputerExperiments/requirements_.txt
: No such file or directory
RunStart
Version 0.1.7a0 of tpot2 is outdated. Version 0.1.8a0 was released Tuesday September 17, 2024.
starting loops
../data/c/40497/40497.pkl
working on 
../data/c/40497/class_full_MCAR_0.01_3
1.0790843963623047
running experiment 1/3 - Does large hyperparameter space improve reconstruction accuracy over simple
[I 2024-11-19 08:36:35,647] A new study created in memory with name: no-name-f9ff8201-a669-4906-814d-938ce03f0bcc
running
running
running
running
running
running
running
running
running
running
running
running
running
running
running
running
[I 2024-11-19 08:36:36,058] Trial 6 finished with value: 0.18174569658700496 and parameters: {'model_name': 'SimpleImputer', 'strategy': 'mean'}. Best is trial 6 with value: 0.18174569658700496.
running
[I 2024-11-19 08:36:36,278] Trial 1 finished with value: 0.19246313028499404 and parameters: {'model_name': 'SimpleImputer', 'strategy': 'median'}. Best is trial 6 with value: 0.18174569658700496.
running
