Run: 27
/cm/local/apps/slurm/var/spool/job1010574/slurm_script: line 26: 
pip install -e tpot2
pip install -r tpot2/ImputerExperiments/requirements_.txt
: No such file or directory
RunStart
Version 0.1.7a0 of tpot2 is outdated. Version 0.1.8a0 was released Tuesday September 17, 2024.
starting loops
../data/c/251/251.pkl
working on 
../data/c/251/class_full_MCAR_0.3_2
4.158535718917847
running experiment 1/3 - Does large hyperparameter space improve reconstruction accuracy over simple
[I 2024-10-21 21:59:48,636] A new study created in memory with name: no-name-f427f9f0-0af1-48a9-92d1-cd4116825076
running
running
running
running
running
running
running
running
running
running
running
running
running
running
running
running
[I 2024-10-21 21:59:49,152] Trial 7 finished with value: 0.2765351967027788 and parameters: {'model_name': 'SimpleImputer', 'strategy': 'constant'}. Best is trial 7 with value: 0.2765351967027788.
running
[I 2024-10-21 21:59:50,538] Trial 13 finished with value: 0.2637264090231844 and parameters: {'model_name': 'SimpleImputer', 'strategy': 'most_frequent'}. Best is trial 13 with value: 0.2637264090231844.
running
[I 2024-10-21 21:59:59,222] Trial 5 finished with value: 0.2755428863203259 and parameters: {'model_name': 'GAIN', 'batch_size': 613, 'hint_rate': 0.217374927900722, 'alpha': 75, 'iterations': 1, 'learning_rate': 0.0044240605355003685, 'p_miss': 0.07693746292380835}. Best is trial 13 with value: 0.2637264090231844.
running
[I 2024-10-21 21:59:59,867] Trial 4 finished with value: 0.2745892879889601 and parameters: {'model_name': 'GAIN', 'batch_size': 328, 'hint_rate': 0.7346018656727245, 'alpha': 23, 'iterations': 1, 'learning_rate': 0.0001243446460918607, 'p_miss': 0.13893823998191884}. Best is trial 13 with value: 0.2637264090231844.
running
[I 2024-10-21 22:00:01,306] Trial 18 finished with value: 0.2637264090231844 and parameters: {'model_name': 'SimpleImputer', 'strategy': 'most_frequent'}. Best is trial 13 with value: 0.2637264090231844.
running
[I 2024-10-21 22:00:02,373] Trial 20 finished with value: 0.2499058801291877 and parameters: {'model_name': 'SimpleImputer', 'strategy': 'median'}. Best is trial 20 with value: 0.2499058801291877.
running
[I 2024-10-21 22:00:08,342] Trial 10 finished with value: 0.27466756817033067 and parameters: {'model_name': 'GAIN', 'batch_size': 118, 'hint_rate': 0.03418773926440756, 'alpha': 68, 'iterations': 11, 'learning_rate': 0.0017215610729017534, 'p_miss': 0.15521788211663548}. Best is trial 20 with value: 0.2499058801291877.
running
[I 2024-10-21 22:00:09,132] Trial 22 finished with value: 0.2765351967027788 and parameters: {'model_name': 'SimpleImputer', 'strategy': 'constant'}. Best is trial 20 with value: 0.2499058801291877.
running
[I 2024-10-21 22:00:22,302] Trial 14 finished with value: 0.17964140727292138 and parameters: {'model_name': 'IterativeImputer', 'estimator': 'Ridge', 'initial_strategy': 'most_frequent', 'n_nearest_features': 4, 'imputation_order': 'descending'}. Best is trial 14 with value: 0.17964140727292138.
running
[I 2024-10-21 22:00:29,426] Trial 2 finished with value: 0.20237247186929247 and parameters: {'model_name': 'KNNImputer', 'n_neighbors': 6656, 'weights': 'uniform'}. Best is trial 14 with value: 0.17964140727292138.
running
[I 2024-10-21 22:00:30,959] Trial 8 finished with value: 0.21670110245832275 and parameters: {'model_name': 'KNNImputer', 'n_neighbors': 29555, 'weights': 'uniform'}. Best is trial 14 with value: 0.17964140727292138.
running
[I 2024-10-21 22:00:37,033] Trial 6 finished with value: 0.21893724534676623 and parameters: {'model_name': 'KNNImputer', 'n_neighbors': 20347, 'weights': 'uniform'}. Best is trial 14 with value: 0.17964140727292138.
running
[I 2024-10-21 22:00:38,006] Trial 1 finished with value: 0.21864739640271785 and parameters: {'model_name': 'KNNImputer', 'n_neighbors': 21065, 'weights': 'uniform'}. Best is trial 14 with value: 0.17964140727292138.
running
[I 2024-10-21 22:00:45,557] Trial 11 finished with value: inf and parameters: {'model_name': 'GAIN', 'batch_size': 3, 'hint_rate': 0.07545061340846843, 'alpha': 24, 'iterations': 303, 'learning_rate': 0.0389775375924297, 'p_miss': 0.07250300388487284}. Best is trial 14 with value: 0.17964140727292138.
running
[I 2024-10-21 22:00:53,223] Trial 23 finished with value: 0.17746209342441085 and parameters: {'model_name': 'IterativeImputer', 'estimator': 'Ridge', 'initial_strategy': 'constant', 'n_nearest_features': 4, 'imputation_order': 'arabic'}. Best is trial 23 with value: 0.17746209342441085.
running
[I 2024-10-21 22:00:58,318] Trial 17 finished with value: 0.28096127554602085 and parameters: {'model_name': 'GAIN', 'batch_size': 190, 'hint_rate': 0.33930185821757547, 'alpha': 57, 'iterations': 70, 'learning_rate': 0.05316708038502684, 'p_miss': 0.11448487074273254}. Best is trial 23 with value: 0.17746209342441085.
running
[I 2024-10-21 22:01:01,306] Trial 19 finished with value: 0.22011192218187198 and parameters: {'model_name': 'KNNImputer', 'n_neighbors': 18255, 'weights': 'distance'}. Best is trial 23 with value: 0.17746209342441085.
running
[I 2024-10-21 22:01:02,424] Trial 21 finished with value: 0.22011410363029804 and parameters: {'model_name': 'KNNImputer', 'n_neighbors': 19153, 'weights': 'distance'}. Best is trial 23 with value: 0.17746209342441085.
running
[I 2024-10-21 22:01:08,677] Trial 25 finished with value: 0.17964140727292138 and parameters: {'model_name': 'IterativeImputer', 'estimator': 'Ridge', 'initial_strategy': 'most_frequent', 'n_nearest_features': 4, 'imputation_order': 'descending'}. Best is trial 23 with value: 0.17746209342441085.
running
[I 2024-10-21 22:01:10,172] Trial 26 finished with value: 0.17964140727292138 and parameters: {'model_name': 'IterativeImputer', 'estimator': 'Ridge', 'initial_strategy': 'most_frequent', 'n_nearest_features': 4, 'imputation_order': 'descending'}. Best is trial 23 with value: 0.17746209342441085.
running
[I 2024-10-21 22:01:14,905] Trial 28 finished with value: 0.17964140727292138 and parameters: {'model_name': 'IterativeImputer', 'estimator': 'Ridge', 'initial_strategy': 'most_frequent', 'n_nearest_features': 4, 'imputation_order': 'descending'}. Best is trial 23 with value: 0.17746209342441085.
running
[I 2024-10-21 22:01:15,383] Trial 27 finished with value: 0.17964140727292138 and parameters: {'model_name': 'IterativeImputer', 'estimator': 'Ridge', 'initial_strategy': 'most_frequent', 'n_nearest_features': 4, 'imputation_order': 'descending'}. Best is trial 23 with value: 0.17746209342441085.
running
[I 2024-10-21 22:01:22,872] Trial 29 finished with value: 0.17964140727292138 and parameters: {'model_name': 'IterativeImputer', 'estimator': 'Ridge', 'initial_strategy': 'most_frequent', 'n_nearest_features': 4, 'imputation_order': 'descending'}. Best is trial 23 with value: 0.17746209342441085.
running
[I 2024-10-21 22:01:29,372] Trial 30 finished with value: 0.17916711759684198 and parameters: {'model_name': 'IterativeImputer', 'estimator': 'Ridge', 'initial_strategy': 'constant', 'n_nearest_features': 4, 'imputation_order': 'descending'}. Best is trial 23 with value: 0.17746209342441085.
running
[I 2024-10-21 22:01:32,451] Trial 9 finished with value: 0.24223051507015353 and parameters: {'model_name': 'IterativeImputer', 'estimator': 'Bayesian', 'initial_strategy': 'constant', 'n_nearest_features': 5, 'imputation_order': 'descending', 'sample_posterior': True}. Best is trial 23 with value: 0.17746209342441085.
running
[I 2024-10-21 22:01:36,617] Trial 31 finished with value: 0.17916711759684198 and parameters: {'model_name': 'IterativeImputer', 'estimator': 'Ridge', 'initial_strategy': 'constant', 'n_nearest_features': 4, 'imputation_order': 'descending'}. Best is trial 23 with value: 0.17746209342441085.
running
[I 2024-10-21 22:01:38,151] Trial 33 finished with value: 0.17916711759684198 and parameters: {'model_name': 'IterativeImputer', 'estimator': 'Ridge', 'initial_strategy': 'constant', 'n_nearest_features': 4, 'imputation_order': 'descending'}. Best is trial 23 with value: 0.17746209342441085.
running
[I 2024-10-21 22:01:38,805] Trial 32 finished with value: 0.17746209342441085 and parameters: {'model_name': 'IterativeImputer', 'estimator': 'Ridge', 'initial_strategy': 'constant', 'n_nearest_features': 4, 'imputation_order': 'arabic'}. Best is trial 23 with value: 0.17746209342441085.
running
[I 2024-10-21 22:01:46,848] Trial 34 finished with value: 0.17746209342441085 and parameters: {'model_name': 'IterativeImputer', 'estimator': 'Ridge', 'initial_strategy': 'constant', 'n_nearest_features': 4, 'imputation_order': 'arabic'}. Best is trial 23 with value: 0.17746209342441085.
running
[I 2024-10-21 22:01:48,810] Trial 37 finished with value: 0.190706662207897 and parameters: {'model_name': 'IterativeImputer', 'estimator': 'Ridge', 'initial_strategy': 'constant', 'n_nearest_features': 2, 'imputation_order': 'arabic'}. Best is trial 23 with value: 0.17746209342441085.
running
[I 2024-10-21 22:01:49,876] Trial 36 finished with value: 0.17746209342441085 and parameters: {'model_name': 'IterativeImputer', 'estimator': 'Ridge', 'initial_strategy': 'constant', 'n_nearest_features': 4, 'imputation_order': 'arabic'}. Best is trial 23 with value: 0.17746209342441085.
running
[I 2024-10-21 22:02:12,683] Trial 24 finished with value: 0.2157052049724642 and parameters: {'model_name': 'IterativeImputer', 'estimator': 'KNN', 'initial_strategy': 'most_frequent', 'n_nearest_features': 1, 'imputation_order': 'descending'}. Best is trial 23 with value: 0.17746209342441085.
running
[I 2024-10-21 22:02:14,865] Trial 0 finished with value: 0.17789766389248948 and parameters: {'model_name': 'IterativeImputer', 'estimator': 'KNN', 'initial_strategy': 'most_frequent', 'n_nearest_features': 8, 'imputation_order': 'arabic'}. Best is trial 23 with value: 0.17746209342441085.
running
[I 2024-10-21 22:02:24,908] Trial 35 finished with value: 0.17937498916819633 and parameters: {'model_name': 'IterativeImputer', 'estimator': 'KNN', 'initial_strategy': 'constant', 'n_nearest_features': 5, 'imputation_order': 'arabic'}. Best is trial 23 with value: 0.17746209342441085.
running
[I 2024-10-21 22:14:06,666] Trial 16 finished with value: 0.2702544398261244 and parameters: {'model_name': 'GAIN', 'batch_size': 26, 'hint_rate': 0.4474727338759095, 'alpha': 89, 'iterations': 581, 'learning_rate': 0.0005333206814965739, 'p_miss': 0.22617161622994494}. Best is trial 23 with value: 0.17746209342441085.
running
[I 2024-10-21 22:21:32,717] Trial 3 finished with value: 0.27961830189940234 and parameters: {'model_name': 'GAIN', 'batch_size': 7, 'hint_rate': 0.2947644644991714, 'alpha': 7, 'iterations': 885, 'learning_rate': 0.011242629514976184, 'p_miss': 0.23419970661633624}. Best is trial 23 with value: 0.17746209342441085.
running
[I 2024-10-21 22:38:46,552] Trial 15 finished with value: inf and parameters: {'model_name': 'GAIN', 'batch_size': 8, 'hint_rate': 0.5364470091857554, 'alpha': 77, 'iterations': 7656, 'learning_rate': 0.008606543064586665, 'p_miss': 0.062099788665704585}. Best is trial 23 with value: 0.17746209342441085.
running
[I 2024-10-21 23:23:49,824] Trial 12 finished with value: 0.16854561457442815 and parameters: {'model_name': 'IterativeImputer', 'estimator': 'RFR', 'initial_strategy': 'most_frequent', 'n_nearest_features': 6, 'imputation_order': 'arabic'}. Best is trial 12 with value: 0.16854561457442815.
running
[I 2024-10-21 23:24:52,778] Trial 53 finished with value: 0.331749170950158 and parameters: {'model_name': 'VAE', 'batch_size': 1, 'iterations': 12, 'learning_rate': 0.00027028340598896165, 'p_miss': 0.2934947988816877}. Best is trial 12 with value: 0.16854561457442815.
running
[I 2024-10-21 23:26:36,043] Trial 48 finished with value: 0.16754326245576395 and parameters: {'model_name': 'IterativeImputer', 'estimator': 'RFR', 'initial_strategy': 'median', 'n_nearest_features': 6, 'imputation_order': 'arabic'}. Best is trial 48 with value: 0.16754326245576395.
running
[I 2024-10-22 01:54:01,719] Trial 51 finished with value: 0.2397111412049989 and parameters: {'model_name': 'VAE', 'batch_size': 1, 'iterations': 3341, 'learning_rate': 0.00013689261815473476, 'p_miss': 0.015181800526641726}. Best is trial 48 with value: 0.16754326245576395.
running
[I 2024-10-22 02:24:06,188] Trial 45 finished with value: 0.2598021254637482 and parameters: {'model_name': 'VAE', 'batch_size': 1, 'iterations': 4407, 'learning_rate': 0.00010694460520608379, 'p_miss': 0.27409480889419724}. Best is trial 48 with value: 0.16754326245576395.
running
[I 2024-10-22 03:27:12,293] Trial 56 finished with value: 0.16522846943626426 and parameters: {'model_name': 'IterativeImputer', 'estimator': 'RFR', 'initial_strategy': 'median', 'n_nearest_features': 7, 'imputation_order': 'arabic'}. Best is trial 56 with value: 0.16522846943626426.
running
[I 2024-10-22 03:28:28,624] Trial 47 finished with value: 0.2531293698114939 and parameters: {'model_name': 'VAE', 'batch_size': 1, 'iterations': 5778, 'learning_rate': 0.00016194310079989678, 'p_miss': 0.29812709026027784}. Best is trial 56 with value: 0.16522846943626426.
running
[I 2024-10-22 03:53:41,429] Trial 57 finished with value: 0.16509893027363393 and parameters: {'model_name': 'IterativeImputer', 'estimator': 'RFR', 'initial_strategy': 'median', 'n_nearest_features': 7, 'imputation_order': 'arabic'}. Best is trial 57 with value: 0.16509893027363393.
running
[I 2024-10-22 04:26:04,165] Trial 49 finished with value: 0.28247084534041855 and parameters: {'model_name': 'VAE', 'batch_size': 1, 'iterations': 7606, 'learning_rate': 0.00016360493877513144, 'p_miss': 0.2945042318342777}. Best is trial 57 with value: 0.16509893027363393.
running
[I 2024-10-22 04:26:45,363] Trial 40 finished with value: 0.2655099004090268 and parameters: {'model_name': 'VAE', 'batch_size': 1, 'iterations': 7869, 'learning_rate': 0.00012200890559441161, 'p_miss': 0.2963810009170456}. Best is trial 57 with value: 0.16509893027363393.
running
[I 2024-10-22 04:33:15,846] Trial 42 finished with value: 0.251541788174323 and parameters: {'model_name': 'VAE', 'batch_size': 1, 'iterations': 6389, 'learning_rate': 0.00012684768146453877, 'p_miss': 0.2882733208096492}. Best is trial 57 with value: 0.16509893027363393.
running
[I 2024-10-22 04:47:48,721] Trial 58 finished with value: 0.16415455765223785 and parameters: {'model_name': 'IterativeImputer', 'estimator': 'RFR', 'initial_strategy': 'median', 'n_nearest_features': 7, 'imputation_order': 'roman'}. Best is trial 58 with value: 0.16415455765223785.
running
[I 2024-10-22 04:48:29,886] Trial 59 finished with value: 0.16494602198203429 and parameters: {'model_name': 'IterativeImputer', 'estimator': 'RFR', 'initial_strategy': 'median', 'n_nearest_features': 7, 'imputation_order': 'roman'}. Best is trial 58 with value: 0.16415455765223785.
running
[I 2024-10-22 05:13:01,469] Trial 60 finished with value: 0.16526375380505548 and parameters: {'model_name': 'IterativeImputer', 'estimator': 'RFR', 'initial_strategy': 'median', 'n_nearest_features': 7, 'imputation_order': 'roman'}. Best is trial 58 with value: 0.16415455765223785.
running
[I 2024-10-22 05:25:30,843] Trial 39 finished with value: 0.27352307185008706 and parameters: {'model_name': 'VAE', 'batch_size': 1, 'iterations': 7909, 'learning_rate': 0.00012143316140960184, 'p_miss': 0.2833564470134432}. Best is trial 58 with value: 0.16415455765223785.
running
[I 2024-10-22 05:46:08,985] Trial 61 finished with value: 0.16488854344594123 and parameters: {'model_name': 'IterativeImputer', 'estimator': 'RFR', 'initial_strategy': 'median', 'n_nearest_features': 7, 'imputation_order': 'roman'}. Best is trial 58 with value: 0.16415455765223785.
running
[I 2024-10-22 05:46:15,678] Trial 62 finished with value: 0.164917082916875 and parameters: {'model_name': 'IterativeImputer', 'estimator': 'RFR', 'initial_strategy': 'median', 'n_nearest_features': 7, 'imputation_order': 'ascending'}. Best is trial 58 with value: 0.16415455765223785.
running
[I 2024-10-22 05:54:21,964] Trial 63 finished with value: 0.16521876868716162 and parameters: {'model_name': 'IterativeImputer', 'estimator': 'RFR', 'initial_strategy': 'median', 'n_nearest_features': 7, 'imputation_order': 'ascending'}. Best is trial 58 with value: 0.16415455765223785.
running
[I 2024-10-22 05:54:25,614] Trial 50 finished with value: 0.2588752958668773 and parameters: {'model_name': 'VAE', 'batch_size': 1, 'iterations': 7704, 'learning_rate': 0.008233300181926128, 'p_miss': 0.29943125871659504}. Best is trial 58 with value: 0.16415455765223785.
running
[I 2024-10-22 05:57:49,215] Trial 38 finished with value: 0.28271441394761504 and parameters: {'model_name': 'VAE', 'batch_size': 1, 'iterations': 8923, 'learning_rate': 0.00013066163651036993, 'p_miss': 0.251878923469389}. Best is trial 58 with value: 0.16415455765223785.
running
[I 2024-10-22 05:58:07,169] Trial 72 finished with value: 0.18397510296264385 and parameters: {'model_name': 'KNNImputer', 'n_neighbors': 112, 'weights': 'distance'}. Best is trial 58 with value: 0.16415455765223785.
running
[I 2024-10-22 06:07:18,959] Trial 65 finished with value: 0.1648108824310167 and parameters: {'model_name': 'IterativeImputer', 'estimator': 'RFR', 'initial_strategy': 'median', 'n_nearest_features': 7, 'imputation_order': 'roman'}. Best is trial 58 with value: 0.16415455765223785.
running
[I 2024-10-22 06:07:40,679] Trial 64 finished with value: 0.16444418895845944 and parameters: {'model_name': 'IterativeImputer', 'estimator': 'RFR', 'initial_strategy': 'median', 'n_nearest_features': 7, 'imputation_order': 'roman'}. Best is trial 58 with value: 0.16415455765223785.
running
[I 2024-10-22 06:08:15,186] Trial 43 finished with value: 0.22912344071826193 and parameters: {'model_name': 'VAE', 'batch_size': 3, 'iterations': 8488, 'learning_rate': 0.00011664206210624804, 'p_miss': 0.28670863930728274}. Best is trial 58 with value: 0.16415455765223785.
running
[I 2024-10-22 06:11:04,978] Trial 44 finished with value: 0.2636147957970493 and parameters: {'model_name': 'VAE', 'batch_size': 1, 'iterations': 9727, 'learning_rate': 0.00012304803151208104, 'p_miss': 0.2850524715708582}. Best is trial 58 with value: 0.16415455765223785.
running
[I 2024-10-22 06:12:06,783] Trial 41 finished with value: 0.2796371095921471 and parameters: {'model_name': 'VAE', 'batch_size': 1, 'iterations': 8683, 'learning_rate': 0.00013647199336160664, 'p_miss': 0.27778758819209926}. Best is trial 58 with value: 0.16415455765223785.
running
[I 2024-10-22 06:12:09,364] Trial 52 finished with value: 0.28347774390233843 and parameters: {'model_name': 'VAE', 'batch_size': 1, 'iterations': 8189, 'learning_rate': 0.00010930299673963646, 'p_miss': 0.29349609507644936}. Best is trial 58 with value: 0.16415455765223785.
running
[I 2024-10-22 06:15:50,918] Trial 54 finished with value: 0.21661574817350485 and parameters: {'model_name': 'VAE', 'batch_size': 44, 'iterations': 8243, 'learning_rate': 0.001106691027365087, 'p_miss': 0.01628435440164594}. Best is trial 58 with value: 0.16415455765223785.
running
[I 2024-10-22 06:17:55,302] Trial 46 finished with value: 0.27818140134871616 and parameters: {'model_name': 'VAE', 'batch_size': 1, 'iterations': 9935, 'learning_rate': 0.00021319731254010134, 'p_miss': 0.29567851781689436}. Best is trial 58 with value: 0.16415455765223785.
running
[I 2024-10-22 06:19:42,135] Trial 55 finished with value: 0.2162796206182395 and parameters: {'model_name': 'VAE', 'batch_size': 40, 'iterations': 8681, 'learning_rate': 0.0008733165259980926, 'p_miss': 0.024919193370608217}. Best is trial 58 with value: 0.16415455765223785.
running
[I 2024-10-22 06:26:09,877] Trial 66 finished with value: 0.16464221604596263 and parameters: {'model_name': 'IterativeImputer', 'estimator': 'RFR', 'initial_strategy': 'median', 'n_nearest_features': 7, 'imputation_order': 'roman'}. Best is trial 58 with value: 0.16415455765223785.
running
[I 2024-10-22 06:34:27,187] Trial 67 finished with value: 0.1645337754025447 and parameters: {'model_name': 'IterativeImputer', 'estimator': 'RFR', 'initial_strategy': 'median', 'n_nearest_features': 7, 'imputation_order': 'roman'}. Best is trial 58 with value: 0.16415455765223785.
running
[I 2024-10-22 06:55:43,175] Trial 68 finished with value: 0.16338856743588556 and parameters: {'model_name': 'IterativeImputer', 'estimator': 'RFR', 'initial_strategy': 'median', 'n_nearest_features': 8, 'imputation_order': 'roman'}. Best is trial 68 with value: 0.16338856743588556.
running
[I 2024-10-22 06:55:56,360] Trial 69 finished with value: 0.16362898435856096 and parameters: {'model_name': 'IterativeImputer', 'estimator': 'RFR', 'initial_strategy': 'median', 'n_nearest_features': 8, 'imputation_order': 'roman'}. Best is trial 68 with value: 0.16338856743588556.
running
[I 2024-10-22 07:02:03,291] Trial 70 finished with value: 0.16400226887671196 and parameters: {'model_name': 'IterativeImputer', 'estimator': 'RFR', 'initial_strategy': 'median', 'n_nearest_features': 8, 'imputation_order': 'ascending'}. Best is trial 68 with value: 0.16338856743588556.
running
[I 2024-10-22 07:02:30,755] Trial 71 finished with value: 0.1633087055317686 and parameters: {'model_name': 'IterativeImputer', 'estimator': 'RFR', 'initial_strategy': 'median', 'n_nearest_features': 8, 'imputation_order': 'ascending'}. Best is trial 71 with value: 0.1633087055317686.
running
[I 2024-10-22 07:04:21,252] Trial 73 finished with value: 0.16311564942390108 and parameters: {'model_name': 'IterativeImputer', 'estimator': 'RFR', 'initial_strategy': 'median', 'n_nearest_features': 8, 'imputation_order': 'ascending'}. Best is trial 73 with value: 0.16311564942390108.
running
[I 2024-10-22 07:04:21,455] Trial 89 finished with value: 0.21670110245832275 and parameters: {'model_name': 'SimpleImputer', 'strategy': 'mean'}. Best is trial 73 with value: 0.16311564942390108.
running
[I 2024-10-22 07:04:43,266] Trial 90 finished with value: 0.17062321621891824 and parameters: {'model_name': 'IterativeImputer', 'estimator': 'Bayesian', 'initial_strategy': 'mean', 'n_nearest_features': 9, 'imputation_order': 'ascending', 'sample_posterior': False}. Best is trial 73 with value: 0.16311564942390108.
running
[I 2024-10-22 07:04:43,775] Trial 91 finished with value: 0.27336915604307793 and parameters: {'model_name': 'GAIN', 'batch_size': 78, 'hint_rate': 0.7438494231921552, 'alpha': 98, 'iterations': 3, 'learning_rate': 0.08985080926200978, 'p_miss': 0.2003239331850867}. Best is trial 73 with value: 0.16311564942390108.
running
[I 2024-10-22 07:12:25,123] Trial 75 finished with value: 0.1638816114167831 and parameters: {'model_name': 'IterativeImputer', 'estimator': 'RFR', 'initial_strategy': 'median', 'n_nearest_features': 9, 'imputation_order': 'roman'}. Best is trial 73 with value: 0.16311564942390108.
running
[I 2024-10-22 07:12:34,703] Trial 74 finished with value: 0.16359096821967484 and parameters: {'model_name': 'IterativeImputer', 'estimator': 'RFR', 'initial_strategy': 'median', 'n_nearest_features': 9, 'imputation_order': 'roman'}. Best is trial 73 with value: 0.16311564942390108.
running
[I 2024-10-22 07:12:40,391] Trial 76 finished with value: 0.163741689570119 and parameters: {'model_name': 'IterativeImputer', 'estimator': 'RFR', 'initial_strategy': 'median', 'n_nearest_features': 8, 'imputation_order': 'roman'}. Best is trial 73 with value: 0.16311564942390108.
running
[I 2024-10-22 07:13:01,003] Trial 95 finished with value: 0.21661261378680977 and parameters: {'model_name': 'KNNImputer', 'n_neighbors': 30524, 'weights': 'distance'}. Best is trial 73 with value: 0.16311564942390108.
running
[I 2024-10-22 07:14:52,266] Trial 77 finished with value: 0.16395206019221786 and parameters: {'model_name': 'IterativeImputer', 'estimator': 'RFR', 'initial_strategy': 'median', 'n_nearest_features': 8, 'imputation_order': 'roman'}. Best is trial 73 with value: 0.16311564942390108.
running
[I 2024-10-22 07:15:24,830] Trial 79 finished with value: 0.16373778221318813 and parameters: {'model_name': 'IterativeImputer', 'estimator': 'RFR', 'initial_strategy': 'median', 'n_nearest_features': 8, 'imputation_order': 'roman'}. Best is trial 73 with value: 0.16311564942390108.
running
[I 2024-10-22 07:15:54,382] Trial 78 finished with value: 0.16350778258359772 and parameters: {'model_name': 'IterativeImputer', 'estimator': 'RFR', 'initial_strategy': 'median', 'n_nearest_features': 8, 'imputation_order': 'roman'}. Best is trial 73 with value: 0.16311564942390108.
running
[I 2024-10-22 07:18:38,867] Trial 80 finished with value: 0.1635702473874177 and parameters: {'model_name': 'IterativeImputer', 'estimator': 'RFR', 'initial_strategy': 'median', 'n_nearest_features': 8, 'imputation_order': 'roman'}. Best is trial 73 with value: 0.16311564942390108.
running
[I 2024-10-22 07:21:05,591] Trial 81 finished with value: 0.16368840881220376 and parameters: {'model_name': 'IterativeImputer', 'estimator': 'RFR', 'initial_strategy': 'median', 'n_nearest_features': 8, 'imputation_order': 'roman'}. Best is trial 73 with value: 0.16311564942390108.
running
[I 2024-10-22 07:21:45,021] Trial 101 finished with value: 0.236063358975071 and parameters: {'model_name': 'IterativeImputer', 'estimator': 'Bayesian', 'initial_strategy': 'mean', 'n_nearest_features': 9, 'imputation_order': 'random', 'sample_posterior': True}. Best is trial 73 with value: 0.16311564942390108.
running
[I 2024-10-22 07:23:13,780] Trial 82 finished with value: 0.16366524477873284 and parameters: {'model_name': 'IterativeImputer', 'estimator': 'RFR', 'initial_strategy': 'median', 'n_nearest_features': 8, 'imputation_order': 'roman'}. Best is trial 73 with value: 0.16311564942390108.
running
[I 2024-10-22 07:23:14,077] Trial 103 finished with value: 0.2499058801291877 and parameters: {'model_name': 'SimpleImputer', 'strategy': 'median'}. Best is trial 73 with value: 0.16311564942390108.
running
[I 2024-10-22 07:23:17,278] Trial 104 finished with value: 0.27073533402681665 and parameters: {'model_name': 'GAIN', 'batch_size': 12, 'hint_rate': 0.9898001849655009, 'alpha': 44, 'iterations': 110, 'learning_rate': 0.02018892521548374, 'p_miss': 0.18626968168772587}. Best is trial 73 with value: 0.16311564942390108.
running
[I 2024-10-22 07:29:37,971] Trial 83 finished with value: 0.1640164142278806 and parameters: {'model_name': 'IterativeImputer', 'estimator': 'RFR', 'initial_strategy': 'median', 'n_nearest_features': 8, 'imputation_order': 'roman'}. Best is trial 73 with value: 0.16311564942390108.
running
[I 2024-10-22 07:38:11,959] Trial 84 finished with value: 0.1636934229787288 and parameters: {'model_name': 'IterativeImputer', 'estimator': 'RFR', 'initial_strategy': 'median', 'n_nearest_features': 8, 'imputation_order': 'roman'}. Best is trial 73 with value: 0.16311564942390108.
running
[I 2024-10-22 07:59:29,005] Trial 86 finished with value: 0.16343147490761858 and parameters: {'model_name': 'IterativeImputer', 'estimator': 'RFR', 'initial_strategy': 'median', 'n_nearest_features': 9, 'imputation_order': 'roman'}. Best is trial 73 with value: 0.16311564942390108.
running
[I 2024-10-22 07:59:52,929] Trial 85 finished with value: 0.1639625708549979 and parameters: {'model_name': 'IterativeImputer', 'estimator': 'RFR', 'initial_strategy': 'mean', 'n_nearest_features': 9, 'imputation_order': 'roman'}. Best is trial 73 with value: 0.16311564942390108.
running
[I 2024-10-22 08:00:35,775] Trial 109 finished with value: 0.17822493010416637 and parameters: {'model_name': 'IterativeImputer', 'estimator': 'KNN', 'initial_strategy': 'median', 'n_nearest_features': 9, 'imputation_order': 'ascending'}. Best is trial 73 with value: 0.16311564942390108.
running
[I 2024-10-22 08:06:01,615] Trial 87 finished with value: 0.16377316599416597 and parameters: {'model_name': 'IterativeImputer', 'estimator': 'RFR', 'initial_strategy': 'mean', 'n_nearest_features': 9, 'imputation_order': 'roman'}. Best is trial 73 with value: 0.16311564942390108.
running
[I 2024-10-22 08:07:01,114] Trial 88 finished with value: 0.16397324347163447 and parameters: {'model_name': 'IterativeImputer', 'estimator': 'RFR', 'initial_strategy': 'mean', 'n_nearest_features': 9, 'imputation_order': 'roman'}. Best is trial 73 with value: 0.16311564942390108.
running
[I 2024-10-22 08:07:59,339] Trial 92 finished with value: 0.16364513306223546 and parameters: {'model_name': 'IterativeImputer', 'estimator': 'RFR', 'initial_strategy': 'median', 'n_nearest_features': 8, 'imputation_order': 'random'}. Best is trial 73 with value: 0.16311564942390108.
running
[I 2024-10-22 08:15:34,861] Trial 93 finished with value: 0.16332837222828073 and parameters: {'model_name': 'IterativeImputer', 'estimator': 'RFR', 'initial_strategy': 'median', 'n_nearest_features': 9, 'imputation_order': 'random'}. Best is trial 73 with value: 0.16311564942390108.
running
[I 2024-10-22 08:15:54,681] Trial 114 finished with value: 0.21127774402668886 and parameters: {'model_name': 'KNNImputer', 'n_neighbors': 10091, 'weights': 'distance'}. Best is trial 73 with value: 0.16311564942390108.
running
[I 2024-10-22 08:16:03,653] Trial 94 finished with value: 0.16322547707346377 and parameters: {'model_name': 'IterativeImputer', 'estimator': 'RFR', 'initial_strategy': 'median', 'n_nearest_features': 9, 'imputation_order': 'random'}. Best is trial 73 with value: 0.16311564942390108.
running
[I 2024-10-22 08:16:16,603] Trial 96 finished with value: 0.16352426056552447 and parameters: {'model_name': 'IterativeImputer', 'estimator': 'RFR', 'initial_strategy': 'median', 'n_nearest_features': 9, 'imputation_order': 'random'}. Best is trial 73 with value: 0.16311564942390108.
running
[I 2024-10-22 08:18:09,913] Trial 97 finished with value: 0.16391713644955724 and parameters: {'model_name': 'IterativeImputer', 'estimator': 'RFR', 'initial_strategy': 'median', 'n_nearest_features': 9, 'imputation_order': 'random'}. Best is trial 73 with value: 0.16311564942390108.
running
[I 2024-10-22 08:18:21,832] Trial 98 finished with value: 0.16375580339778886 and parameters: {'model_name': 'IterativeImputer', 'estimator': 'RFR', 'initial_strategy': 'median', 'n_nearest_features': 9, 'imputation_order': 'random'}. Best is trial 73 with value: 0.16311564942390108.
running
[I 2024-10-22 08:19:02,214] Trial 99 finished with value: 0.16354788270351123 and parameters: {'model_name': 'IterativeImputer', 'estimator': 'RFR', 'initial_strategy': 'median', 'n_nearest_features': 9, 'imputation_order': 'random'}. Best is trial 73 with value: 0.16311564942390108.
running
[I 2024-10-22 08:19:45,866] Trial 120 finished with value: 0.1780296241645479 and parameters: {'model_name': 'IterativeImputer', 'estimator': 'KNN', 'initial_strategy': 'median', 'n_nearest_features': 9, 'imputation_order': 'random'}. Best is trial 73 with value: 0.16311564942390108.
running
[I 2024-10-22 08:21:32,684] Trial 100 finished with value: 0.16336135792185577 and parameters: {'model_name': 'IterativeImputer', 'estimator': 'RFR', 'initial_strategy': 'median', 'n_nearest_features': 8, 'imputation_order': 'random'}. Best is trial 73 with value: 0.16311564942390108.
running
[I 2024-10-22 08:24:50,300] Trial 102 finished with value: 0.1631541321033231 and parameters: {'model_name': 'IterativeImputer', 'estimator': 'RFR', 'initial_strategy': 'median', 'n_nearest_features': 8, 'imputation_order': 'roman'}. Best is trial 73 with value: 0.16311564942390108.
running
[I 2024-10-22 08:24:50,516] Trial 123 finished with value: 0.21670110245832275 and parameters: {'model_name': 'SimpleImputer', 'strategy': 'mean'}. Best is trial 73 with value: 0.16311564942390108.
running
[I 2024-10-22 08:25:17,480] Trial 124 finished with value: 0.17062327017352513 and parameters: {'model_name': 'IterativeImputer', 'estimator': 'Bayesian', 'initial_strategy': 'most_frequent', 'n_nearest_features': 9, 'imputation_order': 'random', 'sample_posterior': False}. Best is trial 73 with value: 0.16311564942390108.
running
[I 2024-10-22 08:26:14,986] Trial 125 finished with value: 0.2795911032989732 and parameters: {'model_name': 'GAIN', 'batch_size': 826, 'hint_rate': 0.9676667766265403, 'alpha': 45, 'iterations': 1684, 'learning_rate': 0.0037643734132502145, 'p_miss': 0.045091374155048256}. Best is trial 73 with value: 0.16311564942390108.
running
[I 2024-10-22 08:26:15,500] Trial 105 finished with value: 0.16375870030409334 and parameters: {'model_name': 'IterativeImputer', 'estimator': 'RFR', 'initial_strategy': 'median', 'n_nearest_features': 8, 'imputation_order': 'ascending'}. Best is trial 73 with value: 0.16311564942390108.
running
[I 2024-10-22 08:32:52,764] Trial 106 finished with value: 0.16376002567161824 and parameters: {'model_name': 'IterativeImputer', 'estimator': 'RFR', 'initial_strategy': 'median', 'n_nearest_features': 8, 'imputation_order': 'roman'}. Best is trial 73 with value: 0.16311564942390108.
running
[I 2024-10-22 08:41:20,344] Trial 107 finished with value: 0.1630876406134383 and parameters: {'model_name': 'IterativeImputer', 'estimator': 'RFR', 'initial_strategy': 'median', 'n_nearest_features': 9, 'imputation_order': 'roman'}. Best is trial 107 with value: 0.1630876406134383.
running
[I 2024-10-22 09:02:42,588] Trial 108 finished with value: 0.16346639970634963 and parameters: {'model_name': 'IterativeImputer', 'estimator': 'RFR', 'initial_strategy': 'median', 'n_nearest_features': 9, 'imputation_order': 'ascending'}. Best is trial 107 with value: 0.1630876406134383.
running
[I 2024-10-22 09:04:05,739] Trial 110 finished with value: 0.16340461131012993 and parameters: {'model_name': 'IterativeImputer', 'estimator': 'RFR', 'initial_strategy': 'median', 'n_nearest_features': 8, 'imputation_order': 'random'}. Best is trial 107 with value: 0.1630876406134383.
running
[I 2024-10-22 09:09:23,648] Trial 111 finished with value: 0.1632410558833148 and parameters: {'model_name': 'IterativeImputer', 'estimator': 'RFR', 'initial_strategy': 'median', 'n_nearest_features': 8, 'imputation_order': 'random'}. Best is trial 107 with value: 0.1630876406134383.
running
[I 2024-10-22 09:11:04,126] Trial 112 finished with value: 0.16372801937837048 and parameters: {'model_name': 'IterativeImputer', 'estimator': 'RFR', 'initial_strategy': 'median', 'n_nearest_features': 8, 'imputation_order': 'random'}. Best is trial 107 with value: 0.1630876406134383.
running
[I 2024-10-22 09:11:13,623] Trial 113 finished with value: 0.1645361170473776 and parameters: {'model_name': 'IterativeImputer', 'estimator': 'RFR', 'initial_strategy': 'median', 'n_nearest_features': 8, 'imputation_order': 'random'}. Best is trial 107 with value: 0.1630876406134383.
running
[I 2024-10-22 09:19:06,030] Trial 128 finished with value: 0.16728931682775802 and parameters: {'model_name': 'IterativeImputer', 'estimator': 'RFR', 'initial_strategy': 'median', 'n_nearest_features': 6, 'imputation_order': 'random'}. Best is trial 107 with value: 0.1630876406134383.
running
[I 2024-10-22 09:19:20,764] Trial 115 finished with value: 0.16421438371009373 and parameters: {'model_name': 'IterativeImputer', 'estimator': 'RFR', 'initial_strategy': 'median', 'n_nearest_features': 9, 'imputation_order': 'random'}. Best is trial 107 with value: 0.1630876406134383.
running
[I 2024-10-22 09:19:24,798] Trial 117 finished with value: 0.16394215876407445 and parameters: {'model_name': 'IterativeImputer', 'estimator': 'RFR', 'initial_strategy': 'median', 'n_nearest_features': 9, 'imputation_order': 'random'}. Best is trial 107 with value: 0.1630876406134383.
running
[I 2024-10-22 09:19:55,949] Trial 116 finished with value: 0.16375325878036934 and parameters: {'model_name': 'IterativeImputer', 'estimator': 'RFR', 'initial_strategy': 'median', 'n_nearest_features': 9, 'imputation_order': 'random'}. Best is trial 107 with value: 0.1630876406134383.
running
[I 2024-10-22 09:21:16,932] Trial 118 finished with value: 0.1632327672658629 and parameters: {'model_name': 'IterativeImputer', 'estimator': 'RFR', 'initial_strategy': 'median', 'n_nearest_features': 9, 'imputation_order': 'random'}. Best is trial 107 with value: 0.1630876406134383.
running
[I 2024-10-22 09:21:19,864] Trial 119 finished with value: 0.16406646101345515 and parameters: {'model_name': 'IterativeImputer', 'estimator': 'RFR', 'initial_strategy': 'median', 'n_nearest_features': 9, 'imputation_order': 'random'}. Best is trial 107 with value: 0.1630876406134383.
running
[I 2024-10-22 09:23:09,014] Trial 121 finished with value: 0.1637932682491537 and parameters: {'model_name': 'IterativeImputer', 'estimator': 'RFR', 'initial_strategy': 'median', 'n_nearest_features': 9, 'imputation_order': 'random'}. Best is trial 107 with value: 0.1630876406134383.
running
[I 2024-10-22 09:24:26,341] Trial 122 finished with value: 0.16402460897114532 and parameters: {'model_name': 'IterativeImputer', 'estimator': 'RFR', 'initial_strategy': 'median', 'n_nearest_features': 9, 'imputation_order': 'random'}. Best is trial 107 with value: 0.1630876406134383.
running
[I 2024-10-22 09:26:29,711] Trial 131 finished with value: 0.18584770944738607 and parameters: {'model_name': 'IterativeImputer', 'estimator': 'RFR', 'initial_strategy': 'median', 'n_nearest_features': 3, 'imputation_order': 'ascending'}. Best is trial 107 with value: 0.1630876406134383.
running
[I 2024-10-22 09:29:20,518] Trial 126 finished with value: 0.1642290582758541 and parameters: {'model_name': 'IterativeImputer', 'estimator': 'RFR', 'initial_strategy': 'median', 'n_nearest_features': 8, 'imputation_order': 'random'}. Best is trial 107 with value: 0.1630876406134383.
running
[I 2024-10-22 09:29:29,650] Trial 127 finished with value: 0.163489204985359 and parameters: {'model_name': 'IterativeImputer', 'estimator': 'RFR', 'initial_strategy': 'median', 'n_nearest_features': 8, 'imputation_order': 'random'}. Best is trial 107 with value: 0.1630876406134383.
running
[I 2024-10-22 09:29:48,647] Trial 145 finished with value: 0.2122856571865679 and parameters: {'model_name': 'KNNImputer', 'n_neighbors': 10952, 'weights': 'uniform'}. Best is trial 107 with value: 0.1630876406134383.
running
[I 2024-10-22 09:30:10,982] Trial 144 finished with value: 0.1778468233777347 and parameters: {'model_name': 'IterativeImputer', 'estimator': 'KNN', 'initial_strategy': 'most_frequent', 'n_nearest_features': 8, 'imputation_order': 'ascending'}. Best is trial 107 with value: 0.1630876406134383.
running
[I 2024-10-22 09:37:14,509] Trial 139 finished with value: 0.20001402527293183 and parameters: {'model_name': 'IterativeImputer', 'estimator': 'RFR', 'initial_strategy': 'median', 'n_nearest_features': 2, 'imputation_order': 'ascending'}. Best is trial 107 with value: 0.1630876406134383.
running
[I 2024-10-22 09:42:08,764] Trial 135 finished with value: 0.1861109503279929 and parameters: {'model_name': 'IterativeImputer', 'estimator': 'RFR', 'initial_strategy': 'median', 'n_nearest_features': 3, 'imputation_order': 'ascending'}. Best is trial 107 with value: 0.1630876406134383.
running
[I 2024-10-22 09:42:26,038] Trial 137 finished with value: 0.1863246127986954 and parameters: {'model_name': 'IterativeImputer', 'estimator': 'RFR', 'initial_strategy': 'median', 'n_nearest_features': 3, 'imputation_order': 'ascending'}. Best is trial 107 with value: 0.1630876406134383.
running
[I 2024-10-22 09:44:47,230] Trial 129 finished with value: 0.16320755824575445 and parameters: {'model_name': 'IterativeImputer', 'estimator': 'RFR', 'initial_strategy': 'median', 'n_nearest_features': 9, 'imputation_order': 'random'}. Best is trial 107 with value: 0.1630876406134383.
running
[I 2024-10-22 09:56:23,580] Trial 132 finished with value: 0.16743419828270628 and parameters: {'model_name': 'IterativeImputer', 'estimator': 'RFR', 'initial_strategy': 'median', 'n_nearest_features': 6, 'imputation_order': 'random'}. Best is trial 107 with value: 0.1630876406134383.
running
[I 2024-10-22 10:06:30,030] Trial 130 finished with value: 0.16354423020289427 and parameters: {'model_name': 'IterativeImputer', 'estimator': 'RFR', 'initial_strategy': 'median', 'n_nearest_features': 9, 'imputation_order': 'random'}. Best is trial 107 with value: 0.1630876406134383.
running
[I 2024-10-22 10:15:09,203] Trial 134 finished with value: 0.16352942340963805 and parameters: {'model_name': 'IterativeImputer', 'estimator': 'RFR', 'initial_strategy': 'median', 'n_nearest_features': 9, 'imputation_order': 'ascending'}. Best is trial 107 with value: 0.1630876406134383.
running
[I 2024-10-22 10:15:32,954] Trial 133 finished with value: 0.16330123263012308 and parameters: {'model_name': 'IterativeImputer', 'estimator': 'RFR', 'initial_strategy': 'median', 'n_nearest_features': 9, 'imputation_order': 'ascending'}. Best is trial 107 with value: 0.1630876406134383.
running
[I 2024-10-22 10:15:33,184] Trial 155 finished with value: 0.21670110245832275 and parameters: {'model_name': 'SimpleImputer', 'strategy': 'mean'}. Best is trial 107 with value: 0.1630876406134383.
running
[I 2024-10-22 10:15:49,400] Trial 148 finished with value: 0.16999033042986908 and parameters: {'model_name': 'IterativeImputer', 'estimator': 'RFR', 'initial_strategy': 'median', 'n_nearest_features': 5, 'imputation_order': 'ascending'}. Best is trial 107 with value: 0.1630876406134383.
running
[I 2024-10-22 10:23:13,001] Trial 136 finished with value: 0.1631996329920709 and parameters: {'model_name': 'IterativeImputer', 'estimator': 'RFR', 'initial_strategy': 'median', 'n_nearest_features': 8, 'imputation_order': 'ascending'}. Best is trial 107 with value: 0.1630876406134383.
running
[I 2024-10-22 10:24:18,864] Trial 138 finished with value: 0.16360605051952345 and parameters: {'model_name': 'IterativeImputer', 'estimator': 'RFR', 'initial_strategy': 'median', 'n_nearest_features': 8, 'imputation_order': 'ascending'}. Best is trial 107 with value: 0.1630876406134383.
running
[I 2024-10-22 10:25:07,524] Trial 140 finished with value: 0.1636266656502247 and parameters: {'model_name': 'IterativeImputer', 'estimator': 'RFR', 'initial_strategy': 'median', 'n_nearest_features': 8, 'imputation_order': 'ascending'}. Best is trial 107 with value: 0.1630876406134383.
running
[I 2024-10-22 10:26:56,980] Trial 141 finished with value: 0.1635209479793886 and parameters: {'model_name': 'IterativeImputer', 'estimator': 'RFR', 'initial_strategy': 'most_frequent', 'n_nearest_features': 8, 'imputation_order': 'ascending'}. Best is trial 107 with value: 0.1630876406134383.
running
[I 2024-10-22 10:26:58,084] Trial 161 finished with value: inf and parameters: {'model_name': 'GAIN', 'batch_size': 4, 'hint_rate': 0.6492352786271595, 'alpha': 7, 'iterations': 24, 'learning_rate': 0.01490040961200773, 'p_miss': 0.12275400135854192}. Best is trial 107 with value: 0.1630876406134383.
running
[I 2024-10-22 10:27:50,253] Trial 142 finished with value: 0.16395862405964406 and parameters: {'model_name': 'IterativeImputer', 'estimator': 'RFR', 'initial_strategy': 'most_frequent', 'n_nearest_features': 8, 'imputation_order': 'ascending'}. Best is trial 107 with value: 0.1630876406134383.
running
[I 2024-10-22 10:27:59,822] Trial 163 finished with value: 0.170609033726671 and parameters: {'model_name': 'IterativeImputer', 'estimator': 'Ridge', 'initial_strategy': 'constant', 'n_nearest_features': 8, 'imputation_order': 'descending'}. Best is trial 107 with value: 0.1630876406134383.
running
[I 2024-10-22 10:30:27,579] Trial 143 finished with value: 0.16370523887115668 and parameters: {'model_name': 'IterativeImputer', 'estimator': 'RFR', 'initial_strategy': 'most_frequent', 'n_nearest_features': 8, 'imputation_order': 'ascending'}. Best is trial 107 with value: 0.1630876406134383.
running
[I 2024-10-22 10:30:56,705] Trial 165 finished with value: 0.17062327026198965 and parameters: {'model_name': 'IterativeImputer', 'estimator': 'Bayesian', 'initial_strategy': 'median', 'n_nearest_features': 9, 'imputation_order': 'random', 'sample_posterior': False}. Best is trial 107 with value: 0.1630876406134383.
running
[I 2024-10-22 10:33:58,971] Trial 146 finished with value: 0.1630863114977984 and parameters: {'model_name': 'IterativeImputer', 'estimator': 'RFR', 'initial_strategy': 'most_frequent', 'n_nearest_features': 8, 'imputation_order': 'ascending'}. Best is trial 146 with value: 0.1630863114977984.
running
[I 2024-10-22 10:34:17,783] Trial 147 finished with value: 0.16308068784598587 and parameters: {'model_name': 'IterativeImputer', 'estimator': 'RFR', 'initial_strategy': 'median', 'n_nearest_features': 8, 'imputation_order': 'ascending'}. Best is trial 147 with value: 0.16308068784598587.
running
[I 2024-10-22 10:46:40,074] Trial 149 finished with value: 0.16360278206432094 and parameters: {'model_name': 'IterativeImputer', 'estimator': 'RFR', 'initial_strategy': 'median', 'n_nearest_features': 8, 'imputation_order': 'random'}. Best is trial 147 with value: 0.16308068784598587.
running
[I 2024-10-22 10:47:19,491] Trial 150 finished with value: 0.1640993951047964 and parameters: {'model_name': 'IterativeImputer', 'estimator': 'RFR', 'initial_strategy': 'median', 'n_nearest_features': 8, 'imputation_order': 'descending'}. Best is trial 147 with value: 0.16308068784598587.
running
[I 2024-10-22 10:49:20,467] Trial 151 finished with value: 0.16366852742928306 and parameters: {'model_name': 'IterativeImputer', 'estimator': 'RFR', 'initial_strategy': 'median', 'n_nearest_features': 9, 'imputation_order': 'descending'}. Best is trial 147 with value: 0.16308068784598587.
running
[I 2024-10-22 11:01:06,089] Trial 152 finished with value: 0.16447704352291023 and parameters: {'model_name': 'IterativeImputer', 'estimator': 'RFR', 'initial_strategy': 'constant', 'n_nearest_features': 9, 'imputation_order': 'descending'}. Best is trial 147 with value: 0.16308068784598587.
running
[I 2024-10-22 11:11:09,896] Trial 153 finished with value: 0.16453434128922986 and parameters: {'model_name': 'IterativeImputer', 'estimator': 'RFR', 'initial_strategy': 'constant', 'n_nearest_features': 8, 'imputation_order': 'descending'}. Best is trial 147 with value: 0.16308068784598587.
running
[I 2024-10-22 11:19:43,139] Trial 154 finished with value: 0.1643872079981358 and parameters: {'model_name': 'IterativeImputer', 'estimator': 'RFR', 'initial_strategy': 'constant', 'n_nearest_features': 8, 'imputation_order': 'descending'}. Best is trial 147 with value: 0.16308068784598587.
running
[I 2024-10-22 11:19:58,174] Trial 174 finished with value: 0.1891971304423963 and parameters: {'model_name': 'KNNImputer', 'n_neighbors': 870, 'weights': 'distance'}. Best is trial 147 with value: 0.16308068784598587.
running
[I 2024-10-22 11:20:24,356] Trial 156 finished with value: 0.1633078769266613 and parameters: {'model_name': 'IterativeImputer', 'estimator': 'RFR', 'initial_strategy': 'constant', 'n_nearest_features': 8, 'imputation_order': 'ascending'}. Best is trial 147 with value: 0.16308068784598587.
running
[I 2024-10-22 11:20:30,020] Trial 157 finished with value: 0.16417510310924233 and parameters: {'model_name': 'IterativeImputer', 'estimator': 'RFR', 'initial_strategy': 'constant', 'n_nearest_features': 8, 'imputation_order': 'descending'}. Best is trial 147 with value: 0.16308068784598587.
running
[I 2024-10-22 11:28:00,167] Trial 158 finished with value: 0.16394022909074163 and parameters: {'model_name': 'IterativeImputer', 'estimator': 'RFR', 'initial_strategy': 'constant', 'n_nearest_features': 8, 'imputation_order': 'ascending'}. Best is trial 147 with value: 0.16308068784598587.
running
[I 2024-10-22 11:29:09,552] Trial 159 finished with value: 0.16419949963354774 and parameters: {'model_name': 'IterativeImputer', 'estimator': 'RFR', 'initial_strategy': 'constant', 'n_nearest_features': 8, 'imputation_order': 'descending'}. Best is trial 147 with value: 0.16308068784598587.
running
[I 2024-10-22 11:29:49,244] Trial 160 finished with value: 0.16406730101350336 and parameters: {'model_name': 'IterativeImputer', 'estimator': 'RFR', 'initial_strategy': 'constant', 'n_nearest_features': 8, 'imputation_order': 'descending'}. Best is trial 147 with value: 0.16308068784598587.
running
[I 2024-10-22 11:31:43,233] Trial 162 finished with value: 0.16396332893495175 and parameters: {'model_name': 'IterativeImputer', 'estimator': 'RFR', 'initial_strategy': 'constant', 'n_nearest_features': 8, 'imputation_order': 'descending'}. Best is trial 147 with value: 0.16308068784598587.
running
[I 2024-10-22 11:32:13,024] Trial 164 finished with value: 0.1634530922113426 and parameters: {'model_name': 'IterativeImputer', 'estimator': 'RFR', 'initial_strategy': 'median', 'n_nearest_features': 9, 'imputation_order': 'random'}. Best is trial 147 with value: 0.16308068784598587.
running
[I 2024-10-22 11:35:09,790] Trial 166 finished with value: 0.16331388065808822 and parameters: {'model_name': 'IterativeImputer', 'estimator': 'RFR', 'initial_strategy': 'median', 'n_nearest_features': 9, 'imputation_order': 'random'}. Best is trial 147 with value: 0.16308068784598587.
running
[I 2024-10-22 11:38:06,419] Trial 167 finished with value: 0.1641907615871441 and parameters: {'model_name': 'IterativeImputer', 'estimator': 'RFR', 'initial_strategy': 'median', 'n_nearest_features': 8, 'imputation_order': 'random'}. Best is trial 147 with value: 0.16308068784598587.
running
[I 2024-10-22 11:38:24,267] Trial 168 finished with value: 0.16315438802589582 and parameters: {'model_name': 'IterativeImputer', 'estimator': 'RFR', 'initial_strategy': 'median', 'n_nearest_features': 8, 'imputation_order': 'ascending'}. Best is trial 147 with value: 0.16308068784598587.
running
[I 2024-10-22 11:38:46,925] Trial 184 finished with value: 0.17753679792974097 and parameters: {'model_name': 'IterativeImputer', 'estimator': 'KNN', 'initial_strategy': 'median', 'n_nearest_features': 7, 'imputation_order': 'ascending'}. Best is trial 147 with value: 0.16308068784598587.
running
[I 2024-10-22 11:39:04,659] Trial 185 finished with value: 0.17753679792974097 and parameters: {'model_name': 'IterativeImputer', 'estimator': 'KNN', 'initial_strategy': 'median', 'n_nearest_features': 7, 'imputation_order': 'ascending'}. Best is trial 147 with value: 0.16308068784598587.
running
[I 2024-10-22 11:42:54,510] Trial 169 finished with value: 0.1653073374927867 and parameters: {'model_name': 'IterativeImputer', 'estimator': 'RFR', 'initial_strategy': 'median', 'n_nearest_features': 7, 'imputation_order': 'ascending'}. Best is trial 147 with value: 0.16308068784598587.
running
[I 2024-10-22 11:45:32,928] Trial 171 finished with value: 0.16517749461888281 and parameters: {'model_name': 'IterativeImputer', 'estimator': 'RFR', 'initial_strategy': 'median', 'n_nearest_features': 7, 'imputation_order': 'ascending'}. Best is trial 147 with value: 0.16308068784598587.
running
[I 2024-10-22 11:51:30,953] Trial 170 finished with value: 0.1633327414430566 and parameters: {'model_name': 'IterativeImputer', 'estimator': 'RFR', 'initial_strategy': 'median', 'n_nearest_features': 8, 'imputation_order': 'ascending'}. Best is trial 147 with value: 0.16308068784598587.
running
[I 2024-10-22 11:57:39,166] Trial 172 finished with value: 0.16569474725725322 and parameters: {'model_name': 'IterativeImputer', 'estimator': 'RFR', 'initial_strategy': 'median', 'n_nearest_features': 7, 'imputation_order': 'ascending'}. Best is trial 147 with value: 0.16308068784598587.
running
[I 2024-10-22 12:07:38,116] Trial 173 finished with value: 0.16511471611348144 and parameters: {'model_name': 'IterativeImputer', 'estimator': 'RFR', 'initial_strategy': 'median', 'n_nearest_features': 7, 'imputation_order': 'ascending'}. Best is trial 147 with value: 0.16308068784598587.
running
[I 2024-10-22 12:07:38,327] Trial 192 finished with value: 0.2765351967027788 and parameters: {'model_name': 'SimpleImputer', 'strategy': 'constant'}. Best is trial 147 with value: 0.16308068784598587.
running
[I 2024-10-22 12:07:48,508] Trial 193 finished with value: 0.17060900167458126 and parameters: {'model_name': 'IterativeImputer', 'estimator': 'Ridge', 'initial_strategy': 'most_frequent', 'n_nearest_features': 9, 'imputation_order': 'arabic'}. Best is trial 147 with value: 0.16308068784598587.
running
[I 2024-10-22 12:07:49,057] Trial 194 finished with value: 0.2758291671059687 and parameters: {'model_name': 'GAIN', 'batch_size': 16, 'hint_rate': 0.8001358505061564, 'alpha': 25, 'iterations': 2, 'learning_rate': 0.0019419060236419256, 'p_miss': 0.09750548575929638}. Best is trial 147 with value: 0.16308068784598587.
running
[I 2024-10-22 12:16:24,485] Trial 175 finished with value: 0.1651197312807117 and parameters: {'model_name': 'IterativeImputer', 'estimator': 'RFR', 'initial_strategy': 'median', 'n_nearest_features': 7, 'imputation_order': 'ascending'}. Best is trial 147 with value: 0.16308068784598587.
running
[I 2024-10-22 12:17:04,989] Trial 177 finished with value: 0.1651629074543578 and parameters: {'model_name': 'IterativeImputer', 'estimator': 'RFR', 'initial_strategy': 'median', 'n_nearest_features': 7, 'imputation_order': 'ascending'}. Best is trial 147 with value: 0.16308068784598587.
running
[I 2024-10-22 12:17:14,846] Trial 176 finished with value: 0.16509226434818955 and parameters: {'model_name': 'IterativeImputer', 'estimator': 'RFR', 'initial_strategy': 'median', 'n_nearest_features': 7, 'imputation_order': 'ascending'}. Best is trial 147 with value: 0.16308068784598587.
running
[I 2024-10-22 12:24:27,536] Trial 178 finished with value: 0.16514497168923076 and parameters: {'model_name': 'IterativeImputer', 'estimator': 'RFR', 'initial_strategy': 'median', 'n_nearest_features': 7, 'imputation_order': 'ascending'}. Best is trial 147 with value: 0.16308068784598587.
running
[I 2024-10-22 12:25:33,779] Trial 179 finished with value: 0.16501615328201824 and parameters: {'model_name': 'IterativeImputer', 'estimator': 'RFR', 'initial_strategy': 'median', 'n_nearest_features': 7, 'imputation_order': 'ascending'}. Best is trial 147 with value: 0.16308068784598587.
[I 2024-10-22 12:25:59,616] Trial 180 finished with value: 0.1652449062582328 and parameters: {'model_name': 'IterativeImputer', 'estimator': 'RFR', 'initial_strategy': 'median', 'n_nearest_features': 7, 'imputation_order': 'ascending'}. Best is trial 147 with value: 0.16308068784598587.
[I 2024-10-22 12:28:02,893] Trial 181 finished with value: 0.16482674383601725 and parameters: {'model_name': 'IterativeImputer', 'estimator': 'RFR', 'initial_strategy': 'median', 'n_nearest_features': 7, 'imputation_order': 'ascending'}. Best is trial 147 with value: 0.16308068784598587.
[I 2024-10-22 12:28:19,887] Trial 182 finished with value: 0.16557033598128829 and parameters: {'model_name': 'IterativeImputer', 'estimator': 'RFR', 'initial_strategy': 'median', 'n_nearest_features': 7, 'imputation_order': 'ascending'}. Best is trial 147 with value: 0.16308068784598587.
[I 2024-10-22 12:31:21,464] Trial 183 finished with value: 0.16514260097325695 and parameters: {'model_name': 'IterativeImputer', 'estimator': 'RFR', 'initial_strategy': 'median', 'n_nearest_features': 7, 'imputation_order': 'ascending'}. Best is trial 147 with value: 0.16308068784598587.
[I 2024-10-22 12:34:50,533] Trial 186 finished with value: 0.16495134210459395 and parameters: {'model_name': 'IterativeImputer', 'estimator': 'RFR', 'initial_strategy': 'median', 'n_nearest_features': 7, 'imputation_order': 'ascending'}. Best is trial 147 with value: 0.16308068784598587.
[I 2024-10-22 12:42:35,540] Trial 187 finished with value: 0.1634823982047157 and parameters: {'model_name': 'IterativeImputer', 'estimator': 'RFR', 'initial_strategy': 'median', 'n_nearest_features': 9, 'imputation_order': 'ascending'}. Best is trial 147 with value: 0.16308068784598587.
[I 2024-10-22 12:46:16,489] Trial 188 finished with value: 0.16347014836620116 and parameters: {'model_name': 'IterativeImputer', 'estimator': 'RFR', 'initial_strategy': 'median', 'n_nearest_features': 9, 'imputation_order': 'ascending'}. Best is trial 147 with value: 0.16308068784598587.
[I 2024-10-22 12:49:12,779] Trial 189 finished with value: 0.1633626046983497 and parameters: {'model_name': 'IterativeImputer', 'estimator': 'RFR', 'initial_strategy': 'median', 'n_nearest_features': 9, 'imputation_order': 'arabic'}. Best is trial 147 with value: 0.16308068784598587.
[I 2024-10-22 12:54:47,939] Trial 190 finished with value: 0.163517539019384 and parameters: {'model_name': 'IterativeImputer', 'estimator': 'RFR', 'initial_strategy': 'median', 'n_nearest_features': 9, 'imputation_order': 'ascending'}. Best is trial 147 with value: 0.16308068784598587.
[I 2024-10-22 13:00:32,216] Trial 191 finished with value: 0.16304843215701884 and parameters: {'model_name': 'IterativeImputer', 'estimator': 'RFR', 'initial_strategy': 'most_frequent', 'n_nearest_features': 9, 'imputation_order': 'ascending'}. Best is trial 191 with value: 0.16304843215701884.
[I 2024-10-22 13:09:35,721] Trial 195 finished with value: 0.16331422951094166 and parameters: {'model_name': 'IterativeImputer', 'estimator': 'RFR', 'initial_strategy': 'median', 'n_nearest_features': 9, 'imputation_order': 'ascending'}. Best is trial 191 with value: 0.16304843215701884.
[I 2024-10-22 13:17:43,936] Trial 196 finished with value: 0.1630427130776891 and parameters: {'model_name': 'IterativeImputer', 'estimator': 'RFR', 'initial_strategy': 'median', 'n_nearest_features': 9, 'imputation_order': 'ascending'}. Best is trial 196 with value: 0.1630427130776891.
[I 2024-10-22 13:18:12,481] Trial 197 finished with value: 0.1636081325552719 and parameters: {'model_name': 'IterativeImputer', 'estimator': 'RFR', 'initial_strategy': 'median', 'n_nearest_features': 9, 'imputation_order': 'ascending'}. Best is trial 196 with value: 0.1630427130776891.
[I 2024-10-22 13:18:48,766] Trial 198 finished with value: 0.16409899002235093 and parameters: {'model_name': 'IterativeImputer', 'estimator': 'RFR', 'initial_strategy': 'median', 'n_nearest_features': 9, 'imputation_order': 'ascending'}. Best is trial 196 with value: 0.1630427130776891.
[I 2024-10-22 13:25:18,310] Trial 199 finished with value: 0.16392470129738607 and parameters: {'model_name': 'IterativeImputer', 'estimator': 'RFR', 'initial_strategy': 'median', 'n_nearest_features': 9, 'imputation_order': 'random'}. Best is trial 196 with value: 0.1630427130776891.
fit
auto fit
auto transform
0    0
1    0
2    0
3    0
4    0
5    0
6    0
7    0
8    0
dtype: int64
0    0
1    0
2    0
3    0
4    0
5    0
6    0
7    0
8    0
dtype: int64
0.1630427130776891
{'model_name': 'IterativeImputer', 'estimator': 'RFR', 'initial_strategy': 'median', 'n_nearest_features': 9, 'imputation_order': 'ascending'}
running experiment 2/3 - Does reconstruction give good automl predictions
Start est fit
Version 0.1.7a0 of tpot2 is outdated. Version 0.1.8a0 was released Tuesday September 17, 2024.
Version 0.1.7a0 of tpot2 is outdated. Version 0.1.8a0 was released Tuesday September 17, 2024.
Version 0.1.7a0 of tpot2 is outdated. Version 0.1.8a0 was released Tuesday September 17, 2024.
Version 0.1.7a0 of tpot2 is outdated. Version 0.1.8a0 was released Tuesday September 17, 2024.
Version 0.1.7a0 of tpot2 is outdated. Version 0.1.8a0 was released Tuesday September 17, 2024.
Version 0.1.7a0 of tpot2 is outdated. Version 0.1.8a0 was released Tuesday September 17, 2024.
Version 0.1.7a0 of tpot2 is outdated. Version 0.1.8a0 was released Tuesday September 17, 2024.
Version 0.1.7a0 of tpot2 is outdated. Version 0.1.8a0 was released Tuesday September 17, 2024.
Version 0.1.7a0 of tpot2 is outdated. Version 0.1.8a0 was released Tuesday September 17, 2024.
Version 0.1.7a0 of tpot2 is outdated. Version 0.1.8a0 was released Tuesday September 17, 2024.
Version 0.1.7a0 of tpot2 is outdated. Version 0.1.8a0 was released Tuesday September 17, 2024.
Version 0.1.7a0 of tpot2 is outdated. Version 0.1.8a0 was released Tuesday September 17, 2024.
Version 0.1.7a0 of tpot2 is outdated. Version 0.1.8a0 was released Tuesday September 17, 2024.
Version 0.1.7a0 of tpot2 is outdated. Version 0.1.8a0 was released Tuesday September 17, 2024.
Version 0.1.7a0 of tpot2 is outdated. Version 0.1.8a0 was released Tuesday September 17, 2024.
Version 0.1.7a0 of tpot2 is outdated. Version 0.1.8a0 was released Tuesday September 17, 2024.
  0%|          | 0/25 [00:00<?, ?it/s]Generation:   0%|          | 0/25 [00:00<?, ?it/s]Generation:  1
Best f1_score score: 0.9704405221513188
Generation:   4%|         | 1/25 [02:45<1:06:18, 165.78s/it]Generation:  2
Best f1_score score: 0.9704405221513188
Generation:   8%|         | 2/25 [06:20<1:14:33, 194.52s/it]Generation:  3
Best f1_score score: 0.9704961535677796
Generation:  12%|        | 3/25 [08:06<56:27, 153.97s/it]  Generation:  4
Best f1_score score: 0.9704961535677796
Generation:  16%|        | 4/25 [09:04<40:42, 116.32s/it]Generation:  5
Best f1_score score: 0.9707118445459834
Generation:  20%|        | 5/25 [15:13<1:09:06, 207.32s/it]Generation:  6
Best f1_score score: 0.9707118445459834
Generation:  24%|       | 6/25 [16:54<54:15, 171.36s/it]  Generation:  7
Best f1_score score: 0.9707118445459834
Generation:  28%|       | 7/25 [17:46<39:41, 132.30s/it]Generation:  8
Best f1_score score: 0.9707118445459834
Generation:  32%|      | 8/25 [18:43<30:40, 108.25s/it]Generation:  9
Best f1_score score: 0.9707118445459834
Generation:  36%|      | 9/25 [19:38<24:24, 91.56s/it] Generation:  10
Best f1_score score: 0.9707118445459834
Generation:  40%|      | 10/25 [19:55<17:08, 68.58s/it]Generation:  11
Best f1_score score: 0.9707118445459834
Generation:  44%|     | 11/25 [22:07<20:32, 88.01s/it]Generation:  12
Best f1_score score: 0.9707118445459834
Generation:  48%|     | 12/25 [23:05<17:03, 78.74s/it]Generation:  13
Best f1_score score: 0.9707118445459834
Generation:  52%|    | 13/25 [24:24<15:46, 78.89s/it]Generation:  14
Best f1_score score: 0.9707118445459834
Generation:  56%|    | 14/25 [24:37<10:50, 59.15s/it]Generation:  15
Best f1_score score: 0.9707118445459834
Generation:  60%|    | 15/25 [25:15<08:45, 52.58s/it]Generation:  16
Best f1_score score: 0.9707118445459834
Generation:  64%|   | 16/25 [26:22<08:33, 57.03s/it]Generation:  17
Best f1_score score: 0.9707118445459834
Generation:  68%|   | 17/25 [30:21<14:53, 111.72s/it]Generation:  18
Best f1_score score: 0.9707118445459834
Generation:  72%|  | 18/25 [30:38<09:41, 83.10s/it] Generation:  19
Best f1_score score: 0.9707118445459834
Generation:  76%|  | 19/25 [31:00<06:28, 64.76s/it]Generation:  20
Best f1_score score: 0.9707118445459834
Generation:  80%|  | 20/25 [32:06<05:26, 65.30s/it]Generation:  21
Best f1_score score: 0.9707118445459834
Generation:  84%| | 21/25 [41:45<14:37, 219.40s/it]Generation:  22
Best f1_score score: 0.9707145480138027
Generation:  88%| | 22/25 [43:18<09:04, 181.37s/it]Generation:  23
Best f1_score score: 0.9707145480138027
Generation:  92%|| 23/25 [44:51<05:09, 154.93s/it]Generation:  24
Best f1_score score: 0.9707157468512138
Generation:  96%|| 24/25 [45:09<01:53, 113.95s/it]Generation:  25
Best f1_score score: 0.9707200431626056
Generation: 100%|| 25/25 [45:31<00:00, 86.17s/it] Generation: 100%|| 25/25 [45:34<00:00, 109.37s/it]
2024-10-22 14:24:49,450 - distributed.scheduler - ERROR - Removing worker 'tcp://127.0.0.1:45059' caused the cluster to lose scattered data, which can't be recovered: {'ndarray-45cf3daf481432b1aa9c2cb2b74c7bc2', 'ndarray-e4a60c677fc40c7d2e1b8acc8775c803'} (stimulus_id='handle-worker-cleanup-1729632289.450064')
Fitted
Pipeline(steps=[('histgradientboostingclassifier',
                 HistGradientBoostingClassifier(early_stopping=False,
                                                l2_regularization=0.00032239739,
                                                learning_rate=0.0842013150171,
                                                max_features=0.1922174595263,
                                                max_leaf_nodes=961,
                                                min_samples_leaf=177,
                                                tol=0.0001,
                                                validation_fraction=None))])
score start
train score: {'auroc': 0.9987155925349394, 'accuracy': 0.9810745586180617, 'balanced_accuracy': 0.9807915390326412, 'logloss': 0.047923317491720074, 'f1': 0.9791097634854666}
original test score: {'auroc': 0.9988401216839499, 'accuracy': 0.9865379730759462, 'balanced_accuracy': 0.9838584017921689, 'logloss': 0.04093882669575022, 'f1': 0.9850501579627444}
imputed test score: {'auroc': 0.995396292949142, 'accuracy': 0.9735839471678943, 'balanced_accuracy': 0.9725800163450719, 'logloss': 0.07589850442836182, 'f1': 0.9708435162556469}
score end
check intended
EXP2 Finished
running experiment 3/3 - What is the best automl settings?
<tpot2.search_spaces.pipelines.sequential.SequentialPipeline object at 0x155435018580>
Start tpot fit
Version 0.1.7a0 of tpot2 is outdated. Version 0.1.8a0 was released Tuesday September 17, 2024.
Version 0.1.7a0 of tpot2 is outdated. Version 0.1.8a0 was released Tuesday September 17, 2024.
Version 0.1.7a0 of tpot2 is outdated. Version 0.1.8a0 was released Tuesday September 17, 2024.
Version 0.1.7a0 of tpot2 is outdated. Version 0.1.8a0 was released Tuesday September 17, 2024.
Version 0.1.7a0 of tpot2 is outdated. Version 0.1.8a0 was released Tuesday September 17, 2024.
Version 0.1.7a0 of tpot2 is outdated. Version 0.1.8a0 was released Tuesday September 17, 2024.
Version 0.1.7a0 of tpot2 is outdated. Version 0.1.8a0 was released Tuesday September 17, 2024.
Version 0.1.7a0 of tpot2 is outdated. Version 0.1.8a0 was released Tuesday September 17, 2024.
Version 0.1.7a0 of tpot2 is outdated. Version 0.1.8a0 was released Tuesday September 17, 2024.
Version 0.1.7a0 of tpot2 is outdated. Version 0.1.8a0 was released Tuesday September 17, 2024.
Version 0.1.7a0 of tpot2 is outdated. Version 0.1.8a0 was released Tuesday September 17, 2024.
Version 0.1.7a0 of tpot2 is outdated. Version 0.1.8a0 was released Tuesday September 17, 2024.
Version 0.1.7a0 of tpot2 is outdated. Version 0.1.8a0 was released Tuesday September 17, 2024.
Version 0.1.7a0 of tpot2 is outdated. Version 0.1.8a0 was released Tuesday September 17, 2024.
Version 0.1.7a0 of tpot2 is outdated. Version 0.1.8a0 was released Tuesday September 17, 2024.
Version 0.1.7a0 of tpot2 is outdated. Version 0.1.8a0 was released Tuesday September 17, 2024.
  0%|          | 0/25 [00:00<?, ?it/s]Generation:   0%|          | 0/25 [00:00<?, ?it/s]WARNING THIS INDIVIDUAL CAUSED AND EXCEPTION 
 <tpot2.search_spaces.pipelines.sequential.SequentialPipelineIndividual object at 0x155474cd0df0> 
 Input X contains NaN.
MultinomialNB does not accept missing values encoded as NaN natively. For supervised learning, you might want to consider sklearn.ensemble.HistGradientBoostingClassifier and Regressor which accept missing values encoded as NaNs natively. Alternatively, it is possible to preprocess the data, for instance by using an imputer transformer in a pipeline or drop samples with missing values. See https://scikit-learn.org/stable/modules/impute.html You can find a list of all estimators that handle NaN values at the following page: https://scikit-learn.org/stable/modules/impute.html#estimators-that-handle-nan-values 
 Traceback (most recent call last):
  File "/common/ketrong/tpotexp/tpot2/tpot2/utils/eval_utils.py", line 53, in objective_nan_wrapper
    value = func_timeout.func_timeout(timeout, objective_function, args=[individual], kwargs=objective_kwargs)
  File "/common/ketrong/tpotexp/env/lib/python3.10/site-packages/func_timeout/dafunc.py", line 108, in func_timeout
    raise_exception(exception)
  File "/common/ketrong/tpotexp/env/lib/python3.10/site-packages/func_timeout/py3_raise.py", line 7, in raise_exception
    raise exception[0] from None
  File "/common/ketrong/tpotexp/tpot2/tpot2/tpot_estimator/estimator.py", line 623, in objective_function
    return objective_function_generator(
  File "/common/ketrong/tpotexp/tpot2/tpot2/tpot_estimator/estimator_utils.py", line 55, in objective_function_generator
    cv_obj_scores = cross_val_score_objective(sklearn.base.clone(pipeline),x,y,scorers=scorers, cv=cv , fold=step)
  File "/common/ketrong/tpotexp/tpot2/tpot2/tpot_estimator/cross_val_utils.py", line 28, in cross_val_score_objective
    this_fold_pipeline.fit(X_train,y_train)
  File "/common/ketrong/tpotexp/env/lib/python3.10/site-packages/sklearn/base.py", line 1473, in wrapper
    return fit_method(estimator, *args, **kwargs)
  File "/common/ketrong/tpotexp/env/lib/python3.10/site-packages/sklearn/pipeline.py", line 473, in fit
    self._final_estimator.fit(Xt, y, **last_step_params["fit"])
  File "/common/ketrong/tpotexp/env/lib/python3.10/site-packages/sklearn/base.py", line 1473, in wrapper
    return fit_method(estimator, *args, **kwargs)
  File "/common/ketrong/tpotexp/env/lib/python3.10/site-packages/sklearn/naive_bayes.py", line 732, in fit
    X, y = self._check_X_y(X, y)
  File "/common/ketrong/tpotexp/env/lib/python3.10/site-packages/sklearn/naive_bayes.py", line 578, in _check_X_y
    return self._validate_data(X, y, accept_sparse="csr", reset=reset)
  File "/common/ketrong/tpotexp/env/lib/python3.10/site-packages/sklearn/base.py", line 650, in _validate_data
    X, y = check_X_y(X, y, **check_params)
  File "/common/ketrong/tpotexp/env/lib/python3.10/site-packages/sklearn/utils/validation.py", line 1301, in check_X_y
    X = check_array(
  File "/common/ketrong/tpotexp/env/lib/python3.10/site-packages/sklearn/utils/validation.py", line 1064, in check_array
    _assert_all_finite(
  File "/common/ketrong/tpotexp/env/lib/python3.10/site-packages/sklearn/utils/validation.py", line 123, in _assert_all_finite
    _assert_all_finite_element_wise(
  File "/common/ketrong/tpotexp/env/lib/python3.10/site-packages/sklearn/utils/validation.py", line 172, in _assert_all_finite_element_wise
    raise ValueError(msg_err)
ValueError: Input X contains NaN.
MultinomialNB does not accept missing values encoded as NaN natively. For supervised learning, you might want to consider sklearn.ensemble.HistGradientBoostingClassifier and Regressor which accept missing values encoded as NaNs natively. Alternatively, it is possible to preprocess the data, for instance by using an imputer transformer in a pipeline or drop samples with missing values. See https://scikit-learn.org/stable/modules/impute.html You can find a list of all estimators that handle NaN values at the following page: https://scikit-learn.org/stable/modules/impute.html#estimators-that-handle-nan-values

WARNING THIS INDIVIDUAL CAUSED AND EXCEPTION 
 <tpot2.search_spaces.pipelines.sequential.SequentialPipelineIndividual object at 0x155474cd0cd0> 
 Negative values in data passed to MultinomialNB (input X) 
 Traceback (most recent call last):
  File "/common/ketrong/tpotexp/tpot2/tpot2/utils/eval_utils.py", line 53, in objective_nan_wrapper
    value = func_timeout.func_timeout(timeout, objective_function, args=[individual], kwargs=objective_kwargs)
  File "/common/ketrong/tpotexp/env/lib/python3.10/site-packages/func_timeout/dafunc.py", line 108, in func_timeout
    raise_exception(exception)
  File "/common/ketrong/tpotexp/env/lib/python3.10/site-packages/func_timeout/py3_raise.py", line 7, in raise_exception
    raise exception[0] from None
  File "/common/ketrong/tpotexp/tpot2/tpot2/tpot_estimator/estimator.py", line 623, in objective_function
    return objective_function_generator(
  File "/common/ketrong/tpotexp/tpot2/tpot2/tpot_estimator/estimator_utils.py", line 55, in objective_function_generator
    cv_obj_scores = cross_val_score_objective(sklearn.base.clone(pipeline),x,y,scorers=scorers, cv=cv , fold=step)
  File "/common/ketrong/tpotexp/tpot2/tpot2/tpot_estimator/cross_val_utils.py", line 28, in cross_val_score_objective
    this_fold_pipeline.fit(X_train,y_train)
  File "/common/ketrong/tpotexp/env/lib/python3.10/site-packages/sklearn/base.py", line 1473, in wrapper
    return fit_method(estimator, *args, **kwargs)
  File "/common/ketrong/tpotexp/env/lib/python3.10/site-packages/sklearn/pipeline.py", line 473, in fit
    self._final_estimator.fit(Xt, y, **last_step_params["fit"])
  File "/common/ketrong/tpotexp/env/lib/python3.10/site-packages/sklearn/base.py", line 1473, in wrapper
    return fit_method(estimator, *args, **kwargs)
  File "/common/ketrong/tpotexp/env/lib/python3.10/site-packages/sklearn/naive_bayes.py", line 759, in fit
    self._count(X, Y)
  File "/common/ketrong/tpotexp/env/lib/python3.10/site-packages/sklearn/naive_bayes.py", line 881, in _count
    check_non_negative(X, "MultinomialNB (input X)")
  File "/common/ketrong/tpotexp/env/lib/python3.10/site-packages/sklearn/utils/validation.py", line 1689, in check_non_negative
    raise ValueError("Negative values in data passed to %s" % whom)
ValueError: Negative values in data passed to MultinomialNB (input X)

WARNING THIS INDIVIDUAL CAUSED AND EXCEPTION 
 <tpot2.search_spaces.pipelines.sequential.SequentialPipelineIndividual object at 0x155474cd0be0> 
 Negative values in data passed to MultinomialNB (input X) 
 Traceback (most recent call last):
  File "/common/ketrong/tpotexp/tpot2/tpot2/utils/eval_utils.py", line 53, in objective_nan_wrapper
    value = func_timeout.func_timeout(timeout, objective_function, args=[individual], kwargs=objective_kwargs)
  File "/common/ketrong/tpotexp/env/lib/python3.10/site-packages/func_timeout/dafunc.py", line 108, in func_timeout
    raise_exception(exception)
  File "/common/ketrong/tpotexp/env/lib/python3.10/site-packages/func_timeout/py3_raise.py", line 7, in raise_exception
    raise exception[0] from None
  File "/common/ketrong/tpotexp/tpot2/tpot2/tpot_estimator/estimator.py", line 623, in objective_function
    return objective_function_generator(
  File "/common/ketrong/tpotexp/tpot2/tpot2/tpot_estimator/estimator_utils.py", line 55, in objective_function_generator
    cv_obj_scores = cross_val_score_objective(sklearn.base.clone(pipeline),x,y,scorers=scorers, cv=cv , fold=step)
  File "/common/ketrong/tpotexp/tpot2/tpot2/tpot_estimator/cross_val_utils.py", line 28, in cross_val_score_objective
    this_fold_pipeline.fit(X_train,y_train)
  File "/common/ketrong/tpotexp/env/lib/python3.10/site-packages/sklearn/base.py", line 1473, in wrapper
    return fit_method(estimator, *args, **kwargs)
  File "/common/ketrong/tpotexp/env/lib/python3.10/site-packages/sklearn/pipeline.py", line 473, in fit
    self._final_estimator.fit(Xt, y, **last_step_params["fit"])
  File "/common/ketrong/tpotexp/env/lib/python3.10/site-packages/sklearn/base.py", line 1473, in wrapper
    return fit_method(estimator, *args, **kwargs)
  File "/common/ketrong/tpotexp/env/lib/python3.10/site-packages/sklearn/naive_bayes.py", line 759, in fit
    self._count(X, Y)
  File "/common/ketrong/tpotexp/env/lib/python3.10/site-packages/sklearn/naive_bayes.py", line 881, in _count
    check_non_negative(X, "MultinomialNB (input X)")
  File "/common/ketrong/tpotexp/env/lib/python3.10/site-packages/sklearn/utils/validation.py", line 1689, in check_non_negative
    raise ValueError("Negative values in data passed to %s" % whom)
ValueError: Negative values in data passed to MultinomialNB (input X)

WARNING AN INDIVIDUAL TIMED OUT: 
 <tpot2.search_spaces.pipelines.sequential.SequentialPipelineIndividual object at 0x155474cd0d60> 

Generation:  1
Best f1_score score: 0.9635656443898837
Generation:   4%|         | 1/25 [10:02<4:00:56, 602.37s/it]Generation:  2
Best f1_score score: 0.9652845245828748
Generation:   8%|         | 2/25 [18:01<3:23:03, 529.73s/it]WARNING AN INDIVIDUAL TIMED OUT: 
 <tpot2.search_spaces.pipelines.sequential.SequentialPipelineIndividual object at 0x155474d55ed0> 

Generation:  3
Best f1_score score: 0.9663449319330347
Generation:  12%|        | 3/25 [28:06<3:26:57, 564.42s/it]Generation:  4
Best f1_score score: 0.9689768133459804
Generation:  16%|        | 4/25 [33:48<2:46:48, 476.60s/it]Generation:  5
Best f1_score score: 0.9704499547496725
Generation:  20%|        | 5/25 [39:44<2:24:15, 432.79s/it]WARNING AN INDIVIDUAL TIMED OUT: 
 <tpot2.search_spaces.pipelines.sequential.SequentialPipelineIndividual object at 0x15545fb27e20> 

Generation:  6
Best f1_score score: 0.9710471190502268
Generation:  24%|       | 6/25 [49:50<2:35:48, 492.00s/it]Generation:  7
Best f1_score score: 0.9710471190502268
Generation:  28%|       | 7/25 [54:47<2:08:23, 427.98s/it]WARNING AN INDIVIDUAL TIMED OUT: 
 <tpot2.search_spaces.pipelines.sequential.SequentialPipelineIndividual object at 0x155474058340> 

Generation:  8
Best f1_score score: 0.9710578360629445
Generation:  32%|      | 8/25 [1:04:55<2:17:29, 485.27s/it]WARNING AN INDIVIDUAL TIMED OUT: 
 <tpot2.search_spaces.pipelines.sequential.SequentialPipelineIndividual object at 0x155456ae91e0> 

Generation:  9
Best f1_score score: 0.9712501231776349
Generation:  36%|      | 9/25 [1:15:03<2:19:41, 523.86s/it]Generation:  10
Best f1_score score: 0.9712501231776349
Generation:  40%|      | 10/25 [1:17:46<1:43:03, 412.25s/it]Generation:  11
Best f1_score score: 0.9712501231776349
Generation:  44%|     | 11/25 [1:21:58<1:24:44, 363.20s/it]WARNING THIS INDIVIDUAL CAUSED AND EXCEPTION 
 <tpot2.search_spaces.pipelines.sequential.SequentialPipelineIndividual object at 0x155474d76d70> 
 Negative values in data passed to MultinomialNB (input X) 
 Traceback (most recent call last):
  File "/common/ketrong/tpotexp/tpot2/tpot2/utils/eval_utils.py", line 53, in objective_nan_wrapper
    value = func_timeout.func_timeout(timeout, objective_function, args=[individual], kwargs=objective_kwargs)
  File "/common/ketrong/tpotexp/env/lib/python3.10/site-packages/func_timeout/dafunc.py", line 108, in func_timeout
    raise_exception(exception)
  File "/common/ketrong/tpotexp/env/lib/python3.10/site-packages/func_timeout/py3_raise.py", line 7, in raise_exception
    raise exception[0] from None
  File "/common/ketrong/tpotexp/tpot2/tpot2/tpot_estimator/estimator.py", line 623, in objective_function
    return objective_function_generator(
  File "/common/ketrong/tpotexp/tpot2/tpot2/tpot_estimator/estimator_utils.py", line 55, in objective_function_generator
    cv_obj_scores = cross_val_score_objective(sklearn.base.clone(pipeline),x,y,scorers=scorers, cv=cv , fold=step)
  File "/common/ketrong/tpotexp/tpot2/tpot2/tpot_estimator/cross_val_utils.py", line 28, in cross_val_score_objective
    this_fold_pipeline.fit(X_train,y_train)
  File "/common/ketrong/tpotexp/env/lib/python3.10/site-packages/sklearn/base.py", line 1473, in wrapper
    return fit_method(estimator, *args, **kwargs)
  File "/common/ketrong/tpotexp/env/lib/python3.10/site-packages/sklearn/pipeline.py", line 473, in fit
    self._final_estimator.fit(Xt, y, **last_step_params["fit"])
  File "/common/ketrong/tpotexp/env/lib/python3.10/site-packages/sklearn/base.py", line 1473, in wrapper
    return fit_method(estimator, *args, **kwargs)
  File "/common/ketrong/tpotexp/env/lib/python3.10/site-packages/sklearn/naive_bayes.py", line 759, in fit
    self._count(X, Y)
  File "/common/ketrong/tpotexp/env/lib/python3.10/site-packages/sklearn/naive_bayes.py", line 881, in _count
    check_non_negative(X, "MultinomialNB (input X)")
  File "/common/ketrong/tpotexp/env/lib/python3.10/site-packages/sklearn/utils/validation.py", line 1689, in check_non_negative
    raise ValueError("Negative values in data passed to %s" % whom)
ValueError: Negative values in data passed to MultinomialNB (input X)

WARNING THIS INDIVIDUAL CAUSED AND EXCEPTION 
 <tpot2.search_spaces.pipelines.sequential.SequentialPipelineIndividual object at 0x15545f85c610> 
 Negative values in data passed to MultinomialNB (input X) 
 Traceback (most recent call last):
  File "/common/ketrong/tpotexp/tpot2/tpot2/utils/eval_utils.py", line 53, in objective_nan_wrapper
    value = func_timeout.func_timeout(timeout, objective_function, args=[individual], kwargs=objective_kwargs)
  File "/common/ketrong/tpotexp/env/lib/python3.10/site-packages/func_timeout/dafunc.py", line 108, in func_timeout
    raise_exception(exception)
  File "/common/ketrong/tpotexp/env/lib/python3.10/site-packages/func_timeout/py3_raise.py", line 7, in raise_exception
    raise exception[0] from None
  File "/common/ketrong/tpotexp/tpot2/tpot2/tpot_estimator/estimator.py", line 623, in objective_function
    return objective_function_generator(
  File "/common/ketrong/tpotexp/tpot2/tpot2/tpot_estimator/estimator_utils.py", line 55, in objective_function_generator
    cv_obj_scores = cross_val_score_objective(sklearn.base.clone(pipeline),x,y,scorers=scorers, cv=cv , fold=step)
  File "/common/ketrong/tpotexp/tpot2/tpot2/tpot_estimator/cross_val_utils.py", line 28, in cross_val_score_objective
    this_fold_pipeline.fit(X_train,y_train)
  File "/common/ketrong/tpotexp/env/lib/python3.10/site-packages/sklearn/base.py", line 1473, in wrapper
    return fit_method(estimator, *args, **kwargs)
  File "/common/ketrong/tpotexp/env/lib/python3.10/site-packages/sklearn/pipeline.py", line 473, in fit
    self._final_estimator.fit(Xt, y, **last_step_params["fit"])
  File "/common/ketrong/tpotexp/env/lib/python3.10/site-packages/sklearn/base.py", line 1473, in wrapper
    return fit_method(estimator, *args, **kwargs)
  File "/common/ketrong/tpotexp/env/lib/python3.10/site-packages/sklearn/naive_bayes.py", line 759, in fit
    self._count(X, Y)
  File "/common/ketrong/tpotexp/env/lib/python3.10/site-packages/sklearn/naive_bayes.py", line 881, in _count
    check_non_negative(X, "MultinomialNB (input X)")
  File "/common/ketrong/tpotexp/env/lib/python3.10/site-packages/sklearn/utils/validation.py", line 1689, in check_non_negative
    raise ValueError("Negative values in data passed to %s" % whom)
ValueError: Negative values in data passed to MultinomialNB (input X)

WARNING AN INDIVIDUAL TIMED OUT: 
 <tpot2.search_spaces.pipelines.sequential.SequentialPipelineIndividual object at 0x155474d1ad40> 

Generation:  12
Best f1_score score: 0.9717151003855783
Generation:  48%|     | 12/25 [1:32:07<1:34:54, 438.06s/it]WARNING AN INDIVIDUAL TIMED OUT: 
 <tpot2.search_spaces.pipelines.sequential.SequentialPipelineIndividual object at 0x15545fa79570> 

WARNING AN INDIVIDUAL TIMED OUT: 
 <tpot2.search_spaces.pipelines.sequential.SequentialPipelineIndividual object at 0x155459e07160> 

Generation:  13
Best f1_score score: 0.9717151003855783
Generation:  52%|    | 13/25 [1:42:16<1:37:59, 489.97s/it]Generation:  14
Best f1_score score: 0.9717151003855783
Generation:  56%|    | 14/25 [1:46:34<1:16:57, 419.74s/it]WARNING AN INDIVIDUAL TIMED OUT: 
 <tpot2.search_spaces.pipelines.sequential.SequentialPipelineIndividual object at 0x155464e736d0> 

Generation:  15
Best f1_score score: 0.9717151003855783
Generation:  60%|    | 15/25 [1:56:41<1:19:23, 476.33s/it]WARNING THIS INDIVIDUAL CAUSED AND EXCEPTION 
 <tpot2.search_spaces.pipelines.sequential.SequentialPipelineIndividual object at 0x155474d5cb20> 
 The 'min_samples_split' parameter of DecisionTreeClassifier must be an int in the range [2, inf) or a float in the range (0.0, 1.0]. Got 1 instead. 
 Traceback (most recent call last):
  File "/common/ketrong/tpotexp/tpot2/tpot2/utils/eval_utils.py", line 53, in objective_nan_wrapper
    value = func_timeout.func_timeout(timeout, objective_function, args=[individual], kwargs=objective_kwargs)
  File "/common/ketrong/tpotexp/env/lib/python3.10/site-packages/func_timeout/dafunc.py", line 108, in func_timeout
    raise_exception(exception)
  File "/common/ketrong/tpotexp/env/lib/python3.10/site-packages/func_timeout/py3_raise.py", line 7, in raise_exception
    raise exception[0] from None
  File "/common/ketrong/tpotexp/tpot2/tpot2/tpot_estimator/estimator.py", line 623, in objective_function
    return objective_function_generator(
  File "/common/ketrong/tpotexp/tpot2/tpot2/tpot_estimator/estimator_utils.py", line 55, in objective_function_generator
    cv_obj_scores = cross_val_score_objective(sklearn.base.clone(pipeline),x,y,scorers=scorers, cv=cv , fold=step)
  File "/common/ketrong/tpotexp/tpot2/tpot2/tpot_estimator/cross_val_utils.py", line 28, in cross_val_score_objective
    this_fold_pipeline.fit(X_train,y_train)
  File "/common/ketrong/tpotexp/env/lib/python3.10/site-packages/sklearn/base.py", line 1473, in wrapper
    return fit_method(estimator, *args, **kwargs)
  File "/common/ketrong/tpotexp/env/lib/python3.10/site-packages/sklearn/pipeline.py", line 473, in fit
    self._final_estimator.fit(Xt, y, **last_step_params["fit"])
  File "/common/ketrong/tpotexp/env/lib/python3.10/site-packages/sklearn/base.py", line 1466, in wrapper
    estimator._validate_params()
  File "/common/ketrong/tpotexp/env/lib/python3.10/site-packages/sklearn/base.py", line 666, in _validate_params
    validate_parameter_constraints(
  File "/common/ketrong/tpotexp/env/lib/python3.10/site-packages/sklearn/utils/_param_validation.py", line 95, in validate_parameter_constraints
    raise InvalidParameterError(
sklearn.utils._param_validation.InvalidParameterError: The 'min_samples_split' parameter of DecisionTreeClassifier must be an int in the range [2, inf) or a float in the range (0.0, 1.0]. Got 1 instead.

WARNING AN INDIVIDUAL TIMED OUT: 
 <tpot2.search_spaces.pipelines.sequential.SequentialPipelineIndividual object at 0x155467d5cbe0> 

WARNING AN INDIVIDUAL TIMED OUT: 
 <tpot2.search_spaces.pipelines.sequential.SequentialPipelineIndividual object at 0x15545fb66920> 

WARNING AN INDIVIDUAL TIMED OUT: 
 <tpot2.search_spaces.pipelines.sequential.SequentialPipelineIndividual object at 0x155474433190> 

Generation:  16
Best f1_score score: 0.9717783240154093
Generation:  64%|   | 16/25 [2:06:51<1:17:27, 516.41s/it]WARNING AN INDIVIDUAL TIMED OUT: 
 <tpot2.search_spaces.pipelines.sequential.SequentialPipelineIndividual object at 0x15545f6d6110> 

WARNING AN INDIVIDUAL TIMED OUT: 
 <tpot2.search_spaces.pipelines.sequential.SequentialPipelineIndividual object at 0x15545efae200> 

WARNING AN INDIVIDUAL TIMED OUT: 
 <tpot2.search_spaces.pipelines.sequential.SequentialPipelineIndividual object at 0x155474d1ac50> 

Generation:  17
Best f1_score score: 0.9717783240154093
Generation:  68%|   | 17/25 [2:17:00<1:12:35, 544.46s/it]WARNING AN INDIVIDUAL TIMED OUT: 
 <tpot2.search_spaces.pipelines.sequential.SequentialPipelineIndividual object at 0x15545ee6b4c0> 

Generation:  18
Best f1_score score: 0.9717783240154093
Generation:  72%|  | 18/25 [2:27:07<1:05:41, 563.02s/it]WARNING AN INDIVIDUAL TIMED OUT: 
 <tpot2.search_spaces.pipelines.sequential.SequentialPipelineIndividual object at 0x15531faaf640> 

Generation:  19
Best f1_score score: 0.9717783240154093
Generation:  76%|  | 19/25 [2:37:13<57:35, 575.92s/it]  WARNING AN INDIVIDUAL TIMED OUT: 
 <tpot2.search_spaces.pipelines.sequential.SequentialPipelineIndividual object at 0x1554745c4f70> 

WARNING AN INDIVIDUAL TIMED OUT: 
 <tpot2.search_spaces.pipelines.sequential.SequentialPipelineIndividual object at 0x155455c2c2b0> 

Generation:  20
Best f1_score score: 0.9717783240154093
Generation:  80%|  | 20/25 [2:47:22<48:50, 586.05s/it]WARNING THIS INDIVIDUAL CAUSED AND EXCEPTION 
 <tpot2.search_spaces.pipelines.sequential.SequentialPipelineIndividual object at 0x155450e3f3d0> 
 Negative values in data passed to MultinomialNB (input X) 
 Traceback (most recent call last):
  File "/common/ketrong/tpotexp/tpot2/tpot2/utils/eval_utils.py", line 53, in objective_nan_wrapper
    value = func_timeout.func_timeout(timeout, objective_function, args=[individual], kwargs=objective_kwargs)
  File "/common/ketrong/tpotexp/env/lib/python3.10/site-packages/func_timeout/dafunc.py", line 108, in func_timeout
    raise_exception(exception)
  File "/common/ketrong/tpotexp/env/lib/python3.10/site-packages/func_timeout/py3_raise.py", line 7, in raise_exception
    raise exception[0] from None
  File "/common/ketrong/tpotexp/tpot2/tpot2/tpot_estimator/estimator.py", line 623, in objective_function
    return objective_function_generator(
  File "/common/ketrong/tpotexp/tpot2/tpot2/tpot_estimator/estimator_utils.py", line 55, in objective_function_generator
    cv_obj_scores = cross_val_score_objective(sklearn.base.clone(pipeline),x,y,scorers=scorers, cv=cv , fold=step)
  File "/common/ketrong/tpotexp/tpot2/tpot2/tpot_estimator/cross_val_utils.py", line 28, in cross_val_score_objective
    this_fold_pipeline.fit(X_train,y_train)
  File "/common/ketrong/tpotexp/env/lib/python3.10/site-packages/sklearn/base.py", line 1473, in wrapper
    return fit_method(estimator, *args, **kwargs)
  File "/common/ketrong/tpotexp/env/lib/python3.10/site-packages/sklearn/pipeline.py", line 473, in fit
    self._final_estimator.fit(Xt, y, **last_step_params["fit"])
  File "/common/ketrong/tpotexp/env/lib/python3.10/site-packages/sklearn/base.py", line 1473, in wrapper
    return fit_method(estimator, *args, **kwargs)
  File "/common/ketrong/tpotexp/env/lib/python3.10/site-packages/sklearn/naive_bayes.py", line 759, in fit
    self._count(X, Y)
  File "/common/ketrong/tpotexp/env/lib/python3.10/site-packages/sklearn/naive_bayes.py", line 881, in _count
    check_non_negative(X, "MultinomialNB (input X)")
  File "/common/ketrong/tpotexp/env/lib/python3.10/site-packages/sklearn/utils/validation.py", line 1689, in check_non_negative
    raise ValueError("Negative values in data passed to %s" % whom)
ValueError: Negative values in data passed to MultinomialNB (input X)

WARNING AN INDIVIDUAL TIMED OUT: 
 <tpot2.search_spaces.pipelines.sequential.SequentialPipelineIndividual object at 0x15545caa3f40> 

WARNING AN INDIVIDUAL TIMED OUT: 
 <tpot2.search_spaces.pipelines.sequential.SequentialPipelineIndividual object at 0x155455d3b4c0> 

Generation:  21
Best f1_score score: 0.9717783240154093
Generation:  84%| | 21/25 [2:57:32<39:32, 593.16s/it]Generation:  22
Best f1_score score: 0.9719320387504864
Generation:  88%| | 22/25 [3:01:40<24:28, 489.43s/it]Generation:  23
Best f1_score score: 0.9719320387504864
Generation:  92%|| 23/25 [3:06:06<14:04, 422.50s/it]Generation:  24
Best f1_score score: 0.9719320387504864
Generation:  96%|| 24/25 [3:10:17<06:10, 370.98s/it]WARNING AN INDIVIDUAL TIMED OUT: 
 <tpot2.search_spaces.pipelines.sequential.SequentialPipelineIndividual object at 0x155474d77130> 

WARNING AN INDIVIDUAL TIMED OUT: 
 <tpot2.search_spaces.pipelines.sequential.SequentialPipelineIndividual object at 0x15545f6110f0> 

Generation:  25
Best f1_score score: 0.9719320387504864
Generation: 100%|| 25/25 [3:20:25<00:00, 442.22s/it]Generation: 100%|| 25/25 [3:20:25<00:00, 481.03s/it]
2024-10-22 17:45:28,602 - distributed.scheduler - ERROR - Removing worker 'tcp://127.0.0.1:34975' caused the cluster to lose scattered data, which can't be recovered: {'DataFrame-b2dad50a652743002914fd1975f7389e', 'ndarray-e4a60c677fc40c7d2e1b8acc8775c803'} (stimulus_id='handle-worker-cleanup-1729644328.602438')
Fitted
Pipeline(steps=[('iterativeimputer',
                 IterativeImputer(estimator=Ridge(), imputation_order='random',
                                  initial_strategy='constant',
                                  n_nearest_features=55)),
                ('histgradientboostingclassifier',
                 HistGradientBoostingClassifier(early_stopping=True,
                                                l2_regularization=0.0018761816656,
                                                learning_rate=0.0686610402002,
                                                max_features=0.1330232551932,
                                                max_leaf_nodes=646,
                                                min_samples_leaf=39,
                                                n_iter_no_change=17, tol=0.0001,
                                                validation_fraction=None))])
transform worked
try transform
transform worked
score start
train score: {'auroc': 0.9999129549962722, 'accuracy': 0.9949828527880097, 'balanced_accuracy': 0.9948813302606679, 'logloss': 0.024069369042339816, 'f1': 0.9944475708273016}
test score: {'auroc': 0.9955334071613142, 'accuracy': 0.9743459486918974, 'balanced_accuracy': 0.9728975552789687, 'logloss': 0.07459195154505767, 'f1': 0.9716552613945797}
original test score: {'auroc': 0.9989472544460275, 'accuracy': 0.9869189738379477, 'balanced_accuracy': 0.9851142278954701, 'logloss': 0.03669212527512771, 'f1': 0.9854976922018199}
score end
251
lvl
0.3
type
MCAR
num_run
2
class_full
finished
all finished
full run takes
19.765501757860182
hours
DONE
