Run: 41
/cm/local/apps/slurm/var/spool/job1037180/slurm_script: line 27: 
pip install -e tpot2
pip install -r tpot2/ImputerExperiments/requirements_.txt
: No such file or directory
RunStart
Version 0.1.7a0 of tpot2 is outdated. Version 0.1.8a0 was released Tuesday September 17, 2024.
starting loops
../data/c/881/881.pkl
working on 
../data/c/881/class_simple_MAR_0.01_2
1.1376821994781494
running experiment 1/3 - Does large hyperparameter space improve reconstruction accuracy over simple
[I 2024-11-01 18:55:32,796] A new study created in memory with name: no-name-94a5d46c-0d7b-40f5-8d57-361b48f00506
running
running
running
running
running
running
running
running
running
running
running
running
running
running
running
running
[I 2024-11-01 18:55:33,335] Trial 8 finished with value: 0.6414473921983871 and parameters: {'model_name': 'SimpleImputer', 'strategy': 'constant'}. Best is trial 8 with value: 0.6414473921983871.
running
[I 2024-11-01 18:55:33,567] Trial 5 finished with value: 0.6414473921983871 and parameters: {'model_name': 'SimpleImputer', 'strategy': 'constant'}. Best is trial 8 with value: 0.6414473921983871.
running
[I 2024-11-01 18:55:33,772] Trial 9 finished with value: 0.3500724273590861 and parameters: {'model_name': 'SimpleImputer', 'strategy': 'mean'}. Best is trial 9 with value: 0.3500724273590861.
running
[I 2024-11-01 18:55:33,905] Trial 0 finished with value: 0.40005759913990263 and parameters: {'model_name': 'SimpleImputer', 'strategy': 'median'}. Best is trial 9 with value: 0.3500724273590861.
running
[I 2024-11-01 18:55:34,033] Trial 4 finished with value: 0.3500724273590861 and parameters: {'model_name': 'SimpleImputer', 'strategy': 'mean'}. Best is trial 9 with value: 0.3500724273590861.
running
[I 2024-11-01 18:55:34,230] Trial 3 finished with value: 0.3500724273590861 and parameters: {'model_name': 'SimpleImputer', 'strategy': 'mean'}. Best is trial 9 with value: 0.3500724273590861.
[I 2024-11-01 18:55:34,353] Trial 7 finished with value: 0.3500724273590861 and parameters: {'model_name': 'SimpleImputer', 'strategy': 'mean'}. Best is trial 9 with value: 0.3500724273590861.
running
running
[I 2024-11-01 18:55:34,730] Trial 2 finished with value: 0.40005759913990263 and parameters: {'model_name': 'SimpleImputer', 'strategy': 'median'}. Best is trial 9 with value: 0.3500724273590861.
running
[I 2024-11-01 18:55:34,919] Trial 6 finished with value: 0.40005759913990263 and parameters: {'model_name': 'SimpleImputer', 'strategy': 'median'}. Best is trial 9 with value: 0.3500724273590861.
running
[I 2024-11-01 18:55:35,045] Trial 11 finished with value: 0.40005759913990263 and parameters: {'model_name': 'SimpleImputer', 'strategy': 'median'}. Best is trial 9 with value: 0.3500724273590861.
running
[I 2024-11-01 18:55:35,178] Trial 16 finished with value: 0.6414473921983871 and parameters: {'model_name': 'SimpleImputer', 'strategy': 'constant'}. Best is trial 9 with value: 0.3500724273590861.
running
[I 2024-11-01 18:55:35,330] Trial 15 finished with value: 0.40005759913990263 and parameters: {'model_name': 'SimpleImputer', 'strategy': 'median'}. Best is trial 9 with value: 0.3500724273590861.
[I 2024-11-01 18:55:35,459] Trial 13 finished with value: 0.40005759913990263 and parameters: {'model_name': 'SimpleImputer', 'strategy': 'median'}. Best is trial 9 with value: 0.3500724273590861.
running
running
[I 2024-11-01 18:55:35,642] Trial 10 finished with value: 0.5507065645617064 and parameters: {'model_name': 'SimpleImputer', 'strategy': 'most_frequent'}. Best is trial 9 with value: 0.3500724273590861.
[I 2024-11-01 18:55:35,780] Trial 19 finished with value: 0.6414473921983871 and parameters: {'model_name': 'SimpleImputer', 'strategy': 'constant'}. Best is trial 9 with value: 0.3500724273590861.
running
running
[I 2024-11-01 18:55:36,072] Trial 21 finished with value: 0.6414473921983871 and parameters: {'model_name': 'SimpleImputer', 'strategy': 'constant'}. Best is trial 9 with value: 0.3500724273590861.
running
[I 2024-11-01 18:55:36,338] Trial 14 finished with value: 0.5507065645617064 and parameters: {'model_name': 'SimpleImputer', 'strategy': 'most_frequent'}. Best is trial 9 with value: 0.3500724273590861.
running
[I 2024-11-01 18:55:36,470] Trial 12 finished with value: 0.5507065645617064 and parameters: {'model_name': 'SimpleImputer', 'strategy': 'most_frequent'}. Best is trial 9 with value: 0.3500724273590861.
running
[I 2024-11-01 18:55:36,605] Trial 17 finished with value: 0.40005759913990263 and parameters: {'model_name': 'SimpleImputer', 'strategy': 'median'}. Best is trial 9 with value: 0.3500724273590861.
running
[I 2024-11-01 18:55:36,850] Trial 1 finished with value: 0.5507065645617064 and parameters: {'model_name': 'SimpleImputer', 'strategy': 'most_frequent'}. Best is trial 9 with value: 0.3500724273590861.
running
[I 2024-11-01 18:55:36,977] Trial 26 finished with value: 0.3500724273590861 and parameters: {'model_name': 'SimpleImputer', 'strategy': 'mean'}. Best is trial 9 with value: 0.3500724273590861.
running
[I 2024-11-01 18:55:37,321] Trial 18 finished with value: 0.5507065645617064 and parameters: {'model_name': 'SimpleImputer', 'strategy': 'most_frequent'}. Best is trial 9 with value: 0.3500724273590861.
running
[I 2024-11-01 18:55:37,460] Trial 29 finished with value: 0.3500724273590861 and parameters: {'model_name': 'SimpleImputer', 'strategy': 'mean'}. Best is trial 9 with value: 0.3500724273590861.
running
[I 2024-11-01 18:55:37,619] Trial 30 finished with value: 0.3500724273590861 and parameters: {'model_name': 'SimpleImputer', 'strategy': 'mean'}. Best is trial 9 with value: 0.3500724273590861.
running
[I 2024-11-01 18:55:37,837] Trial 27 finished with value: 0.3500724273590861 and parameters: {'model_name': 'SimpleImputer', 'strategy': 'mean'}. Best is trial 9 with value: 0.3500724273590861.
running
[I 2024-11-01 18:55:38,018] Trial 31 finished with value: 0.3500724273590861 and parameters: {'model_name': 'SimpleImputer', 'strategy': 'mean'}. Best is trial 9 with value: 0.3500724273590861.
running
[I 2024-11-01 18:55:38,194] Trial 33 finished with value: 0.3500724273590861 and parameters: {'model_name': 'SimpleImputer', 'strategy': 'mean'}. Best is trial 9 with value: 0.3500724273590861.
running
[I 2024-11-01 18:55:38,379] Trial 20 finished with value: 0.5507065645617064 and parameters: {'model_name': 'SimpleImputer', 'strategy': 'most_frequent'}. Best is trial 9 with value: 0.3500724273590861.
[I 2024-11-01 18:55:38,496] Trial 22 finished with value: 0.5507065645617064 and parameters: {'model_name': 'SimpleImputer', 'strategy': 'most_frequent'}. Best is trial 9 with value: 0.3500724273590861.
[I 2024-11-01 18:55:38,603] Trial 36 finished with value: 0.3500724273590861 and parameters: {'model_name': 'SimpleImputer', 'strategy': 'mean'}. Best is trial 9 with value: 0.3500724273590861.
running
running
running
[I 2024-11-01 18:55:38,798] Trial 32 finished with value: 0.3500724273590861 and parameters: {'model_name': 'SimpleImputer', 'strategy': 'mean'}. Best is trial 9 with value: 0.3500724273590861.
running
[I 2024-11-01 18:55:38,933] Trial 34 finished with value: 0.3500724273590861 and parameters: {'model_name': 'SimpleImputer', 'strategy': 'mean'}. Best is trial 9 with value: 0.3500724273590861.
running
[I 2024-11-01 18:55:39,131] Trial 35 finished with value: 0.3500724273590861 and parameters: {'model_name': 'SimpleImputer', 'strategy': 'mean'}. Best is trial 9 with value: 0.3500724273590861.
running
[I 2024-11-01 18:55:39,254] Trial 23 finished with value: 0.5507065645617064 and parameters: {'model_name': 'SimpleImputer', 'strategy': 'most_frequent'}. Best is trial 9 with value: 0.3500724273590861.
[I 2024-11-01 18:55:39,352] Trial 37 finished with value: 0.3500724273590861 and parameters: {'model_name': 'SimpleImputer', 'strategy': 'mean'}. Best is trial 9 with value: 0.3500724273590861.
running
running
[I 2024-11-01 18:55:39,583] Trial 38 finished with value: 0.3500724273590861 and parameters: {'model_name': 'SimpleImputer', 'strategy': 'mean'}. Best is trial 9 with value: 0.3500724273590861.
running
[I 2024-11-01 18:55:39,741] Trial 24 finished with value: 0.5507065645617064 and parameters: {'model_name': 'SimpleImputer', 'strategy': 'most_frequent'}. Best is trial 9 with value: 0.3500724273590861.
running
[I 2024-11-01 18:55:39,858] Trial 25 finished with value: 0.5507065645617064 and parameters: {'model_name': 'SimpleImputer', 'strategy': 'most_frequent'}. Best is trial 9 with value: 0.3500724273590861.
[I 2024-11-01 18:55:39,964] Trial 40 finished with value: 0.3500724273590861 and parameters: {'model_name': 'SimpleImputer', 'strategy': 'mean'}. Best is trial 9 with value: 0.3500724273590861.
running
[I 2024-11-01 18:55:40,086] Trial 39 finished with value: 0.3500724273590861 and parameters: {'model_name': 'SimpleImputer', 'strategy': 'mean'}. Best is trial 9 with value: 0.3500724273590861.
running
running
[I 2024-11-01 18:55:40,234] Trial 28 finished with value: 0.5507065645617064 and parameters: {'model_name': 'SimpleImputer', 'strategy': 'most_frequent'}. Best is trial 9 with value: 0.3500724273590861.
running
[I 2024-11-01 18:55:40,396] Trial 41 finished with value: 0.3500724273590861 and parameters: {'model_name': 'SimpleImputer', 'strategy': 'mean'}. Best is trial 9 with value: 0.3500724273590861.
running
[I 2024-11-01 18:55:40,554] Trial 42 finished with value: 0.3500724273590861 and parameters: {'model_name': 'SimpleImputer', 'strategy': 'mean'}. Best is trial 9 with value: 0.3500724273590861.
running
[I 2024-11-01 18:55:40,737] Trial 44 finished with value: 0.3500724273590861 and parameters: {'model_name': 'SimpleImputer', 'strategy': 'mean'}. Best is trial 9 with value: 0.3500724273590861.
running
[I 2024-11-01 18:55:40,868] Trial 45 finished with value: 0.3500724273590861 and parameters: {'model_name': 'SimpleImputer', 'strategy': 'mean'}. Best is trial 9 with value: 0.3500724273590861.
running
[I 2024-11-01 18:55:41,044] Trial 46 finished with value: 0.3500724273590861 and parameters: {'model_name': 'SimpleImputer', 'strategy': 'mean'}. Best is trial 9 with value: 0.3500724273590861.
running
[I 2024-11-01 18:55:41,235] Trial 48 finished with value: 0.3500724273590861 and parameters: {'model_name': 'SimpleImputer', 'strategy': 'mean'}. Best is trial 9 with value: 0.3500724273590861.
running
[I 2024-11-01 18:55:41,359] Trial 43 finished with value: 0.3500724273590861 and parameters: {'model_name': 'SimpleImputer', 'strategy': 'mean'}. Best is trial 9 with value: 0.3500724273590861.
running
[I 2024-11-01 18:55:41,486] Trial 50 finished with value: 0.3500724273590861 and parameters: {'model_name': 'SimpleImputer', 'strategy': 'mean'}. Best is trial 9 with value: 0.3500724273590861.
[I 2024-11-01 18:55:41,601] Trial 47 finished with value: 0.3500724273590861 and parameters: {'model_name': 'SimpleImputer', 'strategy': 'mean'}. Best is trial 9 with value: 0.3500724273590861.
running
[I 2024-11-01 18:55:41,701] Trial 49 finished with value: 0.3500724273590861 and parameters: {'model_name': 'SimpleImputer', 'strategy': 'mean'}. Best is trial 9 with value: 0.3500724273590861.
running
running
[I 2024-11-01 18:55:41,860] Trial 51 finished with value: 0.3500724273590861 and parameters: {'model_name': 'SimpleImputer', 'strategy': 'mean'}. Best is trial 9 with value: 0.3500724273590861.
running
[I 2024-11-01 18:55:42,017] Trial 54 finished with value: 0.3500724273590861 and parameters: {'model_name': 'SimpleImputer', 'strategy': 'mean'}. Best is trial 9 with value: 0.3500724273590861.
running
[I 2024-11-01 18:55:42,211] Trial 52 finished with value: 0.3500724273590861 and parameters: {'model_name': 'SimpleImputer', 'strategy': 'mean'}. Best is trial 9 with value: 0.3500724273590861.
running
[I 2024-11-01 18:55:42,372] Trial 57 finished with value: 0.3500724273590861 and parameters: {'model_name': 'SimpleImputer', 'strategy': 'mean'}. Best is trial 9 with value: 0.3500724273590861.
running
[I 2024-11-01 18:55:42,531] Trial 56 finished with value: 0.3500724273590861 and parameters: {'model_name': 'SimpleImputer', 'strategy': 'mean'}. Best is trial 9 with value: 0.3500724273590861.
[I 2024-11-01 18:55:42,638] Trial 53 finished with value: 0.3500724273590861 and parameters: {'model_name': 'SimpleImputer', 'strategy': 'mean'}. Best is trial 9 with value: 0.3500724273590861.
running
running
[I 2024-11-01 18:55:42,759] Trial 60 finished with value: 0.3500724273590861 and parameters: {'model_name': 'SimpleImputer', 'strategy': 'mean'}. Best is trial 9 with value: 0.3500724273590861.
running
[I 2024-11-01 18:55:42,904] Trial 55 finished with value: 0.3500724273590861 and parameters: {'model_name': 'SimpleImputer', 'strategy': 'mean'}. Best is trial 9 with value: 0.3500724273590861.
running
[I 2024-11-01 18:55:43,035] Trial 58 finished with value: 0.3500724273590861 and parameters: {'model_name': 'SimpleImputer', 'strategy': 'mean'}. Best is trial 9 with value: 0.3500724273590861.
[I 2024-11-01 18:55:43,142] Trial 59 finished with value: 0.3500724273590861 and parameters: {'model_name': 'SimpleImputer', 'strategy': 'mean'}. Best is trial 9 with value: 0.3500724273590861.
running
running
[I 2024-11-01 18:55:43,363] Trial 61 finished with value: 0.3500724273590861 and parameters: {'model_name': 'SimpleImputer', 'strategy': 'mean'}. Best is trial 9 with value: 0.3500724273590861.
running
[I 2024-11-01 18:55:43,595] Trial 62 finished with value: 0.3500724273590861 and parameters: {'model_name': 'SimpleImputer', 'strategy': 'mean'}. Best is trial 9 with value: 0.3500724273590861.
running
[I 2024-11-01 18:55:43,896] Trial 64 finished with value: 0.40005759913990263 and parameters: {'model_name': 'SimpleImputer', 'strategy': 'median'}. Best is trial 9 with value: 0.3500724273590861.
running
[I 2024-11-01 18:55:44,035] Trial 72 finished with value: 0.6414473921983871 and parameters: {'model_name': 'SimpleImputer', 'strategy': 'constant'}. Best is trial 9 with value: 0.3500724273590861.
[I 2024-11-01 18:55:44,141] Trial 71 finished with value: 0.6414473921983871 and parameters: {'model_name': 'SimpleImputer', 'strategy': 'constant'}. Best is trial 9 with value: 0.3500724273590861.
running
running
[I 2024-11-01 18:55:44,276] Trial 67 finished with value: 0.40005759913990263 and parameters: {'model_name': 'SimpleImputer', 'strategy': 'median'}. Best is trial 9 with value: 0.3500724273590861.
running
[I 2024-11-01 18:55:44,408] Trial 63 finished with value: 0.40005759913990263 and parameters: {'model_name': 'SimpleImputer', 'strategy': 'median'}. Best is trial 9 with value: 0.3500724273590861.
running
[I 2024-11-01 18:55:44,559] Trial 66 finished with value: 0.40005759913990263 and parameters: {'model_name': 'SimpleImputer', 'strategy': 'median'}. Best is trial 9 with value: 0.3500724273590861.
[I 2024-11-01 18:55:44,668] Trial 69 finished with value: 0.40005759913990263 and parameters: {'model_name': 'SimpleImputer', 'strategy': 'median'}. Best is trial 9 with value: 0.3500724273590861.
[I 2024-11-01 18:55:44,774] Trial 65 finished with value: 0.40005759913990263 and parameters: {'model_name': 'SimpleImputer', 'strategy': 'median'}. Best is trial 9 with value: 0.3500724273590861.
running
running
running
[I 2024-11-01 18:55:44,931] Trial 68 finished with value: 0.40005759913990263 and parameters: {'model_name': 'SimpleImputer', 'strategy': 'median'}. Best is trial 9 with value: 0.3500724273590861.
running
[I 2024-11-01 18:55:45,183] Trial 73 finished with value: 0.40005759913990263 and parameters: {'model_name': 'SimpleImputer', 'strategy': 'median'}. Best is trial 9 with value: 0.3500724273590861.
running
[I 2024-11-01 18:55:45,378] Trial 75 finished with value: 0.40005759913990263 and parameters: {'model_name': 'SimpleImputer', 'strategy': 'median'}. Best is trial 9 with value: 0.3500724273590861.
[I 2024-11-01 18:55:45,485] Trial 79 finished with value: 0.6414473921983871 and parameters: {'model_name': 'SimpleImputer', 'strategy': 'constant'}. Best is trial 9 with value: 0.3500724273590861.
[I 2024-11-01 18:55:45,591] Trial 76 finished with value: 0.40005759913990263 and parameters: {'model_name': 'SimpleImputer', 'strategy': 'median'}. Best is trial 9 with value: 0.3500724273590861.
running
[I 2024-11-01 18:55:45,702] Trial 74 finished with value: 0.40005759913990263 and parameters: {'model_name': 'SimpleImputer', 'strategy': 'median'}. Best is trial 9 with value: 0.3500724273590861.
running
running
running
[I 2024-11-01 18:55:45,906] Trial 70 finished with value: 0.40005759913990263 and parameters: {'model_name': 'SimpleImputer', 'strategy': 'median'}. Best is trial 9 with value: 0.3500724273590861.
running
[I 2024-11-01 18:55:46,045] Trial 77 finished with value: 0.40005759913990263 and parameters: {'model_name': 'SimpleImputer', 'strategy': 'median'}. Best is trial 9 with value: 0.3500724273590861.
running
[I 2024-11-01 18:55:46,183] Trial 83 finished with value: 0.3500724273590861 and parameters: {'model_name': 'SimpleImputer', 'strategy': 'mean'}. Best is trial 9 with value: 0.3500724273590861.
running
[I 2024-11-01 18:55:46,369] Trial 78 finished with value: 0.40005759913990263 and parameters: {'model_name': 'SimpleImputer', 'strategy': 'median'}. Best is trial 9 with value: 0.3500724273590861.
running
[I 2024-11-01 18:55:46,553] Trial 86 finished with value: 0.3500724273590861 and parameters: {'model_name': 'SimpleImputer', 'strategy': 'mean'}. Best is trial 9 with value: 0.3500724273590861.
running
[I 2024-11-01 18:55:46,669] Trial 82 finished with value: 0.40005759913990263 and parameters: {'model_name': 'SimpleImputer', 'strategy': 'median'}. Best is trial 9 with value: 0.3500724273590861.
[I 2024-11-01 18:55:46,769] Trial 84 finished with value: 0.3500724273590861 and parameters: {'model_name': 'SimpleImputer', 'strategy': 'mean'}. Best is trial 9 with value: 0.3500724273590861.
running
running
[I 2024-11-01 18:55:46,938] Trial 87 finished with value: 0.3500724273590861 and parameters: {'model_name': 'SimpleImputer', 'strategy': 'mean'}. Best is trial 9 with value: 0.3500724273590861.
running
[I 2024-11-01 18:55:47,115] Trial 89 finished with value: 0.3500724273590861 and parameters: {'model_name': 'SimpleImputer', 'strategy': 'mean'}. Best is trial 9 with value: 0.3500724273590861.
running
[I 2024-11-01 18:55:47,249] Trial 85 finished with value: 0.3500724273590861 and parameters: {'model_name': 'SimpleImputer', 'strategy': 'mean'}. Best is trial 9 with value: 0.3500724273590861.
[I 2024-11-01 18:55:47,365] Trial 80 finished with value: 0.40005759913990263 and parameters: {'model_name': 'SimpleImputer', 'strategy': 'median'}. Best is trial 9 with value: 0.3500724273590861.
running
running
[I 2024-11-01 18:55:47,555] Trial 88 finished with value: 0.3500724273590861 and parameters: {'model_name': 'SimpleImputer', 'strategy': 'mean'}. Best is trial 9 with value: 0.3500724273590861.
running
[I 2024-11-01 18:55:47,679] Trial 90 finished with value: 0.3500724273590861 and parameters: {'model_name': 'SimpleImputer', 'strategy': 'mean'}. Best is trial 9 with value: 0.3500724273590861.
running
[I 2024-11-01 18:55:47,821] Trial 91 finished with value: 0.3500724273590861 and parameters: {'model_name': 'SimpleImputer', 'strategy': 'mean'}. Best is trial 9 with value: 0.3500724273590861.
running
[I 2024-11-01 18:55:47,938] Trial 81 finished with value: 0.40005759913990263 and parameters: {'model_name': 'SimpleImputer', 'strategy': 'median'}. Best is trial 9 with value: 0.3500724273590861.
[I 2024-11-01 18:55:48,034] Trial 92 finished with value: 0.3500724273590861 and parameters: {'model_name': 'SimpleImputer', 'strategy': 'mean'}. Best is trial 9 with value: 0.3500724273590861.
[I 2024-11-01 18:55:48,036] Trial 93 finished with value: 0.3500724273590861 and parameters: {'model_name': 'SimpleImputer', 'strategy': 'mean'}. Best is trial 9 with value: 0.3500724273590861.
running
running
running
[I 2024-11-01 18:55:48,373] Trial 94 finished with value: 0.3500724273590861 and parameters: {'model_name': 'SimpleImputer', 'strategy': 'mean'}. Best is trial 9 with value: 0.3500724273590861.
running
[I 2024-11-01 18:55:48,605] Trial 95 finished with value: 0.3500724273590861 and parameters: {'model_name': 'SimpleImputer', 'strategy': 'mean'}. Best is trial 9 with value: 0.3500724273590861.
running
[I 2024-11-01 18:55:48,752] Trial 97 finished with value: 0.3500724273590861 and parameters: {'model_name': 'SimpleImputer', 'strategy': 'mean'}. Best is trial 9 with value: 0.3500724273590861.
running
[I 2024-11-01 18:55:48,870] Trial 96 finished with value: 0.3500724273590861 and parameters: {'model_name': 'SimpleImputer', 'strategy': 'mean'}. Best is trial 9 with value: 0.3500724273590861.
running
[I 2024-11-01 18:55:48,993] Trial 98 finished with value: 0.3500724273590861 and parameters: {'model_name': 'SimpleImputer', 'strategy': 'mean'}. Best is trial 9 with value: 0.3500724273590861.
running
[I 2024-11-01 18:55:49,155] Trial 100 finished with value: 0.3500724273590861 and parameters: {'model_name': 'SimpleImputer', 'strategy': 'mean'}. Best is trial 9 with value: 0.3500724273590861.
running
[I 2024-11-01 18:55:49,318] Trial 102 finished with value: 0.3500724273590861 and parameters: {'model_name': 'SimpleImputer', 'strategy': 'mean'}. Best is trial 9 with value: 0.3500724273590861.
running
[I 2024-11-01 18:55:49,463] Trial 104 finished with value: 0.3500724273590861 and parameters: {'model_name': 'SimpleImputer', 'strategy': 'mean'}. Best is trial 9 with value: 0.3500724273590861.
[I 2024-11-01 18:55:49,571] Trial 99 finished with value: 0.3500724273590861 and parameters: {'model_name': 'SimpleImputer', 'strategy': 'mean'}. Best is trial 9 with value: 0.3500724273590861.
running
running
[I 2024-11-01 18:55:49,731] Trial 105 finished with value: 0.3500724273590861 and parameters: {'model_name': 'SimpleImputer', 'strategy': 'mean'}. Best is trial 9 with value: 0.3500724273590861.
[I 2024-11-01 18:55:49,847] Trial 101 finished with value: 0.3500724273590861 and parameters: {'model_name': 'SimpleImputer', 'strategy': 'mean'}. Best is trial 9 with value: 0.3500724273590861.
running
running
[I 2024-11-01 18:55:50,088] Trial 103 finished with value: 0.3500724273590861 and parameters: {'model_name': 'SimpleImputer', 'strategy': 'mean'}. Best is trial 9 with value: 0.3500724273590861.
[I 2024-11-01 18:55:50,211] Trial 109 finished with value: 0.3500724273590861 and parameters: {'model_name': 'SimpleImputer', 'strategy': 'mean'}. Best is trial 9 with value: 0.3500724273590861.
running
[I 2024-11-01 18:55:50,337] Trial 106 finished with value: 0.3500724273590861 and parameters: {'model_name': 'SimpleImputer', 'strategy': 'mean'}. Best is trial 9 with value: 0.3500724273590861.
running
running
[I 2024-11-01 18:55:50,484] Trial 107 finished with value: 0.3500724273590861 and parameters: {'model_name': 'SimpleImputer', 'strategy': 'mean'}. Best is trial 9 with value: 0.3500724273590861.
running
[I 2024-11-01 18:55:50,682] Trial 110 finished with value: 0.3500724273590861 and parameters: {'model_name': 'SimpleImputer', 'strategy': 'mean'}. Best is trial 9 with value: 0.3500724273590861.
running
[I 2024-11-01 18:55:50,874] Trial 108 finished with value: 0.3500724273590861 and parameters: {'model_name': 'SimpleImputer', 'strategy': 'mean'}. Best is trial 9 with value: 0.3500724273590861.
running
[I 2024-11-01 18:55:51,452] Trial 118 finished with value: 0.3500724273590861 and parameters: {'model_name': 'SimpleImputer', 'strategy': 'mean'}. Best is trial 9 with value: 0.3500724273590861.
running
[I 2024-11-01 18:55:51,586] Trial 113 finished with value: 0.3500724273590861 and parameters: {'model_name': 'SimpleImputer', 'strategy': 'mean'}. Best is trial 9 with value: 0.3500724273590861.
running
[I 2024-11-01 18:55:51,982] Trial 121 finished with value: 0.3500724273590861 and parameters: {'model_name': 'SimpleImputer', 'strategy': 'mean'}. Best is trial 9 with value: 0.3500724273590861.
running
[I 2024-11-01 18:55:52,528] Trial 115 finished with value: 0.5507065645617064 and parameters: {'model_name': 'SimpleImputer', 'strategy': 'most_frequent'}. Best is trial 9 with value: 0.3500724273590861.
running
[I 2024-11-01 18:55:52,787] Trial 112 finished with value: 0.5507065645617064 and parameters: {'model_name': 'SimpleImputer', 'strategy': 'most_frequent'}. Best is trial 9 with value: 0.3500724273590861.
running
[I 2024-11-01 18:55:52,969] Trial 111 finished with value: 0.5507065645617064 and parameters: {'model_name': 'SimpleImputer', 'strategy': 'most_frequent'}. Best is trial 9 with value: 0.3500724273590861.
running
[I 2024-11-01 18:55:53,108] Trial 117 finished with value: 0.5507065645617064 and parameters: {'model_name': 'SimpleImputer', 'strategy': 'most_frequent'}. Best is trial 9 with value: 0.3500724273590861.
[I 2024-11-01 18:55:53,229] Trial 114 finished with value: 0.5507065645617064 and parameters: {'model_name': 'SimpleImputer', 'strategy': 'most_frequent'}. Best is trial 9 with value: 0.3500724273590861.
running
running
[I 2024-11-01 18:55:53,414] Trial 116 finished with value: 0.5507065645617064 and parameters: {'model_name': 'SimpleImputer', 'strategy': 'most_frequent'}. Best is trial 9 with value: 0.3500724273590861.
running
[I 2024-11-01 18:55:53,604] Trial 120 finished with value: 0.5507065645617064 and parameters: {'model_name': 'SimpleImputer', 'strategy': 'most_frequent'}. Best is trial 9 with value: 0.3500724273590861.
running
[I 2024-11-01 18:55:53,900] Trial 119 finished with value: 0.5507065645617064 and parameters: {'model_name': 'SimpleImputer', 'strategy': 'most_frequent'}. Best is trial 9 with value: 0.3500724273590861.
running
[I 2024-11-01 18:55:54,039] Trial 122 finished with value: 0.5507065645617064 and parameters: {'model_name': 'SimpleImputer', 'strategy': 'most_frequent'}. Best is trial 9 with value: 0.3500724273590861.
[I 2024-11-01 18:55:54,139] Trial 123 finished with value: 0.5507065645617064 and parameters: {'model_name': 'SimpleImputer', 'strategy': 'most_frequent'}. Best is trial 9 with value: 0.3500724273590861.
running
running
[I 2024-11-01 18:55:54,431] Trial 125 finished with value: 0.5507065645617064 and parameters: {'model_name': 'SimpleImputer', 'strategy': 'most_frequent'}. Best is trial 9 with value: 0.3500724273590861.
running
[I 2024-11-01 18:55:54,600] Trial 132 finished with value: 0.6414473921983871 and parameters: {'model_name': 'SimpleImputer', 'strategy': 'constant'}. Best is trial 9 with value: 0.3500724273590861.
[I 2024-11-01 18:55:54,712] Trial 126 finished with value: 0.5507065645617064 and parameters: {'model_name': 'SimpleImputer', 'strategy': 'most_frequent'}. Best is trial 9 with value: 0.3500724273590861.
[I 2024-11-01 18:55:54,816] Trial 124 finished with value: 0.5507065645617064 and parameters: {'model_name': 'SimpleImputer', 'strategy': 'most_frequent'}. Best is trial 9 with value: 0.3500724273590861.
running
running
running
[I 2024-11-01 18:55:54,987] Trial 134 finished with value: 0.6414473921983871 and parameters: {'model_name': 'SimpleImputer', 'strategy': 'constant'}. Best is trial 9 with value: 0.3500724273590861.
running
[I 2024-11-01 18:55:55,139] Trial 127 finished with value: 0.5507065645617064 and parameters: {'model_name': 'SimpleImputer', 'strategy': 'most_frequent'}. Best is trial 9 with value: 0.3500724273590861.
[I 2024-11-01 18:55:55,261] Trial 131 finished with value: 0.3500724273590861 and parameters: {'model_name': 'SimpleImputer', 'strategy': 'mean'}. Best is trial 9 with value: 0.3500724273590861.
running
running
[I 2024-11-01 18:55:55,411] Trial 133 finished with value: 0.6414473921983871 and parameters: {'model_name': 'SimpleImputer', 'strategy': 'constant'}. Best is trial 9 with value: 0.3500724273590861.
running
[I 2024-11-01 18:55:55,552] Trial 135 finished with value: 0.3500724273590861 and parameters: {'model_name': 'SimpleImputer', 'strategy': 'mean'}. Best is trial 9 with value: 0.3500724273590861.
running
[I 2024-11-01 18:55:55,690] Trial 136 finished with value: 0.3500724273590861 and parameters: {'model_name': 'SimpleImputer', 'strategy': 'mean'}. Best is trial 9 with value: 0.3500724273590861.
running
[I 2024-11-01 18:55:55,869] Trial 139 finished with value: 0.6414473921983871 and parameters: {'model_name': 'SimpleImputer', 'strategy': 'constant'}. Best is trial 9 with value: 0.3500724273590861.
running
[I 2024-11-01 18:55:56,106] Trial 128 finished with value: 0.5507065645617064 and parameters: {'model_name': 'SimpleImputer', 'strategy': 'most_frequent'}. Best is trial 9 with value: 0.3500724273590861.
running
[I 2024-11-01 18:55:56,249] Trial 137 finished with value: 0.3500724273590861 and parameters: {'model_name': 'SimpleImputer', 'strategy': 'mean'}. Best is trial 9 with value: 0.3500724273590861.
running
[I 2024-11-01 18:55:56,487] Trial 145 finished with value: 0.3500724273590861 and parameters: {'model_name': 'SimpleImputer', 'strategy': 'mean'}. Best is trial 9 with value: 0.3500724273590861.
running
[I 2024-11-01 18:55:56,615] Trial 138 finished with value: 0.6414473921983871 and parameters: {'model_name': 'SimpleImputer', 'strategy': 'constant'}. Best is trial 9 with value: 0.3500724273590861.
[I 2024-11-01 18:55:56,727] Trial 142 finished with value: 0.3500724273590861 and parameters: {'model_name': 'SimpleImputer', 'strategy': 'mean'}. Best is trial 9 with value: 0.3500724273590861.
running
running
[I 2024-11-01 18:55:56,877] Trial 140 finished with value: 0.6414473921983871 and parameters: {'model_name': 'SimpleImputer', 'strategy': 'constant'}. Best is trial 9 with value: 0.3500724273590861.
[I 2024-11-01 18:55:56,989] Trial 143 finished with value: 0.3500724273590861 and parameters: {'model_name': 'SimpleImputer', 'strategy': 'mean'}. Best is trial 9 with value: 0.3500724273590861.
running
running
[I 2024-11-01 18:55:57,157] Trial 144 finished with value: 0.3500724273590861 and parameters: {'model_name': 'SimpleImputer', 'strategy': 'mean'}. Best is trial 9 with value: 0.3500724273590861.
running
[I 2024-11-01 18:55:57,289] Trial 146 finished with value: 0.3500724273590861 and parameters: {'model_name': 'SimpleImputer', 'strategy': 'mean'}. Best is trial 9 with value: 0.3500724273590861.
running
[I 2024-11-01 18:55:57,441] Trial 141 finished with value: 0.3500724273590861 and parameters: {'model_name': 'SimpleImputer', 'strategy': 'mean'}. Best is trial 9 with value: 0.3500724273590861.
[I 2024-11-01 18:55:57,574] Trial 129 finished with value: 0.5507065645617064 and parameters: {'model_name': 'SimpleImputer', 'strategy': 'most_frequent'}. Best is trial 9 with value: 0.3500724273590861.
running
running
[I 2024-11-01 18:55:57,713] Trial 149 finished with value: 0.3500724273590861 and parameters: {'model_name': 'SimpleImputer', 'strategy': 'mean'}. Best is trial 9 with value: 0.3500724273590861.
running
[I 2024-11-01 18:55:57,886] Trial 147 finished with value: 0.3500724273590861 and parameters: {'model_name': 'SimpleImputer', 'strategy': 'mean'}. Best is trial 9 with value: 0.3500724273590861.
[I 2024-11-01 18:55:57,994] Trial 130 finished with value: 0.5507065645617064 and parameters: {'model_name': 'SimpleImputer', 'strategy': 'most_frequent'}. Best is trial 9 with value: 0.3500724273590861.
running
running
[I 2024-11-01 18:55:58,152] Trial 150 finished with value: 0.3500724273590861 and parameters: {'model_name': 'SimpleImputer', 'strategy': 'mean'}. Best is trial 9 with value: 0.3500724273590861.
running
[I 2024-11-01 18:55:58,328] Trial 148 finished with value: 0.3500724273590861 and parameters: {'model_name': 'SimpleImputer', 'strategy': 'mean'}. Best is trial 9 with value: 0.3500724273590861.
running
[I 2024-11-01 18:55:58,482] Trial 151 finished with value: 0.3500724273590861 and parameters: {'model_name': 'SimpleImputer', 'strategy': 'mean'}. Best is trial 9 with value: 0.3500724273590861.
running
[I 2024-11-01 18:55:58,712] Trial 152 finished with value: 0.3500724273590861 and parameters: {'model_name': 'SimpleImputer', 'strategy': 'mean'}. Best is trial 9 with value: 0.3500724273590861.
running
[I 2024-11-01 18:55:58,845] Trial 154 finished with value: 0.3500724273590861 and parameters: {'model_name': 'SimpleImputer', 'strategy': 'mean'}. Best is trial 9 with value: 0.3500724273590861.
running
[I 2024-11-01 18:55:59,011] Trial 156 finished with value: 0.3500724273590861 and parameters: {'model_name': 'SimpleImputer', 'strategy': 'mean'}. Best is trial 9 with value: 0.3500724273590861.
[I 2024-11-01 18:55:59,118] Trial 158 finished with value: 0.3500724273590861 and parameters: {'model_name': 'SimpleImputer', 'strategy': 'mean'}. Best is trial 9 with value: 0.3500724273590861.
[I 2024-11-01 18:55:59,222] Trial 155 finished with value: 0.3500724273590861 and parameters: {'model_name': 'SimpleImputer', 'strategy': 'mean'}. Best is trial 9 with value: 0.3500724273590861.
running
running
[I 2024-11-01 18:55:59,343] Trial 153 finished with value: 0.3500724273590861 and parameters: {'model_name': 'SimpleImputer', 'strategy': 'mean'}. Best is trial 9 with value: 0.3500724273590861.
running
running
[I 2024-11-01 18:55:59,513] Trial 157 finished with value: 0.3500724273590861 and parameters: {'model_name': 'SimpleImputer', 'strategy': 'mean'}. Best is trial 9 with value: 0.3500724273590861.
running
[I 2024-11-01 18:55:59,666] Trial 159 finished with value: 0.3500724273590861 and parameters: {'model_name': 'SimpleImputer', 'strategy': 'mean'}. Best is trial 9 with value: 0.3500724273590861.
running
[I 2024-11-01 18:55:59,786] Trial 161 finished with value: 0.3500724273590861 and parameters: {'model_name': 'SimpleImputer', 'strategy': 'mean'}. Best is trial 9 with value: 0.3500724273590861.
running
[I 2024-11-01 18:55:59,934] Trial 160 finished with value: 0.3500724273590861 and parameters: {'model_name': 'SimpleImputer', 'strategy': 'mean'}. Best is trial 9 with value: 0.3500724273590861.
running
[I 2024-11-01 18:56:00,090] Trial 164 finished with value: 0.3500724273590861 and parameters: {'model_name': 'SimpleImputer', 'strategy': 'mean'}. Best is trial 9 with value: 0.3500724273590861.
running
[I 2024-11-01 18:56:00,224] Trial 165 finished with value: 0.3500724273590861 and parameters: {'model_name': 'SimpleImputer', 'strategy': 'mean'}. Best is trial 9 with value: 0.3500724273590861.
running
[I 2024-11-01 18:56:00,390] Trial 163 finished with value: 0.3500724273590861 and parameters: {'model_name': 'SimpleImputer', 'strategy': 'mean'}. Best is trial 9 with value: 0.3500724273590861.
running
[I 2024-11-01 18:56:00,505] Trial 162 finished with value: 0.3500724273590861 and parameters: {'model_name': 'SimpleImputer', 'strategy': 'mean'}. Best is trial 9 with value: 0.3500724273590861.
running
[I 2024-11-01 18:56:00,715] Trial 166 finished with value: 0.3500724273590861 and parameters: {'model_name': 'SimpleImputer', 'strategy': 'mean'}. Best is trial 9 with value: 0.3500724273590861.
running
[I 2024-11-01 18:56:00,939] Trial 167 finished with value: 0.3500724273590861 and parameters: {'model_name': 'SimpleImputer', 'strategy': 'mean'}. Best is trial 9 with value: 0.3500724273590861.
[I 2024-11-01 18:56:01,053] Trial 169 finished with value: 0.3500724273590861 and parameters: {'model_name': 'SimpleImputer', 'strategy': 'mean'}. Best is trial 9 with value: 0.3500724273590861.
running
running
[I 2024-11-01 18:56:01,206] Trial 170 finished with value: 0.3500724273590861 and parameters: {'model_name': 'SimpleImputer', 'strategy': 'mean'}. Best is trial 9 with value: 0.3500724273590861.
running
[I 2024-11-01 18:56:01,352] Trial 168 finished with value: 0.3500724273590861 and parameters: {'model_name': 'SimpleImputer', 'strategy': 'mean'}. Best is trial 9 with value: 0.3500724273590861.
running
[I 2024-11-01 18:56:01,520] Trial 174 finished with value: 0.3500724273590861 and parameters: {'model_name': 'SimpleImputer', 'strategy': 'mean'}. Best is trial 9 with value: 0.3500724273590861.
running
[I 2024-11-01 18:56:01,668] Trial 176 finished with value: 0.3500724273590861 and parameters: {'model_name': 'SimpleImputer', 'strategy': 'mean'}. Best is trial 9 with value: 0.3500724273590861.
running
[I 2024-11-01 18:56:01,799] Trial 171 finished with value: 0.3500724273590861 and parameters: {'model_name': 'SimpleImputer', 'strategy': 'mean'}. Best is trial 9 with value: 0.3500724273590861.
[I 2024-11-01 18:56:01,914] Trial 173 finished with value: 0.3500724273590861 and parameters: {'model_name': 'SimpleImputer', 'strategy': 'mean'}. Best is trial 9 with value: 0.3500724273590861.
[I 2024-11-01 18:56:02,015] Trial 175 finished with value: 0.3500724273590861 and parameters: {'model_name': 'SimpleImputer', 'strategy': 'mean'}. Best is trial 9 with value: 0.3500724273590861.
running
running
running
[I 2024-11-01 18:56:02,200] Trial 172 finished with value: 0.3500724273590861 and parameters: {'model_name': 'SimpleImputer', 'strategy': 'mean'}. Best is trial 9 with value: 0.3500724273590861.
running
[I 2024-11-01 18:56:02,378] Trial 178 finished with value: 0.3500724273590861 and parameters: {'model_name': 'SimpleImputer', 'strategy': 'mean'}. Best is trial 9 with value: 0.3500724273590861.
running
[I 2024-11-01 18:56:02,536] Trial 179 finished with value: 0.3500724273590861 and parameters: {'model_name': 'SimpleImputer', 'strategy': 'mean'}. Best is trial 9 with value: 0.3500724273590861.
[I 2024-11-01 18:56:02,654] Trial 180 finished with value: 0.3500724273590861 and parameters: {'model_name': 'SimpleImputer', 'strategy': 'mean'}. Best is trial 9 with value: 0.3500724273590861.
running
[I 2024-11-01 18:56:02,765] Trial 181 finished with value: 0.3500724273590861 and parameters: {'model_name': 'SimpleImputer', 'strategy': 'mean'}. Best is trial 9 with value: 0.3500724273590861.
running
running
[I 2024-11-01 18:56:02,909] Trial 182 finished with value: 0.3500724273590861 and parameters: {'model_name': 'SimpleImputer', 'strategy': 'mean'}. Best is trial 9 with value: 0.3500724273590861.
running
[I 2024-11-01 18:56:03,032] Trial 177 finished with value: 0.3500724273590861 and parameters: {'model_name': 'SimpleImputer', 'strategy': 'mean'}. Best is trial 9 with value: 0.3500724273590861.
running
[I 2024-11-01 18:56:03,227] Trial 184 finished with value: 0.3500724273590861 and parameters: {'model_name': 'SimpleImputer', 'strategy': 'mean'}. Best is trial 9 with value: 0.3500724273590861.
running
[I 2024-11-01 18:56:03,442] Trial 183 finished with value: 0.3500724273590861 and parameters: {'model_name': 'SimpleImputer', 'strategy': 'mean'}. Best is trial 9 with value: 0.3500724273590861.
[I 2024-11-01 18:56:03,568] Trial 188 finished with value: 0.3500724273590861 and parameters: {'model_name': 'SimpleImputer', 'strategy': 'mean'}. Best is trial 9 with value: 0.3500724273590861.
[I 2024-11-01 18:56:03,697] Trial 185 finished with value: 0.3500724273590861 and parameters: {'model_name': 'SimpleImputer', 'strategy': 'mean'}. Best is trial 9 with value: 0.3500724273590861.
[I 2024-11-01 18:56:03,821] Trial 187 finished with value: 0.3500724273590861 and parameters: {'model_name': 'SimpleImputer', 'strategy': 'mean'}. Best is trial 9 with value: 0.3500724273590861.
[I 2024-11-01 18:56:03,933] Trial 189 finished with value: 0.3500724273590861 and parameters: {'model_name': 'SimpleImputer', 'strategy': 'mean'}. Best is trial 9 with value: 0.3500724273590861.
[I 2024-11-01 18:56:04,056] Trial 186 finished with value: 0.3500724273590861 and parameters: {'model_name': 'SimpleImputer', 'strategy': 'mean'}. Best is trial 9 with value: 0.3500724273590861.
[I 2024-11-01 18:56:04,205] Trial 192 finished with value: 0.3500724273590861 and parameters: {'model_name': 'SimpleImputer', 'strategy': 'mean'}. Best is trial 9 with value: 0.3500724273590861.
[I 2024-11-01 18:56:04,316] Trial 191 finished with value: 0.3500724273590861 and parameters: {'model_name': 'SimpleImputer', 'strategy': 'mean'}. Best is trial 9 with value: 0.3500724273590861.
[I 2024-11-01 18:56:04,429] Trial 190 finished with value: 0.3500724273590861 and parameters: {'model_name': 'SimpleImputer', 'strategy': 'mean'}. Best is trial 9 with value: 0.3500724273590861.
[I 2024-11-01 18:56:04,561] Trial 193 finished with value: 0.3500724273590861 and parameters: {'model_name': 'SimpleImputer', 'strategy': 'mean'}. Best is trial 9 with value: 0.3500724273590861.
[I 2024-11-01 18:56:04,685] Trial 195 finished with value: 0.3500724273590861 and parameters: {'model_name': 'SimpleImputer', 'strategy': 'mean'}. Best is trial 9 with value: 0.3500724273590861.
[I 2024-11-01 18:56:04,805] Trial 197 finished with value: 0.3500724273590861 and parameters: {'model_name': 'SimpleImputer', 'strategy': 'mean'}. Best is trial 9 with value: 0.3500724273590861.
[I 2024-11-01 18:56:04,937] Trial 199 finished with value: 0.3500724273590861 and parameters: {'model_name': 'SimpleImputer', 'strategy': 'mean'}. Best is trial 9 with value: 0.3500724273590861.
[I 2024-11-01 18:56:05,047] Trial 194 finished with value: 0.3500724273590861 and parameters: {'model_name': 'SimpleImputer', 'strategy': 'mean'}. Best is trial 9 with value: 0.3500724273590861.
[I 2024-11-01 18:56:05,161] Trial 198 finished with value: 0.3500724273590861 and parameters: {'model_name': 'SimpleImputer', 'strategy': 'mean'}. Best is trial 9 with value: 0.3500724273590861.
[I 2024-11-01 18:56:05,274] Trial 196 finished with value: 0.3500724273590861 and parameters: {'model_name': 'SimpleImputer', 'strategy': 'mean'}. Best is trial 9 with value: 0.3500724273590861.
fit
simple fit
simple transform
0    0
1    0
2    0
3    0
4    0
5    0
6    0
7    0
8    0
9    0
dtype: int64
0    0
1    0
2    0
3    0
4    0
5    0
6    0
7    0
8    0
9    0
dtype: int64
0.3500724273590861
{'model_name': 'SimpleImputer', 'strategy': 'mean'}
running experiment 2/3 - Does reconstruction give good automl predictions
Start est fit
Version 0.1.7a0 of tpot2 is outdated. Version 0.1.8a0 was released Tuesday September 17, 2024.
Version 0.1.7a0 of tpot2 is outdated. Version 0.1.8a0 was released Tuesday September 17, 2024.
Version 0.1.7a0 of tpot2 is outdated. Version 0.1.8a0 was released Tuesday September 17, 2024.
Version 0.1.7a0 of tpot2 is outdated. Version 0.1.8a0 was released Tuesday September 17, 2024.
Version 0.1.7a0 of tpot2 is outdated. Version 0.1.8a0 was released Tuesday September 17, 2024.
Version 0.1.7a0 of tpot2 is outdated. Version 0.1.8a0 was released Tuesday September 17, 2024.
Version 0.1.7a0 of tpot2 is outdated. Version 0.1.8a0 was released Tuesday September 17, 2024.
Version 0.1.7a0 of tpot2 is outdated. Version 0.1.8a0 was released Tuesday September 17, 2024.
Version 0.1.7a0 of tpot2 is outdated. Version 0.1.8a0 was released Tuesday September 17, 2024.
Version 0.1.7a0 of tpot2 is outdated. Version 0.1.8a0 was released Tuesday September 17, 2024.
Version 0.1.7a0 of tpot2 is outdated. Version 0.1.8a0 was released Tuesday September 17, 2024.
Version 0.1.7a0 of tpot2 is outdated. Version 0.1.8a0 was released Tuesday September 17, 2024.
Version 0.1.7a0 of tpot2 is outdated. Version 0.1.8a0 was released Tuesday September 17, 2024.
Version 0.1.7a0 of tpot2 is outdated. Version 0.1.8a0 was released Tuesday September 17, 2024.
Version 0.1.7a0 of tpot2 is outdated. Version 0.1.8a0 was released Tuesday September 17, 2024.
Version 0.1.7a0 of tpot2 is outdated. Version 0.1.8a0 was released Tuesday September 17, 2024.
  0%|          | 0/25 [00:00<?, ?it/s]Generation:   0%|          | 0/25 [00:00<?, ?it/s]Generation:  1
Best f1_score score: 0.9972928549247836
Generation:   4%|▍         | 1/25 [02:11<52:35, 131.47s/it]Generation:  2
Best f1_score score: 0.9976118627080119
Generation:   8%|▊         | 2/25 [06:22<1:17:27, 202.08s/it]Generation:  3
Best f1_score score: 0.9978661954781425
Generation:  12%|█▏        | 3/25 [07:22<50:09, 136.80s/it]  Generation:  4
Best f1_score score: 0.9978661954781425
Generation:  16%|█▌        | 4/25 [08:21<37:10, 106.20s/it]Generation:  5
Best f1_score score: 0.9978661954781425
Generation:  20%|██        | 5/25 [09:31<31:07, 93.35s/it] Generation:  6
Best f1_score score: 0.9978986101954185
Generation:  24%|██▍       | 6/25 [11:49<34:16, 108.26s/it]Generation:  7
Best f1_score score: 0.9978986101954185
Generation:  28%|██▊       | 7/25 [13:57<34:26, 114.79s/it]Generation:  8
Best f1_score score: 0.9978986101954185
Generation:  32%|███▏      | 8/25 [16:19<35:00, 123.58s/it]Generation:  9
Best f1_score score: 0.9978986101954185
Generation:  36%|███▌      | 9/25 [17:14<27:11, 101.94s/it]Generation:  10
Best f1_score score: 0.9978986101954185
Generation:  40%|████      | 10/25 [17:50<20:27, 81.83s/it]Generation:  11
Best f1_score score: 0.9978986101954185
Generation:  44%|████▍     | 11/25 [18:05<14:16, 61.14s/it]Generation:  12
Best f1_score score: 0.9978986101954185
Generation:  48%|████▊     | 12/25 [18:18<10:06, 46.62s/it]Generation:  13
Best f1_score score: 0.9978986101954185
Generation:  52%|█████▏    | 13/25 [19:50<12:04, 60.36s/it]Generation:  14
Best f1_score score: 0.9979933054241428
Generation:  56%|█████▌    | 14/25 [21:03<11:45, 64.17s/it]Generation:  15
Best f1_score score: 0.9979933054241428
Generation:  60%|██████    | 15/25 [21:57<10:11, 61.11s/it]Generation:  16
Best f1_score score: 0.9979933054241428
Generation:  64%|██████▍   | 16/25 [23:08<09:36, 64.06s/it]WARNING AN INDIVIDUAL TIMED OUT: 
 <tpot2.search_spaces.pipelines.sequential.SequentialPipelineIndividual object at 0x15545b0a2cb0> 

Generation:  17
Best f1_score score: 0.9979933054241428
Generation:  68%|██████▊   | 17/25 [33:19<30:29, 228.63s/it]Generation:  18
Best f1_score score: 0.9979933054241428
Generation:  72%|███████▏  | 18/25 [34:33<21:14, 182.04s/it]Generation:  19
Best f1_score score: 0.9979933054241428
Generation:  76%|███████▌  | 19/25 [35:35<14:36, 146.10s/it]WARNING THIS INDIVIDUAL CAUSED AND EXCEPTION 
 <tpot2.search_spaces.pipelines.sequential.SequentialPipelineIndividual object at 0x155474d77310> 
 The 'min_samples_split' parameter of DecisionTreeClassifier must be an int in the range [2, inf) or a float in the range (0.0, 1.0]. Got 1 instead. 
 Traceback (most recent call last):
  File "/common/ketrong/tpotexp/tpot2/tpot2/utils/eval_utils.py", line 53, in objective_nan_wrapper
    value = func_timeout.func_timeout(timeout, objective_function, args=[individual], kwargs=objective_kwargs)
  File "/common/ketrong/tpotexp/env/lib/python3.10/site-packages/func_timeout/dafunc.py", line 108, in func_timeout
    raise_exception(exception)
  File "/common/ketrong/tpotexp/env/lib/python3.10/site-packages/func_timeout/py3_raise.py", line 7, in raise_exception
    raise exception[0] from None
  File "/common/ketrong/tpotexp/tpot2/tpot2/tpot_estimator/estimator.py", line 623, in objective_function
    return objective_function_generator(
  File "/common/ketrong/tpotexp/tpot2/tpot2/tpot_estimator/estimator_utils.py", line 55, in objective_function_generator
    cv_obj_scores = cross_val_score_objective(sklearn.base.clone(pipeline),x,y,scorers=scorers, cv=cv , fold=step)
  File "/common/ketrong/tpotexp/tpot2/tpot2/tpot_estimator/cross_val_utils.py", line 28, in cross_val_score_objective
    this_fold_pipeline.fit(X_train,y_train)
  File "/common/ketrong/tpotexp/env/lib/python3.10/site-packages/sklearn/base.py", line 1473, in wrapper
    return fit_method(estimator, *args, **kwargs)
  File "/common/ketrong/tpotexp/env/lib/python3.10/site-packages/sklearn/pipeline.py", line 473, in fit
    self._final_estimator.fit(Xt, y, **last_step_params["fit"])
  File "/common/ketrong/tpotexp/env/lib/python3.10/site-packages/sklearn/base.py", line 1466, in wrapper
    estimator._validate_params()
  File "/common/ketrong/tpotexp/env/lib/python3.10/site-packages/sklearn/base.py", line 666, in _validate_params
    validate_parameter_constraints(
  File "/common/ketrong/tpotexp/env/lib/python3.10/site-packages/sklearn/utils/_param_validation.py", line 95, in validate_parameter_constraints
    raise InvalidParameterError(
sklearn.utils._param_validation.InvalidParameterError: The 'min_samples_split' parameter of DecisionTreeClassifier must be an int in the range [2, inf) or a float in the range (0.0, 1.0]. Got 1 instead.

WARNING AN INDIVIDUAL TIMED OUT: 
 <tpot2.search_spaces.pipelines.sequential.SequentialPipelineIndividual object at 0x15545cca2ef0> 

Generation:  20
Best f1_score score: 0.9979933054241428
Generation:  80%|████████  | 20/25 [45:51<23:55, 287.15s/it]Generation:  21
Best f1_score score: 0.9979933054241428
Generation:  84%|████████▍ | 21/25 [48:47<16:55, 253.76s/it]Generation:  22
Best f1_score score: 0.9979933054241428
Generation:  88%|████████▊ | 22/25 [49:36<09:37, 192.36s/it]WARNING THIS INDIVIDUAL CAUSED AND EXCEPTION 
 <tpot2.search_spaces.pipelines.sequential.SequentialPipelineIndividual object at 0x15545d6449a0> 
 The 'min_samples_split' parameter of DecisionTreeClassifier must be an int in the range [2, inf) or a float in the range (0.0, 1.0]. Got 1 instead. 
 Traceback (most recent call last):
  File "/common/ketrong/tpotexp/tpot2/tpot2/utils/eval_utils.py", line 53, in objective_nan_wrapper
    value = func_timeout.func_timeout(timeout, objective_function, args=[individual], kwargs=objective_kwargs)
  File "/common/ketrong/tpotexp/env/lib/python3.10/site-packages/func_timeout/dafunc.py", line 108, in func_timeout
    raise_exception(exception)
  File "/common/ketrong/tpotexp/env/lib/python3.10/site-packages/func_timeout/py3_raise.py", line 7, in raise_exception
    raise exception[0] from None
  File "/common/ketrong/tpotexp/tpot2/tpot2/tpot_estimator/estimator.py", line 623, in objective_function
    return objective_function_generator(
  File "/common/ketrong/tpotexp/tpot2/tpot2/tpot_estimator/estimator_utils.py", line 55, in objective_function_generator
    cv_obj_scores = cross_val_score_objective(sklearn.base.clone(pipeline),x,y,scorers=scorers, cv=cv , fold=step)
  File "/common/ketrong/tpotexp/tpot2/tpot2/tpot_estimator/cross_val_utils.py", line 28, in cross_val_score_objective
    this_fold_pipeline.fit(X_train,y_train)
  File "/common/ketrong/tpotexp/env/lib/python3.10/site-packages/sklearn/base.py", line 1473, in wrapper
    return fit_method(estimator, *args, **kwargs)
  File "/common/ketrong/tpotexp/env/lib/python3.10/site-packages/sklearn/pipeline.py", line 473, in fit
    self._final_estimator.fit(Xt, y, **last_step_params["fit"])
  File "/common/ketrong/tpotexp/env/lib/python3.10/site-packages/sklearn/base.py", line 1466, in wrapper
    estimator._validate_params()
  File "/common/ketrong/tpotexp/env/lib/python3.10/site-packages/sklearn/base.py", line 666, in _validate_params
    validate_parameter_constraints(
  File "/common/ketrong/tpotexp/env/lib/python3.10/site-packages/sklearn/utils/_param_validation.py", line 95, in validate_parameter_constraints
    raise InvalidParameterError(
sklearn.utils._param_validation.InvalidParameterError: The 'min_samples_split' parameter of DecisionTreeClassifier must be an int in the range [2, inf) or a float in the range (0.0, 1.0]. Got 1 instead.

Generation:  23
Best f1_score score: 0.9979933054241428
Generation:  92%|█████████▏| 23/25 [49:56<04:41, 140.70s/it]Generation:  24
Best f1_score score: 0.9979933054241428
Generation:  96%|█████████▌| 24/25 [50:59<01:57, 117.13s/it]Generation:  25
Best f1_score score: 0.9979933054241428
Generation: 100%|██████████| 25/25 [52:11<00:00, 103.61s/it]Generation: 100%|██████████| 25/25 [52:15<00:00, 125.41s/it]
2024-11-01 19:48:27,126 - distributed.scheduler - ERROR - Removing worker 'tcp://127.0.0.1:43883' caused the cluster to lose scattered data, which can't be recovered: {'ndarray-16205b9c29c2cbd81f55a3a14ad321d1', 'ndarray-98b48494a78e4cef146fdf3ff5de2e2f'} (stimulus_id='handle-worker-cleanup-1730515707.1264808')
Fitted
Pipeline(steps=[('extratreesclassifier',
                 ExtraTreesClassifier(max_features=0.953201053185,
                                      min_samples_leaf=2, min_samples_split=3,
                                      n_jobs=1))])
score start
train score: {'auroc': 0.9999999999999999, 'accuracy': 1.0, 'balanced_accuracy': 1.0, 'logloss': 0.0021293915364163076, 'f1': 1.0}
original test score: {'auroc': 0.999987970674692, 'accuracy': 0.99803777287221, 'balanced_accuracy': 0.9978634668453048, 'logloss': 0.007671053717154916, 'f1': 0.9979614245727092}
imputed test score: {'auroc': 0.9977378619420892, 'accuracy': 0.9938680402256561, 'balanced_accuracy': 0.9933356287993921, 'logloss': 0.07673619409581611, 'f1': 0.9936269311477214}
score end
check intended
EXP2 Finished
running experiment 3/3 - What is the best automl settings?
<tpot2.search_spaces.pipelines.sequential.SequentialPipeline object at 0x15543504f9d0>
Start tpot fit
Version 0.1.7a0 of tpot2 is outdated. Version 0.1.8a0 was released Tuesday September 17, 2024.
Version 0.1.7a0 of tpot2 is outdated. Version 0.1.8a0 was released Tuesday September 17, 2024.
Version 0.1.7a0 of tpot2 is outdated. Version 0.1.8a0 was released Tuesday September 17, 2024.
Version 0.1.7a0 of tpot2 is outdated. Version 0.1.8a0 was released Tuesday September 17, 2024.
Version 0.1.7a0 of tpot2 is outdated. Version 0.1.8a0 was released Tuesday September 17, 2024.
Version 0.1.7a0 of tpot2 is outdated. Version 0.1.8a0 was released Tuesday September 17, 2024.
Version 0.1.7a0 of tpot2 is outdated. Version 0.1.8a0 was released Tuesday September 17, 2024.
Version 0.1.7a0 of tpot2 is outdated. Version 0.1.8a0 was released Tuesday September 17, 2024.
Version 0.1.7a0 of tpot2 is outdated. Version 0.1.8a0 was released Tuesday September 17, 2024.
Version 0.1.7a0 of tpot2 is outdated. Version 0.1.8a0 was released Tuesday September 17, 2024.
Version 0.1.7a0 of tpot2 is outdated. Version 0.1.8a0 was released Tuesday September 17, 2024.
Version 0.1.7a0 of tpot2 is outdated. Version 0.1.8a0 was released Tuesday September 17, 2024.
Version 0.1.7a0 of tpot2 is outdated. Version 0.1.8a0 was released Tuesday September 17, 2024.
Version 0.1.7a0 of tpot2 is outdated. Version 0.1.8a0 was released Tuesday September 17, 2024.
Version 0.1.7a0 of tpot2 is outdated. Version 0.1.8a0 was released Tuesday September 17, 2024.
Version 0.1.7a0 of tpot2 is outdated. Version 0.1.8a0 was released Tuesday September 17, 2024.
  0%|          | 0/25 [00:00<?, ?it/s]Generation:   0%|          | 0/25 [00:00<?, ?it/s]Generation:  1
Best f1_score score: 0.997356455664044
Generation:   4%|▍         | 1/25 [01:48<43:33, 108.91s/it]Generation:  2
Best f1_score score: 0.9975154366742357
Generation:   8%|▊         | 2/25 [05:55<1:12:51, 190.05s/it]Generation:  3
Best f1_score score: 0.9978024106937007
Generation:  12%|█▏        | 3/25 [11:46<1:36:34, 263.38s/it]Generation:  4
Best f1_score score: 0.9978024106937007
Generation:  16%|█▌        | 4/25 [14:19<1:16:59, 219.97s/it]Generation:  5
Best f1_score score: 0.9978024106937007
Generation:  20%|██        | 5/25 [15:10<53:02, 159.10s/it]  Generation:  6
Best f1_score score: 0.9978024106937007
Generation:  24%|██▍       | 6/25 [21:48<1:16:00, 240.00s/it]Generation:  7
Best f1_score score: 0.9978024106937007
Generation:  28%|██▊       | 7/25 [23:17<57:11, 190.65s/it]  Generation:  8
Best f1_score score: 0.9979617496275879
Generation:  32%|███▏      | 8/25 [23:29<37:57, 133.99s/it]Generation:  9
Best f1_score score: 0.9979617496275879
Generation:  36%|███▌      | 9/25 [24:06<27:35, 103.49s/it]Generation:  10
Best f1_score score: 0.9979617496275879
Generation:  40%|████      | 10/25 [27:32<33:47, 135.19s/it]Generation:  11
Best f1_score score: 0.9979617496275879
Generation:  44%|████▍     | 11/25 [28:12<24:44, 106.07s/it]WARNING THIS INDIVIDUAL CAUSED AND EXCEPTION 
 <tpot2.search_spaces.pipelines.sequential.SequentialPipelineIndividual object at 0x15545f921b10> 
 The 'min_samples_split' parameter of DecisionTreeClassifier must be an int in the range [2, inf) or a float in the range (0.0, 1.0]. Got 1 instead. 
 Traceback (most recent call last):
  File "/common/ketrong/tpotexp/tpot2/tpot2/utils/eval_utils.py", line 53, in objective_nan_wrapper
    value = func_timeout.func_timeout(timeout, objective_function, args=[individual], kwargs=objective_kwargs)
  File "/common/ketrong/tpotexp/env/lib/python3.10/site-packages/func_timeout/dafunc.py", line 108, in func_timeout
    raise_exception(exception)
  File "/common/ketrong/tpotexp/env/lib/python3.10/site-packages/func_timeout/py3_raise.py", line 7, in raise_exception
    raise exception[0] from None
  File "/common/ketrong/tpotexp/tpot2/tpot2/tpot_estimator/estimator.py", line 623, in objective_function
    return objective_function_generator(
  File "/common/ketrong/tpotexp/tpot2/tpot2/tpot_estimator/estimator_utils.py", line 55, in objective_function_generator
    cv_obj_scores = cross_val_score_objective(sklearn.base.clone(pipeline),x,y,scorers=scorers, cv=cv , fold=step)
  File "/common/ketrong/tpotexp/tpot2/tpot2/tpot_estimator/cross_val_utils.py", line 28, in cross_val_score_objective
    this_fold_pipeline.fit(X_train,y_train)
  File "/common/ketrong/tpotexp/env/lib/python3.10/site-packages/sklearn/base.py", line 1473, in wrapper
    return fit_method(estimator, *args, **kwargs)
  File "/common/ketrong/tpotexp/env/lib/python3.10/site-packages/sklearn/pipeline.py", line 473, in fit
    self._final_estimator.fit(Xt, y, **last_step_params["fit"])
  File "/common/ketrong/tpotexp/env/lib/python3.10/site-packages/sklearn/base.py", line 1466, in wrapper
    estimator._validate_params()
  File "/common/ketrong/tpotexp/env/lib/python3.10/site-packages/sklearn/base.py", line 666, in _validate_params
    validate_parameter_constraints(
  File "/common/ketrong/tpotexp/env/lib/python3.10/site-packages/sklearn/utils/_param_validation.py", line 95, in validate_parameter_constraints
    raise InvalidParameterError(
sklearn.utils._param_validation.InvalidParameterError: The 'min_samples_split' parameter of DecisionTreeClassifier must be an int in the range [2, inf) or a float in the range (0.0, 1.0]. Got 1 instead.

Generation:  12
Best f1_score score: 0.9982165364912831
Generation:  48%|████▊     | 12/25 [28:57<18:57, 87.51s/it] Generation:  13
Best f1_score score: 0.9982165364912831
Generation:  52%|█████▏    | 13/25 [29:57<15:50, 79.20s/it]Generation:  14
Best f1_score score: 0.9982165364912831
Generation:  56%|█████▌    | 14/25 [30:06<10:37, 57.94s/it]Generation:  15
Best f1_score score: 0.9982165364912831
Generation:  60%|██████    | 15/25 [31:39<11:26, 68.69s/it]Generation:  16
Best f1_score score: 0.9982165364912831
Generation:  64%|██████▍   | 16/25 [32:08<08:29, 56.57s/it]Generation:  17
Best f1_score score: 0.9982165364912831
Generation:  68%|██████▊   | 17/25 [33:57<09:40, 72.50s/it]Generation:  18
Best f1_score score: 0.9982165364912831
Generation:  72%|███████▏  | 18/25 [35:04<08:15, 70.80s/it]Generation:  19
Best f1_score score: 0.9982165364912831
Generation:  76%|███████▌  | 19/25 [36:00<06:36, 66.16s/it]Generation:  20
Best f1_score score: 0.9982165364912831
Generation:  80%|████████  | 20/25 [36:27<04:32, 54.59s/it]Generation:  21
Best f1_score score: 0.9982165364912831
Generation:  84%|████████▍ | 21/25 [37:28<03:45, 56.43s/it]Generation:  22
Best f1_score score: 0.9982165364912831
Generation:  88%|████████▊ | 22/25 [37:47<02:15, 45.24s/it]WARNING AN INDIVIDUAL TIMED OUT: 
 <tpot2.search_spaces.pipelines.sequential.SequentialPipelineIndividual object at 0x15545f8074f0> 

Generation:  23
Best f1_score score: 0.9982165364912831
Generation:  92%|█████████▏| 23/25 [47:50<07:05, 212.73s/it]Generation:  24
Best f1_score score: 0.9982165364912831
Generation:  96%|█████████▌| 24/25 [48:31<02:41, 161.00s/it]Generation:  25
Best f1_score score: 0.9982165364912831
Generation: 100%|██████████| 25/25 [53:26<00:00, 201.38s/it]Generation: 100%|██████████| 25/25 [53:26<00:00, 128.28s/it]
2024-11-01 20:42:04,488 - distributed.scheduler - ERROR - Removing worker 'tcp://127.0.0.1:35557' caused the cluster to lose scattered data, which can't be recovered: {'ndarray-16205b9c29c2cbd81f55a3a14ad321d1', 'DataFrame-3cf633137588390d6eafa977ddf0ec08'} (stimulus_id='handle-worker-cleanup-1730518924.4880743')
Fitted
Pipeline(steps=[('simpleimputer', SimpleImputer()),
                ('extratreesclassifier',
                 ExtraTreesClassifier(class_weight='balanced',
                                      criterion='entropy',
                                      max_features=0.9018847997064,
                                      min_samples_leaf=2, min_samples_split=3,
                                      n_jobs=1))])
transform worked
try transform
transform worked
score start
train score: {'auroc': 1.0, 'accuracy': 1.0, 'balanced_accuracy': 1.0, 'logloss': 0.0018279687259241289, 'f1': 1.0}
test score: {'auroc': 0.9977810737781955, 'accuracy': 0.9938680402256561, 'balanced_accuracy': 0.993483167693169, 'logloss': 0.0764866538384604, 'f1': 0.9936288230109223}
original test score: {'auroc': 0.9999854398296273, 'accuracy': 0.9981604120676968, 'balanced_accuracy': 0.9980646221604543, 'logloss': 0.0070425547199725975, 'f1': 0.9980891179697575}
score end
881
lvl
0.01
type
MAR
num_run
2
class_simple
finished
all finished
full run takes
1.7786020882924398
hours
DONE
