Run: 35
/cm/local/apps/slurm/var/spool/job1069296/slurm_script: line 27: 
pip install -e tpot2
pip install -r tpot2/ImputerExperiments/requirements_.txt
: No such file or directory
RunStart
Version 0.1.7a0 of tpot2 is outdated. Version 0.1.8a0 was released Tuesday September 17, 2024.
starting loops
../data/c/23517/23517.pkl
working on 
../data/c/23517/class_full_MNAR_0.3_2
1.3876585960388184
running experiment 1/3 - Does large hyperparameter space improve reconstruction accuracy over simple
[I 2024-11-22 20:24:02,611] A new study created in memory with name: no-name-7724371a-288d-4824-a8ac-43aadeaf9946
running
running
running
running
running
running
running
running
running
running
running
running
running
running
running
running
[I 2024-11-22 20:24:04,041] Trial 15 finished with value: 0.2816184062504946 and parameters: {'model_name': 'SimpleImputer', 'strategy': 'mean'}. Best is trial 15 with value: 0.2816184062504946.
running
[I 2024-11-22 20:24:05,752] Trial 13 finished with value: 0.5023955492611318 and parameters: {'model_name': 'SimpleImputer', 'strategy': 'most_frequent'}. Best is trial 15 with value: 0.2816184062504946.
running
[I 2024-11-22 20:24:06,042] Trial 5 finished with value: 0.3095954113196887 and parameters: {'model_name': 'SimpleImputer', 'strategy': 'median'}. Best is trial 15 with value: 0.2816184062504946.
running
[I 2024-11-22 20:24:06,561] Trial 17 finished with value: 0.5023955492611318 and parameters: {'model_name': 'SimpleImputer', 'strategy': 'constant'}. Best is trial 15 with value: 0.2816184062504946.
running
[I 2024-11-22 20:24:20,714] Trial 0 finished with value: 0.46397433115271836 and parameters: {'model_name': 'GAIN', 'batch_size': 2, 'hint_rate': 0.7126047987268549, 'alpha': 1, 'iterations': 2, 'learning_rate': 0.0008887007458223798, 'p_miss': 0.2190272794927772}. Best is trial 15 with value: 0.2816184062504946.
running
[I 2024-11-22 20:24:23,157] Trial 20 finished with value: 0.3095954113196887 and parameters: {'model_name': 'SimpleImputer', 'strategy': 'median'}. Best is trial 15 with value: 0.2816184062504946.
running
[I 2024-11-22 20:24:29,608] Trial 3 finished with value: 0.4586713061656121 and parameters: {'model_name': 'GAIN', 'batch_size': 922, 'hint_rate': 0.6434965470148042, 'alpha': 62, 'iterations': 3, 'learning_rate': 0.0010811841208741631, 'p_miss': 0.24424614182099771}. Best is trial 15 with value: 0.2816184062504946.
running
[I 2024-11-22 20:24:34,492] Trial 21 finished with value: 0.4810772100308759 and parameters: {'model_name': 'GAIN', 'batch_size': 25, 'hint_rate': 0.32331050704613545, 'alpha': 81, 'iterations': 1, 'learning_rate': 0.00024165815088824207, 'p_miss': 0.12215505019111546}. Best is trial 15 with value: 0.2816184062504946.
running
[I 2024-11-22 20:24:45,640] Trial 18 finished with value: 0.29537511370338154 and parameters: {'model_name': 'VAE', 'batch_size': 32, 'iterations': 29, 'learning_rate': 0.08384168404177895, 'p_miss': 0.23915162183796937}. Best is trial 15 with value: 0.2816184062504946.
running
[I 2024-11-22 20:25:11,110] Trial 4 finished with value: 0.29170527156521237 and parameters: {'model_name': 'VAE', 'batch_size': 89, 'iterations': 47, 'learning_rate': 0.01791367014575347, 'p_miss': 0.1539295557129315}. Best is trial 15 with value: 0.2816184062504946.
running
[I 2024-11-22 20:25:30,894] Trial 16 finished with value: 0.4721551513465584 and parameters: {'model_name': 'GAIN', 'batch_size': 4, 'hint_rate': 0.3210441362331852, 'alpha': 86, 'iterations': 116, 'learning_rate': 0.0010699162580838587, 'p_miss': 0.17164160909260154}. Best is trial 15 with value: 0.2816184062504946.
running
[I 2024-11-22 20:27:26,779] Trial 2 finished with value: 0.49313011335762746 and parameters: {'model_name': 'GAIN', 'batch_size': 360, 'hint_rate': 0.03384980610103107, 'alpha': 65, 'iterations': 123, 'learning_rate': 0.005024234231728809, 'p_miss': 0.26980187203548867}. Best is trial 15 with value: 0.2816184062504946.
running
[I 2024-11-22 20:27:28,392] Trial 10 finished with value: 0.2898159133602417 and parameters: {'model_name': 'VAE', 'batch_size': 21, 'iterations': 186, 'learning_rate': 0.0007232139529095827, 'p_miss': 0.12936701500403175}. Best is trial 15 with value: 0.2816184062504946.
running
[I 2024-11-22 20:27:37,886] Trial 14 finished with value: 0.22717791736129414 and parameters: {'model_name': 'IterativeImputer', 'estimator': 'Ridge', 'initial_strategy': 'mean', 'n_nearest_features': 15, 'imputation_order': 'random'}. Best is trial 14 with value: 0.22717791736129414.
running
[I 2024-11-22 20:27:47,542] Trial 11 finished with value: 0.25430383028712217 and parameters: {'model_name': 'IterativeImputer', 'estimator': 'Bayesian', 'initial_strategy': 'most_frequent', 'n_nearest_features': 3, 'imputation_order': 'roman', 'sample_posterior': False}. Best is trial 14 with value: 0.22717791736129414.
running
[I 2024-11-22 20:30:09,491] Trial 26 finished with value: 0.2276841494638684 and parameters: {'model_name': 'IterativeImputer', 'estimator': 'Ridge', 'initial_strategy': 'mean', 'n_nearest_features': 14, 'imputation_order': 'random'}. Best is trial 14 with value: 0.22717791736129414.
running
[I 2024-11-22 20:31:54,516] Trial 6 finished with value: 0.23897425312267057 and parameters: {'model_name': 'KNNImputer', 'n_neighbors': 678, 'weights': 'distance'}. Best is trial 14 with value: 0.22717791736129414.
running
[I 2024-11-22 20:33:25,289] Trial 29 finished with value: 0.22639826223559853 and parameters: {'model_name': 'IterativeImputer', 'estimator': 'Ridge', 'initial_strategy': 'mean', 'n_nearest_features': 16, 'imputation_order': 'random'}. Best is trial 29 with value: 0.22639826223559853.
running
[I 2024-11-22 20:34:46,009] Trial 12 finished with value: 0.28161840625049456 and parameters: {'model_name': 'KNNImputer', 'n_neighbors': 59928, 'weights': 'uniform'}. Best is trial 29 with value: 0.22639826223559853.
running
[I 2024-11-22 20:34:53,901] Trial 25 finished with value: 0.2534262188059692 and parameters: {'model_name': 'KNNImputer', 'n_neighbors': 11198, 'weights': 'uniform'}. Best is trial 29 with value: 0.22639826223559853.
running
[I 2024-11-22 20:35:04,569] Trial 19 finished with value: 0.28161840625049456 and parameters: {'model_name': 'KNNImputer', 'n_neighbors': 61272, 'weights': 'uniform'}. Best is trial 29 with value: 0.22639826223559853.
running
[I 2024-11-22 20:35:32,382] Trial 31 finished with value: 0.22639826223559853 and parameters: {'model_name': 'IterativeImputer', 'estimator': 'Ridge', 'initial_strategy': 'mean', 'n_nearest_features': 16, 'imputation_order': 'random'}. Best is trial 29 with value: 0.22639826223559853.
running
[I 2024-11-22 20:35:44,718] Trial 24 finished with value: 0.28161840625049456 and parameters: {'model_name': 'KNNImputer', 'n_neighbors': 69287, 'weights': 'uniform'}. Best is trial 29 with value: 0.22639826223559853.
running
[I 2024-11-22 20:36:17,576] Trial 1 finished with value: 0.256970370322284 and parameters: {'model_name': 'KNNImputer', 'n_neighbors': 19043, 'weights': 'distance'}. Best is trial 29 with value: 0.22639826223559853.
running
[I 2024-11-22 20:36:56,803] Trial 30 finished with value: 0.22919625748763525 and parameters: {'model_name': 'IterativeImputer', 'estimator': 'Bayesian', 'initial_strategy': 'mean', 'n_nearest_features': 13, 'imputation_order': 'roman', 'sample_posterior': False}. Best is trial 29 with value: 0.22639826223559853.
running
[I 2024-11-22 20:37:04,916] Trial 32 finished with value: 0.2260911480437653 and parameters: {'model_name': 'IterativeImputer', 'estimator': 'Ridge', 'initial_strategy': 'mean', 'n_nearest_features': 17, 'imputation_order': 'random'}. Best is trial 32 with value: 0.2260911480437653.
running
[I 2024-11-22 20:37:13,687] Trial 33 finished with value: 0.22538163399255767 and parameters: {'model_name': 'IterativeImputer', 'estimator': 'Ridge', 'initial_strategy': 'mean', 'n_nearest_features': 20, 'imputation_order': 'random'}. Best is trial 33 with value: 0.22538163399255767.
running
slurmstepd: error: *** JOB 1069296 ON esplhpc-cp001 CANCELLED AT 2024-11-25T09:47:24 ***
slurmstepd: error: *** STEP 1069296.0 ON esplhpc-cp001 CANCELLED AT 2024-11-25T09:47:24 ***
